Mon Jul  9 22:54:17 2018

Tried aggregator 2 times.
MIP Presolve eliminated 2252 rows and 73 columns.
Aggregator did 144 substitutions.
Reduced MIP has 2069 rows, 820 columns, and 7832 nonzeros.
Reduced MIP has 820 binaries, 0 generals, 0 SOSs, and 0 indicators.
Presolve time = 0.02 sec. (10.80 ticks)
Probing time = 0.00 sec. (0.77 ticks)
Tried aggregator 1 time.
Presolve time = 0.00 sec. (3.59 ticks)
Probing time = 0.00 sec. (0.77 ticks)
Clique table members: 5035.
MIP emphasis: balance optimality and feasibility.
MIP search method: dynamic search.
Parallel mode: deterministic, using up to 32 threads.
Root relaxation solution time = 0.01 sec. (8.60 ticks)

        Nodes                                         Cuts/
   Node  Left     Objective  IInf  Best Integer    Best Bound    ItCnt     Gap

      0     0      369.0000   106                    369.0000      239         
      0     0      394.1429   159                    Cuts: 53      354         
      0     0      420.1000   172                    Cuts: 60      538         
      0     0      422.0000   143                    Cuts: 45      623         
      0     0      430.1071   176                    Cuts: 46      792         
      0     0      444.0312   183                    Cuts: 43      895         
      0     0      445.2500   158                    Cuts: 48      956         
      0     0      445.2500   168                    Cuts: 60      981         
      0     0      445.2500   142                    Cuts: 13      996         
      0     0      445.2500   160                    Cuts: 70     1023         
*     0+    0                         1468.0000      445.2500     1023   69.67%
Found incumbent of value 1468.000000 after 0.95 sec. (438.15 ticks)
*     0+    0                          967.0000      445.2500     1023   53.96%
Found incumbent of value 967.000000 after 1.33 sec. (501.11 ticks)
      0     2      445.2500   151      967.0000      445.2500     1023   53.96%
Elapsed time = 1.36 sec. (505.15 ticks, tree = 0.01 MB, solutions = 2)
     19    21      520.2826   163      967.0000      453.5455     3648   53.10%
                                                  Impl Bds: 5                  
*   540+  518                          898.0000      458.5862    52409   48.93%
                                                     Cuts: 17                  
Found incumbent of value 898.000000 after 2.37 sec. (871.26 ticks)
   1020   868      572.5000   105      898.0000      459.1000    77923   48.88%
                                                      Cuts: 3                  
*  1354  1112      integral     0      884.0000      459.1000    99086   48.07%
Found incumbent of value 884.000000 after 2.81 sec. (987.06 ticks)
*  2071+ 1635                          869.0000      459.1000   135693   47.17%
                                                     Cuts: 11                  
Found incumbent of value 869.000000 after 3.13 sec. (1034.05 ticks)
*  2682  2093      integral     0      786.0000      459.1000   166234   41.59%
Found incumbent of value 786.000000 after 3.28 sec. (1096.05 ticks)
   4640  3017      560.2500   131      786.0000      498.0000   282893   36.64%
                                                     Cuts: 30                  
   6505  4416      578.8667   132      786.0000      498.0000   387560   36.64%
   8653  5997      661.2500   134      786.0000      531.2000   502711   32.42%
                                                     Cuts: 19                  
  10946  7635      450.9582   199      786.0000      556.5000   628524   29.20%
  10948  7637      453.5043   206      786.0000      556.5000   629204   29.20%
  11036  7690      564.4667   172      786.0000      556.5000   643944   29.20%
                                                     Cuts: 14                  
Elapsed time = 10.45 sec. (4197.36 ticks, tree = 13.22 MB, solutions = 6)
  16409  9763      579.2143   142      786.0000      556.5000   951390   29.20%
                                                      Cuts: 5                  
  22540 11410      569.2692   183      786.0000      556.5000  1430028   29.20%
  27433 13066      773.2222   133      786.0000      556.5000  1835058   29.20%
                                                     Cuts: 13                  
  31676 15908      715.8500   130      786.0000      556.5000  2169091   29.20%
                                                      Cuts: 7                  
  38750 20519        cutoff            786.0000      556.5000  2737617   29.20%
                                                  ZeroHalf: 2                  
  45672 25009      771.6500    64      786.0000      556.5000  3233695   29.20%
                                                      Cuts: 4                  
  52488 29295      755.3333    83      786.0000      558.6212  3724530   28.93%
                                                      Cuts: 4                  
  59666 33611      679.9286   144      786.0000      569.7500  4255175   27.51%
                                                      Cuts: 5                  
  67216 38304      644.6857   124      786.0000      575.3000  4771379   26.81%
                                                      Cuts: 3                  
  74063 42315      696.3333   140      786.0000      582.6667  5273546   25.87%
Elapsed time = 34.57 sec. (13769.68 ticks, tree = 29.48 MB, solutions = 6)
  81724 46680      754.3750   160      786.0000      587.8750  5814757   25.21%
* 82634 47219      integral     0      781.0000      587.8750  5878225   24.73%
Found incumbent of value 781.000000 after 36.94 sec. (14728.31 ticks)
  89022 50173      755.7000   159      781.0000      594.5000  6331032   23.88%
  96143 53922      765.5000   135      781.0000      597.6667  6836133   23.47%
                                                      Cuts: 2                  
 103564 57890      756.5833   121      781.0000      604.2500  7309326   22.63%
                                                      Cuts: 4                  
 110259 61404      657.3333   185      781.0000      607.0000  7675759   22.28%
 117659 65053      778.0000   146      781.0000      609.7222  8188710   21.93%
                                                      Cuts: 2                  
*125309 68870      integral     0      773.0000      615.5000  8696549   20.38%
                                                    Covers: 2                  
Found incumbent of value 773.000000 after 51.03 sec. (20373.51 ticks)
 132067 69930      721.0000    70      773.0000      618.0000  9144227   20.05%
 139786 73380      692.6667    84      773.0000      622.6667  9660792   19.45%
                                                      Cuts: 8                  
Elapsed time = 55.26 sec. (22282.54 ticks, tree = 129.80 MB, solutions = 8)
Nodefile size = 1.95 MB (1.38 MB after compression)
 147270 76453      722.5000   110      773.0000      625.5000 10169347   19.08%
 155305 79850      708.6667   139      773.0000      630.5000 10691185   18.43%
                                                  ZeroHalf: 1                  
 162652 82834      724.4000   139      773.0000      632.6667 11178391   18.15%
 170728 86014      660.6250   146      773.0000      637.0000 11702062   17.59%
                                                      Cuts: 2                  
 178415 89080        cutoff            773.0000      639.0000 12179442   17.34%
 187058 92616        cutoff            773.0000      642.5833 12684352   16.87%
                                                      Cuts: 2                  
 195056 95761      700.5000    85      773.0000      644.6667 13159108   16.60%
                                                    Covers: 2                  
 204527 99704      767.3333    78      773.0000      648.0000 13687098   16.17%
                                                    Covers: 3                  
 213918 103568      758.5000    92      773.0000      650.0000 14177630   15.91%
 223336 107173        cutoff            773.0000      653.4167 14701305   15.47%
Elapsed time = 81.67 sec. (31851.00 ticks, tree = 146.45 MB, solutions = 8)
Nodefile size = 18.68 MB (13.03 MB after compression)
 232657 110709      718.6500   172      773.0000      656.2500 15192268   15.10%
                                                    Covers: 1                  
 241165 113879      753.0833    94      773.0000      657.7500 15630267   14.91%
                                                      Cuts: 4                  
 251295 117830      751.0000    70      773.0000      660.4167 16119261   14.56%
                                                      Cuts: 6                  
*258749 120593      integral     0      771.0000      662.0000 16492658   14.14%
Found incumbent of value 771.000000 after 91.77 sec. (35348.31 ticks)
*260906+120853                          768.0000      663.0000 16600388   13.67%
Found incumbent of value 768.000000 after 92.21 sec. (35684.54 ticks)
 267203 122216      718.9856   180      768.0000      664.0556 16898517   13.53%
                                                   MIRcuts: 1                  
 276470 125601        cutoff            768.0000      665.2857 17326868   13.37%
                                                    Covers: 1                  
 286495 129201      681.0000   129      768.0000      667.5000 17787175   13.09%
                                                      Cuts: 3                  
 297328 133032        cutoff            768.0000      669.6667 18260619   12.80%
                                                      Cuts: 7                  
 306950 136334      760.5000   143      768.0000      670.7500 18694328   12.66%
                                                    Covers: 5                  
 317254 139741      718.8889   116      768.0000      672.6667 19151124   12.41%
                                                    Covers: 1                  
Elapsed time = 106.40 sec. (41086.87 ticks, tree = 162.70 MB, solutions = 10)
Nodefile size = 35.03 MB (24.00 MB after compression)
 327770 143102      691.1667   131      768.0000      674.6667 19616089   12.15%
 338343 146653      724.6667    48      768.0000      676.6667 20056942   11.89%
 348668 150013      743.6667    38      768.0000      677.6111 20483292   11.77%
 360072 153951      727.2500    66      768.0000      679.3333 20925486   11.55%
                                                     Fract: 1                  
 370948 157179        cutoff            768.0000      681.0000 21363859   11.33%
 382247 160667        cutoff            768.0000      682.6667 21807249   11.11%
 393772 164107      714.3750   132      768.0000      684.3333 22258687   10.89%
                                                    Covers: 6                  
 405133 167677      762.6667    58      768.0000      685.6667 22676383   10.72%
                                                    Covers: 2                  
 417253 171567      732.8788   124      768.0000      687.0000 23108678   10.55%
 428245 174972      720.1833   107      768.0000      687.8000 23503033   10.44%
Elapsed time = 133.65 sec. (50644.58 ticks, tree = 183.59 MB, solutions = 10)
Nodefile size = 56.33 MB (37.53 MB after compression)
 440223 178656        cutoff            768.0000      689.0000 23921581   10.29%
                                                    Covers: 1                  
 452518 182594      700.0000    39      768.0000      690.2500 24333857   10.12%
 464269 186249      729.0000   101      768.0000      691.5000 24725267    9.96%
                                                  ZeroHalf: 1                  
 476590 189808      741.2000    57      768.0000      692.6667 25147719    9.81%
 490143 194318      729.3333   128      768.0000      693.9167 25569828    9.65%
*491474+194757                          765.0000      693.9167 25610901    9.29%
Found incumbent of value 765.000000 after 148.20 sec. (55434.57 ticks)
 502311 196102      749.0000   101      765.0000      695.0000 25952562    9.15%
                                                    Covers: 1                  
 515821 200064      696.9000    68      765.0000      696.0000 26359921    9.02%
 528474 203742      743.8333    85      765.0000      697.0000 26750958    8.89%
                                                    Covers: 1                  
 541397 207539      740.3333    77      765.0000      698.0000 27133729    8.76%
                                                    Covers: 1                  
 554414 211405      757.4000    78      765.0000      699.0000 27500417    8.63%
                                                    Covers: 1                  
Elapsed time = 161.37 sec. (60193.13 ticks, tree = 205.91 MB, solutions = 11)
Nodefile size = 77.76 MB (50.04 MB after compression)
 568656 215367      736.6863    65      765.0000      700.2000 27903150    8.47%
                                                      Cuts: 4                  
 581778 218715      701.9000   133      765.0000      701.0000 28279417    8.37%
 595286 222292        cutoff            765.0000      702.0000 28647081    8.24%
                                                  ZeroHalf: 1                  
 609583 226512      703.2000   124      765.0000      702.8333 29022654    8.13%
 623043 229761      744.0000    39      765.0000      703.6250 29405962    8.02%
 637009 233720      739.0000    38      765.0000      704.3000 29778674    7.93%
 650689 237300      709.5111   124      765.0000      705.3333 30134941    7.80%
                                                    Covers: 2                  
*660320 239910      integral     0      761.0000      705.6667 30373688    7.27%
                                                      Cuts: 2                  
Found incumbent of value 761.000000 after 184.20 sec. (67508.72 ticks)
 673565 240633      717.5833    94      761.0000      706.2500 30712271    7.19%
                                                    Covers: 3                  
 688142 244004        cutoff            761.0000      707.1667 31074433    7.07%
                                                    Covers: 4                  
Elapsed time = 190.41 sec. (69416.86 ticks, tree = 228.65 MB, solutions = 12)
Nodefile size = 100.95 MB (63.39 MB after compression)
 702934 247531      737.5000    93      761.0000      708.0000 31417040    6.96%
                                                    Covers: 2                  
 717244 250256      714.0000    37      761.0000      708.5000 31777180    6.90%
                                                    Covers: 1                  
 732651 253516        cutoff            761.0000      709.3333 32134206    6.79%
                                                    Covers: 1                  
 747438 256565      737.0000    69      761.0000      710.0000 32476635    6.70%
                                                      Cuts: 8                  
 761640 259300      719.8333    84      761.0000      710.5000 32821259    6.64%
                                                    Covers: 1                  
 776704 262000      713.1667    70      761.0000      711.3333 33173194    6.53%
                                                    Covers: 1                  
 791840 265252      742.2500    87      761.0000      712.0000 33500169    6.44%
 806781 267713      734.6538    70      761.0000      712.5000 33857929    6.37%
 821212 270339      749.7652   149      761.0000      713.0000 34193122    6.31%
 837097 273277      717.5000    62      761.0000      713.8333 34549425    6.20%
Elapsed time = 222.10 sec. (78966.96 ticks, tree = 249.62 MB, solutions = 12)
Nodefile size = 121.88 MB (75.40 MB after compression)
 852294 276124      717.5333   113      761.0000      714.2000 34879514    6.15%
 868275 278840        cutoff            761.0000      715.0000 35230123    6.04%
 883689 281200        cutoff            761.0000      715.3333 35572423    6.00%
 899819 283755      735.5000    71      761.0000      716.0000 35912901    5.91%
                                                    Covers: 1                  
 914271 285472      729.5500    82      761.0000      716.5000 36245613    5.85%
 930379 287923      726.1429    91      761.0000      717.0000 36587467    5.78%
                                                      Cuts: 3                  
 946249 290271      751.0833   133      761.0000      717.6667 36931057    5.69%
 962166 292508      732.8333    59      761.0000      718.0000 37266699    5.65%
 978561 294639      752.6667    92      761.0000      718.5833 37607298    5.57%
 1042706 302414      752.1667    76      761.0000      720.6000 38928930    5.31%
Elapsed time = 264.44 sec. (91379.71 ticks, tree = 269.56 MB, solutions = 12)
Nodefile size = 141.61 MB (87.36 MB after compression)
 1108422 308659      745.5000    33      761.0000      722.4000 40233853    5.07%
                                                    Covers: 2                  
 1175739 312442      731.5000    55      761.0000      724.0000 41532238    4.86%
                                                    Covers: 1                  
 1244261 314335      731.0000    20      761.0000      726.0000 42822757    4.60%
 1313438 315132        cutoff            761.0000      727.5000 44114197    4.40%
 1383571 313481      736.7609   148      761.0000      729.0000 45402636    4.20%
 1455079 310158        cutoff            761.0000      730.8333 46685879    3.96%
 1527900 305648      753.2500   132      761.0000      732.3333 47969348    3.77%
 1601491 297967      760.0000    30      761.0000      734.0000 49242851    3.55%
 1675298 287812      754.8333    69      761.0000      735.5000 50483530    3.35%
 1750093 275274      738.0000    37      761.0000      737.0000 51711151    3.15%
Elapsed time = 388.84 sec. (129550.47 ticks, tree = 241.13 MB, solutions = 12)
Nodefile size = 114.57 MB (73.99 MB after compression)
 1827199 259050        cutoff            761.0000      738.7500 52948372    2.92%
 1905653 239738      748.3333    79      761.0000      740.3333 54163569    2.72%
 1985921 217084      749.2500    42      761.0000      742.0000 55383807    2.50%
 2067950 190436        cutoff            761.0000      744.0227 56582182    2.23%
 2152372 157728        cutoff            761.0000      746.3333 57744401    1.93%
 2238931 118555      755.0000    31      761.0000      749.0000 58875143    1.58%
 2331190 67877        cutoff            761.0000      753.0000 59949850    1.05%

GUB cover cuts applied:  1
Clique cuts applied:  14
Cover cuts applied:  94
Mixed integer rounding cuts applied:  1
Zero-half cuts applied:  104
Gomory fractional cuts applied:  10

Root node processing (before b&c):
  Real time             =    1.28 sec. (463.09 ticks)
Parallel b&c, 32 threads:
  Real time             =  484.60 sec. (159204.59 ticks)
  Sync time (average)   =    1.73 sec.
  Wait time (average)   =    0.02 sec.
                          ------------
Total (root+branch&cut) =  485.88 sec. (159667.68 ticks)


Solution status: Optimal
Execution time: 486.0 sec
Gap: 0.00000
