Tue Jul 10 02:45:24 2018

Tried aggregator 2 times.
MIP Presolve eliminated 5328 rows and 97 columns.
Aggregator did 256 substitutions.
Reduced MIP has 4333 rows, 1412 columns, and 15944 nonzeros.
Reduced MIP has 1412 binaries, 0 generals, 0 SOSs, and 0 indicators.
Presolve time = 0.03 sec. (23.17 ticks)
Probing time = 0.00 sec. (1.05 ticks)
Tried aggregator 1 time.
Presolve time = 0.01 sec. (6.99 ticks)
Probing time = 0.00 sec. (1.05 ticks)
Clique table members: 6952.
MIP emphasis: balance optimality and feasibility.
MIP search method: dynamic search.
Parallel mode: deterministic, using up to 32 threads.
Root relaxation solution time = 0.08 sec. (21.82 ticks)

        Nodes                                         Cuts/
   Node  Left     Objective  IInf  Best Integer    Best Bound    ItCnt     Gap

      0     0      472.0000   142                    472.0000      397         
      0     0      544.0000   207                    Cuts: 91      778         
      0     0      551.3750   223                    Cuts: 87      993         
      0     0      555.5000   186                    Cuts: 60     1087         
      0     0      557.6154   231                    Cuts: 89     1190         
      0     0      558.6250   220                    Cuts: 36     1259         
      0     0      558.7500   196                    Cuts: 62     1295         
      0     0      558.7500   223                    Cuts: 61     1335         
      0     0      559.0147   246                    Cuts: 21     1412         
      0     0      559.4643   253                    Cuts: 32     1494         
      0     0      559.6901   254                    Cuts: 27     1548         
      0     0      559.7887   242                    Cuts: 38     1608         
      0     0      559.8713   256                    Cuts: 33     1668         
      0     0      559.8713   263                    Cuts: 34     1718         
*     0+    0                         1589.0000      559.8713     1718   64.77%
Found incumbent of value 1589.000000 after 1.82 sec. (1086.14 ticks)
      0     2      559.8713   244     1589.0000      559.8713     1718   64.77%
Elapsed time = 2.25 sec. (1210.31 ticks, tree = 0.01 MB, solutions = 1)
     10    12      613.5714   214     1589.0000      565.0833     5803   64.44%
                                                  Impl Bds: 6                  
     26    28      627.6607   215     1589.0000      565.0833    12311   64.44%
     67    69      807.6667   173     1589.0000      576.8810    22930   63.70%
                                                     Cuts: 10                  
    318   316      790.3750   224     1589.0000      576.8810    64601   63.70%
                                                     Cuts: 12                  
    538   524      777.6818   227     1589.0000      576.8810   101118   63.70%
*   857   824      integral     0     1288.0000      576.8810   132857   55.21%
Found incumbent of value 1288.000000 after 5.89 sec. (2553.27 ticks)
   1021   942      926.1667   179     1288.0000      576.8810   145520   55.21%
                                                     Cuts: 18                  
   1573  1447     1018.1333   220     1288.0000      576.8810   180857   55.21%
   2477  2191      608.0000   212     1288.0000      576.8810   243638   55.21%
                                                     Cuts: 25                  
*  3766  3338      integral     0     1254.0000      576.8810   325328   54.00%
Elapsed time = 8.41 sec. (3475.69 ticks, tree = 5.89 MB, solutions = 2)
Found incumbent of value 1254.000000 after 8.41 sec. (3475.69 ticks)
   6296  5538      863.5750   260     1254.0000      587.7000   475715   53.13%
                                                     Cuts: 16                  
*  6816  6035      integral     0     1248.0000      587.7000   506943   52.91%
Found incumbent of value 1248.000000 after 10.27 sec. (4440.06 ticks)
*  7342  6513      integral     0     1163.0000      587.7000   535516   49.47%
Found incumbent of value 1163.000000 after 10.27 sec. (4440.06 ticks)
*  7441  6600      integral     0     1159.0000      587.7000   540022   49.29%
Found incumbent of value 1159.000000 after 10.27 sec. (4440.06 ticks)
   7679  6083      565.2687   280     1159.0000      587.7000   559308   49.29%
   7690  6089      591.6786   238     1159.0000      587.7000   562034   49.29%
                                                 ZeroHalf: 13                  
   7723  6107      712.8333   231     1159.0000      587.7000   575095   49.29%
                                                      Cuts: 4                  
   8781  6678      677.6041   254     1159.0000      587.7000   709938   49.29%
                                                     Cuts: 14                  
  10226  7297      978.9677   258     1159.0000      587.7000   816524   49.29%
                                                     Cuts: 12                  
  12950  8533      920.7333   264     1159.0000      587.7000  1005760   49.29%
Elapsed time = 28.14 sec. (11590.28 ticks, tree = 113.88 MB, solutions = 6)
  16497 10291      835.4643   249     1159.0000      587.7000  1206379   49.29%
                                                  ZeroHalf: 4                  
  18574 11351        cutoff           1159.0000      587.7000  1332799   49.29%
  20257 12172      831.7500   245     1159.0000      615.4568  1436727   46.90%
  21439 12863     1017.7833   188     1159.0000      627.6667  1513357   45.84%
                                                  ZeroHalf: 4                  
  24118 15357     1003.1667   179     1159.0000      627.6667  1669221   45.84%
* 24639 15837      integral     0     1155.0000      627.6667  1695050   45.66%
Found incumbent of value 1155.000000 after 42.19 sec. (16431.08 ticks)
* 27676+18595                         1147.0000      627.6667  1851840   45.28%
Found incumbent of value 1147.000000 after 43.26 sec. (16735.29 ticks)
  28184 18924      989.5923   162     1147.0000      656.0000  1878084   42.81%
                                                      Cuts: 7                  
  32728 23042      829.2500   170     1147.0000      656.0000  2106959   42.81%
  35149 25231      967.9870   171     1147.0000      665.0000  2224693   42.02%
                                                     Cuts: 14                  
* 38913+28623                         1136.0000      665.0000  2417804   41.46%
Found incumbent of value 1136.000000 after 55.77 sec. (19898.23 ticks)
  39788 29396      884.0000   165     1136.0000      665.0000  2479936   41.46%
Elapsed time = 56.61 sec. (20960.33 ticks, tree = 903.82 MB, solutions = 8)
Nodefile size = 766.56 MB (595.06 MB after compression)
* 41349 30741      integral     0     1084.0000      665.0000  2575336   38.65%
Found incumbent of value 1084.000000 after 56.61 sec. (20960.33 ticks)
  43345 29317      775.0000   207     1084.0000      675.0000  2673650   37.73%
                                                  ZeroHalf: 3                  
* 46880 32413      integral     0     1083.0000      675.0000  2855220   37.67%
Found incumbent of value 1083.000000 after 60.46 sec. (22424.74 ticks)
  47511 32790     1027.8667   150     1083.0000      681.0486  2884708   37.11%
  52535 37212      857.7843   228     1083.0000      681.0486  3128054   37.11%
  53946 38421     1050.3333   134     1083.0000      687.5000  3198621   36.52%
                                                    Covers: 1                  
  58426 42329      889.5000   129     1083.0000      687.5000  3425235   36.52%
  60323 43962      776.5000   209     1083.0000      692.3750  3521462   36.07%
                                                      Cuts: 8                  
  63041 46378      923.1111   221     1083.0000      692.3750  3670374   36.07%
  67108 49904      795.1583   245     1083.0000      696.9693  3882921   35.64%
Elapsed time = 86.11 sec. (30243.87 ticks, tree = 1875.46 MB, solutions = 11)
Nodefile size = 1740.67 MB (1328.19 MB after compression)
  71599 53818     1043.3333   108     1083.0000      701.2500  4106059   35.25%
                                                  ZeroHalf: 1                  
* 72628+54731                         1048.0000      701.2500  4156210   33.09%
Found incumbent of value 1048.000000 after 92.07 sec. (31300.20 ticks)
* 72767+54837                          979.0000      701.2500  4161500   28.37%
Found incumbent of value 979.000000 after 92.14 sec. (31481.28 ticks)
  75263 56997     1004.3636   125      979.0000      701.2500  4283123   28.37%
  77473 37944      942.8667   162      979.0000      704.1500  4422459   28.07%
  81221 40857      913.5857   118      979.0000      708.0000  4660509   27.68%
                                                      Cuts: 3                  
  84667 43466      749.3333   227      979.0000      708.0000  4909787   27.68%
  85951 44418      846.7917   226      979.0000      712.8750  5014151   27.18%
                                                      Cuts: 2                  
  88310 46189      948.5000   186      979.0000      712.8750  5208971   27.18%
  91132 48403      761.6667   195      979.0000      715.7143  5391756   26.89%
                                                  ZeroHalf: 2                  
  94373 50913      891.6000   117      979.0000      719.7333  5596394   26.48%
  98127 53760      783.0625   209      979.0000      719.7333  5848095   26.48%
Elapsed time = 118.19 sec. (40818.02 ticks, tree = 1974.99 MB, solutions = 13)
Nodefile size = 1835.70 MB (1378.32 MB after compression)
  98920 54347        cutoff            979.0000      722.4167  5902644   26.21%
                                                  ZeroHalf: 1                  
 102248 56892      956.6667   108      979.0000      722.4167  6107367   26.21%
 104441 58573      910.5833   161      979.0000      725.1385  6248390   25.93%
                                                      Cuts: 2                  
 107474 60831      824.1667   206      979.0000      725.1385  6457714   25.93%
 109767 62531      847.5000   217      979.0000      727.7667  6622746   25.66%
*109856+62608                          978.0000      727.7667  6629285   25.59%
Found incumbent of value 978.000000 after 133.30 sec. (45363.16 ticks)
 113065 64793      932.4792   177      978.0000      731.1071  6834768   25.24%
 116550 67381      854.7500   124      978.0000      731.1071  7104481   25.24%
 118209 68601      812.7500   193      978.0000      734.0000  7217547   24.95%
 121251 70832        cutoff            978.0000      736.5000  7429735   24.69%
                                                  ZeroHalf: 2                  
 125836 74276      898.8333   185      978.0000      736.5000  7725032   24.69%
Elapsed time = 148.88 sec. (51051.30 ticks, tree = 2890.18 MB, solutions = 14)
Nodefile size = 2749.47 MB (2055.47 MB after compression)
 126997 75122      942.3333   213      978.0000      739.0060  7802657   24.44%
 129653 77047      915.8333   147      978.0000      739.0060  7977867   24.44%
 131606 78465      823.5000   222      978.0000      740.9167  8111251   24.24%
 135350 81287      962.0800   178      978.0000      740.9167  8346300   24.24%
 137730 83049      777.5833   216      978.0000      743.2500  8490983   24.00%
 141189 85563      925.0000   124      978.0000      743.2500  8725642   24.00%
 142360 86429      954.1905   152      978.0000      745.2424  8806142   23.80%
                                                    Covers: 1                  
 145809 88986      918.7222   147      978.0000      745.2424  9040979   23.80%
 148138 90676      784.6667   193      978.0000      747.0252  9207192   23.62%
                                                      Cuts: 5                  
 150885 92667      875.5833   182      978.0000      748.9355  9396316   23.42%
Elapsed time = 178.23 sec. (60655.03 ticks, tree = 3854.05 MB, solutions = 14)
Nodefile size = 3720.55 MB (2772.02 MB after compression)
 153989 94908      856.3048   199      978.0000      748.9355  9606173   23.42%
 155835 96246      976.5000   152      978.0000      750.7500  9742739   23.24%
 157819 97672      902.4583   207      978.0000      750.7500  9907622   23.24%
 161257 100138      937.6429   163      978.0000      752.2500 10156715   23.08%
                                                  ZeroHalf: 1                  
 164519 102520      833.3333   214      978.0000      754.0000 10371517   22.90%
                                                  ZeroHalf: 1                  
 168871 105706      826.5104   224      978.0000      754.0000 10633430   22.90%
 170568 106959      839.2500   174      978.0000      756.0000 10737921   22.70%
 172744 108513      774.5500   191      978.0000      756.0000 10904996   22.70%
 175781 110702      874.6667   151      978.0000      757.3333 11131533   22.56%
 179437 113340      904.9500   158      978.0000      759.0000 11360655   22.39%
Elapsed time = 208.73 sec. (70889.37 ticks, tree = 4650.71 MB, solutions = 14)
Nodefile size = 4516.22 MB (3346.91 MB after compression)
 182733 115734      835.7500   203      978.0000      759.0000 11566709   22.39%
 185496 117757      817.0000   126      978.0000      760.8406 11731219   22.20%
 187832 119452      944.3212   219      978.0000      760.8406 11923848   22.20%
 190822 121599      812.8902   214      978.0000      762.0000 12138728   22.09%
 195233 124816      900.1468   200      978.0000      763.6667 12404849   21.92%
 198049 126859      871.9306   225      978.0000      763.6667 12588807   21.92%
 200378 128547      822.8000   190      978.0000      765.1667 12735216   21.76%
                                                    Covers: 1                  
 205035 131929      922.1818   185      978.0000      765.1667 13015382   21.76%
*205410+132213                          971.0000      765.1667 13035495   21.20%
Found incumbent of value 971.000000 after 233.56 sec. (78858.58 ticks)
 206368 131142      933.1429   108      971.0000      766.8125 13096759   21.03%
                                                      Cuts: 2                  
 209151 133045      838.8333   181      971.0000      766.8125 13316138   21.03%
Elapsed time = 239.59 sec. (80982.02 ticks, tree = 5461.97 MB, solutions = 15)
Nodefile size = 5327.28 MB (3930.83 MB after compression)
 211096 134355      941.6485   141      971.0000      767.9167 13473704   20.91%
                                                    Covers: 3                  
 214885 136938      866.1111   178      971.0000      769.3125 13724352   20.77%
                                                    Covers: 2                  
 219109 139883      878.2125   237      971.0000      769.3125 13998801   20.77%
 220779 141039        cutoff            971.0000      770.6667 14103813   20.63%
 223900 143139      949.3333   145      971.0000      770.6667 14363915   20.63%
 225799 144421      901.6111   214      971.0000      771.6250 14500985   20.53%
 229381 146846      825.3333   133      971.0000      773.0000 14735707   20.39%
 233701 149871      946.1905   272      971.0000      773.0000 15001397   20.39%
 235415 151047      866.5000   160      971.0000      774.2500 15106931   20.26%
 246851 158870      948.7381   157      971.0000      776.5000 16042804   20.03%
Elapsed time = 277.70 sec. (94214.29 ticks, tree = 6383.90 MB, solutions = 15)
Nodefile size = 6248.94 MB (4594.06 MB after compression)
 261715 169077    infeasible            971.0000      780.0000 17499037   19.67%
                                                  ZeroHalf: 1                  
 274719 177765      795.5000   219      971.0000      782.0873 18812162   19.46%
 288461 186971      918.0167   179      971.0000      785.1667 20192671   19.14%
                                                  ZeroHalf: 1                  
 303510 197185      910.9855   221      971.0000      787.4000 21625252   18.91%
 318457 206993      933.8333   193      971.0000      790.1364 23066258   18.63%
 333614 217076      901.5000   182      971.0000      792.8333 24478559   18.35%
 348376 226994      844.1083   209      971.0000      794.5000 25814068   18.18%
 364140 237538      873.2870   238      971.0000      796.8750 27218531   17.93%
 380973 248760      859.3333   165      971.0000      799.0833 28731346   17.71%
 395821 258659      934.5193   155      971.0000      800.5000 30024094   17.56%
Elapsed time = 376.37 sec. (132473.02 ticks, tree = 5635.54 MB, solutions = 15)
Nodefile size = 5506.27 MB (4043.01 MB after compression)
 413373 270560      881.5364   251      971.0000      802.5000 31449796   17.35%
 430502 281974      896.9643   260      971.0000      804.3333 32842232   17.16%
 445587 291913      944.0000   146      971.0000      805.4167 34104590   17.05%
 461436 302392      941.6667   145      971.0000      807.1429 35425248   16.88%
 478451 313515      934.0000   202      971.0000      808.8889 36843010   16.70%
                                                      Cuts: 4                  
 495398 324638      852.2500   219      971.0000      809.9167 38268107   16.59%
                                                      Cuts: 2                  
 511455 335166      856.7619   147      971.0000      811.3750 39557573   16.44%
                                                    Covers: 1                  
 527265 345413      854.2143   124      971.0000      812.8333 40848723   16.29%
 544358 356651      864.0833   282      971.0000      814.3333 42204440   16.13%
 564623 370274      881.8333   156      971.0000      815.5167 43664548   16.01%
Elapsed time = 484.56 sec. (170750.13 ticks, tree = 5161.94 MB, solutions = 15)
Nodefile size = 5033.58 MB (3669.00 MB after compression)
 581249 381235      891.4333   212      971.0000      816.2778 44929262   15.93%
 598621 392815      961.2778   152      971.0000      817.5000 46203228   15.81%
 615972 404187      908.8704   155      971.0000      818.6667 47504327   15.69%
                                                  ZeroHalf: 2                  
 635807 417327      943.0000   172      971.0000      819.7024 48930012   15.58%
 654229 429465      957.8000   193      971.0000      821.0000 50261716   15.45%
*668657 438751      integral     0      963.0000      821.5000 51332938   14.69%
Found incumbent of value 963.000000 after 546.34 sec. (192779.52 ticks)
 684437 444493      961.6026   197      963.0000      822.6667 52537848   14.57%
                                                  ZeroHalf: 1                  
*685993+445557                          959.0000      822.6667 52625688   14.22%
Found incumbent of value 959.000000 after 557.27 sec. (196857.41 ticks)
 702246 452034      928.1667   235      959.0000      823.8333 53856907   14.09%
*713763+458806                          956.0000      824.5000 54735319   13.76%
Found incumbent of value 956.000000 after 574.32 sec. (202822.23 ticks)
 721289 460719      924.7500   240      956.0000      824.8750 55226826   13.72%
 739553 471595      875.5833   150      956.0000      826.0000 56550755   13.60%
                                                    Covers: 3                  
Elapsed time = 588.40 sec. (208087.87 ticks, tree = 4764.30 MB, solutions = 18)
Nodefile size = 4636.74 MB (3337.57 MB after compression)
 756538 481481      876.1818   255      956.0000      827.0000 57805230   13.49%
 775108 492259      872.1111   208      956.0000      827.8333 59151060   13.41%
                                                    Covers: 2                  
 794019 503189      882.2857   149      956.0000      828.8750 60507162   13.30%
*805298+509406                          929.0000      829.5000 61400193   10.71%
Found incumbent of value 929.000000 after 628.25 sec. (222098.91 ticks)
 810822 462532      896.1190   164      929.0000      829.8125 61780545   10.68%
 827207 468846      838.1694   239      929.0000      831.0000 63122350   10.55%
                                                    Covers: 1                  
 843341 474930        cutoff            929.0000      832.0000 64384335   10.44%
                                                      Cuts: 2                  
 860751 481410      900.5333   113      929.0000      833.1667 65757302   10.32%
                                                      Cuts: 5                  
 877530 487850      909.0000   141      929.0000      834.2222 67026971   10.20%
                                                      Cuts: 6                  
 893909 493751      923.9333   134      929.0000      835.3333 68280728   10.08%
 910991 499989        cutoff            929.0000      836.3333 69557899    9.97%
                                                    Covers: 1                  
Elapsed time = 691.57 sec. (246302.11 ticks, tree = 3739.41 MB, solutions = 19)
Nodefile size = 3611.74 MB (2557.22 MB after compression)
 928307 506021      920.3333   141      929.0000      837.3750 70865282    9.86%
                                                  ZeroHalf: 2                  
 946035 512071      897.7745   225      929.0000      838.6667 72222437    9.72%
 963910 518298      848.3333   147      929.0000      839.6667 73542389    9.62%
                                                      Cuts: 3                  
 981236 524306      912.4167   144      929.0000      840.5208 74828492    9.52%
                                                    Covers: 2                  
 998342 530048      889.3333   129      929.0000      841.5000 76091077    9.42%
 1015874 535854      875.6000   208      929.0000      842.3571 77374766    9.33%
 1033751 541666      909.4500   174      929.0000      843.2381 78658277    9.23%
 1051177 547086      914.7500   164      929.0000      844.0000 79979044    9.15%
                                                    Covers: 2                  
 1069084 553193      897.8333   163      929.0000      845.1190 81273014    9.03%
                                                      Cuts: 2                  
 1087117 558948      879.8889   152      929.0000      846.0000 82567262    8.93%
Elapsed time = 795.97 sec. (284522.57 ticks, tree = 3517.15 MB, solutions = 19)
Nodefile size = 3389.29 MB (2375.16 MB after compression)
 1105719 564895      884.3333   181      929.0000      846.7727 83834894    8.85%
                                                    Covers: 1                  
 1123925 570463        cutoff            929.0000      847.5833 85126631    8.76%
 1143438 576471      901.3000   182      929.0000      848.6445 86473052    8.65%
 1162093 582365    infeasible            929.0000      849.3333 87708882    8.58%
 1180599 588317      924.7143   137      929.0000      850.0000 88943774    8.50%
 1200923 594511    infeasible            929.0000      850.7667 90266687    8.42%
 1219716 599981        cutoff            929.0000      851.7194 91534092    8.32%
 1238383 605329        cutoff            929.0000      852.4167 92774381    8.24%
 1258051 611083      906.8095   187      929.0000      853.0000 94068354    8.18%
                                                      Cuts: 2                  
 1277772 616641      895.5000   161      929.0000      854.0000 95344794    8.07%
                                                      Cuts: 2                  
Elapsed time = 898.17 sec. (322767.34 ticks, tree = 3324.58 MB, solutions = 19)
Nodefile size = 3196.55 MB (2214.57 MB after compression)
 1296079 621588        cutoff            929.0000      854.6667 96566647    8.00%
                                                    Covers: 4                  
 1316023 627247      894.0000   102      929.0000      855.3333 97817216    7.93%
                                                    Covers: 2                  
 1336303 632828      900.7000   240      929.0000      856.1429 99141728    7.84%
 1355335 637946      876.2500   153      929.0000      856.7500 1.00e+08    7.78%
                                                    Covers: 2                  
 1376242 643708      882.3333   151      929.0000      857.3333 1.02e+08    7.71%
                                                      Cuts: 3                  
 1396454 649316        cutoff            929.0000      858.1667 1.03e+08    7.62%
                                                    Covers: 6                  
 1416317 654461        cutoff            929.0000      858.7481 1.04e+08    7.56%
                                                  ZeroHalf: 1                  
 1437068 659587      918.7619   230      929.0000      859.5500 1.05e+08    7.48%
                                                      Cuts: 5                  
 1456760 664609      901.6000   111      929.0000      860.1333 1.07e+08    7.41%
                                                      Cuts: 5                  
 1477329 669687      876.6667    86      929.0000      860.6667 1.08e+08    7.36%
                                                    Covers: 1                  
Elapsed time = 998.82 sec. (361011.42 ticks, tree = 3164.23 MB, solutions = 19)
Nodefile size = 3035.96 MB (2080.05 MB after compression)
 1498355 675086      879.3333   232      929.0000      861.5000 1.09e+08    7.27%
 1518133 679923      925.3810   176      929.0000      862.0000 1.10e+08    7.21%
 1539085 684915      911.3846   250      929.0000      862.6667 1.12e+08    7.14%
                                                      Cuts: 2                  
 1560346 690075      923.3333   269      929.0000      863.2500 1.13e+08    7.08%
 1582177 695710      921.0000    72      929.0000      863.9091 1.14e+08    7.01%
 1601594 699949      867.1667   114      929.0000      864.4167 1.15e+08    6.95%
 1623387 705273      900.0000    66      929.0000      865.0580 1.16e+08    6.88%
 1644726 710130        cutoff            929.0000      865.5333 1.18e+08    6.83%
                                                    Covers: 1                  
 1665923 714878      904.3333   102      929.0000      866.2500 1.19e+08    6.75%
                                                    Covers: 1                  
 1687440 719791        cutoff            929.0000      866.7000 1.20e+08    6.71%
Elapsed time = 1099.22 sec. (399238.43 ticks, tree = 3047.13 MB, solutions = 19)
Nodefile size = 2919.54 MB (1977.68 MB after compression)
 1709565 725017      909.0556   145      929.0000      867.3333 1.21e+08    6.64%
                                                    Covers: 3                  
 1732363 730374      897.8889   162      929.0000      868.0000 1.23e+08    6.57%
                                                    Covers: 2                  
 1753271 734936      923.7500   181      929.0000      868.4524 1.24e+08    6.52%
 1775904 739898        cutoff            929.0000      869.0000 1.25e+08    6.46%
                                                    Covers: 2                  
 1797547 744858      915.1429   139      929.0000      869.5000 1.26e+08    6.40%
                                                    Covers: 3                  
 1819384 749759      875.3333   116      929.0000      870.0000 1.27e+08    6.35%
                                                    Covers: 3                  
 1843029 755196      894.3333   140      929.0000      870.6000 1.29e+08    6.29%
                                                    Covers: 2                  
 1864896 759860        cutoff            929.0000      871.0000 1.30e+08    6.24%
                                                  ZeroHalf: 1                  
 1887719 764383      887.4902   245      929.0000      871.5476 1.31e+08    6.18%
 1910022 768950        cutoff            929.0000      872.1250 1.32e+08    6.12%
                                                      Cuts: 3                  
Elapsed time = 1202.70 sec. (437421.82 ticks, tree = 2952.38 MB, solutions = 19)
Nodefile size = 2824.80 MB (1893.51 MB after compression)
 1932325 773596      886.3137   197      929.0000      872.5000 1.33e+08    6.08%
                                                    Covers: 1                  
 1954704 778221      882.3833   187      929.0000      873.0000 1.34e+08    6.03%
 1977889 782882      913.1538   133      929.0000      873.5417 1.36e+08    5.97%
                                                    Covers: 2                  
 2000799 787539      904.2111   232      929.0000      874.0000 1.37e+08    5.92%
                                                      Cuts: 5                  
 2022832 791250      888.7000   189      929.0000      874.4444 1.38e+08    5.87%
                                                    Covers: 2                  
 2046285 794318        cutoff            929.0000      875.0000 1.39e+08    5.81%
                                                      Cuts: 5                  
 2068711 796979        cutoff            929.0000      875.4212 1.40e+08    5.77%
                                                    Covers: 1                  
 2090720 800622      897.9167   179      929.0000      875.7667 1.41e+08    5.73%
 2114163 803275      923.3333   116      929.0000      876.2500 1.43e+08    5.68%
 2137436 806570      904.3273   140      929.0000      876.6905 1.44e+08    5.63%
                                                    Covers: 1                  
Elapsed time = 1308.32 sec. (475604.86 ticks, tree = 2862.34 MB, solutions = 19)
Nodefile size = 2734.36 MB (1818.17 MB after compression)
 2160165 809557        cutoff            929.0000      877.1667 1.45e+08    5.58%
                                                    Covers: 1                  
 2184436 813005      894.7667   103      929.0000      877.5833 1.46e+08    5.53%
                                                      Cuts: 3                  
 2207715 817448        cutoff            929.0000      877.9833 1.47e+08    5.49%
 2230786 819712        cutoff            929.0000      878.3333 1.48e+08    5.45%
                                                  ZeroHalf: 1                  
 2253239 823848      916.5333    84      929.0000      878.7333 1.49e+08    5.41%
 2277152 827067      921.5000    72      929.0000      879.1667 1.51e+08    5.36%
 2301037 830193      915.0714   270      929.0000      879.5119 1.52e+08    5.33%
                                                    Covers: 3                  
 2324837 834867      913.2917   196      929.0000      879.8500 1.53e+08    5.29%
                                                    Covers: 3                  
 2348121 838167      887.5833   147      929.0000      880.2273 1.54e+08    5.25%
                                                    Covers: 1                  
 2372112 839763        cutoff            929.0000      880.6667 1.55e+08    5.20%
                                                    Covers: 2                  
Elapsed time = 1416.27 sec. (513835.01 ticks, tree = 2785.45 MB, solutions = 19)
Nodefile size = 2657.52 MB (1754.75 MB after compression)
 2395627 842942      903.7576   151      929.0000      881.0000 1.56e+08    5.17%
                                                    Covers: 1                  
 2420189 845531      921.0392   198      929.0000      881.3333 1.57e+08    5.13%
                                                      Cuts: 2                  
 2444396 848793      888.3896   109      929.0000      881.7273 1.58e+08    5.09%
 2468467 851839      906.0000   136      929.0000      882.0556 1.60e+08    5.05%
                                                    Covers: 3                  
 2493553 855816    infeasible            929.0000      882.4902 1.61e+08    5.01%
                                                    Covers: 3                  
 2517448 859178      925.6667   152      929.0000      882.7778 1.62e+08    4.98%
 2541772 862856      889.4318    96      929.0000      883.1000 1.63e+08    4.94%
 2567432 866801      927.6667   186      929.0000      883.5000 1.64e+08    4.90%
 2591356 869798      906.3611   231      929.0000      883.7857 1.65e+08    4.87%
 2616307 873157      921.3333   161      929.0000      884.0682 1.66e+08    4.84%
Elapsed time = 1524.89 sec. (552048.43 ticks, tree = 2717.35 MB, solutions = 19)
Nodefile size = 2589.27 MB (1696.94 MB after compression)
 2641768 877698      921.0333   167      929.0000      884.4167 1.67e+08    4.80%
 2666255 881230        cutoff            929.0000      884.7273 1.68e+08    4.77%
 2690090 884681      892.5476   107      929.0000      885.0000 1.70e+08    4.74%
 2716025 888635      919.0000    88      929.0000      885.3333 1.71e+08    4.70%
                                                    Covers: 1                  
 2741739 892331      888.6818   209      929.0000      885.6667 1.72e+08    4.66%
                                                    Covers: 2                  
 2766831 897511      922.3333   158      929.0000      886.0000 1.73e+08    4.63%
                                                    Covers: 1                  
 2791657 900183      903.1667    64      929.0000      886.2667 1.74e+08    4.60%
 2816638 903686        cutoff            929.0000      886.5000 1.75e+08    4.57%
 2841839 907855      908.8333   123      929.0000      886.8333 1.76e+08    4.54%
                                                    Covers: 1                  
 2867105 911807      921.2500   166      929.0000      887.0556 1.77e+08    4.52%
Elapsed time = 1633.89 sec. (590226.50 ticks, tree = 2677.68 MB, solutions = 19)
Nodefile size = 2550.10 MB (1658.30 MB after compression)
 2892477 915789      920.5000    55      929.0000      887.3333 1.78e+08    4.49%
 2917268 919368      916.8523   131      929.0000      887.6667 1.79e+08    4.45%
 2942505 924441      900.3810   120      929.0000      888.0000 1.80e+08    4.41%
 2966830 926883        cutoff            929.0000      888.2048 1.82e+08    4.39%
                                                  ZeroHalf: 1                  
 2993098 930703      921.5286   224      929.0000      888.5000 1.83e+08    4.36%
 3019488 934585        cutoff            929.0000      888.8000 1.84e+08    4.33%
                                                    Covers: 1                  
 3044185 937167        cutoff            929.0000      889.0000 1.85e+08    4.31%
 3070249 941615      897.7619   127      929.0000      889.3333 1.86e+08    4.27%
 3095421 944671      914.3250   157      929.0000      889.5000 1.87e+08    4.25%
 3122109 948209        cutoff            929.0000      889.8485 1.88e+08    4.21%
Elapsed time = 1755.52 sec. (628475.33 ticks, tree = 2654.22 MB, solutions = 19)
Nodefile size = 2526.43 MB (1635.05 MB after compression)
 3147068 952104      904.3333   113      929.0000      890.0333 1.89e+08    4.19%
 3173093 955816      907.2000   145      929.0000      890.3333 1.90e+08    4.16%
 3198679 959165      893.1232   235      929.0000      890.5238 1.91e+08    4.14%
 3224420 963274      907.7500    76      929.0000      890.8333 1.92e+08    4.11%
                                                    Covers: 1                  
 3249299 966951      926.9167   176      929.0000      891.0000 1.93e+08    4.09%
 3276424 971537      899.0667   121      929.0000      891.2679 1.94e+08    4.06%
                                                    Covers: 1                  
 3301977 975119      919.8889   220      929.0000      891.5000 1.95e+08    4.04%
 3327505 978939      925.0000   114      929.0000      891.7500 1.97e+08    4.01%
 3354353 983465      913.3333    85      929.0000      892.0000 1.98e+08    3.98%
 3380077 986443        cutoff            929.0000      892.2500 1.99e+08    3.96%
                                                    Covers: 1                  
Elapsed time = 1871.53 sec. (666687.94 ticks, tree = 2621.45 MB, solutions = 19)
Nodefile size = 2493.82 MB (1603.12 MB after compression)
 3405972 989340      923.6000   115      929.0000      892.4444 2.00e+08    3.93%
 3431552 992922      909.8667   199      929.0000      892.6667 2.01e+08    3.91%
*3435437 992806      integral     0      927.0000      892.6667 2.01e+08    3.70%
Found incumbent of value 927.000000 after 1897.90 sec. (674854.03 ticks)
 3462124 990851      918.7500    96      927.0000      892.9111 2.02e+08    3.68%
                                                    Covers: 1                  
 3487615 992087      924.6667   128      927.0000      893.1515 2.03e+08    3.65%
 3513884 994445      898.5111   143      927.0000      893.3333 2.04e+08    3.63%
                                                  ZeroHalf: 1                  
 3539934 997099      915.0000    71      927.0000      893.6000 2.05e+08    3.60%
                                                    Covers: 1                  
 3566478 999158        cutoff            927.0000      893.8182 2.06e+08    3.58%
 3593008 1001890        cutoff            927.0000      894.0000 2.07e+08    3.56%
 3619408 1004169        cutoff            927.0000      894.2500 2.08e+08    3.53%
                                                   Covers: 14                  
Elapsed time = 1978.48 sec. (701583.25 ticks, tree = 2518.53 MB, solutions = 20)
Nodefile size = 2390.46 MB (1524.58 MB after compression)
 3646396 1006092        cutoff            927.0000      894.5000 2.09e+08    3.51%
                                                      Cuts: 4                  
 3672194 1007633        cutoff            927.0000      894.6667 2.10e+08    3.49%
 3699572 1010027      914.0000    72      927.0000      895.0000 2.11e+08    3.45%
                                                    Covers: 1                  
*3722087+1011561                          925.0000      895.0909 2.12e+08    3.23%
                                                    Covers: 2                  
Found incumbent of value 925.000000 after 2022.81 sec. (716306.39 ticks)
 3725755 1011970      911.5000   109      925.0000      895.0909 2.13e+08    3.23%
 3752411 1005762      896.5833   128      925.0000      895.3333 2.14e+08    3.21%
 3778016 1007007      911.0000    90      925.0000      895.5208 2.15e+08    3.19%
 3806432 1007443        cutoff            925.0000      895.8333 2.16e+08    3.15%
 3834448 1008150      922.2381   150      925.0000      896.0000 2.17e+08    3.14%
 3860823 1007755      908.3636   123      925.0000      896.2500 2.18e+08    3.11%
 3888950 1007749      903.7500   126      925.0000      896.5000 2.19e+08    3.08%
Elapsed time = 2099.63 sec. (739781.74 ticks, tree = 2379.99 MB, solutions = 21)
Nodefile size = 2251.96 MB (1426.52 MB after compression)
 3915906 1007639      907.7273   110      925.0000      896.6923 2.20e+08    3.06%
 3942340 1007467        cutoff            925.0000      897.0000 2.21e+08    3.03%
 3968856 1006227      907.8333   142      925.0000      897.1250 2.22e+08    3.01%
                                                    Covers: 1                  
 3995528 1006059        cutoff            925.0000      897.3333 2.23e+08    2.99%
                                                    Covers: 2                  
 4022480 1006142        cutoff            925.0000      897.5000 2.24e+08    2.97%
                                                    Covers: 2                  
 4050254 1005770      922.4242   143      925.0000      897.7500 2.25e+08    2.95%
 4077549 1005275      923.6667    90      925.0000      898.0000 2.26e+08    2.92%
                                                    Covers: 1                  
 4104115 1003810      923.0000    68      925.0000      898.1667 2.27e+08    2.90%
 4132181 1002844        cutoff            925.0000      898.3939 2.28e+08    2.88%
 4159597 1003065      916.0000   110      925.0000      898.6250 2.29e+08    2.85%
Elapsed time = 2221.65 sec. (777966.59 ticks, tree = 2305.82 MB, solutions = 21)
Nodefile size = 2178.42 MB (1386.45 MB after compression)
 4186892 1002172      916.5000   169      925.0000      898.7857 2.30e+08    2.83%
 4214937 1000939        cutoff            925.0000      899.0000 2.31e+08    2.81%
 4242030 998881      901.5000    94      925.0000      899.2273 2.32e+08    2.79%
                                                    Covers: 1                  
 4269976 997614      908.4000    99      925.0000      899.3889 2.33e+08    2.77%
                                                    Covers: 2                  
 4296518 996651        cutoff            925.0000      899.6000 2.34e+08    2.75%
 4325531 995198      904.8333   158      925.0000      899.8205 2.35e+08    2.72%
 4353700 993999        cutoff            925.0000      900.0000 2.36e+08    2.70%
 4380732 991600        cutoff            925.0000      900.1667 2.37e+08    2.68%
 4409275 989128      909.3571   173      925.0000      900.3750 2.38e+08    2.66%
 4436724 987904      914.5000   127      925.0000      900.6000 2.39e+08    2.64%
Elapsed time = 2343.64 sec. (816148.23 ticks, tree = 2229.41 MB, solutions = 21)
Nodefile size = 2101.11 MB (1342.41 MB after compression)
 4465568 986170      923.9167   135      925.0000      900.8155 2.40e+08    2.61%
 4493127 984034      911.2000   128      925.0000      901.0000 2.41e+08    2.59%
 4521710 981149      922.2500    82      925.0000      901.1667 2.42e+08    2.58%
 4550219 978600      903.9000   106      925.0000      901.3333 2.43e+08    2.56%
 4578309 976756      910.7429   105      925.0000      901.5667 2.44e+08    2.53%
 4607320 974480      923.8333    77      925.0000      901.7500 2.45e+08    2.51%
 4636374 972109        cutoff            925.0000      902.0000 2.46e+08    2.49%
 4662806 969019      908.6667    96      925.0000      902.1000 2.47e+08    2.48%
 4691631 966000      921.3333    97      925.0000      902.3333 2.48e+08    2.45%
 4719713 963171      917.8750   110      925.0000      902.5000 2.49e+08    2.43%
Elapsed time = 2458.69 sec. (854339.44 ticks, tree = 2126.30 MB, solutions = 21)
Nodefile size = 1998.34 MB (1282.09 MB after compression)
 4748997 959170      916.0130   131      925.0000      902.7273 2.50e+08    2.41%
 4777356 955645      914.5556    63      925.0000      903.0000 2.51e+08    2.38%
 4805155 952710      917.5909    83      925.0000      903.0615 2.52e+08    2.37%
 4834409 949242      907.3333    82      925.0000      903.3083 2.53e+08    2.35%
 4863871 945714      911.0833   105      925.0000      903.5000 2.54e+08    2.32%
 4891016 942321      918.6667   163      925.0000      903.6667 2.55e+08    2.31%
 4920008 937399      913.5196   134      925.0000      903.8333 2.56e+08    2.29%
 4949079 933911      917.0000   187      925.0000      904.0000 2.57e+08    2.27%
 4977820 928303      909.2500   121      925.0000      904.2000 2.58e+08    2.25%
 5006312 923757      904.6429   166      925.0000      904.4000 2.59e+08    2.23%
Elapsed time = 2575.84 sec. (892531.71 ticks, tree = 2010.76 MB, solutions = 21)
Nodefile size = 1883.01 MB (1214.26 MB after compression)
 5034641 919699      917.0400   138      925.0000      904.6000 2.60e+08    2.21%
 5064074 914657      906.2500    76      925.0000      904.7500 2.61e+08    2.19%
 5093949 909164        cutoff            925.0000      905.0000 2.62e+08    2.16%
 5122061 903436      910.2500   137      925.0000      905.1429 2.63e+08    2.15%
 5151205 897721      913.0000    69      925.0000      905.3333 2.64e+08    2.13%
 5180203 891203        cutoff            925.0000      905.5000 2.65e+08    2.11%
 5210258 885337      923.7273    93      925.0000      905.7273 2.66e+08    2.08%
 5240111 878935        cutoff            925.0000      905.9750 2.67e+08    2.06%
 5268773 872991      921.1515   107      925.0000      906.0000 2.68e+08    2.05%
 5297984 867051        cutoff            925.0000      906.2500 2.69e+08    2.03%
Elapsed time = 2688.35 sec. (930712.64 ticks, tree = 1868.11 MB, solutions = 21)
Nodefile size = 1740.54 MB (1127.77 MB after compression)
 5328740 860231      923.4000    97      925.0000      906.4667 2.70e+08    2.00%
 5358691 853605        cutoff            925.0000      906.6667 2.71e+08    1.98%
 5388540 845562      910.0000    90      925.0000      906.8667 2.72e+08    1.96%
 5418256 838875        cutoff            925.0000      907.0000 2.73e+08    1.95%
 5447163 831335      921.9091   127      925.0000      907.2121 2.74e+08    1.92%
 5476942 823236        cutoff            925.0000      907.4000 2.75e+08    1.90%
 5506399 815580      913.1000   154      925.0000      907.6000 2.76e+08    1.88%
 5536718 807757        cutoff            925.0000      907.7500 2.77e+08    1.86%
 5566745 799473      920.2000    74      925.0000      908.0000 2.78e+08    1.84%
 5595520 791041      912.1667   116      925.0000      908.1250 2.79e+08    1.82%
Elapsed time = 2804.15 sec. (968897.76 ticks, tree = 1691.86 MB, solutions = 21)
Nodefile size = 1564.23 MB (1020.31 MB after compression)
 5626130 782185        cutoff            925.0000      908.3333 2.80e+08    1.80%
 5656359 772832      918.7500   112      925.0000      908.5333 2.81e+08    1.78%
 5686856 763386      922.4167    88      925.0000      908.7273 2.82e+08    1.76%
 5717295 754211        cutoff            925.0000      909.0000 2.83e+08    1.73%
 5746407 744448        cutoff            925.0000      909.0833 2.84e+08    1.72%
 5778338 734394      914.7500   114      925.0000      909.3333 2.85e+08    1.69%
 5809059 723572        cutoff            925.0000      909.5000 2.86e+08    1.68%
 5839974 712485      914.7917   158      925.0000      909.7273 2.87e+08    1.65%
 5871131 701753      910.4375   138      925.0000      910.0000 2.88e+08    1.62%
 5900677 691126        cutoff            925.0000      910.0714 2.89e+08    1.61%
Elapsed time = 2918.59 sec. (1007083.96 ticks, tree = 1487.57 MB, solutions = 21)
Nodefile size = 1360.08 MB (894.65 MB after compression)
 5933043 678607        cutoff            925.0000      910.3333 2.90e+08    1.59%
 5963131 667045      919.0000    70      925.0000      910.5417 2.91e+08    1.56%
 5994804 654817        cutoff            925.0000      910.7500 2.92e+08    1.54%
 6026463 642596      923.0000    83      925.0000      911.0000 2.93e+08    1.51%
 6057129 629717        cutoff            925.0000      911.1818 2.94e+08    1.49%
 6088552 616189        cutoff            925.0000      911.4000 2.95e+08    1.47%
 6119836 603009      921.7500   104      925.0000      911.6364 2.96e+08    1.44%
 6151505 588812        cutoff            925.0000      911.8333 2.97e+08    1.42%
 6182533 574762      913.5382   163      925.0000      912.0000 2.98e+08    1.41%
 6214793 560106      919.9333    94      925.0000      912.3333 2.99e+08    1.37%
Elapsed time = 3033.63 sec. (1045252.28 ticks, tree = 1230.45 MB, solutions = 21)
Nodefile size = 1102.93 MB (735.55 MB after compression)
 6246257 545020        cutoff            925.0000      912.5000 3.00e+08    1.35%
 6278876 528778        cutoff            925.0000      912.8000 3.01e+08    1.32%
 6310858 513822        cutoff            925.0000      913.0000 3.02e+08    1.30%
 6342562 497834        cutoff            925.0000      913.2500 3.03e+08    1.27%
 6374815 481495        cutoff            925.0000      913.5000 3.03e+08    1.24%
 6408617 463548      923.3333   105      925.0000      913.7500 3.04e+08    1.22%
 6440747 446782      914.0000    81      925.0000      914.0000 3.05e+08    1.19%
 6473524 428575        cutoff            925.0000      914.3333 3.06e+08    1.15%
 6506679 409679        cutoff            925.0000      914.6000 3.07e+08    1.12%
 6540585 389971        cutoff            925.0000      915.0000 3.08e+08    1.08%
Elapsed time = 3146.74 sec. (1083434.90 ticks, tree = 877.91 MB, solutions = 21)
Nodefile size = 750.21 MB (508.19 MB after compression)
 6573789 371105        cutoff            925.0000      915.1818 3.09e+08    1.06%
 6608054 349668        cutoff            925.0000      915.5714 3.10e+08    1.02%
 6642697 327683        cutoff            925.0000      916.0000 3.11e+08    0.97%
 6676516 306693        cutoff            925.0000      916.2000 3.12e+08    0.95%
 6712414 282696      918.1667   138      925.0000      916.6667 3.13e+08    0.90%
 6747113 259013        cutoff            925.0000      917.0000 3.14e+08    0.86%
 6785082 231791      923.0000    67      925.0000      917.5333 3.15e+08    0.81%
 6821433 205683        cutoff            925.0000      918.0000 3.16e+08    0.76%
 6860245 176561      919.0000   154      925.0000      918.6500 3.17e+08    0.69%
 6898318 147583      923.6333   103      925.0000      919.1833 3.18e+08    0.63%
Elapsed time = 3259.68 sec. (1121619.05 ticks, tree = 368.19 MB, solutions = 21)
Nodefile size = 266.27 MB (186.64 MB after compression)
 6938606 115149      920.0714   143      925.0000      920.0000 3.18e+08    0.54%
 6981776 78442        cutoff            925.0000      921.0000 3.19e+08    0.43%
 7025787 37521        cutoff            925.0000      922.3939 3.20e+08    0.28%

GUB cover cuts applied:  1
Clique cuts applied:  12
Cover cuts applied:  164
Mixed integer rounding cuts applied:  1
Zero-half cuts applied:  198
Gomory fractional cuts applied:  7

Root node processing (before b&c):
  Real time             =    2.10 sec. (1130.36 ticks)
Parallel b&c, 32 threads:
  Real time             = 3300.89 sec. (1134779.82 ticks)
  Sync time (average)   =    4.58 sec.
  Wait time (average)   =    0.07 sec.
                          ------------
Total (root+branch&cut) = 3302.99 sec. (1135910.18 ticks)


Solution status: Optimal
Execution time: 3303.2 sec
Gap: 0.00000
