Tue Jul 10 02:18:19 2018

Tried aggregator 2 times.
MIP Presolve eliminated 5328 rows and 97 columns.
Aggregator did 256 substitutions.
Reduced MIP has 4333 rows, 1412 columns, and 15944 nonzeros.
Reduced MIP has 1412 binaries, 0 generals, 0 SOSs, and 0 indicators.
Presolve time = 0.03 sec. (23.17 ticks)
Probing time = 0.00 sec. (1.05 ticks)
Tried aggregator 1 time.
Presolve time = 0.01 sec. (6.99 ticks)
Probing time = 0.00 sec. (1.05 ticks)
Clique table members: 6952.
MIP emphasis: balance optimality and feasibility.
MIP search method: dynamic search.
Parallel mode: deterministic, using up to 32 threads.
Root relaxation solution time = 0.25 sec. (38.77 ticks)

        Nodes                                         Cuts/
   Node  Left     Objective  IInf  Best Integer    Best Bound    ItCnt     Gap

      0     0      605.0000   162                    605.0000      649         
      0     0      738.2354   276                    Cuts: 75     1324         
      0     0      775.9444   280                    Cuts: 66     1724         
      0     0      782.1335   279                    Cuts: 53     1990         
      0     0      783.0000   276                    Cuts: 39     2109         
      0     0      783.0000   242                    Cuts: 16     2201         
      0     0      783.0000   281                    Cuts: 42     2330         
      0     0      783.0000   268                 ZeroHalf: 5     2356         
      0     0      783.0000   249                    Cuts: 34     2479         
      0     0      783.0000   248                    Cuts: 56     2527         
*     0+    0                         2049.0000      783.0000     2527   61.79%
Found incumbent of value 2049.000000 after 1.98 sec. (1021.92 ticks)
      0     2      783.0000   248     2049.0000      783.0000     2527   61.79%
Elapsed time = 3.09 sec. (1161.82 ticks, tree = 0.01 MB, solutions = 1)
      1     3      815.5606   287     2049.0000      783.0000     4849   61.79%
      9    11      837.2917   225     2049.0000      783.1896     9472   61.78%
     15    17      832.6149   282     2049.0000      783.5000    13613   61.76%
                                                  Impl Bds: 5                  
     21    23      784.5000   230     2049.0000      783.9965    17317   61.74%
                                                  Impl Bds: 5                  
     29    31      881.0909   233     2049.0000      783.9965    19361   61.74%
     35    37      798.3802   313     2049.0000      784.0335    22576   61.74%
                                                  ZeroHalf: 1                  
     53    55      789.8000   293     2049.0000      784.0335    26682   61.74%
    291   291      831.3125   215     2049.0000      784.0335    58045   61.74%
                                                     Cuts: 11                  
*  1023+  936                         1242.0000      784.0335   109365   36.87%
Found incumbent of value 1242.000000 after 8.44 sec. (3480.38 ticks)
   1167  1019      828.2308   267     1242.0000      784.0335   116280   36.87%
                                                      Cuts: 8                  
*  2209+ 1927                         1241.0000      798.3802   207135   35.67%
                                                     Cuts: 23                  
Found incumbent of value 1241.000000 after 10.17 sec. (4113.80 ticks)
   3921  3392      890.5833   235     1241.0000      800.1275   313762   35.53%
                                                     Cuts: 43                  
Elapsed time = 11.13 sec. (4759.25 ticks, tree = 15.61 MB, solutions = 4)
   6603  5777      785.2500   259     1241.0000      806.9753   484533   34.97%
   6612  5781      804.1765   259     1241.0000      806.9753   489033   34.97%
   6631  5791      856.8771   281     1241.0000      806.9753   502001   34.97%
                                                     Cuts: 15                  
   6673  5813      886.6404   257     1241.0000      806.9753   521864   34.97%
                                                  ZeroHalf: 2                  
   7414  6250      976.1667   313     1241.0000      806.9753   659198   34.97%
                                                    Covers: 2                  
   9277  7028      868.2500   225     1241.0000      806.9753   923363   34.97%
  12339  8353      888.2222   229     1241.0000      806.9753  1233428   34.97%
                                                      Cuts: 7                  
  13730  8999      839.3072   249     1241.0000      806.9753  1363269   34.97%
  15906 10049     1165.0000   221     1241.0000      806.9753  1548865   34.97%
* 18405 11073      integral     0     1199.0000      806.9753  1776834   32.70%
Elapsed time = 42.24 sec. (17590.05 ticks, tree = 7.56 MB, solutions = 4)
Found incumbent of value 1199.000000 after 42.24 sec. (17590.05 ticks)
  20207 11897     1036.6818   228     1199.0000      826.0000  1950036   31.11%
                                                     Cuts: 12                  
  24922 16154     1193.5833   222     1199.0000      826.0000  2333718   31.11%
  28160 19082     1182.5000   160     1199.0000      851.0851  2609461   29.02%
  32049 22555     1023.2500   257     1199.0000      878.1667  2931513   26.76%
                                                  ZeroHalf: 2                  
  35537 25724      922.0000   192     1199.0000      878.1667  3220110   26.76%
* 36134 26248      integral     0     1124.0000      878.1667  3276599   21.87%
Found incumbent of value 1124.000000 after 52.45 sec. (22407.57 ticks)
  38944 21278      953.5588   252     1124.0000      884.6250  3520674   21.30%
  42754 24471      932.7500   184     1124.0000      890.3636  3937464   20.79%
  44783 26231      961.2500   183     1124.0000      890.3636  4141676   20.79%
  49250 30064     1076.2500   124     1124.0000      895.8333  4565210   20.30%
Elapsed time = 60.97 sec. (26298.07 ticks, tree = 33.12 MB, solutions = 6)
  52950 33227      978.3333   199     1124.0000      902.0000  4920713   19.75%
  55063 35021     1027.3583   189     1124.0000      902.0000  5112091   19.75%
  58258 37700     1086.5250   153     1124.0000      904.7500  5429131   19.51%
  60648 39702     1040.3929   207     1124.0000      908.2500  5711961   19.19%
  63081 41795     1059.6422   132     1124.0000      908.2500  5925473   19.19%
  67370 45375     1041.2222   215     1124.0000      912.9444  6324921   18.78%
  71132 48465     1026.0667   210     1124.0000      916.0000  6693782   18.51%
  73914 50765      995.8095   136     1124.0000      916.0000  6954690   18.51%
  78664 54725     1009.6667   193     1124.0000      919.1667  7375962   18.22%
                                                    Covers: 1                  
  83108 58420      978.0000   176     1124.0000      923.7963  7761782   17.81%
                                                      Cuts: 5                  
Elapsed time = 82.93 sec. (35908.34 ticks, tree = 74.94 MB, solutions = 6)
  85475 60394     1089.1667   181     1124.0000      923.7963  7963004   17.81%
  88987 63300      959.1667   165     1124.0000      926.5691  8273594   17.57%
                                                      Cuts: 3                  
  94180 67609     1085.2000   116     1124.0000      929.1250  8740818   17.34%
                                                  ZeroHalf: 1                  
* 95243+68483                         1097.0000      929.1250  8829339   15.30%
Found incumbent of value 1097.000000 after 90.25 sec. (38835.17 ticks)
  97496 70348     1093.7500   145     1097.0000      929.1250  9023557   15.30%
 101114 61150     1018.7500   204     1097.0000      931.9615  9344777   15.04%
                                                  ZeroHalf: 3                  
 104560 63827     1067.5263   152     1097.0000      933.6667  9724810   14.89%
 107066 65755     1034.3952   120     1097.0000      933.6667  9963357   14.89%
 111555 69253     1083.5000   146     1097.0000      935.5417 10378516   14.72%
                                                      Cuts: 2                  
 115312 72155     1004.3333   201     1097.0000      938.5000 10729627   14.45%
                                                      Cuts: 3                  
 118588 74771     1017.5000   225     1097.0000      938.5000 11009536   14.45%
Elapsed time = 105.00 sec. (45521.35 ticks, tree = 92.68 MB, solutions = 7)
 122728 78030      957.5000   196     1097.0000      940.5000 11366956   14.27%
 126780 81213      994.9091   220     1097.0000      942.0000 11713649   14.13%
 129180 83047     1069.5556   226     1097.0000      942.0000 11952349   14.13%
 133689 86444     1078.1786   271     1097.0000      943.9643 12376448   13.95%
 137474 89377        cutoff           1097.0000      945.5556 12720489   13.81%
 139851 91224     1030.0792   177     1097.0000      945.5556 12929014   13.81%
 143881 94318     1018.6667   134     1097.0000      947.0000 13287633   13.67%
 148247 97704     1083.7143   102     1097.0000      948.1333 13662372   13.57%
 151959 100643     1070.1286   229     1097.0000      948.1333 13959176   13.57%
 155493 103369     1051.0000   176     1097.0000      949.8333 14249148   13.42%
Elapsed time = 128.33 sec. (55129.90 ticks, tree = 135.50 MB, solutions = 7)
Nodefile size = 7.91 MB (5.01 MB after compression)
 160027 106886     1094.0556   203     1097.0000      951.1053 14623890   13.30%
                                                  ZeroHalf: 1                  
 163636 109668      996.0000   177     1097.0000      951.1053 14929965   13.30%
 167201 112381     1072.7000   179     1097.0000      952.3043 15243522   13.19%
 171541 115619     1053.2917   207     1097.0000      953.5000 15633006   13.08%
 176671 119544     1031.7381   229     1097.0000      954.8333 16033005   12.96%
 179673 121830     1035.8333   194     1097.0000      954.8333 16286590   12.96%
*179854+121978                         1095.0000      954.8333 16300181   12.80%
Found incumbent of value 1095.000000 after 143.89 sec. (60579.30 ticks)
*181260 123050      integral     0     1085.0000      954.8333 16411863   12.00%
Found incumbent of value 1085.000000 after 144.62 sec. (61228.00 ticks)
 184864 116315     1036.5000    48     1085.0000      955.9375 16687237   11.90%
                                                    Covers: 1                  
 189002 119323      992.6667   198     1085.0000      957.0000 17044092   11.80%
                                                      Cuts: 3                  
 192907 122152      974.0000   185     1085.0000      957.0000 17384109   11.80%
Elapsed time = 151.94 sec. (64107.37 ticks, tree = 157.34 MB, solutions = 9)
Nodefile size = 29.78 MB (18.11 MB after compression)
 195839 124368     1027.1538   209     1085.0000      958.0833 17605243   11.70%
 200335 127772      973.4000   223     1085.0000      959.3333 17952973   11.58%
 202319 129215     1064.6000   142     1085.0000      959.3333 18122956   11.58%
*205904 131896      integral     0     1073.0000      960.0000 18415196   10.53%
Found incumbent of value 1073.000000 after 161.47 sec. (67361.99 ticks)
*205936 131922      integral     0     1066.0000      960.0000 18418124    9.94%
Found incumbent of value 1066.000000 after 161.48 sec. (67365.27 ticks)
 207479 133032     1035.7500   164     1066.0000      960.0000 18548156    9.94%
 212661 111899     1000.5556   210     1066.0000      960.8333 18923181    9.87%
                                                    Covers: 2                  
 217611 115302     1055.5345   102     1066.0000      961.7083 19317202    9.78%
                                                    Covers: 2                  
 221327 117853        cutoff           1066.0000      961.7083 19622306    9.78%
*223139 119098      integral     0     1060.0000      962.5000 19777536    9.20%
Elapsed time = 173.56 sec. (71547.43 ticks, tree = 155.97 MB, solutions = 11)
Nodefile size = 27.85 MB (17.17 MB after compression)
Found incumbent of value 1060.000000 after 173.56 sec. (71547.43 ticks)
 224832 120307     1002.1296   215     1060.0000      962.5000 19905330    9.20%
 228686 112608     1048.3056   260     1060.0000      963.3333 20217698    9.12%
 234637 116755     1058.8333   226     1060.0000      964.2083 20640357    9.04%
 237779 118834      992.7500   261     1060.0000      964.2083 20878038    9.04%
 241649 121478     1048.3932   213     1060.0000      965.0000 21156146    8.96%
*243041+122431                         1058.0000      965.0000 21258894    8.79%
Found incumbent of value 1058.000000 after 186.53 sec. (76264.35 ticks)
 247474 122640     1035.2308   184     1058.0000      965.7500 21546478    8.72%
                                                      Cuts: 3                  
 252827 126335     1035.7879   293     1058.0000      966.3333 21927117    8.66%
*254065 127167      integral     0     1057.0000      966.3333 22018978    8.58%
Found incumbent of value 1057.000000 after 193.22 sec. (78381.40 ticks)
 256308 128716     1036.0119   197     1057.0000      966.3333 22175187    8.58%
*257231+129290                         1053.0000      966.3333 22248825    8.23%
Found incumbent of value 1053.000000 after 194.94 sec. (78949.27 ticks)
 260072 123723     1003.5000   194     1053.0000      966.9524 22477958    8.17%
                                                    Covers: 1                  
Elapsed time = 197.83 sec. (80347.89 ticks, tree = 161.43 MB, solutions = 13)
Nodefile size = 33.88 MB (20.98 MB after compression)
 264462 126544     1027.4167   182     1053.0000      967.5000 22808453    8.12%
                                                    Covers: 1                  
 269078 129503     1032.5000   166     1053.0000      968.0000 23138505    8.07%
 272404 131585      995.8667   138     1053.0000      968.0000 23379869    8.07%
 276806 134431     1005.4286   212     1053.0000      968.5000 23661730    8.02%
 280797 137036     1015.7143   174     1053.0000      969.0548 23927199    7.97%
 285879 140203     1029.7250   176     1053.0000      969.6000 24277628    7.92%
                                                      Cuts: 2                  
 289660 142528     1023.7020   195     1053.0000      969.6000 24539314    7.92%
 293455 144924     1022.8333   215     1053.0000      970.0667 24804609    7.88%
 298055 147820     1019.5000   131     1053.0000      970.5000 25119922    7.83%
 316377 159225     1007.6667    92     1053.0000      971.9318 26364115    7.70%
                                                    Covers: 3                  
Elapsed time = 235.73 sec. (92846.75 ticks, tree = 210.96 MB, solutions = 15)
Nodefile size = 82.81 MB (50.20 MB after compression)
 333751 169817        cutoff           1053.0000      973.1250 27540190    7.59%
 351041 180108     1002.3500   220     1053.0000      974.3196 28677497    7.47%
                                                  ZeroHalf: 1                  
 367569 189952     1002.6429   213     1053.0000      975.3622 29804415    7.37%
                                                  ZeroHalf: 1                  
 384533 199977     1004.1667   131     1053.0000      976.2611 30959258    7.29%
 402868 210677     1043.0000   128     1053.0000      977.5381 32162178    7.17%
 420053 220508     1004.8810   116     1053.0000      978.4048 33266031    7.08%
 437443 230547     1031.7761   226     1053.0000      979.2000 34382445    7.01%
                                                    Covers: 1                  
 455485 241111        cutoff           1053.0000      980.0000 35507668    6.93%
 475126 252336      995.3333   121     1053.0000      980.9351 36724353    6.84%
                                                      Cuts: 4                  
 493621 263052      998.9048   201     1053.0000      981.5818 37853730    6.78%
                                                    Covers: 1                  
Elapsed time = 342.09 sec. (131058.16 ticks, tree = 353.48 MB, solutions = 15)
Nodefile size = 225.71 MB (126.30 MB after compression)
 513163 274521     1047.6667   100     1053.0000      982.2507 39013901    6.72%
 532046 284936        cutoff           1053.0000      983.0833 40223803    6.64%
                                                    Covers: 1                  
 549528 294743     1027.9167   201     1053.0000      983.7000 41305337    6.58%
                                                    Covers: 1                  
 570261 306492     1014.4167   236     1053.0000      984.5000 42549451    6.51%
                                                  ZeroHalf: 1                  
 589049 316960      998.5595   162     1053.0000      985.0833 43684009    6.45%
 607816 326933        cutoff           1053.0000      985.8571 44832207    6.38%
 627741 338422     1021.6667   176     1053.0000      986.3333 45984948    6.33%
                                                    Covers: 1                  
*643623 347328      integral     0     1052.0000      986.8565 46900684    6.19%
Found incumbent of value 1052.000000 after 427.79 sec. (160732.63 ticks)
 661171 354717     1028.2500   135     1052.0000      987.3333 47938969    6.15%
                                                  ZeroHalf: 1                  
 681656 365813     1026.2500   182     1052.0000      987.9333 49080942    6.09%
                                                    Covers: 1                  
Elapsed time = 448.56 sec. (168382.80 ticks, tree = 496.77 MB, solutions = 16)
Nodefile size = 368.63 MB (196.48 MB after compression)
*684071+366908                         1049.0000      987.9333 49270252    5.82%
Found incumbent of value 1049.000000 after 449.59 sec. (168765.74 ticks)
 700586 370482     1034.0000   187     1049.0000      988.5000 50195562    5.77%
*704767+372643                         1048.0000      988.5000 50437114    5.68%
Found incumbent of value 1048.000000 after 461.46 sec. (172746.91 ticks)
*705901+371701                         1036.0000      988.6667 50504338    4.57%
Found incumbent of value 1036.000000 after 461.75 sec. (173197.12 ticks)
 719118 353599     1012.1333   133     1036.0000      989.0000 51307554    4.54%
                                                    Covers: 1                  
 738089 360373     1012.3333   185     1036.0000      989.6667 52412187    4.47%
                                                     Cuts: 10                  
 756665 367280     1034.8730   101     1036.0000      990.1957 53484577    4.42%
                                                    Covers: 1                  
 777344 374482     1019.3385   218     1036.0000      990.9000 54659468    4.35%
                                                  ZeroHalf: 1                  
 796587 381031     1023.0000    83     1036.0000      991.5833 55781539    4.29%
                                                    Covers: 2                  
 816693 387611     1022.0000   186     1036.0000      992.1667 56972907    4.23%
 836162 393946     1014.8333    89     1036.0000      992.6667 58072071    4.18%
 857021 400772     1005.0000    88     1036.0000      993.2500 59233508    4.13%
 876994 406766     1015.9167    62     1036.0000      993.8750 60362651    4.07%
Elapsed time = 553.06 sec. (206616.30 ticks, tree = 555.89 MB, solutions = 23)
Nodefile size = 427.68 MB (223.03 MB after compression)
 897911 412943        cutoff           1036.0000      994.4495 61538982    4.01%
                                                    Covers: 1                  
 918304 418618     1010.2000   174     1036.0000      995.0000 62704121    3.96%
 938554 424450     1041.6667   146     1036.0000      995.5000 63859654    3.91%
 959429 430286     1024.1875   254     1036.0000      995.9394 65015250    3.87%
 979905 436090     1015.0303   178     1036.0000      996.4286 66114066    3.82%
                                                      Cuts: 2                  
 1001460 441990        cutoff           1036.0000      996.9405 67252464    3.77%
                                                    Covers: 2                  
 1022145 447387    infeasible           1036.0000      997.4000 68355409    3.73%
 1043715 452613        cutoff           1036.0000      997.9167 69509564    3.68%
                                                    Covers: 1                  
 1064142 457536        cutoff           1036.0000      998.3333 70610995    3.64%
 1085899 462509     1029.8333   160     1036.0000      998.8214 71801156    3.59%
Elapsed time = 654.22 sec. (244864.30 ticks, tree = 634.06 MB, solutions = 23)
Nodefile size = 506.62 MB (265.54 MB after compression)
 1107197 467630        cutoff           1036.0000      999.2500 72923512    3.55%
 1128481 472334     1018.8000   161     1036.0000      999.6667 74047209    3.51%
                                                  ZeroHalf: 1                  
 1150890 477408     1022.8500   176     1036.0000     1000.0750 75220787    3.47%
                                                    Covers: 1                  
 1171862 481861     1026.1667    99     1036.0000     1000.5000 76305951    3.43%
 1194335 486833     1032.0000   113     1036.0000     1000.9000 77407772    3.39%
                                                      Cuts: 3                  
 1215066 490715     1016.1722   146     1036.0000     1001.2917 78532310    3.35%
                                                      Cuts: 2                  
 1236940 494970        cutoff           1036.0000     1001.6667 79643905    3.31%
                                                    Covers: 1                  
 1259761 499091     1027.8571   166     1036.0000     1002.1471 80796846    3.27%
                                                    Covers: 1                  
 1280974 502711     1029.3333    76     1036.0000     1002.5000 81910925    3.23%
                                                      Cuts: 6                  
 1303486 506451     1006.9444   167     1036.0000     1002.9167 83006399    3.19%
Elapsed time = 755.58 sec. (283076.97 ticks, tree = 697.55 MB, solutions = 23)
Nodefile size = 569.58 MB (300.09 MB after compression)
 1325417 510052     1008.2500    96     1036.0000     1003.2500 84109479    3.16%
                                                      Cuts: 2                  
 1347625 513578     1015.6667    61     1036.0000     1003.6098 85241449    3.13%
 1369850 517087     1012.3333   126     1036.0000     1004.0000 86349553    3.09%
 1392818 520476     1020.3909   148     1036.0000     1004.3333 87522550    3.06%
                                                  ZeroHalf: 1                  
 1414470 523133     1029.3333    71     1036.0000     1004.6667 88626928    3.02%
                                                    Covers: 2                  
 1436357 526276     1017.8333    84     1036.0000     1005.0000 89729336    2.99%
 1459677 528726     1018.4762   202     1036.0000     1005.3333 90848543    2.96%
 1481430 529941     1028.0000   122     1036.0000     1005.6667 91921895    2.93%
 1505046 530853    infeasible           1036.0000     1006.0333 93087893    2.89%
 1527676 531943        cutoff           1036.0000     1006.3409 94178069    2.86%
Elapsed time = 863.15 sec. (321259.63 ticks, tree = 734.53 MB, solutions = 23)
Nodefile size = 606.55 MB (326.52 MB after compression)
 1550634 532660     1014.4205   186     1036.0000     1006.6667 95294527    2.83%
 1573818 533346     1015.7000   227     1036.0000     1007.0000 96434283    2.80%
 1596451 534117        cutoff           1036.0000     1007.3333 97502702    2.77%
                                                    Covers: 1                  
 1619513 535815     1015.5476   196     1036.0000     1007.6500 98586186    2.74%
 1643595 536636     1015.7000   104     1036.0000     1008.0000 99676243    2.70%
                                                    Covers: 1                  
 1665873 537036     1025.3030   137     1036.0000     1008.2500 1.01e+08    2.68%
                                                      Cuts: 3                  
 1688873 537269     1016.7791   128     1036.0000     1008.5139 1.02e+08    2.65%
                                                    Covers: 1                  
 1712845 537729     1027.8333   137     1036.0000     1008.9167 1.03e+08    2.61%
 1736299 538265     1015.2778   134     1036.0000     1009.1667 1.04e+08    2.59%
 1761043 538342     1023.0000    51     1036.0000     1009.5000 1.05e+08    2.56%
                                                    Covers: 1                  
Elapsed time = 972.62 sec. (359460.96 ticks, tree = 745.69 MB, solutions = 23)
Nodefile size = 617.53 MB (340.74 MB after compression)
 1784114 538434        cutoff           1036.0000     1009.7545 1.06e+08    2.53%
 1808853 538052     1029.1879   197     1036.0000     1010.0000 1.07e+08    2.51%
 1832559 537511     1013.4877   175     1036.0000     1010.3333 1.09e+08    2.48%
 1856884 537476     1020.5000   165     1036.0000     1010.6250 1.10e+08    2.45%
 1881242 536656     1022.9286   117     1036.0000     1011.0000 1.11e+08    2.41%
 1905378 535705        cutoff           1036.0000     1011.1667 1.12e+08    2.40%
 1929749 534617     1018.7273   190     1036.0000     1011.5000 1.13e+08    2.36%
 1952669 533691     1021.6667    89     1036.0000     1011.7500 1.14e+08    2.34%
                                                    Covers: 1                  
 1978036 532398     1022.0833    98     1036.0000     1012.0135 1.15e+08    2.32%
                                                      Cuts: 6                  
 2003151 530501     1031.8485    72     1036.0000     1012.3409 1.16e+08    2.28%
                                                    Covers: 2                  
Elapsed time = 1081.73 sec. (397633.05 ticks, tree = 736.90 MB, solutions = 23)
Nodefile size = 609.54 MB (342.85 MB after compression)
 2027566 529302     1017.2000   124     1036.0000     1012.6310 1.17e+08    2.26%
 2053130 527408        cutoff           1036.0000     1012.9524 1.18e+08    2.22%
 2077469 524874     1021.3333    72     1036.0000     1013.1667 1.19e+08    2.20%
 2103656 522887        cutoff           1036.0000     1013.4872 1.21e+08    2.17%
 2129136 519716     1031.0000   102     1036.0000     1013.7667 1.22e+08    2.15%
 2154101 517094     1018.5128   236     1036.0000     1014.0000 1.23e+08    2.12%
 2180643 513966     1031.4000   166     1036.0000     1014.3333 1.24e+08    2.09%
 2206589 510324        cutoff           1036.0000     1014.6667 1.25e+08    2.06%
 2231317 505982     1031.0000   174     1036.0000     1014.9000 1.26e+08    2.04%
 2258329 502471     1015.6905   168     1036.0000     1015.1667 1.27e+08    2.01%
Elapsed time = 1194.86 sec. (435886.78 ticks, tree = 700.33 MB, solutions = 23)
Nodefile size = 572.57 MB (331.12 MB after compression)
 2284731 498550     1023.6368   178     1036.0000     1015.5000 1.28e+08    1.98%
 2309821 494520     1024.2067   196     1036.0000     1015.6842 1.29e+08    1.96%
 2336557 490472        cutoff           1036.0000     1016.0000 1.30e+08    1.93%
 2363315 485403     1022.0833   144     1036.0000     1016.3333 1.31e+08    1.90%
 2389975 480056     1026.5151   221     1036.0000     1016.6364 1.32e+08    1.87%
 2416426 474604     1027.0000    89     1036.0000     1016.8750 1.34e+08    1.85%
 2443520 469609     1034.0278   172     1036.0000     1017.1667 1.35e+08    1.82%
 2470377 464457     1033.8333    81     1036.0000     1017.4667 1.36e+08    1.79%
 2497641 458744        cutoff           1036.0000     1017.7308 1.37e+08    1.76%
 2525419 452728     1028.0000   134     1036.0000     1018.0000 1.38e+08    1.74%
Elapsed time = 1303.43 sec. (474089.22 ticks, tree = 632.53 MB, solutions = 23)
Nodefile size = 504.62 MB (298.08 MB after compression)
 2552657 446583     1023.8333   142     1036.0000     1018.3000 1.39e+08    1.71%
 2579648 439968     1032.1111   111     1036.0000     1018.5556 1.40e+08    1.68%
 2607248 433039        cutoff           1036.0000     1018.9048 1.41e+08    1.65%
 2634427 426439     1023.0000   106     1036.0000     1019.1667 1.42e+08    1.62%
 2662439 419275     1023.2500   124     1036.0000     1019.5000 1.43e+08    1.59%
 2690233 411162     1031.6667    49     1036.0000     1019.8000 1.44e+08    1.56%
 2719241 403168     1027.0000   189     1036.0000     1020.0667 1.45e+08    1.54%
 2747276 394501     1030.4167   143     1036.0000     1020.4167 1.46e+08    1.50%
 2776318 385599     1033.8889    95     1036.0000     1020.7222 1.47e+08    1.47%
 2805448 376393     1023.3000   205     1036.0000     1021.0000 1.48e+08    1.45%
Elapsed time = 1409.61 sec. (512279.99 ticks, tree = 526.97 MB, solutions = 23)
Nodefile size = 399.69 MB (242.11 MB after compression)
 2834085 366639        cutoff           1036.0000     1021.3333 1.49e+08    1.42%
 2862915 356440     1031.3333   189     1036.0000     1021.6667 1.50e+08    1.38%
 2892640 345840     1030.5000   177     1036.0000     1022.0000 1.51e+08    1.35%
 2921522 334637     1028.9167    53     1036.0000     1022.3333 1.52e+08    1.32%
 2951760 322789     1033.3000   145     1036.0000     1022.6667 1.54e+08    1.29%
 2982729 310602     1030.6500   156     1036.0000     1023.0000 1.55e+08    1.25%
 3013539 297687        cutoff           1036.0000     1023.5000 1.56e+08    1.21%
 3044067 283658     1025.7333    98     1036.0000     1023.9359 1.57e+08    1.16%
 3075563 269404     1033.0000    46     1036.0000     1024.3333 1.58e+08    1.13%
 3107182 253945        cutoff           1036.0000     1024.7381 1.59e+08    1.09%
Elapsed time = 1513.64 sec. (550473.71 ticks, tree = 356.27 MB, solutions = 23)
Nodefile size = 232.80 MB (144.26 MB after compression)
 3139853 237716     1028.7500    74     1036.0000     1025.1667 1.60e+08    1.05%
 3172472 220272     1026.8636   184     1036.0000     1025.6667 1.61e+08    1.00%
 3206202 201692        cutoff           1036.0000     1026.1667 1.62e+08    0.95%
 3239939 181724        cutoff           1036.0000     1026.8571 1.63e+08    0.88%
 3274370 160793     1032.7500   104     1036.0000     1027.5000 1.64e+08    0.82%
 3310131 137550     1028.2400   178     1036.0000     1028.1667 1.64e+08    0.76%
 3347701 112219        cutoff           1036.0000     1029.0000 1.65e+08    0.68%
 3386947 83836        cutoff           1036.0000     1030.0000 1.66e+08    0.58%
 3428706 50733        cutoff           1036.0000     1031.5222 1.67e+08    0.43%
 3473817 10342        cutoff           1036.0000     1034.1667 1.68e+08    0.18%
Elapsed time = 1622.77 sec. (588638.78 ticks, tree = 10.57 MB, solutions = 23)
Nodefile size = 1.00 MB (0.62 MB after compression)

GUB cover cuts applied:  1
Clique cuts applied:  5
Cover cuts applied:  73
Zero-half cuts applied:  152
Gomory fractional cuts applied:  14

Root node processing (before b&c):
  Real time             =    2.90 sec. (1075.30 ticks)
Parallel b&c, 32 threads:
  Real time             = 1621.77 sec. (588131.31 ticks)
  Sync time (average)   =    2.46 sec.
  Wait time (average)   =    0.03 sec.
                          ------------
Total (root+branch&cut) = 1624.67 sec. (589206.62 ticks)


Solution status: Optimal
Execution time: 1624.9 sec
Gap: 0.00000
