Mon Jul  9 23:08:43 2018

Tried aggregator 2 times.
MIP Presolve eliminated 2300 rows and 73 columns.
Aggregator did 132 substitutions.
Reduced MIP has 2677 rows, 1182 columns, and 10500 nonzeros.
Reduced MIP has 1182 binaries, 0 generals, 0 SOSs, and 0 indicators.
Presolve time = 0.02 sec. (13.42 ticks)
Probing time = 0.00 sec. (0.83 ticks)
Tried aggregator 1 time.
Presolve time = 0.01 sec. (4.85 ticks)
Probing time = 0.00 sec. (0.83 ticks)
Clique table members: 5388.
MIP emphasis: balance optimality and feasibility.
MIP search method: dynamic search.
Parallel mode: deterministic, using up to 32 threads.
Root relaxation solution time = 0.02 sec. (16.98 ticks)

        Nodes                                         Cuts/
   Node  Left     Objective  IInf  Best Integer    Best Bound    ItCnt     Gap

      0     0      369.0000   177                    369.0000      357         
      0     0      402.6500   224                    Cuts: 54      583         
      0     0      428.7698   225                    Cuts: 48      789         
      0     0      436.4286   207                    Cuts: 42     1029         
      0     0      439.4444   216                    Cuts: 52     1221         
      0     0      441.3043   204                    Cuts: 42     1302         
      0     0      443.0156   214                    Cuts: 19     1361         
      0     0      443.1600   222                ZeroHalf: 29     1398         
      0     0      443.7969   221                    Cuts: 31     1446         
      0     0      444.3333   205                    Cuts: 24     1473         
*     0+    0                         1453.0000      444.3333     1492   69.42%
Found incumbent of value 1453.000000 after 1.02 sec. (377.67 ticks)
      0     0      444.3333   207     1453.0000  ZeroHalf: 38     1492   69.42%
      0     0      444.3333   191     1453.0000   ZeroHalf: 1     1493   69.42%
      0     0      444.3333   197     1453.0000  ZeroHalf: 46     1524   69.42%
*     0+    0                         1018.0000      444.3333     1524   56.35%
Found incumbent of value 1018.000000 after 2.14 sec. (817.61 ticks)
      0     2      444.3333   178     1018.0000      444.3333     1524   56.35%
Elapsed time = 2.17 sec. (823.01 ticks, tree = 0.01 MB, solutions = 2)
     17    19      546.5500   234     1018.0000      460.1994     5459   54.79%
                                                  ZeroHalf: 2                  
    366   279      629.0258   192     1018.0000      463.8669    32689   54.43%
                                                     Cuts: 15                  
*   772   554      integral     0     1003.0000      463.8669    60182   53.75%
Found incumbent of value 1003.000000 after 3.65 sec. (1307.17 ticks)
*   775   555      integral     0      995.0000      463.8669    60297   53.38%
Found incumbent of value 995.000000 after 3.65 sec. (1307.17 ticks)
*   940   659      integral     0      993.0000      463.8669    74953   53.29%
                                                     Cuts: 17                  
Found incumbent of value 993.000000 after 3.91 sec. (1351.00 ticks)
   2087  1474      605.1875   202      993.0000      463.9573   152084   53.28%
                                                      Cuts: 8                  
*  2383  1722      integral     0      966.0000      463.9573   172099   51.97%
Found incumbent of value 966.000000 after 4.73 sec. (1602.10 ticks)
   3498  2534      546.7588   222      966.0000      491.1734   245453   49.15%
                                                     Cuts: 12                  
   4833  3557      746.9250   144      966.0000      506.3195   340131   47.59%
                                                      Cuts: 6                  
*  8633+ 6502                          954.0000      536.5644   588739   43.76%
                                                      Cuts: 9                  
Found incumbent of value 954.000000 after 7.55 sec. (2575.47 ticks)
   9656  7145      448.0000   176      954.0000      560.6463   650002   41.23%
Elapsed time = 10.66 sec. (4187.67 ticks, tree = 14.51 MB, solutions = 7)
   9667  7152      495.2493   221      954.0000      560.6463   651835   41.23%
  11166  5939      665.7846   187      954.0000      560.6463   740777   41.23%
                                                     Cuts: 17                  
  14273  7233      700.4405   233      954.0000      560.6463  1011021   41.23%
                                                     Cuts: 14                  
  17064  8113      707.1310   168      954.0000      560.6463  1347302   41.23%
  19115  8710      566.8622   233      954.0000      560.6463  1550328   41.23%
                                                     Cuts: 10                  
* 20177+ 8885                          948.0000      560.6463  1664588   40.86%
                                                  ZeroHalf: 2                  
Found incumbent of value 948.000000 after 23.43 sec. (9379.99 ticks)
* 20305  8863      integral     0      923.0000      560.6463  1678286   39.26%
Found incumbent of value 923.000000 after 23.46 sec. (9386.47 ticks)
* 23152+10431                          920.0000      560.6463  2005328   39.06%
                                                      Cuts: 5                  
Found incumbent of value 920.000000 after 25.21 sec. (10287.60 ticks)
  23228 10500      728.5000   165      920.0000      560.6463  2018094   39.06%
  26776 12875      592.6667   150      920.0000      560.6463  2448894   39.06%
  29945 14877      650.6750   186      920.0000      560.6463  2823267   39.06%
                                                     Cuts: 13                  
  34368 17637      621.5947   200      920.0000      569.8571  3290718   38.06%
                                                    Covers: 2                  
Elapsed time = 32.08 sec. (13226.61 ticks, tree = 11.97 MB, solutions = 10)
  37516 19551      759.6250   135      920.0000      584.0889  3624129   36.51%
                                                      Cuts: 8                  
  40934 21673      872.1000   182      920.0000      593.7292  3992365   35.46%
                                                    Covers: 1                  
  44465 23795      629.1128   196      920.0000      593.7292  4337194   35.46%
  49025 26593      792.0000   161      920.0000      603.6538  4799762   34.39%
                                                      Cuts: 8                  
  53098 28948      864.2500    88      920.0000      612.5385  5233379   33.42%
                                                      Cuts: 3                  
  57467 31521      877.0909   215      920.0000      620.2121  5668625   32.59%
                                                    Covers: 2                  
  61657 33889      706.1680   223      920.0000      626.3727  6115185   31.92%
                                                      Cuts: 3                  
  64868 35696      770.7529   167      920.0000      626.3727  6447373   31.92%
  69759 38418      734.0000   108      920.0000      633.3080  6911153   31.16%
                                                    Covers: 5                  
* 70910 39066      integral     0      919.0000      633.3080  7013188   31.09%
Elapsed time = 52.21 sec. (21866.79 ticks, tree = 52.99 MB, solutions = 10)
Found incumbent of value 919.000000 after 52.21 sec. (21866.79 ticks)
* 73096+40248                          915.0000      640.0000  7209647   30.05%
                                                    Covers: 1                  
Found incumbent of value 915.000000 after 52.98 sec. (22256.13 ticks)
  74632 41064      876.7143   184      915.0000      640.0000  7364785   30.05%
  78500 42884      818.9000   174      915.0000      644.7532  7750623   29.54%
                                                      Cuts: 2                  
  83073 45283      803.9722   161      915.0000      649.9236  8172899   28.97%
                                                    Covers: 3                  
  88435 48169        cutoff            915.0000      654.8409  8656215   28.43%
                                                      Cuts: 4                  
  91758 49863      725.5250   171      915.0000      654.8409  8976772   28.43%
  96347 52195        cutoff            915.0000      659.5959  9393123   27.91%
                                                      Cuts: 5                  
 101135 54612      733.1786   183      915.0000      663.4444  9812361   27.49%
                                                      Cuts: 6                  
 106877 57476      887.7778    96      915.0000      667.8542 10302332   27.01%
                                                      Cuts: 2                  
 111517 59712      841.4962   198      915.0000      671.9565 10711016   26.56%
                                                    Covers: 1                  
 115979 61908      780.2500   102      915.0000      675.0132 11087973   26.23%
                                                      Cuts: 3                  
Elapsed time = 75.23 sec. (31455.82 ticks, tree = 78.83 MB, solutions = 12)
*117983 62894      integral     0      908.0000      675.0132 11255912   25.66%
Found incumbent of value 908.000000 after 76.23 sec. (31757.53 ticks)
*118015 62904      integral     0      907.0000      675.0132 11258406   25.58%
Found incumbent of value 907.000000 after 76.24 sec. (31760.40 ticks)
 122199 63920      861.7500   166      907.0000      678.6429 11618045   25.18%
*124181 64758      integral     0      905.0000      678.6429 11792779   25.01%
Found incumbent of value 905.000000 after 79.18 sec. (32942.41 ticks)
 127781 66161      743.5833   130      905.0000      682.5000 12100801   24.59%
 132648 68342      876.5000   126      905.0000      685.7500 12510516   24.23%
 138863 71108      775.3929   178      905.0000      689.1500 13003665   23.85%
 143520 73079      897.1667    98      905.0000      692.1667 13392415   23.52%
 148199 74983      847.3750   165      905.0000      695.0000 13778116   23.20%
                                                      Cuts: 3                  
 153124 77050      828.7500   133      905.0000      697.7500 14176906   22.90%
                                                      Cuts: 5                  
Elapsed time = 93.53 sec. (38698.35 ticks, tree = 96.47 MB, solutions = 15)
 158196 79099      874.8750   157      905.0000      700.2500 14587748   22.62%
 162173 80696      776.5000   140      905.0000      700.2500 14896271   22.62%
 167275 82705      899.0000   112      905.0000      703.0875 15301306   22.31%
                                                    Covers: 4                  
 172024 84472      875.6111   140      905.0000      705.1667 15681152   22.08%
                                                      Cuts: 3                  
 177210 86383      786.1667   163      905.0000      707.5167 16089629   21.82%
 182794 88391      779.5000   142      905.0000      710.0000 16525270   21.55%
                                                    Covers: 2                  
 187554 90000      838.8333   114      905.0000      712.3407 16894990   21.29%
                                                    Covers: 3                  
 192933 91926      781.4286   209      905.0000      714.5000 17296686   21.05%
 198197 93814      870.0000   148      905.0000      716.7000 17697987   20.81%
                                                  ZeroHalf: 1                  
 203405 95562      740.2917   135      905.0000      718.8333 18084589   20.57%
Elapsed time = 115.19 sec. (48305.06 ticks, tree = 115.11 MB, solutions = 15)
 208459 97295      861.0000   125      905.0000      721.0938 18461245   20.32%
*208757+97394                          894.0000      721.0938 18480812   19.34%
Found incumbent of value 894.000000 after 117.90 sec. (49110.87 ticks)
 214026 96748      853.7500   116      894.0000      722.8947 18877598   19.14%
                                                    Covers: 2                  
 219633 98424      810.1667    90      894.0000      725.1667 19277881   18.89%
                                                      Cuts: 2                  
 224649 99928      878.5556   180      894.0000      727.0956 19625580   18.67%
                                                    Covers: 1                  
 230478 101523      848.0000    72      894.0000      729.0000 20042356   18.46%
                                                    Covers: 2                  
 236029 103036      801.6000   181      894.0000      730.8457 20448453   18.25%
 241786 104630        cutoff            894.0000      732.8125 20850500   18.03%
 246400 105723      768.7690   211      894.0000      734.8750 21191654   17.80%
                                                    Covers: 1                  
 252459 107254      770.6250   164      894.0000      736.5000 21606128   17.62%
                                                      Cuts: 4                  
 258069 108726        cutoff            894.0000      738.0000 21993392   17.45%
Elapsed time = 139.88 sec. (57905.17 ticks, tree = 128.32 MB, solutions = 16)
 263840 110139      771.2286   176      894.0000      740.0617 22387801   17.22%
 268934 111245        cutoff            894.0000      741.5833 22757781   17.05%
                                                  ZeroHalf: 1                  
 274643 112515      834.4167   135      894.0000      743.2500 23169294   16.86%
                                                    Covers: 1                  
 280241 113724      844.9375   168      894.0000      745.0000 23567244   16.67%
                                                    Covers: 3                  
 286198 114938      809.0714   162      894.0000      746.7424 23975308   16.47%
 291160 115886      816.0000   116      894.0000      748.5000 24304728   16.28%
                                                      Cuts: 3                  
 298008 117199      857.5000   117      894.0000      749.8857 24749336   16.12%
                                                    Covers: 1                  
 304619 118499      790.2500   146      894.0000      753.0000 25167829   15.77%
                                                    Covers: 4                  
 310414 119582      801.3333    83      894.0000      754.6984 25537308   15.58%
 316169 120614      819.4583   194      894.0000      756.2500 25910572   15.41%
                                                    Covers: 2                  
Elapsed time = 165.47 sec. (67515.10 ticks, tree = 141.46 MB, solutions = 16)
Nodefile size = 13.86 MB (9.50 MB after compression)
 321989 121717      769.0000   112      894.0000      757.5655 26277970   15.26%
                                                      Cuts: 2                  
 328013 122737      809.1667   140      894.0000      759.2500 26662397   15.07%
                                                    Covers: 3                  
 333936 123689      858.0000   119      894.0000      760.8667 27049259   14.89%
                                                      Cuts: 5                  
 340116 124633      843.3333   155      894.0000      762.2188 27441004   14.74%
                                                    Covers: 3                  
 346090 125692      827.6667   176      894.0000      763.5000 27790396   14.60%
 352529 126801      840.2727   203      894.0000      764.8571 28174588   14.45%
                                                    Covers: 2                  
 359242 127883      842.3000   146      894.0000      766.2500 28577150   14.29%
                                                    Covers: 2                  
 365408 128723      827.5000   117      894.0000      767.5000 28953866   14.15%
 371795 129637      817.6667   166      894.0000      769.0000 29325703   13.98%
 378268 130575      807.0000    87      894.0000      770.2500 29701318   13.84%
Elapsed time = 191.22 sec. (77111.56 ticks, tree = 151.36 MB, solutions = 16)
Nodefile size = 23.80 MB (16.13 MB after compression)
 385472 131540      858.1667    71      894.0000      773.0000 30106582   13.53%
 392132 132490        cutoff            894.0000      774.2500 30480941   13.39%
 398737 133310      797.5000   163      894.0000      775.5000 30858134   13.26%
 405051 134012      816.3333    96      894.0000      776.6667 31217649   13.12%
 411815 134661      825.1389   180      894.0000      778.0000 31602616   12.98%
 418695 135374      874.5000   109      894.0000      779.3333 31977900   12.83%
 425547 135980      866.0000   124      894.0000      780.5556 32347731   12.69%
 433209 136554      888.8182   186      894.0000      783.0000 32770382   12.42%
                                                    Covers: 4                  
 440203 137010      884.0000    83      894.0000      784.2917 33141716   12.27%
                                                    Covers: 8                  
 468660 138722      867.3333    57      894.0000      789.0000 34624066   11.74%
                                                    Covers: 9                  
Elapsed time = 224.06 sec. (89554.67 ticks, tree = 160.73 MB, solutions = 16)
Nodefile size = 32.69 MB (21.74 MB after compression)
 498116 139798      808.5500   134      894.0000      794.6111 36075104   11.12%
                                                    Covers: 7                  
 528438 140069      884.2500   126      894.0000      800.0000 37537750   10.51%
                                                      Cuts: 8                  
 559748 139656      870.9524   142      894.0000      805.0000 38962546    9.96%
                                                    Covers: 3                  
 592385 137996      865.6667    86      894.0000      810.0000 40404334    9.40%
                                                    Covers: 1                  
 626313 135027      840.0000    77      894.0000      815.0303 41830654    8.83%
                                                    Covers: 3                  
 661267 130705        cutoff            894.0000      821.0000 43226653    8.17%
                                                    Covers: 8                  
 697776 125472      875.0000    23      894.0000      825.6667 44580406    7.64%
                                                  ZeroHalf: 1                  
 737145 117893        cutoff            894.0000      831.6667 45957763    6.97%
 777562 108949        cutoff            894.0000      836.5000 47257190    6.43%
 820831 97951      860.0000    73      894.0000      842.5000 48519124    5.76%
Elapsed time = 324.82 sec. (127737.47 ticks, tree = 114.41 MB, solutions = 16)
Nodefile size = 34.69 MB (23.05 MB after compression)
 867900 83844      875.0833    47      894.0000      849.0000 49763055    5.03%
 917212 66577      873.6190    85      894.0000      855.6667 50896317    4.29%
 971233 44345      890.2222    73      894.0000      864.0000 51930428    3.36%
 1031808 12093        cutoff            894.0000      880.0000 52823559    1.57%

Cover cuts applied:  166
Zero-half cuts applied:  128
Gomory fractional cuts applied:  6

Root node processing (before b&c):
  Real time             =    2.06 sec. (766.28 ticks)
Parallel b&c, 32 threads:
  Real time             =  364.96 sec. (143165.96 ticks)
  Sync time (average)   =    0.72 sec.
  Wait time (average)   =    0.01 sec.
                          ------------
Total (root+branch&cut) =  367.02 sec. (143932.24 ticks)


Solution status: Optimal
Execution time: 367.2 sec
Gap: 0.00000
