Tue Jul 10 03:40:27 2018

Tried aggregator 2 times.
MIP Presolve eliminated 5328 rows and 97 columns.
Aggregator did 256 substitutions.
Reduced MIP has 4333 rows, 1412 columns, and 15944 nonzeros.
Reduced MIP has 1412 binaries, 0 generals, 0 SOSs, and 0 indicators.
Presolve time = 0.03 sec. (23.17 ticks)
Probing time = 0.00 sec. (1.05 ticks)
Tried aggregator 1 time.
Presolve time = 0.01 sec. (6.99 ticks)
Probing time = 0.00 sec. (1.05 ticks)
Clique table members: 6952.
MIP emphasis: balance optimality and feasibility.
MIP search method: dynamic search.
Parallel mode: deterministic, using up to 32 threads.
Root relaxation solution time = 0.16 sec. (47.44 ticks)

        Nodes                                         Cuts/
   Node  Left     Objective  IInf  Best Integer    Best Bound    ItCnt     Gap

      0     0      678.0000   175                    678.0000      758         
      0     0      756.4583   265                    Cuts: 60     1405         
      0     0      769.1806   275                    Cuts: 46     1619         
      0     0      775.0442   298                    Cuts: 27     2052         
      0     0      778.6682   284                    Cuts: 41     2507         
      0     0      779.3548   268                    Cuts: 22     2742         
      0     0      779.6244   275                    Cuts: 21     2862         
      0     0      780.0000   196                    Cuts: 27     2941         
      0     0      780.0000   238                    Cuts: 71     3019         
      0     0      780.0000   260                    Cuts: 21     3174         
*     0+    0                         1918.0000      780.0000     3174   59.33%
Found incumbent of value 1918.000000 after 2.20 sec. (1331.17 ticks)
*     0+    0                         1521.0000      780.0000     3174   48.72%
Found incumbent of value 1521.000000 after 2.87 sec. (1471.24 ticks)
      0     2      780.0000   168     1521.0000      780.0000     3174   48.72%
Elapsed time = 2.94 sec. (1485.79 ticks, tree = 0.01 MB, solutions = 2)
      3     5      801.5248   311     1521.0000      783.0043     6147   48.52%
     24    26      854.1071   274     1521.0000      785.0430    12677   48.39%
                                                  Impl Bds: 8                  
     53    55      830.2324   271     1521.0000      802.1316    25277   47.26%
                                                 Impl Bds: 20                  
    297   299      867.9545   251     1521.0000      802.1316    70677   47.26%
                                                     Cuts: 17                  
    301   303      893.5000   146     1521.0000      802.1316    72980   47.26%
    779   765      916.4167   212     1521.0000      802.1316   201052   47.26%
                                                  Impl Bds: 9                  
    877   861      925.7917   218     1521.0000      802.1316   221780   47.26%
*   932+  914                         1353.0000      802.1316   231011   40.71%
Found incumbent of value 1353.000000 after 7.94 sec. (2967.06 ticks)
*  1336  1257      integral     0     1321.0000      802.1316   278358   39.28%
Found incumbent of value 1321.000000 after 8.28 sec. (3356.97 ticks)
   2194  1797      839.0625   229     1321.0000      817.6215   387468   38.11%
                                                     Cuts: 29                  
*  2269  1858      integral     0     1215.0000      817.6215   407079   32.71%
Elapsed time = 8.91 sec. (3600.30 ticks, tree = 0.24 MB, solutions = 3)
Found incumbent of value 1215.000000 after 8.92 sec. (3600.30 ticks)
   3916  2996      889.3242   236     1215.0000      834.1351   664651   31.35%
                                                     Cuts: 21                  
   6572  5307     1006.3438   337     1215.0000      840.2500  1045894   30.84%
                                                     Cuts: 36                  
   8298  6842     1023.4398   219     1215.0000      840.2500  1323321   30.84%
  10590  8832      780.0000   245     1215.0000      855.9118  1645070   29.55%
  10594  8836      793.7407   268     1215.0000      855.9118  1647578   29.55%
  10607  8844      857.2679   241     1215.0000      855.9118  1657930   29.55%
  10647  8864      849.9167   263     1215.0000      855.9118  1672135   29.55%
                                                      Cuts: 6                  
  11802  9377      912.0000   195     1215.0000      855.9118  1864639   29.55%
                                                      Cuts: 2                  
  12509  9682      944.6087   236     1215.0000      855.9118  1997676   29.55%
  14223 10287      941.7188   221     1215.0000      855.9118  2237319   29.55%
                                                     Cuts: 13                  
Elapsed time = 34.01 sec. (17035.64 ticks, tree = 15.59 MB, solutions = 10)
  15984 10921     1005.0000   210     1215.0000      855.9118  2414623   29.55%
                                                  ZeroHalf: 4                  
  18063 11867     1038.7083   242     1215.0000      855.9118  2573898   29.55%
                                                  ZeroHalf: 3                  
  21229 13274      995.8611   229     1215.0000      855.9118  2748666   29.55%
* 22139 12625      integral     0     1195.0000      855.9118  2802436   28.38%
Found incumbent of value 1195.000000 after 41.79 sec. (20075.10 ticks)
  24091 13249     1131.4833   166     1195.0000      855.9118  2928267   28.38%
                                                      Cuts: 8                  
  27699 15270      932.2857   298     1195.0000      855.9118  3141472   28.38%
* 29669 16978      integral     0     1090.0000      855.9118  3254716   21.48%
Found incumbent of value 1090.000000 after 45.91 sec. (21999.39 ticks)
* 30158 17306      integral     0     1066.0000      855.9118  3280409   19.71%
Found incumbent of value 1066.000000 after 45.91 sec. (21999.39 ticks)
* 30574+10737                         1059.0000      868.4693  3303085   17.99%
                                                      Cuts: 8                  
Found incumbent of value 1059.000000 after 46.22 sec. (22217.77 ticks)
  31196 11269      953.5714   155     1059.0000      868.4693  3353494   17.99%
  34264 13268        cutoff           1059.0000      875.3654  3567507   17.34%
Elapsed time = 50.87 sec. (24096.49 ticks, tree = 230.05 MB, solutions = 15)
Nodefile size = 97.03 MB (74.60 MB after compression)
  35682 14424     1007.0000    63     1059.0000      875.3654  3697447   17.34%
  38986 16990      983.3333   194     1059.0000      881.5000  3999715   16.76%
  40544 18244      906.7965   228     1059.0000      881.5000  4102680   16.76%
  43398 20510     1020.8333   219     1059.0000      886.6667  4296033   16.27%
  46820 23273      931.1667   133     1059.0000      886.6667  4517711   16.27%
  50002 25786      915.5443   263     1059.0000      891.8750  4720513   15.78%
  52914 28056      964.0000   153     1059.0000      891.8750  4921270   15.78%
  54459 29213      924.7238   143     1059.0000      894.7000  5027739   15.51%
  57627 31753     1045.3750   117     1059.0000      894.7000  5227697   15.51%
  60279 33822      967.3258   194     1059.0000      898.2500  5383350   15.18%
Elapsed time = 81.38 sec. (34576.81 ticks, tree = 1097.01 MB, solutions = 15)
Nodefile size = 961.54 MB (728.46 MB after compression)
  63621 36494      979.1391   207     1059.0000      898.2500  5608146   15.18%
  66438 38733      937.6142   217     1059.0000      900.8674  5805384   14.93%
                                                      Cuts: 3                  
* 66462+38748                         1054.0000      900.8674  5808154   14.53%
Found incumbent of value 1054.000000 after 88.67 sec. (36265.28 ticks)
  68498 40068     1032.2763   262     1054.0000      900.8674  5940923   14.53%
  71787 42602      963.3889   240     1054.0000      903.7500  6142441   14.26%
                                                      Cuts: 2                  
  74603 44802      941.7500   176     1054.0000      903.7500  6295807   14.26%
  78929 48141      959.7962   178     1054.0000      906.3167  6534639   14.01%
                                                  ZeroHalf: 2                  
  82778 51049     1020.9048   126     1054.0000      906.3167  6768708   14.01%
  83936 51921      951.7143   171     1054.0000      907.8000  6831663   13.87%
  88320 55323      937.9250   228     1054.0000      907.8000  7065712   13.87%
  91269 57562      995.5182   183     1054.0000      909.5000  7216362   13.71%
                                                    Covers: 1                  
Elapsed time = 113.38 sec. (45613.28 ticks, tree = 2072.30 MB, solutions = 17)
Nodefile size = 1938.30 MB (1457.94 MB after compression)
  94490 59969      937.5000   229     1054.0000      909.5000  7445142   13.71%
  96571 61538     1053.0000   235     1054.0000      911.2461  7579423   13.54%
                                                      Cuts: 2                  
  98892 63291      949.0469   247     1054.0000      911.2461  7712374   13.54%
 102292 65830     1000.2429   136     1054.0000      912.7656  7907621   13.40%
                                                  ZeroHalf: 1                  
 107710 69906      997.6781   224     1054.0000      912.7656  8197205   13.40%
 108542 70526      976.5000   183     1054.0000      914.5000  8236895   13.24%
                                                  ZeroHalf: 1                  
 111022 72355     1007.6604   121     1054.0000      914.5000  8423091   13.24%
 113558 74231        cutoff           1054.0000      915.2500  8589786   13.16%
                                                  ZeroHalf: 3                  
 116834 76654      981.0000    97     1054.0000      915.2500  8768306   13.16%
 119405 78599      955.2500   219     1054.0000      916.9044  8902382   13.01%
                                                    Covers: 1                  
Elapsed time = 141.52 sec. (55274.91 ticks, tree = 2811.63 MB, solutions = 17)
Nodefile size = 2677.65 MB (2005.15 MB after compression)
 122637 81055      968.3750   152     1054.0000      916.9044  9057982   13.01%
 125181 82981      939.2289   301     1054.0000      918.0000  9189700   12.90%
                                                      Cuts: 4                  
 128253 85253      963.4861   260     1054.0000      918.0000  9363550   12.90%
 130802 87143     1024.6842   173     1054.0000      919.0000  9498117   12.81%
                                                      Cuts: 3                  
 134418 89894        cutoff           1054.0000      919.0000  9718804   12.81%
 138218 92728      948.0214   249     1054.0000      920.0667  9930769   12.71%
 141040 94874        cutoff           1054.0000      920.0667 10073188   12.71%
 143355 96541      933.4306   169     1054.0000      921.2083 10207573   12.60%
                                                  ZeroHalf: 1                  
 147551 99658      963.1143   243     1054.0000      921.2083 10421326   12.60%
 149356 100997      990.5179   242     1054.0000      922.1607 10506259   12.51%
                                                    Covers: 1                  
Elapsed time = 172.13 sec. (64999.94 ticks, tree = 3795.38 MB, solutions = 17)
Nodefile size = 3660.98 MB (2733.61 MB after compression)
 153853 104371      952.7000   200     1054.0000      922.1607 10725622   12.51%
 155484 105608     1024.6714   199     1054.0000      923.0000 10798684   12.43%
                                                      Cuts: 5                  
 158936 108136      972.0000   130     1054.0000      923.0000 11026000   12.43%
 161328 109858        cutoff           1054.0000      923.8333 11168303   12.35%
 165468 112837      975.1000   206     1054.0000      924.7095 11396215   12.27%
 169756 116038      994.5833   147     1054.0000      924.7095 11603548   12.27%
 172730 118195     1030.7500   147     1054.0000      925.6667 11742464   12.18%
 174842 119752      936.7500   221     1054.0000      925.6667 11884019   12.18%
 178357 122236     1034.4540   162     1054.0000      926.4167 12105925   12.10%
 182618 125250      964.4211   204     1054.0000      927.1111 12332590   12.04%
Elapsed time = 203.51 sec. (75739.67 ticks, tree = 4796.01 MB, solutions = 17)
Nodefile size = 4662.56 MB (3470.21 MB after compression)
 186010 127735      998.0000   157     1054.0000      927.1111 12498880   12.04%
 189434 130249     1019.4762   250     1054.0000      928.0000 12678182   11.95%
 192250 132285      970.6777   193     1054.0000      928.0000 12881479   11.95%
 195078 134307      966.3333   190     1054.0000      928.5000 13050648   11.91%
                                                  ZeroHalf: 1                  
 199035 137122      937.4167   148     1054.0000      929.0500 13265791   11.85%
                                                  ZeroHalf: 1                  
*199862 137717      integral     0     1051.0000      929.0500 13315996   11.60%
Found incumbent of value 1051.000000 after 221.17 sec. (81140.94 ticks)
 203441 140311      986.3333   146     1051.0000      929.0500 13491289   11.60%
 204590 140885      967.6827   184     1051.0000      929.8254 13549807   11.53%
 207374 142901     1007.1500   223     1051.0000      929.8254 13736211   11.53%
 211226 145556      992.2500   152     1051.0000      930.3889 13975468   11.48%
                                                    Covers: 1                  
Elapsed time = 230.90 sec. (84969.79 ticks, tree = 5479.27 MB, solutions = 18)
Nodefile size = 5345.54 MB (3964.79 MB after compression)
 214854 148082      969.5000   192     1051.0000      930.3889 14166168   11.48%
 217095 149636     1013.5000   216     1051.0000      931.0000 14276671   11.42%
 220829 152208      969.5000   212     1051.0000      931.5556 14464453   11.36%
 226045 155868     1035.6183   135     1051.0000      931.5556 14710066   11.36%
 227734 157020     1046.1974   119     1051.0000      932.3905 14798320   11.29%
 230719 159043      938.2500   166     1051.0000      932.3905 14990424   11.29%
 233193 160763      954.7273   264     1051.0000      932.8667 15159453   11.24%
 237563 163792     1025.3333    85     1051.0000      933.4167 15380320   11.19%
 241595 166591     1047.0076   156     1051.0000      933.4167 15595229   11.19%
 252581 174000     1045.4545   178     1051.0000      935.0000 16244465   11.04%
Elapsed time = 273.71 sec. (98772.91 ticks, tree = 6708.24 MB, solutions = 18)
Nodefile size = 6574.06 MB (4852.78 MB after compression)
*253715 174784      integral     0     1040.0000      935.0000 16303524   10.10%
Found incumbent of value 1040.000000 after 274.74 sec. (98772.91 ticks)
 264912 179449     1026.6333   206     1040.0000      936.1304 16946221    9.99%
*271068+183288                         1030.0000      936.7523 17287294    9.05%
Found incumbent of value 1030.000000 after 292.22 sec. (104508.98 ticks)
 275878 178435     1026.3571   181     1030.0000      937.2333 17576451    9.01%
 287842 185114        cutoff           1030.0000      938.1845 18308103    8.91%
 298087 190465     1008.2381   192     1030.0000      939.9167 18956670    8.75%
 309186 196556      988.5556   222     1030.0000      940.7500 19638978    8.67%
 320599 202791      945.6667   192     1030.0000      941.7778 20300408    8.57%
 332696 209347      973.0000   165     1030.0000      943.1261 20992060    8.43%
*341568 214165      integral     0     1026.0000      943.5000 21554588    8.04%
Found incumbent of value 1026.000000 after 366.18 sec. (128361.70 ticks)
 351603 214394      977.7619   184     1026.0000      944.4286 22197697    7.95%
Elapsed time = 378.03 sec. (132192.14 ticks, tree = 8017.31 MB, solutions = 21)
Nodefile size = 7886.26 MB (5770.62 MB after compression)
 362986 220110     1017.0778   126     1026.0000      945.5714 22854801    7.84%
 374616 225975        cutoff           1026.0000      946.3333 23573711    7.76%
                                                    Covers: 1                  
 385302 230966     1005.6863   198     1026.0000      947.5000 24276026    7.65%
                                                      Cuts: 8                  
 396777 236658      992.1667   189     1026.0000      948.1140 25019795    7.59%
                                                  ZeroHalf: 1                  
 408061 242298     1013.9333   158     1026.0000      948.9487 25715907    7.51%
 418470 247282      980.0000   159     1026.0000      949.9231 26370215    7.41%
                                                      Cuts: 7                  
 429910 252854     1007.9762   163     1026.0000      950.5333 27101221    7.36%
 441285 258413      954.9286   228     1026.0000      951.2500 27783919    7.29%
 453352 264028     1005.3000   196     1026.0000      952.2917 28435279    7.18%
 465621 269762      995.3319   260     1026.0000      952.8750 29184612    7.13%
                                                  ZeroHalf: 1                  
Elapsed time = 503.66 sec. (170825.27 ticks, tree = 9633.11 MB, solutions = 21)
Nodefile size = 9499.64 MB (6860.27 MB after compression)
 476749 274903      994.6667   199     1026.0000      953.4107 29866003    7.07%
 487996 280057     1024.3333   162     1026.0000      954.3333 30550805    6.99%
 499296 285205      967.5000   162     1026.0000      954.8667 31234711    6.93%
                                                      Cuts: 3                  
 512142 291096      969.0476   183     1026.0000      955.4079 31993525    6.88%
 522832 295811      986.8050   172     1026.0000      956.1667 32552705    6.81%
                                                  ZeroHalf: 1                  
 534067 300676      984.6111   186     1026.0000      956.7464 33295166    6.75%
                                                  ZeroHalf: 1                  
 546650 306200      996.3333   185     1026.0000      957.2238 33982015    6.70%
                                                    Covers: 1                  
 557212 310572      971.3333   147     1026.0000      958.0000 34644198    6.63%
                                                    Covers: 1                  
 568821 315530      983.2667   155     1026.0000      958.4250 35364016    6.59%
*576945 319120      integral     0     1018.0000      958.7286 35854872    5.82%
Elapsed time = 625.30 sec. (207262.66 ticks, tree = 10754.16 MB, solutions = 22)
Nodefile size = 10624.53 MB (7582.77 MB after compression)
Found incumbent of value 1018.000000 after 625.30 sec. (207262.66 ticks)
*577059+303654                         1012.0000      959.0000 35862927    5.24%
Found incumbent of value 1012.000000 after 625.58 sec. (207779.57 ticks)
 587404 289372      970.4167   160     1012.0000      959.5185 36408220    5.19%
 598884 292255      997.0000   149     1012.0000      960.0780 37160942    5.13%
 612086 295314        cutoff           1012.0000      961.0000 37899949    5.04%
 624322 298064      973.2500   202     1012.0000      961.5000 38689565    4.99%
 636894 300633    infeasible           1012.0000      962.3611 39429340    4.91%
                                                    Covers: 1                  
 648493 303130     1000.3750   123     1012.0000      962.8750 40127974    4.85%
 661739 305973    infeasible           1012.0000      963.6667 40911247    4.78%
 673311 308313        cutoff           1012.0000      964.1539 41621742    4.73%
 686302 310710        cutoff           1012.0000      964.9048 42388114    4.65%
 698269 312505     1005.4333   140     1012.0000      965.4167 43138116    4.60%
Elapsed time = 754.85 sec. (246460.76 ticks, tree = 9525.81 MB, solutions = 23)
Nodefile size = 9395.43 MB (6615.36 MB after compression)
*701557 313009      integral     0     1010.0000      965.7101 43299160    4.39%
                                                  ZeroHalf: 1                  
Found incumbent of value 1010.000000 after 760.33 sec. (247144.28 ticks)
 712495 307905      978.6667   165     1010.0000      966.1629 43950722    4.34%
 724570 309325        cutoff           1010.0000      966.6667 44669438    4.29%
 736966 310675     1006.4000   157     1010.0000      967.4123 45395575    4.22%
                                                    Covers: 1                  
 749284 311843      990.1136   178     1010.0000      967.9167 46124388    4.17%
 761759 313095      989.0667   181     1010.0000      968.5833 46834151    4.10%
 774274 314252        cutoff           1010.0000      969.0185 47565718    4.06%
 787524 315428        cutoff           1010.0000      969.7500 48297923    3.99%
                                                  ZeroHalf: 1                  
 800383 316457     1003.6417   191     1010.0000      970.2222 49027403    3.94%
                                                  ZeroHalf: 1                  
 813765 317501        cutoff           1010.0000      970.8889 49729547    3.87%
Elapsed time = 878.15 sec. (281691.05 ticks, tree = 8671.74 MB, solutions = 24)
Nodefile size = 8542.83 MB (5970.46 MB after compression)
 827014 318469        cutoff           1010.0000      971.3333 50455252    3.83%
 840876 319018      992.4000   198     1010.0000      972.0000 51164969    3.76%
 853444 319704      982.4286   186     1010.0000      972.4167 51938963    3.72%
 866538 320042      973.3667   125     1010.0000      973.0000 52715082    3.66%
                                                    Covers: 1                  
 880704 320654     1007.2143   220     1010.0000      973.4762 53394435    3.62%
 892883 320890        cutoff           1010.0000      974.0000 54129806    3.56%
 906587 321026      979.6000   144     1010.0000      974.5000 54805611    3.51%
 919928 321208      979.9615   171     1010.0000      975.0000 55590692    3.47%
 933821 321267        cutoff           1010.0000      975.4107 56242927    3.42%
 947346 321181     1003.7500   203     1010.0000      976.0000 56994071    3.37%
Elapsed time = 1010.01 sec. (320194.96 ticks, tree = 7801.88 MB, solutions = 24)
Nodefile size = 7674.20 MB (5330.28 MB after compression)
 961446 320978      990.5000   117     1010.0000      976.3333 57717490    3.33%
 975590 320803      981.0081   225     1010.0000      976.9333 58461178    3.27%
                                                    Covers: 1                  
 989859 320356      980.2500   242     1010.0000      977.2667 59191896    3.24%
 1003761 319745        cutoff           1010.0000      977.8500 59889495    3.18%
 1018098 319028     1007.8571   209     1010.0000      978.3667 60616553    3.13%
 1032156 318303     1002.0577   150     1010.0000      978.7348 61390809    3.10%
                                                    Covers: 1                  
 1046915 317289      992.0000   141     1010.0000      979.2000 62166167    3.05%
 1060721 316239        cutoff           1010.0000      979.5714 62855504    3.01%
                                                  ZeroHalf: 1                  
 1074244 314911        cutoff           1010.0000      980.0634 63551526    2.96%
 1089676 313472      989.0152   170     1010.0000      980.6667 64256518    2.90%
Elapsed time = 1143.53 sec. (358601.74 ticks, tree = 6730.65 MB, solutions = 24)
Nodefile size = 6606.58 MB (4574.26 MB after compression)
 1104056 312082      995.1000   146     1010.0000      981.0000 64965325    2.87%
 1118320 310374      987.5417   207     1010.0000      981.5000 65660766    2.82%
 1134173 308510     1008.5417   227     1010.0000      981.8333 66475242    2.79%
 1148784 306419      990.9150   174     1010.0000      982.3333 67180297    2.74%
 1163699 304138      987.0714   186     1010.0000      982.8485 67884177    2.69%
 1178689 301772        cutoff           1010.0000      983.1667 68684090    2.66%
 1193472 299059        cutoff           1010.0000      983.6548 69388532    2.61%
 1208508 296315     1001.2000   150     1010.0000      984.1414 70138948    2.56%
 1223499 293567        cutoff           1010.0000      984.5000 70900471    2.52%
 1238779 290249     1006.0583   219     1010.0000      984.9333 71615422    2.48%
Elapsed time = 1268.69 sec. (396907.57 ticks, tree = 5398.56 MB, solutions = 24)
Nodefile size = 5273.28 MB (3656.18 MB after compression)
 1254421 286709     1005.7000   252     1010.0000      985.4500 72342206    2.43%
 1270211 283156      989.1658   216     1010.0000      985.9167 73137823    2.38%
 1285458 279387        cutoff           1010.0000      986.2000 73817254    2.36%
 1300646 275600        cutoff           1010.0000      986.7024 74555486    2.31%
 1316482 271163        cutoff           1010.0000      987.1810 75336632    2.26%
 1332163 266631     1008.3846   206     1010.0000      987.6667 76007707    2.21%
 1346589 262506      997.8125   205     1010.0000      988.0000 76736058    2.18%
 1363447 257278     1006.8676   200     1010.0000      988.5000 77509920    2.13%
 1379693 251834        cutoff           1010.0000      989.0000 78205547    2.08%
 1395534 246513        cutoff           1010.0000      989.4957 78992410    2.03%
Elapsed time = 1392.29 sec. (435214.80 ticks, tree = 3993.88 MB, solutions = 24)
Nodefile size = 3872.64 MB (2694.39 MB after compression)
 1411918 240878     1007.3333   106     1010.0000      989.8167 79661413    2.00%
 1427550 234824     1008.1250   186     1010.0000      990.3333 80404055    1.95%
 1444198 228448        cutoff           1010.0000      990.8333 81126150    1.90%
 1460680 221976      995.4167    98     1010.0000      991.3544 81814590    1.85%
 1477283 215090        cutoff           1010.0000      991.8772 82606332    1.79%
 1494182 207918     1004.9541   203     1010.0000      992.2246 83269843    1.76%
 1510426 200669     1007.9167    99     1010.0000      992.7833 83986665    1.70%
 1527551 192477        cutoff           1010.0000      993.3333 84782312    1.65%
 1545249 184011        cutoff           1010.0000      993.9048 85510898    1.59%
 1562309 175285     1007.6000    98     1010.0000      994.5000 86281648    1.53%
Elapsed time = 1512.27 sec. (473426.27 ticks, tree = 2462.66 MB, solutions = 24)
Nodefile size = 2345.73 MB (1647.14 MB after compression)
 1579723 166115     1001.0000   151     1010.0000      995.1222 87071186    1.47%
 1597793 156181        cutoff           1010.0000      995.7885 87709209    1.41%
 1615112 146518        cutoff           1010.0000      996.2222 88468408    1.36%
 1633023 135587        cutoff           1010.0000      996.9557 89227501    1.29%
 1651646 123463     1005.2000    99     1010.0000      997.7083 90072628    1.22%
 1670426 110721     1000.4000   170     1010.0000      998.5714 90809409    1.13%
 1690139 96750     1002.1944   177     1010.0000      999.5088 91706109    1.04%
 1711049 81041        cutoff           1010.0000     1000.6667 92590261    0.92%
 1733086 63172        cutoff           1010.0000     1002.1667 93458822    0.78%
 1756932 42008        cutoff           1010.0000     1004.2143 94259374    0.57%
Elapsed time = 1617.10 sec. (511629.19 ticks, tree = 432.90 MB, solutions = 24)
Nodefile size = 408.52 MB (296.11 MB after compression)
 1783231 15711     1007.1429   181     1010.0000     1006.7500 94932618    0.32%

Clique cuts applied:  10
Cover cuts applied:  36
Zero-half cuts applied:  155
Gomory fractional cuts applied:  9

Root node processing (before b&c):
  Real time             =    2.78 sec. (1399.33 ticks)
Parallel b&c, 32 threads:
  Real time             = 1628.22 sec. (515553.50 ticks)
  Sync time (average)   =    1.38 sec.
  Wait time (average)   =    0.01 sec.
                          ------------
Total (root+branch&cut) = 1631.00 sec. (516952.83 ticks)


Solution status: Optimal
Execution time: 1631.8 sec
Gap: 0.00000
