Tue Jul 10 04:07:39 2018

Tried aggregator 2 times.
MIP Presolve eliminated 5328 rows and 97 columns.
Aggregator did 256 substitutions.
Reduced MIP has 4333 rows, 1412 columns, and 15944 nonzeros.
Reduced MIP has 1412 binaries, 0 generals, 0 SOSs, and 0 indicators.
Presolve time = 0.03 sec. (23.17 ticks)
Probing time = 0.00 sec. (1.05 ticks)
Tried aggregator 1 time.
Presolve time = 0.01 sec. (6.99 ticks)
Probing time = 0.00 sec. (1.05 ticks)
Clique table members: 6952.
MIP emphasis: balance optimality and feasibility.
MIP search method: dynamic search.
Parallel mode: deterministic, using up to 32 threads.
Root relaxation solution time = 0.18 sec. (30.71 ticks)

        Nodes                                         Cuts/
   Node  Left     Objective  IInf  Best Integer    Best Bound    ItCnt     Gap

      0     0      615.0000   179                    615.0000      504         
      0     0      655.3333   232                    Cuts: 66      782         
      0     0      663.8800   260                    Cuts: 70      992         
      0     0      666.5320   264                    Cuts: 36     1077         
      0     0      666.6444   249                    Cuts: 17     1151         
      0     0      666.7436   263                    Cuts: 42     1290         
      0     0      667.7000   230                    Cuts: 27     1379         
      0     0      667.7000   210                    Cuts: 89     1424         
      0     0      667.7000   237                    Cuts: 64     1472         
      0     0      667.7000   171                    Cuts: 24     1508         
      0     0      667.7000   239                    Cuts: 79     1585         
*     0+    0                         1833.0000      667.7000     1585   63.57%
Found incumbent of value 1833.000000 after 2.03 sec. (1082.82 ticks)
*     0+    0                         1719.0000      667.7000     1585   61.16%
Found incumbent of value 1719.000000 after 2.50 sec. (1205.69 ticks)
      0     2      667.7000   222     1719.0000      667.7000     1585   61.16%
Elapsed time = 2.59 sec. (1213.74 ticks, tree = 0.01 MB, solutions = 2)
      3     5      696.9345   266     1719.0000      669.3506     4102   61.06%
     17    19      743.9091   240     1719.0000      674.0527    13741   60.79%
                                                  Impl Bds: 6                  
     39    41      703.3496   268     1719.0000      677.0778    20619   60.61%
                                                      Cuts: 7                  
     51    53      795.0323   265     1719.0000      677.0778    26376   60.61%
     93    95      802.5000   235     1719.0000      677.0778    49043   60.61%
                                                      Cuts: 7                  
    543   527      776.7500   301     1719.0000      677.0778   143261   60.61%
*   831+  805                         1147.0000      677.0778   170292   40.97%
Found incumbent of value 1147.000000 after 7.11 sec. (2816.48 ticks)
   1337  1140      742.7333   268     1147.0000      677.0778   216979   40.97%
                                                     Cuts: 13                  
   2469  2080      845.5000   286     1147.0000      677.0778   358379   40.97%
   2610  2218      806.2778   260     1147.0000      677.0833   390466   40.97%
                                                     Cuts: 22                  
   5042  4369      754.4405   260     1147.0000      698.0313   680918   39.14%
                                                     Cuts: 16                  
Elapsed time = 11.35 sec. (4819.96 ticks, tree = 0.62 MB, solutions = 3)
   8066  7036      991.0000   188     1147.0000      723.1026  1012055   36.96%
                                                     Cuts: 24                  
*  8075  7043      integral     0     1137.0000      723.1026  1012635   36.40%
Found incumbent of value 1137.000000 after 13.95 sec. (5819.68 ticks)
   9936  8674      789.1667   238     1137.0000      723.1026  1191317   36.40%
* 11525 10063      integral     0     1116.0000      723.1026  1342110   35.21%
Found incumbent of value 1116.000000 after 16.24 sec. (6773.47 ticks)
  11846  9815      693.7043   276     1116.0000      749.7000  1370024   32.82%
* 11850+ 6545                         1114.0000      749.7000  1371413   32.70%
Found incumbent of value 1114.000000 after 22.30 sec. (10683.14 ticks)
  11851  6548      707.1181   293     1114.0000      749.7000  1371882   32.70%
  11863  6554      701.3912   271     1114.0000      749.7000  1377947   32.70%
                                                     Cuts: 15                  
  11933  6589      807.1250   173     1114.0000      749.7000  1396531   32.70%
                                                     Cuts: 14                  
  12923  7078      784.1912   321     1114.0000      749.7000  1547988   32.70%
                                                     Cuts: 20                  
  14287  7725      929.0000   168     1114.0000      749.7000  1706583   32.70%
Elapsed time = 30.83 sec. (14761.94 ticks, tree = 50.55 MB, solutions = 7)
  16588  8574      829.3333   234     1114.0000      749.7000  1993686   32.70%
                                                  ZeroHalf: 5                  
* 16884  7365      integral     0     1102.0000      749.7000  2026328   31.97%
Found incumbent of value 1102.000000 after 33.72 sec. (15735.24 ticks)
* 16916  6479      integral     0     1090.0000      749.7000  2029527   31.22%
Found incumbent of value 1090.000000 after 33.75 sec. (15735.24 ticks)
  19393  7390      817.8846   263     1090.0000      749.7000  2288189   31.22%
                                                  ZeroHalf: 8                  
  20423  7917      825.1286   285     1090.0000      749.7000  2418447   31.22%
  23483 10467      894.2500   309     1090.0000      749.7000  2782454   31.22%
                                                      Cuts: 6                  
  23931 10860      925.0238   165     1090.0000      749.7000  2842444   31.22%
  26337 12999      915.9130   303     1090.0000      749.7000  3090468   31.22%
                                                  ZeroHalf: 2                  
  29412 15750      888.0833   231     1090.0000      749.7000  3409932   31.22%
  33237 19149      902.5000   234     1090.0000      749.7000  3748733   31.22%
Elapsed time = 48.84 sec. (22713.25 ticks, tree = 15.80 MB, solutions = 9)
  39157 24388     1040.5000   210     1090.0000      769.3643  4286505   29.42%
  39753 24916      942.0000   191     1090.0000      769.3643  4349181   29.42%
* 43596 28251      integral     0     1079.0000      769.3643  4697385   28.70%
Found incumbent of value 1079.000000 after 55.23 sec. (25066.54 ticks)
* 45265+28920                         1077.0000      774.2500  4849267   28.11%
Found incumbent of value 1077.000000 after 56.84 sec. (25874.11 ticks)
  45521 29130      923.1667   163     1077.0000      774.2500  4881337   28.11%
* 46467 29937      integral     0     1055.0000      774.2500  4963069   26.61%
Found incumbent of value 1055.000000 after 57.87 sec. (26022.42 ticks)
  50800 30040      828.2727   261     1055.0000      779.0000  5345486   26.16%
                                                      Cuts: 4                  
  53334 32223      801.1680   265     1055.0000      779.0000  5580539   26.16%
  56615 34955      875.6250   266     1055.0000      782.4792  5898870   25.83%
* 57610 35792      integral     0     1047.0000      782.4792  5993769   25.26%
Found incumbent of value 1047.000000 after 63.99 sec. (28910.90 ticks)
  59284 37207      838.7407   224     1047.0000      782.4792  6155790   25.26%
Elapsed time = 65.52 sec. (29883.05 ticks, tree = 38.15 MB, solutions = 13)
* 60223 37991      integral     0     1026.0000      782.4792  6241222   23.73%
Found incumbent of value 1026.000000 after 65.70 sec. (29883.05 ticks)
* 62567 33974      integral     0      949.0000      785.1111  6463857   17.27%
Found incumbent of value 949.000000 after 67.47 sec. (30184.72 ticks)
  64153 35269      974.4167   177      949.0000      785.1111  6619704   17.27%
  67291 21950      878.0000   257      949.0000      787.9091  6944619   16.97%
  69969 23772      849.3333   167      949.0000      787.9091  7290658   16.97%
  72306 25315      876.1667   208      949.0000      792.0000  7622774   16.54%
                                                  ZeroHalf: 1                  
  74957 27080      835.1875   277      949.0000      795.1667  8002565   16.21%
                                                  ZeroHalf: 1                  
  76208 27890      821.6957   292      949.0000      795.1667  8202521   16.21%
  79367 30027      811.0000   169      949.0000      798.0556  8659385   15.91%
  80334 30693    infeasible            949.0000      798.0556  8798090   15.91%
Elapsed time = 83.97 sec. (37955.90 ticks, tree = 31.32 MB, solutions = 17)
  83689 32958        cutoff            949.0000      800.7667  9249862   15.62%
  87282 35333      850.0667   206      949.0000      803.4286  9713645   15.34%
                                                  ZeroHalf: 2                  
  88932 36410      885.1818   229      949.0000      803.4286  9959651   15.34%
  91488 38060      880.5000   189      949.0000      805.8000 10305964   15.09%
  93664 39530      894.5000   147      949.0000      805.8000 10596295   15.09%
  96395 41273      843.0000   198      949.0000      808.0000 10974290   14.86%
  98667 42766      823.2000   225      949.0000      808.0000 11271409   14.86%
 101499 44555      892.7500   205      949.0000      810.1500 11649907   14.63%
                                                  ZeroHalf: 1                  
 103508 45858      851.0000   158      949.0000      810.1500 11920676   14.63%
 105986 47401      850.2500   250      949.0000      812.2500 12268383   14.41%
Elapsed time = 106.35 sec. (47733.08 ticks, tree = 54.84 MB, solutions = 17)
 109247 49463      919.3333   207      949.0000      813.8750 12699734   14.24%
 110860 50473      879.0000   271      949.0000      813.8750 12918279   14.24%
 114640 53009      931.0000   185      949.0000      815.5000 13365408   14.07%
 116648 54297      942.4375   253      949.0000      815.5000 13601618   14.07%
 120440 56712      891.0000   165      949.0000      817.1250 14065265   13.90%
 122493 57961      892.0357   237      949.0000      817.1250 14323613   13.90%
 125421 59711      865.0789   223      949.0000      818.9667 14677422   13.70%
 128719 61734      894.3333   260      949.0000      820.3333 15080702   13.56%
 130325 62686      913.8333   230      949.0000      820.3333 15299199   13.56%
 133838 64729      850.8333   169      949.0000      821.8333 15748513   13.40%
Elapsed time = 128.27 sec. (57554.22 ticks, tree = 100.05 MB, solutions = 17)
 135524 65733      942.3333   220      949.0000      821.8333 15976604   13.40%
 138341 67429      884.2444   307      949.0000      823.3182 16330979   13.24%
                                                  ZeroHalf: 1                  
 140869 68946      926.4000   215      949.0000      823.3182 16638671   13.24%
 144852 71424      896.8500   250      949.0000      824.5000 17105586   13.12%
 147060 72739      849.4167   248      949.0000      824.5000 17394451   13.12%
 149593 74200        cutoff            949.0000      825.6667 17712887   13.00%
 151947 75514      893.7500   171      949.0000      825.6667 18022524   13.00%
 154027 76754      917.0833   251      949.0000      826.7500 18306966   12.88%
 157080 78517      834.7500   340      949.0000      826.7500 18689444   12.88%
 159455 79936      892.1875   226      949.0000      828.0000 18988529   12.75%
Elapsed time = 151.62 sec. (67356.45 ticks, tree = 121.26 MB, solutions = 17)
 162681 81767      897.7500   185      949.0000      828.7000 19409676   12.68%
                                                  ZeroHalf: 1                  
 164457 82743      942.1667   188      949.0000      828.7000 19641080   12.68%
 167405 84392      945.5000   186      949.0000      830.0000 20022172   12.54%
                                                  ZeroHalf: 2                  
 170202 86102      887.5000   227      949.0000      830.0000 20343629   12.54%
 174015 88371      860.3704   224      949.0000      831.1250 20779186   12.42%
 175947 89511      839.7500   256      949.0000      831.1250 21017117   12.42%
 178817 91176        cutoff            949.0000      832.0000 21379997   12.33%
 181209 92571      939.7500   203      949.0000      832.0000 21664707   12.33%
 184912 94762      855.3750   264      949.0000      833.0167 22085607   12.22%
 186672 95803      926.2273   238      949.0000      833.0167 22291448   12.22%
Elapsed time = 175.68 sec. (77078.28 ticks, tree = 140.47 MB, solutions = 17)
Nodefile size = 12.78 MB (8.02 MB after compression)
 190306 97948      902.5000   231      949.0000      833.8333 22695377   12.14%
 194736 100549      849.8889   228      949.0000      834.8333 23200654   12.03%
 196774 101722      875.0000   149      949.0000      834.8333 23444594   12.03%
 199697 103438      916.8750   259      949.0000      835.5714 23816105   11.95%
                                                  ZeroHalf: 1                  
 202236 104848      871.2500   184      949.0000      835.5714 24106574   11.95%
 205133 106500      860.5000   168      949.0000      836.5000 24460516   11.85%
 207014 107532      861.0000   141      949.0000      836.5000 24694079   11.85%
 210688 109677      903.6190   306      949.0000      837.1026 25085356   11.79%
 213888 111601      891.0000    77      949.0000      837.1026 25436185   11.79%
 226837 119159      877.5625   223      949.0000      839.0000 26877615   11.59%
Elapsed time = 207.46 sec. (89739.68 ticks, tree = 170.29 MB, solutions = 17)
Nodefile size = 41.85 MB (25.54 MB after compression)
 239349 126528      901.0000   234      949.0000      841.2500 28237114   11.35%
 250006 132687      867.3333   152      949.0000      842.6440 29414650   11.21%
 263787 140949      872.8333   226      949.0000      843.8333 30802210   11.08%
 275755 147869      936.6905   221      949.0000      845.1667 32053478   10.94%
*276405 148273      integral     0      946.0000      845.1667 32111348   10.66%
Found incumbent of value 946.000000 after 247.35 sec. (105058.74 ticks)
 289092 155110      905.3333   102      946.0000      846.5000 33320600   10.52%
 302315 162640      941.0000   193      946.0000      848.1429 34665341   10.34%
 315113 169813      934.3333   161      946.0000      849.2778 35966476   10.22%
 328316 177417      939.8673   259      946.0000      850.3750 37251821   10.11%
*331331 179226      integral     0      944.0000      850.3750 37506671    9.92%
Elapsed time = 286.67 sec. (120659.04 ticks, tree = 248.75 MB, solutions = 18)
Nodefile size = 120.86 MB (69.17 MB after compression)
Found incumbent of value 944.000000 after 286.67 sec. (120659.04 ticks)
*335128+180605                          943.0000      850.8750 37917106    9.77%
                                                  ZeroHalf: 1                  
Found incumbent of value 943.000000 after 291.12 sec. (122331.25 ticks)
 342751 184133      926.8083   241      943.0000      851.7500 38652188    9.68%
 355698 191653      901.7857   263      943.0000      852.6431 39843812    9.58%
 369188 199240      882.3333   233      943.0000      853.5000 41132476    9.49%
 381938 206365      894.5000   300      943.0000      854.3636 42334175    9.40%
                                                  ZeroHalf: 1                  
 396864 214781      899.3000    85      943.0000      855.6667 43709947    9.26%
 410460 222785      866.5000   217      943.0000      856.3828 44878024    9.19%
 427488 232699      877.1667   124      943.0000      857.5000 46275793    9.07%
 440685 240327      895.8810   164      943.0000      858.2000 47358186    8.99%
                                                      Cuts: 3                  
 456464 249337      939.7500   118      943.0000      858.8750 48642826    8.92%
                                                  ZeroHalf: 1                  
*457471 249950      integral     0      941.0000      858.8750 48722011    8.73%
Elapsed time = 374.96 sec. (155138.22 ticks, tree = 343.41 MB, solutions = 20)
Nodefile size = 215.84 MB (117.72 MB after compression)
Found incumbent of value 941.000000 after 374.96 sec. (155138.22 ticks)
*457677+248795                          940.0000      859.1561 48737333    8.60%
Found incumbent of value 940.000000 after 375.67 sec. (155304.21 ticks)
 473743 257874      921.8333   156      940.0000      859.8333 49921504    8.53%
 487112 264992      887.5000   113      940.0000      860.5000 51093160    8.46%
                                                  ZeroHalf: 1                  
 504512 275305      916.6500   131      940.0000      861.3333 52375055    8.37%
 520077 284027      875.5000    97      940.0000      862.0000 53564862    8.30%
*533282 291289      integral     0      939.0000      862.5000 54609899    8.15%
                                                      Cuts: 2                  
Found incumbent of value 939.000000 after 424.05 sec. (173497.26 ticks)
 551163 301235      913.2333   236      939.0000      863.2917 55812923    8.06%
 568157 310932      889.3333   112      939.0000      864.0000 57052070    7.99%
 583726 319770      938.0000   141      939.0000      864.5000 58214484    7.93%
*591070+324334                          932.0000      864.8333 58627801    7.21%
Found incumbent of value 932.000000 after 457.63 sec. (185993.35 ticks)
 602103 323256        cutoff            932.0000      865.2857 59431723    7.16%
 618750 332439      908.6250   216      932.0000      865.8333 60508295    7.10%
Elapsed time = 473.96 sec. (192663.87 ticks, tree = 454.93 MB, solutions = 25)
Nodefile size = 327.26 MB (170.24 MB after compression)
 634817 340838      883.0000   170      932.0000      866.5000 61679735    7.03%
 652848 350841      922.5000   207      932.0000      867.0000 62839319    6.97%
                                                    Covers: 1                  
 671655 361437      879.0000    78      932.0000      867.5000 64047668    6.92%
                                                      Cuts: 5                  
 689431 371609      930.9556   228      932.0000      868.0000 65108288    6.87%
                                                      Cuts: 2                  
 706671 380587      903.6667   242      932.0000      868.6250 66300888    6.80%
                                                    Covers: 1                  
 725818 391299        cutoff            932.0000      869.0000 67426911    6.76%
 741597 399550      875.8111   281      932.0000      869.5000 68473940    6.71%
                                                    Covers: 2                  
 764177 412872      918.8095   111      932.0000      870.0000 69694045    6.65%
                                                    Covers: 2                  
 781554 422027      871.0833   165      932.0000      870.5000 70816421    6.60%
                                                    Covers: 1                  
 801766 433785      921.1250   129      932.0000      871.0000 71895956    6.55%
Elapsed time = 578.92 sec. (230952.42 ticks, tree = 597.56 MB, solutions = 25)
Nodefile size = 469.52 MB (238.87 MB after compression)
 820050 443182      918.8333   216      932.0000      871.4000 73061762    6.50%
 837079 452118      904.1667   149      932.0000      871.8333 74142296    6.46%
 856749 463283      895.5455   218      932.0000      872.2000 75222911    6.42%
                                                    Covers: 1                  
 877879 475163      922.3750   254      932.0000      872.6667 76446039    6.37%
                                                      Cuts: 2                  
 900664 489238      908.3333   182      932.0000      873.0000 77497371    6.33%
                                                    Covers: 2                  
 920051 499629      879.8333    82      932.0000      873.3750 78665920    6.29%
 940531 511130      880.3697   211      932.0000      873.8333 79803814    6.24%
 961410 522946      913.5185   206      932.0000      874.0000 80898793    6.22%
 981358 533937      890.4000   226      932.0000      874.4286 81994928    6.18%
 998971 543087      913.7917   227      932.0000      874.8288 83056280    6.13%
Elapsed time = 682.34 sec. (269237.34 ticks, tree = 749.96 MB, solutions = 25)
Nodefile size = 622.28 MB (309.80 MB after compression)
 1023343 557612      905.9000   110      932.0000      875.0000 84246634    6.12%
*1035482 564138      integral     0      929.0000      875.2500 84926870    5.79%
Found incumbent of value 929.000000 after 699.07 sec. (275358.07 ticks)
*1035746+560447                          921.0000      875.3889 84942238    4.95%
Found incumbent of value 921.000000 after 699.66 sec. (275478.37 ticks)
 1054536 555834      911.7500    77      921.0000      875.8000 85979988    4.91%
                                                    Covers: 1                  
 1075318 565820      912.7500   241      921.0000      876.0000 87029008    4.89%
 1095148 574153      905.4286   128      921.0000      876.5000 88137731    4.83%
 1116310 583743      897.4091    98      921.0000      876.8750 89179531    4.79%
 1137439 593212      895.7708   113      921.0000      877.2500 90302610    4.75%
 1156713 601062      881.7917   212      921.0000      877.5833 91351615    4.71%
 1181559 613115      899.0714   145      921.0000      878.0000 92384324    4.67%
                                                    Covers: 3                  
 1201091 621167      911.5000   172      921.0000      878.3000 93472219    4.64%
                                                  ZeroHalf: 1                  
Elapsed time = 785.91 sec. (305913.12 ticks, tree = 861.21 MB, solutions = 29)
Nodefile size = 732.90 MB (360.92 MB after compression)
 1220877 629022      889.2500    81      921.0000      878.5897 94564261    4.60%
 1245609 640805      904.1538    88      921.0000      879.0000 95588537    4.56%
 1265429 649118      882.0000    47      921.0000      879.2000 96657783    4.54%
                                                    Covers: 3                  
 1286263 657466      906.3889   266      921.0000      879.5667 97715947    4.50%
 1310038 667772      888.0000    72      921.0000      879.9167 98766129    4.46%
                                                      Cuts: 3                  
 1331942 677664        cutoff            921.0000      880.0333 99801178    4.45%
 1353261 686547      881.3333    81      921.0000      880.3333 1.01e+08    4.42%
                                                    Covers: 1                  
 1374918 694854      898.1000   236      921.0000      880.7500 1.02e+08    4.37%
 1400514 705963        cutoff            921.0000      881.0000 1.03e+08    4.34%
 1419882 712807      901.5000    79      921.0000      881.1747 1.04e+08    4.32%
Elapsed time = 894.64 sec. (344141.25 ticks, tree = 991.15 MB, solutions = 29)
Nodefile size = 862.80 MB (426.33 MB after compression)
 1441300 720268        cutoff            921.0000      881.5000 1.05e+08    4.29%
 1463807 727493        cutoff            921.0000      881.9048 1.06e+08    4.24%
 1488391 737849      897.0000   163      921.0000      882.0000 1.07e+08    4.23%
 1508550 743775      908.6500   253      921.0000      882.3333 1.08e+08    4.20%
 1529954 750222      916.5000    32      921.0000      882.6190 1.09e+08    4.17%
 1551829 757245      886.2500    46      921.0000      882.8571 1.11e+08    4.14%
 1576041 766862      907.5357   114      921.0000      883.0000 1.11e+08    4.13%
 1597312 772800      909.8500   264      921.0000      883.3333 1.13e+08    4.09%
                                                    Covers: 1                  
 1618349 778213      889.0000    47      921.0000      883.5833 1.14e+08    4.06%
 1640982 784576      914.2000    47      921.0000      884.0000 1.15e+08    4.02%
                                                    Covers: 1                  
Elapsed time = 1000.28 sec. (382400.56 ticks, tree = 1095.25 MB, solutions = 29)
Nodefile size = 967.73 MB (481.53 MB after compression)
 1665778 793882      899.0000   140      921.0000      884.0000 1.16e+08    4.02%
                                                    Covers: 1                  
 1685725 799050      903.8333    86      921.0000      884.2500 1.17e+08    3.99%
 1708252 805694      909.0000   239      921.0000      884.5000 1.18e+08    3.96%
                                                    Covers: 1                  
 1731003 811433        cutoff            921.0000      884.8000 1.19e+08    3.93%
 1755793 818928        cutoff            921.0000      885.0000 1.20e+08    3.91%
                                                    Covers: 2                  
 1776739 825573        cutoff            921.0000      885.1250 1.21e+08    3.90%
 1798932 831085      907.8750    52      921.0000      885.4259 1.22e+08    3.86%
 1821042 836418        cutoff            921.0000      885.6667 1.23e+08    3.84%
                                                    Covers: 2                  
 1845608 842812      919.3333    47      921.0000      886.0000 1.24e+08    3.80%
 1870456 851039        cutoff            921.0000      886.0000 1.25e+08    3.80%
                                                  ZeroHalf: 1                  
Elapsed time = 1107.19 sec. (420604.32 ticks, tree = 1190.86 MB, solutions = 29)
Nodefile size = 1062.66 MB (532.97 MB after compression)
 1889474 854607      919.7500   194      921.0000      886.1913 1.26e+08    3.78%
 1913833 859060      909.3333    79      921.0000      886.4809 1.28e+08    3.75%
 1934694 862995      906.0000   117      921.0000      886.6667 1.29e+08    3.73%
 1959048 867259      905.0000    47      921.0000      886.9816 1.30e+08    3.69%
 1984049 874563        cutoff            921.0000      887.0000 1.31e+08    3.69%
 2004730 878411      908.2500   138      921.0000      887.2000 1.32e+08    3.67%
                                                    Covers: 1                  
 2028305 882709      901.0000    66      921.0000      887.4444 1.33e+08    3.64%
 2050205 886555        cutoff            921.0000      887.6607 1.34e+08    3.62%
 2073793 890140      906.9286    77      921.0000      888.0000 1.35e+08    3.58%
 2099635 896894        cutoff            921.0000      888.0000 1.36e+08    3.58%
Elapsed time = 1223.41 sec. (458787.66 ticks, tree = 1257.09 MB, solutions = 29)
Nodefile size = 1128.97 MB (580.01 MB after compression)
 2121144 901577        cutoff            921.0000      888.1667 1.37e+08    3.56%
                                                    Covers: 1                  
 2143710 905752        cutoff            921.0000      888.4000 1.38e+08    3.54%
 2166510 909293        cutoff            921.0000      888.5152 1.39e+08    3.53%
 2190799 913485      901.8333   135      921.0000      888.8000 1.40e+08    3.50%
 2215527 918666      900.7778   121      921.0000      889.0000 1.41e+08    3.47%
 2239580 925300      905.4464   273      921.0000      889.0000 1.42e+08    3.47%
 2261678 928174        cutoff            921.0000      889.2500 1.43e+08    3.45%
                                                    Covers: 1                  
 2284710 931211      899.3333   106      921.0000      889.4762 1.44e+08    3.42%
                                                      Cuts: 2                  
 2306222 933954      900.3333   247      921.0000      889.5833 1.45e+08    3.41%
 2330415 937840        cutoff            921.0000      889.8333 1.46e+08    3.38%
                                                  ZeroHalf: 1                  
Elapsed time = 1338.56 sec. (497077.03 ticks, tree = 1316.28 MB, solutions = 29)
Nodefile size = 1188.57 MB (619.48 MB after compression)
 2356525 942769      909.0000    83      921.0000      890.0000 1.47e+08    3.37%
                                                    Covers: 2                  
 2380339 948095      906.0000   266      921.0000      890.0000 1.48e+08    3.37%
 2402826 951024      901.1250   193      921.0000      890.2500 1.50e+08    3.34%
 2426783 954523      902.7000    97      921.0000      890.4286 1.51e+08    3.32%
 2449771 957335      905.2500   184      921.0000      890.6250 1.52e+08    3.30%
                                                      Cuts: 3                  
 2473960 960455        cutoff            921.0000      890.8333 1.53e+08    3.28%
 2500566 964601      908.9000   100      921.0000      891.0000 1.54e+08    3.26%
 2525493 970113      902.3333   193      921.0000      891.0000 1.55e+08    3.26%
 2547938 972291      912.3750   107      921.0000      891.2000 1.56e+08    3.24%
 2571130 974951      913.0000    33      921.0000      891.4231 1.57e+08    3.21%
Elapsed time = 1451.82 sec. (535383.59 ticks, tree = 1372.72 MB, solutions = 29)
Nodefile size = 1245.36 MB (657.36 MB after compression)
 2595379 977311      904.3333    76      921.0000      891.5000 1.58e+08    3.20%
 2619519 979335        cutoff            921.0000      891.7500 1.59e+08    3.18%
 2646039 982329        cutoff            921.0000      892.0000 1.60e+08    3.15%
 2671675 987698      902.6667   127      921.0000      892.0000 1.61e+08    3.15%
 2693946 990899      904.2333   104      921.0000      892.1250 1.62e+08    3.14%
                                                    Covers: 2                  
 2718561 993613      915.0833   186      921.0000      892.3333 1.63e+08    3.11%
 2744199 995548      907.5000   104      921.0000      892.5000 1.64e+08    3.09%
 2766853 997399      918.9167   178      921.0000      892.6667 1.65e+08    3.08%
 2791560 999777      893.9000   188      921.0000      892.8889 1.66e+08    3.05%
 2819077 1003286      898.6000   101      921.0000      893.0000 1.67e+08    3.04%
Elapsed time = 1561.52 sec. (573589.04 ticks, tree = 1414.55 MB, solutions = 29)
Nodefile size = 1287.02 MB (687.05 MB after compression)
 2843311 1008040      906.6667   151      921.0000      893.0000 1.68e+08    3.04%
 2865822 1009269        cutoff            921.0000      893.2000 1.69e+08    3.02%
 2890078 1011524      910.7000   148      921.0000      893.4000 1.71e+08    3.00%
 2915557 1013577        cutoff            921.0000      893.5000 1.72e+08    2.99%
 2940072 1014667      903.9000    80      921.0000      893.7500 1.73e+08    2.96%
 2964428 1016496      898.1250   102      921.0000      893.9091 1.74e+08    2.94%
 2992014 1020029      897.2857    89      921.0000      894.0000 1.75e+08    2.93%
 3015917 1024213      911.7500   122      921.0000      894.0000 1.76e+08    2.93%
 3039306 1025235        cutoff            921.0000      894.2222 1.77e+08    2.91%
 3063510 1027153        cutoff            921.0000      894.3333 1.78e+08    2.90%
Elapsed time = 1675.58 sec. (611769.55 ticks, tree = 1451.38 MB, solutions = 29)
Nodefile size = 1323.63 MB (717.27 MB after compression)
 3089351 1028389      903.0000    96      921.0000      894.5000 1.79e+08    2.88%
 3113474 1028791      909.0000   121      921.0000      894.7000 1.80e+08    2.86%
                                                    Covers: 1                  
 3138193 1029829        cutoff            921.0000      894.8857 1.81e+08    2.84%
 3166667 1032118      917.2941   105      921.0000      895.0000 1.82e+08    2.82%
 3190810 1035273        cutoff            921.0000      895.0000 1.83e+08    2.82%
 3213364 1035810      915.7500    87      921.0000      895.1667 1.84e+08    2.80%
 3238715 1036488      919.0000    47      921.0000      895.3500 1.85e+08    2.79%
 3265512 1036804      897.5000   103      921.0000      895.5000 1.86e+08    2.77%
 3289539 1036853      909.0000    77      921.0000      895.6667 1.87e+08    2.75%
 3314293 1037264      916.8885   154      921.0000      895.8333 1.88e+08    2.73%
Elapsed time = 1790.82 sec. (649965.41 ticks, tree = 1468.96 MB, solutions = 29)
Nodefile size = 1341.14 MB (736.13 MB after compression)
 3342656 1038334        cutoff            921.0000      896.0000 1.89e+08    2.71%
 3368057 1041110        cutoff            921.0000      896.0000 1.90e+08    2.71%
                                                    Covers: 1                  
 3390841 1041378      908.5000    90      921.0000      896.1000 1.91e+08    2.70%
 3416584 1041756      901.9833   130      921.0000      896.3333 1.92e+08    2.68%
 3442092 1041881      916.5000    88      921.0000      896.4706 1.93e+08    2.66%
 3466929 1041372      902.0909   234      921.0000      896.5000 1.94e+08    2.66%
 3493799 1040920      909.5000   100      921.0000      896.7500 1.95e+08    2.63%
 3519985 1040731        cutoff            921.0000      897.0000 1.96e+08    2.61%
 3547694 1041570      903.6333   104      921.0000      897.0000 1.97e+08    2.61%
 3571512 1043348      904.0000   161      921.0000      897.0000 1.98e+08    2.61%
Elapsed time = 1902.19 sec. (688158.22 ticks, tree = 1480.19 MB, solutions = 29)
Nodefile size = 1352.74 MB (750.59 MB after compression)
 3596194 1042309        cutoff            921.0000      897.2000 1.99e+08    2.58%
 3622519 1041678      904.0714    99      921.0000      897.3636 2.00e+08    2.57%
 3649232 1040423      909.0000   106      921.0000      897.5000 2.01e+08    2.55%
 3674641 1038620      913.6667    81      921.0000      897.6667 2.02e+08    2.53%
 3700387 1037884        cutoff            921.0000      897.8333 2.04e+08    2.52%
 3728274 1036866      903.5000   105      921.0000      898.0000 2.05e+08    2.50%
 3754760 1038024        cutoff            921.0000      898.0000 2.06e+08    2.50%
 3778888 1038058      908.2500    97      921.0000      898.0000 2.07e+08    2.50%
 3805002 1036404        cutoff            921.0000      898.2500 2.08e+08    2.47%
 3830996 1035581        cutoff            921.0000      898.4286 2.09e+08    2.45%
Elapsed time = 2014.70 sec. (726324.09 ticks, tree = 1471.97 MB, solutions = 29)
Nodefile size = 1344.24 MB (755.07 MB after compression)
 3858443 1033922        cutoff            921.0000      898.5000 2.10e+08    2.44%
 3883352 1031729      908.0000    69      921.0000      898.7143 2.11e+08    2.42%
 3910318 1029594      920.0000    68      921.0000      898.9000 2.12e+08    2.40%
 3939274 1028453      903.4868   118      921.0000      899.0000 2.13e+08    2.39%
 3965325 1028446      905.1429   124      921.0000      899.0000 2.14e+08    2.39%
 3989273 1027369      915.8000   147      921.0000      899.1250 2.15e+08    2.38%
 4015575 1024754      915.3056   114      921.0000      899.3333 2.16e+08    2.35%
 4042550 1022353    infeasible            921.0000      899.5000 2.17e+08    2.33%
 4068670 1019932      920.0000   317      921.0000      899.5000 2.18e+08    2.33%
 4096116 1016451      916.0000    73      921.0000      899.6875 2.19e+08    2.31%
Elapsed time = 2135.34 sec. (764639.97 ticks, tree = 1448.09 MB, solutions = 29)
Nodefile size = 1319.92 MB (754.23 MB after compression)
 4122560 1014060      910.0833    98      921.0000      899.9167 2.20e+08    2.29%
 4151423 1012788      917.8571   119      921.0000      900.0000 2.21e+08    2.28%
 4177742 1012901      912.0000    98      921.0000      900.0000 2.22e+08    2.28%
 4201894 1011273      916.0469   187      921.0000      900.1111 2.23e+08    2.27%
 4229059 1008203      917.0263   100      921.0000      900.2857 2.24e+08    2.25%
 4256349 1005512      914.0000    93      921.0000      900.4762 2.25e+08    2.23%
 4283894 1002422    infeasible            921.0000      900.5000 2.26e+08    2.23%
 4309855 998545        cutoff            921.0000      900.7000 2.27e+08    2.20%
 4337358 994932      910.4123    92      921.0000      900.8788 2.28e+08    2.18%
 4367264 992155        cutoff            921.0000      901.0000 2.29e+08    2.17%
Elapsed time = 2248.02 sec. (802815.42 ticks, tree = 1415.05 MB, solutions = 29)
Nodefile size = 1287.31 MB (742.93 MB after compression)
 4393987 991361      910.0000    41      921.0000      901.0000 2.30e+08    2.17%
 4419049 988755      907.1111    89      921.0000      901.0667 2.31e+08    2.16%
 4446981 984765      910.0000   124      921.0000      901.3000 2.32e+08    2.14%
 4474979 981125        cutoff            921.0000      901.4928 2.33e+08    2.12%
 4503022 977234      911.1760   232      921.0000      901.5000 2.35e+08    2.12%
 4529244 971869      905.2000    45      921.0000      901.7000 2.36e+08    2.10%
 4556351 967300      919.0625   173      921.0000      901.8889 2.37e+08    2.08%
 4586503 963127      917.2500    80      921.0000      902.0000 2.38e+08    2.06%
 4613925 961348      905.0000    71      921.0000      902.0000 2.39e+08    2.06%
 4639463 958287      907.0667    96      921.0000      902.1000 2.40e+08    2.05%
Elapsed time = 2365.19 sec. (841018.71 ticks, tree = 1369.20 MB, solutions = 29)
Nodefile size = 1241.72 MB (723.73 MB after compression)
 4666713 953720      909.3000   210      921.0000      902.2745 2.41e+08    2.03%
 4694468 949307      906.5833    98      921.0000      902.4286 2.42e+08    2.02%
 4722995 944649      914.8333   123      921.0000      902.5000 2.43e+08    2.01%
 4749896 939134      914.0000   118      921.0000      902.6667 2.44e+08    1.99%
 4778808 933748      906.4000    89      921.0000      902.8750 2.45e+08    1.97%
 4808392 928611      915.5000    80      921.0000      903.0000 2.46e+08    1.95%
 4835831 926399      908.6667    96      921.0000      903.0000 2.47e+08    1.95%
 4861110 922674      913.0762   150      921.0000      903.0000 2.48e+08    1.95%
 4889201 917268        cutoff            921.0000      903.2500 2.49e+08    1.93%
 4916232 912045      908.1905    88      921.0000      903.4000 2.50e+08    1.91%
Elapsed time = 2478.38 sec. (879200.99 ticks, tree = 1305.23 MB, solutions = 29)
Nodefile size = 1178.21 MB (692.00 MB after compression)
 4945669 905641      906.5000    77      921.0000      903.5000 2.51e+08    1.90%
 4973700 898146      914.6667   109      921.0000      903.6667 2.52e+08    1.88%
 5001793 891231      916.7333   140      921.0000      903.8750 2.53e+08    1.86%
 5032423 884913      916.2222    96      921.0000      904.0000 2.54e+08    1.85%
 5060516 880355      911.7500   107      921.0000      904.0000 2.55e+08    1.85%
 5085862 875669        cutoff            921.0000      904.0769 2.56e+08    1.84%
 5114426 868256      908.5385    74      921.0000      904.2500 2.57e+08    1.82%
 5143392 861004      905.0000    53      921.0000      904.4286 2.58e+08    1.80%
 5172385 853434      918.5333   157      921.0000      904.5000 2.59e+08    1.79%
 5201573 844891      910.5455    82      921.0000      904.7333 2.60e+08    1.77%
Elapsed time = 2588.76 sec. (917394.84 ticks, tree = 1212.34 MB, solutions = 29)
Nodefile size = 1084.87 MB (642.30 MB after compression)
 5229714 837486      910.0000    53      921.0000      904.9091 2.61e+08    1.75%
 5261010 830715      908.7750   100      921.0000      905.0000 2.62e+08    1.74%
 5288360 826232      916.6667   135      921.0000      905.0000 2.63e+08    1.74%
 5315622 819291      910.6250    96      921.0000      905.1250 2.64e+08    1.72%
 5344508 811486        cutoff            921.0000      905.3333 2.65e+08    1.70%
 5373925 802999      909.0000    63      921.0000      905.5000 2.66e+08    1.68%
 5403001 793745        cutoff            921.0000      905.5714 2.67e+08    1.68%
 5432009 784131        cutoff            921.0000      905.8261 2.68e+08    1.65%
 5463375 774839      917.4000    80      921.0000      906.0000 2.70e+08    1.63%
 5492835 769063      914.2500   115      921.0000      906.0000 2.71e+08    1.63%
Elapsed time = 2704.13 sec. (955589.69 ticks, tree = 1104.65 MB, solutions = 29)
Nodefile size = 977.20 MB (584.30 MB after compression)
 5519686 761901      913.6500   122      921.0000      906.0000 2.72e+08    1.63%
 5548682 752642      906.3125   138      921.0000      906.2857 2.73e+08    1.60%
 5578812 742670      908.2500    77      921.0000      906.5000 2.74e+08    1.57%
 5609037 731820        cutoff            921.0000      906.5643 2.75e+08    1.57%
 5639571 720182        cutoff            921.0000      906.7857 2.76e+08    1.54%
 5671423 709303      911.6667    71      921.0000      907.0000 2.77e+08    1.52%
 5700524 701595      907.5000    78      921.0000      907.0000 2.78e+08    1.52%
 5728211 693341      918.5000    28      921.0000      907.0833 2.79e+08    1.51%
 5758273 682732      915.0000    93      921.0000      907.3070 2.80e+08    1.49%
 5789541 671118      918.0000    67      921.0000      907.5000 2.81e+08    1.47%
Elapsed time = 2814.39 sec. (993782.51 ticks, tree = 965.33 MB, solutions = 29)
Nodefile size = 837.68 MB (505.95 MB after compression)
 5819555 659084      910.2500    78      921.0000      907.6250 2.82e+08    1.45%
 5850446 647130        cutoff            921.0000      907.8636 2.83e+08    1.43%
 5882297 635933        cutoff            921.0000      908.0000 2.84e+08    1.41%
 5911306 627585        cutoff            921.0000      908.0000 2.85e+08    1.41%
 5939992 616172        cutoff            921.0000      908.1923 2.86e+08    1.39%
 5970590 603743      909.2500    97      921.0000      908.4000 2.87e+08    1.37%
 6001264 590053      910.9667   162      921.0000      908.5000 2.88e+08    1.36%
 6033699 575221      914.0000    75      921.0000      908.8000 2.89e+08    1.32%
 6067032 561268        cutoff            921.0000      909.0000 2.90e+08    1.30%
 6096453 550551      913.0000   120      921.0000      909.0000 2.91e+08    1.30%
Elapsed time = 2927.04 sec. (1031960.84 ticks, tree = 793.83 MB, solutions = 29)
Nodefile size = 666.18 MB (406.63 MB after compression)
 6125318 537155      911.5000    98      921.0000      909.2500 2.92e+08    1.28%
 6156461 522673        cutoff            921.0000      909.4375 2.93e+08    1.26%
 6187679 507097      918.0417   103      921.0000      909.6250 2.94e+08    1.24%
 6220532 490344      916.5000   100      921.0000      909.8889 2.95e+08    1.21%
 6254003 476045      911.5000    68      921.0000      910.0000 2.96e+08    1.19%
 6282243 462709        cutoff            921.0000      910.1111 2.97e+08    1.18%
 6313645 446950      911.7750   103      921.0000      910.3500 2.99e+08    1.16%
 6346768 429058      914.7206   140      921.0000      910.5714 3.00e+08    1.13%
 6380598 410938        cutoff            921.0000      911.0000 3.01e+08    1.09%
 6413388 394863        cutoff            921.0000      911.0000 3.02e+08    1.09%
Elapsed time = 3036.13 sec. (1070129.65 ticks, tree = 570.24 MB, solutions = 29)
Nodefile size = 442.49 MB (274.22 MB after compression)
 6444510 377766        cutoff            921.0000      911.2500 3.03e+08    1.06%
 6478928 357365      915.0000    81      921.0000      911.5000 3.04e+08    1.03%
 6512206 337022        cutoff            921.0000      911.8333 3.05e+08    1.00%
 6546470 318141        cutoff            921.0000      912.0000 3.06e+08    0.98%
 6579206 297797        cutoff            921.0000      912.3333 3.07e+08    0.94%
 6614950 274629        cutoff            921.0000      912.7500 3.08e+08    0.90%
 6650360 253229        cutoff            921.0000      913.0000 3.09e+08    0.87%
 6684482 230726      919.0000    98      921.0000      913.3810 3.10e+08    0.83%
 6722300 204767      916.0000    42      921.0000      914.0000 3.11e+08    0.76%
 6758060 180241        cutoff            921.0000      914.2500 3.12e+08    0.73%
Elapsed time = 3139.88 sec. (1108314.78 ticks, tree = 257.19 MB, solutions = 29)
Nodefile size = 134.36 MB (84.00 MB after compression)
 6798372 151248        cutoff            921.0000      915.0000 3.13e+08    0.65%
 6836992 122125      915.5000   178      921.0000      915.5000 3.14e+08    0.60%
 6879159 89455        cutoff            921.0000      916.2500 3.15e+08    0.52%
 6924990 50946        cutoff            921.0000      917.5357 3.15e+08    0.38%
 6973513  7042      919.8667   187      921.0000      919.5000 3.16e+08    0.16%

Clique cuts applied:  24
Cover cuts applied:  47
Zero-half cuts applied:  142
Gomory fractional cuts applied:  13

Root node processing (before b&c):
  Real time             =    2.41 sec. (1133.79 ticks)
Parallel b&c, 32 threads:
  Real time             = 3192.21 sec. (1126678.30 ticks)
  Sync time (average)   =    5.07 sec.
  Wait time (average)   =    0.04 sec.
                          ------------
Total (root+branch&cut) = 3194.62 sec. (1127812.09 ticks)


Solution status: Optimal
Execution time: 3194.8 sec
Gap: 0.00000
