Tue Jul 10 06:11:19 2018

Tried aggregator 2 times.
MIP Presolve eliminated 5392 rows and 97 columns.
Aggregator did 240 substitutions.
Reduced MIP has 5395 rows, 2022 columns, and 20588 nonzeros.
Reduced MIP has 2022 binaries, 0 generals, 0 SOSs, and 0 indicators.
Presolve time = 0.05 sec. (28.50 ticks)
Probing time = 0.00 sec. (1.31 ticks)
Tried aggregator 1 time.
Presolve time = 0.02 sec. (9.31 ticks)
Probing time = 0.00 sec. (1.31 ticks)
Clique table members: 9484.
MIP emphasis: balance optimality and feasibility.
MIP search method: dynamic search.
Parallel mode: deterministic, using up to 32 threads.
Root relaxation solution time = 0.38 sec. (50.63 ticks)

        Nodes                                         Cuts/
   Node  Left     Objective  IInf  Best Integer    Best Bound    ItCnt     Gap

      0     0      605.0000   247                    605.0000      569         
      0     0      656.0556   284                    Cuts: 53     1270         
      0     0      750.8783   363                    Cuts: 76     2111         
      0     0      761.2339   363                    Cuts: 40     2420         
      0     0      779.5174   381                    Cuts: 31     2906         
      0     0      781.5212   379                    Cuts: 40     3300         
      0     0      783.3058   392                    Cuts: 42     3557         
      0     0      784.7050   354                    Cuts: 30     3819         
*     0+    0                         1918.0000      784.7050     3998   59.09%
Found incumbent of value 1918.000000 after 2.31 sec. (977.12 ticks)
      0     0      785.1045   351     1918.0000      Cuts: 26     3998   59.07%
      0     0      785.3433   356     1918.0000      Cuts: 33     4088   59.05%
      0     0      785.6421   398     1918.0000      Cuts: 18     4196   59.04%
      0     0      786.0000   295     1918.0000      Cuts: 21     4387   59.02%
      0     0      786.0000   404     1918.0000      Cuts: 44     4596   59.02%
*     0+    0                         1624.0000      786.0000     4671   51.60%
Found incumbent of value 1624.000000 after 3.03 sec. (1376.98 ticks)
      0     0      786.0000   326     1624.0000   ZeroHalf: 5     4671   51.60%
      0     0      786.0000   333     1624.0000      Cuts: 40     4893   51.60%
*     0+    0                         1427.0000      786.0000     4893   44.92%
Found incumbent of value 1427.000000 after 4.99 sec. (2464.33 ticks)
      0     2      786.0000   253     1427.0000      786.0000     4893   44.92%
Elapsed time = 5.18 sec. (2491.80 ticks, tree = 0.01 MB, solutions = 3)
      2     4      793.3606   417     1427.0000      786.0000     8261   44.92%
      3     5      800.6856   366     1427.0000      793.3788    10117   44.40%
      6     8      810.5666   332     1427.0000      793.3788    13476   44.40%
     24    26      833.0362   329     1427.0000      802.5249    21663   43.76%
                                                  Impl Bds: 8                  
     43    45      872.3333   202     1427.0000      802.5249    31380   43.76%
                                                      Cuts: 8                  
     83    85      929.2500   201     1427.0000      802.5249    47133   43.76%
                                                  Impl Bds: 8                  
    195   197     1020.3571   284     1427.0000      802.5249    95312   43.76%
*   662+  626                         1419.0000      802.5249   186917   43.44%
Found incumbent of value 1419.000000 after 9.83 sec. (4722.20 ticks)
*   666   627      integral     0     1416.0000      802.5249   186974   43.32%
Found incumbent of value 1416.000000 after 9.83 sec. (4734.60 ticks)
    738   691     1026.8977   286     1416.0000      802.5249   199520   43.32%
                                                     Cuts: 12                  
*  1328  1184      integral     0     1269.0000      802.5249   260842   36.76%
Elapsed time = 11.56 sec. (5063.15 ticks, tree = 0.09 MB, solutions = 6)
Found incumbent of value 1269.000000 after 11.56 sec. (5063.15 ticks)
   2039  1495      964.0000   204     1269.0000      803.2482   374209   36.70%
                                                 Impl Bds: 28                  
   3892  3073      889.2633   259     1269.0000      817.3194   621822   35.59%
                                                     Cuts: 45                  
   6416  5261      990.1888   267     1269.0000      817.3194   980260   35.59%
                                                     Cuts: 49                  
   6770  5581      786.0000   290     1269.0000      846.4167  1037023   33.30%
   6772  5581      789.5401   489     1269.0000      846.4167  1041084   33.30%
   6777  5583      807.0779   404     1269.0000      846.4167  1045176   33.30%
   6783  5587      853.3675   388     1269.0000      846.4167  1051476   33.30%
   6795  5593      898.8571   335     1269.0000      846.4167  1059894   33.30%
   6821  5605      842.4673   352     1269.0000      846.4167  1076873   33.30%
                                                      Cuts: 6                  
*  6836+ 3762                         1257.0000      846.4167  1079865   32.66%
Found incumbent of value 1257.000000 after 31.19 sec. (17442.14 ticks)
   7250  3990      953.7222   289     1257.0000      846.4167  1125510   32.66%
Elapsed time = 33.93 sec. (18474.57 ticks, tree = 8.08 MB, solutions = 7)
*  7267+ 2826                         1238.0000      846.4167  1128397   31.63%
Found incumbent of value 1238.000000 after 33.93 sec. (18357.93 ticks)
   8639  3505      843.8845   364     1238.0000      846.4167  1278273   31.63%
   9549  3892      966.3333   267     1238.0000      846.4167  1383771   31.63%
  10021  4104      957.5395   282     1238.0000      846.4167  1465318   31.63%
  11974  4794      974.5312   376     1238.0000      846.4167  1735930   31.63%
                                                      Cuts: 8                  
  12918  5493     1034.9000   247     1238.0000      846.4167  1933484   31.63%
  15029  7228      948.0802   345     1238.0000      846.4167  2319127   31.63%
                                                     Cuts: 16                  
  15399  7558      952.5833   214     1238.0000      846.4167  2385229   31.63%
  15794  7867     1141.0833   249     1238.0000      846.4167  2438956   31.63%
  16648  8547     1002.1987   281     1238.0000      866.2500  2545545   30.03%
  17565  9286     1065.1290   253     1238.0000      866.2500  2679498   30.03%
Elapsed time = 56.94 sec. (28494.97 ticks, tree = 31.86 MB, solutions = 10)
  18809 10322     1164.0000    96     1238.0000      866.2500  2868998   30.03%
  20537 11702     1090.7424   199     1238.0000      866.2500  3118397   30.03%
  23151 13778      918.0066   320     1238.0000      884.1835  3474530   28.58%
                                                      Cuts: 4                  
  24296 14677     1052.7143   223     1238.0000      884.1835  3631541   28.58%
  24997 15226     1065.2222   273     1238.0000      884.1835  3726449   28.58%
* 26507 16390      integral     0     1230.0000      884.1835  3925996   28.12%
Found incumbent of value 1230.000000 after 70.18 sec. (33579.68 ticks)
  27531 17086     1089.0000   222     1230.0000      897.9274  4047747   27.00%
                                                  ZeroHalf: 3                  
  28775 18039     1072.7778   177     1230.0000      897.9274  4171004   27.00%
* 29994 18980      integral     0     1163.0000      897.9274  4284502   22.79%
Found incumbent of value 1163.000000 after 75.82 sec. (35537.95 ticks)
  30482 19355     1112.0000   170     1163.0000      897.9274  4331531   22.79%
Elapsed time = 76.72 sec. (36508.05 ticks, tree = 252.21 MB, solutions = 11)
Nodefile size = 113.65 MB (85.11 MB after compression)
  31890 20429     1023.1333   244     1163.0000      897.9274  4487680   22.79%
  33818 16770     1071.7917   180     1163.0000      909.4646  4693037   21.80%
                                                     Cuts: 10                  
  34970 17563     1127.6909   218     1163.0000      909.4646  4841606   21.80%
  36282 18472     1095.6189   294     1163.0000      909.4646  4996507   21.80%
  37178 19060     1027.6181   290     1163.0000      909.4646  5111813   21.80%
* 37816+19458                         1152.0000      909.4646  5193032   21.05%
Found incumbent of value 1152.000000 after 88.95 sec. (40946.47 ticks)
  38442 18907     1102.7589   267     1152.0000      919.4679  5279916   20.19%
                                                      Cuts: 4                  
  39584 19689     1144.5833   251     1152.0000      919.4679  5443185   20.19%
  40853 20504     1069.1250   243     1152.0000      919.4679  5619319   20.19%
  42549 21615     1012.1667   243     1152.0000      930.3750  5865569   19.24%
  43998 22551     1026.0476   303     1152.0000      930.3750  6051268   19.24%
Elapsed time = 101.51 sec. (46226.69 ticks, tree = 521.30 MB, solutions = 13)
Nodefile size = 383.36 MB (289.56 MB after compression)
  45726 23699      953.1705   269     1152.0000      930.3750  6246496   19.24%
  47387 24771     1076.9333   233     1152.0000      930.3750  6435898   19.24%
  48684 25632     1102.2083   170     1152.0000      939.0000  6585235   18.49%
                                                      Cuts: 7                  
  49964 26411     1089.6425   274     1152.0000      939.0000  6746484   18.49%
  51453 27375     1118.9722   276     1152.0000      939.0000  6911920   18.49%
  52917 28312      990.5316   317     1152.0000      939.0000  7081497   18.49%
  53287 28546     1058.4211   282     1152.0000      946.1926  7134944   17.87%
                                                      Cuts: 5                  
  54343 29197      974.1679   284     1152.0000      946.1926  7289359   17.87%
  55911 30166      960.2429   311     1152.0000      946.1926  7518133   17.87%
  56711 30676     1004.4615   280     1152.0000      946.1926  7627128   17.87%
Elapsed time = 126.59 sec. (55921.16 ticks, tree = 943.59 MB, solutions = 13)
Nodefile size = 806.77 MB (607.36 MB after compression)
  58655 31931     1115.2778   287     1152.0000      951.6161  7864829   17.39%
  58753 31997     1032.2298   307     1152.0000      952.9412  7876196   17.28%
  60153 32960     1077.8000   252     1152.0000      952.9412  8041672   17.28%
  61614 33896     1055.6667   232     1152.0000      952.9412  8199625   17.28%
  63181 34878        cutoff           1152.0000      952.9412  8370916   17.28%
  65495 36392      998.3750   159     1152.0000      958.6250  8603168   16.79%
                                                  ZeroHalf: 1                  
  66929 37254      984.5000   188     1152.0000      958.6250  8767268   16.79%
  68273 38083     1089.7000   199     1152.0000      958.6250  8911301   16.79%
  70029 39154      964.4583   303     1152.0000      958.6250  9110878   16.79%
  70643 39520     1036.2333   232     1152.0000      963.6667  9180242   16.35%
                                                  ZeroHalf: 1                  
Elapsed time = 154.66 sec. (65606.29 ticks, tree = 1439.05 MB, solutions = 13)
Nodefile size = 1305.86 MB (977.80 MB after compression)
  72414 40631      978.9500   212     1152.0000      963.6667  9403862   16.35%
  73789 41515     1145.1014   194     1152.0000      963.6667  9563687   16.35%
  75684 42717     1046.0833   166     1152.0000      963.6667  9789230   16.35%
  76637 43263      993.4524   258     1152.0000      967.6667  9892470   16.00%
  78038 44070     1068.0972   249     1152.0000      967.6667 10048268   16.00%
  79318 44840     1074.0333   277     1152.0000      967.6667 10189136   16.00%
  81165 45974     1072.8378   297     1152.0000      971.8333 10377906   15.64%
                                                      Cuts: 4                  
  82701 46895     1014.4286   241     1152.0000      971.8333 10543336   15.64%
  84589 48033     1096.0000   194     1152.0000      971.8333 10742735   15.64%
  86410 49135     1082.1667   233     1152.0000      971.8333 10921859   15.64%
Elapsed time = 178.58 sec. (75363.47 ticks, tree = 1671.60 MB, solutions = 13)
Nodefile size = 1530.08 MB (1142.37 MB after compression)
  87553 49839     1052.3866   287     1152.0000      975.6250 11033748   15.31%
                                                      Cuts: 4                  
  89095 50719        cutoff           1152.0000      975.6250 11230414   15.31%
  90657 51703        cutoff           1152.0000      975.6250 11429401   15.31%
  92140 52608     1004.2273   297     1152.0000      975.6250 11617425   15.31%
  93478 53407     1112.2500   222     1152.0000      978.6667 11756611   15.05%
  95460 54620      994.8125   267     1152.0000      978.6667 11943038   15.05%
  97316 55728     1079.6250   252     1152.0000      978.6667 12122133   15.05%
  99785 57230     1010.1171   332     1152.0000      982.0000 12354433   14.76%
 101161 57989     1135.6250   219     1152.0000      982.0000 12497931   14.76%
 102761 58863     1033.6972   277     1152.0000      982.0000 12661089   14.76%
Elapsed time = 205.82 sec. (85349.19 ticks, tree = 2222.95 MB, solutions = 13)
Nodefile size = 2087.57 MB (1553.81 MB after compression)
 104680 59896     1033.3333   213     1152.0000      982.0000 12861946   14.76%
 105421 60351     1137.5000   165     1152.0000      985.0667 12945374   14.49%
                                                      Cuts: 2                  
 106573 61000     1057.5344   268     1152.0000      985.0667 13099398   14.49%
 108141 61912     1023.9333   231     1152.0000      985.0667 13317089   14.49%
 109573 62726     1074.3373   289     1152.0000      987.0556 13507954   14.32%
 111141 63643     1100.1875   292     1152.0000      987.0556 13654023   14.32%
 113219 64864     1144.5000   152     1152.0000      987.0556 13840913   14.32%
 114992 65909     1073.2513   286     1152.0000      987.0556 14004107   14.32%
 116507 66828     1149.5000   191     1152.0000      989.9250 14139821   14.07%
 122254 70020        cutoff           1152.0000      992.3333 14707275   13.86%
Elapsed time = 240.13 sec. (97936.45 ticks, tree = 2883.23 MB, solutions = 13)
Nodefile size = 2750.43 MB (2025.07 MB after compression)
*124481 71308      integral     0     1145.0000      992.3333 14983975   13.33%
Found incumbent of value 1145.000000 after 244.02 sec. (98275.76 ticks)
*126975+72179                         1132.0000      994.0000 15294146   12.19%
                                                    Covers: 1                  
Found incumbent of value 1132.000000 after 246.11 sec. (100715.37 ticks)
 128927 73230     1068.3333   200     1132.0000      994.0000 15469579   12.19%
 135758 74631     1047.1667   189     1132.0000      996.6667 16189350   11.96%
                                                      Cuts: 4                  
*138888+76176                         1124.0000      998.8043 16568808   11.14%
Found incumbent of value 1124.000000 after 264.45 sec. (107850.52 ticks)
 141602 77421        cutoff           1124.0000      998.8043 16835032   11.14%
 147871 78036     1103.6250   270     1124.0000     1001.2130 17455172   10.92%
                                                  Impl Bds: 1                  
 153224 80260     1053.6667   182     1124.0000     1003.5000 18124322   10.72%
                                                  ZeroHalf: 2                  
 159773 82991     1082.6667   194     1124.0000     1007.5000 18782676   10.36%
                                                    Covers: 1                  
*162251 83982      integral     0     1122.0000     1007.5000 19014779   10.20%
Found incumbent of value 1122.000000 after 305.13 sec. (121635.84 ticks)
*164810+85049                         1119.0000     1007.5000 19247380    9.96%
Found incumbent of value 1119.000000 after 307.36 sec. (123313.78 ticks)
 166060 83898     1114.2714   304     1119.0000     1009.2778 19414465    9.81%
                                                  Impl Bds: 1                  
 172717 86353     1052.5000   223     1119.0000     1011.0727 20164762    9.64%
                                                      Cuts: 4                  
Elapsed time = 321.77 sec. (129402.24 ticks, tree = 3490.70 MB, solutions = 20)
Nodefile size = 3370.10 MB (2449.40 MB after compression)
 179056 88625     1053.3167   236     1119.0000     1013.0833 20764608    9.47%
                                                      Cuts: 2                  
 185488 90945        cutoff           1119.0000     1014.6667 21461326    9.32%
                                                      Cuts: 4                  
 192288 93148     1098.3333   234     1119.0000     1018.0000 22079414    9.03%
                                                      Cuts: 7                  
 198854 95512     1100.3750   222     1119.0000     1019.5000 22784602    8.89%
 206344 98168     1088.5952   229     1119.0000     1020.9524 23416850    8.76%
                                                    Covers: 1                  
 212065 100015     1100.0476   176     1119.0000     1022.3889 23971289    8.63%
                                                    Covers: 3                  
 219632 102503     1064.0833   262     1119.0000     1023.7500 24681438    8.51%
                                                    Covers: 1                  
 226537 104509     1080.9583   277     1119.0000     1026.6667 25393648    8.25%
                                                      Cuts: 4                  
 233366 106621     1073.0000   270     1119.0000     1027.9000 26036386    8.14%
                                                    Covers: 1                  
 239875 108926     1053.4635   223     1119.0000     1028.9833 26654216    8.04%
                                                      Cuts: 2                  
Elapsed time = 426.87 sec. (167713.71 ticks, tree = 4149.09 MB, solutions = 20)
Nodefile size = 4021.44 MB (2882.21 MB after compression)
 248666 111997     1042.3795   183     1119.0000     1030.2351 27299307    7.93%
                                                      Cuts: 3                  
 256378 114609     1079.1667   157     1119.0000     1031.5714 28014101    7.81%
                                                  ZeroHalf: 1                  
 263634 117248        cutoff           1119.0000     1033.8750 28508067    7.61%
 270690 119514        cutoff           1119.0000     1034.8000 29165860    7.52%
*276518 121466      integral     0     1114.0000     1036.0000 29578395    7.00%
Found incumbent of value 1114.000000 after 482.52 sec. (185150.61 ticks)
 283276 120705        cutoff           1114.0000     1037.0625 30079111    6.91%
                                                  Impl Bds: 1                  
 290506 122511     1095.2222   187     1114.0000     1038.0000 30741727    6.82%
                                                      Cuts: 4                  
 298319 124783     1098.6000   110     1114.0000     1039.1406 31369843    6.72%
                                                  Impl Bds: 1                  
 307562 127473     1068.8750   229     1114.0000     1041.0474 32005894    6.55%
                                                      Cuts: 3                  
 316204 130152     1068.1818   268     1114.0000     1042.0000 32558268    6.46%
                                                      Cuts: 2                  
Elapsed time = 539.83 sec. (204446.16 ticks, tree = 4991.93 MB, solutions = 21)
Nodefile size = 4860.83 MB (3406.06 MB after compression)
 324277 132601     1098.2500   188     1114.0000     1042.8619 33178403    6.39%
                                                  Impl Bds: 1                  
 334185 135778     1088.0893   247     1114.0000     1043.7000 33895707    6.31%
 342830 138356     1079.4167   184     1114.0000     1045.3333 34406824    6.16%
                                                  Impl Bds: 2                  
 352349 141590     1107.5000   217     1114.0000     1046.0000 35064745    6.10%
 363030 144833     1100.5000   157     1114.0000     1046.9795 35618879    6.02%
 371124 147089        cutoff           1114.0000     1048.3718 36219963    5.89%
                                                  Impl Bds: 4                  
 380573 149979     1083.4444   113     1114.0000     1049.0326 36758460    5.83%
 391347 153567     1077.5056   276     1114.0000     1049.6667 37378044    5.77%
 400502 156401     1075.8262   272     1114.0000     1051.0000 37947681    5.66%
                                                    Covers: 1                  
 411245 159674     1062.3333   120     1114.0000     1051.6667 38508989    5.60%
Elapsed time = 663.62 sec. (242677.04 ticks, tree = 5578.95 MB, solutions = 21)
Nodefile size = 5449.40 MB (3733.52 MB after compression)
 421398 162406     1081.8333   181     1114.0000     1052.2500 39097613    5.54%
 431526 165125     1062.7628   123     1114.0000     1053.5000 39577047    5.43%
 441631 167783     1079.2500    51     1114.0000     1054.0000 40191281    5.39%
                                                    Covers: 1                  
 452269 170539     1067.7619   110     1114.0000     1054.5833 40842525    5.33%
 462521 173046     1069.5000    58     1114.0000     1055.6374 41378886    5.24%
 473703 175599     1083.0833   271     1114.0000     1056.0333 41979786    5.20%
 483947 177964     1108.0000   171     1114.0000     1057.0833 42577820    5.11%
 494722 180564        cutoff           1114.0000     1057.6667 43135058    5.06%
 505749 182907     1079.5000    71     1114.0000     1058.6000 43715725    4.97%
                                                      Cuts: 2                  
 516716 185254     1103.5000    33     1114.0000     1059.0000 44299306    4.94%
                                                    Covers: 2                  
Elapsed time = 790.89 sec. (280900.24 ticks, tree = 5877.51 MB, solutions = 21)
Nodefile size = 5746.16 MB (3865.79 MB after compression)
 527253 187679        cutoff           1114.0000     1059.9487 44909635    4.85%
                                                      Cuts: 6                  
 539427 190183     1105.3397   260     1114.0000     1060.3333 45484066    4.82%
 549391 192322        cutoff           1114.0000     1061.2500 46045800    4.74%
 560607 194717     1093.5694   149     1114.0000     1061.7381 46612537    4.69%
                                                    Covers: 1                  
 572376 196964     1102.6667    54     1114.0000     1062.5000 47291715    4.62%
                                                      Cuts: 2                  
 583894 199166        cutoff           1114.0000     1063.3333 47739012    4.55%
 595954 201377     1098.5000   144     1114.0000     1063.7778 48354915    4.51%
 606941 203030     1078.9167   168     1114.0000     1064.5000 48964569    4.44%
 618431 204899        cutoff           1114.0000     1065.0000 49533977    4.40%
 629629 206548     1081.0750   283     1114.0000     1065.6667 50068690    4.34%
Elapsed time = 932.00 sec. (319336.81 ticks, tree = 6042.42 MB, solutions = 21)
Nodefile size = 5913.75 MB (3904.80 MB after compression)
 641888 208242        cutoff           1114.0000     1066.4000 50618604    4.27%
                                                    Covers: 1                  
 654384 210059     1106.7424   263     1114.0000     1066.7500 51231205    4.24%
 665554 211507     1089.3333   199     1114.0000     1067.4643 51830116    4.18%
 677930 213023        cutoff           1114.0000     1068.0033 52432671    4.13%
                                                    Covers: 1                  
 689453 214464        cutoff           1114.0000     1068.4167 53004966    4.09%
 701437 215762     1112.0000    26     1114.0000     1069.0000 53604847    4.04%
 713341 216988        cutoff           1114.0000     1069.6795 54219217    3.98%
 725937 218076     1082.0000    57     1114.0000     1070.0000 54797253    3.95%
 737063 219196     1109.7628   147     1114.0000     1070.6667 55309501    3.89%
 750282 220404        cutoff           1114.0000     1071.2308 55877224    3.84%
                                                  ZeroHalf: 1                  
Elapsed time = 1069.57 sec. (357562.78 ticks, tree = 5740.39 MB, solutions = 21)
Nodefile size = 5611.35 MB (3657.71 MB after compression)
 763169 221643        cutoff           1114.0000     1071.9167 56457748    3.78%
                                                    Covers: 1                  
 775521 222483        cutoff           1114.0000     1072.1333 57137221    3.76%
                                                    Covers: 2                  
 789117 223764     1103.5000    46     1114.0000     1072.7665 57704840    3.70%
                                                    Covers: 1                  
 801428 224568        cutoff           1114.0000     1073.2821 58329095    3.66%
                                                    Covers: 1                  
 814463 225357     1088.5000    41     1114.0000     1073.8750 58918679    3.60%
 827063 226194     1091.8333   127     1114.0000     1074.0833 59488310    3.58%
 840386 226855        cutoff           1114.0000     1074.6875 60057771    3.53%
                                                    Covers: 1                  
 853357 226981     1090.7795   127     1114.0000     1075.1795 60659474    3.48%
 865912 226992     1101.3333    45     1114.0000     1075.7949 61245380    3.43%
                                                    Covers: 1                  
 878738 227135     1103.2903   161     1114.0000     1076.2628 61813087    3.39%
Elapsed time = 1204.57 sec. (396085.85 ticks, tree = 5107.51 MB, solutions = 21)
Nodefile size = 4979.20 MB (3222.59 MB after compression)
 891983 227376     1093.5000    75     1114.0000     1076.8571 62402147    3.33%
 905462 227059     1106.9295   140     1114.0000     1077.0833 62981081    3.31%
 918187 226705        cutoff           1114.0000     1077.6410 63517663    3.26%
 932201 226215        cutoff           1114.0000     1078.1250 64092610    3.22%
 944792 225548     1095.3333    74     1114.0000     1078.6667 64633422    3.17%
 958938 224794     1082.7000   124     1114.0000     1079.0833 65280148    3.13%
 971810 224129     1098.8462    98     1114.0000     1079.6667 65894023    3.08%
 986363 223111     1107.7500   175     1114.0000     1080.0714 66468616    3.05%
 999653 222188     1104.6667    45     1114.0000     1080.6667 67009568    2.99%
 1014923 221522     1092.1795    99     1114.0000     1081.0128 67684154    2.96%
Elapsed time = 1340.90 sec. (434301.21 ticks, tree = 4281.60 MB, solutions = 21)
Nodefile size = 4160.75 MB (2675.43 MB after compression)
 1028628 220164        cutoff           1114.0000     1081.5795 68285016    2.91%
 1042824 218657        cutoff           1114.0000     1082.0000 68840774    2.87%
 1056382 217330        cutoff           1114.0000     1082.5333 69399251    2.82%
 1071675 215444        cutoff           1114.0000     1083.0000 69988087    2.78%
 1085252 213869     1095.8000   106     1114.0000     1083.5000 70528979    2.74%
 1100469 212044        cutoff           1114.0000     1084.0000 71072426    2.69%
 1114636 209854     1093.5417   198     1114.0000     1084.4615 71647316    2.65%
 1130220 207191        cutoff           1114.0000     1084.9667 72341202    2.61%
 1144981 204536        cutoff           1114.0000     1085.3462 73004540    2.57%
 1160531 201823        cutoff           1114.0000     1085.9167 73612137    2.52%
Elapsed time = 1475.08 sec. (472527.46 ticks, tree = 3332.91 MB, solutions = 21)
Nodefile size = 3210.68 MB (2058.52 MB after compression)
 1175946 198684     1104.5714    73     1114.0000     1086.3333 74271577    2.48%
 1191175 196114        cutoff           1114.0000     1086.8462 74863348    2.44%
 1206063 192749        cutoff           1114.0000     1087.3333 75585269    2.39%
 1222489 188988     1108.2667   254     1114.0000     1088.0000 76166327    2.33%
 1237849 185122     1112.9333   266     1114.0000     1088.5833 76875032    2.28%
 1254795 181529     1098.6667   123     1114.0000     1089.0000 77585483    2.24%
 1270717 177718     1089.8750   156     1114.0000     1089.5000 78269311    2.20%
 1287582 174306        cutoff           1114.0000     1090.0000 78873014    2.15%
 1304514 170131     1099.9890    77     1114.0000     1090.7917 79580812    2.08%
 1320536 165702        cutoff           1114.0000     1091.2000 80092629    2.05%
Elapsed time = 1587.42 sec. (510783.96 ticks, tree = 1971.87 MB, solutions = 21)
Nodefile size = 1849.80 MB (1206.07 MB after compression)
 1337310 161778        cutoff           1114.0000     1091.8000 80660497    1.99%
 1354500 156926        cutoff           1114.0000     1092.3194 81343571    1.95%
 1373228 152237        cutoff           1114.0000     1093.0128 82037183    1.88%
 1390775 146880     1104.1795    94     1114.0000     1093.6795 82712842    1.82%
 1408987 141186        cutoff           1114.0000     1094.1795 83389613    1.78%
 1428172 135224     1101.0128   168     1114.0000     1095.0833 84083490    1.70%
 1445878 129570     1096.6667    25     1114.0000     1095.8333 84710979    1.63%
 1465149 123100     1113.0000    51     1114.0000     1096.3810 85360510    1.58%
 1485745 115771     1102.7500    84     1114.0000     1097.4000 86029451    1.49%
 1505601 109023     1103.6667    98     1114.0000     1098.0000 86664741    1.44%
Elapsed time = 1685.97 sec. (549027.90 ticks, tree = 833.00 MB, solutions = 21)
Nodefile size = 771.32 MB (517.34 MB after compression)
 1526013 102015        cutoff           1114.0000     1098.9048 87295235    1.36%
 1546701 94116     1103.5556   203     1114.0000     1100.0000 87908105    1.26%
 1567655 85661        cutoff           1114.0000     1100.8462 88536318    1.18%
 1589236 76282        cutoff           1114.0000     1102.0000 89156345    1.08%
 1611877 65571        cutoff           1114.0000     1103.0000 89771769    0.99%
 1635965 53822        cutoff           1114.0000     1104.7500 90379473    0.83%
 1659869 40803     1107.5833    81     1114.0000     1106.0000 90960454    0.72%
 1686642 23625     1109.6667    25     1114.0000     1108.5000 91541638    0.49%
 1713337  2308        cutoff           1114.0000     1112.0000 92060132    0.18%

GUB cover cuts applied:  1
Cover cuts applied:  56
Implied bound cuts applied:  36
Zero-half cuts applied:  164
Gomory fractional cuts applied:  3

Root node processing (before b&c):
  Real time             =    4.84 sec. (2368.63 ticks)
Parallel b&c, 32 threads:
  Real time             = 1773.05 sec. (581154.15 ticks)
  Sync time (average)   =    1.05 sec.
  Wait time (average)   =    0.01 sec.
                          ------------
Total (root+branch&cut) = 1777.88 sec. (583522.78 ticks)


Solution status: Optimal
Execution time: 1778.3 sec
Gap: 0.00000
