Tue Jul 10 09:41:10 2018

Tried aggregator 2 times.
MIP Presolve eliminated 5392 rows and 97 columns.
Aggregator did 240 substitutions.
Reduced MIP has 5395 rows, 2022 columns, and 20588 nonzeros.
Reduced MIP has 2022 binaries, 0 generals, 0 SOSs, and 0 indicators.
Presolve time = 0.04 sec. (28.50 ticks)
Probing time = 0.01 sec. (1.31 ticks)
Tried aggregator 1 time.
Presolve time = 0.02 sec. (9.31 ticks)
Probing time = 0.00 sec. (1.31 ticks)
Clique table members: 9484.
MIP emphasis: balance optimality and feasibility.
MIP search method: dynamic search.
Parallel mode: deterministic, using up to 32 threads.
Root relaxation solution time = 0.39 sec. (65.03 ticks)

        Nodes                                         Cuts/
   Node  Left     Objective  IInf  Best Integer    Best Bound    ItCnt     Gap

      0     0      678.0000   256                    678.0000      679         
      0     0      721.8262   335                    Cuts: 83     1360         
      0     0      755.0420   335                    Cuts: 43     1618         
      0     0      757.5021   370                    Cuts: 35     1917         
      0     0      765.7587   405                    Cuts: 28     2288         
      0     0      773.1799   415                    Cuts: 32     2714         
      0     0      773.8033   413                ZeroHalf: 32     2873         
      0     0      774.4104   395                ZeroHalf: 19     3092         
      0     0      774.6230   407                    Cuts: 18     3159         
      0     0      779.2617   417                    Cuts: 19     3571         
      0     0      779.9505   415                    Cuts: 25     3773         
*     0+    0                         1828.0000      779.9505     3879   57.33%
Found incumbent of value 1828.000000 after 2.42 sec. (1063.91 ticks)
      0     0      780.0000   305     1828.0000      Cuts: 22     3879   57.33%
      0     0      780.0000   352     1828.0000      Cuts: 33     3998   57.33%
      0     2      780.0000   285     1828.0000      780.0000     3998   57.33%
Elapsed time = 4.95 sec. (2323.24 ticks, tree = 0.01 MB, solutions = 1)
      2     4      782.0004   369     1828.0000      780.0000     6520   57.33%
      6     8      800.7803   365     1828.0000      782.0371    10876   57.22%
     14    16      826.0440   330     1828.0000      790.0544    16924   56.78%
                                                  Impl Bds: 3                  
     24    26      842.2500   333     1828.0000      790.0544    25099   56.78%
     29    31      866.8042   324     1828.0000      794.5751    27651   56.53%
                                                     Cuts: 14                  
     44    46      868.0260   300     1828.0000      794.5751    32855   56.53%
     86    88      967.9118   288     1828.0000      800.8886    51200   56.19%
                                                     Cuts: 11                  
    240   238     1026.4643   245     1828.0000      800.8886    85781   56.19%
*   582   542      integral     0     1387.0000      800.8886   133783   42.26%
Found incumbent of value 1387.000000 after 10.02 sec. (4658.25 ticks)
*  1087   984      integral     0     1373.0000      800.8886   238466   41.67%
                                                     Cuts: 15                  
Elapsed time = 11.64 sec. (4903.51 ticks, tree = 0.62 MB, solutions = 2)
Found incumbent of value 1373.000000 after 11.64 sec. (4903.51 ticks)
*  1110  1000      integral     0     1372.0000      800.8886   240809   41.63%
Found incumbent of value 1372.000000 after 11.64 sec. (4914.66 ticks)
*  1220  1100      integral     0     1367.0000      800.8886   251686   41.41%
Found incumbent of value 1367.000000 after 11.64 sec. (5194.77 ticks)
   1718  1538     1030.1667   162     1367.0000      800.8886   307669   41.41%
                                                     Cuts: 18                  
*  2295  2062      integral     0     1324.0000      800.8886   350195   39.51%
Found incumbent of value 1324.000000 after 14.06 sec. (6175.56 ticks)
*  2320  2081      integral     0     1305.0000      800.8886   351012   38.63%
Found incumbent of value 1305.000000 after 14.06 sec. (6175.56 ticks)
   3758  3061     1008.4000   139     1305.0000      824.4089   493304   36.83%
                                                     Cuts: 24                  
   5845  4913     1003.5662   257     1305.0000      841.5833   704948   35.51%
                                                     Cuts: 34                  
   7235  6108     1105.1250   288     1305.0000      841.5833   844949   35.51%
*  9092  7682      integral     0     1290.0000      841.5833  1019690   34.76%
Found incumbent of value 1290.000000 after 20.62 sec. (9321.61 ticks)
   9206  7629      780.0000   296     1290.0000      852.8809  1032284   33.89%
Elapsed time = 32.25 sec. (12039.28 ticks, tree = 127.50 MB, solutions = 11)
   9208  7631      786.5437   405     1290.0000      852.8809  1037982   33.89%
   9215  7636      834.0864   366     1290.0000      852.8809  1044206   33.89%
*  9223+ 5097                         1267.0000      852.8809  1051526   32.69%
                                                  ZeroHalf: 4                  
Found incumbent of value 1267.000000 after 37.14 sec. (14914.93 ticks)
   9227  5102      888.7459   364     1267.0000      852.8809  1054397   32.69%
   9250  5116      854.0820   357     1267.0000      852.8809  1068974   32.69%
                                                      Cuts: 5                  
   9858  5388      913.0051   295     1267.0000      852.8809  1136724   32.69%
                                                      Cuts: 3                  
  11684  6269     1019.5368   295     1267.0000      852.8809  1265107   32.69%
  13517  7117     1052.3987   280     1267.0000      852.8809  1410142   32.69%
  16175  8322     1260.0000   187     1267.0000      852.8809  1577538   32.69%
                                                  ZeroHalf: 2                  
  16553  8482     1009.8448   332     1267.0000      852.8809  1621468   32.69%
  18166  9160      894.7976   322     1267.0000      852.8809  1754634   32.69%
                                                  ZeroHalf: 2                  
Elapsed time = 55.44 sec. (22944.84 ticks, tree = 124.29 MB, solutions = 12)
  20976 10729      966.9329   279     1267.0000      865.8425  1997635   31.66%
                                                     Cuts: 10                  
  22524 12100     1164.0000   236     1267.0000      865.8425  2125244   31.66%
  24101 13437     1155.8333   193     1267.0000      865.8425  2263630   31.66%
  25626 14740     1067.7333   243     1267.0000      889.9075  2389683   29.76%
  28122 16872      985.6250   230     1267.0000      889.9075  2611543   29.76%
* 29276 17831      integral     0     1201.0000      889.9075  2709557   25.90%
Found incumbent of value 1201.000000 after 69.85 sec. (27808.92 ticks)
  30483 18846     1001.6000   208     1201.0000      889.9075  2818159   25.90%
  31422 16454     1064.0500   233     1201.0000      901.6458  2919891   24.93%
                                                  Impl Bds: 2                  
  31933 16865     1074.7500   196     1201.0000      901.6458  2993474   24.93%
  33181 17781     1150.4196   164     1201.0000      907.1175  3127597   24.47%
                                                  ZeroHalf: 1                  
Elapsed time = 79.53 sec. (31735.20 ticks, tree = 483.41 MB, solutions = 13)
Nodefile size = 346.53 MB (264.54 MB after compression)
  34656 18943     1004.4623   269     1201.0000      907.1175  3294031   24.47%
  36361 20298     1045.1667   212     1201.0000      907.1175  3467580   24.47%
  38190 21758      940.4426   251     1201.0000      915.3585  3632682   23.78%
                                                      Cuts: 3                  
  39918 23171     1137.3333   125     1201.0000      915.3585  3792151   23.78%
  42030 24830     1034.6000   235     1201.0000      915.3585  4008847   23.78%
  43590 26025     1177.3788    85     1201.0000      923.4260  4158343   23.11%
                                                     Cuts: 11                  
  44998 27114     1193.2500   170     1201.0000      923.4260  4332145   23.11%
  46644 28344     1045.8125   255     1201.0000      923.4260  4549385   23.11%
  47916 29330      950.9073   302     1201.0000      927.5306  4672038   22.77%
                                                  ZeroHalf: 2                  
* 48649 29887      integral     0     1196.0000      927.5306  4745190   22.45%
Elapsed time = 104.64 sec. (40632.43 ticks, tree = 1020.72 MB, solutions = 13)
Nodefile size = 882.23 MB (671.22 MB after compression)
Found incumbent of value 1196.000000 after 104.64 sec. (40632.43 ticks)
  49490 30542     1141.5556   171     1196.0000      927.5306  4828173   22.45%
  50962 31667     1076.5000   149     1196.0000      927.5306  4958929   22.45%
  53148 33008      964.8674   331     1196.0000      933.9417  5189102   21.91%
                                                  Impl Bds: 1                  
  54204 33812     1151.1778   126     1196.0000      933.9417  5332545   21.91%
  55676 34952     1005.1000   285     1196.0000      933.9417  5498124   21.91%
* 56772 35784      integral     0     1185.0000      933.9417  5611194   21.19%
Found incumbent of value 1185.000000 after 117.66 sec. (45535.42 ticks)
  57628 35870     1037.9583   245     1185.0000      937.5025  5700876   20.89%
                                                  Impl Bds: 1                  
* 58344+36402                         1181.0000      937.5025  5773345   20.62%
Found incumbent of value 1181.000000 after 121.18 sec. (46416.02 ticks)
  59423 37184      982.1047   278     1181.0000      937.5025  5882524   20.62%
  60895 38285     1105.0000   184     1181.0000      937.5025  6029150   20.62%
  62573 39266     1117.5667   180     1181.0000      942.1176  6186384   20.23%
                                                      Cuts: 6                  
Elapsed time = 130.81 sec. (50282.87 ticks, tree = 1920.87 MB, solutions = 15)
Nodefile size = 1793.57 MB (1356.31 MB after compression)
  63641 40120     1029.3333   235     1181.0000      942.1176  6338871   20.23%
  64930 41088     1030.5500   238     1181.0000      942.1176  6480708   20.23%
* 67161+42740                         1176.0000      942.1176  6745286   19.89%
Found incumbent of value 1176.000000 after 137.19 sec. (52665.40 ticks)
  67883 42732     1016.9444   190     1176.0000      946.2931  6825256   19.53%
                                                  ZeroHalf: 1                  
  68811 43388     1018.8671   306     1176.0000      946.2931  6925302   19.53%
* 69574 43947      integral     0     1165.0000      946.2931  7001811   18.77%
Found incumbent of value 1165.000000 after 141.09 sec. (54143.96 ticks)
  70096 44307     1090.7500   198     1165.0000      946.2931  7049373   18.77%
  72251 44136     1002.1656   207     1165.0000      949.2541  7278146   18.52%
                                                    Covers: 1                  
  74125 45485     1151.5000   228     1165.0000      949.2541  7465013   18.52%
* 74888+46009                         1143.0000      949.2541  7538900   16.95%
Found incumbent of value 1143.000000 after 149.06 sec. (57057.16 ticks)
  76017 46799     1155.1750   274     1143.0000      949.2541  7648058   16.95%
  77349 42724     1092.5284   233     1143.0000      953.1207  7783293   16.61%
                                                      Cuts: 6                  
Elapsed time = 153.51 sec. (59023.49 ticks, tree = 1694.75 MB, solutions = 18)
Nodefile size = 1562.82 MB (1180.22 MB after compression)
  78597 43504     1115.0000   178     1143.0000      953.1207  8042478   16.61%
  79973 44400     1118.3333   186     1143.0000      953.1207  8275204   16.61%
  81095 45101     1093.7424   221     1143.0000      955.7188  8462665   16.39%
  82258 45844      981.3485   272     1143.0000      955.7188  8618817   16.39%
  83693 46814     1061.6689   267     1143.0000      955.7188  8800651   16.39%
  85768 48162     1034.4277   252     1143.0000      958.6367  9041566   16.13%
                                                    Covers: 1                  
  87880 49562      977.6667   212     1143.0000      958.6367  9244781   16.13%
  89205 50418     1106.2500   213     1143.0000      958.6367  9385048   16.13%
  91022 51579     1120.9583   207     1143.0000      961.8842  9576501   15.85%
  92502 52491     1053.5680   294     1143.0000      961.8842  9731355   15.85%
Elapsed time = 179.94 sec. (68799.29 ticks, tree = 1996.57 MB, solutions = 19)
Nodefile size = 1862.16 MB (1401.44 MB after compression)
  94597 53879     1014.2500   156     1143.0000      961.8842  9935462   15.85%
  95003 54155     1078.5000   187     1143.0000      964.1320  9977807   15.65%
                                                    Covers: 1                  
  96712 55265     1011.6250   193     1143.0000      964.1320 10185256   15.65%
  98307 56277      987.1037   287     1143.0000      964.1320 10374678   15.65%
 100387 57618     1112.5625   289     1143.0000      966.5000 10613390   15.44%
                                                  ZeroHalf: 1                  
 101439 58285     1026.3333   227     1143.0000      966.5000 10726094   15.44%
 102722 59064     1140.6667   241     1143.0000      966.5000 10863956   15.44%
 104439 60130      999.3971   294     1143.0000      969.0417 11035378   15.22%
 106679 61595        cutoff           1143.0000      969.0417 11244666   15.22%
 108535 62797        cutoff           1143.0000      969.0417 11424708   15.22%
Elapsed time = 203.98 sec. (78595.90 ticks, tree = 2362.22 MB, solutions = 19)
Nodefile size = 2225.16 MB (1668.87 MB after compression)
 110576 64093     1037.7917   258     1143.0000      971.3438 11632141   15.02%
                                                    Covers: 1                  
 111952 64939     1023.6087   252     1143.0000      971.3438 11813737   15.02%
 113296 65800     1041.2500   209     1143.0000      971.3438 11998575   15.02%
 114758 66697     1039.6504   274     1143.0000      973.1176 12201437   14.86%
                                                  ZeroHalf: 1                  
 116222 67605     1008.7672   251     1143.0000      973.1176 12346067   14.86%
 118068 68736     1021.2500   203     1143.0000      973.1176 12528948   14.86%
 120005 69956        cutoff           1143.0000      975.0667 12716940   14.69%
 121875 71105     1049.3551   298     1143.0000      975.0667 12912919   14.69%
 123699 72211     1021.1667   184     1143.0000      975.0667 13102189   14.69%
 128994 75377     1060.0000   137     1143.0000      977.2254 13763877   14.50%
                                                  ZeroHalf: 1                  
Elapsed time = 241.22 sec. (91876.73 ticks, tree = 3060.39 MB, solutions = 19)
Nodefile size = 2927.80 MB (2173.33 MB after compression)
 135738 79501     1087.2381   136     1143.0000      980.8125 14396207   14.19%
 141499 82884     1037.0833   222     1143.0000      982.3391 15091895   14.06%
 148520 87111     1139.0000   132     1143.0000      984.1667 15768441   13.90%
 154044 90426     1074.5000   184     1143.0000      985.7619 16370551   13.76%
                                                    Covers: 2                  
 160878 94454     1100.0000   181     1143.0000      988.6667 17059925   13.50%
 168091 98683     1131.7333   212     1143.0000      990.2563 17773943   13.36%
 174193 102216     1032.6667   206     1143.0000      991.5000 18378187   13.25%
 181528 106503     1056.9750   250     1143.0000      992.6667 19129270   13.15%
                                                  Impl Bds: 1                  
 187790 110040     1024.5556   251     1143.0000      994.1186 19817563   13.03%
                                                      Cuts: 4                  
*190384 111524      integral     0     1126.0000      995.1667 20058482   11.62%
Elapsed time = 337.05 sec. (127604.46 ticks, tree = 4549.65 MB, solutions = 19)
Nodefile size = 4416.99 MB (3228.50 MB after compression)
Found incumbent of value 1126.000000 after 337.05 sec. (127604.46 ticks)
 196046 109809     1045.5519   247     1126.0000      996.4615 20574704   11.50%
 202579 113018        cutoff           1126.0000      997.6667 21302827   11.40%
                                                  Impl Bds: 1                  
 209283 116239     1017.9643   269     1126.0000     1000.2000 21982703   11.17%
                                                      Cuts: 2                  
 215725 119396     1088.0000   142     1126.0000     1001.5000 22598837   11.06%
 222124 122387     1057.0000   153     1126.0000     1002.5000 23286004   10.97%
                                                    Covers: 1                  
 229571 126010     1032.9367   287     1126.0000     1003.5000 24045607   10.88%
 236371 129079     1076.0000   182     1126.0000     1005.6875 24685123   10.68%
 242864 131942     1046.9167   197     1126.0000     1007.0000 25315992   10.57%
 249357 134867     1026.9103   297     1126.0000     1007.7500 25983903   10.50%
                                                    Covers: 1                  
 255780 137782     1045.5536   283     1126.0000     1008.9091 26563511   10.40%
                                                    Covers: 3                  
Elapsed time = 440.77 sec. (165940.71 ticks, tree = 5473.08 MB, solutions = 20)
Nodefile size = 5336.09 MB (3857.36 MB after compression)
 262614 140845     1108.9762   261     1126.0000     1010.7500 27291449   10.24%
                                                      Cuts: 9                  
 268839 143619     1091.4167   191     1126.0000     1011.6000 27885528   10.16%
                                                      Cuts: 2                  
 275754 146746     1097.9722   267     1126.0000     1012.2500 28574235   10.10%
 284090 150439     1077.1667   202     1126.0000     1013.2500 29279630   10.01%
                                                    Covers: 1                  
 289359 152637     1061.5139   248     1126.0000     1014.8654 29858102    9.87%
                                                  Impl Bds: 3                  
 296865 155859     1086.5974   255     1126.0000     1015.6667 30544447    9.80%
                                                      Cuts: 5                  
 303586 158736     1100.1364   220     1126.0000     1016.4063 31193924    9.73%
                                                      Cuts: 4                  
 310929 161859     1084.0000   161     1126.0000     1018.0345 31804008    9.59%
                                                    Covers: 1                  
 317821 164747     1111.5000   183     1126.0000     1018.6667 32535727    9.53%
                                                    Covers: 1                  
 324637 167551     1044.0200   288     1126.0000     1019.5000 33178918    9.46%
Elapsed time = 549.43 sec. (204599.91 ticks, tree = 6554.52 MB, solutions = 20)
Nodefile size = 6422.63 MB (4584.82 MB after compression)
 332764 170912     1065.2121   214     1126.0000     1020.9167 33907311    9.33%
                                                      Cuts: 5                  
 339417 173446     1046.2667   203     1126.0000     1021.6000 34496166    9.27%
                                                    Covers: 2                  
 346504 176241     1056.6009   308     1126.0000     1022.2292 35181424    9.22%
 353265 178756     1105.6667   243     1126.0000     1023.0000 35853133    9.15%
                                                  ZeroHalf: 1                  
 361106 181820     1075.2500   228     1126.0000     1024.1667 36490212    9.04%
 368334 184563        cutoff           1126.0000     1024.8333 37127558    8.98%
 375643 187402        cutoff           1126.0000     1025.4500 37775252    8.93%
 382658 189993     1112.6333   207     1126.0000     1026.6333 38496008    8.82%
                                                  ZeroHalf: 1                  
 389438 192543     1060.5000   240     1126.0000     1027.2213 39051628    8.77%
 397282 195365     1089.5000   185     1126.0000     1027.8125 39785676    8.72%
Elapsed time = 658.30 sec. (243256.88 ticks, tree = 7124.73 MB, solutions = 20)
Nodefile size = 6990.45 MB (4935.21 MB after compression)
 404580 198015     1095.8077   295     1126.0000     1029.0000 40494113    8.61%
 412017 200707     1037.2061   141     1126.0000     1029.5833 41081973    8.56%
 419173 203313        cutoff           1126.0000     1030.1625 41683205    8.51%
 427717 206190     1071.4629   300     1126.0000     1031.2857 42406310    8.41%
 435235 208858     1079.6429   248     1126.0000     1031.7500 43135098    8.37%
 442171 211150     1111.0000   127     1126.0000     1032.3333 43761009    8.32%
                                                    Covers: 2                  
 449918 213683     1046.4667   248     1126.0000     1033.3929 44409680    8.22%
                                                    Covers: 1                  
 457438 216143     1106.0000   190     1126.0000     1033.8333 45129108    8.19%
 466086 218984     1063.5000   214     1126.0000     1034.3580 45776078    8.14%
 472413 221022     1119.3333   241     1126.0000     1035.3675 46380141    8.05%
Elapsed time = 775.72 sec. (282023.37 ticks, tree = 7758.48 MB, solutions = 20)
Nodefile size = 7629.00 MB (5321.28 MB after compression)
 480487 223723     1122.5000   107     1126.0000     1035.9815 47021962    7.99%
 488384 226448     1103.8000   124     1126.0000     1036.3333 47695658    7.96%
 496097 228940     1071.8750   261     1126.0000     1037.3333 48408974    7.87%
 503997 231466     1045.0667   118     1126.0000     1037.8364 49031583    7.83%
 511603 233788     1080.0000   170     1126.0000     1038.2500 49662295    7.79%
 519710 236268     1092.2500   177     1126.0000     1039.2500 50317958    7.70%
 528036 238792     1070.8250   238     1126.0000     1039.7273 51006164    7.66%
 534927 240901     1070.9062   255     1126.0000     1040.0960 51576983    7.63%
 542851 243160     1103.5000   230     1126.0000     1040.9815 52316522    7.55%
 550696 245571     1093.6667   170     1126.0000     1041.3750 52923088    7.52%
Elapsed time = 891.71 sec. (320298.28 ticks, tree = 8241.01 MB, solutions = 20)
Nodefile size = 8111.17 MB (5603.54 MB after compression)
 559935 248194        cutoff           1126.0000     1042.3299 53649970    7.43%
                                                    Covers: 1                  
 567807 250523     1091.4444   187     1126.0000     1042.6667 54356474    7.40%
 576766 252974     1091.3286   139     1126.0000     1043.0417 54995990    7.37%
 583586 254822     1099.2778   233     1126.0000     1044.0000 55630656    7.28%
 592070 257115     1075.6000   107     1126.0000     1044.3394 56293513    7.25%
                                                    Covers: 1                  
 601164 259443     1108.3182   172     1126.0000     1045.1667 56983856    7.18%
                                                    Covers: 2                  
 609010 261440     1108.2143   117     1126.0000     1045.5625 57692825    7.14%
 617147 263465     1048.0000   116     1126.0000     1046.0000 58388035    7.10%
                                                    Covers: 1                  
 625421 265367     1062.9268   215     1126.0000     1046.7500 58987212    7.04%
 633276 267217     1100.8649   250     1126.0000     1047.1667 59659805    7.00%
Elapsed time = 1012.18 sec. (359217.68 ticks, tree = 8544.38 MB, solutions = 20)
Nodefile size = 8415.37 MB (5759.97 MB after compression)
 642231 269447     1094.0667   148     1126.0000     1048.0000 60300253    6.93%
 650301 271401     1118.4167   173     1126.0000     1048.2500 60999470    6.90%
 659433 273464        cutoff           1126.0000     1048.6667 61759498    6.87%
 667291 275433     1107.7500   156     1126.0000     1049.4000 62278390    6.80%
 675511 277292     1075.1667   219     1126.0000     1049.8333 62896863    6.76%
 683889 279017        cutoff           1126.0000     1050.5000 63530044    6.71%
 692409 280954     1075.5000   203     1126.0000     1050.8095 64240736    6.68%
 699719 282521     1099.5000   156     1126.0000     1051.1667 64849078    6.65%
 709009 284281     1111.2500   220     1126.0000     1051.9524 65562924    6.58%
 717341 285941     1072.3333   246     1126.0000     1052.2500 66240447    6.55%
Elapsed time = 1131.10 sec. (397674.01 ticks, tree = 8573.15 MB, solutions = 20)
Nodefile size = 8442.64 MB (5738.26 MB after compression)
 725634 287478     1124.0833   250     1126.0000     1053.0000 66950823    6.48%
 733782 288879     1082.1667   107     1126.0000     1053.2500 67614687    6.46%
                                                    Covers: 1                  
 743108 290683     1054.4947   187     1126.0000     1054.0000 68279768    6.39%
 751197 292254        cutoff           1126.0000     1054.3750 68863774    6.36%
 760371 293814     1087.5000   193     1126.0000     1055.0000 69547848    6.31%
 769358 295551     1092.9167   199     1126.0000     1055.3333 70261306    6.28%
                                                    Covers: 1                  
 778127 297077     1122.7143   232     1126.0000     1055.6667 70964205    6.25%
 787215 298747        cutoff           1126.0000     1056.3500 71593866    6.19%
 795759 300146     1101.5714   168     1126.0000     1056.6667 72248126    6.16%
 803894 301234     1100.6429   248     1126.0000     1057.2500 72920253    6.11%
Elapsed time = 1251.35 sec. (436163.62 ticks, tree = 8608.47 MB, solutions = 20)
Nodefile size = 8477.46 MB (5719.93 MB after compression)
 812372 302537        cutoff           1126.0000     1057.6250 73570680    6.07%
                                                    Covers: 1                  
 822067 304109        cutoff           1126.0000     1058.2391 74217967    6.02%
 831148 305459     1069.7500   203     1126.0000     1058.5000 74923107    5.99%
                                                    Covers: 1                  
 839485 306529     1102.5000   161     1126.0000     1059.1667 75600742    5.94%
                                                    Covers: 1                  
 848503 307982     1096.2087   276     1126.0000     1059.5000 76200227    5.91%
 857509 309376     1096.3304   215     1126.0000     1060.0333 76818710    5.86%
 866056 310332     1111.4824   272     1126.0000     1060.5000 77509905    5.82%
 874795 311675     1111.0000   132     1126.0000     1060.8333 78062790    5.79%
                                                    Covers: 1                  
 884877 312996        cutoff           1126.0000     1061.3690 78778334    5.74%
 893846 314082        cutoff           1126.0000     1061.6667 79494601    5.71%
Elapsed time = 1372.64 sec. (474518.04 ticks, tree = 8361.54 MB, solutions = 20)
Nodefile size = 8230.31 MB (5519.64 MB after compression)
 902744 315085     1075.0000   135     1126.0000     1062.2500 80024591    5.66%
                                                    Covers: 1                  
 911676 316007     1075.2917   222     1126.0000     1062.5000 80739339    5.64%
 920792 317093     1081.0000   131     1126.0000     1063.0833 81459132    5.59%
 930489 318427     1102.5833   150     1126.0000     1063.3750 82112117    5.56%
 940039 319513     1114.0000   158     1126.0000     1064.0000 82718877    5.51%
 949116 320816     1105.7083   255     1126.0000     1064.1667 83411811    5.49%
 958986 321732        cutoff           1126.0000     1064.8125 84007768    5.43%
 967530 322571     1105.5333   220     1126.0000     1065.0000 84679082    5.42%
 976634 323448     1088.8000   212     1126.0000     1065.5518 85376471    5.37%
                                                    Covers: 1                  
 986197 324358     1095.8333   218     1126.0000     1065.9167 85982611    5.34%
Elapsed time = 1499.64 sec. (513092.48 ticks, tree = 8306.23 MB, solutions = 20)
Nodefile size = 8176.41 MB (5442.22 MB after compression)
 996457 325182     1098.8000   221     1126.0000     1066.5000 86629592    5.28%
 1005733 325994    infeasible           1126.0000     1066.7500 87256584    5.26%
                                                    Covers: 1                  
 1015996 326627     1110.2667   242     1126.0000     1067.3333 87951678    5.21%
 1025263 327208     1106.0000   197     1126.0000     1067.5000 88632900    5.20%
                                                    Covers: 2                  
 1034476 327935     1108.5000   141     1126.0000     1068.0000 89291594    5.15%
                                                    Covers: 1                  
 1043359 328509     1116.6270   174     1126.0000     1068.3333 89874812    5.12%
                                                    Covers: 1                  
 1054271 329255        cutoff           1126.0000     1068.8532 90573303    5.08%
                                                    Covers: 1                  
 1064311 329761     1110.9167    88     1126.0000     1069.0500 91248570    5.06%
 1073461 330151     1122.8409   265     1126.0000     1069.6579 91936589    5.00%
                                                    Covers: 1                  
 1083829 330722     1115.8000   113     1126.0000     1070.1667 92651840    4.96%
Elapsed time = 1621.81 sec. (551352.49 ticks, tree = 7770.13 MB, solutions = 20)
Nodefile size = 7641.76 MB (5062.44 MB after compression)
 1093255 331084     1118.8636   179     1126.0000     1070.5000 93225635    4.93%
                                                    Covers: 1                  
 1103716 331577     1088.3667   190     1126.0000     1071.0000 93798445    4.88%
 1113364 332066        cutoff           1126.0000     1071.1786 94496917    4.87%
                                                    Covers: 1                  
 1123314 332308     1095.9412   170     1126.0000     1071.6909 95074868    4.82%
 1132570 332707     1090.7500   252     1126.0000     1072.0000 95821355    4.80%
 1143551 333037     1122.5833   220     1126.0000     1072.4444 96446958    4.76%
 1152915 333471     1098.5000   111     1126.0000     1072.6667 97046124    4.74%
                                                    Covers: 1                  
 1162441 333449     1107.5000   239     1126.0000     1073.1100 97766742    4.70%
                                                      Cuts: 9                  
 1173393 333521        cutoff           1126.0000     1073.6667 98328132    4.65%
                                                    Covers: 1                  
 1182997 333680     1100.0000    88     1126.0000     1073.9667 99092305    4.62%
                                                    Covers: 2                  
Elapsed time = 1749.06 sec. (589695.26 ticks, tree = 7470.50 MB, solutions = 20)
Nodefile size = 7345.54 MB (4834.25 MB after compression)
 1194620 333926        cutoff           1126.0000     1074.3913 99714243    4.58%
 1203915 333858        cutoff           1126.0000     1074.6667 1.00e+08    4.56%
                                                    Covers: 1                  
 1214293 333947     1115.2500   230     1126.0000     1075.1111 1.01e+08    4.52%
                                                      Cuts: 2                  
 1225253 333777     1117.0000   186     1126.0000     1075.6000 1.02e+08    4.48%
                                                    Covers: 1                  
 1235933 333941        cutoff           1126.0000     1075.8421 1.02e+08    4.45%
 1245823 333734        cutoff           1126.0000     1076.3333 1.03e+08    4.41%
 1256466 333452     1116.3333    57     1126.0000     1076.5000 1.04e+08    4.40%
 1266615 333347     1078.0000    93     1126.0000     1077.0000 1.04e+08    4.35%
 1277132 332915     1124.6667   184     1126.0000     1077.5000 1.05e+08    4.31%
                                                    Covers: 3                  
 1287148 332636     1116.5000   192     1126.0000     1077.7222 1.06e+08    4.29%
                                                      Cuts: 3                  
Elapsed time = 1876.57 sec. (628097.57 ticks, tree = 6826.84 MB, solutions = 20)
Nodefile size = 6697.27 MB (4386.88 MB after compression)
 1297376 332126        cutoff           1126.0000     1078.1667 1.06e+08    4.25%
                                                    Covers: 1                  
 1308767 331695        cutoff           1126.0000     1078.4306 1.07e+08    4.22%
 1319275 331214     1093.2500   210     1126.0000     1078.9261 1.08e+08    4.18%
 1329939 330699     1087.5000   218     1126.0000     1079.3333 1.08e+08    4.14%
 1340741 329897        cutoff           1126.0000     1079.5238 1.09e+08    4.13%
 1350918 329243        cutoff           1126.0000     1080.0000 1.09e+08    4.09%
                                                    Covers: 1                  
 1362197 328686     1109.7891   286     1126.0000     1080.5000 1.10e+08    4.04%
 1373077 327954        cutoff           1126.0000     1080.6667 1.11e+08    4.03%
 1384485 327128     1116.0833    91     1126.0000     1081.1365 1.11e+08    3.98%
 1395833 326138        cutoff           1126.0000     1081.6133 1.12e+08    3.94%
Elapsed time = 2000.11 sec. (666414.03 ticks, tree = 6180.51 MB, solutions = 20)
Nodefile size = 6057.03 MB (3947.34 MB after compression)
 1407199 325141        cutoff           1126.0000     1081.8750 1.13e+08    3.92%
 1418148 324435        cutoff           1126.0000     1082.3333 1.13e+08    3.88%
 1429753 323283     1090.6667   132     1126.0000     1082.7500 1.14e+08    3.84%
 1441180 322358     1089.8500   121     1126.0000     1083.0000 1.15e+08    3.82%
 1451998 321369     1115.5417   230     1126.0000     1083.4091 1.15e+08    3.78%
 1464935 320732     1095.0000   125     1126.0000     1083.9205 1.16e+08    3.74%
 1475589 319431     1103.8750   210     1126.0000     1084.0000 1.17e+08    3.73%
 1487300 318365        cutoff           1126.0000     1084.5000 1.17e+08    3.69%
 1499215 317202        cutoff           1126.0000     1084.9667 1.18e+08    3.64%
 1510378 315645     1086.1000   137     1126.0000     1085.3333 1.19e+08    3.61%
Elapsed time = 2125.61 sec. (704708.63 ticks, tree = 5296.22 MB, solutions = 20)
Nodefile size = 5167.30 MB (3357.34 MB after compression)
 1521645 314191     1118.4167   213     1126.0000     1085.5758 1.19e+08    3.59%
 1533184 312984     1094.6667   118     1126.0000     1086.0000 1.20e+08    3.55%
 1545394 311480     1118.5000   131     1126.0000     1086.4718 1.21e+08    3.51%
 1556367 309657        cutoff           1126.0000     1086.6000 1.21e+08    3.50%
 1568038 308302     1115.1765   180     1126.0000     1087.0000 1.22e+08    3.46%
 1580143 306287        cutoff           1126.0000     1087.5000 1.23e+08    3.42%
 1593355 304602     1100.5000   133     1126.0000     1087.9714 1.23e+08    3.38%
 1604604 302637     1117.3333    70     1126.0000     1088.0714 1.24e+08    3.37%
 1616853 300656     1108.8636   215     1126.0000     1088.5000 1.25e+08    3.33%
 1629024 299040        cutoff           1126.0000     1089.0000 1.25e+08    3.29%
Elapsed time = 2250.84 sec. (743018.13 ticks, tree = 4637.11 MB, solutions = 20)
Nodefile size = 4511.13 MB (2915.09 MB after compression)
 1641179 296956     1111.5000   132     1126.0000     1089.3611 1.26e+08    3.25%
 1653826 294891     1115.1333   135     1126.0000     1089.5833 1.26e+08    3.23%
 1665997 292857     1098.1667   116     1126.0000     1090.0000 1.27e+08    3.20%
 1678371 290246     1113.7500   243     1126.0000     1090.4936 1.28e+08    3.15%
 1692115 288366     1102.7500   176     1126.0000     1091.0000 1.28e+08    3.11%
 1703484 286316        cutoff           1126.0000     1091.0500 1.29e+08    3.10%
 1717548 283726     1121.3333    85     1126.0000     1091.5000 1.30e+08    3.06%
 1729845 281747        cutoff           1126.0000     1092.0000 1.30e+08    3.02%
 1742987 278691        cutoff           1126.0000     1092.3333 1.31e+08    2.99%
 1755971 276064        cutoff           1126.0000     1092.7879 1.32e+08    2.95%
Elapsed time = 2375.23 sec. (781365.36 ticks, tree = 3720.76 MB, solutions = 20)
Nodefile size = 3591.77 MB (2311.19 MB after compression)
 1768030 273626        cutoff           1126.0000     1093.0000 1.32e+08    2.93%
 1782157 270592     1111.6000    96     1126.0000     1093.4000 1.33e+08    2.90%
 1795764 268077     1095.3333   101     1126.0000     1093.8333 1.34e+08    2.86%
 1808461 265050     1109.0000   151     1126.0000     1094.2500 1.34e+08    2.82%
 1822200 262181     1118.7500   130     1126.0000     1094.6667 1.35e+08    2.78%
 1835585 259050     1106.2500   198     1126.0000     1095.0167 1.36e+08    2.75%
 1848792 255665     1115.0000   200     1126.0000     1095.3333 1.36e+08    2.72%
 1863818 252515     1104.0000   114     1126.0000     1095.7571 1.37e+08    2.69%
 1877235 249022     1115.5417   179     1126.0000     1096.1667 1.38e+08    2.65%
 1891093 245371     1118.6808   232     1126.0000     1096.6333 1.39e+08    2.61%
Elapsed time = 2488.37 sec. (819632.87 ticks, tree = 2769.24 MB, solutions = 20)
Nodefile size = 2641.69 MB (1702.52 MB after compression)
 1906579 241679     1106.9833   164     1126.0000     1097.0000 1.40e+08    2.58%
 1921754 237733     1113.3810   111     1126.0000     1097.5000 1.41e+08    2.53%
 1937127 233719     1116.4375   301     1126.0000     1098.0000 1.42e+08    2.49%
 1953276 229192     1100.3357   185     1126.0000     1098.5000 1.43e+08    2.44%
 1969963 225262     1121.3333   208     1126.0000     1098.7222 1.44e+08    2.42%
 1984218 220909     1124.1364   166     1126.0000     1099.2381 1.45e+08    2.38%
 2000182 216766     1101.5000    52     1126.0000     1099.7500 1.46e+08    2.33%
 2017602 211369     1116.2727    61     1126.0000     1100.2333 1.47e+08    2.29%
 2032827 206885     1101.0000    48     1126.0000     1100.7045 1.48e+08    2.25%
 2050736 201866     1114.9167   246     1126.0000     1101.2500 1.49e+08    2.20%
Elapsed time = 2583.23 sec. (857881.45 ticks, tree = 1622.18 MB, solutions = 20)
Nodefile size = 1531.13 MB (1000.15 MB after compression)
 2068653 196857     1105.0000    45     1126.0000     1101.8333 1.50e+08    2.15%
 2085406 191598        cutoff           1126.0000     1102.3333 1.51e+08    2.10%
 2104668 185175     1119.1047   290     1126.0000     1103.0000 1.53e+08    2.04%
 2122546 179305     1112.4667   104     1126.0000     1103.5000 1.54e+08    2.00%
 2140612 173297        cutoff           1126.0000     1104.0000 1.55e+08    1.95%
 2160524 166328        cutoff           1126.0000     1104.7500 1.56e+08    1.89%
 2180744 159317        cutoff           1126.0000     1105.3714 1.57e+08    1.83%
 2200762 152343     1111.5333   113     1126.0000     1106.0000 1.58e+08    1.78%
 2220238 145113        cutoff           1126.0000     1106.7333 1.59e+08    1.71%
 2242254 136880     1118.4250   233     1126.0000     1107.4167 1.60e+08    1.65%
Elapsed time = 2681.49 sec. (896103.38 ticks, tree = 805.47 MB, solutions = 20)
Nodefile size = 711.90 MB (475.78 MB after compression)
 2264197 128295        cutoff           1126.0000     1108.0727 1.61e+08    1.59%
 2285585 119765     1112.1667    72     1126.0000     1109.0000 1.62e+08    1.51%
 2309226 109801        cutoff           1126.0000     1109.8000 1.63e+08    1.44%
 2333114 99349        cutoff           1126.0000     1110.7500 1.64e+08    1.35%
 2357818 87590        cutoff           1126.0000     1111.7333 1.65e+08    1.27%
 2384320 74545     1122.7222   195     1126.0000     1112.8333 1.65e+08    1.17%
 2409956 60184        cutoff           1126.0000     1114.6667 1.66e+08    1.01%
 2435086 44828        cutoff           1126.0000     1116.0000 1.67e+08    0.89%
 2461457 26400        cutoff           1126.0000     1118.9167 1.68e+08    0.63%

Cover cuts applied:  86
Implied bound cuts applied:  19
Zero-half cuts applied:  157
Gomory fractional cuts applied:  7

Root node processing (before b&c):
  Real time             =    4.66 sec. (2200.02 ticks)
Parallel b&c, 32 threads:
  Real time             = 2779.67 sec. (931628.72 ticks)
  Sync time (average)   =    1.58 sec.
  Wait time (average)   =    0.01 sec.
                          ------------
Total (root+branch&cut) = 2784.34 sec. (933828.75 ticks)


Solution status: Optimal
Execution time: 2784.7 sec
Gap: 0.00000
