Tue Jul 10 05:00:54 2018

Tried aggregator 2 times.
MIP Presolve eliminated 5392 rows and 97 columns.
Aggregator did 240 substitutions.
Reduced MIP has 5395 rows, 2022 columns, and 20588 nonzeros.
Reduced MIP has 2022 binaries, 0 generals, 0 SOSs, and 0 indicators.
Presolve time = 0.08 sec. (28.50 ticks)
Probing time = 0.01 sec. (1.31 ticks)
Tried aggregator 1 time.
Presolve time = 0.03 sec. (9.31 ticks)
Probing time = 0.01 sec. (1.31 ticks)
Clique table members: 9484.
MIP emphasis: balance optimality and feasibility.
MIP search method: dynamic search.
Parallel mode: deterministic, using up to 32 threads.
Root relaxation solution time = 0.41 sec. (52.46 ticks)

        Nodes                                         Cuts/
   Node  Left     Objective  IInf  Best Integer    Best Bound    ItCnt     Gap

      0     0      518.0000   243                    518.0000      620         
      0     0      541.3922   331                    Cuts: 51     1124         
      0     0      598.4722   378                    Cuts: 42     1644         
      0     0      616.0874   388                    Cuts: 26     2133         
      0     0      630.7507   455                    Cuts: 50     3741         
*     0+    0                         1902.0000      630.7507     4202   66.84%
Found incumbent of value 1902.000000 after 2.23 sec. (979.45 ticks)
      0     0      646.0382   424     1902.0000      Cuts: 29     4202   66.03%
      0     0      652.8974   424     1902.0000      Cuts: 32     4500   65.67%
      0     0      657.1759   411     1902.0000      Cuts: 31     4906   65.45%
      0     0      658.8712   412     1902.0000  ZeroHalf: 17     5246   65.36%
*     0+    0                         1415.0000      658.8712     5547   53.44%
Found incumbent of value 1415.000000 after 2.81 sec. (1291.44 ticks)
      0     0      662.7378   371     1415.0000       Cuts: 9     5547   53.16%
      0     0      665.7030   424     1415.0000      Cuts: 30     5837   52.95%
      0     0      666.6109   400     1415.0000      Cuts: 11     5933   52.89%
      0     0      667.2096   397     1415.0000       Cuts: 9     6030   52.85%
      0     0      667.2096   395     1415.0000      Cuts: 12     6053   52.85%
      0     0      667.2096   396     1415.0000   ZeroHalf: 3     6062   52.85%
      0     2      667.2096   396     1415.0000      667.2096     6062   52.85%
Elapsed time = 4.79 sec. (2429.70 ticks, tree = 0.01 MB, solutions = 2)
      9    11      717.0161   323     1415.0000      668.2780    10152   52.77%
     20    22      719.4347   321     1415.0000      669.5260    15072   52.68%
                                                      Cuts: 7                  
     36    38      716.1382   319     1415.0000      674.1630    19745   52.36%
                                                  Impl Bds: 2                  
    106   108      764.3274   273     1415.0000      675.9694    37027   52.23%
                                                 Impl Bds: 14                  
*   112+  112                         1409.0000      675.9694    37908   52.02%
Found incumbent of value 1409.000000 after 8.34 sec. (3469.46 ticks)
    753   718      996.0000   114     1409.0000      675.9694    97566   52.02%
                                                      Cuts: 7                  
*   915+  850                         1303.0000      675.9694   115847   48.12%
Found incumbent of value 1303.000000 after 9.06 sec. (3800.58 ticks)
   1003   928      795.2308   219     1303.0000      675.9694   125109   48.12%
*  1056   965      integral     0     1268.0000      675.9694   130305   46.69%
Found incumbent of value 1268.000000 after 9.23 sec. (4116.34 ticks)
*  1421  1288      integral     0     1250.0000      675.9694   159529   45.92%
Found incumbent of value 1250.000000 after 9.40 sec. (4116.34 ticks)
*  1452  1301      integral     0     1222.0000      675.9694   160246   44.68%
Found incumbent of value 1222.000000 after 9.40 sec. (4116.34 ticks)
   2795  2285      862.6170   287     1222.0000      676.0398   289285   44.68%
                                                     Cuts: 30                  
Elapsed time = 11.39 sec. (5111.24 ticks, tree = 3.36 MB, solutions = 16)
*  3431  2839      integral     0     1206.0000      676.0398   355739   43.94%
Found incumbent of value 1206.000000 after 12.30 sec. (5111.24 ticks)
   4941  4050      948.7218   298     1206.0000      676.0398   472930   43.94%
                                                     Cuts: 20                  
   7643  6382    infeasible           1206.0000      683.4219   676132   43.33%
                                                     Cuts: 18                  
   9341  7845      748.8971   265     1206.0000      683.4219   831734   43.33%
* 11102  9358      integral     0     1179.0000      683.4219   971961   42.03%
Found incumbent of value 1179.000000 after 19.10 sec. (8247.92 ticks)
  11927  9581      668.6754   345     1179.0000      732.6111  1040470   37.86%
* 11928+ 6386                         1106.0000      732.6111  1041009   33.76%
Found incumbent of value 1106.000000 after 29.92 sec. (12640.27 ticks)
  11930  6388      690.8539   364     1106.0000      732.6111  1042863   33.76%
  11941  6396      710.6733   365     1106.0000      732.6111  1049137   33.76%
                                                  ZeroHalf: 5                  
  11961  6408      715.8653   345     1106.0000      732.6111  1057298   33.76%
                                                      Cuts: 5                  
  12466  6665      803.1042   267     1106.0000      732.6111  1134544   33.76%
                                                  ZeroHalf: 7                  
Elapsed time = 37.00 sec. (16339.07 ticks, tree = 82.35 MB, solutions = 19)
  13788  7221      810.1667   278     1106.0000      732.6111  1267057   33.76%
                                                  ZeroHalf: 2                  
  15682  7876      987.8333   237     1106.0000      732.6111  1409354   33.76%
                                                  ZeroHalf: 2                  
  17264  8505      994.4031   266     1106.0000      732.6111  1526178   33.76%
  18895  9172      931.3686   313     1106.0000      732.6111  1641696   33.76%
  19503  9402      815.1379   317     1106.0000      732.6111  1698916   33.76%
  21040  9964      759.6782   323     1106.0000      732.6111  1823094   33.76%
                                                  ZeroHalf: 3                  
  22825 10608      822.9615   144     1106.0000      732.6111  1969579   33.76%
  24762 11251      864.8333   231     1106.0000      740.6673  2181818   33.03%
                                                     Cuts: 13                  
  25978 12110     1062.3333   184     1106.0000      740.6673  2323497   33.03%
  28198 13810      925.6845   292     1106.0000      773.4992  2596042   30.06%
                                                     Cuts: 10                  
Elapsed time = 62.51 sec. (26438.76 ticks, tree = 362.02 MB, solutions = 19)
Nodefile size = 224.95 MB (168.82 MB after compression)
  29213 14640     1095.2500   193     1106.0000      773.4992  2693852   30.06%
  30373 15528      907.8333   213     1106.0000      773.4992  2791396   30.06%
  32213 16939      838.8431   322     1106.0000      790.2796  2953902   28.55%
                                                     Cuts: 10                  
  34483 18704      847.8780   293     1106.0000      790.2796  3157630   28.55%
  36147 20004      926.6389   259     1106.0000      790.2796  3303421   28.55%
  37902 21401      988.6190   218     1106.0000      799.5226  3448512   27.71%
                                                  Impl Bds: 5                  
  39918 22940     1079.5833   115     1106.0000      799.5226  3649450   27.71%
  41995 24528      929.0000   220     1106.0000      799.5226  3869027   27.71%
* 42922+25238                         1104.0000      799.5226  3966981   27.58%
Found incumbent of value 1104.000000 after 85.27 sec. (33885.62 ticks)
  43393 25574      885.3333   206     1104.0000      806.0000  4013380   26.99%
                                                      Cuts: 5                  
  44377 26309      888.3000   208     1104.0000      806.0000  4109194   26.99%
Elapsed time = 89.03 sec. (36335.80 ticks, tree = 871.40 MB, solutions = 20)
Nodefile size = 732.47 MB (544.80 MB after compression)
  45625 27239      906.5704   307     1104.0000      806.0000  4225072   26.99%
  47311 28529      938.6015   258     1104.0000      810.8924  4378106   26.55%
                                                  ZeroHalf: 3                  
  48655 29545      997.8333   144     1104.0000      810.8924  4493789   26.55%
  50799 31192     1097.2500   118     1104.0000      810.8924  4679019   26.55%
  52346 32360     1087.5000   192     1104.0000      815.9111  4808215   26.10%
                                                      Cuts: 2                  
  54074 33660     1029.5500   174     1104.0000      815.9111  4968424   26.10%
  56378 35399      937.4715   238     1104.0000      815.9111  5171546   26.10%
  58319 36852        cutoff           1104.0000      820.7949  5341854   25.65%
                                                      Cuts: 5                  
  59919 38063      907.6000   232     1104.0000      820.7949  5513642   25.65%
  61603 39290      950.2500   201     1104.0000      820.7949  5701617   25.65%
Elapsed time = 119.31 sec. (46292.97 ticks, tree = 1602.11 MB, solutions = 20)
Nodefile size = 1464.22 MB (1086.24 MB after compression)
  62819 40201      995.7143   239     1104.0000      824.6250  5823151   25.31%
                                                    Covers: 1                  
  64259 41253     1061.7333    92     1104.0000      824.6250  5953186   25.31%
  65781 42395     1072.8333   140     1104.0000      824.6250  6086834   25.31%
  67619 43743     1025.0000   158     1104.0000      827.4300  6249820   25.05%
                                                    Covers: 2                  
  69144 44922      850.0000   206     1104.0000      827.4300  6398072   25.05%
  71113 46341      983.6771   236     1104.0000      827.4300  6577806   25.05%
  73707 48271        cutoff           1104.0000      832.4694  6800101   24.60%
  74923 49141     1087.1667   197     1104.0000      832.4694  6929482   24.60%
  76075 49979      951.4167   252     1104.0000      832.4694  7053034   24.60%
  78157 51463      851.8848   308     1104.0000      834.8833  7254190   24.38%
Elapsed time = 148.54 sec. (56820.54 ticks, tree = 2123.95 MB, solutions = 20)
Nodefile size = 1991.55 MB (1472.97 MB after compression)
  80141 52928     1078.7500   216     1104.0000      834.8833  7427604   24.38%
  81971 54275      872.5812   301     1104.0000      834.8833  7586148   24.38%
  84070 55809     1049.3611   223     1104.0000      838.2500  7760355   24.07%
                                                    Covers: 1                  
  86374 57525        cutoff           1104.0000      838.2500  8002337   24.07%
  89114 59527      925.6677   288     1104.0000      838.2500  8261081   24.07%
  90301 60386      968.7500   146     1104.0000      841.6324  8371199   23.77%
  92128 61689      909.4500   248     1104.0000      841.6324  8652780   23.77%
  93833 62941      913.1250   247     1104.0000      841.6324  8898223   23.77%
  95546 64228      985.8924   228     1104.0000      844.1042  9129526   23.54%
  97550 65694     1035.0000   169     1104.0000      844.1042  9410433   23.54%
Elapsed time = 175.53 sec. (66742.41 ticks, tree = 2681.18 MB, solutions = 20)
Nodefile size = 2549.67 MB (1881.44 MB after compression)
  99310 66967      962.4500   175     1104.0000      844.1042  9669970   23.54%
 102226 69099      863.8214   264     1104.0000      847.1000 10078026   23.27%
                                                    Covers: 1                  
 103648 70112      894.5000   139     1104.0000      847.1000 10302424   23.27%
 105696 71551      979.2500   187     1104.0000      849.0000 10623907   23.10%
                                                    Covers: 1                  
 107143 72619     1006.5909   251     1104.0000      849.0000 10850964   23.10%
 109247 74140      989.5000   229     1104.0000      849.0000 11144636   23.10%
 112322 76404      927.0708   287     1104.0000      851.3810 11581029   22.88%
 114255 77853     1097.0000   195     1104.0000      851.3810 11827591   22.88%
 116335 79369      992.6222   259     1104.0000      851.3810 12129405   22.88%
 119159 81420     1091.4667   184     1104.0000      854.0857 12519368   22.64%
                                                  ZeroHalf: 2                  
Elapsed time = 199.46 sec. (76414.06 ticks, tree = 2691.76 MB, solutions = 20)
Nodefile size = 2561.05 MB (1884.27 MB after compression)
 120726 82514     1092.4000   274     1104.0000      854.0857 12750844   22.64%
 123119 84243      936.3333   223     1104.0000      855.8571 13095745   22.48%
 124974 85573     1062.8000    99     1104.0000      855.8571 13351515   22.48%
 127150 87141      896.4759   271     1104.0000      855.8571 13630284   22.48%
 130223 89360        cutoff           1104.0000      858.0000 14060720   22.28%
 131599 90342      917.7361   278     1104.0000      858.0000 14266201   22.28%
 133581 91752     1010.4698   210     1104.0000      858.0000 14552623   22.28%
 135628 93174     1073.0000   146     1104.0000      859.7500 14846856   22.12%
                                                  ZeroHalf: 2                  
 137307 94343     1048.1200   293     1104.0000      859.7500 15095609   22.12%
 140852 96861      952.9143   289     1104.0000      861.4457 15584031   21.97%
                                                  Impl Bds: 3                  
Elapsed time = 223.89 sec. (86097.76 ticks, tree = 2686.43 MB, solutions = 20)
Nodefile size = 2556.09 MB (1875.94 MB after compression)
 141999 97682      899.7500   210     1104.0000      861.4457 15753363   21.97%
 143439 98682      965.2500   219     1104.0000      861.4457 15958806   21.97%
 146080 100535     1022.0847   238     1104.0000      863.4167 16344147   21.79%
                                                      Cuts: 9                  
 148519 102261     1045.6250   168     1104.0000      863.4167 16685425   21.79%
 151575 104438     1048.5000   221     1104.0000      865.1667 17105134   21.63%
 153520 105834     1034.1875   227     1104.0000      865.1667 17372084   21.63%
 155498 107208      960.8333   196     1104.0000      865.1667 17626541   21.63%
 158230 109106      933.1833   228     1104.0000      867.0000 18010251   21.47%
                                                  ZeroHalf: 1                  
 159845 110241     1000.1000   237     1104.0000      867.0000 18232977   21.47%
 169348 116883     1016.3611   314     1104.0000      870.2500 19492145   21.17%
                                                  Impl Bds: 1                  
Elapsed time = 254.84 sec. (98620.87 ticks, tree = 2681.53 MB, solutions = 20)
Nodefile size = 2550.85 MB (1866.35 MB after compression)
 178108 122959      938.7593   233     1104.0000      871.7727 20698944   21.04%
                                                      Cuts: 4                  
 187285 129279     1092.0000   108     1104.0000      874.6667 21957718   20.77%
 194460 134241      977.8214   230     1104.0000      875.8625 22909677   20.66%
 204861 141341     1049.8333   193     1104.0000      878.5000 24244697   20.43%
 214613 148039      984.1250   244     1104.0000      879.9167 25472911   20.30%
 224170 154608     1100.2321   225     1104.0000      882.5000 26709004   20.06%
                                                    Covers: 2                  
 233859 161235     1095.4545   222     1104.0000      884.8578 27920676   19.85%
 243634 167990     1055.4732   217     1104.0000      886.1667 29107739   19.73%
                                                      Cuts: 2                  
 253300 174499     1031.1250   224     1104.0000      888.4000 30302140   19.53%
                                                    Covers: 1                  
 264019 181722      975.8125   226     1104.0000      890.5521 31630624   19.33%
Elapsed time = 349.28 sec. (136879.45 ticks, tree = 2672.74 MB, solutions = 20)
Nodefile size = 2543.57 MB (1841.29 MB after compression)
 273068 187896     1100.5000   162     1104.0000      891.6250 32723378   19.24%
 282611 194236     1087.0000   230     1104.0000      893.6250 34003907   19.06%
                                                    Covers: 1                  
*289645+198905                         1095.0000      894.3750 34883901   18.32%
Found incumbent of value 1095.000000 after 377.08 sec. (146954.57 ticks)
 292037 200554     1026.1875   228     1095.0000      894.3750 35164383   18.32%
*295220+202372                         1089.0000      895.2619 35548931   17.79%
                                                    Covers: 1                  
Found incumbent of value 1089.000000 after 382.63 sec. (149066.61 ticks)
 301590 206012     1042.8333   187     1089.0000      896.1667 36356050   17.71%
                                                    Covers: 2                  
 310946 211974      994.5000   117     1089.0000      897.8889 37539918   17.55%
                                                      Cuts: 5                  
 319696 217470     1010.0000    89     1089.0000      898.8333 38666372   17.46%
                                                    Covers: 2                  
 330052 224019     1040.0000   122     1089.0000      900.3889 39946760   17.32%
                                                    Covers: 1                  
 340287 230507      971.5500   240     1089.0000      902.0000 41175922   17.17%
 349594 236377      948.8000   242     1089.0000      902.7750 42307769   17.10%
 359948 242835      992.5000   108     1089.0000      904.4500 43506351   16.95%
                                                      Cuts: 4                  
Elapsed time = 447.61 sec. (175169.45 ticks, tree = 2613.39 MB, solutions = 23)
Nodefile size = 2484.66 MB (1779.19 MB after compression)
 370105 249213     1000.0000   206     1089.0000      905.9821 44717472   16.81%
                                                     Cuts: 14                  
 378868 254656     1015.6500   140     1089.0000      906.6667 45715831   16.74%
                                                      Cuts: 2                  
*385131 258568      integral     0     1071.0000      907.3333 46414773   15.28%
                                                      Cuts: 6                  
Found incumbent of value 1071.000000 after 472.83 sec. (184512.06 ticks)
*388005+255414                         1069.0000      908.1200 46760888   15.05%
                                                    Covers: 4                  
Found incumbent of value 1069.000000 after 474.42 sec. (185200.17 ticks)
*388309+255577                         1066.0000      908.1200 46805016   14.81%
Found incumbent of value 1066.000000 after 475.15 sec. (185318.99 ticks)
 394366 255542      964.8163   243     1066.0000      909.0000 47601757   14.73%
 404327 261140      982.9157   272     1066.0000      910.3833 48841999   14.60%
 412503 265488      954.6250   239     1066.0000      911.1429 49885482   14.53%
                                                    Covers: 1                  
 422603 270941     1015.3333   197     1066.0000      912.6691 51141432   14.38%
                                                    Covers: 1                  
 432551 276272     1054.0000   180     1066.0000      914.0000 52382301   14.26%
 441720 281175     1027.9000   250     1066.0000      914.6198 53525804   14.20%
 451155 286210        cutoff           1066.0000      915.9167 54652248   14.08%
Elapsed time = 543.83 sec. (211295.71 ticks, tree = 2397.50 MB, solutions = 26)
Nodefile size = 2269.58 MB (1604.19 MB after compression)
 460124 290957      982.7865   250     1066.0000      917.0726 55739251   13.97%
                                                    Covers: 2                  
 470597 296561     1009.5000   184     1066.0000      918.3125 56966251   13.85%
                                                  Impl Bds: 1                  
 478545 300614     1044.7250   254     1066.0000      918.8571 57939610   13.80%
                                                  Impl Bds: 3                  
 488680 305861      972.9898   258     1066.0000      920.0000 59150113   13.70%
                                                      Cuts: 3                  
 498608 311082      968.2778   268     1066.0000      921.0000 60306566   13.60%
                                                      Cuts: 4                  
 509362 316795     1032.7500   220     1066.0000      922.3333 61523069   13.48%
                                                  Impl Bds: 2                  
 518218 321445      972.4286   245     1066.0000      922.9000 62518870   13.42%
 529790 327684      974.8333   168     1066.0000      924.0000 63811166   13.32%
                                                      Cuts: 3                  
 539444 332691      983.7500   222     1066.0000      924.9643 64920241   13.23%
                                                    Covers: 2                  
 550377 338384      984.0968   240     1066.0000      926.0000 66114127   13.13%
                                                    Covers: 1                  
Elapsed time = 650.56 sec. (249618.36 ticks, tree = 2350.31 MB, solutions = 26)
Nodefile size = 2222.57 MB (1545.63 MB after compression)
 558494 342367     1017.3333   268     1066.0000      926.5000 67097757   13.09%
 570719 348625      981.5909   229     1066.0000      927.6667 68422239   12.98%
                                                      Cuts: 2                  
 579255 352677        cutoff           1066.0000      928.6154 69463784   12.89%
                                                    Covers: 1                  
 589564 357951     1061.5000   210     1066.0000      929.5000 70589173   12.80%
                                                  ZeroHalf: 1                  
 601434 364018      932.5556   206     1066.0000      930.5000 71881679   12.71%
 609787 368080      945.4000   182     1066.0000      931.0000 72815842   12.66%
                                                    Covers: 1                  
 620637 373475     1034.1111   243     1066.0000      931.9167 73983604   12.58%
                                                    Covers: 1                  
 631384 378861     1018.4848   146     1066.0000      932.6667 75147190   12.51%
*631566 378969      integral     0     1058.0000      932.6667 75158200   11.85%
Found incumbent of value 1058.000000 after 731.53 sec. (280209.81 ticks)
*634733+380482                         1057.0000      932.6667 75489047   11.76%
Found incumbent of value 1057.000000 after 733.98 sec. (281224.26 ticks)
 643107 379416     1026.5000   185     1057.0000      933.6667 76356986   11.67%
                                                      Cuts: 7                  
Elapsed time = 741.32 sec. (284039.92 ticks, tree = 2252.35 MB, solutions = 28)
Nodefile size = 2124.01 MB (1452.71 MB after compression)
 652807 383749     1049.5000   184     1057.0000      934.5000 77406739   11.59%
                                                      Cuts: 2                  
 661969 387803     1025.1667   155     1057.0000      935.0000 78430576   11.54%
 671767 392170     1034.6667   187     1057.0000      935.7500 79490756   11.47%
 681628 396330      983.4518   241     1057.0000      936.6316 80607030   11.39%
 692268 401009      996.5333   238     1057.0000      937.4000 81762130   11.32%
 702779 405466     1042.3833   221     1057.0000      938.2963 82908016   11.23%
 715262 411105     1024.9444   283     1057.0000      938.6667 84160458   11.20%
 723866 414660      987.5000   200     1057.0000      939.5760 85101072   11.11%
 734392 419008      967.6143   288     1057.0000      940.3333 86251629   11.04%
 744853 423312      981.0476   118     1057.0000      941.0000 87348936   10.97%
                                                    Covers: 1                  
Elapsed time = 842.97 sec. (322304.83 ticks, tree = 2251.60 MB, solutions = 28)
Nodefile size = 2123.68 MB (1433.19 MB after compression)
 756566 428361      988.3333   208     1057.0000      941.8750 88519163   10.89%
                                                    Covers: 2                  
 766591 432316     1021.7585   304     1057.0000      942.5455 89583868   10.83%
                                                  ZeroHalf: 1                  
 777590 436856     1023.3333   178     1057.0000      943.2917 90736131   10.76%
 788480 441247     1013.5000   215     1057.0000      944.0000 91845914   10.69%
                                                    Covers: 1                  
 797591 444777      998.2222   194     1057.0000      944.3333 92830866   10.66%
 808468 449222        cutoff           1057.0000      945.0714 93949622   10.59%
                                                    Covers: 1                  
 820154 454188      968.6429   259     1057.0000      945.7500 95090522   10.53%
                                                    Covers: 1                  
 831518 458762      962.2500   238     1057.0000      946.5000 96223769   10.45%
                                                    Covers: 1                  
 842178 462951      980.0476   207     1057.0000      947.1818 97289933   10.39%
 853880 467629     1009.8667   222     1057.0000      947.9130 98410455   10.32%
Elapsed time = 942.78 sec. (360577.49 ticks, tree = 2251.80 MB, solutions = 28)
Nodefile size = 2124.12 MB (1413.82 MB after compression)
 864209 471405     1017.0000   108     1057.0000      948.5000 99519681   10.26%
                                                    Covers: 1                  
 874829 475764     1032.2500   216     1057.0000      949.0625 1.01e+08   10.21%
                                                      Cuts: 3                  
 885817 480046     1029.2500   201     1057.0000      949.7778 1.02e+08   10.14%
 896854 484314      990.2794   253     1057.0000      950.0000 1.03e+08   10.12%
 908217 488817        cutoff           1057.0000      950.7448 1.04e+08   10.05%
 917846 492371     1032.3333   115     1057.0000      951.3306 1.05e+08   10.00%
                                                    Covers: 1                  
 929295 496898     1053.3939    68     1057.0000      952.0000 1.06e+08    9.93%
                                                      Cuts: 4                  
 941054 501306     1032.4375   258     1057.0000      952.5000 1.07e+08    9.89%
 954346 507012     1008.7083   220     1057.0000      953.1111 1.08e+08    9.83%
                                                    Covers: 2                  
 965408 511083     1039.9444   210     1057.0000      953.6991 1.09e+08    9.77%
                                                  Impl Bds: 2                  
Elapsed time = 1047.18 sec. (398794.31 ticks, tree = 2259.22 MB, solutions = 28)
Nodefile size = 2131.28 MB (1399.86 MB after compression)
 977746 515795      997.2000   177     1057.0000      954.2500 1.10e+08    9.72%
                                                    Covers: 1                  
 989983 520685     1037.6667   114     1057.0000      954.8333 1.11e+08    9.67%
 1001418 525016     1030.3333    51     1057.0000      955.3333 1.12e+08    9.62%
                                                  Impl Bds: 2                  
 1013311 529811      984.4000   173     1057.0000      955.8889 1.13e+08    9.57%
                                                  Impl Bds: 2                  
 1024835 533952     1049.8667   117     1057.0000      956.3333 1.15e+08    9.52%
                                                      Cuts: 2                  
 1037560 538629      993.7292   213     1057.0000      956.8750 1.16e+08    9.47%
                                                  ZeroHalf: 1                  
 1048170 542042     1043.0000   165     1057.0000      957.4167 1.17e+08    9.42%
 1060523 546726      972.7500   227     1057.0000      958.0000 1.18e+08    9.37%
                                                    Covers: 1                  
 1072213 550739      991.0000   170     1057.0000      958.4167 1.19e+08    9.33%
 1085276 555861      985.3333   143     1057.0000      959.0000 1.20e+08    9.27%
                                                  ZeroHalf: 1                  
Elapsed time = 1152.81 sec. (437009.84 ticks, tree = 2274.80 MB, solutions = 28)
Nodefile size = 2146.61 MB (1391.27 MB after compression)
 1096881 559575      992.1667   254     1057.0000      959.3889 1.21e+08    9.23%
 1109478 564368      994.5667   212     1057.0000      959.9667 1.22e+08    9.18%
 1121495 568470     1025.1562   252     1057.0000      960.3333 1.23e+08    9.15%
 1134135 573141     1026.8750   225     1057.0000      960.8833 1.24e+08    9.09%
 1145638 576966     1039.6250   107     1057.0000      961.3333 1.25e+08    9.05%
 1157670 581041     1018.6667    57     1057.0000      961.8000 1.26e+08    9.01%
 1170592 585887     1011.4286   244     1057.0000      962.2500 1.27e+08    8.96%
                                                    Covers: 1                  
 1183254 590363     1045.0000   129     1057.0000      962.6667 1.28e+08    8.92%
                                                  ZeroHalf: 1                  
 1196058 594909     1046.0000   152     1057.0000      963.0833 1.29e+08    8.89%
                                                    Covers: 1                  
 1209084 599449     1027.0606    87     1057.0000      963.5333 1.30e+08    8.84%
Elapsed time = 1255.34 sec. (475272.48 ticks, tree = 2303.32 MB, solutions = 28)
Nodefile size = 2175.21 MB (1393.76 MB after compression)
 1222183 603691     1008.8000   106     1057.0000      964.0000 1.31e+08    8.80%
 1234816 607786      989.0000   168     1057.0000      964.4606 1.32e+08    8.75%
                                                    Covers: 1                  
 1248135 612391     1015.0222   233     1057.0000      964.9372 1.33e+08    8.71%
 1260851 616487     1050.7147   241     1057.0000      965.5000 1.34e+08    8.66%
 1274373 621483      986.2828   317     1057.0000      966.0000 1.35e+08    8.61%
 1286661 625330     1014.4032   288     1057.0000      966.3409 1.36e+08    8.58%
 1299617 629567     1026.2262   269     1057.0000      966.7500 1.38e+08    8.54%
                                                  Impl Bds: 2                  
 1312797 633948     1012.5000   139     1057.0000      967.1321 1.39e+08    8.50%
                                                    Covers: 1                  
 1325861 638396        cutoff           1057.0000      967.5000 1.40e+08    8.47%
                                                  ZeroHalf: 1                  
 1340189 643466        cutoff           1057.0000      968.0000 1.41e+08    8.42%
                                                    Covers: 1                  
Elapsed time = 1358.91 sec. (513512.00 ticks, tree = 2337.41 MB, solutions = 28)
Nodefile size = 2209.24 MB (1399.64 MB after compression)
 1352423 647271     1021.9167    73     1057.0000      968.3333 1.42e+08    8.39%
                                                  Impl Bds: 3                  
 1364610 651064     1025.5833   224     1057.0000      968.6667 1.43e+08    8.36%
 1378184 655350     1051.1000   278     1057.0000      969.0000 1.44e+08    8.33%
 1392915 660160     1000.5000   222     1057.0000      969.6667 1.45e+08    8.26%
                                                  Impl Bds: 1                  
 1406287 664481     1039.0357   306     1057.0000      970.0000 1.46e+08    8.23%
                                                      Cuts: 2                  
 1419369 668585      993.6000   229     1057.0000      970.3333 1.47e+08    8.20%
                                                      Cuts: 4                  
 1432471 672391      989.6667    66     1057.0000      970.7381 1.48e+08    8.16%
                                                      Cuts: 2                  
 1445954 676603      980.3333   124     1057.0000      971.0600 1.49e+08    8.13%
                                                  Impl Bds: 2                  
 1461074 681102     1050.5000   158     1057.0000      971.6667 1.50e+08    8.07%
                                                    Covers: 1                  
 1474920 685295     1025.8077   219     1057.0000      972.0000 1.51e+08    8.04%
Elapsed time = 1469.44 sec. (551970.43 ticks, tree = 2361.27 MB, solutions = 28)
Nodefile size = 2233.22 MB (1400.99 MB after compression)
 1487605 688797      994.5455   108     1057.0000      972.3333 1.52e+08    8.01%
 1500733 692513        cutoff           1057.0000      972.6923 1.53e+08    7.98%
 1515109 696785     1021.1634   286     1057.0000      973.0000 1.54e+08    7.95%
 1530122 701119     1016.2667   174     1057.0000      973.5714 1.55e+08    7.89%
 1544041 705551     1025.8000    79     1057.0000      974.0000 1.56e+08    7.85%
 1557551 709273        cutoff           1057.0000      974.2024 1.57e+08    7.83%
 1571034 713235     1054.4444   187     1057.0000      974.5333 1.58e+08    7.80%
 1585946 717797      995.2500   158     1057.0000      974.9500 1.59e+08    7.76%
 1600220 721468        cutoff           1057.0000      975.3556 1.60e+08    7.72%
                                                  Impl Bds: 2                  
 1613972 725346     1003.3667   237     1057.0000      975.6667 1.61e+08    7.69%
                                                    Covers: 1                  
Elapsed time = 1580.72 sec. (590214.45 ticks, tree = 2392.50 MB, solutions = 28)
Nodefile size = 2265.03 MB (1409.25 MB after compression)
 1628420 729610      976.0449   220     1057.0000      976.0000 1.62e+08    7.66%
 1642318 733449        cutoff           1057.0000      976.3333 1.63e+08    7.63%
                                                    Covers: 1                  
*1655791 736958      integral     0     1053.0000      976.6667 1.64e+08    7.25%
Found incumbent of value 1053.000000 after 1611.48 sec. (600964.25 ticks)
 1668655 735387     1003.1972   191     1053.0000      977.0000 1.65e+08    7.22%
                                                      Cuts: 3                  
*1669375+735590                         1052.0000      977.0000 1.65e+08    7.13%
Found incumbent of value 1052.000000 after 1622.02 sec. (604836.46 ticks)
 1683159 737347     1010.3333   185     1052.0000      977.4907 1.66e+08    7.08%
 1696816 740021      985.9697   155     1052.0000      977.7778 1.67e+08    7.06%
                                                    Covers: 5                  
 1710447 743135     1030.4333   130     1052.0000      978.0000 1.68e+08    7.03%
                                                      Cuts: 3                  
 1726472 746299     1038.4444   147     1052.0000      978.5714 1.69e+08    6.98%
                                                  Impl Bds: 2                  
 1740734 749580        cutoff           1052.0000      978.9286 1.70e+08    6.95%
                                                      Cuts: 6                  
 1755276 752349     1028.9583   262     1052.0000      979.1667 1.71e+08    6.92%
Elapsed time = 1685.81 sec. (627729.48 ticks, tree = 2340.75 MB, solutions = 30)
Nodefile size = 2212.77 MB (1359.44 MB after compression)
 1770015 755299     1044.0000   135     1052.0000      979.5000 1.72e+08    6.89%
                                                      Cuts: 3                  
 1785744 758862     1003.3000   220     1052.0000      980.0000 1.73e+08    6.84%
                                                      Cuts: 7                  
 1798157 760545     1017.8000   187     1052.0000      980.2000 1.74e+08    6.83%
                                                    Covers: 1                  
 1812565 763285        cutoff           1052.0000      980.5000 1.75e+08    6.80%
 1829547 767168     1022.3333   112     1052.0000      981.0000 1.76e+08    6.75%
                                                    Covers: 4                  
 1843217 769274     1012.3333   125     1052.0000      981.2500 1.77e+08    6.73%
                                                    Covers: 1                  
 1858744 771828     1004.0333   166     1052.0000      981.5000 1.78e+08    6.70%
                                                    Covers: 1                  
 1874345 774710        cutoff           1052.0000      982.0000 1.79e+08    6.65%
                                                      Cuts: 4                  
 1888548 777236     1050.1250   248     1052.0000      982.3000 1.80e+08    6.63%
                                                      Cuts: 4                  
 1903401 779760     1040.5000   220     1052.0000      982.5833 1.81e+08    6.60%
Elapsed time = 1793.33 sec. (665945.54 ticks, tree = 2354.21 MB, solutions = 30)
Nodefile size = 2226.52 MB (1360.07 MB after compression)
 1919155 782559        cutoff           1052.0000      983.0000 1.82e+08    6.56%
 1933461 784960     1013.6563   220     1052.0000      983.3333 1.83e+08    6.53%
 1948676 787551     1042.8333   227     1052.0000      983.5417 1.84e+08    6.51%
                                                    Covers: 1                  
 1964647 790368        cutoff           1052.0000      984.0000 1.85e+08    6.46%
                                                      Cuts: 3                  
 1979300 792590     1003.3333   117     1052.0000      984.2500 1.86e+08    6.44%
 1995052 795112     1051.0000   199     1052.0000      984.6667 1.87e+08    6.40%
 2011639 798120     1032.6000   148     1052.0000      985.0000 1.88e+08    6.37%
                                                    Covers: 1                  
 2026281 800039      986.8333   122     1052.0000      985.3333 1.89e+08    6.34%
                                                    Covers: 1                  
 2041558 802343    infeasible           1052.0000      985.6083 1.90e+08    6.31%
 2058214 805364     1039.1667   166     1052.0000      985.9333 1.91e+08    6.28%
Elapsed time = 1906.17 sec. (704194.28 ticks, tree = 2363.81 MB, solutions = 30)
Nodefile size = 2236.24 MB (1358.55 MB after compression)
 2073224 807198    infeasible           1052.0000      986.2500 1.92e+08    6.25%
 2088081 809058     1006.0000    58     1052.0000      986.5000 1.93e+08    6.23%
                                                    Covers: 1                  
 2106312 812053        cutoff           1052.0000      987.0000 1.94e+08    6.18%
 2119931 813092        cutoff           1052.0000      987.1722 1.95e+08    6.16%
 2136215 814578     1045.7500   206     1052.0000      987.6000 1.96e+08    6.12%
                                                    Covers: 2                  
 2151714 817062     1014.0000    47     1052.0000      987.8889 1.97e+08    6.09%
 2168631 819292     1047.8000   246     1052.0000      988.0476 1.98e+08    6.08%
 2183959 820605     1012.0000    62     1052.0000      988.5000 1.99e+08    6.04%
                                                    Covers: 1                  
 2199763 822941     1031.3000   238     1052.0000      988.7500 1.99e+08    6.01%
                                                    Covers: 1                  
 2215929 825118        cutoff           1052.0000      989.0417 2.00e+08    5.98%
Elapsed time = 2019.70 sec. (742438.10 ticks, tree = 2348.22 MB, solutions = 30)
Nodefile size = 2220.41 MB (1339.50 MB after compression)
 2231857 827477     1019.0000    57     1052.0000      989.3333 2.01e+08    5.96%
                                                    Covers: 1                  
 2248467 829121     1025.8333   153     1052.0000      989.7212 2.02e+08    5.92%
                                                  Impl Bds: 2                  
 2265895 831796        cutoff           1052.0000      990.0000 2.03e+08    5.89%
 2282484 834130      997.3333   172     1052.0000      990.3333 2.04e+08    5.86%
                                                    Covers: 1                  
 2298546 836109     1024.2000   155     1052.0000      990.5333 2.05e+08    5.84%
 2314421 837943     1029.5000   102     1052.0000      990.9333 2.06e+08    5.80%
 2330324 839331     1027.8000   102     1052.0000      991.0000 2.07e+08    5.80%
                                                    Covers: 1                  
*2335694+840148                         1050.0000      991.2000 2.08e+08    5.60%
Found incumbent of value 1050.000000 after 2105.49 sec. (770212.81 ticks)
 2347728 838426      999.0000   195     1050.0000      991.4381 2.08e+08    5.58%
 2363617 839478     1020.8333   111     1050.0000      991.6667 2.09e+08    5.56%
                                                    Covers: 4                  
 2380537 840740     1024.4167   260     1050.0000      992.0000 2.10e+08    5.52%
                                                    Covers: 1                  
Elapsed time = 2138.62 sec. (780662.07 ticks, tree = 2319.86 MB, solutions = 31)
Nodefile size = 2191.56 MB (1317.20 MB after compression)
 2397865 842254     1029.0667   135     1050.0000      992.3378 2.11e+08    5.49%
                                                      Cuts: 4                  
 2412948 843193     1034.0000   188     1050.0000      992.6250 2.12e+08    5.46%
                                                      Cuts: 2                  
 2431067 844985     1030.6667   143     1050.0000      993.0000 2.13e+08    5.43%
 2446532 845296     1010.6429   252     1050.0000      993.1667 2.14e+08    5.41%
 2463392 846222     1027.7500    81     1050.0000      993.5000 2.15e+08    5.38%
 2480534 847914     1047.9821   203     1050.0000      993.7690 2.16e+08    5.36%
 2498317 849295        cutoff           1050.0000      994.0370 2.17e+08    5.33%
                                                    Covers: 1                  
 2515879 850582     1020.0000    53     1050.0000      994.3333 2.18e+08    5.30%
 2532794 851656     1035.3667   180     1050.0000      994.6667 2.19e+08    5.27%
 2551626 853272        cutoff           1050.0000      995.0000 2.20e+08    5.24%
                                                    Covers: 1                  
Elapsed time = 2259.66 sec. (818847.62 ticks, tree = 2306.18 MB, solutions = 31)
Nodefile size = 2178.61 MB (1308.39 MB after compression)
 2567249 853191        cutoff           1050.0000      995.1667 2.21e+08    5.22%
 2585295 854033        cutoff           1050.0000      995.5000 2.21e+08    5.19%
                                                  ZeroHalf: 1                  
 2603082 855182        cutoff           1050.0000      995.7333 2.22e+08    5.17%
 2620812 856623     1024.5000   223     1050.0000      996.0000 2.23e+08    5.14%
 2639035 857120     1031.2222   217     1050.0000      996.3333 2.24e+08    5.11%
 2656281 858047     1044.0000   121     1050.0000      996.5833 2.25e+08    5.09%
 2675058 859371        cutoff           1050.0000      996.9583 2.26e+08    5.05%
 2692447 859549     1047.1111   215     1050.0000      997.1667 2.27e+08    5.03%
                                                  Impl Bds: 1                  
 2710107 860468     1005.3333   120     1050.0000      997.3846 2.28e+08    5.01%
                                                      Cuts: 2                  
 2728144 860337      998.3000   105     1050.0000      997.7000 2.29e+08    4.98%
Elapsed time = 2385.11 sec. (857031.79 ticks, tree = 2299.97 MB, solutions = 31)
Nodefile size = 2171.61 MB (1305.94 MB after compression)
 2748100 861596     1044.0000   149     1050.0000      998.0000 2.30e+08    4.95%
 2764775 861794     1015.0667    90     1050.0000      998.2000 2.31e+08    4.93%
 2782247 861860     1024.5873   260     1050.0000      998.5000 2.32e+08    4.90%
                                                    Covers: 1                  
 2800391 861979     1026.9583   237     1050.0000      998.8333 2.33e+08    4.87%
 2819084 862981        cutoff           1050.0000      999.0000 2.34e+08    4.86%
 2838064 863628        cutoff           1050.0000      999.2982 2.35e+08    4.83%
 2856251 863479     1022.3333    79     1050.0000      999.6000 2.36e+08    4.80%
                                                    Covers: 1                  
 2872679 863210        cutoff           1050.0000      999.8788 2.36e+08    4.77%
                                                    Covers: 2                  
 2891958 864140        cutoff           1050.0000     1000.0000 2.37e+08    4.76%
 2910265 864047     1048.1000   251     1050.0000     1000.3333 2.38e+08    4.73%
                                                      Cuts: 5                  
Elapsed time = 2506.46 sec. (895307.98 ticks, tree = 2274.65 MB, solutions = 31)
Nodefile size = 2146.32 MB (1288.69 MB after compression)
 2929613 864171     1039.7833   217     1050.0000     1000.6667 2.39e+08    4.70%
                                                    Covers: 2                  
 2949035 864312     1013.3333    59     1050.0000     1001.0000 2.40e+08    4.67%
                                                    Covers: 1                  
 2967260 864360        cutoff           1050.0000     1001.0000 2.41e+08    4.67%
                                                  ZeroHalf: 1                  
 2986047 863899     1004.3333    62     1050.0000     1001.3333 2.42e+08    4.63%
 3004660 863877        cutoff           1050.0000     1001.6667 2.43e+08    4.60%
 3024133 864242     1042.0000    54     1050.0000     1002.0000 2.44e+08    4.57%
 3041433 863656     1038.7917   160     1050.0000     1002.0000 2.45e+08    4.57%
                                                  Impl Bds: 1                  
 3060429 863315     1020.2500   179     1050.0000     1002.3333 2.46e+08    4.54%
                                                    Covers: 5                  
 3079269 862705     1040.6667   186     1050.0000     1002.6667 2.47e+08    4.51%
                                                    Covers: 2                  
 3099773 863468     1042.0000    84     1050.0000     1003.0000 2.48e+08    4.48%
                                                  ZeroHalf: 1                  
Elapsed time = 2628.28 sec. (933525.27 ticks, tree = 2244.81 MB, solutions = 31)
Nodefile size = 2117.27 MB (1272.11 MB after compression)
 3118118 862644     1042.6000   180     1050.0000     1003.0000 2.48e+08    4.48%
 3135545 862272     1020.0500   209     1050.0000     1003.3333 2.49e+08    4.44%
                                                    Covers: 2                  
 3154136 861838        cutoff           1050.0000     1003.6667 2.50e+08    4.41%
                                                    Covers: 1                  
 3175005 862691     1025.0000    89     1050.0000     1004.0000 2.51e+08    4.38%
                                                    Covers: 1                  
 3192979 861244     1024.2778   266     1050.0000     1004.1667 2.52e+08    4.37%
 3212842 860830     1015.1667    73     1050.0000     1004.5000 2.53e+08    4.33%
                                                    Covers: 1                  
 3231289 860119     1014.7333   108     1050.0000     1004.6667 2.54e+08    4.32%
 3252557 860339     1033.6667   192     1050.0000     1005.0000 2.55e+08    4.29%
 3270004 858098     1036.5000    62     1050.0000     1005.1591 2.56e+08    4.27%
 3290476 857402     1039.0000   132     1050.0000     1005.4286 2.57e+08    4.24%
Elapsed time = 2755.99 sec. (971730.09 ticks, tree = 2205.55 MB, solutions = 31)
Nodefile size = 2077.97 MB (1252.26 MB after compression)
 3309475 856170     1044.4375   333     1050.0000     1005.6690 2.58e+08    4.22%
 3331404 856693     1041.0000    92     1050.0000     1006.0000 2.58e+08    4.19%
 3349470 854717     1027.9167   134     1050.0000     1006.0960 2.59e+08    4.18%
 3368745 853636        cutoff           1050.0000     1006.3670 2.60e+08    4.16%
 3388003 852097        cutoff           1050.0000     1006.6667 2.61e+08    4.13%
 3409600 852065        cutoff           1050.0000     1007.0000 2.62e+08    4.10%
 3428427 850031        cutoff           1050.0000     1007.1667 2.63e+08    4.08%
 3448958 849031        cutoff           1050.0000     1007.4167 2.64e+08    4.06%
 3468795 847202     1039.0000    53     1050.0000     1007.6667 2.65e+08    4.03%
 3490554 846714     1032.3333   161     1050.0000     1008.0000 2.66e+08    4.00%
Elapsed time = 2882.26 sec. (1009903.21 ticks, tree = 2146.85 MB, solutions = 31)
Nodefile size = 2019.24 MB (1215.36 MB after compression)
 3508903 844050        cutoff           1050.0000     1008.2000 2.67e+08    3.98%
 3530306 842624        cutoff           1050.0000     1008.5000 2.68e+08    3.95%
 3550498 840878     1032.6000   200     1050.0000     1008.7333 2.68e+08    3.93%
 3572704 840702     1013.5000    98     1050.0000     1009.0000 2.69e+08    3.90%
 3591617 837515     1037.4835   289     1050.0000     1009.1000 2.70e+08    3.90%
 3612139 835681     1037.5000   121     1050.0000     1009.3889 2.71e+08    3.87%
 3632345 832953        cutoff           1050.0000     1009.6667 2.72e+08    3.84%
 3654625 831790     1049.0000   101     1050.0000     1010.0000 2.73e+08    3.81%
 3674432 828337     1014.0667   127     1050.0000     1010.1522 2.74e+08    3.80%
 3695344 825815     1018.3409   216     1050.0000     1010.4167 2.75e+08    3.77%
Elapsed time = 3005.87 sec. (1048194.96 ticks, tree = 2073.05 MB, solutions = 31)
Nodefile size = 1945.08 MB (1170.28 MB after compression)
 3715090 823174     1038.0000   173     1050.0000     1010.6667 2.76e+08    3.75%
 3738370 822462     1035.8000    82     1050.0000     1011.0000 2.76e+08    3.71%
 3758383 818600     1047.0000    61     1050.0000     1011.1667 2.77e+08    3.70%
 3779134 816388        cutoff           1050.0000     1011.4375 2.78e+08    3.67%
 3799034 813578     1011.7619   172     1050.0000     1011.6667 2.79e+08    3.65%
 3822415 812613     1045.6667   133     1050.0000     1012.0000 2.80e+08    3.62%
 3843073 808350        cutoff           1050.0000     1012.1667 2.81e+08    3.60%
 3864541 805022        cutoff           1050.0000     1012.4667 2.82e+08    3.57%
 3886198 801842     1035.8333    64     1050.0000     1012.7000 2.83e+08    3.55%
 3910020 800399     1039.7917   121     1050.0000     1013.0000 2.83e+08    3.52%
Elapsed time = 3137.65 sec. (1086393.39 ticks, tree = 1995.65 MB, solutions = 31)
Nodefile size = 1867.30 MB (1128.63 MB after compression)
 3929638 796096     1028.0000   201     1050.0000     1013.1667 2.84e+08    3.51%
 3951341 792990        cutoff           1050.0000     1013.4600 2.85e+08    3.48%
 3973469 789452     1043.2667    92     1050.0000     1013.8310 2.86e+08    3.44%
 3997480 788075     1030.0000   127     1050.0000     1014.0000 2.87e+08    3.43%
 4018235 783131     1041.3333    37     1050.0000     1014.2833 2.88e+08    3.40%
 4040289 778936     1028.2667   121     1050.0000     1014.5152 2.89e+08    3.38%
 4062223 775014        cutoff           1050.0000     1014.8333 2.90e+08    3.35%
 4086039 772677     1043.6250   211     1050.0000     1015.0000 2.90e+08    3.33%
 4108194 768907     1044.3333   103     1050.0000     1015.2803 2.91e+08    3.31%
 4129974 764333     1029.6667    46     1050.0000     1015.5000 2.92e+08    3.29%
Elapsed time = 3262.39 sec. (1124606.69 ticks, tree = 1899.45 MB, solutions = 31)
Nodefile size = 1771.93 MB (1072.48 MB after compression)
 4153586 760243     1035.6667    57     1050.0000     1016.0000 2.93e+08    3.24%
 4176949 757596        cutoff           1050.0000     1016.0000 2.94e+08    3.24%
 4199951 753450     1045.0000   145     1050.0000     1016.3333 2.95e+08    3.21%
 4220757 749528        cutoff           1050.0000     1016.6310 2.96e+08    3.18%
 4243689 745133        cutoff           1050.0000     1016.9167 2.96e+08    3.15%
 4266426 742002        cutoff           1050.0000     1017.0000 2.97e+08    3.14%
 4290070 736952     1036.5000   181     1050.0000     1017.3333 2.98e+08    3.11%
 4313231 731798     1048.0000   177     1050.0000     1017.6667 2.99e+08    3.08%
 4337799 728087    infeasible           1050.0000     1018.0000 3.00e+08    3.05%
 4359802 722426        cutoff           1050.0000     1018.1667 3.01e+08    3.03%
Elapsed time = 3395.39 sec. (1162804.90 ticks, tree = 1790.43 MB, solutions = 31)
Nodefile size = 1662.96 MB (1010.04 MB after compression)
 4383563 717407        cutoff           1050.0000     1018.4333 3.02e+08    3.01%
 4405339 712423     1021.7143   125     1050.0000     1018.6667 3.02e+08    2.98%
 4431407 708842     1044.0000    52     1050.0000     1019.0000 3.03e+08    2.95%
 4453987 702666     1039.1667    95     1050.0000     1019.2500 3.04e+08    2.93%
 4477015 696554     1040.0000   167     1050.0000     1019.5000 3.05e+08    2.90%
 4500803 690763        cutoff           1050.0000     1019.8333 3.06e+08    2.87%
 4526086 686711     1035.0667    99     1050.0000     1020.0000 3.06e+08    2.86%
 4550284 680606        cutoff           1050.0000     1020.3333 3.07e+08    2.83%
 4574289 674505     1020.8000    49     1050.0000     1020.6667 3.08e+08    2.79%
 4601088 669874     1049.0000    76     1050.0000     1021.0000 3.09e+08    2.76%
Elapsed time = 3521.41 sec. (1201005.05 ticks, tree = 1652.54 MB, solutions = 31)
Nodefile size = 1524.25 MB (928.18 MB after compression)
 4624110 662874        cutoff           1050.0000     1021.2121 3.10e+08    2.74%
 4648475 656512     1046.0000    55     1050.0000     1021.5000 3.11e+08    2.71%
 4672532 650235        cutoff           1050.0000     1021.8000 3.11e+08    2.69%
 4699056 645140     1048.1500   171     1050.0000     1022.0000 3.12e+08    2.67%
 4723397 638271        cutoff           1050.0000     1022.3333 3.13e+08    2.63%
 4747476 631214        cutoff           1050.0000     1022.6667 3.14e+08    2.60%
 4773241 626061     1027.0000   104     1050.0000     1023.0000 3.14e+08    2.57%
 4797320 618303        cutoff           1050.0000     1023.2667 3.15e+08    2.55%
 4821724 610763        cutoff           1050.0000     1023.5833 3.16e+08    2.52%
 4848566 603958     1042.0000    70     1050.0000     1024.0000 3.17e+08    2.48%
Elapsed time = 3654.12 sec. (1239176.15 ticks, tree = 1487.30 MB, solutions = 31)
Nodefile size = 1359.71 MB (832.32 MB after compression)
 4873214 596120     1042.9524    85     1050.0000     1024.2000 3.18e+08    2.46%
 4898674 588168     1043.0833    81     1050.0000     1024.5000 3.18e+08    2.43%
 4925545 580078     1048.0000    38     1050.0000     1025.0000 3.19e+08    2.38%
 4951188 572991     1042.2000   262     1050.0000     1025.1071 3.20e+08    2.37%
 4975920 564375        cutoff           1050.0000     1025.5417 3.21e+08    2.33%
 5002572 555994     1045.0000    33     1050.0000     1025.9167 3.22e+08    2.29%
 5029334 548094        cutoff           1050.0000     1026.0000 3.22e+08    2.29%
 5055316 539064        cutoff           1050.0000     1026.5000 3.23e+08    2.24%
 5082951 530399     1040.3333    35     1050.0000     1026.8333 3.24e+08    2.21%
 5109419 522097    infeasible           1050.0000     1027.1667 3.25e+08    2.17%
Elapsed time = 3787.80 sec. (1277358.84 ticks, tree = 1294.67 MB, solutions = 31)
Nodefile size = 1166.45 MB (718.51 MB after compression)
 5136333 512352     1041.6667    56     1050.0000     1027.5000 3.25e+08    2.14%
 5164876 503280        cutoff           1050.0000     1028.0000 3.26e+08    2.10%
 5191261 493681        cutoff           1050.0000     1028.2500 3.27e+08    2.07%
 5216868 483956        cutoff           1050.0000     1028.6667 3.28e+08    2.03%
 5245775 475126        cutoff           1050.0000     1029.0000 3.28e+08    2.00%
 5272268 464395     1042.9167    88     1050.0000     1029.3750 3.29e+08    1.96%
 5299390 453225     1032.5417    88     1050.0000     1029.7500 3.30e+08    1.93%
 5328713 443403        cutoff           1050.0000     1030.0833 3.30e+08    1.90%
 5356149 432038        cutoff           1050.0000     1030.5000 3.31e+08    1.86%
 5386416 421035     1033.0000    77     1050.0000     1031.0000 3.32e+08    1.81%
Elapsed time = 3922.50 sec. (1315541.68 ticks, tree = 1059.73 MB, solutions = 31)
Nodefile size = 931.95 MB (580.49 MB after compression)
 5413928 410060        cutoff           1050.0000     1031.3333 3.33e+08    1.78%
 5442099 398147     1031.9167    94     1050.0000     1031.8333 3.33e+08    1.73%
 5471509 386488        cutoff           1050.0000     1032.0000 3.34e+08    1.71%
 5499998 373764        cutoff           1050.0000     1032.6667 3.35e+08    1.65%
 5530213 360412        cutoff           1050.0000     1033.0000 3.35e+08    1.62%
 5558560 346358     1041.3333    79     1050.0000     1033.5000 3.36e+08    1.57%
 5589459 332631        cutoff           1050.0000     1034.0000 3.37e+08    1.52%
 5618068 318190     1047.6000   229     1050.0000     1034.4167 3.37e+08    1.48%
 5649961 303743        cutoff           1050.0000     1035.0000 3.38e+08    1.43%
 5679315 288240     1037.6667    37     1050.0000     1035.6032 3.39e+08    1.37%
Elapsed time = 4062.44 sec. (1353724.07 ticks, tree = 739.26 MB, solutions = 31)
Nodefile size = 611.15 MB (389.05 MB after compression)
 5710273 273132        cutoff           1050.0000     1036.0000 3.39e+08    1.33%
 5741327 255810     1047.8333    98     1050.0000     1036.6667 3.40e+08    1.27%
 5773733 237546     1047.1667    82     1050.0000     1037.3333 3.40e+08    1.21%
 5807038 217530     1040.0000    93     1050.0000     1038.0000 3.41e+08    1.14%
 5839130 197073     1039.0000    32     1050.0000     1038.7500 3.42e+08    1.07%
 5873250 175535    infeasible           1050.0000     1039.6667 3.42e+08    0.98%
 5908140 152761     1041.8500   133     1050.0000     1040.1905 3.43e+08    0.93%
 5943296 129155        cutoff           1050.0000     1041.2800 3.43e+08    0.83%
 5978902 104273     1048.3333    58     1050.0000     1042.4828 3.44e+08    0.72%
 6014311 78003     1048.6667    27     1050.0000     1044.0000 3.44e+08    0.57%
Elapsed time = 4194.82 sec. (1391901.56 ticks, tree = 218.35 MB, solutions = 31)
Nodefile size = 134.28 MB (90.95 MB after compression)
 6049612 49944        cutoff           1050.0000     1045.2500 3.45e+08    0.45%
 6087647 16356        cutoff           1050.0000     1047.7143 3.45e+08    0.22%

Cover cuts applied:  167
Implied bound cuts applied:  97
Zero-half cuts applied:  217
Gomory fractional cuts applied:  5

Root node processing (before b&c):
  Real time             =    4.34 sec. (2306.45 ticks)
Parallel b&c, 32 threads:
  Real time             = 4220.17 sec. (1398659.40 ticks)
  Sync time (average)   =    3.77 sec.
  Wait time (average)   =    0.08 sec.
                          ------------
Total (root+branch&cut) = 4224.51 sec. (1400965.85 ticks)


Solution status: Optimal
Execution time: 4224.9 sec
Gap: 0.00000
