Wed Jul 11 04:17:51 2018

Tried aggregator 2 times.
MIP Presolve eliminated 7590 rows and 109 columns.
Aggregator did 324 substitutions.
Reduced MIP has 6211 rows, 1786 columns, and 22688 nonzeros.
Reduced MIP has 1786 binaries, 0 generals, 0 SOSs, and 0 indicators.
Presolve time = 0.05 sec. (32.99 ticks)
Probing time = 0.00 sec. (1.24 ticks)
Tried aggregator 1 time.
Presolve time = 0.01 sec. (9.79 ticks)
Probing time = 0.00 sec. (1.24 ticks)
Clique table members: 7856.
MIP emphasis: balance optimality and feasibility.
MIP search method: dynamic search.
Parallel mode: deterministic, using up to 32 threads.
Root relaxation solution time = 0.39 sec. (67.67 ticks)

        Nodes                                         Cuts/
   Node  Left     Objective  IInf  Best Integer    Best Bound    ItCnt     Gap

      0     0      557.6471   310                    557.6471      828         
      0     0      595.0556   311                    Cuts: 26     1353         
      0     0      610.0471   310                    Cuts: 28     1609         
      0     0      616.6532   337                    Cuts: 35     1861         
      0     0      624.3424   351                    Cuts: 34     2180         
      0     0      630.3258   356                    Cuts: 30     2522         
      0     0      632.4808   362                    Cuts: 28     2681         
      0     0      633.8780   354                    Cuts: 11     2858         
      0     0      635.3252   342                    Cuts: 14     2998         
      0     0      636.4194   348                    Cuts: 21     3158         
      0     0      638.4243   333                     Cuts: 9     3335         
      0     0      640.2054   357                    Cuts: 17     3614         
      0     0      640.5018   367                    Cuts: 18     3769         
      0     0      641.9731   363                    Cuts: 12     4151         
      0     0      642.1907   377                    Cuts: 20     4229         
      0     0      643.2222   309                    Cuts: 14     4385         
      0     0      643.5652   358                    Cuts: 72     4610         
      0     0      643.9320   368                    Cuts: 31     4855         
      0     0      643.9320   356                 ZeroHalf: 7     4913         
      0     0      643.9320   330                 ZeroHalf: 8     4985         
      0     0      643.9320   336                    Cuts: 15     5065         
*     0+    0                         1609.0000      643.9320     5065   59.98%
Found incumbent of value 1609.000000 after 6.39 sec. (3291.99 ticks)
      0     2      643.9320   336     1609.0000      643.9320     5065   59.98%
Elapsed time = 6.47 sec. (3312.79 ticks, tree = 0.01 MB, solutions = 1)
      8    10      693.0064   334     1609.0000      645.4333     9934   59.89%
     23    25      675.8792   336     1609.0000      646.6863    15432   59.81%
                                                  Impl Bds: 9                  
     32    34      680.6458   356     1609.0000      646.6863    19287   59.81%
     59    61      774.8667   303     1609.0000      646.6863    33320   59.81%
                                                     Cuts: 11                  
     87    89      749.0000   262     1609.0000      646.6863    46310   59.81%
                                                      Cuts: 8                  
    379   379      799.0000   292     1609.0000      646.6863   138437   59.81%
    606   596      732.5714   260     1609.0000      646.6863   178155   59.81%
                                                     Cuts: 18                  
    669   655      787.9583   294     1609.0000      646.6863   209796   59.81%
   1342  1289      915.7500   179     1609.0000      646.6863   328462   59.81%
                                                  Impl Bds: 3                  
*  1517+ 1454                         1388.0000      646.6863   346090   53.41%
Found incumbent of value 1388.000000 after 13.50 sec. (6489.08 ticks)
*  1589  1519      integral     0     1242.0000      646.6863   350961   47.93%
Elapsed time = 13.59 sec. (6538.14 ticks, tree = 0.74 MB, solutions = 1)
Found incumbent of value 1242.000000 after 13.59 sec. (6538.14 ticks)
*  1685  1601      integral     0     1236.0000      646.6863   357440   47.68%
Found incumbent of value 1236.000000 after 13.74 sec. (6560.41 ticks)
*  2310+ 2156                         1235.0000      646.6863   404042   47.64%
Found incumbent of value 1235.000000 after 14.96 sec. (6729.28 ticks)
   3452  2664      851.7424   288     1235.0000      648.7500   500786   47.47%
                                                     Cuts: 32                  
   3926  3107      808.3750   238     1235.0000      648.7500   553808   47.47%
*  4131+ 3287                         1225.0000      648.7500   573772   47.04%
Found incumbent of value 1225.000000 after 18.13 sec. (7702.36 ticks)
*  4423  3537      integral     0     1089.0000      648.7500   596428   40.43%
Found incumbent of value 1089.000000 after 18.59 sec. (8532.24 ticks)
   6290  3855      999.2000   195     1089.0000      664.7789   763207   38.96%
                                                     Cuts: 19                  
   7858  5257        cutoff           1089.0000      664.7789   899169   38.96%
   9784  6981      647.1103   353     1089.0000      686.1667  1068011   36.99%
   9787  6983      653.4936   398     1089.0000      686.1667  1071101   36.99%
   9789  6984      661.2779   399     1089.0000      686.1667  1076152   36.99%
   9791  6985      653.5443   325     1089.0000      686.1667  1079087   36.99%
                                                      Cuts: 9                  
Elapsed time = 42.56 sec. (19282.36 ticks, tree = 127.35 MB, solutions = 13)
   9794  6987      679.3077   352     1089.0000      686.1667  1081999   36.99%
   9803  6992      701.5241   338     1089.0000      686.1667  1091920   36.99%
                                                  ZeroHalf: 7                  
   9820  7000      729.1250   393     1089.0000      686.1667  1103353   36.99%
                                                      Cuts: 4                  
*  9848+ 4697                         1075.0000      686.1667  1121396   36.17%
                                                     Fract: 1                  
Found incumbent of value 1075.000000 after 49.96 sec. (23612.61 ticks)
   9854  4698      671.3846   360     1075.0000      686.1667  1123828   36.17%
  10327  4916      725.0156   376     1075.0000      686.1667  1182049   36.17%
  10999  5197      752.5751   278     1075.0000      686.1667  1304928   36.17%
                                                      Cuts: 7                  
  11344  5366      765.0741   310     1075.0000      686.1667  1378404   36.17%
  13084  6150      685.7208   402     1075.0000      686.1667  1567238   36.17%
  13781  6440      741.0000   190     1075.0000      686.1667  1645083   36.17%
                                                     Cuts: 11                  
  15346  7208     1039.2000   304     1075.0000      686.1667  1795835   36.17%
Elapsed time = 65.50 sec. (30926.77 ticks, tree = 71.66 MB, solutions = 15)
  16472  7747     1016.3530   356     1075.0000      686.1667  1903587   36.17%
                                                  ZeroHalf: 4                  
  16856  7918      861.9000   289     1075.0000      686.1667  1959517   36.17%
  17336  8154      914.4800   268     1075.0000      686.1667  2020245   36.17%
  18110  8539      776.1333   313     1075.0000      686.1667  2105205   36.17%
                                                      Cuts: 3                  
  19558  9189      900.4626   371     1075.0000      686.1667  2223908   36.17%
  20971 10389      774.5595   266     1075.0000      686.1667  2350907   36.17%
  23738 12943      714.9000   380     1075.0000      686.1667  2591860   36.17%
  25149 14214      887.3750   236     1075.0000      694.7500  2699435   35.37%
                                                     Cuts: 12                  
  27133 16012     1072.2381   159     1075.0000      694.7500  2894312   35.37%
  28829 17567      800.6293   312     1075.0000      694.7500  3055944   35.37%
Elapsed time = 94.38 sec. (41095.46 ticks, tree = 563.17 MB, solutions = 15)
Nodefile size = 414.10 MB (327.59 MB after compression)
  31021 19534      805.2500   223     1075.0000      694.7500  3246408   35.37%
  31883 20323     1045.0556   200     1075.0000      706.3724  3322734   34.29%
                                                      Cuts: 6                  
* 33238 21542      integral     0     1031.0000      706.3724  3460752   31.49%
Found incumbent of value 1031.000000 after 103.97 sec. (43560.83 ticks)
  34027 22247     1045.1667   151     1031.0000      706.3724  3525955   31.49%
  35913 23947      958.0000   200     1031.0000      706.3724  3688737   31.49%
  37021 24969      930.8000   129     1031.0000      706.3724  3795485   31.49%
  38460 24172      721.9167   305     1031.0000      713.3750  3915900   30.81%
                                                      Cuts: 5                  
  39560 25156      778.5000   250     1031.0000      713.3750  4042729   30.81%
  41230 26606     1015.0000   248     1031.0000      713.3750  4210052   30.81%
* 43204 28320      integral     0     1028.0000      713.3750  4391509   30.61%
Elapsed time = 119.96 sec. (49866.16 ticks, tree = 1305.16 MB, solutions = 16)
Nodefile size = 1152.96 MB (904.73 MB after compression)
Found incumbent of value 1028.000000 after 119.96 sec. (49866.16 ticks)
  43469 28395      822.5000   204     1028.0000      718.0117  4411792   30.15%
                                                  ZeroHalf: 2                  
  44749 29475      949.3500   288     1028.0000      718.0117  4550835   30.15%
  46477 30969      853.2037   265     1028.0000      718.0117  4722468   30.15%
  47979 32297      834.8333   283     1028.0000      718.0117  4847989   30.15%
  49116 33279      869.0000   276     1028.0000      723.1250  4944167   29.66%
  50815 34719      885.8611   289     1028.0000      723.1250  5117576   29.66%
  52625 36309      818.0000   166     1028.0000      723.1250  5296659   29.66%
  54494 37923     1019.2667   234     1028.0000      723.1250  5477040   29.66%
  55099 38451      775.0000   205     1028.0000      727.1519  5522454   29.27%
  56251 39438      881.2500   219     1028.0000      727.1519  5657276   29.27%
Elapsed time = 150.17 sec. (60435.27 ticks, tree = 2355.03 MB, solutions = 17)
Nodefile size = 2213.16 MB (1729.61 MB after compression)
  57119 40184      921.5307   268     1028.0000      727.1519  5756178   29.27%
  59095 41850      796.6442   307     1028.0000      727.1519  5987502   29.27%
  60210 42804      792.2500   243     1028.0000      730.0000  6104294   28.99%
                                                  Impl Bds: 2                  
  61202 43642      977.2417   245     1028.0000      730.0000  6205779   28.99%
  62421 44667      840.1319   295     1028.0000      730.0000  6340855   28.99%
  62568 44794      798.2917   261     1028.0000      732.5000  6353484   28.75%
* 62575+44799                         1012.0000      732.5000  6353910   27.62%
Found incumbent of value 1012.000000 after 169.34 sec. (65579.14 ticks)
  62906 43801      925.8750   278     1012.0000      732.5000  6411800   27.62%
  64491 45103      997.0258   201     1012.0000      732.5000  6577534   27.62%
  66208 46515      815.0833   237     1012.0000      732.5000  6759239   27.62%
  68470 48393      911.4500   209     1012.0000      736.8333  6998290   27.19%
                                                      Cuts: 9                  
Elapsed time = 181.37 sec. (70884.53 ticks, tree = 2851.47 MB, solutions = 20)
Nodefile size = 2717.93 MB (2114.31 MB after compression)
  69404 49170      945.6190   243     1012.0000      736.8333  7095450   27.19%
  71121 50534      779.1667   221     1012.0000      736.8333  7279337   27.19%
  73000 52055      821.0000   283     1012.0000      736.8333  7478381   27.19%
  73566 52535     1000.2778   227     1012.0000      739.8125  7540887   26.90%
  74773 53527      931.5000   320     1012.0000      739.8125  7676472   26.90%
  76086 54609      816.6286   273     1012.0000      739.8125  7803346   26.90%
  77014 55388      897.3333   220     1012.0000      739.8125  7893873   26.90%
  79293 57217      971.7792   170     1012.0000      743.0000  8142415   26.58%
                                                  ZeroHalf: 1                  
  80157 57900      882.8667   349     1012.0000      743.0000  8240856   26.58%
  81053 58618      996.3333   221     1012.0000      743.0000  8327187   26.58%
Elapsed time = 207.13 sec. (80891.55 ticks, tree = 3480.36 MB, solutions = 20)
Nodefile size = 3341.91 MB (2597.28 MB after compression)
  83866 60858      981.7500   159     1012.0000      746.0000  8638603   26.28%
  85242 61949      946.1111   225     1012.0000      746.0000  8790579   26.28%
  86997 63379      863.8857   265     1012.0000      746.0000  8964726   26.28%
  88953 64911        cutoff           1012.0000      746.0000  9161859   26.28%
  89043 64985      965.5000   177     1012.0000      749.5000  9172316   25.94%
  91141 66676      875.0556   297     1012.0000      749.5000  9375913   25.94%
  92424 67683      895.0000   225     1012.0000      749.5000  9508575   25.94%
  94491 69302      800.2500   177     1012.0000      749.5000  9707633   25.94%
  95451 70058      955.7778   127     1012.0000      752.7500  9799640   25.62%
  96635 71015      966.9125   288     1012.0000      752.7500  9944902   25.62%
Elapsed time = 238.22 sec. (91578.23 ticks, tree = 4441.90 MB, solutions = 20)
Nodefile size = 4306.78 MB (3340.42 MB after compression)
  98107 72124      875.4167   156     1012.0000      752.7500 10121336   25.62%
  99700 73358      921.2500   156     1012.0000      752.7500 10316165   25.62%
 100411 73915      865.3561   267     1012.0000      755.3426 10391423   25.36%
                                                  ZeroHalf: 2                  
 102107 75283      985.6250   291     1012.0000      755.3426 10552979   25.36%
 104247 76971      844.0000   179     1012.0000      755.3426 10743696   25.36%
 106585 78770      888.0265   265     1012.0000      757.8512 10975583   25.11%
 108217 80007      821.3333   242     1012.0000      757.8512 11167430   25.11%
 109148 80739        cutoff           1012.0000      757.8512 11268863   25.11%
 111189 82314      795.4508   314     1012.0000      757.8512 11467329   25.11%
 116810 86736      946.7000   244     1012.0000      760.2500 11996401   24.88%
Elapsed time = 274.26 sec. (104693.30 ticks, tree = 5232.22 MB, solutions = 20)
Nodefile size = 5084.46 MB (3934.63 MB after compression)
 119375 88685        cutoff           1012.0000      763.0000 12306748   24.60%
 126665 94371      889.4667   257     1012.0000      764.5000 13147682   24.46%
 131692 98288      968.0833   214     1012.0000      766.4958 13628308   24.26%
 139551 104414      855.2333   270     1012.0000      768.3000 14383745   24.08%
 141930 106182      799.1667   325     1012.0000      770.2500 14755598   23.89%
 148857 111534      958.7311   275     1012.0000      773.5673 15486388   23.56%
                                                  ZeroHalf: 1                  
 154578 115952      818.7500   252     1012.0000      774.9792 16014408   23.42%
 161376 121226      957.0000   199     1012.0000      777.0000 16641150   23.22%
 166744 125331      939.0000   210     1012.0000      778.5833 17165185   23.06%
 172499 129824      875.1250   258     1012.0000      779.5909 17828302   22.97%
Elapsed time = 385.80 sec. (144191.95 ticks, tree = 8029.71 MB, solutions = 20)
Nodefile size = 7892.79 MB (5994.83 MB after compression)
 178483 134306      811.8750   232     1012.0000      781.2500 18391606   22.80%
 185151 139440    infeasible           1012.0000      782.6875 18952136   22.66%
 190781 143783      884.0000   216     1012.0000      784.0000 19477257   22.53%
 195902 147747      912.3333   254     1012.0000      784.8333 20078666   22.45%
 202942 153071      861.2500   188     1012.0000      786.2500 20716187   22.31%
*207621 156607      integral     0     1008.0000      786.2500 21150905   22.00%
Found incumbent of value 1008.000000 after 446.99 sec. (164705.23 ticks)
 210661 158322      989.5000   201     1008.0000      787.7767 21413446   21.85%
 216462 162729      841.4167   186     1008.0000      789.0000 21981123   21.73%
 221354 166447      831.0000   183     1008.0000      790.0000 22484101   21.63%
                                                  ZeroHalf: 1                  
 228755 172082      838.7917   267     1008.0000      791.3292 23140808   21.50%
Elapsed time = 490.11 sec. (180098.52 ticks, tree = 10537.78 MB, solutions = 21)
Nodefile size = 10396.37 MB (7821.10 MB after compression)
 234964 176753      921.2500   195     1008.0000      792.6667 23682827   21.36%
 240874 181268      983.7500   123     1008.0000      793.8333 24200598   21.25%
 245687 184864      988.2292   166     1008.0000      795.1154 24676923   21.12%
 251342 189027      866.5000   242     1008.0000      795.6667 25308228   21.06%
 259853 195404      877.8429   331     1008.0000      796.7500 26031511   20.96%
 266661 200491      842.0321   273     1008.0000      798.0000 26596951   20.83%
                                                  ZeroHalf: 3                  
 269620 202649      994.1667   162     1008.0000      799.0000 26888505   20.73%
 277156 208329      969.3161   279     1008.0000      799.5000 27652631   20.68%
 282769 212480      875.5000   190     1008.0000      800.6750 28157822   20.57%
 289349 217351      858.4466   319     1008.0000      801.6563 28746880   20.47%
Elapsed time = 602.77 sec. (218736.23 ticks, tree = 13167.55 MB, solutions = 21)
Nodefile size = 13025.41 MB (9731.37 MB after compression)
 295851 222153      948.6000   142     1008.0000      802.7500 29309474   20.36%
 301405 226284      879.1667   189     1008.0000      803.6875 29858233   20.27%
 307156 230565      945.6667   182     1008.0000      804.4444 30389133   20.19%
 315168 236562      986.1754   186     1008.0000      805.2500 31033591   20.11%
 322251 241778      939.5000   191     1008.0000      806.0435 31644303   20.04%
 329258 247153      945.3810   230     1008.0000      806.8889 32167051   19.95%
 333311 250203      882.9444   270     1008.0000      807.7500 32587311   19.87%
*334657+251160                         1000.0000      807.7500 32756527   19.22%
Found incumbent of value 1000.000000 after 684.88 sec. (245374.59 ticks)
 337441 250443      977.5571   133     1000.0000      808.3750 33032572   19.16%
 347103 257370      983.1111   186     1000.0000      809.0000 33838819   19.10%
 352381 261074      892.4667   159     1000.0000      810.1250 34295588   18.99%
Elapsed time = 716.88 sec. (256999.13 ticks, tree = 15861.61 MB, solutions = 22)
Nodefile size = 15720.75 MB (11679.19 MB after compression)
*357820+264862                          986.0000      811.1250 34782686   17.74%
Found incumbent of value 986.000000 after 728.98 sec. (259536.15 ticks)
 358093 265055      982.5556   159      986.0000      811.1250 34808458   17.74%
 363819 254743      965.6364   274      986.0000      811.7500 35448860   17.67%
 369817 258681      866.8889   194      986.0000      813.3133 36005618   17.51%
                                                    Covers: 1                  
 375914 262827      876.8750   190      986.0000      814.0253 36561854   17.44%
 381605 266505        cutoff            986.0000      814.7872 37093210   17.36%
                                                  ZeroHalf: 1                  
 385679 269248      909.4583   311      986.0000      815.1111 37640684   17.33%
 392239 273688      884.5208   255      986.0000      816.0000 38199676   17.24%
 399116 278226      860.3250   253      986.0000      816.8333 38808478   17.16%
 403998 281430      971.3665   182      986.0000      817.6000 39318903   17.08%
 408909 284727      971.5833   177      986.0000      817.8333 39915811   17.06%
Elapsed time = 830.54 sec. (295738.23 ticks, tree = 17334.14 MB, solutions = 23)
Nodefile size = 17198.69 MB (12666.77 MB after compression)
 415048 288857      869.2500   236      986.0000      818.8333 40444202   16.95%
 422076 293525      854.5500   300      986.0000      819.5000 41095494   16.89%
                                                  Impl Bds: 1                  
 427209 296925      977.4167   198      986.0000      820.2500 41637206   16.81%
                                                      Cuts: 7                  
 431941 300057      920.5000   277      986.0000      820.7500 42155748   16.76%
 438475 304235      969.7143   158      986.0000      821.3750 42737988   16.70%
 443626 307655      898.9167   280      986.0000      822.0833 43239205   16.62%
 452790 313772      899.0833   175      986.0000      823.2500 43994634   16.51%
                                                      Cuts: 2                  
 458946 317792      865.1875   225      986.0000      823.8333 44509617   16.45%
 463876 321056      949.2833   232      986.0000      824.1667 45102192   16.41%
 471632 326266      925.3333   148      986.0000      824.7333 45750168   16.36%
                                                  ZeroHalf: 1                  
Elapsed time = 951.75 sec. (335245.33 ticks, tree = 19627.45 MB, solutions = 23)
Nodefile size = 19493.01 MB (14248.28 MB after compression)
 477781 330282      956.1111   195      986.0000      825.5000 46260494   16.28%
 483564 334129      943.0000   256      986.0000      826.0000 46737522   16.23%
                                                  ZeroHalf: 1                  
 489451 337926      954.9667   191      986.0000      826.4792 47388728   16.18%
 496552 342550      974.6310   317      986.0000      827.0000 47993935   16.13%
 502951 346761      934.0833   337      986.0000      827.6250 48498059   16.06%
                                                    Covers: 1                  
 506890 349262      983.0000   235      986.0000      828.0714 48902162   16.02%
 512877 353213      954.4667   234      986.0000      828.4848 49519334   15.98%
                                                    Covers: 1                  
 521575 359023      929.5833   201      986.0000      829.0000 50215073   15.92%
 528878 363815      893.0000   187      986.0000      829.5273 50815517   15.87%
 532677 366291      870.0000   295      986.0000      830.0833 51283959   15.81%
Elapsed time = 1068.04 sec. (373671.17 ticks, tree = 21947.51 MB, solutions = 23)
Nodefile size = 21816.10 MB (15833.59 MB after compression)
 538805 370078      863.0000   305      986.0000      831.0000 51849148   15.72%
 545375 374432      860.0000   212      986.0000      831.5000 52373051   15.67%
 550817 378169      902.9524   274      986.0000      831.8333 52959701   15.64%
 558697 383364      840.2667   188      986.0000      832.2500 53613960   15.59%
 565563 387896      946.5571   158      986.0000      832.7500 54166973   15.54%
 571233 391713      864.0000   218      986.0000      833.3333 54623348   15.48%
 577077 395585      936.2024   216      986.0000      833.6500 55226034   15.45%
 583640 399884      974.5833   250      986.0000      834.1000 55771293   15.41%
 588410 403066      882.9786   208      986.0000      834.5833 56240001   15.36%
 596802 408663      917.4250   273      986.0000      834.8333 56989938   15.33%
Elapsed time = 1184.72 sec. (412542.99 ticks, tree = 23899.95 MB, solutions = 23)
Nodefile size = 23752.11 MB (17137.64 MB after compression)
 603472 413090      861.9167   224      986.0000      835.2917 57517425   15.28%
 610299 417578      974.9167   139      986.0000      836.1667 58043393   15.20%
                                                      Cuts: 6                  
 616462 421802      924.8667   190      986.0000      836.5000 58673395   15.16%
 623273 426441      904.2222   315      986.0000      836.8542 59172825   15.13%
 629217 430359      981.7143   254      986.0000      837.1667 59672348   15.09%
 635925 434908      920.5833   201      986.0000      837.5000 60336665   15.06%
 643785 440196      854.8214   261      986.0000      838.0000 60926684   15.01%
 650385 444731      895.5000   175      986.0000      838.3333 61404327   14.98%
 656469 448791      896.0000   249      986.0000      838.7500 61925219   14.93%
 661768 452276      884.7500   264      986.0000      839.0000 62438711   14.91%
Elapsed time = 1306.56 sec. (451979.16 ticks, tree = 26209.23 MB, solutions = 23)
Nodefile size = 26072.39 MB (18692.73 MB after compression)
 671205 458546      866.1000   210      986.0000      839.3333 63139542   14.87%
 676928 462303      978.8333   133      986.0000      839.7500 63567076   14.83%
 682371 466013      925.6500   219      986.0000      840.1538 64111678   14.79%
 689501 470610      889.2500   238      986.0000      840.7500 64670166   14.73%
 696048 474811      932.0833   140      986.0000      841.1000 65206186   14.70%
 701890 478693      858.1250   211      986.0000      841.3846 65822183   14.67%
                                                  ZeroHalf: 1                  
*706335 481725      integral     0      979.0000      841.3846 66137658   14.06%
Found incumbent of value 979.000000 after 1386.93 sec. (476162.61 ticks)
*707454+469221                          975.0000      841.7476 66223559   13.67%
Found incumbent of value 975.000000 after 1393.86 sec. (477162.14 ticks)
 712778 472593      869.1667   206      975.0000      841.7476 66639683   13.67%
 720521 467743      915.0833   255      975.0000      842.0667 67198507   13.63%
 723389 469466        cutoff            975.0000      842.5000 67522040   13.59%
Elapsed time = 1425.46 sec. (487701.03 ticks, tree = 27106.88 MB, solutions = 25)
Nodefile size = 26976.30 MB (19183.90 MB after compression)
 731168 474060      928.3750   180      975.0000      843.1429 68225287   13.52%
                                                      Cuts: 3                  
 737631 477870      957.2500   232      975.0000      843.5000 68751491   13.49%
 743042 481233    infeasible            975.0000      843.8000 69319367   13.46%
*744316+481978                          959.0000      843.8000 69430050   12.01%
Found incumbent of value 959.000000 after 1462.80 sec. (500241.70 ticks)
 750633 433805        cutoff            959.0000      844.1667 69924293   11.97%
 754884 435964      885.5000   221      959.0000      844.5833 70297894   11.93%
 761618 439491      934.2500   156      959.0000      844.8333 71013923   11.90%
 770538 444294      864.1296   209      959.0000      845.2500 71694234   11.86%
 776575 447325        cutoff            959.0000      845.6000 72195254   11.82%
 780974 449471      945.8750   317      959.0000      846.3929 72734714   11.74%
                                                  ZeroHalf: 1                  
 788342 453249      950.6667   147      959.0000      846.8095 73322931   11.70%
Elapsed time = 1549.44 sec. (526373.56 ticks, tree = 25871.07 MB, solutions = 26)
Nodefile size = 25738.43 MB (18112.45 MB after compression)
 793493 455856      945.8333   262      959.0000      847.1667 73751267   11.66%
 799451 458978      954.2500   205      959.0000      847.3500 74396372   11.64%
 806961 462829      892.2778   203      959.0000      847.7500 74991684   11.60%
 811794 465308      946.2273   296      959.0000      848.2000 75478569   11.55%
                                                    Covers: 1                  
 819960 469556      949.2917   162      959.0000      848.7500 76192883   11.50%
                                                  Impl Bds: 1                  
 826049 472588      945.2727   163      959.0000      849.1071 76712342   11.46%
                                                  ZeroHalf: 1                  
 831052 475060      891.5833   299      959.0000      849.3462 77300610   11.43%
 838528 478955      861.4167   140      959.0000      849.6667 77855714   11.40%
 844834 481978      869.5000   183      959.0000      850.0833 78363435   11.36%
 850729 484896      875.0833   256      959.0000      850.5000 78923390   11.31%
Elapsed time = 1673.21 sec. (565361.41 ticks, tree = 27371.21 MB, solutions = 26)
Nodefile size = 27240.26 MB (19058.28 MB after compression)
 857060 488137      951.0000   211      959.0000      850.6667 79512861   11.30%
 865093 492081      943.0000   168      959.0000      851.4167 80113324   11.22%
 870104 494453      861.0000   147      959.0000      851.6250 80709366   11.20%
 876621 497751      950.6667   220      959.0000      852.0000 81222531   11.16%
 883137 501199      885.5789   335      959.0000      852.2857 81716338   11.13%
 890105 504773      916.9000   141      959.0000      852.5000 82376802   11.11%
 898857 509053      956.0000    92      959.0000      852.8417 83043367   11.07%
 904046 511534      950.2500   202      959.0000      853.1667 83507437   11.04%
 910949 514935      920.5833   185      959.0000      853.7500 84032716   10.97%
*913451+516330                          951.0000      853.7500 84347282   10.23%
Found incumbent of value 951.000000 after 1798.21 sec. (602661.51 ticks)
 916085 481961      928.2500   272      951.0000      854.0000 84628884   10.20%
Elapsed time = 1801.19 sec. (604895.94 ticks, tree = 26626.27 MB, solutions = 26)
Nodefile size = 26494.44 MB (18387.43 MB after compression)
 923883 485658        cutoff            951.0000      854.2500 85187269   10.17%
 929257 488028      905.5000   220      951.0000      854.6000 85696498   10.14%
 935173 490813      876.0536   260      951.0000      854.8750 86245713   10.11%
 944703 495020      934.1667   212      951.0000      855.5000 86958946   10.04%
 949978 497672      929.0500   157      951.0000      855.6667 87540726   10.02%
 957707 501212        cutoff            951.0000      856.0000 88111768    9.99%
 963378 503744      921.0833   319      951.0000      856.3333 88610301    9.95%
                                                  ZeroHalf: 1                  
 970440 506825      864.3333   218      951.0000      856.5288 89266778    9.93%
 977165 509769      885.4000   306      951.0000      856.9667 89767980    9.89%
 985552 513561        cutoff            951.0000      857.5000 90378431    9.83%
                                                  ZeroHalf: 1                  
Elapsed time = 1935.33 sec. (644733.37 ticks, tree = 28055.24 MB, solutions = 27)
Nodefile size = 27924.86 MB (19265.84 MB after compression)
 991271 516303      925.6833   208      951.0000      857.7500 90969349    9.81%
 998957 519755      904.5000   216      951.0000      858.0000 91545051    9.78%
*1000893+520771                          936.0000      858.0000 91669354    8.33%
Found incumbent of value 936.000000 after 1961.39 sec. (652496.23 ticks)
 1004393 449071      909.6173   305      936.0000      858.3333 91956564    8.30%
                                                  ZeroHalf: 1                  
 1011656 451401      896.2500   273      936.0000      858.5000 92668601    8.28%
 1019817 454116      926.0000   107      936.0000      859.0000 93267145    8.23%
 1023660 454785      892.6667   310      936.0000      859.5278 93782988    8.17%
 1031348 457201        cutoff            936.0000      859.9811 94325915    8.12%
 1037601 459126      891.2083   260      936.0000      860.2500 94799678    8.09%
 1043477 461032        cutoff            936.0000      860.5000 95439964    8.07%
 1051597 463561      867.1250   255      936.0000      860.8167 96030267    8.03%
Elapsed time = 2062.16 sec. (683470.32 ticks, tree = 24607.13 MB, solutions = 28)
Nodefile size = 24473.09 MB (16693.86 MB after compression)
 1059774 466021      864.0000   193      936.0000      861.1250 96615273    8.00%
 1064486 467320      917.8333   361      936.0000      861.7500 97142748    7.93%
 1073294 470262      863.1875   193      936.0000      862.0362 97750510    7.90%
*1078264+471933                          932.0000      862.3788 98107026    7.47%
Found incumbent of value 932.000000 after 2116.86 sec. (697362.05 ticks)
 1078745 472020      932.5417   276      932.0000      862.3788 98198531    7.47%
 1085945 452423      887.9889   183      932.0000      862.6071 98853622    7.45%
 1093752 454461      881.5417   202      932.0000      863.0000 99409305    7.40%
                                                    Covers: 1                  
 1099829 455830        cutoff            932.0000      863.5167 1.00e+08    7.35%
                                                  ZeroHalf: 1                  
 1107627 457924        cutoff            932.0000      863.9444 1.01e+08    7.30%
 1113760 459590      910.6250   220      932.0000      864.2500 1.01e+08    7.27%
 1120533 461642      899.9524   137      932.0000      864.4167 1.02e+08    7.25%
Elapsed time = 2195.09 sec. (722123.89 ticks, tree = 23749.89 MB, solutions = 29)
Nodefile size = 23617.49 MB (15998.14 MB after compression)
 1128755 463877      899.1667   162      932.0000      864.7500 1.02e+08    7.22%
 1134727 465501      910.6000   270      932.0000      865.1250 1.03e+08    7.18%
 1142307 467117      874.5625   214      932.0000      865.6500 1.03e+08    7.12%
 1149007 468822      876.8429   183      932.0000      866.0000 1.04e+08    7.08%
 1154660 470248      888.1833   195      932.0000      866.1667 1.04e+08    7.06%
 1163167 472210        cutoff            932.0000      866.5000 1.05e+08    7.03%
 1170958 474220      908.5833   207      932.0000      866.8333 1.06e+08    6.99%
 1176833 475289      896.6111   302      932.0000      867.3333 1.06e+08    6.94%
 1184158 477121      925.8750   252      932.0000      867.6667 1.07e+08    6.90%
 1190714 478587      891.2500   130      932.0000      868.0000 1.07e+08    6.87%
Elapsed time = 2333.42 sec. (760751.24 ticks, tree = 24011.95 MB, solutions = 29)
Nodefile size = 23882.49 MB (16099.34 MB after compression)
 1197835 480910      920.7083   276      932.0000      868.1667 1.08e+08    6.85%
                                                    Covers: 1                  
 1206362 483096      910.7333   176      932.0000      868.5000 1.08e+08    6.81%
 1212558 484339      894.9167   246      932.0000      868.7500 1.09e+08    6.79%
 1219967 486184      922.6667   216      932.0000      869.2667 1.10e+08    6.73%
                                                    Covers: 1                  
 1227222 487983        cutoff            932.0000      869.5833 1.10e+08    6.70%
 1233766 489656        cutoff            932.0000      869.7667 1.11e+08    6.68%
 1241606 491457        cutoff            932.0000      870.0833 1.11e+08    6.64%
 1250555 493788      920.8333   224      932.0000      870.3333 1.12e+08    6.62%
 1255825 495125      907.1637   197      932.0000      870.8750 1.12e+08    6.56%
 1264032 497071      919.0000   179      932.0000      871.1111 1.13e+08    6.53%
                                                      Cuts: 3                  
Elapsed time = 2468.10 sec. (799120.17 ticks, tree = 24270.97 MB, solutions = 29)
Nodefile size = 24139.86 MB (16204.96 MB after compression)
 1270970 498942      884.6453   156      932.0000      871.4286 1.13e+08    6.50%
                                                    Covers: 2                  
 1277827 500760      906.4958   218      932.0000      871.5833 1.14e+08    6.48%
 1287369 503073        cutoff            932.0000      871.9167 1.15e+08    6.45%
 1292509 504263      881.6667   325      932.0000      872.3333 1.15e+08    6.40%
 1301093 506308        cutoff            932.0000      872.5833 1.16e+08    6.38%
                                                    Covers: 1                  
 1307158 507911      931.0000   190      932.0000      872.8750 1.16e+08    6.34%
 1314171 509468      890.7941   245      932.0000      873.0000 1.17e+08    6.33%
 1323645 511884      909.5833   110      932.0000      873.3167 1.17e+08    6.30%
 1331924 514236    infeasible            932.0000      873.8333 1.18e+08    6.24%
 1338176 515626      911.7833   200      932.0000      874.0000 1.18e+08    6.22%
Elapsed time = 2606.33 sec. (837734.02 ticks, tree = 24586.59 MB, solutions = 29)
Nodefile size = 24456.82 MB (16347.68 MB after compression)
 1347097 518070      922.6667   126      932.0000      874.2500 1.19e+08    6.20%
 1352734 519187        cutoff            932.0000      874.4940 1.19e+08    6.17%
 1361966 521453      891.4583   132      932.0000      874.9333 1.20e+08    6.12%
 1369280 523075      928.4038   255      932.0000      875.1667 1.21e+08    6.10%
 1376557 525154      891.6334   286      932.0000      875.2500 1.21e+08    6.09%
 1386685 527697      919.9444   316      932.0000      875.5000 1.22e+08    6.06%
 1390337 528631        cutoff            932.0000      875.7917 1.22e+08    6.03%
                                                    Covers: 1                  
 1400270 530674      906.1619   285      932.0000      876.1111 1.23e+08    6.00%
 1408326 533025        cutoff            932.0000      876.4167 1.23e+08    5.96%
                                                    Covers: 1                  
 1415851 534906      918.7976   225      932.0000      876.5667 1.24e+08    5.95%
Elapsed time = 2747.40 sec. (876685.98 ticks, tree = 24845.64 MB, solutions = 29)
Nodefile size = 24711.79 MB (16453.76 MB after compression)
 1425432 537209      904.5750   181      932.0000      876.8111 1.25e+08    5.92%
 1430646 538674      883.0500   259      932.0000      877.1667 1.25e+08    5.88%
                                                     Fract: 1                  
 1439819 540888        cutoff            932.0000      877.4167 1.26e+08    5.86%
 1446240 542166      896.8125   334      932.0000      877.6000 1.26e+08    5.84%
                                                      Cuts: 3                  
 1455190 544624        cutoff            932.0000      877.7500 1.27e+08    5.82%
 1464471 546603      890.0179   246      932.0000      878.2500 1.27e+08    5.77%
 1471633 548821        cutoff            932.0000      878.3381 1.28e+08    5.76%
                                                  ZeroHalf: 1                  
 1481012 550975      914.6667   146      932.0000      878.5833 1.28e+08    5.73%
                                                    Covers: 1                  
 1486798 552530      906.8889   141      932.0000      878.8333 1.29e+08    5.70%
 1495445 554232        cutoff            932.0000      879.1667 1.29e+08    5.67%
Elapsed time = 2894.32 sec. (915783.30 ticks, tree = 25238.87 MB, solutions = 29)
Nodefile size = 25109.85 MB (16648.03 MB after compression)
 1504345 556654      893.3333   161      932.0000      879.3500 1.30e+08    5.65%
 1509807 557554      880.6667   124      932.0000      879.5000 1.31e+08    5.63%
 1519751 559686      891.7429   194      932.0000      879.7381 1.31e+08    5.61%
                                                    Covers: 1                  
 1526569 560646      910.6429   119      932.0000      879.9762 1.32e+08    5.58%
 1533870 562465      920.1429   177      932.0000      880.2500 1.32e+08    5.55%
 1542330 564006      930.8750   347      932.0000      880.5000 1.33e+08    5.53%
 1552156 566294      910.8179   141      932.0000      880.6667 1.33e+08    5.51%
 1558940 567457      903.2500   262      932.0000      880.9167 1.34e+08    5.48%
 1566776 569275        cutoff            932.0000      881.2500 1.34e+08    5.45%
 1575646 571428        cutoff            932.0000      881.4333 1.35e+08    5.43%
Elapsed time = 3042.37 sec. (954472.06 ticks, tree = 25593.45 MB, solutions = 29)
Nodefile size = 25464.17 MB (16808.58 MB after compression)
 1583040 572930      905.9333   170      932.0000      881.6250 1.35e+08    5.41%
 1591127 574669    infeasible            932.0000      881.7083 1.36e+08    5.40%
 1600301 576668      889.1429   110      932.0000      882.1111 1.36e+08    5.35%
 1607965 578672      925.1667   165      932.0000      882.2500 1.37e+08    5.34%
 1617470 580431      916.2000   171      932.0000      882.4167 1.38e+08    5.32%
 1623731 581753      913.2500   220      932.0000      882.6429 1.38e+08    5.30%
 1632656 583718      888.3333   135      932.0000      882.9545 1.39e+08    5.26%
 1640434 585244      920.3409   268      932.0000      883.1000 1.39e+08    5.25%
 1647801 587083      905.3590   331      932.0000      883.2500 1.40e+08    5.23%
 1658129 588942      926.7679   187      932.0000      883.4242 1.40e+08    5.21%
                                                    Covers: 1                  
Elapsed time = 3192.02 sec. (993189.91 ticks, tree = 25921.67 MB, solutions = 29)
Nodefile size = 25786.11 MB (16953.94 MB after compression)
 1663912 590008        cutoff            932.0000      883.7227 1.41e+08    5.18%
 1673935 592140        cutoff            932.0000      883.9394 1.41e+08    5.16%
                                                    Covers: 1                  
 1680631 593506      909.8056   303      932.0000      884.0952 1.42e+08    5.14%
                                                  ZeroHalf: 1                  
 1689556 595754      894.7381   173      932.0000      884.2222 1.42e+08    5.13%
                                                    Covers: 1                  
 1698537 597224      909.5000   120      932.0000      884.5500 1.43e+08    5.09%
 1705664 598680      922.4750   304      932.0000      884.6667 1.43e+08    5.08%
 1716708 601046        cutoff            932.0000      884.8333 1.44e+08    5.06%
 1723847 602519      930.6667   151      932.0000      885.0000 1.45e+08    5.04%
 1733410 604981        cutoff            932.0000      885.2667 1.45e+08    5.01%
 1740170 606157      924.0000   209      932.0000      885.5000 1.45e+08    4.99%
Elapsed time = 3343.08 sec. (1031947.06 ticks, tree = 26196.32 MB, solutions = 29)
Nodefile size = 26066.64 MB (17069.45 MB after compression)
 1749708 607941      900.9500   152      932.0000      885.5833 1.46e+08    4.98%
 1758966 609873      920.0000   146      932.0000      885.9333 1.47e+08    4.94%
 1766641 610817        cutoff            932.0000      886.0833 1.47e+08    4.93%
 1775973 613017        cutoff            932.0000      886.1667 1.48e+08    4.92%
 1782680 614348      916.5333   117      932.0000      886.3333 1.48e+08    4.90%
 1792728 616109        cutoff            932.0000      886.6667 1.49e+08    4.86%
 1801171 617621      889.2857   150      932.0000      886.8000 1.49e+08    4.85%
 1810573 618968      915.5000   284      932.0000      886.9394 1.50e+08    4.83%
 1819477 620499      913.5833   242      932.0000      887.2500 1.50e+08    4.80%
 1827654 622402      888.2500   175      932.0000      887.3333 1.51e+08    4.79%
                                                    Covers: 1                  
Elapsed time = 3490.18 sec. (1070443.18 ticks, tree = 26160.41 MB, solutions = 29)
Nodefile size = 26029.23 MB (17000.56 MB after compression)
 1836299 623846      922.6429    97      932.0000      887.5000 1.51e+08    4.77%
 1846016 625717      888.0333   135      932.0000      887.7690 1.52e+08    4.75%
 1855670 627600      922.6000   155      932.0000      887.9870 1.53e+08    4.72%
                                                    Covers: 1                  
 1862820 628896      891.5873   190      932.0000      888.0000 1.53e+08    4.72%
 1874327 631503        cutoff            932.0000      888.1833 1.54e+08    4.70%
 1881992 632528        cutoff            932.0000      888.5000 1.54e+08    4.67%
 1889641 633963        cutoff            932.0000      888.5952 1.55e+08    4.66%
 1899515 635620      929.7500   232      932.0000      888.7500 1.55e+08    4.64%
 1906790 636530        cutoff            932.0000      889.0000 1.56e+08    4.61%
 1916467 638559      893.0000   144      932.0000      889.1429 1.56e+08    4.60%
Elapsed time = 3647.17 sec. (1109238.21 ticks, tree = 26641.04 MB, solutions = 29)
Nodefile size = 26510.61 MB (17249.52 MB after compression)
 1924991 640241        cutoff            932.0000      889.3333 1.57e+08    4.58%
 1934756 641208      914.1429   163      932.0000      889.5333 1.57e+08    4.56%
 1944321 642778      922.2000   209      932.0000      889.6667 1.58e+08    4.54%
 1952389 644164    infeasible            932.0000      889.7833 1.58e+08    4.53%
 1961837 645034      921.6786   208      932.0000      890.0000 1.59e+08    4.51%
 1969761 646562    infeasible            932.0000      890.1667 1.59e+08    4.49%
 1980537 648606      913.4167   196      932.0000      890.3333 1.60e+08    4.47%
 1987830 649334        cutoff            932.0000      890.4667 1.60e+08    4.46%
 1996684 650674      926.6500   132      932.0000      890.6667 1.61e+08    4.43%
 2006689 652264      927.9500   239      932.0000      890.8500 1.61e+08    4.42%
Elapsed time = 3800.25 sec. (1147926.91 ticks, tree = 26700.12 MB, solutions = 29)
Nodefile size = 26570.25 MB (17237.76 MB after compression)
 2013126 652779        cutoff            932.0000      891.0000 1.62e+08    4.40%
 2024066 654686        cutoff            932.0000      891.2000 1.62e+08    4.38%
 2034262 656508        cutoff            932.0000      891.3333 1.63e+08    4.36%
 2042200 657077      911.0659   166      932.0000      891.4762 1.63e+08    4.35%
 2053088 658991        cutoff            932.0000      891.6667 1.64e+08    4.33%
 2062377 660407        cutoff            932.0000      891.8333 1.64e+08    4.31%
 2070900 661463      921.9107   208      932.0000      891.9429 1.65e+08    4.30%
 2079907 662840      925.1667   195      932.0000      892.1111 1.66e+08    4.28%
                                                    Covers: 1                  
 2090761 664752      909.0000   134      932.0000      892.2500 1.66e+08    4.27%
 2099355 665662      930.5000   183      932.0000      892.3750 1.67e+08    4.25%
Elapsed time = 3961.99 sec. (1187173.85 ticks, tree = 26808.92 MB, solutions = 29)
Nodefile size = 26680.55 MB (17252.75 MB after compression)
 2108293 666434      913.9011   217      932.0000      892.6061 1.67e+08    4.23%
 2115354 666991      914.0769   227      932.0000      892.7500 1.67e+08    4.21%
 2127849 668575      904.8667   199      932.0000      893.0000 1.68e+08    4.18%
 2136117 668907      920.6333   209      932.0000      893.0833 1.69e+08    4.18%
 2145944 670308        cutoff            932.0000      893.1667 1.69e+08    4.17%
 2154968 672081      916.1611   171      932.0000      893.3333 1.70e+08    4.15%
                                                  ZeroHalf: 1                  
 2166011 672924    infeasible            932.0000      893.5000 1.70e+08    4.13%
 2173484 673855      930.0769   141      932.0000      893.6429 1.71e+08    4.12%
 2183167 674764      920.0139   302      932.0000      893.8333 1.71e+08    4.10%
 2192936 676578        cutoff            932.0000      894.0000 1.72e+08    4.08%
Elapsed time = 4115.91 sec. (1225999.91 ticks, tree = 26775.33 MB, solutions = 29)
Nodefile size = 26646.22 MB (17188.40 MB after compression)
 2203028 677791      904.9444   160      932.0000      894.0000 1.72e+08    4.08%
 2210183 678331        cutoff            932.0000      894.2500 1.73e+08    4.05%
 2221632 680045      912.7143   241      932.0000      894.3333 1.73e+08    4.04%
 2231940 680849      929.6190   246      932.0000      894.5000 1.74e+08    4.02%
                                                    Covers: 1                  
 2239147 681485      905.2486   257      932.0000      894.6667 1.74e+08    4.01%
 2248387 682719        cutoff            932.0000      894.8242 1.75e+08    3.99%
 2259077 684594      921.0000   145      932.0000      895.0000 1.75e+08    3.97%
                                                    Covers: 1                  
 2268848 685609        cutoff            932.0000      895.0823 1.76e+08    3.96%
 2277703 686309      918.7667   172      932.0000      895.1667 1.76e+08    3.95%
 2287370 687658    infeasible            932.0000      895.3333 1.77e+08    3.93%
                                                    Covers: 1                  
Elapsed time = 4268.29 sec. (1264593.67 ticks, tree = 26557.12 MB, solutions = 29)
Nodefile size = 26427.54 MB (17022.02 MB after compression)
 2298436 688364      895.5833   148      932.0000      895.5000 1.78e+08    3.92%
 2305735 689220      909.8000   182      932.0000      895.6000 1.78e+08    3.91%
 2316206 690104      911.0032   158      932.0000      895.8000 1.79e+08    3.88%
 2325612 691369        cutoff            932.0000      895.9333 1.79e+08    3.87%
 2333911 691773    infeasible            932.0000      896.0500 1.80e+08    3.86%
 2343893 692992      929.1167   181      932.0000      896.1500 1.80e+08    3.85%
 2354444 694707        cutoff            932.0000      896.3333 1.81e+08    3.83%
 2363783 695589        cutoff            932.0000      896.4762 1.81e+08    3.81%
 2373158 696081      900.1667   127      932.0000      896.5000 1.82e+08    3.81%
 2383197 696618      909.3333   100      932.0000      896.7500 1.82e+08    3.78%
Elapsed time = 4421.02 sec. (1303005.91 ticks, tree = 26412.77 MB, solutions = 29)
Nodefile size = 26283.38 MB (16898.52 MB after compression)
 2393922 697701      917.7500   247      932.0000      896.8571 1.83e+08    3.77%
 2401052 698488        cutoff            932.0000      897.0000 1.83e+08    3.76%
 2412272 699700      901.5000   107      932.0000      897.1190 1.84e+08    3.74%
 2422803 700593      905.8333   144      932.0000      897.2333 1.84e+08    3.73%
 2430719 701728        cutoff            932.0000      897.3333 1.85e+08    3.72%
                                                    Covers: 2                  
 2440801 702178      906.5556   144      932.0000      897.5000 1.85e+08    3.70%
 2451038 703160      922.3524   180      932.0000      897.5833 1.86e+08    3.69%
 2460538 703711      908.4924   234      932.0000      897.7634 1.86e+08    3.67%
 2469887 704380      899.2600    72      932.0000      897.8352 1.87e+08    3.67%
 2480179 705657      918.1429   149      932.0000      898.0000 1.87e+08    3.65%
                                                    Covers: 1                  
Elapsed time = 4582.75 sec. (1341708.37 ticks, tree = 26276.89 MB, solutions = 29)
Nodefile size = 26148.37 MB (16786.34 MB after compression)
 2489670 706839        cutoff            932.0000      898.1000 1.88e+08    3.64%
 2500567 707310      918.4762   128      932.0000      898.2000 1.88e+08    3.63%
 2509748 708329        cutoff            932.0000      898.3333 1.89e+08    3.61%
 2518467 708741        cutoff            932.0000      898.4762 1.89e+08    3.60%
 2528679 709342    infeasible            932.0000      898.6500 1.90e+08    3.58%
 2539203 709504      905.0667   140      932.0000      898.7429 1.90e+08    3.57%
 2549050 710158      911.5000    77      932.0000      898.8333 1.91e+08    3.56%
 2559018 711611      912.1111   236      932.0000      899.0000 1.91e+08    3.54%
 2566948 711878        cutoff            932.0000      899.0476 1.92e+08    3.54%
 2578340 712757        cutoff            932.0000      899.2333 1.92e+08    3.52%
Elapsed time = 4733.61 sec. (1379939.60 ticks, tree = 26096.87 MB, solutions = 29)
Nodefile size = 25968.39 MB (16644.42 MB after compression)
 2588050 713892        cutoff            932.0000      899.3333 1.93e+08    3.51%
 2598933 714642      899.5000   115      932.0000      899.4762 1.93e+08    3.49%
 2608171 714453        cutoff            932.0000      899.5655 1.94e+08    3.48%
 2619294 714919      921.0000   164      932.0000      899.7167 1.95e+08    3.46%
 2628287 715451        cutoff            932.0000      899.8333 1.95e+08    3.45%
 2640447 717236        cutoff            932.0000      900.0000 1.96e+08    3.43%
                                                    Covers: 2                  
 2649687 717037      909.9469   167      932.0000      900.0263 1.96e+08    3.43%
 2660978 717817      903.8000   207      932.0000      900.2020 1.97e+08    3.41%
 2672134 718688      929.0000   123      932.0000      900.2976 1.97e+08    3.40%
 2682345 719087      915.0889   172      932.0000      900.4250 1.98e+08    3.39%
Elapsed time = 4896.05 sec. (1419841.66 ticks, tree = 25712.85 MB, solutions = 29)
Nodefile size = 25583.67 MB (16384.53 MB after compression)
 2690391 719281      930.6583   190      932.0000      900.5000 1.98e+08    3.38%
 2701828 720050        cutoff            932.0000      900.6667 1.99e+08    3.36%
 2711151 720027      917.3333   153      932.0000      900.7333 1.99e+08    3.35%
 2721983 720566      910.3000    67      932.0000      900.9167 2.00e+08    3.34%
 2731552 721886        cutoff            932.0000      901.0000 2.00e+08    3.33%
 2741785 721606        cutoff            932.0000      901.1126 2.01e+08    3.31%
 2753980 722610        cutoff            932.0000      901.1905 2.01e+08    3.31%
 2763952 723586      902.3333   165      932.0000      901.2679 2.02e+08    3.30%
 2773562 723466        cutoff            932.0000      901.4167 2.02e+08    3.28%
 2784235 723838      923.5833   200      932.0000      901.4915 2.03e+08    3.27%
Elapsed time = 5046.49 sec. (1458582.91 ticks, tree = 25144.11 MB, solutions = 29)
Nodefile size = 25011.48 MB (16009.55 MB after compression)
 2793919 724278        cutoff            932.0000      901.6429 2.03e+08    3.26%
 2803431 724282      904.1310   182      932.0000      901.6929 2.04e+08    3.25%
 2814692 724351        cutoff            932.0000      901.8571 2.05e+08    3.23%
 2824116 725670      907.0000   149      932.0000      902.0000 2.05e+08    3.22%
 2833623 725217      905.5556   345      932.0000      902.0762 2.06e+08    3.21%
 2845549 725675        cutoff            932.0000      902.1429 2.06e+08    3.20%
 2855038 725903      930.3333   101      932.0000      902.2917 2.07e+08    3.19%
 2866239 725741      912.9405   130      932.0000      902.3333 2.07e+08    3.18%
 2874004 725636      918.9667   269      932.0000      902.5000 2.08e+08    3.17%
 2884585 726049      914.4167   156      932.0000      902.5833 2.08e+08    3.16%
Elapsed time = 5197.49 sec. (1496953.73 ticks, tree = 24515.93 MB, solutions = 29)
Nodefile size = 24387.45 MB (15599.18 MB after compression)
 2895062 725597        cutoff            932.0000      902.7222 2.09e+08    3.14%
 2903515 725740      914.3571   142      932.0000      902.8333 2.09e+08    3.13%
 2914878 727025        cutoff            932.0000      903.0000 2.10e+08    3.11%
 2923512 726581        cutoff            932.0000      903.0000 2.10e+08    3.11%
 2934447 726678      917.6429   168      932.0000      903.1389 2.11e+08    3.10%
 2946377 726468        cutoff            932.0000      903.2000 2.11e+08    3.09%
 2957557 726639      923.0333   172      932.0000      903.3333 2.12e+08    3.08%
                                                    Covers: 1                  
 2966810 726378      904.1126   128      932.0000      903.3584 2.12e+08    3.07%
 2976832 726102      924.5833   149      932.0000      903.5556 2.13e+08    3.05%
 2986784 726213      929.0000   175      932.0000      903.6667 2.13e+08    3.04%
Elapsed time = 5358.78 sec. (1535600.74 ticks, tree = 24238.15 MB, solutions = 29)
Nodefile size = 24109.53 MB (15396.30 MB after compression)
 2997016 725866        cutoff            932.0000      903.7500 2.14e+08    3.03%
                                                    Covers: 1                  
 3008851 725563      927.2944   140      932.0000      903.8500 2.14e+08    3.02%
 3018197 727526        cutoff            932.0000      903.9603 2.15e+08    3.01%
 3026682 726565      913.3440   225      932.0000      904.0000 2.15e+08    3.00%
 3038701 726566      915.2667   131      932.0000      904.1667 2.16e+08    2.99%
 3048295 726088    infeasible            932.0000      904.2222 2.16e+08    2.98%
 3059965 725991      917.0119   150      932.0000      904.3333 2.17e+08    2.97%
 3069755 725867      908.5000   100      932.0000      904.4389 2.17e+08    2.96%
 3080973 725491        cutoff            932.0000      904.5500 2.18e+08    2.95%
 3091019 725495      905.3229   259      932.0000      904.6389 2.18e+08    2.94%
Elapsed time = 5503.22 sec. (1573919.92 ticks, tree = 23546.82 MB, solutions = 29)
Nodefile size = 23415.60 MB (14945.27 MB after compression)
 3100072 725080      907.9762   147      932.0000      904.7500 2.19e+08    2.92%
 3112652 724881      909.3333   167      932.0000      904.8333 2.19e+08    2.91%
 3121534 726400      920.3750    67      932.0000      905.0000 2.20e+08    2.90%
 3129494 725796        cutoff            932.0000      905.0000 2.20e+08    2.90%
 3141483 725175      909.8929   160      932.0000      905.1333 2.21e+08    2.88%
 3153591 724599      921.5625   315      932.0000      905.1905 2.21e+08    2.88%
 3163977 724488        cutoff            932.0000      905.3333 2.21e+08    2.86%
 3173485 724045        cutoff            932.0000      905.3333 2.22e+08    2.86%
 3183845 723570        cutoff            932.0000      905.5000 2.22e+08    2.84%
 3194773 723042      917.4762   131      932.0000      905.5429 2.23e+08    2.84%
Elapsed time = 5661.74 sec. (1612477.75 ticks, tree = 22813.33 MB, solutions = 29)
Nodefile size = 22679.64 MB (14471.78 MB after compression)
 3205877 722395      922.9318   194      932.0000      905.6667 2.24e+08    2.83%
 3215633 722054      915.5000   119      932.0000      905.7667 2.24e+08    2.81%
 3225830 721217        cutoff            932.0000      905.9167 2.25e+08    2.80%
 3236638 722712      907.0000   147      932.0000      906.0000 2.25e+08    2.79%
 3246151 721681      925.0000   142      932.0000      906.0238 2.26e+08    2.79%
 3256827 721070      908.6778   233      932.0000      906.1667 2.26e+08    2.77%
 3267731 720304      916.0667   152      932.0000      906.2115 2.27e+08    2.77%
 3278720 719523        cutoff            932.0000      906.3333 2.27e+08    2.75%
 3289144 718872      916.7241    99      932.0000      906.3929 2.28e+08    2.75%
 3298807 718166        cutoff            932.0000      906.5000 2.28e+08    2.74%
Elapsed time = 5812.33 sec. (1650914.79 ticks, tree = 22148.85 MB, solutions = 29)
Nodefile size = 22019.08 MB (14043.38 MB after compression)
 3311802 717751      906.6667   158      932.0000      906.5873 2.29e+08    2.73%
 3320812 716813      918.0000   139      932.0000      906.7381 2.29e+08    2.71%
 3332131 715896      910.3667   207      932.0000      906.8571 2.30e+08    2.70%
 3342679 716170      918.3000   145      932.0000      906.9333 2.30e+08    2.69%
 3352437 716374        cutoff            932.0000      907.0000 2.31e+08    2.68%
 3361005 715237      924.0286   116      932.0000      907.0000 2.31e+08    2.68%
 3372955 714086      929.5833   184      932.0000      907.1833 2.32e+08    2.66%
 3385177 713191        cutoff            932.0000      907.2500 2.32e+08    2.66%
 3394769 712005      929.8333   276      932.0000      907.3333 2.33e+08    2.65%
 3404833 711262      920.0000    81      932.0000      907.4167 2.33e+08    2.64%
Elapsed time = 5968.86 sec. (1689332.77 ticks, tree = 21364.26 MB, solutions = 29)
Nodefile size = 21236.59 MB (13547.85 MB after compression)
 3414033 710166        cutoff            932.0000      907.5139 2.34e+08    2.63%
 3426543 709096      917.6667   176      932.0000      907.6667 2.34e+08    2.61%
 3435495 708060      927.6875   367      932.0000      907.7083 2.35e+08    2.61%
 3448265 706745        cutoff            932.0000      907.8333 2.35e+08    2.59%
 3458122 706720      929.6304   105      932.0000      908.0000 2.36e+08    2.58%
 3468999 707005      922.0000   181      932.0000      908.0000 2.36e+08    2.58%
 3478263 705667      922.3111   264      932.0000      908.0833 2.37e+08    2.57%
 3490021 704460      924.7000   119      932.0000      908.1429 2.37e+08    2.56%
 3499935 703401      916.6000    68      932.0000      908.2500 2.38e+08    2.55%
 3512763 702291      915.6615   130      932.0000      908.3333 2.38e+08    2.54%
Elapsed time = 6119.68 sec. (1727923.58 ticks, tree = 20330.28 MB, solutions = 29)
Nodefile size = 20202.23 MB (12893.26 MB after compression)
 3522042 701322    infeasible            932.0000      908.4015 2.39e+08    2.53%
 3533338 700542        cutoff            932.0000      908.5476 2.39e+08    2.52%
 3544816 699541      916.3889   134      932.0000      908.6000 2.40e+08    2.51%
 3554778 698081      915.2556   144      932.0000      908.7333 2.40e+08    2.50%
 3566049 696866      914.5686   188      932.0000      908.8333 2.41e+08    2.49%
 3576131 695739      910.4167    56      932.0000      908.9333 2.41e+08    2.47%
 3587259 696796        cutoff            932.0000      909.0000 2.42e+08    2.47%
 3595299 695245        cutoff            932.0000      909.0000 2.42e+08    2.47%
 3608703 693609        cutoff            932.0000      909.1429 2.43e+08    2.45%
 3617875 692603        cutoff            932.0000      909.2500 2.43e+08    2.44%
Elapsed time = 6268.49 sec. (1766555.79 ticks, tree = 19436.44 MB, solutions = 29)
Nodefile size = 19307.56 MB (12325.38 MB after compression)
 3630504 691188      917.0952   204      932.0000      909.3333 2.44e+08    2.43%
 3640030 689737        cutoff            932.0000      909.4000 2.44e+08    2.42%
 3651935 688311      921.3929   168      932.0000      909.5000 2.45e+08    2.41%
 3661580 687292      910.6296   195      932.0000      909.5833 2.45e+08    2.41%
 3671300 685909        cutoff            932.0000      909.6667 2.46e+08    2.40%
 3683238 684500        cutoff            932.0000      909.7500 2.46e+08    2.39%
 3694327 682977      918.1333   182      932.0000      909.8929 2.47e+08    2.37%
 3704467 683519      931.0000    28      932.0000      909.9621 2.47e+08    2.36%
 3713938 682994        cutoff            932.0000      910.0000 2.48e+08    2.36%
 3724031 681079        cutoff            932.0000      910.0833 2.48e+08    2.35%
Elapsed time = 6414.36 sec. (1804935.93 ticks, tree = 18512.71 MB, solutions = 29)
Nodefile size = 18384.18 MB (11738.37 MB after compression)
 3736610 679253        cutoff            932.0000      910.1538 2.49e+08    2.34%
 3745975 677799      915.8750    81      932.0000      910.2564 2.49e+08    2.33%
 3758723 675866      913.0897   122      932.0000      910.3333 2.50e+08    2.32%
 3768125 674456      916.6190   128      932.0000      910.4000 2.50e+08    2.32%
 3779704 672925        cutoff            932.0000      910.5000 2.51e+08    2.31%
 3791532 671539        cutoff            932.0000      910.6667 2.51e+08    2.29%
 3801468 669879        cutoff            932.0000      910.7000 2.52e+08    2.29%
 3813245 668114      916.3333   250      932.0000      910.8333 2.52e+08    2.27%
 3824142 666070      920.1905   108      932.0000      910.9583 2.53e+08    2.26%
 3833063 667958      928.0000   134      932.0000      911.0000 2.53e+08    2.25%
Elapsed time = 6566.59 sec. (1843684.29 ticks, tree = 17634.09 MB, solutions = 29)
Nodefile size = 17505.26 MB (11179.06 MB after compression)
 3843410 665606      920.5000    87      932.0000      911.0000 2.54e+08    2.25%
 3856032 663632        cutoff            932.0000      911.1429 2.54e+08    2.24%
 3867022 661984        cutoff            932.0000      911.2083 2.55e+08    2.23%
 3878919 660089      916.9333   138      932.0000      911.3333 2.55e+08    2.22%
 3888312 658297      927.4103   143      932.0000      911.3333 2.56e+08    2.22%
 3900349 656767      920.5000   162      932.0000      911.4792 2.56e+08    2.20%
 3910648 654780      922.9484   208      932.0000      911.5833 2.57e+08    2.19%
 3920679 652839      921.1905   202      932.0000      911.6611 2.58e+08    2.18%
 3932741 650631        cutoff            932.0000      911.7500 2.58e+08    2.17%
 3941972 648714      926.7184   117      932.0000      911.8500 2.58e+08    2.16%
Elapsed time = 6709.95 sec. (1882223.48 ticks, tree = 16400.99 MB, solutions = 29)
Nodefile size = 16271.34 MB (10403.74 MB after compression)
 3953967 648171      916.8079   147      932.0000      911.9343 2.59e+08    2.15%
 3962887 647993      920.6667    40      932.0000      912.0000 2.59e+08    2.15%
 3974277 645174        cutoff            932.0000      912.0833 2.60e+08    2.14%
 3985760 642828        cutoff            932.0000      912.1429 2.60e+08    2.13%
 3996283 640747        cutoff            932.0000      912.2500 2.61e+08    2.12%
 4008740 638454      927.6667   165      932.0000      912.3333 2.61e+08    2.11%
 4018537 636218      922.5556   119      932.0000      912.3571 2.62e+08    2.11%
 4030481 634363      915.4048   121      932.0000      912.5000 2.62e+08    2.09%
 4041109 632237      922.8929   131      932.0000      912.6250 2.63e+08    2.08%
 4050569 630034      925.1667    59      932.0000      912.6667 2.63e+08    2.07%
Elapsed time = 6855.06 sec. (1920454.85 ticks, tree = 15366.17 MB, solutions = 29)
Nodefile size = 15238.49 MB (9748.40 MB after compression)
 4062066 627722        cutoff            932.0000      912.7778 2.64e+08    2.06%
 4073949 624817        cutoff            932.0000      912.9333 2.64e+08    2.05%
 4082760 625131      914.8333    98      932.0000      913.0000 2.65e+08    2.04%
 4092743 624065        cutoff            932.0000      913.0000 2.65e+08    2.04%
 4103120 621371      924.2500   220      932.0000      913.0833 2.66e+08    2.03%
 4116328 618197      915.8889   218      932.0000      913.1429 2.66e+08    2.02%
 4125721 616075      921.7500    74      932.0000      913.2500 2.67e+08    2.01%
 4138371 612835      920.0000    79      932.0000      913.3556 2.67e+08    2.00%
 4149050 610845      914.0000    65      932.0000      913.4038 2.68e+08    2.00%
 4159143 608385      922.2667   203      932.0000      913.5333 2.68e+08    1.98%
Elapsed time = 6996.77 sec. (1958797.00 ticks, tree = 14292.51 MB, solutions = 29)
Nodefile size = 14164.00 MB (9077.45 MB after compression)
 4171662 605770    infeasible            932.0000      913.6667 2.69e+08    1.97%
 4181468 603280      931.0000    35      932.0000      913.6667 2.69e+08    1.97%
 4194142 600014      913.8750    45      932.0000      913.8333 2.70e+08    1.95%
 4203182 598067      920.8077   131      932.0000      913.9500 2.70e+08    1.94%
 4214298 599173    infeasible            932.0000      914.0000 2.71e+08    1.93%
 4222456 596565        cutoff            932.0000      914.0000 2.71e+08    1.93%
 4234996 593260      922.1538   119      932.0000      914.1429 2.72e+08    1.92%
 4245402 590434        cutoff            932.0000      914.1746 2.72e+08    1.91%
 4256577 587737      920.7639   211      932.0000      914.3333 2.73e+08    1.90%
 4267410 584431      926.2000    82      932.0000      914.4000 2.73e+08    1.89%
Elapsed time = 7138.46 sec. (1997038.35 ticks, tree = 13165.60 MB, solutions = 29)
Nodefile size = 13037.71 MB (8377.95 MB after compression)
 4278944 581837      929.5000   163      932.0000      914.5000 2.74e+08    1.88%
 4289064 579177      925.4429   117      932.0000      914.5476 2.74e+08    1.87%
 4298809 576462      915.3590   264      932.0000      914.6667 2.75e+08    1.86%
 4311576 573070      939.3333   141      932.0000      914.8000 2.75e+08    1.85%
 4322918 569663      929.1524   197      932.0000      914.9167 2.76e+08    1.83%
 4332306 569728        cutoff            932.0000      915.0000 2.76e+08    1.82%
 4343840 567294      922.5000   194      932.0000      915.0000 2.77e+08    1.82%
 4354081 564243      917.9839   131      932.0000      915.1000 2.77e+08    1.81%
 4363496 561385      930.2045   178      932.0000      915.1667 2.78e+08    1.81%
 4377406 557755        cutoff            932.0000      915.2857 2.78e+08    1.79%
Elapsed time = 7275.88 sec. (2035541.40 ticks, tree = 11947.29 MB, solutions = 29)
Nodefile size = 11817.98 MB (7620.20 MB after compression)
 4388534 554090      925.2619   348      932.0000      915.3750 2.79e+08    1.78%
 4400262 551718      927.3333   163      932.0000      915.5000 2.79e+08    1.77%
 4410024 548523        cutoff            932.0000      915.5394 2.80e+08    1.77%
 4420139 545377        cutoff            932.0000      915.6667 2.80e+08    1.75%
 4431795 541824      924.1012   149      932.0000      915.7667 2.81e+08    1.74%
 4444703 537544        cutoff            932.0000      915.9333 2.81e+08    1.72%
 4454228 537454      923.0000    66      932.0000      916.0000 2.82e+08    1.72%
 4464256 535622      919.0000   194      932.0000      916.0000 2.82e+08    1.72%
 4476275 531417      923.4762   111      932.0000      916.0909 2.83e+08    1.71%
 4488000 527736      920.1111    86      932.0000      916.2222 2.83e+08    1.69%
Elapsed time = 7424.88 sec. (2074317.29 ticks, tree = 10790.61 MB, solutions = 29)
Nodefile size = 10662.08 MB (6892.26 MB after compression)
 4498630 524277      920.2222   120      932.0000      916.2679 2.84e+08    1.69%
 4508898 520255        cutoff            932.0000      916.3571 2.84e+08    1.68%
 4521728 516727      916.5000   163      932.0000      916.5000 2.85e+08    1.66%
 4532273 512932        cutoff            932.0000      916.6000 2.85e+08    1.65%
 4541566 509679        cutoff            932.0000      916.6667 2.86e+08    1.65%
 4554548 505207      922.6667   115      932.0000      916.7692 2.86e+08    1.63%
 4566748 500601      927.7302   182      932.0000      916.9167 2.87e+08    1.62%
 4576472 500667      925.8750    69      932.0000      917.0000 2.87e+08    1.61%
 4585579 498315        cutoff            932.0000      917.0000 2.88e+08    1.61%
 4596474 494154      919.2143   122      932.0000      917.1000 2.88e+08    1.60%
Elapsed time = 7556.42 sec. (2112705.75 ticks, tree = 9563.43 MB, solutions = 29)
Nodefile size = 9435.55 MB (6122.29 MB after compression)
 4607180 490256        cutoff            932.0000      917.1736 2.89e+08    1.59%
 4620149 485276      928.3333   127      932.0000      917.3333 2.89e+08    1.57%
 4629857 481166      924.7143    90      932.0000      917.3750 2.90e+08    1.57%
 4642733 476564        cutoff            932.0000      917.5000 2.90e+08    1.56%
 4653372 472507        cutoff            932.0000      917.6222 2.91e+08    1.54%
 4663650 468574      922.0455    97      932.0000      917.7143 2.91e+08    1.53%
 4676747 463177        cutoff            932.0000      917.8667 2.92e+08    1.52%
 4686814 460520      919.5250   146      932.0000      917.9706 2.92e+08    1.51%
 4697457 459713      919.0000   118      932.0000      918.0000 2.93e+08    1.50%
 4707806 455253      928.0625    71      932.0000      918.0119 2.93e+08    1.50%
Elapsed time = 7690.06 sec. (2151073.68 ticks, tree = 8217.46 MB, solutions = 29)
Nodefile size = 8088.92 MB (5277.03 MB after compression)
 4718728 450836        cutoff            932.0000      918.1607 2.94e+08    1.48%
 4730146 446291      927.7872   125      932.0000      918.3077 2.94e+08    1.47%
 4742995 441133      925.4000   161      932.0000      918.3333 2.95e+08    1.47%
 4753233 437486      923.5000   131      932.0000      918.4762 2.95e+08    1.45%
 4763932 432685      928.4211    86      932.0000      918.5714 2.96e+08    1.44%
 4776285 427258        cutoff            932.0000      918.7143 2.96e+08    1.43%
 4787342 422381      923.1154   141      932.0000      918.7630 2.97e+08    1.42%
 4798057 418568        cutoff            932.0000      918.9242 2.97e+08    1.40%
 4807583 417880      921.7000    78      932.0000      919.0000 2.98e+08    1.39%
 4817622 413763      920.6667    72      932.0000      919.0000 2.98e+08    1.39%
Elapsed time = 7822.13 sec. (2189420.63 ticks, tree = 7172.72 MB, solutions = 29)
Nodefile size = 7044.15 MB (4618.06 MB after compression)
 4828392 408906        cutoff            932.0000      919.1111 2.99e+08    1.38%
 4839998 403797      921.8652   140      932.0000      919.2500 2.99e+08    1.37%
 4851643 398164        cutoff            932.0000      919.3333 3.00e+08    1.36%
 4863129 393471        cutoff            932.0000      919.5000 3.00e+08    1.34%
 4874132 388102      924.3333    53      932.0000      919.6250 3.01e+08    1.33%
 4885224 382770      922.7564   160      932.0000      919.7500 3.01e+08    1.31%
 4897786 376697        cutoff            932.0000      919.8333 3.02e+08    1.31%
 4907339 374956      930.0000    51      932.0000      920.0000 3.02e+08    1.29%
 4917339 372006      926.6667   171      932.0000      920.0000 3.03e+08    1.29%
 4928931 365857      935.6500   171      932.0000      920.1429 3.03e+08    1.27%
Elapsed time = 7951.76 sec. (2227668.21 ticks, tree = 6023.93 MB, solutions = 29)
Nodefile size = 5895.13 MB (3891.76 MB after compression)
 4939951 360555        cutoff            932.0000      920.2857 3.04e+08    1.26%
 4950300 355369      928.6667    95      932.0000      920.3333 3.04e+08    1.25%
 4963094 349434      920.6667   194      932.0000      920.5000 3.05e+08    1.23%
 4973740 343931      925.5397   135      932.0000      920.6000 3.05e+08    1.22%
 4984718 338127        cutoff            932.0000      920.7500 3.06e+08    1.21%
 4997228 332043      924.8158   102      932.0000      920.9833 3.06e+08    1.18%
 5007169 330688      924.5000    80      932.0000      921.0000 3.07e+08    1.18%
 5016142 326769      928.3106   267      932.0000      921.0000 3.07e+08    1.18%
 5027532 320460      921.7000   106      932.0000      921.1494 3.08e+08    1.16%
 5040665 313824    infeasible            932.0000      921.3333 3.08e+08    1.14%
Elapsed time = 8086.24 sec. (2265919.27 ticks, tree = 5042.95 MB, solutions = 29)
Nodefile size = 4914.97 MB (3266.13 MB after compression)
 5051983 307805      923.2500    62      932.0000      921.4429 3.09e+08    1.13%
 5063399 301672      929.0000    47      932.0000      921.6000 3.09e+08    1.12%
 5075050 295200    infeasible            932.0000      921.7500 3.10e+08    1.10%
 5084698 289956        cutoff            932.0000      921.8750 3.10e+08    1.09%
 5096486 286999      930.6667    44      932.0000      922.0000 3.11e+08    1.07%
 5106013 282038      923.0714   212      932.0000      922.0000 3.11e+08    1.07%
 5118180 274831      926.2500   158      932.0000      922.2500 3.12e+08    1.05%
 5130956 267030        cutoff            932.0000      922.3750 3.12e+08    1.03%
 5141195 261527        cutoff            932.0000      922.5000 3.13e+08    1.02%
 5153096 254189        cutoff            932.0000      922.6667 3.13e+08    1.00%
Elapsed time = 8217.24 sec. (2304317.67 ticks, tree = 4046.84 MB, solutions = 29)
Nodefile size = 3918.30 MB (2620.71 MB after compression)
 5164088 247236        cutoff            932.0000      922.8333 3.14e+08    0.98%
 5173839 244192        cutoff            932.0000      923.0000 3.14e+08    0.97%
 5183304 239152      927.1667    48      932.0000      923.0000 3.15e+08    0.97%
 5196171 230774        cutoff            932.0000      923.2759 3.15e+08    0.94%
 5209148 222597        cutoff            932.0000      923.5000 3.16e+08    0.91%
 5220270 215473        cutoff            932.0000      923.5429 3.16e+08    0.91%
 5231582 207864        cutoff            932.0000      923.7714 3.17e+08    0.88%
 5242030 203875        cutoff            932.0000      924.0000 3.17e+08    0.86%
 5252730 197161      930.2000   119      932.0000      924.0556 3.18e+08    0.85%
 5264714 188924      927.6667   131      932.0000      924.3333 3.18e+08    0.82%
Elapsed time = 8344.03 sec. (2342524.98 ticks, tree = 3046.32 MB, solutions = 29)
Nodefile size = 2917.77 MB (1969.36 MB after compression)
 5276549 180628        cutoff            932.0000      924.5000 3.19e+08    0.80%
 5288678 172096      930.4762   140      932.0000      924.7917 3.19e+08    0.77%
 5299183 166483      928.6667    59      932.0000      924.9375 3.20e+08    0.76%
 5309819 160216        cutoff            932.0000      925.0000 3.20e+08    0.75%
 5322799 150424        cutoff            932.0000      925.3333 3.21e+08    0.72%
 5332397 142869      926.0000    71      932.0000      925.5500 3.21e+08    0.69%
 5346007 133136      926.2045   197      932.0000      925.9444 3.22e+08    0.65%
 5357103 127130        cutoff            932.0000      926.0000 3.22e+08    0.64%
 5370251 116264        cutoff            932.0000      926.3636 3.22e+08    0.60%
 5381706 106928      926.7500   151      932.0000      926.5500 3.23e+08    0.58%
Elapsed time = 8472.70 sec. (2380830.70 ticks, tree = 1779.96 MB, solutions = 29)
Nodefile size = 1651.71 MB (1129.62 MB after compression)
 5393050 98876      928.3846    48      932.0000      927.0000 3.23e+08    0.54%
 5406370 87548        cutoff            932.0000      927.1111 3.24e+08    0.52%
 5418908 75894        cutoff            932.0000      927.5873 3.24e+08    0.47%
 5430899 65806        cutoff            932.0000      928.0000 3.25e+08    0.43%
 5444756 51571        cutoff            932.0000      928.6429 3.25e+08    0.36%
 5459302 37123      929.2500   194      932.0000      929.1599 3.25e+08    0.30%
 5473674 21462    infeasible            932.0000      930.0000 3.26e+08    0.21%
 5488032  4484        cutoff            932.0000      930.8333 3.26e+08    0.13%

Clique cuts applied:  8
Cover cuts applied:  42
Implied bound cuts applied:  13
Zero-half cuts applied:  168
Gomory fractional cuts applied:  9

Root node processing (before b&c):
  Real time             =    6.26 sec. (3195.48 ticks)
Parallel b&c, 32 threads:
  Real time             = 8585.16 sec. (2409188.65 ticks)
  Sync time (average)   =    3.58 sec.
  Wait time (average)   =    0.01 sec.
                          ------------
Total (root+branch&cut) = 8591.42 sec. (2412384.13 ticks)


Solution status: Optimal
Execution time: 8592.3 sec
Gap: 0.00000
