Wed Jul 11 07:41:39 2018

Tried aggregator 2 times.
MIP Presolve eliminated 7590 rows and 109 columns.
Aggregator did 324 substitutions.
Reduced MIP has 6211 rows, 1786 columns, and 22688 nonzeros.
Reduced MIP has 1786 binaries, 0 generals, 0 SOSs, and 0 indicators.
Presolve time = 0.05 sec. (32.99 ticks)
Probing time = 0.00 sec. (1.24 ticks)
Tried aggregator 1 time.
Presolve time = 0.01 sec. (9.79 ticks)
Probing time = 0.00 sec. (1.24 ticks)
Clique table members: 7856.
MIP emphasis: balance optimality and feasibility.
MIP search method: dynamic search.
Parallel mode: deterministic, using up to 32 threads.
Root relaxation solution time = 0.39 sec. (71.82 ticks)

        Nodes                                         Cuts/
   Node  Left     Objective  IInf  Best Integer    Best Bound    ItCnt     Gap

      0     0      616.5000   204                    616.5000      862         
      0     0      653.5000   284                    Cuts: 53     1380         
      0     0      673.0000   259                    Cuts: 55     1715         
      0     0      673.0614   284                    Cuts: 31     1879         
      0     0      674.0800   270                    Cuts: 39     2000         
      0     0      674.5000   286                    Cuts: 38     2142         
      0     0      674.5000   283                    Cuts: 64     2262         
      0     0      674.5000   294                    Cuts: 79     2415         
*     0+    0                         1983.0000      674.5000     2415   65.99%
Found incumbent of value 1983.000000 after 2.50 sec. (1212.47 ticks)
      0     2      674.5000   278     1983.0000      674.5000     2415   65.99%
Elapsed time = 2.75 sec. (1368.18 ticks, tree = 0.01 MB, solutions = 1)
      1     3      674.5000   279     1983.0000      674.5000     3744   65.99%
      2     4      692.3750   335     1983.0000      674.5000     5440   65.99%
      3     5      682.2241   297     1983.0000      674.5000     7046   65.99%
     14    16      704.9375   311     1983.0000      675.1000    14656   65.96%
                                                  Impl Bds: 4                  
     23    25      764.7500   287     1983.0000      675.1000    21012   65.96%
     42    44      765.4574   282     1983.0000      675.8333    25271   65.92%
                                                  Impl Bds: 3                  
    139   139      781.9405   263     1983.0000      680.0000    42115   65.71%
                                                      Cuts: 7                  
    201   197      800.3478   293     1983.0000      680.0000    54503   65.71%
*   869+  802                         1215.0000      680.0000   117057   44.03%
Found incumbent of value 1215.000000 after 8.32 sec. (4039.13 ticks)
   1019   867      775.0000   265     1215.0000      680.0000   127177   44.03%
                                                  Impl Bds: 7                  
*  1698+ 1490                         1212.0000      680.0000   227356   43.89%
Found incumbent of value 1212.000000 after 9.96 sec. (4561.69 ticks)
*  1705  1488      integral     0     1189.0000      680.0000   227554   42.81%
Elapsed time = 9.96 sec. (4436.16 ticks, tree = 0.79 MB, solutions = 2)
Found incumbent of value 1189.000000 after 9.96 sec. (4436.16 ticks)
*  1734  1505      integral     0     1132.0000      680.0000   231304   39.93%
Found incumbent of value 1132.000000 after 9.96 sec. (4512.38 ticks)
   1994  1474      849.3333   231     1132.0000      686.8462   285697   39.32%
                                                     Cuts: 36                  
*  2290  1744      integral     0     1108.0000      686.8462   346313   38.01%
Found incumbent of value 1108.000000 after 12.14 sec. (5551.89 ticks)
   3135  2406     1068.6667   138     1108.0000      686.8462   473966   38.01%
                                                  Impl Bds: 4                  
*  4998  4007      integral     0     1037.0000      686.8462   764871   33.77%
Found incumbent of value 1037.000000 after 15.05 sec. (6894.55 ticks)
   5094  3245      767.6250   371     1037.0000      697.3333   783109   32.75%
                                                     Cuts: 36                  
   5190  3337      821.6786   395     1037.0000      697.3333   820836   32.75%
   7843  5633      689.9441   318     1037.0000      698.0833  1253538   32.68%
   7845  5633      698.4436   372     1037.0000      698.0833  1256547   32.68%
   7847  5634      706.9518   366     1037.0000      698.0833  1259441   32.68%
Elapsed time = 29.82 sec. (17015.54 ticks, tree = 37.03 MB, solutions = 7)
   7854  5640      713.4751   292     1037.0000      698.0968  1266748   32.68%
                                                      Cuts: 6                  
*  7860+ 3766                         1030.0000      698.0968  1274877   32.22%
Found incumbent of value 1030.000000 after 32.19 sec. (17993.31 ticks)
   7869  3772      740.2275   293     1030.0000      699.1345  1283407   32.12%
                                                      Cuts: 7                  
   7923  3808      757.1060   395     1030.0000      699.1345  1301813   32.12%
                                                  ZeroHalf: 5                  
   8623  4186      758.3889   278     1030.0000      699.1345  1452694   32.12%
                                                 ZeroHalf: 11                  
   8691  4203      786.4712   411     1030.0000      699.1345  1476360   32.12%
   8998  4302      836.6212   388     1030.0000      699.1345  1581953   32.12%
  10301  4722      773.7500   347     1030.0000      699.3871  1817624   32.10%
  12640  5708      813.8947   296     1030.0000      699.3871  2125697   32.10%
                                                  ZeroHalf: 4                  
  12724  5744      873.1667   295     1030.0000      699.3871  2155967   32.10%
  13709  6135      834.0000   333     1030.0000      699.3871  2301770   32.10%
Elapsed time = 54.25 sec. (27410.83 ticks, tree = 7.47 MB, solutions = 8)
  13962  6223      869.3333   365     1030.0000      714.5000  2367729   30.63%
  14090  6281      949.3333   320     1030.0000      714.5000  2398336   30.63%
* 17294  8303      integral     0     1016.0000      714.5000  2829416   29.68%
Found incumbent of value 1016.000000 after 60.28 sec. (29669.11 ticks)
* 18570+ 8786                         1011.0000      726.0000  2986921   28.19%
                                                     Cuts: 18                  
Found incumbent of value 1011.000000 after 60.66 sec. (30413.37 ticks)
  18572  8789      854.2500   266     1011.0000      726.0000  2988845   28.19%
  18789  8984      899.0000   237     1011.0000      726.0000  3062371   28.19%
  19013  9183      984.3333   231     1011.0000      726.0000  3100584   28.19%
  19992 10006      955.8333   235     1011.0000      726.0000  3265253   28.19%
  23777 12766      975.5000   252     1011.0000      761.2500  3819465   24.70%
                                                      Cuts: 5                  
  23937 12909     1001.0000   227     1011.0000      761.2500  3861837   24.70%
  24993 13749      982.0000   215     1011.0000      761.2500  4004272   24.70%
Elapsed time = 75.26 sec. (36625.18 ticks, tree = 10.95 MB, solutions = 10)
  25628 14286      806.7917   332     1011.0000      761.2500  4090743   24.70%
  30135 17960      928.2292   353     1011.0000      791.1250  4670771   21.75%
                                                      Cuts: 3                  
  31247 18866      991.3333   134     1011.0000      791.1250  4831451   21.75%
  31889 19384      982.5152   237     1011.0000      791.1250  4914824   21.75%
  35608 22410      879.0000   325     1011.0000      801.9581  5401902   20.68%
                                                      Cuts: 8                  
  35719 22517      877.3125   330     1011.0000      801.9581  5447590   20.68%
  37304 23775      959.0000   215     1011.0000      801.9581  5677894   20.68%
  38756 24934      973.0000   333     1011.0000      801.9581  5906449   20.68%
  41985 27526      941.1818   305     1011.0000      806.8750  6317893   20.19%
                                                      Cuts: 3                  
  42126 27628      891.0345   358     1011.0000      806.8750  6346792   20.19%
Elapsed time = 101.31 sec. (47248.85 ticks, tree = 37.35 MB, solutions = 10)
  42350 27819      982.2424   302     1011.0000      806.8750  6384988   20.19%
* 43348 28630      integral     0      996.0000      806.8750  6510179   18.99%
Found incumbent of value 996.000000 after 103.61 sec. (48214.42 ticks)
  47279 28802      868.0000   230      996.0000      810.6667  6937379   18.61%
  48276 29578      920.0000   165      996.0000      810.6667  7070942   18.61%
  50319 31218      928.7500   239      996.0000      810.6667  7285126   18.61%
  53837 33948      915.2917   332      996.0000      810.6667  7629282   18.61%
  55666 35411      895.9849   355      996.0000      817.0000  7819267   17.97%
                                                  ZeroHalf: 7                  
  57108 36553      945.2222   298      996.0000      817.0000  7978772   17.97%
  60353 39089      883.6667   309      996.0000      817.0000  8258863   17.97%
  63246 41378      936.7143   296      996.0000      820.5417  8494170   17.62%
                                                      Cuts: 2                  
Elapsed time = 122.56 sec. (56487.50 ticks, tree = 62.62 MB, solutions = 11)
  65326 43132      935.3333   157      996.0000      820.5417  8671316   17.62%
  66596 44157      871.5000   180      996.0000      820.5417  8789043   17.62%
* 71086 47678      integral     0      970.0000      820.5417  9205041   15.41%
Found incumbent of value 970.000000 after 127.59 sec. (58436.74 ticks)
  71540 37642      875.4000   192      970.0000      823.9333  9272719   15.06%
                                                      Cuts: 2                  
  73044 38749      887.1875   242      970.0000      823.9333  9403695   15.06%
* 73223+38878                          968.0000      823.9333  9416076   14.88%
Found incumbent of value 968.000000 after 130.94 sec. (59532.73 ticks)
  75054 40175      910.4000   261      968.0000      823.9333  9619927   14.88%
  78367 41897      878.7000   304      968.0000      826.8571  9886337   14.58%
                                                      Cuts: 2                  
  79997 43046      907.0833   241      968.0000      826.8571 10029023   14.58%
  81053 43807      951.0000   196      968.0000      826.8571 10129532   14.58%
  87079 48192      923.0000   335      968.0000      828.7576 10555453   14.38%
                                                      Cuts: 6                  
Elapsed time = 144.34 sec. (65472.55 ticks, tree = 74.38 MB, solutions = 14)
  87987 48863      951.8333   264      968.0000      828.7576 10652029   14.38%
* 93357+52908                          967.0000      828.7576 11012090   14.30%
Found incumbent of value 967.000000 after 148.53 sec. (66682.32 ticks)
  95177 54282      860.1667   229      967.0000      828.7576 11137560   14.30%
  96912 55081      865.2500   246      967.0000      831.5000 11267642   14.01%
                                                      Cuts: 2                  
  98333 56070      890.6087   310      967.0000      831.5000 11379512   14.01%
 102853 59304      877.5000   177      967.0000      833.7500 11743090   13.78%
                                                    Covers: 1                  
 102995 59421      929.1667   276      967.0000      833.7500 11764158   13.78%
 104714 60715      940.5185   271      967.0000      833.7500 11897735   13.78%
 111937 66150      858.0000   286      967.0000      835.2158 12357388   13.63%
 113665 67402      945.8571    64      967.0000      835.2158 12489151   13.63%
 117272 70054      921.5000   267      967.0000      835.2158 12727491   13.63%
Elapsed time = 167.46 sec. (75556.17 ticks, tree = 106.10 MB, solutions = 15)
 119648 71809      911.1196   361      967.0000      836.9238 12872837   13.45%
 120771 72647      844.7809   415      967.0000      836.9238 12942834   13.45%
 129255 78980      906.0000   251      967.0000      838.0000 13434423   13.34%
                                                      Cuts: 3                  
 130375 79827      916.1667   228      967.0000      838.0000 13516677   13.34%
 138916 86076        cutoff            967.0000      839.4167 14003288   13.19%
 141014 87662      939.0000   294      967.0000      839.4167 14115531   13.19%
 145746 91089      860.3333   292      967.0000      839.4167 14380260   13.19%
 147483 92328      934.0000   131      967.0000      840.6667 14473632   13.06%
                                                    Covers: 1                  
 151323 95179      926.3333   146      967.0000      840.6667 14682382   13.06%
 157024 99445      904.2500   292      967.0000      842.1333 14967709   12.91%
                                                  ZeroHalf: 1                  
Elapsed time = 197.16 sec. (86238.42 ticks, tree = 165.57 MB, solutions = 15)
Nodefile size = 37.97 MB (21.07 MB after compression)
 158112 100259      850.4000   170      967.0000      842.1333 15045006   12.91%
 166453 106337      959.1429   275      967.0000      842.7333 15456232   12.85%
                                                  ZeroHalf: 2                  
 167761 107313      953.6500   277      967.0000      842.7333 15543279   12.85%
 175660 113214      909.5625   243      967.0000      843.9167 15959616   12.73%
 175825 113336      899.6667   273      967.0000      843.9167 15982360   12.73%
 181351 117407      935.3333   378      967.0000      843.9167 16256737   12.73%
 184020 119381        cutoff            967.0000      844.0000 16415455   12.72%
                                                    Covers: 1                  
 190146 123883      942.2267   148      967.0000      844.0000 16699601   12.72%
 193666 126451      953.0000   291      967.0000      845.6667 16867868   12.55%
                                                  ZeroHalf: 1                  
*195131+127516                          963.0000      845.6667 16965180   12.18%
Found incumbent of value 963.000000 after 223.96 sec. (95389.45 ticks)
*208795+135467                          958.0000      847.0000 17663576   11.59%
Found incumbent of value 958.000000 after 234.03 sec. (97961.21 ticks)
 209390 135867      906.0000   249      958.0000      847.0000 17704953   11.59%
Elapsed time = 234.69 sec. (99060.15 ticks, tree = 228.52 MB, solutions = 16)
Nodefile size = 100.90 MB (51.51 MB after compression)
 227683 144786      856.1071   252      958.0000      848.3333 18579054   11.45%
 244408 156470      864.0000   108      958.0000      849.5909 19426590   11.32%
 259981 167251      932.0000   146      958.0000      850.7500 20127875   11.20%
*260969+167943                          950.0000      850.7500 20165937   10.45%
Found incumbent of value 950.000000 after 267.40 sec. (110354.14 ticks)
*273718+169442                          940.0000      852.0667 20750035    9.35%
                                                    Covers: 1                  
Found incumbent of value 940.000000 after 275.22 sec. (112999.18 ticks)
 276735 171508      913.0000   188      940.0000      852.0667 20868356    9.35%
 294479 171259      931.7407   339      940.0000      852.7333 21662282    9.28%
                                                    Covers: 1                  
 314454 184384      929.1500   331      940.0000      854.5000 22514687    9.10%
 332108 196243      905.3333    57      940.0000      855.4912 23234130    8.99%
                                                    Covers: 1                  
 353780 210741      940.7500   183      940.0000      856.8000 24064768    8.85%
                                                      Cuts: 3                  
*368027 220313      integral     0      939.0000      857.1579 24624334    8.72%
                                                      Cuts: 6                  
Found incumbent of value 939.000000 after 333.65 sec. (132569.34 ticks)
*380070+226862                          937.0000      857.8333 25109210    8.45%
                                                  Impl Bds: 1                  
Found incumbent of value 937.000000 after 341.34 sec. (135809.31 ticks)
 384161 229460      865.3333   208      937.0000      857.8333 25253892    8.45%
Elapsed time = 343.48 sec. (136401.05 ticks, tree = 388.15 MB, solutions = 20)
Nodefile size = 259.75 MB (118.59 MB after compression)
*386670+228184                          935.0000      858.3333 25363836    8.20%
                                                      Cuts: 7                  
Found incumbent of value 935.000000 after 347.74 sec. (136866.05 ticks)
 399520 233303      929.2500   227      935.0000      859.0000 25874209    8.13%
                                                    Covers: 2                  
 419032 245482      868.3333   190      935.0000      859.8000 26564451    8.04%
 435461 255624      925.2500   280      935.0000      860.6667 27260542    7.95%
                                                      Cuts: 2                  
 457099 268986      922.1571   191      935.0000      861.2500 28064584    7.89%
 475143 279837      915.3011   287      935.0000      862.0417 28782913    7.80%
 494297 291476      895.0000   242      935.0000      862.9000 29496219    7.71%
 513804 303238      921.9500   289      935.0000      863.6364 30260736    7.63%
                                                  ZeroHalf: 1                  
 533389 315034      900.2500   344      935.0000      864.0667 31007318    7.59%
 552850 326412      887.0000   140      935.0000      865.0190 31771566    7.48%
                                                    Covers: 1                  
 565467 333582      926.3333   270      935.0000      865.4868 32304463    7.43%
Elapsed time = 453.78 sec. (175131.40 ticks, tree = 578.19 MB, solutions = 22)
Nodefile size = 450.58 MB (198.77 MB after compression)
 585704 345495      886.0000   157      935.0000      866.0392 33061305    7.38%
 603282 355705      905.0000   332      935.0000      866.6667 33723554    7.31%
 626943 369397      883.3333   115      935.0000      867.1667 34561116    7.25%
                                                    Covers: 1                  
 644538 379522      883.0000    86      935.0000      867.7619 35228803    7.19%
 664332 390791      920.0952   197      935.0000      868.3333 35941446    7.13%
 682876 401338        cutoff            935.0000      868.8333 36637997    7.08%
                                                    Covers: 1                  
 705093 414265      890.4513   197      935.0000      869.3333 37408569    7.02%
                                                      Cuts: 2                  
 724090 424984      945.2500   319      935.0000      869.7143 38123050    6.98%
 741105 434375      888.5000   321      935.0000      870.0952 38743253    6.94%
                                                    Covers: 2                  
 764058 447090      927.5000   316      935.0000      870.6000 39600608    6.89%
Elapsed time = 564.63 sec. (213689.51 ticks, tree = 776.37 MB, solutions = 22)
Nodefile size = 648.40 MB (282.58 MB after compression)
 783143 457681      917.6663   397      935.0000      871.0000 40261154    6.84%
 803191 468961      919.6667   128      935.0000      871.5833 40968182    6.78%
                                                  ZeroHalf: 1                  
 823893 480541      929.5000   289      935.0000      872.0000 41652489    6.74%
                                                    Covers: 1                  
 847740 493935      905.0000   103      935.0000      872.5667 42516002    6.68%
                                                    Covers: 1                  
 870124 506199      882.4167   171      935.0000      873.0000 43222109    6.63%
 887279 515445      920.6250   292      935.0000      873.3333 43878102    6.60%
 910291 528144      882.5833   146      935.0000      873.8333 44703948    6.54%
                                                    Covers: 1                  
 928431 537696      926.5000   351      935.0000      874.1000 45317042    6.51%
 951949 550119      920.4000    74      935.0000      874.6000 46145547    6.46%
                                                    Covers: 1                  
 972980 561389    infeasible            935.0000      875.0000 46801847    6.42%
Elapsed time = 674.73 sec. (252414.87 ticks, tree = 982.29 MB, solutions = 22)
Nodefile size = 854.22 MB (370.10 MB after compression)
 991777 571208      892.3333   157      935.0000      875.2000 47485065    6.40%
                                                    Covers: 1                  
 1011401 581404      920.2000   115      935.0000      875.5930 48164664    6.35%
 1035117 593981      928.7083   138      935.0000      876.0000 48877600    6.31%
                                                    Covers: 1                  
 1055135 604420      931.4444   227      935.0000      876.3333 49585616    6.27%
 1074282 614341      921.0000   208      935.0000      876.6667 50276575    6.24%
                                                    Covers: 1                  
 1098055 626714      917.3333   141      935.0000      877.0000 51003134    6.20%
 1120360 638359      931.0000    82      935.0000      877.3333 51781957    6.17%
                                                    Covers: 2                  
 1139356 648005      898.8864   139      935.0000      877.6667 52432354    6.13%
 1164148 660326      898.0000   206      935.0000      878.0000 53168443    6.10%
                                                    Covers: 1                  
 1182682 669884      889.3333   107      935.0000      878.2500 53812484    6.07%
Elapsed time = 786.35 sec. (290748.02 ticks, tree = 1176.42 MB, solutions = 22)
Nodefile size = 1048.05 MB (453.26 MB after compression)
 1204647 680793      924.4000    72      935.0000      878.6000 54532244    6.03%
 1230481 693963      933.0000    75      935.0000      879.0000 55290059    5.99%
                                                    Covers: 1                  
 1250779 703941      914.2857   140      935.0000      879.2500 55987412    5.96%
                                                    Covers: 1                  
 1272021 714374      916.4444   210      935.0000      879.5000 56654493    5.94%
                                                    Covers: 1                  
 1294194 725353      909.5000   235      935.0000      879.8333 57361054    5.90%
                                                    Covers: 1                  
 1317830 736560      886.6333   173      935.0000      880.0000 58078528    5.88%
 1340349 747319      915.5714    95      935.0000      880.3333 58802369    5.85%
 1364567 759130      906.7500   309      935.0000      880.6667 59566728    5.81%
                                                    Covers: 1                  
 1390616 771124      917.5000   122      935.0000      881.0000 60280623    5.78%
 1407172 778466        cutoff            935.0000      881.2000 60962997    5.75%
Elapsed time = 899.37 sec. (329031.70 ticks, tree = 1373.57 MB, solutions = 22)
Nodefile size = 1245.88 MB (538.49 MB after compression)
 1429597 788598      921.3333   188      935.0000      881.5000 61643543    5.72%
 1453063 799737      916.3333   153      935.0000      881.8000 62406306    5.69%
                                                    Covers: 1                  
 1478276 811070      888.0000   165      935.0000      882.0000 63139597    5.67%
 1497404 819625      920.3333    65      935.0000      882.2414 63802733    5.64%
                                                      Cuts: 2                  
 1514164 826869      909.6667   173      935.0000      882.4762 64367936    5.62%
 1536048 836876        cutoff            935.0000      882.7857 65082419    5.58%
 1561648 848612      924.3333   159      935.0000      883.0000 65787275    5.56%
 1577645 855424      914.3667   196      935.0000      883.2000 66415564    5.54%
 1600850 865487      903.5000   145      935.0000      883.4615 67120461    5.51%
 1618873 873493      914.4135   352      935.0000      883.6667 67728758    5.49%
Elapsed time = 1015.14 sec. (367468.32 ticks, tree = 1543.36 MB, solutions = 22)
Nodefile size = 1415.73 MB (615.47 MB after compression)
 1644095 884736      923.5000    91      935.0000      884.0000 68490740    5.45%
                                                    Covers: 2                  
 1666024 894419      915.1667   183      935.0000      884.1429 69198489    5.44%
 1689812 904834      909.0000    59      935.0000      884.3333 69955820    5.42%
                                                    Covers: 1                  
 1710488 913443      901.6667   147      935.0000      884.6000 70627511    5.39%
                                                      Cuts: 4                  
 1733097 923545      915.1667   121      935.0000      884.9643 71374053    5.35%
 1758152 934266        cutoff            935.0000      885.0000 72078809    5.35%
 1778709 942454      909.2500   144      935.0000      885.3333 72734308    5.31%
 1799180 950729      885.5000   260      935.0000      885.5000 73421554    5.29%
                                                    Covers: 1                  
 1820032 959528      932.1786   186      935.0000      885.6667 74120348    5.28%
 1841960 968880      908.0000    62      935.0000      886.0000 74774598    5.24%
Elapsed time = 1134.34 sec. (405700.23 ticks, tree = 1715.97 MB, solutions = 22)
Nodefile size = 1587.54 MB (693.56 MB after compression)
 1866470 979223      913.3333   143      935.0000      886.0238 75507218    5.24%
                                                  ZeroHalf: 1                  
 1891356 989259      932.3333   150      935.0000      886.3333 76267073    5.20%
 1912233 997274      908.3333    98      935.0000      886.5000 76955288    5.19%
                                                    Covers: 1                  
 1928054 1003197      917.2063   190      935.0000      886.7333 77539131    5.16%
*1942226 1008966      integral     0      933.0000      886.9286 78064378    4.94%
Found incumbent of value 933.000000 after 1189.95 sec. (424174.20 ticks)
*1947913+1008681                          932.0000      887.0000 78186265    4.83%
Found incumbent of value 932.000000 after 1192.02 sec. (424881.95 ticks)
*1956819+1009887                          930.0000      887.0000 78385181    4.62%
Found incumbent of value 930.000000 after 1195.48 sec. (425833.74 ticks)
 1964353 1009294        cutoff            930.0000      887.0000 78663259    4.62%
                                                    Covers: 2                  
 1986328 1015466        cutoff            930.0000      887.2917 79428649    4.59%
 2004132 1020295        cutoff            930.0000      887.5000 80056805    4.57%
                                                    Covers: 1                  
 2021990 1025430      916.5000   202      930.0000      887.6667 80716779    4.55%
 2042211 1031905        cutoff            930.0000      888.0000 81387388    4.52%
                                                    Covers: 1                  
Elapsed time = 1247.19 sec. (443382.76 ticks, tree = 1831.31 MB, solutions = 27)
Nodefile size = 1703.44 MB (747.32 MB after compression)
 2063125 1036954      915.4583   277      930.0000      888.0571 82062894    4.51%
                                                    Covers: 1                  
 2083158 1042002      919.3333   111      930.0000      888.3333 82698217    4.48%
                                                    Covers: 2                  
 2100508 1046621      906.4000   297      930.0000      888.5000 83317681    4.46%
                                                    Covers: 3                  
 2121044 1052063        cutoff            930.0000      888.7059 84062221    4.44%
 2142607 1058044      908.0000    72      930.0000      889.0000 84718227    4.41%
 2160428 1062166      899.3500   164      930.0000      889.0000 85309656    4.41%
 2181743 1067409      892.3333   131      930.0000      889.3333 85994800    4.37%
 2200074 1071730      930.5000   250      930.0000      889.5000 86617469    4.35%
 2221306 1077066      919.8333   116      930.0000      889.7308 87374299    4.33%
 2242383 1082474      918.5000    54      930.0000      890.0000 88045613    4.30%
Elapsed time = 1364.41 sec. (481704.77 ticks, tree = 1924.76 MB, solutions = 27)
Nodefile size = 1796.36 MB (794.40 MB after compression)
 2262967 1086721      899.0833   244      930.0000      890.0286 88699040    4.30%
 2283704 1091397        cutoff            930.0000      890.3000 89383355    4.27%
 2303588 1095779      905.3333   200      930.0000      890.5000 90028413    4.25%
                                                    Covers: 1                  
 2322287 1099919      913.0000   147      930.0000      890.6667 90707684    4.23%
 2337997 1103614      927.1667   138      930.0000      890.8333 91302593    4.21%
 2362877 1109419        cutoff            930.0000      891.0000 91937812    4.19%
 2380393 1113033        cutoff            930.0000      891.1667 92613510    4.18%
                                                    Covers: 1                  
 2401893 1117316        cutoff            930.0000      891.3333 93310755    4.16%
 2420924 1121269      893.2500    97      930.0000      891.5152 93968473    4.14%
                                                    Covers: 1                  
 2440185 1125474      955.6667   154      930.0000      891.7500 94639506    4.11%
Elapsed time = 1479.16 sec. (520052.61 ticks, tree = 2004.83 MB, solutions = 27)
Nodefile size = 1877.27 MB (835.92 MB after compression)
 2459958 1131101      915.0000    71      930.0000      892.0000 95301272    4.09%
 2482258 1134855      909.6000   177      930.0000      892.0000 95916386    4.09%
 2499566 1138167      899.5611   191      930.0000      892.2500 96579473    4.06%
                                                    Covers: 1                  
 2520191 1142215      925.3750   205      930.0000      892.3333 97240898    4.05%
                                                    Covers: 2                  
 2538303 1145178      918.1000   108      930.0000      892.5497 97874139    4.03%
 2557595 1149016      906.9683   212      930.0000      892.6765 98582043    4.01%
 2576424 1154063      913.7000    92      930.0000      893.0000 99245789    3.98%
 2597890 1156725      923.9079   203      930.0000      893.0000 99779620    3.98%
 2614630 1159089      903.8333    48      930.0000      893.1667 1.00e+08    3.96%
 2637043 1161509      895.3571   191      930.0000      893.3333 1.01e+08    3.94%
Elapsed time = 1599.55 sec. (558290.70 ticks, tree = 2072.27 MB, solutions = 27)
Nodefile size = 1944.19 MB (877.23 MB after compression)
 2655209 1164004      919.8333   200      930.0000      893.5000 1.02e+08    3.92%
 2673994 1166892      923.1667   157      930.0000      893.6667 1.02e+08    3.91%
 2692431 1169292        cutoff            930.0000      893.8333 1.03e+08    3.89%
 2716468 1175018      895.5000    92      930.0000      894.0000 1.04e+08    3.87%
 2735365 1177848        cutoff            930.0000      894.1000 1.04e+08    3.86%
 2754251 1180779      900.1000   134      930.0000      894.3000 1.05e+08    3.84%
 2774575 1183103      898.4583   252      930.0000      894.4176 1.06e+08    3.83%
 2793646 1185496      920.9524   169      930.0000      894.5909 1.06e+08    3.81%
                                                    Covers: 1                  
 2811750 1188209        cutoff            930.0000      894.7500 1.07e+08    3.79%
                                                    Covers: 1                  
 2830180 1191793      928.0000    60      930.0000      894.9889 1.08e+08    3.76%
                                                    Covers: 1                  
Elapsed time = 1727.31 sec. (596564.74 ticks, tree = 2128.10 MB, solutions = 27)
Nodefile size = 2000.13 MB (917.34 MB after compression)
 2855975 1196109      916.6000   195      930.0000      895.0000 1.08e+08    3.76%
 2874741 1198249      909.5714   258      930.0000      895.1667 1.09e+08    3.75%
                                                    Covers: 1                  
 2895235 1200727      910.5000    94      930.0000      895.3333 1.10e+08    3.73%
 2916242 1203487      920.5000   135      930.0000      895.5000 1.10e+08    3.71%
 2932155 1205131      897.6667    98      930.0000      895.6190 1.11e+08    3.70%
 2951760 1207698      914.7500    94      930.0000      895.7986 1.12e+08    3.68%
                                                    Covers: 1                  
 2972101 1213155      908.0000    68      930.0000      896.0000 1.12e+08    3.66%
 2996454 1215219      901.2500   127      930.0000      896.0000 1.13e+08    3.66%
 3013154 1216809      917.1905   135      930.0000      896.1714 1.14e+08    3.64%
 3033602 1218531      923.0000    62      930.0000      896.3333 1.14e+08    3.62%
                                                    Covers: 1                  
Elapsed time = 1845.46 sec. (634898.86 ticks, tree = 2181.30 MB, solutions = 27)
Nodefile size = 2053.08 MB (949.15 MB after compression)
 3053715 1220698        cutoff            930.0000      896.5000 1.15e+08    3.60%
 3073317 1222463      924.3333   150      930.0000      896.6286 1.16e+08    3.59%
                                                    Covers: 1                  
 3089983 1224486      927.1667   303      930.0000      896.7778 1.16e+08    3.57%
 3112066 1231016      919.8000    73      930.0000      897.0000 1.17e+08    3.55%
*3114107 1231631      integral     0      926.0000      897.0000 1.17e+08    3.13%
Found incumbent of value 926.000000 after 1892.32 sec. (650578.79 ticks)
*3115346+1224865                          925.0000      897.0000 1.17e+08    3.03%
Found incumbent of value 925.000000 after 1892.64 sec. (650862.44 ticks)
*3121100+1220745                          924.0000      897.0000 1.17e+08    2.92%
Found incumbent of value 924.000000 after 1896.21 sec. (651966.13 ticks)
*3123517+1220539                          923.0000      897.0000 1.17e+08    2.82%
Found incumbent of value 923.000000 after 1897.06 sec. (652205.28 ticks)
*3126435+1207950                          922.0000      897.0000 1.17e+08    2.71%
Found incumbent of value 922.000000 after 1898.60 sec. (652729.49 ticks)
 3137432 1196205        cutoff            922.0000      897.0000 1.18e+08    2.71%
 3153950 1193410      908.5119   188      922.0000      897.2083 1.18e+08    2.69%
 3174495 1188696      905.3929   172      922.0000      897.3445 1.19e+08    2.67%
                                                    Covers: 1                  
 3196392 1184601        cutoff            922.0000      897.6667 1.20e+08    2.64%
 3214333 1181340      916.0000   323      922.0000      897.8571 1.20e+08    2.62%
Elapsed time = 1947.56 sec. (669798.91 ticks, tree = 2117.82 MB, solutions = 33)
Nodefile size = 1990.15 MB (926.03 MB after compression)
*3223586+1182876                          919.0000      898.0000 1.21e+08    2.29%
Found incumbent of value 919.000000 after 1952.27 sec. (671103.02 ticks)
 3239934 1140207      909.8571    96      919.0000      898.0000 1.21e+08    2.29%
 3261849 1132782      900.3333   124      919.0000      898.2500 1.22e+08    2.26%
 3285922 1122617      912.4167   112      919.0000      898.5000 1.23e+08    2.23%
 3304378 1115437        cutoff            919.0000      898.6667 1.23e+08    2.21%
 3326586 1111483        cutoff            919.0000      899.0000 1.24e+08    2.18%
 3349975 1098723      906.0000   112      919.0000      899.0000 1.24e+08    2.18%
 3371255 1088904        cutoff            919.0000      899.3333 1.25e+08    2.14%
 3392108 1080148        cutoff            919.0000      899.5000 1.26e+08    2.12%
 3409681 1073330      903.7333   159      919.0000      899.7083 1.26e+08    2.10%
 3431765 1068199    infeasible            919.0000      900.0000 1.27e+08    2.07%
Elapsed time = 2069.19 sec. (708414.76 ticks, tree = 1916.77 MB, solutions = 34)
Nodefile size = 1789.32 MB (850.92 MB after compression)
 3454128 1058153        cutoff            919.0000      900.0000 1.28e+08    2.07%
 3478138 1048935      912.2000    89      919.0000      900.3333 1.28e+08    2.03%
 3499036 1040066        cutoff            919.0000      900.5000 1.29e+08    2.01%
 3520645 1030108      904.0417   162      919.0000      900.7857 1.30e+08    1.98%
 3544492 1025731      907.5000   101      919.0000      901.0000 1.30e+08    1.96%
 3568990 1015334      911.0000    67      919.0000      901.1250 1.31e+08    1.95%
 3590756 1006541      905.8333   129      919.0000      901.3333 1.32e+08    1.92%
 3612586 996784      915.8333   129      919.0000      901.5294 1.32e+08    1.90%
 3634681 985457        cutoff            919.0000      901.8000 1.33e+08    1.87%
 3657136 980660      910.3750   101      919.0000      902.0000 1.34e+08    1.85%
Elapsed time = 2189.75 sec. (746689.34 ticks, tree = 1763.63 MB, solutions = 34)
Nodefile size = 1635.44 MB (793.57 MB after compression)
 3680907 968804        cutoff            919.0000      902.1111 1.34e+08    1.84%
 3704035 957695      909.6667   188      919.0000      902.3333 1.35e+08    1.81%
 3726252 947315        cutoff            919.0000      902.6000 1.36e+08    1.78%
 3744517 939154        cutoff            919.0000      902.8000 1.36e+08    1.76%
 3767268 933988        cutoff            919.0000      903.0000 1.37e+08    1.74%
 3789893 921956        cutoff            919.0000      903.0000 1.38e+08    1.74%
 3812891 910367      909.9000   179      919.0000      903.3333 1.38e+08    1.70%
 3836313 898459      916.8889   153      919.0000      903.5000 1.39e+08    1.69%
 3856759 888233      903.8246   171      919.0000      903.7500 1.40e+08    1.66%
 3880003 883210      918.0000    65      919.0000      904.0000 1.40e+08    1.63%
Elapsed time = 2308.50 sec. (784972.66 ticks, tree = 1591.64 MB, solutions = 34)
Nodefile size = 1463.56 MB (724.34 MB after compression)
 3902807 870697        cutoff            919.0000      904.0000 1.41e+08    1.63%
 3928761 856582        cutoff            919.0000      904.3333 1.42e+08    1.60%
 3951378 844067        cutoff            919.0000      904.5098 1.42e+08    1.58%
 3973693 832510      914.5030   236      919.0000      904.8333 1.43e+08    1.54%
 3998976 825020        cutoff            919.0000      905.0000 1.44e+08    1.52%
 4023093 810499        cutoff            919.0000      905.1333 1.44e+08    1.51%
 4048348 795916      915.0667   193      919.0000      905.4000 1.45e+08    1.48%
 4071797 785130      912.3333   130      919.0000      905.6667 1.46e+08    1.45%
 4094224 775274      906.5000    40      919.0000      906.0000 1.47e+08    1.41%
 4119047 763167      911.3333   103      919.0000      906.0000 1.47e+08    1.41%
Elapsed time = 2426.03 sec. (823208.87 ticks, tree = 1378.07 MB, solutions = 34)
Nodefile size = 1249.78 MB (630.15 MB after compression)
 4143243 748954        cutoff            919.0000      906.2857 1.48e+08    1.38%
 4168674 733588      917.8333   156      919.0000      906.5000 1.48e+08    1.36%
 4190169 720787      913.8667   213      919.0000      906.7000 1.49e+08    1.34%
 4214698 712133        cutoff            919.0000      907.0000 1.50e+08    1.31%
 4241081 695426      908.9881   167      919.0000      907.0167 1.50e+08    1.30%
 4266470 679240      912.2545   103      919.0000      907.3469 1.51e+08    1.27%
 4291634 664874      917.5000    98      919.0000      907.6667 1.52e+08    1.23%
 4315671 653469      908.5000    39      919.0000      908.0000 1.52e+08    1.20%
 4343540 638027    infeasible            919.0000      908.0000 1.53e+08    1.20%
 4368176 621663      913.0000   124      919.0000      908.3333 1.54e+08    1.16%
Elapsed time = 2549.96 sec. (861406.36 ticks, tree = 1126.93 MB, solutions = 34)
Nodefile size = 998.82 MB (513.36 MB after compression)
 4392658 605478      915.7879   180      919.0000      908.5417 1.54e+08    1.14%
 4418478 590394        cutoff            919.0000      909.0000 1.55e+08    1.09%
 4446443 578309      917.7778    96      919.0000      909.0000 1.56e+08    1.09%
 4471289 561337        cutoff            919.0000      909.2667 1.56e+08    1.06%
 4497840 543366        cutoff            919.0000      909.5000 1.57e+08    1.03%
 4523834 528083      913.0000    16      919.0000      910.0000 1.58e+08    0.98%
 4551864 509872      916.8182   161      919.0000      910.0000 1.58e+08    0.98%
 4578259 489878        cutoff            919.0000      910.3333 1.59e+08    0.94%
 4603961 470922        cutoff            919.0000      910.6667 1.59e+08    0.91%
 4629203 457479        cutoff            919.0000      911.0000 1.60e+08    0.87%
Elapsed time = 2665.35 sec. (899661.44 ticks, tree = 830.36 MB, solutions = 34)
Nodefile size = 702.03 MB (365.44 MB after compression)
 4658550 435213        cutoff            919.0000      911.0833 1.61e+08    0.86%
 4684900 414913      915.0000   274      919.0000      911.5000 1.61e+08    0.82%
 4714491 393877      912.5000    39      919.0000      912.0000 1.62e+08    0.76%
 4742632 373642      916.2000   249      919.0000      912.0000 1.62e+08    0.76%
 4772023 349879      915.8333   124      919.0000      912.5000 1.63e+08    0.71%
 4801077 327664        cutoff            919.0000      913.0000 1.64e+08    0.65%
 4831181 303146        cutoff            919.0000      913.0357 1.64e+08    0.65%
 4863087 275697      913.6667    82      919.0000      913.6667 1.65e+08    0.58%
 4890509 257030        cutoff            919.0000      914.0000 1.65e+08    0.54%
 4924840 225614      914.5000    35      919.0000      914.3333 1.66e+08    0.51%
Elapsed time = 2787.47 sec. (938089.18 ticks, tree = 413.02 MB, solutions = 34)
Nodefile size = 286.43 MB (151.11 MB after compression)
 4958999 195804      918.0000    64      919.0000      915.0000 1.67e+08    0.44%
 4994854 159449      915.5000    93      919.0000      915.3333 1.67e+08    0.40%
 5027642 127248        cutoff            919.0000      916.0000 1.67e+08    0.33%
 5068534 80442        cutoff            919.0000      916.8333 1.68e+08    0.24%
 5107092 37925        cutoff            919.0000      917.3333 1.68e+08    0.18%

Clique cuts applied:  7
Cover cuts applied:  76
Implied bound cuts applied:  9
Zero-half cuts applied:  146
Gomory fractional cuts applied:  9

Root node processing (before b&c):
  Real time             =    2.54 sec. (1250.97 ticks)
Parallel b&c, 32 threads:
  Real time             = 2857.42 sec. (958761.69 ticks)
  Sync time (average)   =    3.82 sec.
  Wait time (average)   =    0.05 sec.
                          ------------
Total (root+branch&cut) = 2859.96 sec. (960012.66 ticks)


Solution status: Optimal
Execution time: 2860.2 sec
Gap: 0.00000
