Wed Jul 11 02:17:27 2018

Tried aggregator 2 times.
MIP Presolve eliminated 7590 rows and 109 columns.
Aggregator did 324 substitutions.
Reduced MIP has 6211 rows, 1786 columns, and 22688 nonzeros.
Reduced MIP has 1786 binaries, 0 generals, 0 SOSs, and 0 indicators.
Presolve time = 0.05 sec. (32.99 ticks)
Probing time = 0.00 sec. (1.24 ticks)
Tried aggregator 1 time.
Presolve time = 0.03 sec. (9.79 ticks)
Probing time = 0.01 sec. (1.24 ticks)
Clique table members: 7856.
MIP emphasis: balance optimality and feasibility.
MIP search method: dynamic search.
Parallel mode: deterministic, using up to 32 threads.
Root relaxation solution time = 0.41 sec. (56.87 ticks)

        Nodes                                         Cuts/
   Node  Left     Objective  IInf  Best Integer    Best Bound    ItCnt     Gap

      0     0      641.0000   187                    641.0000      798         
      0     0      747.1875   302                    Cuts: 84     1472         
      0     0      765.5000   284                    Cuts: 50     1841         
      0     0      767.4881   278                    Cuts: 61     2121         
      0     0      767.8462   251                    Cuts: 53     2196         
      0     0      768.8182   273                    Cuts: 35     2258         
      0     0      768.8462   304                    Cuts: 41     2359         
      0     0      769.0000   261                    Cuts: 29     2543         
      0     0      769.0000   299                    Cuts: 58     2729         
*     0+    0                         1999.0000      769.0000     2729   61.53%
Found incumbent of value 1999.000000 after 3.05 sec. (1724.17 ticks)
      0     2      769.0000   274     1999.0000      769.0000     2729   61.53%
Elapsed time = 3.41 sec. (1884.95 ticks, tree = 0.01 MB, solutions = 1)
      2     4      793.1250   326     1999.0000      769.0000     4799   61.53%
      5     7      790.1667   308     1999.0000      769.0000     8238   61.53%
      9    11      803.9423   308     1999.0000      770.3333    12364   61.46%
                                                  Impl Bds: 8                  
     16    18      774.2500   307     1999.0000      771.3333    20248   61.41%
                                                  Impl Bds: 3                  
     24    26      784.7500   281     1999.0000      771.3333    35905   61.41%
     33    35      831.2000   286     1999.0000      774.2500    46268   61.27%
                                                      Cuts: 9                  
     39    41      826.5000   206     1999.0000      774.2500    51419   61.27%
     44    46      889.7391   321     1999.0000      774.2500    57858   61.27%
     52    54      891.4898   319     1999.0000      774.2500    64087   61.27%
    115   117      899.1429   321     1999.0000      780.9062   100879   60.94%
                                                     Cuts: 14                  
Elapsed time = 14.70 sec. (7827.08 ticks, tree = 0.01 MB, solutions = 1)
*   932+  874                         1323.0000      780.9062   278878   40.97%
Found incumbent of value 1323.000000 after 14.70 sec. (7914.45 ticks)
*  1023+  961                         1320.0000      780.9062   288061   40.84%
Found incumbent of value 1320.000000 after 14.70 sec. (7992.34 ticks)
   1335  1120      880.5000   205     1320.0000      780.9063   319789   40.84%
                                                     Cuts: 29                  
   1359  1142      859.1875   364     1320.0000      780.9063   333226   40.84%
*  2171+ 1879                         1298.0000      780.9063   516294   39.84%
Found incumbent of value 1298.000000 after 18.11 sec. (9174.92 ticks)
   2722  2352      880.3333   204     1298.0000      780.9063   649933   39.84%
                                                     Cuts: 29                  
   4831  4235      850.5000   352     1298.0000      791.8611  1018801   38.99%
                                                     Cuts: 27                  
   4913  4311     1037.5000   239     1298.0000      791.8611  1047070   38.99%
   5194  4575      954.2500   286     1298.0000      791.8611  1134883   38.99%
   7774  6859      876.2500   324     1298.0000      800.2045  1628734   38.35%
                                                     Cuts: 21                  
   7915  7000      994.0000   352     1298.0000      800.2045  1689804   38.35%
   8171  7248     1117.5000   293     1298.0000      800.2045  1763990   38.35%
   8619  7674      909.5000   295     1298.0000      800.2045  1860866   38.35%
Elapsed time = 38.97 sec. (19273.78 ticks, tree = 2.56 MB, solutions = 5)
* 12968+ 7749                         1287.0000      813.9375  2668630   36.76%
Found incumbent of value 1287.000000 after 45.93 sec. (24503.68 ticks)
  12968  7750      775.7390   330     1287.0000      813.9375  2668630   36.76%
  12971  7751      792.5309   298     1287.0000      813.9375  2671765   36.76%
  12978  7754      812.6322   315     1287.0000      813.9375  2676171   36.76%
                                                      Cuts: 9                  
  12987  7761      815.4400   284     1287.0000      813.9375  2683042   36.76%
                                                      Cuts: 4                  
  13008  7773      822.5000   315     1287.0000      813.9375  2699153   36.76%
                                                     Cuts: 10                  
  13352  7976      938.8889   231     1287.0000      813.9375  2748827   36.76%
                                                     Cuts: 10                  
  13999  8334      874.6705   323     1287.0000      813.9375  2841497   36.76%
                                                  ZeroHalf: 3                  
  14264  8459      842.9735   409     1287.0000      813.9375  2886771   36.76%
  14719  8719      857.6987   247     1287.0000      813.9375  2946545   36.76%
  16386  9501      873.3125   300     1287.0000      813.9375  3067127   36.76%
                                                     Cuts: 10                  
Elapsed time = 65.13 sec. (35525.45 ticks, tree = 45.75 MB, solutions = 6)
  18269 10366      860.3636   355     1287.0000      813.9375  3229232   36.76%
  19217 10873     1061.3750   290     1287.0000      813.9375  3332714   36.76%
  22637 12569     1018.4815   266     1287.0000      813.9375  3566982   36.76%
                                                     Cuts: 10                  
  22957 12693     1185.6026   294     1287.0000      813.9375  3608189   36.76%
  23373 12885     1162.0385   258     1287.0000      813.9375  3646612   36.76%
  24166 13266     1224.1162   307     1287.0000      813.9375  3708564   36.76%
                                                      Cuts: 6                  
  25158 13777      943.1944   295     1287.0000      813.9375  3770659   36.76%
  27430 14913     1133.8414   135     1287.0000      813.9375  3931447   36.76%
  29682 16003     1028.3333   193     1287.0000      813.9375  4091274   36.76%
  31847 17709     1038.9231   288     1287.0000      813.9375  4224694   36.76%
                                                     Cuts: 10                  
Elapsed time = 96.75 sec. (45683.93 ticks, tree = 769.11 MB, solutions = 6)
Nodefile size = 627.69 MB (495.49 MB after compression)
* 34233 19933      integral     0     1280.0000      813.9375  4388260   36.41%
Found incumbent of value 1280.000000 after 100.93 sec. (45683.93 ticks)
  34343 20031      967.8333   196     1280.0000      813.9375  4395304   36.41%
  36865 22359      981.0000   199     1280.0000      813.9375  4556588   36.41%
  37795 23172      955.2917   209     1280.0000      827.9286  4605804   35.32%
  40064 25289      905.0833   198     1280.0000      827.9286  4740067   35.32%
* 43093+28068                         1278.0000      827.9286  4936721   35.22%
Found incumbent of value 1278.000000 after 112.18 sec. (50303.04 ticks)
  43112 28089     1003.4667   242     1278.0000      827.9286  4937928   35.22%
  45049 29798      915.6875   193     1278.0000      841.5000  5050326   34.15%
  47481 32021      982.7500   211     1278.0000      841.5000  5215178   34.15%
  48249 32741     1074.6538   257     1278.0000      841.5000  5272182   34.15%
  51339 35577     1054.2826   216     1278.0000      847.8824  5495391   33.66%
                                                  ZeroHalf: 3                  
Elapsed time = 125.13 sec. (55318.11 ticks, tree = 1542.57 MB, solutions = 9)
Nodefile size = 1400.67 MB (1096.02 MB after compression)
* 52052 36213      integral     0     1115.0000      847.8824  5535081   23.96%
Found incumbent of value 1115.000000 after 125.59 sec. (55318.11 ticks)
  53627 37618      934.6667   249     1115.0000      847.8824  5626559   23.96%
  57366 25339     1025.2556   231     1115.0000      851.3289  5836669   23.65%
                                                  ZeroHalf: 4                  
  59205 26958      914.3333   206     1115.0000      851.3289  6005574   23.65%
  61752 29122     1060.0636   288     1115.0000      851.3289  6225577   23.65%
  62161 29463     1031.8333   310     1115.0000      854.5000  6262178   23.36%
                                                  ZeroHalf: 1                  
  63153 30324     1002.7500   268     1115.0000      854.5000  6347208   23.36%
  65102 32008     1000.3025   246     1115.0000      854.5000  6521789   23.36%
* 66590+33264                         1110.0000      859.5833  6650934   22.56%
Found incumbent of value 1110.000000 after 154.97 sec. (65475.75 ticks)
* 66590+33264                         1091.0000      859.5833  6650934   21.21%
Found incumbent of value 1091.000000 after 155.12 sec. (65546.61 ticks)
  66590 33266      927.4910   390     1091.0000      859.5833  6650934   21.21%
* 66600+33272                         1072.0000      859.5833  6653991   19.81%
Found incumbent of value 1072.000000 after 156.32 sec. (63364.41 ticks)
  67029 27080      982.0000   181     1072.0000      859.5833  6723149   19.81%
Elapsed time = 159.07 sec. (66806.35 ticks, tree = 1239.52 MB, solutions = 36)
Nodefile size = 1232.90 MB (953.97 MB after compression)
  69027 28721      982.6316   230     1072.0000      859.5833  6906137   19.81%
  70932 30219     1026.5000   136     1072.0000      864.0000  7097497   19.40%
  71746 30856     1058.1250   219     1072.0000      864.0000  7199345   19.40%
  73747 32416      880.1111   348     1072.0000      864.0000  7463932   19.40%
  74799 33269      978.9667   259     1072.0000      866.0000  7571594   19.22%
  75541 33868     1049.6667   221     1072.0000      866.0000  7641549   19.22%
  78891 36538      896.1924   286     1072.0000      870.5000  7956122   18.80%
                                                  ZeroHalf: 1                  
  80299 37656      904.4444   234     1072.0000      870.5000  8098696   18.80%
  82441 39362        cutoff           1072.0000      870.5000  8307232   18.80%
  82935 39742     1038.4167   207     1072.0000      873.7969  8352245   18.49%
Elapsed time = 187.77 sec. (77631.42 ticks, tree = 1948.71 MB, solutions = 38)
Nodefile size = 1813.68 MB (1402.41 MB after compression)
  84951 41360      963.0000   276     1072.0000      873.7969  8541256   18.49%
  86980 42906      982.0000   167     1072.0000      873.7969  8733868   18.49%
  88166 43810      914.2244   309     1072.0000      877.3182  8852971   18.16%
                                                      Cuts: 2                  
  89318 44640      981.7500   214     1072.0000      877.3182  9001409   18.16%
  91131 46067      993.3333   186     1072.0000      877.3182  9177795   18.16%
  92069 46782      984.5185   289     1072.0000      879.5000  9267723   17.96%
                                                  ZeroHalf: 1                  
  93900 48214     1030.7500   165     1072.0000      879.5000  9449512   17.96%
  95675 49568      913.6667   322     1072.0000      879.5000  9612685   17.96%
  97574 51076     1062.9348   139     1072.0000      882.6429  9777848   17.66%
                                                  ZeroHalf: 2                  
  98726 51948      898.2188   309     1072.0000      882.6429  9898060   17.66%
Elapsed time = 218.42 sec. (88392.58 ticks, tree = 2762.70 MB, solutions = 38)
Nodefile size = 2624.50 MB (2024.67 MB after compression)
 100134 53027     1057.5000   235     1072.0000      882.6429 10051210   17.66%
 101622 54137      970.4333   258     1072.0000      884.5000 10200032   17.49%
                                                     Fract: 1                  
 102604 54894     1043.0000   208     1072.0000      884.5000 10358495   17.49%
 103756 55783     1016.1250   237     1072.0000      884.5000 10497505   17.49%
 106347 57708      999.1667   209     1072.0000      886.8125 10812881   17.27%
                                                    Covers: 1                  
 107349 58467      989.6000   299     1072.0000      886.8125 10915132   17.27%
 108777 59552      940.5333   212     1072.0000      886.8125 11052606   17.27%
 110351 60715      999.2833   189     1072.0000      889.0462 11213722   17.07%
                                                  ZeroHalf: 2                  
 111931 61899      972.1410   278     1072.0000      889.0462 11366778   17.07%
 113691 63227      946.7500   247     1072.0000      889.0462 11525643   17.07%
Elapsed time = 245.39 sec. (98346.86 ticks, tree = 3239.38 MB, solutions = 38)
Nodefile size = 3097.33 MB (2385.92 MB after compression)
 116218 65137     1019.5000   225     1072.0000      890.7500 11752309   16.91%
                                                  ZeroHalf: 1                  
 117722 66272      984.3333   215     1072.0000      890.7500 11895726   16.91%
 119098 67318      923.5833   228     1072.0000      890.7500 12022943   16.91%
 120874 68618      963.0000   181     1072.0000      893.3750 12189369   16.66%
 122412 69734     1037.1250   212     1072.0000      893.3750 12345496   16.66%
 124394 71207     1031.2000   240     1072.0000      893.3750 12515401   16.66%
 126234 72573      944.2456   252     1072.0000      895.0000 12678622   16.51%
 127034 73161        cutoff           1072.0000      895.0000 12756575   16.51%
 128602 74304     1014.8333   177     1072.0000      895.0000 12910975   16.51%
 133411 77858     1006.3611   283     1072.0000      896.6667 13432642   16.36%
Elapsed time = 284.54 sec. (112344.29 ticks, tree = 4364.42 MB, solutions = 38)
Nodefile size = 4227.36 MB (3247.24 MB after compression)
 139932 82659      984.5000   197     1072.0000      899.9615 14095713   16.05%
                                                      Cuts: 5                  
 147107 88063     1047.5238   157     1072.0000      901.5833 14712139   15.90%
 152254 91836      941.3889   215     1072.0000      903.5000 15226898   15.72%
                                                  ZeroHalf: 2                  
 157334 95566     1062.1667   193     1072.0000      904.6111 15783168   15.61%
                                                    Covers: 1                  
*163487 100083      integral     0     1068.0000      906.2500 16322046   15.15%
                                                  ZeroHalf: 1                  
Found incumbent of value 1068.000000 after 339.33 sec. (129617.41 ticks)
 167943 102423     1056.9470   173     1068.0000      907.8333 16684894   15.00%
                                                  ZeroHalf: 3                  
*173229 106190      integral     0     1067.0000      909.5000 17159123   14.76%
Found incumbent of value 1067.000000 after 358.19 sec. (136054.81 ticks)
*176406+108433                         1040.0000      909.5000 17450215   12.55%
Found incumbent of value 1040.000000 after 362.75 sec. (137467.80 ticks)
 177851 95851      968.3333   174     1040.0000      910.9167 17580604   12.41%
 183679 99472      965.6500   262     1040.0000      912.5000 18233648   12.26%
                                                      Cuts: 2                  
 189586 103026      969.0000   288     1040.0000      914.0556 18820638   12.11%
Elapsed time = 387.81 sec. (147508.88 ticks, tree = 5815.87 MB, solutions = 41)
Nodefile size = 5675.16 MB (4291.93 MB after compression)
 195600 106604     1002.1667   165     1040.0000      915.7740 19430526   11.94%
 200720 109769      961.5000   204     1040.0000      917.9667 20028650   11.73%
                                                      Cuts: 3                  
*201632+110349                         1037.0000      917.9667 20105627   11.48%
Found incumbent of value 1037.000000 after 410.40 sec. (155746.92 ticks)
 206835 110925     1018.4000   222     1037.0000      919.6667 20589307   11.31%
*210845+113267                         1025.0000      919.6667 20945307   10.28%
Found incumbent of value 1025.000000 after 425.23 sec. (160090.60 ticks)
 212726 103015      973.5556   224     1025.0000      921.3333 21119310   10.11%
                                                    Covers: 1                  
 217977 105808      976.0000   244     1025.0000      922.7500 21667919    9.98%
                                                  ZeroHalf: 2                  
 223653 108721      940.6357   238     1025.0000      923.5000 22280689    9.90%
 230491 112361      945.8333   212     1025.0000      926.4184 22899611    9.62%
                                                  ZeroHalf: 1                  
 236092 114954      959.3200   273     1025.0000      927.7500 23457774    9.49%
 241738 117655      957.6538   202     1025.0000      929.0000 24078040    9.37%
 248402 121071     1003.3556   226     1025.0000      929.8654 24654918    9.28%
Elapsed time = 499.65 sec. (186016.38 ticks, tree = 6725.38 MB, solutions = 43)
Nodefile size = 6583.91 MB (4925.59 MB after compression)
 254583 123896      949.5833   220     1025.0000      931.1667 25197210    9.15%
                                                  ZeroHalf: 3                  
 260612 126639        cutoff           1025.0000      932.3290 25844300    9.04%
                                                  ZeroHalf: 1                  
 266504 129522      971.7500   160     1025.0000      934.1250 26349427    8.87%
 273155 132758      993.2143   223     1025.0000      935.1691 26900840    8.76%
                                                    Covers: 1                  
 279054 135663      995.9744   290     1025.0000      936.2500 27407181    8.66%
 285911 139112      971.5000   199     1025.0000      936.8864 28040203    8.60%
 293643 142941      998.2333   255     1025.0000      937.8667 28658900    8.50%
 300562 146262     1018.1250   205     1025.0000      939.5000 29194591    8.34%
                                                     Cuts: 12                  
 305469 148470      975.5000   234     1025.0000      940.1250 29758867    8.28%
                                                      Cuts: 3                  
 313325 152320      982.0000   232     1025.0000      940.8750 30355777    8.21%
                                                    Covers: 1                  
Elapsed time = 614.61 sec. (224881.23 ticks, tree = 8349.27 MB, solutions = 43)
Nodefile size = 8210.92 MB (6087.34 MB after compression)
 319238 155093      955.0447   227     1025.0000      941.6250 30905693    8.13%
 327047 158688     1005.7857   208     1025.0000      943.0000 31555403    8.00%
                                                    Covers: 1                  
 333041 161456      981.4583   317     1025.0000      943.6667 32018874    7.93%
 340421 165064      979.5000   193     1025.0000      944.1250 32700210    7.89%
 348123 168866      964.4833   305     1025.0000      944.9006 33225637    7.81%
 355899 172505      971.3333   210     1025.0000      945.5833 33748637    7.75%
 361518 175109        cutoff           1025.0000      946.6667 34297573    7.64%
 368680 178474      996.8106   269     1025.0000      947.3750 34804884    7.57%
 375489 181687      984.5833   199     1025.0000      948.0000 35299256    7.51%
                                                  ZeroHalf: 1                  
 382078 184792      987.5094   276     1025.0000      948.4167 35892259    7.47%
                                                    Covers: 1                  
Elapsed time = 735.47 sec. (263845.10 ticks, tree = 9742.60 MB, solutions = 43)
Nodefile size = 9611.46 MB (7042.17 MB after compression)
 390790 188874        cutoff           1025.0000      949.0000 36473316    7.41%
                                                    Covers: 1                  
 396403 191431     1008.0653   328     1025.0000      950.0000 37015390    7.32%
 404573 195200      966.6859   305     1025.0000      950.5000 37558097    7.27%
 410846 198253      966.9744   346     1025.0000      951.0000 37991727    7.22%
 417332 201219      978.5833   182     1025.0000      951.2813 38528376    7.19%
 427795 205994      977.1000   284     1025.0000      952.3500 39156867    7.09%
                                                  Impl Bds: 2                  
 435020 209402        cutoff           1025.0000      952.7734 39614615    7.05%
                                                      Cuts: 7                  
 441638 212257     1002.2500   160     1025.0000      953.1500 40168383    7.01%
 451132 216396        cutoff           1025.0000      953.5000 40765954    6.98%
 457651 219272      984.3750   291     1025.0000      954.3643 41313733    6.89%
                                                      Cuts: 2                  
Elapsed time = 866.89 sec. (302874.37 ticks, tree = 11314.66 MB, solutions = 43)
Nodefile size = 11185.90 MB (8075.43 MB after compression)
 465766 223085      988.8111   273     1025.0000      954.8429 41757964    6.84%
 473490 226616      999.2024   261     1025.0000      955.2751 42272605    6.80%
                                                    Covers: 3                  
 480215 229547      978.3990   203     1025.0000      955.5357 42789810    6.78%
 489481 233544     1007.9682   180     1025.0000      956.3667 43353031    6.70%
 496870 236975     1005.5000   179     1025.0000      956.6000 43952838    6.67%
                                                    Covers: 1                  
 506125 240994      995.1667   208     1025.0000      957.0000 44468284    6.63%
                                                  ZeroHalf: 1                  
 514109 244496      961.2381   167     1025.0000      957.4167 44951427    6.59%
 519759 246832      979.6590   268     1025.0000      957.9556 45465110    6.54%
 528842 250757      987.5556   235     1025.0000      958.3333 45946852    6.50%
                                                    Covers: 1                  
 535916 253606      973.5000   142     1025.0000      958.6310 46444003    6.48%
                                                    Covers: 1                  
Elapsed time = 1005.79 sec. (341573.05 ticks, tree = 12939.58 MB, solutions = 43)
Nodefile size = 12807.65 MB (9116.94 MB after compression)
 543707 256835      970.9569   278     1025.0000      958.9167 46960763    6.45%
 551544 260132      985.6827   231     1025.0000      959.5311 47386260    6.39%
                                                      Cuts: 6                  
 559262 263330        cutoff           1025.0000      959.8333 47963118    6.36%
 568019 266926      980.4222   197     1025.0000      960.1905 48423458    6.32%
                                                    Covers: 1                  
 574654 269668     1013.7088   178     1025.0000      960.5000 48947103    6.29%
 583216 273132      965.9872   274     1025.0000      961.0000 49425910    6.24%
*586282+274367                         1024.0000      961.0000 49577490    6.15%
Found incumbent of value 1024.000000 after 1091.05 sec. (364983.04 ticks)
 591238 275563     1007.1944   302     1024.0000      961.3333 49882378    6.12%
 599554 278915      984.4045   259     1024.0000      961.5333 50429361    6.10%
 608223 282399    infeasible           1024.0000      962.2083 50879872    6.03%
                                                      Cuts: 3                  
 616086 285695      982.1379   258     1024.0000      962.4048 51437599    6.02%
Elapsed time = 1143.26 sec. (380004.81 ticks, tree = 14051.07 MB, solutions = 44)
Nodefile size = 13917.89 MB (9803.97 MB after compression)
 625646 289770     1018.1667   121     1024.0000      962.6667 51960542    5.99%
 633826 292944     1009.2333   262     1024.0000      963.2500 52380848    5.93%
 641451 296039      974.1667   214     1024.0000      963.4103 52956989    5.92%
 652158 300411      979.8333   166     1024.0000      963.7418 53488408    5.88%
                                                      Cuts: 3                  
 657644 302565      975.8897   253     1024.0000      964.1429 53962188    5.85%
                                                      Cuts: 4                  
 665777 305830      986.1667   198     1024.0000      964.3659 54362949    5.82%
 673235 308741      991.6752   212     1024.0000      964.6591 54838589    5.80%
                                                    Covers: 1                  
 682547 312413      997.8707   270     1024.0000      965.0476 55393196    5.76%
 690007 315296     1018.3929   226     1024.0000      965.2250 55942919    5.74%
 700744 319531      985.2357   267     1024.0000      965.5000 56462304    5.71%
Elapsed time = 1286.03 sec. (418473.08 ticks, tree = 15306.87 MB, solutions = 44)
Nodefile size = 15166.52 MB (10584.00 MB after compression)
 706759 321896      983.4815   113     1024.0000      965.8718 56917641    5.68%
 716472 325957      996.1250   214     1024.0000      966.0427 57378583    5.66%
 724401 329309      984.4000   316     1024.0000      966.3214 57832943    5.63%
                                                    Covers: 1                  
 732918 332452      989.8333   202     1024.0000      966.6833 58332737    5.60%
                                                  Impl Bds: 1                  
 741182 335633      985.0000   257     1024.0000      966.9000 58760458    5.58%
                                                  ZeroHalf: 2                  
 748630 338429      998.8333   125     1024.0000      967.0000 59281051    5.57%
 758233 341957     1011.1429   228     1024.0000      967.4731 59725762    5.52%
 766397 345007     1005.5000   171     1024.0000      967.6000 60293307    5.51%
 776720 348868      970.0667   187     1024.0000      967.8500 60788567    5.48%
 783867 351643     1005.5000   264     1024.0000      968.1667 61271451    5.45%
Elapsed time = 1436.60 sec. (456944.00 ticks, tree = 16497.29 MB, solutions = 44)
Nodefile size = 16365.74 MB (11327.78 MB after compression)
 792982 355192      997.1667   238     1024.0000      968.3462 61678293    5.43%
 799473 357587     1008.4333   197     1024.0000      968.5079 62129889    5.42%
 810019 361418     1022.4583   266     1024.0000      968.8571 62644751    5.39%
                                                      Cuts: 2                  
 817047 363874     1002.5214   202     1024.0000      969.0635 63072701    5.36%
                                                    Covers: 1                  
 827056 367521      978.5458   298     1024.0000      969.3939 63606082    5.33%
 835918 370776     1018.3077   314     1024.0000      969.5769 64057320    5.31%
 845342 374050      971.2270   213     1024.0000      969.7333 64581333    5.30%
 853362 376976      993.0250   195     1024.0000      970.0207 65076416    5.27%
                                                    Covers: 1                  
 862023 380214      971.8954   296     1024.0000      970.2500 65558344    5.25%
 871173 383479      979.5278   248     1024.0000      970.5357 66036779    5.22%
Elapsed time = 1588.78 sec. (495428.98 ticks, tree = 17765.95 MB, solutions = 44)
Nodefile size = 17635.41 MB (12118.89 MB after compression)
 879739 386399        cutoff           1024.0000      970.7381 66478659    5.20%
 890001 390004     1009.8333   239     1024.0000      971.0000 67039720    5.18%
                                                    Covers: 1                  
 899244 393137      987.3000   160     1024.0000      971.2000 67496564    5.16%
 909445 396662        cutoff           1024.0000      971.5000 68052816    5.13%
                                                    Covers: 1                  
 918580 399694     1021.6429   267     1024.0000      971.6111 68588325    5.12%
 927261 402430      986.4872   199     1024.0000      971.8795 69096613    5.09%
 935905 405245      973.1346   191     1024.0000      972.0595 69581866    5.07%
 945531 408292      974.7616   280     1024.0000      972.3333 70087008    5.05%
 953688 410956      998.6667   124     1024.0000      972.5000 70519765    5.03%
 964158 414392      975.0619   240     1024.0000      972.7750 71102880    5.00%
Elapsed time = 1749.50 sec. (535809.10 ticks, tree = 18626.51 MB, solutions = 44)
Nodefile size = 18497.24 MB (12639.43 MB after compression)
 973004 417170      998.5909   274     1024.0000      972.9167 71615031    4.99%
 980758 419495      994.3485   218     1024.0000      973.1389 72160644    4.97%
                                                    Covers: 1                  
 990913 422673     1004.8333   178     1024.0000      973.3206 72586201    4.95%
 997995 424671        cutoff           1024.0000      973.4896 73067967    4.93%
                                                    Covers: 1                  
 1007887 427739      975.2917   194     1024.0000      973.7167 73544014    4.91%
 1017021 430509      983.8046   267     1024.0000      973.8571 74060510    4.90%
                                                    Covers: 1                  
 1026119 433233      986.6667   200     1024.0000      974.1000 74506398    4.87%
 1034499 435659     1009.0833   173     1024.0000      974.2500 74984845    4.86%
 1043078 438212      991.0000   169     1024.0000      974.5000 75455525    4.83%
                                                    Covers: 1                  
 1052358 441142     1009.5750   250     1024.0000      974.5833 76030193    4.83%
                                                  ZeroHalf: 1                  
Elapsed time = 1896.77 sec. (574116.96 ticks, tree = 19264.17 MB, solutions = 44)
Nodefile size = 19129.23 MB (13013.69 MB after compression)
 1061423 443939     1020.1111   135     1024.0000      974.9000 76402751    4.79%
                                                    Covers: 1                  
 1069935 446499      975.4000   136     1024.0000      975.0000 76956402    4.79%
 1079754 449283        cutoff           1024.0000      975.2500 77360262    4.76%
 1089001 451864      994.9000   175     1024.0000      975.3351 77910716    4.75%
 1098692 454556     1010.2958   242     1024.0000      975.6333 78332156    4.72%
                                                    Covers: 1                  
 1107932 457119      990.4091   235     1024.0000      975.7231 78905162    4.71%
 1116698 459763     1011.0833   279     1024.0000      976.0000 79407148    4.69%
 1124781 462005     1020.8667   248     1024.0000      976.0833 79846862    4.68%
                                                    Covers: 1                  
 1134117 464718     1011.5833   152     1024.0000      976.3000 80330368    4.66%
 1142823 467069      989.8333   211     1024.0000      976.4667 80779775    4.64%
Elapsed time = 2055.19 sec. (612704.74 ticks, tree = 20020.66 MB, solutions = 44)
Nodefile size = 19892.23 MB (13472.86 MB after compression)
 1152181 469797     1000.2000   273     1024.0000      976.6667 81272368    4.62%
 1161327 472449        cutoff           1024.0000      976.7889 81712561    4.61%
 1171217 475094        cutoff           1024.0000      977.0000 82234270    4.59%
                                                    Covers: 1                  
 1179381 477240     1021.3750   344     1024.0000      977.1111 82635489    4.58%
 1189362 479670        cutoff           1024.0000      977.3333 83176145    4.56%
 1197854 482042      987.3333   227     1024.0000      977.4649 83590097    4.54%
 1207155 484224        cutoff           1024.0000      977.6667 84115603    4.52%
 1216203 486626      989.2069   221     1024.0000      977.8000 84562978    4.51%
 1225712 488946    infeasible           1024.0000      978.0000 85065439    4.49%
 1234057 490952      998.0417   270     1024.0000      978.0833 85504318    4.48%
Elapsed time = 2214.98 sec. (651164.00 ticks, tree = 20705.08 MB, solutions = 44)
Nodefile size = 20576.65 MB (13877.90 MB after compression)
 1243533 493205      978.8167   170     1024.0000      978.2917 85981982    4.46%
 1253056 495559      980.7587   258     1024.0000      978.3397 86546021    4.46%
 1262015 497596      985.3000   171     1024.0000      978.5833 86955934    4.44%
                                                    Covers: 1                  
 1270919 499810      983.2803   262     1024.0000      978.6731 87480202    4.43%
 1280838 502224      992.3000   175     1024.0000      978.9211 87914813    4.40%
 1288684 503897     1005.3473   191     1024.0000      979.0000 88435034    4.39%
 1298118 505973        cutoff           1024.0000      979.2458 88844356    4.37%
 1307927 508071      991.2833   217     1024.0000      979.2788 89380423    4.37%
 1317484 510474      987.2819   300     1024.0000      979.5024 89849076    4.35%
 1327192 512839      995.1026   194     1024.0000      979.6988 90370535    4.33%
Elapsed time = 2368.89 sec. (689847.01 ticks, tree = 21080.58 MB, solutions = 44)
Nodefile size = 20951.86 MB (14082.18 MB after compression)
 1336250 514941     1015.7500   193     1024.0000      979.7667 90922416    4.32%
 1345659 517031        cutoff           1024.0000      980.0000 91312840    4.30%
 1354280 518952    infeasible           1024.0000      980.0333 91826838    4.29%
 1363873 520861      983.5000   146     1024.0000      980.2833 92288824    4.27%
 1372987 522910      995.6750   359     1024.0000      980.3776 92793227    4.26%
 1382282 524949     1011.0208   219     1024.0000      980.5415 93283866    4.24%
                                                    Covers: 2                  
 1392096 527190      990.7436   200     1024.0000      980.7372 93789351    4.22%
                                                  ZeroHalf: 1                  
 1401068 529039     1001.9145   210     1024.0000      980.8364 94227740    4.22%
 1409913 530642        cutoff           1024.0000      981.0000 94728451    4.20%
 1420082 532700     1016.6111   262     1024.0000      981.0833 95280171    4.19%
Elapsed time = 2520.15 sec. (728469.85 ticks, tree = 21001.44 MB, solutions = 44)
Nodefile size = 20865.89 MB (13992.15 MB after compression)
 1429086 534563      994.2652   209     1024.0000      981.3000 95646165    4.17%
 1439950 536818     1001.7000   180     1024.0000      981.5000 96224382    4.15%
 1449662 538754     1021.7143   245     1024.0000      981.5500 96701608    4.15%
 1458109 540456        cutoff           1024.0000      981.7143 97224933    4.13%
                                                    Covers: 1                  
 1467647 542188      996.0417   183     1024.0000      981.8333 97730855    4.12%
 1476688 543576        cutoff           1024.0000      982.0000 98166310    4.10%
 1485273 545175      994.2626   264     1024.0000      982.1111 98653848    4.09%
 1496444 547204     1005.1000   301     1024.0000      982.2833 99108322    4.07%
 1505433 548890     1001.3333   166     1024.0000      982.4818 99622861    4.05%
 1514053 550037      988.3667   201     1024.0000      982.5438 1.00e+08    4.05%
Elapsed time = 2680.46 sec. (767194.50 ticks, tree = 21256.13 MB, solutions = 44)
Nodefile size = 21127.65 MB (14122.63 MB after compression)
 1524611 552095      989.0667   236     1024.0000      982.7381 1.01e+08    4.03%
                                                    Covers: 1                  
 1535159 553966     1007.0143   177     1024.0000      982.9167 1.01e+08    4.01%
                                                    Covers: 1                  
 1544215 555279        cutoff           1024.0000      983.0000 1.02e+08    4.00%
 1553105 556722     1003.9167   153     1024.0000      983.1389 1.02e+08    3.99%
 1564526 558642        cutoff           1024.0000      983.3333 1.03e+08    3.97%
 1574313 560327        cutoff           1024.0000      983.4103 1.03e+08    3.96%
 1582975 561786      990.2500   261     1024.0000      983.5714 1.04e+08    3.95%
 1594317 563439        cutoff           1024.0000      983.7564 1.04e+08    3.93%
 1603354 565012     1001.4167   158     1024.0000      983.8333 1.05e+08    3.92%
 1612450 566454        cutoff           1024.0000      983.9840 1.05e+08    3.91%
Elapsed time = 2839.52 sec. (806729.40 ticks, tree = 21033.40 MB, solutions = 44)
Nodefile size = 20903.91 MB (13943.46 MB after compression)
 1621706 567835        cutoff           1024.0000      984.1310 1.06e+08    3.89%
                                                    Covers: 2                  
 1632963 569410        cutoff           1024.0000      984.2379 1.06e+08    3.88%
                                                    Covers: 2                  
 1641042 570773     1005.2500   189     1024.0000      984.3762 1.07e+08    3.87%
 1652245 572297      997.3782   198     1024.0000      984.5000 1.07e+08    3.86%
 1660207 573694      987.4103   204     1024.0000      984.6122 1.08e+08    3.85%
                                                    Covers: 1                  
 1669435 574948        cutoff           1024.0000      984.7872 1.08e+08    3.83%
                                                    Covers: 1                  
 1681401 576943      995.8000   145     1024.0000      984.8960 1.09e+08    3.82%
 1688264 577696      995.6857   198     1024.0000      985.0000 1.09e+08    3.81%
 1698536 578961      993.1876   216     1024.0000      985.1250 1.09e+08    3.80%
 1707891 580198        cutoff           1024.0000      985.2818 1.10e+08    3.78%
Elapsed time = 2996.47 sec. (845007.80 ticks, tree = 21022.47 MB, solutions = 44)
Nodefile size = 20891.48 MB (13898.96 MB after compression)
 1718231 581501      988.6667   220     1024.0000      985.4727 1.10e+08    3.76%
                                                    Covers: 1                  
 1726070 582242        cutoff           1024.0000      985.5000 1.11e+08    3.76%
 1736329 583586     1014.5000   289     1024.0000      985.6971 1.11e+08    3.74%
 1746417 584596     1010.6818   156     1024.0000      985.8627 1.12e+08    3.72%
 1756657 585983      999.6667   164     1024.0000      985.9167 1.12e+08    3.72%
                                                    Covers: 1                  
 1765195 586589      990.4268   311     1024.0000      986.0833 1.13e+08    3.70%
 1775544 587901     1015.9167   193     1024.0000      986.2500 1.13e+08    3.69%
 1785165 589008        cutoff           1024.0000      986.3000 1.14e+08    3.68%
 1794681 590059      990.7000   321     1024.0000      986.4940 1.14e+08    3.66%
 1803852 591003        cutoff           1024.0000      986.6111 1.15e+08    3.65%
Elapsed time = 3159.39 sec. (883787.91 ticks, tree = 20826.33 MB, solutions = 44)
Nodefile size = 20697.38 MB (13742.17 MB after compression)
 1813612 592281      989.7063   281     1024.0000      986.6857 1.15e+08    3.64%
 1824105 593264      993.1000   222     1024.0000      986.8500 1.16e+08    3.63%
 1833134 593987     1014.5833   189     1024.0000      986.9444 1.16e+08    3.62%
 1841954 594609        cutoff           1024.0000      987.0714 1.17e+08    3.61%
 1852375 595542        cutoff           1024.0000      987.2333 1.17e+08    3.59%
                                                    Covers: 1                  
 1861918 596132     1004.4167   243     1024.0000      987.3611 1.18e+08    3.58%
 1871777 597086      993.8333   211     1024.0000      987.4500 1.18e+08    3.57%
 1881764 597639      995.1389   135     1024.0000      987.5833 1.19e+08    3.56%
 1890405 598298     1004.4167   228     1024.0000      987.7333 1.19e+08    3.54%
                                                    Covers: 1                  
 1899915 598971     1022.1293   225     1024.0000      987.8333 1.20e+08    3.53%
Elapsed time = 3311.80 sec. (922075.79 ticks, tree = 20480.79 MB, solutions = 44)
Nodefile size = 20352.24 MB (13490.62 MB after compression)
 1911071 599841        cutoff           1024.0000      987.9654 1.20e+08    3.52%
                                                    Covers: 1                  
 1918755 600053        cutoff           1024.0000      988.0833 1.20e+08    3.51%
 1928113 600657     1013.6746   229     1024.0000      988.1667 1.21e+08    3.50%
 1939017 601391      991.0000   203     1024.0000      988.3046 1.21e+08    3.49%
                                                    Covers: 1                  
 1948318 601983     1010.0000    94     1024.0000      988.4545 1.22e+08    3.47%
                                                    Covers: 1                  
 1958120 602399     1012.6000   168     1024.0000      988.5000 1.23e+08    3.47%
 1966975 603028        cutoff           1024.0000      988.6667 1.23e+08    3.45%
                                                  ZeroHalf: 1                  
 1977461 603676        cutoff           1024.0000      988.8214 1.23e+08    3.44%
 1985650 604135     1021.3333   194     1024.0000      988.9032 1.24e+08    3.43%
 1994879 604461        cutoff           1024.0000      989.0000 1.24e+08    3.42%
Elapsed time = 3465.30 sec. (960338.17 ticks, tree = 19883.21 MB, solutions = 44)
Nodefile size = 19754.38 MB (13075.59 MB after compression)
 2005745 605070      996.2870   241     1024.0000      989.1429 1.25e+08    3.40%
 2015054 605392    infeasible           1024.0000      989.2778 1.25e+08    3.39%
                                                    Covers: 1                  
 2026390 606064     1015.5417   176     1024.0000      989.3643 1.26e+08    3.38%
 2034432 606217      998.4409   286     1024.0000      989.5000 1.26e+08    3.37%
                                                    Covers: 1                  
 2044129 606743     1014.1444   198     1024.0000      989.6222 1.27e+08    3.36%
 2055496 607336        cutoff           1024.0000      989.7000 1.27e+08    3.35%
 2064302 607696      995.0429   249     1024.0000      989.8333 1.28e+08    3.34%
 2074176 607989     1002.7500   173     1024.0000      990.0000 1.28e+08    3.32%
                                                  ZeroHalf: 1                  
 2084144 608240     1012.0833   173     1024.0000      990.1034 1.29e+08    3.31%
 2093329 608499     1019.5769   147     1024.0000      990.1833 1.29e+08    3.30%
Elapsed time = 3623.63 sec. (998972.19 ticks, tree = 19259.14 MB, solutions = 44)
Nodefile size = 19129.93 MB (12651.15 MB after compression)
 2104105 608863        cutoff           1024.0000      990.3333 1.30e+08    3.29%
 2113865 609388     1019.4740   189     1024.0000      990.4667 1.30e+08    3.27%
 2123474 609679     1004.8667   180     1024.0000      990.5159 1.31e+08    3.27%
                                                  ZeroHalf: 1                  
 2132836 610010     1013.6653   238     1024.0000      990.6500 1.31e+08    3.26%
 2143079 610415     1017.1500   209     1024.0000      990.7845 1.32e+08    3.24%
 2152939 610810        cutoff           1024.0000      990.9167 1.32e+08    3.23%
 2161234 610745     1007.7788   221     1024.0000      991.0000 1.32e+08    3.22%
 2172407 611012      994.6462   222     1024.0000      991.0952 1.33e+08    3.21%
 2181830 611127      996.8750   262     1024.0000      991.2333 1.33e+08    3.20%
 2192931 611168      995.7500   273     1024.0000      991.3067 1.34e+08    3.19%
Elapsed time = 3778.53 sec. (1037303.45 ticks, tree = 18851.54 MB, solutions = 44)
Nodefile size = 18718.41 MB (12358.13 MB after compression)
 2202254 611453        cutoff           1024.0000      991.4167 1.34e+08    3.18%
                                                    Covers: 1                  
 2210978 611519        cutoff           1024.0000      991.5333 1.35e+08    3.17%
 2220960 611697     1002.7000   175     1024.0000      991.6857 1.35e+08    3.16%
 2231022 611882        cutoff           1024.0000      991.7500 1.36e+08    3.15%
 2240152 612122        cutoff           1024.0000      991.8708 1.36e+08    3.14%
 2249306 611864        cutoff           1024.0000      992.0000 1.37e+08    3.12%
 2259878 611936        cutoff           1024.0000      992.1389 1.37e+08    3.11%
                                                    Covers: 1                  
 2269364 611775     1003.2500   223     1024.0000      992.2083 1.38e+08    3.10%
 2278274 611720        cutoff           1024.0000      992.3333 1.38e+08    3.09%
 2290222 611759        cutoff           1024.0000      992.4583 1.39e+08    3.08%
Elapsed time = 3934.66 sec. (1075918.66 ticks, tree = 18161.26 MB, solutions = 44)
Nodefile size = 18031.18 MB (11890.96 MB after compression)
 2299290 611576        cutoff           1024.0000      992.5661 1.39e+08    3.07%
 2309152 611493     1019.2652   181     1024.0000      992.6533 1.40e+08    3.06%
 2320280 611302        cutoff           1024.0000      992.7500 1.40e+08    3.05%
 2328432 611500        cutoff           1024.0000      992.8776 1.41e+08    3.04%
 2339126 611033        cutoff           1024.0000      993.0000 1.41e+08    3.03%
 2348562 610836     1001.8286   230     1024.0000      993.0358 1.42e+08    3.02%
 2358354 610872      999.6273   196     1024.0000      993.1753 1.42e+08    3.01%
 2368202 610907      996.9333   206     1024.0000      993.3120 1.43e+08    3.00%
 2377721 610797      995.0119   253     1024.0000      993.4167 1.43e+08    2.99%
 2387279 610430        cutoff           1024.0000      993.5000 1.44e+08    2.98%
Elapsed time = 4086.01 sec. (1114369.68 ticks, tree = 17592.08 MB, solutions = 44)
Nodefile size = 17463.33 MB (11500.01 MB after compression)
 2398022 610367     1004.6667   115     1024.0000      993.5865 1.44e+08    2.97%
                                                    Covers: 1                  
 2406404 610336        cutoff           1024.0000      993.7083 1.45e+08    2.96%
 2416361 610021      997.0952   168     1024.0000      993.8333 1.45e+08    2.95%
 2427875 609670     1019.2037   207     1024.0000      993.9000 1.45e+08    2.94%
 2435281 609053        cutoff           1024.0000      994.0000 1.46e+08    2.93%
 2444807 608790     1010.4120   244     1024.0000      994.1231 1.47e+08    2.92%
 2454999 608249        cutoff           1024.0000      994.2500 1.47e+08    2.91%
 2464739 608186      995.1003   207     1024.0000      994.3000 1.47e+08    2.90%
 2474344 607809        cutoff           1024.0000      994.4167 1.48e+08    2.89%
 2484154 607156     1003.4310   241     1024.0000      994.5357 1.48e+08    2.88%
Elapsed time = 4239.40 sec. (1152606.33 ticks, tree = 16868.41 MB, solutions = 44)
Nodefile size = 16739.80 MB (11014.20 MB after compression)
 2493961 606737     1018.7000   132     1024.0000      994.6667 1.49e+08    2.86%
 2504109 606202        cutoff           1024.0000      994.7731 1.49e+08    2.85%
 2513769 605839        cutoff           1024.0000      994.8333 1.50e+08    2.85%
 2522951 605301      999.9333   167     1024.0000      994.9667 1.50e+08    2.84%
 2533217 604531     1006.0833   128     1024.0000      995.0500 1.51e+08    2.83%
 2543082 604180     1005.8250   151     1024.0000      995.1667 1.51e+08    2.82%
 2551945 603544     1005.9583   166     1024.0000      995.2500 1.52e+08    2.81%
 2561500 603125     1019.1250   140     1024.0000      995.3333 1.52e+08    2.80%
 2572789 602731        cutoff           1024.0000      995.4667 1.53e+08    2.79%
 2581875 601789        cutoff           1024.0000      995.5714 1.53e+08    2.78%
Elapsed time = 4385.96 sec. (1191119.28 ticks, tree = 15887.23 MB, solutions = 44)
Nodefile size = 15757.55 MB (10365.22 MB after compression)
 2591351 601247        cutoff           1024.0000      995.6786 1.54e+08    2.77%
 2602499 600279        cutoff           1024.0000      995.7500 1.54e+08    2.76%
 2610924 599747        cutoff           1024.0000      995.8556 1.55e+08    2.75%
 2620611 599000     1017.5909   188     1024.0000      995.9833 1.55e+08    2.74%
 2630024 598041     1020.8214   230     1024.0000      996.0714 1.56e+08    2.73%
 2641210 597112     1008.5556   156     1024.0000      996.2091 1.56e+08    2.71%
 2650886 596340     1003.9394   157     1024.0000      996.2500 1.57e+08    2.71%
 2660027 595756        cutoff           1024.0000      996.3500 1.57e+08    2.70%
 2670165 594726     1008.5769   331     1024.0000      996.5000 1.58e+08    2.69%
 2681813 593633        cutoff           1024.0000      996.5992 1.58e+08    2.68%
Elapsed time = 4535.86 sec. (1230030.15 ticks, tree = 15005.07 MB, solutions = 44)
Nodefile size = 14875.25 MB (9776.28 MB after compression)
 2690576 593178      998.3067   257     1024.0000      996.7000 1.59e+08    2.67%
 2701665 592419     1012.6579   176     1024.0000      996.8333 1.59e+08    2.65%
 2711792 591609     1012.7407   280     1024.0000      996.8750 1.60e+08    2.65%
 2720957 590439     1011.0119   177     1024.0000      997.0000 1.60e+08    2.64%
 2731268 589588        cutoff           1024.0000      997.0833 1.61e+08    2.63%
 2741187 588803     1003.1351   198     1024.0000      997.2204 1.61e+08    2.62%
 2751207 587960        cutoff           1024.0000      997.3333 1.62e+08    2.60%
 2760156 587166     1003.8333   199     1024.0000      997.3618 1.62e+08    2.60%
 2768705 586351     1001.7500   271     1024.0000      997.5000 1.63e+08    2.59%
 2779760 585241        cutoff           1024.0000      997.5889 1.63e+08    2.58%
Elapsed time = 4683.92 sec. (1268594.43 ticks, tree = 14046.40 MB, solutions = 44)
Nodefile size = 13916.61 MB (9139.24 MB after compression)
 2788892 584393     1001.5606   208     1024.0000      997.6875 1.64e+08    2.57%
 2800220 583290    infeasible           1024.0000      997.8305 1.64e+08    2.56%
 2809630 582249        cutoff           1024.0000      997.8522 1.65e+08    2.55%
 2819034 581321      998.0000   206     1024.0000      998.0000 1.65e+08    2.54%
 2829644 579995     1002.6250   163     1024.0000      998.0833 1.66e+08    2.53%
 2838244 579182    infeasible           1024.0000      998.1833 1.66e+08    2.52%
 2849171 577891     1022.0417   149     1024.0000      998.3063 1.67e+08    2.51%
 2859064 576882     1010.6667   166     1024.0000      998.3333 1.67e+08    2.51%
 2868433 575775        cutoff           1024.0000      998.4583 1.68e+08    2.49%
 2877854 574554    infeasible           1024.0000      998.5632 1.68e+08    2.48%
Elapsed time = 4831.37 sec. (1307119.63 ticks, tree = 13303.64 MB, solutions = 44)
Nodefile size = 13174.88 MB (8640.12 MB after compression)
 2888277 573468     1022.3182   249     1024.0000      998.6667 1.69e+08    2.47%
 2897796 572446     1012.2667   156     1024.0000      998.7727 1.69e+08    2.46%
 2907631 571427        cutoff           1024.0000      998.8750 1.70e+08    2.45%
 2919060 570064     1005.7619   187     1024.0000      998.9372 1.70e+08    2.45%
 2927649 568595     1004.2336   264     1024.0000      999.0333 1.71e+08    2.44%
 2937707 567452     1009.1500   169     1024.0000      999.1667 1.71e+08    2.43%
 2948081 566141     1003.8000   214     1024.0000      999.2601 1.72e+08    2.42%
 2957058 565004        cutoff           1024.0000      999.3750 1.72e+08    2.40%
 2967677 563549     1019.3618   187     1024.0000      999.4429 1.73e+08    2.40%
 2976478 562078     1004.5833   156     1024.0000      999.5429 1.73e+08    2.39%
Elapsed time = 4978.33 sec. (1345367.11 ticks, tree = 12324.50 MB, solutions = 44)
Nodefile size = 12196.24 MB (7994.23 MB after compression)
 2987354 560551     1016.5333   142     1024.0000      999.6667 1.73e+08    2.38%
 2996828 559402        cutoff           1024.0000      999.7500 1.74e+08    2.37%
 3005966 558240     1010.2222   163     1024.0000      999.8571 1.75e+08    2.36%
 3017296 556716        cutoff           1024.0000     1000.0000 1.75e+08    2.34%
 3025234 555202        cutoff           1024.0000     1000.0000 1.75e+08    2.34%
 3035533 553974        cutoff           1024.0000     1000.1429 1.76e+08    2.33%
 3046651 552181     1008.0238   245     1024.0000     1000.2500 1.76e+08    2.32%
 3055511 550854        cutoff           1024.0000     1000.3333 1.77e+08    2.31%
 3066710 549272     1014.3000   151     1024.0000     1000.4808 1.77e+08    2.30%
 3076218 547632        cutoff           1024.0000     1000.5714 1.78e+08    2.29%
Elapsed time = 5126.59 sec. (1383811.87 ticks, tree = 11306.64 MB, solutions = 44)
Nodefile size = 11178.27 MB (7324.02 MB after compression)
 3086216 546132     1011.5524   171     1024.0000     1000.6098 1.78e+08    2.28%
 3095261 544718     1014.7244   209     1024.0000     1000.7375 1.79e+08    2.27%
 3106588 543298     1007.6312   275     1024.0000     1000.8333 1.79e+08    2.26%
 3115998 541605     1005.0000    86     1024.0000     1000.9500 1.80e+08    2.25%
 3124007 540018        cutoff           1024.0000     1001.0346 1.80e+08    2.24%
 3135375 538280        cutoff           1024.0000     1001.1000 1.81e+08    2.24%
 3144940 536476        cutoff           1024.0000     1001.2091 1.81e+08    2.23%
 3154394 535060        cutoff           1024.0000     1001.3333 1.82e+08    2.21%
 3165663 533283    infeasible           1024.0000     1001.4429 1.82e+08    2.20%
 3174700 531477        cutoff           1024.0000     1001.5278 1.83e+08    2.19%
Elapsed time = 5270.49 sec. (1422185.63 ticks, tree = 10329.97 MB, solutions = 44)
Nodefile size = 10201.71 MB (6678.63 MB after compression)
 3185816 529921     1013.3810   141     1024.0000     1001.6667 1.83e+08    2.18%
 3195997 528359        cutoff           1024.0000     1001.7500 1.84e+08    2.17%
 3204807 527255     1020.1667   233     1024.0000     1001.8030 1.84e+08    2.17%
 3214693 525638     1006.2087   233     1024.0000     1001.9167 1.85e+08    2.16%
 3224054 523997        cutoff           1024.0000     1002.0000 1.85e+08    2.15%
 3235074 522402     1003.8471   253     1024.0000     1002.1061 1.86e+08    2.14%
 3244639 520872     1013.4917   258     1024.0000     1002.2051 1.86e+08    2.13%
 3255796 519265    infeasible           1024.0000     1002.3333 1.86e+08    2.12%
 3265574 517653        cutoff           1024.0000     1002.3667 1.87e+08    2.11%
 3274861 516007        cutoff           1024.0000     1002.4780 1.88e+08    2.10%
Elapsed time = 5418.37 sec. (1460847.27 ticks, tree = 9661.27 MB, solutions = 44)
Nodefile size = 9532.22 MB (6233.92 MB after compression)
 3284999 514321     1013.9583   143     1024.0000     1002.5833 1.88e+08    2.09%
 3294615 512809     1009.7059   234     1024.0000     1002.6756 1.89e+08    2.08%
 3304941 510948     1016.6894   246     1024.0000     1002.7833 1.89e+08    2.07%
 3314306 509469     1022.1250   157     1024.0000     1002.8731 1.90e+08    2.06%
 3325828 507536     1015.3333   155     1024.0000     1003.0000 1.90e+08    2.05%
 3335478 505888     1014.2040   286     1024.0000     1003.0000 1.91e+08    2.05%
 3345145 504431     1007.5296   253     1024.0000     1003.1429 1.91e+08    2.04%
 3355933 502390     1019.1750   256     1024.0000     1003.2500 1.91e+08    2.03%
 3365284 500660     1017.9256   209     1024.0000     1003.3333 1.92e+08    2.02%
 3375453 499149        cutoff           1024.0000     1003.4405 1.92e+08    2.01%
Elapsed time = 5565.11 sec. (1499377.97 ticks, tree = 8769.35 MB, solutions = 44)
Nodefile size = 8639.65 MB (5645.57 MB after compression)
 3384866 497036        cutoff           1024.0000     1003.5333 1.93e+08    2.00%
 3396165 495320        cutoff           1024.0000     1003.6667 1.93e+08    1.99%
 3406071 493331     1022.2597   193     1024.0000     1003.7000 1.94e+08    1.98%
 3415561 491718     1009.8538   204     1024.0000     1003.8333 1.94e+08    1.97%
 3425568 489747     1013.0337   204     1024.0000     1003.9167 1.95e+08    1.96%
 3435982 487543     1007.6250   259     1024.0000     1004.0000 1.95e+08    1.95%
 3445830 485739     1020.7500   147     1024.0000     1004.1190 1.96e+08    1.94%
 3455612 483742    infeasible           1024.0000     1004.2134 1.96e+08    1.93%
 3466710 481597        cutoff           1024.0000     1004.3333 1.97e+08    1.92%
 3476433 479591     1006.0444   205     1024.0000     1004.3746 1.97e+08    1.92%
Elapsed time = 5712.27 sec. (1537831.67 ticks, tree = 7936.25 MB, solutions = 44)
Nodefile size = 7805.09 MB (5098.66 MB after compression)
 3486271 477568        cutoff           1024.0000     1004.4808 1.98e+08    1.91%
 3495824 475778     1020.4375   223     1024.0000     1004.5714 1.98e+08    1.90%
 3505828 473879     1018.9643   214     1024.0000     1004.6667 1.99e+08    1.89%
 3516123 471632        cutoff           1024.0000     1004.7857 1.99e+08    1.88%
 3527017 469534     1006.5833   176     1024.0000     1004.9000 2.00e+08    1.87%
 3536379 467248        cutoff           1024.0000     1005.0000 2.00e+08    1.86%
 3545756 465168     1020.0862   224     1024.0000     1005.0833 2.01e+08    1.85%
 3555727 463147     1014.8485   196     1024.0000     1005.1724 2.01e+08    1.84%
 3567248 460586        cutoff           1024.0000     1005.2500 2.02e+08    1.83%
 3576045 458658        cutoff           1024.0000     1005.3333 2.02e+08    1.82%
Elapsed time = 5856.91 sec. (1576020.45 ticks, tree = 7099.62 MB, solutions = 44)
Nodefile size = 6971.52 MB (4554.81 MB after compression)
 3586156 456659     1014.2667   124     1024.0000     1005.4444 2.03e+08    1.81%
 3595921 454439    infeasible           1024.0000     1005.5556 2.03e+08    1.80%
 3606094 452248        cutoff           1024.0000     1005.6667 2.04e+08    1.79%
 3616600 449694     1016.0000   163     1024.0000     1005.7500 2.04e+08    1.78%
 3626071 447771     1017.1632   198     1024.0000     1005.8333 2.05e+08    1.77%
 3636485 445301        cutoff           1024.0000     1005.9524 2.05e+08    1.76%
 3646675 442700    infeasible           1024.0000     1006.0500 2.06e+08    1.75%
 3657397 440276     1012.1667   195     1024.0000     1006.1667 2.06e+08    1.74%
 3667717 437652     1013.5833   141     1024.0000     1006.2167 2.07e+08    1.74%
 3676396 435650    infeasible           1024.0000     1006.3333 2.07e+08    1.73%
Elapsed time = 5999.18 sec. (1614571.64 ticks, tree = 6327.81 MB, solutions = 44)
Nodefile size = 6200.07 MB (4055.05 MB after compression)
 3688146 432720     1008.9868   189     1024.0000     1006.4167 2.08e+08    1.72%
 3697637 430266     1034.5714   219     1024.0000     1006.5000 2.08e+08    1.71%
 3707622 428017        cutoff           1024.0000     1006.6333 2.09e+08    1.70%
 3717523 425439     1012.0000   224     1024.0000     1006.7500 2.09e+08    1.68%
 3727308 423111     1017.4219   249     1024.0000     1006.8333 2.10e+08    1.68%
 3737811 420281     1021.3000   201     1024.0000     1006.9487 2.10e+08    1.67%
 3747403 417673     1011.3793   233     1024.0000     1007.0278 2.11e+08    1.66%
 3759089 414663    infeasible           1024.0000     1007.1000 2.11e+08    1.65%
 3768043 412301     1021.8961   183     1024.0000     1007.1896 2.12e+08    1.64%
 3778130 409693        cutoff           1024.0000     1007.3077 2.12e+08    1.63%
Elapsed time = 6142.33 sec. (1652865.83 ticks, tree = 5593.71 MB, solutions = 44)
Nodefile size = 5467.15 MB (3577.40 MB after compression)
 3788081 407000     1017.4583   151     1024.0000     1007.4167 2.13e+08    1.62%
 3797899 404265     1015.1500   205     1024.0000     1007.5134 2.13e+08    1.61%
 3808902 401355     1017.3333   138     1024.0000     1007.6290 2.14e+08    1.60%
 3818865 398652        cutoff           1024.0000     1007.7250 2.14e+08    1.59%
 3828425 396065     1014.8500   266     1024.0000     1007.8333 2.15e+08    1.58%
 3838113 393064        cutoff           1024.0000     1007.9325 2.15e+08    1.57%
 3849070 389871     1013.8910   253     1024.0000     1008.0375 2.16e+08    1.56%
 3859389 386858        cutoff           1024.0000     1008.1636 2.16e+08    1.55%
 3868721 384051     1013.6667   255     1024.0000     1008.2000 2.17e+08    1.54%
 3878172 381361     1020.3447   236     1024.0000     1008.3333 2.17e+08    1.53%
Elapsed time = 6283.19 sec. (1691173.26 ticks, tree = 4924.12 MB, solutions = 44)
Nodefile size = 4795.74 MB (3139.18 MB after compression)
 3887967 378554     1014.4424   239     1024.0000     1008.4167 2.18e+08    1.52%
 3897949 375373        cutoff           1024.0000     1008.5065 2.18e+08    1.51%
 3909575 371977        cutoff           1024.0000     1008.6500 2.19e+08    1.50%
 3918885 369127     1008.7833   152     1024.0000     1008.7500 2.19e+08    1.49%
 3929246 366033     1017.3947   174     1024.0000     1008.8389 2.20e+08    1.48%
 3939389 362835     1017.9722   172     1024.0000     1008.9667 2.20e+08    1.47%
 3950019 359411        cutoff           1024.0000     1009.0769 2.21e+08    1.46%
 3960734 356109     1012.6667   226     1024.0000     1009.1923 2.21e+08    1.45%
 3970833 353005     1014.8288   253     1024.0000     1009.3056 2.22e+08    1.44%
 3980976 349854     1010.9167   215     1024.0000     1009.4056 2.22e+08    1.43%
Elapsed time = 6419.97 sec. (1729437.19 ticks, tree = 4137.99 MB, solutions = 44)
Nodefile size = 4009.18 MB (2632.98 MB after compression)
 3991352 346350        cutoff           1024.0000     1009.5091 2.23e+08    1.42%
 4001631 343063        cutoff           1024.0000     1009.6348 2.24e+08    1.40%
 4012111 339446        cutoff           1024.0000     1009.6894 2.24e+08    1.40%
 4021794 336522        cutoff           1024.0000     1009.8046 2.25e+08    1.39%
 4031746 333032        cutoff           1024.0000     1009.9167 2.25e+08    1.38%
 4042271 329423     1019.4714   183     1024.0000     1010.0000 2.26e+08    1.37%
 4053665 325429        cutoff           1024.0000     1010.1379 2.26e+08    1.35%
 4062830 322002     1017.3036   199     1024.0000     1010.2500 2.27e+08    1.34%
 4073282 318320     1011.8750   129     1024.0000     1010.3500 2.27e+08    1.33%
 4083108 314554        cutoff           1024.0000     1010.4792 2.28e+08    1.32%
Elapsed time = 6550.53 sec. (1767764.59 ticks, tree = 3499.65 MB, solutions = 44)
Nodefile size = 3374.32 MB (2223.59 MB after compression)
 4093856 310713     1014.2494   202     1024.0000     1010.5833 2.28e+08    1.31%
 4104295 306891     1019.9167   173     1024.0000     1010.7110 2.29e+08    1.30%
 4114577 303133        cutoff           1024.0000     1010.8333 2.29e+08    1.29%
 4125022 299174        cutoff           1024.0000     1010.9667 2.30e+08    1.27%
 4134986 295198        cutoff           1024.0000     1011.0714 2.30e+08    1.26%
 4145142 291213     1024.6429   226     1024.0000     1011.1818 2.31e+08    1.25%
 4155361 287376     1015.7262   172     1024.0000     1011.3095 2.31e+08    1.24%
 4165713 283152     1018.8055   215     1024.0000     1011.4263 2.32e+08    1.23%
 4176193 278800        cutoff           1024.0000     1011.5500 2.32e+08    1.22%
 4186324 274583        cutoff           1024.0000     1011.6667 2.33e+08    1.20%
Elapsed time = 6688.63 sec. (1806098.30 ticks, tree = 2851.18 MB, solutions = 44)
Nodefile size = 2722.83 MB (1803.87 MB after compression)
 4196920 270262        cutoff           1024.0000     1011.8039 2.33e+08    1.19%
 4207169 265912     1019.4375   244     1024.0000     1011.9167 2.34e+08    1.18%
 4217592 261515     1017.3788   240     1024.0000     1012.0333 2.34e+08    1.17%
 4228001 257039     1014.3333   167     1024.0000     1012.1143 2.35e+08    1.16%
 4237756 252600     1015.4262   295     1024.0000     1012.2500 2.35e+08    1.15%
 4247332 248151        cutoff           1024.0000     1012.3667 2.36e+08    1.14%
 4257674 243586        cutoff           1024.0000     1012.5000 2.36e+08    1.12%
 4269055 238810     1020.5722   191     1024.0000     1012.6333 2.37e+08    1.11%
 4279280 234086        cutoff           1024.0000     1012.7500 2.37e+08    1.10%
 4289597 229338        cutoff           1024.0000     1012.8750 2.38e+08    1.09%
Elapsed time = 6824.24 sec. (1844428.07 ticks, tree = 2293.56 MB, solutions = 44)
Nodefile size = 2167.01 MB (1446.46 MB after compression)
 4299741 224712     1016.0833    95     1024.0000     1013.0000 2.38e+08    1.07%
 4309909 219776     1015.8917   228     1024.0000     1013.1500 2.39e+08    1.06%
 4320503 214745        cutoff           1024.0000     1013.2958 2.40e+08    1.05%
 4330441 209808     1020.5833   163     1024.0000     1013.4596 2.40e+08    1.03%
 4340629 204831        cutoff           1024.0000     1013.5969 2.40e+08    1.02%
 4350599 199744        cutoff           1024.0000     1013.7500 2.41e+08    1.00%
 4361193 194479     1021.0152   165     1024.0000     1013.9000 2.42e+08    0.99%
 4371753 189093        cutoff           1024.0000     1014.0372 2.42e+08    0.97%
 4382033 183738     1015.7500   247     1024.0000     1014.2000 2.43e+08    0.96%
 4392363 178354        cutoff           1024.0000     1014.3421 2.43e+08    0.94%
Elapsed time = 6951.68 sec. (1882778.35 ticks, tree = 1680.84 MB, solutions = 44)
Nodefile size = 1552.26 MB (1049.51 MB after compression)
 4402752 172609        cutoff           1024.0000     1014.5000 2.44e+08    0.93%
 4413470 166913        cutoff           1024.0000     1014.6667 2.44e+08    0.91%
 4423504 161356     1017.4048   188     1024.0000     1014.8333 2.45e+08    0.90%
 4433865 155520        cutoff           1024.0000     1015.0107 2.45e+08    0.88%
 4443766 149698        cutoff           1024.0000     1015.2000 2.46e+08    0.86%
 4453772 143808        cutoff           1024.0000     1015.3810 2.46e+08    0.84%
 4464191 137680        cutoff           1024.0000     1015.5930 2.47e+08    0.82%
 4474605 131234        cutoff           1024.0000     1015.8000 2.47e+08    0.80%
 4484963 124758        cutoff           1024.0000     1016.0000 2.48e+08    0.78%
 4495066 118270        cutoff           1024.0000     1016.2222 2.48e+08    0.76%
Elapsed time = 7080.24 sec. (1920965.53 ticks, tree = 1038.58 MB, solutions = 44)
Nodefile size = 913.93 MB (629.80 MB after compression)
 4505544 111472     1017.1667   174     1024.0000     1016.4667 2.49e+08    0.74%
 4515705 104500     1017.7714   210     1024.0000     1016.7222 2.49e+08    0.71%
 4526365 97103        cutoff           1024.0000     1017.0000 2.50e+08    0.68%
 4537017 89578        cutoff           1024.0000     1017.1500 2.50e+08    0.67%
 4546708 82825        cutoff           1024.0000     1017.4333 2.51e+08    0.64%
 4556931 75172        cutoff           1024.0000     1017.7521 2.51e+08    0.61%
 4569030 65711        cutoff           1024.0000     1018.1250 2.52e+08    0.57%
 4579750 57362        cutoff           1024.0000     1018.5333 2.52e+08    0.53%
 4592387 46795        cutoff           1024.0000     1019.0000 2.53e+08    0.49%
 4603981 36599     1022.0667   124     1024.0000     1019.5595 2.53e+08    0.43%
Elapsed time = 7201.96 sec. (1959251.29 ticks, tree = 286.09 MB, solutions = 44)
Nodefile size = 224.91 MB (166.37 MB after compression)
 4618158 23209        cutoff           1024.0000     1020.4167 2.54e+08    0.35%
 4636796  4342     1022.7273   187     1024.0000     1022.3333 2.54e+08    0.16%

Clique cuts applied:  11
Cover cuts applied:  67
Implied bound cuts applied:  26
Zero-half cuts applied:  165
Gomory fractional cuts applied:  20

Root node processing (before b&c):
  Real time             =    3.17 sec. (1767.75 ticks)
Parallel b&c, 32 threads:
  Real time             = 7220.19 sec. (1965721.17 ticks)
  Sync time (average)   =    3.39 sec.
  Wait time (average)   =    0.01 sec.
                          ------------
Total (root+branch&cut) = 7223.36 sec. (1967488.92 ticks)


Solution status: Optimal
Execution time: 7224.1 sec
Gap: 0.00000
