Thu Jul 12 17:31:22 2018

Tried aggregator 2 times.
MIP Presolve eliminated 10420 rows and 121 columns.
Aggregator did 400 substitutions.
Reduced MIP has 8193 rows, 2184 columns, and 29608 nonzeros.
Reduced MIP has 2184 binaries, 0 generals, 0 SOSs, and 0 indicators.
Presolve time = 0.06 sec. (44.04 ticks)
Probing time = 0.00 sec. (1.43 ticks)
Tried aggregator 1 time.
Presolve time = 0.02 sec. (12.67 ticks)
Probing time = 0.00 sec. (1.43 ticks)
Clique table members: 8968.
MIP emphasis: balance optimality and feasibility.
MIP search method: dynamic search.
Parallel mode: deterministic, using up to 32 threads.
Root relaxation solution time = 0.71 sec. (106.26 ticks)

        Nodes                                         Cuts/
   Node  Left     Objective  IInf  Best Integer    Best Bound    ItCnt     Gap

      0     0      641.6250   301                    641.6250     1071         
      0     0      800.8458   352                    Cuts: 64     2442         
      0     0      822.4590   343                    Cuts: 84     2807         
      0     0      824.9583   345                    Cuts: 44     3006         
      0     0      825.0000   311                    Cuts: 31     3162         
      0     0      825.0000   324                    Cuts: 41     3240         
      0     0      825.0000   303                    Cuts: 11     3386         
      0     0      825.0000   320                    Cuts: 39     3583         
*     0+    0                         2631.0000      825.0000     3583   68.64%
Found incumbent of value 2631.000000 after 5.78 sec. (3514.66 ticks)
      0     2      825.0000   318     2631.0000      825.0000     3583   68.64%
Elapsed time = 5.87 sec. (3542.02 ticks, tree = 0.01 MB, solutions = 1)
      1     3      830.2550   428     2631.0000      825.0000     7425   68.64%
      2     4      838.2542   460     2631.0000      825.0000    11714   68.64%
      3     5      837.0000   411     2631.0000      832.4000    14868   68.36%
      5     7      858.6679   493     2631.0000      832.4000    21539   68.36%
      8    10      862.3182   439     2631.0000      832.4000    24275   68.36%
     10    12      851.4253   334     2631.0000      837.0000    28988   68.19%
                                                  Impl Bds: 2                  
     15    17      859.1720   452     2631.0000      837.0000    40024   68.19%
     19    21      871.2976   478     2631.0000      837.0000    48276   68.19%
     22    24      901.1250   417     2631.0000      837.0000    50890   68.19%
     30    32      904.7583   430     2631.0000      837.0000    57695   68.19%
                                                  Impl Bds: 5                  
Elapsed time = 16.94 sec. (11005.98 ticks, tree = 0.01 MB, solutions = 1)
     72    74      964.6000   323     2631.0000      837.0000    88711   68.19%
                                                     Cuts: 20                  
     77    79      894.5000   262     2631.0000      837.0000    91538   68.19%
                                                      Cuts: 5                  
    244   246      919.1818   422     2631.0000      837.0000   243028   68.19%
*  1035+  989                         1687.0000      837.0000   431509   50.39%
Found incumbent of value 1687.000000 after 27.16 sec. (12735.31 ticks)
*  1478  1364      integral     0     1494.0000      837.0000   494279   43.98%
Found incumbent of value 1494.000000 after 27.16 sec. (14670.98 ticks)
*  1520  1387      integral     0     1390.0000      837.0000   502478   39.78%
Found incumbent of value 1390.000000 after 27.16 sec. (14670.98 ticks)
   1595  1320      993.5000   177     1390.0000      837.0000   523654   39.78%
                                                     Cuts: 19                  
   1659  1377      996.0000   284     1390.0000      837.0000   559217   39.78%
   1731  1439      945.3667   464     1390.0000      837.0000   600805   39.78%
   2397  2044      871.6250   417     1390.0000      837.0000   774108   39.78%
   2757  2352      874.2195   389     1390.0000      837.0000   850094   39.78%
                                                     Cuts: 21                  
Elapsed time = 37.27 sec. (20305.47 ticks, tree = 2.64 MB, solutions = 4)
   3045  2600      896.3185   328     1390.0000      837.0000   897623   39.78%
   4165  3632     1172.1875   294     1390.0000      837.0000  1048121   39.78%
   7581  6708     1352.5000   266     1390.0000      855.2500  1418193   38.47%
                                                     Cuts: 25                  
   8199  7265     1009.4167   303     1390.0000      855.2500  1502725   38.47%
   9342  8306      926.0962   350     1390.0000      855.2500  1614785   38.47%
  10119  8996      889.1384   430     1390.0000      855.2500  1701398   38.47%
  10631  9444     1111.0000   215     1390.0000      855.2500  1758986   38.47%
* 10676  9467      integral     0     1311.0000      855.2500  1762864   34.76%
Found incumbent of value 1311.000000 after 58.02 sec. (28459.52 ticks)
  11783 10457      986.0833   311     1311.0000      855.2500  1883805   34.76%
  15605 12350      827.3333   315     1311.0000      882.1250  2280297   32.71%
Elapsed time = 91.66 sec. (38707.81 ticks, tree = 127.55 MB, solutions = 7)
  15607 12352      840.8382   484     1311.0000      882.1250  2286569   32.71%
  15608 12353      850.7031   488     1311.0000      882.1250  2291172   32.71%
  15611 12354      854.2328   461     1311.0000      882.1250  2293181   32.71%
  15623 12359      854.9289   427     1311.0000      882.1250  2315478   32.71%
                                                      Cuts: 9                  
  15631 12365      861.3952   407     1311.0000      882.1250  2324939   32.71%
                                                  ZeroHalf: 6                  
  15655 12377      909.7500   343     1311.0000      882.1250  2344783   32.71%
                                                      Cuts: 5                  
  15673 12390      894.7500   284     1311.0000      882.1250  2368192   32.71%
  15719 12417     1019.8333   397     1311.0000      882.1250  2395641   32.71%
  16463 12787      921.5926   289     1311.0000      882.1250  2539801   32.71%
                                                  ZeroHalf: 3                  
  16466 12788      933.5554   485     1311.0000      882.1250  2543493   32.71%
Elapsed time = 119.09 sec. (53649.68 ticks, tree = 125.45 MB, solutions = 7)
  16567 12843      991.4333   390     1311.0000      882.1250  2586083   32.71%
  17777 13441      996.5000   354     1311.0000      882.1250  2781090   32.71%
  17841 13463     1015.4667   412     1311.0000      882.1250  2802361   32.71%
* 19766+10875                         1262.0000      882.1250  2977302   30.10%
Found incumbent of value 1262.000000 after 129.36 sec. (56915.84 ticks)
  21255 11428      995.2143   497     1262.0000      882.1250  3078127   30.10%
                                                     Cuts: 11                  
  21319 11452     1023.9170   457     1262.0000      882.1250  3090622   30.10%
  21511 11531     1004.3141   367     1262.0000      882.1250  3112292   30.10%
  21799 11681     1041.8000   277     1262.0000      882.1250  3145021   30.10%
  23159 12296      991.0417   410     1262.0000      882.1250  3264501   30.10%
                                                      Cuts: 6                  
  23588 12509      939.8393   352     1262.0000      882.1250  3306599   30.10%
  23844 12653     1087.3333   257     1262.0000      882.1250  3327495   30.10%
Elapsed time = 152.28 sec. (65229.96 ticks, tree = 189.27 MB, solutions = 8)
  25156 13307      918.7500   410     1262.0000      882.1250  3393786   30.10%
* 31933+16002                         1239.0000      882.1250  3855467   28.80%
Found incumbent of value 1239.000000 after 155.68 sec. (66645.08 ticks)
  32130 15398     1067.6000   281     1239.0000      882.1250  3864789   28.80%
                                                     Cuts: 19                  
  33890 16298     1067.8333   216     1239.0000      882.1250  3997512   28.80%
  35988 18110      970.8333   247     1239.0000      882.1250  4145303   28.80%
  38275 20227     1104.4000   231     1239.0000      882.1250  4297208   28.80%
  40310 22082     1051.0000   266     1239.0000      887.3333  4425484   28.38%
                                                      Cuts: 2                  
  41657 23346     1114.9167   171     1239.0000      887.3333  4535207   28.38%
  43456 24953      943.8275   307     1239.0000      887.3333  4676157   28.38%
  45097 26447     1224.9516   196     1239.0000      887.3333  4785657   28.38%
* 45128 26474      integral     0     1238.0000      887.3333  4787687   28.33%
Elapsed time = 190.39 sec. (77129.90 ticks, tree = 1446.58 MB, solutions = 10)
Nodefile size = 1282.36 MB (1009.89 MB after compression)
Found incumbent of value 1238.000000 after 190.39 sec. (77129.90 ticks)
* 45563 26856      integral     0     1237.0000      887.3333  4811545   28.27%
Found incumbent of value 1237.000000 after 190.39 sec. (77129.90 ticks)
  45711 26957     1016.0000   264     1237.0000      902.6042  4818841   27.03%
                                                  ZeroHalf: 1                  
* 46110+27305                         1235.0000      902.6042  4849730   26.91%
Found incumbent of value 1235.000000 after 196.88 sec. (77850.49 ticks)
  47727 28802     1061.9541   278     1235.0000      902.6042  4950746   26.91%
* 48733 29691      integral     0     1166.0000      902.6042  5028714   22.59%
Found incumbent of value 1166.000000 after 202.17 sec. (79787.77 ticks)
  50244 31067      984.3654   278     1166.0000      902.6042  5124737   22.59%
  52644 33213     1179.0000   138     1166.0000      902.6042  5295527   22.59%
  52993 25286     1024.6964   279     1166.0000      915.8333  5314673   21.46%
                                                  ZeroHalf: 1                  
  53415 25671     1031.6667   401     1166.0000      915.8333  5368665   21.46%
  53575 25810     1121.0833   280     1166.0000      915.8333  5384700   21.46%
* 55742 27668      integral     0     1027.0000      915.8333  5560848   10.82%
Elapsed time = 219.23 sec. (85366.79 ticks, tree = 1766.35 MB, solutions = 13)
Nodefile size = 1602.61 MB (1261.50 MB after compression)
Found incumbent of value 1027.000000 after 219.23 sec. (85366.79 ticks)
  57483 29119     1149.3500   234     1027.0000      915.8333  5703209   10.82%
  58139  7978      978.9444   355     1027.0000      918.7500  5762085   10.54%
  58591  8276     1021.7083   318     1027.0000      918.7500  5824723   10.54%
  59664  8925      982.2803   327     1027.0000      918.7500  5971284   10.54%
* 59905+ 9083                         1018.0000      918.7500  5999626    9.75%
Found incumbent of value 1018.000000 after 224.99 sec. (88175.13 ticks)
  60485  9433      986.5000   348     1018.0000      918.7500  6082053    9.75%
  61893  9132      994.3889   331     1018.0000      923.6563  6261437    9.27%
                                                      Cuts: 4                  
  62285  9325     1001.9583   329     1018.0000      923.6563  6320146    9.27%
  63093  9805      956.7727   274     1018.0000      923.6563  6422468    9.27%
  63731 10180     1010.6667   244     1018.0000      923.6563  6507511    9.27%
  65657 11146        cutoff           1018.0000      930.3333  6754892    8.61%
                                                      Cuts: 9                  
Elapsed time = 241.51 sec. (95197.30 ticks, tree = 441.41 MB, solutions = 16)
Nodefile size = 293.33 MB (227.30 MB after compression)
  65972 11284        cutoff           1018.0000      930.3333  6811208    8.61%
  66585 11605      993.6333   337     1018.0000      930.3333  6899491    8.61%
  67449 11981      981.6667   251     1018.0000      930.3333  7036785    8.61%
  68795 12617        cutoff           1018.0000      934.7500  7224482    8.18%
                                                      Cuts: 2                  
  69193 12817      999.0000   239     1018.0000      934.7500  7293733    8.18%
  69877 13157     1000.9167   235     1018.0000      934.7500  7378255    8.18%
  70645 13585      989.1111   383     1018.0000      934.7500  7473442    8.18%
  72809 14585      996.0000   246     1018.0000      939.5000  7761626    7.71%
                                                      Cuts: 6                  
  73253 14777      963.6429   281     1018.0000      939.5000  7819561    7.71%
  73923 15092        cutoff           1018.0000      939.5000  7906005    7.71%
Elapsed time = 276.99 sec. (106502.76 ticks, tree = 669.54 MB, solutions = 16)
Nodefile size = 540.51 MB (418.19 MB after compression)
  74888 15633      947.8333   284     1018.0000      939.5000  8007538    7.71%
  75259 15806     1006.5000   434     1018.0000      939.5000  8055466    7.71%
  77000 16645      998.8667   293     1018.0000      943.0571  8285033    7.36%
                                                     Cuts: 10                  
  77199 16740      986.2143   347     1018.0000      943.0571  8328703    7.36%
  78063 17165        cutoff           1018.0000      943.0571  8446819    7.36%
  80414 18379      982.7879   397     1018.0000      943.0571  8717894    7.36%
  81272 18801     1005.0000   262     1018.0000      945.6958  8805529    7.10%
                                                  ZeroHalf: 2                  
  81880 19096     1001.8667   218     1018.0000      945.6958  8872075    7.10%
  82691 19462      990.1626   349     1018.0000      945.6958  8963562    7.10%
  86159 21163      954.5714   322     1018.0000      949.0000  9377232    6.78%
                                                      Cuts: 4                  
Elapsed time = 314.53 sec. (119395.12 ticks, tree = 1205.84 MB, solutions = 16)
Nodefile size = 1067.48 MB (829.90 MB after compression)
  89285 22586      998.3540   281     1018.0000      949.9167  9898873    6.69%
  93857 24776     1009.0000   196     1018.0000      952.7785 10371454    6.41%
                                                    Covers: 1                  
  99286 27350      986.1932   315     1018.0000      955.0000 10861843    6.19%
                                                  ZeroHalf: 1                  
 105190 30202      978.7833   298     1018.0000      955.0000 11359041    6.19%
 106447 30711      994.0000   238     1018.0000      957.6176 11525156    5.93%
                                                    Covers: 1                  
 111711 33108     1004.3958   218     1018.0000      958.5000 12122344    5.84%
 117274 35662      972.1538   325     1018.0000      960.4235 12564082    5.66%
                                                  ZeroHalf: 1                  
 122765 38040      984.1053   412     1018.0000      962.4615 13005163    5.46%
 128868 40686      974.7917   276     1018.0000      964.0000 13463525    5.30%
                                                  ZeroHalf: 1                  
 132873 42323      994.5000   247     1018.0000      964.0000 13949523    5.30%
Elapsed time = 429.63 sec. (158327.06 ticks, tree = 2888.23 MB, solutions = 16)
Nodefile size = 2747.12 MB (2072.90 MB after compression)
 138240 44642        cutoff           1018.0000      965.0333 14336388    5.20%
 144798 47417        cutoff           1018.0000      966.6190 14788365    5.05%
 150967 50068     1007.2046   346     1018.0000      968.0667 15172775    4.91%
                                                  ZeroHalf: 1                  
 156831 52450      977.7958   257     1018.0000      969.1322 15610006    4.80%
                                                      Cuts: 2                  
 162266 54660        cutoff           1018.0000      970.0625 16061878    4.71%
 169203 57357      976.1231   326     1018.0000      971.1250 16483315    4.60%
 175499 59491     1011.2500   234     1018.0000      972.4754 16875605    4.47%
 182581 62079        cutoff           1018.0000      973.5476 17298716    4.37%
 188839 64168        cutoff           1018.0000      974.3145 17738325    4.29%
 196190 66496    infeasible           1018.0000      975.2271 18177043    4.20%
                                                    Covers: 1                  
Elapsed time = 554.65 sec. (197359.49 ticks, tree = 4830.67 MB, solutions = 16)
Nodefile size = 4694.28 MB (3499.01 MB after compression)
 200872 67977     1004.2857   425     1018.0000      975.8958 18627371    4.14%
 208369 70171      985.4750   292     1018.0000      976.7083 19033105    4.06%
                                                      Cuts: 2                  
 215476 72123        cutoff           1018.0000      977.6250 19433000    3.97%
                                                      Cuts: 2                  
 221491 73847     1013.3333   193     1018.0000      978.1357 19850384    3.92%
                                                  Impl Bds: 1                  
 228689 75759      999.5625   313     1018.0000      978.9615 20231138    3.83%
                                                      Cuts: 3                  
 233632 77080        cutoff           1018.0000      979.4123 20718657    3.79%
                                                    Covers: 1                  
 240914 78789      985.2214   210     1018.0000      980.0000 21093682    3.73%
 247805 80404     1016.0000   232     1018.0000      980.6699 21445508    3.67%
 252818 81680     1001.8333   238     1018.0000      981.0867 21929816    3.63%
 260431 83235      998.7404   307     1018.0000      981.8036 22322221    3.56%
Elapsed time = 686.59 sec. (236247.75 ticks, tree = 5758.51 MB, solutions = 16)
Nodefile size = 5622.87 MB (4071.54 MB after compression)
 266722 84479      989.0625   262     1018.0000      982.3469 22680583    3.50%
 272035 85259      987.9482   201     1018.0000      982.7594 23136462    3.46%
 280255 86450      987.1667   229     1018.0000      983.3090 23541546    3.41%
 285317 86992     1004.3448   415     1018.0000      984.0000 23856422    3.34%
 292469 87687     1015.8590   296     1018.0000      984.3333 24382986    3.31%
 300651 88318      999.7312   227     1018.0000      985.0000 24795237    3.24%
 304063 88509        cutoff           1018.0000      985.5069 25083409    3.19%
 311989 88806        cutoff           1018.0000      985.7989 25627425    3.16%
 319265 89056        cutoff           1018.0000      986.3715 25996610    3.11%
 324199 89258      993.2473   262     1018.0000      987.1667 26486132    3.03%
Elapsed time = 820.80 sec. (274606.50 ticks, tree = 5798.83 MB, solutions = 16)
Nodefile size = 5685.60 MB (4007.64 MB after compression)
 331419 89189     1013.0833   309     1018.0000      987.7115 26833543    2.98%
 337829 89277        cutoff           1018.0000      988.1706 27168037    2.93%
                                                      Cuts: 2                  
 343987 89389        cutoff           1018.0000      988.5000 27672902    2.90%
 351522 89472        cutoff           1018.0000      989.0000 28034624    2.85%
 355635 89413        cutoff           1018.0000      989.4375 28287045    2.81%
 363129 89328     1005.1429   262     1018.0000      989.6786 28844021    2.78%
                                                  ZeroHalf: 1                  
 372220 89169        cutoff           1018.0000      990.2266 29261941    2.73%
 376867 89096        cutoff           1018.0000      990.8947 29723440    2.66%
                                                    Covers: 2                  
 384370 88771        cutoff           1018.0000      991.3788 30066534    2.62%
 391161 88457     1000.8333   384     1018.0000      991.8403 30401335    2.57%
Elapsed time = 963.16 sec. (313375.40 ticks, tree = 5345.43 MB, solutions = 16)
Nodefile size = 5215.06 MB (3600.81 MB after compression)
 397374 87990      997.1000   203     1018.0000      992.1167 30903555    2.54%
                                                    Covers: 1                  
 405911 87631     1009.4149   229     1018.0000      992.5000 31278472    2.50%
 409421 87327     1015.0000   263     1018.0000      993.0000 31528167    2.46%
                                                    Covers: 1                  
 420122 86399     1009.6250   313     1018.0000      993.6667 32137748    2.39%
 426402 85590        cutoff           1018.0000      994.0903 32437260    2.35%
 432682 84946        cutoff           1018.0000      994.3312 32908937    2.33%
 438674 84172        cutoff           1018.0000      994.8080 33250942    2.28%
 446521 83129        cutoff           1018.0000      995.0833 33734464    2.25%
 454655 81870        cutoff           1018.0000      995.8876 34086599    2.17%
 460426 80821     1004.2121   295     1018.0000      996.1667 34571080    2.14%
Elapsed time = 1105.88 sec. (352726.80 ticks, tree = 4159.92 MB, solutions = 16)
Nodefile size = 4042.15 MB (2755.21 MB after compression)
 468761 79302     1004.9722   246     1018.0000      996.6000 34914851    2.10%
 474494 78132     1000.6282   203     1018.0000      997.0149 35276385    2.06%
 482291 76365     1004.0349   200     1018.0000      997.3333 35705974    2.03%
 488854 74844     1009.1304   391     1018.0000      998.0088 36141353    1.96%
 496198 73129     1012.6667   293     1018.0000      998.5188 36495427    1.91%
 503586 71303     1006.6167   289     1018.0000      998.7768 36973864    1.89%
 511736 69063     1008.1836   239     1018.0000      999.2949 37280024    1.84%
 518325 67174     1004.0833   254     1018.0000      999.9286 37785007    1.78%
 526940 64574        cutoff           1018.0000     1000.4500 38090380    1.72%
 532299 62826     1001.6929   195     1018.0000     1000.9018 38380765    1.68%
Elapsed time = 1253.62 sec. (391390.45 ticks, tree = 2487.76 MB, solutions = 16)
Nodefile size = 2358.58 MB (1594.69 MB after compression)
 540689 60163     1016.0000   343     1018.0000     1001.1667 38845138    1.65%
 547330 57754        cutoff           1018.0000     1001.9267 39335170    1.58%
 555802 54636        cutoff           1018.0000     1002.4206 39616442    1.53%
 562624 52037        cutoff           1018.0000     1002.8968 39981083    1.48%
 571470 48296     1007.3860   229     1018.0000     1003.2571 40415444    1.45%
 576905 45815     1009.2632   230     1018.0000     1004.1975 40862628    1.36%
 585040 42005        cutoff           1018.0000     1004.7333 41137416    1.30%
 591559 38854     1008.0333   261     1018.0000     1005.2879 41476064    1.25%
 600599 34046        cutoff           1018.0000     1006.3510 41907828    1.14%
 608033 29921        cutoff           1018.0000     1007.0000 42173825    1.08%
Elapsed time = 1394.33 sec. (429758.64 ticks, tree = 675.99 MB, solutions = 16)
Nodefile size = 546.65 MB (369.53 MB after compression)
 615863 25160        cutoff           1018.0000     1007.5089 42623055    1.03%
 622774 20631        cutoff           1018.0000     1008.3947 42971588    0.94%
 632328 13879        cutoff           1018.0000     1010.3333 43329637    0.75%
 640622  7244        cutoff           1018.0000     1011.4808 43801201    0.64%

GUB cover cuts applied:  1
Clique cuts applied:  8
Cover cuts applied:  18
Implied bound cuts applied:  25
Zero-half cuts applied:  155
Gomory fractional cuts applied:  11

Root node processing (before b&c):
  Real time             =    5.61 sec. (3391.25 ticks)
Parallel b&c, 32 threads:
  Real time             = 1446.72 sec. (444294.67 ticks)
  Sync time (average)   =    0.49 sec.
  Wait time (average)   =    0.00 sec.
                          ------------
Total (root+branch&cut) = 1452.32 sec. (447685.93 ticks)


Solution status: Optimal
Execution time: 1452.9 sec
Gap: 0.00000
