Thu Jul 12 14:31:10 2018

Tried aggregator 2 times.
MIP Presolve eliminated 10420 rows and 121 columns.
Aggregator did 400 substitutions.
Reduced MIP has 8193 rows, 2184 columns, and 29608 nonzeros.
Reduced MIP has 2184 binaries, 0 generals, 0 SOSs, and 0 indicators.
Presolve time = 0.06 sec. (44.04 ticks)
Probing time = 0.00 sec. (1.43 ticks)
Tried aggregator 1 time.
Presolve time = 0.02 sec. (12.67 ticks)
Probing time = 0.00 sec. (1.43 ticks)
Clique table members: 8968.
MIP emphasis: balance optimality and feasibility.
MIP search method: dynamic search.
Parallel mode: deterministic, using up to 32 threads.
Root relaxation solution time = 0.71 sec. (94.19 ticks)

        Nodes                                         Cuts/
   Node  Left     Objective  IInf  Best Integer    Best Bound    ItCnt     Gap

      0     0      612.2500   259                    612.2500      927         
      0     0      706.1586   326                    Cuts: 65     1583         
      0     0      734.0625   313                    Cuts: 63     1967         
      0     0      745.8960   333                    Cuts: 82     2343         
      0     0      751.5351   340                    Cuts: 64     2616         
      0     0      754.8253   324                    Cuts: 47     2937         
      0     0      755.4594   361                    Cuts: 48     3062         
      0     0      756.9259   341                    Cuts: 28     3250         
      0     0      757.5000   319                    Cuts: 33     3335         
      0     0      757.5000   328                    Cuts: 58     3415         
      0     0      757.5000   295                    Cuts: 10     3462         
      0     0      757.5000   343                    Cuts: 32     3536         
*     0+    0                         2020.0000      757.5000     3536   62.50%
Found incumbent of value 2020.000000 after 4.26 sec. (2149.54 ticks)
      0     2      757.5000   261     2020.0000      757.5000     3536   62.50%
Elapsed time = 4.56 sec. (2339.26 ticks, tree = 0.01 MB, solutions = 1)
      2     4      767.6841   416     2020.0000      757.5000     7593   62.50%
      4     6      775.3196   405     2020.0000      763.3611    10742   62.21%
      9    11      787.6892   328     2020.0000      763.3611    17077   62.21%
     17    19      817.1176   311     2020.0000      764.7133    24132   62.14%
                                                  Impl Bds: 9                  
     24    26      850.6429   313     2020.0000      764.7133    29531   62.14%
     27    29      857.7308   325     2020.0000      765.5149    31523   62.10%
                                                 Impl Bds: 13                  
     43    45      907.5250   429     2020.0000      765.5149    40989   62.10%
     59    61      885.8881   318     2020.0000      765.9194    49716   62.08%
                                                 Impl Bds: 10                  
     66    68      912.6250   357     2020.0000      765.9194    51762   62.08%
    885   837      869.7619   331     2020.0000      767.1971   174386   62.02%
                                                     Cuts: 21                  
Elapsed time = 15.76 sec. (8855.11 ticks, tree = 2.15 MB, solutions = 1)
*  1914  1794      integral     0     1386.0000      767.1971   268913   44.65%
Found incumbent of value 1386.000000 after 16.95 sec. (8967.01 ticks)
   2139  1789      826.2174   319     1386.0000      767.1971   293473   44.65%
                                                     Cuts: 28                  
*  2471+ 2105                         1349.0000      767.1971   337063   43.13%
Found incumbent of value 1349.000000 after 18.98 sec. (9687.19 ticks)
*  3007  2600      integral     0     1322.0000      767.1971   391642   41.97%
Found incumbent of value 1322.000000 after 20.41 sec. (9935.53 ticks)
   4109  3565      857.5000   281     1322.0000      767.1971   485609   41.97%
   4799  3971      945.5714   307     1322.0000      779.7500   562993   41.02%
                                                     Cuts: 32                  
   5320  4460     1092.0000   116     1322.0000      779.7500   611559   41.02%
   7494  6424      759.3000   319     1322.0000      782.6583   803379   40.80%
   7496  6425      763.1111   345     1322.0000      782.6583   805691   40.80%
   7497  6426      770.0215   469     1322.0000      782.6583   809286   40.80%
   7499  6427      777.9686   468     1322.0000      782.6583   818392   40.80%
Elapsed time = 56.12 sec. (25476.45 ticks, tree = 127.45 MB, solutions = 6)
   7500  6428      786.7108   486     1322.0000      782.6583   820851   40.80%
   7501  6428      767.6542   495     1322.0000      782.6583   826569   40.80%
*  7505+ 4289                         1318.0000      782.6583   843358   40.62%
Found incumbent of value 1318.000000 after 59.33 sec. (27876.95 ticks)
   7510  4295      777.8728   469     1318.0000      782.6583   853790   40.62%
   7512  4295      776.0060   458     1318.0000      782.6583   858884   40.62%
                                                  Impl Bds: 3                  
   7529  4304      773.6389   447     1318.0000      782.6583   891193   40.62%
                                                      Cuts: 8                  
   7545  4311      774.3684   429     1318.0000      782.6583   897772   40.62%
                                                      Cuts: 6                  
   7603  4345      820.2644   433     1318.0000      782.6583   933919   40.62%
   7654  4374      820.3820   513     1318.0000      782.6583   972702   40.62%
   7801  4460      794.9511   391     1318.0000      782.6583  1053086   40.62%
                                                     Cuts: 15                  
   7828  4476      827.6364   457     1318.0000      782.6583  1068226   40.62%
Elapsed time = 77.21 sec. (38207.15 ticks, tree = 82.78 MB, solutions = 7)
   7871  4504      819.2447   442     1318.0000      782.6583  1094621   40.62%
   8383  4798      842.2833   342     1318.0000      782.6583  1197628   40.62%
  10274  5841     1084.5216   321     1318.0000      782.6583  1405396   40.62%
  10398  5915     1006.3750   257     1318.0000      782.6583  1435406   40.62%
  10548  5973      873.8175   390     1318.0000      782.6583  1462353   40.62%
  11170  6297     1097.2000   259     1318.0000      782.6583  1548392   40.62%
                                                     Cuts: 11                  
  11236  6329      986.6429   395     1318.0000      782.6583  1565855   40.62%
  11317  6375      867.4638   408     1318.0000      782.6583  1580718   40.62%
  11509  6487      897.6212   319     1318.0000      782.6583  1604285   40.62%
  15304  8364      869.5000   443     1318.0000      782.6583  1988584   40.62%
Elapsed time = 105.31 sec. (48760.59 ticks, tree = 102.59 MB, solutions = 7)
  15792  8637     1006.7143   296     1318.0000      782.6583  2060338   40.62%
                                                     Cuts: 19                  
  16047  8777      827.5239   474     1318.0000      782.6583  2095001   40.62%
  16303  8902      862.4200   346     1318.0000      782.6583  2118987   40.62%
  17007  9249     1022.5667   202     1318.0000      782.6583  2182119   40.62%
  18895 10862      913.1667   348     1318.0000      782.6583  2385441   40.62%
  22431 14292     1150.2182   356     1318.0000      783.1185  2745146   40.58%
                                                      Cuts: 6                  
  22651 14500      901.1250   330     1318.0000      783.1185  2783481   40.58%
  23619 15433     1061.3259   315     1318.0000      783.1185  2877870   40.58%
  25059 16787     1192.0000   228     1318.0000      783.1185  3019477   40.58%
  25854 17529      935.0833   313     1318.0000      783.1185  3101639   40.58%
Elapsed time = 139.22 sec. (58961.34 ticks, tree = 480.26 MB, solutions = 7)
Nodefile size = 326.46 MB (256.14 MB after compression)
  28273 19802     1176.0952   147     1318.0000      783.1185  3343886   40.58%
  28474 19976      869.1250   320     1318.0000      796.0714  3359041   39.60%
                                                     Cuts: 10                  
  29112 20598      904.7917   453     1318.0000      796.0714  3429285   39.60%
  29784 21246     1033.4000   269     1318.0000      796.0714  3491864   39.60%
  31224 22590      903.6583   345     1318.0000      796.0714  3617390   39.60%
* 32289+23607                         1310.0000      796.0714  3724721   39.23%
Found incumbent of value 1310.000000 after 160.50 sec. (62964.18 ticks)
  35012 26179     1204.9167   325     1310.0000      796.0714  3962144   39.23%
  36255 27320      840.3125   347     1310.0000      810.5056  4076303   38.13%
                                                  ZeroHalf: 2                  
  36767 27811      954.7500   295     1310.0000      810.5056  4131991   38.13%
  38474 29446      908.6250   339     1310.0000      810.5056  4281329   38.13%
  39487 30404      845.0738   333     1310.0000      810.5056  4381817   38.13%
Elapsed time = 179.43 sec. (71250.41 ticks, tree = 1696.08 MB, solutions = 8)
Nodefile size = 1541.06 MB (1235.66 MB after compression)
  40080 30964     1009.1068   310     1310.0000      810.5056  4440455   38.13%
  41618 32391     1063.2500   210     1310.0000      813.9476  4591863   37.87%
                                                  ZeroHalf: 3                  
  43722 34427      836.2273   492     1310.0000      813.9476  4767633   37.87%
  44274 34912      942.4643   292     1310.0000      813.9476  4822752   37.87%
  46450 36968     1239.3333   132     1310.0000      813.9476  5003619   37.87%
  48495 38856     1277.6250   146     1310.0000      813.9476  5185751   37.87%
  49039 39338      849.5329   354     1310.0000      816.7857  5232973   37.65%
  50876 41087      853.3333   397     1310.0000      816.7857  5406679   37.65%
  51740 41898     1087.8125   291     1310.0000      816.7857  5481260   37.65%
  54052 44053      835.4545   429     1310.0000      816.7857  5683441   37.65%
Elapsed time = 218.54 sec. (82700.28 ticks, tree = 2862.19 MB, solutions = 8)
Nodefile size = 2698.78 MB (2163.14 MB after compression)
  55103 45037     1156.4000   287     1310.0000      816.7857  5769382   37.65%
  55579 45462      850.1250   327     1310.0000      819.6250  5805680   37.43%
  57227 47013      878.4000   450     1310.0000      819.6250  5964395   37.43%
  58187 47910     1062.0000   189     1310.0000      819.6250  6035452   37.43%
* 59908+49522                         1281.0000      819.6250  6191311   36.02%
Found incumbent of value 1281.000000 after 236.38 sec. (85950.32 ticks)
  61291 50775      859.3227   346     1281.0000      819.6250  6296148   36.02%
* 62857+51429                         1273.0000      822.4907  6433247   35.39%
Found incumbent of value 1273.000000 after 250.21 sec. (92433.01 ticks)
  62857 51431     1199.5952   177     1273.0000      822.4907  6433247   35.39%
* 62859+51431                         1267.0000      822.4907  6433479   35.08%
Found incumbent of value 1267.000000 after 252.34 sec. (89577.43 ticks)
  62860 51434     1006.7500   238     1267.0000      822.4907  6433758   35.08%
* 62863+51435                         1255.0000      822.4907  6433858   34.46%
Found incumbent of value 1255.000000 after 261.79 sec. (90001.06 ticks)
* 62884+51454                         1246.0000      822.4907  6436744   33.99%
Found incumbent of value 1246.000000 after 262.19 sec. (89598.54 ticks)
  62932 48798      850.5814   393     1246.0000      822.4907  6455002   33.99%
  63124 48990      915.0000   243     1246.0000      822.4907  6504516   33.99%
  64696 50507     1093.0000    22     1246.0000      822.4907  6651658   33.99%
Elapsed time = 271.75 sec. (99959.41 ticks, tree = 3769.34 MB, solutions = 26)
Nodefile size = 3757.97 MB (2999.07 MB after compression)
  66434 52084      896.8125   419     1246.0000      822.4907  6851441   33.99%
  67862 53341      925.5463   357     1246.0000      825.4286  7022249   33.75%
                                                  ZeroHalf: 1                  
  67896 53375      908.6389   388     1246.0000      825.4286  7035165   33.75%
  68248 53712     1046.5000   297     1246.0000      825.4286  7092137   33.75%
  69944 55312     1203.5417   199     1246.0000      825.4286  7228863   33.75%
* 71797+56999                         1239.0000      825.4286  7373594   33.38%
Found incumbent of value 1239.000000 after 284.39 sec. (104559.94 ticks)
  75020 59929      921.4167   419     1239.0000      825.4286  7622161   33.38%
  75091 59290        cutoff           1239.0000      828.6795  7624716   33.12%
  76467 60597     1166.0714   208     1239.0000      828.6795  7741132   33.12%
  77043 61107      927.1667   325     1239.0000      828.6795  7785768   33.12%
* 77074+61130                         1237.0000      828.6795  7788271   33.01%
Found incumbent of value 1237.000000 after 297.49 sec. (106962.36 ticks)
  78387 62325     1152.6676   354     1237.0000      828.6795  7904837   33.01%
Elapsed time = 299.44 sec. (110537.99 ticks, tree = 4455.88 MB, solutions = 40)
Nodefile size = 4313.79 MB (3435.44 MB after compression)
  79747 63569      948.0278   307     1237.0000      828.6795  8013315   33.01%
  81487 64880      980.9286   209     1237.0000      830.4434  8131405   32.87%
  83695 66875      969.1515   323     1237.0000      830.4434  8313142   32.87%
  85525 68550     1096.7000   253     1237.0000      830.4434  8462058   32.87%
  87240 70109      834.9983   451     1237.0000      830.4434  8610762   32.87%
  88100 70865     1074.4242   231     1237.0000      833.0000  8666817   32.66%
                                                  ZeroHalf: 2                  
  89796 72435      896.2000   355     1237.0000      833.0000  8812417   32.66%
  91300 73814     1165.6800   226     1237.0000      833.0000  8945618   32.66%
  92942 75311     1089.6667   179     1237.0000      833.0000  9064254   32.66%
  96617 78713     1139.7099   306     1237.0000      835.6875  9396078   32.44%
                                                  Impl Bds: 1                  
Elapsed time = 351.56 sec. (125091.33 ticks, tree = 6165.84 MB, solutions = 42)
Nodefile size = 6026.63 MB (4786.44 MB after compression)
*100763+82437                         1234.0000      835.6875  9750398   32.28%
Found incumbent of value 1234.000000 after 353.58 sec. (125700.27 ticks)
 101392 82626      930.9000   330     1234.0000      836.7917  9812646   32.19%
                                                      Cuts: 8                  
 107845 88416      944.5000   290     1234.0000      838.5000 10351100   32.05%
                                                  ZeroHalf: 3                  
*109919 90295      integral     0     1223.0000      838.5000 10519498   31.44%
Found incumbent of value 1223.000000 after 381.38 sec. (133753.79 ticks)
*113079+93188                         1189.0000      838.5000 10760901   29.48%
Found incumbent of value 1189.000000 after 386.06 sec. (135650.74 ticks)
 114304 85436     1108.0000   101     1189.0000      840.8125 10860578   29.28%
 120687 91245     1024.0000   219     1189.0000      841.8750 11400550   29.19%
                                                      Cuts: 2                  
 127067 97001     1045.3667   193     1189.0000      843.5000 11981728   29.06%
                                                      Cuts: 7                  
 133443 102751      924.4000   315     1189.0000      844.5302 12507926   28.97%
                                                  Impl Bds: 1                  
*134777+103991                         1188.0000      844.5302 12619493   28.91%
Found incumbent of value 1188.000000 after 447.26 sec. (152694.79 ticks)
 139788 108226      998.3722   262     1188.0000      846.0000 13070337   28.79%
                                                  Impl Bds: 1                  
 145236 113179     1067.8571   140     1188.0000      847.4530 13513190   28.67%
                                                      Cuts: 5                  
 151317 118626     1052.9000   180     1188.0000      848.8889 14072182   28.54%
                                                      Cuts: 3                  
Elapsed time = 484.09 sec. (167199.16 ticks, tree = 9764.16 MB, solutions = 46)
Nodefile size = 9624.12 MB (7593.70 MB after compression)
*153974+121016                         1148.0000      848.8889 14309646   26.05%
Found incumbent of value 1148.000000 after 493.97 sec. (169047.52 ticks)
 157873 109321      857.7500   284     1148.0000      849.7756 14588479   25.98%
*160586+111765                         1145.0000      849.7756 14830524   25.78%
Found incumbent of value 1145.000000 after 505.64 sec. (172420.90 ticks)
 164417 113790      905.2028   332     1145.0000      851.2692 15155518   25.65%
 170184 118955      902.5769   263     1145.0000      852.4643 15645671   25.55%
                                                  ZeroHalf: 1                  
*173734 122147      integral     0     1111.0000      852.4643 15940299   23.27%
Found incumbent of value 1111.000000 after 542.37 sec. (181894.81 ticks)
 176295 106158     1044.8333   232     1111.0000      853.5000 16162688   23.18%
 181577 110713     1091.7500   319     1111.0000      854.8333 16717055   23.06%
*185857+114425                         1087.0000      854.8333 17134558   21.36%
Found incumbent of value 1087.000000 after 572.24 sec. (192540.60 ticks)
 187054 100516      926.8333   361     1087.0000      856.1667 17242252   21.24%
                                                  ZeroHalf: 1                  
*189297+102396                         1078.0000      856.1667 17657429   20.58%
Found incumbent of value 1078.000000 after 586.84 sec. (197484.98 ticks)
 189551 97223      901.0833   387     1078.0000      856.7500 17709917   20.52%
                                                  ZeroHalf: 2                  
 193470 100523     1029.0000   185     1078.0000      857.5417 18203365   20.45%
 197445 103798      875.0397   307     1078.0000      858.7500 18683830   20.34%
Elapsed time = 615.19 sec. (208434.51 ticks, tree = 8542.39 MB, solutions = 53)
Nodefile size = 8401.38 MB (6532.11 MB after compression)
 200327 106233      914.1944   467     1078.0000      858.7500 19012927   20.34%
 205229 110286      902.8333   324     1078.0000      860.1667 19590956   20.21%
                                                      Cuts: 4                  
 208813 113254      939.1667   197     1078.0000      861.5000 19981706   20.08%
                                                      Cuts: 2                  
 212629 116428      974.0833   393     1078.0000      862.3750 20418319   20.00%
                                                      Cuts: 3                  
 215085 118453      917.0000   209     1078.0000      863.1316 20870326   19.93%
 219992 122544     1011.0000   295     1078.0000      863.8250 21397071   19.87%
 224970 126689      907.1435   365     1078.0000      865.2479 21915098   19.74%
                                                      Cuts: 3                  
 230016 130871      951.0000   260     1078.0000      866.3125 22447862   19.64%
*230961+131638                         1077.0000      866.3125 22555353   19.56%
Found incumbent of value 1077.000000 after 721.69 sec. (240779.82 ticks)
 235870 135052      929.2105   321     1077.0000      867.2222 23060647   19.48%
 240453 138790     1068.2917   141     1077.0000      867.8333 23566576   19.42%
Elapsed time = 747.10 sec. (250901.26 ticks, tree = 11776.57 MB, solutions = 54)
Nodefile size = 11636.08 MB (8952.88 MB after compression)
 245779 143206      876.3182   398     1077.0000      867.8333 24145788   19.42%
 247185 144359      912.4506   301     1077.0000      869.0000 24328852   19.31%
 250767 147322      939.7273   321     1077.0000      869.9167 24718527   19.23%
 254914 150748      997.0417   383     1077.0000      870.5700 25332161   19.17%
 260474 155386      948.7500   233     1077.0000      871.5000 25912477   19.08%
 264786 158918      988.1111   191     1077.0000      872.4000 26347842   19.00%
 269280 162637      944.7000   329     1077.0000      872.4000 26838801   19.00%
 273087 165781      942.5000   311     1077.0000      873.2917 27233755   18.91%
 277439 169368     1038.9394   289     1077.0000      874.1111 27691335   18.84%
 281787 172927      927.1250   317     1077.0000      875.0000 28141553   18.76%
Elapsed time = 873.01 sec. (290071.17 ticks, tree = 14891.15 MB, solutions = 54)
Nodefile size = 14747.48 MB (11281.52 MB after compression)
 286752 177006      929.5750   344     1077.0000      875.7368 28665282   18.69%
 290086 179710      952.2826   271     1077.0000      875.7368 29180384   18.69%
 292165 181423     1083.0500   329     1077.0000      876.3333 29450159   18.63%
                                                  Impl Bds: 1                  
 298091 186297      905.5625   304     1077.0000      877.0000 30073149   18.57%
                                                      Cuts: 4                  
 301506 189107     1043.5000   343     1077.0000      877.8333 30434584   18.49%
 307937 194485      924.8333   227     1077.0000      878.4333 31051516   18.44%
                                                  Impl Bds: 2                  
 312210 197933     1018.4333   158     1077.0000      879.1250 31517900   18.37%
                                                  Impl Bds: 1                  
 317550 202361      975.1250   295     1077.0000      879.1250 32051053   18.37%
 321529 205621      976.0417   292     1077.0000      879.8750 32457555   18.30%
                                                      Cuts: 2                  
 324409 207954     1023.6667   320     1077.0000      880.6250 32766242   18.23%
Elapsed time = 1008.00 sec. (329981.14 ticks, tree = 18181.36 MB, solutions = 54)
Nodefile size = 18038.02 MB (13749.23 MB after compression)
 328259 211128      978.0000   281     1077.0000      881.0000 33287632   18.20%
                                                  ZeroHalf: 1                  
 333830 215725      901.7500   301     1077.0000      881.6250 33861413   18.14%
                                                  Impl Bds: 1                  
 339472 220384      930.6667   267     1077.0000      882.2660 34420172   18.08%
                                                      Cuts: 3                  
 343474 223651     1022.2333   273     1077.0000      882.2660 34835464   18.08%
 347585 227066      893.2000   226     1077.0000      883.0526 35243430   18.01%
                                                  Impl Bds: 1                  
 352771 231302      915.7727   284     1077.0000      883.5000 35753708   17.97%
 357502 235186     1031.7692   282     1077.0000      884.0833 36215500   17.91%
 362589 239337      923.4667   291     1077.0000      884.7222 36724002   17.85%
 366949 242905      936.5000   269     1077.0000      884.7222 37288540   17.85%
 369654 245165     1047.0526   228     1077.0000      885.1015 37558447   17.82%
                                                  Impl Bds: 2                  
Elapsed time = 1130.98 sec. (370171.21 ticks, tree = 20962.45 MB, solutions = 54)
Nodefile size = 20813.88 MB (15826.65 MB after compression)
*370498 245841      integral     0     1075.0000      885.1015 37640380   17.66%
Found incumbent of value 1075.000000 after 1133.89 sec. (370171.21 ticks)
 376048 249273      926.2963   311     1075.0000      885.7500 38153079   17.60%
                                                  ZeroHalf: 1                  
 380740 253120     1012.2500   279     1075.0000      886.2083 38583928   17.56%
 384684 256325     1062.3167   250     1075.0000      886.7500 38956738   17.51%
 389724 260434      967.6667   270     1075.0000      886.7500 39482619   17.51%
 393270 263335     1073.9786   147     1075.0000      887.2308 39837961   17.47%
 398045 267211      952.0000   320     1075.0000      887.6250 40316733   17.43%
 402812 271078      935.8056   307     1075.0000      888.1667 40753694   17.38%
                                                      Cuts: 2                  
 406348 273954      933.5893   357     1075.0000      888.1667 41244310   17.38%
 409258 276346     1019.2667   198     1075.0000      888.4583 41533540   17.35%
Elapsed time = 1243.96 sec. (405010.91 ticks, tree = 23661.08 MB, solutions = 55)
Nodefile size = 23513.98 MB (17839.12 MB after compression)
*415516+281437                         1066.0000      888.9583 42114166   16.61%
Found incumbent of value 1066.000000 after 1261.82 sec. (408437.39 ticks)
 416028 281867      990.2302   266     1066.0000      888.9583 42163449   16.61%
*420143+277377                         1062.0000      889.4231 42564871   16.25%
Found incumbent of value 1062.000000 after 1275.43 sec. (411429.36 ticks)
 420192 277419      996.4667   215     1062.0000      889.4231 42569520   16.25%
 424682 275432        cutoff           1062.0000      890.0000 43018367   16.20%
                                                  ZeroHalf: 1                  
 429752 279487        cutoff           1062.0000      890.0000 43518423   16.20%
 432976 281972     1038.3333   195     1062.0000      890.5000 43847081   16.15%
 437290 285270     1001.8125   314     1062.0000      890.8750 44294291   16.11%
*438728+286388                         1061.0000      890.8750 44442647   16.03%
Found incumbent of value 1061.000000 after 1328.41 sec. (426866.95 ticks)
 441672 287044      978.0000   232     1061.0000      891.5000 44775967   15.98%
 446049 290479     1030.2472   336     1061.0000      891.7500 45343374   15.95%
 451426 294657      969.0000   252     1061.0000      892.3000 45902341   15.90%
 455928 298166     1020.9074   277     1061.0000      892.3000 46363502   15.90%
Elapsed time = 1376.71 sec. (444499.62 ticks, tree = 25522.42 MB, solutions = 58)
Nodefile size = 25370.26 MB (19178.20 MB after compression)
 460237 301537      923.8000   299     1061.0000      892.6051 46780992   15.87%
 466086 306036        cutoff           1061.0000      893.2000 47328760   15.82%
 469549 308741     1015.2778   232     1061.0000      893.6667 47676885   15.77%
*472123+310829                         1057.0000      893.6667 47902804   15.45%
Found incumbent of value 1057.000000 after 1423.36 sec. (456687.81 ticks)
 475763 306354     1001.8056   322     1057.0000      894.0781 48265216   15.41%
 480964 310320      918.3333   178     1057.0000      894.5000 48788101   15.37%
 486561 314653      909.2083   319     1057.0000      894.5000 49353202   15.37%
 489063 316490     1009.5833   352     1057.0000      894.9808 49682587   15.33%
 493417 319879      952.5000   199     1057.0000      895.1786 50184431   15.31%
 497443 322994     1046.1071   356     1057.0000      895.6944 50573543   15.26%
                                                  ZeroHalf: 1                  
 503251 327469      977.5116   341     1057.0000      896.0821 51124470   15.22%
Elapsed time = 1513.92 sec. (485899.73 ticks, tree = 28423.32 MB, solutions = 59)
Nodefile size = 28285.29 MB (21317.52 MB after compression)
 508631 331591      994.5000   223     1057.0000      896.5000 51680022   15.18%
 514666 336338     1046.2381   189     1057.0000      896.5000 52236332   15.18%
 518198 338996      927.2500   247     1057.0000      896.8333 52587571   15.15%
                                                  ZeroHalf: 1                  
 522039 341888      996.0000   202     1057.0000      897.3000 52967991   15.11%
 526400 345198      996.0000   282     1057.0000      897.6667 53411178   15.07%
 529765 347751     1042.4167   336     1057.0000      897.9167 53956272   15.05%
 534824 351553     1032.4167   207     1057.0000      898.3333 54504036   15.01%
 540238 355839      991.3000   202     1057.0000      898.3333 54995898   15.01%
 545321 359627     1040.3333   294     1057.0000      898.6667 55482684   14.98%
                                                    Covers: 1                  
 549422 362698      972.5000   272     1057.0000      899.1667 55876119   14.93%
Elapsed time = 1648.77 sec. (526262.90 ticks, tree = 31359.72 MB, solutions = 59)
Nodefile size = 31216.33 MB (23435.18 MB after compression)
 553989 366139      918.5000   188     1057.0000      899.5000 56295120   14.90%
 557834 369151      926.6111   282     1057.0000      899.5000 56697295   14.90%
 560594 371221      911.8333   292     1057.0000      899.8571 57052234   14.87%
                                                  ZeroHalf: 1                  
 564421 374122      957.2500   253     1057.0000      900.0208 57570519   14.85%
 569787 378096     1017.2400   259     1057.0000      900.4167 58091747   14.81%
 574254 381446      938.6042   282     1057.0000      900.7857 58507240   14.78%
 580333 386045      971.5000   240     1057.0000      901.1333 59052678   14.75%
 587034 391335     1015.3452   301     1057.0000      901.1333 59628946   14.75%
 590975 394273     1027.2518   307     1057.0000      901.5000 59973784   14.71%
 594841 397164      945.9455   376     1057.0000      901.8333 60341423   14.68%
Elapsed time = 1783.26 sec. (565709.86 ticks, tree = 34533.90 MB, solutions = 59)
Nodefile size = 34397.24 MB (25684.81 MB after compression)
 600451 401449      971.7500   344     1057.0000      902.2381 60862237   14.64%
 602601 403156      987.0000   417     1057.0000      902.2381 61225430   14.64%
 607331 406787      969.8462   309     1057.0000      902.4074 61738189   14.63%
 612508 410732     1021.2000   257     1057.0000      902.7500 62227690   14.59%
 617883 414860      914.0833   315     1057.0000      903.0000 62708154   14.57%
 621978 417911      960.3333   349     1057.0000      903.3750 63088320   14.53%
 627231 421934      954.6667   241     1057.0000      903.3750 63602715   14.53%
 631480 425145     1037.3333   220     1057.0000      903.5333 63967004   14.52%
 635214 427894      966.6875   341     1057.0000      904.0000 64362658   14.47%
 638054 430047      992.1724   347     1057.0000      904.1746 64803190   14.46%
Elapsed time = 1910.75 sec. (606122.15 ticks, tree = 37217.09 MB, solutions = 59)
Nodefile size = 37082.21 MB (27573.81 MB after compression)
 643551 434247      974.0000   292     1057.0000      904.3929 65320652   14.44%
 651012 440038     1010.1944   181     1057.0000      904.8000 65946745   14.40%
 656530 444315      930.3389   172     1057.0000      904.8000 66447618   14.40%
 659981 446957     1019.5667   350     1057.0000      905.0714 66779704   14.37%
 663145 449377      980.5556   349     1057.0000      905.3333 67069314   14.35%
 667303 452617      947.7500   253     1057.0000      905.4688 67638656   14.34%
 673158 457111      983.4193   200     1057.0000      905.8421 68091948   14.30%
 678246 461233     1024.7400   284     1057.0000      905.8421 68502180   14.30%
 684063 465681      932.8611   215     1057.0000      906.1000 69000508   14.28%
 688125 468850      996.4833   194     1057.0000      906.3333 69352077   14.25%
Elapsed time = 2051.40 sec. (646133.01 ticks, tree = 40498.03 MB, solutions = 59)
Nodefile size = 40360.36 MB (29867.01 MB after compression)
 693799 473170      994.5833   241     1057.0000      906.6667 69843185   14.22%
 697031 475720      995.5000   234     1057.0000      906.6667 70138818   14.22%
 701311 479012      962.0000   401     1057.0000      906.9381 70581577   14.20%
 705891 482445      989.4294   338     1057.0000      907.0333 71156712   14.19%
 711379 486639      948.3125   427     1057.0000      907.3333 71650579   14.16%
 715908 490155      925.6212   315     1057.0000      907.6000 72055551   14.13%
*721230 494226      integral     0     1055.0000      907.6000 72521679   13.97%
Found incumbent of value 1055.000000 after 2142.18 sec. (671523.63 ticks)
 722871 491278      971.0000   280     1055.0000      907.8333 72665495   13.95%
 727928 495118      972.6667   153     1055.0000      908.0000 73143655   13.93%
 734442 500252      928.6667   291     1055.0000      908.0000 73733748   13.93%
Elapsed time = 2177.38 sec. (683776.25 ticks, tree = 42911.40 MB, solutions = 60)
Nodefile size = 42758.37 MB (31492.89 MB after compression)
 737592 502621      960.6667   178     1055.0000      908.3319 74009111   13.90%
*739012+503700                         1051.0000      908.3319 74140168   13.57%
Found incumbent of value 1051.000000 after 2193.30 sec. (686735.79 ticks)
 742045 496816      969.8333   402     1051.0000      908.5556 74454452   13.55%
                                                    Covers: 1                  
 746056 499829     1006.5455   311     1051.0000      908.7361 74877551   13.54%
*747141+500638                         1048.0000      908.7361 74974192   13.29%
Found incumbent of value 1048.000000 after 2219.44 sec. (694302.67 ticks)
*750275+503063                         1045.0000      908.7361 75213232   13.04%
Found incumbent of value 1045.000000 after 2225.00 sec. (696469.80 ticks)
 751818 487658     1039.0727   135     1045.0000      909.0000 75358262   13.01%
 757719 491919      976.2051   202     1045.0000      909.2857 75896921   12.99%
 760127 493735      914.5000   214     1045.0000      909.2857 76267011   12.99%
 764881 497213     1006.0595   189     1045.0000      909.4333 76792202   12.97%
 770522 501337     1038.4103   237     1045.0000      909.6667 77283238   12.95%
 775716 505107     1001.0000   240     1045.0000      910.0000 77740070   12.92%
 779918 508124      990.4524   302     1045.0000      910.2500 78130370   12.89%
Elapsed time = 2312.10 sec. (723294.15 ticks, tree = 43713.23 MB, solutions = 63)
Nodefile size = 43579.50 MB (31862.31 MB after compression)
 784288 511318     1032.0667   155     1045.0000      910.4047 78615575   12.88%
                                                    Covers: 1                  
 790410 515974     1031.5792   193     1045.0000      910.4047 79149711   12.88%
 792175 517247     1034.5833   431     1045.0000      910.6667 79312051   12.85%
 796526 520423      968.2222   149     1045.0000      910.8000 79908568   12.84%
 802601 524823      929.5417   216     1045.0000      911.0000 80469148   12.82%
 806834 527857      966.5000   175     1045.0000      911.2500 80838907   12.80%
 812410 531972      964.4667   245     1045.0000      911.2500 81346273   12.80%
 816488 534934      997.3740   370     1045.0000      911.5000 81665007   12.78%
 820831 538100      939.6111   378     1045.0000      911.7105 82023272   12.75%
 824236 540577     1001.3125   319     1045.0000      911.8667 82515483   12.74%
Elapsed time = 2439.90 sec. (762569.29 ticks, tree = 46110.12 MB, solutions = 63)
Nodefile size = 45975.96 MB (33478.04 MB after compression)
 829780 544523      930.0114   260     1045.0000      912.0667 83027318   12.72%
 837057 549995     1040.1667   260     1045.0000      912.0667 83623270   12.72%
 840979 552742      942.4286   296     1045.0000      912.3750 83996649   12.69%
                                                    Covers: 1                  
 846237 556648      984.5000   244     1045.0000      912.6127 84401141   12.67%
 851181 560272     1041.3333   189     1045.0000      912.8333 84789439   12.65%
 854889 562990     1032.0333   212     1045.0000      912.8333 85275466   12.65%
 857919 565166      924.1667   320     1045.0000      912.9167 85601499   12.64%
 864545 570001     1013.7800   261     1045.0000      913.1286 86137513   12.62%
 868261 572706     1015.1333   212     1045.0000      913.3333 86461236   12.60%
 874001 576911     1036.0000   172     1045.0000      913.5333 86949456   12.58%
Elapsed time = 2575.78 sec. (801443.84 ticks, tree = 49195.10 MB, solutions = 63)
Nodefile size = 49062.10 MB (35551.27 MB after compression)
 874353 577149     1005.7083   316     1045.0000      913.5333 87067767   12.58%
 880323 581529      919.0667   279     1045.0000      913.6000 87790697   12.57%
 886381 585868      968.3333   418     1045.0000      913.9000 88282828   12.55%
 888833 587533     1028.5909   446     1045.0000      914.0278 88546380   12.53%
 893152 590656      928.3833   191     1045.0000      914.1333 89140962   12.52%
 899891 595529      986.7667   253     1045.0000      914.4083 89691225   12.50%
 906178 600140     1033.1000   205     1045.0000      914.6667 90177638   12.47%
 912090 604446      975.4000   218     1045.0000      914.6667 90689331   12.47%
 916381 607561      946.0000   355     1045.0000      914.8667 91018525   12.45%
 918887 609203     1012.1154   277     1045.0000      915.0000 91289493   12.44%
Elapsed time = 2710.95 sec. (841459.75 ticks, tree = 51676.23 MB, solutions = 63)
Nodefile size = 51544.75 MB (37195.56 MB after compression)
 923490 612628      975.1491   261     1045.0000      915.1333 91868991   12.43%
 929733 617121      949.3377   201     1045.0000      915.3000 92392423   12.41%
 936545 622175     1021.6742   183     1045.0000      915.5238 92924091   12.39%
 941591 625902      991.3000   173     1045.0000      915.5238 93335859   12.39%
 944849 628173      985.2222   286     1045.0000      915.7500 93695303   12.37%
                                                  ZeroHalf: 1                  
 949210 631389      988.7273   416     1045.0000      915.9583 94056673   12.35%
 955573 635979        cutoff           1045.0000      916.0000 94637525   12.34%
                                                      Cuts: 2                  
*956223+636455                         1041.0000      916.0000 94726598   12.01%
Found incumbent of value 1041.000000 after 2813.09 sec. (868025.66 ticks)
 958875 624775      973.8889   364     1041.0000      916.2667 95085545   11.98%
                                                      Cuts: 2                  
*963794+628420                         1037.0000      916.2667 95481928   11.64%
Found incumbent of value 1037.000000 after 2826.91 sec. (875903.15 ticks)
 965022 613120      993.2885   257     1037.0000      916.4167 95580054   11.63%
*965215+613255                         1031.0000      916.4167 95604681   11.11%
Found incumbent of value 1031.000000 after 2835.51 sec. (876716.30 ticks)
 969254 615994      985.6078   240     1031.0000      916.4167 95992430   11.11%
Elapsed time = 2844.92 sec. (881506.00 ticks, tree = 51529.02 MB, solutions = 65)
Nodefile size = 51384.54 MB (36845.56 MB after compression)
 974923 589592      963.3333   268     1031.0000      916.5833 96490169   11.10%
 977693 591416     1022.5000   384     1031.0000      916.8333 96783738   11.07%
 982221 594524        cutoff           1031.0000      916.9333 97340752   11.06%
 986487 597308     1016.1667   289     1031.0000      917.1250 97764740   11.05%
 992146 601091      966.4583   228     1031.0000      917.3476 98239541   11.02%
 998055 605021     1006.8000   113     1031.0000      917.3476 98783601   11.02%
 1002749 608295      981.2333   287     1031.0000      917.5036 99124706   11.01%
 1006496 610816      952.5000   352     1031.0000      917.7500 99442292   10.98%
 1011305 614078      918.6667   147     1031.0000      917.8333 1.00e+08   10.98%
 1016158 617197      982.3125   350     1031.0000      918.0000 1.01e+08   10.96%
Elapsed time = 2985.94 sec. (921693.58 ticks, tree = 51392.34 MB, solutions = 66)
Nodefile size = 51258.61 MB (36502.14 MB after compression)
 1021443 620717      978.5833   136     1031.0000      918.2222 1.01e+08   10.94%
 1026982 624508      974.0000   180     1031.0000      918.2222 1.01e+08   10.94%
 1028442 625356      967.8571   327     1031.0000      918.3750 1.02e+08   10.92%
 1031290 627148      985.7500   309     1031.0000      918.5000 1.02e+08   10.91%
 1038615 632015     1000.2000   263     1031.0000      918.6667 1.03e+08   10.90%
 1043373 635156     1006.7000   303     1031.0000      918.9167 1.03e+08   10.87%
 1047724 637846     1009.5833   255     1031.0000      919.0476 1.04e+08   10.86%
 1053861 642088      949.0000   182     1031.0000      919.0476 1.04e+08   10.86%
 1056241 643589     1009.4301   282     1031.0000      919.2500 1.04e+08   10.84%
 1060225 646254     1015.6597   432     1031.0000      919.3947 1.05e+08   10.82%
Elapsed time = 3119.06 sec. (960936.68 ticks, tree = 53509.55 MB, solutions = 66)
Nodefile size = 53372.90 MB (37868.21 MB after compression)
 1065683 649787      984.8333   309     1031.0000      919.5278 1.05e+08   10.81%
 1069829 652392      938.1778   407     1031.0000      919.7750 1.06e+08   10.79%
*1074019+655247                         1030.0000      919.7750 1.06e+08   10.70%
Found incumbent of value 1030.000000 after 3157.36 sec. (969651.38 ticks)
 1075890 650545        cutoff           1030.0000      919.9750 1.06e+08   10.68%
 1076498 650914      938.1818   300     1030.0000      919.9750 1.06e+08   10.68%
 1081493 654263      965.3750   286     1030.0000      920.0238 1.07e+08   10.68%
 1088176 658663     1014.8333   299     1030.0000      920.2000 1.08e+08   10.66%
 1092377 661221     1025.5350   235     1030.0000      920.4667 1.08e+08   10.63%
 1097178 664294      954.5000   255     1030.0000      920.5556 1.08e+08   10.63%
 1103970 668832      988.5000   312     1030.0000      920.8667 1.09e+08   10.60%
 1107750 671275     1006.0500   161     1030.0000      921.0000 1.09e+08   10.58%
Elapsed time = 3261.74 sec. (1001087.27 ticks, tree = 55486.08 MB, solutions = 67)
Nodefile size = 55354.29 MB (39092.49 MB after compression)
 1111636 673879      981.5000   384     1030.0000      921.0000 1.10e+08   10.58%
 1116402 676938      998.7000   323     1030.0000      921.1458 1.10e+08   10.57%
 1121258 680044     1004.7591   293     1030.0000      921.2917 1.11e+08   10.55%
 1125288 682635        cutoff           1030.0000      921.5000 1.11e+08   10.53%
 1128310 684627      988.3333   407     1030.0000      921.5750 1.12e+08   10.53%
 1134117 688370      977.1875   288     1030.0000      921.7500 1.12e+08   10.51%
 1140859 692877      989.2000   237     1030.0000      922.0000 1.13e+08   10.49%
 1146568 696641     1016.4889   225     1030.0000      922.0000 1.13e+08   10.49%
 1147225 696955     1024.4000   291     1030.0000      922.1167 1.13e+08   10.47%
 1152898 700733     1004.2500   350     1030.0000      922.2000 1.14e+08   10.47%
Elapsed time = 3399.46 sec. (1041479.27 ticks, tree = 57522.02 MB, solutions = 67)
Nodefile size = 57384.83 MB (40401.61 MB after compression)
 1157643 703799      950.1667   183     1030.0000      922.3500 1.14e+08   10.45%
 1161945 706478      981.5000   182     1030.0000      922.5000 1.15e+08   10.44%
 1167400 710048      992.1429   256     1030.0000      922.6667 1.15e+08   10.42%
 1174405 714815     1007.5000   303     1030.0000      922.6667 1.16e+08   10.42%
 1176057 715849     1027.5000   270     1030.0000      922.8529 1.16e+08   10.40%
 1179737 718166      975.9333   314     1030.0000      923.0000 1.17e+08   10.39%
 1185295 721684        cutoff           1030.0000      923.1500 1.17e+08   10.37%
 1190522 725073     1026.3667   222     1030.0000      923.3333 1.18e+08   10.36%
 1195200 728011      963.3333   385     1030.0000      923.5000 1.18e+08   10.34%
 1197659 729645      966.9167   341     1030.0000      923.5000 1.18e+08   10.34%
Elapsed time = 3536.77 sec. (1081374.28 ticks, tree = 59899.95 MB, solutions = 67)
Nodefile size = 59767.69 MB (41935.43 MB after compression)
 1202360 732768      964.9500   286     1030.0000      923.5833 1.19e+08   10.33%
 1207888 736193     1024.4545   298     1030.0000      923.7143 1.19e+08   10.32%
 1213359 739618        cutoff           1030.0000      923.9423 1.20e+08   10.30%
                                                  ZeroHalf: 1                  
 1216678 741520      998.8333   306     1030.0000      924.0128 1.20e+08   10.29%
 1221068 744417      954.8000   473     1030.0000      924.1111 1.21e+08   10.28%
 1226564 747941      989.2577   222     1030.0000      924.3030 1.21e+08   10.26%
 1233191 752300      951.8333   231     1030.0000      924.3030 1.22e+08   10.26%
 1236254 754162      954.7588   320     1030.0000      924.5000 1.22e+08   10.24%
 1239884 756487      979.4091   364     1030.0000      924.6250 1.22e+08   10.23%
 1244007 759183     1003.2667   182     1030.0000      924.7000 1.23e+08   10.22%
Elapsed time = 3673.54 sec. (1121234.31 ticks, tree = 61911.81 MB, solutions = 67)
Nodefile size = 61777.25 MB (43213.55 MB after compression)
 1251098 763812      946.0000   206     1030.0000      924.8833 1.23e+08   10.21%
 1254422 765744      977.2778   277     1030.0000      925.0000 1.24e+08   10.19%
 1260357 769762      986.8500   253     1030.0000      925.0000 1.24e+08   10.19%
 1261530 770424     1014.9762   380     1030.0000      925.1667 1.24e+08   10.18%
 1266146 773386      985.8571   274     1030.0000      925.2500 1.25e+08   10.17%
 1271545 776773     1006.2500   243     1030.0000      925.4167 1.25e+08   10.15%
 1276407 779809      985.1352   177     1030.0000      925.5833 1.26e+08   10.14%
 1282530 783831      983.8333   353     1030.0000      925.5833 1.26e+08   10.14%
 1284546 785107      928.2500   321     1030.0000      925.7500 1.27e+08   10.12%
 1290366 788967      971.8333   338     1030.0000      925.8889 1.27e+08   10.11%
Elapsed time = 3811.53 sec. (1160340.56 ticks, tree = 64331.83 MB, solutions = 67)
Nodefile size = 64200.15 MB (44761.24 MB after compression)
 1292984 790559     1013.5833   191     1030.0000      926.0000 1.28e+08   10.10%
 1299482 794804      930.1667   371     1030.0000      926.0952 1.28e+08   10.09%
 1304990 798317        cutoff           1030.0000      926.3333 1.29e+08   10.06%
 1310866 802187      967.1883   270     1030.0000      926.3333 1.29e+08   10.06%
 1314253 804189        cutoff           1030.0000      926.5000 1.29e+08   10.05%
 1318799 807132      987.9000   397     1030.0000      926.5789 1.30e+08   10.04%
 1321574 808854     1001.5000   370     1030.0000      926.7167 1.30e+08   10.03%
 1328721 813428      973.7500   314     1030.0000      926.8333 1.31e+08   10.02%
 1333950 816783     1023.5000   208     1030.0000      927.0000 1.31e+08   10.00%
 1335894 818061      940.7500   344     1030.0000      927.0000 1.32e+08   10.00%
Elapsed time = 3950.33 sec. (1200069.84 ticks, tree = 66378.07 MB, solutions = 67)
Nodefile size = 66247.93 MB (46064.62 MB after compression)
 1341226 821475      960.6667   176     1030.0000      927.0476 1.32e+08   10.00%
 1345688 824343     1001.8333   245     1030.0000      927.2318 1.32e+08    9.98%
 1351856 828282      957.3333   239     1030.0000      927.3611 1.33e+08    9.96%
 1356154 830961     1017.0722   314     1030.0000      927.5000 1.33e+08    9.95%
 1362281 834821     1003.0833   222     1030.0000      927.6667 1.34e+08    9.94%
 1364918 836520      993.7000   220     1030.0000      927.6667 1.34e+08    9.94%
 1367633 838241      997.1667   187     1030.0000      927.7222 1.35e+08    9.93%
 1375097 842978      990.0000   273     1030.0000      927.8618 1.35e+08    9.92%
 1379765 845990        cutoff           1030.0000      928.0000 1.36e+08    9.90%
 1384273 849007     1025.0333   337     1030.0000      928.1667 1.36e+08    9.89%
                                                  Impl Bds: 1                  
Elapsed time = 4097.29 sec. (1239778.56 ticks, tree = 68799.05 MB, solutions = 67)
Nodefile size = 68669.03 MB (47601.57 MB after compression)
 1388013 851460      960.0741   318     1030.0000      928.2500 1.36e+08    9.88%
 1393814 855105        cutoff           1030.0000      928.3810 1.37e+08    9.87%
 1397686 857612     1002.8000   228     1030.0000      928.3810 1.37e+08    9.87%
 1404643 862118     1016.7500   279     1030.0000      928.5000 1.38e+08    9.85%
                                                    Covers: 1                  
 1407486 863915     1001.5000   238     1030.0000      928.6667 1.38e+08    9.84%
 1411144 866183     1019.6056   159     1030.0000      928.7083 1.39e+08    9.83%
 1416610 869693      969.7037   290     1030.0000      928.8667 1.39e+08    9.82%
                                                    Covers: 1                  
 1421792 873097      953.4000   379     1030.0000      928.8667 1.39e+08    9.82%
 1423366 873873      988.4643   419     1030.0000      929.0000 1.40e+08    9.81%
 1428263 877055      946.0000   203     1030.0000      929.0286 1.40e+08    9.80%
Elapsed time = 4229.40 sec. (1278654.60 ticks, tree = 70395.52 MB, solutions = 67)
Nodefile size = 70258.00 MB (48603.87 MB after compression)
 1432704 879820      990.9833   190     1030.0000      929.2000 1.41e+08    9.79%
 1438647 883572     1007.0119   164     1030.0000      929.3333 1.41e+08    9.77%
 1444064 886874     1000.2051   254     1030.0000      929.5000 1.42e+08    9.76%
 1449124 890127     1008.0714   285     1030.0000      929.5000 1.42e+08    9.76%
 1452130 892112      954.3333   326     1030.0000      929.6000 1.42e+08    9.75%
                                                  ZeroHalf: 1                  
 1456839 895209     1001.1333   233     1030.0000      929.6667 1.43e+08    9.74%
 1463770 899655      967.8000   235     1030.0000      929.8205 1.43e+08    9.73%
 1468377 902666     1013.1667   200     1030.0000      930.0000 1.44e+08    9.71%
 1473221 905595      964.0714   303     1030.0000      930.0000 1.44e+08    9.71%
 1476704 908035      939.3818   268     1030.0000      930.0000 1.45e+08    9.71%
Elapsed time = 4371.01 sec. (1318079.32 ticks, tree = 72700.04 MB, solutions = 67)
Nodefile size = 72570.11 MB (50071.87 MB after compression)
 1482701 911835     1015.0571   155     1030.0000      930.1178 1.45e+08    9.70%
 1488326 915451      997.1667   125     1030.0000      930.3333 1.46e+08    9.68%
 1493067 918463        cutoff           1030.0000      930.4417 1.46e+08    9.67%
 1496901 920761     1007.3333   243     1030.0000      930.5333 1.46e+08    9.66%
 1500779 923330      978.8000   227     1030.0000      930.6250 1.47e+08    9.65%
 1506966 927241      930.7857   198     1030.0000      930.7500 1.47e+08    9.64%
 1513603 931485        cutoff           1030.0000      930.8667 1.48e+08    9.62%
 1520176 935620     1006.8333   270     1030.0000      931.0000 1.48e+08    9.61%
                                                  ZeroHalf: 1                  
 1521246 936290      941.7083   386     1030.0000      931.0000 1.49e+08    9.61%
 1526714 939806      965.0000   428     1030.0000      931.0000 1.49e+08    9.61%
Elapsed time = 4517.26 sec. (1359445.88 ticks, tree = 74639.90 MB, solutions = 67)
Nodefile size = 74500.12 MB (51289.48 MB after compression)
 1533040 943669      968.8070   282     1030.0000      931.1667 1.50e+08    9.60%
 1538722 947201      974.4444   206     1030.0000      931.3137 1.50e+08    9.58%
 1542958 949842     1019.7500   313     1030.0000      931.4857 1.51e+08    9.56%
 1547832 952771        cutoff           1030.0000      931.5333 1.51e+08    9.56%
 1548999 953523      982.8750   236     1030.0000      931.5333 1.51e+08    9.56%
 1554680 957177      980.5417   192     1030.0000      931.6250 1.52e+08    9.55%
 1558850 959794     1012.6667   251     1030.0000      931.7411 1.52e+08    9.54%
 1567482 965421      988.2667   221     1030.0000      931.8667 1.53e+08    9.53%
 1571055 967568     1026.3750   351     1030.0000      932.0000 1.53e+08    9.51%
 1572999 968791      998.0000   303     1030.0000      932.0000 1.54e+08    9.51%
Elapsed time = 4665.04 sec. (1398762.45 ticks, tree = 76957.55 MB, solutions = 67)
Nodefile size = 76826.09 MB (52758.67 MB after compression)
 1579820 973179      981.5833   299     1030.0000      932.1667 1.54e+08    9.50%
 1586765 977611      956.6250   243     1030.0000      932.3167 1.55e+08    9.48%
 1593196 981647      965.7667   235     1030.0000      932.4167 1.55e+08    9.47%
 1598941 985188     1006.2632   154     1030.0000      932.5030 1.56e+08    9.47%
 1602208 987325      965.8333   300     1030.0000      932.5030 1.56e+08    9.47%
 1607458 990673     1022.2500   286     1030.0000      932.5833 1.57e+08    9.46%
 1612075 993530      961.2619   186     1030.0000      932.6917 1.57e+08    9.45%
 1618482 997609      950.2810   266     1030.0000      932.8182 1.57e+08    9.44%
 1624027 1001192     1015.0000   192     1030.0000      933.0000 1.58e+08    9.42%
 1626038 1002414        cutoff           1030.0000      933.0000 1.58e+08    9.42%
Elapsed time = 4822.58 sec. (1441290.11 ticks, tree = 79513.97 MB, solutions = 67)
Nodefile size = 79384.18 MB (54378.69 MB after compression)
 1629831 1004836      993.0672   423     1030.0000      933.0000 1.59e+08    9.42%
 1636528 1009098        cutoff           1030.0000      933.1023 1.59e+08    9.41%
                                                    Covers: 1                  
 1641881 1012504     1001.0000   248     1030.0000      933.2143 1.60e+08    9.40%
 1646280 1015274      940.7333   180     1030.0000      933.3333 1.60e+08    9.39%
 1652334 1019237        cutoff           1030.0000      933.4583 1.60e+08    9.37%
 1657808 1022556      994.1429   233     1030.0000      933.4583 1.61e+08    9.37%
 1658744 1023115      963.7000   210     1030.0000      933.5000 1.61e+08    9.37%
 1664859 1026976      989.4381   255     1030.0000      933.6000 1.62e+08    9.36%
 1669613 1029919      998.3030   296     1030.0000      933.7083 1.62e+08    9.35%
 1674292 1032825      979.3333   339     1030.0000      933.8333 1.62e+08    9.34%
Elapsed time = 4968.53 sec. (1480810.57 ticks, tree = 81921.77 MB, solutions = 67)
Nodefile size = 81790.56 MB (55904.95 MB after compression)
 1677732 1034940        cutoff           1030.0000      933.8667 1.63e+08    9.33%
 1683862 1038681      964.0556   268     1030.0000      934.0000 1.63e+08    9.32%
 1689742 1042413     1010.5667   200     1030.0000      934.0833 1.64e+08    9.31%
 1696488 1046701    infeasible           1030.0000      934.2083 1.64e+08    9.30%
 1699606 1048658      986.5556   300     1030.0000      934.2500 1.65e+08    9.30%
 1704343 1051667      997.0750   410     1030.0000      934.2500 1.65e+08    9.30%
 1711135 1055902     1011.5000   257     1030.0000      934.3667 1.66e+08    9.28%
 1713523 1057250      973.2500   317     1030.0000      934.5000 1.66e+08    9.27%
 1718597 1060514      995.4848   322     1030.0000      934.6000 1.67e+08    9.26%
 1722417 1062899        cutoff           1030.0000      934.6667 1.67e+08    9.26%
Elapsed time = 5113.77 sec. (1521599.61 ticks, tree = 83772.19 MB, solutions = 67)
Nodefile size = 83641.31 MB (57081.55 MB after compression)
 1728761 1066859     1002.2500   153     1030.0000      934.7706 1.68e+08    9.25%
 1735377 1070988     1005.2356   325     1030.0000      934.9000 1.68e+08    9.23%
 1741989 1075110     1000.7500   326     1030.0000      935.0000 1.69e+08    9.22%
 1744092 1076360      987.3333   211     1030.0000      935.0000 1.69e+08    9.22%
 1747773 1078649      964.7143   445     1030.0000      935.0000 1.69e+08    9.22%
*1751698+1081097                         1029.0000      935.1314 1.70e+08    9.12%
Found incumbent of value 1029.000000 after 5200.27 sec. (1544260.60 ticks)
 1755245 1083294      963.0343   257     1029.0000      935.1314 1.70e+08    9.12%
 1760531 1080830      941.0500   300     1029.0000      935.2667 1.70e+08    9.11%
 1765081 1083587     1011.6762   360     1029.0000      935.3833 1.71e+08    9.10%
 1770451 1086804      989.5000   260     1029.0000      935.5000 1.71e+08    9.09%
 1773056 1088381     1003.3841   335     1029.0000      935.5119 1.72e+08    9.09%
Elapsed time = 5266.75 sec. (1563247.66 ticks, tree = 85625.34 MB, solutions = 68)
Nodefile size = 85495.21 MB (58195.26 MB after compression)
 1779889 1092717      961.1333   341     1029.0000      935.5119 1.72e+08    9.09%
 1785126 1095947     1015.0000   195     1029.0000      935.6667 1.72e+08    9.07%
 1787856 1097548     1005.6667   128     1029.0000      935.7273 1.73e+08    9.06%
 1794497 1101660     1021.6667   206     1029.0000      935.8333 1.73e+08    9.05%
                                                  ZeroHalf: 1                  
 1800585 1105307      999.3000   182     1029.0000      936.0000 1.74e+08    9.04%
 1802664 1106478      944.0000   140     1029.0000      936.0000 1.74e+08    9.04%
 1808878 1110335     1004.4167   301     1029.0000      936.1000 1.75e+08    9.03%
 1814801 1113901     1009.8551   183     1029.0000      936.1000 1.75e+08    9.03%
 1820647 1117453     1002.5476   355     1029.0000      936.2109 1.76e+08    9.02%
 1823358 1118987      974.4750   224     1029.0000      936.3333 1.76e+08    9.01%
Elapsed time = 5417.19 sec. (1603374.01 ticks, tree = 88023.55 MB, solutions = 68)
Nodefile size = 87890.26 MB (59707.44 MB after compression)
 1829549 1122870     1017.0000   360     1029.0000      936.4667 1.76e+08    8.99%
                                                    Covers: 1                  
 1831811 1124201     1027.2778   370     1029.0000      936.5000 1.77e+08    8.99%
 1837984 1127953      975.7381   187     1029.0000      936.5969 1.77e+08    8.98%
                                                    Covers: 1                  
 1844918 1132293      991.8286   170     1029.0000      936.6833 1.78e+08    8.97%
 1850473 1135664      999.3913   218     1029.0000      936.8167 1.78e+08    8.96%
                                                  ZeroHalf: 1                  
 1854158 1137912      962.3571   310     1029.0000      936.8167 1.78e+08    8.96%
 1859670 1141379      983.0833   268     1029.0000      936.8667 1.79e+08    8.95%
 1863907 1143945      951.6333   238     1029.0000      936.9833 1.79e+08    8.94%
 1868771 1146759     1025.5000   358     1029.0000      937.0119 1.80e+08    8.94%
 1873348 1149552      989.0000   332     1029.0000      937.1667 1.80e+08    8.92%
Elapsed time = 5566.98 sec. (1645469.55 ticks, tree = 90080.88 MB, solutions = 68)
Nodefile size = 89950.69 MB (61012.83 MB after compression)
 1876279 1151260      974.0400   376     1029.0000      937.2000 1.81e+08    8.92%
 1882728 1155229      961.7778   222     1029.0000      937.2667 1.81e+08    8.91%
 1889315 1159202     1003.7917   303     1029.0000      937.4000 1.82e+08    8.90%
 1895615 1163002      987.7917   221     1029.0000      937.5000 1.82e+08    8.89%
 1896703 1163690     1005.0000   218     1029.0000      937.5000 1.82e+08    8.89%
 1904267 1168419      991.4000   298     1029.0000      937.5429 1.83e+08    8.89%
 1910074 1171960      983.2500   280     1029.0000      937.6667 1.84e+08    8.88%
 1914832 1174791      993.1333   329     1029.0000      937.7500 1.84e+08    8.87%
 1919301 1177403      974.7392   354     1029.0000      937.8667 1.84e+08    8.86%
 1923389 1179969      992.1404   229     1029.0000      937.9333 1.85e+08    8.85%
Elapsed time = 5716.35 sec. (1686275.83 ticks, tree = 91833.79 MB, solutions = 68)
Nodefile size = 91700.97 MB (62108.70 MB after compression)
 1929132 1183374      966.9444   296     1029.0000      938.0000 1.85e+08    8.84%
 1935461 1187210        cutoff           1029.0000      938.0833 1.86e+08    8.84%
 1942726 1191720     1016.5000   136     1029.0000      938.2143 1.86e+08    8.82%
 1945326 1193272      996.8333   198     1029.0000      938.2500 1.87e+08    8.82%
 1952294 1197531        cutoff           1029.0000      938.3333 1.87e+08    8.81%
 1959591 1201967      997.5000   275     1029.0000      938.4857 1.88e+08    8.80%
 1964509 1204749      965.0857   199     1029.0000      938.5000 1.88e+08    8.79%
 1968143 1206955     1010.9167   302     1029.0000      938.5833 1.89e+08    8.79%
 1975229 1211304      992.7386   234     1029.0000      938.6667 1.89e+08    8.78%
 1982334 1215627      977.8095   246     1029.0000      938.7778 1.90e+08    8.77%
                                                  ZeroHalf: 1                  
Elapsed time = 5890.91 sec. (1732039.96 ticks, tree = 94448.27 MB, solutions = 68)
Nodefile size = 94318.08 MB (63751.66 MB after compression)
 1989074 1219775      998.5524   217     1029.0000      938.8667 1.90e+08    8.76%
 1993032 1222247      972.4091   306     1029.0000      938.9333 1.91e+08    8.75%
 1999541 1226227     1006.3333   171     1029.0000      939.0000 1.91e+08    8.75%
 2005558 1229784      971.3333   245     1029.0000      939.0750 1.92e+08    8.74%
                                                    Covers: 1                  
 2012202 1233791     1000.5000   241     1029.0000      939.1875 1.92e+08    8.73%
 2015676 1235917      964.0000   250     1029.0000      939.2500 1.93e+08    8.72%
 2021777 1239684     1027.9167   396     1029.0000      939.2500 1.93e+08    8.72%
 2025586 1241891      984.2991   336     1029.0000      939.3333 1.94e+08    8.71%
 2030990 1245224     1007.7708   224     1029.0000      939.4000 1.94e+08    8.71%
 2035262 1247827      994.3333   184     1029.0000      939.5000 1.94e+08    8.70%
                                                    Covers: 1                  
Elapsed time = 6053.64 sec. (1774558.35 ticks, tree = 96708.60 MB, solutions = 68)
Nodefile size = 96578.35 MB (65173.23 MB after compression)
 2037383 1249004      977.3667   184     1029.0000      939.5000 1.95e+08    8.70%
 2044469 1253500      953.0000   204     1029.0000      939.6190 1.95e+08    8.69%
 2051371 1257777     1000.3333   250     1029.0000      939.7000 1.96e+08    8.68%
                                                  ZeroHalf: 1                  
 2058103 1261791      956.4167   270     1029.0000      939.8013 1.96e+08    8.67%
                                                  ZeroHalf: 1                  
 2065137 1266247      952.2500   213     1029.0000      939.9048 1.97e+08    8.66%
 2072393 1270785        cutoff           1029.0000      940.0000 1.97e+08    8.65%
                                                    Covers: 1                  
 2073888 1271588      983.2115   417     1029.0000      940.0000 1.98e+08    8.65%
 2079683 1275040      963.5000   348     1029.0000      940.0000 1.98e+08    8.65%
 2084101 1277753      998.2000   299     1029.0000      940.0690 1.99e+08    8.64%
 2088506 1280373     1005.3450   381     1029.0000      940.1667 1.99e+08    8.63%
Elapsed time = 6217.68 sec. (1818063.66 ticks, tree = 99151.65 MB, solutions = 68)
Nodefile size = 99020.00 MB (66710.28 MB after compression)
 2094078 1283785      972.9474   386     1029.0000      940.2500 1.99e+08    8.62%
 2097781 1286075      951.3333   273     1029.0000      940.3333 2.00e+08    8.62%
 2104011 1289780        cutoff           1029.0000      940.4167 2.00e+08    8.61%
 2110650 1293823      987.0000   272     1029.0000      940.5000 2.01e+08    8.60%
 2114003 1295783     1010.5833   392     1029.0000      940.5119 2.01e+08    8.60%
 2120994 1300039      985.3333   140     1029.0000      940.6500 2.02e+08    8.59%
 2127998 1304362      973.6838   198     1029.0000      940.7324 2.02e+08    8.58%
 2134315 1307983      970.6111   266     1029.0000      940.8095 2.03e+08    8.57%
 2137811 1310083     1012.1667   349     1029.0000      940.8667 2.03e+08    8.56%
 2144731 1314426     1024.3333   159     1029.0000      940.9697 2.04e+08    8.55%
Elapsed time = 6380.49 sec. (1861957.85 ticks, tree = 101367.36 MB, solutions = 68)
Nodefile size = 101238.37 MB (68105.07 MB after compression)
 2150498 1317743     1003.3333   145     1029.0000      941.0000 2.04e+08    8.55%
 2152925 1319181      977.5000   358     1029.0000      941.0111 2.05e+08    8.55%
 2159515 1323281      976.3333   178     1029.0000      941.1389 2.05e+08    8.54%
 2166623 1327566     1008.0952   174     1029.0000      941.2000 2.06e+08    8.53%
 2174060 1332222      979.4500   258     1029.0000      941.3333 2.06e+08    8.52%
 2180598 1336116      972.1667   184     1029.0000      941.3889 2.07e+08    8.51%
 2181729 1336786      959.1000   471     1029.0000      941.3889 2.07e+08    8.51%
 2189763 1341656     1015.1667   384     1029.0000      941.4000 2.08e+08    8.51%
 2195830 1345330        cutoff           1029.0000      941.5000 2.08e+08    8.50%
 2201176 1348648      969.3333   195     1029.0000      941.6000 2.09e+08    8.49%
Elapsed time = 6545.86 sec. (1905836.09 ticks, tree = 103606.92 MB, solutions = 68)
Nodefile size = 103468.49 MB (69507.11 MB after compression)
 2205105 1350969     1006.6250   374     1029.0000      941.6667 2.09e+08    8.49%
 2208466 1352988      957.1667   151     1029.0000      941.7083 2.09e+08    8.48%
 2214786 1356782    infeasible           1029.0000      941.8333 2.10e+08    8.47%
 2221135 1360522        cutoff           1029.0000      941.8889 2.10e+08    8.47%
 2228678 1365260      977.0000   242     1029.0000      942.0000 2.11e+08    8.45%
 2230504 1366163     1012.6667   332     1029.0000      942.0000 2.11e+08    8.45%
 2235016 1368745     1026.5000   334     1029.0000      942.0000 2.12e+08    8.45%
 2241571 1372752      974.9524   295     1029.0000      942.0455 2.12e+08    8.45%
 2247168 1376121     1005.3333   198     1029.0000      942.1667 2.13e+08    8.44%
 2252566 1379429      988.3333   185     1029.0000      942.2813 2.13e+08    8.43%
Elapsed time = 6701.60 sec. (1947275.78 ticks, tree = 105971.51 MB, solutions = 68)
Nodefile size = 105836.93 MB (70992.51 MB after compression)
 2257129 1382030        cutoff           1029.0000      942.3333 2.13e+08    8.42%
 2260949 1384389      971.0833   320     1029.0000      942.3869 2.14e+08    8.42%
 2267909 1388624      947.6429   215     1029.0000      942.5000 2.14e+08    8.41%
 2273666 1391850      980.2500   243     1029.0000      942.5333 2.15e+08    8.40%
 2280389 1395909      993.6190   226     1029.0000      942.6190 2.15e+08    8.39%
 2284897 1398662     1007.0000   405     1029.0000      942.6667 2.16e+08    8.39%
 2291485 1402691        cutoff           1029.0000      942.7222 2.16e+08    8.38%
                                                  Impl Bds: 1                  
 2298234 1406729      952.7115   235     1029.0000      942.8333 2.17e+08    8.37%
                                                    Covers: 2                  
 2301917 1409002     1011.1905   325     1029.0000      942.8667 2.17e+08    8.37%
 2309516 1413748      988.1429   139     1029.0000      942.9643 2.18e+08    8.36%
Elapsed time = 6871.93 sec. (1991621.39 ticks, tree = 108226.44 MB, solutions = 68)
Nodefile size = 108096.11 MB (72407.53 MB after compression)
 2315807 1417440     1023.2500   238     1029.0000      943.0000 2.18e+08    8.36%
 2321868 1421036      960.9000   194     1029.0000      943.0667 2.19e+08    8.35%
 2325899 1423471     1013.7037   396     1029.0000      943.1167 2.19e+08    8.35%
 2332789 1427621     1005.1282   398     1029.0000      943.2222 2.20e+08    8.34%
 2339648 1431719      980.8714   209     1029.0000      943.3194 2.20e+08    8.33%
 2345471 1435125      947.6667   215     1029.0000      943.3571 2.21e+08    8.32%
 2349732 1437741     1018.0952   245     1029.0000      943.4167 2.21e+08    8.32%
 2356594 1441944        cutoff           1029.0000      943.5000 2.22e+08    8.31%
 2362071 1444978     1000.0833   332     1029.0000      943.5000 2.22e+08    8.31%
 2364600 1446482      953.3846   400     1029.0000      943.5333 2.23e+08    8.31%
Elapsed time = 7035.92 sec. (2035776.35 ticks, tree = 110244.56 MB, solutions = 68)
Nodefile size = 110114.34 MB (73678.88 MB after compression)
 2370781 1450392     1004.0000   382     1029.0000      943.5833 2.23e+08    8.30%
                                                    Covers: 1                  
 2374518 1452521     1022.2333   338     1029.0000      943.6667 2.23e+08    8.29%
                                                    Covers: 1                  
 2381091 1456467      963.1667   333     1029.0000      943.7500 2.24e+08    8.28%
 2386377 1459763     1001.6538   226     1029.0000      943.8333 2.24e+08    8.28%
 2389773 1461817     1020.8333   286     1029.0000      943.8571 2.25e+08    8.27%
 2395304 1465332      999.6548   368     1029.0000      943.8571 2.25e+08    8.27%
 2402622 1470042     1008.8333   192     1029.0000      943.9697 2.26e+08    8.26%
                                                    Covers: 1                  
 2405455 1471515      971.2500   285     1029.0000      944.0000 2.26e+08    8.26%
 2409447 1473840     1000.3333   329     1029.0000      944.0167 2.26e+08    8.26%
 2413981 1476605      984.4783   345     1029.0000      944.0833 2.27e+08    8.25%
Elapsed time = 7180.52 sec. (2074997.50 ticks, tree = 112075.27 MB, solutions = 68)
Nodefile size = 111943.10 MB (74831.88 MB after compression)
 2420483 1480566      946.5333   176     1029.0000      944.1667 2.27e+08    8.24%
 2426271 1484049      983.1600   263     1029.0000      944.2500 2.28e+08    8.24%
 2433819 1488726        cutoff           1029.0000      944.3333 2.28e+08    8.23%
 2438161 1491308      992.4123   186     1029.0000      944.3529 2.29e+08    8.23%
 2445437 1495719      985.1897   249     1029.0000      944.4667 2.29e+08    8.22%
 2451225 1499106        cutoff           1029.0000      944.5000 2.30e+08    8.21%
 2453762 1500593      961.8000   262     1029.0000      944.5119 2.30e+08    8.21%
 2460228 1504494        cutoff           1029.0000      944.6078 2.31e+08    8.20%
 2467870 1509272        cutoff           1029.0000      944.6667 2.31e+08    8.20%
 2474503 1513217      976.0833   225     1029.0000      944.7500 2.32e+08    8.19%
                                                      Cuts: 3                  
Elapsed time = 7357.17 sec. (2120202.05 ticks, tree = 114974.50 MB, solutions = 68)
Nodefile size = 114844.59 MB (76659.23 MB after compression)
 2476530 1514433     1027.0667   357     1029.0000      944.7500 2.32e+08    8.19%
 2485337 1519820      948.7571   271     1029.0000      944.8667 2.33e+08    8.18%
                                                    Covers: 2                  
 2492645 1524355        cutoff           1029.0000      944.9619 2.33e+08    8.17%
 2499695 1528605      964.5000   216     1029.0000      945.0000 2.34e+08    8.16%
                                                  ZeroHalf: 1                  
 2501412 1529439      997.7500   339     1029.0000      945.0000 2.34e+08    8.16%
 2507473 1533097      982.6000   221     1029.0000      945.0500 2.35e+08    8.16%
 2514964 1537722      999.0000   169     1029.0000      945.1667 2.35e+08    8.15%
 2522039 1542012     1008.3333   225     1029.0000      945.2333 2.36e+08    8.14%
 2528766 1546187      967.2000   201     1029.0000      945.3125 2.36e+08    8.13%
 2535313 1550094     1024.7333   149     1029.0000      945.3667 2.36e+08    8.13%
Elapsed time = 7539.89 sec. (2166936.82 ticks, tree = 117760.65 MB, solutions = 68)
Nodefile size = 117630.76 MB (78408.37 MB after compression)
 2539080 1552335      996.0000   272     1029.0000      945.3889 2.37e+08    8.13%
 2546355 1556887     1002.0256   255     1029.0000      945.5000 2.37e+08    8.11%
 2551680 1559722        cutoff           1029.0000      945.5119 2.38e+08    8.11%
 2558970 1564135      953.5000   250     1029.0000      945.5833 2.38e+08    8.11%
 2563906 1567277     1013.5000   285     1029.0000      945.6558 2.39e+08    8.10%
 2570509 1571216      995.5872   259     1029.0000      945.7083 2.39e+08    8.09%
                                                    Covers: 1                  
 2574888 1573757     1014.6667   365     1029.0000      945.7083 2.40e+08    8.09%
 2577031 1575055      993.7500   362     1029.0000      945.7833 2.40e+08    8.09%
 2583744 1579132      972.6667   236     1029.0000      945.8125 2.41e+08    8.08%
 2590720 1583230      986.6667   283     1029.0000      945.8810 2.41e+08    8.08%
Elapsed time = 7696.97 sec. (2209563.39 ticks, tree = 119441.45 MB, solutions = 68)
Nodefile size = 119305.43 MB (79452.64 MB after compression)
 2596990 1587277      983.6667   127     1029.0000      946.0000 2.41e+08    8.07%
 2601201 1589695     1001.5000   340     1029.0000      946.0000 2.42e+08    8.07%
 2602598 1590296      973.0000   352     1029.0000      946.0000 2.42e+08    8.07%
 2608584 1593836        cutoff           1029.0000      946.0455 2.43e+08    8.06%
 2615925 1598265     1007.3807   352     1029.0000      946.1429 2.43e+08    8.05%
 2622770 1602343      975.2000   344     1029.0000      946.1429 2.44e+08    8.05%
 2627893 1605433      962.2500   321     1029.0000      946.2000 2.44e+08    8.05%
 2633837 1609151      952.2333   204     1029.0000      946.2778 2.44e+08    8.04%
 2637589 1611437     1009.2105   399     1029.0000      946.3333 2.45e+08    8.03%
 2641332 1613584     1012.2917   148     1029.0000      946.3364 2.45e+08    8.03%
Elapsed time = 7849.54 sec. (2250289.28 ticks, tree = 121916.28 MB, solutions = 68)
Nodefile size = 121783.79 MB (81012.06 MB after compression)
 2648028 1617722     1008.9861   172     1029.0000      946.4461 2.46e+08    8.02%
 2655563 1622386      996.6333   281     1029.0000      946.5000 2.46e+08    8.02%
 2660445 1624973     1019.0000   137     1029.0000      946.5333 2.47e+08    8.01%
 2665412 1628049      990.1667   303     1029.0000      946.5333 2.47e+08    8.01%
 2673121 1632966      988.7667   203     1029.0000      946.5833 2.48e+08    8.01%
 2677294 1635393     1004.4167   172     1029.0000      946.6500 2.48e+08    8.00%
 2680790 1637620     1006.2750   337     1029.0000      946.7000 2.48e+08    8.00%
 2684667 1639833      959.1588   279     1029.0000      946.7500 2.49e+08    7.99%
 2692308 1644522     1000.4259   243     1029.0000      946.8083 2.49e+08    7.99%
 2697647 1647679     1022.6429   190     1029.0000      946.8667 2.50e+08    7.98%
Elapsed time = 8009.67 sec. (2291130.29 ticks, tree = 124295.41 MB, solutions = 68)
Nodefile size = 124165.71 MB (82508.12 MB after compression)
 2705160 1652367      981.2000   147     1029.0000      946.9500 2.50e+08    7.97%
 2710818 1656054      979.3333   306     1029.0000      947.0000 2.50e+08    7.97%
                                                    Covers: 1                  
 2716335 1659142        cutoff           1029.0000      947.0000 2.51e+08    7.97%
 2718377 1660239      978.5000   358     1029.0000      947.0000 2.51e+08    7.97%
 2725671 1664763      967.0952   197     1029.0000      947.1000 2.52e+08    7.96%
 2732851 1669003     1014.0048   207     1029.0000      947.1667 2.52e+08    7.95%
 2739691 1673136      959.1667   241     1029.0000      947.2500 2.53e+08    7.94%
 2746954 1677581      981.1667   203     1029.0000      947.3250 2.53e+08    7.94%
 2753291 1681287        cutoff           1029.0000      947.3333 2.54e+08    7.94%
 2756443 1683257      995.7308   417     1029.0000      947.3333 2.54e+08    7.94%
Elapsed time = 8182.28 sec. (2336476.75 ticks, tree = 126557.56 MB, solutions = 68)
Nodefile size = 126426.95 MB (83930.21 MB after compression)
 2763722 1687741      959.8000   199     1029.0000      947.4500 2.55e+08    7.93%
 2770794 1692006      979.0000   190     1029.0000      947.5000 2.55e+08    7.92%
 2774146 1693834     1012.4429   352     1029.0000      947.5000 2.56e+08    7.92%
                                                    Covers: 1                  
 2781024 1697856     1022.2500   180     1029.0000      947.5833 2.56e+08    7.91%
 2789142 1702910     1019.3470   235     1029.0000      947.6667 2.57e+08    7.90%
 2792615 1704950        cutoff           1029.0000      947.6667 2.57e+08    7.90%
 2798547 1708654      998.1667   389     1029.0000      947.6667 2.58e+08    7.90%
 2804533 1712099     1009.5000   188     1029.0000      947.7452 2.58e+08    7.90%
 2809215 1714827      995.8333   302     1029.0000      947.8148 2.58e+08    7.89%
 2814114 1717684        cutoff           1029.0000      947.8667 2.59e+08    7.88%
Elapsed time = 8352.18 sec. (2379171.13 ticks, tree = 129058.38 MB, solutions = 68)
Nodefile size = 128928.85 MB (85498.74 MB after compression)
 2817914 1719990      956.2612   322     1029.0000      947.8970 2.59e+08    7.88%
 2825073 1724553      972.5000   161     1029.0000      947.9773 2.60e+08    7.87%
 2831988 1728776      990.8611   227     1029.0000      948.0000 2.60e+08    7.87%
 2836593 1731213      989.0833   171     1029.0000      948.0000 2.61e+08    7.87%
 2840718 1733788      971.5767   363     1029.0000      948.0484 2.61e+08    7.87%
 2847537 1737895     1010.5333   177     1029.0000      948.1256 2.62e+08    7.86%
 2854440 1741894     1016.9333   257     1029.0000      948.2000 2.62e+08    7.85%
 2861242 1745848      969.4286   342     1029.0000      948.2500 2.62e+08    7.85%
 2865250 1748312        cutoff           1029.0000      948.3000 2.63e+08    7.84%
 2873045 1753191     1027.2751   249     1029.0000      948.3333 2.63e+08    7.84%
Elapsed time = 8516.15 sec. (2422831.15 ticks, tree = 131325.68 MB, solutions = 68)
Nodefile size = 131195.32 MB (86927.52 MB after compression)
 2879387 1756761      962.0867   318     1029.0000      948.3889 2.64e+08    7.83%
 2883321 1759102     1013.8878   291     1029.0000      948.4167 2.64e+08    7.83%
 2891085 1763809     1010.8571   289     1029.0000      948.5000 2.65e+08    7.82%
 2896443 1766694     1004.0222   152     1029.0000      948.5083 2.65e+08    7.82%
 2904035 1771364     1003.1667   271     1029.0000      948.6000 2.66e+08    7.81%
 2908326 1774082     1016.6667   182     1029.0000      948.6333 2.66e+08    7.81%
 2915312 1778356      957.9000   247     1029.0000      948.6667 2.67e+08    7.81%
 2922271 1782529        cutoff           1029.0000      948.7143 2.67e+08    7.80%
 2929278 1786655      986.3333   192     1029.0000      948.8000 2.68e+08    7.79%
 2933688 1789305      964.9500   330     1029.0000      948.8222 2.68e+08    7.79%
Elapsed time = 8685.19 sec. (2467808.45 ticks, tree = 133553.77 MB, solutions = 68)
Nodefile size = 133423.17 MB (88322.77 MB after compression)
 2940419 1793378      979.7619   168     1029.0000      948.8667 2.69e+08    7.79%
 2947876 1797827      990.9667   150     1029.0000      948.9333 2.69e+08    7.78%
 2956537 1803328        cutoff           1029.0000      949.0000 2.70e+08    7.77%
 2960325 1805471      962.6429   235     1029.0000      949.0000 2.70e+08    7.77%
 2964750 1807831     1001.0417   179     1029.0000      949.0000 2.71e+08    7.77%
 2972265 1812373      988.3333   150     1029.0000      949.1000 2.71e+08    7.76%
 2980037 1817113        cutoff           1029.0000      949.1667 2.72e+08    7.76%
 2983130 1818880     1026.6097   366     1029.0000      949.1667 2.72e+08    7.76%
 2990273 1823133      993.2500   347     1029.0000      949.2500 2.72e+08    7.75%
 2997520 1827506      960.6667   143     1029.0000      949.3167 2.73e+08    7.74%
Elapsed time = 8870.92 sec. (2513306.04 ticks, tree = 136287.83 MB, solutions = 68)
Nodefile size = 136158.18 MB (90037.87 MB after compression)
 3005040 1832094      957.8939   273     1029.0000      949.3333 2.73e+08    7.74%
 3011758 1836082        cutoff           1029.0000      949.3929 2.74e+08    7.74%
 3015742 1838388      996.7222   408     1029.0000      949.4167 2.74e+08    7.73%
 3023696 1843287      950.0429   282     1029.0000      949.5000 2.75e+08    7.73%
 3028552 1845756      992.0000   224     1029.0000      949.5000 2.75e+08    7.73%
 3036228 1850347        cutoff           1029.0000      949.5741 2.76e+08    7.72%
 3040076 1852684      977.7500   329     1029.0000      949.6000 2.76e+08    7.72%
 3047969 1857544      988.4167   212     1029.0000      949.6667 2.77e+08    7.71%
 3054261 1861195        cutoff           1029.0000      949.7000 2.77e+08    7.71%
 3060628 1864894        cutoff           1029.0000      949.7500 2.78e+08    7.70%
Elapsed time = 9052.76 sec. (2558586.06 ticks, tree = 138893.10 MB, solutions = 68)
Nodefile size = 138763.32 MB (91670.94 MB after compression)
*3064049 1866930      integral     0     1026.0000      949.7500 2.78e+08    7.43%
Found incumbent of value 1026.000000 after 9063.12 sec. (2560428.53 ticks)
 3066752 1850340     1022.1250   220     1026.0000      949.7778 2.78e+08    7.43%
*3070966+1852806                         1024.0000      949.7778 2.79e+08    7.25%
Found incumbent of value 1024.000000 after 9074.10 sec. (2565017.65 ticks)
 3072304 1839981     1003.3333    98     1024.0000      949.8333 2.79e+08    7.24%
 3078798 1843806      979.0167   212     1024.0000      949.8667 2.79e+08    7.24%
 3086167 1847958      997.5833   144     1024.0000      949.9583 2.80e+08    7.23%
 3091369 1850995      985.3250   256     1024.0000      950.0000 2.80e+08    7.23%
 3096891 1853732      986.0000   234     1024.0000      950.0000 2.81e+08    7.23%
 3102144 1856403      964.1258   231     1024.0000      950.0238 2.81e+08    7.22%
 3106245 1858705     1014.3333   234     1024.0000      950.0833 2.82e+08    7.22%
 3113146 1862458      991.3678   210     1024.0000      950.1619 2.82e+08    7.21%
Elapsed time = 9204.58 sec. (2597471.98 ticks, tree = 137803.19 MB, solutions = 70)
Nodefile size = 137674.12 MB (90699.43 MB after compression)
*3114794+1863349                         1014.0000      950.1619 2.82e+08    6.30%
Found incumbent of value 1014.000000 after 9208.55 sec. (2597286.92 ticks)
 3120056 1744493      998.8333   246     1014.0000      950.2000 2.82e+08    6.29%
 3123599 1746187      978.0926   416     1014.0000      950.2500 2.83e+08    6.29%
 3130542 1749512        cutoff           1014.0000      950.3258 2.83e+08    6.28%
 3137598 1752742      979.3333   308     1014.0000      950.3333 2.84e+08    6.28%
 3144751 1756017        cutoff           1014.0000      950.4167 2.84e+08    6.27%
 3150064 1758532        cutoff           1014.0000      950.4667 2.85e+08    6.27%
 3155361 1760500      982.4095   197     1014.0000      950.5000 2.85e+08    6.26%
 3159439 1762397     1010.7358   377     1014.0000      950.5333 2.86e+08    6.26%
 3166623 1765781      975.3718   253     1014.0000      950.6250 2.86e+08    6.25%
 3174694 1769659        cutoff           1014.0000      950.6667 2.87e+08    6.25%
Elapsed time = 9383.63 sec. (2641261.72 ticks, tree = 131365.07 MB, solutions = 71)
Nodefile size = 131235.09 MB (86001.14 MB after compression)
 3181299 1772776     1007.0595   174     1014.0000      950.7333 2.87e+08    6.24%
 3184259 1773986      993.5333   340     1014.0000      950.7500 2.88e+08    6.24%
 3191108 1777157      959.5000   214     1014.0000      950.8222 2.88e+08    6.23%
 3198043 1780124      973.8667   207     1014.0000      950.8714 2.89e+08    6.23%
 3205626 1783757      978.9778   357     1014.0000      950.9778 2.89e+08    6.22%
 3213418 1787553        cutoff           1014.0000      951.0000 2.89e+08    6.21%
                                                    Covers: 1                  
 3215406 1788133      990.6667   232     1014.0000      951.0000 2.90e+08    6.21%
 3220772 1790389     1012.0000   174     1014.0000      951.0098 2.90e+08    6.21%
 3227955 1793787      970.1299   354     1014.0000      951.1324 2.91e+08    6.20%
 3234986 1796843      979.2000   215     1014.0000      951.1667 2.91e+08    6.20%
Elapsed time = 9567.01 sec. (2685914.07 ticks, tree = 133144.09 MB, solutions = 71)
Nodefile size = 133014.80 MB (87088.84 MB after compression)
 3242241 1800278      989.0833   306     1014.0000      951.2500 2.92e+08    6.19%
 3245419 1801723      974.4592   343     1014.0000      951.2679 2.92e+08    6.19%
 3253523 1805944      969.3509   304     1014.0000      951.3333 2.93e+08    6.18%
 3259060 1808206    infeasible           1014.0000      951.3497 2.93e+08    6.18%
 3266273 1811485        cutoff           1014.0000      951.4333 2.94e+08    6.17%
 3270601 1813491     1000.3667   229     1014.0000      951.4762 2.94e+08    6.17%
 3275728 1815353      974.2727   309     1014.0000      951.5000 2.95e+08    6.16%
 3283255 1818920      966.5152   247     1014.0000      951.5789 2.95e+08    6.16%
 3286878 1820590     1007.1667   384     1014.0000      951.5952 2.96e+08    6.15%
 3294758 1824659      967.1667   181     1014.0000      951.6667 2.96e+08    6.15%
Elapsed time = 9738.60 sec. (2729014.15 ticks, tree = 134686.19 MB, solutions = 71)
Nodefile size = 134556.21 MB (88024.78 MB after compression)
 3300820 1827376        cutoff           1014.0000      951.6667 2.96e+08    6.15%
*3305758+1829750                         1013.0000      951.6667 2.97e+08    6.05%
Found incumbent of value 1013.000000 after 9767.09 sec. (2734836.94 ticks)
 3307020 1810022        cutoff           1013.0000      951.7484 2.97e+08    6.05%
 3311245 1811887     1006.1667   271     1013.0000      951.8000 2.97e+08    6.04%
                                                  ZeroHalf: 1                  
 3317738 1814659        cutoff           1013.0000      951.8333 2.98e+08    6.04%
 3320338 1815966      957.2143   169     1013.0000      951.8333 2.98e+08    6.04%
 3326761 1818858      956.8200   235     1013.0000      951.8783 2.98e+08    6.03%
 3332121 1821626      970.3333   174     1013.0000      951.9444 2.99e+08    6.03%
 3334484 1822726      974.4167   244     1013.0000      952.0000 2.99e+08    6.02%
 3342406 1825727      981.8333   157     1013.0000      952.0000 3.00e+08    6.02%
 3347423 1828023      989.6185   367     1013.0000      952.0000 3.00e+08    6.02%
Elapsed time = 9903.30 sec. (2775875.81 ticks, tree = 134349.84 MB, solutions = 72)
Nodefile size = 134220.65 MB (87718.37 MB after compression)
 3348222 1828355      983.6667   136     1013.0000      952.0417 3.00e+08    6.02%
 3353924 1831041      960.7879   246     1013.0000      952.0833 3.01e+08    6.01%
 3360740 1834156      978.5833   382     1013.0000      952.1250 3.01e+08    6.01%
 3361573 1834567      991.3333   189     1013.0000      952.1250 3.01e+08    6.01%
 3363005 1835133      961.7833   200     1013.0000      952.1750 3.01e+08    6.00%
 3367915 1837377      979.3333   130     1013.0000      952.2000 3.02e+08    6.00%
 3369167 1838015      993.6500   242     1013.0000      952.2000 3.02e+08    6.00%
 3376066 1841172      965.0714   175     1013.0000      952.2500 3.02e+08    6.00%
 3381848 1844154      971.3333   205     1013.0000      952.3333 3.03e+08    5.99%
 3382209 1844327      958.6190   185     1013.0000      952.3333 3.03e+08    5.99%
Elapsed time = 10069.21 sec. (2852386.42 ticks, tree = 135325.74 MB, solutions = 72)
Nodefile size = 135188.86 MB (88308.73 MB after compression)
 3385922 1845774      958.1667   172     1013.0000      952.3333 3.03e+08    5.99%
 3387437 1846442      980.1667   178     1013.0000      952.3333 3.03e+08    5.99%
 3391973 1848519      986.8770   299     1013.0000      952.3750 3.03e+08    5.98%
 3393269 1849160      989.0833   145     1013.0000      952.3750 3.04e+08    5.98%
 3397805 1851161     1007.1000   122     1013.0000      952.4167 3.04e+08    5.98%
 3398893 1851713      965.4000   234     1013.0000      952.4167 3.04e+08    5.98%
 3402266 1853146      973.8500   226     1013.0000      952.4762 3.04e+08    5.97%
 3406644 1854651        cutoff           1013.0000      952.5000 3.05e+08    5.97%
 3407690 1855085      982.8667   165     1013.0000      952.5000 3.05e+08    5.97%
 3409223 1855717      966.0000   199     1013.0000      952.5303 3.05e+08    5.97%
Elapsed time = 10213.40 sec. (2914656.44 ticks, tree = 135921.85 MB, solutions = 72)
Nodefile size = 135791.50 MB (88677.30 MB after compression)
 3409466 1855837      985.5476   142     1013.0000      952.5303 3.05e+08    5.97%
 3409584 1855893      991.2917   152     1013.0000      952.5303 3.05e+08    5.97%
 3413489 1857617      983.4444   240     1013.0000      952.5417 3.05e+08    5.97%
                                                    Covers: 1                  
 3418445 1859976      968.2886   259     1013.0000      952.5833 3.05e+08    5.96%
 3419268 1860382      987.7222   159     1013.0000      952.5833 3.06e+08    5.96%
 3422874 1862139      982.2347   243     1013.0000      952.6333 3.06e+08    5.96%
 3423948 1862717      978.0606   185     1013.0000      952.6333 3.06e+08    5.96%
 3428129 1864384      990.4583   285     1013.0000      952.6667 3.06e+08    5.96%
 3430113 1865252      967.6786   306     1013.0000      952.6667 3.06e+08    5.96%
 3430406 1865401      957.9524   210     1013.0000      952.6667 3.06e+08    5.96%
Elapsed time = 10399.00 sec. (3012185.89 ticks, tree = 136481.16 MB, solutions = 72)
Nodefile size = 136351.06 MB (89012.48 MB after compression)
 3431852 1866097      971.4667   148     1013.0000      952.6667 3.07e+08    5.96%
 3434187 1867271      991.4000   176     1013.0000      952.7000 3.07e+08    5.95%
 3435127 1867738      971.9833   148     1013.0000      952.7000 3.07e+08    5.95%
 3435882 1868076      977.4167   202     1013.0000      952.7000 3.07e+08    5.95%
 3439533 1869671      975.0409   207     1013.0000      952.7333 3.07e+08    5.95%
 3439651 1869717      993.9167   167     1013.0000      952.7333 3.07e+08    5.95%
 3442738 1871195      989.5000   389     1013.0000      952.7833 3.07e+08    5.94%
 3442993 1871296      962.8841   345     1013.0000      952.7833 3.07e+08    5.94%
 3445034 1872393      954.3333   201     1013.0000      952.7833 3.07e+08    5.94%
 3447997 1873684      970.1429   283     1013.0000      952.8095 3.08e+08    5.94%
Elapsed time = 10570.96 sec. (3110449.42 ticks, tree = 137098.93 MB, solutions = 72)
Nodefile size = 136963.64 MB (89388.09 MB after compression)
 3448126 1873725      973.3333   244     1013.0000      952.8095 3.08e+08    5.94%
 3449204 1874131     1009.7333   149     1013.0000      952.8095 3.08e+08    5.94%
 3450964 1874899      990.1667   229     1013.0000      952.8333 3.08e+08    5.94%
 3452343 1875508      999.3333   125     1013.0000      952.8333 3.08e+08    5.94%
 3454749 1876624     1007.8889   184     1013.0000      952.8333 3.08e+08    5.94%
 3455285 1876925      964.1667   163     1013.0000      952.8333 3.08e+08    5.94%
 3458756 1878618      958.5530   254     1013.0000      952.8889 3.08e+08    5.93%
 3459041 1878756      966.1798   230     1013.0000      952.8889 3.08e+08    5.93%
 3459652 1879078      998.7879   132     1013.0000      952.8889 3.09e+08    5.93%
 3463058 1880802      975.2500   277     1013.0000      952.9167 3.09e+08    5.93%
Elapsed time = 10733.01 sec. (3223805.21 ticks, tree = 137482.29 MB, solutions = 72)
Nodefile size = 137353.62 MB (89627.21 MB after compression)
 3465549 1882192     1006.2857   149     1013.0000      952.9167 3.09e+08    5.93%
 3467724 1883245      987.5000   182     1013.0000      952.9444 3.09e+08    5.93%

Clique cuts applied:  9
Cover cuts applied:  31
Implied bound cuts applied:  60
Mixed integer rounding cuts applied:  1
Zero-half cuts applied:  199
Gomory fractional cuts applied:  11

Root node processing (before b&c):
  Real time             =    4.30 sec. (2188.52 ticks)
Parallel b&c, 32 threads:
  Real time             = 10802.07 sec. (3260508.06 ticks)
  Sync time (average)   =    2.46 sec.
  Wait time (average)   =    0.00 sec.
                          ------------
Total (root+branch&cut) = 10806.37 sec. (3262696.57 ticks)


Solution status: Feasible
Execution time: 10806.7 sec
Gap: 0.05923
