Thu Jul 12 17:55:35 2018

Tried aggregator 2 times.
MIP Presolve eliminated 10420 rows and 121 columns.
Aggregator did 400 substitutions.
Reduced MIP has 8193 rows, 2184 columns, and 29608 nonzeros.
Reduced MIP has 2184 binaries, 0 generals, 0 SOSs, and 0 indicators.
Presolve time = 0.06 sec. (44.04 ticks)
Probing time = 0.00 sec. (1.43 ticks)
Tried aggregator 1 time.
Presolve time = 0.02 sec. (12.67 ticks)
Probing time = 0.00 sec. (1.43 ticks)
Clique table members: 8968.
MIP emphasis: balance optimality and feasibility.
MIP search method: dynamic search.
Parallel mode: deterministic, using up to 32 threads.
Root relaxation solution time = 0.68 sec. (96.55 ticks)

        Nodes                                         Cuts/
   Node  Left     Objective  IInf  Best Integer    Best Bound    ItCnt     Gap

      0     0      578.5000   293                    578.5000     1001         
      0     0      640.2449   336                    Cuts: 33     1599         
      0     0      663.8901   312                    Cuts: 56     2024         
      0     0      672.8527   320                    Cuts: 60     2265         
      0     0      674.7384   301                    Cuts: 46     2400         
      0     0      675.6312   320                    Cuts: 43     2572         
      0     0      677.0616   318                    Cuts: 47     2738         
      0     0      679.0294   325                    Cuts: 23     2849         
      0     0      679.2687   331                    Cuts: 27     2939         
      0     0      679.4274   339                    Cuts: 32     3024         
      0     0      679.6352   346                    Cuts: 31     3122         
      0     0      680.9492   332                    Cuts: 27     3240         
      0     0      681.2245   325                    Cuts: 43     3379         
      0     0      681.5143   312                    Cuts: 41     3479         
      0     0      682.1732   319                    Cuts: 28     3564         
      0     0      683.4500   303                    Cuts: 27     3676         
      0     0      684.0062   325                    Cuts: 48     3803         
      0     0      685.2000   288                    Cuts: 27     3915         
      0     0      685.2000   298                    Cuts: 59     3987         
      0     0      685.8206   307                     Cuts: 6     4150         
      0     0      685.8485   299                    Cuts: 33     4225         
*     0+    0                         2561.0000      685.8485     4225   73.22%
Found incumbent of value 2561.000000 after 4.71 sec. (2606.50 ticks)
      0     2      685.8485   288     2561.0000      685.8485     4225   73.22%
Elapsed time = 5.03 sec. (2805.16 ticks, tree = 0.01 MB, solutions = 1)
      1     3      689.2414   363     2561.0000      685.8485     7168   73.22%
      3     5      697.9792   474     2561.0000      689.2832    12214   73.09%
      6     8      697.1523   387     2561.0000      689.2832    16912   73.09%
     11    13      708.9756   470     2561.0000      697.1523    24571   72.78%
                                                  Impl Bds: 6                  
     18    20      698.1707   448     2561.0000      697.1523    37600   72.78%
     26    28      707.7960   458     2561.0000      697.9792    46265   72.75%
                                                  Impl Bds: 4                  
     38    40      715.0074   446     2561.0000      697.9792    57547   72.75%
     58    60      792.2778   386     2561.0000      697.9792    68888   72.75%
                                                  Impl Bds: 6                  
     90    92      732.2675   455     2561.0000      697.9792    84842   72.75%
    158   160      748.4114   374     2561.0000      697.9792   122423   72.75%
Elapsed time = 20.26 sec. (13320.19 ticks, tree = 0.01 MB, solutions = 1)
    703   657      760.8081   442     2561.0000      697.9792   286750   72.75%
                                                     Cuts: 24                  
*  2038  1890      integral     0     1717.0000      697.9792   553471   59.35%
Found incumbent of value 1717.000000 after 26.48 sec. (14784.86 ticks)
*  2041  1891      integral     0     1559.0000      697.9792   553533   55.23%
Found incumbent of value 1559.000000 after 26.48 sec. (14784.86 ticks)
   2225  2042      751.0607   466     1559.0000      697.9792   592968   55.23%
   2286  2053      721.6379   476     1559.0000      697.9792   615277   55.23%
                                                 Impl Bds: 44                  
   2318  2085      733.8816   459     1559.0000      697.9792   633915   55.23%
*  3307  2973      integral     0     1510.0000      697.9792   930362   53.78%
Found incumbent of value 1510.000000 after 34.85 sec. (18447.40 ticks)
*  3325  2984      integral     0     1468.0000      697.9792   935952   52.45%
Found incumbent of value 1468.000000 after 34.85 sec. (18447.40 ticks)
   3844  3464      820.6667   372     1468.0000      697.9792  1046697   52.45%
   4334  3675      732.0778   470     1468.0000      708.9756  1137733   51.70%
                                                     Cuts: 34                  
Elapsed time = 38.22 sec. (20952.41 ticks, tree = 1.28 MB, solutions = 5)
   4404  3743      819.4167   411     1468.0000      708.9756  1222606   51.70%
   4439  3778      835.3333   352     1468.0000      708.9756  1261418   51.70%
   4879  4211     1353.6250   354     1468.0000      708.9756  1468483   51.70%
*  5810+ 5047                         1439.0000      708.9756  1713641   50.73%
Found incumbent of value 1439.000000 after 47.63 sec. (21334.36 ticks)
   6230  5298      758.4583   440     1439.0000      708.9756  1822239   50.73%
                                                 Impl Bds: 18                  
   6296  5362      782.7083   421     1439.0000      708.9756  1879445   50.73%
   6360  5424      787.9792   387     1439.0000      708.9756  1922608   50.73%
   9660  8457      689.4247   380     1439.0000      717.8367  2892891   50.12%
   9662  8458      694.6009   427     1439.0000      717.8367  2896660   50.12%
   9664  8460      704.3323   469     1439.0000      717.8367  2900991   50.12%
   9665  8461      696.4809   459     1439.0000      717.8367  2903069   50.12%
Elapsed time = 85.91 sec. (45545.67 ticks, tree = 30.27 MB, solutions = 8)
   9669  8463      702.2507   494     1439.0000      717.8367  2911565   50.12%
   9676  8466      722.8020   436     1439.0000      717.8367  2923520   50.12%
                                                     Cuts: 18                  
   9681  8469      711.2460   342     1439.0000      717.8367  2927896   50.12%
                                                     Cuts: 18                  
   9700  8484      755.0000   463     1439.0000      717.8367  2944472   50.12%
                                                     Cuts: 15                  
   9832  8555      881.0229   419     1439.0000      717.8367  2988499   50.12%
  10288  8803      766.8157   322     1439.0000      717.8367  3059149   50.12%
                                                 ZeroHalf: 16                  
  11719  9612      844.2250   297     1439.0000      717.8367  3202797   50.12%
  12442  9990      928.1667   320     1439.0000      717.8367  3267572   50.12%
  14140 10806      820.2885   410     1439.0000      717.8367  3416360   50.12%
  14236 10853      830.4179   462     1439.0000      717.8367  3447721   50.12%
Elapsed time = 114.88 sec. (59166.73 ticks, tree = 116.35 MB, solutions = 8)
  14663 11065    infeasible           1439.0000      717.8367  3573915   50.12%
  15016 11238        cutoff           1439.0000      717.8367  3618736   50.12%
  15496 11460      793.8571   343     1439.0000      717.8367  3689036   50.12%
  16744 12106     1111.9500   119     1439.0000      717.8367  3782108   50.12%
  20939 14114      888.3746   296     1439.0000      717.8367  4026137   50.12%
                                                 ZeroHalf: 21                  
  21322 14334     1203.5385   336     1439.0000      717.8367  4064057   50.12%
  21642 14495     1260.2791   327     1439.0000      717.8367  4081848   50.12%
  21994 14672     1277.4925   352     1439.0000      717.8367  4103995   50.12%
* 23233+14528                         1308.0000      717.8367  4164146   45.12%
Found incumbent of value 1308.000000 after 145.94 sec. (65650.09 ticks)
  24469 14096      844.2500   285     1308.0000      717.8367  4250253   45.12%
  26360 15097     1056.4667   246     1308.0000      717.8367  4371267   45.12%
Elapsed time = 153.10 sec. (69540.73 ticks, tree = 612.32 MB, solutions = 9)
Nodefile size = 459.26 MB (356.94 MB after compression)
  28502 16954     1174.2500   209     1308.0000      717.8367  4507519   45.12%
  29175 17576      995.8333   247     1308.0000      717.8367  4550981   45.12%
  32825 21000     1077.8704   362     1308.0000      734.1538  4752164   43.87%
                                                     Cuts: 12                  
  35065 23112      845.3611   311     1308.0000      734.1538  4888595   43.87%
  37401 25315     1259.3333    81     1308.0000      734.1538  5025087   43.87%
  40495 28209     1262.3333   104     1308.0000      734.1538  5198454   43.87%
  40815 28502      859.5000   223     1308.0000      768.1658  5215070   41.27%
                                                  ZeroHalf: 2                  
  43023 30601      821.2000   308     1308.0000      768.1658  5339181   41.27%
  43695 31217      967.7500   257     1308.0000      768.1658  5386090   41.27%
  47664 34901     1009.2500   229     1308.0000      779.2500  5609793   40.42%
Elapsed time = 198.69 sec. (82976.80 ticks, tree = 2716.20 MB, solutions = 9)
Nodefile size = 2568.21 MB (2035.51 MB after compression)
  50416 37518      995.3333   308     1308.0000      779.2500  5753163   40.42%
  53374 40302      884.3750   330     1308.0000      779.2500  5933862   40.42%
  54995 41833     1013.1667   198     1308.0000      784.0455  6012870   40.06%
                                                  ZeroHalf: 6                  
  57715 44416      895.8864   294     1308.0000      784.0455  6179624   40.06%
  60207 46735      878.9500   241     1308.0000      784.0455  6326657   40.06%
  60902 47384     1123.4211    89     1308.0000      786.8036  6364181   39.85%
* 60911+47389                         1298.0000      786.8036  6364963   39.38%
Found incumbent of value 1298.000000 after 233.92 sec. (89976.19 ticks)
* 60916+47394                         1284.0000      786.8036  6365134   38.72%
Found incumbent of value 1284.000000 after 233.96 sec. (89969.04 ticks)
  61849 47727     1154.5816   259     1284.0000      786.8036  6466650   38.72%
  62980 48805      827.9068   458     1284.0000      786.8036  6523841   38.72%
  65793 51385      957.6667   249     1284.0000      790.3633  6715625   38.45%
                                                  ZeroHalf: 4                  
  65887 51472      963.8667   350     1284.0000      790.3633  6745710   38.45%
Elapsed time = 250.68 sec. (97698.10 ticks, tree = 4253.10 MB, solutions = 11)
Nodefile size = 4119.87 MB (3273.26 MB after compression)
  70737 55967      829.5396   343     1284.0000      790.3633  7053185   38.45%
  71091 56289      900.9125   288     1284.0000      793.1500  7074256   38.23%
                                                      Cuts: 4                  
  73875 58895      925.5000   330     1284.0000      793.1500  7233109   38.23%
  76353 61217      940.5000   236     1284.0000      793.1500  7371115   38.23%
  78057 62804     1222.0000    75     1284.0000      794.9615  7464202   38.09%
                                                  ZeroHalf: 2                  
  80745 65300      849.9167   271     1284.0000      794.9615  7619840   38.09%
  82864 67295     1184.9382   106     1284.0000      794.9615  7736729   38.09%
  84241 68543      992.9242   276     1284.0000      798.7194  7820361   37.79%
  86897 71055     1070.1667   151     1284.0000      798.7194  7978249   37.79%
  89383 73349     1185.4879   314     1284.0000      798.7194  8124492   37.79%
Elapsed time = 291.41 sec. (109902.05 ticks, tree = 5840.96 MB, solutions = 11)
Nodefile size = 5683.31 MB (4516.79 MB after compression)
  90904 74762      847.6250   381     1284.0000      800.8182  8211063   37.63%
  94200 77830     1181.1176   107     1284.0000      800.8182  8399174   37.63%
  96864 80274     1200.5143   208     1284.0000      803.0000  8555474   37.46%
  98720 82011     1110.3063   194     1284.0000      803.0000  8665082   37.46%
 102014 85062     1209.3077   255     1284.0000      803.0000  8844232   37.46%
 103776 86675     1090.1500   304     1284.0000      805.4844  8936189   37.27%
 106816 89540      835.2545   301     1284.0000      805.4844  9126217   37.27%
 108714 91304      867.8839   360     1284.0000      805.4844  9235084   37.27%
 109790 92299      947.5000   290     1284.0000      807.4279  9300802   37.12%
                                                  Impl Bds: 2                  
 111806 94189      879.4274   420     1284.0000      807.4279  9426658   37.12%
Elapsed time = 340.03 sec. (124971.00 ticks, tree = 8085.59 MB, solutions = 11)
Nodefile size = 7940.67 MB (6323.36 MB after compression)
 114982 97101     1167.2475   259     1284.0000      809.1250  9626508   36.98%
                                                      Cuts: 4                  
 117510 99440      864.7500   252     1284.0000      809.1250  9778389   36.98%
*117833+99750                         1274.0000      809.1250  9797944   36.49%
Found incumbent of value 1274.000000 after 352.23 sec. (127012.00 ticks)
 120714 102419      969.7500   237     1274.0000      809.1250  9958208   36.49%
 121703 102633     1242.2857   109     1274.0000      810.7619 10005796   36.36%
                                                      Cuts: 2                  
 123847 104633     1128.0545   226     1274.0000      810.7619 10130524   36.36%
 125928 106547     1065.0476   224     1274.0000      810.7619 10251579   36.36%
 127349 107841        cutoff           1274.0000      812.3750 10332621   36.23%
                                                  ZeroHalf: 2                  
*128813+109217                         1269.0000      812.3750 10413959   35.98%
Found incumbent of value 1269.000000 after 375.02 sec. (133753.91 ticks)
 129653 110018     1066.9111   228     1269.0000      812.3750 10459997   35.98%
 131381 111613      929.6071   319     1269.0000      812.3750 10549235   35.98%
 138717 118021      896.7308   290     1269.0000      813.4167 10938639   35.90%
Elapsed time = 390.56 sec. (140025.51 ticks, tree = 10090.88 MB, solutions = 14)
Nodefile size = 9932.96 MB (7911.88 MB after compression)
 145515 124312      885.5000   269     1269.0000      814.8654 11323471   35.79%
 152097 130375     1228.8333   115     1269.0000      817.3500 11698606   35.59%
                                                  Impl Bds: 1                  
 158852 136624      939.3333   273     1269.0000      819.0300 12086425   35.46%
 165942 143171      877.8600   327     1269.0000      820.2826 12489758   35.36%
 172494 149284     1052.9519   252     1269.0000      821.4750 12856673   35.27%
 179210 155469      862.2500   324     1269.0000      822.3000 13243981   35.20%
*182843 158851      integral     0     1192.0000      823.3333 13459394   30.93%
                                                  ZeroHalf: 2                  
Found incumbent of value 1192.000000 after 484.98 sec. (166054.92 ticks)
 188230 130092     1010.9103   220     1192.0000      824.5000 13753785   30.83%
                                                  ZeroHalf: 5                  
 194697 135956      875.0000   232     1192.0000      825.2500 14195547   30.77%
 200821 141488     1157.3111   138     1192.0000      827.0854 14581279   30.61%
Elapsed time = 520.70 sec. (177811.82 ticks, tree = 12680.67 MB, solutions = 15)
Nodefile size = 12533.44 MB (9949.03 MB after compression)
*202943 143406      integral     0     1185.0000      827.0854 14715796   30.20%
Found incumbent of value 1185.000000 after 523.32 sec. (177811.82 ticks)
 208232 143580      870.0714   312     1185.0000      828.3750 15073562   30.09%
                                                  ZeroHalf: 1                  
 212759 147661      977.5333   330     1185.0000      829.5000 15368059   30.00%
 219877 154037     1062.6833   236     1185.0000      831.9833 15816624   29.79%
 225922 159443      948.3333   179     1185.0000      832.2500 16222573   29.77%
 230651 163677      903.6764   447     1185.0000      834.1111 16547842   29.61%
 239149 171322      920.0625   446     1185.0000      834.5379 17205097   29.57%
 243899 175572      878.8333   304     1185.0000      836.7750 17518293   29.39%
 250838 181818     1176.2000    72     1185.0000      837.8333 17953404   29.30%
 256600 186966      877.7278   285     1185.0000      838.8000 18359847   29.22%
Elapsed time = 644.04 sec. (214750.72 ticks, tree = 16944.50 MB, solutions = 16)
Nodefile size = 16798.00 MB (13233.55 MB after compression)
 261737 191561      899.0000   300     1185.0000      839.7000 18692461   29.14%
                                                  Impl Bds: 1                  
 269551 198563     1002.5000   176     1185.0000      840.1250 19221940   29.10%
                                                  ZeroHalf: 3                  
*274616 203111      integral     0     1163.0000      841.2727 19535156   27.66%
Found incumbent of value 1163.000000 after 682.14 sec. (224644.48 ticks)
*275690+204051                         1155.0000      841.2727 19601272   27.16%
Found incumbent of value 1155.000000 after 682.40 sec. (225112.09 ticks)
 278031 181784     1096.9500   168     1155.0000      842.3448 19761293   27.07%
                                                  ZeroHalf: 1                  
*280706+184135                         1153.0000      842.3448 19941379   26.94%
Found incumbent of value 1153.000000 after 694.00 sec. (228180.22 ticks)
 282398 183581     1145.5606   266     1153.0000      843.0000 20082406   26.89%
                                                  Impl Bds: 1                  
*283125+184190                         1150.0000      843.0000 20155926   26.70%
Found incumbent of value 1150.000000 after 705.68 sec. (230921.42 ticks)
*286480+184182                         1141.0000      843.7037 20429254   26.06%
Found incumbent of value 1141.000000 after 710.02 sec. (234114.52 ticks)
 290777 178400      957.0000   202     1141.0000      844.8400 20734634   25.96%
                                                  ZeroHalf: 1                  
 296165 183097      975.9167   337     1141.0000      845.8125 21136823   25.87%
 302672 188695      868.5443   341     1141.0000      846.5278 21607969   25.81%
 308083 193392      923.1400   280     1141.0000      847.5000 22013889   25.72%
 313512 198115     1031.4454   312     1141.0000      848.3333 22411293   25.65%
                                                  Impl Bds: 2                  
Elapsed time = 772.24 sec. (252388.10 ticks, tree = 17718.99 MB, solutions = 22)
Nodefile size = 17563.96 MB (13697.40 MB after compression)
 319124 202974     1077.7500    74     1141.0000      849.1442 22885046   25.58%
                                                      Cuts: 8                  
 324642 207754      936.5000   236     1141.0000      850.5333 23309485   25.46%
                                                  ZeroHalf: 2                  
 330067 212448      872.0000   308     1141.0000      851.3750 23689453   25.38%
 336266 217791     1130.1667   226     1141.0000      852.1667 24129031   25.31%
 341584 222397      896.5583   267     1141.0000      853.0000 24520851   25.24%
 348425 228341      899.9500   219     1141.0000      853.5000 25009193   25.20%
                                                   Cliques: 1                  
 354651 233682     1104.1739   219     1141.0000      854.2698 25458407   25.13%
 359947 238250     1075.5625   364     1141.0000      855.8333 25809343   24.99%
                                                      Cuts: 4                  
 365891 243355      976.2273   276     1141.0000      856.5982 26246623   24.93%
                                                  ZeroHalf: 1                  
 372097 248743     1089.3810   165     1141.0000      857.2000 26677612   24.87%
                                                    Covers: 1                  
Elapsed time = 909.92 sec. (291639.77 ticks, tree = 22562.15 MB, solutions = 22)
Nodefile size = 22412.67 MB (17411.87 MB after compression)
 377651 253561     1124.2917   241     1141.0000      858.0000 27077028   24.80%
 382713 257922      944.5000   205     1141.0000      858.2333 27490098   24.78%
                                                  ZeroHalf: 1                  
 391004 265061     1086.5440   390     1141.0000      858.9333 28039238   24.72%
 397066 270284     1033.5000   268     1141.0000      860.2396 28433053   24.61%
                                                  ZeroHalf: 1                  
 402865 275286     1009.4667   312     1141.0000      860.8250 28835869   24.56%
                                                      Cuts: 3                  
*404575+276756                         1138.0000      860.8250 28957376   24.36%
Found incumbent of value 1138.000000 after 982.75 sec. (311611.26 ticks)
 409510 277848      954.3333   239     1138.0000      861.1667 29294918   24.33%
                                                      Cuts: 5                  
 415578 283094     1054.7976   347     1138.0000      862.0000 29704040   24.25%
                                                  Impl Bds: 1                  
 419966 286835      986.0000   206     1138.0000      862.5000 30035245   24.21%
                                                      Cuts: 3                  
 426543 292501      905.7500   240     1138.0000      863.0909 30465598   24.16%
                                                  Impl Bds: 1                  
 432088 297148      924.5778   331     1138.0000      863.7000 30861752   24.10%
                                                  Impl Bds: 1                  
Elapsed time = 1043.89 sec. (330942.24 ticks, tree = 26991.63 MB, solutions = 23)
Nodefile size = 26839.56 MB (20792.64 MB after compression)
 439196 303239     1074.4024   230     1138.0000      864.0313 31340013   24.07%
 444754 307898      888.4107   286     1138.0000      864.5833 31764678   24.03%
 450249 312485      878.4314   202     1138.0000      865.5000 32150067   23.95%
                                                  Impl Bds: 1                  
 455869 317223      909.5000   290     1138.0000      865.9667 32540448   23.90%
                                                  Impl Bds: 1                  
 462639 322904      968.0000   244     1138.0000      866.4318 33002515   23.86%
 468973 328308     1130.8905   169     1138.0000      867.0000 33403044   23.81%
                                                  ZeroHalf: 2                  
 473620 332247      922.5600   304     1138.0000      867.3875 33747818   23.78%
 479370 337067     1055.1667   264     1138.0000      867.9167 34130483   23.73%
                                                  ZeroHalf: 2                  
 485997 342709     1049.8364   237     1138.0000      868.5000 34580289   23.68%
                                                  ZeroHalf: 3                  
 492888 348553      900.5500   277     1138.0000      868.8955 35055588   23.65%
Elapsed time = 1177.66 sec. (369306.48 ticks, tree = 31395.00 MB, solutions = 23)
Nodefile size = 31233.48 MB (24151.45 MB after compression)
 495628 350843      968.7308   376     1138.0000      869.4286 35268776   23.60%
 503673 357590      893.0000   272     1138.0000      870.2500 35812430   23.53%
                                                  Impl Bds: 1                  
 510173 363087     1072.1250   163     1138.0000      870.6364 36240004   23.49%
                                                  ZeroHalf: 3                  
 516411 368358     1069.4389   328     1138.0000      871.0000 36643336   23.46%
 522398 373375      919.3333   248     1138.0000      871.5667 37036671   23.41%
                                                      Cuts: 2                  
 528220 378320     1013.3750   241     1138.0000      872.0000 37411027   23.37%
                                                  ZeroHalf: 2                  
 532457 381906      917.4000   263     1138.0000      872.3000 37701487   23.35%
 539674 388069      976.5000   220     1138.0000      872.7500 38192045   23.31%
                                                   GUBcuts: 1                  
 546228 393610     1058.3333   184     1138.0000      873.0000 38701373   23.29%
 552999 399278     1099.2500   211     1138.0000      873.8590 39166364   23.21%
                                                  Impl Bds: 1                  
Elapsed time = 1312.56 sec. (409093.49 ticks, tree = 36143.27 MB, solutions = 23)
Nodefile size = 36002.24 MB (27787.33 MB after compression)
 558993 404386      979.1609   330     1138.0000      874.1667 39565679   23.18%
                                                      Cuts: 4                  
*563640 408350      integral     0     1104.0000      874.1667 39869074   20.82%
Found incumbent of value 1104.000000 after 1332.49 sec. (413965.45 ticks)
 567451 346100      996.6111   237     1104.0000      874.5000 40158640   20.79%
*568443+346914                         1097.0000      874.5000 40221921   20.28%
Found incumbent of value 1097.000000 after 1344.00 sec. (417821.17 ticks)
 572658 332700      898.3154   329     1097.0000      874.8761 40525692   20.25%
 579265 337984      900.8667   253     1097.0000      875.4000 41001200   20.20%
*580817+339210                         1086.0000      875.8333 41114356   19.35%
Found incumbent of value 1086.000000 after 1378.09 sec. (426561.91 ticks)
*584987+342631                         1084.0000      875.8333 41405046   19.20%
Found incumbent of value 1084.000000 after 1381.43 sec. (428334.57 ticks)
 585311 310895     1072.3333   185     1084.0000      876.2500 41425516   19.17%
 591526 315737      907.7500   304     1084.0000      876.6667 41886403   19.13%
 597228 320167      960.5000   209     1084.0000      877.1667 42303876   19.08%
                                                  Impl Bds: 1                  
 601585 323548      990.3222   362     1084.0000      877.6188 42624484   19.04%
                                                      Cuts: 3                  
 610459 330379     1010.1192   295     1084.0000      878.1667 43348976   18.99%
                                                      Cuts: 3                  
Elapsed time = 1444.39 sec. (446739.83 ticks, tree = 29607.45 MB, solutions = 27)
Nodefile size = 29469.41 MB (22494.64 MB after compression)
 615896 334568      901.1000   221     1084.0000      878.8750 43776738   18.92%
 621685 339098      929.0000   254     1084.0000      879.2500 44210374   18.89%
 626958 343140      977.0000   194     1084.0000      879.5333 44623199   18.86%
 632657 347541      959.9167   350     1084.0000      880.0000 45072064   18.82%
                                                  Impl Bds: 1                  
*632903+347726                         1081.0000      880.0000 45094121   18.59%
Found incumbent of value 1081.000000 after 1497.38 sec. (460949.44 ticks)
 639271 345378     1068.6250   284     1081.0000      880.3750 45587666   18.56%
                                                  Impl Bds: 3                  
 643118 348387      927.5667   254     1081.0000      880.8333 45856875   18.52%
                                                  Impl Bds: 1                  
*649264 353148      integral     0     1079.0000      881.2000 46303483   18.33%
Found incumbent of value 1079.000000 after 1535.13 sec. (471719.74 ticks)
*650870+349725                         1061.0000      881.5833 46409867   16.91%
Found incumbent of value 1061.000000 after 1541.29 sec. (473450.45 ticks)
 651473 350165     1062.0000   226     1061.0000      881.5833 46478432   16.91%
 656324 311698     1042.0556   316     1061.0000      881.8333 46958580   16.89%
 663763 317082     1031.6190   298     1061.0000      882.7500 47532166   16.80%
Elapsed time = 1573.56 sec. (483891.21 ticks, tree = 28266.95 MB, solutions = 30)
Nodefile size = 28130.49 MB (21314.89 MB after compression)
 669487 321202      960.0000   252     1061.0000      883.0000 47981312   16.78%
 673587 324126     1017.0693   405     1061.0000      883.5000 48306163   16.73%
 678124 327452     1002.0417   239     1061.0000      883.5500 48782944   16.72%
 685109 332483     1035.0833   353     1061.0000      884.0000 49320060   16.68%
*686149+333261                         1057.0000      884.0000 49397010   16.37%
Found incumbent of value 1057.000000 after 1626.54 sec. (498630.30 ticks)
 690805 326951      991.7000   180     1057.0000      884.4028 49749391   16.33%
 696957 331216        cutoff           1057.0000      885.3333 50198427   16.24%
 699854 333215     1012.5000   259     1057.0000      885.5167 50574831   16.22%
 707340 338634     1055.3333   235     1057.0000      885.8998 51147020   16.19%
 714060 343446     1044.0000   273     1057.0000      886.3333 51657365   16.15%
 718011 346253      996.4667   241     1057.0000      886.7000 51955167   16.11%
Elapsed time = 1712.25 sec. (523108.39 ticks, tree = 30368.34 MB, solutions = 31)
Nodefile size = 30219.53 MB (22736.11 MB after compression)
 723464 350028      934.9000   308     1057.0000      887.0556 52466685   16.08%
 727031 352488     1031.6222   327     1057.0000      887.6667 52913588   16.02%
 732067 356054      955.2500   266     1057.0000      888.0000 53306390   15.99%
                                                  Impl Bds: 1                  
 739132 361073      972.5778   254     1057.0000      888.4500 53840596   15.95%
                                                      Cuts: 5                  
 742819 363654     1032.2857   162     1057.0000      888.7500 54114363   15.92%
 749747 368650     1021.2000   216     1057.0000      889.0667 54632749   15.89%
 753728 371452      949.6111   361     1057.0000      889.4167 54983830   15.85%
*753750+371464                         1056.0000      889.4167 54987878   15.77%
Found incumbent of value 1056.000000 after 1809.75 sec. (548595.12 ticks)
 760764 373800     1017.2976   184     1056.0000      890.0000 55587561   15.72%
 766947 378169      936.6667   214     1056.0000      890.3333 56020503   15.69%
 772570 382105     1019.2500   333     1056.0000      890.6410 56466507   15.66%
Elapsed time = 1853.58 sec. (561825.12 ticks, tree = 33355.02 MB, solutions = 32)
Nodefile size = 33219.72 MB (24820.46 MB after compression)
 777876 385884     1004.0000   200     1056.0000      891.0000 56835043   15.62%
 782337 388943      947.6667   330     1056.0000      891.0833 57307961   15.62%
 791073 395249      978.9857   151     1056.0000      891.4500 57916398   15.58%
 794995 397935      972.0000   340     1056.0000      891.7609 58234565   15.55%
 799950 401449      922.0000   333     1056.0000      892.2000 58729873   15.51%
 805097 404989      964.2149   302     1056.0000      892.5556 59152006   15.48%
 811137 409288        cutoff           1056.0000      892.8095 59564887   15.45%
 816957 413493      974.8333   234     1056.0000      893.0667 59993705   15.43%
 821378 416631        cutoff           1056.0000      893.5000 60331404   15.39%
 826071 420017      924.0000   303     1056.0000      893.6000 60762085   15.38%
Elapsed time = 1987.10 sec. (600265.90 ticks, tree = 36128.34 MB, solutions = 32)
Nodefile size = 35990.52 MB (26727.13 MB after compression)
 834492 426126      911.2821   228     1056.0000      893.8833 61368669   15.35%
 840670 430457      958.8667   251     1056.0000      894.2692 61816090   15.32%
 844521 433214     1034.9167   276     1056.0000      894.6833 62207924   15.28%
 851225 437964     1016.9712   244     1056.0000      895.0000 62693972   15.25%
 857027 442119      993.5333   285     1056.0000      895.2500 63089121   15.22%
 862162 445816     1047.4643   212     1056.0000      895.5167 63474104   15.20%
 868133 450042      978.2500   276     1056.0000      895.8333 63925147   15.17%
 873192 453459     1006.5333   237     1056.0000      896.0758 64346928   15.14%
                                                    Covers: 1                  
 880885 458922     1037.6457   268     1056.0000      896.3333 64910379   15.12%
 885835 462352      945.5889   215     1056.0000      896.7500 65342918   15.08%
Elapsed time = 2130.18 sec. (639057.43 ticks, tree = 39319.13 MB, solutions = 32)
Nodefile size = 39185.29 MB (28888.81 MB after compression)
 891383 466207      965.6083   248     1056.0000      897.0250 65755371   15.05%
 897653 470736      962.7000   244     1056.0000      897.3333 66159917   15.03%
 902355 474072      991.7500   299     1056.0000      897.5000 66520819   15.01%
 908067 478238     1018.4000   290     1056.0000      897.6333 67012927   15.00%
                                                    Covers: 1                  
 914940 483156        cutoff           1056.0000      898.0000 67494213   14.96%
 921692 487998      908.8111   267     1056.0000      898.2000 67952118   14.94%
 924063 489626      928.0000   354     1056.0000      898.3818 68213364   14.93%
 932641 495871     1022.3333   383     1056.0000      898.7895 68849421   14.89%
 938063 499652     1034.2843   276     1056.0000      899.0167 69245562   14.87%
 945175 504802      973.5625   281     1056.0000      899.3021 69708729   14.84%
Elapsed time = 2279.62 sec. (678269.41 ticks, tree = 42536.64 MB, solutions = 32)
Nodefile size = 42397.42 MB (31037.14 MB after compression)
 950347 508523     1005.0833   207     1056.0000      899.5889 70117933   14.81%
 954809 511687     1011.7778   358     1056.0000      899.7167 70524482   14.80%
 963094 517639      939.6667   213     1056.0000      900.0000 71090174   14.77%
 968373 521506      962.5000   222     1056.0000      900.2333 71434923   14.75%
 972712 524558      981.0000   234     1056.0000      900.5000 71852269   14.73%
 979011 529009      931.2000   275     1056.0000      900.8333 72303557   14.69%
 985735 533917        cutoff           1056.0000      901.0241 72728121   14.68%
 991260 537909      957.1373   307     1056.0000      901.3194 73108679   14.65%
 996608 541802     1006.5745   271     1056.0000      901.4318 73636480   14.64%
 1004301 547239     1027.7481   354     1056.0000      901.6190 74153978   14.62%
Elapsed time = 2422.99 sec. (717148.27 ticks, tree = 45451.23 MB, solutions = 32)
Nodefile size = 45311.02 MB (32967.24 MB after compression)
 1008955 550531      949.6429   253     1056.0000      901.9167 74456494   14.59%
 1014442 554430      933.3958   236     1056.0000      902.0455 74882445   14.58%
 1022798 560474      964.5000   204     1056.0000      902.2500 75438791   14.56%
 1028712 564830      955.5000   201     1056.0000      902.5000 75810346   14.54%
 1032855 567791      915.2462   254     1056.0000      902.7000 76235544   14.52%
 1038417 571697     1034.2500   168     1056.0000      903.0000 76614941   14.49%
 1045181 576673     1000.1964   240     1056.0000      903.2000 77028980   14.47%
 1050578 580508      926.0000   209     1056.0000      903.4730 77388105   14.44%
 1053805 582803     1000.8000   457     1056.0000      903.5000 77781683   14.44%
 1063657 590018      924.6917   355     1056.0000      903.6000 78375638   14.43%
Elapsed time = 2570.14 sec. (755830.99 ticks, tree = 48602.51 MB, solutions = 32)
Nodefile size = 48460.45 MB (35038.57 MB after compression)
 1068693 593552     1014.0000   286     1056.0000      903.9583 78707953   14.40%
 1075424 598413        cutoff           1056.0000      904.1250 79136777   14.38%
 1080723 602205      912.5000   227     1056.0000      904.3333 79549575   14.36%
 1087299 606939     1033.8125   359     1056.0000      904.5000 80049383   14.35%
 1093806 611605      927.0333   213     1056.0000      904.8333 80451918   14.32%
 1100638 616584     1008.0000   213     1056.0000      905.0000 80875170   14.30%
 1104585 619399      988.5833   313     1056.0000      905.0500 81310891   14.29%
 1111237 624126      916.4549   483     1056.0000      905.2500 81766567   14.28%
 1120093 630559     1004.6667   252     1056.0000      905.5000 82316382   14.25%
                                                  ZeroHalf: 1                  
 1121687 631620      996.6667   416     1056.0000      905.6667 82448113   14.24%
Elapsed time = 2724.23 sec. (796660.01 ticks, tree = 52216.10 MB, solutions = 32)
Nodefile size = 52083.35 MB (37402.43 MB after compression)
 1131124 638347      989.0667   230     1056.0000      906.0000 83191688   14.20%
 1137382 642714      991.9018   233     1056.0000      906.1667 83593355   14.19%
 1143737 647210     1029.1000   192     1056.0000      906.3500 84007473   14.17%
 1149397 651267      939.8563   405     1056.0000      906.5000 84383576   14.16%
 1154615 655010      950.2913   308     1056.0000      906.6667 84857208   14.14%
 1162707 660869      941.5000   279     1056.0000      906.8667 85351934   14.12%
 1165671 662939      995.9167   422     1056.0000      907.0000 85612501   14.11%
 1173730 668785     1027.6667   294     1056.0000      907.0833 86234997   14.10%
 1180879 673858     1039.9472   318     1056.0000      907.5000 86679422   14.06%
 1186987 678198     1028.9218   371     1056.0000      907.6667 87080124   14.05%
Elapsed time = 2885.65 sec. (836769.52 ticks, tree = 55541.20 MB, solutions = 32)
Nodefile size = 55407.76 MB (39558.11 MB after compression)
 1193695 683055     1028.8333   256     1056.0000      907.8667 87534536   14.03%
 1197951 686083      961.5238   238     1056.0000      908.0000 87943627   14.02%
 1205925 691886      977.6250   244     1056.0000      908.0833 88445221   14.01%
 1211264 695716      947.7602   463     1056.0000      908.3333 88875555   13.98%
 1219670 701646      977.0000   236     1056.0000      908.6030 89462287   13.96%
 1225423 705701      997.1667   260     1056.0000      908.7857 89832043   13.94%
 1232327 710685      972.0000   199     1056.0000      908.9311 90253194   13.93%
 1235004 712468        cutoff           1056.0000      909.0000 90636726   13.92%
 1241652 717295     1051.1200   272     1056.0000      909.1944 91040942   13.90%
 1250106 723415        cutoff           1056.0000      909.3333 91525345   13.89%
Elapsed time = 3040.52 sec. (876720.22 ticks, tree = 58668.56 MB, solutions = 32)
Nodefile size = 58531.09 MB (41582.62 MB after compression)
 1256684 728146     1053.5000   255     1056.0000      909.5333 91933975   13.87%
 1261745 731766        cutoff           1056.0000      909.7083 92306359   13.85%
 1266037 734782      926.1091   311     1056.0000      909.8333 92689611   13.84%
 1274637 740964      934.1667   242     1056.0000      910.0000 93236858   13.83%
 1282501 746777      982.4833   200     1056.0000      910.1500 93689342   13.81%
 1287027 750015     1034.0833   155     1056.0000      910.3333 94078423   13.79%
 1292215 753574     1045.7000   237     1056.0000      910.5333 94469178   13.78%
 1299286 758636      933.8333   196     1056.0000      910.7619 94885721   13.75%
 1305367 762959      922.5000   215     1056.0000      910.9444 95256743   13.74%
 1309681 765949      976.8889   263     1056.0000      911.0000 95744089   13.73%
Elapsed time = 3194.36 sec. (915708.93 ticks, tree = 61722.22 MB, solutions = 32)
Nodefile size = 61588.67 MB (43551.58 MB after compression)
 1317519 771649     1013.5000   208     1056.0000      911.1500 96231351   13.72%
 1324494 776621     1019.7500   176     1056.0000      911.3333 96640720   13.70%
 1330620 780977     1044.0583   279     1056.0000      911.5000 97039184   13.68%
 1334875 784010      970.5214   363     1056.0000      911.6667 97337417   13.67%
 1342655 789443      976.3333   254     1056.0000      911.9167 97961389   13.64%
 1349072 794069     1016.2250   259     1056.0000      912.0167 98382969   13.63%
 1354787 798157      997.7500   177     1056.0000      912.2000 98738016   13.62%
 1359576 801621      913.6667   228     1056.0000      912.2941 99148276   13.61%
 1368328 807693      960.5483   385     1056.0000      912.4167 99740871   13.60%
                                                  ZeroHalf: 2                  
 1375089 812540      931.3667   244     1056.0000      912.5333 1.00e+08   13.59%
Elapsed time = 3356.64 sec. (955555.60 ticks, tree = 65143.28 MB, solutions = 32)
Nodefile size = 65002.36 MB (45748.62 MB after compression)
 1379417 815592     1011.6143   272     1056.0000      912.7500 1.00e+08   13.57%
 1387320 821216      954.4667   248     1056.0000      913.0000 1.01e+08   13.54%
 1394079 825972     1037.7500   275     1056.0000      913.1333 1.01e+08   13.53%
                                                  Impl Bds: 2                  
 1400059 830183      915.6667   168     1056.0000      913.2667 1.02e+08   13.52%
                                                  Impl Bds: 1                  
 1403595 832638     1020.5000   205     1056.0000      913.3333 1.02e+08   13.51%
 1411168 837959     1046.7167   189     1056.0000      913.5000 1.03e+08   13.49%
 1417055 842268      991.7500   209     1056.0000      913.6111 1.03e+08   13.48%
 1421795 845549     1012.1364   428     1056.0000      913.6857 1.03e+08   13.48%
 1430364 851692      939.5000   283     1056.0000      913.8000 1.04e+08   13.47%
 1438808 857679      973.5870   335     1056.0000      914.1667 1.05e+08   13.43%
Elapsed time = 3517.72 sec. (996396.51 ticks, tree = 68525.30 MB, solutions = 32)
Nodefile size = 68392.69 MB (47922.78 MB after compression)
 1443382 860956      932.9167   213     1056.0000      914.2500 1.05e+08   13.42%
 1451692 866945      923.1667   212     1056.0000      914.4000 1.05e+08   13.41%
 1456235 869989      936.0000   311     1056.0000      914.5000 1.06e+08   13.40%
 1462881 874691      966.0741   253     1056.0000      914.6048 1.06e+08   13.39%
 1471452 880790      997.9722   243     1056.0000      914.7083 1.07e+08   13.38%
 1475608 883701      955.0833   285     1056.0000      914.9167 1.07e+08   13.36%
 1480424 887019     1024.0000   430     1056.0000      915.0000 1.08e+08   13.35%
 1487130 891736     1039.6429   202     1056.0000      915.2500 1.08e+08   13.33%
                                                  ZeroHalf: 2                  
 1494164 896744      979.4000   250     1056.0000      915.4000 1.08e+08   13.31%
 1499391 900366     1027.3423   323     1056.0000      915.5000 1.09e+08   13.30%
Elapsed time = 3673.96 sec. (1035589.26 ticks, tree = 71491.54 MB, solutions = 32)
Nodefile size = 71360.22 MB (49827.79 MB after compression)
 1505028 904385      971.6095   252     1056.0000      915.6000 1.09e+08   13.30%
 1511274 908759        cutoff           1056.0000      915.7500 1.10e+08   13.28%
 1518273 913761      968.3667   279     1056.0000      915.8667 1.10e+08   13.27%
 1522622 916818      984.2157   427     1056.0000      916.0000 1.10e+08   13.26%
 1531902 923386     1026.9643   194     1056.0000      916.0000 1.11e+08   13.26%
 1538173 927793     1040.2143   172     1056.0000      916.2000 1.11e+08   13.24%
 1543235 931430      935.6667   209     1056.0000      916.3333 1.12e+08   13.23%
 1548931 935251        cutoff           1056.0000      916.5000 1.12e+08   13.21%
 1554775 939351     1030.6111   289     1056.0000      916.6643 1.13e+08   13.19%
 1561722 944326      996.8333   242     1056.0000      916.7500 1.13e+08   13.19%
Elapsed time = 3824.85 sec. (1075015.57 ticks, tree = 74106.56 MB, solutions = 32)
Nodefile size = 73970.10 MB (51496.92 MB after compression)
 1570018 950300     1043.1500   273     1056.0000      916.9000 1.14e+08   13.17%
 1575540 954037     1032.6048   241     1056.0000      917.0000 1.14e+08   13.16%
 1580142 957239     1031.4667   403     1056.0000      917.1222 1.14e+08   13.15%
 1587842 962665     1006.2778   337     1056.0000      917.3333 1.15e+08   13.13%
 1595187 967882     1019.2833   222     1056.0000      917.5000 1.15e+08   13.12%
 1600628 971534     1006.6667   312     1056.0000      917.5833 1.16e+08   13.11%
 1606576 975738     1023.8690   191     1056.0000      917.6500 1.16e+08   13.10%
 1614652 981335      945.4333   256     1056.0000      917.7778 1.17e+08   13.09%
 1620882 985823      921.5000   214     1056.0000      917.9333 1.17e+08   13.07%
 1625120 988662      983.1667   229     1056.0000      918.0000 1.17e+08   13.07%
Elapsed time = 3989.29 sec. (1114265.24 ticks, tree = 77404.26 MB, solutions = 32)
Nodefile size = 77272.39 MB (53612.86 MB after compression)
 1631628 993220      960.4573   303     1056.0000      918.0833 1.18e+08   13.06%
 1640215 999359      958.2333   223     1056.0000      918.2000 1.18e+08   13.05%
 1643059 1001340     1008.9167   262     1056.0000      918.3333 1.19e+08   13.04%
 1650449 1006531     1025.2381   249     1056.0000      918.5000 1.19e+08   13.02%
 1657093 1011311      963.8333   276     1056.0000      918.6500 1.20e+08   13.01%
 1663220 1015489      967.9000   218     1056.0000      918.7500 1.20e+08   13.00%
 1670190 1020487     1026.9188   252     1056.0000      918.8750 1.20e+08   12.99%
 1675612 1024240     1040.4583   238     1056.0000      919.0000 1.21e+08   12.97%
 1684080 1030165      943.1667   240     1056.0000      919.0333 1.21e+08   12.97%
 1688466 1033209        cutoff           1056.0000      919.1667 1.22e+08   12.96%
Elapsed time = 4144.66 sec. (1152875.28 ticks, tree = 80484.53 MB, solutions = 32)
Nodefile size = 80353.36 MB (55580.17 MB after compression)
 1695011 1037785        cutoff           1056.0000      919.2500 1.22e+08   12.95%
 1702475 1043040      975.6136   256     1056.0000      919.3333 1.23e+08   12.94%
 1707883 1046731      945.4857   271     1056.0000      919.5000 1.23e+08   12.93%
 1712868 1050241      999.1429   187     1056.0000      919.6667 1.23e+08   12.91%
                                                  ZeroHalf: 1                  
 1719071 1054509      993.9167   250     1056.0000      919.7667 1.24e+08   12.90%
 1724849 1058506     1033.6750   327     1056.0000      919.9167 1.24e+08   12.89%
 1731889 1063479      996.3333   270     1056.0000      920.0000 1.25e+08   12.88%
 1736146 1066378      952.4667   232     1056.0000      920.0000 1.25e+08   12.88%
 1743845 1071789        cutoff           1056.0000      920.1667 1.25e+08   12.86%
 1750945 1076804      922.3333   244     1056.0000      920.2500 1.26e+08   12.86%
Elapsed time = 4300.35 sec. (1191215.85 ticks, tree = 83344.90 MB, solutions = 32)
Nodefile size = 83202.33 MB (57391.07 MB after compression)
 1755732 1080129     1054.0333   207     1056.0000      920.3750 1.26e+08   12.84%
 1762901 1085170     1038.0000   259     1056.0000      920.5000 1.27e+08   12.83%
 1768183 1088705      959.4167   280     1056.0000      920.5625 1.27e+08   12.83%
 1774312 1092982        cutoff           1056.0000      920.6667 1.27e+08   12.82%
 1782322 1098565      994.8667   249     1056.0000      920.7500 1.28e+08   12.81%
 1787168 1101963     1003.7411   213     1056.0000      920.8889 1.28e+08   12.79%
 1794148 1106698      987.0500   257     1056.0000      921.0000 1.29e+08   12.78%
 1801693 1112128        cutoff           1056.0000      921.1556 1.29e+08   12.77%
 1806686 1115568     1046.6667   205     1056.0000      921.1667 1.30e+08   12.77%
 1813991 1120664      984.8250   190     1056.0000      921.3333 1.30e+08   12.75%
Elapsed time = 4456.52 sec. (1229966.12 ticks, tree = 86372.27 MB, solutions = 32)
Nodefile size = 86235.50 MB (59332.72 MB after compression)
 1820856 1125500     1017.6667   188     1056.0000      921.4487 1.30e+08   12.74%
 1825201 1128436      985.6944   396     1056.0000      921.5000 1.31e+08   12.74%
 1833994 1134658     1015.4500   256     1056.0000      921.6833 1.31e+08   12.72%
 1841266 1139833      972.7000   240     1056.0000      921.7879 1.32e+08   12.71%
                                                      Cuts: 2                  
 1847612 1144272        cutoff           1056.0000      921.9167 1.32e+08   12.70%
                                                      Cuts: 5                  
 1854245 1148847      965.5000   253     1056.0000      922.0000 1.33e+08   12.69%
 1860934 1153405     1050.6742   247     1056.0000      922.0167 1.33e+08   12.69%
 1866783 1157535     1030.2500   371     1056.0000      922.1667 1.34e+08   12.67%
 1873517 1162226     1032.5000   214     1056.0000      922.3333 1.34e+08   12.66%
 1881136 1167701     1020.9524   147     1056.0000      922.4167 1.34e+08   12.65%
Elapsed time = 4626.33 sec. (1270970.87 ticks, tree = 89680.86 MB, solutions = 32)
Nodefile size = 89550.42 MB (61455.90 MB after compression)
 1886866 1171453      969.3333   189     1056.0000      922.5000 1.35e+08   12.64%
 1893705 1176314     1051.6000   210     1056.0000      922.6000 1.35e+08   12.63%
 1900089 1180783      999.3167   240     1056.0000      922.6667 1.36e+08   12.63%
 1908262 1186502      977.3056   288     1056.0000      922.7857 1.36e+08   12.61%
 1913571 1190206     1031.8462   164     1056.0000      922.9000 1.37e+08   12.60%
                                                  ZeroHalf: 1                  
 1918699 1193767      942.5000   364     1056.0000      923.0000 1.37e+08   12.59%
 1925665 1198493     1051.8056   255     1056.0000      923.0833 1.37e+08   12.59%
 1932817 1203628     1051.4333   227     1056.0000      923.1810 1.38e+08   12.58%
 1939127 1207995        cutoff           1056.0000      923.2667 1.38e+08   12.57%
 1946315 1213092        cutoff           1056.0000      923.3821 1.39e+08   12.56%
Elapsed time = 4797.87 sec. (1310352.02 ticks, tree = 93073.81 MB, solutions = 32)
Nodefile size = 92942.54 MB (63622.62 MB after compression)
 1951768 1216984      970.1632   228     1056.0000      923.4500 1.39e+08   12.55%
 1958632 1221747     1041.0000   271     1056.0000      923.5000 1.39e+08   12.55%
 1965016 1226280      944.8333   202     1056.0000      923.6250 1.40e+08   12.54%
 1969214 1229166      971.8071   213     1056.0000      923.6667 1.40e+08   12.53%
 1979271 1236297      995.8667   166     1056.0000      923.7500 1.41e+08   12.52%
 1984618 1239975     1035.5714   273     1056.0000      923.8333 1.41e+08   12.52%
 1991270 1244719      976.6667   251     1056.0000      923.9333 1.42e+08   12.51%
 1996130 1247858      987.1667   217     1056.0000      924.0167 1.42e+08   12.50%
 2004151 1253633     1031.8889   185     1056.0000      924.1667 1.42e+08   12.48%
 2009196 1257097     1010.1667   358     1056.0000      924.2143 1.43e+08   12.48%
Elapsed time = 4955.02 sec. (1349474.10 ticks, tree = 95672.12 MB, solutions = 32)
Nodefile size = 95538.35 MB (65277.81 MB after compression)
 2018154 1263339     1051.7500   156     1056.0000      924.3333 1.43e+08   12.47%
 2025122 1268261     1022.1667   214     1056.0000      924.4167 1.44e+08   12.46%
 2029059 1270873      971.7905   319     1056.0000      924.5000 1.44e+08   12.45%
 2035774 1275655      936.3333   150     1056.0000      924.5333 1.45e+08   12.45%
 2043414 1280977      952.5500   249     1056.0000      924.7083 1.45e+08   12.43%
 2050252 1285789      937.8095   219     1056.0000      924.8250 1.45e+08   12.42%
 2056862 1290268     1046.0000   164     1056.0000      924.8667 1.46e+08   12.42%
 2063409 1294950      997.3409   264     1056.0000      924.9500 1.46e+08   12.41%
 2070242 1299454      994.5333   299     1056.0000      925.0000 1.47e+08   12.41%
 2076681 1303999     1047.3333   208     1056.0000      925.1000 1.47e+08   12.40%
Elapsed time = 5120.64 sec. (1388738.98 ticks, tree = 98872.22 MB, solutions = 32)
Nodefile size = 98732.87 MB (67327.39 MB after compression)
 2079582 1305997      930.4500   379     1056.0000      925.1833 1.47e+08   12.39%
 2089593 1313089      972.7667   213     1056.0000      925.3333 1.48e+08   12.37%
 2096997 1318234      976.8333   236     1056.0000      925.4195 1.48e+08   12.37%
 2103442 1322751     1013.0000   232     1056.0000      925.5000 1.49e+08   12.36%
 2107579 1325503      987.8000   300     1056.0000      925.5000 1.49e+08   12.36%
 2117011 1332068     1002.7807   320     1056.0000      925.6000 1.50e+08   12.35%
 2120930 1334822     1035.0667   289     1056.0000      925.6765 1.50e+08   12.34%
 2127802 1339482      926.8333   221     1056.0000      925.7500 1.50e+08   12.33%
 2136582 1345616     1041.1939   209     1056.0000      925.8333 1.51e+08   12.33%
 2142241 1349522     1032.0000   178     1056.0000      925.9444 1.51e+08   12.32%
Elapsed time = 5288.60 sec. (1428369.57 ticks, tree = 102123.99 MB, solutions = 32)
Nodefile size = 101981.96 MB (69397.25 MB after compression)
 2147277 1352819     1053.5000   220     1056.0000      926.0000 1.52e+08   12.31%
 2151355 1355662     1040.2000   357     1056.0000      926.0833 1.52e+08   12.30%
 2160176 1361899     1004.5667   182     1056.0000      926.2083 1.52e+08   12.29%
 2166368 1366115     1010.7778   196     1056.0000      926.3182 1.53e+08   12.28%
 2171927 1369902        cutoff           1056.0000      926.3444 1.53e+08   12.28%
 2180629 1375969     1042.1667   251     1056.0000      926.4333 1.54e+08   12.27%
 2187702 1380728        cutoff           1056.0000      926.5000 1.54e+08   12.26%
 2191336 1383249      936.1765   167     1056.0000      926.5972 1.55e+08   12.25%
 2201704 1390570      973.3611   240     1056.0000      926.7500 1.55e+08   12.24%
                                                  ZeroHalf: 1                  
 2208237 1395014     1014.8213   263     1056.0000      926.8333 1.56e+08   12.23%
Elapsed time = 5458.48 sec. (1468833.40 ticks, tree = 105354.72 MB, solutions = 32)
Nodefile size = 105225.14 MB (71469.29 MB after compression)
 2213874 1398928     1042.4881   222     1056.0000      926.8542 1.56e+08   12.23%
 2222088 1404758     1056.9167   206     1056.0000      926.9583 1.56e+08   12.22%
 2226149 1407325     1045.0283   382     1056.0000      927.0000 1.57e+08   12.22%
 2234843 1413471     1008.2276   243     1056.0000      927.0333 1.57e+08   12.21%
 2240813 1417665      971.2222   251     1056.0000      927.1661 1.58e+08   12.20%
 2247603 1422347        cutoff           1056.0000      927.2778 1.58e+08   12.19%
                                                    Covers: 1                  
 2255149 1427665     1036.2667   230     1056.0000      927.3788 1.58e+08   12.18%
 2261284 1431925      954.2500   248     1056.0000      927.4500 1.59e+08   12.17%
 2269447 1437425      968.6615   297     1056.0000      927.5000 1.59e+08   12.17%
 2275975 1442016      958.6667   209     1056.0000      927.5833 1.60e+08   12.16%
Elapsed time = 5626.01 sec. (1508270.63 ticks, tree = 108410.79 MB, solutions = 32)
Nodefile size = 108273.72 MB (73420.02 MB after compression)
 2279324 1444293     1050.8540   304     1056.0000      927.6667 1.60e+08   12.15%
 2286360 1449103     1005.9667   259     1056.0000      927.6786 1.61e+08   12.15%
 2294169 1454664      948.0333   222     1056.0000      927.7667 1.61e+08   12.14%
 2300990 1459329      951.3889   315     1056.0000      927.8333 1.61e+08   12.14%
                                                    Covers: 1                  
 2309354 1465215        cutoff           1056.0000      928.0000 1.62e+08   12.12%
 2311751 1466563     1049.7273   407     1056.0000      928.0000 1.62e+08   12.12%
 2321817 1473603     1039.0000   209     1056.0000      928.0588 1.63e+08   12.12%
 2328162 1478045      965.1667   232     1056.0000      928.1667 1.63e+08   12.11%
 2335905 1483464      934.3137   246     1056.0000      928.2500 1.63e+08   12.10%
 2340514 1486573     1026.5824   257     1056.0000      928.3333 1.64e+08   12.09%
Elapsed time = 5798.30 sec. (1547994.96 ticks, tree = 112024.66 MB, solutions = 32)
Nodefile size = 111892.06 MB (75729.79 MB after compression)
 2347420 1491410    infeasible           1056.0000      928.4167 1.64e+08   12.08%
 2353749 1495545     1015.1667   264     1056.0000      928.5000 1.65e+08   12.07%
 2358640 1498951      982.3103   317     1056.0000      928.5667 1.65e+08   12.07%
 2366431 1504508      945.3333   249     1056.0000      928.6591 1.66e+08   12.06%
 2372888 1508926        cutoff           1056.0000      928.7333 1.66e+08   12.05%
 2379278 1513305     1054.0833   155     1056.0000      928.8000 1.66e+08   12.05%
 2385205 1517476     1028.0556   222     1056.0000      928.8333 1.67e+08   12.04%
 2393979 1523598     1053.5833   202     1056.0000      928.9444 1.67e+08   12.03%
 2399801 1527447      977.8750   208     1056.0000      929.0000 1.68e+08   12.03%
 2403692 1530218      970.2083   203     1056.0000      929.0500 1.68e+08   12.02%
Elapsed time = 5956.69 sec. (1586678.99 ticks, tree = 114766.15 MB, solutions = 32)
Nodefile size = 114635.89 MB (77480.36 MB after compression)
 2412468 1536369     1012.3333   240     1056.0000      929.1905 1.68e+08   12.01%
 2419695 1541396     1010.6667   208     1056.0000      929.2500 1.69e+08   12.00%
                                                  Impl Bds: 1                  
 2426221 1546020     1037.6640   190     1056.0000      929.3333 1.69e+08   11.99%
                                                      Cuts: 3                  
 2431503 1549671      975.8476   233     1056.0000      929.3333 1.70e+08   11.99%
 2440427 1555848     1041.2667   215     1056.0000      929.4583 1.70e+08   11.98%
 2446046 1559561     1010.5333   197     1056.0000      929.5000 1.71e+08   11.98%
 2451286 1563183      982.9444   336     1056.0000      929.5795 1.71e+08   11.97%
 2459404 1568864     1050.9688   215     1056.0000      929.7000 1.71e+08   11.96%
 2466790 1574042     1030.0000   138     1056.0000      929.7738 1.72e+08   11.95%
 2473496 1578619      949.3500   268     1056.0000      929.8333 1.72e+08   11.95%
                                                    Covers: 1                  
Elapsed time = 6130.26 sec. (1626604.74 ticks, tree = 118190.63 MB, solutions = 32)
Nodefile size = 118060.58 MB (79663.29 MB after compression)
 2479160 1582626     1014.3333   221     1056.0000      929.8667 1.73e+08   11.94%
 2487648 1588580     1011.0000   207     1056.0000      929.9812 1.73e+08   11.93%
 2492038 1591345     1026.2500   192     1056.0000      930.0000 1.73e+08   11.93%
 2497520 1595119     1049.0833   264     1056.0000      930.0500 1.74e+08   11.93%
 2505963 1600999     1009.4167   281     1056.0000      930.1667 1.74e+08   11.92%
 2513145 1605982     1029.4000   327     1056.0000      930.2500 1.75e+08   11.91%
 2520270 1610994    infeasible           1056.0000      930.3333 1.75e+08   11.90%
                                                    Covers: 1                  
 2525580 1614625      970.2795   301     1056.0000      930.3500 1.76e+08   11.90%
 2534221 1620666     1050.3333   214     1056.0000      930.4286 1.76e+08   11.89%
                                                  ZeroHalf: 1                  
 2538387 1623357     1041.3333   218     1056.0000      930.5000 1.76e+08   11.88%
Elapsed time = 6296.81 sec. (1666177.49 ticks, tree = 121188.16 MB, solutions = 32)
Nodefile size = 121055.72 MB (81566.76 MB after compression)
 2545168 1627972      995.0286   313     1056.0000      930.5095 1.77e+08   11.88%
 2553365 1633665     1045.0333   196     1056.0000      930.6667 1.77e+08   11.87%
                                                    Covers: 1                  
 2560963 1638977        cutoff           1056.0000      930.7167 1.78e+08   11.86%
 2567058 1643026     1020.9737   393     1056.0000      930.8000 1.78e+08   11.86%
 2574482 1648105        cutoff           1056.0000      930.8333 1.79e+08   11.85%
 2583909 1654848     1054.0000   280     1056.0000      930.9167 1.79e+08   11.85%
 2589083 1658310        cutoff           1056.0000      931.0000 1.79e+08   11.84%
 2592398 1660442      962.5000   392     1056.0000      931.0000 1.80e+08   11.84%
 2602145 1667334     1024.3333   317     1056.0000      931.1429 1.80e+08   11.82%
                                                    Covers: 1                  
 2608695 1671847      987.2121   209     1056.0000      931.2000 1.81e+08   11.82%
Elapsed time = 6474.91 sec. (1706496.14 ticks, tree = 124489.06 MB, solutions = 32)
Nodefile size = 124357.81 MB (83669.30 MB after compression)
 2615886 1676889     1017.4486   302     1056.0000      931.2778 1.81e+08   11.81%
 2622043 1681110      988.5833   260     1056.0000      931.3333 1.81e+08   11.81%
 2628873 1685792      941.1833   273     1056.0000      931.3667 1.82e+08   11.80%
 2637060 1691565      977.5000   233     1056.0000      931.4722 1.82e+08   11.79%
 2640214 1693561      961.2500   419     1056.0000      931.5000 1.82e+08   11.79%
 2648346 1699161      972.7833   223     1056.0000      931.5833 1.83e+08   11.78%
 2656368 1704833     1006.6667   219     1056.0000      931.6667 1.83e+08   11.77%
 2663087 1709363      968.4267   245     1056.0000      931.7333 1.84e+08   11.77%
 2670037 1714153      936.2000   199     1056.0000      931.7917 1.84e+08   11.76%
 2674077 1716930      953.3333   413     1056.0000      931.8333 1.85e+08   11.76%
Elapsed time = 6640.65 sec. (1745969.15 ticks, tree = 127554.53 MB, solutions = 32)
Nodefile size = 127424.53 MB (85623.77 MB after compression)
 2684173 1723976     1051.9970   244     1056.0000      931.8667 1.85e+08   11.76%
 2689824 1727914      963.2500   241     1056.0000      932.0000 1.85e+08   11.74%
 2694133 1730570      947.5167   202     1056.0000      932.0000 1.86e+08   11.74%
 2703997 1737482     1000.5000   174     1056.0000      932.1250 1.86e+08   11.73%
                                                    Covers: 1                  
 2710575 1742061     1050.7500   250     1056.0000      932.1667 1.87e+08   11.73%
 2716430 1746243      951.1869   268     1056.0000      932.2000 1.87e+08   11.72%
 2726047 1752977     1049.2778   218     1056.0000      932.2500 1.88e+08   11.72%
 2731235 1756491      993.2857   221     1056.0000      932.3333 1.88e+08   11.71%
 2736729 1760325     1018.6667   173     1056.0000      932.3810 1.88e+08   11.71%
 2745764 1766676     1040.4625   228     1056.0000      932.5000 1.89e+08   11.70%
Elapsed time = 6821.74 sec. (1786693.09 ticks, tree = 131043.64 MB, solutions = 32)
Nodefile size = 130913.27 MB (87843.65 MB after compression)
 2752448 1771183     1001.7333   236     1056.0000      932.5000 1.89e+08   11.70%
 2758818 1775676     1023.0833   327     1056.0000      932.6000 1.90e+08   11.69%
 2766211 1780885      963.0000   275     1056.0000      932.6500 1.90e+08   11.68%
 2774202 1786401     1016.8333   266     1056.0000      932.6875 1.91e+08   11.68%
                                                  Impl Bds: 1                  
 2780858 1790923      936.8333   162     1056.0000      932.7500 1.91e+08   11.67%
                                                      Cuts: 3                  
 2786399 1794710      934.5667   165     1056.0000      932.8095 1.91e+08   11.67%
 2793135 1799373     1014.7222   185     1056.0000      932.9167 1.92e+08   11.66%
 2801221 1805054      935.0000   208     1056.0000      933.0000 1.92e+08   11.65%
 2806582 1808490      980.5000   249     1056.0000      933.0000 1.93e+08   11.65%
 2808677 1809769      993.7500   363     1056.0000      933.0000 1.93e+08   11.65%
Elapsed time = 6984.73 sec. (1825689.36 ticks, tree = 133884.42 MB, solutions = 32)
Nodefile size = 133753.61 MB (89660.01 MB after compression)
 2820826 1818256      940.5000   201     1056.0000      933.0500 1.93e+08   11.64%
 2826530 1822160      973.0000   314     1056.0000      933.1667 1.94e+08   11.63%
 2833253 1826729      943.6667   296     1056.0000      933.2000 1.94e+08   11.63%
 2838339 1830297      968.1389   245     1056.0000      933.2833 1.95e+08   11.62%
                                                  ZeroHalf: 1                  
 2845387 1835055     1052.5500   200     1056.0000      933.3571 1.95e+08   11.61%
 2853129 1840588     1016.5348   259     1056.0000      933.4262 1.95e+08   11.61%
 2860238 1845574     1046.5536   352     1056.0000      933.4917 1.96e+08   11.60%
 2867148 1850121      986.1897   206     1056.0000      933.5000 1.96e+08   11.60%
 2871845 1853389     1013.6667   199     1056.0000      933.5333 1.97e+08   11.60%
 2881074 1859715     1029.8333   212     1056.0000      933.6667 1.97e+08   11.58%
Elapsed time = 7163.47 sec. (1865747.01 ticks, tree = 137282.51 MB, solutions = 32)
Nodefile size = 137151.32 MB (91827.19 MB after compression)
 2888285 1864731      966.0000   236     1056.0000      933.7160 1.98e+08   11.58%
 2894490 1868826      938.1449   215     1056.0000      933.7667 1.98e+08   11.58%
 2902157 1874262    infeasible           1056.0000      933.8250 1.98e+08   11.57%
 2909128 1879017     1043.7222   224     1056.0000      933.8810 1.99e+08   11.56%
 2914941 1883115     1038.7167   305     1056.0000      933.9556 1.99e+08   11.56%
 2921942 1887641     1029.2727   239     1056.0000      934.0000 2.00e+08   11.55%
 2929494 1893029      952.2750   196     1056.0000      934.0667 2.00e+08   11.55%
 2934545 1896498      972.9078   277     1056.0000      934.1111 2.01e+08   11.54%
 2943606 1902806      989.0000   231     1056.0000      934.1667 2.01e+08   11.54%
 2950008 1907168     1018.9091   190     1056.0000      934.2333 2.01e+08   11.53%
Elapsed time = 7335.41 sec. (1904461.60 ticks, tree = 140214.09 MB, solutions = 32)
Nodefile size = 140077.90 MB (93694.44 MB after compression)
 2955453 1911029      954.3333   234     1056.0000      934.2833 2.02e+08   11.53%
                                                    Covers: 1                  
 2964525 1917263     1032.9500   217     1056.0000      934.3590 2.02e+08   11.52%
                                                    Covers: 1                  
 2971870 1922414     1029.5000   131     1056.0000      934.4206 2.03e+08   11.51%
 2979182 1927650     1028.3833   220     1056.0000      934.5000 2.03e+08   11.51%
                                                    Covers: 1                  
 2983519 1930402      996.6167   434     1056.0000      934.5000 2.03e+08   11.51%
 2989971 1934756      958.1000   228     1056.0000      934.5333 2.04e+08   11.50%
 2998173 1940465     1008.3303   277     1056.0000      934.6111 2.04e+08   11.50%
 3004735 1944856      964.6800   290     1056.0000      934.6773 2.05e+08   11.49%
                                                    Covers: 1                  
 3012060 1949932      990.3111   230     1056.0000      934.7500 2.05e+08   11.48%
 3019200 1954895     1040.2593   165     1056.0000      934.8111 2.06e+08   11.48%
Elapsed time = 7506.18 sec. (1944507.02 ticks, tree = 142810.66 MB, solutions = 32)
Nodefile size = 142674.30 MB (95349.85 MB after compression)
 3026375 1959833      997.0000   197     1056.0000      934.8429 2.06e+08   11.47%
 3032130 1963827     1018.7357   193     1056.0000      934.9000 2.06e+08   11.47%
 3039559 1969007        cutoff           1056.0000      934.9667 2.07e+08   11.46%
 3045762 1972879     1006.8333   194     1056.0000      935.0000 2.07e+08   11.46%
 3048043 1974384      974.9583   342     1056.0000      935.0238 2.07e+08   11.46%
 3057403 1980871     1053.5000   152     1056.0000      935.1333 2.08e+08   11.45%
 3065325 1986456      999.4667   248     1056.0000      935.1667 2.08e+08   11.44%
 3072090 1991201     1008.5833   222     1056.0000      935.2500 2.09e+08   11.43%
 3077863 1995208     1032.2143   261     1056.0000      935.2500 2.09e+08   11.43%
 3085950 2000795     1025.2701   292     1056.0000      935.3269 2.10e+08   11.43%
Elapsed time = 7676.97 sec. (1983201.68 ticks, tree = 145852.48 MB, solutions = 32)
Nodefile size = 145712.43 MB (97280.26 MB after compression)
 3093434 2005989      948.2611   300     1056.0000      935.3611 2.10e+08   11.42%
                                                    Covers: 2                  
 3100857 2011179     1002.5962   261     1056.0000      935.4333 2.10e+08   11.42%
                                                  ZeroHalf: 1                  
 3105632 2014444     1041.5556   301     1056.0000      935.5000 2.11e+08   11.41%
 3108961 2016405      941.9667   231     1056.0000      935.5000 2.11e+08   11.41%
 3119987 2024031      964.9667   218     1056.0000      935.6190 2.12e+08   11.40%
 3126541 2028522      956.2000   243     1056.0000      935.6667 2.12e+08   11.40%
 3132895 2032913     1029.5333   243     1056.0000      935.6667 2.12e+08   11.40%
 3141901 2039110     1035.0667   275     1056.0000      935.7500 2.13e+08   11.39%
 3147740 2043287     1032.8000   221     1056.0000      935.8333 2.13e+08   11.38%
 3150730 2045288     1037.1667   213     1056.0000      935.8333 2.13e+08   11.38%
Elapsed time = 7850.12 sec. (2022669.57 ticks, tree = 149048.09 MB, solutions = 32)
Nodefile size = 148913.66 MB (99313.97 MB after compression)
 3163227 2054100     1053.8667   171     1056.0000      935.9583 2.14e+08   11.37%
 3170206 2058898     1034.2798   286     1056.0000      936.0000 2.14e+08   11.36%
 3174300 2061365     1033.4444   342     1056.0000      936.0000 2.15e+08   11.36%
 3182545 2066975      987.2667   210     1056.0000      936.0119 2.15e+08   11.36%
 3190126 2072371      947.2917   220     1056.0000      936.1000 2.16e+08   11.35%
 3197102 2077279      946.2000   190     1056.0000      936.1667 2.16e+08   11.35%
 3202315 2080833        cutoff           1056.0000      936.2000 2.16e+08   11.34%
 3209783 2085899      997.1667   221     1056.0000      936.3000 2.17e+08   11.34%
 3216814 2090824      994.0333   300     1056.0000      936.3333 2.17e+08   11.33%
                                                    Covers: 1                  
 3223487 2095332     1036.6667   236     1056.0000      936.4000 2.18e+08   11.33%
Elapsed time = 8045.50 sec. (2063420.78 ticks, tree = 152983.10 MB, solutions = 32)
Nodefile size = 152853.80 MB (101825.54 MB after compression)
 3230785 2100471      959.7333   257     1056.0000      936.4286 2.18e+08   11.32%
 3239027 2106096     1036.1048   382     1056.0000      936.5000 2.19e+08   11.32%
 3243515 2108942      965.7000   168     1056.0000      936.5000 2.19e+08   11.32%
 3250522 2113725      994.9000   147     1056.0000      936.5833 2.19e+08   11.31%
                                                    Covers: 1                  
 3258598 2119439     1008.5643   288     1056.0000      936.6500 2.20e+08   11.30%
 3264627 2123445     1045.7549   325     1056.0000      936.6667 2.20e+08   11.30%
 3272703 2129023      948.0833   276     1056.0000      936.7313 2.21e+08   11.29%
 3277786 2132451      972.1667   223     1056.0000      936.7813 2.21e+08   11.29%
 3285873 2137957     1018.7500   290     1056.0000      936.8095 2.21e+08   11.29%
 3294815 2144260     1006.7500   168     1056.0000      936.9111 2.22e+08   11.28%
                                                  ZeroHalf: 1                  
Elapsed time = 8223.22 sec. (2103667.49 ticks, tree = 156147.80 MB, solutions = 32)
Nodefile size = 156018.20 MB (103834.65 MB after compression)
 3301641 2148982     1015.8611   329     1056.0000      937.0000 2.22e+08   11.27%
 3308084 2153485      994.1667   251     1056.0000      937.0000 2.23e+08   11.27%
 3312706 2156287     1042.8431   299     1056.0000      937.0000 2.23e+08   11.27%
 3319870 2161222     1024.0333   172     1056.0000      937.0303 2.23e+08   11.27%
 3328171 2166993      950.9083   194     1056.0000      937.1333 2.24e+08   11.26%
                                                  ZeroHalf: 1                  
 3335963 2172486        cutoff           1056.0000      937.1667 2.24e+08   11.25%
 3341442 2176223     1033.6500   272     1056.0000      937.2000 2.25e+08   11.25%
                                                    Covers: 1                  
 3352022 2183570     1011.5222   239     1056.0000      937.2500 2.25e+08   11.25%
 3357334 2187193     1016.5000   237     1056.0000      937.3103 2.26e+08   11.24%
 3363118 2191120      981.9709   309     1056.0000      937.3333 2.26e+08   11.24%
Elapsed time = 8392.61 sec. (2142929.16 ticks, tree = 159011.57 MB, solutions = 32)
Nodefile size = 158880.54 MB (105645.33 MB after compression)
 3369328 2195217     1027.7111   284     1056.0000      937.4167 2.26e+08   11.23%
 3377729 2201231      999.5000   196     1056.0000      937.4667 2.27e+08   11.22%
 3384115 2205445     1019.1667   227     1056.0000      937.5000 2.27e+08   11.22%
 3390961 2210019      996.7130   244     1056.0000      937.5226 2.28e+08   11.22%
 3397647 2214668      941.2885   327     1056.0000      937.5926 2.28e+08   11.21%
 3404613 2219515      990.3846   207     1056.0000      937.6271 2.28e+08   11.21%
 3413595 2225657      976.3826   326     1056.0000      937.6667 2.29e+08   11.21%
 3418913 2229144        cutoff           1056.0000      937.7000 2.29e+08   11.20%
 3424825 2233289     1023.8700   407     1056.0000      937.7857 2.30e+08   11.19%
 3431934 2238056     1024.9848   248     1056.0000      937.8333 2.30e+08   11.19%
Elapsed time = 8567.18 sec. (2182211.52 ticks, tree = 162162.38 MB, solutions = 32)
Nodefile size = 162030.44 MB (107639.37 MB after compression)
 3439910 2243633      962.2500   221     1056.0000      937.8833 2.30e+08   11.19%
 3445414 2247446        cutoff           1056.0000      937.9333 2.31e+08   11.18%
 3453580 2253059     1026.0000   203     1056.0000      937.9762 2.31e+08   11.18%
 3459576 2256951     1054.5000   167     1056.0000      938.0000 2.32e+08   11.17%
 3464458 2260139        cutoff           1056.0000      938.0278 2.32e+08   11.17%
 3471326 2264894      986.1190   303     1056.0000      938.1000 2.32e+08   11.16%
 3479295 2270615     1001.5000   208     1056.0000      938.1667 2.33e+08   11.16%
 3485946 2275115     1002.2333   212     1056.0000      938.1833 2.33e+08   11.16%
 3492261 2279395     1028.4118   182     1056.0000      938.2222 2.34e+08   11.15%
 3500358 2284807     1014.0833   189     1056.0000      938.2619 2.34e+08   11.15%
Elapsed time = 8738.94 sec. (2220479.97 ticks, tree = 165090.33 MB, solutions = 32)
Nodefile size = 164949.43 MB (109490.84 MB after compression)
 3507763 2289843      996.5250   217     1056.0000      938.3333 2.34e+08   11.14%
 3511165 2292168     1005.0667   248     1056.0000      938.3485 2.35e+08   11.14%
 3521007 2299112      983.2662   307     1056.0000      938.4333 2.35e+08   11.13%
 3527928 2303902      957.2500   272     1056.0000      938.5000 2.36e+08   11.13%
 3533680 2307682     1041.7105   380     1056.0000      938.5000 2.36e+08   11.13%
 3538905 2311080      985.1667   186     1056.0000      938.5000 2.36e+08   11.13%
 3546414 2316262     1003.6200   277     1056.0000      938.5667 2.37e+08   11.12%
 3555806 2322863      994.6000   269     1056.0000      938.6250 2.37e+08   11.12%
 3562803 2327634     1039.3333   177     1056.0000      938.6667 2.38e+08   11.11%
 3569283 2332012      973.3889   239     1056.0000      938.7000 2.38e+08   11.11%
Elapsed time = 8923.23 sec. (2260039.05 ticks, tree = 168799.18 MB, solutions = 32)
Nodefile size = 168656.82 MB (111838.04 MB after compression)
 3574084 2335334      950.0853   296     1056.0000      938.7500 2.38e+08   11.10%
 3580672 2339866     1013.6048   221     1056.0000      938.8333 2.39e+08   11.10%
 3587804 2344716      978.3000   223     1056.0000      938.8667 2.39e+08   11.09%
 3594201 2349021     1016.4167   229     1056.0000      938.9167 2.39e+08   11.09%
 3601784 2354303      986.0000   141     1056.0000      938.9667 2.40e+08   11.08%
 3609506 2359418      998.9455   298     1056.0000      939.0000 2.40e+08   11.08%
 3613597 2361902      940.3676   291     1056.0000      939.0000 2.41e+08   11.08%
 3620774 2366809      997.4271   216     1056.0000      939.0750 2.41e+08   11.07%
 3628998 2372649     1025.6250   166     1056.0000      939.1606 2.41e+08   11.06%
 3635626 2377121     1041.7262   241     1056.0000      939.1753 2.42e+08   11.06%
Elapsed time = 9105.58 sec. (2299231.52 ticks, tree = 172065.69 MB, solutions = 32)
Nodefile size = 171936.22 MB (113911.74 MB after compression)
 3642066 2381607        cutoff           1056.0000      939.2000 2.42e+08   11.06%
 3649872 2386968     1050.2778   233     1056.0000      939.2500 2.43e+08   11.06%
 3658096 2392616     1054.2889   181     1056.0000      939.3056 2.43e+08   11.05%
 3662182 2395189      983.0333   141     1056.0000      939.3333 2.43e+08   11.05%
 3669558 2400142     1003.7667   248     1056.0000      939.4167 2.44e+08   11.04%
 3677811 2405912     1031.9762   214     1056.0000      939.4667 2.44e+08   11.04%
 3684668 2410551     1054.6667   282     1056.0000      939.5000 2.45e+08   11.03%
 3690858 2414521      975.5611   277     1056.0000      939.5000 2.45e+08   11.03%
 3697941 2419495      970.9524   283     1056.0000      939.5417 2.45e+08   11.03%
 3706571 2425507      971.1000   229     1056.0000      939.6000 2.46e+08   11.02%
                                                    Covers: 1                  
Elapsed time = 9281.26 sec. (2338173.25 ticks, tree = 175257.59 MB, solutions = 32)
Nodefile size = 175119.39 MB (115927.99 MB after compression)
 3712314 2429411      983.6667   220     1056.0000      939.6642 2.46e+08   11.02%
 3720083 2434709      972.0476   181     1056.0000      939.6944 2.47e+08   11.01%
 3726799 2439249     1003.4250   275     1056.0000      939.7500 2.47e+08   11.01%
 3733120 2443593     1012.4722   260     1056.0000      939.7619 2.47e+08   11.01%
 3742632 2450226     1002.7111   314     1056.0000      939.8333 2.48e+08   11.00%
 3748336 2454058      974.3333   152     1056.0000      939.8333 2.48e+08   11.00%
 3757726 2460687     1035.6389   262     1056.0000      939.9000 2.49e+08   10.99%
 3762699 2464067     1017.8000   211     1056.0000      939.9500 2.49e+08   10.99%
 3769328 2468558     1002.6667   269     1056.0000      940.0000 2.49e+08   10.98%
 3774858 2471949     1047.0000   323     1056.0000      940.0000 2.50e+08   10.98%
Elapsed time = 9462.96 sec. (2377733.68 ticks, tree = 178593.86 MB, solutions = 32)
Nodefile size = 178464.27 MB (118050.54 MB after compression)
 3781763 2476712     1005.3750   204     1056.0000      940.0167 2.50e+08   10.98%
 3788866 2481601     1053.6667   146     1056.0000      940.0833 2.51e+08   10.98%
 3796411 2486766     1037.8636   365     1056.0000      940.1389 2.51e+08   10.97%
 3802518 2490870        cutoff           1056.0000      940.1667 2.51e+08   10.97%
 3808893 2495105     1031.2976   273     1056.0000      940.2500 2.52e+08   10.96%
 3816225 2500167     1007.8333   222     1056.0000      940.2833 2.52e+08   10.96%
 3823306 2505073     1034.5000   206     1056.0000      940.3333 2.52e+08   10.95%
 3830402 2509802      976.7500   253     1056.0000      940.3333 2.53e+08   10.95%
 3836487 2513923      975.4167   164     1056.0000      940.3810 2.53e+08   10.95%
 3844534 2519384      990.8157   337     1056.0000      940.4333 2.54e+08   10.94%
Elapsed time = 9640.29 sec. (2416364.11 ticks, tree = 181658.74 MB, solutions = 32)
Nodefile size = 181518.98 MB (119975.66 MB after compression)
 3852063 2524544      987.6250   265     1056.0000      940.4917 2.54e+08   10.94%
 3856453 2527337     1026.9755   315     1056.0000      940.5000 2.55e+08   10.94%
 3862387 2531194     1018.2500   260     1056.0000      940.5333 2.55e+08   10.93%
 3870544 2536902        cutoff           1056.0000      940.5833 2.55e+08   10.93%
 3877178 2541424     1018.5744   268     1056.0000      940.6354 2.56e+08   10.92%
 3883688 2545878      974.3333   229     1056.0000      940.6667 2.56e+08   10.92%
 3886578 2547701     1016.6372   382     1056.0000      940.6667 2.56e+08   10.92%
 3894891 2553323     1004.4583   200     1056.0000      940.6667 2.57e+08   10.92%
 3897613 2555138      982.9386   246     1056.0000      940.7500 2.57e+08   10.91%
 3902766 2558652     1027.3136   338     1056.0000      940.7500 2.57e+08   10.91%
Elapsed time = 9823.93 sec. (2459259.35 ticks, tree = 184988.29 MB, solutions = 32)
Nodefile size = 184858.32 MB (122087.42 MB after compression)
 3906298 2561129      957.7476   235     1056.0000      940.7917 2.57e+08   10.91%
 3911231 2564473     1006.7262   265     1056.0000      940.8333 2.58e+08   10.91%
 3916535 2568107      973.2833   253     1056.0000      940.8333 2.58e+08   10.91%
                                                      Cuts: 2                  
 3921059 2571169     1018.4259   249     1056.0000      940.8667 2.58e+08   10.90%
 3922450 2572152     1004.9179   257     1056.0000      940.8667 2.58e+08   10.90%
 3925797 2574457      996.8667   252     1056.0000      940.9048 2.58e+08   10.90%
 3930650 2577821     1027.9048   218     1056.0000      940.9444 2.59e+08   10.90%
 3935349 2581081     1031.8333   257     1056.0000      940.9786 2.59e+08   10.89%
 3939999 2584201      966.8667   204     1056.0000      941.0000 2.59e+08   10.89%
 3944134 2586827     1022.1333   212     1056.0000      941.0000 2.59e+08   10.89%
Elapsed time = 9974.64 sec. (2514775.58 ticks, tree = 186972.48 MB, solutions = 32)
Nodefile size = 186843.62 MB (123343.40 MB after compression)
 3946939 2588462      993.3500   256     1056.0000      941.0000 2.60e+08   10.89%
 3948609 2589593     1039.6667   211     1056.0000      941.0000 2.60e+08   10.89%
 3950483 2590913     1032.3407   281     1056.0000      941.0250 2.60e+08   10.89%
 3954941 2594004     1022.6389   231     1056.0000      941.0500 2.60e+08   10.89%
 3960631 2597925     1030.6667   214     1056.0000      941.0667 2.60e+08   10.88%
 3963528 2599903     1029.7250   191     1056.0000      941.1190 2.61e+08   10.88%
 3963910 2600184     1000.9795   226     1056.0000      941.1190 2.61e+08   10.88%
 3964352 2600506     1032.2821   354     1056.0000      941.1190 2.61e+08   10.88%
 3968694 2603570      962.1389   276     1056.0000      941.1389 2.61e+08   10.88%
 3969555 2604122     1039.6885   186     1056.0000      941.1389 2.61e+08   10.88%
Elapsed time = 10116.37 sec. (2580907.90 ticks, tree = 188350.78 MB, solutions = 32)
Nodefile size = 188208.97 MB (124207.61 MB after compression)
 3972516 2606110     1050.6667   182     1056.0000      941.1667 2.61e+08   10.87%
 3973202 2606569      980.6970   246     1056.0000      941.1667 2.61e+08   10.87%
 3975829 2608387     1033.7772   333     1056.0000      941.1786 2.61e+08   10.87%
 3976649 2608952     1018.0000   198     1056.0000      941.1786 2.61e+08   10.87%
 3979759 2611056      960.4333   233     1056.0000      941.2000 2.61e+08   10.87%
 3983797 2613738     1039.0571   292     1056.0000      941.2333 2.62e+08   10.87%
 3985091 2614524      972.6111   329     1056.0000      941.2333 2.62e+08   10.87%
 3987048 2615893     1053.5455   137     1056.0000      941.2429 2.62e+08   10.87%
 3987078 2615909      943.2500   311     1056.0000      941.2429 2.62e+08   10.87%
 3987569 2616276     1053.0000   124     1056.0000      941.2429 2.62e+08   10.87%
Elapsed time = 10265.69 sec. (2663906.78 ticks, tree = 189169.29 MB, solutions = 32)
Nodefile size = 189039.40 MB (124734.25 MB after compression)
 3990204 2618056     1028.1667   132     1056.0000      941.2536 2.62e+08   10.87%
                                                  ZeroHalf: 1                  
 3990463 2618234     1032.6250   144     1056.0000      941.2536 2.62e+08   10.87%
 3991728 2619079      993.9917   256     1056.0000      941.2536 2.62e+08   10.87%
 3995424 2621650     1029.1667   233     1056.0000      941.2917 2.62e+08   10.86%
 3996225 2622194     1048.5333   157     1056.0000      941.2917 2.62e+08   10.86%
 3996759 2622569      952.3889   222     1056.0000      941.2917 2.62e+08   10.86%
 3998729 2623903     1024.0833   193     1056.0000      941.3333 2.63e+08   10.86%
 4001414 2625615      961.6667   226     1056.0000      941.3333 2.63e+08   10.86%
 4003402 2626981      975.7250   234     1056.0000      941.3333 2.63e+08   10.86%
 4004734 2627907      999.1389   162     1056.0000      941.3333 2.63e+08   10.86%
Elapsed time = 10383.46 sec. (2733514.86 ticks, tree = 189925.10 MB, solutions = 32)
Nodefile size = 189794.91 MB (125209.44 MB after compression)
 4006541 2629129     1039.8333   156     1056.0000      941.3333 2.63e+08   10.86%
 4006664 2629212     1048.4444   121     1056.0000      941.3333 2.63e+08   10.86%
 4010240 2631588     1041.0746   289     1056.0000      941.3667 2.63e+08   10.86%
                                                    Covers: 1                  
 4014175 2634256     1022.2361   272     1056.0000      941.4028 2.63e+08   10.85%
 4014337 2634373     1042.1167   133     1056.0000      941.4028 2.63e+08   10.85%
 4017970 2636919      996.0000   142     1056.0000      941.4167 2.64e+08   10.85%
 4018302 2637158     1012.6667   188     1056.0000      941.4167 2.64e+08   10.85%
 4020218 2638479     1053.6667   159     1056.0000      941.4167 2.64e+08   10.85%
 4022523 2640041     1044.3333   168     1056.0000      941.4667 2.64e+08   10.85%
 4023440 2640661     1024.7500   126     1056.0000      941.4667 2.64e+08   10.85%
Elapsed time = 10554.21 sec. (2831304.52 ticks, tree = 190809.21 MB, solutions = 32)
Nodefile size = 190676.71 MB (125764.57 MB after compression)
 4026493 2642689     1031.0833   236     1056.0000      941.5000 2.64e+08   10.84%
                                                    Covers: 1                  
 4026961 2642978     1047.1809   189     1056.0000      941.5000 2.64e+08   10.84%
 4027670 2643455     1029.4833   228     1056.0000      941.5000 2.64e+08   10.84%
 4029370 2644437      976.2500   247     1056.0000      941.5000 2.64e+08   10.84%
 4033470 2647047     1043.3667   242     1056.0000      941.5000 2.65e+08   10.84%
 4033941 2647351      994.4167   205     1056.0000      941.5000 2.65e+08   10.84%
 4036307 2648971      996.5833   144     1056.0000      941.5000 2.65e+08   10.84%
 4037059 2649478      983.5556   245     1056.0000      941.5000 2.65e+08   10.84%
 4038088 2650175     1012.3929   202     1056.0000      941.5000 2.65e+08   10.84%
 4040909 2652121     1017.6667   221     1056.0000      941.5333 2.65e+08   10.84%
Elapsed time = 10755.53 sec. (2941997.91 ticks, tree = 191415.29 MB, solutions = 32)
Nodefile size = 191269.24 MB (126141.89 MB after compression)
 4040914 2652124      986.3929   214     1056.0000      941.5333 2.65e+08   10.84%
 4044053 2654235     1035.1548   148     1056.0000      941.5833 2.65e+08   10.83%
 4045713 2655351     1010.4174   282     1056.0000      941.5833 2.65e+08   10.83%

GUB cover cuts applied:  3
Clique cuts applied:  8
Cover cuts applied:  33
Implied bound cuts applied:  54
Zero-half cuts applied:  262
Gomory fractional cuts applied:  12

Root node processing (before b&c):
  Real time             =    4.75 sec. (2654.40 ticks)
Parallel b&c, 32 threads:
  Real time             = 10800.70 sec. (2982610.04 ticks)
  Sync time (average)   =    2.94 sec.
  Wait time (average)   =    0.01 sec.
                          ------------
Total (root+branch&cut) = 10805.45 sec. (2985264.44 ticks)


Solution status: Feasible
Execution time: 10805.8 sec
Gap: 0.10832
