Fri Jul 13 02:56:12 2018

Tried aggregator 2 times.
MIP Presolve eliminated 10500 rows and 121 columns.
Aggregator did 380 substitutions.
Reduced MIP has 9459 rows, 3086 columns, and 35332 nonzeros.
Reduced MIP has 3086 binaries, 0 generals, 0 SOSs, and 0 indicators.
Presolve time = 0.07 sec. (51.61 ticks)
Probing time = 0.01 sec. (1.96 ticks)
Tried aggregator 1 time.
Presolve time = 0.02 sec. (15.78 ticks)
Probing time = 0.01 sec. (1.96 ticks)
Clique table members: 14732.
MIP emphasis: balance optimality and feasibility.
MIP search method: dynamic search.
Parallel mode: deterministic, using up to 32 threads.
Root relaxation solution time = 0.92 sec. (168.78 ticks)

        Nodes                                         Cuts/
   Node  Left     Objective  IInf  Best Integer    Best Bound    ItCnt     Gap

      0     0      607.0000   327                    607.0000     1163         
      0     0      661.1591   362                    Cuts: 46     1750         
      0     0      717.6615   399                    Cuts: 74     2312         
      0     0      731.4338   433                    Cuts: 47     2690         
      0     0      741.7883   437                    Cuts: 55     3047         
      0     0      744.1844   451                    Cuts: 34     3225         
      0     0      747.6396   451                    Cuts: 28     3541         
      0     0      752.6329   446                    Cuts: 39     3774         
      0     0      754.0983   422                    Cuts: 43     3963         
      0     0      754.2417   421                    Cuts: 24     4018         
      0     0      754.6830   464                    Cuts: 18     4159         
      0     0      755.4816   457                ZeroHalf: 14     4281         
      0     0      756.3260   452                    Cuts: 23     4438         
      0     0      756.4500   365                    Cuts: 11     4501         
      0     0      757.0500   348                    Cuts: 35     4635         
      0     0      757.0500   379                    Cuts: 42     4685         
      0     0      757.0500   380                ZeroHalf: 37     4739         
*     0+    0                         2271.0000      757.0500     4739   66.66%
Found incumbent of value 2271.000000 after 5.99 sec. (3544.92 ticks)
*     0+    0                         1641.0000      757.0500     4739   53.87%
Found incumbent of value 1641.000000 after 6.57 sec. (3777.73 ticks)
      0     2      757.0500   368     1641.0000      757.0500     4739   53.87%
Elapsed time = 6.71 sec. (3827.58 ticks, tree = 0.01 MB, solutions = 2)
      2     4      759.7033   431     1641.0000      757.0500     6673   53.87%
      9    11      779.2884   426     1641.0000      759.7039    10979   53.70%
     16    18      781.2665   444     1641.0000      765.0021    13169   53.38%
                                                 Impl Bds: 10                  
     22    24      797.6709   453     1641.0000      765.0021    18211   53.38%
     33    35      810.2488   413     1641.0000      766.0664    24915   53.32%
                                                  Impl Bds: 8                  
     41    43      818.9922   400     1641.0000      766.0664    33810   53.32%
     52    54      779.4519   392     1641.0000      766.0664    44385   53.32%
                                                 Impl Bds: 13                  
     65    67      845.6807   382     1641.0000      766.0664    52778   53.32%
     66    68      855.8750   361     1641.0000      766.0664    55172   53.32%
    208   206      812.3598   387     1641.0000      766.0664   130577   53.32%
                                                     Cuts: 22                  
Elapsed time = 15.27 sec. (8317.40 ticks, tree = 0.03 MB, solutions = 2)
    228   226      825.8262   535     1641.0000      766.0664   149213   53.32%
   1394  1303      970.5000   259     1641.0000      766.0664   483534   53.32%
                                                 Impl Bds: 13                  
*  1415  1318      integral     0     1595.0000      766.0664   491571   51.97%
Found incumbent of value 1595.000000 after 24.30 sec. (12862.24 ticks)
   1522  1419     1071.7232   415     1595.0000      766.0664   531065   51.97%
*  2099+ 1936                         1551.0000      766.0664   658029   50.61%
Found incumbent of value 1551.000000 after 28.71 sec. (12466.77 ticks)
*  2531  2323      integral     0     1528.0000      766.0664   730576   49.86%
Found incumbent of value 1528.000000 after 28.71 sec. (14314.68 ticks)
*  2659+ 2430                         1515.0000      766.0664   749168   49.43%
Found incumbent of value 1515.000000 after 28.71 sec. (12841.28 ticks)
   3060  2566      881.9667   336     1515.0000      773.3743   858420   48.95%
                                                 Impl Bds: 45                  
   3153  2657      857.7139   514     1515.0000      773.3743   910822   48.95%
   3185  2689      892.4833   396     1515.0000      773.3743   931019   48.95%
*  3508+ 2994                         1488.0000      773.3743  1056232   48.03%
Found incumbent of value 1488.000000 after 37.89 sec. (15199.47 ticks)
   5190  4372      833.4545   454     1488.0000      773.3743  1444466   48.03%
                                                     Cuts: 19                  
   5286  4465      842.8556   380     1488.0000      773.3743  1503916   48.03%
Elapsed time = 44.71 sec. (21137.73 ticks, tree = 1.52 MB, solutions = 14)
   5510  4677      881.1533   467     1488.0000      773.3743  1589737   48.03%
   6336  5435      812.8667   331     1488.0000      773.3743  1817757   48.03%
*  6853  5861      integral     0     1457.0000      773.3743  1951169   46.92%
Found incumbent of value 1457.000000 after 50.63 sec. (23785.13 ticks)
   7948  6639      758.2500   358     1457.0000      782.4958  2199098   46.29%
   7950  6641      761.3033   490     1457.0000      782.4958  2202668   46.29%
   7952  6641      769.2468   479     1457.0000      782.4958  2204738   46.29%
   7959  6647      766.6559   459     1457.0000      782.4958  2208137   46.29%
                                                     Cuts: 14                  
   7963  6648      807.0596   478     1457.0000      782.4958  2214451   46.29%
   7971  6653      772.5340   463     1457.0000      782.4958  2220738   46.29%
   7987  6661      820.8937   432     1457.0000      782.4958  2228856   46.29%
Elapsed time = 72.98 sec. (40795.67 ticks, tree = 23.97 MB, solutions = 15)
   8008  6671      910.8266   477     1457.0000      782.4958  2250452   46.29%
   8011  6672      894.1957   446     1457.0000      782.4958  2255160   46.29%
   8040  6691      956.2562   494     1457.0000      782.4958  2288448   46.29%
                                                     Cuts: 14                  
   8255  6811      887.2827   420     1457.0000      782.4958  2360929   46.29%
                                                     Cuts: 14                  
   8445  6919      853.2073   420     1457.0000      782.4958  2409673   46.29%
   8692  7054      933.7417   419     1457.0000      782.4958  2462694   46.29%
   9461  7499     1146.3527   395     1457.0000      782.4958  2591807   46.29%
  10193  7900     1056.9389   400     1457.0000      782.4958  2689183   46.29%
  10662  8152      955.3496   492     1457.0000      782.4958  2769908   46.29%
  11191  8427    infeasible           1457.0000      782.4958  2863776   46.29%
Elapsed time = 99.91 sec. (52894.00 ticks, tree = 37.20 MB, solutions = 15)
  12142  8886     1012.5232   400     1457.0000      782.4958  3002039   46.29%
  12395  9014      944.1396   351     1457.0000      782.4958  3053259   46.29%
  12590  9096     1111.9891   400     1457.0000      782.4958  3093617   46.29%
  13046  9329      976.9438   391     1457.0000      782.4958  3165662   46.29%
                                                 ZeroHalf: 12                  
  13207  9419     1002.1000   387     1457.0000      782.4958  3197321   46.29%
  13783  9701     1038.6667   288     1457.0000      782.4958  3271566   46.29%
  14423 10010     1141.9444   355     1457.0000      782.4958  3346465   46.29%
  15703 10629     1232.0754   343     1457.0000      782.4958  3474760   46.29%
  18357 11851      847.3562   382     1457.0000      782.4958  3737334   46.29%
                                                 ZeroHalf: 16                  
  18933 12173     1050.3333   246     1457.0000      782.4958  3791260   46.29%
Elapsed time = 133.42 sec. (63331.95 ticks, tree = 345.39 MB, solutions = 15)
Nodefile size = 188.81 MB (144.37 MB after compression)
  19989 12729     1230.5095   309     1457.0000      782.4958  3862284   46.29%
  21207 13265      934.2986   368     1457.0000      782.4958  4004488   46.29%
  22500 13911      935.6364   305     1457.0000      782.4958  4111045   46.29%
  23268 14557     1140.4048   237     1457.0000      782.4958  4192884   46.29%
  24685 15881     1115.8081   286     1457.0000      782.4958  4313153   46.29%
  25691 16822     1171.5833   254     1457.0000      782.4958  4402459   46.29%
                                                     Cuts: 18                  
  26748 17826     1329.8810   249     1457.0000      782.4958  4504233   46.29%
  27613 18635     1169.3333   283     1457.0000      782.4958  4562179   46.29%
  28251 19171     1047.8333   305     1457.0000      782.4958  4643949   46.29%
  28953 19854     1201.0807   222     1457.0000      782.4958  4704958   46.29%
Elapsed time = 175.29 sec. (74158.24 ticks, tree = 1118.77 MB, solutions = 15)
Nodefile size = 947.28 MB (724.38 MB after compression)
  30401 21180     1420.3333    89     1457.0000      782.4958  4800040   46.29%
  30832 21574      882.7301   377     1457.0000      792.2500  4835561   45.62%
                                                     Cuts: 11                  
  33072 23694     1261.0000    95     1457.0000      792.2500  5001936   45.62%
  33296 23892      866.7266   435     1457.0000      792.2500  5020969   45.62%
  33520 24082      954.1667   353     1457.0000      792.2500  5043854   45.62%
  34800 25297     1389.4667   239     1457.0000      792.2500  5160255   45.62%
  38496 28690      966.9340   350     1457.0000      821.3969  5467301   43.62%
                                                  ZeroHalf: 6                  
  39968 30107     1428.9000   221     1457.0000      821.3969  5592404   43.62%
* 40446+30518                         1447.0000      821.3969  5622077   43.23%
Found incumbent of value 1447.000000 after 213.19 sec. (82775.55 ticks)
  41024 31019     1144.4333   278     1447.0000      821.3969  5686976   43.23%
  43264 33122      897.8636   385     1447.0000      821.3969  5868403   43.23%
Elapsed time = 215.99 sec. (86545.79 ticks, tree = 2452.96 MB, solutions = 15)
Nodefile size = 2287.12 MB (1747.33 MB after compression)
  43936 33709     1106.7500   145     1447.0000      821.3969  5930517   43.23%
  45443 35063     1428.6667    85     1447.0000      828.5059  6069837   42.74%
                                                  ZeroHalf: 1                  
  46307 35884      999.3871   306     1447.0000      828.5059  6141260   42.74%
  47875 37334      889.5687   350     1447.0000      828.5059  6287041   42.74%
  49660 39003      862.1118   364     1447.0000      828.5059  6449173   42.74%
* 50198+39480                         1426.0000      828.5059  6497038   41.90%
Found incumbent of value 1426.000000 after 240.22 sec. (91207.15 ticks)
  50411 39682     1236.8088   290     1426.0000      828.5059  6513930   41.90%
  51108 39827     1400.6333   244     1426.0000      832.3066  6566774   41.63%
                                                     Cuts: 10                  
  51940 40598     1132.1667   271     1426.0000      832.3066  6657558   41.63%
  53508 42047      958.4298   324     1426.0000      832.3066  6796413   41.63%
  55236 43631     1359.3778   150     1426.0000      832.3066  6958780   41.63%
Elapsed time = 257.01 sec. (98447.18 ticks, tree = 3705.43 MB, solutions = 16)
Nodefile size = 3542.27 MB (2706.37 MB after compression)
  56681 44941     1108.0000   210     1426.0000      832.3066  7082915   41.63%
  57694 45824     1333.1667   225     1426.0000      837.8179  7169509   41.25%
  58366 46456     1043.2476   319     1426.0000      837.8179  7269357   41.25%
  60126 48076      888.9070   368     1426.0000      837.8179  7433008   41.25%
  60414 48330     1103.8171   360     1426.0000      837.8179  7463969   41.25%
  60926 48787      941.6935   352     1426.0000      837.8179  7516625   41.25%
  62558 50253     1039.0000   319     1426.0000      839.8397  7663280   41.11%
* 62559+50252                         1419.0000      839.8397  7663582   40.81%
Found incumbent of value 1419.000000 after 317.27 sec. (105795.74 ticks)
* 62559+50252                         1416.0000      839.8397  7663582   40.69%
Found incumbent of value 1416.000000 after 317.27 sec. (105798.78 ticks)
* 62560+50253                         1409.0000      839.8397  7663709   40.39%
Found incumbent of value 1409.000000 after 328.98 sec. (105756.54 ticks)
  62560 50255      931.9464   299     1409.0000      839.8397  7663709   40.39%
* 62562+50255                         1399.0000      839.8397  7664270   39.97%
Found incumbent of value 1399.000000 after 331.78 sec. (105862.99 ticks)
* 62563+50256                         1396.0000      839.8397  7664611   39.84%
Found incumbent of value 1396.000000 after 331.78 sec. (105830.58 ticks)
* 62563+50256                         1388.0000      839.8397  7664611   39.49%
Found incumbent of value 1388.000000 after 331.78 sec. (105860.23 ticks)
* 62563+50256                         1378.0000      839.8397  7664611   39.05%
Found incumbent of value 1378.000000 after 331.78 sec. (105877.80 ticks)
  62563 50258      891.7614   336     1378.0000      839.8397  7664611   39.05%
* 62564+50257                         1377.0000      839.8397  7664857   39.01%
Found incumbent of value 1377.000000 after 335.03 sec. (105811.53 ticks)
* 62564+50257                         1360.0000      839.8397  7664857   38.25%
Found incumbent of value 1360.000000 after 335.03 sec. (105827.09 ticks)
  62975 44601     1092.8000   258     1360.0000      839.8397  7770797   38.25%
Elapsed time = 339.12 sec. (126873.88 ticks, tree = 4172.08 MB, solutions = 19)
Nodefile size = 4160.30 MB (3167.12 MB after compression)
  63850 45451     1023.1458   326     1360.0000      839.8397  7832886   38.25%
  65073 46538      941.8972   348     1360.0000      839.8397  7973708   38.25%
  66061 47424     1182.5833   222     1360.0000      839.8397  8082825   38.25%
  68397 49515      999.9103   328     1360.0000      844.1903  8304546   37.93%
                                                  ZeroHalf: 1                  
  69430 50491      882.8174   404     1360.0000      844.1903  8412105   37.93%
  70381 51347     1177.3750   313     1360.0000      844.1903  8512266   37.93%
  70966 51838     1074.3333   330     1360.0000      844.1903  8588062   37.93%
  72778 53474      888.7166   365     1360.0000      844.1903  8777491   37.93%
  73388 53987      953.6875   306     1360.0000      846.7879  8843788   37.74%
  79125 59188      876.7400   354     1360.0000      846.7879  9457870   37.74%
Elapsed time = 384.63 sec. (140583.58 ticks, tree = 5196.26 MB, solutions = 64)
Nodefile size = 5042.67 MB (3841.90 MB after compression)
  81487 61336     1128.4167   244     1360.0000      849.8458  9706228   37.51%
  84765 64275     1170.2000   267     1360.0000      851.8558 10086393   37.36%
  90363 69264     1310.5000   226     1360.0000      851.8558 10651634   37.36%
  92273 70976     1084.5139   285     1360.0000      854.6065 10873099   37.16%
                                                      Cuts: 4                  
  96571 74842     1150.6667   243     1360.0000      856.4445 11305128   37.03%
 101505 79247     1239.3057   323     1360.0000      858.4778 11814832   36.88%
 105427 82783      890.6947   347     1360.0000      858.4778 12282526   36.88%
 108233 85294     1035.0214   344     1360.0000      860.5541 12602658   36.72%
 113382 89953      931.4372   379     1360.0000      861.4703 13172124   36.66%
 118142 94191      930.6667   200     1360.0000      863.8393 13711310   36.48%
Elapsed time = 521.61 sec. (180717.13 ticks, tree = 9075.36 MB, solutions = 64)
Nodefile size = 8936.60 MB (6792.10 MB after compression)
 123519 98998      889.1196   399     1360.0000      863.8393 14277038   36.48%
 125790 101058     1176.5000   205     1360.0000      865.7635 14532798   36.34%
 129259 104166     1022.8088   201     1360.0000      866.9696 14903512   36.25%
                                                  ZeroHalf: 2                  
*130485+105263                         1356.0000      866.9696 15023334   36.06%
Found incumbent of value 1356.000000 after 570.86 sec. (191811.59 ticks)
 134558 108877     1294.0556   196     1356.0000      866.9696 15409095   36.06%
 137625 111045      947.9375   307     1356.0000      868.4725 15747050   35.95%
 141548 114567      888.2943   359     1356.0000      870.1000 16105680   35.83%
                                                  ZeroHalf: 2                  
 146662 119148      916.4395   394     1356.0000      870.1000 16590805   35.83%
 147809 120156     1084.3333   276     1356.0000      871.5394 16745252   35.73%
                                                  ZeroHalf: 1                  
 151869 123808     1076.9583   245     1356.0000      872.2028 17309063   35.68%
 158065 129333     1000.3333   209     1356.0000      873.6333 17896000   35.57%
Elapsed time = 656.15 sec. (220114.77 ticks, tree = 12661.97 MB, solutions = 65)
Nodefile size = 12521.14 MB (9468.00 MB after compression)
 162113 132980     1002.1667   325     1356.0000      873.6333 18367659   35.57%
 165840 136336      882.6667   338     1356.0000      874.5717 18733597   35.50%
 169138 139278     1017.2092   341     1356.0000      875.6944 19072699   35.42%
                                                  ZeroHalf: 1                  
 172733 142431     1080.5600   308     1356.0000      875.6944 19472111   35.42%
*173975 143547      integral     0     1353.0000      875.6944 19595796   35.28%
Found incumbent of value 1353.000000 after 705.99 sec. (235485.03 ticks)
 176780 145593     1339.7576   186     1353.0000      876.6642 19893380   35.21%
 180603 148963     1179.0000   314     1353.0000      877.8667 20278168   35.12%
 182954 151053     1085.3750   318     1353.0000      877.8667 20591335   35.12%
 189026 156458     1316.8667   220     1353.0000      878.9266 21241593   35.04%
 192325 159381     1072.5000   233     1353.0000      880.2360 21588020   34.94%
Elapsed time = 771.41 sec. (254718.13 ticks, tree = 15510.31 MB, solutions = 66)
Nodefile size = 15365.25 MB (11565.82 MB after compression)
*192929 159907      integral     0     1342.0000      880.2360 21650471   34.41%
Found incumbent of value 1342.000000 after 772.94 sec. (254718.13 ticks)
 195785 160313     1302.5917   167     1342.0000      881.2875 21965710   34.33%
                                                  Impl Bds: 1                  
 199945 163978      985.5980   360     1342.0000      881.2875 22421563   34.33%
*200414+164399                         1340.0000      881.2875 22470340   34.23%
Found incumbent of value 1340.000000 after 797.26 sec. (261312.81 ticks)
 204313 167328     1333.4609   298     1340.0000      882.3883 22883416   34.15%
                                                  Impl Bds: 1                  
 207798 170371      935.7157   360     1340.0000      883.1154 23241872   34.10%
                                                  ZeroHalf: 2                  
 211969 174098     1173.8333   240     1340.0000      883.1154 23749454   34.10%
 215420 177160      938.2000   275     1340.0000      883.8202 24108024   34.04%
                                                      Cuts: 3                  
 219901 181150     1036.0775   380     1340.0000      884.9786 24538138   33.96%
                                                    Covers: 1                  
 224262 184937     1294.9000   191     1340.0000      885.6618 25014295   33.91%
 228070 188298      928.8729   369     1340.0000      885.6618 25412836   33.91%
Elapsed time = 891.81 sec. (290426.16 ticks, tree = 18087.71 MB, solutions = 68)
Nodefile size = 17932.14 MB (13450.68 MB after compression)
 232283 191998     1059.1407   324     1340.0000      886.5419 25846447   33.84%
 236046 195260      970.6667   367     1340.0000      887.5536 26224627   33.76%
 239880 198665     1227.0714   243     1340.0000      887.5536 26679793   33.76%
 243851 202167     1036.0444   383     1340.0000      888.0466 27110695   33.73%
 247904 205729     1158.1212   340     1340.0000      888.9715 27547888   33.66%
 252163 209451     1115.9111   245     1340.0000      889.6471 27997317   33.61%
 258222 214796      940.9333   331     1340.0000      889.6471 28629600   33.61%
 260656 216964      911.3101   349     1340.0000      890.4417 28863407   33.55%
 264826 220602      981.2024   390     1340.0000      891.2000 29278258   33.49%
 268908 224242     1024.4670   360     1340.0000      891.2000 29839344   33.49%
Elapsed time = 1028.70 sec. (329947.34 ticks, tree = 21744.01 MB, solutions = 68)
Nodefile size = 21599.79 MB (16154.72 MB after compression)
 271448 226490     1111.6944   308     1340.0000      891.4775 30126259   33.47%
 276395 230901     1263.5000   216     1340.0000      892.2424 30591626   33.41%
                                                      Cuts: 3                  
 280736 234703     1239.8333   230     1340.0000      893.0011 31038650   33.36%
 286177 239487     1022.5491   327     1340.0000      893.0011 31593708   33.36%
 288488 241552     1307.0167   179     1340.0000      893.8205 31828084   33.30%
 293029 245538     1039.4462   339     1340.0000      894.5778 32251414   33.24%
                                                      Cuts: 2                  
 297573 249555     1318.7143   277     1340.0000      894.5778 32713131   33.24%
 302053 253501      991.6422   473     1340.0000      895.2857 33153793   33.19%
*302824+254180                         1337.0000      895.2857 33228305   33.04%
Found incumbent of value 1337.000000 after 1141.70 sec. (359678.34 ticks)
 305779 255648     1250.0000   218     1337.0000      895.8526 33534142   33.00%
 308634 258151      911.3839   367     1337.0000      895.8526 33965076   33.00%
Elapsed time = 1161.69 sec. (369694.23 ticks, tree = 25330.76 MB, solutions = 69)
Nodefile size = 25185.41 MB (18788.16 MB after compression)
 312794 261868     1317.4379   225     1337.0000      896.2324 34387723   32.97%
 316893 265484     1064.5000   175     1337.0000      896.7593 34809973   32.93%
 322361 270298     1089.0263   213     1337.0000      897.6160 35336835   32.86%
                                                  ZeroHalf: 1                  
 326951 274330     1053.7500   222     1337.0000      897.6160 35797557   32.86%
 330540 277515      979.3333   261     1337.0000      898.1736 36141341   32.82%
                                                    Covers: 1                  
 333902 280469      943.7505   375     1337.0000      898.7913 36460893   32.78%
                                                    Covers: 1                  
 339144 285079      966.6136   369     1337.0000      898.7913 36980691   32.78%
 342677 288207     1051.7778   233     1337.0000      899.3333 37322707   32.73%
 346700 291680      991.1250   363     1337.0000      899.9167 37736085   32.69%
                                                  ZeroHalf: 1                  
 351815 296173     1326.0000   205     1337.0000      899.9167 38268417   32.69%
Elapsed time = 1292.06 sec. (409362.19 ticks, tree = 29126.81 MB, solutions = 69)
Nodefile size = 28962.13 MB (21574.00 MB after compression)
 354144 298201     1018.6071   413     1337.0000      900.3145 38553128   32.66%
*357823+301437                         1329.0000      900.7078 38986627   32.23%
Found incumbent of value 1329.000000 after 1315.58 sec. (415985.05 ticks)
 358550 302068      997.8000   314     1329.0000      900.7078 39065285   32.23%
 363324 302481      970.1176   361     1329.0000      901.5833 39510860   32.16%
 369434 307834      991.1136   380     1329.0000      901.5833 40106227   32.16%
 371098 309307     1093.2917   347     1329.0000      902.2061 40269775   32.11%
 375539 313154      962.8333   235     1329.0000      902.6359 40715953   32.08%
                                                    Covers: 1                  
 380229 317246     1023.8333   205     1329.0000      902.6359 41204674   32.08%
 382399 319167     1213.3917   222     1329.0000      903.1694 41426567   32.04%
 387151 323293      961.4565   437     1329.0000      903.6778 41884364   32.00%
 391179 326835      966.2511   398     1329.0000      903.6778 42365192   32.00%
Elapsed time = 1425.38 sec. (449694.09 ticks, tree = 32237.39 MB, solutions = 70)
Nodefile size = 32092.05 MB (23860.11 MB after compression)
 395617 330691      936.6011   412     1329.0000      904.1081 42861095   31.97%
 400922 335294      907.8235   333     1329.0000      904.5972 43382685   31.93%
 405072 338873     1222.5000   231     1329.0000      905.2424 43762269   31.89%
 409476 342788        cutoff           1329.0000      905.2424 44212107   31.89%
 413030 345883      967.9667   204     1329.0000      905.5455 44549079   31.86%
 416887 349195     1030.2500   225     1329.0000      906.1667 44937049   31.82%
 421732 353432      981.4108   277     1329.0000      906.1667 45426018   31.82%
 424607 355907      982.9125   324     1329.0000      906.6032 45724806   31.78%
 429191 359931      996.6000   297     1329.0000      907.1039 46142345   31.75%
 435201 365213     1088.6667   309     1329.0000      907.1039 46733636   31.75%
Elapsed time = 1558.79 sec. (488900.44 ticks, tree = 35823.80 MB, solutions = 70)
Nodefile size = 35666.76 MB (26496.04 MB after compression)
 436185 366029     1239.6516   247     1329.0000      907.5957 46855744   31.71%
*438815 368317      integral     0     1322.0000      907.5957 47199749   31.35%
Found incumbent of value 1322.000000 after 1577.87 sec. (492724.24 ticks)
 440853 364867     1202.1667   214     1322.0000      907.8125 47426171   31.33%
                                                      Cuts: 2                  
*442318+366117                         1320.0000      907.8125 47589941   31.23%
Found incumbent of value 1320.000000 after 1587.97 sec. (497636.92 ticks)
 445456 367018     1124.2500   225     1320.0000      908.3333 47896496   31.19%
                                                    Covers: 1                  
 452017 372773     1035.4494   376     1320.0000      908.3333 48523592   31.19%
 454074 374494     1110.0000   191     1320.0000      909.0000 48739910   31.14%
                                                      Cuts: 5                  
*455217+375486                         1318.0000      909.0000 48856911   31.03%
Found incumbent of value 1318.000000 after 1629.23 sec. (507529.83 ticks)
 458213 375985     1178.5000   174     1318.0000      909.3333 49158283   31.01%
*458249+376019                         1278.0000      909.3333 49162268   28.85%
Found incumbent of value 1278.000000 after 1639.20 sec. (511285.87 ticks)
 462766 379952     1231.7692   202     1278.0000      909.3333 49640792   28.85%
 465041 325839     1100.2500   179     1278.0000      909.7671 49892584   28.81%
*465890+326570                         1258.0000      909.7671 49979868   27.68%
Found incumbent of value 1258.000000 after 1664.47 sec. (518536.27 ticks)
 469307 301588     1253.3333   309     1258.0000      910.2381 50370483   27.64%
Elapsed time = 1677.73 sec. (524141.08 ticks, tree = 29633.27 MB, solutions = 75)
Nodefile size = 29490.12 MB (21771.11 MB after compression)
 472251 304033     1072.5000   314     1258.0000      910.2381 50731515   27.64%
 476997 307969     1017.0000   261     1258.0000      910.8329 51305666   27.60%
 479376 309848     1130.0686   245     1258.0000      911.2500 51620568   27.56%
 482708 312600     1111.2687   421     1258.0000      911.2500 52137011   27.56%
 485801 315044     1183.6471   312     1258.0000      911.5725 52573286   27.54%
 489596 318110      938.7333   227     1258.0000      912.0347 53028553   27.50%
 493042 320934     1213.2500   171     1258.0000      912.5000 53409431   27.46%
 497828 324908     1107.2500   194     1258.0000      912.5000 53977272   27.46%
 500629 327193      970.4444   335     1258.0000      913.0000 54303085   27.42%
 504438 330279     1035.2433   362     1258.0000      913.5000 54744289   27.38%
Elapsed time = 1803.10 sec. (562828.03 ticks, tree = 32393.03 MB, solutions = 76)
Nodefile size = 32250.16 MB (23790.84 MB after compression)
 508074 333241     1134.7500   313     1258.0000      913.9495 55198162   27.35%
 513242 337508      976.1465   355     1258.0000      913.9495 55823075   27.35%
*514805+338759                         1248.0000      914.4492 56059179   26.73%
Found incumbent of value 1248.000000 after 1842.32 sec. (573518.85 ticks)
 515489 339297     1134.5431   365     1248.0000      914.4492 56154770   26.73%
 518537 328448      983.9181   319     1248.0000      914.7208 56552475   26.71%
*521982+331264                         1243.0000      914.7208 56985933   26.41%
Found incumbent of value 1243.000000 after 1866.20 sec. (580737.77 ticks)
 523228 325635     1019.1722   357     1243.0000      915.1667 57133444   26.37%
 526458 328303     1018.1118   362     1243.0000      915.1667 57647739   26.37%
 529024 330378     1144.3393   327     1243.0000      915.5833 58019459   26.34%
 533342 333858      941.3906   370     1243.0000      915.9769 58593365   26.31%
 536960 336806     1081.0900   324     1243.0000      916.4329 59025471   26.27%
 540624 339796     1111.6979   308     1243.0000      916.4329 59486065   26.27%
Elapsed time = 1937.73 sec. (604018.54 ticks, tree = 32973.69 MB, solutions = 78)
Nodefile size = 32820.15 MB (24166.06 MB after compression)
 543655 342167     1063.3750   276     1243.0000      916.8750 59875358   26.24%
 547209 345029     1148.5000   271     1243.0000      917.2593 60321533   26.21%
*549335+346725                         1239.0000      917.2593 60614540   25.97%
Found incumbent of value 1239.000000 after 1972.43 sec. (613298.40 ticks)
 550937 348039      988.6944   342     1239.0000      917.2593 60823503   25.97%
 553299 344884     1010.8333   307     1239.0000      917.6435 61125970   25.94%
 557456 348225     1068.3472   339     1239.0000      918.0781 61646759   25.90%
                                                  ZeroHalf: 1                  
 561733 351657     1168.2500   229     1239.0000      918.5422 62171088   25.86%
 565375 354605     1135.7500   294     1239.0000      918.5422 62626894   25.86%
 566711 355609      998.6667   312     1239.0000      918.8577 62796864   25.84%
                                                  ZeroHalf: 1                  
 570818 358974     1156.0000   213     1239.0000      918.9524 63462073   25.83%
 575162 362429      993.4684   328     1239.0000      919.6228 64002410   25.78%
Elapsed time = 2070.16 sec. (643947.91 ticks, tree = 35592.10 MB, solutions = 79)
Nodefile size = 35454.22 MB (26080.61 MB after compression)
 578574 365231     1197.0000   282     1239.0000      919.6228 64453867   25.78%
 582258 368194      978.0341   350     1239.0000      920.0000 64934990   25.75%
 584746 370076     1072.0638   344     1239.0000      920.3816 65278150   25.72%
 588291 372942     1018.7344   313     1239.0000      920.3816 65707738   25.72%
 592170 375980     1230.6667   150     1239.0000      920.8088 66180183   25.68%
 595091 378238     1025.7500   270     1239.0000      921.1667 66522946   25.65%
 599198 381626     1081.8952   384     1239.0000      921.1667 67036585   25.65%
 602213 383944     1103.2222   269     1239.0000      921.5799 67426447   25.62%
 605063 386145     1114.8143   283     1239.0000      921.8971 67806182   25.59%
 608706 389053     1086.5104   267     1239.0000      921.8971 68381795   25.59%
Elapsed time = 2196.49 sec. (682220.31 ticks, tree = 38200.51 MB, solutions = 79)
Nodefile size = 38062.24 MB (27964.87 MB after compression)
 611537 391259     1031.6306   365     1239.0000      922.2115 68756491   25.57%
 615548 394372     1085.9524   305     1239.0000      922.5833 69292577   25.54%
 619276 397342    infeasible           1239.0000      922.9054 69716637   25.51%
 622954 400337        cutoff           1239.0000      922.9054 70205076   25.51%
 626364 403031     1063.1146   327     1239.0000      923.2682 70602271   25.48%
 629486 405491     1211.6667   233     1239.0000      923.6812 70969073   25.45%
                                                  Impl Bds: 1                  
 633410 408642      953.1111   347     1239.0000      923.6812 71636771   25.45%
 635658 410386     1023.0000   298     1239.0000      923.9171 71944722   25.43%
                                                      Cuts: 5                  
 639792 413633      977.0625   276     1239.0000      924.2557 72466590   25.40%
                                                      Cuts: 2                  
 642874 416060     1028.2500   270     1239.0000      924.5436 72850693   25.38%
                                                  Impl Bds: 1                  
Elapsed time = 2327.45 sec. (721865.81 ticks, tree = 40736.05 MB, solutions = 79)
Nodefile size = 40600.50 MB (29762.70 MB after compression)
 647499 419841     1043.4169   398     1239.0000      924.5436 73399105   25.38%
 648849 420858        cutoff           1239.0000      924.9173 73592306   25.35%
 652751 423977      995.3935   429     1239.0000      925.0000 74255096   25.34%
 656761 427134        cutoff           1239.0000      925.3588 74838057   25.31%
 659929 429687     1073.5000   289     1239.0000      925.3588 75252309   25.31%
 664504 433283      987.7593   326     1239.0000      925.7647 75825343   25.28%
 667796 435819     1181.3333   231     1239.0000      926.1250 76208664   25.25%
 670920 438347     1058.8667   316     1239.0000      926.1250 76627477   25.25%
 673791 440572     1083.2500   283     1239.0000      926.4286 76987294   25.23%
 677062 443085      982.9444   363     1239.0000      926.7727 77409834   25.20%
Elapsed time = 2456.58 sec. (761453.36 ticks, tree = 43303.52 MB, solutions = 79)
Nodefile size = 43169.22 MB (31582.69 MB after compression)
 677465 443424     1136.2500   264     1239.0000      926.7727 77497528   25.20%
 683007 447860     1018.0000   216     1239.0000      926.8750 78330324   25.19%
 687960 451792     1196.8333   189     1239.0000      927.4206 78950931   25.15%
 691314 454363     1107.2500   293     1239.0000      927.7210 79371196   25.12%
 695547 457833     1056.5000   330     1239.0000      927.7210 79899251   25.12%
 698090 459816      982.4750   323     1239.0000      928.0741 80203509   25.09%
 701692 462628     1206.0000   198     1239.0000      928.3796 80651633   25.07%
                                                    Covers: 1                  
 705788 465967     1031.7778   322     1239.0000      928.3796 81139915   25.07%
 708493 468041     1051.1667   182     1239.0000      928.7115 81518766   25.04%
 711345 470306     1145.6250   275     1239.0000      928.8972 82012509   25.03%
Elapsed time = 2584.58 sec. (801093.66 ticks, tree = 45585.00 MB, solutions = 79)
Nodefile size = 45449.38 MB (33194.69 MB after compression)
 715060 473322     1074.5374   298     1239.0000      928.8972 82464879   25.03%
 719813 477093      974.0836   386     1239.0000      929.2647 83018257   25.00%
 722669 479307     1044.5760   369     1239.0000      929.5603 83370932   24.97%
                                                    Covers: 1                  
 726521 482423     1097.2609   294     1239.0000      929.5603 83842526   24.97%
 729278 484595     1132.0000   201     1239.0000      929.8649 84170894   24.95%
                                                  ZeroHalf: 3                  
 733174 487641     1059.2500   271     1239.0000      930.1565 84639063   24.93%
 735815 489786     1194.6000   258     1239.0000      930.1565 85056347   24.93%
 739389 492652     1206.3333   325     1239.0000      930.3808 85552401   24.91%
 744067 496336     1158.3333   241     1239.0000      930.6333 86131039   24.89%
 746869 498596     1047.1250   300     1239.0000      930.6333 86464671   24.89%
Elapsed time = 2710.76 sec. (839803.70 ticks, tree = 48022.15 MB, solutions = 79)
Nodefile size = 47874.33 MB (34908.97 MB after compression)
 750425 501444        cutoff           1239.0000      931.0000 86894148   24.86%
 754077 504337     1012.0000   336     1239.0000      931.2851 87347529   24.84%
 754740 504879     1043.0000   460     1239.0000      931.2851 87467575   24.84%
 760556 509522     1005.3571   351     1239.0000      931.4375 88328260   24.82%
 764777 512857     1200.4444   287     1239.0000      931.8152 88829847   24.79%
 767731 515169     1060.5000   210     1239.0000      932.0164 89170948   24.78%
 771854 518473     1149.3750   270     1239.0000      932.0164 89709319   24.78%
 774736 520739     1032.2500   246     1239.0000      932.3333 90064547   24.75%
 779306 524425     1097.5000   249     1239.0000      932.6515 90569077   24.73%
 779820 524855     1148.6667   449     1239.0000      932.6515 90679213   24.73%
Elapsed time = 2837.88 sec. (879790.34 ticks, tree = 50805.98 MB, solutions = 79)
Nodefile size = 50672.13 MB (36868.06 MB after compression)
 785653 529560     1029.3000   262     1239.0000      932.7500 91501127   24.72%
 789115 532257     1210.7250   244     1239.0000      933.1354 91940893   24.69%
 793970 536186      991.4000   190     1239.0000      933.1354 92518481   24.69%
 796160 537910     1092.1667   204     1239.0000      933.4519 92782385   24.66%
 799345 540396     1130.2500   282     1239.0000      933.7500 93189928   24.64%
 803523 543650     1164.9444   229     1239.0000      933.7500 93766303   24.64%
 804114 544058     1210.6667   270     1239.0000      933.9318 93876099   24.62%
 808975 547904     1003.6875   254     1239.0000      934.1333 94649900   24.61%
 813765 551738      986.5000   292     1239.0000      934.5220 95219638   24.57%
 816933 554291     1029.2500   340     1239.0000      934.5220 95614743   24.57%
Elapsed time = 2968.78 sec. (919469.66 ticks, tree = 53111.42 MB, solutions = 79)
Nodefile size = 52968.36 MB (38474.10 MB after compression)
 820746 557343     1138.9000   207     1239.0000      934.7949 96066943   24.55%
 824633 560447     1188.2833   264     1239.0000      935.1250 96525116   24.53%
 828835 563801     1122.2500   258     1239.0000      935.1250 97064163   24.53%
 831491 565901     1201.6667   140     1239.0000      935.3958 97451015   24.50%
 835064 568758     1201.3750   299     1239.0000      935.6111 98010288   24.49%
 837766 570921     1183.2606   241     1239.0000      935.6111 98352108   24.49%
 841267 573689     1043.6667   302     1239.0000      935.8000 98793970   24.47%
 845341 576928     1136.0000   287     1239.0000      936.0674 99255737   24.45%
                                                  ZeroHalf: 1                  
 850698 581268     1153.8154   321     1239.0000      936.0674 99860644   24.45%
 852398 582593      954.3407   370     1239.0000      936.3571 1.00e+08   24.43%
Elapsed time = 3096.21 sec. (958398.94 ticks, tree = 55834.15 MB, solutions = 79)
Nodefile size = 55698.51 MB (40378.61 MB after compression)
 855966 585476     1015.0588   352     1239.0000      936.5196 1.01e+08   24.41%
 859447 588306     1126.0000   278     1239.0000      936.5196 1.01e+08   24.41%
 863703 591699        cutoff           1239.0000      936.8333 1.02e+08   24.39%
 866702 594034     1051.2083   338     1239.0000      937.0694 1.02e+08   24.37%
 869998 596663     1224.8485   177     1239.0000      937.0694 1.02e+08   24.37%
 873377 599346      952.3601   494     1239.0000      937.2917 1.03e+08   24.35%
 876764 602029     1061.9531   346     1239.0000      937.4583 1.03e+08   24.34%
 878848 603681     1059.0076   341     1239.0000      937.4583 1.04e+08   24.34%
 883810 607612     1165.3333   298     1239.0000      937.7054 1.04e+08   24.32%
 887236 610327     1031.3122   318     1239.0000      938.0000 1.05e+08   24.29%
Elapsed time = 3220.92 sec. (996911.18 ticks, tree = 58231.60 MB, solutions = 79)
Nodefile size = 58099.73 MB (42042.60 MB after compression)
 891896 614064     1171.9167   242     1239.0000      938.0000 1.05e+08   24.29%
 893624 615440     1095.2000   317     1239.0000      938.2500 1.05e+08   24.27%
 896713 617882     1012.3664   359     1239.0000      938.3563 1.06e+08   24.27%
 899872 620440      993.3750   276     1239.0000      938.3563 1.06e+08   24.27%
 904005 623763     1187.4444   208     1239.0000      938.7081 1.07e+08   24.24%
 907888 626829     1173.5333   235     1239.0000      938.9759 1.07e+08   24.22%
 911760 629913     1210.2667   302     1239.0000      938.9759 1.08e+08   24.22%
 913770 631460     1230.6310   199     1239.0000      939.2000 1.08e+08   24.20%
 918804 635444     1041.9167   299     1239.0000      939.4524 1.09e+08   24.18%
 921642 637718      981.6235   492     1239.0000      939.4524 1.09e+08   24.18%
Elapsed time = 3348.86 sec. (1036951.51 ticks, tree = 60584.91 MB, solutions = 79)
Nodefile size = 60452.99 MB (43677.45 MB after compression)
 924648 640128     1118.6373   342     1239.0000      939.6083 1.10e+08   24.16%
 928857 643471     1125.7778   250     1239.0000      939.8636 1.10e+08   24.14%
 932804 646630     1000.6250   284     1239.0000      939.8636 1.10e+08   24.14%
 936136 649252     1004.3889   329     1239.0000      940.1164 1.11e+08   24.12%
 939831 652173     1056.8640   313     1239.0000      940.3576 1.11e+08   24.10%
 944137 655632     1225.0000   211     1239.0000      940.3576 1.12e+08   24.10%
 945830 656974     1170.8333   348     1239.0000      940.5750 1.12e+08   24.09%
 949926 660273     1058.6429   359     1239.0000      940.6719 1.13e+08   24.08%
 952215 662091     1128.0909   318     1239.0000      940.6719 1.13e+08   24.08%
*957025+665909                         1236.0000      941.0000 1.14e+08   23.87%
Found incumbent of value 1236.000000 after 3476.04 sec. (1075001.08 ticks)
 957394 666204     1005.0333   315     1236.0000      941.0000 1.14e+08   23.87%
Elapsed time = 3476.44 sec. (1076158.77 ticks, tree = 62906.28 MB, solutions = 79)
Nodefile size = 62767.89 MB (45278.37 MB after compression)
 960915 665052        cutoff           1236.0000      941.2500 1.14e+08   23.85%
 966586 669605      969.8453   349     1236.0000      941.2500 1.15e+08   23.85%
 967580 670379     1124.8022   285     1236.0000      941.5000 1.15e+08   23.83%
                                                  ZeroHalf: 1                  
 971432 673439     1043.7478   316     1236.0000      941.7083 1.15e+08   23.81%
 974569 675904     1230.4167   249     1236.0000      941.7083 1.16e+08   23.81%
 978358 678873     1097.2778   300     1236.0000      941.9717 1.16e+08   23.79%
 981635 681465     1193.5417   289     1236.0000      942.1436 1.17e+08   23.77%
 987220 685894     1226.3915   204     1236.0000      942.1436 1.17e+08   23.77%
 988211 686659     1006.8667   368     1236.0000      942.3571 1.17e+08   23.76%
 992247 689833     1013.5000   383     1236.0000      942.4762 1.18e+08   23.75%
Elapsed time = 3603.57 sec. (1115594.07 ticks, tree = 64993.01 MB, solutions = 80)
Nodefile size = 64859.35 MB (46695.31 MB after compression)
 995377 692351     1120.9000   384     1236.0000      942.4762 1.18e+08   23.75%
 1000243 696146     1086.9093   356     1236.0000      942.7172 1.19e+08   23.73%
 1003281 698525     1093.0000   179     1236.0000      942.9394 1.19e+08   23.71%
 1008156 702401     1153.8333   291     1236.0000      942.9394 1.20e+08   23.71%
 1009998 703835     1081.1111   441     1236.0000      943.1667 1.20e+08   23.69%
 1013643 706698     1186.0885   354     1236.0000      943.2500 1.21e+08   23.69%
 1017935 710149     1183.2500   250     1236.0000      943.2500 1.21e+08   23.69%
 1021727 713143      968.2450   382     1236.0000      943.5185 1.22e+08   23.66%
 1024637 715428     1105.3750   349     1236.0000      943.7440 1.22e+08   23.65%
 1029587 719398     1139.7133   217     1236.0000      943.7440 1.23e+08   23.65%
Elapsed time = 3736.01 sec. (1155183.33 ticks, tree = 67446.46 MB, solutions = 80)
Nodefile size = 67301.38 MB (48379.36 MB after compression)
 1032766 721892     1052.0204   358     1236.0000      943.9493 1.23e+08   23.63%
 1036985 725243     1014.1429   326     1236.0000      944.2000 1.24e+08   23.61%
                                                      Cuts: 2                  
 1038393 726364     1167.6250   424     1236.0000      944.2000 1.24e+08   23.61%
 1042942 729984     1105.1250   236     1236.0000      944.2865 1.24e+08   23.60%
                                                    Covers: 1                  
 1046548 732789      978.3500   333     1236.0000      944.5000 1.25e+08   23.58%
 1050802 736194     1149.5000   257     1236.0000      944.5000 1.25e+08   23.58%
 1054148 738854      989.8052   325     1236.0000      944.6667 1.26e+08   23.57%
 1057611 741592     1047.2500   340     1236.0000      944.9658 1.26e+08   23.55%
 1061394 744600     1101.0714   316     1236.0000      944.9658 1.27e+08   23.55%
 1064439 747041     1183.0606   257     1236.0000      945.1000 1.27e+08   23.54%
Elapsed time = 3868.01 sec. (1195692.27 ticks, tree = 70222.66 MB, solutions = 80)
Nodefile size = 70088.53 MB (50295.73 MB after compression)
 1069539 751118      984.6000   226     1236.0000      945.3750 1.28e+08   23.51%
 1072967 753836     1071.1667   351     1236.0000      945.3750 1.28e+08   23.51%
 1075176 755567     1151.8894   341     1236.0000      945.5000 1.28e+08   23.50%
 1079665 759181      964.4333   326     1236.0000      945.7222 1.29e+08   23.49%
 1082321 761279     1211.9182   178     1236.0000      945.7222 1.29e+08   23.49%
 1086052 764241     1164.5000   265     1236.0000      945.9722 1.30e+08   23.47%
 1090517 767756     1156.3333   258     1236.0000      946.1833 1.30e+08   23.45%
 1092804 769555     1106.8333   382     1236.0000      946.1833 1.31e+08   23.45%
 1095555 771699        cutoff           1236.0000      946.2788 1.31e+08   23.44%
 1100837 775852      983.9167   304     1236.0000      946.4762 1.32e+08   23.42%
Elapsed time = 4002.80 sec. (1235582.76 ticks, tree = 72650.49 MB, solutions = 80)
Nodefile size = 72516.55 MB (51961.62 MB after compression)
 1106164 780106     1092.5000   219     1236.0000      946.4762 1.32e+08   23.42%
 1109267 782505     1154.6667   164     1236.0000      946.6948 1.33e+08   23.41%
                                                  ZeroHalf: 1                  
 1112162 784741     1099.2368   356     1236.0000      946.9385 1.33e+08   23.39%
 1116232 787985     1047.5000   457     1236.0000      946.9385 1.34e+08   23.39%
 1118929 790161     1190.2500   271     1236.0000      947.0581 1.34e+08   23.38%
 1122410 792939     1225.3000   338     1236.0000      947.2500 1.34e+08   23.36%
 1125994 795780     1106.9000   273     1236.0000      947.2500 1.35e+08   23.36%
 1131135 799824     1003.9412   379     1236.0000      947.4808 1.35e+08   23.34%
 1134388 802341     1054.6667   210     1236.0000      947.6800 1.36e+08   23.33%
 1136949 804371     1031.8750   356     1236.0000      947.6800 1.36e+08   23.33%
Elapsed time = 4135.60 sec. (1275914.15 ticks, tree = 75147.53 MB, solutions = 80)
Nodefile size = 75015.85 MB (53679.85 MB after compression)
 1140943 807545     1187.2000   187     1236.0000      947.7793 1.37e+08   23.32%
                                                    Covers: 1                  
 1145773 811372      980.1562   331     1236.0000      948.0333 1.37e+08   23.30%
 1150126 814817     1196.0000   208     1236.0000      948.0333 1.38e+08   23.30%
 1152446 816637     1204.0833   307     1236.0000      948.2500 1.38e+08   23.28%
 1155052 818690     1023.7222   332     1236.0000      948.4000 1.38e+08   23.27%
 1160410 822928      985.9695   343     1236.0000      948.4000 1.39e+08   23.27%
 1161530 823775     1159.0000   373     1236.0000      948.5449 1.39e+08   23.26%
 1165292 826710     1101.6667   323     1236.0000      948.6667 1.40e+08   23.25%
                                                    Covers: 1                  
 1168148 828983     1079.9414   336     1236.0000      948.6667 1.40e+08   23.25%
 1172413 832330      988.4412   383     1236.0000      948.9125 1.41e+08   23.23%
Elapsed time = 4265.75 sec. (1314358.13 ticks, tree = 77530.47 MB, solutions = 80)
Nodefile size = 77393.53 MB (55311.00 MB after compression)
 1176765 835757     1118.2481   303     1236.0000      949.1141 1.41e+08   23.21%
                                                  ZeroHalf: 2                  
 1182678 840463     1227.1667   161     1236.0000      949.1141 1.42e+08   23.21%
 1184386 841773     1192.5000   176     1236.0000      949.3333 1.42e+08   23.19%
 1187388 844106     1028.6667   344     1236.0000      949.4250 1.43e+08   23.19%
 1189768 845971     1216.8333   242     1236.0000      949.4250 1.43e+08   23.19%
 1194117 849411     1188.3333   199     1236.0000      949.6038 1.43e+08   23.17%
 1198281 852647     1069.5000   298     1236.0000      949.8250 1.44e+08   23.15%
 1201609 855296     1134.2500   186     1236.0000      949.8250 1.44e+08   23.15%
 1205108 858039      986.8214   398     1236.0000      950.0000 1.45e+08   23.14%
 1210257 862118     1148.6667   270     1236.0000      950.1884 1.45e+08   23.12%
Elapsed time = 4402.77 sec. (1356210.76 ticks, tree = 80543.89 MB, solutions = 80)
Nodefile size = 80413.47 MB (57384.76 MB after compression)
 1215303 866102     1225.8485   222     1236.0000      950.1884 1.46e+08   23.12%
 1216434 866968     1103.6000   315     1236.0000      950.3824 1.46e+08   23.11%
 1220694 870303     1032.0077   400     1236.0000      950.4231 1.47e+08   23.10%
 1223925 872839     1017.6607   338     1236.0000      950.4231 1.47e+08   23.10%
 1227846 875877     1042.7857   314     1236.0000      950.6947 1.48e+08   23.08%
 1231468 878737      965.3692   362     1236.0000      950.8676 1.48e+08   23.07%
 1236849 883013     1075.9375   303     1236.0000      950.8676 1.49e+08   23.07%
 1238841 884518     1113.7353   257     1236.0000      951.0556 1.49e+08   23.05%
 1241640 886678     1074.9766   394     1236.0000      951.1667 1.49e+08   23.04%
 1245455 889702      990.8333   364     1236.0000      951.1667 1.50e+08   23.04%
Elapsed time = 4528.16 sec. (1395042.53 ticks, tree = 82417.39 MB, solutions = 80)
Nodefile size = 82274.70 MB (58656.45 MB after compression)
 1249992 893299     1012.1250   269     1236.0000      951.3667 1.50e+08   23.03%
 1253353 895946     1158.0250   348     1236.0000      951.5000 1.51e+08   23.02%
 1259186 900590     1011.6852   356     1236.0000      951.5000 1.51e+08   23.02%
 1260541 901662      992.8646   409     1236.0000      951.7163 1.52e+08   23.00%
 1264339 904657     1001.0887   402     1236.0000      951.8261 1.52e+08   22.99%
                                                  Impl Bds: 1                  
 1267659 907295     1070.0000   272     1236.0000      951.8261 1.53e+08   22.99%
 1271660 910491     1045.5000   170     1236.0000      952.0152 1.53e+08   22.98%
                                                  ZeroHalf: 1                  
 1275321 913361     1210.0333   168     1236.0000      952.2000 1.53e+08   22.96%
                                                  Impl Bds: 2                  
 1279897 917004     1160.5000   220     1236.0000      952.2000 1.54e+08   22.96%
 1282155 918788     1093.0439   425     1236.0000      952.3750 1.54e+08   22.95%
                                                  Impl Bds: 1                  
Elapsed time = 4665.59 sec. (1435270.59 ticks, tree = 85415.51 MB, solutions = 80)
Nodefile size = 85285.27 MB (60717.95 MB after compression)
 1286231 922023     1169.0256   359     1236.0000      952.4510 1.55e+08   22.94%
                                                      Cuts: 4                  
 1289218 924358     1028.2000   254     1236.0000      952.4510 1.55e+08   22.94%
 1293644 927858     1059.7560   225     1236.0000      952.6620 1.56e+08   22.92%
 1297813 931186     1106.7500   238     1236.0000      952.8420 1.56e+08   22.91%
 1302005 934550     1039.8750   303     1236.0000      952.8420 1.57e+08   22.91%
 1305047 936911     1109.5043   298     1236.0000      953.0272 1.57e+08   22.89%
 1306546 938106     1104.3333   287     1236.0000      953.0272 1.57e+08   22.89%
 1311491 941990     1011.7943   341     1236.0000      953.1250 1.58e+08   22.89%
 1314833 944611     1155.6667   227     1236.0000      953.3122 1.58e+08   22.87%
 1318801 947719     1061.3125   304     1236.0000      953.3122 1.59e+08   22.87%
Elapsed time = 4791.33 sec. (1474616.16 ticks, tree = 87437.10 MB, solutions = 80)
Nodefile size = 87292.49 MB (62089.58 MB after compression)
 1322610 950747        cutoff           1236.0000      953.5000 1.59e+08   22.86%
                                                    Covers: 1                  
 1325804 953277     1014.3346   333     1236.0000      953.6429 1.60e+08   22.84%
                                                    Covers: 1                  
 1330316 956865     1150.6667   197     1236.0000      953.6429 1.60e+08   22.84%
 1333475 959336     1068.6250   239     1236.0000      953.8167 1.61e+08   22.83%
 1337240 962321     1072.2692   274     1236.0000      953.9325 1.61e+08   22.82%
                                                  Impl Bds: 2                  
 1340213 964661     1187.0000   176     1236.0000      953.9325 1.62e+08   22.82%
 1344235 967798     1069.7379   362     1236.0000      954.1422 1.62e+08   22.80%
 1348421 971075     1143.5000   228     1236.0000      954.2969 1.62e+08   22.79%
                                                  Impl Bds: 1                  
 1350541 972736     1132.5000   405     1236.0000      954.2969 1.63e+08   22.79%
 1354379 975774     1099.0000   214     1236.0000      954.4000 1.63e+08   22.78%
Elapsed time = 4926.44 sec. (1514678.67 ticks, tree = 89834.94 MB, solutions = 80)
Nodefile size = 89699.80 MB (63735.33 MB after compression)
 1358223 978769     1004.0076   379     1236.0000      954.5556 1.64e+08   22.77%
                                                  Impl Bds: 1                  
 1362435 982104     1056.7778   169     1236.0000      954.5556 1.64e+08   22.77%
 1366470 985293      980.8523   337     1236.0000      954.7469 1.65e+08   22.76%
                                                  Impl Bds: 3                  
 1370419 988357     1014.3802   317     1236.0000      954.9143 1.65e+08   22.74%
                                                  ZeroHalf: 1                  
 1374490 991574     1082.6250   440     1236.0000      954.9143 1.66e+08   22.74%
 1376481 993109     1145.7703   419     1236.0000      955.0430 1.66e+08   22.73%
 1380120 996007     1045.0249   423     1236.0000      955.1045 1.67e+08   22.73%
 1383127 998405     1034.3333   229     1236.0000      955.1045 1.67e+08   22.73%
 1387368 1001731      975.7500   281     1236.0000      955.3500 1.67e+08   22.71%
 1392746 1006010     1138.0000   277     1236.0000      955.3500 1.68e+08   22.71%
Elapsed time = 5053.80 sec. (1555055.99 ticks, tree = 92280.74 MB, solutions = 80)
Nodefile size = 92130.80 MB (65398.96 MB after compression)
 1395071 1007826     1214.5722   196     1236.0000      955.5000 1.68e+08   22.69%
 1398049 1010164     1014.5909   377     1236.0000      955.6473 1.69e+08   22.68%
 1400850 1012401     1063.5000   250     1236.0000      955.6473 1.69e+08   22.68%
 1405152 1015771      979.9580   384     1236.0000      955.7500 1.70e+08   22.67%
 1409394 1019116      987.1765   302     1236.0000      955.9682 1.70e+08   22.66%
                                                    Covers: 1                  
 1413326 1022251     1112.5000   222     1236.0000      955.9682 1.71e+08   22.66%
 1417019 1025161     1000.0368   379     1236.0000      956.0672 1.71e+08   22.65%
 1421269 1028491     1086.6466   356     1236.0000      956.2500 1.71e+08   22.63%
                                                      Cuts: 2                  
 1423599 1030324     1105.8417   466     1236.0000      956.2500 1.72e+08   22.63%
 1428105 1033874      983.6853   416     1236.0000      956.3333 1.72e+08   22.63%
Elapsed time = 5187.84 sec. (1595459.49 ticks, tree = 94765.49 MB, solutions = 80)
Nodefile size = 94628.09 MB (67103.88 MB after compression)
 1431916 1036866     1112.0476   294     1236.0000      956.5000 1.73e+08   22.61%
 1436236 1040284      993.5455   285     1236.0000      956.5000 1.73e+08   22.61%
 1439324 1042693     1046.2273   315     1236.0000      956.6667 1.74e+08   22.60%
 1443000 1045537     1046.4208   322     1236.0000      956.8099 1.74e+08   22.59%
 1446648 1048362     1231.0238   248     1236.0000      956.8099 1.75e+08   22.59%
 1449378 1050490        cutoff           1236.0000      956.9688 1.75e+08   22.58%
 1453106 1053450     1032.7417   285     1236.0000      957.0226 1.76e+08   22.57%
 1455999 1055718     1153.4167   314     1236.0000      957.0226 1.76e+08   22.57%
 1460562 1059254     1192.2667   229     1236.0000      957.2222 1.76e+08   22.55%
 1464527 1062361     1135.7692   346     1236.0000      957.3964 1.77e+08   22.54%
Elapsed time = 5324.03 sec. (1635126.48 ticks, tree = 97600.22 MB, solutions = 80)
Nodefile size = 97469.78 MB (69049.77 MB after compression)
 1469453 1066286     1160.6667   272     1236.0000      957.3964 1.78e+08   22.54%
 1471827 1068164     1153.7000   324     1236.0000      957.5110 1.78e+08   22.53%
 1475725 1071198     1129.7500   288     1236.0000      957.6250 1.78e+08   22.52%
                                                  ZeroHalf: 1                  
 1478898 1073693     1179.8333   187     1236.0000      957.6250 1.79e+08   22.52%
 1482786 1076779     1155.0833   289     1236.0000      957.7451 1.79e+08   22.51%
 1486806 1079895     1022.8071   311     1236.0000      957.9000 1.80e+08   22.50%
 1491254 1083520     1055.2750   337     1236.0000      957.9000 1.80e+08   22.50%
 1494592 1086104     1067.7500   257     1236.0000      958.0500 1.81e+08   22.49%
 1497591 1088404      970.2727   330     1236.0000      958.0500 1.81e+08   22.49%
*1498012+1088753                         1231.0000      958.0500 1.81e+08   22.17%
Found incumbent of value 1231.000000 after 5440.15 sec. (1668518.38 ticks)
 1501645 1084223     1138.8846   302     1231.0000      958.1850 1.82e+08   22.16%
Elapsed time = 5454.11 sec. (1674341.58 ticks, tree = 99053.46 MB, solutions = 80)
Nodefile size = 98912.43 MB (69986.20 MB after compression)
 1504898 1086704     1208.0000   408     1231.0000      958.3518 1.82e+08   22.15%
 1507796 1088940     1059.9667   199     1231.0000      958.3518 1.83e+08   22.15%
 1511392 1091756     1115.4524   219     1231.0000      958.4286 1.83e+08   22.14%
 1515064 1094632     1108.2188   324     1231.0000      958.6111 1.83e+08   22.13%
 1518551 1097384     1183.5000   216     1231.0000      958.6111 1.84e+08   22.13%
 1522257 1100233     1026.4231   314     1231.0000      958.7500 1.84e+08   22.12%
 1525911 1103062     1026.8750   323     1231.0000      958.9125 1.85e+08   22.10%
 1528791 1105375     1069.1667   206     1231.0000      958.9125 1.85e+08   22.10%
 1532965 1108615      994.1000   333     1231.0000      959.0000 1.86e+08   22.10%
 1537173 1111899     1119.5000   227     1231.0000      959.1667 1.86e+08   22.08%
Elapsed time = 5581.80 sec. (1713229.97 ticks, tree = 101578.68 MB, solutions = 81)
Nodefile size = 101448.91 MB (71719.41 MB after compression)
 1541380 1115138     1031.5922   357     1231.0000      959.1667 1.87e+08   22.08%
 1543591 1116811     1110.2500   206     1231.0000      959.3125 1.87e+08   22.07%
 1548778 1120830      973.4167   263     1231.0000      959.4803 1.87e+08   22.06%
 1552388 1123665     1126.4655   316     1231.0000      959.4803 1.88e+08   22.06%
 1555226 1125807     1147.8015   263     1231.0000      959.5000 1.88e+08   22.06%
 1558955 1128672     1157.9167   270     1231.0000      959.7103 1.89e+08   22.04%
 1563542 1132234     1181.0000   203     1231.0000      959.7103 1.89e+08   22.04%
 1566397 1134433      989.3333   291     1231.0000      959.8598 1.90e+08   22.03%
 1570638 1137741      985.6351   325     1231.0000      960.0000 1.90e+08   22.01%
 1573598 1139982     1030.9167   332     1231.0000      960.0000 1.91e+08   22.01%
Elapsed time = 5714.01 sec. (1753081.83 ticks, tree = 103708.30 MB, solutions = 81)
Nodefile size = 103571.44 MB (73162.34 MB after compression)
 1576058 1141915     1043.3889   382     1231.0000      960.1429 1.91e+08   22.00%
 1581097 1145822     1054.3261   331     1231.0000      960.2194 1.92e+08   22.00%
 1586310 1149934      997.6667   310     1231.0000      960.2194 1.92e+08   22.00%
 1589065 1152093     1144.5000   187     1231.0000      960.4400 1.93e+08   21.98%
 1592367 1154617     1086.7000   298     1231.0000      960.5640 1.93e+08   21.97%
 1597510 1158606      966.4583   293     1231.0000      960.5640 1.94e+08   21.97%
 1600667 1161072     1037.5833   305     1231.0000      960.7000 1.94e+08   21.96%
 1604481 1164056      994.4286   318     1231.0000      960.7000 1.94e+08   21.96%
 1606217 1165382      970.1348   361     1231.0000      960.8125 1.95e+08   21.95%
 1609951 1168317     1026.2727   259     1231.0000      960.9286 1.95e+08   21.94%
Elapsed time = 5847.40 sec. (1792881.12 ticks, tree = 106021.54 MB, solutions = 81)
Nodefile size = 105886.53 MB (74740.48 MB after compression)
 1615269 1172465     1104.0500   233     1231.0000      961.0833 1.96e+08   21.93%
 1620738 1176716      968.5597   352     1231.0000      961.0833 1.96e+08   21.93%
 1622282 1177891     1074.7500   218     1231.0000      961.2541 1.97e+08   21.91%
 1625642 1180525     1055.8750   346     1231.0000      961.3333 1.97e+08   21.91%
 1629717 1183717     1140.7500   249     1231.0000      961.3333 1.98e+08   21.91%
 1633309 1186473     1097.6810   269     1231.0000      961.5000 1.98e+08   21.89%
 1637349 1189566     1062.0833   221     1231.0000      961.6250 1.99e+08   21.88%
 1642508 1193611     1178.0833   253     1231.0000      961.6250 1.99e+08   21.88%
 1644516 1195185     1112.5634   361     1231.0000      961.7778 1.99e+08   21.87%
 1647694 1197665     1074.9545   330     1231.0000      961.7778 2.00e+08   21.87%
Elapsed time = 5982.92 sec. (1833387.32 ticks, tree = 108657.48 MB, solutions = 81)
Nodefile size = 108527.55 MB (76544.25 MB after compression)
 1651003 1200207     1070.8500   370     1231.0000      961.8718 2.00e+08   21.86%
 1655171 1203437     1077.8393   326     1231.0000      962.0000 2.01e+08   21.85%
 1659817 1207000     1007.9559   375     1231.0000      962.1250 2.01e+08   21.84%
 1664617 1210791     1157.5000   195     1231.0000      962.1250 2.02e+08   21.84%
 1667309 1212895     1205.9879   275     1231.0000      962.2800 2.02e+08   21.83%
 1670356 1215217      990.4848   337     1231.0000      962.2800 2.03e+08   21.83%
 1673334 1217505     1158.0000   215     1231.0000      962.3651 2.03e+08   21.82%
 1678165 1221312     1143.4167   249     1231.0000      962.5040 2.04e+08   21.81%
 1681880 1224158     1050.8571   278     1231.0000      962.5040 2.04e+08   21.81%
 1684906 1226491      980.2375   344     1231.0000      962.6454 2.04e+08   21.80%
Elapsed time = 6119.70 sec. (1873088.78 ticks, tree = 111089.38 MB, solutions = 81)
Nodefile size = 110952.14 MB (78194.99 MB after compression)
 1688604 1229339     1116.2500   236     1231.0000      962.7857 2.05e+08   21.79%
 1692942 1232727     1101.2619   379     1231.0000      962.7857 2.06e+08   21.79%
 1695180 1234422        cutoff           1231.0000      962.8750 2.06e+08   21.78%
 1699074 1237510     1081.3600   344     1231.0000      963.0102 2.06e+08   21.77%
 1705029 1242231     1191.1667   194     1231.0000      963.0102 2.07e+08   21.77%
 1706819 1243628     1177.0000   217     1231.0000      963.1800 2.07e+08   21.76%
 1711682 1247438      993.1333   180     1231.0000      963.3088 2.08e+08   21.75%
 1714188 1249350     1216.1762   250     1231.0000      963.3088 2.08e+08   21.75%
 1717116 1251584     1187.0000   145     1231.0000      963.3571 2.08e+08   21.74%
 1722061 1255382     1189.0000   220     1231.0000      963.5123 2.09e+08   21.73%
                                                  ZeroHalf: 1                  
Elapsed time = 6250.73 sec. (1913146.11 ticks, tree = 113671.94 MB, solutions = 81)
Nodefile size = 113542.36 MB (79959.18 MB after compression)
 1725965 1258415     1152.3542   311     1231.0000      963.5123 2.09e+08   21.73%
 1729980 1261557     1048.5000   236     1231.0000      963.6667 2.10e+08   21.72%
 1734474 1265065     1174.8944   198     1231.0000      963.7778 2.10e+08   21.71%
 1736800 1266902     1058.8444   377     1231.0000      963.7778 2.11e+08   21.71%
 1740099 1269465     1151.0250   340     1231.0000      963.8538 2.11e+08   21.70%
 1744582 1272951     1052.2292   223     1231.0000      964.0000 2.12e+08   21.69%
 1748400 1275901      969.7440   286     1231.0000      964.0000 2.12e+08   21.69%
 1752425 1279036     1085.2000   221     1231.0000      964.1098 2.13e+08   21.68%
 1756739 1282407     1065.1667   281     1231.0000      964.2500 2.13e+08   21.67%
 1761555 1286153     1030.4000   280     1231.0000      964.2500 2.14e+08   21.67%
Elapsed time = 6393.61 sec. (1954076.52 ticks, tree = 116232.27 MB, solutions = 81)
Nodefile size = 116087.22 MB (81693.09 MB after compression)
 1762899 1287161     1119.6667   271     1231.0000      964.3667 2.14e+08   21.66%
 1766318 1289778     1071.8929   443     1231.0000      964.4236 2.14e+08   21.66%
                                                    Covers: 1                  
 1770226 1292836     1054.8802   338     1231.0000      964.4236 2.15e+08   21.66%
 1773603 1295416      981.5500   325     1231.0000      964.5577 2.15e+08   21.64%
 1777592 1298475     1111.6250   316     1231.0000      964.7000 2.16e+08   21.63%
 1783064 1302767     1134.0556   292     1231.0000      964.7000 2.16e+08   21.63%
 1785234 1304438      992.2594   403     1231.0000      964.8333 2.17e+08   21.62%
 1789111 1307454     1009.4412   304     1231.0000      964.8333 2.17e+08   21.62%
 1791646 1309428     1214.7500   232     1231.0000      964.9167 2.18e+08   21.62%
 1795914 1312704     1205.0000   196     1231.0000      965.0405 2.18e+08   21.61%
Elapsed time = 6518.58 sec. (1993358.49 ticks, tree = 118582.75 MB, solutions = 81)
Nodefile size = 118449.21 MB (83301.29 MB after compression)
 1801514 1317061     1013.9094   387     1231.0000      965.1907 2.19e+08   21.59%
 1805290 1320013     1047.4167   299     1231.0000      965.1907 2.19e+08   21.59%
 1809270 1323044     1086.5000   310     1231.0000      965.3162 2.20e+08   21.58%
 1812605 1325636     1215.3000   169     1231.0000      965.4359 2.20e+08   21.57%
 1813635 1326437     1193.8333   437     1231.0000      965.4359 2.20e+08   21.57%
 1818393 1330165     1189.7500   306     1231.0000      965.4667 2.21e+08   21.57%
 1823897 1334413     1051.6194   351     1231.0000      965.5833 2.21e+08   21.56%
 1827801 1337411     1089.8333   180     1231.0000      965.5833 2.22e+08   21.56%
 1831455 1340211     1127.3125   239     1231.0000      965.7500 2.22e+08   21.55%
 1835495 1343305     1167.1667   235     1231.0000      965.8750 2.23e+08   21.54%
Elapsed time = 6658.13 sec. (2035210.72 ticks, tree = 121442.58 MB, solutions = 81)
Nodefile size = 121312.25 MB (85252.42 MB after compression)
 1836171 1343848     1169.7557   159     1231.0000      965.8750 2.23e+08   21.54%
 1842443 1348754     1146.5714   107     1231.0000      965.8892 2.24e+08   21.54%
                                                  Impl Bds: 2                  
 1845868 1351398     1182.9556   330     1231.0000      966.0556 2.24e+08   21.52%
                                                      Cuts: 5                  
 1850371 1354886     1105.1250   350     1231.0000      966.0556 2.25e+08   21.52%
 1853680 1357409     1171.4375   326     1231.0000      966.2073 2.25e+08   21.51%
                                                      Cuts: 2                  
 1857959 1360707     1150.6667   195     1231.0000      966.2073 2.26e+08   21.51%
 1859955 1362238     1059.8125   350     1231.0000      966.3282 2.26e+08   21.50%
                                                  Impl Bds: 2                  
 1863578 1365007     1177.0500   214     1231.0000      966.4058 2.26e+08   21.49%
 1868900 1369137     1170.1250   222     1231.0000      966.4058 2.27e+08   21.49%
 1871536 1371127        cutoff           1231.0000      966.5417 2.27e+08   21.48%
Elapsed time = 6781.16 sec. (2073602.14 ticks, tree = 123422.81 MB, solutions = 81)
Nodefile size = 123286.44 MB (86594.25 MB after compression)
 1875819 1374428     1114.8750   261     1231.0000      966.6728 2.28e+08   21.47%
                                                    Covers: 2                  
 1877163 1375474     1065.8667   412     1231.0000      966.6728 2.28e+08   21.47%
 1881910 1379142     1003.0946   358     1231.0000      966.7500 2.29e+08   21.47%
 1886483 1382644     1120.5809   344     1231.0000      966.8750 2.29e+08   21.46%
 1890323 1385577     1117.0714   224     1231.0000      966.8750 2.30e+08   21.46%
 1894226 1388642     1046.0000   297     1231.0000      967.0000 2.30e+08   21.45%
 1898594 1392006     1054.0000   252     1231.0000      967.0625 2.31e+08   21.44%
 1899751 1392911     1222.0000   340     1231.0000      967.0625 2.31e+08   21.44%
 1905537 1397434     1050.6444   305     1231.0000      967.1131 2.32e+08   21.44%
 1909973 1400877     1159.1167   291     1231.0000      967.2778 2.32e+08   21.42%
Elapsed time = 6918.66 sec. (2114841.91 ticks, tree = 125966.29 MB, solutions = 81)
Nodefile size = 125836.01 MB (88327.15 MB after compression)
 1913872 1403885     1191.6667   176     1231.0000      967.2778 2.32e+08   21.42%
 1915935 1405474     1199.2304   233     1231.0000      967.3763 2.33e+08   21.42%
 1921363 1409695     1061.6818   284     1231.0000      967.5000 2.33e+08   21.41%
 1925508 1412885     1195.2333   272     1231.0000      967.5000 2.34e+08   21.41%
 1928896 1415526     1068.5000   250     1231.0000      967.6031 2.34e+08   21.40%
 1933208 1418835     1216.1167   187     1231.0000      967.7500 2.35e+08   21.39%
 1936948 1421779     1026.8482   324     1231.0000      967.7500 2.35e+08   21.39%
 1939046 1423358     1060.5000   285     1231.0000      967.8125 2.36e+08   21.38%
 1943162 1426528     1103.3000   292     1231.0000      967.9286 2.36e+08   21.37%
 1948378 1430651     1145.1806   273     1231.0000      967.9286 2.37e+08   21.37%
Elapsed time = 7053.68 sec. (2155234.14 ticks, tree = 128170.40 MB, solutions = 81)
Nodefile size = 128025.96 MB (89812.92 MB after compression)
 1951917 1433373     1219.0909   231     1231.0000      968.0455 2.37e+08   21.36%
 1955963 1436517     1007.0800   345     1231.0000      968.0455 2.37e+08   21.36%
 1958335 1438303     1073.6786   328     1231.0000      968.1875 2.38e+08   21.35%
 1961447 1440644     1150.9363   378     1231.0000      968.2500 2.38e+08   21.34%
                                                  ZeroHalf: 1                  
 1965722 1443956     1009.5000   312     1231.0000      968.2500 2.39e+08   21.34%
 1969364 1446789     1000.6250   309     1231.0000      968.3750 2.39e+08   21.33%
 1973184 1449776     1118.7302   308     1231.0000      968.4915 2.40e+08   21.32%
 1977472 1453081     1181.0000   300     1231.0000      968.4915 2.40e+08   21.32%
 1979707 1454802     1227.8788   319     1231.0000      968.5643 2.40e+08   21.32%
 1983932 1458067     1169.5500   240     1231.0000      968.6563 2.41e+08   21.31%
                                                    Covers: 1                  
Elapsed time = 7186.02 sec. (2194014.33 ticks, tree = 130720.79 MB, solutions = 81)
Nodefile size = 130591.03 MB (91555.10 MB after compression)
 1986759 1460273     1103.5628   316     1231.0000      968.6563 2.41e+08   21.31%
 1991140 1463627     1048.5000   205     1231.0000      968.7690 2.42e+08   21.30%
                                                    Covers: 1                  
 1996032 1467362     1047.0827   396     1231.0000      968.8867 2.42e+08   21.29%
 1998912 1469607     1156.5000   199     1231.0000      968.8867 2.43e+08   21.29%
 2003171 1472934     1155.9444   326     1231.0000      969.0000 2.43e+08   21.28%
 2006695 1475675     1066.9630   354     1231.0000      969.0093 2.44e+08   21.28%
 2010439 1478637     1033.0195   365     1231.0000      969.0093 2.44e+08   21.28%
 2014991 1482110     1055.0833   272     1231.0000      969.1752 2.45e+08   21.27%
 2018782 1484974     1143.0833   299     1231.0000      969.2963 2.45e+08   21.26%
 2022430 1487832     1137.6667   243     1231.0000      969.2963 2.46e+08   21.26%
Elapsed time = 7326.68 sec. (2234957.82 ticks, tree = 133175.40 MB, solutions = 81)
Nodefile size = 133035.14 MB (93214.29 MB after compression)
 2025305 1490018     1216.2637   204     1231.0000      969.3990 2.46e+08   21.25%
                                                    Covers: 1                  
 2029544 1493299     1009.2616   356     1231.0000      969.4809 2.47e+08   21.24%
                                                  ZeroHalf: 1                  
 2033529 1496371     1188.5714   286     1231.0000      969.4809 2.47e+08   21.24%
 2037073 1499073     1019.5250   327     1231.0000      969.5966 2.47e+08   21.24%
                                                  ZeroHalf: 1                  
 2041543 1502572     1143.4762   150     1231.0000      969.7193 2.48e+08   21.23%
 2046887 1506695      981.8963   362     1231.0000      969.7193 2.48e+08   21.23%
 2049023 1508327     1020.6000   427     1231.0000      969.8333 2.49e+08   21.22%
 2052299 1510843     1082.1905   422     1231.0000      969.8788 2.49e+08   21.21%
 2055849 1513608     1055.6875   245     1231.0000      969.8788 2.50e+08   21.21%
 2059971 1516746     1153.5000   206     1231.0000      970.0000 2.50e+08   21.20%
Elapsed time = 7467.86 sec. (2274954.34 ticks, tree = 135583.80 MB, solutions = 81)
Nodefile size = 135449.01 MB (94848.11 MB after compression)
 2064598 1520322     1087.1667   304     1231.0000      970.1200 2.51e+08   21.19%
 2069430 1524097     1064.9870   373     1231.0000      970.1200 2.51e+08   21.19%
 2072377 1526342     1223.4714   143     1231.0000      970.2500 2.52e+08   21.18%
 2075905 1529060     1186.0000   283     1231.0000      970.2500 2.52e+08   21.18%
 2077769 1530457     1060.6196   463     1231.0000      970.3667 2.52e+08   21.17%
 2082500 1534138     1123.4286   282     1231.0000      970.4000 2.53e+08   21.17%
 2087091 1537695     1198.5833   234     1231.0000      970.5328 2.53e+08   21.16%
 2091850 1541385     1078.6111   299     1231.0000      970.5328 2.54e+08   21.16%
 2094803 1543683     1077.0833   267     1231.0000      970.6290 2.54e+08   21.15%
 2099256 1547050     1008.3472   318     1231.0000      970.7500 2.55e+08   21.14%
Elapsed time = 7610.80 sec. (2317493.83 ticks, tree = 138606.03 MB, solutions = 81)
Nodefile size = 138475.90 MB (96906.03 MB after compression)
 2102550 1549539     1061.6667   256     1231.0000      970.7500 2.55e+08   21.14%
 2104375 1550914     1046.7188   361     1231.0000      970.7750 2.56e+08   21.14%
 2109064 1554522     1041.1429   343     1231.0000      970.9192 2.56e+08   21.13%
 2113893 1558272     1159.4167   223     1231.0000      970.9192 2.57e+08   21.13%
 2117448 1561000     1086.7000   263     1231.0000      971.0000 2.57e+08   21.12%
 2121817 1564327     1110.7917   208     1231.0000      971.1429 2.58e+08   21.11%
 2124428 1566366     1093.9548   461     1231.0000      971.1429 2.58e+08   21.11%
 2128850 1569773     1196.4500   170     1231.0000      971.2037 2.59e+08   21.10%
 2132652 1572695     1106.5450   288     1231.0000      971.3248 2.59e+08   21.09%
 2137629 1576523     1058.8438   316     1231.0000      971.3248 2.60e+08   21.09%
Elapsed time = 7747.52 sec. (2357625.06 ticks, tree = 140599.53 MB, solutions = 81)
Nodefile size = 140447.21 MB (98239.57 MB after compression)
 2140706 1578979     1189.0000   155     1231.0000      971.4500 2.60e+08   21.08%
 2145525 1582665     1214.8762   200     1231.0000      971.5455 2.60e+08   21.08%
 2148265 1584742     1120.1212   382     1231.0000      971.5455 2.61e+08   21.08%
 2151284 1587094     1052.1818   339     1231.0000      971.6258 2.61e+08   21.07%
 2155989 1590737     1182.0243   219     1231.0000      971.7500 2.62e+08   21.06%
 2159285 1593261     1030.9397   264     1231.0000      971.7500 2.62e+08   21.06%
 2161811 1595167     1186.4286   158     1231.0000      971.8265 2.63e+08   21.05%
 2167054 1599231     1069.9583   310     1231.0000      971.9444 2.63e+08   21.04%
 2168710 1600546     1076.8889   327     1231.0000      971.9444 2.63e+08   21.04%
 2173737 1604433     1134.2500   292     1231.0000      972.0000 2.64e+08   21.04%
Elapsed time = 7883.39 sec. (2398619.97 ticks, tree = 143100.89 MB, solutions = 81)
Nodefile size = 142967.28 MB (99949.82 MB after compression)
 2178211 1607880     1018.3814   384     1231.0000      972.0938 2.65e+08   21.03%
 2181571 1610472     1087.0625   321     1231.0000      972.0938 2.65e+08   21.03%
 2186340 1614174     1064.2000   292     1231.0000      972.2037 2.65e+08   21.02%
                                                  ZeroHalf: 1                  
 2191089 1617872     1004.7176   376     1231.0000      972.3214 2.66e+08   21.01%
 2192806 1619193     1131.1296   456     1231.0000      972.3214 2.66e+08   21.01%
 2197078 1622431      979.4000   195     1231.0000      972.3740 2.67e+08   21.01%
 2201851 1626182     1207.2692   179     1231.0000      972.5000 2.67e+08   21.00%
 2205307 1628805     1138.5000   226     1231.0000      972.5000 2.68e+08   21.00%
 2208805 1631526     1167.5000   178     1231.0000      972.5985 2.68e+08   20.99%
 2214112 1635631     1024.1944   309     1231.0000      972.6875 2.69e+08   20.98%
Elapsed time = 8028.19 sec. (2440156.16 ticks, tree = 146252.88 MB, solutions = 81)
Nodefile size = 146123.49 MB (102096.30 MB after compression)
 2216893 1637790     1073.3889   363     1231.0000      972.6875 2.69e+08   20.98%
 2219991 1640136      999.1705   348     1231.0000      972.7500 2.70e+08   20.98%
 2223510 1642825     1175.7500   244     1231.0000      972.8571 2.70e+08   20.97%
 2228182 1646437     1146.7500   270     1231.0000      972.8571 2.71e+08   20.97%
 2231186 1648784     1055.8333   207     1231.0000      972.9737 2.71e+08   20.96%
 2236719 1653088     1056.0769   328     1231.0000      973.0272 2.71e+08   20.96%
 2238551 1654445     1112.5143   440     1231.0000      973.0272 2.72e+08   20.96%
 2243625 1658354     1078.0000   343     1231.0000      973.1086 2.72e+08   20.95%
 2247931 1661640     1086.2500   264     1231.0000      973.2314 2.73e+08   20.94%
 2251927 1664675     1090.4211   297     1231.0000      973.2314 2.73e+08   20.94%
Elapsed time = 8163.88 sec. (2480538.96 ticks, tree = 148178.20 MB, solutions = 81)
Nodefile size = 148030.36 MB (103382.81 MB after compression)
 2256284 1668051     1016.6000   325     1231.0000      973.3333 2.74e+08   20.93%
 2260557 1671362    infeasible           1231.0000      973.4467 2.74e+08   20.92%
 2264683 1674553     1204.8333   245     1231.0000      973.4467 2.75e+08   20.92%
 2267170 1676444     1047.6875   349     1231.0000      973.5000 2.75e+08   20.92%
 2271392 1679712     1041.4359   311     1231.0000      973.5983 2.76e+08   20.91%
                                                  Impl Bds: 1                  
 2275922 1683206     1031.5903   366     1231.0000      973.5983 2.76e+08   20.91%
 2277893 1684694     1003.6667   347     1231.0000      973.6987 2.76e+08   20.90%
                                                  Impl Bds: 2                  
 2281738 1687665     1133.0000   255     1231.0000      973.7500 2.77e+08   20.90%
                                                  ZeroHalf: 1                  
 2284847 1690066     1051.1667   299     1231.0000      973.7500 2.77e+08   20.90%
 2288556 1692874     1126.8990   335     1231.0000      973.8636 2.78e+08   20.89%
Elapsed time = 8301.74 sec. (2520646.28 ticks, tree = 150777.42 MB, solutions = 81)
Nodefile size = 150642.03 MB (105155.57 MB after compression)
 2292640 1695972     1167.6500   329     1231.0000      973.9803 2.78e+08   20.88%
                                                    Covers: 1                  
 2297694 1699844     1108.6944   297     1231.0000      973.9803 2.79e+08   20.88%
 2300826 1702220     1174.4167   236     1231.0000      974.0385 2.79e+08   20.87%
 2305759 1706022     1186.5333   199     1231.0000      974.0385 2.80e+08   20.87%
 2306439 1706549     1190.3300   466     1231.0000      974.1667 2.80e+08   20.86%
 2310012 1709268     1206.6667   275     1231.0000      974.1875 2.81e+08   20.86%
 2314237 1712530      992.7059   290     1231.0000      974.1875 2.81e+08   20.86%
 2318105 1715522     1023.2237   459     1231.0000      974.3235 2.81e+08   20.85%
 2321866 1718357     1057.5000   260     1231.0000      974.4167 2.82e+08   20.84%
                                                  ZeroHalf: 1                  
 2328268 1723263     1031.8357   265     1231.0000      974.4167 2.83e+08   20.84%
Elapsed time = 8438.98 sec. (2559943.48 ticks, tree = 153395.72 MB, solutions = 81)
Nodefile size = 153245.69 MB (106921.69 MB after compression)
 2329170 1723953     1010.4878   558     1231.0000      974.5000 2.83e+08   20.84%
 2333215 1727034     1052.4133   473     1231.0000      974.5250 2.83e+08   20.83%
 2336031 1729159     1003.4833   371     1231.0000      974.5250 2.84e+08   20.83%
 2341269 1733236     1130.6667   169     1231.0000      974.6667 2.84e+08   20.82%
 2345600 1736526     1050.5088   325     1231.0000      974.7879 2.85e+08   20.81%
 2350080 1739947     1054.9683   308     1231.0000      974.7879 2.85e+08   20.81%
 2352219 1741574     1202.0239   302     1231.0000      974.8958 2.85e+08   20.80%
 2356013 1744517     1121.6074   338     1231.0000      974.9748 2.86e+08   20.80%
 2360775 1748180     1041.8571   357     1231.0000      974.9748 2.86e+08   20.80%
 2364601 1751098     1101.6000   325     1231.0000      975.0000 2.87e+08   20.80%
Elapsed time = 8578.09 sec. (2600521.41 ticks, tree = 156037.92 MB, solutions = 81)
Nodefile size = 155902.85 MB (108715.13 MB after compression)
 2369851 1755149     1057.4375   331     1231.0000      975.1515 2.87e+08   20.78%
 2372409 1757104     1047.3824   242     1231.0000      975.1515 2.88e+08   20.78%
 2376504 1760250      993.8378   322     1231.0000      975.2195 2.88e+08   20.78%
 2381139 1763801     1027.2083   360     1231.0000      975.3333 2.89e+08   20.77%
 2383730 1765757     1164.6667   209     1231.0000      975.3333 2.89e+08   20.77%
 2387911 1768965     1216.0000   194     1231.0000      975.4000 2.90e+08   20.76%
 2392392 1772414     1222.7000   211     1231.0000      975.5000 2.90e+08   20.76%
 2397989 1776737     1148.7500   248     1231.0000      975.5000 2.91e+08   20.76%
 2399502 1777874     1018.0781   352     1231.0000      975.5714 2.91e+08   20.75%
 2404114 1781357      987.2857   324     1231.0000      975.5714 2.92e+08   20.75%
Elapsed time = 8713.49 sec. (2641367.27 ticks, tree = 158470.13 MB, solutions = 81)
Nodefile size = 158325.96 MB (110359.09 MB after compression)
 2405701 1782557      990.0417   302     1231.0000      975.6667 2.92e+08   20.74%
 2409709 1785656     1049.2500   294     1231.0000      975.7143 2.92e+08   20.74%
 2414668 1789428     1017.0833   212     1231.0000      975.8333 2.93e+08   20.73%
                                                    Covers: 1                  
 2419226 1792906     1020.0909   316     1231.0000      975.8333 2.94e+08   20.73%
 2421451 1794597     1090.2000   221     1231.0000      975.9038 2.94e+08   20.72%
                                                    Covers: 1                  
 2426853 1798763     1118.1250   308     1231.0000      975.9038 2.94e+08   20.72%
 2428435 1799987     1136.4118   363     1231.0000      976.0000 2.95e+08   20.71%
 2432465 1803073     1009.7304   497     1231.0000      976.0556 2.95e+08   20.71%
 2436930 1806498     1078.0000   220     1231.0000      976.0556 2.96e+08   20.71%
 2440817 1809493     1027.2500   248     1231.0000      976.1538 2.96e+08   20.70%
                                                      Cuts: 2                  
Elapsed time = 8851.16 sec. (2681441.66 ticks, tree = 160846.25 MB, solutions = 81)
Nodefile size = 160706.84 MB (111967.66 MB after compression)
 2444426 1812268     1064.2083   331     1231.0000      976.2500 2.97e+08   20.69%
                                                    Covers: 2                  
 2448810 1815680     1151.8167   143     1231.0000      976.2500 2.97e+08   20.69%
 2450453 1816902     1027.0000   296     1231.0000      976.3379 2.97e+08   20.69%
 2454415 1819955     1022.4141   432     1231.0000      976.3750 2.98e+08   20.68%
 2459567 1824010     1144.9333   203     1231.0000      976.3750 2.98e+08   20.68%
 2462929 1826582     1093.3529   334     1231.0000      976.5000 2.99e+08   20.67%
 2467027 1829679     1118.0000   204     1231.0000      976.5833 2.99e+08   20.67%
 2472504 1833938     1152.0000   217     1231.0000      976.5833 3.00e+08   20.67%
 2474488 1835443     1139.3750   310     1231.0000      976.6875 3.00e+08   20.66%
 2479284 1839131     1163.3750   223     1231.0000      976.6875 3.01e+08   20.66%
Elapsed time = 8990.43 sec. (2721275.69 ticks, tree = 163454.98 MB, solutions = 81)
Nodefile size = 163316.24 MB (113737.41 MB after compression)
 2480474 1840000     1142.1667   272     1231.0000      976.7500 3.01e+08   20.65%
 2484211 1842897     1213.4500   242     1231.0000      976.8030 3.01e+08   20.65%
 2488134 1845885     1034.9167   352     1231.0000      976.8030 3.02e+08   20.65%
 2491929 1848756        cutoff           1231.0000      976.9167 3.02e+08   20.64%
 2496202 1852069     1007.2500   280     1231.0000      977.0000 3.03e+08   20.63%
 2502469 1856915     1019.6786   298     1231.0000      977.0000 3.03e+08   20.63%
 2503752 1857903     1056.1250   366     1231.0000      977.0935 3.04e+08   20.63%
 2505915 1859586     1024.3667   332     1231.0000      977.0935 3.04e+08   20.63%
 2510459 1863013     1040.5000   232     1231.0000      977.1370 3.04e+08   20.62%
 2514790 1866337     1212.9487   184     1231.0000      977.2500 3.05e+08   20.61%
Elapsed time = 9126.19 sec. (2760102.79 ticks, tree = 165844.83 MB, solutions = 81)
Nodefile size = 165711.81 MB (115355.56 MB after compression)
 2519930 1870342     1063.0000   255     1231.0000      977.2500 3.05e+08   20.61%
 2523148 1872819     1037.3336   377     1231.0000      977.3333 3.06e+08   20.61%
 2526849 1875635     1039.5000   183     1231.0000      977.4386 3.06e+08   20.60%
                                                    Covers: 1                  
 2529964 1878066     1200.2000   166     1231.0000      977.4386 3.07e+08   20.60%
 2533652 1880920     1073.6000   294     1231.0000      977.5000 3.07e+08   20.59%
 2537912 1884147     1040.2143   317     1231.0000      977.5833 3.08e+08   20.59%
 2541752 1887059     1065.8894   297     1231.0000      977.5833 3.08e+08   20.59%
 2544008 1888793     1014.0000   379     1231.0000      977.6667 3.08e+08   20.58%
 2548205 1892018     1153.3000   296     1231.0000      977.7179 3.09e+08   20.58%
                                                    Covers: 1                  
 2551381 1894483     1148.3333   197     1231.0000      977.7179 3.09e+08   20.58%
Elapsed time = 9257.20 sec. (2799572.46 ticks, tree = 167901.09 MB, solutions = 81)
Nodefile size = 167762.54 MB (116743.27 MB after compression)
 2555706 1897784     1157.2500   193     1231.0000      977.8333 3.10e+08   20.57%
 2560565 1901495     1055.4286   278     1231.0000      977.9232 3.10e+08   20.56%
                                                    Covers: 1                  
 2566815 1906385     1137.0000   274     1231.0000      977.9232 3.11e+08   20.56%
 2568433 1907656     1048.0000   388     1231.0000      978.0000 3.11e+08   20.55%
 2571741 1910139     1120.8125   306     1231.0000      978.0185 3.12e+08   20.55%
 2575260 1912870     1214.5750   265     1231.0000      978.0185 3.12e+08   20.55%
 2579834 1916354     1148.7333   216     1231.0000      978.1522 3.13e+08   20.54%
 2583738 1919323        cutoff           1231.0000      978.1522 3.13e+08   20.54%
 2586429 1921324     1179.8333   243     1231.0000      978.2400 3.13e+08   20.53%
 2589579 1923707     1222.0926   113     1231.0000      978.3106 3.14e+08   20.53%
Elapsed time = 9401.05 sec. (2839501.21 ticks, tree = 170997.64 MB, solutions = 81)
Nodefile size = 170868.63 MB (118845.78 MB after compression)
 2596535 1929167     1016.1042   289     1231.0000      978.3106 3.14e+08   20.53%
 2597404 1929797     1036.5000   439     1231.0000      978.4167 3.15e+08   20.52%
 2601459 1932940     1166.7045   313     1231.0000      978.5000 3.15e+08   20.51%
 2605243 1935884     1109.3201   279     1231.0000      978.5000 3.16e+08   20.51%
 2608969 1938734     1035.9271   343     1231.0000      978.5714 3.16e+08   20.51%
 2613580 1942205     1082.9000   287     1231.0000      978.5714 3.16e+08   20.51%
 2614536 1942945     1173.7667   259     1231.0000      978.6667 3.17e+08   20.50%
 2619598 1946821     1049.4000   241     1231.0000      978.6987 3.17e+08   20.50%
 2624077 1950237        cutoff           1231.0000      978.7955 3.18e+08   20.49%
 2629355 1954293     1023.8750   344     1231.0000      978.7955 3.18e+08   20.49%
Elapsed time = 9537.30 sec. (2879389.53 ticks, tree = 173015.27 MB, solutions = 81)
Nodefile size = 172866.42 MB (120195.40 MB after compression)
 2632268 1956528     1094.2500   313     1231.0000      978.9000 3.19e+08   20.48%
 2638097 1961096     1203.8000   225     1231.0000      978.9000 3.19e+08   20.48%
 2639817 1962401     1224.8556   309     1231.0000      979.0000 3.20e+08   20.47%
 2642416 1964357     1154.0000   267     1231.0000      979.0086 3.20e+08   20.47%
 2645552 1966749     1171.9375   317     1231.0000      979.0086 3.20e+08   20.47%
 2650275 1970340     1196.5000   243     1231.0000      979.1218 3.21e+08   20.46%
 2654270 1973427     1208.6250   206     1231.0000      979.2000 3.21e+08   20.45%
 2658526 1976688     1199.9143   166     1231.0000      979.2000 3.22e+08   20.45%
 2661551 1978971     1117.6667   313     1231.0000      979.2824 3.22e+08   20.45%
 2664747 1981399     1171.0000   200     1231.0000      979.2824 3.23e+08   20.45%
Elapsed time = 9672.18 sec. (2919120.61 ticks, tree = 175757.90 MB, solutions = 81)
Nodefile size = 175628.75 MB (122067.71 MB after compression)
 2668192 1984004     1212.8333   240     1231.0000      979.3333 3.23e+08   20.44%
 2672060 1986921     1046.9863   312     1231.0000      979.4224 3.23e+08   20.44%
                                                  ZeroHalf: 1                  
 2678287 1991697     1018.2500   219     1231.0000      979.4224 3.24e+08   20.44%
 2680680 1993495     1124.1954   316     1231.0000      979.5000 3.24e+08   20.43%
 2683695 1995769     1047.7167   310     1231.0000      979.5833 3.25e+08   20.42%
 2685430 1997117     1107.7500   209     1231.0000      979.5833 3.25e+08   20.42%
 2688237 1999298     1179.4583   372     1231.0000      979.6250 3.25e+08   20.42%
 2688381 1999422     1164.8611   234     1231.0000      979.6250 3.25e+08   20.42%
 2693243 2003154     1092.8333   290     1231.0000      979.6611 3.26e+08   20.42%
 2693932 2003702     1040.1818   296     1231.0000      979.6611 3.26e+08   20.42%
Elapsed time = 9816.96 sec. (2972421.66 ticks, tree = 177662.45 MB, solutions = 81)
Nodefile size = 177526.57 MB (123346.27 MB after compression)
 2694956 2004463     1163.2667   155     1231.0000      979.6611 3.26e+08   20.42%
 2697045 2005997     1172.3333   302     1231.0000      979.7083 3.26e+08   20.41%
 2699749 2008086     1029.6500   269     1231.0000      979.7083 3.27e+08   20.41%
 2701669 2009556     1185.6667   289     1231.0000      979.7604 3.27e+08   20.41%
 2702202 2009983     1206.0392   164     1231.0000      979.7604 3.27e+08   20.41%
 2705411 2012389     1164.8236   298     1231.0000      979.8229 3.28e+08   20.40%
 2706698 2013363     1009.8417   311     1231.0000      979.8229 3.28e+08   20.40%
 2709571 2015591     1100.8478   312     1231.0000      979.8370 3.28e+08   20.40%
                                                    Covers: 1                  
 2709897 2015832     1045.5065   363     1231.0000      979.8370 3.28e+08   20.40%
 2713833 2018855     1109.5104   336     1231.0000      979.9667 3.28e+08   20.39%
Elapsed time = 9997.29 sec. (3080365.50 ticks, tree = 179104.72 MB, solutions = 81)
Nodefile size = 178976.01 MB (124324.24 MB after compression)
 2715337 2020008     1132.4167   288     1231.0000      979.9667 3.29e+08   20.39%
 2717950 2022017     1093.1250   245     1231.0000      980.0000 3.29e+08   20.39%
 2720534 2023968     1198.7500   257     1231.0000      980.0000 3.29e+08   20.39%
 2722093 2025179     1168.8333   239     1231.0000      980.0000 3.29e+08   20.39%
 2722345 2025381     1220.0833   308     1231.0000      980.0000 3.29e+08   20.39%
 2725949 2028093     1025.0000   181     1231.0000      980.0833 3.30e+08   20.38%
 2726000 2028137     1071.3333   185     1231.0000      980.0833 3.30e+08   20.38%
 2729150 2030490     1078.9375   326     1231.0000      980.1667 3.30e+08   20.38%
 2729544 2030791     1220.5000   251     1231.0000      980.1667 3.30e+08   20.38%
 2730158 2031261     1210.0159   263     1231.0000      980.1667 3.30e+08   20.38%
Elapsed time = 10151.50 sec. (3165061.08 ticks, tree = 180000.24 MB, solutions = 81)
Nodefile size = 179864.71 MB (124926.23 MB after compression)
 2733281 2033624     1124.6071   298     1231.0000      980.2041 3.31e+08   20.37%
 2733571 2033858     1202.2222   221     1231.0000      980.2041 3.31e+08   20.37%
 2733882 2034096     1102.6250   285     1231.0000      980.2041 3.31e+08   20.37%
 2734574 2034637     1154.1875   267     1231.0000      980.2041 3.31e+08   20.37%
 2737518 2036885     1218.5000   219     1231.0000      980.2500 3.31e+08   20.37%
 2737901 2037182     1159.4167   221     1231.0000      980.2500 3.31e+08   20.37%
 2738241 2037450     1078.1364   320     1231.0000      980.2500 3.31e+08   20.37%
 2738640 2037774     1023.8750   315     1231.0000      980.2500 3.31e+08   20.37%
 2739915 2038735     1014.9000   331     1231.0000      980.2500 3.32e+08   20.37%
 2741039 2039553     1125.5000   222     1231.0000      980.2738 3.32e+08   20.37%
Elapsed time = 10279.88 sec. (3245180.14 ticks, tree = 180659.33 MB, solutions = 81)
Nodefile size = 180527.93 MB (125375.37 MB after compression)
 2742154 2040412     1216.7000   287     1231.0000      980.2738 3.32e+08   20.37%
 2745084 2042649     1091.6667   283     1231.0000      980.3737 3.32e+08   20.36%
 2745782 2043185     1183.9643   215     1231.0000      980.3737 3.32e+08   20.36%
 2748954 2045597     1200.9714   192     1231.0000      980.3737 3.33e+08   20.36%
 2749070 2045690     1119.9167   218     1231.0000      980.3737 3.33e+08   20.36%
 2752485 2048316     1088.9647   293     1231.0000      980.4583 3.33e+08   20.35%
 2756416 2051341     1160.0000   193     1231.0000      980.4583 3.33e+08   20.35%
 2758069 2052602     1066.7667   360     1231.0000      980.4583 3.34e+08   20.35%
 2759945 2054040     1041.0000   181     1231.0000      980.5603 3.34e+08   20.34%
 2760988 2054841     1077.4444   200     1231.0000      980.5603 3.34e+08   20.34%
Elapsed time = 10481.94 sec. (3354728.02 ticks, tree = 181950.16 MB, solutions = 81)
Nodefile size = 181810.51 MB (126239.67 MB after compression)
 2761485 2055201     1031.5000   256     1231.0000      980.5603 3.34e+08   20.34%
 2764802 2057737     1097.5000   181     1231.0000      980.6250 3.35e+08   20.34%
 2765250 2058070     1003.3611   206     1231.0000      980.6250 3.35e+08   20.34%
 2768196 2060291     1071.6424   222     1231.0000      980.6667 3.35e+08   20.34%
 2768339 2060406     1152.0000   287     1231.0000      980.6667 3.35e+08   20.34%
 2769956 2061679     1169.1667   172     1231.0000      980.6667 3.35e+08   20.34%
 2772259 2063342     1006.0000   169     1231.0000      980.6667 3.35e+08   20.34%
 2772642 2063629     1151.2024   256     1231.0000      980.6667 3.35e+08   20.34%
 2774743 2065255     1089.3333   211     1231.0000      980.6667 3.36e+08   20.34%
 2776371 2066510     1155.6944   253     1231.0000      980.7667 3.36e+08   20.33%
Elapsed time = 10605.77 sec. (3427790.16 ticks, tree = 183270.26 MB, solutions = 81)
Nodefile size = 183140.81 MB (127140.73 MB after compression)
 2776490 2066595     1065.8000   331     1231.0000      980.7667 3.36e+08   20.33%
 2780204 2069408     1060.0000   291     1231.0000      980.8298 3.36e+08   20.32%
 2780594 2069700     1106.0833   271     1231.0000      980.8298 3.36e+08   20.32%
 2783197 2071661     1227.1000   311     1231.0000      980.9015 3.37e+08   20.32%
 2784396 2072573     1195.6627   357     1231.0000      980.9015 3.37e+08   20.32%
 2787091 2074685     1122.8000   287     1231.0000      980.9286 3.37e+08   20.31%
 2789729 2076789     1120.2333   214     1231.0000      980.9286 3.37e+08   20.31%
 2790559 2077402     1086.0000   242     1231.0000      980.9595 3.37e+08   20.31%

GUB cover cuts applied:  1
Cover cuts applied:  39
Implied bound cuts applied:  46
Zero-half cuts applied:  267
Gomory fractional cuts applied:  11

Root node processing (before b&c):
  Real time             =    6.36 sec. (3620.04 ticks)
Parallel b&c, 32 threads:
  Real time             = 10798.06 sec. (3547142.49 ticks)
  Sync time (average)   =    2.12 sec.
  Wait time (average)   =    0.00 sec.
                          ------------
Total (root+branch&cut) = 10804.42 sec. (3550762.53 ticks)


Solution status: Feasible
Execution time: 10804.8 sec
Gap: 0.20309
