Sat Jul 14 02:58:20 2018

Tried aggregator 2 times.
MIP Presolve eliminated 10580 rows and 121 columns.
Aggregator did 380 substitutions.
Reduced MIP has 11086 rows, 3988 columns, and 42576 nonzeros.
Reduced MIP has 3988 binaries, 0 generals, 0 SOSs, and 0 indicators.
Presolve time = 0.08 sec. (59.60 ticks)
Probing time = 0.01 sec. (2.68 ticks)
Tried aggregator 1 time.
Presolve time = 0.03 sec. (19.58 ticks)
Probing time = 0.01 sec. (2.68 ticks)
Clique table members: 21334.
MIP emphasis: balance optimality and feasibility.
MIP search method: dynamic search.
Parallel mode: deterministic, using up to 32 threads.
Root relaxation solution time = 1.04 sec. (352.70 ticks)

        Nodes                                         Cuts/
   Node  Left     Objective  IInf  Best Integer    Best Bound    ItCnt     Gap

      0     0      692.0000   472                    692.0000     2081         
      0     0      695.9642   542                    Cuts: 19     3003         
      0     0      720.2524   494                    Cuts: 32     3871         
      0     0      732.6353   530                    Cuts: 40     4362         
      0     0      759.1294   524                ZeroHalf: 37     5410         
      0     0      766.9676   560                    Cuts: 43     6011         
      0     0      770.7887   601                ZeroHalf: 48     6315         
      0     0      772.2830   576                    Cuts: 30     6665         
      0     0      772.9876   591                    Cuts: 31     6861         
      0     0      774.1033   578                    Cuts: 18     7055         
      0     0      774.7494   592                ZeroHalf: 27     7334         
      0     0      775.5526   604                    Cuts: 18     7624         
      0     0      775.8089   608                ZeroHalf: 18     7761         
      0     0      775.9232   608                    Cuts: 19     7864         
      0     0      777.0751   599                ZeroHalf: 16     8095         
      0     0      778.0421   593                    Cuts: 36     8250         
      0     0      778.0421   611                 ZeroHalf: 7     8316         
      0     0      778.0421   614                 ZeroHalf: 5     8362         
*     0+    0                         2016.0000      778.0421     8362   61.41%
Found incumbent of value 2016.000000 after 10.12 sec. (5627.98 ticks)
      0     2      778.0421   605     2016.0000      778.0421     8362   61.41%
Elapsed time = 11.66 sec. (6070.15 ticks, tree = 0.01 MB, solutions = 1)
      2     4      779.2368   605     2016.0000      778.0421    10348   61.41%
      3     5      805.7144   533     2016.0000      779.2925    13679   61.34%
      6     8      790.7878   553     2016.0000      779.2925    16095   61.34%
      9    11      795.4233   550     2016.0000      783.0934    19187   61.16%
                                                     Cuts: 11                  
     12    14      837.4237   515     2016.0000      783.0934    25787   61.16%
     14    16      810.1773   518     2016.0000      783.0934    30941   61.16%
     17    19      890.6176   470     2016.0000      783.0934    37306   61.16%
     20    22      808.1768   509     2016.0000      783.0934    42148   61.16%
                                                  Impl Bds: 3                  
     24    26      906.5054   533     2016.0000      783.0934    49133   61.16%
     28    30      908.8511   537     2016.0000      783.0934    54415   61.16%
Elapsed time = 22.41 sec. (13064.31 ticks, tree = 0.01 MB, solutions = 1)
     32    34      914.3881   546     2016.0000      783.0934    59851   61.16%
     44    46      846.0212   552     2016.0000      783.0934    75661   61.16%
                                                  ZeroHalf: 8                  
     45    47      903.6560   467     2016.0000      783.0934    78382   61.16%
     65    67      823.7709   511     2016.0000      783.0934    95348   61.16%
                                                     Cuts: 12                  
     69    71      858.2429   515     2016.0000      783.0934   100539   61.16%
    129   131      910.7984   594     2016.0000      783.0934   136934   61.16%
*  1770  1579      integral     0     1683.0000      783.0934   360066   53.47%
Found incumbent of value 1683.000000 after 35.88 sec. (22195.07 ticks)
*  1816  1608      integral     0     1675.0000      783.0934   362031   53.25%
Found incumbent of value 1675.000000 after 35.88 sec. (22195.07 ticks)
   1856  1628      994.8095   425     1675.0000      783.0934   378537   53.25%
                                                     Cuts: 35                  
*  2167+ 1899                         1654.0000      783.0934   474894   52.65%
Found incumbent of value 1654.000000 after 42.16 sec. (22447.66 ticks)
*  2422+ 2127                         1630.0000      783.0934   550461   51.96%
Found incumbent of value 1630.000000 after 42.16 sec. (22658.62 ticks)
*  2527  2213      integral     0     1564.0000      783.0934   567450   49.93%
Elapsed time = 42.16 sec. (23841.43 ticks, tree = 6.02 MB, solutions = 5)
Found incumbent of value 1564.000000 after 42.16 sec. (23841.43 ticks)
   2826  2449     1063.7268   438     1564.0000      783.0934   618815   49.93%
   2871  2329      996.6121   474     1564.0000      783.0934   630271   49.93%
                                                      Cuts: 9                  
   3191  2635     1110.4222   409     1564.0000      783.0934   704395   49.93%
   3968  3359     1138.6077   486     1564.0000      783.0934   805747   49.93%
*  5066  4255      integral     0     1427.0000      783.0934   941317   45.12%
Found incumbent of value 1427.000000 after 52.19 sec. (28465.70 ticks)
   5507  4118     1181.6333   393     1427.0000      805.6929  1020087   43.54%
                                                     Cuts: 16                  
   5899  4471     1087.5356   446     1427.0000      805.6929  1084509   43.54%
   6109  4660      779.9512   593     1427.0000      805.6929  1119581   43.54%
   6110  4661      794.1601   581     1427.0000      805.6929  1121560   43.54%
   6112  4662      795.2837   585     1427.0000      805.6929  1124581   43.54%
Elapsed time = 80.72 sec. (41367.37 ticks, tree = 127.70 MB, solutions = 9)
   6114  4663      851.8288   627     1427.0000      805.6929  1130364   43.54%
   6119  4667      799.4325   571     1427.0000      805.6929  1139966   43.54%
                                                  ZeroHalf: 9                  
   6122  4669      833.9999   631     1427.0000      805.6929  1150226   43.54%
   6129  4674      805.5282   564     1427.0000      805.6929  1172525   43.54%
                                                  ZeroHalf: 7                  
   6139  4678      879.1844   519     1427.0000      805.6929  1180248   43.54%
   6146  4681      932.1335   516     1427.0000      805.6929  1188939   43.54%
                                                 ZeroHalf: 11                  
   6154  4686      873.6395   590     1427.0000      805.6929  1197517   43.54%
*  6156+ 3139                         1405.0000      805.6929  1201610   42.66%
Found incumbent of value 1405.000000 after 95.89 sec. (50354.18 ticks)
   6182  3152      966.6770   550     1405.0000      805.6929  1222605   42.66%
                                                     Cuts: 10                  
   6284  3169      986.5847   470     1405.0000      805.6929  1274783   42.66%
   6463  3269      950.8392   552     1405.0000      805.6929  1387996   42.66%
Elapsed time = 104.28 sec. (57682.00 ticks, tree = 79.94 MB, solutions = 10)
   6675  3392      890.3001   527     1405.0000      805.6929  1479873   42.66%
                                                    Covers: 1                  
   6904  3518      986.4479   434     1405.0000      805.6929  1620667   42.66%
   7139  3641     1022.0251   366     1405.0000      805.6929  1767415   42.66%
   7519  3869      929.8749   424     1405.0000      805.6929  1927752   42.66%
   7743  3997      927.2834   463     1405.0000      805.6929  2013867   42.66%
   8524  4420      922.6484   448     1405.0000      805.6929  2286996   42.66%
   8556  4441      923.0076   446     1405.0000      805.6929  2297934   42.66%
   8716  4532      936.8155   474     1405.0000      805.6929  2390168   42.66%
   9341  4820      920.7932   522     1405.0000      805.6929  2679133   42.66%
   9388  4823      944.0185   451     1405.0000      805.6929  2706563   42.66%
Elapsed time = 148.10 sec. (70874.84 ticks, tree = 46.78 MB, solutions = 10)
   9400  4832      900.1421   614     1405.0000      805.6929  2713106   42.66%
   9496  4892      934.2805   453     1405.0000      805.6929  2776212   42.66%
   9816  5059     1002.4240   397     1405.0000      805.6929  2905791   42.66%
  10272  5279     1044.3214   422     1405.0000      805.6929  3077702   42.66%
  10656  5488     1091.2354   413     1405.0000      805.6929  3194570   42.66%
  11681  6016     1161.7423   484     1405.0000      805.6929  3482263   42.66%
  12653  6416     1031.6622   429     1405.0000      805.6929  3737854   42.66%
                                                 ZeroHalf: 13                  
  12722  6454      885.7150   507     1405.0000      805.6929  3770678   42.66%
  12850  6523      952.4956   454     1405.0000      805.6929  3825530   42.66%
  13005  6606     1090.0643   444     1405.0000      805.6929  3878597   42.66%
Elapsed time = 191.47 sec. (81547.02 ticks, tree = 37.64 MB, solutions = 10)
  13101  6662     1080.3005   438     1405.0000      805.6929  3905240   42.66%
  13229  6786     1135.0152   455     1405.0000      805.6929  3942064   42.66%
  13357  6908     1114.8077   402     1405.0000      805.6929  3976323   42.66%
  13528  7056     1061.3412   380     1405.0000      805.6929  4022900   42.66%
  13906  7422     1315.3602   494     1405.0000      805.6929  4112242   42.66%
  14032  7534      877.6725   622     1405.0000      805.6929  4153381   42.66%
  14380  7833      905.8895   606     1405.0000      805.6929  4218988   42.66%
                                                  ZeroHalf: 5                  
  14636  8080     1022.6464   426     1405.0000      805.6929  4272979   42.66%
  15372  8762     1254.9193   358     1405.0000      805.6929  4387179   42.66%
  15980  9337      929.3450   439     1405.0000      805.6929  4472101   42.66%
Elapsed time = 211.97 sec. (92678.44 ticks, tree = 45.97 MB, solutions = 10)
  16588  9861     1085.9583   363     1405.0000      805.6929  4569339   42.66%
  17196 10430     1391.6667   193     1405.0000      805.6929  4675967   42.66%
  17548 10763      989.6690   415     1405.0000      805.6929  4732297   42.66%
  18028 11201     1148.5167   295     1405.0000      805.6929  4802348   42.66%
  18567 11679      950.7855   457     1405.0000      805.6929  4897472   42.66%
  19175 12246     1165.0500   329     1405.0000      805.6929  4987832   42.66%
  19879 12880      936.0626   443     1405.0000      805.6929  5105185   42.66%
  22201 15008      946.2056   412     1405.0000      845.4661  5450702   39.82%
                                                 ZeroHalf: 14                  
  22617 15384     1065.8779   364     1405.0000      845.4661  5536509   39.82%
  23121 15842     1034.9443   425     1405.0000      845.4661  5612405   39.82%
Elapsed time = 253.13 sec. (103210.14 ticks, tree = 636.98 MB, solutions = 10)
Nodefile size = 492.90 MB (365.62 MB after compression)
  23550 16226     1138.9418   386     1405.0000      845.4661  5677123   39.82%
  23806 16458     1234.1346   396     1405.0000      845.4661  5716124   39.82%
  24286 16871      920.0170   450     1405.0000      845.4661  5789854   39.82%
  24670 17234     1051.7600   424     1405.0000      845.4661  5858558   39.82%
  25214 17719     1258.3903   339     1405.0000      845.4661  5942109   39.82%
  25701 18149     1046.8351   361     1405.0000      845.4661  6018973   39.82%
  26117 18506     1125.5556   298     1405.0000      845.4661  6095627   39.82%
  26972 19274     1081.6233   433     1405.0000      845.4661  6238567   39.82%
  27852 20061     1189.5822   341     1405.0000      873.1639  6377071   37.85%
                                                  ZeroHalf: 6                  
  28935 21023     1208.5502   398     1405.0000      873.1639  6542055   37.85%
Elapsed time = 287.84 sec. (113955.37 ticks, tree = 1213.16 MB, solutions = 10)
Nodefile size = 1064.46 MB (789.94 MB after compression)
  29591 21599     1191.2727   281     1405.0000      873.1639  6642338   37.85%
  30284 22203      990.4375   395     1405.0000      873.1639  6755162   37.85%
  31079 22937     1207.4583   218     1405.0000      873.1639  6864706   37.85%
  31688 23476     1226.5909   309     1405.0000      873.1639  6970317   37.85%
  32028 23797      990.1581   578     1405.0000      873.1639  7025466   37.85%
  32252 23997     1092.7925   403     1405.0000      873.1639  7057457   37.85%
  32732 24415     1283.8687   362     1405.0000      873.1639  7131983   37.85%
  34852 26330      955.9012   432     1405.0000      873.1639  7457178   37.85%
  35169 26588     1171.6402   379     1405.0000      893.1219  7515745   36.43%
                                                  ZeroHalf: 1                  
  35917 27293     1141.5139   453     1405.0000      893.1219  7706296   36.43%
Elapsed time = 330.48 sec. (129032.10 ticks, tree = 2014.01 MB, solutions = 10)
Nodefile size = 1865.89 MB (1382.28 MB after compression)
  38363 29458     1223.5708   327     1405.0000      893.1219  8191220   36.43%
  39956 30853     1094.5640   394     1405.0000      898.7461  8507998   36.03%
  41812 32489     1005.7289   501     1405.0000      898.7461  8816401   36.03%
  45296 35614     1144.5000   252     1405.0000      907.9802  9350583   35.38%
                                                  ZeroHalf: 2                  
  48506 38485     1117.3047   342     1405.0000      907.9802  9849446   35.38%
  51232 40915      929.7322   430     1405.0000      907.9802 10271214   35.38%
  52614 42117     1039.0038   409     1405.0000      914.4836 10465597   34.91%
  54950 44216      965.1208   401     1405.0000      914.4836 10844413   34.91%
  57341 46346     1081.1484   392     1405.0000      914.4836 11229510   34.91%
  58594 47437      957.4720   492     1405.0000      919.3015 11413551   34.57%
                                                      Cuts: 2                  
Elapsed time = 464.14 sec. (169475.60 ticks, tree = 4914.13 MB, solutions = 10)
Nodefile size = 4785.88 MB (3509.97 MB after compression)
  60535 49240     1325.1069   366     1405.0000      919.3015 11778680   34.57%
  63391 51772     1096.4779   383     1405.0000      919.3015 12224455   34.57%
  65915 53952     1110.2500   313     1405.0000      923.2386 12653852   34.29%
                                                     Cuts: 15                  
  67578 55396     1019.9670   396     1405.0000      923.2386 13001728   34.29%
  70149 57623     1263.7500   325     1405.0000      923.2386 13492169   34.29%
  71573 58894     1293.5972   384     1405.0000      926.9098 13745601   34.03%
  73842 60898     1116.8477   382     1405.0000      926.9098 14120626   34.03%
  76217 62982     1078.9258   308     1405.0000      929.7467 14495818   33.83%
                                                      Cuts: 4                  
  78297 64796     1181.2328   366     1405.0000      929.7467 14856183   33.83%
  81066 67203      994.2259   400     1405.0000      929.7467 15321390   33.83%
Elapsed time = 583.88 sec. (207875.84 ticks, tree = 5619.02 MB, solutions = 10)
Nodefile size = 5461.61 MB (4012.95 MB after compression)
  82881 68789     1187.1900   316     1405.0000      932.5312 15644415   33.63%
                                                     Fract: 1                  
  85530 71084     1268.7588   322     1405.0000      932.5312 16102994   33.63%
  87696 72971     1164.4051   255     1405.0000      935.9800 16486485   33.38%
                                                  ZeroHalf: 2                  
  90256 75225     1177.7500   318     1405.0000      935.9800 16906589   33.38%
  93010 77595     1190.1667   209     1405.0000      935.9800 17366491   33.38%
  94035 78488     1308.1856   329     1405.0000      938.4388 17556248   33.21%
                                                  ZeroHalf: 2                  
  96452 80584     1142.7639   425     1405.0000      938.4388 18048915   33.21%
  98894 82705     1234.8013   357     1405.0000      938.4388 18512779   33.21%
 100947 84476     1265.8750   303     1405.0000      939.9518 18869312   33.10%
 103251 86445      978.4263   459     1405.0000      939.9518 19255607   33.10%
Elapsed time = 713.15 sec. (247292.32 ticks, tree = 7784.91 MB, solutions = 10)
Nodefile size = 7633.40 MB (5598.70 MB after compression)
 105361 88295     1207.8409   311     1405.0000      942.6268 19609984   32.91%
                                                  ZeroHalf: 2                  
 107889 90501     1390.6042   236     1405.0000      942.6268 20054326   32.91%
 110050 92370     1269.6667   208     1405.0000      942.6268 20410185   32.91%
 111431 93573     1252.7772   387     1405.0000      944.8856 20637091   32.75%
                                                      Cuts: 2                  
 113543 95371     1393.1667   262     1405.0000      944.8856 21012824   32.75%
 116427 97844     1123.5075   301     1405.0000      946.6839 21496192   32.62%
 119211 100275     1149.6487   364     1405.0000      946.6839 21994880   32.62%
 121515 102294     1265.5000   337     1405.0000      946.6839 22367345   32.62%
 123527 104011     1039.1073   426     1405.0000      949.0714 22726359   32.45%
                                                  Impl Bds: 4                  
 124934 105233     1033.4759   410     1405.0000      949.0714 23050030   32.45%
Elapsed time = 841.88 sec. (286579.61 ticks, tree = 10464.60 MB, solutions = 10)
Nodefile size = 10324.08 MB (7557.02 MB after compression)
 127901 107751     1173.9674   357     1405.0000      949.0714 23709025   32.45%
 129223 108899      982.7488   448     1405.0000      950.1549 23951040   32.37%
                                                  Impl Bds: 3                  
 130906 110338      976.6230   451     1405.0000      950.1549 24246557   32.37%
 133268 112365     1189.5226   390     1405.0000      951.9516 24651810   32.25%
 135796 114584     1083.6993   370     1405.0000      951.9516 25057641   32.25%
 138733 117101     1057.1907   435     1405.0000      951.9516 25549451   32.25%
 140231 118384     1080.3107   385     1405.0000      953.8547 25821200   32.11%
 142571 120389     1070.2201   421     1405.0000      953.8547 26206610   32.11%
 144886 122357     1108.6356   397     1405.0000      955.5293 26587587   31.99%
                                                  ZeroHalf: 1                  
 147766 124826     1075.7844   493     1405.0000      955.5293 27076803   31.99%
Elapsed time = 965.78 sec. (325833.83 ticks, tree = 12436.74 MB, solutions = 10)
Nodefile size = 12284.98 MB (8962.89 MB after compression)
 150038 126795     1062.2877   307     1405.0000      955.5293 27425141   31.99%
 151984 128485     1103.0972   363     1405.0000      957.2692 27758868   31.87%
                                                  ZeroHalf: 1                  
 153761 130016     1013.0272   386     1405.0000      957.2692 28152207   31.87%
 156389 132294     1340.3750   268     1405.0000      957.2692 28706244   31.87%
 158577 134183     1068.5083   458     1405.0000      958.4470 29092939   31.78%
                                                  Impl Bds: 1                  
 161169 136403      983.1212   391     1405.0000      958.4470 29533183   31.78%
 163838 138701     1273.5385   236     1405.0000      960.1859 29981802   31.66%
                                                      Cuts: 3                  
 166662 141145     1087.1477   383     1405.0000      960.1859 30436011   31.66%
 169363 143432     1047.0244   391     1405.0000      960.1859 30873700   31.66%
 170335 144282     1048.1052   366     1405.0000      961.4459 31037988   31.57%
                                                  ZeroHalf: 2                  
Elapsed time = 1086.28 sec. (364375.89 ticks, tree = 14637.36 MB, solutions = 10)
Nodefile size = 14494.43 MB (10546.26 MB after compression)
 172159 145839     1041.5000   285     1405.0000      961.4459 31347396   31.57%
 174028 147415     1174.1500   316     1405.0000      962.5499 31676094   31.49%
 176364 149430     1089.3781   432     1405.0000      962.5499 32048763   31.49%
 179711 152327     1012.7429   371     1405.0000      962.5499 32584529   31.49%
 181291 153675     1226.2917   358     1405.0000      963.9827 32852523   31.39%
                                                    Covers: 1                  
 182583 154783     1145.2007   319     1405.0000      963.9827 33144108   31.39%
 186161 157846     1399.2788   183     1405.0000      963.9827 33843860   31.39%
 188126 159524     1151.1018   386     1405.0000      964.8972 34183388   31.32%
 190366 161409     1034.2547   332     1405.0000      964.8972 34543350   31.32%
 193311 163938     1015.5445   367     1405.0000      966.3319 35019061   31.22%
                                                  ZeroHalf: 1                  
Elapsed time = 1210.78 sec. (403217.83 ticks, tree = 16640.75 MB, solutions = 10)
Nodefile size = 16496.44 MB (11977.85 MB after compression)
 196142 166359     1043.3317   403     1405.0000      966.3319 35479238   31.22%
 198944 168785     1014.5017   413     1405.0000      966.3319 35914268   31.22%
 200315 169952     1278.7000   260     1405.0000      967.7329 36132648   31.12%
 202907 172168     1215.8929   347     1405.0000      967.7329 36555263   31.12%
 206015 174801     1063.7042   432     1405.0000      968.9708 37037448   31.03%
 207113 175746     1127.9961   350     1405.0000      968.9708 37297462   31.03%
 209658 177953     1054.0491   394     1405.0000      968.9708 37834501   31.03%
 211295 179354     1190.5038   269     1405.0000      969.8023 38108605   30.97%
 213489 181192     1264.3000   298     1405.0000      969.8023 38494676   30.97%
 216471 183737     1161.8889   375     1405.0000      971.0175 38982467   30.89%
Elapsed time = 1330.29 sec. (442829.86 ticks, tree = 18951.51 MB, solutions = 10)
Nodefile size = 18808.46 MB (13634.49 MB after compression)
 219127 186034     1000.3961   381     1405.0000      971.0175 39401759   30.89%
 221676 188216     1320.1667   189     1405.0000      971.0175 39815323   30.89%
 223980 190188     1016.8820   335     1405.0000      972.2524 40177638   30.80%
                                                  Impl Bds: 3                  
 226651 192457     1060.7233   434     1405.0000      972.2524 40606094   30.80%
 229415 194799     1018.5696   476     1405.0000      973.2192 41035966   30.73%
                                                    Covers: 1                  
 232906 197831     1042.2072   416     1405.0000      973.2192 41573848   30.73%
 235685 200232        cutoff           1405.0000      973.2192 42025097   30.73%
 236934 201307     1120.6869   375     1405.0000      974.3376 42239855   30.65%
 237958 202150     1138.5939   486     1405.0000      974.3376 42455923   30.65%
 240560 204389     1008.2283   454     1405.0000      975.0243 42984690   30.60%
Elapsed time = 1456.40 sec. (483023.70 ticks, tree = 21243.00 MB, solutions = 10)
Nodefile size = 21098.11 MB (15278.34 MB after compression)
 242420 205979      989.5374   456     1405.0000      975.0243 43287414   30.60%
 244820 208000     1014.0129   383     1405.0000      975.0243 43660534   30.60%
 248184 210883     1383.0000   276     1405.0000      975.8622 44204453   30.54%
 250922 213238     1053.3151   378     1405.0000      975.8622 44645920   30.54%
 253933 215777     1253.1974   344     1405.0000      977.0252 45134381   30.46%
                                                  Impl Bds: 1                  
 255718 217311     1171.1475   404     1405.0000      977.0252 45427303   30.46%
 259431 220492     1221.4000   310     1405.0000      977.0252 46019794   30.46%
 260546 221458     1330.9500   317     1405.0000      977.6970 46211244   30.41%
                                                  Impl Bds: 3                  
 260978 221815     1093.9428   484     1405.0000      977.6970 46306400   30.41%
 265587 225784     1079.5544   390     1405.0000      978.2179 47221013   30.38%
                                                    Covers: 2                  
Elapsed time = 1584.32 sec. (523168.16 ticks, tree = 23469.92 MB, solutions = 10)
Nodefile size = 23325.14 MB (16875.55 MB after compression)
 267379 227300        cutoff           1405.0000      978.2179 47510507   30.38%
 268880 228571     1066.0513   460     1405.0000      978.2179 47773613   30.38%
 272089 231310     1020.8077   351     1405.0000      979.3762 48320950   30.29%
                                                      Cuts: 2                  
 274866 233704     1163.7674   371     1405.0000      979.3762 48756848   30.29%
 277224 235672     1379.7377   330     1405.0000      980.2856 49131319   30.23%
 279592 237701     1359.2812   349     1405.0000      980.2856 49514717   30.23%
 282487 240184     1062.9370   390     1405.0000      980.2856 49970704   30.23%
 284522 241920     1376.0000   218     1405.0000      980.9902 50273277   30.18%
                                                      Cuts: 2                  
 287434 244399     1090.4593   414     1405.0000      980.9902 50732862   30.18%
 290313 246874        cutoff           1405.0000      981.8957 51176408   30.11%
                                                  Impl Bds: 2                  
Elapsed time = 1712.84 sec. (563559.94 ticks, tree = 26293.78 MB, solutions = 10)
Nodefile size = 26148.55 MB (18897.74 MB after compression)
 292457 248727     1204.1257   316     1405.0000      981.8957 51546203   30.11%
 295096 251004     1015.4788   414     1405.0000      981.8957 52065113   30.11%
 297746 253252     1085.8518   374     1405.0000      982.5232 52511651   30.07%
                                                      Cuts: 4                  
 300373 255533     1232.9167   293     1405.0000      982.5232 52910570   30.07%
 302891 257661     1060.7555   403     1405.0000      983.3585 53293941   30.01%
                                                    Covers: 1                  
 305648 260015     1397.7308   209     1405.0000      983.3585 53747205   30.01%
 308053 262088     1021.2728   418     1405.0000      983.3585 54116836   30.01%
 309028 262929     1251.5000   268     1405.0000      984.0198 54290007   29.96%
 311908 265388     1184.0000   220     1405.0000      984.0198 54735490   29.96%
 314715 267755     1283.2917   301     1405.0000      984.6833 55191331   29.92%
                                                    Covers: 1                  
Elapsed time = 1838.79 sec. (602924.33 ticks, tree = 28312.36 MB, solutions = 10)
Nodefile size = 28168.12 MB (20344.16 MB after compression)
 317531 270150     1224.6667   275     1405.0000      984.6833 55646309   29.92%
 320661 272802     1247.5486   285     1405.0000      984.6833 56135779   29.92%
 321503 273507     1211.7857   312     1405.0000      985.3300 56283849   29.87%
                                                  ZeroHalf: 2                  
 322256 274155     1208.8974   399     1405.0000      985.3300 56452842   29.87%
 326667 277904     1211.5943   398     1405.0000      985.6300 57306343   29.85%
 329323 280183     1125.0426   371     1405.0000      985.6300 57700479   29.85%
 332331 282737     1069.0735   386     1405.0000      985.6300 58173471   29.85%
 334494 284581     1285.7188   321     1405.0000      986.8854 58523612   29.76%
 337854 287422     1391.0108   145     1405.0000      986.8854 59034735   29.76%
 340064 289289     1115.3877   416     1405.0000      987.5329 59377695   29.71%
Elapsed time = 1964.57 sec. (642454.36 ticks, tree = 30508.33 MB, solutions = 10)
Nodefile size = 30363.84 MB (21916.67 MB after compression)
 342208 291114     1299.5297   344     1405.0000      987.5329 59735927   29.71%
 344987 293519     1170.7314   342     1405.0000      987.5329 60171127   29.71%
 346943 295180     1046.1095   378     1405.0000      988.2345 60472872   29.66%
                                                      Cuts: 2                  
 348799 296749     1178.0833   333     1405.0000      988.2345 60797315   29.66%
 351358 298940     1102.4722   326     1405.0000      988.9391 61191225   29.61%
 353790 301037     1236.1250   254     1405.0000      988.9391 61645001   29.61%
 355877 302794     1176.1000   352     1405.0000      988.9391 62031440   29.61%
 358819 305312     1151.6543   346     1405.0000      989.5760 62534841   29.57%
 361318 307428     1094.7348   439     1405.0000      989.5760 62935994   29.57%
 363824 309552     1183.6929   396     1405.0000      990.1539 63321499   29.53%
Elapsed time = 2091.69 sec. (681646.80 ticks, tree = 32445.10 MB, solutions = 10)
Nodefile size = 32299.64 MB (23300.34 MB after compression)
*365087+310595                         1404.0000      990.1539 63514621   29.48%
Found incumbent of value 1404.000000 after 2099.36 sec. (681177.60 ticks)
 366766 312005     1019.6245   417     1404.0000      990.1539 63780614   29.48%
 370323 315043     1309.7870   289     1404.0000      990.1539 64312098   29.48%
 371253 315854     1162.1215   327     1404.0000      990.7857 64466951   29.43%
 374517 318623     1078.9605   327     1404.0000      990.7857 64958438   29.43%
 377345 321012     1402.0000   196     1404.0000      991.4405 65378063   29.38%
 380609 323788     1199.1339   286     1404.0000      991.4405 65882215   29.38%
 383921 326592     1182.1000   310     1404.0000      991.4405 66382902   29.38%
 384606 327173     1304.8077   356     1404.0000      992.0750 66504471   29.34%
 386142 328469     1198.6607   293     1404.0000      992.0750 66795257   29.34%
 388534 330491     1102.0298   355     1404.0000      992.4298 67308144   29.31%
Elapsed time = 2214.34 sec. (721034.51 ticks, tree = 34729.60 MB, solutions = 11)
Nodefile size = 34587.53 MB (24939.50 MB after compression)
 390804 332417     1227.8876   371     1404.0000      992.4298 67675196   29.31%
 393476 334701     1077.8495   391     1404.0000      992.4298 68081900   29.31%
 396622 337360     1332.4213   340     1404.0000      993.0361 68572409   29.27%
 400073 340279     1010.3785   379     1404.0000      993.0361 69108296   29.27%
 401852 341805     1170.6160   308     1404.0000      993.6831 69377545   29.22%
 404796 344354     1115.0833   301     1404.0000      993.6831 69837815   29.22%
 407493 346610     1271.6429   306     1404.0000      993.6831 70261024   29.22%
 409406 348206     1075.0811   384     1404.0000      994.2139 70567873   29.19%
 410878 349471     1339.0250   261     1404.0000      994.2139 70846504   29.19%
 413992 352063     1240.0178   375     1404.0000      994.7357 71420925   29.15%
Elapsed time = 2339.54 sec. (760463.52 ticks, tree = 37022.26 MB, solutions = 11)
Nodefile size = 36881.01 MB (26581.42 MB after compression)
 415920 353718     1280.5500   339     1404.0000      994.7357 71745286   29.15%
 419014 356323     1064.9643   335     1404.0000      995.2470 72247404   29.11%
 422054 358940     1272.6000   193     1404.0000      995.2470 72729757   29.11%
 425058 361482     1320.0128   303     1404.0000      995.2470 73178392   29.11%
 426963 363116     1167.6667   282     1404.0000      995.8023 73456468   29.07%
 429376 365214     1228.2854   377     1404.0000      995.8659 73803238   29.07%
 432178 367604     1302.2500   312     1404.0000      995.8659 74241347   29.07%
 434549 369616     1108.2116   348     1404.0000      996.4726 74602930   29.03%
 437173 371806     1125.6625   321     1404.0000      996.4726 75006391   29.03%
 440092 374258     1197.1250   256     1404.0000      996.9675 75459866   28.99%
Elapsed time = 2474.65 sec. (801513.28 ticks, tree = 39955.17 MB, solutions = 11)
Nodefile size = 39814.59 MB (28689.05 MB after compression)
 442371 376233     1271.9583   280     1404.0000      996.9675 75878013   28.99%
 445036 378469     1210.0417   343     1404.0000      996.9675 76383624   28.99%
 447619 380676     1314.6071   317     1404.0000      997.3474 76829813   28.96%
                                                  Impl Bds: 2                  
 450519 383148     1135.9023   311     1404.0000      997.3474 77256389   28.96%
 453220 385442     1051.6109   322     1404.0000      997.9880 77666211   28.92%
 455460 387331     1286.5588   321     1404.0000      997.9880 78010494   28.92%
 457855 389351     1144.2596   363     1404.0000      997.9880 78373435   28.92%
 459662 390909     1114.7976   351     1404.0000      998.4444 78627450   28.89%
 461934 392805     1160.6807   370     1404.0000      998.4444 78962569   28.89%
 464630 395063     1059.7998   375     1404.0000      998.8466 79358716   28.86%
Elapsed time = 2598.72 sec. (839867.58 ticks, tree = 42012.24 MB, solutions = 11)
Nodefile size = 41873.87 MB (30155.51 MB after compression)
 467958 397929     1052.7281   390     1404.0000      998.8466 79864941   28.86%
 470347 399980     1389.8929   231     1404.0000      998.8466 80204838   28.86%
 472973 402201     1391.2917   302     1404.0000      999.3052 80608036   28.82%
                                                  Impl Bds: 1                  
 476646 405341     1277.1500   286     1404.0000      999.3052 81149736   28.82%
 478584 406985     1220.8000   253     1404.0000      999.8021 81440259   28.79%
                                                  Impl Bds: 2                  
 481336 409309     1092.6834   369     1404.0000      999.8021 81937066   28.79%
 483000 410737     1087.6328   398     1404.0000      999.8021 82243797   28.79%
 486038 413312     1217.9682   428     1404.0000     1000.2037 82772289   28.76%
 488502 415398     1180.4829   438     1404.0000     1000.2037 83135846   28.76%
 491071 417587     1103.1759   423     1404.0000     1000.6563 83511820   28.73%
                                                  ZeroHalf: 1                  
Elapsed time = 2728.59 sec. (879393.50 ticks, tree = 44267.29 MB, solutions = 11)
Nodefile size = 44129.35 MB (31771.39 MB after compression)
 493343 419513     1028.2851   345     1404.0000     1000.6563 83837766   28.73%
 496183 421910     1085.0555   390     1404.0000     1001.0931 84292524   28.70%
 499699 424905     1174.1974   320     1404.0000     1001.0931 84820175   28.70%
 502748 427485     1243.6944   299     1404.0000     1001.0931 85287943   28.70%
 504342 428845     1210.7045   312     1404.0000     1001.5740 85540413   28.66%
 507318 431341     1108.8172   367     1404.0000     1001.5740 85969056   28.66%
 509877 433497     1381.5556   190     1404.0000     1002.0956 86354517   28.63%
                                                    Covers: 1                  
 511117 434545     1288.5514   347     1404.0000     1002.0956 86603363   28.63%
 514985 437849     1130.5856   390     1404.0000     1002.0956 87307217   28.63%
 517416 439916     1080.3502   312     1404.0000     1002.2575 87688000   28.61%
                                                    Covers: 3                  
Elapsed time = 2855.85 sec. (919883.09 ticks, tree = 46390.49 MB, solutions = 11)
Nodefile size = 46246.88 MB (33276.45 MB after compression)
 519657 441846     1163.8400   367     1404.0000     1002.2575 88005675   28.61%
 522547 444267     1331.3545   297     1404.0000     1002.8875 88456268   28.57%
                                                    Covers: 1                  
 525130 446450     1094.1528   389     1404.0000     1002.8875 88845793   28.57%
 528564 449373     1305.1667   283     1404.0000     1003.2951 89358494   28.54%
                                                  ZeroHalf: 1                  
 530516 451051     1073.0289   415     1404.0000     1003.2951 89661059   28.54%
 532692 452908     1252.6667   150     1404.0000     1003.2951 89998568   28.54%
 535671 455457     1392.9385   270     1404.0000     1003.6756 90423311   28.51%
 538497 457878     1175.7500   271     1404.0000     1003.6756 90830408   28.51%
 541031 460011        cutoff           1404.0000     1004.1073 91202988   28.48%
 543143 461827     1054.1689   393     1404.0000     1004.1073 91600697   28.48%
Elapsed time = 2991.90 sec. (960154.70 ticks, tree = 49171.59 MB, solutions = 11)
Nodefile size = 49035.53 MB (35253.47 MB after compression)
 545520 463814     1027.3507   372     1404.0000     1004.1073 92053612   28.48%
 548321 466238     1256.1250   295     1404.0000     1004.3786 92497240   28.46%
 550241 467855     1082.9816   442     1404.0000     1004.3786 92791979   28.46%
 553997 471074     1011.9716   406     1404.0000     1004.8285 93348412   28.43%
                                                    Covers: 1                  
 557327 473899     1098.9255   356     1404.0000     1004.8285 93855051   28.43%
 559717 475900     1236.7500   204     1404.0000     1005.2745 94212130   28.40%
 562853 478583     1204.3913   293     1404.0000     1005.2745 94673946   28.40%
 566355 481500     1067.0641   377     1404.0000     1005.2745 95205771   28.40%
 566964 482019     1035.5714   310     1404.0000     1005.6860 95331495   28.37%
 568699 483475     1318.0000   427     1404.0000     1005.6860 95660156   28.37%
Elapsed time = 3117.25 sec. (1000019.79 ticks, tree = 51414.87 MB, solutions = 11)
Nodefile size = 51279.86 MB (36833.89 MB after compression)
 572421 486638     1195.9071   399     1404.0000     1005.8628 96350652   28.36%
 574053 488019     1105.7376   366     1404.0000     1005.8628 96606441   28.36%
 576887 490399     1336.6000   192     1404.0000     1006.3320 97051589   28.32%
                                                    Covers: 1                  
 580348 493348     1361.3452   281     1404.0000     1006.3320 97571888   28.32%
 583693 496207     1061.7994   378     1404.0000     1006.3320 98058504   28.32%
 585032 497362     1269.2222   362     1404.0000     1006.7080 98260904   28.30%
 588328 500147     1070.0319   439     1404.0000     1006.7080 98732981   28.30%
 590874 502286     1325.6623   211     1404.0000     1007.1006 99086720   28.27%
 593703 504703     1287.1250   260     1404.0000     1007.1006 99585052   28.27%
 594682 505545     1171.5000   447     1404.0000     1007.1006 99785438   28.27%
Elapsed time = 3240.20 sec. (1040354.75 ticks, tree = 53491.80 MB, solutions = 11)
Nodefile size = 53352.56 MB (38294.08 MB after compression)
 597565 508004     1271.1875   356     1404.0000     1007.3413 1.00e+08   28.25%
 600699 510641     1312.8333   178     1404.0000     1007.3413 1.01e+08   28.25%
 603384 512923     1131.3000   295     1404.0000     1007.7725 1.01e+08   28.22%
 606116 515244     1261.8135   350     1404.0000     1007.7725 1.02e+08   28.22%
 608066 516885     1193.1250   299     1404.0000     1008.0708 1.02e+08   28.20%
 611141 519503     1154.5199   412     1404.0000     1008.0708 1.02e+08   28.20%
 614635 522460     1175.4413   330     1404.0000     1008.0708 1.03e+08   28.20%
 615699 523375     1109.9009   367     1404.0000     1008.4158 1.03e+08   28.18%
 617630 525029     1200.9193   476     1404.0000     1008.4158 1.03e+08   28.18%
 621197 528054     1309.2000   280     1404.0000     1008.6993 1.04e+08   28.16%
Elapsed time = 3366.96 sec. (1080049.30 ticks, tree = 55495.86 MB, solutions = 11)
Nodefile size = 55357.69 MB (39705.53 MB after compression)
 623597 530088     1217.0000   261     1404.0000     1008.6993 1.04e+08   28.16%
 627634 533486     1226.9557   341     1404.0000     1009.1510 1.05e+08   28.12%
 631250 536568     1030.2999   405     1404.0000     1009.1510 1.05e+08   28.12%
 634131 539042     1158.7929   363     1404.0000     1009.1510 1.06e+08   28.12%
 635214 539978     1135.7500   212     1404.0000     1009.5452 1.06e+08   28.10%
 638446 542707     1160.4623   337     1404.0000     1009.5452 1.07e+08   28.10%
 640466 544403     1195.7400   317     1404.0000     1009.8799 1.07e+08   28.07%
 643249 546746     1245.6078   340     1404.0000     1009.8799 1.07e+08   28.07%
 645875 548952     1205.1607   305     1404.0000     1009.8799 1.08e+08   28.07%
 647097 550007     1115.0103   414     1404.0000     1010.1689 1.08e+08   28.05%
Elapsed time = 3502.02 sec. (1120222.79 ticks, tree = 58294.78 MB, solutions = 11)
Nodefile size = 58160.58 MB (41682.85 MB after compression)
 648961 551602     1162.8531   392     1404.0000     1010.1689 1.08e+08   28.05%
 652017 554204     1271.9706   346     1404.0000     1010.3738 1.09e+08   28.04%
 654755 556490     1151.0013   364     1404.0000     1010.3738 1.09e+08   28.04%
 658450 559613     1074.9154   443     1404.0000     1010.7940 1.10e+08   28.01%
 662121 562710     1126.5219   374     1404.0000     1010.7940 1.10e+08   28.01%
 664921 565090     1236.1875   279     1404.0000     1010.7940 1.11e+08   28.01%
 666467 566393     1232.1667   274     1404.0000     1011.1591 1.11e+08   27.98%
                                                  Impl Bds: 1                  
 670090 569449     1069.3430   325     1404.0000     1011.1591 1.11e+08   27.98%
 672075 571134        cutoff           1404.0000     1011.4906 1.12e+08   27.96%
                                                    Covers: 1                  
 673387 572234     1126.1942   364     1404.0000     1011.4906 1.12e+08   27.96%
Elapsed time = 3626.57 sec. (1160111.02 ticks, tree = 60577.78 MB, solutions = 11)
Nodefile size = 60444.08 MB (43287.14 MB after compression)
 675782 574210     1382.5000   236     1404.0000     1011.4906 1.12e+08   27.96%
 678035 576110     1035.4430   370     1404.0000     1011.6966 1.13e+08   27.94%
 681171 578780     1116.6815   363     1404.0000     1011.6966 1.13e+08   27.94%
 684142 581317     1096.1520   348     1404.0000     1012.1115 1.14e+08   27.91%
                                                    Covers: 1                  
 686958 583704     1175.7816   356     1404.0000     1012.1115 1.14e+08   27.91%
 690073 586334        cutoff           1404.0000     1012.4700 1.15e+08   27.89%
                                                    Covers: 1                  
 693115 588883     1136.6507   424     1404.0000     1012.4700 1.15e+08   27.89%
 696434 591678     1037.9575   397     1404.0000     1012.4700 1.16e+08   27.89%
 697525 592603     1036.6330   421     1404.0000     1012.7689 1.16e+08   27.87%
                                                    Covers: 1                  
 699285 594102     1210.3750   353     1404.0000     1012.7689 1.16e+08   27.87%
Elapsed time = 3750.35 sec. (1199881.44 ticks, tree = 62589.30 MB, solutions = 11)
Nodefile size = 62453.51 MB (44700.45 MB after compression)
 702792 597085     1203.6250   320     1404.0000     1012.9861 1.17e+08   27.85%
 705175 599088     1296.0857   372     1404.0000     1012.9861 1.17e+08   27.85%
 708037 601511     1042.4799   417     1404.0000     1013.3527 1.17e+08   27.82%
 711365 604333     1198.5634   385     1404.0000     1013.3527 1.18e+08   27.82%
 714478 606946     1043.5526   350     1404.0000     1013.3527 1.18e+08   27.82%
 715579 607863     1171.6250   358     1404.0000     1013.6833 1.18e+08   27.80%
                                                    Covers: 2                  
 717339 609341     1295.5833   316     1404.0000     1013.6833 1.19e+08   27.80%
 719898 611503     1236.8111   318     1404.0000     1013.8715 1.19e+08   27.79%
 722573 613775     1338.1670   338     1404.0000     1013.8715 1.20e+08   27.79%
 726069 616702     1136.5648   377     1404.0000     1014.1936 1.20e+08   27.76%
Elapsed time = 3877.05 sec. (1239978.80 ticks, tree = 64928.44 MB, solutions = 11)
Nodefile size = 64794.60 MB (46334.77 MB after compression)
 729141 619297     1025.4891   348     1404.0000     1014.1936 1.21e+08   27.76%
 732261 621944     1180.6134   356     1404.0000     1014.1936 1.21e+08   27.76%
 734901 624196     1202.5000   257     1404.0000     1014.5024 1.21e+08   27.74%
 737429 626320     1093.5347   390     1404.0000     1014.5024 1.22e+08   27.74%
 739799 628323     1100.5877   394     1404.0000     1014.7697 1.22e+08   27.72%
 740574 628990     1246.8244   441     1404.0000     1014.7697 1.22e+08   27.72%
 745214 632872     1169.1000   398     1404.0000     1014.8902 1.23e+08   27.71%
 747073 634472     1069.2886   351     1404.0000     1014.8902 1.24e+08   27.71%
 749950 636885     1089.5000   382     1404.0000     1015.2509 1.24e+08   27.69%
 752862 639364     1162.6875   302     1404.0000     1015.2509 1.24e+08   27.69%
Elapsed time = 4011.00 sec. (1281088.20 ticks, tree = 67002.49 MB, solutions = 11)
Nodefile size = 66860.05 MB (47778.90 MB after compression)
 755787 641869     1197.0471   402     1404.0000     1015.2509 1.25e+08   27.69%
 758178 643912     1050.5488   408     1404.0000     1015.5500 1.25e+08   27.67%
                                                  ZeroHalf: 1                  
 761026 646331     1353.0833   279     1404.0000     1015.5500 1.26e+08   27.67%
 763875 648747     1295.1576   350     1404.0000     1015.8255 1.26e+08   27.65%
 766147 650663     1257.1875   321     1404.0000     1015.8255 1.26e+08   27.65%
 769348 653407     1106.3485   327     1404.0000     1015.8255 1.27e+08   27.65%
 771988 655603     1385.3030   207     1404.0000     1016.1389 1.27e+08   27.63%
 774585 657805     1023.0026   393     1404.0000     1016.1389 1.28e+08   27.63%
 777197 660022     1075.8104   413     1404.0000     1016.4212 1.28e+08   27.61%
 780062 662457     1277.4167   260     1404.0000     1016.4212 1.29e+08   27.61%
Elapsed time = 4139.15 sec. (1320212.15 ticks, tree = 69490.87 MB, solutions = 11)
Nodefile size = 69342.92 MB (49518.19 MB after compression)
 782903 664818     1042.7696   404     1404.0000     1016.7381 1.29e+08   27.58%
 784349 666053     1174.3333   177     1404.0000     1016.7381 1.29e+08   27.58%
 787401 668636     1073.0553   361     1404.0000     1016.8791 1.30e+08   27.57%
 789156 670150     1038.9500   347     1404.0000     1016.8791 1.30e+08   27.57%
 791461 672092     1172.3982   346     1404.0000     1016.8791 1.30e+08   27.57%
 794908 674990     1108.2120   390     1404.0000     1017.2174 1.31e+08   27.55%
 797442 677133     1046.9334   419     1404.0000     1017.2174 1.31e+08   27.55%
 799796 679131     1079.8527   376     1404.0000     1017.5041 1.32e+08   27.53%
 802900 681764     1085.1154   406     1404.0000     1017.5041 1.32e+08   27.53%
 805904 684271     1276.2602   394     1404.0000     1017.5041 1.32e+08   27.53%
Elapsed time = 4265.12 sec. (1360425.52 ticks, tree = 71491.42 MB, solutions = 11)
Nodefile size = 71335.74 MB (50910.19 MB after compression)
 807036 685214     1108.3750   328     1404.0000     1017.8033 1.33e+08   27.51%
 807260 685409     1180.9821   387     1404.0000     1017.8033 1.33e+08   27.51%
 813016 690288     1343.2917   249     1404.0000     1017.9177 1.34e+08   27.50%
 815540 692411     1174.3013   345     1404.0000     1017.9177 1.34e+08   27.50%
 818868 695190     1346.7292   250     1404.0000     1018.3303 1.35e+08   27.47%
 821172 697133     1283.2500   167     1404.0000     1018.3303 1.35e+08   27.47%
 824184 699663     1043.2705   387     1404.0000     1018.3303 1.35e+08   27.47%
 826527 701641     1307.2942   382     1404.0000     1018.5812 1.36e+08   27.45%
 829421 704077     1060.8213   581     1404.0000     1018.5812 1.36e+08   27.45%
 831478 705847     1223.0000   274     1404.0000     1018.8651 1.36e+08   27.43%
Elapsed time = 4399.86 sec. (1400330.44 ticks, tree = 74305.45 MB, solutions = 11)
Nodefile size = 74171.83 MB (52890.20 MB after compression)
 832864 707026     1339.8016   213     1404.0000     1018.8651 1.37e+08   27.43%
 835788 709475     1274.5504   415     1404.0000     1019.0303 1.37e+08   27.42%
 838369 711675     1161.8953   359     1404.0000     1019.0303 1.38e+08   27.42%
 841345 714222     1120.6019   349     1404.0000     1019.0303 1.38e+08   27.42%
 844282 716725     1197.4333   329     1404.0000     1019.3021 1.38e+08   27.40%
 847514 719454     1304.2727   329     1404.0000     1019.3021 1.39e+08   27.40%
 849695 721260     1321.3333   160     1404.0000     1019.5811 1.39e+08   27.38%
 852998 724021     1191.4180   396     1404.0000     1019.5811 1.40e+08   27.38%
 856250 726767     1097.6003   351     1404.0000     1019.5811 1.40e+08   27.38%
 857438 727767     1184.4708   474     1404.0000     1019.8452 1.40e+08   27.36%
Elapsed time = 4534.23 sec. (1439940.63 ticks, tree = 76536.81 MB, solutions = 11)
Nodefile size = 76402.32 MB (54442.52 MB after compression)
 860667 730490     1124.0455   295     1404.0000     1019.8452 1.41e+08   27.36%
 862271 731836     1203.3426   405     1404.0000     1020.0517 1.41e+08   27.35%
 864095 733355     1142.6765   350     1404.0000     1020.0517 1.42e+08   27.35%
 866797 735602     1068.5000   215     1404.0000     1020.2507 1.42e+08   27.33%
 869961 738268     1317.9524   219     1404.0000     1020.2507 1.43e+08   27.33%
 872969 740770     1249.3415   343     1404.0000     1020.2507 1.43e+08   27.33%
 875158 742632     1246.0000   167     1404.0000     1020.5409 1.43e+08   27.31%
 878422 745391     1213.2778   269     1404.0000     1020.5409 1.44e+08   27.31%
 880241 746866     1090.7778   373     1404.0000     1020.8774 1.44e+08   27.29%
                                                  ZeroHalf: 1                  
 882642 748887     1130.3571   393     1404.0000     1020.8774 1.44e+08   27.29%
Elapsed time = 4656.45 sec. (1478807.99 ticks, tree = 78485.56 MB, solutions = 11)
Nodefile size = 78353.57 MB (55800.03 MB after compression)
 885683 751407     1044.3865   380     1404.0000     1020.8774 1.45e+08   27.29%
 887663 753040     1214.5000   252     1404.0000     1021.0417 1.45e+08   27.28%
 889811 754835     1135.8167   410     1404.0000     1021.0417 1.46e+08   27.28%
 892127 756770     1088.0909   309     1404.0000     1021.2905 1.46e+08   27.26%
 895824 759884     1131.5117   360     1404.0000     1021.2905 1.47e+08   27.26%
 897972 761677     1140.5833   297     1404.0000     1021.5161 1.47e+08   27.24%
 899728 763125     1181.2778   303     1404.0000     1021.5161 1.47e+08   27.24%
 902546 765493     1219.5577   310     1404.0000     1021.5161 1.48e+08   27.24%
 905074 767598     1202.6095   393     1404.0000     1021.7219 1.48e+08   27.23%
 907712 769810     1032.6667   329     1404.0000     1021.7219 1.49e+08   27.23%
Elapsed time = 4770.84 sec. (1517803.02 ticks, tree = 79800.06 MB, solutions = 11)
Nodefile size = 79649.32 MB (56697.31 MB after compression)
 910902 772465     1093.2739   381     1404.0000     1022.0064 1.49e+08   27.21%
                                                  Impl Bds: 1                  
 913494 774652     1397.2222   228     1404.0000     1022.0064 1.49e+08   27.21%
 915860 776586     1166.7778   270     1404.0000     1022.2220 1.50e+08   27.19%
                                                     Cuts: 12                  
 918388 778678     1093.8429   411     1404.0000     1022.2220 1.50e+08   27.19%
 920738 780622     1137.0907   303     1404.0000     1022.2220 1.51e+08   27.19%
 922093 781769     1289.2363   475     1404.0000     1022.4422 1.51e+08   27.18%
 925671 784749     1163.8955   386     1404.0000     1022.4422 1.52e+08   27.18%
 928057 786745     1273.2824   355     1404.0000     1022.5786 1.52e+08   27.17%
                                                  Impl Bds: 1                  
 930681 788951     1102.1429   344     1404.0000     1022.5786 1.52e+08   27.17%
 933574 791364     1369.5000   191     1404.0000     1022.9156 1.53e+08   27.14%
                                                    Covers: 1                  
Elapsed time = 4903.44 sec. (1557606.45 ticks, tree = 82475.89 MB, solutions = 11)
Nodefile size = 82342.81 MB (58575.31 MB after compression)
 936646 793882     1095.6594   306     1404.0000     1022.9156 1.53e+08   27.14%
 939778 796492     1233.4167   283     1404.0000     1023.1696 1.54e+08   27.12%
                                                  Impl Bds: 1                  
 942242 798522     1176.9556   362     1404.0000     1023.1696 1.54e+08   27.12%
 944903 800708     1210.3529   290     1404.0000     1023.1696 1.54e+08   27.12%
 946712 802215     1251.4052   353     1404.0000     1023.4144 1.55e+08   27.11%
                                                  Impl Bds: 1                  
 949176 804227     1361.4167   253     1404.0000     1023.4144 1.55e+08   27.11%
 951852 806469     1201.6190   228     1404.0000     1023.5873 1.56e+08   27.09%
 954065 808311     1065.3676   371     1404.0000     1023.5873 1.56e+08   27.09%
 956506 810346     1246.4012   293     1404.0000     1023.8250 1.56e+08   27.08%
 958700 812161     1227.5000   299     1404.0000     1023.8250 1.57e+08   27.08%
Elapsed time = 5037.69 sec. (1597569.62 ticks, tree = 84375.91 MB, solutions = 11)
Nodefile size = 84234.91 MB (59889.42 MB after compression)
 962721 815491     1133.0600   363     1404.0000     1023.8250 1.57e+08   27.08%
 964374 816863     1049.7984   390     1404.0000     1023.9861 1.58e+08   27.07%
 965586 817873     1106.5196   502     1404.0000     1023.9861 1.58e+08   27.07%
 968763 820467     1139.5466   390     1404.0000     1024.2231 1.59e+08   27.05%
 971483 822751     1259.2143   290     1404.0000     1024.2231 1.59e+08   27.05%
 974628 825365     1193.7181   360     1404.0000     1024.4747 1.59e+08   27.03%
 977996 828171     1049.4394   405     1404.0000     1024.4747 1.60e+08   27.03%
 980371 830141     1077.0893   378     1404.0000     1024.4747 1.60e+08   27.03%
 982186 831621     1100.3713   464     1404.0000     1024.6974 1.60e+08   27.02%
 985354 834263     1143.7500   269     1404.0000     1024.6974 1.61e+08   27.02%
Elapsed time = 5161.29 sec. (1636678.10 ticks, tree = 86409.55 MB, solutions = 11)
Nodefile size = 86258.94 MB (61294.41 MB after compression)
 987328 835895     1089.0000   317     1404.0000     1024.9500 1.61e+08   27.00%
 988460 836835     1212.2500   369     1404.0000     1024.9500 1.61e+08   27.00%
 991554 839376     1160.9545   322     1404.0000     1025.0798 1.62e+08   26.99%
                                                    Covers: 1                  
 993741 841224     1286.8587   335     1404.0000     1025.0798 1.62e+08   26.99%
 996045 843095     1101.6776   395     1404.0000     1025.0798 1.63e+08   26.99%
 999374 845863     1147.7767   347     1404.0000     1025.3290 1.63e+08   26.97%
                                                    Covers: 3                  
 1002830 848719     1230.6071   333     1404.0000     1025.3290 1.64e+08   26.97%
 1004722 850287     1116.6250   302     1404.0000     1025.5644 1.64e+08   26.95%
 1007260 852417     1262.7027   393     1404.0000     1025.5644 1.65e+08   26.95%
 1010242 854878     1380.4394   200     1404.0000     1025.5644 1.65e+08   26.95%
Elapsed time = 5281.36 sec. (1675516.39 ticks, tree = 88539.65 MB, solutions = 11)
Nodefile size = 88408.44 MB (62784.48 MB after compression)
 1011960 856306     1303.8333   376     1404.0000     1025.7400 1.65e+08   26.94%
 1014168 858141     1340.0000   144     1404.0000     1025.7400 1.66e+08   26.94%
 1016711 860255     1054.4210   438     1404.0000     1025.9231 1.66e+08   26.93%
 1018791 861960     1174.5200   343     1404.0000     1025.9231 1.66e+08   26.93%
 1021465 864184     1118.9853   322     1404.0000     1026.1161 1.67e+08   26.91%
 1024825 867000     1265.9062   318     1404.0000     1026.1161 1.67e+08   26.91%
 1027483 869206     1290.9167   303     1404.0000     1026.1161 1.68e+08   26.91%
 1028988 870448     1056.2523   443     1404.0000     1026.3718 1.68e+08   26.90%
 1030546 871744     1220.3750   320     1404.0000     1026.3718 1.68e+08   26.90%
 1034272 874856     1095.5000   327     1404.0000     1026.5110 1.69e+08   26.89%
Elapsed time = 5405.02 sec. (1714320.85 ticks, tree = 90475.08 MB, solutions = 11)
Nodefile size = 90339.55 MB (64120.48 MB after compression)
 1036867 877039     1124.9769   398     1404.0000     1026.5110 1.69e+08   26.89%
 1040107 879727     1157.8949   307     1404.0000     1026.7400 1.70e+08   26.87%
 1042251 881535     1145.1125   294     1404.0000     1026.7400 1.70e+08   26.87%
 1044641 883504     1126.5066   410     1404.0000     1026.7400 1.71e+08   26.87%
 1046351 884932     1188.8599   412     1404.0000     1026.9095 1.71e+08   26.86%
 1048398 886629     1044.5018   504     1404.0000     1026.9095 1.71e+08   26.86%
 1051702 889389     1051.9024   329     1404.0000     1027.0904 1.72e+08   26.85%
 1054306 891547     1257.0422   341     1404.0000     1027.0904 1.72e+08   26.85%
 1057188 893955     1125.1106   361     1404.0000     1027.2891 1.73e+08   26.83%
 1060612 896802     1115.9298   368     1404.0000     1027.2891 1.73e+08   26.83%
Elapsed time = 5533.25 sec. (1754062.12 ticks, tree = 92446.09 MB, solutions = 11)
Nodefile size = 92301.12 MB (65478.21 MB after compression)
 1063674 899367     1134.1223   362     1404.0000     1027.5150 1.74e+08   26.82%
 1067226 902301     1067.3842   376     1404.0000     1027.5150 1.74e+08   26.82%
 1069806 904415     1050.3226   382     1404.0000     1027.5150 1.75e+08   26.82%
 1071174 905555     1108.1071   295     1404.0000     1027.7426 1.75e+08   26.80%
 1072920 906996     1281.1410   267     1404.0000     1027.7426 1.75e+08   26.80%
 1075149 908821     1254.8000   229     1404.0000     1027.8594 1.76e+08   26.79%
 1078104 911280     1160.7000   338     1404.0000     1027.8594 1.76e+08   26.79%
 1081179 913833     1247.2500   269     1404.0000     1028.0849 1.76e+08   26.77%
 1083995 916175     1278.6800   371     1404.0000     1028.0849 1.77e+08   26.77%
 1086551 918303     1369.5714   217     1404.0000     1028.0849 1.77e+08   26.77%
Elapsed time = 5659.36 sec. (1794518.86 ticks, tree = 94623.39 MB, solutions = 11)
Nodefile size = 94465.45 MB (66978.24 MB after compression)
 1089035 920361        cutoff           1404.0000     1028.2868 1.78e+08   26.76%
 1090431 921525     1247.3016   427     1404.0000     1028.2868 1.78e+08   26.76%
 1093798 924305     1316.9823   389     1404.0000     1028.4471 1.79e+08   26.75%
 1095735 925927     1266.5208   243     1404.0000     1028.4471 1.79e+08   26.75%
 1098324 928083        cutoff           1404.0000     1028.6153 1.79e+08   26.74%
 1101419 930659     1270.4333   321     1404.0000     1028.6153 1.80e+08   26.74%
 1104346 933053     1201.1856   388     1404.0000     1028.6153 1.80e+08   26.74%
 1105843 934304     1073.0989   418     1404.0000     1028.8306 1.80e+08   26.72%
 1108947 936892     1061.0682   335     1404.0000     1028.8306 1.81e+08   26.72%
 1111654 939139     1335.5000   222     1404.0000     1029.0682 1.81e+08   26.70%
Elapsed time = 5790.18 sec. (1833565.60 ticks, tree = 97292.31 MB, solutions = 11)
Nodefile size = 97158.89 MB (68847.28 MB after compression)
 1114269 941298     1161.9668   308     1404.0000     1029.0682 1.82e+08   26.70%
 1116697 943297     1395.9329   254     1404.0000     1029.0682 1.82e+08   26.70%
 1119048 945222     1093.1030   361     1404.0000     1029.2325 1.83e+08   26.69%
 1121878 947569     1228.0000   300     1404.0000     1029.2325 1.83e+08   26.69%
 1124649 949883     1314.0000   297     1404.0000     1029.4156 1.83e+08   26.68%
 1127569 952313     1276.3125   273     1404.0000     1029.4156 1.84e+08   26.68%
 1128954 953458     1288.6355   324     1404.0000     1029.5908 1.84e+08   26.67%
 1132474 956368     1298.6667   219     1404.0000     1029.5908 1.85e+08   26.67%
 1135532 958879     1115.8196   351     1404.0000     1029.5908 1.85e+08   26.67%
 1136437 959643        cutoff           1404.0000     1029.7971 1.85e+08   26.65%
Elapsed time = 5920.57 sec. (1872236.00 ticks, tree = 99250.81 MB, solutions = 11)
Nodefile size = 99119.82 MB (70202.94 MB after compression)
 1138095 960999     1238.4234   518     1404.0000     1029.7971 1.86e+08   26.65%
 1141437 963746     1091.1952   424     1404.0000     1029.9108 1.86e+08   26.64%
 1144393 966198     1163.4333   279     1404.0000     1029.9108 1.87e+08   26.64%
 1147054 968398     1244.7361   367     1404.0000     1030.1747 1.87e+08   26.63%
 1149838 970747     1095.9279   412     1404.0000     1030.1747 1.87e+08   26.63%
 1153480 973792     1089.1283   384     1404.0000     1030.1747 1.88e+08   26.63%
 1155076 975136     1255.2063   334     1404.0000     1030.3492 1.88e+08   26.61%
 1156590 976407     1157.6755   367     1404.0000     1030.3492 1.88e+08   26.61%
 1159399 978738     1311.2743   334     1404.0000     1030.4951 1.89e+08   26.60%
 1162044 980911     1366.9775   216     1404.0000     1030.4951 1.89e+08   26.60%
Elapsed time = 6037.63 sec. (1911474.18 ticks, tree = 100651.56 MB, solutions = 11)
Nodefile size = 100506.23 MB (71158.10 MB after compression)
 1165116 983471     1231.1111   284     1404.0000     1030.6943 1.90e+08   26.59%
 1167996 985860     1066.6423   402     1404.0000     1030.6943 1.90e+08   26.59%
 1170812 988145     1268.1667   303     1404.0000     1030.6943 1.91e+08   26.59%
 1173240 990160     1193.8276   423     1404.0000     1030.8956 1.91e+08   26.57%
 1176024 992471     1171.1458   293     1404.0000     1030.8956 1.91e+08   26.57%
 1178481 994472     1298.0000   168     1404.0000     1031.0606 1.92e+08   26.56%
 1179370 995190     1170.1853   453     1404.0000     1031.0606 1.92e+08   26.56%
 1183462 998611     1067.9744   478     1404.0000     1031.1419 1.93e+08   26.56%
 1185478 1000302     1150.8661   356     1404.0000     1031.1419 1.93e+08   26.56%
 1188402 1002687     1085.4821   395     1404.0000     1031.3818 1.94e+08   26.54%
Elapsed time = 6170.13 sec. (1952300.04 ticks, tree = 103257.96 MB, solutions = 11)
Nodefile size = 103126.14 MB (72972.63 MB after compression)
 1191186 1004994     1325.0833   292     1404.0000     1031.3818 1.94e+08   26.54%
 1194348 1007604     1127.8616   327     1404.0000     1031.3818 1.94e+08   26.54%
 1196178 1009106     1276.0000   170     1404.0000     1031.5469 1.95e+08   26.53%
 1198574 1011073     1285.5000   391     1404.0000     1031.5469 1.95e+08   26.53%
 1200942 1013037     1311.4583   281     1404.0000     1031.7107 1.96e+08   26.52%
 1204334 1015846     1345.6875   254     1404.0000     1031.7107 1.96e+08   26.52%
 1207343 1018297        cutoff           1404.0000     1031.9000 1.97e+08   26.50%
 1209199 1019845     1194.5188   317     1404.0000     1031.9000 1.97e+08   26.50%
 1211784 1021982     1261.0000   254     1404.0000     1031.9000 1.97e+08   26.50%
 1214424 1024167     1264.9167   244     1404.0000     1032.0701 1.98e+08   26.49%
Elapsed time = 6295.89 sec. (1991164.45 ticks, tree = 105239.05 MB, solutions = 11)
Nodefile size = 105101.05 MB (74337.34 MB after compression)
 1217825 1027005     1384.5000   227     1404.0000     1032.0701 1.98e+08   26.49%
 1219316 1028215     1163.0455   378     1404.0000     1032.2762 1.98e+08   26.48%
 1221012 1029603     1177.1250   323     1404.0000     1032.2762 1.99e+08   26.48%
 1223227 1031425     1149.1099   373     1404.0000     1032.2762 1.99e+08   26.48%
 1225253 1033109     1215.3750   318     1404.0000     1032.3843 2.00e+08   26.47%
 1228805 1036031     1380.1667   165     1404.0000     1032.3843 2.00e+08   26.47%
 1232555 1039138     1042.2931   348     1404.0000     1032.5620 2.01e+08   26.46%
 1235522 1041573     1075.9707   334     1404.0000     1032.5620 2.01e+08   26.46%
 1237471 1043194     1100.3816   367     1404.0000     1032.7595 2.01e+08   26.44%
 1239903 1045224     1113.1250   332     1404.0000     1032.7595 2.02e+08   26.44%
Elapsed time = 6420.55 sec. (2030011.87 ticks, tree = 107352.73 MB, solutions = 11)
Nodefile size = 107212.25 MB (75798.00 MB after compression)
 1242652 1047485     1392.1667   119     1404.0000     1032.7595 2.02e+08   26.44%
 1243837 1048460     1255.0603   379     1404.0000     1032.9461 2.02e+08   26.43%
 1244317 1048873     1353.4966   188     1404.0000     1032.9461 2.02e+08   26.43%
 1249275 1052969     1252.7434   353     1404.0000     1032.9840 2.03e+08   26.43%
 1252127 1055323     1186.3699   400     1404.0000     1032.9840 2.04e+08   26.43%
 1254821 1057556     1276.5000   323     1404.0000     1033.2763 2.04e+08   26.40%
 1258149 1060322     1134.0747   352     1404.0000     1033.2763 2.05e+08   26.40%
 1261421 1063036     1180.5833   287     1404.0000     1033.2763 2.05e+08   26.40%
 1263315 1064599     1123.3985   389     1404.0000     1033.4752 2.05e+08   26.39%
 1265225 1066171     1185.1667   434     1404.0000     1033.4752 2.06e+08   26.39%
Elapsed time = 6546.49 sec. (2068849.27 ticks, tree = 109324.55 MB, solutions = 11)
Nodefile size = 109194.50 MB (77166.29 MB after compression)
 1268010 1068476     1156.7063   320     1404.0000     1033.5912 2.06e+08   26.38%
 1270129 1070218     1129.2415   361     1404.0000     1033.5912 2.07e+08   26.38%
 1273148 1072717     1054.8358   344     1404.0000     1033.7621 2.07e+08   26.37%
 1276124 1075171     1196.3878   372     1404.0000     1033.7621 2.07e+08   26.37%
 1279425 1077876     1320.8000   276     1404.0000     1033.9394 2.08e+08   26.36%
 1283120 1080926     1098.3357   363     1404.0000     1033.9394 2.08e+08   26.36%
 1286406 1083692     1158.7875   362     1404.0000     1033.9394 2.09e+08   26.36%
 1287470 1084596     1108.8704   348     1404.0000     1034.1292 2.09e+08   26.34%
 1288629 1085526     1241.8417   405     1404.0000     1034.1292 2.09e+08   26.34%
 1292074 1088367     1332.9747   288     1404.0000     1034.2312 2.10e+08   26.34%
Elapsed time = 6675.65 sec. (2109238.73 ticks, tree = 111324.37 MB, solutions = 11)
Nodefile size = 111191.35 MB (78540.86 MB after compression)
 1294442 1090332     1160.9636   384     1404.0000     1034.2312 2.10e+08   26.34%
 1297247 1092632     1323.1667   316     1404.0000     1034.3989 2.11e+08   26.32%
 1299455 1094468     1237.1667   285     1404.0000     1034.3989 2.11e+08   26.32%
 1301766 1096385     1240.3571   329     1404.0000     1034.3989 2.11e+08   26.32%
 1304214 1098381     1367.0000   227     1404.0000     1034.5313 2.12e+08   26.32%
 1307362 1101004     1314.5870   367     1404.0000     1034.5313 2.12e+08   26.32%
 1309343 1102651     1279.8241   361     1404.0000     1034.6681 2.13e+08   26.31%
 1312079 1104920     1110.9482   407     1404.0000     1034.6681 2.13e+08   26.31%
 1314722 1107081     1082.6793   441     1404.0000     1034.8481 2.14e+08   26.29%
 1316961 1108949     1110.1562   306     1404.0000     1034.8481 2.14e+08   26.29%
Elapsed time = 6802.00 sec. (2148254.91 ticks, tree = 113202.60 MB, solutions = 11)
Nodefile size = 113062.74 MB (79835.60 MB after compression)
 1319888 1111369     1300.5729   204     1404.0000     1034.8481 2.14e+08   26.29%
 1323435 1114280     1220.5500   293     1404.0000     1035.0136 2.15e+08   26.28%
 1326289 1116632     1147.3214   289     1404.0000     1035.0136 2.15e+08   26.28%
 1328258 1118249     1083.5281   302     1404.0000     1035.1996 2.16e+08   26.27%
 1330141 1119832     1191.9688   288     1404.0000     1035.1996 2.16e+08   26.27%
 1331362 1120844     1181.6000   395     1404.0000     1035.1996 2.16e+08   26.27%
 1335058 1123894     1161.6182   363     1404.0000     1035.2981 2.17e+08   26.26%
 1338302 1126550     1238.9250   276     1404.0000     1035.2981 2.17e+08   26.26%
 1340647 1128485     1179.0497   364     1404.0000     1035.4850 2.18e+08   26.25%
 1343789 1131098     1185.7883   356     1404.0000     1035.4850 2.18e+08   26.25%
Elapsed time = 6932.23 sec. (2187016.83 ticks, tree = 115383.90 MB, solutions = 11)
Nodefile size = 115238.39 MB (81335.77 MB after compression)
 1345608 1132547     1134.5768   322     1404.0000     1035.6426 2.18e+08   26.24%
 1348101 1134616     1098.8687   363     1404.0000     1035.6426 2.19e+08   26.24%
 1352087 1137916     1347.6667   185     1404.0000     1035.6426 2.19e+08   26.24%
 1353289 1138901     1070.1620   387     1404.0000     1035.8025 2.19e+08   26.22%
 1353464 1139050     1257.8095   413     1404.0000     1035.8025 2.20e+08   26.22%
 1357756 1142616     1184.0500   288     1404.0000     1035.8671 2.20e+08   26.22%
 1360060 1144510     1144.5014   334     1404.0000     1035.8671 2.21e+08   26.22%
 1363544 1147384     1299.7500   331     1404.0000     1036.1208 2.21e+08   26.20%
 1366872 1150153     1135.5699   377     1404.0000     1036.1208 2.22e+08   26.20%
 1370052 1152753     1222.4545   281     1404.0000     1036.1208 2.22e+08   26.20%
Elapsed time = 7050.46 sec. (2226439.46 ticks, tree = 117455.01 MB, solutions = 11)
Nodefile size = 117306.21 MB (82762.65 MB after compression)
 1371115 1153637     1218.0238   290     1404.0000     1036.2666 2.22e+08   26.19%
 1373370 1155512     1203.3710   386     1404.0000     1036.2666 2.23e+08   26.19%
 1376772 1158319     1260.5714   337     1404.0000     1036.4043 2.23e+08   26.18%
 1378975 1160117     1333.2931   329     1404.0000     1036.4043 2.24e+08   26.18%
 1381236 1161985     1118.7248   374     1404.0000     1036.5667 2.24e+08   26.17%
 1384244 1164478     1121.0541   362     1404.0000     1036.5667 2.24e+08   26.17%
 1387482 1167170     1124.2384   276     1404.0000     1036.5667 2.25e+08   26.17%
 1389351 1168702     1242.8750   314     1404.0000     1036.7250 2.25e+08   26.16%
 1390122 1169348     1329.7917   214     1404.0000     1036.7250 2.25e+08   26.16%
 1393507 1172172     1275.2400   404     1404.0000     1036.8219 2.26e+08   26.15%
Elapsed time = 7176.11 sec. (2264919.57 ticks, tree = 119417.04 MB, solutions = 11)
Nodefile size = 119283.89 MB (84123.32 MB after compression)
 1396579 1174724     1101.2264   393     1404.0000     1036.8219 2.26e+08   26.15%
 1400024 1177557     1361.8889   227     1404.0000     1036.9803 2.27e+08   26.14%
 1403896 1180727     1159.7057   344     1404.0000     1036.9803 2.27e+08   26.14%
 1406670 1183014     1258.8716   331     1404.0000     1036.9803 2.28e+08   26.14%
 1407728 1183889     1139.2753   370     1404.0000     1037.1681 2.28e+08   26.13%
 1411056 1186641     1270.5303   362     1404.0000     1037.1681 2.28e+08   26.13%
 1412279 1187636     1247.2500   234     1404.0000     1037.3120 2.29e+08   26.12%
 1414335 1189310     1252.0000   248     1404.0000     1037.3120 2.29e+08   26.12%
 1417182 1191691     1091.2251   395     1404.0000     1037.3120 2.30e+08   26.12%
 1420000 1194000     1172.5167   324     1404.0000     1037.4529 2.30e+08   26.11%
Elapsed time = 7301.49 sec. (2303961.77 ticks, tree = 121444.92 MB, solutions = 11)
Nodefile size = 121306.30 MB (85517.02 MB after compression)
 1423211 1196657     1127.2567   386     1404.0000     1037.4529 2.30e+08   26.11%
 1425844 1198806     1139.1696   335     1404.0000     1037.6265 2.31e+08   26.09%
                                                    Covers: 1                  
 1429058 1201464     1136.0000   397     1404.0000     1037.6265 2.31e+08   26.09%
 1431315 1203307     1073.2222   360     1404.0000     1037.7788 2.32e+08   26.08%
 1434067 1205601     1177.5179   308     1404.0000     1037.7788 2.32e+08   26.08%
 1436416 1207517     1258.7201   317     1404.0000     1037.7788 2.32e+08   26.08%
 1437221 1208225     1201.3667   372     1404.0000     1037.9315 2.33e+08   26.07%
 1441005 1211351     1349.0417   277     1404.0000     1037.9315 2.33e+08   26.07%
 1443493 1213393        cutoff           1404.0000     1037.9748 2.34e+08   26.07%
 1446121 1215558     1115.5033   387     1404.0000     1037.9748 2.34e+08   26.07%
Elapsed time = 7429.44 sec. (2343836.46 ticks, tree = 123468.30 MB, solutions = 11)
Nodefile size = 123322.58 MB (86906.06 MB after compression)
 1448610 1217602     1351.6667   136     1404.0000     1038.2116 2.34e+08   26.05%
 1451545 1220040     1179.2125   355     1404.0000     1038.2116 2.35e+08   26.05%
 1454413 1222404     1179.7193   323     1404.0000     1038.3462 2.35e+08   26.04%
 1457031 1224581     1083.1897   409     1404.0000     1038.3462 2.36e+08   26.04%
 1459262 1226437     1217.9861   304     1404.0000     1038.3462 2.36e+08   26.04%
 1462559 1229183     1124.6800   408     1404.0000     1038.4695 2.37e+08   26.03%
                                                  Impl Bds: 2                  
 1465213 1231373     1090.1250   336     1404.0000     1038.4695 2.37e+08   26.03%
 1468087 1233767     1271.1667   312     1404.0000     1038.6250 2.37e+08   26.02%
                                                      Cuts: 3                  
 1471310 1236455     1157.1232   356     1404.0000     1038.6250 2.38e+08   26.02%
 1473792 1238467     1090.5804   385     1404.0000     1038.7778 2.38e+08   26.01%
                                                      Cuts: 3                  
Elapsed time = 7563.10 sec. (2383823.57 ticks, tree = 126282.77 MB, solutions = 11)
Nodefile size = 126150.91 MB (88855.55 MB after compression)
 1476128 1240423     1219.5833   270     1404.0000     1038.7778 2.39e+08   26.01%
 1478883 1242659     1288.5000   201     1404.0000     1038.7778 2.39e+08   26.01%
 1480278 1243835     1205.8400   306     1404.0000     1038.9200 2.39e+08   26.00%
                                                  ZeroHalf: 1                  
 1481013 1244434     1219.4015   457     1404.0000     1038.9200 2.39e+08   26.00%
 1485749 1248340     1322.8333   278     1404.0000     1038.9722 2.40e+08   26.00%
 1488836 1250934     1200.0057   326     1404.0000     1038.9722 2.41e+08   26.00%
 1491465 1253086     1053.0092   396     1404.0000     1039.1827 2.41e+08   25.98%
 1494473 1255564     1267.4500   291     1404.0000     1039.1827 2.41e+08   25.98%
 1497734 1258221     1236.9167   278     1404.0000     1039.3199 2.42e+08   25.97%
                                                  Impl Bds: 2                  
 1499307 1259514     1216.5938   427     1404.0000     1039.3199 2.42e+08   25.97%
Elapsed time = 7699.78 sec. (2424427.24 ticks, tree = 128334.85 MB, solutions = 11)
Nodefile size = 128204.41 MB (90270.02 MB after compression)
 1502574 1262204     1363.4424   129     1404.0000     1039.3199 2.43e+08   25.97%
 1504956 1264206     1058.9479   344     1404.0000     1039.4073 2.43e+08   25.97%
 1507043 1265904     1357.7000   281     1404.0000     1039.4073 2.44e+08   25.97%
 1510183 1268521     1108.7889   348     1404.0000     1039.5932 2.44e+08   25.95%
 1513063 1270901     1159.4231   407     1404.0000     1039.5932 2.44e+08   25.95%
 1515321 1272753        cutoff           1404.0000     1039.7478 2.45e+08   25.94%
                                                  Impl Bds: 1                  
 1518553 1275434     1354.1905   297     1404.0000     1039.7478 2.45e+08   25.94%
 1521437 1277790     1062.4441   416     1404.0000     1039.7478 2.46e+08   25.94%
 1522545 1278718     1262.1471   450     1404.0000     1039.9141 2.46e+08   25.93%
                                                      Cuts: 4                  
 1522801 1278924     1308.5000   252     1404.0000     1039.9141 2.46e+08   25.93%
Elapsed time = 7823.62 sec. (2463469.16 ticks, tree = 130368.95 MB, solutions = 11)
Nodefile size = 130236.82 MB (91666.87 MB after compression)
 1528345 1283483     1301.2353   336     1404.0000     1039.9746 2.47e+08   25.93%
                                                  ZeroHalf: 1                  
 1530969 1285655     1089.5637   325     1404.0000     1039.9746 2.47e+08   25.93%
 1533790 1287998     1128.2175   459     1404.0000     1040.1500 2.48e+08   25.92%
 1536126 1289928     1137.1042   327     1404.0000     1040.1500 2.48e+08   25.92%
 1539907 1293061     1167.6250   262     1404.0000     1040.2949 2.49e+08   25.90%
 1542659 1295359     1104.1547   405     1404.0000     1040.2949 2.49e+08   25.90%
 1545054 1297319     1219.1667   273     1404.0000     1040.2949 2.49e+08   25.90%
 1546595 1298594     1138.1457   359     1404.0000     1040.4259 2.50e+08   25.90%
 1547441 1299292     1283.2708   372     1404.0000     1040.4259 2.50e+08   25.90%
 1552078 1303139     1259.1250   249     1404.0000     1040.5033 2.51e+08   25.89%
Elapsed time = 7952.53 sec. (2503520.01 ticks, tree = 132265.94 MB, solutions = 11)
Nodefile size = 132130.43 MB (92969.91 MB after compression)
 1554994 1305578     1319.0000   280     1404.0000     1040.5033 2.51e+08   25.89%
 1558020 1308072     1102.6261   388     1404.0000     1040.6888 2.51e+08   25.88%
 1561188 1310702     1160.5513   364     1404.0000     1040.6888 2.52e+08   25.88%
 1564412 1313368     1166.4250   374     1404.0000     1040.6888 2.52e+08   25.88%
 1566431 1315032     1118.4784   399     1404.0000     1040.8268 2.53e+08   25.87%
 1569283 1317397     1310.0342   316     1404.0000     1040.8268 2.53e+08   25.87%
 1570445 1318328     1234.2778   224     1404.0000     1040.9583 2.53e+08   25.86%
 1571252 1318983     1235.8333   258     1404.0000     1040.9583 2.53e+08   25.86%
 1575623 1322583     1058.3263   436     1404.0000     1041.0000 2.54e+08   25.85%
 1577171 1323880     1119.8288   288     1404.0000     1041.0000 2.54e+08   25.85%
Elapsed time = 8080.27 sec. (2542185.71 ticks, tree = 134285.03 MB, solutions = 11)
Nodefile size = 134147.75 MB (94357.76 MB after compression)
 1580339 1326490     1104.9038   322     1404.0000     1041.0000 2.55e+08   25.85%
 1583977 1329464     1212.0657   312     1404.0000     1041.1845 2.55e+08   25.84%
 1587056 1332008     1176.7689   361     1404.0000     1041.1845 2.56e+08   25.84%
 1588524 1333208     1147.8958   416     1404.0000     1041.3583 2.56e+08   25.83%
 1591372 1335592     1281.1774   330     1404.0000     1041.3583 2.56e+08   25.83%
 1595286 1338790     1340.3077   295     1404.0000     1041.4871 2.57e+08   25.82%
 1597464 1340590     1240.8672   390     1404.0000     1041.4871 2.57e+08   25.82%
 1599677 1342393     1392.4444   205     1404.0000     1041.4871 2.58e+08   25.82%
 1602081 1344365     1112.7338   382     1404.0000     1041.5848 2.58e+08   25.81%
 1605014 1346808     1230.4559   294     1404.0000     1041.5848 2.59e+08   25.81%
Elapsed time = 8208.44 sec. (2582621.50 ticks, tree = 136357.00 MB, solutions = 11)
Nodefile size = 136207.25 MB (95776.90 MB after compression)
 1608047 1349319     1112.8453   375     1404.0000     1041.7187 2.59e+08   25.80%
 1611148 1351896     1396.5000   252     1404.0000     1041.7187 2.60e+08   25.80%
 1613127 1353514     1222.9583   310     1404.0000     1041.8613 2.60e+08   25.79%
 1615621 1355604     1283.8622   355     1404.0000     1041.8613 2.60e+08   25.79%
 1618359 1357837     1146.7888   346     1404.0000     1041.8613 2.61e+08   25.79%
 1620656 1359743     1272.2607   340     1404.0000     1041.9778 2.61e+08   25.79%
 1623151 1361815     1290.6667   243     1404.0000     1041.9778 2.61e+08   25.79%
 1625482 1363725     1195.8916   383     1404.0000     1042.1179 2.62e+08   25.78%
 1629770 1367292     1117.9167   286     1404.0000     1042.1179 2.62e+08   25.78%
 1631450 1368653     1232.5000   294     1404.0000     1042.2693 2.63e+08   25.76%
Elapsed time = 8341.78 sec. (2621634.80 ticks, tree = 139078.55 MB, solutions = 11)
Nodefile size = 138948.03 MB (97666.21 MB after compression)
 1634074 1370869     1213.9487   358     1404.0000     1042.2693 2.63e+08   25.76%
 1636727 1373063     1374.3333   167     1404.0000     1042.2693 2.63e+08   25.76%
 1639130 1375018     1314.4167   311     1404.0000     1042.4071 2.64e+08   25.75%
 1641872 1377285     1198.9375   277     1404.0000     1042.4071 2.64e+08   25.75%
 1644091 1379124     1185.9215   403     1404.0000     1042.4999 2.65e+08   25.75%
                                                  Impl Bds: 4                  
 1647358 1381871     1136.3162   424     1404.0000     1042.4999 2.65e+08   25.75%
 1650425 1384379     1144.0833   286     1404.0000     1042.6394 2.66e+08   25.74%
                                                    Covers: 1                  
 1652921 1386428     1272.9167   266     1404.0000     1042.6394 2.66e+08   25.74%
 1655606 1388626     1222.6917   238     1404.0000     1042.7661 2.66e+08   25.73%
 1659561 1391903     1183.1471   349     1404.0000     1042.7661 2.67e+08   25.73%
Elapsed time = 8477.86 sec. (2661427.82 ticks, tree = 140878.98 MB, solutions = 11)
Nodefile size = 140734.29 MB (98891.63 MB after compression)
 1661911 1393828     1132.7825   389     1404.0000     1042.7661 2.67e+08   25.73%
 1663776 1395362     1365.7609   465     1404.0000     1042.9159 2.68e+08   25.72%
 1666106 1397293     1398.3333   235     1404.0000     1042.9159 2.68e+08   25.72%
 1669355 1399967     1215.6667   241     1404.0000     1043.0203 2.68e+08   25.71%
 1672002 1402146     1312.8137   260     1404.0000     1043.0203 2.69e+08   25.71%
 1674910 1404535     1130.2527   332     1404.0000     1043.1848 2.69e+08   25.70%
 1678046 1407092     1187.4405   368     1404.0000     1043.1848 2.70e+08   25.70%
 1681075 1409623     1268.3750   321     1404.0000     1043.1848 2.70e+08   25.70%
 1682512 1410791     1289.5833   368     1404.0000     1043.3151 2.70e+08   25.69%
                                                    Covers: 1                  
 1684769 1412611     1137.8595   429     1404.0000     1043.3151 2.71e+08   25.69%
Elapsed time = 8606.21 sec. (2700949.80 ticks, tree = 143059.06 MB, solutions = 11)
Nodefile size = 142928.33 MB (100401.97 MB after compression)
 1687116 1414543     1365.4667   272     1404.0000     1043.3927 2.71e+08   25.68%
 1689607 1416577     1241.4167   366     1404.0000     1043.3927 2.72e+08   25.68%
 1692766 1419180     1091.9430   366     1404.0000     1043.5301 2.72e+08   25.67%
 1695614 1421513     1115.1461   389     1404.0000     1043.5301 2.72e+08   25.67%
 1698960 1424253     1207.4167   360     1404.0000     1043.6735 2.73e+08   25.66%
 1702096 1426903     1131.8526   401     1404.0000     1043.6735 2.73e+08   25.66%
 1705533 1429725     1311.6875   273     1404.0000     1043.6735 2.74e+08   25.66%
 1707003 1430974     1145.0833   261     1404.0000     1043.8064 2.74e+08   25.65%
 1708867 1432514     1163.0000   323     1404.0000     1043.8064 2.75e+08   25.65%
 1711389 1434572     1165.8219   378     1404.0000     1043.8900 2.75e+08   25.65%
Elapsed time = 8734.97 sec. (2741019.77 ticks, tree = 145138.17 MB, solutions = 11)
Nodefile size = 145004.25 MB (101829.95 MB after compression)
 1714226 1436924     1324.5833   268     1404.0000     1043.8900 2.75e+08   25.65%
 1717163 1439341     1209.8209   354     1404.0000     1043.9979 2.76e+08   25.64%
 1720459 1442073     1072.8342   395     1404.0000     1043.9979 2.76e+08   25.64%
 1724004 1445024     1100.8717   348     1404.0000     1043.9979 2.77e+08   25.64%
 1724396 1445371     1180.3468   458     1404.0000     1044.1494 2.77e+08   25.63%
 1728167 1448456     1321.6364   257     1404.0000     1044.1494 2.78e+08   25.63%
 1730943 1450751     1175.2847   353     1404.0000     1044.1736 2.78e+08   25.63%
 1733463 1452837     1096.5643   347     1404.0000     1044.1736 2.78e+08   25.63%
 1736646 1455453     1145.8750   351     1404.0000     1044.3618 2.79e+08   25.62%
 1739430 1457752     1097.1261   336     1404.0000     1044.3618 2.79e+08   25.62%
Elapsed time = 8866.64 sec. (2781020.14 ticks, tree = 147185.29 MB, solutions = 11)
Nodefile size = 147039.67 MB (103229.60 MB after compression)
 1742192 1460045     1318.9444   230     1404.0000     1044.5000 2.80e+08   25.61%
                                                    Covers: 1                  
 1744720 1462144     1319.0000   180     1404.0000     1044.5000 2.80e+08   25.61%
 1747685 1464580     1241.1098   384     1404.0000     1044.5000 2.80e+08   25.61%
 1749491 1466070     1078.1480   391     1404.0000     1044.6055 2.81e+08   25.60%
 1752499 1468551     1324.2222   164     1404.0000     1044.6055 2.81e+08   25.60%
 1754896 1470541     1161.6799   381     1404.0000     1044.7117 2.82e+08   25.59%
 1757210 1472426     1166.5000   264     1404.0000     1044.7117 2.82e+08   25.59%
 1759710 1474489     1076.1562   356     1404.0000     1044.8091 2.82e+08   25.58%
 1763074 1477289     1217.1179   369     1404.0000     1044.8091 2.83e+08   25.58%
 1766500 1480139     1157.5625   335     1404.0000     1044.9310 2.83e+08   25.57%
Elapsed time = 9003.38 sec. (2822073.63 ticks, tree = 149912.74 MB, solutions = 11)
Nodefile size = 149782.11 MB (105115.72 MB after compression)
 1769828 1482881     1192.9607   346     1404.0000     1044.9310 2.84e+08   25.57%
 1772690 1485205     1148.6989   330     1404.0000     1044.9310 2.84e+08   25.57%
 1774541 1486706     1087.4955   389     1404.0000     1045.0628 2.84e+08   25.57%
 1777880 1489497     1167.7913   355     1404.0000     1045.0628 2.85e+08   25.57%
 1780579 1491732     1139.0248   412     1404.0000     1045.1480 2.85e+08   25.56%
 1783713 1494336     1061.6359   375     1404.0000     1045.1480 2.86e+08   25.56%
 1786385 1496538     1388.9167   254     1404.0000     1045.2748 2.86e+08   25.55%
 1789292 1498908     1326.8333   221     1404.0000     1045.2748 2.87e+08   25.55%
 1791071 1500360     1381.8750   236     1404.0000     1045.4169 2.87e+08   25.54%
 1793407 1502298     1195.7500   355     1404.0000     1045.4169 2.87e+08   25.54%
Elapsed time = 9137.52 sec. (2862318.30 ticks, tree = 151906.31 MB, solutions = 11)
Nodefile size = 151776.39 MB (106487.28 MB after compression)
 1795473 1504003     1274.5000   301     1404.0000     1045.4169 2.88e+08   25.54%
 1798981 1506914     1053.6185   414     1404.0000     1045.5148 2.88e+08   25.53%
                                                    Covers: 1                  
 1801061 1508666     1296.7500   219     1404.0000     1045.5148 2.89e+08   25.53%
 1804440 1511443     1375.2500   252     1404.0000     1045.6217 2.89e+08   25.53%
 1808045 1514412     1179.2792   309     1404.0000     1045.6217 2.90e+08   25.53%
 1809797 1515812     1172.6020   304     1404.0000     1045.7538 2.90e+08   25.52%
 1812517 1518075     1267.7218   302     1404.0000     1045.7538 2.90e+08   25.52%
 1815156 1520230     1231.2708   307     1404.0000     1045.7538 2.91e+08   25.52%
 1816922 1521707     1173.5930   356     1404.0000     1045.8556 2.91e+08   25.51%
 1818906 1523318     1181.0306   308     1404.0000     1045.8556 2.91e+08   25.51%
Elapsed time = 9255.01 sec. (2900721.35 ticks, tree = 153296.27 MB, solutions = 11)
Nodefile size = 153153.33 MB (107430.60 MB after compression)
 1822834 1526521     1182.8406   380     1404.0000     1045.9448 2.92e+08   25.50%
 1826174 1529246     1225.6429   353     1404.0000     1045.9448 2.92e+08   25.50%
 1828121 1530840     1244.8333   209     1404.0000     1046.0942 2.93e+08   25.49%
 1832033 1534074     1062.5447   434     1404.0000     1046.0942 2.93e+08   25.49%
 1834922 1536427     1296.6667   249     1404.0000     1046.2200 2.94e+08   25.48%
 1835978 1537314     1321.0000   186     1404.0000     1046.2200 2.94e+08   25.48%
 1840427 1540971     1340.3333   195     1404.0000     1046.3153 2.95e+08   25.48%
 1842184 1542432     1100.3606   423     1404.0000     1046.3153 2.95e+08   25.48%
 1844971 1544749     1119.5000   377     1404.0000     1046.3153 2.95e+08   25.48%
 1847917 1547192     1064.8918   388     1404.0000     1046.4145 2.96e+08   25.47%
Elapsed time = 9393.24 sec. (2941497.88 ticks, tree = 155934.49 MB, solutions = 11)
Nodefile size = 155795.96 MB (109247.45 MB after compression)
 1851085 1549799     1191.5517   352     1404.0000     1046.4145 2.96e+08   25.47%
 1853194 1551544     1123.8981   391     1404.0000     1046.5417 2.96e+08   25.46%
 1855997 1553826     1302.7381   271     1404.0000     1046.5417 2.97e+08   25.46%
 1859215 1556470     1186.5341   273     1404.0000     1046.6500 2.97e+08   25.45%
 1862230 1558967     1188.1349   331     1404.0000     1046.6500 2.98e+08   25.45%
 1865149 1561330     1153.7579   365     1404.0000     1046.6500 2.98e+08   25.45%
 1866661 1562561     1140.3363   450     1404.0000     1046.7664 2.98e+08   25.44%
 1868840 1564332     1090.7652   558     1404.0000     1046.7664 2.99e+08   25.44%
 1871526 1566563     1400.0000    99     1404.0000     1046.8397 2.99e+08   25.44%
*1872285 1567185      integral     0     1382.0000     1046.8397 2.99e+08   24.25%
Elapsed time = 9512.62 sec. (2977936.18 ticks, tree = 157652.29 MB, solutions = 11)
Nodefile size = 157516.23 MB (110427.06 MB after compression)
Found incumbent of value 1382.000000 after 9512.62 sec. (2977936.18 ticks)
 1874339 1568855     1138.6405   384     1382.0000     1046.8397 3.00e+08   24.25%
 1877640 1550876     1270.3333   247     1382.0000     1046.9670 3.00e+08   24.24%
 1880360 1553061        cutoff           1382.0000     1046.9670 3.01e+08   24.24%
 1882433 1554698     1236.1346   308     1382.0000     1047.1055 3.01e+08   24.23%
                                                    Covers: 1                  
 1885377 1557083     1103.5769   348     1382.0000     1047.1055 3.01e+08   24.23%
 1888795 1559868     1183.2691   350     1382.0000     1047.1055 3.02e+08   24.23%
 1889449 1560354     1158.3333   347     1382.0000     1047.2206 3.02e+08   24.22%
                                                    Covers: 2                  
 1889905 1560721     1310.4250   465     1382.0000     1047.2206 3.02e+08   24.22%
 1894754 1564630     1112.5833   382     1382.0000     1047.2461 3.03e+08   24.22%
 1897378 1566741     1148.2972   343     1382.0000     1047.2461 3.03e+08   24.22%
Elapsed time = 9637.37 sec. (3016867.58 ticks, tree = 158116.33 MB, solutions = 12)
Nodefile size = 157974.37 MB (110697.53 MB after compression)
 1900871 1569540     1211.8864   356     1382.0000     1047.4250 3.04e+08   24.21%
 1903335 1571516     1275.4167   266     1382.0000     1047.4250 3.04e+08   24.21%
 1906022 1573635     1300.8333   272     1382.0000     1047.5466 3.05e+08   24.20%
 1907784 1575058     1231.4670   357     1382.0000     1047.5466 3.05e+08   24.20%
 1910897 1577538     1122.8783   381     1382.0000     1047.5466 3.06e+08   24.20%
 1913404 1579521     1151.7625   396     1382.0000     1047.6235 3.06e+08   24.20%
 1915548 1581276     1230.6143   306     1382.0000     1047.6235 3.06e+08   24.20%
 1918453 1583587     1148.7691   355     1382.0000     1047.7285 3.07e+08   24.19%
                                                    Covers: 1                  
 1921461 1586008     1240.1500   276     1382.0000     1047.7285 3.07e+08   24.19%
 1923655 1587718     1081.4418   378     1382.0000     1047.8450 3.08e+08   24.18%
Elapsed time = 9768.61 sec. (3056710.65 ticks, tree = 160624.15 MB, solutions = 12)
Nodefile size = 160494.51 MB (112423.85 MB after compression)
*1923790+1587839                         1379.0000     1047.8450 3.08e+08   24.01%
Found incumbent of value 1379.000000 after 9769.65 sec. (3055172.15 ticks)
 1925798 1589443     1186.8958   344     1379.0000     1047.8450 3.08e+08   24.01%
 1925873 1589511     1178.6306   328     1379.0000     1047.8450 3.08e+08   24.01%
 1929731 1586016     1144.0152   332     1379.0000     1047.9100 3.08e+08   24.01%
 1929868 1586124     1337.0000   242     1379.0000     1047.9100 3.08e+08   24.01%
 1930119 1586309     1117.5301   384     1379.0000     1047.9100 3.09e+08   24.01%
 1930708 1586778     1072.8132   387     1379.0000     1047.9100 3.09e+08   24.01%
 1932415 1588136     1188.6760   363     1379.0000     1047.9696 3.09e+08   24.01%
                                                    Covers: 1                  
 1934866 1590109     1083.8922   404     1379.0000     1047.9696 3.09e+08   24.01%
*1934945+1590172                         1377.0000     1047.9696 3.09e+08   23.89%
Found incumbent of value 1377.000000 after 9894.68 sec. (3104944.64 ticks)
 1936596 1585832     1176.5550   309     1377.0000     1048.0363 3.10e+08   23.89%
                                                    Covers: 1                  
 1937007 1586162     1205.2500   259     1377.0000     1048.0363 3.10e+08   23.89%
Elapsed time = 9912.80 sec. (3131165.18 ticks, tree = 160411.42 MB, solutions = 15)
Nodefile size = 160278.37 MB (112231.49 MB after compression)
 1937940 1586943     1339.9167   245     1377.0000     1048.0363 3.10e+08   23.89%
 1938854 1587656     1115.1209   443     1377.0000     1048.0363 3.10e+08   23.89%
 1940840 1589235     1087.9002   344     1377.0000     1048.1334 3.10e+08   23.88%
 1944911 1592428     1360.7576   123     1377.0000     1048.1787 3.11e+08   23.88%
 1945541 1592955     1166.6389   350     1377.0000     1048.1787 3.11e+08   23.88%
 1948170 1595057     1251.7625   343     1377.0000     1048.2222 3.11e+08   23.88%
 1951038 1597365     1136.2000   354     1377.0000     1048.2222 3.12e+08   23.88%
 1953082 1598953     1170.4375   333     1377.0000     1048.2673 3.12e+08   23.87%
 1953664 1599411     1076.8516   365     1377.0000     1048.2673 3.12e+08   23.87%
 1956983 1602047     1373.7562   272     1377.0000     1048.3400 3.13e+08   23.87%
Elapsed time = 10159.36 sec. (3268379.59 ticks, tree = 161738.10 MB, solutions = 15)
Nodefile size = 161607.77 MB (113141.13 MB after compression)
 1957125 1602173     1158.3095   320     1377.0000     1048.3400 3.13e+08   23.87%
 1960835 1605130     1092.6197   384     1377.0000     1048.4139 3.13e+08   23.86%
 1960941 1605216     1067.1389   312     1377.0000     1048.4139 3.13e+08   23.86%
 1961271 1605479     1172.3825   345     1377.0000     1048.4139 3.14e+08   23.86%
 1963170 1606982     1257.1184   351     1377.0000     1048.4139 3.14e+08   23.86%
 1964577 1608104     1208.2085   343     1377.0000     1048.5513 3.14e+08   23.85%
 1966137 1609352     1274.6667   258     1377.0000     1048.5513 3.14e+08   23.85%
 1968771 1611420     1111.3668   362     1377.0000     1048.5595 3.15e+08   23.85%
 1972731 1614622     1332.0667   145     1377.0000     1048.6951 3.15e+08   23.84%
 1972929 1614778     1083.1082   367     1377.0000     1048.6951 3.15e+08   23.84%
Elapsed time = 10348.83 sec. (3368832.60 ticks, tree = 162930.38 MB, solutions = 15)
Nodefile size = 162797.56 MB (113955.93 MB after compression)
 1976660 1617747     1353.1018   292     1377.0000     1048.7763 3.16e+08   23.84%
 1976716 1617795     1206.4027   320     1377.0000     1048.7763 3.16e+08   23.84%
 1979101 1619685     1211.4167   312     1377.0000     1048.8333 3.16e+08   23.83%
 1981837 1621895     1257.5978   389     1377.0000     1048.8333 3.17e+08   23.83%
 1981840 1621898     1212.8845   382     1377.0000     1048.8333 3.17e+08   23.83%
 1983287 1623046     1319.9444   200     1377.0000     1048.8848 3.17e+08   23.83%
 1983819 1623466     1301.4615   321     1377.0000     1048.8848 3.17e+08   23.83%
 1986800 1625823     1234.2917   266     1377.0000     1048.9091 3.18e+08   23.83%
 1986910 1625923     1182.5000   252     1377.0000     1048.9091 3.18e+08   23.83%
 1987213 1626172     1249.2500   269     1377.0000     1048.9091 3.18e+08   23.83%
Elapsed time = 10546.34 sec. (3468018.10 ticks, tree = 164093.69 MB, solutions = 15)
Nodefile size = 163952.02 MB (114744.20 MB after compression)
 1987913 1626736     1261.2685   332     1377.0000     1048.9091 3.18e+08   23.83%
*1989881+1628298                         1372.0000     1048.9091 3.18e+08   23.55%
Found incumbent of value 1372.000000 after 10546.34 sec. (3458115.86 ticks)
*1990557+1614284                         1363.0000     1049.0000 3.18e+08   23.04%
Found incumbent of value 1363.000000 after 10580.39 sec. (3492058.55 ticks)
 1990557 1614286     1099.4444   318     1363.0000     1049.0000 3.18e+08   23.04%
 1990864 1614547     1186.2629   386     1363.0000     1049.0000 3.18e+08   23.04%
 1992842 1616140     1193.4453   360     1363.0000     1049.0000 3.18e+08   23.04%
*1993110+1616348                         1357.0000     1049.0000 3.19e+08   22.70%
Found incumbent of value 1357.000000 after 10597.17 sec. (3483368.99 ticks)
*1993335+1616527                         1354.0000     1049.0000 3.19e+08   22.53%
Found incumbent of value 1354.000000 after 10597.17 sec. (3482656.42 ticks)
 1995155 1547915     1151.4752   335     1354.0000     1049.0882 3.19e+08   22.52%
 1995318 1548053     1344.1250   300     1354.0000     1049.0882 3.19e+08   22.52%
*1995406+1548121                         1345.0000     1049.0882 3.19e+08   22.00%
Found incumbent of value 1345.000000 after 10657.64 sec. (3508901.16 ticks)
 1996044 1548601     1193.3333   347     1345.0000     1049.0882 3.19e+08   22.00%
 1997897 1510578     1131.3755   315     1345.0000     1049.1714 3.19e+08   21.99%
 1998553 1511096     1135.8750   308     1345.0000     1049.1714 3.19e+08   21.99%
 1998589 1511128     1279.5000   261     1345.0000     1049.1714 3.20e+08   21.99%
Elapsed time = 10702.51 sec. (3558363.53 ticks, tree = 150329.69 MB, solutions = 34)
Nodefile size = 150179.16 MB (104854.36 MB after compression)
 2000050 1512289     1338.2222   293     1345.0000     1049.1714 3.20e+08   21.99%
 2001904 1513671     1157.3916   344     1345.0000     1049.2438 3.20e+08   21.99%
 2002118 1513832     1224.3750   304     1345.0000     1049.2438 3.20e+08   21.99%
 2002413 1514064     1125.3333   321     1345.0000     1049.2438 3.20e+08   21.99%
 2003713 1515073     1201.0000   262     1345.0000     1049.2438 3.20e+08   21.99%
 2004497 1515702     1074.5249   414     1345.0000     1049.2438 3.20e+08   21.99%
 2005997 1516823     1200.4554   344     1345.0000     1049.3137 3.21e+08   21.98%
 2006117 1516920     1138.2552   296     1345.0000     1049.3137 3.21e+08   21.98%
 2006185 1516975     1182.1071   331     1345.0000     1049.3137 3.21e+08   21.98%

Cover cuts applied:  51
Implied bound cuts applied:  57
Zero-half cuts applied:  241
Gomory fractional cuts applied:  9

Root node processing (before b&c):
  Real time             =   11.06 sec. (5793.72 ticks)
Parallel b&c, 32 threads:
  Real time             = 10797.74 sec. (3608709.04 ticks)
  Sync time (average)   =    1.39 sec.
  Wait time (average)   =    0.00 sec.
                          ------------
Total (root+branch&cut) = 10808.80 sec. (3614502.76 ticks)


Solution status: Feasible
Execution time: 10809.2 sec
Gap: 0.21975
