Fri Jul 13 08:56:44 2018

Tried aggregator 2 times.
MIP Presolve eliminated 10500 rows and 121 columns.
Aggregator did 380 substitutions.
Reduced MIP has 9459 rows, 3086 columns, and 35332 nonzeros.
Reduced MIP has 3086 binaries, 0 generals, 0 SOSs, and 0 indicators.
Presolve time = 0.07 sec. (51.61 ticks)
Probing time = 0.01 sec. (1.96 ticks)
Tried aggregator 1 time.
Presolve time = 0.02 sec. (15.78 ticks)
Probing time = 0.01 sec. (1.96 ticks)
Clique table members: 14732.
MIP emphasis: balance optimality and feasibility.
MIP search method: dynamic search.
Parallel mode: deterministic, using up to 32 threads.
Root relaxation solution time = 0.81 sec. (116.12 ticks)

        Nodes                                         Cuts/
   Node  Left     Objective  IInf  Best Integer    Best Bound    ItCnt     Gap

      0     0      568.0000   316                    568.0000      911         
      0     0      579.6404   326                    Cuts: 38     1386         
      0     0      620.7260   410                    Cuts: 70     1983         
      0     0      642.1205   409                    Cuts: 41     2301         
      0     0      646.5107   424                    Cuts: 30     2442         
      0     0      662.1821   450                    Cuts: 51     2867         
      0     0      668.1790   467                    Cuts: 30     3184         
      0     0      670.1406   454                    Cuts: 28     3344         
      0     0      670.8025   449                    Cuts: 13     3428         
      0     0      671.4579   466                    Cuts: 20     3521         
      0     0      672.1111   481                    Cuts: 11     3656         
      0     0      672.2183   477                    Cuts: 14     3728         
      0     0      672.2546   478                    Cuts: 10     3762         
      0     0      672.4702   465                 ZeroHalf: 5     3823         
      0     0      673.1203   490                    Cuts: 11     3949         
      0     0      673.7817   473                ZeroHalf: 14     4025         
      0     0      674.3870   481                    Cuts: 19     4171         
      0     0      674.4283   480                     Cuts: 8     4214         
*     0+    0                         2483.0000      674.4283     4214   72.84%
Found incumbent of value 2483.000000 after 6.00 sec. (3185.15 ticks)
      0     2      674.4283   480     2483.0000      674.4283     4214   72.84%
Elapsed time = 6.38 sec. (3424.36 ticks, tree = 0.01 MB, solutions = 1)
      3     5      699.7861   439     2483.0000      676.8668     6948   72.74%
     10    12      694.8822   422     2483.0000      682.2366    10801   72.52%
                                                  Impl Bds: 8                  
     18    20      723.9451   419     2483.0000      682.2366    16988   72.52%
     21    23      702.2423   438     2483.0000      682.2366    18764   72.52%
                                                 Impl Bds: 12                  
     27    29      728.7433   428     2483.0000      682.2366    20155   72.52%
     36    38      702.3180   438     2483.0000      682.2366    24899   72.52%
                                                  Impl Bds: 5                  
     46    48      765.1990   376     2483.0000      682.2366    28719   72.52%
     67    69      719.7749   425     2483.0000      682.2366    35247   72.52%
                                                     Cuts: 14                  
     92    94      835.9949   349     2483.0000      682.2366    49775   72.52%
    143   145      867.1111   382     2483.0000      682.2366    79552   72.52%
Elapsed time = 16.29 sec. (7662.88 ticks, tree = 0.01 MB, solutions = 1)
    637   611      893.8333   273     2483.0000      682.2366   251457   72.52%
                                                 Impl Bds: 25                  
*  1519+ 1442                         1601.0000      682.2366   346302   57.39%
Found incumbent of value 1601.000000 after 19.88 sec. (8729.86 ticks)
*  1541  1458      integral     0     1597.0000      682.2366   346797   57.28%
Found incumbent of value 1597.000000 after 19.88 sec. (8805.78 ticks)
   1654  1544      866.4718   349     1597.0000      682.2366   366478   57.28%
                                                 Impl Bds: 12                  
   2898  2614      801.4096   366     1597.0000      682.2366   574854   57.28%
                                                     Cuts: 26                  
   3258  2954      883.8610   329     1597.0000      682.2366   627626   57.28%
   5519  4989      894.6842   394     1597.0000      699.2362   867632   56.22%
                                                     Cuts: 35                  
   6181  5628     1045.2626   336     1597.0000      699.2362   939961   56.22%
   6981  6355     1230.1057   368     1597.0000      699.2362  1014713   56.22%
   8005  7316      796.3825   384     1597.0000      699.2362  1110172   56.22%
  10310  9458      677.2303   525     1597.0000      724.3456  1337324   54.64%
Elapsed time = 65.73 sec. (22575.10 ticks, tree = 127.16 MB, solutions = 3)
  10312  9460      681.8079   522     1597.0000      724.3456  1338915   54.64%
  10313  9461      691.4391   625     1597.0000      724.3456  1341643   54.64%
  10320  9465      692.6377   454     1597.0000      724.3456  1349013   54.64%
                                                     Cuts: 13                  
* 10323+ 6314                         1596.0000      724.3456  1356324   54.61%
Found incumbent of value 1596.000000 after 70.90 sec. (27161.94 ticks)
  10327  6318      743.4861   458     1596.0000      724.3456  1364670   54.61%
  10331  6319      694.4099   449     1596.0000      724.3456  1367749   54.61%
  10347  6332      822.0577   469     1596.0000      724.3456  1382167   54.61%
  10367  6341      835.7562   434     1596.0000      724.3456  1397007   54.61%
                                                 ZeroHalf: 14                  
* 10396+ 4264                         1593.0000      724.3456  1408787   54.53%
                                                  ZeroHalf: 4                  
Found incumbent of value 1593.000000 after 79.01 sec. (32727.02 ticks)
  10555  4364      802.2277   453     1593.0000      724.3456  1442926   54.53%
  11024  4630      755.8596   388     1593.0000      724.3456  1524200   54.53%
                                                     Cuts: 11                  
  11074  4662      922.2524   504     1593.0000      724.3456  1546562   54.53%
Elapsed time = 85.71 sec. (35480.36 ticks, tree = 54.44 MB, solutions = 4)
  11159  4711      855.6355   435     1593.0000      724.3456  1574049   54.53%
  11735  5045      774.1829   537     1593.0000      724.3456  1709172   54.53%
                                                  ZeroHalf: 2                  
  11986  5182      859.2792   395     1593.0000      724.3456  1773711   54.53%
  12442  5435     1090.8333   368     1593.0000      724.3456  1870129   54.53%
  13077  5777     1034.4211   307     1593.0000      724.3456  1949766   54.53%
  14798  6594      740.6031   432     1593.0000      724.3456  2115747   54.53%
  15062  6702      774.8347   399     1593.0000      724.3456  2154739   54.53%
  15408  6892      860.2980   425     1593.0000      724.3456  2207881   54.53%
  16080  7264     1067.2500   258     1593.0000      724.3456  2272095   54.53%
  19727  9019      783.1673   474     1593.0000      724.3456  2584867   54.53%
Elapsed time = 115.54 sec. (46166.18 ticks, tree = 126.22 MB, solutions = 6)
  19893  9141     1216.4838   335     1593.0000      724.3456  2604217   54.53%
                                                  ZeroHalf: 3                  
  20102  9347      927.2105   360     1593.0000      724.3456  2632514   54.53%
  20358  9596     1044.0000   226     1593.0000      724.3456  2659308   54.53%
  20661  9889     1239.0068   386     1593.0000      724.3456  2684772   54.53%
  20885 10097     1327.7273   368     1593.0000      724.3456  2698425   54.53%
  21109 10294      794.8411   397     1593.0000      724.3456  2712604   54.53%
* 22050 11129      integral     0     1482.0000      724.3456  2814121   51.12%
Found incumbent of value 1482.000000 after 142.99 sec. (52383.31 ticks)
  22343 10660      891.6515   366     1482.0000      724.3456  2850557   51.12%
                                                  ZeroHalf: 7                  
  23687 11930     1375.5333   106     1482.0000      724.3456  2945044   51.12%
  24391 12589     1061.1822   320     1482.0000      724.3456  3029462   51.12%
Elapsed time = 155.32 sec. (55812.88 ticks, tree = 434.46 MB, solutions = 6)
Nodefile size = 277.64 MB (210.58 MB after compression)
  25991 14092      980.0000   275     1482.0000      724.3456  3187607   51.12%
  26859 14895      886.5918   360     1482.0000      724.3456  3279526   51.12%
  29494 17329     1201.7905   214     1482.0000      736.2944  3521688   50.32%
                                                     Cuts: 19                  
  30838 18598      821.5028   388     1482.0000      736.2944  3639603   50.32%
  31318 19039      968.9461   386     1482.0000      736.2944  3678581   50.32%
  33206 20821      787.4727   454     1482.0000      736.2944  3841937   50.32%
  34134 21676     1206.6667   201     1482.0000      736.2944  3922819   50.32%
  36823 24174     1031.4728   365     1482.0000      749.5732  4173938   49.42%
                                                      Cuts: 5                  
  37655 24985     1459.3333   284     1482.0000      749.5732  4265276   49.42%
  38103 25402      963.2576   355     1482.0000      749.5732  4297240   49.42%
Elapsed time = 202.92 sec. (68945.50 ticks, tree = 1981.77 MB, solutions = 7)
Nodefile size = 1827.63 MB (1387.43 MB after compression)
  39415 26588     1366.1333   219     1482.0000      749.5732  4428482   49.42%
  40323 27433      910.7143   344     1482.0000      749.5732  4513794   49.42%
  41530 28523     1205.2490   259     1482.0000      755.8889  4629155   49.00%
  43322 30217      878.3534   386     1482.0000      755.8889  4776170   49.00%
  43866 30720     1135.0000   234     1482.0000      755.8889  4830843   49.00%
  45402 32122      813.2146   367     1482.0000      755.8889  4983035   49.00%
  46428 33056     1237.2955   222     1482.0000      755.8889  5091952   49.00%
  47686 34182      833.3296   470     1482.0000      763.4371  5209287   48.49%
                                                      Cuts: 2                  
  48326 34814     1150.0000   275     1482.0000      763.4371  5287903   48.49%
  50182 36513     1051.7818   324     1482.0000      763.4371  5455388   48.49%
Elapsed time = 242.44 sec. (80774.53 ticks, tree = 3103.48 MB, solutions = 7)
Nodefile size = 2945.07 MB (2234.76 MB after compression)
  52006 38197      833.9134   432     1482.0000      763.4371  5601800   48.49%
  52700 38845     1170.3333   207     1482.0000      763.4371  5679352   48.49%
  54438 40440      821.2734   480     1482.0000      768.3026  5821987   48.16%
  54758 40756     1054.5000   207     1482.0000      768.3026  5896427   48.16%
  56262 42125      817.7933   422     1482.0000      768.3026  6070879   48.16%
  56603 42455      993.4907   344     1482.0000      768.3026  6107344   48.16%
  59429 45004     1294.8333   205     1482.0000      771.6300  6343873   47.93%
                                                  ZeroHalf: 1                  
  60133 45691     1035.9808   329     1482.0000      771.6300  6436869   47.93%
  60670 46188     1041.6036   505     1482.0000      771.6300  6484754   47.93%
  64834 49976      939.1691   362     1482.0000      771.6300  6890220   47.93%
Elapsed time = 287.50 sec. (94297.70 ticks, tree = 4268.82 MB, solutions = 7)
Nodefile size = 4118.89 MB (3114.72 MB after compression)
  65460 50499      981.4481   311     1482.0000      776.3748  6949248   47.61%
  65703 50742      895.2194   447     1482.0000      776.3748  7026110   47.61%
  67079 52080     1297.7783   278     1482.0000      776.3748  7155372   47.61%
  67749 52663     1075.2034   334     1482.0000      776.3748  7222474   47.61%
  69370 54186     1190.6250   299     1482.0000      776.3748  7360412   47.61%
  71165 55803      879.3667   396     1482.0000      781.3669  7530270   47.28%
  72029 56633      825.5484   464     1482.0000      781.3669  7617219   47.28%
  72445 57007      999.7206   313     1482.0000      781.3669  7654571   47.28%
  73725 58186     1461.3333   133     1482.0000      781.3669  7785078   47.28%
  74365 58756     1299.9298   219     1482.0000      781.3669  7848009   47.28%
Elapsed time = 327.80 sec. (106131.17 ticks, tree = 4858.86 MB, solutions = 7)
Nodefile size = 4714.54 MB (3559.14 MB after compression)
  75666 59925      867.8246   376     1482.0000      783.8929  7980773   47.11%
  76702 60899     1236.3333   165     1482.0000      783.8929  8078187   47.11%
  78828 62818     1023.9531   335     1482.0000      783.8929  8262884   47.11%
  80242 64126     1319.4359   177     1482.0000      783.8929  8383855   47.11%
  81465 65255      992.0583   345     1482.0000      783.8929  8494456   47.11%
  82644 66299     1317.9238   194     1482.0000      787.0611  8581954   46.89%
                                                  ZeroHalf: 2                  
  84146 67679      929.5882   334     1482.0000      787.0611  8724834   46.89%
  85280 68723      831.9091   405     1482.0000      787.0611  8853673   46.89%
  86703 70010     1202.8333   267     1482.0000      787.0611  9003107   46.89%
  89548 72598      827.8788   399     1482.0000      789.7810  9261147   46.71%
                                                  Impl Bds: 2                  
Elapsed time = 380.56 sec. (120295.76 ticks, tree = 6502.20 MB, solutions = 7)
Nodefile size = 6359.63 MB (4808.43 MB after compression)
  94081 76673     1192.5872   213     1482.0000      792.9887  9722386   46.49%
* 97183 79539      integral     0     1446.0000      792.9887 10012028   45.16%
Found incumbent of value 1446.000000 after 404.54 sec. (124854.22 ticks)
 100140 82165      953.1250   299     1446.0000      792.9887 10313552   45.16%
 101918 80869     1340.0667   179     1446.0000      794.6887 10510948   45.04%
*103033+81869                         1440.0000      794.6887 10633905   44.81%
Found incumbent of value 1440.000000 after 426.61 sec. (131319.39 ticks)
 105617 83196     1273.7451   288     1440.0000      796.4218 10910057   44.69%
 109915 87015      977.0173   380     1440.0000      799.6130 11361025   44.47%
 113215 90004      936.9207   341     1440.0000      799.6130 11787304   44.47%
 116089 92587     1114.2500   415     1440.0000      801.2601 12101678   44.36%
 120582 96594     1179.9000   233     1440.0000      802.8402 12604043   44.25%
 126202 101675     1063.5417   330     1440.0000      805.0717 13218714   44.09%
Elapsed time = 508.42 sec. (157714.38 ticks, tree = 9534.00 MB, solutions = 9)
Nodefile size = 9392.81 MB (7085.67 MB after compression)
 130340 105387     1034.5000   295     1440.0000      805.0717 13656414   44.09%
 133740 108457     1020.9001   326     1440.0000      807.7500 14004503   43.91%
*135828+110337                         1429.0000      807.7500 14231034   43.47%
Found incumbent of value 1429.000000 after 537.42 sec. (165722.52 ticks)
 138078 110290     1296.8333   230     1429.0000      809.4700 14446641   43.35%
                                                      Cuts: 4                  
 141535 113385      949.7753   383     1429.0000      809.4700 14809640   43.35%
*141622+113462                         1419.0000      809.4700 14819589   42.95%
Found incumbent of value 1419.000000 after 557.47 sec. (171366.40 ticks)
 144598 114051     1075.5417   313     1419.0000      811.2797 15144228   42.83%
                                                  Impl Bds: 3                  
 147710 116840     1204.3796   327     1419.0000      813.1363 15510074   42.70%
 152181 120825     1048.2970   478     1419.0000      814.2421 16110703   42.62%
 157139 125219     1006.9331   493     1419.0000      814.2421 16655104   42.62%
 160476 128224     1295.7357   138     1419.0000      816.1378 17035372   42.49%
 164070 131437      860.2138   444     1419.0000      817.6236 17400424   42.38%
Elapsed time = 639.31 sec. (196852.23 ticks, tree = 12307.36 MB, solutions = 11)
Nodefile size = 12163.39 MB (9142.19 MB after compression)
 168251 135123     1206.4091   234     1419.0000      818.8170 17839219   42.30%
 172262 138755     1088.1667   288     1419.0000      818.8170 18284847   42.30%
 175194 141346     1065.5185   336     1419.0000      820.4083 18612260   42.18%
*178096 143953      integral     0     1413.0000      820.4083 18924807   41.94%
Found incumbent of value 1413.000000 after 683.24 sec. (209467.35 ticks)
 178952 143268      967.9117   350     1413.0000      821.6630 19011480   41.85%
 182473 146422      984.7551   390     1413.0000      821.6630 19542028   41.85%
 185461 149098      877.9773   375     1413.0000      822.4484 19872505   41.79%
 189682 152901     1421.8810   207     1413.0000      824.4407 20312560   41.65%
                                                  Impl Bds: 2                  
 194877 157492      915.3872   379     1413.0000      825.6319 20870791   41.57%
                                                      Cuts: 8                  
 198875 161048     1022.1667   249     1413.0000      825.6319 21334395   41.57%
Elapsed time = 756.76 sec. (233713.35 ticks, tree = 15002.36 MB, solutions = 13)
Nodefile size = 14846.31 MB (11120.24 MB after compression)
 201631 163518     1352.6818   215     1413.0000      826.8422 21646953   41.48%
                                                      Cuts: 2                  
 205342 166823     1027.7750   314     1413.0000      828.1525 22062797   41.39%
 210146 171092     1174.0000   230     1413.0000      828.1525 22592640   41.39%
 212150 172911     1125.2000   326     1413.0000      829.1790 22851365   41.32%
                                                     Fract: 1                  
 214891 175286     1018.9758   355     1413.0000      830.1765 23270969   41.25%
 220763 180503     1376.1026   133     1413.0000      831.5187 23872160   41.15%
 226177 185328     1393.1601   221     1413.0000      831.5187 24422708   41.15%
 228946 187800      874.1629   397     1413.0000      833.0524 24710288   41.04%
                                                  Impl Bds: 4                  
 232766 191153      958.0521   301     1413.0000      833.9792 25099936   40.98%
                                                  ZeroHalf: 1                  
 237294 195195      873.1066   326     1413.0000      833.9792 25610345   40.98%
Elapsed time = 885.86 sec. (273435.42 ticks, tree = 18389.41 MB, solutions = 13)
Nodefile size = 18231.70 MB (13613.38 MB after compression)
 240678 198209      846.0853   384     1413.0000      834.8920 25975835   40.91%
 244067 201208      937.0820   316     1413.0000      835.8490 26321111   40.85%
 247971 204690      965.9082   389     1413.0000      835.8490 26740916   40.85%
 250982 207388      977.8000   472     1413.0000      837.0000 27122147   40.76%
                                                      Cuts: 2                  
 254387 210373     1002.8824   381     1413.0000      837.4984 27618122   40.73%
 260282 215573     1106.1000   314     1413.0000      838.6618 28237431   40.65%
 263766 218705     1189.5000   191     1413.0000      838.6618 28629173   40.65%
 267719 222229     1031.9379   350     1413.0000      839.7386 29040056   40.57%
                                                  ZeroHalf: 1                  
 271008 225085     1068.0635   284     1413.0000      840.5307 29369005   40.51%
 276580 230047     1323.0000   214     1413.0000      840.5307 29965016   40.51%
Elapsed time = 1021.14 sec. (313793.81 ticks, tree = 21803.33 MB, solutions = 13)
Nodefile size = 21636.31 MB (16130.21 MB after compression)
 279982 233080     1030.4286   309     1413.0000      841.5964 30300312   40.44%
 283637 236298      935.0202   396     1413.0000      842.4608 30675731   40.38%
 287916 240093     1276.0667   148     1413.0000      842.4608 31164543   40.38%
 291232 243049      905.1649   365     1413.0000      842.9546 31523293   40.34%
                                                      Cuts: 4                  
 294545 246011     1049.8824   298     1413.0000      844.0513 31849441   40.27%
 299592 250514      883.6880   390     1413.0000      844.0513 32424571   40.27%
 302524 253130     1123.0000   215     1413.0000      844.6408 32751781   40.22%
                                                    Covers: 1                  
 305438 255686     1197.1667   292     1413.0000      845.6410 33086089   40.15%
 308958 258811      967.9667   310     1413.0000      845.6410 33458396   40.15%
 311978 261460     1079.7685   363     1413.0000      846.4244 33801847   40.10%
Elapsed time = 1152.18 sec. (352963.56 ticks, tree = 25534.44 MB, solutions = 13)
Nodefile size = 25390.06 MB (18896.87 MB after compression)
 315730 264775     1023.6965   376     1413.0000      847.0059 34331812   40.06%
 321586 269926      936.4091   265     1413.0000      847.8910 34949904   39.99%
 326826 274605      994.7817   393     1413.0000      847.8910 35495767   39.99%
 329337 276840      926.3725   344     1413.0000      848.9329 35761078   39.92%
 332649 279758     1290.3000   291     1413.0000      849.5372 36108770   39.88%
 337677 284253      886.5212   401     1413.0000      849.5372 36634702   39.88%
 341411 287576      926.1410   266     1413.0000      850.2558 37048053   39.83%
 345306 291005      899.2720   353     1413.0000      851.2137 37432606   39.76%
 350554 295671      980.8846   321     1413.0000      851.2137 37988305   39.76%
 353289 298113      931.9045   354     1413.0000      851.9356 38263476   39.71%
                                                  ZeroHalf: 1                  
Elapsed time = 1288.46 sec. (393289.16 ticks, tree = 29220.84 MB, solutions = 13)
Nodefile size = 29069.80 MB (21612.69 MB after compression)
 357298 301635     1273.2500   320     1413.0000      852.6125 38677196   39.66%
 360932 304885     1176.6667   191     1413.0000      852.6125 39060867   39.66%
 363645 307288      955.2412   333     1413.0000      853.2172 39350045   39.62%
*364652+308200                         1412.0000      853.2172 39446019   39.57%
Found incumbent of value 1412.000000 after 1328.50 sec. (404439.93 ticks)
 369218 311913     1399.5747   202     1412.0000      853.8854 39886262   39.53%
 372913 315193     1151.5833   380     1412.0000      853.8854 40369001   39.53%
 377320 319119     1133.7000   334     1412.0000      854.3107 40867826   39.50%
                                                    Covers: 1                  
 381616 322887      934.0864   417     1412.0000      855.2500 41310502   39.43%
                                                  Impl Bds: 1                  
 386651 327349     1129.3333   156     1412.0000      855.8781 41800695   39.39%
                                                  ZeroHalf: 1                  
 390769 331055      920.4338   329     1412.0000      855.8781 42212504   39.39%
 394197 334090      912.4269   403     1412.0000      856.5806 42555399   39.34%
                                                  Impl Bds: 1                  
Elapsed time = 1424.28 sec. (433472.24 ticks, tree = 32764.71 MB, solutions = 14)
Nodefile size = 32612.71 MB (24216.45 MB after compression)
 398444 337807     1395.1667   222     1412.0000      857.2500 43008181   39.29%
                                                  ZeroHalf: 2                  
 402909 341783     1189.2833   250     1412.0000      857.2500 43482344   39.29%
 406827 345257     1073.9500   261     1412.0000      857.7545 43878589   39.25%
 410625 348591     1249.1667   223     1412.0000      858.4346 44243676   39.20%
*414479 352023      integral     0     1399.0000      858.4346 44629343   38.64%
Found incumbent of value 1399.000000 after 1490.48 sec. (450442.02 ticks)
 417203 349389     1199.5000   197     1399.0000      859.0000 44896723   38.60%
 420486 352297      919.1333   333     1399.0000      859.0000 45360745   38.60%
*423626+355012                         1395.0000      859.4873 45743022   38.39%
Found incumbent of value 1395.000000 after 1526.59 sec. (461080.93 ticks)
 423847 355204      971.3500   485     1395.0000      859.4873 45778555   38.39%
*425733+356850                         1379.0000      859.4873 46051554   37.67%
Found incumbent of value 1379.000000 after 1533.54 sec. (463504.14 ticks)
 427664 341699     1161.8333   277     1379.0000      860.1166 46306415   37.63%
 432323 345668      906.6441   351     1379.0000      860.7500 46807464   37.58%
                                                  ZeroHalf: 1                  
Elapsed time = 1555.01 sec. (471821.75 ticks, tree = 33974.52 MB, solutions = 17)
Nodefile size = 33829.30 MB (25071.90 MB after compression)
*433609+346805                         1375.0000      860.7500 46960785   37.40%
Found incumbent of value 1375.000000 after 1560.34 sec. (472162.00 ticks)
 437716 350382     1050.3125   279     1375.0000      860.7500 47417625   37.40%
 440196 348249     1060.5311   368     1375.0000      861.3458 47699695   37.36%
 443718 351271      917.7500   205     1375.0000      862.0256 48055909   37.31%
 448875 355799     1369.0000   198     1375.0000      862.0256 48616316   37.31%
 452048 358467     1274.6369   154     1375.0000      862.3258 48973522   37.29%
                                                    Covers: 1                  
 455267 361173     1014.0833   254     1375.0000      863.2003 49293973   37.22%
 459837 365178     1273.6667   204     1375.0000      863.2003 49800365   37.22%
 461345 366480     1248.8939   211     1375.0000      863.6506 49971687   37.19%
 466231 370692     1072.4333   297     1375.0000      864.0920 50604555   37.16%
                                                  ZeroHalf: 1                  
 469661 373683      951.6183   421     1375.0000      864.0920 50977380   37.16%
Elapsed time = 1682.04 sec. (510744.25 ticks, tree = 36314.92 MB, solutions = 18)
Nodefile size = 36151.98 MB (26773.65 MB after compression)
 474475 377789      940.0480   366     1375.0000      864.7471 51499124   37.11%
                                                  Impl Bds: 5                  
 477429 380302      893.5280   433     1375.0000      865.2917 51813035   37.07%
                                                    Covers: 1                  
 481958 384215      969.0462   446     1375.0000      865.2917 52332374   37.07%
 485876 387539     1042.7396   240     1375.0000      865.7715 52762255   37.03%
                                                      Cuts: 4                  
 489310 390487      903.6172   441     1375.0000      866.4400 53131277   36.99%
                                                  Impl Bds: 1                  
 494232 394744     1025.2500   302     1375.0000      866.4400 53670948   36.99%
 495892 396101     1097.0222   281     1375.0000      866.9375 53865427   36.95%
 499551 399270     1297.1500   186     1375.0000      867.4049 54265860   36.92%
                                                    Covers: 1                  
 505229 404164      928.2500   222     1375.0000      867.4049 54843823   36.92%
 508370 406879      986.2850   406     1375.0000      868.0690 55168967   36.87%
                                                    Covers: 1                  
Elapsed time = 1817.00 sec. (549260.69 ticks, tree = 40094.38 MB, solutions = 18)
Nodefile size = 39943.50 MB (29560.17 MB after compression)
 511740 409702      957.2500   289     1375.0000      868.5590 55526702   36.83%
                                                      Cuts: 4                  
 517607 414830      934.2396   348     1375.0000      868.5590 56130738   36.83%
 519694 416582     1123.9444   254     1375.0000      869.2000 56358271   36.79%
                                                      Cuts: 4                  
 522974 419347      981.2017   395     1375.0000      869.5559 56715543   36.76%
 526582 422507     1315.4667   173     1375.0000      869.5559 57202412   36.76%
 530671 426011     1256.8333   228     1375.0000      870.0342 57677764   36.72%
                                                  Impl Bds: 3                  
 534106 428926     1102.2500   288     1375.0000      870.5000 58057547   36.69%
 539306 433355     1214.0000   191     1375.0000      870.9458 58611975   36.66%
 542058 435742     1165.4167   204     1375.0000      870.9458 58924590   36.66%
 547284 440192     1331.2048   171     1375.0000      871.3594 59502600   36.63%
Elapsed time = 1953.94 sec. (589243.59 ticks, tree = 43441.74 MB, solutions = 18)
Nodefile size = 43293.89 MB (32021.48 MB after compression)
 550469 442888      973.1250   289     1375.0000      871.8333 59857198   36.59%
                                                  Impl Bds: 2                  
 555205 447045     1106.9048   287     1375.0000      871.8333 60352442   36.59%
 558554 449900     1018.1585   337     1375.0000      872.3731 60704557   36.55%
 562019 452890     1171.7333   175     1375.0000      872.7407 61079601   36.53%
 567355 457513     1250.7500   272     1375.0000      872.7407 61667255   36.53%
 570600 460309      971.4268   370     1375.0000      873.3214 62020938   36.49%
                                                  ZeroHalf: 1                  
 574177 463333     1075.3800   372     1375.0000      873.7724 62410797   36.45%
                                                  ZeroHalf: 1                  
 577249 465990     1351.5667   236     1375.0000      873.7724 62872589   36.45%
 580654 468890     1208.3333   228     1375.0000      873.9750 63366292   36.44%
 585423 472965     1242.8333   240     1375.0000      874.5269 63893363   36.40%
Elapsed time = 2083.21 sec. (628711.36 ticks, tree = 46750.63 MB, solutions = 18)
Nodefile size = 46606.75 MB (34456.83 MB after compression)
 589278 476279      918.8636   347     1375.0000      874.8857 64336546   36.37%
 594601 480951     1028.0000   310     1375.0000      874.8857 64923262   36.37%
 598022 483886     1200.3000   154     1375.0000      875.3743 65267229   36.34%
                                                  Impl Bds: 3                  
 601748 487080     1015.5000   202     1375.0000      875.9091 65661177   36.30%
 605904 490685     1100.5000   311     1375.0000      875.9091 66110907   36.30%
 609443 493722     1150.4722   294     1375.0000      876.3333 66456391   36.27%
 612753 496522     1147.3333   271     1375.0000      876.7326 66811631   36.24%
 619158 502145      971.7679   319     1375.0000      876.7326 67466688   36.24%
 621378 504059      980.7614   351     1375.0000      877.1630 67697302   36.21%
 625663 507705     1188.9306   327     1375.0000      877.6348 68134565   36.17%
Elapsed time = 2219.85 sec. (669251.37 ticks, tree = 50768.53 MB, solutions = 18)
Nodefile size = 50630.61 MB (37423.55 MB after compression)
 629270 510871     1279.5000   233     1375.0000      877.6348 68622644   36.17%
 632186 513371     1218.9000   178     1375.0000      877.8684 68974341   36.16%
 636990 517492     1370.5333   182     1375.0000      878.2289 69505244   36.13%
 641146 521021      989.1875   320     1375.0000      878.5633 69955735   36.10%
 647147 526205     1017.7831   344     1375.0000      878.5633 70606987   36.10%
 648896 527671     1247.1373   183     1375.0000      879.0448 70810721   36.07%
 653380 531514     1172.9167   349     1375.0000      879.4375 71272507   36.04%
 658899 536307     1105.7188   327     1375.0000      879.4375 71835050   36.04%
 661729 538683     1118.7667   244     1375.0000      879.9069 72154955   36.01%
                                                  Impl Bds: 3                  
 664874 541378     1196.3013   254     1375.0000      880.2134 72480964   35.98%
Elapsed time = 2350.62 sec. (709512.22 ticks, tree = 54042.90 MB, solutions = 18)
Nodefile size = 53904.88 MB (39806.46 MB after compression)
 668810 544838      980.4744   381     1375.0000      880.2134 72894564   35.98%
 671360 546990     1081.0500   187     1375.0000      880.6208 73193929   35.95%
 674844 549952     1132.1667   385     1375.0000      880.8225 73739054   35.94%
 680658 554916     1311.1917   172     1375.0000      881.3024 74354602   35.91%
 685767 559368      993.4000   319     1375.0000      881.3024 74894429   35.91%
 687270 560615     1065.5811   303     1375.0000      881.6000 75056120   35.88%
                                                  Impl Bds: 3                  
 692106 564765     1007.1667   322     1375.0000      882.0120 75569596   35.85%
                                                  Impl Bds: 2                  
 696554 568631      952.2500   289     1375.0000      882.0120 76035118   35.85%
 700194 571719     1360.5000   155     1375.0000      882.4222 76422770   35.82%
 703588 574597     1327.3667   232     1375.0000      882.7143 76791320   35.80%
Elapsed time = 2485.50 sec. (749764.33 ticks, tree = 57303.83 MB, solutions = 18)
Nodefile size = 57166.83 MB (42146.61 MB after compression)
 707538 578032      948.8889   464     1375.0000      882.7143 77364098   35.80%
 710901 580921      943.8333   452     1375.0000      882.9500 77769381   35.79%
 714456 583956      929.4562   380     1375.0000      883.3024 78150145   35.76%
 719738 588456      993.5417   307     1375.0000      883.5882 78673330   35.74%
 725722 593654     1011.7054   330     1375.0000      883.5882 79305232   35.74%
 727806 595401     1156.1603   204     1375.0000      884.0833 79501828   35.70%
 732298 599170     1001.2500   269     1375.0000      884.4733 79991702   35.67%
 736250 602595     1048.7500   242     1375.0000      884.4733 80432224   35.67%
 738417 604414     1077.5909   465     1375.0000      884.6746 80708795   35.66%
 743253 608552     1178.1667   325     1375.0000      884.9141 81336824   35.64%
Elapsed time = 2617.97 sec. (790691.61 ticks, tree = 59988.35 MB, solutions = 18)
Nodefile size = 59850.38 MB (44065.06 MB after compression)
 748438 612989      971.1333   346     1375.0000      885.4073 81855089   35.61%
                                                  Impl Bds: 6                  
 753207 617126     1085.8333   279     1375.0000      885.4073 82368723   35.61%
 756066 619558     1237.5000   299     1375.0000      885.6920 82695434   35.59%
 759724 622665      956.0000   335     1375.0000      885.9531 83069588   35.57%
 763724 626153      957.3498   348     1375.0000      885.9531 83492408   35.57%
 765956 628071     1306.2500   155     1375.0000      886.3028 83729533   35.54%
                                                  Impl Bds: 2                  
 771244 632640     1080.6250   328     1375.0000      886.4940 84391945   35.53%
 776810 637416      982.6361   326     1375.0000      886.9439 84953290   35.49%
 782411 642249     1072.5000   230     1375.0000      886.9439 85564508   35.49%
 785055 644446      959.2248   370     1375.0000      887.2500 85854064   35.47%
Elapsed time = 2761.86 sec. (831395.66 ticks, tree = 63349.65 MB, solutions = 18)
Nodefile size = 63208.77 MB (46471.72 MB after compression)
 788178 647102      959.0000   312     1375.0000      887.5180 86179236   35.45%
 793515 651729     1339.2667   304     1375.0000      887.5180 86729716   35.45%
 795305 653214     1263.5000   208     1375.0000      887.8750 86948398   35.43%
                                                  Impl Bds: 5                  
 799164 656506     1101.0000   364     1375.0000      888.0526 87488662   35.41%
                                                  Impl Bds: 1                  
 804120 660792     1043.7969   381     1375.0000      888.0526 88014289   35.41%
 807996 664139     1365.0417   199     1375.0000      888.3670 88420118   35.39%
 810675 666439     1065.5000   218     1375.0000      888.7109 88698788   35.37%
 816169 671198     1186.4000   227     1375.0000      888.7109 89297035   35.37%
 819802 674285     1204.1667   296     1375.0000      889.0313 89686767   35.34%
 822826 676871     1000.6250   276     1375.0000      889.3900 89988300   35.32%
Elapsed time = 2887.90 sec. (870303.23 ticks, tree = 66721.63 MB, solutions = 18)
Nodefile size = 66588.37 MB (48898.23 MB after compression)
 827469 680886     1312.9643   263     1375.0000      889.3900 90582573   35.32%
 829923 682981     1258.0000   199     1375.0000      889.6250 90872677   35.30%
 833329 685898     1144.6000   257     1375.0000      889.9180 91232591   35.28%
 838772 690527     1057.0000   236     1375.0000      890.1667 91815178   35.26%
 845003 695957     1341.2333   236     1375.0000      890.1667 92414677   35.26%
 847179 697847     1330.0000   175     1375.0000      890.5163 92640351   35.24%
                                                  Impl Bds: 1                  
 851858 701844      981.5833   353     1375.0000      890.8333 93126652   35.21%
                                                  Impl Bds: 1                  
 852114 702080     1074.8930   451     1375.0000      890.8333 93180214   35.21%
 859875 708755     1111.2500   313     1375.0000      890.9792 94122180   35.20%
 863694 712035     1114.6167   302     1375.0000      891.3859 94527540   35.17%
                                                  Impl Bds: 2                  
Elapsed time = 3025.47 sec. (911720.55 ticks, tree = 69685.25 MB, solutions = 18)
Nodefile size = 69547.29 MB (51011.08 MB after compression)
 867705 715427     1063.0513   327     1375.0000      891.6389 94942028   35.15%
                                                  Impl Bds: 1                  
 873866 720757      956.9520   399     1375.0000      891.6389 95554754   35.15%
 875745 722339      934.2130   375     1375.0000      891.9632 95771121   35.13%
 879405 725450     1162.6889   244     1375.0000      892.2260 96155546   35.11%
 880759 726637     1156.0000   305     1375.0000      892.2260 96363322   35.11%
 886519 731592      992.7760   316     1375.0000      892.3574 97083622   35.10%
 891580 735930      946.6019   373     1375.0000      892.7321 97620515   35.07%
                                                  Impl Bds: 3                  
 896633 740269      910.0618   405     1375.0000      892.7321 98115159   35.07%
 898411 741815      989.7530   326     1375.0000      893.0215 98320582   35.05%
                                                  ZeroHalf: 1                  
 902613 745447      916.3750   295     1375.0000      893.3036 98766024   35.03%
Elapsed time = 3158.11 sec. (951146.58 ticks, tree = 73018.79 MB, solutions = 18)
Nodefile size = 72882.88 MB (53384.80 MB after compression)
 907700 749835     1363.6444   193     1375.0000      893.3036 99244790   35.03%
 908920 750866     1020.4167   273     1375.0000      893.5540 99434275   35.01%
 913081 754451     1021.0833   382     1375.0000      893.7879 99951133   35.00%
 919069 759571      988.2500   329     1375.0000      894.0339 1.01e+08   34.98%
 924033 763876     1366.5000   182     1375.0000      894.0339 1.01e+08   34.98%
 926564 766063     1338.2750   221     1375.0000      894.3006 1.01e+08   34.96%
                                                    Covers: 1                  
 930909 769800      997.3155   308     1375.0000      894.5833 1.02e+08   34.94%
 935354 773654      981.9377   356     1375.0000      894.5833 1.02e+08   34.94%
 938680 776508     1324.0000   177     1375.0000      894.8125 1.03e+08   34.92%
 942579 779846     1167.2000   201     1375.0000      895.1356 1.03e+08   34.90%
Elapsed time = 3287.66 sec. (991312.45 ticks, tree = 76160.52 MB, solutions = 18)
Nodefile size = 76026.83 MB (55609.30 MB after compression)
 947090 783713      940.1250   336     1375.0000      895.1356 1.04e+08   34.90%
 948139 784597     1030.1875   480     1375.0000      895.4043 1.04e+08   34.88%
 952121 788025     1221.8770   321     1375.0000      895.5288 1.04e+08   34.87%
 956957 792161     1220.5333   159     1375.0000      895.8354 1.05e+08   34.85%
 961835 796378     1007.0367   395     1375.0000      895.8354 1.05e+08   34.85%
 964495 798603        cutoff           1375.0000      896.1287 1.06e+08   34.83%
 969515 802886     1195.1667   197     1375.0000      896.3571 1.06e+08   34.81%
 974690 807357     1249.5000   203     1375.0000      896.3571 1.07e+08   34.81%
 977490 809771     1270.9167   169     1375.0000      896.6667 1.07e+08   34.79%
 981533 813234     1169.9559   296     1375.0000      896.8854 1.07e+08   34.77%
Elapsed time = 3424.96 sec. (1032370.10 ticks, tree = 79411.22 MB, solutions = 18)
Nodefile size = 79277.58 MB (57908.62 MB after compression)
 984844 816097     1251.5526   236     1375.0000      896.8854 1.08e+08   34.77%
 987396 818264     1279.4167   254     1375.0000      897.0000 1.08e+08   34.76%
 992976 823062      967.8000   305     1375.0000      897.3310 1.09e+08   34.74%
 997853 827271     1283.0000   190     1375.0000      897.3310 1.09e+08   34.74%
 1002001 830833      983.3611   313     1375.0000      897.6113 1.10e+08   34.72%
 1005099 833526     1095.0000   221     1375.0000      897.8980 1.10e+08   34.70%
 1009570 837423     1010.5036   296     1375.0000      897.8980 1.10e+08   34.70%
 1012064 839588     1018.5000   299     1375.0000      898.1528 1.11e+08   34.68%
 1016006 842938     1063.6667   363     1375.0000      898.2256 1.11e+08   34.67%
 1022603 848658     1025.1818   288     1375.0000      898.6111 1.12e+08   34.65%
Elapsed time = 3559.89 sec. (1072892.50 ticks, tree = 82399.31 MB, solutions = 18)
Nodefile size = 82265.41 MB (60016.95 MB after compression)
 1028124 853430      947.5000   295     1375.0000      898.6111 1.12e+08   34.65%
 1030748 855691      951.6000   286     1375.0000      898.8148 1.13e+08   34.63%
 1033598 858096     1030.7923   332     1375.0000      899.0357 1.13e+08   34.62%
 1039244 862972     1135.8958   281     1375.0000      899.0357 1.14e+08   34.62%
 1041223 864670     1212.4000   229     1375.0000      899.3023 1.14e+08   34.60%
 1044973 867894     1207.5000   225     1375.0000      899.4583 1.14e+08   34.58%
 1050369 872572      985.7917   337     1375.0000      899.4583 1.15e+08   34.58%
 1053294 875061      921.5268   326     1375.0000      899.7572 1.15e+08   34.56%
 1056883 878166     1013.8773   339     1375.0000      900.0179 1.16e+08   34.54%
 1062935 883422     1057.0173   368     1375.0000      900.0179 1.16e+08   34.54%
Elapsed time = 3695.56 sec. (1111547.51 ticks, tree = 85201.62 MB, solutions = 18)
Nodefile size = 85043.75 MB (61978.54 MB after compression)
 1065475 885596     1243.0167   165     1375.0000      900.2420 1.16e+08   34.53%
 1069356 888921     1229.7333   176     1375.0000      900.4583 1.17e+08   34.51%
 1074156 893057     1364.9667    99     1375.0000      900.4583 1.17e+08   34.51%
 1076157 894789     1097.0370   478     1375.0000      900.7188 1.17e+08   34.49%
 1080983 899029     1230.8333   300     1375.0000      900.8007 1.18e+08   34.49%
                                                    Covers: 1                  
 1086678 903916     1074.2917   308     1375.0000      901.0833 1.19e+08   34.47%
                                                    Covers: 1                  
 1091877 908442     1056.3750   312     1375.0000      901.0833 1.19e+08   34.47%
 1094325 910534     1066.3790   354     1375.0000      901.3333 1.19e+08   34.45%
 1098789 914375      955.9637   343     1375.0000      901.5307 1.20e+08   34.43%
 1101749 916959     1007.0000   255     1375.0000      901.5307 1.20e+08   34.43%
Elapsed time = 3834.87 sec. (1153122.13 ticks, tree = 88755.89 MB, solutions = 18)
Nodefile size = 88623.25 MB (64510.51 MB after compression)
 1106828 921348     1186.3333   204     1375.0000      901.6956 1.21e+08   34.42%
 1111906 925713     1003.8456   389     1375.0000      902.0000 1.21e+08   34.40%
 1116722 929857      980.5564   371     1375.0000      902.1963 1.22e+08   34.39%
 1121003 933576     1019.4545   322     1375.0000      902.1963 1.22e+08   34.39%
 1125307 937294      968.6919   318     1375.0000      902.4810 1.23e+08   34.37%
 1128405 939930     1225.7076   225     1375.0000      902.6926 1.23e+08   34.35%
 1132889 943801      971.5188   449     1375.0000      902.6926 1.24e+08   34.35%
 1133764 944569     1191.0000   256     1375.0000      902.7969 1.24e+08   34.34%
 1139859 949785     1027.6458   341     1375.0000      902.9778 1.24e+08   34.33%
 1145665 954816      968.6042   306     1375.0000      902.9778 1.25e+08   34.33%
Elapsed time = 3968.11 sec. (1193425.35 ticks, tree = 91631.75 MB, solutions = 18)
Nodefile size = 91486.03 MB (66527.51 MB after compression)
 1148675 957379     1245.5000   211     1375.0000      903.2590 1.25e+08   34.31%
 1150920 959320     1307.0000   142     1375.0000      903.4390 1.26e+08   34.30%
 1156368 964018     1049.3500   357     1375.0000      903.4390 1.26e+08   34.30%
 1157878 965300     1201.2500   424     1375.0000      903.6667 1.26e+08   34.28%
 1162273 969078     1095.9224   287     1375.0000      903.7150 1.27e+08   34.28%
 1168223 974185     1086.1429   268     1375.0000      904.0492 1.27e+08   34.25%
 1173194 978466     1033.0250   356     1375.0000      904.0492 1.28e+08   34.25%
 1175587 980518     1031.4000   323     1375.0000      904.2400 1.28e+08   34.24%
 1180405 984684     1328.1667   139     1375.0000      904.4598 1.29e+08   34.22%
 1185642 989198     1354.0000   210     1375.0000      904.4598 1.29e+08   34.22%
Elapsed time = 4109.10 sec. (1233661.44 ticks, tree = 95093.37 MB, solutions = 18)
Nodefile size = 94941.26 MB (68960.59 MB after compression)
 1187528 990802     1125.8333   258     1375.0000      904.6905 1.29e+08   34.20%
 1191130 993891     1185.5000   336     1375.0000      904.7857 1.30e+08   34.20%
 1194788 997087     1012.2466   383     1375.0000      904.7857 1.30e+08   34.20%
 1200690 1002211      965.6667   285     1375.0000      905.0401 1.31e+08   34.18%
                                                    Covers: 1                  
 1203655 1004742     1300.1667   266     1375.0000      905.2875 1.31e+08   34.16%
                                                    Covers: 1                  
 1209714 1010006      925.5455   331     1375.0000      905.2875 1.32e+08   34.16%
 1211277 1011362     1040.6875   407     1375.0000      905.5126 1.32e+08   34.14%
 1214825 1014383     1085.9167   415     1375.0000      905.6423 1.32e+08   34.14%
 1221275 1019940     1005.4286   349     1375.0000      905.8353 1.33e+08   34.12%
                                                  Impl Bds: 4                  
 1227061 1024998     1106.2024   297     1375.0000      905.8353 1.34e+08   34.12%
Elapsed time = 4245.36 sec. (1273957.70 ticks, tree = 98181.29 MB, solutions = 18)
Nodefile size = 98027.02 MB (71117.39 MB after compression)
 1230010 1027532     1013.7500   216     1375.0000      906.0795 1.34e+08   34.10%
 1233958 1030894     1006.8571   328     1375.0000      906.2583 1.34e+08   34.09%
 1237390 1033854     1250.6429   194     1375.0000      906.2583 1.35e+08   34.09%
 1240682 1036681     1010.5000   225     1375.0000      906.3958 1.35e+08   34.08%
 1246216 1041446     1128.5000   199     1375.0000      906.6406 1.36e+08   34.06%
 1251152 1045694      944.2500   262     1375.0000      906.6406 1.36e+08   34.06%
 1254374 1048446      966.9718   345     1375.0000      906.8158 1.36e+08   34.05%
 1257029 1050701     1202.0333   156     1375.0000      907.0321 1.37e+08   34.03%
 1261493 1054570      974.1250   353     1375.0000      907.0321 1.37e+08   34.03%
 1264483 1057156     1085.6667   256     1375.0000      907.1304 1.38e+08   34.03%
Elapsed time = 4376.40 sec. (1313444.64 ticks, tree = 101110.03 MB, solutions = 18)
Nodefile size = 100969.22 MB (73172.92 MB after compression)
 1270826 1062610        cutoff           1375.0000      907.3750 1.38e+08   34.01%
 1274774 1065962      973.1691   367     1375.0000      907.6250 1.39e+08   33.99%
 1278840 1069467     1324.7214   274     1375.0000      907.6250 1.39e+08   33.99%
 1282294 1072446     1146.7778   315     1375.0000      907.8050 1.39e+08   33.98%
 1286055 1075628      999.0556   360     1375.0000      907.9800 1.40e+08   33.97%
 1290817 1079731     1024.6863   283     1375.0000      907.9800 1.40e+08   33.97%
 1293661 1082167     1131.6434   377     1375.0000      908.1795 1.41e+08   33.95%
 1297767 1085670     1284.6333   262     1375.0000      908.3000 1.41e+08   33.94%
 1303524 1090613     1184.6222   316     1375.0000      908.5278 1.42e+08   33.93%
                                                  ZeroHalf: 1                  
 1309559 1095844     1305.0000   247     1375.0000      908.5278 1.42e+08   33.93%
Elapsed time = 4518.87 sec. (1354141.96 ticks, tree = 104435.33 MB, solutions = 18)
Nodefile size = 104281.58 MB (75487.51 MB after compression)
 1311946 1097876     1025.4583   363     1375.0000      908.7618 1.43e+08   33.91%
                                                  Impl Bds: 1                  
 1315820 1101200      984.0000   242     1375.0000      908.9646 1.43e+08   33.89%
 1320189 1104980      974.6654   366     1375.0000      908.9646 1.44e+08   33.89%
 1323074 1107444      997.5580   419     1375.0000      909.0714 1.44e+08   33.89%
 1326592 1110440     1181.0000   286     1375.0000      909.2738 1.44e+08   33.87%
 1332281 1115377      929.0349   377     1375.0000      909.2738 1.45e+08   33.87%
 1335136 1117828     1219.3750   129     1375.0000      909.4971 1.45e+08   33.85%
 1338713 1120924     1002.0312   321     1375.0000      909.6402 1.45e+08   33.84%
 1343209 1124821     1087.3802   373     1375.0000      909.6402 1.46e+08   33.84%
 1345679 1126939     1216.7083   274     1375.0000      909.8110 1.46e+08   33.83%
Elapsed time = 4647.62 sec. (1393800.70 ticks, tree = 107326.79 MB, solutions = 18)
Nodefile size = 107189.83 MB (77520.27 MB after compression)
 1351354 1131816      986.2689   387     1375.0000      910.0278 1.47e+08   33.82%
 1356440 1136205      997.0833   278     1375.0000      910.0278 1.47e+08   33.82%
 1359274 1138645     1141.5000   209     1375.0000      910.2576 1.48e+08   33.80%
 1362703 1141600     1367.4167   173     1375.0000      910.4305 1.48e+08   33.79%
 1365038 1143630     1144.3333   357     1375.0000      910.4305 1.48e+08   33.79%
 1368550 1146660      953.8864   327     1375.0000      910.4583 1.49e+08   33.78%
 1373847 1151254      956.8442   391     1375.0000      910.7188 1.49e+08   33.77%
 1379229 1155863     1339.2500   231     1375.0000      910.9349 1.50e+08   33.75%
 1384529 1160445      984.1345   330     1375.0000      910.9349 1.50e+08   33.75%
 1387042 1162588     1237.6667   208     1375.0000      911.1071 1.51e+08   33.74%
Elapsed time = 4789.67 sec. (1434299.60 ticks, tree = 110758.95 MB, solutions = 18)
Nodefile size = 110619.39 MB (79927.67 MB after compression)
 1391192 1166124      962.0109   357     1375.0000      911.3561 1.51e+08   33.72%
 1395672 1170007      940.5542   338     1375.0000      911.3561 1.51e+08   33.72%
 1398923 1172794     1088.0000   239     1375.0000      911.5386 1.52e+08   33.71%
 1403213 1176475     1176.3333   232     1375.0000      911.6545 1.52e+08   33.70%
 1409395 1181730     1034.4167   253     1375.0000      911.8820 1.53e+08   33.68%
 1414352 1186036     1258.1667   236     1375.0000      911.8820 1.54e+08   33.68%
 1416414 1187794     1090.4500   267     1375.0000      912.0113 1.54e+08   33.67%
 1420766 1191476     1051.6007   364     1375.0000      912.2212 1.54e+08   33.66%
 1424339 1194580     1335.0000   255     1375.0000      912.2212 1.55e+08   33.66%
 1428575 1198239     1284.0000   200     1375.0000      912.3333 1.55e+08   33.65%
Elapsed time = 4922.57 sec. (1475217.23 ticks, tree = 113664.94 MB, solutions = 18)
Nodefile size = 113526.51 MB (81956.35 MB after compression)
 1433821 1202736      996.3863   383     1375.0000      912.5263 1.56e+08   33.63%
 1439936 1208000     1373.0000    40     1375.0000      912.7210 1.56e+08   33.62%
 1445168 1212556     1327.2619   155     1375.0000      912.7210 1.57e+08   33.62%
 1447371 1214442      946.7491   331     1375.0000      912.9395 1.57e+08   33.60%
 1450774 1217342     1295.0000   233     1375.0000      913.0526 1.57e+08   33.60%
 1454682 1220708      935.6774   412     1375.0000      913.0526 1.58e+08   33.60%
 1460320 1225583      954.4200   347     1375.0000      913.2509 1.58e+08   33.58%
 1463881 1228620     1300.9203   281     1375.0000      913.4435 1.59e+08   33.57%
 1468881 1232938        cutoff           1375.0000      913.4435 1.59e+08   33.57%
 1471002 1234828     1017.1771   356     1375.0000      913.5763 1.59e+08   33.56%
Elapsed time = 5061.89 sec. (1515656.08 ticks, tree = 117242.40 MB, solutions = 18)
Nodefile size = 117110.26 MB (84463.75 MB after compression)
 1475184 1238423     1209.5667   249     1375.0000      913.6786 1.60e+08   33.55%
 1481414 1243810     1176.3333   189     1375.0000      913.8788 1.60e+08   33.54%
 1487154 1248751     1077.9124   319     1375.0000      913.8788 1.61e+08   33.54%
 1488360 1249768     1021.3611   448     1375.0000      914.0392 1.61e+08   33.52%
 1493545 1254192     1103.5000   345     1375.0000      914.1819 1.62e+08   33.51%
 1497332 1257501      933.4183   333     1375.0000      914.1819 1.62e+08   33.51%
 1501000 1260696     1168.8542   361     1375.0000      914.2743 1.63e+08   33.51%
 1506490 1265433     1056.2012   379     1375.0000      914.5170 1.63e+08   33.49%
 1512350 1270492      955.4433   367     1375.0000      914.5170 1.64e+08   33.49%
 1513911 1271826     1174.4167   304     1375.0000      914.6891 1.64e+08   33.48%
Elapsed time = 5200.77 sec. (1556510.65 ticks, tree = 120384.88 MB, solutions = 18)
Nodefile size = 120249.66 MB (86656.57 MB after compression)
 1517710 1275048     1002.2266   376     1375.0000      914.8676 1.64e+08   33.46%
 1521507 1278342     1008.0000   421     1375.0000      914.8676 1.65e+08   33.46%
 1525471 1281765     1208.7051   272     1375.0000      914.9783 1.65e+08   33.46%
 1529462 1285202     1121.2500   324     1375.0000      915.1739 1.65e+08   33.44%
 1535838 1290668     1268.6000   277     1375.0000      915.2987 1.66e+08   33.43%
                                                  Impl Bds: 1                  
 1541381 1295515     1019.5455   361     1375.0000      915.2987 1.67e+08   33.43%
 1544258 1297993      963.3750   325     1375.0000      915.5833 1.67e+08   33.41%
                                                    Covers: 1                  
 1547522 1300807     1108.8333   361     1375.0000      915.7167 1.67e+08   33.40%
 1552309 1304936      955.0777   347     1375.0000      915.7167 1.68e+08   33.40%
 1556876 1308885     1112.0357   316     1375.0000      915.8857 1.68e+08   33.39%
Elapsed time = 5341.04 sec. (1596486.14 ticks, tree = 123402.79 MB, solutions = 18)
Nodefile size = 123262.73 MB (88760.11 MB after compression)
 1560889 1312323     1213.9318   190     1375.0000      916.0622 1.69e+08   33.38%
                                                    Covers: 1                  
 1567330 1317867      983.9805   342     1375.0000      916.0622 1.69e+08   33.38%
 1568141 1318561     1003.8971   476     1375.0000      916.1818 1.69e+08   33.37%
 1571765 1321674     1108.2600   409     1375.0000      916.2775 1.70e+08   33.36%
 1578325 1327287     1024.4469   341     1375.0000      916.4605 1.70e+08   33.35%
 1583445 1331686     1349.7167   231     1375.0000      916.4605 1.71e+08   33.35%
 1587050 1334768     1177.2619   231     1375.0000      916.6173 1.71e+08   33.34%
 1590439 1337659      977.6023   321     1375.0000      916.7756 1.72e+08   33.33%
                                                    Covers: 1                  
 1594749 1341373      994.9940   355     1375.0000      916.7756 1.72e+08   33.33%
 1598684 1344749      954.5000   236     1375.0000      916.8750 1.73e+08   33.32%
Elapsed time = 5477.30 sec. (1637167.08 ticks, tree = 126446.16 MB, solutions = 18)
Nodefile size = 126306.72 MB (90883.08 MB after compression)
 1602840 1348300     1070.4231   329     1375.0000      917.0625 1.73e+08   33.30%
 1607680 1352426      947.3304   367     1375.0000      917.2217 1.74e+08   33.29%
 1611669 1355831     1220.7500   259     1375.0000      917.2217 1.74e+08   33.29%
 1614788 1358516     1148.7963   361     1375.0000      917.3622 1.74e+08   33.28%
                                                  ZeroHalf: 1                  
 1620254 1363214      963.9198   337     1375.0000      917.5000 1.75e+08   33.27%
 1625440 1367675     1369.0000    91     1375.0000      917.6667 1.75e+08   33.26%
 1630048 1371671     1100.1000   307     1375.0000      917.6667 1.76e+08   33.26%
 1633312 1374486     1041.0000   284     1375.0000      917.7955 1.76e+08   33.25%
 1636830 1377507     1050.7946   483     1375.0000      917.9333 1.77e+08   33.24%
 1643394 1383165     1064.7500   274     1375.0000      918.0641 1.77e+08   33.23%
                                                    Covers: 1                  
Elapsed time = 5625.05 sec. (1679902.73 ticks, tree = 130066.68 MB, solutions = 18)
Nodefile size = 129935.58 MB (93417.09 MB after compression)
 1648833 1387859     1287.7500   175     1375.0000      918.0641 1.78e+08   33.23%
 1652847 1391333      966.9944   326     1375.0000      918.2285 1.78e+08   33.22%
 1656615 1394529     1095.8594   318     1375.0000      918.4252 1.79e+08   33.21%
 1659807 1397277     1087.6468   342     1375.0000      918.4252 1.79e+08   33.21%
 1662909 1399943     1112.1758   387     1375.0000      918.4830 1.79e+08   33.20%
 1667224 1403684     1044.2750   266     1375.0000      918.6333 1.80e+08   33.19%
 1672626 1408289     1164.8000   330     1375.0000      918.7778 1.80e+08   33.18%
 1676918 1411985     1254.3000   176     1375.0000      918.7778 1.81e+08   33.18%
 1679169 1413903     1240.0667   229     1375.0000      918.9022 1.81e+08   33.17%
 1683147 1417298     1227.6000   345     1375.0000      919.0094 1.82e+08   33.16%
                                                  ZeroHalf: 2                  
Elapsed time = 5761.44 sec. (1721161.36 ticks, tree = 132984.64 MB, solutions = 18)
Nodefile size = 132853.37 MB (95452.07 MB after compression)
 1689443 1422704      950.2917   342     1375.0000      919.1765 1.82e+08   33.15%
 1695765 1428136      940.7703   355     1375.0000      919.1765 1.83e+08   33.15%
 1697903 1429973     1264.2000   238     1375.0000      919.3412 1.83e+08   33.14%
 1701668 1433201     1289.1267   137     1375.0000      919.4961 1.83e+08   33.13%
 1702849 1434215     1113.5833   362     1375.0000      919.4961 1.84e+08   33.13%
 1708947 1439495     1296.6381   213     1375.0000      919.5657 1.84e+08   33.12%
                                                    Covers: 1                  
 1713810 1443646     1245.6667   258     1375.0000      919.7739 1.85e+08   33.11%
 1718880 1447965     1269.3250   288     1375.0000      919.9296 1.85e+08   33.10%
 1724209 1452547      937.4824   378     1375.0000      919.9296 1.86e+08   33.10%
 1727291 1455190     1175.1667   298     1375.0000      920.0531 1.86e+08   33.09%
Elapsed time = 5904.10 sec. (1761745.62 ticks, tree = 136433.39 MB, solutions = 18)
Nodefile size = 136294.23 MB (97851.24 MB after compression)
 1731436 1458688     1198.0000   214     1375.0000      920.1916 1.86e+08   33.08%
 1735307 1462023     1159.0833   273     1375.0000      920.1916 1.87e+08   33.08%
 1739251 1465432     1025.0000   334     1375.0000      920.2500 1.87e+08   33.07%
 1743986 1469476     1259.4167   215     1375.0000      920.4756 1.88e+08   33.06%
                                                    Covers: 1                  
 1749333 1474014      948.7000   309     1375.0000      920.6346 1.88e+08   33.04%
 1753641 1477732      997.5000   300     1375.0000      920.6346 1.89e+08   33.04%
 1756815 1480460     1071.0000   316     1375.0000      920.7500 1.89e+08   33.04%
 1762071 1484944      951.7797   333     1375.0000      920.9388 1.90e+08   33.02%
 1766939 1489122     1331.1190   204     1375.0000      920.9388 1.90e+08   33.02%
 1770961 1492553     1030.3796   298     1375.0000      921.0000 1.91e+08   33.02%
Elapsed time = 6043.14 sec. (1802822.66 ticks, tree = 139466.22 MB, solutions = 18)
Nodefile size = 139324.42 MB (99955.64 MB after compression)
 1774451 1495557     1177.0312   302     1375.0000      921.2229 1.91e+08   33.00%
                                                  Impl Bds: 1                  
 1778101 1498663     1006.1950   352     1375.0000      921.2229 1.91e+08   33.00%
 1781498 1501574     1105.6000   329     1375.0000      921.3299 1.92e+08   32.99%
                                                  Impl Bds: 1                  
 1785721 1505210     1029.0417   442     1375.0000      921.4895 1.92e+08   32.98%
 1788284 1507423      999.5208   437     1375.0000      921.4895 1.92e+08   32.98%
 1794181 1512507     1362.2521   180     1375.0000      921.5126 1.93e+08   32.98%
                                                    Covers: 1                  
 1799159 1516796      973.7439   327     1375.0000      921.7337 1.94e+08   32.96%
 1802889 1519981      998.3744   333     1375.0000      921.8675 1.94e+08   32.96%
 1809689 1525862     1052.4286   338     1375.0000      921.8675 1.95e+08   32.96%
 1811500 1527462     1266.7167   167     1375.0000      922.0000 1.95e+08   32.95%
                                                    Covers: 1                  
Elapsed time = 6182.20 sec. (1842225.12 ticks, tree = 142996.12 MB, solutions = 18)
Nodefile size = 142863.20 MB (102422.13 MB after compression)
 1815619 1530950     1108.6232   311     1375.0000      922.1000 1.95e+08   32.94%
 1820129 1534860     1284.0303   218     1375.0000      922.1000 1.96e+08   32.94%
 1823866 1538081     1017.9010   323     1375.0000      922.2487 1.96e+08   32.93%
 1828032 1541616     1139.8333   275     1375.0000      922.3958 1.96e+08   32.92%
 1830336 1543645     1123.6500   401     1375.0000      922.3958 1.97e+08   32.92%
 1835446 1548030     1127.4583   300     1375.0000      922.5000 1.97e+08   32.91%
 1840583 1552454     1050.5770   374     1375.0000      922.6087 1.98e+08   32.90%
 1846093 1557132        cutoff           1375.0000      922.7846 1.98e+08   32.89%
 1849912 1560422     1370.6762   139     1375.0000      922.7846 1.99e+08   32.89%
 1851869 1562086     1194.1000   251     1375.0000      922.8721 1.99e+08   32.88%
Elapsed time = 6315.40 sec. (1882834.59 ticks, tree = 145732.68 MB, solutions = 18)
Nodefile size = 145598.60 MB (104319.50 MB after compression)
 1858014 1567417     1133.0000   245     1375.0000      923.0000 2.00e+08   32.87%
 1863962 1572510      946.3760   337     1375.0000      923.0000 2.00e+08   32.87%
 1864801 1573231     1026.4167   316     1375.0000      923.1667 2.00e+08   32.86%
 1869418 1577195     1147.0843   430     1375.0000      923.3000 2.01e+08   32.85%
 1874765 1581796     1170.0000   153     1375.0000      923.4441 2.01e+08   32.84%
 1881561 1587681      964.9375   310     1375.0000      923.4441 2.02e+08   32.84%
 1883085 1588990     1121.0718   293     1375.0000      923.5744 2.02e+08   32.83%
                                                    Covers: 1                  
 1887751 1592961     1084.1000   263     1375.0000      923.7301 2.03e+08   32.82%
                                                    Covers: 1                  
 1893240 1597666      963.7500   254     1375.0000      923.7301 2.03e+08   32.82%
 1895848 1599889     1362.5000   169     1375.0000      923.8395 2.03e+08   32.81%
Elapsed time = 6455.29 sec. (1922793.08 ticks, tree = 148952.82 MB, solutions = 18)
Nodefile size = 148815.40 MB (106563.10 MB after compression)
 1900064 1603500     1368.1556   168     1375.0000      923.9415 2.04e+08   32.80%
 1905632 1608299     1301.6667   229     1375.0000      923.9415 2.04e+08   32.80%
 1907594 1609964     1206.2833   230     1375.0000      924.0957 2.05e+08   32.79%
 1911309 1613147     1004.0000   436     1375.0000      924.2000 2.05e+08   32.79%
 1917740 1618674      974.2222   299     1375.0000      924.3562 2.06e+08   32.77%
 1922247 1622565     1083.8750   296     1375.0000      924.3562 2.06e+08   32.77%
 1925347 1625232      951.4010   338     1375.0000      924.4664 2.06e+08   32.77%
 1929916 1629140     1019.7500   365     1375.0000      924.6238 2.07e+08   32.75%
 1931228 1630307      992.0093   346     1375.0000      924.6238 2.07e+08   32.75%
 1937320 1635549     1095.1562   289     1375.0000      924.7013 2.08e+08   32.75%
Elapsed time = 6589.26 sec. (1962855.93 ticks, tree = 151857.61 MB, solutions = 18)
Nodefile size = 151719.19 MB (108580.47 MB after compression)
 1941724 1639321     1147.5000   206     1375.0000      924.8534 2.08e+08   32.74%
 1945371 1642460     1359.6667   226     1375.0000      924.8534 2.09e+08   32.74%
 1948953 1645522     1310.1250   138     1375.0000      924.9913 2.09e+08   32.73%
 1953240 1649154      941.3851   362     1375.0000      925.0938 2.09e+08   32.72%
 1956610 1652056     1162.3929   336     1375.0000      925.0938 2.10e+08   32.72%
 1960748 1655604      956.1856   373     1375.0000      925.2000 2.10e+08   32.71%
 1965835 1659960     1072.5000   267     1375.0000      925.3514 2.11e+08   32.70%
                                                    Covers: 1                  
 1970068 1663539     1301.5000   188     1375.0000      925.4696 2.11e+08   32.69%
 1976688 1669241     1347.2000   217     1375.0000      925.4696 2.12e+08   32.69%
 1978642 1670908      946.5278   362     1375.0000      925.6345 2.12e+08   32.68%
Elapsed time = 6731.66 sec. (2002376.43 ticks, tree = 155310.01 MB, solutions = 18)
Nodefile size = 155179.41 MB (110986.48 MB after compression)
 1982224 1673966     1266.7500   213     1375.0000      925.7000 2.13e+08   32.68%
 1988939 1679749     1308.4083   186     1375.0000      925.8750 2.13e+08   32.66%
 1993616 1683791     1225.8000   209     1375.0000      925.8750 2.14e+08   32.66%
 1997424 1687057      989.2963   370     1375.0000      926.0000 2.14e+08   32.65%
 2000871 1689993     1151.8968   280     1375.0000      926.1031 2.14e+08   32.65%
 2007472 1695639     1086.6967   294     1375.0000      926.1031 2.15e+08   32.65%
 2009669 1697511     1335.0000    85     1375.0000      926.2495 2.15e+08   32.64%
 2013166 1700477     1061.7208   450     1375.0000      926.3383 2.16e+08   32.63%
 2019985 1706354     1110.9000   254     1375.0000      926.4688 2.16e+08   32.62%
 2024865 1710516     1166.5000   244     1375.0000      926.4688 2.17e+08   32.62%
Elapsed time = 6872.32 sec. (2044310.11 ticks, tree = 158356.28 MB, solutions = 18)
Nodefile size = 158208.58 MB (113087.47 MB after compression)
 2027832 1713044     1098.1111   287     1375.0000      926.6141 2.17e+08   32.61%
 2032324 1716845      948.7142   367     1375.0000      926.7664 2.17e+08   32.60%
 2037036 1720890     1330.7500   197     1375.0000      926.7664 2.18e+08   32.60%
 2040574 1723922     1026.5931   357     1375.0000      926.8250 2.18e+08   32.59%
 2044861 1727617     1154.4000   171     1375.0000      926.9811 2.19e+08   32.58%
 2049563 1731653     1001.6667   331     1375.0000      926.9811 2.19e+08   32.58%
 2053470 1735051     1318.3333   199     1375.0000      927.1000 2.20e+08   32.57%
 2057327 1738315     1185.0000   232     1375.0000      927.2500 2.20e+08   32.56%
 2061499 1741890     1230.5000   271     1375.0000      927.2500 2.20e+08   32.56%
 2065236 1745124     1156.5000   253     1375.0000      927.2917 2.21e+08   32.56%
Elapsed time = 7003.95 sec. (2083397.03 ticks, tree = 161323.60 MB, solutions = 18)
Nodefile size = 161182.71 MB (115148.47 MB after compression)
 2069649 1748896     1118.8333   172     1375.0000      927.4583 2.21e+08   32.55%
 2074072 1752636     1185.5323   286     1375.0000      927.5663 2.22e+08   32.54%
 2079767 1757531      999.5417   308     1375.0000      927.5663 2.22e+08   32.54%
 2081317 1758833     1128.2500   391     1375.0000      927.6889 2.22e+08   32.53%
 2085502 1762376      974.5000   357     1375.0000      927.6897 2.23e+08   32.53%
 2091107 1767230     1066.6178   382     1375.0000      927.6897 2.23e+08   32.53%
 2094671 1770321     1191.6667   187     1375.0000      927.9091 2.24e+08   32.52%
 2098350 1773494     1168.5000   242     1375.0000      928.0217 2.24e+08   32.51%
                                                  Impl Bds: 1                  
 2104325 1778638     1305.0500   163     1375.0000      928.0217 2.25e+08   32.51%
 2106231 1780261     1032.7800   252     1375.0000      928.1584 2.25e+08   32.50%
                                                  Impl Bds: 1                  
Elapsed time = 7145.02 sec. (2123201.81 ticks, tree = 164956.08 MB, solutions = 18)
Nodefile size = 164824.94 MB (117678.72 MB after compression)
 2111138 1784405      967.2812   349     1375.0000      928.2512 2.25e+08   32.49%
 2117277 1789663     1020.0723   316     1375.0000      928.2512 2.26e+08   32.49%
 2118194 1790463     1331.1667   239     1375.0000      928.3679 2.26e+08   32.48%
                                                  Impl Bds: 2                  
 2121936 1793665     1106.4375   343     1375.0000      928.4375 2.27e+08   32.48%
 2126501 1797562     1107.1667   258     1375.0000      928.4375 2.27e+08   32.48%
 2131152 1801591      954.3804   336     1375.0000      928.5718 2.28e+08   32.47%
 2135024 1804894      997.7204   349     1375.0000      928.7000 2.28e+08   32.46%
 2139864 1809051     1087.7222   267     1375.0000      928.7000 2.28e+08   32.46%
 2142396 1811228     1063.8333   305     1375.0000      928.8186 2.29e+08   32.45%
 2146448 1814661     1141.2143   415     1375.0000      928.8789 2.29e+08   32.45%
Elapsed time = 7277.94 sec. (2161964.57 ticks, tree = 167797.78 MB, solutions = 18)
Nodefile size = 167667.57 MB (119647.51 MB after compression)
 2153139 1820412     1051.5833   283     1375.0000      929.0126 2.30e+08   32.44%
 2158735 1825223     1100.3333   196     1375.0000      929.0126 2.30e+08   32.44%
 2160885 1827074     1114.0000   413     1375.0000      929.1750 2.30e+08   32.42%
 2164597 1830257     1237.2500   246     1375.0000      929.2280 2.31e+08   32.42%
 2170085 1834922     1372.3778   177     1375.0000      929.3511 2.32e+08   32.41%
 2175986 1840017     1053.5000   303     1375.0000      929.3511 2.32e+08   32.41%
 2178438 1842091     1172.9167   259     1375.0000      929.4750 2.32e+08   32.40%
 2182337 1845484     1055.1250   278     1375.0000      929.5667 2.33e+08   32.40%
 2187593 1849921      977.3217   370     1375.0000      929.7225 2.33e+08   32.38%
 2193500 1855053     1120.5833   192     1375.0000      929.7225 2.34e+08   32.38%
Elapsed time = 7419.97 sec. (2204620.16 ticks, tree = 170800.84 MB, solutions = 18)
Nodefile size = 170647.79 MB (121716.53 MB after compression)
 2196971 1858049     1133.7000   314     1375.0000      929.8333 2.34e+08   32.38%
                                                  Impl Bds: 1                  
 2201335 1861776     1339.3810   232     1375.0000      929.9856 2.35e+08   32.36%
 2206069 1865840     1061.5000   203     1375.0000      929.9856 2.35e+08   32.36%
 2207198 1866815     1019.0759   303     1375.0000      930.0123 2.35e+08   32.36%
 2212638 1871476     1012.6667   324     1375.0000      930.1296 2.36e+08   32.35%
 2218559 1876573     1203.5234   269     1375.0000      930.2677 2.36e+08   32.34%
                                                  Impl Bds: 2                  
 2224316 1881549     1021.1250   341     1375.0000      930.2677 2.37e+08   32.34%
 2227538 1884299     1346.8846   191     1375.0000      930.4000 2.37e+08   32.33%
                                                      Cuts: 3                  
 2231429 1887593      984.5260   343     1375.0000      930.5000 2.38e+08   32.33%
                                                    Covers: 1                  
 2234629 1890325      977.2092   335     1375.0000      930.5000 2.38e+08   32.33%
Elapsed time = 7565.78 sec. (2246166.65 ticks, tree = 174519.99 MB, solutions = 18)
Nodefile size = 174389.40 MB (124321.00 MB after compression)
 2239011 1894085     1180.8125   267     1375.0000      930.5650 2.39e+08   32.32%
 2242490 1897079     1199.5000   230     1375.0000      930.6897 2.39e+08   32.31%
                                                  Impl Bds: 2                  
 2248667 1902393     1282.6667   193     1375.0000      930.6897 2.39e+08   32.31%
 2251369 1904706     1064.1406   320     1375.0000      930.8060 2.40e+08   32.31%
                                                  Impl Bds: 1                  
 2255043 1907858     1033.3333   190     1375.0000      930.9500 2.40e+08   32.29%
 2259676 1911855      985.0000   326     1375.0000      930.9500 2.41e+08   32.29%
 2264012 1915571     1104.9762   225     1375.0000      930.9903 2.41e+08   32.29%
 2268238 1919191     1246.3333   208     1375.0000      931.1220 2.41e+08   32.28%
 2272566 1922861     1358.1333   126     1375.0000      931.2353 2.42e+08   32.27%
 2279373 1928716     1278.6667   209     1375.0000      931.2353 2.42e+08   32.27%
Elapsed time = 7700.08 sec. (2286397.88 ticks, tree = 177496.75 MB, solutions = 18)
Nodefile size = 177337.96 MB (126366.96 MB after compression)
 2281018 1930147     1087.8333   291     1375.0000      931.3646 2.43e+08   32.26%
 2285637 1934103     1370.7333   180     1375.0000      931.4286 2.43e+08   32.26%
 2292105 1939646     1101.7812   324     1375.0000      931.5524 2.44e+08   32.25%
 2297299 1944143     1316.0905   207     1375.0000      931.5524 2.44e+08   32.25%
 2300495 1946874     1013.8333   324     1375.0000      931.6605 2.45e+08   32.24%
 2304732 1950486     1090.6667   207     1375.0000      931.7568 2.45e+08   32.24%
 2309401 1954503     1332.3810   196     1375.0000      931.7568 2.46e+08   32.24%
 2312037 1956782     1255.8333   229     1375.0000      931.8100 2.46e+08   32.23%
 2317149 1961170     1135.5000   198     1375.0000      931.9688 2.46e+08   32.22%
 2322086 1965405     1080.0000   270     1375.0000      932.0625 2.47e+08   32.21%
                                                    Covers: 1                  
Elapsed time = 7845.47 sec. (2328241.14 ticks, tree = 181162.08 MB, solutions = 18)
Nodefile size = 181032.35 MB (128928.72 MB after compression)
 2328879 1971243     1135.3868   332     1375.0000      932.0625 2.47e+08   32.21%
 2330434 1972595      973.3333   365     1375.0000      932.1193 2.48e+08   32.21%
 2334092 1975685     1004.5392   443     1375.0000      932.2500 2.48e+08   32.20%
 2339391 1980202     1152.0833   281     1375.0000      932.3750 2.49e+08   32.19%
 2346106 1985965      973.1190   323     1375.0000      932.3750 2.49e+08   32.19%
 2348255 1987837     1017.0321   374     1375.0000      932.4935 2.49e+08   32.18%
 2353181 1992035     1029.8611   321     1375.0000      932.5998 2.50e+08   32.17%
 2356607 1994934     1256.5000   291     1375.0000      932.5998 2.50e+08   32.17%
 2360675 1998400     1020.6505   342     1375.0000      932.6667 2.51e+08   32.17%
 2365228 2002307      974.9667   346     1375.0000      932.7546 2.51e+08   32.16%
Elapsed time = 7981.36 sec. (2368815.17 ticks, tree = 184112.40 MB, solutions = 18)
Nodefile size = 183976.59 MB (130969.32 MB after compression)
 2370031 2006391     1134.6667   299     1375.0000      932.8833 2.52e+08   32.15%
 2374895 2010582     1272.7789   201     1375.0000      932.8833 2.52e+08   32.15%
 2378519 2013685      955.8230   389     1375.0000      933.0000 2.52e+08   32.15%
 2382626 2017209     1115.6833   419     1375.0000      933.0833 2.53e+08   32.14%
 2388037 2021827     1166.0000   276     1375.0000      933.1848 2.54e+08   32.13%
 2394029 2026970     1045.4583   291     1375.0000      933.1848 2.54e+08   32.13%
 2396244 2028873     1216.2000   306     1375.0000      933.2955 2.54e+08   32.12%
 2400185 2032227      969.1644   502     1375.0000      933.3686 2.55e+08   32.12%
 2406939 2038031     1289.0000   233     1375.0000      933.5000 2.55e+08   32.11%
                                                  Impl Bds: 1                  
 2410875 2041426     1034.7251   441     1375.0000      933.5000 2.56e+08   32.11%
Elapsed time = 8123.44 sec. (2411407.15 ticks, tree = 187214.55 MB, solutions = 18)
Nodefile size = 187072.17 MB (133113.58 MB after compression)
 2414234 2044324     1149.6562   322     1375.0000      933.6106 2.56e+08   32.10%
 2418650 2048070     1372.5000   179     1375.0000      933.7059 2.57e+08   32.09%
 2425551 2053981     1000.0451   378     1375.0000      933.7059 2.57e+08   32.09%
 2427161 2055369     1148.0000   161     1375.0000      933.8240 2.57e+08   32.09%
                                                  Impl Bds: 1                  
 2431647 2059170     1030.6370   390     1375.0000      933.8750 2.58e+08   32.08%
                                                  Impl Bds: 1                  
 2436878 2063638     1081.8750   316     1375.0000      934.0000 2.58e+08   32.07%
 2440462 2066752     1237.7500   198     1375.0000      934.0000 2.59e+08   32.07%
 2445569 2071114     1091.3000   283     1375.0000      934.1065 2.59e+08   32.06%
 2450183 2075073     1369.0833   206     1375.0000      934.2143 2.60e+08   32.06%
 2453349 2077791     1102.0000   463     1375.0000      934.2143 2.60e+08   32.06%
Elapsed time = 8267.87 sec. (2451850.98 ticks, tree = 190684.44 MB, solutions = 18)
Nodefile size = 190554.25 MB (135527.98 MB after compression)
 2457462 2081285     1017.1429   262     1375.0000      934.2833 2.61e+08   32.05%
 2462656 2085743     1289.6667   190     1375.0000      934.4030 2.61e+08   32.04%
 2467692 2089993     1125.4286   267     1375.0000      934.5300 2.61e+08   32.03%
 2471756 2093492      959.2839   366     1375.0000      934.5300 2.62e+08   32.03%
 2475856 2096981      953.8140   374     1375.0000      934.6429 2.62e+08   32.03%
 2479712 2100335     1121.3889   348     1375.0000      934.7031 2.63e+08   32.02%
 2486267 2105952     1016.8000   461     1375.0000      934.7031 2.63e+08   32.02%
 2488971 2108282     1213.3333   216     1375.0000      934.8156 2.64e+08   32.01%
 2492345 2111142     1068.5000   168     1375.0000      934.9063 2.64e+08   32.01%
                                                  Impl Bds: 1                  
 2498282 2116217     1182.5000   203     1375.0000      934.9063 2.64e+08   32.01%
Elapsed time = 8403.58 sec. (2491882.68 ticks, tree = 193707.81 MB, solutions = 18)
Nodefile size = 193555.96 MB (137602.95 MB after compression)
 2500924 2118494      957.6552   360     1375.0000      935.0088 2.65e+08   32.00%
                                                      Cuts: 2                  
 2505124 2122109     1259.9487   368     1375.0000      935.0857 2.65e+08   31.99%
                                                  Impl Bds: 1                  
 2511217 2127328     1214.5000   216     1375.0000      935.2000 2.66e+08   31.99%
                                                  Impl Bds: 2                  
 2515964 2131346     1027.5000   308     1375.0000      935.2000 2.66e+08   31.99%
 2520053 2134910      977.7179   313     1375.0000      935.3087 2.67e+08   31.98%
                                                  Impl Bds: 1                  
 2523533 2137855     1184.5833   204     1375.0000      935.4038 2.67e+08   31.97%
 2527954 2141680     1355.3833   178     1375.0000      935.4038 2.68e+08   31.97%
 2531267 2144524     1096.2500   281     1375.0000      935.4542 2.68e+08   31.97%
 2535473 2148090     1287.0000   194     1375.0000      935.5888 2.68e+08   31.96%
 2540053 2151990     1053.7500   266     1375.0000      935.7000 2.69e+08   31.95%
Elapsed time = 8544.23 sec. (2533075.30 ticks, tree = 197267.74 MB, solutions = 18)
Nodefile size = 197138.61 MB (140085.18 MB after compression)
 2545023 2156244     1355.3667   220     1375.0000      935.7000 2.69e+08   31.95%
 2547481 2158364     1183.0000   233     1375.0000      935.7941 2.70e+08   31.94%
 2551666 2161940     1047.7500   294     1375.0000      935.8580 2.70e+08   31.94%
 2557268 2166683     1116.8750   258     1375.0000      935.9696 2.71e+08   31.93%
                                                  Impl Bds: 3                  
 2564039 2172482      963.8389   330     1375.0000      935.9696 2.71e+08   31.93%
 2567028 2175067     1183.6286   269     1375.0000      936.0500 2.71e+08   31.92%
                                                  Impl Bds: 3                  
 2569866 2177510     1264.8182   293     1375.0000      936.1344 2.72e+08   31.92%
 2574407 2181399     1006.3954   366     1375.0000      936.1344 2.72e+08   31.92%
 2577808 2184349     1181.2500   256     1375.0000      936.1806 2.73e+08   31.91%
 2582427 2188322     1146.7500   237     1375.0000      936.3154 2.73e+08   31.90%
Elapsed time = 8678.92 sec. (2572505.76 ticks, tree = 200114.11 MB, solutions = 18)
Nodefile size = 199981.95 MB (142052.35 MB after compression)
 2587496 2192637      945.0538   345     1375.0000      936.3154 2.74e+08   31.90%
 2590180 2194966      980.2333   309     1375.0000      936.4097 2.74e+08   31.90%
 2594855 2198974     1040.0000   287     1375.0000      936.5000 2.74e+08   31.89%
                                                    Covers: 1                  
 2601613 2204782      995.4688   279     1375.0000      936.5000 2.75e+08   31.89%
 2603267 2206218     1307.8333   239     1375.0000      936.6136 2.75e+08   31.88%
 2606083 2208594     1168.0000   422     1375.0000      936.6833 2.75e+08   31.88%
 2612260 2213833     1087.7083   325     1375.0000      936.7917 2.76e+08   31.87%
 2616439 2217387      955.7500   250     1375.0000      936.7917 2.76e+08   31.87%
 2619534 2220054     1298.5000   224     1375.0000      936.8810 2.77e+08   31.86%
 2623611 2223482     1231.3182   231     1375.0000      936.9583 2.77e+08   31.86%
Elapsed time = 8816.25 sec. (2612523.57 ticks, tree = 203646.64 MB, solutions = 18)
Nodefile size = 203516.95 MB (144506.90 MB after compression)
 2628696 2227884     1326.6000   240     1375.0000      936.9583 2.78e+08   31.86%
 2630963 2229823      996.0732   363     1375.0000      937.0000 2.78e+08   31.85%
 2637215 2235165     1061.9432   334     1375.0000      937.1250 2.79e+08   31.85%
 2642851 2239964     1069.2308   304     1375.0000      937.2294 2.79e+08   31.84%
 2647507 2243977      990.5833   231     1375.0000      937.2294 2.80e+08   31.84%
 2649920 2246053     1067.5000   297     1375.0000      937.3045 2.80e+08   31.83%
 2655114 2250514     1003.0357   348     1375.0000      937.3929 2.80e+08   31.83%
 2660184 2254859     1297.0000   201     1375.0000      937.3929 2.81e+08   31.83%
 2662886 2257174     1055.6667   349     1375.0000      937.5000 2.81e+08   31.82%
 2668068 2261641     1041.3000   350     1375.0000      937.5632 2.82e+08   31.81%
Elapsed time = 8949.79 sec. (2653145.29 ticks, tree = 206393.08 MB, solutions = 18)
Nodefile size = 206256.83 MB (146404.26 MB after compression)
 2673139 2266022      979.2687   341     1375.0000      937.6833 2.82e+08   31.80%
                                                    Covers: 1                  
 2679182 2271216     1036.4571   324     1375.0000      937.6833 2.83e+08   31.80%
 2680922 2272686      998.2656   430     1375.0000      937.7836 2.83e+08   31.80%
 2684414 2275674     1072.0000   382     1375.0000      937.8333 2.83e+08   31.79%
 2689978 2280422     1283.4167   190     1375.0000      937.9500 2.84e+08   31.79%
 2696065 2285681     1055.3000   450     1375.0000      937.9500 2.84e+08   31.79%
 2699192 2288369     1103.2500   222     1375.0000      938.0455 2.85e+08   31.78%
                                                    Covers: 1                  
 2703028 2291636     1052.0000   241     1375.0000      938.1250 2.85e+08   31.77%
                                                    Covers: 2                  
 2707817 2295747     1146.2500   273     1375.0000      938.1250 2.86e+08   31.77%
 2710516 2298082      949.9500   352     1375.0000      938.1563 2.86e+08   31.77%
Elapsed time = 9087.13 sec. (2694027.04 ticks, tree = 209469.42 MB, solutions = 18)
Nodefile size = 209332.57 MB (148540.02 MB after compression)
 2716450 2303212     1362.3833   160     1375.0000      938.2838 2.86e+08   31.76%
                                                    Covers: 1                  
 2722204 2308144     1199.6000   245     1375.0000      938.3929 2.87e+08   31.75%
 2727563 2312777     1156.0000   203     1375.0000      938.3929 2.87e+08   31.75%
 2730018 2314906     1171.2843   296     1375.0000      938.4661 2.88e+08   31.75%
 2734061 2318378     1044.0000   364     1375.0000      938.5246 2.88e+08   31.74%
 2740340 2323736     1122.2500   271     1375.0000      938.5833 2.89e+08   31.74%
 2747059 2329480     1292.7333   218     1375.0000      938.5833 2.89e+08   31.74%
 2749935 2331930     1355.7396   203     1375.0000      938.7500 2.90e+08   31.73%
                                                    Covers: 1                  
 2752768 2334321     1036.7750   337     1375.0000      938.8438 2.90e+08   31.72%
 2757026 2337961     1045.0625   366     1375.0000      938.8438 2.90e+08   31.72%
Elapsed time = 9232.90 sec. (2735843.38 ticks, tree = 213184.60 MB, solutions = 18)
Nodefile size = 213054.85 MB (151118.32 MB after compression)
 2760693 2341141     1219.6551   335     1375.0000      938.8987 2.91e+08   31.72%
                                                    Covers: 2                  
 2765178 2344946     1158.2500   292     1375.0000      939.0000 2.91e+08   31.71%
                                                      Cuts: 2                  
 2770271 2349283     1345.5929   255     1375.0000      939.0556 2.92e+08   31.71%
 2775553 2353806     1079.3333   276     1375.0000      939.0556 2.92e+08   31.71%
 2778028 2355904      991.4167   439     1375.0000      939.1721 2.92e+08   31.70%
 2781997 2359278     1135.9091   445     1375.0000      939.2061 2.93e+08   31.69%
 2787765 2364182     1030.4833   317     1375.0000      939.3269 2.94e+08   31.69%
 2792815 2368508     1278.7333   210     1375.0000      939.3269 2.94e+08   31.69%
 2796915 2371995     1016.2333   300     1375.0000      939.4375 2.94e+08   31.68%
 2800259 2374836     1121.6333   238     1375.0000      939.5000 2.95e+08   31.67%
Elapsed time = 9373.70 sec. (2777038.64 ticks, tree = 216679.79 MB, solutions = 18)
Nodefile size = 216550.85 MB (153538.92 MB after compression)
 2803795 2377855     1027.0000   341     1375.0000      939.5000 2.95e+08   31.67%
 2806747 2380378     1101.1667   277     1375.0000      939.5643 2.96e+08   31.67%
 2813769 2386382     1076.1250   286     1375.0000      939.6467 2.96e+08   31.66%
 2818882 2390715      993.2065   335     1375.0000      939.7607 2.97e+08   31.65%
 2823572 2394734     1329.0000   131     1375.0000      939.7607 2.97e+08   31.65%
 2824410 2395452     1066.1667   261     1375.0000      939.8360 2.97e+08   31.65%
 2830169 2400364     1159.5000   208     1375.0000      939.8750 2.98e+08   31.65%
 2835932 2405269     1009.8904   388     1375.0000      940.0083 2.98e+08   31.64%
 2840777 2409387      978.5263   349     1375.0000      940.0083 2.99e+08   31.64%
 2844396 2412489     1293.2000   177     1375.0000      940.1000 2.99e+08   31.63%
Elapsed time = 9519.01 sec. (2817912.19 ticks, tree = 219587.78 MB, solutions = 18)
Nodefile size = 219449.16 MB (155539.60 MB after compression)
 2848195 2415731     1081.4677   323     1375.0000      940.1877 3.00e+08   31.62%
 2852886 2419744     1165.0320   310     1375.0000      940.1877 3.00e+08   31.62%
 2856256 2422640     1198.1667   271     1375.0000      940.2692 3.00e+08   31.62%
 2860847 2426605     1255.5000   219     1375.0000      940.3750 3.01e+08   31.61%
 2866023 2431005     1210.8333   201     1375.0000      940.3750 3.01e+08   31.61%
 2867535 2432318     1200.6667   277     1375.0000      940.4460 3.02e+08   31.60%
 2871724 2435887     1062.2466   481     1375.0000      940.5000 3.02e+08   31.60%
 2878194 2441417      992.5882   355     1375.0000      940.5872 3.03e+08   31.59%
 2883680 2446102     1179.5000   152     1375.0000      940.5872 3.03e+08   31.59%
 2886633 2448610     1358.2000   233     1375.0000      940.6938 3.03e+08   31.59%
Elapsed time = 9653.26 sec. (2857601.16 ticks, tree = 222798.79 MB, solutions = 18)
Nodefile size = 222663.44 MB (157765.97 MB after compression)
 2890357 2451737     1217.5833   219     1375.0000      940.7959 3.04e+08   31.58%
 2894680 2455449     1135.8214   286     1375.0000      940.7959 3.04e+08   31.58%
 2898383 2458592     1057.8182   364     1375.0000      940.8074 3.05e+08   31.58%
 2902961 2462505     1269.3667   172     1375.0000      940.9412 3.05e+08   31.57%
 2908078 2466879      998.6018   373     1375.0000      941.0000 3.06e+08   31.56%
 2913518 2471516     1061.1250   283     1375.0000      941.0000 3.06e+08   31.56%
 2914404 2472268     1326.9048   231     1375.0000      941.1000 3.06e+08   31.56%
 2917812 2475171     1036.6915   358     1375.0000      941.1273 3.07e+08   31.55%
 2917970 2475321     1117.8554   253     1375.0000      941.1273 3.07e+08   31.55%
 2919181 2476346      975.6667   288     1375.0000      941.1273 3.07e+08   31.55%
Elapsed time = 9787.81 sec. (2907755.99 ticks, tree = 225039.80 MB, solutions = 18)
Nodefile size = 224891.32 MB (159306.81 MB after compression)
 2921981 2478745     1179.6000   202     1375.0000      941.1649 3.07e+08   31.55%
 2922361 2479068      994.8000   193     1375.0000      941.1649 3.07e+08   31.55%
 2924685 2481058     1202.3636   189     1375.0000      941.1649 3.07e+08   31.55%
 2926913 2482959     1274.7738   266     1375.0000      941.1667 3.08e+08   31.55%
 2928888 2484657     1015.2500   280     1375.0000      941.1667 3.08e+08   31.55%
 2931849 2487177     1122.0893   291     1375.0000      941.2500 3.08e+08   31.55%
 2934641 2489536     1075.0000   231     1375.0000      941.3333 3.08e+08   31.54%
 2934733 2489612     1181.6667   290     1375.0000      941.3333 3.08e+08   31.54%
 2935433 2490213     1000.2889   337     1375.0000      941.3333 3.08e+08   31.54%
 2935469 2490245     1059.9858   353     1375.0000      941.3333 3.09e+08   31.54%
Elapsed time = 9962.25 sec. (3004136.94 ticks, tree = 226263.74 MB, solutions = 18)
Nodefile size = 226128.98 MB (160166.09 MB after compression)
 2935942 2490667     1083.7500   275     1375.0000      941.3333 3.09e+08   31.54%
 2938475 2492816     1097.0667   247     1375.0000      941.3750 3.09e+08   31.54%
 2940609 2494658     1233.3750   252     1375.0000      941.3750 3.09e+08   31.54%
 2941168 2495133     1083.6667   248     1375.0000      941.3750 3.09e+08   31.54%
 2943142 2496802     1069.5000   188     1375.0000      941.4191 3.09e+08   31.53%
 2943429 2497044     1082.8333   296     1375.0000      941.4191 3.09e+08   31.53%
 2946539 2499703     1332.5833   184     1375.0000      941.5000 3.09e+08   31.53%
 2947419 2500477     1334.1667   216     1375.0000      941.5000 3.10e+08   31.53%
 2949413 2502164     1084.9524   186     1375.0000      941.5000 3.10e+08   31.53%
 2950911 2503453     1166.4833   220     1375.0000      941.5000 3.10e+08   31.53%
Elapsed time = 10098.64 sec. (3078356.26 ticks, tree = 227769.47 MB, solutions = 18)
Nodefile size = 227640.59 MB (161214.65 MB after compression)
 2951488 2503957     1023.2258   313     1375.0000      941.5000 3.10e+08   31.53%
 2953567 2505737     1342.5000   220     1375.0000      941.5687 3.10e+08   31.52%
 2953628 2505798     1246.0000   262     1375.0000      941.5687 3.10e+08   31.52%
 2954420 2506496     1177.5333   220     1375.0000      941.5687 3.10e+08   31.52%
 2955850 2507703     1084.5833   270     1375.0000      941.5687 3.11e+08   31.52%
 2957016 2508700     1314.0190   225     1375.0000      941.6094 3.11e+08   31.52%
 2957126 2508801     1245.8116   220     1375.0000      941.6094 3.11e+08   31.52%
 2959663 2510962     1012.6500   339     1375.0000      941.6094 3.11e+08   31.52%
 2959670 2510969     1001.6667   255     1375.0000      941.6094 3.11e+08   31.52%
 2960928 2512052     1039.4281   349     1375.0000      941.6538 3.11e+08   31.52%
Elapsed time = 10248.71 sec. (3171194.08 ticks, tree = 228476.03 MB, solutions = 18)
Nodefile size = 228346.67 MB (161702.30 MB after compression)
 2963746 2514436      977.0000   255     1375.0000      941.6538 3.11e+08   31.52%
 2965451 2515901     1108.7604   305     1375.0000      941.7088 3.11e+08   31.51%
 2965452 2515902     1333.6667   243     1375.0000      941.7088 3.11e+08   31.51%
 2968363 2518338     1321.0000   220     1375.0000      941.7088 3.12e+08   31.51%
 2968486 2518447     1075.9800   284     1375.0000      941.7088 3.12e+08   31.51%
 2970467 2520130     1011.4869   364     1375.0000      941.7088 3.12e+08   31.51%
 2971690 2521146     1043.5023   339     1375.0000      941.7833 3.12e+08   31.51%
 2971776 2521225     1108.2000   249     1375.0000      941.7833 3.12e+08   31.51%
 2973699 2522875     1038.1621   322     1375.0000      941.7833 3.12e+08   31.51%
 2974840 2523838     1201.7500   183     1375.0000      941.8333 3.12e+08   31.50%
Elapsed time = 10409.56 sec. (3266365.72 ticks, tree = 229425.52 MB, solutions = 18)
Nodefile size = 229295.87 MB (162361.16 MB after compression)
 2977600 2526216     1005.3333   311     1375.0000      941.8333 3.13e+08   31.50%
 2979166 2527570     1304.2500   175     1375.0000      941.9034 3.13e+08   31.50%
 2979710 2528026     1007.1667   266     1375.0000      941.9034 3.13e+08   31.50%
 2980230 2528475     1219.5722   217     1375.0000      941.9034 3.13e+08   31.50%
 2982692 2530570     1306.0000   163     1375.0000      941.9474 3.13e+08   31.49%
 2983420 2531210     1331.1190   232     1375.0000      941.9474 3.13e+08   31.49%
 2983962 2531646     1134.6250   240     1375.0000      941.9474 3.13e+08   31.49%
 2984545 2532159     1127.1667   229     1375.0000      941.9474 3.13e+08   31.49%
 2987059 2534282     1140.1250   288     1375.0000      942.0000 3.14e+08   31.49%
 2990623 2537321     1330.2667   209     1375.0000      942.0000 3.14e+08   31.49%
Elapsed time = 10561.50 sec. (3355636.90 ticks, tree = 230945.17 MB, solutions = 18)
Nodefile size = 230815.71 MB (163412.55 MB after compression)
 2993776 2540010     1168.7500   199     1375.0000      942.0000 3.14e+08   31.49%
 2995515 2541489     1061.7024   419     1375.0000      942.1786 3.15e+08   31.48%
 2995747 2541709     1171.6071   339     1375.0000      942.1786 3.15e+08   31.48%
 3001438 2546509     1222.5833   188     1375.0000      942.1790 3.15e+08   31.48%
                                                    Covers: 1                  
 3002730 2547604     1158.4286   258     1375.0000      942.1790 3.15e+08   31.48%
 3005297 2549818     1129.1250   298     1375.0000      942.2716 3.15e+08   31.47%
 3007479 2551680     1356.0080   183     1375.0000      942.2716 3.16e+08   31.47%
 3008771 2552764     1148.0909   207     1375.0000      942.2716 3.16e+08   31.47%
 3011455 2555068     1146.8571   387     1375.0000      942.3515 3.16e+08   31.47%
 3014461 2557671     1301.8000   138     1375.0000      942.4375 3.16e+08   31.46%
Elapsed time = 10706.72 sec. (3429957.58 ticks, tree = 232364.09 MB, solutions = 18)
Nodefile size = 232233.56 MB (164389.75 MB after compression)
 3014645 2557832     1158.5000   203     1375.0000      942.4375 3.16e+08   31.46%
 3017995 2560678     1326.3571   160     1375.0000      942.4558 3.17e+08   31.46%
 3019931 2562340     1351.8242   210     1375.0000      942.4558 3.17e+08   31.46%
 3023545 2565403     1162.6667   161     1375.0000      942.5000 3.17e+08   31.45%
 3024992 2566658     1131.8750   247     1375.0000      942.5000 3.17e+08   31.45%

Cover cuts applied:  47
Implied bound cuts applied:  109
Zero-half cuts applied:  217
Gomory fractional cuts applied:  11

Root node processing (before b&c):
  Real time             =    6.03 sec. (3216.84 ticks)
Parallel b&c, 32 threads:
  Real time             = 10801.71 sec. (3476777.52 ticks)
  Sync time (average)   =    2.13 sec.
  Wait time (average)   =    0.01 sec.
                          ------------
Total (root+branch&cut) = 10807.75 sec. (3479994.36 ticks)


Solution status: Feasible
Execution time: 10808.1 sec
Gap: 0.31446
