Fri Jul 13 14:57:21 2018

Tried aggregator 2 times.
MIP Presolve eliminated 10500 rows and 121 columns.
Aggregator did 380 substitutions.
Reduced MIP has 9459 rows, 3086 columns, and 35332 nonzeros.
Reduced MIP has 3086 binaries, 0 generals, 0 SOSs, and 0 indicators.
Presolve time = 0.07 sec. (51.61 ticks)
Probing time = 0.01 sec. (1.96 ticks)
Tried aggregator 1 time.
Presolve time = 0.02 sec. (15.78 ticks)
Probing time = 0.01 sec. (1.96 ticks)
Clique table members: 14732.
MIP emphasis: balance optimality and feasibility.
MIP search method: dynamic search.
Parallel mode: deterministic, using up to 32 threads.
Root relaxation solution time = 0.94 sec. (171.24 ticks)

        Nodes                                         Cuts/
   Node  Left     Objective  IInf  Best Integer    Best Bound    ItCnt     Gap

      0     0      571.0000   336                    571.0000     1170         
      0     0      609.5490   445                    Cuts: 56     2248         
      0     0      646.6812   432                    Cuts: 31     2895         
      0     0      678.7924   473                    Cuts: 39     3366         
      0     0      690.5713   476                    Cuts: 46     3675         
      0     0      699.4582   466                ZeroHalf: 23     4115         
      0     0      706.5095   458                ZeroHalf: 40     4427         
      0     0      707.4881   430                    Cuts: 29     4606         
      0     0      708.0960   473                    Cuts: 41     4758         
      0     0      708.5946   426                ZeroHalf: 19     4915         
      0     0      708.8634   466                    Cuts: 20     5014         
      0     0      709.0000   376                    Cuts: 12     5115         
      0     0      709.0000   396                    Cuts: 42     5204         
      0     0      709.0000   322                 ZeroHalf: 1     5205         
      0     0      709.0000   389                    Cuts: 42     5486         
*     0+    0                         2365.0000      709.0000     5486   70.02%
Found incumbent of value 2365.000000 after 7.60 sec. (4640.99 ticks)
      0     2      709.0000   338     2365.0000      709.0000     5486   70.02%
Elapsed time = 7.75 sec. (4690.84 ticks, tree = 0.01 MB, solutions = 1)
      2     4      711.5001   430     2365.0000      709.0000     7694   70.02%
      5     7      723.9749   427     2365.0000      711.5346    10023   69.91%
      9    11      727.2606   435     2365.0000      711.5346    14077   69.91%
     11    13      719.8356   463     2365.0000      718.1204    16555   69.64%
                                                  Impl Bds: 7                  
     18    20      731.1275   382     2365.0000      718.1204    24850   69.64%
     26    28      760.1449   400     2365.0000      718.1204    31016   69.64%
     27    29      729.5479   466     2365.0000      718.6755    31537   69.61%
                                                  Impl Bds: 7                  
     35    37      765.1466   413     2365.0000      718.6755    33662   69.61%
     53    55      729.3139   490     2365.0000      718.6755    45626   69.61%
                                                 Impl Bds: 14                  
    799   761      753.9056   439     2365.0000      718.6755   171214   69.61%
                                                     Cuts: 23                  
Elapsed time = 16.05 sec. (8704.34 ticks, tree = 2.04 MB, solutions = 1)
    888   848      800.5432   364     2365.0000      718.6755   192541   69.61%
*  1594  1474      integral     0     1616.0000      718.6755   301024   55.53%
Found incumbent of value 1616.000000 after 18.96 sec. (9696.20 ticks)
*  1640  1494      integral     0     1541.0000      718.6755   307910   53.36%
Found incumbent of value 1541.000000 after 18.96 sec. (9696.20 ticks)
*  1653+ 1503                         1465.0000      718.6755   309654   50.94%
Found incumbent of value 1465.000000 after 18.96 sec. (9472.75 ticks)
   1722  1408      773.6216   364     1465.0000      718.6755   323404   50.94%
                                                     Cuts: 14                  
   2010  1694      786.0015   360     1465.0000      718.6755   381544   50.94%
   3422  2959      778.4921   380     1465.0000      729.6395   557881   50.20%
                                                     Cuts: 29                  
   3870  3369      827.6431   377     1465.0000      729.6395   620407   50.20%
   6182  5427      847.4375   304     1465.0000      729.6395   841882   50.20%
                                                     Cuts: 23                  
   7233  6412     1126.0000   274     1465.0000      729.6395   961666   50.20%
   8172  7273     1183.6458   315     1465.0000      729.6395  1046285   50.20%
Elapsed time = 36.52 sec. (16993.26 ticks, tree = 90.86 MB, solutions = 4)
   8878  7915      997.7577   381     1465.0000      729.6395  1123480   50.20%
  10839  9715      709.0000   381     1465.0000      746.1660  1343215   49.07%
  10841  9716      715.0189   445     1465.0000      746.1660  1345674   49.07%
  10845  9717      729.7489   459     1465.0000      746.1660  1349291   49.07%
  10851  9719      745.8957   426     1465.0000      746.1660  1354056   49.07%
  10857  9722      725.4174   437     1465.0000      746.1660  1358571   49.07%
                                                  ZeroHalf: 4                  
  10886  9742      881.5704   455     1465.0000      746.1660  1368143   49.07%
  10905  9753      833.2571   503     1465.0000      746.1660  1381379   49.07%
                                                  Impl Bds: 2                  
  11086  9869      868.5927   423     1465.0000      746.1660  1465904   49.07%
  11659 10184      889.1796   417     1465.0000      746.1660  1563489   49.07%
                                                  ZeroHalf: 9                  
Elapsed time = 93.16 sec. (38930.05 ticks, tree = 124.41 MB, solutions = 4)
  11705 10212      869.0333   512     1465.0000      746.1660  1579507   49.07%
  11948 10359      899.2500   430     1465.0000      746.1660  1664173   49.07%
  12131 10466     1054.7000   402     1465.0000      746.1660  1706277   49.07%
  13812 11255      822.6912   369     1465.0000      746.1660  1903955   49.07%
  14393 11544      919.0000   349     1465.0000      746.1660  1967936   49.07%
  16673 12591      941.8590   383     1465.0000      746.1660  2181077   49.07%
                                                 ZeroHalf: 28                  
  16776 12642     1054.3707   339     1465.0000      746.1660  2203789   49.07%
  17000 12747     1086.9410   345     1465.0000      746.1660  2239340   49.07%
  17224 12852     1150.3867   333     1465.0000      746.1660  2271703   49.07%
  17975 13171      889.0667   369     1465.0000      746.1660  2368053   49.07%
                                                  ZeroHalf: 5                  
Elapsed time = 127.91 sec. (49592.90 ticks, tree = 274.73 MB, solutions = 4)
Nodefile size = 47.81 MB (36.07 MB after compression)
  18644 13544     1044.6967   340     1465.0000      746.1660  2443785   49.07%
  19984 14244     1031.5993   360     1465.0000      746.1660  2531773   49.07%
  21221 14778     1007.9565   324     1465.0000      746.1660  2630816   49.07%
  22768 15561     1093.5000   258     1465.0000      746.1660  2748707   49.07%
  25299 16726      936.1565   359     1465.0000      758.2644  2944772   48.24%
                                                     Cuts: 12                  
  26387 17320     1176.5833   222     1465.0000      758.2644  3052563   48.24%
  27603 17917     1041.1048   298     1465.0000      758.2644  3139547   48.24%
  28812 18445      890.0940   377     1465.0000      758.2644  3264500   48.24%
  29818 18927     1287.5000   214     1465.0000      758.2644  3348223   48.24%
  31216 19512      888.1065   351     1465.0000      780.0684  3451796   46.75%
Elapsed time = 166.30 sec. (61370.79 ticks, tree = 1418.25 MB, solutions = 4)
Nodefile size = 1264.27 MB (958.17 MB after compression)
  32016 19944     1022.8333   238     1465.0000      780.0684  3533687   46.75%
  33008 20865     1181.0000   238     1465.0000      780.0684  3588634   46.75%
  34352 22067      832.1630   322     1465.0000      780.0684  3700720   46.75%
  35030 22691     1170.7619   225     1465.0000      780.0684  3750567   46.75%
  35663 23245     1349.6667   116     1465.0000      788.8956  3796467   46.15%
  37359 24855      982.5122   254     1465.0000      788.8956  3939728   46.15%
  39243 26599     1267.8750   114     1465.0000      788.8956  4101042   46.15%
  40364 27626     1295.2333   264     1465.0000      788.8956  4177224   46.15%
  42545 29599     1381.7333   210     1465.0000      788.8956  4336736   46.15%
  42623 29670      845.0918   344     1465.0000      795.6714  4338808   45.69%
Elapsed time = 209.63 sec. (72535.98 ticks, tree = 2601.01 MB, solutions = 4)
Nodefile size = 2451.08 MB (1851.79 MB after compression)
  43231 30254     1035.5000   259     1465.0000      795.6714  4404521   45.69%
  45279 32142      911.3973   397     1465.0000      795.6714  4547671   45.69%
  47327 34062      866.4345   281     1465.0000      795.6714  4696779   45.69%
  49579 36144     1338.6364    44     1465.0000      801.1953  4867049   45.31%
                                                  Impl Bds: 4                  
  50059 36586      967.6548   334     1465.0000      801.1953  4921802   45.31%
  51563 37973      854.4808   396     1465.0000      801.1953  5024006   45.31%
  52363 38697     1232.0000   208     1465.0000      801.1953  5081810   45.31%
* 53154 39417      integral     0     1424.0000      801.1953  5143416   43.74%
Found incumbent of value 1424.000000 after 241.20 sec. (81199.89 ticks)
  54884 39728      841.9284   411     1424.0000      804.7898  5262506   43.48%
                                                  ZeroHalf: 3                  
* 55271 40095      integral     0     1390.0000      804.7898  5314279   42.10%
Elapsed time = 250.33 sec. (83152.28 ticks, tree = 3735.03 MB, solutions = 4)
Nodefile size = 3584.56 MB (2702.72 MB after compression)
Found incumbent of value 1390.000000 after 250.33 sec. (83152.28 ticks)
  56523 41247     1162.4167   282     1390.0000      804.7898  5423650   42.10%
  57771 42375      888.6765   386     1390.0000      804.7898  5543714   42.10%
  58828 43355      896.5104   376     1390.0000      804.7898  5643477   42.10%
  60235 41606     1336.2500   196     1390.0000      808.4258  5790610   41.84%
                                                  ZeroHalf: 3                  
  60876 42217     1359.2750   278     1390.0000      808.4258  5879493   41.84%
  62316 43535      839.0744   302     1390.0000      808.4258  5998543   41.84%
  63765 44839     1228.5833   223     1390.0000      808.4258  6137738   41.84%
  65849 46689      912.1000   335     1390.0000      811.9785  6314266   41.58%
                                                      Cuts: 4                  
* 65851+46689                         1380.0000      811.9785  6314754   41.16%
Found incumbent of value 1380.000000 after 285.86 sec. (91072.20 ticks)
  66262 46267     1170.5238   318     1380.0000      811.9785  6403049   41.16%
  67187 47145      934.7854   332     1380.0000      811.9785  6481435   41.16%
Elapsed time = 293.18 sec. (95873.88 ticks, tree = 4047.35 MB, solutions = 7)
Nodefile size = 4031.29 MB (3016.62 MB after compression)
  68383 48217     1281.3333   299     1380.0000      811.9785  6598601   41.16%
  69372 49107     1124.7375   377     1380.0000      811.9785  6687512   41.16%
  70958 50503     1012.3750   280     1380.0000      815.3752  6844126   40.91%
                                                  ZeroHalf: 1                  
  72487 51899      998.5000   285     1380.0000      815.3752  6979614   40.91%
  73977 53231     1035.8223   312     1380.0000      815.3752  7095102   40.91%
* 74529 53734      integral     0     1354.0000      815.3752  7144177   39.78%
Found incumbent of value 1354.000000 after 311.14 sec. (100708.19 ticks)
  75973 55017      972.6889   294     1354.0000      815.3752  7290269   39.78%
  76846 55799      859.3103   403     1354.0000      815.3752  7350035   39.78%
  76875 52386      875.9062   373     1354.0000      818.4612  7352361   39.55%
  78413 53786     1035.5500   313     1354.0000      818.4612  7508131   39.55%
Elapsed time = 327.84 sec. (105008.25 ticks, tree = 4710.63 MB, solutions = 7)
Nodefile size = 4569.09 MB (3417.83 MB after compression)
  79213 54498      963.8868   371     1354.0000      818.4612  7602849   39.55%
  80499 55634      990.5583   361     1354.0000      818.4612  7734588   39.55%
  81181 56233     1061.5000   186     1354.0000      820.6042  7802268   39.39%
  82401 57340      993.8333   322     1354.0000      820.6042  7937446   39.39%
  83199 58047      995.6066   368     1354.0000      820.6042  8027747   39.39%
  84769 59457      858.7878   375     1354.0000      820.6042  8190415   39.39%
  85506 60079     1235.4167   300     1354.0000      822.9318  8258449   39.22%
  86498 60992      853.3513   350     1354.0000      822.9318  8367098   39.22%
  87507 61884     1085.0167   225     1354.0000      822.9318  8472168   39.22%
  91672 65571      859.0568   351     1354.0000      825.4718  8906780   39.03%
                                                  ZeroHalf: 3                  
Elapsed time = 375.73 sec. (119513.69 ticks, tree = 5957.05 MB, solutions = 8)
Nodefile size = 5818.73 MB (4353.08 MB after compression)
  95977 69413      938.1321   354     1354.0000      827.1905  9364517   38.91%
 100795 73663     1114.6667   230     1354.0000      829.2500  9863654   38.76%
                                                  Impl Bds: 9                  
 105116 77461      923.4487   359     1354.0000      829.2500 10339882   38.76%
 108764 80703     1236.1062   279     1354.0000      831.1384 10721975   38.62%
                                                  ZeroHalf: 1                  
 112327 83823     1030.8333   225     1354.0000      833.3750 11113051   38.45%
                                                    Covers: 1                  
 116450 87421      856.6415   370     1354.0000      835.4789 11534067   38.30%
                                                  ZeroHalf: 2                  
 120246 90777     1334.4722   133     1354.0000      835.4789 11942830   38.30%
 123945 94033     1233.2500   282     1354.0000      836.6356 12357304   38.21%
 128004 97633     1044.4286   307     1354.0000      838.5401 12744476   38.07%
 131759 100980      876.0120   324     1354.0000      840.1462 13102654   37.95%
Elapsed time = 512.06 sec. (158802.20 ticks, tree = 9736.38 MB, solutions = 8)
Nodefile size = 9593.52 MB (7152.93 MB after compression)
 136826 105443      930.1401   342     1354.0000      840.1462 13612907   37.95%
 138454 106909     1150.6250   235     1354.0000      841.8471 13823142   37.83%
                                                  Impl Bds: 3                  
 143188 111099     1279.7750   331     1354.0000      842.3095 14389594   37.79%
 146906 114335      894.0962   391     1354.0000      843.6111 14769244   37.69%
 151691 118576     1286.3333   246     1354.0000      844.8766 15251131   37.60%
 156647 122988      884.6250   280     1354.0000      844.8766 15757035   37.60%
 160803 126640     1308.8286   174     1354.0000      846.6131 16168541   37.47%
                                                  ZeroHalf: 2                  
 163454 128987     1145.4167   300     1354.0000      847.7083 16435565   37.39%
 168711 133594     1112.6667   278     1354.0000      848.7389 16963896   37.32%
                                                      Cuts: 3                  
 172994 137353      906.7993   349     1354.0000      848.7389 17417516   37.32%
Elapsed time = 641.87 sec. (198551.58 ticks, tree = 13044.91 MB, solutions = 8)
Nodefile size = 12886.97 MB (9556.02 MB after compression)
*173469+137766                         1351.0000      850.0417 17461567   37.08%
Found incumbent of value 1351.000000 after 648.13 sec. (198914.30 ticks)
 175083 139217     1034.2000   174     1351.0000      850.0417 17679794   37.08%
 179498 142746      904.5417   307     1351.0000      850.6111 18200396   37.04%
 183970 146709     1181.5833   279     1351.0000      852.1153 18636702   36.93%
 189924 151939      939.5371   359     1351.0000      853.0000 19200862   36.86%
 195238 156604     1100.1388   363     1351.0000      853.0000 19719648   36.86%
 198460 159472     1229.6667   187     1351.0000      853.8992 20020238   36.80%
 202260 162836      887.4115   362     1351.0000      854.8942 20370788   36.72%
 206843 166902     1112.4643   315     1351.0000      855.8452 20807329   36.65%
 211823 171317     1232.0078   158     1351.0000      855.8452 21274001   36.65%
 216063 175046      900.3732   334     1351.0000      856.7083 21675397   36.59%
Elapsed time = 785.16 sec. (239274.27 ticks, tree = 16992.91 MB, solutions = 9)
Nodefile size = 16837.93 MB (12436.28 MB after compression)
 219782 178325     1186.2500   294     1351.0000      857.7361 22052964   36.51%
 224132 182115      915.8673   427     1351.0000      858.2999 22573206   36.47%
 229668 186994      981.8971   355     1351.0000      859.2510 23098114   36.40%
*230128 187424      integral     0     1303.0000      859.2510 23153364   34.06%
Found incumbent of value 1303.000000 after 829.69 sec. (252091.36 ticks)
 234273 191074      955.3152   324     1303.0000      859.2510 23556982   34.06%
 237604 170938     1156.1667   212     1303.0000      859.9031 23927346   34.01%
 242346 175017     1254.6667   174     1303.0000      860.7899 24427727   33.94%
 245802 178003     1171.9048   136     1303.0000      861.8063 24793810   33.86%
 250260 181843      913.2500   287     1303.0000      861.8063 25296014   33.86%
 253758 184835      892.8248   325     1303.0000      862.6131 25677657   33.80%
Elapsed time = 908.59 sec. (275513.54 ticks, tree = 17857.14 MB, solutions = 10)
Nodefile size = 17702.67 MB (13004.30 MB after compression)
 257272 187882     1111.6500   291     1303.0000      863.4000 26050610   33.74%
                                                  ZeroHalf: 1                  
 261148 191200     1212.5133   176     1303.0000      864.1865 26454394   33.68%
 263768 193517     1215.3750   260     1303.0000      864.1865 26822995   33.68%
 268468 197551     1168.6792   337     1303.0000      864.6500 27368146   33.64%
 273689 202027      991.6042   337     1303.0000      865.5606 27924557   33.57%
*275692+203690                         1253.0000      865.5606 28148176   30.92%
Found incumbent of value 1253.000000 after 979.73 sec. (295518.94 ticks)
 277124 171728      880.6324   365     1253.0000      866.3500 28306113   30.86%
 281072 174958      911.0259   346     1253.0000      867.2202 28789327   30.79%
 284970 178153     1125.2143   279     1253.0000      867.2202 29292285   30.79%
 288084 180713      880.5543   352     1253.0000      867.9633 29684046   30.73%
                                                      Cuts: 3                  
 292016 183934     1007.7383   367     1253.0000      868.7138 30167657   30.67%
                                                      Cuts: 3                  
Elapsed time = 1043.88 sec. (314996.26 ticks, tree = 17818.90 MB, solutions = 11)
Nodefile size = 17667.84 MB (12895.67 MB after compression)
 295313 186655      944.4829   337     1253.0000      869.5934 30563749   30.60%
                                                  Impl Bds: 5                  
 298824 189571     1102.8750   184     1253.0000      869.5934 31005897   30.60%
 301334 191647      892.6797   389     1253.0000      870.3333 31384849   30.54%
 304468 194260     1144.3106   244     1253.0000      870.8000 31839563   30.50%
                                                  ZeroHalf: 1                  
 308777 197805     1128.4000   282     1253.0000      871.6049 32369997   30.44%
 312508 200865     1157.7333   222     1253.0000      871.6049 32839151   30.44%
 316908 204514      900.3333   276     1253.0000      872.3542 33334613   30.38%
 319426 206617      961.6000   390     1253.0000      872.9630 33619998   30.33%
                                                      Cuts: 3                  
 322960 209533     1025.0000   263     1253.0000      873.6759 34052048   30.27%
                                                  Impl Bds: 1                  
 326672 212573     1033.3750   326     1253.0000      873.6759 34494852   30.27%
Elapsed time = 1168.12 sec. (353786.11 ticks, tree = 20608.92 MB, solutions = 11)
Nodefile size = 20451.88 MB (14902.82 MB after compression)
*327444+213197                         1242.0000      873.6759 34587651   29.66%
Found incumbent of value 1242.000000 after 1169.83 sec. (351679.17 ticks)
*328119+213747                         1235.0000      873.6759 34663385   29.26%
Found incumbent of value 1235.000000 after 1169.83 sec. (352155.79 ticks)
*328896+202781                         1229.0000      874.5000 34767501   28.84%
                                                  ZeroHalf: 1                  
Found incumbent of value 1229.000000 after 1178.49 sec. (354982.20 ticks)
 330771 204340      879.5750   371     1229.0000      874.5000 34996170   28.84%
*333937+202845                         1224.0000      875.0992 35381693   28.50%
Found incumbent of value 1224.000000 after 1195.52 sec. (360262.13 ticks)
 334187 203053      955.5938   300     1224.0000      875.0992 35414216   28.50%
 338189 202963      993.0833   290     1224.0000      875.7250 35919554   28.45%
                                                    Covers: 1                  
 341728 205821     1212.1000   161     1224.0000      875.7250 36488867   28.45%
 344641 208083     1011.2094   312     1224.0000      876.1395 36889746   28.42%
                                                    Covers: 1                  
 348399 210974     1085.3159   295     1224.0000      876.8109 37382243   28.37%
 351531 213410     1209.5000   216     1224.0000      877.4916 37768719   28.31%
                                                  ZeroHalf: 1                  
 354507 215779     1073.0054   330     1224.0000      877.4916 38161490   28.31%
 358850 219167      923.5917   314     1224.0000      878.2115 38723373   28.25%
                                                  ZeroHalf: 1                  
 361740 221394     1193.8286   210     1224.0000      878.9063 39085677   28.19%
Elapsed time = 1300.02 sec. (393030.95 ticks, tree = 21702.57 MB, solutions = 15)
Nodefile size = 21556.35 MB (15647.39 MB after compression)
 365348 224122      949.9300   328     1224.0000      879.5000 39553764   28.15%
 369792 227715      940.0000   265     1224.0000      879.5000 40097450   28.15%
 372729 229941      945.4778   382     1224.0000      880.1586 40475906   28.09%
 376183 232582      989.4151   330     1224.0000      880.6402 40893095   28.05%
 380208 235755      928.4851   339     1224.0000      880.6402 41404840   28.05%
 383301 238169      923.0405   330     1224.0000      881.3125 41809864   28.00%
 385890 240155     1042.3000   284     1224.0000      881.9291 42168570   27.95%
 389159 242711     1032.7500   273     1224.0000      882.2979 42697393   27.92%
 392352 245206      900.9926   325     1224.0000      882.2979 43113623   27.92%
 396537 248531      974.9250   283     1224.0000      882.7619 43624576   27.88%
Elapsed time = 1425.05 sec. (432415.48 ticks, tree = 24215.50 MB, solutions = 15)
Nodefile size = 24064.31 MB (17446.02 MB after compression)
 399749 250997      938.7576   298     1224.0000      883.5000 44023209   27.82%
 403336 253731     1216.0625   306     1224.0000      883.9439 44511662   27.78%
 407776 257243      919.3750   320     1224.0000      883.9439 45061866   27.78%
 411185 259916     1156.6250   333     1224.0000      884.5406 45464995   27.73%
 414211 262166     1009.3272   339     1224.0000      885.0000 45847943   27.70%
 418251 265411        cutoff           1224.0000      885.0000 46340946   27.70%
 421392 267831     1140.5000   207     1224.0000      885.6045 46727928   27.65%
 425487 271050      953.7728   356     1224.0000      886.1538 47214727   27.60%
 428367 273367     1136.5000   227     1224.0000      886.1538 47579803   27.60%
 430681 275139     1173.5394   230     1224.0000      886.5806 47913441   27.57%
Elapsed time = 1558.29 sec. (471741.43 ticks, tree = 27336.41 MB, solutions = 15)
Nodefile size = 27191.50 MB (19702.45 MB after compression)
 434568 278153     1079.6364   329     1224.0000      886.8568 48523253   27.54%
 439243 281826      900.6667   316     1224.0000      887.3842 49069842   27.50%
 443534 285219      916.3750   287     1224.0000      887.3842 49601923   27.50%
 446198 287244        cutoff           1224.0000      888.0000 49942463   27.45%
 449630 289892     1169.3333   127     1224.0000      888.4877 50377887   27.41%
 454051 293404     1122.5833   325     1224.0000      888.4877 50906978   27.41%
 456836 295526     1100.3333   245     1224.0000      888.9258 51244660   27.38%
 459893 297965     1072.3158   309     1224.0000      889.3732 51620471   27.34%
 464063 301251     1127.0000   231     1224.0000      889.3732 52118084   27.34%
 467554 303973      922.8775   345     1224.0000      889.8333 52529532   27.30%
Elapsed time = 1683.33 sec. (510158.39 ticks, tree = 30118.10 MB, solutions = 15)
Nodefile size = 29971.65 MB (21700.24 MB after compression)
 470693 306449     1035.2171   353     1224.0000      890.3077 52925656   27.26%
 475404 310159      941.8700   323     1224.0000      890.3077 53515069   27.26%
 478276 312373      951.2786   340     1224.0000      890.7857 53870732   27.22%
                                                  Impl Bds: 3                  
 481371 314760     1085.8140   327     1224.0000      891.3500 54246546   27.18%
                                                      Cuts: 7                  
 484251 317015      897.6494   362     1224.0000      891.3500 54622848   27.18%
 488725 320557     1122.8125   267     1224.0000      891.6937 55159179   27.15%
 492374 323366      941.1250   301     1224.0000      892.1607 55608250   27.11%
 496232 326325     1192.6886   213     1224.0000      892.5712 56104898   27.08%
 500954 330060     1017.8571   304     1224.0000      892.5712 56687995   27.08%
 502390 331102     1160.0909   297     1224.0000      893.0347 56885699   27.04%
Elapsed time = 1816.97 sec. (549535.35 ticks, tree = 33284.60 MB, solutions = 15)
Nodefile size = 33147.25 MB (23985.49 MB after compression)
 505632 333629      967.8826   321     1224.0000      893.2500 57448037   27.02%
 510554 337449     1094.7500   254     1224.0000      893.8054 58048410   26.98%
 515287 341194      992.6250   265     1224.0000      893.8054 58644056   26.98%
 518010 343246     1078.4167   246     1224.0000      894.1974 59005119   26.94%
 520683 345282      915.2731   339     1224.0000      894.6134 59343952   26.91%
 525660 349162      925.9242   366     1224.0000      894.6134 59926634   26.91%
 528462 351280     1140.2077   234     1224.0000      895.0667 60265691   26.87%
 531587 353717     1095.3309   327     1224.0000      895.3971 60623761   26.85%
                                                  Impl Bds: 1                  
 534697 356185     1058.2024   488     1224.0000      895.3971 61134457   26.85%
 538105 358791      955.0952   379     1224.0000      895.5344 61633406   26.84%
                                                  Impl Bds: 1                  
Elapsed time = 1940.62 sec. (589129.46 ticks, tree = 35501.00 MB, solutions = 15)
Nodefile size = 35357.51 MB (25533.06 MB after compression)
 541916 361797     1129.3333   235     1224.0000      896.1190 62112904   26.79%
                                                  Impl Bds: 3                  
 545961 364910     1128.0000   223     1224.0000      896.5625 62605999   26.75%
 549801 367877      948.6025   312     1224.0000      896.5625 63112050   26.75%
 553628 370805     1116.8333   279     1224.0000      896.9736 63567517   26.72%
 556575 373068     1080.5333   255     1224.0000      897.3000 63914391   26.69%
 561176 376697     1094.8881   362     1224.0000      897.3000 64475458   26.69%
 562174 377397        cutoff           1224.0000      897.6364 64622543   26.66%
 566614 380868      996.0000   317     1224.0000      897.9508 65328073   26.64%
 571157 384393      999.5000   251     1224.0000      898.3208 65859995   26.61%
                                                  Impl Bds: 4                  
 576279 388389     1028.6182   344     1224.0000      898.3208 66481572   26.61%
Elapsed time = 2073.03 sec. (629320.47 ticks, tree = 38105.54 MB, solutions = 15)
Nodefile size = 37954.15 MB (27350.11 MB after compression)
 578426 389986      931.0556   335     1224.0000      898.7456 66753550   26.57%
                                                     Cuts: 12                  
 581642 392417      948.1500   344     1224.0000      899.0833 67165890   26.55%
                                                  Impl Bds: 1                  
 584394 394569     1096.5000   220     1224.0000      899.0833 67507318   26.55%
 588886 398024     1039.0000   219     1224.0000      899.4588 68071163   26.51%
 592185 400605     1027.7134   342     1224.0000      899.7915 68456246   26.49%
 595425 403159      978.5567   352     1224.0000      899.7915 68967935   26.49%
 599709 406489      999.5156   308     1224.0000      899.9889 69531348   26.47%
 603180 409202      946.2232   244     1224.0000      900.4749 69948183   26.43%
 606755 411988      933.7879   294     1224.0000      900.4749 70388012   26.43%
 610149 414637     1083.9863   354     1224.0000      900.7500 70807305   26.41%
                                                  ZeroHalf: 2                  
Elapsed time = 2202.29 sec. (668006.65 ticks, tree = 40709.39 MB, solutions = 15)
Nodefile size = 40564.74 MB (29172.09 MB after compression)
 613662 417354     1056.0625   317     1224.0000      901.1176 71218209   26.38%
 617990 420787     1210.5735   148     1224.0000      901.1176 71713398   26.38%
 619807 422176     1059.1667   286     1224.0000      901.4464 71982977   26.35%
                                                  Impl Bds: 1                  
 622703 424421     1175.8333   238     1224.0000      901.6886 72485784   26.33%
                                                      Cuts: 3                  
 628003 428570      995.1608   318     1224.0000      902.0000 73138539   26.31%
                                                  Impl Bds: 3                  
 632696 432221      939.3032   348     1224.0000      902.0000 73726146   26.31%
 634705 433744      924.5915   367     1224.0000      902.4444 73996652   26.27%
                                                  Impl Bds: 6                  
 637635 435998        cutoff           1224.0000      902.7083 74355593   26.25%
                                                  Impl Bds: 3                  
 642233 439602     1068.6667   279     1224.0000      902.7083 74909910   26.25%
 643862 440843     1132.6471   469     1224.0000      903.0313 75119053   26.22%
                                                  Impl Bds: 2                  
Elapsed time = 2332.85 sec. (707755.76 ticks, tree = 43550.11 MB, solutions = 15)
Nodefile size = 43416.27 MB (31170.05 MB after compression)
 648488 444453     1011.5000   317     1224.0000      903.1250 75896698   26.22%
 653380 448282     1068.2083   344     1224.0000      903.6471 76481394   26.17%
 657573 451547     1023.4375   264     1224.0000      903.6471 76999105   26.17%
 660487 453771      910.4444   355     1224.0000      903.9649 77358872   26.15%
 664022 456524      988.5469   375     1224.0000      904.2500 77784066   26.12%
 667350 459121     1080.6667   203     1224.0000      904.2500 78180226   26.12%
 671017 461951      918.9714   350     1224.0000      904.5481 78631278   26.10%
 673976 464224     1199.1667   234     1224.0000      904.8333 78975428   26.08%
 677030 466599     1025.9714   287     1224.0000      904.8333 79461377   26.08%
 681365 469942        cutoff           1224.0000      905.0854 80070779   26.06%
Elapsed time = 2461.18 sec. (747970.23 ticks, tree = 45759.16 MB, solutions = 15)
Nodefile size = 45617.89 MB (32694.96 MB after compression)
 686164 473673     1032.0714   324     1224.0000      905.4902 80647135   26.02%
 690059 476685     1087.2500   280     1224.0000      905.8116 81122810   26.00%
 693771 479576      985.9020   343     1224.0000      905.8116 81594578   26.00%
 697800 482722      943.3125   329     1224.0000      906.1071 82077310   25.97%
 700842 485079        cutoff           1224.0000      906.4375 82432465   25.94%
                                                    Covers: 1                  
 703745 487310      946.5732   351     1224.0000      906.4375 82923770   25.94%
 706890 489740     1033.3333   287     1224.0000      906.6184 83333769   25.93%
                                                    Covers: 1                  
 711009 492898     1059.3435   368     1224.0000      906.9643 83818409   25.90%
 715467 496354      988.4250   344     1224.0000      906.9643 84349992   25.90%
 718052 498403      976.3333   223     1224.0000      907.2500 84701639   25.88%
Elapsed time = 2595.93 sec. (787989.84 ticks, tree = 48645.14 MB, solutions = 15)
Nodefile size = 48508.40 MB (34698.55 MB after compression)
 721685 501231     1004.3333   297     1224.0000      907.5000 85190618   25.86%
 726754 505183     1134.5833   339     1224.0000      907.8030 85774356   25.83%
                                                  ZeroHalf: 1                  
 731288 508745      956.8958   307     1224.0000      907.8030 86278124   25.83%
 732560 509723     1193.5500   327     1224.0000      908.0481 86446377   25.81%
                                                  Impl Bds: 1                  
 736702 512941     1099.1667   292     1224.0000      908.1667 87099606   25.80%
                                                  Impl Bds: 2                  
 740453 515823      962.0000   261     1224.0000      908.1667 87561339   25.80%
 744291 518817     1033.4062   355     1224.0000      908.5625 88001063   25.77%
                                                      Cuts: 4                  
 748599 522152     1153.2147   260     1224.0000      908.8333 88481079   25.75%
                                                  Impl Bds: 1                  
 752598 525244     1166.5000   206     1224.0000      908.8333 88970705   25.75%
 754977 527077     1002.2500   314     1224.0000      909.1339 89297503   25.72%
                                                    Covers: 2                  
Elapsed time = 2726.71 sec. (827878.27 ticks, tree = 51126.05 MB, solutions = 15)
Nodefile size = 50992.18 MB (36412.27 MB after compression)
 759005 530200      981.5337   344     1224.0000      909.4620 89810986   25.70%
                                                    Covers: 1                  
 763500 533687     1043.5455   451     1224.0000      909.4620 90356770   25.70%
 765428 535167     1077.4286   420     1224.0000      909.7083 90633433   25.68%
                                                      Cuts: 3                  
 768457 537495     1055.5278   318     1224.0000      909.8333 91140298   25.67%
 772200 540341      963.8393   348     1224.0000      909.8333 91585797   25.67%
 777095 544136     1020.1786   348     1224.0000      910.2348 92170478   25.63%
 780055 546413      975.8798   318     1224.0000      910.5000 92534334   25.61%
                                                  Impl Bds: 1                  
 782647 548472     1113.0000   278     1224.0000      910.5000 92915516   25.61%
 787136 551939     1074.7500   244     1224.0000      910.7021 93476797   25.60%
                                                      Cuts: 3                  
 790820 554797      954.3333   224     1224.0000      911.0088 93904234   25.57%
Elapsed time = 2856.64 sec. (866446.81 ticks, tree = 53499.63 MB, solutions = 15)
Nodefile size = 53366.45 MB (38046.02 MB after compression)
 796081 558899     1198.0833   164     1224.0000      911.0088 94540578   25.57%
 797623 560039      950.3000   323     1224.0000      911.2500 94788980   25.55%
                                                  ZeroHalf: 1                  
 800704 562465     1172.5000   233     1224.0000      911.4987 95249719   25.53%
 804056 565031     1085.0900   278     1224.0000      911.4987 95660316   25.53%
 808833 568740      934.1255   332     1224.0000      911.7360 96241441   25.51%
 811110 570496     1014.8333   429     1224.0000      912.0000 96529231   25.49%
                                                  Impl Bds: 1                  
 815495 573874     1106.8333   363     1224.0000      912.0000 97133076   25.49%
 818721 576362     1006.6667   282     1224.0000      912.2857 97530078   25.47%
                                                  Impl Bds: 5                  
 822172 578961      957.6476   430     1224.0000      912.5833 97966967   25.44%
                                                  ZeroHalf: 1                  
 824144 580483      991.5577   434     1224.0000      912.5833 98313987   25.44%
Elapsed time = 2984.79 sec. (904978.09 ticks, tree = 55595.40 MB, solutions = 15)
Nodefile size = 55462.52 MB (39487.45 MB after compression)
 828164 583628      981.4600   367     1224.0000      912.7333 98859304   25.43%
                                                  Impl Bds: 1                  
 832279 586800      928.3767   346     1224.0000      912.9833 99342303   25.41%
                                                      Cuts: 8                  
 836039 589662     1006.1667   337     1224.0000      912.9833 99804646   25.41%
 838954 591882     1197.8476   210     1224.0000      913.2500 1.00e+08   25.39%
 842522 594591     1000.0833   351     1224.0000      913.5000 1.01e+08   25.37%
 847823 598736     1058.0000   220     1224.0000      913.5000 1.01e+08   25.37%
 848952 599595     1066.3333   357     1224.0000      913.7778 1.01e+08   25.34%
 852470 602323      959.1667   361     1224.0000      913.8827 1.02e+08   25.34%
 857201 605926     1090.0192   258     1224.0000      914.1739 1.03e+08   25.31%
                                                  Impl Bds: 1                  
 862597 610153      928.4610   327     1224.0000      914.1739 1.03e+08   25.31%
Elapsed time = 3115.48 sec. (944625.04 ticks, tree = 57854.96 MB, solutions = 15)
Nodefile size = 57707.69 MB (41024.32 MB after compression)
 865346 612288      943.5116   345     1224.0000      914.5000 1.04e+08   25.29%
                                                      Cuts: 2                  
 868825 614917     1020.0333   190     1224.0000      914.7222 1.04e+08   25.27%
 872899 618086     1173.5000   199     1224.0000      914.7222 1.04e+08   25.27%
 874085 618974     1195.9167   408     1224.0000      914.9444 1.05e+08   25.25%
 878692 622579     1051.2000   352     1224.0000      915.0139 1.05e+08   25.24%
 883384 626210     1005.4167   377     1224.0000      915.0139 1.06e+08   25.24%
 886575 628682     1007.8600   327     1224.0000      915.3500 1.06e+08   25.22%
 890369 631603     1084.2278   381     1224.0000      915.6400 1.07e+08   25.19%
 895007 635177     1030.1667   223     1224.0000      915.6400 1.07e+08   25.19%
 896339 636196     1039.6667   262     1224.0000      915.8408 1.08e+08   25.18%
Elapsed time = 3252.13 sec. (984134.85 ticks, tree = 60697.58 MB, solutions = 15)
Nodefile size = 60565.43 MB (42978.88 MB after compression)
 900508 639473     1076.8333   210     1224.0000      915.9833 1.08e+08   25.16%
 902106 640712     1138.0833   323     1224.0000      915.9833 1.08e+08   25.16%
 906405 643980      999.2333   318     1224.0000      916.1538 1.09e+08   25.15%
 910016 646784     1030.9000   350     1224.0000      916.3802 1.09e+08   25.13%
 914550 650323     1088.3750   321     1224.0000      916.3802 1.10e+08   25.13%
 918651 653457     1046.2372   372     1224.0000      916.6406 1.10e+08   25.11%
 921735 655809     1053.4524   324     1224.0000      916.8913 1.11e+08   25.09%
 925767 658905     1180.8333   182     1224.0000      916.8913 1.11e+08   25.09%
 927236 660053     1072.0000   164     1224.0000      917.1250 1.11e+08   25.07%
 931642 663454     1069.5417   294     1224.0000      917.2500 1.12e+08   25.06%
                                                    Covers: 1                  
Elapsed time = 3379.12 sec. (1023096.29 ticks, tree = 62911.62 MB, solutions = 15)
Nodefile size = 62777.77 MB (44489.14 MB after compression)
 935535 666466     1179.5000   313     1224.0000      917.2500 1.13e+08   25.06%
 939104 669149     1010.9167   328     1224.0000      917.4940 1.13e+08   25.04%
                                                      Cuts: 3                  
 942288 671641     1022.8519   348     1224.0000      917.7000 1.13e+08   25.02%
                                                  Impl Bds: 3                  
 947359 675549     1032.5000   212     1224.0000      917.7000 1.14e+08   25.02%
 950694 678121     1060.2812   324     1224.0000      917.9583 1.14e+08   25.00%
 954727 681195        cutoff           1224.0000      918.1937 1.15e+08   24.98%
 957912 683631     1200.5157   279     1224.0000      918.1937 1.15e+08   24.98%
 960944 685957     1092.1489   346     1224.0000      918.3594 1.16e+08   24.97%
 965495 689504      948.5751   281     1224.0000      918.6000 1.16e+08   24.95%
*966623+690375                         1222.0000      918.6000 1.16e+08   24.83%
Found incumbent of value 1222.000000 after 3504.36 sec. (1058172.72 ticks)
 970244 693149      967.7500   376     1222.0000      918.6000 1.17e+08   24.83%
Elapsed time = 3512.69 sec. (1062674.37 ticks, tree = 65367.06 MB, solutions = 15)
Nodefile size = 65217.89 MB (46155.65 MB after compression)
 971640 692788     1045.9381   406     1222.0000      918.8148 1.17e+08   24.81%
 974527 694973     1092.4556   303     1222.0000      918.8667 1.18e+08   24.81%
 978204 697799     1155.2500   200     1222.0000      918.8667 1.18e+08   24.81%
 982188 700846      995.4500   346     1222.0000      919.1111 1.19e+08   24.79%
 985373 703316     1200.1000   203     1222.0000      919.3000 1.19e+08   24.77%
 990402 707112      972.4062   310     1222.0000      919.3000 1.19e+08   24.77%
 993001 709083     1113.3500   319     1222.0000      919.5417 1.20e+08   24.75%
 997741 712710     1001.1515   294     1222.0000      919.7419 1.20e+08   24.73%
 999455 714020     1073.1316   435     1222.0000      919.7419 1.21e+08   24.73%
 1004175 717660     1146.3333   199     1222.0000      919.8571 1.21e+08   24.73%
Elapsed time = 3642.84 sec. (1102847.72 ticks, tree = 67517.56 MB, solutions = 16)
Nodefile size = 67379.65 MB (47621.55 MB after compression)
 1008454 720940     1065.7833   283     1222.0000      920.0889 1.22e+08   24.71%
 1012413 723935      942.3670   330     1222.0000      920.0889 1.22e+08   24.71%
 1015941 726638     1073.4792   314     1222.0000      920.3000 1.23e+08   24.69%
 1019050 728955     1147.7778   304     1222.0000      920.5000 1.23e+08   24.67%
 1022332 731438     1081.8056   360     1222.0000      920.5000 1.24e+08   24.67%
 1024709 733235     1109.2738   406     1222.0000      920.6979 1.24e+08   24.66%
                                                    Covers: 1                  
 1028945 736458     1043.3611   297     1222.0000      920.8333 1.25e+08   24.65%
                                                    Covers: 1                  
 1034385 740590     1006.8125   344     1222.0000      921.1137 1.25e+08   24.62%
                                                  ZeroHalf: 1                  
 1036881 742466      949.2500   282     1222.0000      921.1137 1.25e+08   24.62%
 1041052 745683      962.0000   400     1222.0000      921.2917 1.26e+08   24.61%
Elapsed time = 3781.64 sec. (1143362.59 ticks, tree = 70151.76 MB, solutions = 16)
Nodefile size = 70014.41 MB (49417.33 MB after compression)
 1045171 748840      977.7000   255     1222.0000      921.5000 1.26e+08   24.59%
 1049150 751865     1167.0000   237     1222.0000      921.5000 1.27e+08   24.59%
 1050844 753123     1184.5000   237     1222.0000      921.6905 1.27e+08   24.58%
                                                    Covers: 1                  
 1054918 756264     1009.0000   182     1222.0000      921.7778 1.28e+08   24.57%
 1058803 759223     1146.0000   188     1222.0000      921.7778 1.28e+08   24.57%
 1062939 762339     1006.7917   276     1222.0000      922.0747 1.29e+08   24.54%
 1065989 764663     1126.8333   336     1222.0000      922.2142 1.29e+08   24.53%
 1070833 768431     1031.8394   372     1222.0000      922.2142 1.30e+08   24.53%
 1073088 770142        cutoff           1222.0000      922.4961 1.30e+08   24.51%
 1076470 772673     1027.8750   317     1222.0000      922.5519 1.31e+08   24.50%
Elapsed time = 3911.01 sec. (1182963.94 ticks, tree = 72530.54 MB, solutions = 16)
Nodefile size = 72399.42 MB (51041.77 MB after compression)
 1080090 775459      979.5897   312     1222.0000      922.5519 1.31e+08   24.50%
 1083792 778228      932.0225   364     1222.0000      922.8137 1.31e+08   24.48%
 1087662 781232     1137.1250   285     1222.0000      923.0000 1.32e+08   24.47%
 1091278 783995     1131.0000   240     1222.0000      923.0000 1.32e+08   24.47%
 1094485 786429     1105.7500   478     1222.0000      923.2143 1.33e+08   24.45%
 1097592 788778     1053.1667   393     1222.0000      923.2917 1.33e+08   24.44%
 1100408 790930        cutoff           1222.0000      923.2917 1.34e+08   24.44%
 1106174 795379      980.1667   332     1222.0000      923.5167 1.34e+08   24.43%
 1109063 797559     1198.5000   267     1222.0000      923.7381 1.35e+08   24.41%
 1113282 800794      934.1667   276     1222.0000      923.7381 1.35e+08   24.41%
Elapsed time = 4048.17 sec. (1222389.67 ticks, tree = 74925.00 MB, solutions = 16)
Nodefile size = 74779.97 MB (52660.51 MB after compression)
 1117027 803654     1052.7407   229     1222.0000      923.9500 1.36e+08   24.39%
 1121113 806732      983.7500   331     1222.0000      924.1250 1.36e+08   24.38%
 1123959 808890      945.7778   301     1222.0000      924.1250 1.36e+08   24.38%
 1127590 811655     1031.3355   327     1222.0000      924.2500 1.37e+08   24.37%
 1131740 814812     1129.4286   171     1222.0000      924.5000 1.37e+08   24.35%
 1136482 818421      964.9472   341     1222.0000      924.5000 1.38e+08   24.35%
 1138543 819974     1165.0000   206     1222.0000      924.6667 1.38e+08   24.33%
 1142127 822649      945.0006   347     1222.0000      924.8200 1.39e+08   24.32%
 1146620 826127     1053.9000   361     1222.0000      924.8200 1.39e+08   24.32%
 1149103 828017      988.5584   345     1222.0000      925.0000 1.40e+08   24.30%
Elapsed time = 4182.15 sec. (1261923.98 ticks, tree = 77606.26 MB, solutions = 16)
Nodefile size = 77474.98 MB (54489.55 MB after compression)
 1152501 830596     1049.6250   290     1222.0000      925.1667 1.40e+08   24.29%
                                                    Covers: 1                  
 1155436 832806     1047.6667   201     1222.0000      925.1667 1.41e+08   24.29%
 1159999 836302     1127.0000   158     1222.0000      925.3333 1.41e+08   24.28%
                                                    Covers: 1                  
 1164292 839546     1189.0000   269     1222.0000      925.5486 1.42e+08   24.26%
                                                  ZeroHalf: 1                  
 1169267 843331     1096.1667   222     1222.0000      925.5486 1.42e+08   24.26%
 1169980 843874     1037.2500   415     1222.0000      925.7424 1.42e+08   24.24%
 1174211 847085     1182.8333   252     1222.0000      925.8000 1.43e+08   24.24%
                                                  ZeroHalf: 1                  
 1177760 849803      947.5000   208     1222.0000      925.8000 1.43e+08   24.24%
 1181983 852985     1215.2000   342     1222.0000      926.0303 1.44e+08   24.22%
 1185793 855960     1016.9853   316     1222.0000      926.2143 1.44e+08   24.21%
Elapsed time = 4313.22 sec. (1301743.81 ticks, tree = 80002.41 MB, solutions = 16)
Nodefile size = 79870.63 MB (56118.34 MB after compression)
 1189697 858969     1055.2236   356     1222.0000      926.2143 1.45e+08   24.21%
 1192672 861273      949.3000   364     1222.0000      926.4234 1.45e+08   24.19%
 1196411 864110     1078.8333   224     1222.0000      926.5318 1.46e+08   24.18%
 1199223 866231     1165.4722   406     1222.0000      926.5318 1.46e+08   24.18%
*1199407 866379      integral     0     1220.0000      926.5318 1.46e+08   24.05%
Found incumbent of value 1220.000000 after 4361.83 sec. (1317202.83 ticks)
 1204021 868622      974.3333   272     1220.0000      926.7222 1.47e+08   24.04%
 1207791 871479     1096.1250   306     1220.0000      926.9167 1.47e+08   24.02%
 1213486 875822     1212.6667   191     1220.0000      926.9167 1.48e+08   24.02%
 1215220 877115     1185.0741   274     1220.0000      927.1052 1.48e+08   24.01%
                                                  Impl Bds: 1                  
 1218411 879453     1058.6000   264     1220.0000      927.1875 1.48e+08   24.00%
                                                  Impl Bds: 1                  
Elapsed time = 4431.42 sec. (1337247.35 ticks, tree = 81908.48 MB, solutions = 17)
Nodefile size = 81777.53 MB (57406.40 MB after compression)
 1222221 882348      949.3529   337     1220.0000      927.1875 1.49e+08   24.00%
 1226627 885691        cutoff           1220.0000      927.4375 1.49e+08   23.98%
 1229998 888173      950.3750   235     1220.0000      927.5833 1.50e+08   23.97%
 1234211 891369     1210.3492   309     1220.0000      927.5833 1.50e+08   23.97%
*1234638+891696                         1214.0000      927.5833 1.50e+08   23.59%
Found incumbent of value 1214.000000 after 4488.08 sec. (1352074.93 ticks)
 1235994 886486     1038.1667   438     1214.0000      927.7500 1.51e+08   23.58%
 1239691 889203     1043.5000   288     1214.0000      927.8212 1.51e+08   23.57%
 1243170 891831     1054.0000   236     1214.0000      927.8212 1.52e+08   23.57%
*1246771+894487                         1211.0000      928.0536 1.52e+08   23.36%
Found incumbent of value 1211.000000 after 4535.76 sec. (1368058.46 ticks)
 1247361 894925     1205.0000   212     1211.0000      928.0536 1.52e+08   23.36%
 1250910 893697     1114.3306   348     1211.0000      928.2500 1.53e+08   23.35%
 1255294 896976      962.0719   289     1211.0000      928.2500 1.53e+08   23.35%
Elapsed time = 4563.04 sec. (1377225.21 ticks, tree = 83398.66 MB, solutions = 18)
Nodefile size = 83254.97 MB (58366.38 MB after compression)
 1258644 899462      951.6757   312     1211.0000      928.4324 1.53e+08   23.33%
 1262124 901968      929.8929   284     1211.0000      928.6058 1.54e+08   23.32%
 1266196 905095        cutoff           1211.0000      928.6058 1.54e+08   23.32%
 1269162 907293     1070.0833   431     1211.0000      928.8070 1.55e+08   23.30%
 1272666 909867     1047.2048   353     1211.0000      928.8750 1.55e+08   23.30%
 1275323 911868     1097.6500   318     1211.0000      928.8750 1.56e+08   23.30%
 1279729 915123      947.1495   356     1211.0000      929.0741 1.56e+08   23.28%
 1283698 918074     1143.1944   222     1211.0000      929.2619 1.57e+08   23.26%
 1287410 920783     1072.5000   266     1211.0000      929.2619 1.57e+08   23.26%
 1290903 923388     1003.5333   260     1211.0000      929.4417 1.58e+08   23.25%
Elapsed time = 4697.52 sec. (1416790.14 ticks, tree = 85871.53 MB, solutions = 19)
Nodefile size = 85734.72 MB (60041.04 MB after compression)
 1295498 926781     1018.0000   285     1211.0000      929.6061 1.58e+08   23.24%
 1298170 928806     1062.0926   331     1211.0000      929.6061 1.59e+08   23.24%
 1300332 930393     1119.0000   373     1211.0000      929.6852 1.59e+08   23.23%
 1305659 934329     1091.2857   177     1211.0000      929.8333 1.60e+08   23.22%
 1310874 938242     1150.2667   289     1211.0000      929.8333 1.60e+08   23.22%
 1313394 940093      971.6478   352     1211.0000      930.0625 1.60e+08   23.20%
 1317632 943156      948.2963   304     1211.0000      930.2467 1.61e+08   23.18%
 1319682 944707     1125.0833   373     1211.0000      930.2467 1.61e+08   23.18%
 1324068 947978     1140.7500   269     1211.0000      930.3125 1.62e+08   23.18%
 1328453 951260     1183.0333   193     1211.0000      930.5267 1.62e+08   23.16%
Elapsed time = 4834.34 sec. (1457260.73 ticks, tree = 88264.68 MB, solutions = 19)
Nodefile size = 88132.90 MB (61664.89 MB after compression)
 1333280 954888     1150.1250   284     1211.0000      930.5267 1.63e+08   23.16%
 1335221 956272     1042.7396   360     1211.0000      930.7333 1.63e+08   23.14%
 1338537 958700     1136.8333   327     1211.0000      930.8333 1.64e+08   23.14%
 1342304 961542     1142.8546   346     1211.0000      930.8333 1.64e+08   23.14%
 1346601 964716     1030.1190   288     1211.0000      931.0278 1.65e+08   23.12%
                                                  ZeroHalf: 1                  
 1349907 967074     1030.7917   357     1211.0000      931.1964 1.65e+08   23.11%
 1353779 969935     1188.5758   267     1211.0000      931.1964 1.66e+08   23.11%
 1356850 972166     1143.9333   332     1211.0000      931.3750 1.66e+08   23.09%
 1359972 974500     1043.1346   409     1211.0000      931.4706 1.66e+08   23.08%
                                                    Covers: 1                  
 1363961 977507      964.0000   207     1211.0000      931.4706 1.67e+08   23.08%
Elapsed time = 4963.24 sec. (1496491.62 ticks, tree = 90112.50 MB, solutions = 19)
Nodefile size = 89971.70 MB (62905.24 MB after compression)
 1367650 980189      982.3000   371     1211.0000      931.6667 1.67e+08   23.07%
                                                  ZeroHalf: 1                  
 1371649 983193     1019.0500   324     1211.0000      931.8333 1.68e+08   23.05%
 1375297 985919      977.1111   266     1211.0000      931.8333 1.68e+08   23.05%
 1378109 988004     1106.2143   379     1211.0000      932.0000 1.69e+08   23.04%
 1382965 991612     1085.6250   330     1211.0000      932.1215 1.69e+08   23.03%
 1386396 994197      970.7500   205     1211.0000      932.1215 1.70e+08   23.03%
 1390493 997259     1067.7857   391     1211.0000      932.2857 1.70e+08   23.02%
 1394734 1000337     1079.2917   311     1211.0000      932.4766 1.71e+08   23.00%
 1399051 1003581     1004.0000   236     1211.0000      932.4766 1.71e+08   23.00%
 1400872 1004906      997.1071   360     1211.0000      932.6250 1.71e+08   22.99%
Elapsed time = 5106.08 sec. (1537065.31 ticks, tree = 92908.20 MB, solutions = 19)
Nodefile size = 92778.12 MB (64797.31 MB after compression)
 1404281 1007446        cutoff           1211.0000      932.6916 1.72e+08   22.98%
 1408377 1010429     1048.1667   258     1211.0000      932.6916 1.73e+08   22.98%
 1412146 1013202     1041.7500   230     1211.0000      932.9333 1.73e+08   22.96%
 1415539 1015659     1045.8750   321     1211.0000      933.0476 1.73e+08   22.95%
 1420570 1019465      980.2381   291     1211.0000      933.0476 1.74e+08   22.95%
 1422502 1020859     1177.5000   258     1211.0000      933.2279 1.74e+08   22.94%
 1426606 1023837     1031.4800   350     1211.0000      933.2901 1.75e+08   22.93%
                                                    Covers: 1                  
 1429659 1026099      974.8785   320     1211.0000      933.2901 1.75e+08   22.93%
 1432011 1027794        cutoff           1211.0000      933.5000 1.76e+08   22.91%
                                                    Covers: 1                  
 1437439 1031846     1027.8333   255     1211.0000      933.5686 1.76e+08   22.91%
Elapsed time = 5238.12 sec. (1576601.78 ticks, tree = 95131.46 MB, solutions = 19)
Nodefile size = 95001.22 MB (66296.52 MB after compression)
 1441407 1034785     1049.0152   337     1211.0000      933.5686 1.77e+08   22.91%
 1444129 1036751     1070.2000   304     1211.0000      933.8000 1.77e+08   22.89%
 1448238 1039816      952.1111   251     1211.0000      933.9375 1.78e+08   22.88%
 1449799 1041043      958.7800   340     1211.0000      933.9375 1.78e+08   22.88%
 1454735 1044700     1072.6875   279     1211.0000      934.0185 1.79e+08   22.87%
 1459239 1047998     1012.0833   322     1211.0000      934.2143 1.79e+08   22.86%
                                                    Covers: 1                  
 1462631 1050495     1087.4352   319     1211.0000      934.2143 1.79e+08   22.86%
 1466028 1052980     1083.7500   312     1211.0000      934.3790 1.80e+08   22.84%
                                                      Cuts: 5                  
 1470754 1056507     1049.7396   310     1211.0000      934.5333 1.80e+08   22.83%
 1474715 1059439      971.4792   395     1211.0000      934.5333 1.81e+08   22.83%
Elapsed time = 5374.14 sec. (1617134.08 ticks, tree = 97310.18 MB, solutions = 19)
Nodefile size = 97161.28 MB (67756.47 MB after compression)
 1476262 1060547     1153.7639   398     1211.0000      934.7000 1.81e+08   22.82%
 1480423 1063559     1184.5000   266     1211.0000      934.7487 1.82e+08   22.81%
 1483729 1066013     1109.0972   282     1211.0000      934.7487 1.82e+08   22.81%
 1487926 1069127     1156.9048   301     1211.0000      935.0000 1.83e+08   22.79%
                                                  Impl Bds: 1                  
 1491361 1071656     1072.5795   322     1211.0000      935.1208 1.83e+08   22.78%
                                                  Impl Bds: 3                  
 1496766 1075750     1085.4085   324     1211.0000      935.1208 1.84e+08   22.78%
 1499135 1077488     1177.5000   197     1211.0000      935.2750 1.84e+08   22.77%
 1502741 1080061     1084.1000   319     1211.0000      935.3922 1.85e+08   22.76%
 1505782 1082312     1023.8333   174     1211.0000      935.3922 1.85e+08   22.76%
 1509665 1085173     1106.5458   276     1211.0000      935.5500 1.85e+08   22.75%
                                                  Impl Bds: 1                  
Elapsed time = 5507.12 sec. (1656027.49 ticks, tree = 99462.09 MB, solutions = 19)
Nodefile size = 99327.70 MB (69216.44 MB after compression)
 1514354 1088624     1001.8929   340     1211.0000      935.7333 1.86e+08   22.73%
                                                  ZeroHalf: 1                  
 1519444 1092421      969.0000   296     1211.0000      935.7333 1.86e+08   22.73%
 1521364 1093805     1141.4091   455     1211.0000      935.8958 1.87e+08   22.72%
                                                    Covers: 1                  
 1524869 1096357     1046.8125   365     1211.0000      935.9152 1.87e+08   22.72%
 1528293 1098954     1093.6667   209     1211.0000      935.9152 1.88e+08   22.72%
 1532927 1102394     1036.3125   311     1211.0000      936.1563 1.88e+08   22.70%
 1535996 1104648     1023.3125   355     1211.0000      936.2857 1.89e+08   22.68%
 1540590 1108126     1196.6667   174     1211.0000      936.2857 1.89e+08   22.68%
 1544356 1110938     1116.4412   317     1211.0000      936.4375 1.90e+08   22.67%
                                                    Covers: 1                  
 1549063 1114419      996.6000   359     1211.0000      936.6250 1.90e+08   22.66%
Elapsed time = 5653.27 sec. (1697876.59 ticks, tree = 102464.94 MB, solutions = 19)
Nodefile size = 102335.61 MB (71252.42 MB after compression)
 1550855 1115737     1044.8788   201     1211.0000      936.6250 1.90e+08   22.66%
 1555113 1118911     1200.3750   251     1211.0000      936.6923 1.91e+08   22.65%
 1559636 1122260     1182.6667   215     1211.0000      936.8750 1.92e+08   22.64%
 1564336 1125697      989.9167   295     1211.0000      936.8750 1.92e+08   22.64%
 1566520 1127226     1026.0944   347     1211.0000      937.0000 1.92e+08   22.63%
 1571428 1130857     1153.2500   251     1211.0000      937.1667 1.93e+08   22.61%
                                                  Impl Bds: 1                  
 1574028 1132797     1015.3698   482     1211.0000      937.1667 1.93e+08   22.61%
 1576937 1134884     1159.5833   200     1211.0000      937.2282 1.94e+08   22.61%
 1581581 1138273     1070.5000   237     1211.0000      937.3621 1.94e+08   22.60%
 1585890 1141514     1177.5370   260     1211.0000      937.3621 1.95e+08   22.60%
Elapsed time = 5785.71 sec. (1737955.21 ticks, tree = 104214.32 MB, solutions = 19)
Nodefile size = 104064.10 MB (72415.41 MB after compression)
 1589515 1144158     1075.8095   319     1211.0000      937.5119 1.95e+08   22.58%
                                                  Impl Bds: 1                  
 1592450 1146289     1039.3333   200     1211.0000      937.6667 1.96e+08   22.57%
                                                  Impl Bds: 2                  
 1594786 1148043     1057.7614   401     1211.0000      937.6667 1.96e+08   22.57%
 1599677 1151594     1027.7083   322     1211.0000      937.7500 1.97e+08   22.56%
 1603498 1154351     1193.8333   217     1211.0000      937.9167 1.97e+08   22.55%
                                                      Cuts: 2                  
 1607722 1157483     1040.3333   233     1211.0000      937.9167 1.98e+08   22.55%
 1610851 1159740      984.8958   332     1211.0000      938.0278 1.98e+08   22.54%
                                                      Cuts: 2                  
 1615411 1163112     1125.3333   179     1211.0000      938.1702 1.98e+08   22.53%
                                                    Covers: 2                  
 1619020 1165808     1108.1667   278     1211.0000      938.1702 1.99e+08   22.53%
 1621627 1167703     1034.4000   224     1211.0000      938.2708 1.99e+08   22.52%
Elapsed time = 5922.65 sec. (1777459.60 ticks, tree = 106545.24 MB, solutions = 19)
Nodefile size = 106410.04 MB (73996.10 MB after compression)
 1625229 1170302     1054.6667   246     1211.0000      938.4149 2.00e+08   22.51%
 1629709 1173576     1199.5294   138     1211.0000      938.4149 2.00e+08   22.51%
 1633249 1176165      984.2727   313     1211.0000      938.5678 2.01e+08   22.50%
                                                  ZeroHalf: 1                  
 1637634 1179388     1120.5000   274     1211.0000      938.6917 2.01e+08   22.49%
                                                    Covers: 1                  
 1642848 1183259      958.6442   332     1211.0000      938.6917 2.02e+08   22.49%
 1643969 1184044     1208.7381   308     1211.0000      938.8333 2.02e+08   22.47%
                                                    Covers: 1                  
 1647108 1186387     1008.2500   431     1211.0000      938.8333 2.03e+08   22.47%
 1650355 1188797     1045.5741   277     1211.0000      938.9444 2.03e+08   22.47%
 1655070 1192248     1040.7812   307     1211.0000      939.0714 2.04e+08   22.45%
 1659096 1195229     1019.9069   321     1211.0000      939.0714 2.04e+08   22.45%
Elapsed time = 6055.02 sec. (1817293.18 ticks, tree = 108815.66 MB, solutions = 19)
Nodefile size = 108670.41 MB (75523.03 MB after compression)
 1662113 1197428     1026.5592   333     1211.0000      939.2377 2.04e+08   22.44%
                                                    Covers: 1                  
 1665541 1199863     1006.6667   272     1211.0000      939.3621 2.05e+08   22.43%
                                                    Covers: 1                  
 1668960 1202399     1103.0000   223     1211.0000      939.3621 2.05e+08   22.43%
 1671802 1204493     1107.2704   379     1211.0000      939.4355 2.06e+08   22.42%
                                                  Impl Bds: 1                  
 1675294 1207021     1114.5833   269     1211.0000      939.5810 2.06e+08   22.41%
                                                      Cuts: 5                  
 1679806 1210313     1194.1667   199     1211.0000      939.5810 2.07e+08   22.41%
 1682968 1212573     1005.1157   384     1211.0000      939.7361 2.07e+08   22.40%
                                                    Covers: 1                  
 1687001 1215463     1077.0781   340     1211.0000      939.8545 2.07e+08   22.39%
 1687731 1216013     1045.4375   440     1211.0000      939.8545 2.08e+08   22.39%
 1694333 1220905     1186.9167   284     1211.0000      939.9167 2.09e+08   22.39%
Elapsed time = 6191.05 sec. (1857215.71 ticks, tree = 110986.02 MB, solutions = 19)
Nodefile size = 110847.80 MB (76988.78 MB after compression)
 1698480 1223927     1082.5000   188     1211.0000      940.0859 2.09e+08   22.37%
                                                    Covers: 2                  
 1702966 1227181      957.7548   355     1211.0000      940.0859 2.10e+08   22.37%
 1705529 1229034     1049.0037   353     1211.0000      940.2381 2.10e+08   22.36%
                                                      Cuts: 3                  
 1709534 1231984     1152.2292   297     1211.0000      940.3500 2.10e+08   22.35%
                                                    Covers: 1                  
 1711918 1233787     1197.0000   306     1211.0000      940.3500 2.11e+08   22.35%
 1715346 1236281     1002.0000   279     1211.0000      940.4734 2.11e+08   22.34%
 1719662 1239411     1109.5000   234     1211.0000      940.5682 2.12e+08   22.33%
 1723998 1242654        cutoff           1211.0000      940.5682 2.12e+08   22.33%
 1727367 1245065     1192.8667   236     1211.0000      940.7115 2.13e+08   22.32%
 1732076 1248546      945.5682   365     1211.0000      940.8676 2.13e+08   22.31%
Elapsed time = 6330.55 sec. (1896988.60 ticks, tree = 113799.98 MB, solutions = 19)
Nodefile size = 113668.78 MB (78896.94 MB after compression)
 1732991 1249220     1145.0000   304     1211.0000      940.8676 2.13e+08   22.31%
 1737489 1252507     1145.9000   218     1211.0000      940.9104 2.14e+08   22.30%
                                                  Impl Bds: 1                  
 1741777 1255668     1209.5000   160     1211.0000      941.0417 2.14e+08   22.29%
                                                      Cuts: 3                  
 1746917 1259415     1140.0196   223     1211.0000      941.0417 2.15e+08   22.29%
 1749290 1261177     1194.8000   202     1211.0000      941.2000 2.15e+08   22.28%
 1754172 1264768     1165.7500   241     1211.0000      941.3483 2.16e+08   22.27%
                                                  Impl Bds: 1                  
 1756958 1266806     1098.1970   424     1211.0000      941.3483 2.16e+08   22.27%
 1759108 1268384     1081.8750   282     1211.0000      941.4241 2.17e+08   22.26%
                                                  Impl Bds: 1                  
 1763688 1271715     1049.8000   248     1211.0000      941.5514 2.17e+08   22.25%
                                                  Impl Bds: 1                  
 1768728 1275451     1020.5000   246     1211.0000      941.5514 2.18e+08   22.25%
Elapsed time = 6466.45 sec. (1936653.67 ticks, tree = 115667.52 MB, solutions = 19)
Nodefile size = 115517.52 MB (80139.33 MB after compression)
 1771204 1277256     1146.0278   355     1211.0000      941.6833 2.18e+08   22.24%
 1775498 1280358      982.0000   246     1211.0000      941.8333 2.19e+08   22.23%
 1778430 1282480     1059.4789   413     1211.0000      941.8333 2.19e+08   22.23%
 1782446 1285500      988.0000   260     1211.0000      941.9167 2.20e+08   22.22%
 1786117 1288131     1059.9167   238     1211.0000      942.0333 2.20e+08   22.21%
 1790664 1291467     1046.2828   482     1211.0000      942.0333 2.21e+08   22.21%
 1793343 1293427     1191.2879   299     1211.0000      942.1667 2.21e+08   22.20%
 1797891 1296796     1169.7500   212     1211.0000      942.3073 2.21e+08   22.19%
 1799325 1297911     1176.8750   410     1211.0000      942.3073 2.22e+08   22.19%
 1804732 1301908     1026.5417   314     1211.0000      942.3810 2.22e+08   22.18%
Elapsed time = 6603.51 sec. (1977296.87 ticks, tree = 117976.12 MB, solutions = 19)
Nodefile size = 117840.49 MB (81703.57 MB after compression)
 1808568 1304694      958.8750   350     1211.0000      942.5294 2.23e+08   22.17%
 1812233 1307357      954.8333   277     1211.0000      942.5294 2.23e+08   22.17%
 1815557 1309823     1132.0556   360     1211.0000      942.6548 2.24e+08   22.16%
                                                    Covers: 1                  
 1820202 1313261     1062.5000   213     1211.0000      942.7672 2.24e+08   22.15%
 1822972 1315280     1073.6667   359     1211.0000      942.7672 2.25e+08   22.15%
 1825788 1317330     1205.6667   247     1211.0000      942.8524 2.25e+08   22.14%
 1830503 1320768     1026.3655   305     1211.0000      942.9914 2.26e+08   22.13%
 1834299 1323472     1132.5000   195     1211.0000      942.9914 2.26e+08   22.13%
 1837451 1325772     1056.6250   339     1211.0000      943.0909 2.26e+08   22.12%
 1841936 1329077     1026.7143   303     1211.0000      943.2228 2.27e+08   22.11%
Elapsed time = 6745.23 sec. (2017762.12 ticks, tree = 120643.93 MB, solutions = 19)
Nodefile size = 120513.77 MB (83507.31 MB after compression)
 1845198 1331498     1060.1000   396     1211.0000      943.2228 2.28e+08   22.11%
 1847602 1333228     1172.2564   268     1211.0000      943.2696 2.28e+08   22.11%
 1852407 1336688     1008.6239   344     1211.0000      943.4405 2.28e+08   22.09%
 1856471 1339636     1045.2500   242     1211.0000      943.4405 2.29e+08   22.09%
 1858675 1341183     1187.1344   300     1211.0000      943.5556 2.29e+08   22.08%
 1862563 1344056     1085.5926   402     1211.0000      943.6333 2.30e+08   22.08%
 1865733 1346361      997.8750   252     1211.0000      943.6333 2.30e+08   22.08%
*1865956 1346539      integral     0     1209.0000      943.6333 2.30e+08   21.95%
Found incumbent of value 1209.000000 after 6833.40 sec. (2044819.25 ticks)
 1870253 1346803     1068.5000   334     1209.0000      943.7823 2.31e+08   21.94%
                                                    Covers: 1                  
 1873381 1349068     1180.9167   285     1209.0000      943.8889 2.31e+08   21.93%
Elapsed time = 6865.57 sec. (2053240.87 ticks, tree = 122086.22 MB, solutions = 20)
Nodefile size = 121956.56 MB (84461.16 MB after compression)
 1878503 1352826     1127.9286   320     1209.0000      943.8889 2.32e+08   21.93%
 1881141 1354718     1128.1190   245     1209.0000      944.0000 2.32e+08   21.92%
 1886166 1358462     1108.7500   366     1209.0000      944.1429 2.33e+08   21.91%
 1887542 1359474     1058.9167   281     1209.0000      944.1429 2.33e+08   21.91%
 1891582 1362460      973.8929   364     1209.0000      944.2337 2.33e+08   21.90%
 1897030 1366465     1163.4167   200     1209.0000      944.3611 2.34e+08   21.89%
                                                  ZeroHalf: 1                  
*1898544+1367556                         1206.0000      944.3611 2.34e+08   21.69%
Found incumbent of value 1206.000000 after 6953.64 sec. (2077651.95 ticks)
 1900710 1369116      984.9073   382     1206.0000      944.3611 2.34e+08   21.69%
 1904286 1366927     1102.6963   290     1206.0000      944.5000 2.35e+08   21.68%
*1906366+1368459                         1195.0000      944.5000 2.35e+08   20.96%
Found incumbent of value 1195.000000 after 6980.95 sec. (2086849.47 ticks)
 1908307 1342438     1000.1625   339     1195.0000      944.5833 2.35e+08   20.96%
 1912344 1345286      958.3333   251     1195.0000      944.5833 2.36e+08   20.96%
Elapsed time = 7000.69 sec. (2093720.91 ticks, tree = 121569.41 MB, solutions = 21)
Nodefile size = 121429.34 MB (83972.66 MB after compression)
 1914942 1347061     1114.5455   402     1195.0000      944.7143 2.36e+08   20.94%
 1918092 1349265     1047.0000   327     1195.0000      944.7667 2.37e+08   20.94%
 1921013 1351310     1128.4000   306     1195.0000      944.7667 2.37e+08   20.94%
 1925322 1354302     1090.5000   226     1195.0000      944.9077 2.38e+08   20.93%
 1928907 1356778     1009.7692   427     1195.0000      945.0079 2.38e+08   20.92%
 1931718 1358783     1037.0333   312     1195.0000      945.0079 2.39e+08   20.92%
 1935535 1361437        cutoff           1195.0000      945.1082 2.39e+08   20.91%
 1939816 1364371     1044.2917   303     1195.0000      945.2500 2.40e+08   20.90%
 1943386 1366944     1129.9167   259     1195.0000      945.2500 2.40e+08   20.90%
 1946708 1369264      972.0000   242     1195.0000      945.3750 2.40e+08   20.89%
Elapsed time = 7132.51 sec. (2133788.04 ticks, tree = 123531.60 MB, solutions = 22)
Nodefile size = 123393.10 MB (85289.38 MB after compression)
 1950446 1371878     1189.5000   220     1195.0000      945.5000 2.41e+08   20.88%
                                                    Covers: 1                  
 1952622 1373410     1152.2500   352     1195.0000      945.5000 2.41e+08   20.88%
 1956248 1375949      960.4583   277     1195.0000      945.5667 2.42e+08   20.87%
 1959904 1378456     1050.9167   213     1195.0000      945.7083 2.42e+08   20.86%
                                                  Impl Bds: 1                  
 1965291 1382323      958.3125   314     1195.0000      945.7083 2.43e+08   20.86%
 1968174 1384304      956.0000   351     1195.0000      945.8611 2.43e+08   20.85%
                                                  Impl Bds: 3                  
 1971211 1386379      996.0000   195     1195.0000      946.0000 2.44e+08   20.84%
 1975819 1389685     1110.6667   221     1195.0000      946.0000 2.44e+08   20.84%
 1978310 1391369     1007.2500   407     1195.0000      946.0726 2.44e+08   20.83%
 1981882 1393866     1152.5000   433     1195.0000      946.1363 2.45e+08   20.83%
Elapsed time = 7270.07 sec. (2174465.75 ticks, tree = 125705.39 MB, solutions = 22)
Nodefile size = 125575.01 MB (86750.03 MB after compression)
 1987072 1397474     1123.0000   249     1195.0000      946.2667 2.46e+08   20.81%
 1991917 1400965      979.4820   312     1195.0000      946.2667 2.46e+08   20.81%
 1994927 1402984     1141.5000   123     1195.0000      946.4005 2.47e+08   20.80%
                                                    Covers: 1                  
 1998708 1405554      977.0122   328     1195.0000      946.5119 2.47e+08   20.79%
 2000178 1406586     1020.1667   377     1195.0000      946.5119 2.47e+08   20.79%
 2005610 1410462     1037.0272   349     1195.0000      946.6035 2.48e+08   20.79%
 2009008 1412824      996.3750   374     1195.0000      946.7500 2.48e+08   20.77%
 2013761 1416216     1013.5000   189     1195.0000      946.7500 2.49e+08   20.77%
 2017090 1418553     1144.0972   366     1195.0000      946.8750 2.49e+08   20.76%
 2021921 1421995     1093.5577   311     1195.0000      947.0000 2.50e+08   20.75%
Elapsed time = 7416.43 sec. (2216209.60 ticks, tree = 128374.00 MB, solutions = 22)
Nodefile size = 128244.21 MB (88531.34 MB after compression)
 2023711 1423255     1117.3333   273     1195.0000      947.0000 2.50e+08   20.75%
 2027479 1425902     1079.1667   284     1195.0000      947.0357 2.51e+08   20.75%
 2031723 1428894        cutoff           1195.0000      947.2018 2.51e+08   20.74%
 2036300 1432185     1158.5000   239     1195.0000      947.2018 2.52e+08   20.74%
 2038695 1433845      973.6972   361     1195.0000      947.3333 2.52e+08   20.73%
                                                    Covers: 1                  
 2043621 1437349        cutoff           1195.0000      947.4918 2.53e+08   20.71%
 2045568 1438701     1166.5000   337     1195.0000      947.4918 2.53e+08   20.71%
 2049875 1441730     1152.0833   244     1195.0000      947.5000 2.54e+08   20.71%
 2053784 1444431     1038.7778   339     1195.0000      947.6667 2.54e+08   20.70%
 2057939 1447327     1005.7500   325     1195.0000      947.6667 2.55e+08   20.70%
Elapsed time = 7551.43 sec. (2256201.60 ticks, tree = 130256.59 MB, solutions = 22)
Nodefile size = 130109.70 MB (89779.70 MB after compression)
 2060957 1449466      956.9911   327     1195.0000      947.7813 2.55e+08   20.69%
 2065108 1452280        cutoff           1195.0000      947.9333 2.56e+08   20.68%
 2067822 1454233        cutoff           1195.0000      947.9333 2.56e+08   20.68%
 2070970 1456431     1098.6250   263     1195.0000      948.0000 2.56e+08   20.67%
 2074825 1459073     1106.0000   235     1195.0000      948.0833 2.57e+08   20.66%
 2079396 1462300     1060.5833   241     1195.0000      948.0833 2.57e+08   20.66%
 2080944 1463237     1166.8333   174     1195.0000      948.2333 2.58e+08   20.65%
 2085011 1466106     1009.5000   269     1195.0000      948.2903 2.58e+08   20.65%
 2088849 1468866     1189.5000   270     1195.0000      948.2903 2.59e+08   20.65%
 2093214 1471953     1025.5000   255     1195.0000      948.4286 2.59e+08   20.63%
Elapsed time = 7685.22 sec. (2295353.60 ticks, tree = 132267.47 MB, solutions = 22)
Nodefile size = 132131.52 MB (91134.62 MB after compression)
 2096490 1474150     1093.4286   328     1195.0000      948.5209 2.60e+08   20.63%
 2101294 1477592     1080.2000   334     1195.0000      948.5209 2.60e+08   20.63%
 2103560 1479173     1125.6667   384     1195.0000      948.6612 2.60e+08   20.61%
                                                  Impl Bds: 1                  
 2106892 1481470     1065.0000   382     1195.0000      948.7149 2.61e+08   20.61%
 2110776 1484245      973.5667   317     1195.0000      948.7149 2.62e+08   20.61%
 2115461 1487560     1069.5000   206     1195.0000      948.8587 2.62e+08   20.60%
 2118658 1489775     1061.3333   182     1195.0000      949.0000 2.62e+08   20.59%
 2123394 1493169     1001.4722   257     1195.0000      949.0000 2.63e+08   20.59%
 2125701 1494727        cutoff           1195.0000      949.1000 2.63e+08   20.58%
 2128949 1496991     1026.4231   394     1195.0000      949.1458 2.64e+08   20.57%
                                                    Covers: 1                  
Elapsed time = 7819.60 sec. (2337053.18 ticks, tree = 134505.73 MB, solutions = 22)
Nodefile size = 134374.90 MB (92635.78 MB after compression)
 2132753 1499715     1030.8725   347     1195.0000      949.1458 2.64e+08   20.57%
 2135605 1501705     1132.7750   339     1195.0000      949.2740 2.65e+08   20.56%
 2139499 1504429      990.9107   235     1195.0000      949.3750 2.65e+08   20.55%
 2144548 1508070     1034.2222   349     1195.0000      949.3750 2.66e+08   20.55%
 2146275 1509223     1085.3250   380     1195.0000      949.5000 2.66e+08   20.54%
 2148715 1510931     1004.3962   324     1195.0000      949.5000 2.66e+08   20.54%
 2152824 1513834     1130.1667   229     1195.0000      949.5534 2.67e+08   20.54%
 2156762 1516568     1141.3333   238     1195.0000      949.6833 2.67e+08   20.53%
                                                  ZeroHalf: 1                  
 2160089 1518877     1124.9167   251     1195.0000      949.6833 2.68e+08   20.53%
 2163715 1521361     1022.1600   371     1195.0000      949.7971 2.68e+08   20.52%
Elapsed time = 7953.84 sec. (2375469.83 ticks, tree = 136661.76 MB, solutions = 22)
Nodefile size = 136525.10 MB (94079.81 MB after compression)
 2167330 1523901     1150.0000   336     1195.0000      949.9167 2.69e+08   20.51%
 2169680 1525515     1034.3833   271     1195.0000      949.9167 2.69e+08   20.51%
 2173699 1528351     1164.8611   358     1195.0000      949.9722 2.70e+08   20.50%
                                                  Impl Bds: 1                  
 2177016 1530658     1045.0000   352     1195.0000      950.0764 2.70e+08   20.50%
                                                  Impl Bds: 1                  
 2181976 1534201     1165.3333   148     1195.0000      950.0764 2.71e+08   20.50%
 2185734 1536814     1116.6818   212     1195.0000      950.1994 2.71e+08   20.49%
 2189734 1539605     1151.7500   261     1195.0000      950.3052 2.72e+08   20.48%
 2191994 1541189     1135.0000   264     1195.0000      950.3052 2.72e+08   20.48%
 2195984 1543937      968.8333   251     1195.0000      950.3750 2.72e+08   20.47%
 2200548 1547168     1064.1406   355     1195.0000      950.5000 2.73e+08   20.46%
Elapsed time = 8093.15 sec. (2416078.99 ticks, tree = 138910.52 MB, solutions = 22)
Nodefile size = 138780.65 MB (95594.44 MB after compression)
 2203140 1548969     1152.8214   191     1195.0000      950.5000 2.73e+08   20.46%
 2207484 1551999     1144.2000   290     1195.0000      950.5833 2.74e+08   20.45%
 2211572 1554918     1025.1429   293     1195.0000      950.7000 2.74e+08   20.44%
 2214305 1556810     1011.8525   342     1195.0000      950.7000 2.75e+08   20.44%
 2217770 1559231     1026.5000   238     1195.0000      950.7714 2.75e+08   20.44%
                                                  Impl Bds: 1                  
 2221441 1561789     1066.7778   221     1195.0000      950.9000 2.76e+08   20.43%
                                                  Impl Bds: 4                  
 2226391 1565349     1061.0000   303     1195.0000      950.9000 2.76e+08   20.43%
 2228265 1566563     1111.5000   421     1195.0000      951.0000 2.76e+08   20.42%
                                                  ZeroHalf: 1                  
 2232041 1569202     1056.2500   257     1195.0000      951.0705 2.77e+08   20.41%
 2236227 1572158        cutoff           1195.0000      951.0705 2.78e+08   20.41%
Elapsed time = 8227.89 sec. (2456182.77 ticks, tree = 140570.24 MB, solutions = 22)
Nodefile size = 140428.83 MB (96697.83 MB after compression)
 2240385 1575039     1155.6667   293     1195.0000      951.2115 2.78e+08   20.40%
 2243564 1577205     1098.1667   196     1195.0000      951.3000 2.78e+08   20.39%
 2248428 1580701      995.5333   282     1195.0000      951.3000 2.79e+08   20.39%
 2250516 1582171     1193.7500   299     1195.0000      951.4167 2.79e+08   20.38%
 2253476 1584262     1048.4514   296     1195.0000      951.4167 2.80e+08   20.38%
 2256079 1586073     1106.5800   356     1195.0000      951.4917 2.80e+08   20.38%
 2260535 1589225     1155.1571   173     1195.0000      951.5833 2.81e+08   20.37%
                                                  Impl Bds: 1                  
 2265654 1592891     1105.0000   334     1195.0000      951.6842 2.81e+08   20.36%
                                                      Cuts: 4                  
 2270573 1596422     1161.2500   269     1195.0000      951.6842 2.82e+08   20.36%
 2272517 1597739     1160.0833   456     1195.0000      951.8167 2.82e+08   20.35%
Elapsed time = 8374.02 sec. (2496950.24 ticks, tree = 143325.38 MB, solutions = 22)
Nodefile size = 143195.66 MB (98551.78 MB after compression)
 2276060 1600259     1091.6618   414     1195.0000      951.8684 2.83e+08   20.35%
 2278859 1602171     1153.4167   271     1195.0000      951.8684 2.83e+08   20.35%
 2282708 1604846     1176.5600   331     1195.0000      952.0000 2.83e+08   20.33%
 2287470 1608067    infeasible           1195.0000      952.0875 2.84e+08   20.33%
 2293314 1612249      982.9626   316     1195.0000      952.0875 2.85e+08   20.33%
 2294995 1613378      991.8571   286     1195.0000      952.2000 2.85e+08   20.32%
 2297920 1615422     1090.9722   247     1195.0000      952.2000 2.85e+08   20.32%
 2300429 1617185      983.9792   325     1195.0000      952.2658 2.86e+08   20.31%
 2304921 1620253     1020.0645   343     1195.0000      952.3889 2.86e+08   20.30%
 2308274 1622628      991.4733   316     1195.0000      952.3889 2.87e+08   20.30%
Elapsed time = 8504.26 sec. (2536393.59 ticks, tree = 145074.68 MB, solutions = 22)
Nodefile size = 144934.47 MB (99713.13 MB after compression)
 2312644 1625642        cutoff           1195.0000      952.5000 2.87e+08   20.29%
 2315634 1627695     1050.9444   346     1195.0000      952.5833 2.87e+08   20.29%
 2318570 1629779     1014.5000   256     1195.0000      952.5833 2.88e+08   20.29%
 2321855 1632027     1128.5000   150     1195.0000      952.6341 2.88e+08   20.28%
 2326204 1635081        cutoff           1195.0000      952.7667 2.89e+08   20.27%
 2330354 1638050     1059.6963   344     1195.0000      952.7667 2.89e+08   20.27%
 2332173 1639227        cutoff           1195.0000      952.8750 2.90e+08   20.26%
 2336167 1642111     1141.7167   390     1195.0000      952.9583 2.90e+08   20.25%
 2339840 1644765     1105.7500   285     1195.0000      952.9583 2.91e+08   20.25%
 2343772 1647490     1078.0213   353     1195.0000      953.0323 2.91e+08   20.25%
Elapsed time = 8641.66 sec. (2575051.17 ticks, tree = 147174.88 MB, solutions = 22)
Nodefile size = 147041.04 MB (101114.79 MB after compression)
 2348647 1650937        cutoff           1195.0000      953.1498 2.92e+08   20.24%
                                                      Cuts: 2                  
 2352694 1653712     1021.7778   332     1195.0000      953.1498 2.92e+08   20.24%
 2354370 1654809     1087.8929   366     1195.0000      953.2500 2.92e+08   20.23%
                                                  Impl Bds: 3                  
 2358382 1657676     1002.6667   237     1195.0000      953.3000 2.93e+08   20.23%
 2361316 1659692      996.0517   371     1195.0000      953.3000 2.93e+08   20.23%
 2365609 1662711     1017.0000   289     1195.0000      953.4504 2.94e+08   20.21%
 2369343 1665275        cutoff           1195.0000      953.5188 2.94e+08   20.21%
 2372844 1667693     1023.4583   334     1195.0000      953.5188 2.95e+08   20.21%
 2376053 1669939     1034.0000   296     1195.0000      953.6623 2.95e+08   20.20%
 2381098 1673357     1001.0833   304     1195.0000      953.7500 2.96e+08   20.19%
Elapsed time = 8786.53 sec. (2616702.54 ticks, tree = 149763.96 MB, solutions = 22)
Nodefile size = 149634.86 MB (102851.80 MB after compression)
 2382072 1674040     1125.1145   335     1195.0000      953.7500 2.96e+08   20.19%
 2386809 1677358     1057.5000   333     1195.0000      953.7917 2.97e+08   20.18%
 2390958 1680184     1138.5833   279     1195.0000      953.9333 2.97e+08   20.17%
 2395246 1683299      977.2500   277     1195.0000      953.9333 2.98e+08   20.17%
 2398073 1685194     1052.0000   334     1195.0000      954.0000 2.98e+08   20.17%
 2403286 1688888    infeasible           1195.0000      954.1131 2.99e+08   20.16%
 2404700 1689877     1111.0000   420     1195.0000      954.1131 2.99e+08   20.16%
 2409024 1692886     1156.5000   205     1195.0000      954.1667 3.00e+08   20.15%
 2412702 1695354     1186.0000   277     1195.0000      954.2708 3.00e+08   20.14%
 2417925 1699037      993.6194   302     1195.0000      954.2708 3.01e+08   20.14%
Elapsed time = 8924.17 sec. (2656969.11 ticks, tree = 151448.59 MB, solutions = 22)
Nodefile size = 151303.24 MB (103964.38 MB after compression)
 2420885 1701090     1117.2500   269     1195.0000      954.3958 3.01e+08   20.13%
 2425448 1704291     1061.5500   309     1195.0000      954.5000 3.01e+08   20.13%
 2428353 1706283        cutoff           1195.0000      954.5000 3.02e+08   20.13%
 2430473 1707683     1004.1129   318     1195.0000      954.5556 3.02e+08   20.12%
 2434730 1710636      997.1944   344     1195.0000      954.6667 3.03e+08   20.11%
 2439018 1713602     1038.9539   378     1195.0000      954.6667 3.03e+08   20.11%
 2441337 1715172     1114.0000   372     1195.0000      954.7679 3.04e+08   20.10%
 2445263 1717883        cutoff           1195.0000      954.8229 3.04e+08   20.10%
 2448234 1719971     1077.6875   269     1195.0000      954.8229 3.05e+08   20.10%
 2452097 1722745     1146.0000   144     1195.0000      954.9375 3.05e+08   20.09%
Elapsed time = 9061.24 sec. (2696605.04 ticks, tree = 153696.00 MB, solutions = 22)
Nodefile size = 153562.02 MB (105476.39 MB after compression)
 2457595 1726570     1023.7917   305     1195.0000      955.0208 3.06e+08   20.08%
 2461659 1729380     1116.8095   300     1195.0000      955.0208 3.06e+08   20.08%
 2463769 1730844        cutoff           1195.0000      955.1500 3.06e+08   20.07%
 2467637 1733529     1029.6667   442     1195.0000      955.1875 3.07e+08   20.07%
 2471661 1736429     1153.8333   283     1195.0000      955.1875 3.07e+08   20.07%
 2475510 1739065      987.7500   358     1195.0000      955.3333 3.08e+08   20.06%
 2478894 1741340     1141.5000   212     1195.0000      955.4375 3.08e+08   20.05%
 2484074 1745078     1054.2500   283     1195.0000      955.4375 3.09e+08   20.05%
 2486643 1746821     1134.3333   283     1195.0000      955.5000 3.09e+08   20.04%
                                                  Impl Bds: 1                  
 2489137 1748510      974.0000   341     1195.0000      955.5000 3.10e+08   20.04%
Elapsed time = 9204.24 sec. (2737325.59 ticks, tree = 155976.52 MB, solutions = 22)
Nodefile size = 155846.92 MB (106997.78 MB after compression)
 2492127 1750583     1085.5833   330     1195.0000      955.5333 3.10e+08   20.04%
 2496649 1753808     1041.1000   249     1195.0000      955.6667 3.11e+08   20.03%
                                                  ZeroHalf: 1                  
 2499801 1756051     1166.3333   173     1195.0000      955.6667 3.11e+08   20.03%
 2504232 1759149     1190.3333   263     1195.0000      955.7500 3.11e+08   20.02%
 2508048 1761750     1047.1964   260     1195.0000      955.8750 3.12e+08   20.01%
 2511466 1764159      977.0000   300     1195.0000      955.8750 3.12e+08   20.01%
 2514351 1766197        cutoff           1195.0000      955.9313 3.13e+08   20.01%
                                                    Covers: 1                  
 2518072 1768685     1079.7500   226     1195.0000      956.0000 3.13e+08   20.00%
                                                  ZeroHalf: 1                  
 2524107 1773012     1114.4643   298     1195.0000      956.0000 3.14e+08   20.00%
 2525495 1773945        cutoff           1195.0000      956.1250 3.14e+08   19.99%
Elapsed time = 9343.40 sec. (2776550.72 ticks, tree = 158249.91 MB, solutions = 22)
Nodefile size = 158119.01 MB (108514.04 MB after compression)
 2529869 1776962      975.5556   341     1195.0000      956.2237 3.15e+08   19.98%
 2531958 1778455     1194.0000   273     1195.0000      956.2237 3.15e+08   19.98%
 2535641 1781012     1119.8529   269     1195.0000      956.2500 3.16e+08   19.98%
 2539878 1783921     1067.4435   361     1195.0000      956.3750 3.16e+08   19.97%
 2544810 1787511     1009.0962   331     1195.0000      956.3750 3.17e+08   19.97%
 2547502 1789288     1030.4286   300     1195.0000      956.5000 3.17e+08   19.96%
 2551049 1791674     1058.6000   326     1195.0000      956.5635 3.17e+08   19.95%
 2551505 1792006     1133.0000   288     1195.0000      956.5635 3.17e+08   19.95%
 2558689 1797045     1038.5000   281     1195.0000      956.5877 3.18e+08   19.95%
 2561549 1798995     1031.7500   361     1195.0000      956.7491 3.19e+08   19.94%
Elapsed time = 9484.35 sec. (2817699.62 ticks, tree = 160210.88 MB, solutions = 22)
Nodefile size = 160080.86 MB (109819.30 MB after compression)
 2565421 1801732     1162.6667   228     1195.0000      956.7491 3.19e+08   19.94%
 2568956 1804156     1004.9751   337     1195.0000      956.8455 3.20e+08   19.93%
 2572787 1806813     1064.3788   253     1195.0000      956.8455 3.20e+08   19.93%
 2574272 1807855     1038.2857   341     1195.0000      956.9514 3.20e+08   19.92%
 2579274 1811371     1064.4286   264     1195.0000      957.0000 3.21e+08   19.92%
 2583866 1814549     1081.5000   234     1195.0000      957.0917 3.22e+08   19.91%
 2588776 1818033     1027.0000   201     1195.0000      957.0917 3.22e+08   19.91%
 2591744 1820112     1042.5833   337     1195.0000      957.2000 3.22e+08   19.90%
 2594986 1822377        cutoff           1195.0000      957.2000 3.23e+08   19.90%
 2597637 1824174     1145.0000   148     1195.0000      957.2500 3.23e+08   19.90%
Elapsed time = 9617.67 sec. (2857102.90 ticks, tree = 161936.14 MB, solutions = 22)
Nodefile size = 161798.67 MB (110967.84 MB after compression)
 2601864 1827039     1025.3438   363     1195.0000      957.3333 3.24e+08   19.89%
 2606749 1830467     1094.5000   250     1195.0000      957.3333 3.24e+08   19.89%
 2609466 1832377      971.0789   345     1195.0000      957.4762 3.25e+08   19.88%
 2611914 1833967      989.6528   311     1195.0000      957.5111 3.25e+08   19.87%
 2614895 1836071      974.5000   281     1195.0000      957.5111 3.25e+08   19.87%
 2618521 1838587     1128.4350   355     1195.0000      957.6084 3.26e+08   19.87%
 2622357 1841172     1158.5000   199     1195.0000      957.6860 3.26e+08   19.86%
                                                      Cuts: 3                  
 2627381 1844723      976.7381   357     1195.0000      957.6860 3.27e+08   19.86%
 2629404 1846117        cutoff           1195.0000      957.7839 3.27e+08   19.85%
 2632501 1848266     1108.2857   214     1195.0000      957.7839 3.28e+08   19.85%
Elapsed time = 9753.71 sec. (2895960.82 ticks, tree = 164165.84 MB, solutions = 22)
Nodefile size = 164036.29 MB (112459.47 MB after compression)
 2632806 1848481     1068.5556   209     1195.0000      957.8333 3.28e+08   19.85%
 2636748 1851190     1036.5000   301     1195.0000      957.8438 3.28e+08   19.85%
 2637236 1851527     1040.7019   300     1195.0000      957.8438 3.28e+08   19.85%
 2641764 1854654     1040.7500   225     1195.0000      957.9349 3.29e+08   19.84%
*2642092+1854890                         1189.0000      957.9349 3.29e+08   19.43%
Found incumbent of value 1189.000000 after 9867.39 sec. (2946122.11 ticks)
 2645894 1836461     1021.0000   236     1189.0000      958.0000 3.29e+08   19.43%
 2646082 1836584     1166.3221   332     1189.0000      958.0000 3.29e+08   19.43%
 2646943 1837169     1077.7500   271     1189.0000      958.0000 3.29e+08   19.43%
 2649107 1838618     1097.6389   197     1189.0000      958.0476 3.30e+08   19.42%
 2651170 1839997      983.1822   276     1189.0000      958.0476 3.30e+08   19.42%
 2653237 1841346     1086.8889   284     1189.0000      958.0526 3.30e+08   19.42%
Elapsed time = 9971.72 sec. (3020685.32 ticks, tree = 163456.31 MB, solutions = 24)
Nodefile size = 163326.76 MB (111888.92 MB after compression)
 2654014 1841905      973.5399   351     1189.0000      958.0526 3.30e+08   19.42%
 2654544 1842275     1055.7500   198     1189.0000      958.0526 3.30e+08   19.42%
 2654605 1842310      992.7315   359     1189.0000      958.0526 3.30e+08   19.42%
 2657102 1843974     1151.8205   282     1189.0000      958.1958 3.31e+08   19.41%
 2657338 1844131     1042.7333   326     1189.0000      958.1958 3.31e+08   19.41%
 2660651 1846383     1098.1786   312     1189.0000      958.2500 3.31e+08   19.41%
 2660736 1846438     1051.2500   299     1189.0000      958.2500 3.31e+08   19.41%
 2662150 1847393     1099.3125   357     1189.0000      958.2500 3.32e+08   19.41%
 2663974 1848588     1112.2174   281     1189.0000      958.3214 3.32e+08   19.40%
 2665260 1849503     1130.3917   185     1189.0000      958.3214 3.32e+08   19.40%
Elapsed time = 10162.24 sec. (3136755.16 ticks, tree = 163976.62 MB, solutions = 24)
Nodefile size = 163822.86 MB (112219.83 MB after compression)
 2666480 1850340     1124.0000   249     1189.0000      958.3214 3.32e+08   19.40%
 2668847 1851945     1121.2500   303     1189.0000      958.3704 3.32e+08   19.40%
 2672739 1854526     1138.5833   200     1189.0000      958.4254 3.33e+08   19.39%
 2673540 1855110     1072.8333   214     1189.0000      958.4254 3.33e+08   19.39%
 2673646 1855196     1124.4714   308     1189.0000      958.4254 3.33e+08   19.39%
 2675160 1856203     1036.5729   334     1189.0000      958.4254 3.33e+08   19.39%
 2676197 1856904     1009.7083   338     1189.0000      958.5000 3.33e+08   19.39%
 2677275 1857634      975.8000   283     1189.0000      958.5000 3.34e+08   19.39%
 2680096 1859500     1159.6667   213     1189.0000      958.5556 3.34e+08   19.38%
 2680403 1859723     1013.6190   180     1189.0000      958.5556 3.34e+08   19.38%
Elapsed time = 10382.07 sec. (3275565.98 ticks, tree = 164820.54 MB, solutions = 24)
Nodefile size = 164678.31 MB (112787.43 MB after compression)
 2680458 1859759      999.2000   315     1189.0000      958.5556 3.34e+08   19.38%
 2680732 1859953     1105.8254   288     1189.0000      958.5556 3.34e+08   19.38%
 2684507 1862521     1117.5000   219     1189.0000      958.6000 3.34e+08   19.38%
 2684553 1862556     1092.6667   206     1189.0000      958.6000 3.34e+08   19.38%
 2684588 1862582     1099.2167   205     1189.0000      958.6000 3.34e+08   19.38%
*2686359+1863758                         1183.0000      958.6000 3.35e+08   18.97%
Found incumbent of value 1183.000000 after 10437.07 sec. (3298497.53 ticks)
 2688586 1839517     1131.2000   183     1183.0000      958.6333 3.35e+08   18.97%
 2689057 1839843     1066.9405   314     1183.0000      958.6333 3.35e+08   18.97%
 2689649 1840243     1007.8000   341     1183.0000      958.6333 3.35e+08   18.97%
 2691940 1841740     1140.5000   170     1183.0000      958.7500 3.35e+08   18.96%
 2692050 1841812     1123.3667   228     1183.0000      958.7500 3.35e+08   18.96%
Elapsed time = 10500.22 sec. (3356472.37 ticks, tree = 163118.61 MB, solutions = 25)
Nodefile size = 162989.55 MB (111549.99 MB after compression)
 2692132 1841863      963.5000   314     1183.0000      958.7500 3.35e+08   18.96%
 2692767 1842304      978.4762   325     1183.0000      958.7500 3.35e+08   18.96%
 2695613 1844169     1059.3646   342     1183.0000      958.7857 3.36e+08   18.95%
 2697405 1845354     1034.1667   340     1183.0000      958.7857 3.36e+08   18.95%
 2699479 1846746     1135.9048   315     1183.0000      958.8828 3.36e+08   18.94%
 2699694 1846879     1062.2500   213     1183.0000      958.8828 3.36e+08   18.94%
 2703881 1849612      997.6667   186     1183.0000      958.9444 3.37e+08   18.94%
 2707252 1851825     1005.1667   257     1183.0000      959.0000 3.37e+08   18.93%
 2708485 1852661      971.5714   241     1183.0000      959.0000 3.37e+08   18.93%
 2711308 1854517     1169.0000   247     1183.0000      959.0079 3.38e+08   18.93%
Elapsed time = 10726.38 sec. (3490835.36 ticks, tree = 164204.89 MB, solutions = 25)
Nodefile size = 164076.06 MB (112269.43 MB after compression)
 2711671 1854758     1076.6667   217     1183.0000      959.0079 3.38e+08   18.93%
 2714072 1856338     1169.5027   341     1183.0000      959.0238 3.38e+08   18.93%
 2714436 1856579     1101.5000   276     1183.0000      959.0238 3.38e+08   18.93%
 2715302 1857178     1056.9333   339     1183.0000      959.0238 3.38e+08   18.93%
*2716481+1857976                         1178.0000      959.0238 3.39e+08   18.59%
Found incumbent of value 1178.000000 after 10786.43 sec. (3503604.38 ticks)
 2719964 1835443     1063.2500   279     1178.0000      959.2000 3.39e+08   18.57%

GUB cover cuts applied:  1
Cover cuts applied:  55
Implied bound cuts applied:  145
Mixed integer rounding cuts applied:  1
Zero-half cuts applied:  236
Gomory fractional cuts applied:  3

Root node processing (before b&c):
  Real time             =    7.38 sec. (4483.31 ticks)
Parallel b&c, 32 threads:
  Real time             = 10803.74 sec. (3532905.65 ticks)
  Sync time (average)   =    2.10 sec.
  Wait time (average)   =    0.00 sec.
                          ------------
Total (root+branch&cut) = 10811.11 sec. (3537388.97 ticks)


Solution status: Feasible
Execution time: 10811.5 sec
Gap: 0.18570
