Fri Jul 13 23:58:10 2018

Tried aggregator 2 times.
MIP Presolve eliminated 10580 rows and 121 columns.
Aggregator did 380 substitutions.
Reduced MIP has 11086 rows, 3988 columns, and 42576 nonzeros.
Reduced MIP has 3988 binaries, 0 generals, 0 SOSs, and 0 indicators.
Presolve time = 0.08 sec. (59.60 ticks)
Probing time = 0.01 sec. (2.68 ticks)
Tried aggregator 1 time.
Presolve time = 0.03 sec. (19.58 ticks)
Probing time = 0.01 sec. (2.68 ticks)
Clique table members: 21334.
MIP emphasis: balance optimality and feasibility.
MIP search method: dynamic search.
Parallel mode: deterministic, using up to 32 threads.
Root relaxation solution time = 1.04 sec. (171.64 ticks)

        Nodes                                         Cuts/
   Node  Left     Objective  IInf  Best Integer    Best Bound    ItCnt     Gap

      0     0      568.0000   425                    568.0000     1146         
      0     0      588.0764   456                    Cuts: 29     1716         
      0     0      602.6850   486                    Cuts: 36     2148         
      0     0      620.0102   524                ZeroHalf: 34     2506         
      0     0      633.3219   560                    Cuts: 34     2981         
      0     0      642.9141   547                ZeroHalf: 36     3383         
      0     0      649.0929   531                ZeroHalf: 45     3677         
      0     0      652.6639   529                ZeroHalf: 43     3975         
      0     0      656.8314   581                    Cuts: 37     4241         
      0     0      661.1292   567                    Cuts: 29     4482         
      0     0      663.7711   584                    Cuts: 19     4659         
      0     0      664.5014   551                ZeroHalf: 27     4858         
      0     0      665.2928   556                ZeroHalf: 24     5067         
      0     0      666.1758   608                ZeroHalf: 22     5449         
      0     0      667.0665   611                ZeroHalf: 36     5670         
      0     0      668.1754   620                    Cuts: 12     5898         
      0     0      670.0188   594                ZeroHalf: 16     6109         
      0     0      671.6850   561                ZeroHalf: 17     6360         
      0     0      673.0545   611                    Cuts: 29     6582         
      0     0      673.7310   603                ZeroHalf: 21     6788         
      0     0      674.5548   590                ZeroHalf: 14     6908         
      0     0      674.8664   589                ZeroHalf: 14     7036         
      0     0      674.8968   599                ZeroHalf: 12     7101         
      0     0      674.9953   573                ZeroHalf: 13     7172         
      0     0      675.3008   589                ZeroHalf: 10     7292         
      0     0      675.7288   570                ZeroHalf: 12     7427         
      0     0      675.7956   596                ZeroHalf: 13     7513         
*     0+    0                         2444.0000      675.7956     7513   72.35%
Found incumbent of value 2444.000000 after 11.56 sec. (5671.70 ticks)
      0     2      675.7956   596     2444.0000      675.7956     7513   72.35%
Elapsed time = 12.55 sec. (6047.18 ticks, tree = 0.01 MB, solutions = 1)
      2     4      678.3184   561     2444.0000      675.7956     9134   72.35%
      4     6      706.2475   533     2444.0000      678.3951    11349   72.24%
     10    12      688.9909   548     2444.0000      682.4314    17993   72.08%
                                                 ZeroHalf: 11                  
     13    15      744.6689   621     2444.0000      682.4314    23839   72.08%
     21    23      695.5238   556     2444.0000      689.0339    31338   71.81%
     31    33      782.1332   591     2444.0000      689.0339    39872   71.81%
     34    36      819.5355   460     2444.0000      689.0339    42902   71.81%
     36    38      757.8600   514     2444.0000      695.6091    43964   71.54%
                                                  Impl Bds: 2                  
     45    47      763.3154   464     2444.0000      695.6091    47914   71.54%
    102   104      793.5347   502     2444.0000      695.6091    88518   71.54%
                                                     Cuts: 16                  
Elapsed time = 28.72 sec. (12705.56 ticks, tree = 0.01 MB, solutions = 1)
    193   193      842.8311   524     2444.0000      695.6091   162745   71.54%
    672   652      821.1518   497     2444.0000      695.6091   372115   71.54%
                                                      Cuts: 4                  
*  1005+  953                         1640.0000      695.6091   460716   57.58%
Found incumbent of value 1640.000000 after 35.00 sec. (16103.15 ticks)
   1786  1557      845.6259   469     1640.0000      695.6091   568589   57.58%
                                                     Cuts: 14                  
   1914  1678      849.8492   447     1640.0000      695.6091   606884   57.58%
   2132  1879     1037.3583   277     1640.0000      695.6091   695276   57.58%
   2742  2394      841.2764   529     1640.0000      695.6091   877523   57.58%
   3032  2629      912.3180   467     1640.0000      703.1020   947332   57.13%
                                                     Cuts: 33                  
   3179  2770      817.7977   439     1640.0000      703.1020   982094   57.13%
   3467  3049      850.7177   448     1640.0000      703.1020  1037103   57.13%
   6086  5326      762.9513   451     1640.0000      709.4633  1373570   56.74%
                                                 Impl Bds: 11                  
Elapsed time = 58.15 sec. (25668.11 ticks, tree = 77.79 MB, solutions = 8)
   6409  5637      833.6256   482     1640.0000      709.4633  1428377   56.74%
   7177  6385      995.4619   435     1640.0000      709.4633  1528309   56.74%
   7809  6952      913.5356   435     1640.0000      709.4633  1597485   56.74%
   8481  7574     1030.5135   389     1640.0000      709.4633  1686635   56.74%
   9318  8350      865.6138   492     1640.0000      709.4633  1810775   56.74%
   9862  8878      965.1880   463     1640.0000      709.4633  1884856   56.74%
  11509 10374      678.4994   673     1640.0000      736.8727  2113510   55.07%
  11510 10375      682.7947   588     1640.0000      736.8727  2114872   55.07%
  11512 10376      704.0759   658     1640.0000      736.8727  2121845   55.07%
  11514 10376      705.3973   675     1640.0000      736.8727  2127139   55.07%
Elapsed time = 121.78 sec. (47579.47 ticks, tree = 127.60 MB, solutions = 8)
  11515 10377      743.5631   557     1640.0000      736.8727  2128664   55.07%
  11517 10378      755.2078   541     1640.0000      736.8727  2134371   55.07%
  11518 10379      754.2770   569     1640.0000      736.8727  2142013   55.07%
  11526 10383      695.2649   614     1640.0000      736.8727  2161429   55.07%
                                                  ZeroHalf: 9                  
  11534 10388      712.6633   542     1640.0000      736.8727  2170370   55.07%
  11543 10394      900.7424   498     1640.0000      736.8727  2178713   55.07%
  11565  9905      797.5804   461     1640.0000      736.8727  2191839   55.07%
                                                     Cuts: 12                  
* 11579+ 6416                         1635.0000      736.8727  2197181   54.93%
Found incumbent of value 1635.000000 after 134.87 sec. (57539.91 ticks)
* 11585+ 4172                         1634.0000      736.8727  2198197   54.90%
Found incumbent of value 1634.000000 after 135.26 sec. (57386.68 ticks)
  11687  4174      929.3722   411     1634.0000      736.8727  2218372   54.90%
  11785  4223      957.0398   491     1634.0000      736.8727  2241754   54.90%
  12199  4438      778.7355   497     1634.0000      736.8727  2318513   54.90%
                                                     Cuts: 17                  
Elapsed time = 140.99 sec. (60658.12 ticks, tree = 48.42 MB, solutions = 10)
  12324  4501      856.5446   577     1634.0000      736.8727  2352195   54.90%
  12713  4688      793.4363   463     1634.0000      736.8727  2445878   54.90%
                                                  ZeroHalf: 7                  
  12873  4776      837.2911   481     1634.0000      736.8727  2483141   54.90%
  13129  4895      894.1392   437     1634.0000      736.8727  2529009   54.90%
  13516  5087      928.5599   462     1634.0000      736.8727  2597035   54.90%
  14804  5725     1104.4033   392     1634.0000      736.8727  2787286   54.90%
                                                      Cuts: 9                  
  15078  5890      780.5252   517     1634.0000      736.8727  2825608   54.90%
  15687  6237      964.8927   398     1634.0000      736.8727  2904838   54.90%
  16198  6503      887.9864   402     1634.0000      736.8727  2974614   54.90%
  17678  7237      776.7955   522     1634.0000      736.8727  3183770   54.90%
Elapsed time = 176.16 sec. (72496.15 ticks, tree = 86.09 MB, solutions = 10)
  17984  7383     1080.6569   438     1634.0000      736.8727  3241961   54.90%
                                                  ZeroHalf: 7                  
  18175  7476      888.9597   531     1634.0000      736.8727  3289502   54.90%
  18336  7534     1131.3669   468     1634.0000      736.8727  3326670   54.90%
  18514  7620     1239.9870   425     1634.0000      736.8727  3361368   54.90%
  18720  7721     1172.0019   462     1634.0000      736.8727  3409393   54.90%
  18866  7791     1302.8617   410     1634.0000      736.8727  3442125   54.90%
  19310  8005      974.1583   374     1634.0000      736.8727  3525644   54.90%
  19721  8213      935.7466   404     1634.0000      736.8727  3601297   54.90%
  19977  8335      949.6442   400     1634.0000      736.8727  3641646   54.90%
  20500  8605      994.0246   409     1634.0000      736.8727  3720392   54.90%
Elapsed time = 216.45 sec. (82521.24 ticks, tree = 260.39 MB, solutions = 10)
Nodefile size = 105.81 MB (76.16 MB after compression)
  21312  9325     1313.3333   463     1634.0000      736.8727  3835163   54.90%
  21824  9793      843.2224   510     1634.0000      736.8727  3902136   54.90%
  22437 10347     1228.6023   430     1634.0000      736.8727  3991066   54.90%
  24657 12418     1049.9762   508     1634.0000      736.8727  4271462   54.90%
                                                 ZeroHalf: 11                  
  24977 12719     1057.3877   543     1634.0000      736.8727  4327732   54.90%
  25297 13028     1173.6573   484     1634.0000      736.8727  4374015   54.90%
  25713 13417     1096.1107   519     1634.0000      736.8727  4427128   54.90%
  26033 13714     1104.5799   533     1634.0000      736.8727  4467508   54.90%
  26289 13952     1110.8104   542     1634.0000      736.8727  4500055   54.90%
  26577 14220     1114.2647   524     1634.0000      736.8727  4546447   54.90%
Elapsed time = 248.88 sec. (93683.10 ticks, tree = 772.87 MB, solutions = 10)
Nodefile size = 611.49 MB (457.31 MB after compression)
  26897 14533     1211.3546   462     1634.0000      736.8727  4586572   54.90%
  27281 14887     1139.6907   525     1634.0000      736.8727  4637257   54.90%
  29458 16879     1156.7530   536     1634.0000      736.8727  4914267   54.90%
                                                     Cuts: 15                  
  29618 17034     1254.0481   492     1634.0000      736.8727  4946680   54.90%
  29842 17251     1303.7302   474     1634.0000      736.8727  4983149   54.90%
  30130 17529     1261.5355   498     1634.0000      736.8727  5021466   54.90%
  30546 17917     1271.2740   445     1634.0000      736.8727  5069705   54.90%
  31122 18429     1287.7669   463     1634.0000      736.8727  5141043   54.90%
  31506 18772     1422.8956   453     1634.0000      736.8727  5207533   54.90%
  31762 19009     1628.5000   414     1634.0000      736.8727  5258022   54.90%
Elapsed time = 286.28 sec. (105268.58 ticks, tree = 1351.11 MB, solutions = 10)
Nodefile size = 1187.66 MB (896.46 MB after compression)
  34793 21836      802.6559   488     1634.0000      736.8727  5616871   54.90%
                                                 ZeroHalf: 12                  
  35081 22121      903.4796   471     1634.0000      736.8727  5662876   54.90%
  35529 22553      988.9222   402     1634.0000      736.8727  5716212   54.90%
  36201 23168     1243.4107   324     1634.0000      736.8727  5807640   54.90%
  37609 24492     1416.5000   157     1634.0000      736.8727  5995901   54.90%
  38653 25469      874.0215   504     1634.0000      736.8727  6128394   54.90%
  39604 26364      997.6986   343     1634.0000      736.8727  6261634   54.90%
  40764 27433     1413.6190   294     1634.0000      736.8727  6403025   54.90%
  41379 27983      832.0676   494     1634.0000      760.8296  6466929   53.44%
                                                  ZeroHalf: 3                  
  41603 28199      912.9941   464     1634.0000      760.8296  6515594   53.44%
Elapsed time = 336.72 sec. (117879.78 ticks, tree = 2813.45 MB, solutions = 10)
Nodefile size = 2658.58 MB (2026.11 MB after compression)
  41955 28544     1033.8883   393     1634.0000      760.8296  6574824   53.44%
  42499 29047     1338.9583   303     1634.0000      760.8296  6640096   53.44%
  43395 29878      882.1770   481     1634.0000      760.8296  6742092   53.44%
  43843 30300     1106.6604   367     1634.0000      760.8296  6787813   53.44%
  44579 30946      819.5953   450     1634.0000      760.8296  6875546   53.44%
  47005 33210     1018.6481   359     1634.0000      769.3460  7158564   52.92%
                                                  ZeroHalf: 2                  
  48171 34313     1222.3492   345     1634.0000      769.3460  7324917   52.92%
  48905 34998      863.5406   431     1634.0000      769.3460  7398478   52.92%
  49353 35391      934.5694   382     1634.0000      769.3460  7461952   52.92%
  53357 39076     1072.8750   354     1634.0000      769.3460  7971750   52.92%
Elapsed time = 383.64 sec. (132351.47 ticks, tree = 3533.18 MB, solutions = 10)
Nodefile size = 3352.16 MB (2558.81 MB after compression)
  54564 40234     1549.3333    83     1634.0000      773.6707  8176678   52.65%
                                                  ZeroHalf: 1                  
  58037 43416      811.0311   480     1634.0000      773.6707  8625126   52.65%
  59528 44790     1189.9112   351     1634.0000      777.1799  8848290   52.44%
                                                    Covers: 1                  
  62550 47546     1217.6384   307     1634.0000      777.1799  9240206   52.44%
  64743 49509     1223.0000   238     1634.0000      780.5149  9546618   52.23%
                                                  ZeroHalf: 9                  
* 64745+49509                         1627.0000      780.5149  9546951   52.03%
Found incumbent of value 1627.000000 after 457.01 sec. (149570.38 ticks)
  66356 51049     1154.1687   387     1627.0000      780.5149  9829204   52.03%
  69922 54289      850.8996   545     1627.0000      780.5149 10314016   52.03%
  70382 54719     1079.7891   430     1627.0000      784.1573 10446632   51.80%
                                                  ZeroHalf: 1                  
* 70613+54938                         1626.0000      784.1573 10489921   51.77%
Found incumbent of value 1626.000000 after 494.92 sec. (162488.52 ticks)
  73358 57424      857.9753   475     1626.0000      784.1573 10902050   51.77%
  75794 59646      968.4710   568     1626.0000      787.3884 11295755   51.58%
Elapsed time = 522.14 sec. (174483.16 ticks, tree = 6366.42 MB, solutions = 12)
Nodefile size = 6230.25 MB (4749.36 MB after compression)
  78869 62464      995.8929   446     1626.0000      787.3884 11801124   51.58%
  80838 64224      892.4321   463     1626.0000      789.1780 12189827   51.47%
                                                      Cuts: 2                  
  84897 67898     1001.4652   430     1626.0000      792.0105 12813066   51.29%
                                                  ZeroHalf: 3                  
  87681 70457     1594.2500   233     1626.0000      792.0105 13234756   51.29%
  89796 72361      873.5395   433     1626.0000      794.2912 13577287   51.15%
                                                  ZeroHalf: 1                  
  92027 74363     1033.1904   439     1626.0000      794.2912 13964566   51.15%
  94101 76225    infeasible           1626.0000      796.2780 14312467   51.03%
                                                  ZeroHalf: 1                  
  95605 77605     1038.5744   371     1626.0000      796.2780 14573183   51.03%
  99064 80712      936.3823   439     1626.0000      798.6194 15095169   50.88%
 102059 83422     1122.5286   370     1626.0000      798.6194 15624073   50.88%
Elapsed time = 668.42 sec. (217689.08 ticks, tree = 8755.42 MB, solutions = 12)
Nodefile size = 8605.23 MB (6550.81 MB after compression)
 104411 85517      917.5291   416     1626.0000      800.0881 16011013   50.79%
 107104 87965     1092.6441   396     1626.0000      800.0881 16449115   50.79%
 109920 90454      886.8048   447     1626.0000      802.4702 16923280   50.65%
                                                  ZeroHalf: 3                  
 111936 92303     1411.7588   228     1626.0000      802.4702 17277049   50.65%
 114833 94856     1320.0000   200     1626.0000      804.3805 17738573   50.53%
 117612 97390     1364.4231   269     1626.0000      804.3805 18170510   50.53%
 120801 100215     1484.0641   207     1626.0000      806.2430 18677788   50.42%
 123137 102301     1013.3701   459     1626.0000      806.2430 19070437   50.42%
 125680 104563      844.8235   453     1626.0000      806.2430 19510417   50.42%
 126019 104888     1068.9592   495     1626.0000      808.0154 19597317   50.31%
Elapsed time = 819.45 sec. (262200.23 ticks, tree = 11868.48 MB, solutions = 12)
Nodefile size = 11727.02 MB (8939.06 MB after compression)
 129077 107634      864.6235   464     1626.0000      808.0154 20256002   50.31%
 131543 109840      877.7296   369     1626.0000      809.0725 20695115   50.24%
 133706 111784     1291.8667   312     1626.0000      809.0725 21034430   50.24%
 135970 113822     1194.3704   359     1626.0000      810.6331 21409520   50.15%
 138311 115919     1096.1165   407     1626.0000      810.6331 21811883   50.15%
 139926 117354      931.5201   447     1626.0000      812.0343 22084817   50.06%
                                                  ZeroHalf: 1                  
 142774 119911     1093.9173   355     1626.0000      812.0343 22566401   50.06%
 145642 122470     1187.1362   365     1626.0000      813.6563 23022237   49.96%
 148266 124851      999.8933   403     1626.0000      813.6563 23430388   49.96%
 150735 127037      868.5799   421     1626.0000      813.6563 23837608   49.96%
Elapsed time = 941.34 sec. (302323.09 ticks, tree = 13764.82 MB, solutions = 12)
Nodefile size = 13606.64 MB (10336.43 MB after compression)
 152756 128850     1001.1054   445     1626.0000      815.4103 24172800   49.85%
 155337 131157     1104.9464   329     1626.0000      815.4103 24570972   49.85%
 157084 132711      974.0786   392     1626.0000      816.9281 24856928   49.76%
 157775 133344     1206.7537   332     1626.0000      816.9281 25004819   49.76%
 161242 136432     1052.3017   368     1626.0000      817.4419 25824307   49.73%
 162811 137842     1093.0494   369     1626.0000      817.4419 26077847   49.73%
 166164 140842      855.4610   516     1626.0000      817.4419 26617599   49.73%
 167923 142409     1197.4035   346     1626.0000      819.2532 26945002   49.62%
 170483 144657     1088.0577   330     1626.0000      819.2532 27355308   49.62%
 172682 146635     1428.4444   310     1626.0000      820.4113 27717572   49.54%
                                                    Covers: 1                  
Elapsed time = 1070.35 sec. (340852.71 ticks, tree = 16441.59 MB, solutions = 12)
Nodefile size = 16295.46 MB (12333.03 MB after compression)
 175370 149022      885.0251   343     1626.0000      820.4113 28176479   49.54%
*177406+150840                         1618.0000      820.4113 28483215   49.29%
Found incumbent of value 1618.000000 after 1090.54 sec. (346270.90 ticks)
*177705 151071      integral     0     1581.0000      820.4113 28527043   48.11%
Found incumbent of value 1581.000000 after 1090.54 sec. (347271.21 ticks)
 178590 148336     1021.6985   439     1581.0000      821.6714 28677889   48.03%
                                                  ZeroHalf: 3                  
 180817 150288     1341.6667   195     1581.0000      821.6714 29081608   48.03%
 183834 152975     1310.5000   305     1581.0000      823.0238 29612626   47.94%
 186042 154905      939.0339   427     1581.0000      823.0238 30004432   47.94%
 187811 156450     1084.4767   365     1581.0000      824.1721 30343558   47.87%
 189625 158079     1150.8333   258     1581.0000      824.1721 30781925   47.87%
 192773 160850     1098.5399   432     1581.0000      824.1721 31348613   47.87%
 194250 162167     1532.0336   200     1581.0000      825.0442 31617234   47.82%
                                                  ZeroHalf: 2                  
Elapsed time = 1196.98 sec. (380051.60 ticks, tree = 18331.47 MB, solutions = 14)
Nodefile size = 18181.94 MB (13724.12 MB after compression)
 196586 164231     1535.8333   202     1581.0000      825.0442 32035722   47.82%
 198572 165971     1129.8278   402     1581.0000      826.2353 32386091   47.74%
 199433 166730     1039.9951   488     1581.0000      826.2353 32568761   47.74%
 202829 169710     1025.0982   454     1581.0000      826.9009 33394606   47.70%
*203477+170309                         1580.0000      826.9009 33520350   47.66%
Found incumbent of value 1580.000000 after 1249.43 sec. (396630.23 ticks)
 204589 171284     1057.6309   384     1580.0000      826.9009 33701249   47.66%
 206668 173133     1121.4938   377     1580.0000      826.9009 34075318   47.66%
 209601 175520     1555.3333   227     1580.0000      828.1410 34594300   47.59%
 212033 177630      857.5995   472     1580.0000      828.1410 34985581   47.59%
 213936 179306     1032.7547   404     1580.0000      829.4346 35308279   47.50%
 216048 181202     1113.5958   322     1580.0000      829.4346 35690922   47.50%
Elapsed time = 1323.60 sec. (419177.23 ticks, tree = 20292.00 MB, solutions = 15)
Nodefile size = 20138.85 MB (15176.65 MB after compression)
 218628 183473      899.3056   459     1580.0000      829.4346 36158601   47.50%
 220000 184692     1186.1381   394     1580.0000      830.2535 36403942   47.45%
 222208 186666     1275.2931   371     1580.0000      830.2535 36791365   47.45%
 224992 189137     1401.5000   190     1580.0000      831.1759 37252392   47.39%
                                                  ZeroHalf: 1                  
 227116 191005      879.6127   434     1580.0000      831.1759 37634251   47.39%
 229108 192757     1296.7500   311     1580.0000      831.1759 37979635   47.39%
 230536 194013     1331.4487   317     1580.0000      832.1175 38228990   47.33%
 233096 196260     1575.0000   134     1580.0000      832.1175 38686416   47.33%
 234836 197778     1100.5819   343     1580.0000      832.8598 38983747   47.29%
 236212 199000     1113.0000   344     1580.0000      832.8598 39287950   47.29%
Elapsed time = 1443.66 sec. (457510.21 ticks, tree = 22760.15 MB, solutions = 15)
Nodefile size = 22615.16 MB (17025.08 MB after compression)
 239081 201545     1078.9371   434     1580.0000      832.8598 39831880   47.29%
 241788 203947      989.1585   396     1580.0000      833.7267 40299295   47.23%
 244211 206083     1249.1250   317     1580.0000      833.7267 40694954   47.23%
 246570 208168     1325.1250   295     1580.0000      834.7264 41101709   47.17%
                                                  ZeroHalf: 2                  
 248842 210162     1362.3095   231     1580.0000      834.7264 41474237   47.17%
 251749 212714      894.8302   443     1580.0000      835.6207 41960434   47.11%
 254501 215188     1530.8750   306     1580.0000      835.6207 42404511   47.11%
 257553 217869     1560.5333   181     1580.0000      835.6207 42933674   47.11%
 258955 219115     1131.8787   349     1580.0000      836.5227 43169006   47.06%
 261771 221623     1330.2739   318     1580.0000      836.5227 43657747   47.06%
Elapsed time = 1572.60 sec. (497201.01 ticks, tree = 24988.66 MB, solutions = 15)
Nodefile size = 24828.45 MB (18665.01 MB after compression)
 263975 223541     1004.2429   460     1580.0000      837.3957 44026191   47.00%
 265976 225322     1387.7895   215     1580.0000      837.3957 44419876   47.00%
 267495 226684     1009.9167   487     1580.0000      837.3957 44759498   47.00%
 268931 227973     1225.0982   298     1580.0000      838.0489 45069621   46.96%
 271555 230267      997.0652   386     1580.0000      838.0489 45489280   46.96%
*271666+230367                         1578.0000      838.0489 45508668   46.89%
Found incumbent of value 1578.000000 after 1627.78 sec. (515424.38 ticks)
 274545 232661      924.7489   376     1578.0000      838.5966 45982964   46.86%
                                                    Covers: 1                  
 277041 234851      882.0243   440     1578.0000      838.5966 46380943   46.86%
 280125 237569      869.2787   437     1578.0000      839.5181 46914735   46.80%
                                                    Covers: 1                  
 281757 239034     1112.5427   387     1578.0000      839.5181 47186691   46.80%
 284157 241172     1007.4551   379     1578.0000      839.5181 47590763   46.80%
Elapsed time = 1696.43 sec. (538035.68 ticks, tree = 27125.71 MB, solutions = 16)
Nodefile size = 26963.33 MB (20252.01 MB after compression)
 287034 243701     1266.0000   316     1578.0000      840.2157 48048994   46.75%
                                                      Cuts: 4                  
 289822 246142     1071.3042   326     1578.0000      840.2157 48505819   46.75%
 291850 247914     1105.4278   342     1578.0000      840.8548 48854229   46.71%
 294506 250286      944.3084   416     1578.0000      840.8548 49305998   46.71%
 296971 252460      927.8161   438     1578.0000      840.8548 49715441   46.71%
 298923 254210      991.9232   429     1578.0000      841.6150 50020927   46.67%
 301419 256428      960.0709   429     1578.0000      841.6150 50429209   46.67%
 304258 258884     1086.0805   355     1578.0000      842.3873 50911235   46.62%
 306626 260993     1180.3831   385     1578.0000      842.3873 51319837   46.62%
 308786 262899     1232.1054   348     1578.0000      842.3873 51695271   46.62%
Elapsed time = 1827.72 sec. (577786.46 ticks, tree = 29991.42 MB, solutions = 16)
Nodefile size = 29821.15 MB (22386.56 MB after compression)
 309832 263833     1467.5882   389     1578.0000      843.0500 51908905   46.57%
                                                     Fract: 1                  
 311268 265084     1214.1598   357     1578.0000      843.0500 52204020   46.57%
 313589 267148     1112.3678   421     1578.0000      843.4679 52804074   46.55%
 315829 269145      912.8521   373     1578.0000      843.4679 53160797   46.55%
 319471 272327     1164.6667   292     1578.0000      844.3483 53780406   46.49%
 322129 274674     1247.0000   206     1578.0000      844.3483 54235814   46.49%
 324502 276755     1240.1667   246     1578.0000      844.3483 54624231   46.49%
 326101 278174      891.3906   423     1578.0000      844.7988 54881339   46.46%
 329109 280836     1257.7000   373     1578.0000      844.7988 55346725   46.46%
 331766 283168     1141.5333   305     1578.0000      845.5903 55747367   46.41%
Elapsed time = 1957.96 sec. (618504.55 ticks, tree = 32810.62 MB, solutions = 16)
Nodefile size = 32661.70 MB (24498.43 MB after compression)
 334422 285516     1122.9838   371     1578.0000      845.5903 56207058   46.41%
 336839 287663     1194.8733   367     1578.0000      845.5903 56614479   46.41%
 338877 289447     1528.3333   122     1578.0000      846.2212 56978742   46.37%
 340925 291269     1235.4583   349     1578.0000      846.2212 57311087   46.37%
 342889 292962      982.7204   413     1578.0000      846.7588 57645043   46.34%
 345193 295033      937.1761   443     1578.0000      846.7588 58039521   46.34%
 347902 297405      962.0282   497     1578.0000      846.7588 58472028   46.34%
 349423 298740      983.6656   436     1578.0000      847.4907 58748447   46.29%
 352079 301084      992.8896   430     1578.0000      847.4907 59201967   46.29%
 354611 303289      913.0575   433     1578.0000      848.0266 59610218   46.26%
Elapsed time = 2086.32 sec. (658374.60 ticks, tree = 35508.16 MB, solutions = 16)
Nodefile size = 35359.88 MB (26508.50 MB after compression)
 357808 306117      960.9667   413     1578.0000      848.0266 60154092   46.26%
 360613 308590     1392.4286   211     1578.0000      848.0266 60606074   46.26%
 362074 309861      997.4539   404     1578.0000      848.8328 60853888   46.21%
                                                      Cuts: 5                  
 364986 312433     1183.3600   395     1578.0000      848.8328 61342919   46.21%
 367076 314240      984.5095   461     1578.0000      849.4039 61682318   46.17%
                                                  ZeroHalf: 2                  
 368254 315298     1169.3195   380     1578.0000      849.4039 61983384   46.17%
 370667 317435      988.1814   398     1578.0000      849.4039 62502128   46.17%
 373091 319577     1403.3541   216     1578.0000      849.8295 62932041   46.15%
 375334 321519     1138.1667   284     1578.0000      849.8295 63306757   46.15%
 377936 323797     1191.7895   317     1578.0000      850.4594 63760911   46.11%
                                                  ZeroHalf: 1                  
Elapsed time = 2215.14 sec. (697915.26 ticks, tree = 37678.03 MB, solutions = 16)
Nodefile size = 37528.54 MB (28117.14 MB after compression)
 381055 326550     1208.9323   398     1578.0000      850.4594 64298389   46.11%
 383630 328771      915.1764   382     1578.0000      851.1494 64751268   46.06%
 385816 330696     1082.5323   436     1578.0000      851.1494 65143828   46.06%
*388246 332849      integral     0     1495.0000      851.1494 65521795   43.07%
Found incumbent of value 1495.000000 after 2270.85 sec. (712983.50 ticks)
 388381 297197     1113.1548   353     1495.0000      851.5801 65539348   43.04%
                                                  Impl Bds: 1                  
*388923+297671                         1480.0000      851.5801 65639193   42.46%
Found incumbent of value 1480.000000 after 2281.60 sec. (716255.92 ticks)
 390937 299389     1065.1339   446     1480.0000      851.5801 66016069   42.46%
*392117+300398                         1475.0000      851.5801 66247212   42.27%
Found incumbent of value 1475.000000 after 2296.92 sec. (721287.05 ticks)
 393738 301772      883.6435   438     1475.0000      851.5801 66561299   42.27%
 395244 292679      879.9763   406     1475.0000      852.1637 66842410   42.23%
 397315 294431      893.3434   454     1475.0000      852.1637 67237893   42.23%
 399334 296066      947.0517   472     1475.0000      852.8208 67629529   42.18%
Elapsed time = 2339.49 sec. (736547.90 ticks, tree = 34497.95 MB, solutions = 20)
Nodefile size = 34351.93 MB (25682.97 MB after compression)
*400704+297250                         1460.0000      852.8208 67892655   41.59%
Found incumbent of value 1460.000000 after 2349.17 sec. (737817.37 ticks)
 402022 298380      930.9427   460     1460.0000      852.8208 68146511   41.59%
 403238 299447     1139.7115   365     1460.0000      852.8208 68383594   41.59%
 405813 294371     1129.8310   320     1460.0000      853.5125 68890830   41.54%
 407997 296232      921.5039   430     1460.0000      853.5125 69318367   41.54%
 409651 297583     1282.7352   373     1460.0000      853.9408 69637118   41.51%
*411527+299143                         1445.0000      853.9408 69996988   40.90%
Found incumbent of value 1445.000000 after 2415.48 sec. (757839.25 ticks)
 412225 299744     1323.0000   253     1445.0000      853.9408 70125030   40.90%
 414676 301817     1084.8474   396     1445.0000      853.9408 70622889   40.90%
 415359 294591      999.3863   458     1445.0000      854.6241 70784635   40.86%
                                                  ZeroHalf: 1                  
 417279 296211      927.8625   418     1445.0000      854.6241 71251365   40.86%
 419359 297863      994.5668   483     1445.0000      854.9688 71793918   40.83%
Elapsed time = 2465.98 sec. (776598.41 ticks, tree = 34444.65 MB, solutions = 23)
Nodefile size = 34298.67 MB (25622.27 MB after compression)
 421055 299291     1408.0000   198     1445.0000      854.9688 72127055   40.83%
 423418 301241     1311.6250   271     1445.0000      855.4196 72595901   40.80%
 425786 303255     1098.9412   375     1445.0000      855.4196 73037445   40.80%
 428054 305149     1014.8942   401     1445.0000      855.4196 73469600   40.80%
 429760 306510     1360.5952   322     1445.0000      856.0368 73812860   40.76%
 431840 308274     1109.4210   331     1445.0000      856.0368 74215977   40.76%
 434239 310243     1164.4806   415     1445.0000      856.6111 74688267   40.72%
 436351 312063     1276.6125   332     1445.0000      856.6111 75090494   40.72%
 438623 313986      982.3443   474     1445.0000      856.6111 75535117   40.72%
 440467 315485     1102.2787   382     1445.0000      857.2121 75887711   40.68%
Elapsed time = 2590.83 sec. (815601.45 ticks, tree = 36705.19 MB, solutions = 23)
Nodefile size = 36556.94 MB (27296.99 MB after compression)
 442355 317092     1160.3167   332     1445.0000      857.2121 76267623   40.68%
 444660 318945     1121.2296   413     1445.0000      857.6915 76716713   40.64%
 446676 320648     1442.0000   232     1445.0000      857.6915 77108519   40.64%
 449613 323113      873.4492   422     1445.0000      857.6915 77668456   40.64%
 450910 324180     1034.7349   487     1445.0000      858.2235 77967874   40.61%
 452958 325913      984.0655   405     1445.0000      858.2235 78398560   40.61%
 455800 328238     1178.2993   346     1445.0000      858.7500 78928413   40.57%
 458018 330130     1056.6512   434     1445.0000      858.7500 79359417   40.57%
 460203 331956      944.8325   458     1445.0000      858.7500 79775233   40.57%
 461620 333092     1399.5329   371     1445.0000      859.2176 80058857   40.54%
Elapsed time = 2715.49 sec. (855699.25 ticks, tree = 38945.74 MB, solutions = 23)
Nodefile size = 38795.33 MB (28953.16 MB after compression)
 463748 334859     1185.9757   420     1445.0000      859.2176 80475408   40.54%
 465423 336204     1356.8421   242     1445.0000      859.7530 80790206   40.50%
 465936 336643     1118.6667   199     1445.0000      859.7530 80928001   40.50%
 469655 339787     1150.2739   365     1445.0000      859.7530 81811833   40.50%
 471317 341143     1360.4028   326     1445.0000      860.0092 82157155   40.48%
 473541 343030     1201.0000   253     1445.0000      860.0092 82572286   40.48%
 475725 344793     1081.6520   384     1445.0000      860.6735 82985073   40.44%
 477901 346623     1216.6130   315     1445.0000      860.6735 83391743   40.44%
 480173 348539     1048.3788   347     1445.0000      860.6735 83827332   40.44%
 482427 350390     1084.3030   409     1445.0000      861.2213 84258834   40.40%
Elapsed time = 2838.54 sec. (894670.08 ticks, tree = 40742.85 MB, solutions = 23)
Nodefile size = 40595.38 MB (30287.30 MB after compression)
 484488 352088      965.2832   427     1445.0000      861.2213 84664040   40.40%
 486379 353604     1225.3403   321     1445.0000      861.7405 85020701   40.36%
 487819 354824      930.2709   393     1445.0000      861.7405 85312258   40.36%
 489739 356446     1199.0500   381     1445.0000      861.7405 85670389   40.36%
 491791 358141     1251.1049   341     1445.0000      862.1101 86074360   40.34%
 494287 360269     1316.0163   344     1445.0000      862.1101 86558292   40.34%
 496653 362191     1085.0258   406     1445.0000      862.6373 86999616   40.30%
 498963 364144     1002.1183   533     1445.0000      862.6373 87443950   40.30%
 502087 366763     1219.0500   213     1445.0000      862.6373 88036992   40.30%
 503462 367840     1379.8390   374     1445.0000      863.2331 88300782   40.26%
Elapsed time = 2963.13 sec. (935016.10 ticks, tree = 43045.13 MB, solutions = 23)
Nodefile size = 42898.88 MB (31999.58 MB after compression)
 505436 369502     1217.0000   302     1445.0000      863.2331 88667792   40.26%
 508065 371659     1031.0698   429     1445.0000      863.7405 89167646   40.23%
 510337 373584     1264.0000   139     1445.0000      863.7405 89592332   40.23%
 512805 375649      995.6875   393     1445.0000      863.7405 90068042   40.23%
 514160 376739      968.0968   339     1445.0000      864.1977 90328354   40.19%
 516816 378974     1039.4947   388     1445.0000      864.1977 90818300   40.19%
 519054 380817     1073.8750   385     1445.0000      864.5833 91234845   40.17%
 521550 382902      905.4223   423     1445.0000      864.5833 91680704   40.17%
 524372 385296     1404.1667   228     1445.0000      864.5833 92219156   40.17%
 525472 386133      915.2826   441     1445.0000      865.0495 92432109   40.13%
Elapsed time = 3089.13 sec. (975589.25 ticks, tree = 45508.68 MB, solutions = 23)
Nodefile size = 45365.54 MB (33831.77 MB after compression)
 527488 387828      931.4342   420     1445.0000      865.0495 92817049   40.13%
 529585 389565     1173.5369   361     1445.0000      865.5781 93219466   40.10%
 530844 390660     1254.5556   289     1445.0000      865.5781 93534214   40.10%
 533273 392678     1182.6389   405     1445.0000      865.5781 94098912   40.10%
 535036 394169     1006.3651   436     1445.0000      865.9736 94469797   40.07%
                                                  ZeroHalf: 2                  
 537180 395976     1012.5386   428     1445.0000      865.9736 94863232   40.07%
 539729 398090     1244.4205   310     1445.0000      866.4279 95352957   40.04%
 542065 400035      903.1165   444     1445.0000      866.4279 95786373   40.04%
 544173 401809     1004.9306   373     1445.0000      866.4279 96203203   40.04%
 546697 403916      995.1388   459     1445.0000      866.8379 96681801   40.01%
Elapsed time = 3218.68 sec. (1015484.52 ticks, tree = 47271.05 MB, solutions = 23)
Nodefile size = 47126.72 MB (35133.76 MB after compression)
 548616 405540     1119.1176   398     1445.0000      866.8379 97053760   40.01%
 550869 407377     1336.5000   203     1445.0000      867.1849 97486166   39.99%
 553237 409376     1186.8177   362     1445.0000      867.1849 97940247   39.99%
 556450 412110      970.8020   409     1445.0000      867.1849 98526270   39.99%
 557593 413004      936.0619   455     1445.0000      867.6373 98737174   39.96%
 560057 415064     1056.6143   377     1445.0000      867.6373 99195841   39.96%
 562857 417308     1008.6224   407     1445.0000      868.0034 99695325   39.93%
                                                  ZeroHalf: 1                  
 564969 419126      947.8232   404     1445.0000      868.0034 1.00e+08   39.93%
 566281 420239      937.9856   401     1445.0000      868.0034 1.00e+08   39.93%
 568731 422253     1005.8704   397     1445.0000      868.3427 1.01e+08   39.91%
Elapsed time = 3345.63 sec. (1056504.01 ticks, tree = 49703.82 MB, solutions = 23)
Nodefile size = 49561.47 MB (36943.75 MB after compression)
 571019 424210     1184.2279   395     1445.0000      868.3427 1.01e+08   39.91%
 573478 426209     1008.0469   351     1445.0000      868.7314 1.02e+08   39.88%
 576070 428416      960.4622   409     1445.0000      868.7314 1.02e+08   39.88%
 578721 430632      950.9568   413     1445.0000      868.7314 1.03e+08   39.88%
 579856 431531     1315.2167   253     1445.0000      869.2433 1.03e+08   39.84%
 582624 433832     1376.0000   266     1445.0000      869.2433 1.03e+08   39.84%
 585335 435985     1190.9107   328     1445.0000      869.7378 1.04e+08   39.81%
 586999 437400     1358.7500   315     1445.0000      869.7378 1.04e+08   39.81%
 588774 438879      890.2429   387     1445.0000      869.7378 1.05e+08   39.81%
 590577 440331      981.6871   361     1445.0000      870.0405 1.05e+08   39.79%
Elapsed time = 3472.65 sec. (1097804.23 ticks, tree = 51730.88 MB, solutions = 23)
Nodefile size = 51586.77 MB (38429.80 MB after compression)
 592598 442049     1142.5563   412     1445.0000      870.0405 1.05e+08   39.79%
*594546+443685                         1438.0000      870.0405 1.06e+08   39.50%
Found incumbent of value 1438.000000 after 3487.41 sec. (1103204.40 ticks)
 594865 440605        cutoff           1438.0000      870.4220 1.06e+08   39.47%
 597457 442781      948.3068   425     1438.0000      870.4220 1.06e+08   39.47%
 599786 444728     1331.8333   296     1438.0000      870.4220 1.07e+08   39.47%
 601634 446189     1206.9880   373     1438.0000      870.8737 1.07e+08   39.44%
 603682 447921     1006.9938   355     1438.0000      870.8737 1.07e+08   39.44%
 606400 450096     1219.1933   372     1438.0000      871.3071 1.08e+08   39.41%
                                                    Covers: 2                  
 608680 452034     1204.5833   375     1438.0000      871.3071 1.08e+08   39.41%
 611513 454382     1121.9477   461     1438.0000      871.3071 1.09e+08   39.41%
 612171 454877     1000.2750   392     1438.0000      871.6774 1.09e+08   39.38%
Elapsed time = 3597.99 sec. (1137767.76 ticks, tree = 53716.70 MB, solutions = 24)
Nodefile size = 53578.40 MB (39865.89 MB after compression)
 613146 455702     1268.7083   308     1438.0000      871.6774 1.09e+08   39.38%
 616366 458349      925.3000   402     1438.0000      871.8983 1.10e+08   39.37%
 617850 459608     1119.5400   330     1438.0000      871.8983 1.11e+08   39.37%
 619616 461094     1015.5006   427     1438.0000      871.8983 1.11e+08   39.37%
 621542 462615     1113.7500   278     1438.0000      872.2200 1.11e+08   39.34%
 623902 464595     1057.4457   394     1438.0000      872.2200 1.12e+08   39.34%
 626426 466635      900.7564   422     1438.0000      872.6030 1.12e+08   39.32%
 629282 469025     1211.5903   370     1438.0000      872.6030 1.13e+08   39.32%
 631512 470912      932.8417   404     1438.0000      872.6030 1.13e+08   39.32%
 633428 472456     1323.1620   296     1438.0000      872.9717 1.13e+08   39.29%
Elapsed time = 3722.71 sec. (1177403.91 ticks, tree = 55428.14 MB, solutions = 24)
Nodefile size = 55286.52 MB (41107.39 MB after compression)
 635572 474249     1293.0833   402     1438.0000      872.9717 1.14e+08   39.29%
 637766 476065      952.2333   439     1438.0000      872.9717 1.14e+08   39.29%
 639401 477377     1194.2500   282     1438.0000      873.4047 1.15e+08   39.26%
 642249 479781      992.4939   451     1438.0000      873.4047 1.15e+08   39.26%
 644094 481244     1069.0294   373     1438.0000      873.7230 1.15e+08   39.24%
 646526 483292     1374.0667   195     1438.0000      873.7230 1.16e+08   39.24%
 649153 485477      972.6289   436     1438.0000      873.7230 1.16e+08   39.24%
 649547 485766      975.5512   373     1438.0000      874.0927 1.17e+08   39.21%
 649835 486012     1228.5714   350     1438.0000      874.0927 1.17e+08   39.21%
 653310 488890     1092.7500   361     1438.0000      874.2259 1.18e+08   39.21%
Elapsed time = 3841.53 sec. (1217351.66 ticks, tree = 57239.10 MB, solutions = 24)
Nodefile size = 57100.97 MB (42424.40 MB after compression)
 655678 490879      974.8385   401     1438.0000      874.2259 1.18e+08   39.21%
 658171 493006     1170.4167   244     1438.0000      874.2259 1.18e+08   39.21%
 660590 494985     1064.1623   337     1438.0000      874.6771 1.19e+08   39.17%
 662926 496928      914.5346   499     1438.0000      874.6771 1.19e+08   39.17%
 665096 498681     1238.9766   327     1438.0000      875.0651 1.20e+08   39.15%
 667659 500827     1074.8811   527     1438.0000      875.0651 1.20e+08   39.15%
 670095 502888     1191.1256   386     1438.0000      875.0651 1.21e+08   39.15%
 671779 504239     1039.8125   395     1438.0000      875.4499 1.21e+08   39.12%
                                                  Impl Bds: 2                  
 674275 506313      958.6998   393     1438.0000      875.4499 1.21e+08   39.12%
 677067 508620      942.4273   437     1438.0000      875.8437 1.22e+08   39.09%
                                                    Covers: 1                  
Elapsed time = 3971.97 sec. (1258877.78 ticks, tree = 59840.50 MB, solutions = 24)
Nodefile size = 59705.03 MB (44318.27 MB after compression)
 678987 510271      975.4271   446     1438.0000      875.8437 1.22e+08   39.09%
 680953 511901     1025.8750   386     1438.0000      875.8437 1.23e+08   39.09%
 682142 512858     1031.1111   341     1438.0000      875.9832 1.23e+08   39.08%
 682622 513262     1270.6667   262     1438.0000      875.9832 1.23e+08   39.08%
 685764 515818      906.3937   517     1438.0000      876.1873 1.24e+08   39.07%
 687588 517343     1371.4286   371     1438.0000      876.1873 1.24e+08   39.07%
 690244 519579     1311.2000   157     1438.0000      876.1873 1.25e+08   39.07%
 692633 521558     1023.7656   371     1438.0000      876.6154 1.25e+08   39.04%
 695445 523898     1044.6750   362     1438.0000      876.6154 1.26e+08   39.04%
 697795 525804     1075.8800   329     1438.0000      876.9565 1.26e+08   39.02%
Elapsed time = 4097.60 sec. (1299310.89 ticks, tree = 61619.50 MB, solutions = 24)
Nodefile size = 61483.25 MB (45607.14 MB after compression)
 700227 527875     1076.3814   532     1438.0000      876.9565 1.27e+08   39.02%
 702819 530042      917.4525   404     1438.0000      876.9565 1.27e+08   39.02%
 704548 531442     1051.6655   411     1438.0000      877.3546 1.27e+08   38.99%
 706148 532783      949.5350   412     1438.0000      877.3546 1.28e+08   38.99%
 708205 534422     1049.0556   370     1438.0000      877.6507 1.28e+08   38.97%
 710285 536158     1102.6190   356     1438.0000      877.6507 1.28e+08   38.97%
 712523 538020      979.0526   505     1438.0000      877.6507 1.29e+08   38.97%
 714718 539814     1136.6250   322     1438.0000      877.9753 1.29e+08   38.94%
 717822 542452     1203.4047   290     1438.0000      877.9753 1.30e+08   38.94%
 720066 544334     1094.4708   369     1438.0000      877.9753 1.30e+08   38.94%
Elapsed time = 4220.76 sec. (1339301.54 ticks, tree = 63420.03 MB, solutions = 24)
Nodefile size = 63261.79 MB (46896.99 MB after compression)
 720662 544813     1172.9167   444     1438.0000      878.2974 1.30e+08   38.92%
 722255 546127     1383.1250   314     1438.0000      878.2974 1.31e+08   38.92%
 724748 548162     1100.3213   394     1438.0000      878.5312 1.31e+08   38.91%
 726513 549637     1039.2425   367     1438.0000      878.5312 1.32e+08   38.91%
 728881 551605     1078.2222   385     1438.0000      878.5312 1.32e+08   38.91%
 731380 553667     1261.2785   362     1438.0000      878.9308 1.33e+08   38.88%
                                                  ZeroHalf: 2                  
 734004 555867      932.0357   454     1438.0000      878.9308 1.33e+08   38.88%
 736330 557796      904.8145   449     1438.0000      878.9308 1.34e+08   38.88%
 737502 558740      952.1487   426     1438.0000      879.2783 1.34e+08   38.85%
 739518 560431      955.0411   392     1438.0000      879.2783 1.34e+08   38.85%
Elapsed time = 4342.64 sec. (1378245.33 ticks, tree = 65340.49 MB, solutions = 24)
Nodefile size = 65195.36 MB (48299.19 MB after compression)
 741209 561812     1042.5902   390     1438.0000      879.4978 1.35e+08   38.84%
 743847 564046     1020.3333   391     1438.0000      879.4978 1.35e+08   38.84%
 746361 566150      996.0000   219     1438.0000      879.4978 1.35e+08   38.84%
 747733 567266     1175.6667   342     1438.0000      879.8631 1.36e+08   38.81%
 750325 569416     1053.4058   372     1438.0000      879.8631 1.36e+08   38.81%
 753000 571666     1362.2500   235     1438.0000      879.8631 1.37e+08   38.81%
 754754 573112        cutoff           1438.0000      880.2383 1.37e+08   38.79%
 756558 574622     1308.4688   354     1438.0000      880.2383 1.37e+08   38.79%
 758989 576645      981.2446   425     1438.0000      880.5522 1.38e+08   38.77%
 761261 578572     1081.5331   363     1438.0000      880.5522 1.38e+08   38.77%
Elapsed time = 4464.80 sec. (1417573.07 ticks, tree = 67502.96 MB, solutions = 24)
Nodefile size = 67361.49 MB (49860.82 MB after compression)
 763900 580749     1008.7096   452     1438.0000      880.5522 1.39e+08   38.77%
 765454 582037     1391.6667   243     1438.0000      880.8638 1.39e+08   38.74%
 766425 582852     1343.0833   408     1438.0000      880.8638 1.39e+08   38.74%
 768862 584828     1056.8000   462     1438.0000      880.9999 1.40e+08   38.73%
 770750 586409     1219.0625   300     1438.0000      880.9999 1.40e+08   38.73%
 773246 588475     1058.2957   401     1438.0000      880.9999 1.41e+08   38.73%
 775752 590541     1091.3959   399     1438.0000      881.3121 1.41e+08   38.71%
 778440 592788     1041.5460   392     1438.0000      881.3121 1.42e+08   38.71%
 781147 595000     1112.2548   411     1438.0000      881.6944 1.42e+08   38.69%
 783803 597244      928.2452   436     1438.0000      881.6944 1.43e+08   38.69%
Elapsed time = 4594.62 sec. (1458816.65 ticks, tree = 69489.28 MB, solutions = 24)
Nodefile size = 69343.67 MB (51284.95 MB after compression)
 786397 599430      929.7366   461     1438.0000      881.6944 1.43e+08   38.69%
 787653 600454     1164.3333   372     1438.0000      881.9824 1.43e+08   38.67%
                                                    Covers: 1                  
 789615 602093     1163.6297   413     1438.0000      881.9824 1.44e+08   38.67%
 792071 604120     1176.7000   439     1438.0000      882.1972 1.44e+08   38.65%
 793784 605549     1012.9375   389     1438.0000      882.1972 1.45e+08   38.65%
 795480 606960     1264.9000   333     1438.0000      882.1972 1.45e+08   38.65%
 797359 608490     1119.7828   425     1438.0000      882.4713 1.45e+08   38.63%
 800303 610959     1405.5932   291     1438.0000      882.4713 1.46e+08   38.63%
 802679 612916     1202.3492   317     1438.0000      882.7827 1.46e+08   38.61%
 804983 614853     1327.4167   306     1438.0000      882.7827 1.47e+08   38.61%
Elapsed time = 4723.13 sec. (1499707.28 ticks, tree = 71373.66 MB, solutions = 24)
Nodefile size = 71231.53 MB (52640.19 MB after compression)
 807479 616943     1408.7500   325     1438.0000      882.7827 1.47e+08   38.61%
 809145 618307      922.6226   444     1438.0000      883.0174 1.48e+08   38.59%
 811475 620232     1006.6872   401     1438.0000      883.0174 1.48e+08   38.59%
 813932 622287     1230.0444   361     1438.0000      883.0174 1.49e+08   38.59%
 815630 623688      978.1399   392     1438.0000      883.3421 1.49e+08   38.57%
 818254 625904     1404.9750   314     1438.0000      883.3421 1.49e+08   38.57%
 820647 627860     1119.3016   326     1438.0000      883.6661 1.50e+08   38.55%
 821479 628559     1204.5000   309     1438.0000      883.6661 1.50e+08   38.55%
 823045 629876     1366.8269   333     1438.0000      883.6661 1.50e+08   38.55%
 825307 631751     1058.9189   451     1438.0000      883.7884 1.51e+08   38.54%
Elapsed time = 4839.93 sec. (1539676.52 ticks, tree = 73242.03 MB, solutions = 24)
Nodefile size = 73106.61 MB (53984.13 MB after compression)
 827419 633502     1242.1703   389     1438.0000      883.7884 1.51e+08   38.54%
 829706 635388     1184.8635   342     1438.0000      884.0758 1.52e+08   38.52%
 832298 637568     1013.2038   448     1438.0000      884.0758 1.52e+08   38.52%
 834954 639808      955.6063   428     1438.0000      884.0758 1.53e+08   38.52%
 836563 641125     1388.0000   163     1438.0000      884.3946 1.53e+08   38.50%
 839059 643189     1342.2500   262     1438.0000      884.3946 1.53e+08   38.50%
 841427 645127     1139.8472   330     1438.0000      884.3946 1.54e+08   38.50%
 842938 646404     1013.7028   424     1438.0000      884.7259 1.54e+08   38.48%
                                                    Covers: 2                  
 845082 648196      973.0474   432     1438.0000      884.7259 1.55e+08   38.48%
 848273 650833     1267.4333   258     1438.0000      885.0322 1.55e+08   38.45%
Elapsed time = 4968.57 sec. (1579751.33 ticks, tree = 75741.14 MB, solutions = 24)
Nodefile size = 75607.67 MB (55780.63 MB after compression)
 849489 651863     1017.6785   487     1438.0000      885.0322 1.55e+08   38.45%
 850961 653079     1058.3889   389     1438.0000      885.0322 1.56e+08   38.45%
 854571 656059     1113.0495   352     1438.0000      885.2024 1.57e+08   38.44%
 856689 657846     1112.9189   385     1438.0000      885.2024 1.57e+08   38.44%
 859071 659828     1261.1667   289     1438.0000      885.5154 1.57e+08   38.42%
 861023 661446     1352.0718   159     1438.0000      885.5154 1.58e+08   38.42%
 863252 663286     1212.6629   323     1438.0000      885.5154 1.58e+08   38.42%
 864790 664556     1049.1875   354     1438.0000      885.7298 1.58e+08   38.41%
 867371 666753     1186.8922   334     1438.0000      885.7298 1.59e+08   38.41%
 870315 669215     1192.0207   348     1438.0000      885.7298 1.59e+08   38.41%
Elapsed time = 5086.07 sec. (1618822.61 ticks, tree = 76904.02 MB, solutions = 24)
Nodefile size = 76746.05 MB (56594.58 MB after compression)
 871653 670291     1290.9219   376     1438.0000      886.0393 1.60e+08   38.38%
 874436 672625     1071.5453   327     1438.0000      886.0393 1.60e+08   38.38%
 876728 674491     1180.9583   330     1438.0000      886.2894 1.61e+08   38.37%
 878779 676225      945.2164   541     1438.0000      886.2894 1.61e+08   38.37%
 881711 678689     1246.4167   333     1438.0000      886.2894 1.62e+08   38.37%
 883208 679926     1193.0698   353     1438.0000      886.4855 1.62e+08   38.35%
 885033 681452     1188.1000   217     1438.0000      886.4855 1.62e+08   38.35%
 887280 683308     1293.5000   203     1438.0000      886.7004 1.63e+08   38.34%
 890023 685584      961.5503   455     1438.0000      886.7004 1.63e+08   38.34%
 892176 687362     1191.3857   382     1438.0000      886.7004 1.64e+08   38.34%
Elapsed time = 5217.18 sec. (1659513.35 ticks, tree = 78978.24 MB, solutions = 24)
Nodefile size = 78827.80 MB (58085.58 MB after compression)
 893992 688832     1028.4167   362     1438.0000      886.9741 1.64e+08   38.32%
 896333 690762     1170.2191   379     1438.0000      886.9741 1.64e+08   38.32%
 898514 692585     1316.9208   287     1438.0000      886.9741 1.65e+08   38.32%
 898989 692979     1329.3333   247     1438.0000      887.2033 1.65e+08   38.30%
 899414 693326      936.2331   414     1438.0000      887.2033 1.65e+08   38.30%
 903262 696494     1148.8333   449     1438.0000      887.3212 1.66e+08   38.29%
 905566 698439     1137.3842   431     1438.0000      887.3212 1.66e+08   38.29%
 907874 700365     1345.6071   289     1438.0000      887.3212 1.67e+08   38.29%
 910096 702202     1171.0000   288     1438.0000      887.6913 1.67e+08   38.27%
 912496 704215     1197.4486   392     1438.0000      887.6913 1.68e+08   38.27%
Elapsed time = 5335.87 sec. (1698339.79 ticks, tree = 80826.90 MB, solutions = 24)
Nodefile size = 80682.74 MB (59414.73 MB after compression)
 915046 706321     1395.2190   308     1438.0000      887.6913 1.68e+08   38.27%
 917039 707975     1139.9559   343     1438.0000      887.9456 1.68e+08   38.25%
 919567 710088     1342.5196   265     1438.0000      887.9456 1.69e+08   38.25%
 921975 712063     1091.8429   431     1438.0000      888.2259 1.69e+08   38.23%
 924087 713862     1345.1833   297     1438.0000      888.2259 1.70e+08   38.23%
 926071 715498      918.1441   427     1438.0000      888.2259 1.70e+08   38.23%
 928209 717257     1268.6000   314     1438.0000      888.4708 1.70e+08   38.21%
 930129 718858     1269.6174   323     1438.0000      888.4708 1.71e+08   38.21%
 932510 720823     1019.0675   437     1438.0000      888.4708 1.71e+08   38.21%
 933211 721412      967.0047   451     1438.0000      888.6778 1.71e+08   38.20%
Elapsed time = 5458.60 sec. (1738081.06 ticks, tree = 83340.51 MB, solutions = 24)
Nodefile size = 83207.32 MB (61222.12 MB after compression)
 933846 721951     1276.5000   255     1438.0000      888.6778 1.72e+08   38.20%
 937595 725043     1045.3398   426     1438.0000      888.8095 1.73e+08   38.19%
 939655 726754     1301.8333   291     1438.0000      888.8095 1.73e+08   38.19%
 942022 728692     1064.2647   353     1438.0000      888.8095 1.73e+08   38.19%
 944350 730625     1434.6667   240     1438.0000      889.1437 1.74e+08   38.17%
                                                  ZeroHalf: 1                  
 946756 732643     1169.9848   386     1438.0000      889.1437 1.74e+08   38.17%
 949650 735043     1347.7500   254     1438.0000      889.1437 1.75e+08   38.17%
 951459 736516     1078.7516   374     1438.0000      889.4232 1.75e+08   38.15%
 953946 738621     1422.6667   198     1438.0000      889.4232 1.75e+08   38.15%
 956157 740404     1128.2812   305     1438.0000      889.7121 1.76e+08   38.13%
Elapsed time = 5580.50 sec. (1777665.22 ticks, tree = 85315.23 MB, solutions = 24)
Nodefile size = 85182.54 MB (62634.35 MB after compression)
 959037 742830     1114.9722   304     1438.0000      889.7121 1.76e+08   38.13%
 961927 745247      982.0667   367     1438.0000      889.7121 1.77e+08   38.13%
 962810 745959     1035.7071   447     1438.0000      889.9673 1.77e+08   38.11%
 963034 746152     1169.2491   391     1438.0000      889.9673 1.77e+08   38.11%
 966749 749243      912.1986   352     1438.0000      889.9673 1.78e+08   38.11%
 968663 750848     1089.6667   352     1438.0000      890.0873 1.78e+08   38.10%
 970363 752248     1074.7031   364     1438.0000      890.0873 1.79e+08   38.10%
 972612 754094      965.8873   360     1438.0000      890.3183 1.79e+08   38.09%
 975325 756343      997.9997   421     1438.0000      890.3183 1.80e+08   38.09%
 977922 758513     1404.6333   344     1438.0000      890.3183 1.80e+08   38.09%
Elapsed time = 5700.40 sec. (1816370.29 ticks, tree = 86590.32 MB, solutions = 24)
Nodefile size = 86435.92 MB (63526.98 MB after compression)
 979347 759678     1239.1143   288     1438.0000      890.5929 1.80e+08   38.07%
 981939 761838     1276.1818   253     1438.0000      890.5929 1.81e+08   38.07%
 984773 764205      976.7776   382     1438.0000      890.5929 1.81e+08   38.07%
 986135 765296      985.2256   405     1438.0000      890.8841 1.82e+08   38.05%
                                                  ZeroHalf: 1                  
 988481 767240     1239.0500   319     1438.0000      890.8841 1.82e+08   38.05%
 990729 769059     1107.2694   345     1438.0000      891.0968 1.82e+08   38.03%
 991848 770006     1239.3214   441     1438.0000      891.0968 1.83e+08   38.03%
 994541 772274     1104.8234   502     1438.0000      891.0968 1.83e+08   38.03%
 997045 774336     1158.8668   432     1438.0000      891.2970 1.84e+08   38.02%
 999285 776225      924.6123   405     1438.0000      891.2970 1.84e+08   38.02%
Elapsed time = 5826.09 sec. (1856837.96 ticks, tree = 88551.68 MB, solutions = 24)
Nodefile size = 88406.05 MB (64931.92 MB after compression)
 1001848 778346        cutoff           1438.0000      891.5673 1.85e+08   38.00%
 1003768 779947     1058.3167   310     1438.0000      891.5673 1.85e+08   38.00%
 1006803 782444     1075.4100   356     1438.0000      891.5673 1.86e+08   38.00%
 1007485 783032     1003.3487   343     1438.0000      891.7857 1.86e+08   37.98%
 1010311 785391     1040.3786   386     1438.0000      891.7857 1.86e+08   37.98%
 1013148 787781     1013.6421   443     1438.0000      891.7857 1.87e+08   37.98%
 1014430 788836     1189.1468   377     1438.0000      892.0833 1.87e+08   37.96%
 1017214 791143     1056.2500   372     1438.0000      892.0833 1.87e+08   37.96%
 1019770 793284     1304.0833   308     1438.0000      892.3422 1.88e+08   37.95%
 1020102 793573     1252.5000   285     1438.0000      892.3422 1.88e+08   37.95%
Elapsed time = 5960.69 sec. (1897187.84 ticks, tree = 91158.24 MB, solutions = 24)
Nodefile size = 91024.64 MB (66797.88 MB after compression)
 1022111 795224     1162.1515   474     1438.0000      892.3422 1.89e+08   37.95%
 1025630 798101     1191.7941   407     1438.0000      892.4575 1.89e+08   37.94%
 1027735 799886     1007.8852   384     1438.0000      892.4575 1.90e+08   37.94%
 1030097 801825      983.3521   469     1438.0000      892.7078 1.90e+08   37.92%
 1032753 804031     1069.0529   374     1438.0000      892.7078 1.91e+08   37.92%
 1035903 806689     1277.1667   308     1438.0000      892.7078 1.91e+08   37.92%
 1037064 807644     1032.7094   411     1438.0000      892.9711 1.91e+08   37.90%
 1039688 809826     1112.6293   345     1438.0000      892.9711 1.92e+08   37.90%
 1042377 812054     1089.2855   457     1438.0000      892.9711 1.92e+08   37.90%
 1043971 813386     1426.8833   285     1438.0000      893.1792 1.93e+08   37.89%
Elapsed time = 6080.41 sec. (1936622.95 ticks, tree = 93161.97 MB, solutions = 24)
Nodefile size = 93026.08 MB (68222.69 MB after compression)
 1045827 814911     1208.0782   353     1438.0000      893.1792 1.93e+08   37.89%
 1047977 816653      984.7905   414     1438.0000      893.3839 1.93e+08   37.87%
 1050601 818844     1143.6556   410     1438.0000      893.3839 1.94e+08   37.87%
 1052681 820561     1009.2834   447     1438.0000      893.3839 1.94e+08   37.87%
 1054553 822120     1074.8126   370     1438.0000      893.6272 1.94e+08   37.86%
 1055425 822853     1063.1458   346     1438.0000      893.6272 1.95e+08   37.86%
 1058506 825401     1230.5000   294     1438.0000      893.6272 1.95e+08   37.86%
 1060400 826980     1185.8772   369     1438.0000      893.7547 1.96e+08   37.85%
 1062448 828674     1013.4786   424     1438.0000      893.7547 1.96e+08   37.85%
 1064778 830578     1030.0467   380     1438.0000      893.9936 1.97e+08   37.83%
                                                  ZeroHalf: 1                  
Elapsed time = 6205.48 sec. (1976538.86 ticks, tree = 94947.08 MB, solutions = 24)
Nodefile size = 94815.09 MB (69492.22 MB after compression)
 1067808 833089     1022.5063   417     1438.0000      893.9936 1.97e+08   37.83%
 1070649 835430     1431.4665   301     1438.0000      893.9936 1.98e+08   37.83%
 1071446 836082     1146.3333   356     1438.0000      894.2837 1.98e+08   37.81%
 1074230 838360     1340.8750   263     1438.0000      894.2837 1.98e+08   37.81%
 1076952 840592      965.9664   390     1438.0000      894.2837 1.99e+08   37.81%
 1078098 841532     1161.7719   300     1438.0000      894.4868 1.99e+08   37.80%
                                                    Covers: 1                  
 1079922 843033     1240.4497   392     1438.0000      894.4868 1.99e+08   37.80%
 1082559 845174     1048.9122   354     1438.0000      894.7000 2.00e+08   37.78%
 1083247 845762     1073.8194   375     1438.0000      894.7000 2.00e+08   37.78%
 1086514 848456     1020.0036   436     1438.0000      894.7000 2.01e+08   37.78%
Elapsed time = 6329.50 sec. (2016438.07 ticks, tree = 96865.42 MB, solutions = 24)
Nodefile size = 96731.39 MB (70853.66 MB after compression)
 1087938 849614     1258.2500   378     1438.0000      894.8268 2.01e+08   37.77%
 1090306 851564     1139.5833   318     1438.0000      894.8268 2.02e+08   37.77%
 1093708 854336        cutoff           1438.0000      895.1050 2.02e+08   37.75%
 1096563 856714     1405.8333   249     1438.0000      895.1050 2.03e+08   37.75%
 1099110 858781     1074.3667   327     1438.0000      895.1050 2.03e+08   37.75%
 1100382 859852     1246.0000   262     1438.0000      895.3527 2.03e+08   37.74%
 1102846 861846     1108.3750   365     1438.0000      895.3527 2.04e+08   37.74%
 1105100 863705      945.6016   424     1438.0000      895.3527 2.04e+08   37.74%
 1106471 864831     1251.8085   336     1438.0000      895.5192 2.04e+08   37.72%
 1108775 866741      987.9080   373     1438.0000      895.5192 2.05e+08   37.72%
Elapsed time = 6452.65 sec. (2055734.64 ticks, tree = 98769.63 MB, solutions = 24)
Nodefile size = 98627.32 MB (72197.12 MB after compression)
 1112055 869414        cutoff           1438.0000      895.7843 2.05e+08   37.71%
 1112959 870179     1314.0000   320     1438.0000      895.7843 2.06e+08   37.71%
 1113249 870423     1124.4167   389     1438.0000      895.7843 2.06e+08   37.71%
 1116940 873455     1318.3542   269     1438.0000      895.8584 2.07e+08   37.70%
 1119294 875389     1312.8333   302     1438.0000      895.8584 2.07e+08   37.70%
 1122107 877671      951.9658   417     1438.0000      896.1441 2.08e+08   37.68%
 1124763 879866     1093.4210   341     1438.0000      896.1441 2.08e+08   37.68%
 1128121 882623     1089.8389   383     1438.0000      896.1441 2.09e+08   37.68%
 1129244 883534      914.2812   373     1438.0000      896.3741 2.09e+08   37.67%
 1132017 885832     1246.2051   356     1438.0000      896.3741 2.09e+08   37.67%
Elapsed time = 6583.23 sec. (2096820.99 ticks, tree = 100761.92 MB, solutions = 24)
Nodefile size = 100618.53 MB (73608.77 MB after compression)
 1134860 888162      972.1176   387     1438.0000      896.3741 2.10e+08   37.67%
 1135516 888714     1231.4444   347     1438.0000      896.6042 2.10e+08   37.65%
 1137731 890542     1368.9750   265     1438.0000      896.6042 2.10e+08   37.65%
 1140150 892534     1270.7698   271     1438.0000      896.6042 2.11e+08   37.65%
 1140928 893161     1292.2564   272     1438.0000      896.7813 2.11e+08   37.64%
 1143328 895159     1182.2976   292     1438.0000      896.7813 2.12e+08   37.64%
 1145158 896654     1308.8000   274     1438.0000      896.9650 2.12e+08   37.62%
 1147462 898582     1167.0955   362     1438.0000      896.9650 2.12e+08   37.62%
 1150387 900980     1145.6592   358     1438.0000      896.9650 2.13e+08   37.62%
 1151789 902118     1076.6969   500     1438.0000      897.1783 2.13e+08   37.61%
Elapsed time = 6703.72 sec. (2135459.89 ticks, tree = 102908.85 MB, solutions = 24)
Nodefile size = 102777.05 MB (75133.90 MB after compression)
 1153132 903228     1319.5000   195     1438.0000      897.1783 2.13e+08   37.61%
 1156181 905732     1406.3333   302     1438.0000      897.1783 2.14e+08   37.61%
 1157741 907025      906.9006   451     1438.0000      897.3239 2.14e+08   37.60%
 1160205 909038     1343.3333   215     1438.0000      897.3239 2.15e+08   37.60%
 1162682 911097     1123.6875   339     1438.0000      897.5530 2.15e+08   37.58%
 1165432 913368     1113.2177   371     1438.0000      897.5530 2.16e+08   37.58%
 1168985 916283     1012.8214   434     1438.0000      897.5530 2.16e+08   37.58%
 1169369 916615     1222.9167   293     1438.0000      897.7730 2.17e+08   37.57%
 1172377 919080      926.1981   380     1438.0000      897.7730 2.17e+08   37.57%
 1175098 921323      981.4957   376     1438.0000      897.7730 2.18e+08   37.57%
Elapsed time = 6823.25 sec. (2174070.23 ticks, tree = 104253.08 MB, solutions = 24)
Nodefile size = 104099.71 MB (76069.34 MB after compression)
 1175863 921936     1185.5471   354     1438.0000      897.9923 2.18e+08   37.55%
 1176588 922547     1096.8698   272     1438.0000      897.9923 2.18e+08   37.55%
 1178679 924251     1075.7515   396     1438.0000      897.9923 2.18e+08   37.55%
 1181184 926275     1055.4170   358     1438.0000      898.1291 2.19e+08   37.54%
 1183580 928262     1125.9423   358     1438.0000      898.1291 2.19e+08   37.54%
 1185780 930066     1125.5369   370     1438.0000      898.3799 2.20e+08   37.53%
 1188716 932463     1284.5500   243     1438.0000      898.3799 2.20e+08   37.53%
 1191372 934668     1034.6018   378     1438.0000      898.3799 2.21e+08   37.53%
 1192847 935858     1145.8750   329     1438.0000      898.6031 2.21e+08   37.51%
 1195567 938121     1139.8611   281     1438.0000      898.6031 2.21e+08   37.51%
Elapsed time = 6947.85 sec. (2212563.26 ticks, tree = 106302.54 MB, solutions = 24)
Nodefile size = 106158.87 MB (77523.38 MB after compression)
 1198463 940480     1053.4271   322     1438.0000      898.6031 2.22e+08   37.51%
 1199413 941246     1385.2407   296     1438.0000      898.8252 2.22e+08   37.49%
 1200182 941880      940.9771   386     1438.0000      898.8252 2.22e+08   37.49%
 1202715 943977     1189.4375   347     1438.0000      898.8252 2.23e+08   37.49%
 1204754 945659     1096.1216   400     1438.0000      898.9336 2.23e+08   37.49%
 1206430 947057     1188.1515   402     1438.0000      898.9336 2.24e+08   37.49%
 1209530 949608     1280.2917   277     1438.0000      899.1759 2.24e+08   37.47%
 1211802 951481     1043.8964   452     1438.0000      899.1759 2.25e+08   37.47%
 1213946 953231     1415.7500   336     1438.0000      899.1759 2.25e+08   37.47%
 1215930 954853     1295.1667   254     1438.0000      899.4109 2.25e+08   37.45%
Elapsed time = 7068.32 sec. (2250949.82 ticks, tree = 108264.70 MB, solutions = 24)
Nodefile size = 108130.69 MB (78914.99 MB after compression)
 1219004 957358     1148.7088   330     1438.0000      899.4109 2.26e+08   37.45%
 1221595 959499      929.0220   379     1438.0000      899.4109 2.26e+08   37.45%
 1222192 959994     1099.4917   403     1438.0000      899.6186 2.26e+08   37.44%
 1224144 961572      968.2899   416     1438.0000      899.6186 2.27e+08   37.44%
 1226204 963236     1014.0849   461     1438.0000      899.7700 2.27e+08   37.43%
 1228327 964973     1226.4932   317     1438.0000      899.7700 2.28e+08   37.43%
 1230595 966849     1272.3971   280     1438.0000      899.7700 2.28e+08   37.43%
 1233223 969025      958.7446   427     1438.0000      899.9920 2.29e+08   37.41%
 1235719 971072      963.5757   424     1438.0000      899.9920 2.29e+08   37.41%
 1238113 973060     1050.8796   360     1438.0000      899.9920 2.29e+08   37.41%
Elapsed time = 7186.96 sec. (2289865.42 ticks, tree = 109694.77 MB, solutions = 24)
Nodefile size = 109544.42 MB (79912.61 MB after compression)
 1240092 974692      934.8319   402     1438.0000      900.2405 2.30e+08   37.40%
 1242908 977017     1215.2500   288     1438.0000      900.2405 2.30e+08   37.40%
 1245417 979062     1041.4637   381     1438.0000      900.2405 2.31e+08   37.40%
 1246259 979751     1008.0822   412     1438.0000      900.4149 2.31e+08   37.38%
                                                    Covers: 1                  
 1247784 981014     1131.7890   461     1438.0000      900.4149 2.31e+08   37.38%
 1249906 982738     1204.2500   385     1438.0000      900.5402 2.32e+08   37.38%
                                                    Covers: 1                  
 1251905 984400     1215.8807   355     1438.0000      900.5402 2.32e+08   37.38%
 1253921 986019     1282.5000   307     1438.0000      900.5402 2.33e+08   37.38%
 1256247 987950     1206.0000   360     1438.0000      900.7031 2.33e+08   37.36%
 1259287 990463     1177.5067   297     1438.0000      900.7031 2.33e+08   37.36%
Elapsed time = 7312.11 sec. (2329330.80 ticks, tree = 111626.46 MB, solutions = 24)
Nodefile size = 111481.23 MB (81280.71 MB after compression)
 1262042 992682      954.0000   336     1438.0000      900.9187 2.34e+08   37.35%
 1264634 994828     1157.0147   409     1438.0000      900.9187 2.34e+08   37.35%
 1267418 997121      929.1230   427     1438.0000      900.9187 2.35e+08   37.35%
 1268995 998418     1117.5000   352     1438.0000      901.1613 2.35e+08   37.33%
 1271086 1000136     1381.9487   204     1438.0000      901.1613 2.36e+08   37.33%
 1273293 1001946     1135.1833   362     1438.0000      901.1613 2.36e+08   37.33%
 1274823 1003217     1040.6623   423     1438.0000      901.2894 2.36e+08   37.32%
 1276679 1004762     1320.0000   313     1438.0000      901.2894 2.37e+08   37.32%
 1278833 1006500     1022.2484   440     1438.0000      901.4902 2.37e+08   37.31%
 1281137 1008403     1407.2708   260     1438.0000      901.4902 2.38e+08   37.31%
Elapsed time = 7438.36 sec. (2369586.78 ticks, tree = 113563.30 MB, solutions = 24)
Nodefile size = 113424.56 MB (82652.39 MB after compression)
 1283647 1010444     1386.2427   251     1438.0000      901.4902 2.38e+08   37.31%
 1285929 1012335      921.5070   392     1438.0000      901.6862 2.39e+08   37.30%
*1287727+1013827                         1431.0000      901.6862 2.39e+08   36.99%
Found incumbent of value 1431.000000 after 7472.54 sec. (2378651.57 ticks)
 1288281 1014295      981.8272   434     1431.0000      901.6862 2.39e+08   36.99%
 1291234 1016722     1191.8571   283     1431.0000      901.6862 2.39e+08   36.99%
 1292556 1014287     1005.2674   379     1431.0000      901.8973 2.40e+08   36.97%
 1294668 1016025      933.4368   406     1431.0000      901.8973 2.40e+08   36.97%
 1297099 1018032      950.2172   416     1431.0000      901.8973 2.41e+08   36.97%
 1298353 1019062     1254.9848   334     1431.0000      902.0877 2.41e+08   36.96%
 1301105 1021340     1331.5994   336     1431.0000      902.0877 2.41e+08   36.96%
 1303258 1023100     1083.6616   396     1431.0000      902.2822 2.42e+08   36.95%
Elapsed time = 7560.07 sec. (2408074.80 ticks, tree = 115298.87 MB, solutions = 25)
Nodefile size = 115167.39 MB (83860.92 MB after compression)
 1305841 1025241     1158.1830   354     1431.0000      902.2822 2.42e+08   36.95%
 1307814 1026842     1298.9808   309     1431.0000      902.2822 2.43e+08   36.95%
 1310001 1028659     1271.6976   316     1431.0000      902.4640 2.43e+08   36.93%
 1311357 1029766      953.7290   497     1431.0000      902.4640 2.43e+08   36.93%
 1313181 1031253     1375.0294   253     1431.0000      902.4640 2.44e+08   36.93%
 1315783 1033420     1075.2405   377     1431.0000      902.5825 2.44e+08   36.93%
 1317854 1035105     1262.7548   419     1431.0000      902.5825 2.45e+08   36.93%
 1319715 1036591     1379.7077   331     1431.0000      902.8068 2.45e+08   36.91%
 1322404 1038801     1105.2556   402     1431.0000      902.8068 2.45e+08   36.91%
 1325092 1041016      927.1824   398     1431.0000      902.8068 2.46e+08   36.91%
Elapsed time = 7677.34 sec. (2447119.71 ticks, tree = 116521.19 MB, solutions = 25)
Nodefile size = 116370.90 MB (84706.92 MB after compression)
 1326588 1042231     1292.0000   247     1431.0000      903.0005 2.46e+08   36.90%
 1328732 1043953     1337.6500   274     1431.0000      903.0005 2.47e+08   36.90%
 1331484 1046227      949.0278   434     1431.0000      903.0005 2.47e+08   36.90%
 1333534 1047864      962.6477   380     1431.0000      903.1852 2.47e+08   36.88%
 1334019 1048264     1257.3333   442     1431.0000      903.1852 2.48e+08   36.88%
 1336019 1049903     1379.5156   219     1431.0000      903.1852 2.48e+08   36.88%
 1339147 1052445      936.0775   412     1431.0000      903.2519 2.49e+08   36.88%
 1341714 1054568     1299.0000   212     1431.0000      903.2519 2.49e+08   36.88%
 1344132 1056527     1098.6858   430     1431.0000      903.5076 2.49e+08   36.86%
 1346468 1058474     1038.4986   386     1431.0000      903.5076 2.50e+08   36.86%
Elapsed time = 7801.27 sec. (2485759.21 ticks, tree = 118586.25 MB, solutions = 25)
Nodefile size = 118446.83 MB (86166.79 MB after compression)
 1348961 1060510     1171.6250   319     1431.0000      903.5076 2.50e+08   36.86%
 1351101 1062257     1047.7920   392     1431.0000      903.6537 2.51e+08   36.85%
 1353501 1064200      961.4286   467     1431.0000      903.6537 2.51e+08   36.85%
 1355513 1065857     1377.0000   190     1431.0000      903.6537 2.52e+08   36.85%
 1357143 1067168     1006.1618   369     1431.0000      903.8479 2.52e+08   36.84%
 1359856 1069395     1400.3333   168     1431.0000      903.8479 2.52e+08   36.84%
 1362370 1071420     1319.2333   265     1431.0000      903.9997 2.53e+08   36.83%
 1363594 1072416     1306.5267   316     1431.0000      903.9997 2.53e+08   36.83%
 1365523 1073985     1094.8131   405     1431.0000      903.9997 2.53e+08   36.83%
 1367381 1075541     1107.5884   495     1431.0000      904.1476 2.54e+08   36.82%
Elapsed time = 7928.47 sec. (2526370.79 ticks, tree = 120456.51 MB, solutions = 25)
Nodefile size = 120325.58 MB (87490.54 MB after compression)
 1368821 1076708     1063.7231   339     1431.0000      904.1476 2.54e+08   36.82%
 1373488 1080549     1383.5000   273     1431.0000      904.2708 2.55e+08   36.81%
 1375408 1082136     1025.7655   438     1431.0000      904.2708 2.55e+08   36.81%
 1378032 1084273     1308.5931   316     1431.0000      904.2708 2.56e+08   36.81%
 1379784 1085708     1204.2398   319     1431.0000      904.4995 2.56e+08   36.79%
 1382472 1087889     1009.4092   393     1431.0000      904.4995 2.57e+08   36.79%
 1385322 1090225     1189.4774   271     1431.0000      904.4995 2.57e+08   36.79%
 1386372 1091054     1194.8333   329     1431.0000      904.6769 2.57e+08   36.78%
                                                    Covers: 1                  
 1388132 1092515     1330.1713   400     1431.0000      904.6769 2.58e+08   36.78%
 1390267 1094277      974.4128   411     1431.0000      904.6769 2.58e+08   36.78%
Elapsed time = 8046.14 sec. (2565091.17 ticks, tree = 122356.00 MB, solutions = 25)
Nodefile size = 122204.84 MB (88818.40 MB after compression)
 1392613 1096206     1003.9933   488     1431.0000      904.8537 2.59e+08   36.77%
                                                    Covers: 1                  
 1394373 1097638     1275.1667   325     1431.0000      904.8537 2.59e+08   36.77%
 1396669 1099514     1061.6054   408     1431.0000      904.9748 2.60e+08   36.76%
 1398906 1101335     1206.4026   348     1431.0000      904.9748 2.60e+08   36.76%
 1401114 1103167     1333.5962   348     1431.0000      904.9748 2.60e+08   36.76%
 1403716 1105280      915.7503   415     1431.0000      905.1690 2.61e+08   36.75%
 1406340 1107437     1063.9754   355     1431.0000      905.1690 2.61e+08   36.75%
 1408397 1109123     1025.0889   400     1431.0000      905.1690 2.62e+08   36.75%
 1410321 1110691     1119.5238   328     1431.0000      905.3609 2.62e+08   36.73%
 1412433 1112424     1053.7886   388     1431.0000      905.3609 2.62e+08   36.73%
Elapsed time = 8170.79 sec. (2603864.23 ticks, tree = 124232.44 MB, solutions = 25)
Nodefile size = 124089.52 MB (90146.97 MB after compression)
 1415191 1114626     1353.7963   321     1431.0000      905.5450 2.63e+08   36.72%
 1416719 1115905     1166.4286   449     1431.0000      905.5450 2.63e+08   36.72%
 1417859 1116831     1125.5714   508     1431.0000      905.5450 2.63e+08   36.72%
 1420934 1119311     1341.5000   242     1431.0000      905.6463 2.64e+08   36.71%
 1422993 1121030     1188.0000   269     1431.0000      905.6463 2.65e+08   36.71%
 1424968 1122631      926.1344   402     1431.0000      905.8430 2.65e+08   36.70%
 1427919 1125030     1353.6429   302     1431.0000      905.8430 2.65e+08   36.70%
 1430681 1127283     1292.8462   301     1431.0000      905.8430 2.66e+08   36.70%
 1431821 1128218      989.3073   408     1431.0000      906.0278 2.66e+08   36.69%
 1434810 1130708     1105.1047   388     1431.0000      906.0278 2.67e+08   36.69%
Elapsed time = 8304.52 sec. (2644958.05 ticks, tree = 126120.94 MB, solutions = 25)
Nodefile size = 125976.18 MB (91477.06 MB after compression)
 1437382 1132824     1023.7793   324     1431.0000      906.0278 2.67e+08   36.69%
 1438426 1133675     1296.6250   268     1431.0000      906.2030 2.67e+08   36.67%
 1441498 1136186     1105.3595   421     1431.0000      906.2030 2.68e+08   36.67%
 1444135 1138304      971.3091   470     1431.0000      906.3824 2.68e+08   36.66%
 1445110 1139114     1040.3586   462     1431.0000      906.3824 2.69e+08   36.66%
 1447864 1141362     1123.1250   304     1431.0000      906.3824 2.69e+08   36.66%
 1450064 1143142     1174.4331   374     1431.0000      906.5050 2.70e+08   36.65%
 1452019 1144778     1139.3259   364     1431.0000      906.5050 2.70e+08   36.65%
 1455667 1147742     1220.7917   331     1431.0000      906.7034 2.71e+08   36.64%
 1457395 1149160      967.6453   416     1431.0000      906.7034 2.71e+08   36.64%
Elapsed time = 8431.53 sec. (2686395.44 ticks, tree = 128134.97 MB, solutions = 25)
Nodefile size = 127998.49 MB (92900.01 MB after compression)
 1459283 1150698     1092.2624   370     1431.0000      906.7034 2.71e+08   36.64%
 1461223 1152294     1234.1786   250     1431.0000      906.8333 2.72e+08   36.63%
                                                      Cuts: 2                  
 1463655 1154261        cutoff           1431.0000      906.8333 2.72e+08   36.63%
 1466177 1156343      986.7606   394     1431.0000      906.8333 2.72e+08   36.63%
 1468443 1158168      989.7004   457     1431.0000      907.0347 2.73e+08   36.62%
 1471035 1160279     1416.0000   287     1431.0000      907.0347 2.73e+08   36.62%
 1473438 1162229      973.1308   371     1431.0000      907.2046 2.74e+08   36.60%
 1473962 1162673     1196.5931   514     1431.0000      907.2046 2.74e+08   36.60%
 1474122 1162790     1365.1250   406     1431.0000      907.2046 2.74e+08   36.60%
 1479491 1167206     1256.4167   360     1431.0000      907.2564 2.75e+08   36.60%
                                                      Cuts: 3                  
Elapsed time = 8558.38 sec. (2727101.78 ticks, tree = 129984.32 MB, solutions = 25)
Nodefile size = 129848.95 MB (94201.66 MB after compression)
 1481607 1168934     1119.4533   406     1431.0000      907.2564 2.76e+08   36.60%
 1484489 1171303     1075.6566   325     1431.0000      907.4920 2.76e+08   36.58%
 1486729 1173095     1102.5283   398     1431.0000      907.4920 2.76e+08   36.58%
 1488617 1174637      973.1126   391     1431.0000      907.4920 2.77e+08   36.58%
 1490683 1176311     1281.6351   274     1431.0000      907.6587 2.77e+08   36.57%
 1493537 1178643     1195.8611   356     1431.0000      907.6587 2.78e+08   36.57%
 1496271 1180877     1179.5029   385     1431.0000      907.6587 2.78e+08   36.57%
 1497222 1181629     1341.3795   217     1431.0000      907.8367 2.78e+08   36.56%
 1499638 1183587      948.7019   385     1431.0000      907.8367 2.79e+08   36.56%
 1502091 1185587     1038.0568   392     1431.0000      907.8367 2.79e+08   36.56%
Elapsed time = 8679.21 sec. (2765973.64 ticks, tree = 131897.70 MB, solutions = 25)
Nodefile size = 131745.67 MB (95537.05 MB after compression)
 1502646 1186035     1043.8333   423     1431.0000      907.9874 2.79e+08   36.55%
 1502998 1186326     1185.8409   402     1431.0000      907.9874 2.79e+08   36.55%
 1506882 1189510      984.6211   478     1431.0000      908.0641 2.80e+08   36.54%
 1508802 1191112      969.2061   418     1431.0000      908.0641 2.81e+08   36.54%
 1511266 1193134     1013.7739   401     1431.0000      908.0641 2.81e+08   36.54%
 1513955 1195325     1264.7500   266     1431.0000      908.2769 2.82e+08   36.53%
 1516803 1197662     1241.0000   307     1431.0000      908.2769 2.82e+08   36.53%
 1519140 1199577     1273.1250   216     1431.0000      908.2769 2.83e+08   36.53%
 1520745 1200863     1092.8054   350     1431.0000      908.4513 2.83e+08   36.52%
 1522889 1202630     1216.8704   353     1431.0000      908.4513 2.83e+08   36.52%
Elapsed time = 8804.46 sec. (2804667.43 ticks, tree = 133838.32 MB, solutions = 25)
Nodefile size = 133696.62 MB (96910.88 MB after compression)
 1525096 1204401     1207.1667   309     1431.0000      908.6137 2.84e+08   36.50%
 1527592 1206473     1155.5256   352     1431.0000      908.6137 2.84e+08   36.50%
*1529459+1207981                         1429.0000      908.6137 2.84e+08   36.42%
Found incumbent of value 1429.000000 after 8840.89 sec. (2814035.04 ticks)
 1530622 1208943     1060.3385   398     1429.0000      908.6137 2.85e+08   36.42%
 1532007 1208968     1118.9275   312     1429.0000      908.7667 2.85e+08   36.41%
                                                    Covers: 1                  
 1533543 1210223     1030.7103   350     1429.0000      908.7667 2.85e+08   36.41%
 1535483 1211807      957.5000   382     1429.0000      908.7667 2.86e+08   36.41%
 1538154 1213979     1287.6771   273     1429.0000      908.8914 2.86e+08   36.40%
 1540394 1215835     1146.0513   360     1429.0000      908.8914 2.87e+08   36.40%
 1543351 1218283     1066.6047   351     1429.0000      909.0459 2.87e+08   36.39%
 1545591 1220121     1192.0208   352     1429.0000      909.0459 2.87e+08   36.39%
Elapsed time = 8933.80 sec. (2845004.38 ticks, tree = 135640.42 MB, solutions = 26)
Nodefile size = 135502.77 MB (98175.28 MB after compression)
 1548238 1222286      996.0986   415     1429.0000      909.0459 2.88e+08   36.39%
 1549830 1223576      931.3348   434     1429.0000      909.2253 2.88e+08   36.37%
 1552358 1225622     1188.1222   362     1429.0000      909.2253 2.89e+08   36.37%
 1555334 1228093      987.9460   449     1429.0000      909.2253 2.89e+08   36.37%
 1556419 1228939     1153.2500   249     1429.0000      909.4059 2.89e+08   36.36%
                                                    Covers: 1                  
 1558932 1230993      937.8105   421     1429.0000      909.4059 2.90e+08   36.36%
 1561031 1232703     1146.2083   311     1429.0000      909.4059 2.90e+08   36.36%
 1562034 1233531     1250.0000   280     1429.0000      909.5402 2.90e+08   36.35%
 1562215 1233695     1122.0804   454     1429.0000      909.5402 2.90e+08   36.35%
 1566070 1236812     1084.3964   386     1429.0000      909.5905 2.91e+08   36.35%
                                                    Covers: 1                  
Elapsed time = 9050.86 sec. (2883672.13 ticks, tree = 137470.68 MB, solutions = 26)
Nodefile size = 137339.97 MB (99469.14 MB after compression)
 1568516 1238805      936.3071   390     1429.0000      909.5905 2.92e+08   36.35%
 1570629 1240531     1182.3463   391     1429.0000      909.5905 2.92e+08   36.35%
 1573115 1242540     1084.1883   400     1429.0000      909.8069 2.93e+08   36.33%
                                                    Covers: 1                  
 1575867 1244799     1016.8809   462     1429.0000      909.8069 2.93e+08   36.33%
 1578556 1247004     1082.3644   364     1429.0000      909.8069 2.94e+08   36.33%
 1579977 1248146     1402.6250   227     1429.0000      909.9995 2.94e+08   36.32%
                                                  ZeroHalf: 1                  
 1582345 1250114      973.9213   409     1429.0000      909.9995 2.94e+08   36.32%
 1585050 1252305     1094.3580   354     1429.0000      909.9995 2.95e+08   36.32%
 1587268 1254101     1102.4138   402     1429.0000      910.1563 2.95e+08   36.31%
                                                    Covers: 1                  
 1589604 1256024     1182.8611   304     1429.0000      910.1563 2.96e+08   36.31%
Elapsed time = 9175.28 sec. (2922180.54 ticks, tree = 139555.24 MB, solutions = 26)
Nodefile size = 139410.83 MB (100926.85 MB after compression)
 1592311 1258191     1090.1250   386     1429.0000      910.3020 2.96e+08   36.30%
 1592708 1258520      940.2276   480     1429.0000      910.3020 2.96e+08   36.30%
 1594686 1260141     1293.9129   455     1429.0000      910.3020 2.97e+08   36.30%
 1597433 1262343     1304.6250   310     1429.0000      910.3840 2.97e+08   36.29%
 1600085 1264518     1092.3492   343     1429.0000      910.3840 2.98e+08   36.29%
 1602482 1266461     1051.1942   383     1429.0000      910.5937 2.98e+08   36.28%
 1604978 1268504     1129.3103   326     1429.0000      910.5937 2.98e+08   36.28%
 1608644 1271485      928.5481   464     1429.0000      910.5937 2.99e+08   36.28%
 1609873 1272472      973.4621   411     1429.0000      910.7453 2.99e+08   36.27%
 1612465 1274632     1338.6225   292     1429.0000      910.7453 3.00e+08   36.27%
Elapsed time = 9309.46 sec. (2963246.54 ticks, tree = 141614.66 MB, solutions = 26)
Nodefile size = 141471.55 MB (102376.93 MB after compression)
 1615138 1276815     1324.5000   218     1429.0000      910.7453 3.00e+08   36.27%
 1615758 1277302     1197.2500   396     1429.0000      910.9129 3.00e+08   36.26%
 1616066 1277558     1193.5000   384     1429.0000      910.9129 3.00e+08   36.26%
 1619637 1280471     1324.5833   400     1429.0000      910.9533 3.01e+08   36.25%
 1622107 1282484     1183.4171   411     1429.0000      910.9533 3.02e+08   36.25%
 1624411 1284368     1018.6931   390     1429.0000      910.9533 3.02e+08   36.25%
 1626942 1286426     1036.2000   375     1429.0000      911.1706 3.03e+08   36.24%
 1629726 1288664     1159.5235   362     1429.0000      911.1706 3.03e+08   36.24%
 1632468 1290894     1115.5889   381     1429.0000      911.3341 3.04e+08   36.23%
 1635284 1293190     1311.0000   258     1429.0000      911.3341 3.04e+08   36.23%
Elapsed time = 9436.87 sec. (3004756.95 ticks, tree = 143631.49 MB, solutions = 26)
Nodefile size = 143491.34 MB (103800.19 MB after compression)
 1638613 1295878      992.8167   355     1429.0000      911.3341 3.05e+08   36.23%
 1639159 1296314     1016.5000   305     1429.0000      911.4880 3.05e+08   36.21%
 1640842 1297679     1203.7381   313     1429.0000      911.4880 3.05e+08   36.21%
 1641151 1297936     1064.8429   509     1429.0000      911.4880 3.05e+08   36.21%
 1643206 1299616     1308.8889   316     1429.0000      911.5736 3.06e+08   36.21%
 1646212 1302023     1143.6458   340     1429.0000      911.5736 3.06e+08   36.21%
 1649423 1304659     1019.9989   414     1429.0000      911.7240 3.07e+08   36.20%
 1652047 1306819     1006.0051   351     1429.0000      911.7240 3.07e+08   36.20%
 1654639 1308953     1030.2609   389     1429.0000      911.7240 3.08e+08   36.20%
 1656683 1310609     1070.2840   341     1429.0000      911.9130 3.08e+08   36.19%
Elapsed time = 9559.53 sec. (3043889.77 ticks, tree = 145648.29 MB, solutions = 26)
Nodefile size = 145515.71 MB (105222.87 MB after compression)
 1659442 1312854     1068.7227   335     1429.0000      911.9130 3.09e+08   36.19%
 1662065 1314954     1102.7035   346     1429.0000      911.9130 3.09e+08   36.19%
 1662678 1315456     1090.2826   440     1429.0000      912.0714 3.09e+08   36.17%
 1662966 1315675     1276.8750   406     1429.0000      912.0714 3.09e+08   36.17%
 1664303 1316740     1411.3667   309     1429.0000      912.0714 3.10e+08   36.17%
 1668292 1319994     1384.8600   327     1429.0000      912.1389 3.11e+08   36.17%
                                                      Cuts: 2                  
 1670785 1321975     1004.3917   436     1429.0000      912.1389 3.11e+08   36.17%
 1672983 1323753     1247.2222   353     1429.0000      912.3319 3.11e+08   36.16%
                                                    Covers: 1                  
 1676023 1326194     1404.3929   173     1429.0000      912.3319 3.12e+08   36.16%
 1678446 1328146     1213.9306   338     1429.0000      912.3319 3.12e+08   36.16%
Elapsed time = 9676.17 sec. (3082665.11 ticks, tree = 146966.67 MB, solutions = 26)
Nodefile size = 146818.02 MB (106137.96 MB after compression)
 1679632 1329098     1081.3333   348     1429.0000      912.4931 3.13e+08   36.14%
                                                  ZeroHalf: 2                  
 1681520 1330624     1217.0625   278     1429.0000      912.4931 3.13e+08   36.14%
 1683563 1332291     1178.6250   288     1429.0000      912.4931 3.13e+08   36.14%
 1684613 1333152     1043.7745   341     1429.0000      912.6173 3.13e+08   36.14%
 1686520 1334713     1053.3218   503     1429.0000      912.6173 3.14e+08   36.14%
 1689464 1337071     1054.6945   410     1429.0000      912.7405 3.15e+08   36.13%
 1691522 1338785     1328.6375   301     1429.0000      912.7405 3.15e+08   36.13%
 1695253 1341835     1154.9891   369     1429.0000      912.7405 3.16e+08   36.13%
 1695979 1342413     1114.5409   324     1429.0000      912.8677 3.16e+08   36.12%
*1696660+1342965                         1417.0000      912.8677 3.16e+08   35.58%
Found incumbent of value 1417.000000 after 9804.14 sec. (3119508.45 ticks)
 1696829 1343102      979.6059   412     1417.0000      912.8677 3.16e+08   35.58%
Elapsed time = 9815.03 sec. (3131205.84 ticks, tree = 148884.50 MB, solutions = 26)
Nodefile size = 148749.34 MB (107498.03 MB after compression)
 1697167 1343399     1060.8867   411     1417.0000      912.8677 3.16e+08   35.58%
 1697173 1343405     1006.7291   435     1417.0000      912.8677 3.16e+08   35.58%
 1699984 1337665     1203.4637   313     1417.0000      912.9668 3.16e+08   35.57%
                                                  ZeroHalf: 1                  
 1700243 1337887      992.8194   316     1417.0000      912.9668 3.16e+08   35.57%
 1700533 1338096     1413.7667   160     1417.0000      912.9668 3.16e+08   35.57%
 1704389 1341198     1026.7031   397     1417.0000      913.0065 3.17e+08   35.57%
                                                    Covers: 1                  
 1705499 1342114     1283.0833   222     1417.0000      913.0065 3.17e+08   35.57%
 1705536 1342141     1404.2000   316     1417.0000      913.0065 3.17e+08   35.57%
*1705736+1342305                         1407.0000      913.0065 3.17e+08   35.11%
Found incumbent of value 1407.000000 after 9924.07 sec. (3188122.08 ticks)
 1708002 1335223     1114.8000   341     1407.0000      913.1274 3.18e+08   35.10%
 1708537 1335643     1124.2000   312     1407.0000      913.1274 3.18e+08   35.10%
Elapsed time = 9980.10 sec. (3218749.32 ticks, tree = 148189.62 MB, solutions = 28)
Nodefile size = 148040.48 MB (106923.86 MB after compression)
*1709007+1336042                         1405.0000      913.1274 3.18e+08   35.01%
Found incumbent of value 1405.000000 after 9980.11 sec. (3201766.19 ticks)
 1711713 1335919     1081.6473   375     1405.0000      913.2008 3.19e+08   35.00%
 1712001 1336137     1171.1481   313     1405.0000      913.2008 3.19e+08   35.00%
 1712237 1336325     1051.1322   361     1405.0000      913.2008 3.19e+08   35.00%
 1714483 1338125     1005.1372   387     1405.0000      913.2008 3.19e+08   35.00%
 1716322 1339564     1122.2217   295     1405.0000      913.3087 3.20e+08   35.00%
 1716334 1339572     1138.5213   379     1405.0000      913.3087 3.20e+08   35.00%
 1716724 1339883     1019.1143   396     1405.0000      913.3087 3.20e+08   35.00%
 1720094 1342588     1336.5724   324     1405.0000      913.3709 3.20e+08   34.99%
 1720463 1342848     1006.6835   385     1405.0000      913.3709 3.20e+08   34.99%
 1720563 1342940      966.9815   392     1405.0000      913.3709 3.20e+08   34.99%
Elapsed time = 10153.05 sec. (3309417.30 ticks, tree = 149215.55 MB, solutions = 32)
Nodefile size = 149066.49 MB (107638.88 MB after compression)
 1722166 1344224     1093.0833   376     1405.0000      913.3709 3.21e+08   34.99%
 1724380 1345987     1075.2381   378     1405.0000      913.5091 3.21e+08   34.98%
 1724485 1346076     1379.5000   295     1405.0000      913.5091 3.21e+08   34.98%
 1724712 1346240     1360.2500   252     1405.0000      913.5091 3.21e+08   34.98%
 1726652 1347811     1330.0667   222     1405.0000      913.5091 3.21e+08   34.98%
 1728290 1349098     1290.0000   303     1405.0000      913.5467 3.22e+08   34.98%
 1728790 1349488      969.4207   413     1405.0000      913.5467 3.22e+08   34.98%
 1728955 1349620      938.4444   427     1405.0000      913.5467 3.22e+08   34.98%
 1732479 1352434     1096.7662   366     1405.0000      913.6811 3.23e+08   34.97%
 1733116 1352944     1175.2120   404     1405.0000      913.6811 3.23e+08   34.97%
Elapsed time = 10329.20 sec. (3409184.08 ticks, tree = 150053.68 MB, solutions = 32)
Nodefile size = 149910.77 MB (108232.54 MB after compression)
 1735413 1354785     1398.0000   223     1405.0000      913.8393 3.23e+08   34.96%
 1737921 1356788     1035.3503   402     1405.0000      913.8393 3.24e+08   34.96%
 1739991 1358412     1022.0000   362     1405.0000      913.8720 3.24e+08   34.96%
 1744044 1361662     1098.0377   344     1405.0000      913.9583 3.25e+08   34.95%
 1744690 1362184     1121.2857   353     1405.0000      913.9583 3.25e+08   34.95%
 1744817 1362275     1005.6789   371     1405.0000      913.9583 3.25e+08   34.95%
 1748100 1364903     1266.2500   255     1405.0000      914.0833 3.26e+08   34.94%
 1748277 1365048     1092.4577   362     1405.0000      914.0833 3.26e+08   34.94%
 1752131 1368138     1241.1667   217     1405.0000      914.1156 3.26e+08   34.94%
 1752357 1368327     1398.5000   277     1405.0000      914.1156 3.27e+08   34.94%
Elapsed time = 10579.11 sec. (3544180.44 ticks, tree = 151659.62 MB, solutions = 32)
Nodefile size = 151526.87 MB (109365.13 MB after compression)
 1752370 1368340     1099.7917   346     1405.0000      914.1156 3.27e+08   34.94%
 1753366 1369130      932.3994   438     1405.0000      914.1156 3.27e+08   34.94%
 1754360 1369950      957.5944   407     1405.0000      914.1156 3.27e+08   34.94%
 1755556 1370916     1241.4791   345     1405.0000      914.2595 3.27e+08   34.93%
 1756990 1372084     1033.1880   397     1405.0000      914.2595 3.27e+08   34.93%
 1757946 1372848      996.3317   416     1405.0000      914.2595 3.28e+08   34.93%
 1759821 1374326     1152.1694   277     1405.0000      914.3301 3.28e+08   34.92%
 1759903 1374407     1102.4394   386     1405.0000      914.3301 3.28e+08   34.92%
 1760595 1374973     1126.8530   357     1405.0000      914.3301 3.28e+08   34.92%
 1763381 1377208     1024.4416   350     1405.0000      914.3839 3.28e+08   34.92%
                                                    Covers: 1                  
Elapsed time = 10747.92 sec. (3641616.42 ticks, tree = 152824.33 MB, solutions = 32)
Nodefile size = 152693.86 MB (110186.33 MB after compression)
 1763462 1377273     1207.2472   352     1405.0000      914.3839 3.29e+08   34.92%
 1763841 1377560     1043.9211   340     1405.0000      914.3839 3.29e+08   34.92%
 1763850 1377569     1069.8750   393     1405.0000      914.3839 3.29e+08   34.92%
 1767112 1380195     1066.1786   313     1405.0000      914.5272 3.29e+08   34.91%

Cover cuts applied:  39
Implied bound cuts applied:  5
Zero-half cuts applied:  297
Gomory fractional cuts applied:  3

Root node processing (before b&c):
  Real time             =   11.95 sec. (5770.80 ticks)
Parallel b&c, 32 threads:
  Real time             = 10792.27 sec. (3666755.15 ticks)
  Sync time (average)   =    1.31 sec.
  Wait time (average)   =    0.00 sec.
                          ------------
Total (root+branch&cut) = 10804.22 sec. (3672525.94 ticks)


Solution status: Feasible
Execution time: 10804.6 sec
Gap: 0.34908
