Fri Jul 13 17:57:39 2018

Tried aggregator 2 times.
MIP Presolve eliminated 10580 rows and 121 columns.
Aggregator did 380 substitutions.
Reduced MIP has 11086 rows, 3988 columns, and 42576 nonzeros.
Reduced MIP has 3988 binaries, 0 generals, 0 SOSs, and 0 indicators.
Presolve time = 0.09 sec. (59.60 ticks)
Probing time = 0.01 sec. (2.68 ticks)
Tried aggregator 1 time.
Presolve time = 0.03 sec. (19.58 ticks)
Probing time = 0.01 sec. (2.68 ticks)
Clique table members: 21334.
MIP emphasis: balance optimality and feasibility.
MIP search method: dynamic search.
Parallel mode: deterministic, using up to 32 threads.
Root relaxation solution time = 0.96 sec. (153.05 ticks)

        Nodes                                         Cuts/
   Node  Left     Objective  IInf  Best Integer    Best Bound    ItCnt     Gap

      0     0      607.0000   409                    607.0000     1436         
      0     0      615.2083   396                    Cuts: 19     1857         
      0     0      652.7807   503                    Cuts: 54     2836         
      0     0      682.4913   548                ZeroHalf: 45     3387         
      0     0      717.0047   517                ZeroHalf: 39     4109         
      0     0      731.8704   515                    Cuts: 52     4797         
      0     0      738.5396   541                ZeroHalf: 35     5217         
      0     0      743.2359   559                ZeroHalf: 33     5665         
      0     0      748.3625   582                ZeroHalf: 38     6054         
      0     0      750.6859   584                    Cuts: 27     6334         
      0     0      754.0950   552                ZeroHalf: 25     6649         
      0     0      755.3203   600                ZeroHalf: 23     6857         
      0     0      756.3384   595                ZeroHalf: 17     7064         
      0     0      756.8892   563                ZeroHalf: 28     7252         
      0     0      758.1950   578                ZeroHalf: 19     7481         
      0     0      758.4652   545                ZeroHalf: 10     7589         
      0     0      758.4652   529                ZeroHalf: 21     7641         
      0     0      758.4652   564                ZeroHalf: 31     7700         
      0     0      758.4652   472                 ZeroHalf: 3     7750         
      0     0      758.4652   522                ZeroHalf: 27     7861         
*     0+    0                         1804.0000      758.4652     7861   57.96%
Found incumbent of value 1804.000000 after 12.99 sec. (6908.07 ticks)
      0     2      758.4652   514     1804.0000      758.4652     7861   57.96%
Elapsed time = 13.20 sec. (6990.36 ticks, tree = 0.01 MB, solutions = 1)
      1     3      776.1694   533     1804.0000      758.4652     9520   57.96%
      4     6      786.2546   496     1804.0000      760.4182    10786   57.85%
      9    11      796.2379   430     1804.0000      760.4182    13200   57.85%
     11    13      778.1947   519     1804.0000      765.2012    15261   57.58%
                                                  Impl Bds: 1                  
     23    25      787.5776   498     1804.0000      771.0282    23872   57.26%
                                                  Impl Bds: 4                  
     39    41      796.1230   489     1804.0000      771.0282    30640   57.26%
     58    60      846.6990   476     1804.0000      771.0282    37467   57.26%
     61    63      819.4814   522     1804.0000      771.0282    40630   57.26%
                                                      Cuts: 7                  
     63    65      844.5406   507     1804.0000      771.0282    45849   57.26%
    383   369      852.8813   472     1804.0000      771.0282   216723   57.26%
                                                 Impl Bds: 16                  
Elapsed time = 23.87 sec. (12610.85 ticks, tree = 0.03 MB, solutions = 1)
*  1183+ 1109                         1585.0000      771.0282   346970   51.35%
                                                     Cuts: 14                  
Found incumbent of value 1585.000000 after 26.72 sec. (13288.07 ticks)
   1197  1125      994.2847   422     1585.0000      771.0282   348600   51.35%
   1613  1495     1160.5000   288     1585.0000      771.0282   387495   51.35%
*  2564  2312      integral     0     1534.0000      771.0282   467855   49.74%
Found incumbent of value 1534.000000 after 32.46 sec. (14538.62 ticks)
   3274  2851      794.9802   563     1534.0000      771.0282   543356   49.74%
   3391  2527      822.2567   443     1534.0000      780.9645   567602   49.09%
                                                     Cuts: 46                  
   3711  2821      908.8333   288     1534.0000      780.9645   651669   49.09%
   5037  3995      881.8441   490     1534.0000      780.9645   868271   49.09%
   5277  4197      900.8964   555     1534.0000      780.9645   899296   49.09%
                                                     Cuts: 14                  
   5757  4613      986.4000   410     1534.0000      780.9645   952220   49.09%
   6461  5248    infeasible           1534.0000      780.9645  1032921   49.09%
Elapsed time = 48.89 sec. (23699.00 ticks, tree = 22.73 MB, solutions = 19)
   7357  6065      845.9094   515     1534.0000      780.9645  1148558   49.09%
   9529  8035      763.5045   581     1534.0000      807.5695  1399633   47.36%
   9530  8036      774.9619   570     1534.0000      807.5695  1401879   47.36%
   9532  8038      768.7570   586     1534.0000      807.5695  1403514   47.36%
   9537  8042      786.1123   522     1534.0000      807.5695  1406878   47.36%
   9539  8042      821.0213   494     1534.0000      807.5695  1409464   47.36%
   9543  8045      792.5031   493     1534.0000      807.5695  1415746   47.36%
                                                 ZeroHalf: 23                  
*  9545+ 5368                         1533.0000      807.5695  1420797   47.32%
Found incumbent of value 1533.000000 after 93.22 sec. (41039.39 ticks)
   9549  5374      853.6194   445     1533.0000      807.5695  1427567   47.32%
   9559  5375      852.1965   422     1533.0000      807.5695  1439036   47.32%
                                                 ZeroHalf: 11                  
*  9560+ 3592                         1505.0000      807.5695  1440419   46.34%
Found incumbent of value 1505.000000 after 96.79 sec. (42780.05 ticks)
   9566  3598      808.9393   592     1505.0000      807.5695  1450160   46.34%
Elapsed time = 100.95 sec. (46514.05 ticks, tree = 56.41 MB, solutions = 20)
   9596  3621      933.3838   433     1505.0000      807.5695  1474594   46.34%
                                                    Covers: 1                  
*  9612+ 2445                         1502.0000      807.5695  1479068   46.23%
Found incumbent of value 1502.000000 after 103.18 sec. (47390.86 ticks)
   9857  2583      803.5213   532     1502.0000      807.5695  1516638   46.23%
  10233  2796     1010.9698   403     1502.0000      807.5695  1572784   46.23%
  10276  2819      953.9679   335     1502.0000      807.5695  1583685   46.23%
                                                     Cuts: 17                  
  10493  2941      952.0952   405     1502.0000      807.5695  1643862   46.23%
  10965  3218      876.6282   401     1502.0000      807.5695  1755059   46.23%
                                                  ZeroHalf: 3                  
  11152  3310      820.8620   493     1502.0000      807.5695  1799308   46.23%
  11374  3437      937.3750   352     1502.0000      807.5695  1851107   46.23%
  11470  3489      876.6942   464     1502.0000      807.5695  1878498   46.23%
  11851  3694      907.4617   479     1502.0000      807.5695  1939637   46.23%
Elapsed time = 133.17 sec. (56527.84 ticks, tree = 28.41 MB, solutions = 22)
  13273  4476      945.4914   399     1502.0000      807.5695  2122693   46.23%
  13761  4759     1011.6013   354     1502.0000      807.5695  2169353   46.23%
  14631  5211     1241.1667   226     1502.0000      807.5695  2255693   46.23%
  15492  5814      987.9268   343     1502.0000      807.5695  2358889   46.23%
  16076  6367      969.6672   398     1502.0000      807.5695  2433720   46.23%
  17203  7374     1113.1331   386     1502.0000      807.5695  2585550   46.23%
                                                     Cuts: 16                  
  17364  7527      854.3427   397     1502.0000      807.5695  2623957   46.23%
  17588  7744      884.6978   385     1502.0000      807.5695  2664491   46.23%
  17777  7927     1221.7049   436     1502.0000      807.5695  2695821   46.23%
  17939  8087     1305.1304   384     1502.0000      807.5695  2724223   46.23%
Elapsed time = 176.33 sec. (66669.57 ticks, tree = 259.24 MB, solutions = 22)
Nodefile size = 108.84 MB (81.75 MB after compression)
  18097  8243     1364.2941   369     1502.0000      807.5695  2749381   46.23%
  18780  8853     1157.2514   367     1502.0000      807.5695  2835905   46.23%
                                                  ZeroHalf: 9                  
  19222  9283      972.1021   401     1502.0000      807.5695  2892252   46.23%
  19804  9824     1235.5972   424     1502.0000      807.5695  2962838   46.23%
  20700 10662     1272.8090   396     1502.0000      807.5695  3052485   46.23%
  21500 11394     1342.0355   398     1502.0000      807.5695  3143690   46.23%
  22684 12516        cutoff           1502.0000      807.5695  3315832   46.23%
  23382 13184     1000.6859   382     1502.0000      807.5695  3400860   46.23%
  24624 14318      918.7997   412     1502.0000      807.5695  3560213   46.23%
  25533 15167      898.1539   490     1502.0000      807.7488  3658516   46.22%
                                                     Cuts: 23                  
Elapsed time = 211.67 sec. (77754.56 ticks, tree = 1133.09 MB, solutions = 22)
Nodefile size = 980.39 MB (744.41 MB after compression)
  25757 15387      988.8365   369     1502.0000      807.7488  3723521   46.22%
  27063 16613     1058.1903   391     1502.0000      807.7488  3949689   46.22%
  27677 17164      868.4796   452     1502.0000      807.7488  4062997   46.22%
  28285 17736     1117.2626   382     1502.0000      807.7488  4160279   46.22%
  29853 19170      873.6541   464     1502.0000      807.7488  4372466   46.22%
* 29893 19200      integral     0     1476.0000      807.7488  4377276   45.27%
Found incumbent of value 1476.000000 after 231.11 sec. (82753.05 ticks)
  30393 19661     1124.7273   312     1476.0000      807.7488  4440077   45.27%
  31071 20257      887.9883   466     1476.0000      807.7488  4541871   45.27%
  31540 20362      892.8566   436     1476.0000      823.6507  4598729   44.20%
                                                  ZeroHalf: 1                  
  31700 20517      946.1098   402     1476.0000      823.6507  4627470   44.20%
Elapsed time = 244.55 sec. (87301.01 ticks, tree = 1705.06 MB, solutions = 22)
Nodefile size = 1553.07 MB (1166.92 MB after compression)
  31988 20788     1044.2292   271     1476.0000      823.6507  4680688   44.20%
  32340 21122     1246.8824   319     1476.0000      823.6507  4735541   44.20%
  33044 21751     1400.5000   165     1476.0000      823.6507  4836954   44.20%
  33417 22103     1046.5000   339     1476.0000      823.6507  4894524   44.20%
  33855 22508      925.6622   400     1476.0000      823.6507  4948476   44.20%
  34321 22909     1044.9034   357     1476.0000      828.3402  5018690   43.88%
                                                  ZeroHalf: 3                  
  34622 23199     1057.3082   417     1476.0000      828.3402  5077326   43.88%
  35294 23831     1248.3333   208     1476.0000      828.3402  5166518   43.88%
  35859 24342     1250.8676   328     1476.0000      828.3402  5251795   43.88%
  36396 24827      997.6869   409     1476.0000      828.3402  5334702   43.88%
Elapsed time = 281.43 sec. (97420.24 ticks, tree = 1844.30 MB, solutions = 23)
Nodefile size = 1686.59 MB (1262.69 MB after compression)
  36819 25216      946.0679   405     1476.0000      828.3402  5397726   43.88%
  37427 25763     1253.2000   253     1476.0000      828.3402  5478159   43.88%
* 38786 27020      integral     0     1460.0000      828.3402  5645148   43.26%
Found incumbent of value 1460.000000 after 286.99 sec. (99660.78 ticks)
  39889 27685      935.1879   433     1460.0000      836.0559  5792831   42.74%
                                                      Cuts: 4                  
  40401 28164     1240.5625   335     1460.0000      836.0559  5878747   42.74%
  40817 28534      912.2459   414     1460.0000      836.0559  5941071   42.74%
  41073 28730      964.9261   383     1460.0000      836.0559  5987991   42.74%
  41457 29089     1096.0923   315     1460.0000      836.0559  6070455   42.74%
* 41744+29350                         1450.0000      836.0559  6123208   42.34%
Found incumbent of value 1450.000000 after 309.31 sec. (103786.39 ticks)
  42449 29990      877.4813   450     1450.0000      836.0559  6228679   42.34%
  42865 30370     1036.4771   391     1450.0000      836.0559  6299305   42.34%
Elapsed time = 312.75 sec. (108208.47 ticks, tree = 2456.55 MB, solutions = 23)
Nodefile size = 2303.47 MB (1721.85 MB after compression)
  44556 31640      879.9665   454     1450.0000      840.7791  6625127   42.02%
                                                     Cuts: 16                  
  44894 31970     1122.3645   389     1450.0000      840.7791  6704028   42.02%
  45357 32417     1118.2608   394     1450.0000      840.7791  6778106   42.02%
  45862 32878     1254.8917   369     1450.0000      840.7791  6835755   42.02%
  46278 33224      940.3529   444     1450.0000      840.7791  6891163   42.02%
  46694 33605     1118.9062   327     1450.0000      840.7791  6965704   42.02%
  47357 34212     1158.8750   291     1450.0000      840.7791  7073457   42.02%
  48951 35637     1437.6786   230     1450.0000      840.7791  7317724   42.02%
  49055 35723      882.1396   460     1450.0000      844.5333  7332808   41.76%
                                                    Covers: 1                  
  51993 38382     1039.3124   387     1450.0000      844.5333  7809045   41.76%
Elapsed time = 364.05 sec. (121929.50 ticks, tree = 3109.26 MB, solutions = 25)
Nodefile size = 2950.16 MB (2188.31 MB after compression)
  54744 40839     1058.1601   403     1450.0000      849.3772  8203416   41.42%
                                                  ZeroHalf: 5                  
  56637 42566     1056.2384   409     1450.0000      849.3772  8651861   41.42%
  59175 44835     1208.4742   348     1450.0000      852.8286  9085300   41.18%
                                                  ZeroHalf: 2                  
  60839 46337      901.3854   425     1450.0000      852.8286  9347015   41.18%
  64127 49253     1183.0000   266     1450.0000      854.7813  9835003   41.05%
                                                  ZeroHalf: 1                  
  65815 50846     1038.0763   405     1450.0000      854.7813 10137676   41.05%
  69767 54369     1025.6184   317     1450.0000      857.0168 10739867   40.90%
                                                  ZeroHalf: 1                  
  72527 56862     1090.4445   413     1450.0000      857.0168 11178881   40.90%
  75560 59556     1194.4118   355     1450.0000      859.6450 11652957   40.71%
  77315 61124     1084.1216   397     1450.0000      859.6450 11935588   40.71%
Elapsed time = 520.18 sec. (167647.31 ticks, tree = 6018.41 MB, solutions = 25)
Nodefile size = 5875.63 MB (4350.03 MB after compression)
  79468 63033     1022.5347   370     1450.0000      861.2917 12297508   40.60%
  80333 63815     1080.2738   457     1450.0000      861.2917 12499688   40.60%
  83034 66235     1072.1602   485     1450.0000      861.2917 13003447   40.60%
  85460 68429     1009.2188   383     1450.0000      862.6727 13390153   40.51%
  88020 70702     1137.3500   318     1450.0000      862.6727 13809620   40.51%
  91479 73780     1008.9231   350     1450.0000      865.1206 14326211   40.34%
                                                  ZeroHalf: 1                  
  94631 76590     1079.8440   305     1450.0000      865.1206 14816493   40.34%
  96023 77795     1268.7800   376     1450.0000      867.2909 15013646   40.19%
                                                  ZeroHalf: 2                  
  98263 79776     1132.2183   394     1450.0000      867.2909 15372647   40.19%
 101328 82529      938.3186   398     1450.0000      868.6530 15823445   40.09%
Elapsed time = 649.53 sec. (208396.42 ticks, tree = 8478.53 MB, solutions = 25)
Nodefile size = 8339.96 MB (6167.81 MB after compression)
*103421+84368                         1420.0000      868.6530 16142481   38.83%
Found incumbent of value 1420.000000 after 663.29 sec. (209832.62 ticks)
 104181 85043     1298.6667   326     1420.0000      868.6530 16276841   38.83%
 107216 87728     1081.2857   187     1420.0000      868.6530 16740431   38.83%
 108906 86905     1201.4740   322     1420.0000      870.5636 17012514   38.69%
 111596 89290     1253.6966   330     1420.0000      870.5636 17431665   38.69%
 113137 90632     1006.6006   521     1420.0000      871.8020 17695687   38.61%
 115658 92854      981.9503   416     1420.0000      871.8020 18115540   38.61%
 118452 95295      929.6882   403     1420.0000      873.1099 18567996   38.51%
 121163 97701      903.7976   445     1420.0000      873.1099 19031078   38.51%
 123702 99890     1025.5118   382     1420.0000      874.6313 19423409   38.41%
                                                  ZeroHalf: 1                  
 125224 101255     1213.4498   405     1420.0000      874.6313 19703994   38.41%
Elapsed time = 786.19 sec. (249052.26 ticks, tree = 10807.93 MB, solutions = 26)
Nodefile size = 10662.30 MB (7880.02 MB after compression)
 128159 103832     1011.3023   345     1420.0000      874.6313 20195829   38.41%
 129004 104590      965.6374   498     1420.0000      875.9536 20398663   38.31%
                                                  ZeroHalf: 1                  
 131148 106509      989.8160   408     1420.0000      875.9536 20762406   38.31%
*133594+108646                         1416.0000      875.9536 21189539   38.14%
Found incumbent of value 1416.000000 after 820.34 sec. (260447.01 ticks)
 134089 108513     1120.5075   445     1416.0000      877.1974 21287064   38.05%
                                                      Cuts: 2                  
 134825 109157     1378.0000   152     1416.0000      877.1974 21440428   38.05%
 138332 112216     1081.1114   375     1416.0000      877.8031 22197786   38.01%
 140555 114188     1274.7132   247     1416.0000      877.8031 22573826   38.01%
 143770 116998        cutoff           1416.0000      879.4233 23086201   37.89%
 145942 118900     1098.4614   466     1416.0000      879.4233 23433153   37.89%
 148713 121317      930.0341   386     1416.0000      879.4233 23866163   37.89%
Elapsed time = 908.07 sec. (288504.05 ticks, tree = 12615.15 MB, solutions = 27)
Nodefile size = 12446.61 MB (9165.63 MB after compression)
 150371 122769     1145.1136   277     1416.0000      880.7816 24145903   37.80%
 153230 125255     1341.9338   260     1416.0000      880.7816 24627638   37.80%
 155222 126974     1087.2985   397     1416.0000      881.8340 24944046   37.72%
                                                  ZeroHalf: 3                  
 157879 129321      950.4535   379     1416.0000      881.8340 25377662   37.72%
 161448 132449     1079.7806   373     1416.0000      882.7846 25901178   37.66%
 162546 133428     1033.4000   320     1416.0000      882.7846 26155035   37.66%
 164761 135379     1199.2500   232     1416.0000      882.7846 26608149   37.66%
 167578 137871     1326.3158   255     1416.0000      883.5386 27045346   37.60%
 169737 139771     1086.1445   369     1416.0000      883.5386 27392188   37.60%
 172543 142203     1051.4241   377     1416.0000      884.5213 27817233   37.53%
Elapsed time = 1040.50 sec. (328745.70 ticks, tree = 15410.44 MB, solutions = 27)
Nodefile size = 15264.32 MB (11207.48 MB after compression)
 175417 144703     1340.5500   238     1416.0000      884.5213 28282233   37.53%
 177729 146701      951.6814   389     1416.0000      885.7090 28647919   37.45%
 180522 149159      952.4901   446     1416.0000      885.7090 29093294   37.45%
 183373 151637     1347.3542   272     1416.0000      885.7090 29514298   37.45%
 185116 153200     1036.7879   386     1416.0000      886.6335 29856667   37.38%
                                                  ZeroHalf: 1                  
 187580 155337     1144.0533   358     1416.0000      886.6335 30293963   37.38%
 189692 157179     1047.4365   419     1416.0000      887.4448 30641812   37.33%
 192486 159612      989.2039   381     1416.0000      887.4448 31092727   37.33%
 194978 161779      945.4333   353     1416.0000      888.3794 31487211   37.26%
 195302 162081     1108.1667   443     1416.0000      888.3794 31570648   37.26%
Elapsed time = 1178.16 sec. (369412.43 ticks, tree = 17824.61 MB, solutions = 27)
Nodefile size = 17681.25 MB (12954.25 MB after compression)
*195370+162141                         1398.0000      888.3794 31582279   36.45%
Found incumbent of value 1398.000000 after 1179.12 sec. (364028.50 ticks)
 199160 162324      968.8707   490     1398.0000      888.7791 32342490   36.42%
 201432 164284     1133.0634   419     1398.0000      888.7791 32717238   36.42%
 205137 167499    infeasible           1398.0000      890.0563 33308349   36.33%
                                                      Cuts: 3                  
 207304 169389     1066.8749   382     1398.0000      890.0563 33661768   36.33%
 210151 171854     1037.4786   364     1398.0000      890.0563 34124963   36.33%
 212296 173704     1098.9363   367     1398.0000      890.9284 34483931   36.27%
 215109 176201      987.3130   428     1398.0000      890.9284 34922411   36.27%
 216900 177748     1370.1667   253     1398.0000      891.8067 35222672   36.21%
 219300 179825     1274.8333   347     1398.0000      891.8067 35622552   36.21%
 221794 181970      933.0391   403     1398.0000      891.8067 36015322   36.21%
Elapsed time = 1301.83 sec. (409640.50 ticks, tree = 19553.40 MB, solutions = 28)
Nodefile size = 19384.80 MB (14177.15 MB after compression)
 223768 183685     1082.4406   339     1398.0000      892.5065 36343500   36.16%
 226301 185889     1215.6154   282     1398.0000      892.5065 36746795   36.16%
 228369 187672     1051.2813   364     1398.0000      893.3367 37046721   36.10%
                                                    Covers: 1                  
 229891 189019     1278.5556   360     1398.0000      893.3367 37364204   36.10%
 231985 190835      992.8337   396     1398.0000      893.3367 37798013   36.10%
 234499 193022     1214.6667   289     1398.0000      893.8511 38226586   36.06%
                                                      Cuts: 2                  
 237315 195468     1050.2321   348     1398.0000      893.8511 38673666   36.06%
 239436 197299     1016.4767   386     1398.0000      894.7944 39017073   35.99%
                                                      Cuts: 4                  
 241772 199315     1063.5904   414     1398.0000      894.7944 39378701   35.99%
 244419 201584     1042.1552   454     1398.0000      895.4413 39780901   35.95%
                                                  ZeroHalf: 2                  
Elapsed time = 1431.69 sec. (448595.45 ticks, tree = 22298.52 MB, solutions = 28)
Nodefile size = 22153.89 MB (16183.54 MB after compression)
 247427 204246      957.7581   391     1398.0000      895.4413 40237070   35.95%
 250093 206554     1196.4762   177     1398.0000      895.4413 40645088   35.95%
 251905 208125      929.4952   373     1398.0000      896.2565 40927272   35.89%
 254145 210081     1163.3333   363     1398.0000      896.2565 41296305   35.89%
 257207 212702     1008.2297   367     1398.0000      896.9458 41775526   35.84%
                                                  ZeroHalf: 1                  
 259834 214975      976.9271   406     1398.0000      896.9458 42209103   35.84%
 263203 217892     1307.2093   336     1398.0000      896.9458 42721237   35.84%
 263742 218370     1075.2675   383     1398.0000      897.7414 42823825   35.78%
 264675 219183     1055.4231   442     1398.0000      897.7414 43038917   35.78%
 268911 222849     1056.9375   420     1398.0000      898.0682 43906841   35.76%
Elapsed time = 1565.11 sec. (489311.61 ticks, tree = 24550.66 MB, solutions = 28)
Nodefile size = 24399.28 MB (17809.91 MB after compression)
 271582 225132     1349.7446   321     1398.0000      898.0682 44368245   35.76%
 274509 227677      994.1500   358     1398.0000      898.8789 44838792   35.70%
 277819 230520     1230.0833   231     1398.0000      898.8789 45330792   35.70%
 279904 232266      949.3020   438     1398.0000      899.6417 45667285   35.65%
 282816 234782      965.1250   351     1398.0000      899.6417 46129789   35.65%
 285303 236900      923.6345   414     1398.0000      899.6417 46517194   35.65%
 286721 238116     1105.9374   388     1398.0000      900.3199 46747524   35.60%
 290177 241114      927.5568   363     1398.0000      900.3199 47285207   35.60%
 291975 242657      944.5893   387     1398.0000      900.9795 47572567   35.55%
 295147 245392     1140.8654   349     1398.0000      900.9795 48064424   35.55%
Elapsed time = 1703.48 sec. (528569.31 ticks, tree = 27329.64 MB, solutions = 28)
Nodefile size = 27171.53 MB (19813.90 MB after compression)
 298141 247951      934.4764   443     1398.0000      900.9795 48541063   35.55%
 299191 248849      950.6438   362     1398.0000      901.6385 48713340   35.51%
 301668 251012     1023.3161   441     1398.0000      901.6385 49098766   35.51%
 303207 252332     1167.6186   347     1398.0000      902.1114 49361842   35.47%
 305076 253943     1322.7500   335     1398.0000      902.1114 49724019   35.47%
 308291 256701     1216.6875   363     1398.0000      902.5926 50329373   35.44%
 310527 258666     1076.2344   367     1398.0000      902.5926 50696816   35.44%
 312759 260578     1006.1162   389     1398.0000      902.5926 51046002   35.44%
 315975 263278     1277.0375   311     1398.0000      903.1492 51519784   35.40%
 318663 265575     1133.8313   307     1398.0000      903.1492 51949123   35.40%
Elapsed time = 1824.92 sec. (566982.39 ticks, tree = 29307.56 MB, solutions = 28)
Nodefile size = 29147.07 MB (21240.96 MB after compression)
 321016 267558     1001.2491   347     1398.0000      903.8355 52320179   35.35%
 323768 269931     1361.5000   205     1398.0000      903.8355 52763136   35.35%
 326142 271977     1023.2110   367     1398.0000      903.8355 53142608   35.35%
 328664 274127     1031.1098   409     1398.0000      904.3250 53510219   35.31%
 331661 276747      948.8281   403     1398.0000      904.3250 53959196   35.31%
 333315 278097     1277.0075   314     1398.0000      904.8823 54216876   35.27%
 336003 280457     1005.9342   396     1398.0000      904.8823 54630734   35.27%
 338639 282724     1214.3081   386     1398.0000      904.8823 55024375   35.27%
 340776 284529      942.5273   388     1398.0000      905.4828 55362031   35.23%
 342920 286364      977.9313   419     1398.0000      905.4828 55698875   35.23%
Elapsed time = 1956.13 sec. (606001.13 ticks, tree = 32143.76 MB, solutions = 28)
Nodefile size = 31985.52 MB (23300.88 MB after compression)
 344555 287768     1362.2000   263     1398.0000      905.9522 55939313   35.20%
 347435 290268     1321.0513   195     1398.0000      905.9522 56456159   35.20%
 349995 292457     1188.4479   336     1398.0000      906.3077 56945649   35.17%
 351973 294185     1306.5000   224     1398.0000      906.3077 57249118   35.17%
 355229 296975     1217.5000   317     1398.0000      906.3077 57750315   35.17%
 358242 299554      958.2417   380     1398.0000      907.0091 58208633   35.12%
 361470 302350      925.8817   381     1398.0000      907.0091 58689130   35.12%
 363066 303667     1202.3357   354     1398.0000      907.5481 58927755   35.08%
                                                  ZeroHalf: 1                  
 366079 306247     1224.9375   328     1398.0000      907.5481 59373518   35.08%
 368277 308135     1310.5343   253     1398.0000      907.5481 59712841   35.08%
Elapsed time = 2081.14 sec. (644923.03 ticks, tree = 34132.31 MB, solutions = 28)
Nodefile size = 33961.43 MB (24729.14 MB after compression)
 369938 309577     1043.9114   423     1398.0000      908.1208 59959980   35.04%
 373138 312326      980.0754   382     1398.0000      908.1208 60440980   35.04%
 375465 314299     1255.1111   268     1398.0000      908.5778 60807901   35.01%
 378703 317103      994.7013   383     1398.0000      908.5778 61312522   35.01%
 381591 319603     1148.5000   350     1398.0000      908.5778 61731404   35.01%
 383667 321353      980.4545   364     1398.0000      909.0988 62061300   34.97%
 386560 323852     1094.7816   412     1398.0000      909.0988 62511114   34.97%
 388516 325517     1309.6250   290     1398.0000      909.6124 62784404   34.93%
 389228 326147     1292.6250   320     1398.0000      909.6124 62944490   34.93%
 392228 328730     1073.3438   353     1398.0000      909.6124 63548603   34.93%
Elapsed time = 2210.73 sec. (683856.24 ticks, tree = 36995.29 MB, solutions = 28)
Nodefile size = 36850.28 MB (26819.90 MB after compression)
 394430 330637     1251.3000   330     1398.0000      909.7519 63898166   34.92%
 396876 332708     1076.5222   324     1398.0000      909.7519 64289941   34.92%
 399691 335107     1380.3167   304     1398.0000      910.3737 64734558   34.88%
 402539 337546     1150.0000   329     1398.0000      910.3737 65184347   34.88%
 405166 339732      948.2972   400     1398.0000      910.8095 65555179   34.85%
 408334 342490     1013.5832   399     1398.0000      910.8095 66038337   34.85%
 411342 345109     1126.9286   297     1398.0000      910.8095 66472073   34.85%
 413399 346833     1064.8630   368     1398.0000      911.2950 66770029   34.81%
 415575 348727     1042.6745   397     1398.0000      911.2950 67097836   34.81%
 417883 350687     1227.5000   263     1398.0000      911.6875 67420846   34.79%
Elapsed time = 2343.84 sec. (723030.56 ticks, tree = 39865.08 MB, solutions = 28)
Nodefile size = 39720.25 MB (28896.60 MB after compression)
 420667 353070      942.7487   464     1398.0000      911.6875 67841324   34.79%
 423765 355753     1075.6632   370     1398.0000      911.6875 68320228   34.79%
 425681 357409     1250.4000   141     1398.0000      912.0934 68590908   34.76%
 428271 359664      936.0842   366     1398.0000      912.0934 68969140   34.76%
 430012 361157      944.8203   423     1398.0000      912.4294 69224980   34.73%
 432572 363363     1133.4769   354     1398.0000      912.4294 69617371   34.73%
 436054 366364      922.4347   465     1398.0000      912.4294 70153001   34.73%
 437018 367190     1380.9792   313     1398.0000      912.8714 70322837   34.70%
 437825 367879     1106.9121   470     1398.0000      912.8714 70495413   34.70%
 442710 372076      933.3902   404     1398.0000      913.1053 71334934   34.68%
Elapsed time = 2475.72 sec. (762362.24 ticks, tree = 41961.79 MB, solutions = 28)
Nodefile size = 41813.40 MB (30414.23 MB after compression)
 445461 374449     1279.2500   285     1398.0000      913.1053 71741332   34.68%
 448307 376878     1285.0000   361     1398.0000      913.6803 72167006   34.64%
 451539 379661      936.5651   398     1398.0000      913.6803 72650137   34.64%
 454611 382278     1180.5000   230     1398.0000      914.1241 73089079   34.61%
 457523 384809     1226.7903   354     1398.0000      914.1241 73556402   34.61%
 460141 387062     1098.7188   293     1398.0000      914.1241 73935800   34.61%
 462452 389007     1333.0000   243     1398.0000      914.5300 74285313   34.58%
 465140 391330     1314.6667   313     1398.0000      914.5300 74680937   34.58%
 466852 392753     1394.0000   238     1398.0000      914.9792 74952516   34.55%
 469604 395128     1293.4792   269     1398.0000      914.9792 75386549   34.55%
Elapsed time = 2616.34 sec. (802181.30 ticks, tree = 44856.47 MB, solutions = 28)
Nodefile size = 44704.55 MB (32508.90 MB after compression)
 472655 397748     1123.0300   385     1398.0000      914.9792 75848440   34.55%
 474579 399380     1352.3333   233     1398.0000      915.3852 76135984   34.52%
 476755 401231     1057.0229   394     1398.0000      915.3852 76457626   34.52%
 478640 402835     1121.0483   371     1398.0000      915.7113 76758337   34.50%
 481072 404947      996.7217   418     1398.0000      915.7113 77120441   34.50%
 485178 408478     1104.4848   396     1398.0000      916.1167 77718014   34.47%
 487140 410151     1074.5882   404     1398.0000      916.1167 78064857   34.47%
 490284 412888     1282.2083   264     1398.0000      916.1167 78646760   34.47%
 492443 414713     1044.3093   366     1398.0000      916.4792 78991894   34.44%
 495190 417080     1026.9318   374     1398.0000      916.4792 79409176   34.44%
Elapsed time = 2744.83 sec. (842672.73 ticks, tree = 46916.04 MB, solutions = 28)
Nodefile size = 46760.48 MB (33997.76 MB after compression)
 498210 419671      976.0076   391     1398.0000      916.8787 79856598   34.41%
                                                  Impl Bds: 2                  
 501475 422520     1161.4202   351     1398.0000      916.8787 80336076   34.41%
 503360 424094     1239.2500   277     1398.0000      917.1952 80603522   34.39%
                                                  Impl Bds: 4                  
 506208 426543     1382.5000   115     1398.0000      917.1952 81046498   34.39%
 509033 428990     1068.9918   378     1398.0000      917.1952 81452571   34.39%
 511524 431105     1024.8881   365     1398.0000      917.5511 81828208   34.37%
                                                  Impl Bds: 2                  
 514372 433576      979.7346   396     1398.0000      917.5511 82230274   34.37%
 516585 435465     1120.3333   307     1398.0000      917.9810 82539304   34.34%
 518761 437359      994.0144   386     1398.0000      917.9810 82903482   34.34%
 520647 438963     1038.1046   407     1398.0000      917.9810 83179182   34.34%
Elapsed time = 2876.17 sec. (881217.24 ticks, tree = 49844.23 MB, solutions = 28)
Nodefile size = 49689.50 MB (36117.46 MB after compression)
 523471 441370     1035.7000   385     1398.0000      918.3089 83589634   34.31%
 526460 443956     1172.6685   374     1398.0000      918.3089 84015773   34.31%
 528266 445496     1249.2000   288     1398.0000      918.6250 84280441   34.29%
 530506 447425     1380.6852   176     1398.0000      918.6250 84611152   34.29%
 534643 450993     1315.6208   295     1398.0000      918.9985 85211970   34.26%
                                                    Covers: 1                  
 537208 453207     1025.5176   301     1398.0000      918.9985 85708376   34.26%
 540112 455710      964.7237   400     1398.0000      918.9985 86200719   34.26%
 542262 457533     1220.7500   272     1398.0000      919.3080 86538708   34.24%
 545238 460109      935.9713   352     1398.0000      919.3080 86980682   34.24%
 547610 462126      965.0939   401     1398.0000      919.5829 87329128   34.22%
Elapsed time = 3015.26 sec. (921210.16 ticks, tree = 52589.14 MB, solutions = 28)
Nodefile size = 52449.20 MB (38110.20 MB after compression)
 550874 464924     1002.7965   365     1398.0000      919.5829 87810165   34.22%
 552635 466408     1246.6111   327     1398.0000      919.9725 88075876   34.19%
 555419 468812      960.5910   366     1398.0000      919.9725 88476393   34.19%
 559254 472123        cutoff           1398.0000      920.3529 89046726   34.17%
 561651 474173     1085.4916   375     1398.0000      920.3529 89420775   34.17%
 564165 476307     1003.9706   361     1398.0000      920.3529 89792590   34.17%
 565767 477683     1013.1680   349     1398.0000      920.6444 90106604   34.15%
 568031 479616     1004.6422   389     1398.0000      920.6444 90509811   34.15%
 571103 482235     1276.1667   330     1398.0000      920.9225 91055471   34.13%
 573489 484276     1382.9902   333     1398.0000      920.9225 91408330   34.13%
Elapsed time = 3140.08 sec. (961773.63 ticks, tree = 54513.66 MB, solutions = 28)
Nodefile size = 54362.70 MB (39478.50 MB after compression)
 576428 486753     1378.2448   327     1398.0000      921.2762 91846623   34.10%
 579148 489076     1055.0367   414     1398.0000      921.2762 92264352   34.10%
 581532 491115      949.9665   425     1398.0000      921.2762 92607498   34.10%
 583537 492856     1066.5000   303     1398.0000      921.5320 92897540   34.08%
                                                  ZeroHalf: 1                  
 586513 495381     1286.1686   294     1398.0000      921.5320 93346532   34.08%
 588753 497290      974.5000   388     1398.0000      921.8490 93667167   34.06%
 591561 499701     1091.6056   386     1398.0000      921.8490 94178496   34.06%
 594411 502129     1157.5484   352     1398.0000      922.1688 94664333   34.04%
                                                  Impl Bds: 3                  
 597374 504685      961.0924   414     1398.0000      922.1688 95092605   34.04%
 600845 507662        cutoff           1398.0000      922.1688 95603087   34.04%
Elapsed time = 3269.06 sec. (1000493.93 ticks, tree = 56695.57 MB, solutions = 28)
Nodefile size = 56537.05 MB (41026.78 MB after compression)
 602451 509054     1052.0937   420     1398.0000      922.5130 95838891   34.01%
                                                      Cuts: 7                  
 604435 510722     1189.6667   302     1398.0000      922.5130 96149268   34.01%
 606487 512510     1172.3409   340     1398.0000      922.7596 96448313   33.99%
                                                  Impl Bds: 1                  
 609335 514949     1374.0000   314     1398.0000      922.7596 96882934   33.99%
 612624 517739     1009.3297   345     1398.0000      923.0715 97376730   33.97%
                                                    Covers: 2                  
 613480 518483     1042.4671   435     1398.0000      923.0715 97565688   33.97%
 616908 521422     1130.9074   382     1398.0000      923.0715 98223909   33.97%
 619234 523402      970.3579   412     1398.0000      923.2487 98591897   33.96%
                                                    Covers: 1                  
 621922 525704     1011.6135   399     1398.0000      923.2487 98981830   33.96%
 625297 528582     1126.4659   380     1398.0000      923.6429 99471929   33.93%
Elapsed time = 3407.32 sec. (1040591.47 ticks, tree = 59454.41 MB, solutions = 28)
Nodefile size = 59314.23 MB (43005.40 MB after compression)
 628305 531158     1157.6667   346     1398.0000      923.6429 99907610   33.93%
 630314 532861     1116.3828   328     1398.0000      923.9838 1.00e+08   33.91%
                                                    Covers: 1                  
 633418 535560     1376.2500   239     1398.0000      923.9838 1.01e+08   33.91%
 636971 538642     1268.3667   195     1398.0000      923.9838 1.01e+08   33.91%
 638941 540315     1176.6517   353     1398.0000      924.2555 1.01e+08   33.89%
                                                    Covers: 1                  
 642127 543057     1024.7558   310     1398.0000      924.2555 1.02e+08   33.89%
 643628 544316     1229.5000   289     1398.0000      924.5720 1.02e+08   33.86%
 645681 546075     1062.2064   348     1398.0000      924.5720 1.03e+08   33.86%
 647620 547736     1358.6667   245     1398.0000      924.5720 1.03e+08   33.86%
 650049 549835     1109.2500   228     1398.0000      924.8416 1.03e+08   33.85%
                                                      Cuts: 3                  
Elapsed time = 3530.52 sec. (1079143.34 ticks, tree = 61819.48 MB, solutions = 28)
Nodefile size = 61676.21 MB (44692.51 MB after compression)
 652806 552172     1209.8333   261     1398.0000      924.8416 1.04e+08   33.85%
 655153 554170     1017.2500   341     1398.0000      925.1511 1.04e+08   33.82%
                                                    Covers: 1                  
 658238 556797     1007.1965   392     1398.0000      925.1511 1.04e+08   33.82%
 660681 558880      980.3926   361     1398.0000      925.3952 1.05e+08   33.81%
 661262 559390     1159.7500   418     1398.0000      925.3952 1.05e+08   33.81%
 666196 563579     1131.5599   375     1398.0000      925.5121 1.06e+08   33.80%
 668861 565885        cutoff           1398.0000      925.5121 1.06e+08   33.80%
 672655 569106     1159.7778   253     1398.0000      925.9364 1.07e+08   33.77%
 675196 571292     1171.1875   326     1398.0000      925.9364 1.07e+08   33.77%
 677253 573047     1141.8426   347     1398.0000      925.9364 1.07e+08   33.77%
Elapsed time = 3662.64 sec. (1120369.74 ticks, tree = 64029.70 MB, solutions = 28)
Nodefile size = 63873.09 MB (46261.11 MB after compression)
 679390 574875     1115.3698   385     1398.0000      926.1807 1.08e+08   33.75%
 682366 577452     1032.8984   388     1398.0000      926.1807 1.08e+08   33.75%
 684227 579018     1061.4831   375     1398.0000      926.4813 1.08e+08   33.73%
                                                  ZeroHalf: 1                  
 686851 581235      969.0259   357     1398.0000      926.4813 1.09e+08   33.73%
 690589 584397     1289.6667   177     1398.0000      926.7601 1.09e+08   33.71%
                                                  Impl Bds: 4                  
 691823 585475     1222.6077   374     1398.0000      926.7601 1.10e+08   33.71%
 695012 588208      960.0018   387     1398.0000      926.7601 1.10e+08   33.71%
 697738 590550     1302.7500   277     1398.0000      926.9496 1.11e+08   33.69%
 700458 592850     1038.3859   412     1398.0000      926.9496 1.11e+08   33.69%
 703593 595529     1058.2663   378     1398.0000      927.3193 1.12e+08   33.67%
Elapsed time = 3799.86 sec. (1160230.31 ticks, tree = 66727.11 MB, solutions = 28)
Nodefile size = 66588.45 MB (48197.84 MB after compression)
 706377 597927        cutoff           1398.0000      927.3193 1.12e+08   33.67%
 708810 599979     1246.7500   232     1398.0000      927.6134 1.12e+08   33.65%
 711308 602090      997.1958   381     1398.0000      927.6134 1.13e+08   33.65%
 713205 603689      964.1895   419     1398.0000      927.6134 1.13e+08   33.65%
 715512 605684     1285.0833   256     1398.0000      927.8335 1.13e+08   33.63%
 718635 608357     1260.5517   290     1398.0000      927.8335 1.14e+08   33.63%
 720066 609587     1151.5000   331     1398.0000      928.0960 1.14e+08   33.61%
 722795 611916     1113.8750   438     1398.0000      928.0960 1.15e+08   33.61%
 725582 614304     1322.3333   266     1398.0000      928.3031 1.15e+08   33.60%
 728176 616522     1298.9524   137     1398.0000      928.3031 1.15e+08   33.60%
Elapsed time = 3927.77 sec. (1198696.30 ticks, tree = 68752.87 MB, solutions = 28)
Nodefile size = 68608.78 MB (49638.52 MB after compression)
 731971 619743     1054.7262   388     1398.0000      928.5973 1.16e+08   33.58%
                                                      Cuts: 2                  
 735811 623050     1099.3750   292     1398.0000      928.5973 1.16e+08   33.58%
 738674 625512     1043.0130   374     1398.0000      928.5973 1.17e+08   33.58%
 741223 627711     1269.1667   248     1398.0000      928.8509 1.17e+08   33.56%
                                                    Covers: 1                  
 744071 630149      989.3280   381     1398.0000      928.8509 1.18e+08   33.56%
 745433 631307     1019.2926   436     1398.0000      929.1483 1.18e+08   33.54%
                                                  Impl Bds: 4                  
 747833 633365     1123.0568   383     1398.0000      929.1483 1.18e+08   33.54%
 750548 635663     1027.4771   419     1398.0000      929.1483 1.19e+08   33.54%
 751987 636884     1353.2500   276     1398.0000      929.4509 1.19e+08   33.52%
 754391 638954     1008.8255   486     1398.0000      929.4509 1.19e+08   33.52%
Elapsed time = 4066.06 sec. (1239279.89 ticks, tree = 71557.90 MB, solutions = 28)
Nodefile size = 71423.49 MB (51640.71 MB after compression)
 756509 640721     1175.2384   286     1398.0000      929.5948 1.20e+08   33.51%
 758813 642679     1359.7500   297     1398.0000      929.5948 1.20e+08   33.51%
 762399 645775     1358.3333   193     1398.0000      929.8128 1.21e+08   33.49%
                                                  ZeroHalf: 1                  
 765311 648268     1111.6875   328     1398.0000      929.8128 1.21e+08   33.49%
 768376 650839     1017.0234   402     1398.0000      930.0929 1.21e+08   33.47%
                                                    Covers: 1                  
 771064 653130     1014.1209   366     1398.0000      930.0929 1.22e+08   33.47%
 773908 655573     1062.3949   414     1398.0000      930.0929 1.22e+08   33.47%
 775295 656739     1140.9619   487     1398.0000      930.3510 1.22e+08   33.45%
 775455 656873     1240.5429   395     1398.0000      930.3510 1.23e+08   33.45%
 781597 662077     1170.0455   342     1398.0000      930.3932 1.24e+08   33.45%
Elapsed time = 4195.94 sec. (1279647.93 ticks, tree = 73747.11 MB, solutions = 28)
Nodefile size = 73606.90 MB (53183.24 MB after compression)
 784216 664323     1148.3500   283     1398.0000      930.3932 1.24e+08   33.45%
 786801 666531        cutoff           1398.0000      930.8367 1.24e+08   33.42%
 788689 668118     1000.8683   413     1398.0000      930.8367 1.25e+08   33.42%
 790863 669981     1329.9333   214     1398.0000      931.0110 1.25e+08   33.40%
 793775 672484      964.2634   404     1398.0000      931.0110 1.25e+08   33.40%
 797489 675653     1035.0256   390     1398.0000      931.0110 1.26e+08   33.40%
 799294 677206      969.7619   448     1398.0000      931.2555 1.26e+08   33.39%
 802462 679916     1085.8548   352     1398.0000      931.2555 1.27e+08   33.39%
 804374 681564      962.5873   409     1398.0000      931.5267 1.27e+08   33.37%
 805308 682374     1265.5000   253     1398.0000      931.5267 1.27e+08   33.37%
Elapsed time = 4330.12 sec. (1319053.21 ticks, tree = 76436.95 MB, solutions = 28)
Nodefile size = 76302.74 MB (55099.03 MB after compression)
 809271 685750     1174.2812   465     1398.0000      931.6190 1.28e+08   33.36%
 811818 687936     1368.6667   269     1398.0000      931.6190 1.28e+08   33.36%
 815915 691410     1141.0357   276     1398.0000      931.9587 1.29e+08   33.34%
 819531 694504     1009.0528   386     1398.0000      931.9587 1.29e+08   33.34%
 822329 696912     1042.5962   366     1398.0000      931.9587 1.30e+08   33.34%
 823953 698306      944.7329   430     1398.0000      932.2257 1.30e+08   33.32%
 826161 700204     1039.7690   366     1398.0000      932.2257 1.30e+08   33.32%
 828274 701983     1051.1188   403     1398.0000      932.3883 1.31e+08   33.31%
 831127 704431     1123.4310   387     1398.0000      932.3883 1.31e+08   33.31%
 834274 707102     1312.5000   285     1398.0000      932.6000 1.32e+08   33.29%
                                                  ZeroHalf: 1                  
Elapsed time = 4467.97 sec. (1360577.05 ticks, tree = 79233.50 MB, solutions = 28)
Nodefile size = 79100.16 MB (57081.58 MB after compression)
 836559 709062     1122.4145   394     1398.0000      932.6000 1.32e+08   33.29%
 839543 711589     1053.7488   405     1398.0000      932.6000 1.33e+08   33.29%
 841879 713568     1167.7446   356     1398.0000      932.8356 1.33e+08   33.27%
 844422 715721     1323.6667   248     1398.0000      932.8356 1.33e+08   33.27%
 846919 717825     1141.4533   397     1398.0000      933.0451 1.34e+08   33.26%
                                                    Covers: 1                  
 849543 720043      982.6414   357     1398.0000      933.0451 1.34e+08   33.26%
 852361 722416     1126.0000   330     1398.0000      933.2745 1.34e+08   33.24%
 854537 724302      949.4167   360     1398.0000      933.2745 1.35e+08   33.24%
 857150 726494     1019.2000   330     1398.0000      933.2745 1.35e+08   33.24%
 858706 727841     1274.3095   299     1398.0000      933.5000 1.35e+08   33.23%
Elapsed time = 4599.46 sec. (1399165.06 ticks, tree = 81239.77 MB, solutions = 28)
Nodefile size = 81105.22 MB (58498.91 MB after compression)
 861202 729978     1145.4000   280     1398.0000      933.5000 1.36e+08   33.23%
 863983 732336     1265.4048   404     1398.0000      933.6824 1.36e+08   33.21%
 866813 734735     1008.5506   374     1398.0000      933.6824 1.37e+08   33.21%
 869435 736960     1301.6458   202     1398.0000      933.8798 1.37e+08   33.20%
 872539 739604      989.5879   413     1398.0000      933.8798 1.38e+08   33.20%
 875175 741810     1065.2292   371     1398.0000      934.1177 1.38e+08   33.18%
 878151 744342     1133.4519   335     1398.0000      934.1177 1.39e+08   33.18%
 881287 747005     1177.1667   168     1398.0000      934.1177 1.39e+08   33.18%
 882611 748143     1220.8667   408     1398.0000      934.3212 1.39e+08   33.17%
 882803 748318     1389.6923   397     1398.0000      934.3212 1.39e+08   33.17%
Elapsed time = 4722.71 sec. (1439305.34 ticks, tree = 83333.36 MB, solutions = 28)
Nodefile size = 83199.66 MB (59979.10 MB after compression)
 887914 752632     1098.5476   337     1398.0000      934.3838 1.40e+08   33.16%
 890506 754820      976.4179   396     1398.0000      934.3838 1.41e+08   33.16%
 893468 757361     1005.7256   389     1398.0000      934.6950 1.41e+08   33.14%
 895228 758850     1198.6946   338     1398.0000      934.6950 1.41e+08   33.14%
 898361 761484     1345.9000   216     1398.0000      934.8913 1.42e+08   33.13%
 900825 763576     1245.7500   245     1398.0000      934.8913 1.42e+08   33.13%
 903379 765711     1185.9583   357     1398.0000      934.8913 1.42e+08   33.13%
 905981 767950     1118.6528   367     1398.0000      935.0821 1.43e+08   33.11%
 908445 770047     1153.5748   399     1398.0000      935.0821 1.43e+08   33.11%
 910843 772062     1264.5737   271     1398.0000      935.3027 1.44e+08   33.10%
Elapsed time = 4864.51 sec. (1478759.84 ticks, tree = 85993.98 MB, solutions = 28)
Nodefile size = 85859.95 MB (61858.93 MB after compression)
 914203 774922      972.4521   432     1398.0000      935.3027 1.44e+08   33.10%
 917013 777296     1055.7787   421     1398.0000      935.5196 1.45e+08   33.08%
 918816 778838     1157.7855   323     1398.0000      935.5196 1.45e+08   33.08%
 922098 781595     1104.2500   287     1398.0000      935.7143 1.46e+08   33.07%
 924435 783623     1247.0000   224     1398.0000      935.7143 1.46e+08   33.07%
 927315 786058     1069.2900   328     1398.0000      935.7143 1.46e+08   33.07%
 930107 788393     1147.2653   361     1398.0000      935.9117 1.47e+08   33.05%
 932891 790730     1176.8177   395     1398.0000      935.9117 1.47e+08   33.05%
 934975 792498     1049.6210   340     1398.0000      936.1161 1.47e+08   33.04%
 937388 794532     1187.1667   324     1398.0000      936.1161 1.48e+08   33.04%
Elapsed time = 4998.12 sec. (1518643.23 ticks, tree = 88087.32 MB, solutions = 28)
Nodefile size = 87946.15 MB (63334.64 MB after compression)
 939645 796429     1128.3935   291     1398.0000      936.2949 1.48e+08   33.03%
 940896 797505      974.4655   415     1398.0000      936.2949 1.48e+08   33.03%
 944726 800724     1134.6849   384     1398.0000      936.4568 1.49e+08   33.01%
 947171 802798     1305.4307   244     1398.0000      936.4568 1.50e+08   33.01%
 949903 805095     1345.5556   324     1398.0000      936.4568 1.50e+08   33.01%
 952752 807498     1189.5000   215     1398.0000      936.6784 1.50e+08   33.00%
 956187 810436     1123.2143   269     1398.0000      936.6784 1.51e+08   33.00%
 957759 811770     1349.8750   295     1398.0000      936.8731 1.51e+08   32.98%
 960735 814259     1214.5000   223     1398.0000      936.8731 1.52e+08   32.98%
 964409 817413     1282.9333   179     1398.0000      937.1036 1.52e+08   32.97%
Elapsed time = 5134.38 sec. (1560108.85 ticks, tree = 90769.02 MB, solutions = 28)
Nodefile size = 90636.83 MB (65229.87 MB after compression)
 965483 818337     1167.8750   314     1398.0000      937.1036 1.52e+08   32.97%
 968672 821036     1383.3158   227     1398.0000      937.1036 1.53e+08   32.97%
 970940 822952     1011.3509   287     1398.0000      937.2095 1.53e+08   32.96%
 974092 825647     1223.3490   381     1398.0000      937.2095 1.54e+08   32.96%
 976470 827661     1276.1250   270     1398.0000      937.4431 1.54e+08   32.94%
 979030 829836     1213.7500   408     1398.0000      937.4431 1.54e+08   32.94%
 980909 831414     1165.3036   351     1398.0000      937.6551 1.55e+08   32.93%
 984108 834152     1019.5580   397     1398.0000      937.6551 1.55e+08   32.93%
 987097 836676     1312.2000   285     1398.0000      937.8441 1.56e+08   32.92%
 987608 837135     1260.4630   385     1398.0000      937.8441 1.56e+08   32.92%
Elapsed time = 5269.64 sec. (1600013.61 ticks, tree = 92768.80 MB, solutions = 28)
Nodefile size = 92636.83 MB (66637.68 MB after compression)
 992207 841016      988.4248   421     1398.0000      937.8441 1.57e+08   32.92%
 994612 843075     1269.9242   310     1398.0000      937.9801 1.57e+08   32.91%
 997109 845196     1230.6250   179     1398.0000      937.9801 1.57e+08   32.91%
 1000144 847734     1201.2500   303     1398.0000      938.2165 1.58e+08   32.89%
 1002253 849527      991.2210   416     1398.0000      938.2165 1.58e+08   32.89%
 1003763 850821     1102.9248   427     1398.0000      938.4418 1.58e+08   32.87%
 1006451 853105     1323.0500   198     1398.0000      938.4418 1.59e+08   32.87%
 1010298 856377     1149.2069   376     1398.0000      938.6476 1.59e+08   32.86%
 1013562 859153     1080.9119   390     1398.0000      938.6476 1.60e+08   32.86%
 1016988 862033     1191.2750   356     1398.0000      938.8486 1.60e+08   32.84%
Elapsed time = 5405.34 sec. (1641911.48 ticks, tree = 95492.26 MB, solutions = 28)
Nodefile size = 95360.18 MB (68555.87 MB after compression)
 1017388 862415     1157.1917   500     1398.0000      938.8486 1.60e+08   32.84%
 1021440 865807     1215.0000   384     1398.0000      938.8870 1.61e+08   32.84%
 1023088 867208     1099.0473   392     1398.0000      938.8870 1.61e+08   32.84%
 1027818 871185     1005.2857   344     1398.0000      939.2221 1.62e+08   32.82%
 1031114 874013     1069.8241   427     1398.0000      939.2221 1.63e+08   32.82%
 1034081 876499      979.9000   388     1398.0000      939.2221 1.63e+08   32.82%
 1035041 877291     1048.5206   393     1398.0000      939.3898 1.63e+08   32.80%
 1037249 879181     1104.8049   340     1398.0000      939.3898 1.64e+08   32.80%
 1040256 881738     1163.3876   361     1398.0000      939.5833 1.64e+08   32.79%
 1042467 883582     1047.4800   374     1398.0000      939.5833 1.64e+08   32.79%
Elapsed time = 5544.34 sec. (1682401.22 ticks, tree = 97521.88 MB, solutions = 28)
Nodefile size = 97388.66 MB (69978.58 MB after compression)
 1045130 885813     1047.0961   372     1398.0000      939.7407 1.65e+08   32.78%
 1047865 888122     1237.0732   357     1398.0000      939.7407 1.65e+08   32.78%
 1051209 890951     1071.6786   285     1398.0000      939.9500 1.66e+08   32.76%
 1053705 893047     1052.7879   313     1398.0000      939.9500 1.66e+08   32.76%
 1057011 895834     1333.6667   219     1398.0000      940.1107 1.67e+08   32.75%
 1059599 898014      998.1114   372     1398.0000      940.1107 1.67e+08   32.75%
 1063450 901297      974.2759   358     1398.0000      940.1107 1.68e+08   32.75%
 1064776 902436     1009.9357   373     1398.0000      940.3104 1.68e+08   32.74%
 1065065 902677     1206.8359   352     1398.0000      940.3104 1.68e+08   32.74%
 1069905 906761     1354.7059   161     1398.0000      940.4045 1.69e+08   32.73%
Elapsed time = 5676.82 sec. (1723900.95 ticks, tree = 99573.20 MB, solutions = 28)
Nodefile size = 99436.94 MB (71417.12 MB after compression)
 1072608 909022     1332.8333   109     1398.0000      940.4045 1.69e+08   32.73%
 1075232 911215     1057.3241   396     1398.0000      940.6181 1.70e+08   32.72%
 1077856 913453      997.8792   366     1398.0000      940.6181 1.70e+08   32.72%
 1080550 915713     1006.5508   424     1398.0000      940.8356 1.70e+08   32.70%
 1083329 918044     1091.2812   324     1398.0000      940.8356 1.71e+08   32.70%
 1086851 921009     1051.4893   381     1398.0000      940.8356 1.71e+08   32.70%
 1088247 922203     1364.5000   300     1398.0000      941.0018 1.72e+08   32.69%
 1090034 923708     1117.6952   453     1398.0000      941.0018 1.72e+08   32.69%
 1093142 926339     1094.8789   365     1398.0000      941.1825 1.73e+08   32.68%
 1095190 928116     1308.1111   203     1398.0000      941.1825 1.73e+08   32.68%
Elapsed time = 5805.67 sec. (1763741.72 ticks, tree = 101558.55 MB, solutions = 28)
Nodefile size = 101416.40 MB (72803.98 MB after compression)
 1098160 930604      969.6987   431     1398.0000      941.3333 1.73e+08   32.67%
 1100752 932780     1302.0000   318     1398.0000      941.3333 1.74e+08   32.67%
 1104285 935764     1006.5276   391     1398.0000      941.5360 1.74e+08   32.65%
 1106749 937869     1036.0500   331     1398.0000      941.5360 1.75e+08   32.65%
 1109755 940403     1112.4202   370     1398.0000      941.5360 1.75e+08   32.65%
 1112056 942328      981.8062   415     1398.0000      941.6853 1.75e+08   32.64%
 1114082 944049     1001.0712   434     1398.0000      941.6853 1.76e+08   32.64%
 1116052 945726     1220.0000   391     1398.0000      941.8356 1.76e+08   32.63%
 1118214 947516     1366.5000   235     1398.0000      941.8356 1.76e+08   32.63%
 1121730 950456     1087.1118   334     1398.0000      941.9619 1.77e+08   32.62%
Elapsed time = 5943.52 sec. (1804968.55 ticks, tree = 103996.99 MB, solutions = 28)
Nodefile size = 103860.93 MB (74521.38 MB after compression)
 1124504 952836     1151.5460   344     1398.0000      941.9619 1.78e+08   32.62%
 1127370 955234     1063.2581   345     1398.0000      942.1859 1.78e+08   32.60%
 1130314 957757     1052.9960   432     1398.0000      942.1859 1.78e+08   32.60%
 1133877 960738      965.0392   302     1398.0000      942.3765 1.79e+08   32.59%
                                                    Covers: 1                  
 1136533 962997     1009.6617   325     1398.0000      942.3765 1.79e+08   32.59%
 1138860 964961     1101.5385   348     1398.0000      942.3765 1.80e+08   32.59%
 1141244 967015     1009.3372   389     1398.0000      942.5100 1.80e+08   32.58%
 1143384 968845     1158.3214   330     1398.0000      942.5100 1.80e+08   32.58%
 1146308 971312     1084.5350   365     1398.0000      942.6827 1.81e+08   32.57%
 1148310 973025     1040.5644   370     1398.0000      942.6827 1.81e+08   32.57%
Elapsed time = 6077.51 sec. (1845115.24 ticks, tree = 106098.01 MB, solutions = 28)
Nodefile size = 105955.47 MB (75991.80 MB after compression)
 1150896 975201     1036.8737   413     1398.0000      942.8433 1.82e+08   32.56%
 1153296 977238     1020.1224   384     1398.0000      942.8433 1.82e+08   32.56%
 1157397 980683     1368.0000   174     1398.0000      943.0178 1.82e+08   32.55%
 1161034 983757     1151.5873   371     1398.0000      943.0178 1.83e+08   32.55%
 1163815 986097     1039.7107   345     1398.0000      943.0178 1.83e+08   32.55%
 1165377 987410     1153.4167   313     1398.0000      943.1833 1.84e+08   32.53%
 1168215 989793     1102.5229   337     1398.0000      943.1833 1.84e+08   32.53%
 1170294 991534     1376.4902   180     1398.0000      943.2708 1.85e+08   32.53%
 1172630 993492     1005.8968   358     1398.0000      943.2708 1.85e+08   32.53%
 1175499 995899     1031.7844   394     1398.0000      943.4932 1.85e+08   32.51%
Elapsed time = 6214.69 sec. (1885463.73 ticks, tree = 108797.89 MB, solutions = 28)
Nodefile size = 108664.69 MB (77897.34 MB after compression)
 1177963 997993     1311.7000   244     1398.0000      943.4932 1.86e+08   32.51%
 1180417 1000093     1118.3036   350     1398.0000      943.6399 1.86e+08   32.50%
 1184031 1003174     1114.4165   346     1398.0000      943.6399 1.87e+08   32.50%
 1187041 1005720     1048.9460   422     1398.0000      943.6399 1.87e+08   32.50%
 1188535 1006991     1068.9904   434     1398.0000      943.8454 1.87e+08   32.49%
                                                  Impl Bds: 1                  
 1191511 1009489     1212.5401   396     1398.0000      943.8454 1.88e+08   32.49%
 1193853 1011429     1260.5897   345     1398.0000      944.0088 1.88e+08   32.47%
 1195525 1012820     1216.6667   334     1398.0000      944.0088 1.88e+08   32.47%
 1198921 1015690     1076.7813   389     1398.0000      944.1104 1.89e+08   32.47%
 1201293 1017699     1108.3541   439     1398.0000      944.1104 1.89e+08   32.47%
Elapsed time = 6346.66 sec. (1924814.51 ticks, tree = 110802.63 MB, solutions = 28)
Nodefile size = 110662.40 MB (79299.71 MB after compression)
 1205496 1021205     1319.3333   193     1398.0000      944.3456 1.90e+08   32.45%
 1207855 1023203     1218.5038   271     1398.0000      944.3456 1.90e+08   32.45%
 1210407 1025359     1042.3194   356     1398.0000      944.3456 1.91e+08   32.45%
 1212693 1027304     1083.9753   352     1398.0000      944.4981 1.91e+08   32.44%
                                                  Impl Bds: 3                  
 1215682 1029828     1278.3339   309     1398.0000      944.4981 1.92e+08   32.44%
 1217616 1031451     1009.7935   412     1398.0000      944.6396 1.92e+08   32.43%
                                                      Cuts: 5                  
 1220198 1033675     1257.6974   271     1398.0000      944.6396 1.92e+08   32.43%
 1222900 1035951     1084.6852   359     1398.0000      944.7603 1.93e+08   32.42%
 1225146 1037829     1145.1088   327     1398.0000      944.7603 1.93e+08   32.42%
 1228439 1040584     1284.2604   356     1398.0000      944.9167 1.94e+08   32.41%
Elapsed time = 6484.00 sec. (1966216.11 ticks, tree = 113440.48 MB, solutions = 28)
Nodefile size = 113309.04 MB (81158.43 MB after compression)
 1231735 1043378     1097.2000   284     1398.0000      944.9167 1.94e+08   32.41%
 1234997 1046112     1208.5000   238     1398.0000      944.9167 1.95e+08   32.41%
 1236778 1047589     1011.4769   299     1398.0000      945.0833 1.95e+08   32.40%
                                                  ZeroHalf: 1                  
 1239203 1049615     1232.4248   368     1398.0000      945.0833 1.95e+08   32.40%
 1240533 1050759     1201.5990   358     1398.0000      945.2353 1.95e+08   32.39%
 1243285 1053070     1027.4722   404     1398.0000      945.2353 1.96e+08   32.39%
 1246707 1055943     1373.2333   236     1398.0000      945.4167 1.96e+08   32.37%
 1249178 1058045     1230.8333   327     1398.0000      945.4167 1.97e+08   32.37%
 1251768 1060201     1059.5000   359     1398.0000      945.4167 1.97e+08   32.37%
 1253964 1062049     1137.7064   395     1398.0000      945.5107 1.98e+08   32.37%
Elapsed time = 6615.47 sec. (2005907.49 ticks, tree = 115425.43 MB, solutions = 28)
Nodefile size = 115286.37 MB (82546.10 MB after compression)
 1256210 1063959     1158.6500   357     1398.0000      945.5107 1.98e+08   32.37%
 1259527 1066751     1025.5409   333     1398.0000      945.7091 1.98e+08   32.35%
 1263079 1069780     1194.7500   243     1398.0000      945.7091 1.99e+08   32.35%
 1264960 1071350     1232.2917   256     1398.0000      945.8730 1.99e+08   32.34%
 1266816 1072937      992.7810   346     1398.0000      945.8730 2.00e+08   32.34%
 1269280 1075019     1135.9875   368     1398.0000      945.9950 2.00e+08   32.33%
 1270783 1076313     1178.4978   343     1398.0000      945.9950 2.00e+08   32.33%
 1275580 1080382     1394.0000   225     1398.0000      945.9950 2.01e+08   32.33%
 1276217 1080926     1117.6000   276     1398.0000      946.1316 2.01e+08   32.32%
 1278873 1083195        cutoff           1398.0000      946.1316 2.01e+08   32.32%
Elapsed time = 6748.14 sec. (2044979.50 ticks, tree = 117791.41 MB, solutions = 28)
Nodefile size = 117660.31 MB (84215.29 MB after compression)
 1282422 1086164      959.5292   402     1398.0000      946.2319 2.02e+08   32.32%
 1284983 1088323     1066.2019   409     1398.0000      946.2319 2.03e+08   32.32%
 1287975 1090834     1127.5833   275     1398.0000      946.4000 2.03e+08   32.30%
 1291303 1093662     1149.6146   344     1398.0000      946.4000 2.03e+08   32.30%
 1294002 1095951     1309.3333   284     1398.0000      946.4000 2.04e+08   32.30%
 1295622 1097289     1062.8889   336     1398.0000      946.5657 2.04e+08   32.29%
 1298150 1099373     1017.6329   428     1398.0000      946.5657 2.04e+08   32.29%
 1300388 1101281     1013.6034   412     1398.0000      946.7146 2.05e+08   32.28%
 1302664 1103203     1200.8667   258     1398.0000      946.7146 2.05e+08   32.28%
 1305341 1105434     1175.0000   368     1398.0000      946.8125 2.06e+08   32.27%
Elapsed time = 6872.53 sec. (2083323.12 ticks, tree = 119786.92 MB, solutions = 28)
Nodefile size = 119655.20 MB (85610.23 MB after compression)
 1307663 1107379     1167.2188   367     1398.0000      946.8125 2.06e+08   32.27%
 1311174 1110325     1034.4000   338     1398.0000      946.9910 2.07e+08   32.26%
 1313990 1112708     1304.3750   327     1398.0000      946.9910 2.07e+08   32.26%
 1316838 1115137     1077.3963   362     1398.0000      946.9910 2.07e+08   32.26%
 1319027 1116972     1358.7941   293     1398.0000      947.1406 2.08e+08   32.25%
 1321619 1119151     1131.4725   330     1398.0000      947.1406 2.08e+08   32.25%
*1323053 1120372      integral     0     1382.0000      947.1406 2.08e+08   31.47%
Found incumbent of value 1382.000000 after 6960.95 sec. (2107853.07 ticks)
 1323514 1110966     1149.1847   376     1382.0000      947.2754 2.08e+08   31.46%
 1326394 1113394     1133.9398   351     1382.0000      947.2754 2.09e+08   31.46%
 1329554 1115949        cutoff           1382.0000      947.4286 2.09e+08   31.45%
Elapsed time = 7000.86 sec. (2120681.87 ticks, tree = 121645.12 MB, solutions = 29)
Nodefile size = 121513.11 MB (86888.17 MB after compression)
 1331701 1117740     1178.8333   320     1382.0000      947.4286 2.10e+08   31.45%
 1333982 1119638     1337.5000   232     1382.0000      947.4286 2.10e+08   31.45%
 1337098 1122210     1087.3390   417     1382.0000      947.5093 2.11e+08   31.44%
 1339560 1124288     1107.1213   388     1382.0000      947.5093 2.11e+08   31.44%
 1343053 1127184      961.3237   378     1382.0000      947.7308 2.11e+08   31.42%
 1345997 1129685     1335.7500   264     1382.0000      947.7308 2.12e+08   31.42%
 1347899 1131252     1268.1818   335     1382.0000      947.8947 2.12e+08   31.41%
 1350651 1133543     1016.7250   367     1382.0000      947.8947 2.13e+08   31.41%
*1352630+1135198                         1370.0000      947.8947 2.13e+08   30.81%
Found incumbent of value 1370.000000 after 7112.46 sec. (2152409.41 ticks)
 1353330 1135781     1330.0625   309     1370.0000      947.8947 2.13e+08   30.81%
 1354687 1120091     1043.5705   361     1370.0000      948.0241 2.13e+08   30.80%
Elapsed time = 7130.97 sec. (2159396.20 ticks, tree = 121934.12 MB, solutions = 30)
Nodefile size = 121803.64 MB (87030.71 MB after compression)
 1356085 1121264     1103.3795   538     1370.0000      948.0241 2.14e+08   30.80%
 1359950 1124464     1247.9167   289     1370.0000      948.1401 2.14e+08   30.79%
 1362504 1126575     1175.5000   293     1370.0000      948.1401 2.15e+08   30.79%
 1365372 1128905     1119.2069   347     1370.0000      948.2958 2.15e+08   30.78%
 1368476 1131508     1010.0660   412     1370.0000      948.2958 2.16e+08   30.78%
 1370507 1133130      998.2912   389     1370.0000      948.4589 2.16e+08   30.77%
 1372761 1135037      968.4196   464     1370.0000      948.4589 2.16e+08   30.77%
 1375589 1137323     1262.9231   284     1370.0000      948.5858 2.17e+08   30.76%
 1377957 1139306     1081.1838   418     1370.0000      948.5858 2.17e+08   30.76%
*1379380+1140504                         1356.0000      948.5858 2.17e+08   30.05%
Found incumbent of value 1356.000000 after 7254.33 sec. (2195914.93 ticks)
 1380517 1141408     1002.1875   334     1356.0000      948.5858 2.18e+08   30.05%
Elapsed time = 7256.09 sec. (2199216.01 ticks, tree = 123300.75 MB, solutions = 30)
Nodefile size = 123152.16 MB (87972.80 MB after compression)
 1383015 1114124     1070.4000   328     1356.0000      948.7273 2.18e+08   30.03%
 1385703 1116323     1151.4167   321     1356.0000      948.7273 2.18e+08   30.03%
 1386820 1117167     1138.7061   381     1356.0000      948.8739 2.19e+08   30.02%
 1389572 1119463      983.9299   398     1356.0000      948.8739 2.19e+08   30.02%
 1392807 1122022     1283.8333   297     1356.0000      949.0200 2.20e+08   30.01%
 1393822 1122876     1294.6849   352     1356.0000      949.0200 2.20e+08   30.01%
 1397304 1125685     1108.4000   349     1356.0000      949.1109 2.20e+08   30.01%
 1399466 1127467     1272.8750   325     1356.0000      949.1109 2.21e+08   30.01%
 1401898 1129490     1000.0293   401     1356.0000      949.1109 2.21e+08   30.01%
 1405348 1132313     1345.4868   190     1356.0000      949.2898 2.22e+08   29.99%
Elapsed time = 7395.98 sec. (2238982.47 ticks, tree = 122274.04 MB, solutions = 31)
Nodefile size = 122137.46 MB (87156.43 MB after compression)
 1408632 1135016     1059.7500   303     1356.0000      949.2898 2.22e+08   29.99%
 1409946 1136021     1197.2500   313     1356.0000      949.4563 2.22e+08   29.98%
 1413274 1138747      963.0248   413     1356.0000      949.4563 2.23e+08   29.98%
 1416082 1141043      997.8681   384     1356.0000      949.5997 2.23e+08   29.97%
 1417761 1142445     1119.2367   382     1356.0000      949.5997 2.24e+08   29.97%
 1419453 1143852     1206.5747   302     1356.0000      949.5997 2.24e+08   29.97%
 1422310 1146163     1258.2222   266     1356.0000      949.6908 2.25e+08   29.96%
 1424867 1148282     1037.1743   383     1356.0000      949.6908 2.25e+08   29.96%
 1428244 1150986     1267.5000   275     1356.0000      949.8333 2.25e+08   29.95%
 1430953 1153209     1115.8801   350     1356.0000      949.8333 2.26e+08   29.95%
Elapsed time = 7525.26 sec. (2278748.28 ticks, tree = 124300.74 MB, solutions = 31)
Nodefile size = 124154.17 MB (88566.58 MB after compression)
 1432770 1154636     1022.3906   333     1356.0000      949.9916 2.26e+08   29.94%
 1433698 1155407     1134.6225   384     1356.0000      949.9916 2.26e+08   29.94%
 1437347 1158347     1083.7332   405     1356.0000      950.0990 2.27e+08   29.93%
 1439619 1160251     1343.9524   210     1356.0000      950.0990 2.27e+08   29.93%
*1439959+1160508                         1337.0000      950.0990 2.27e+08   28.94%
Found incumbent of value 1337.000000 after 7577.14 sec. (2293705.11 ticks)
 1443352 1113258     1089.6872   409     1337.0000      950.2448 2.28e+08   28.93%
 1446712 1115974     1002.5000   279     1337.0000      950.2448 2.28e+08   28.93%
 1449521 1118231     1145.1250   306     1337.0000      950.4060 2.29e+08   28.92%
 1450957 1119404     1250.1190   226     1337.0000      950.4060 2.29e+08   28.92%
 1453258 1121265     1063.3737   405     1337.0000      950.4060 2.30e+08   28.92%
 1455370 1122948     1055.5194   376     1337.0000      950.5294 2.30e+08   28.91%
Elapsed time = 7658.35 sec. (2320743.25 ticks, tree = 120259.94 MB, solutions = 32)
Nodefile size = 120122.12 MB (85560.70 MB after compression)
 1458753 1125759      998.3756   425     1337.0000      950.5294 2.31e+08   28.91%
 1461473 1127872     1045.1392   360     1337.0000      950.6889 2.31e+08   28.89%
 1464257 1130152     1053.2213   406     1337.0000      950.6889 2.31e+08   28.89%
 1466186 1131674     1016.5337   397     1337.0000      950.8333 2.32e+08   28.88%
                                                  Impl Bds: 3                  
 1469482 1134352     1142.7120   329     1337.0000      950.8333 2.32e+08   28.88%
 1472217 1136496     1117.0806   385     1337.0000      951.0000 2.33e+08   28.87%
                                                      Cuts: 2                  
 1474590 1138391     1175.6667   320     1337.0000      951.0000 2.33e+08   28.87%
 1477021 1140375     1152.3947   371     1337.0000      951.0000 2.34e+08   28.87%
 1478665 1141662     1039.6795   354     1337.0000      951.1139 2.34e+08   28.86%
 1480657 1143285     1064.1094   338     1337.0000      951.1139 2.34e+08   28.86%
Elapsed time = 7794.45 sec. (2360712.98 ticks, tree = 122231.69 MB, solutions = 32)
Nodefile size = 122088.72 MB (86929.97 MB after compression)
 1483466 1145519     1235.2500   237     1337.0000      951.2112 2.35e+08   28.85%
 1486186 1147753     1150.3333   282     1337.0000      951.2112 2.35e+08   28.85%
 1488540 1149608     1014.2624   352     1337.0000      951.3930 2.35e+08   28.84%
 1491694 1152160        cutoff           1337.0000      951.3930 2.36e+08   28.84%
 1493744 1153745     1180.5000   176     1337.0000      951.5486 2.36e+08   28.83%
 1494759 1154591     1137.5136   430     1337.0000      951.5486 2.36e+08   28.83%
 1498597 1157661     1125.8365   366     1337.0000      951.5944 2.37e+08   28.83%
 1501298 1159875     1050.3862   389     1337.0000      951.5944 2.38e+08   28.83%
 1504441 1162339     1300.2619   233     1337.0000      951.8007 2.38e+08   28.81%
 1506553 1164044     1219.3571   360     1337.0000      951.8007 2.39e+08   28.81%
Elapsed time = 7931.15 sec. (2401856.47 ticks, tree = 124605.14 MB, solutions = 32)
Nodefile size = 124466.85 MB (88586.69 MB after compression)
 1508902 1165943     1145.4679   362     1337.0000      951.8007 2.39e+08   28.81%
 1511436 1167979     1171.3357   357     1337.0000      951.9382 2.39e+08   28.80%
 1514298 1170332      989.4445   389     1337.0000      951.9382 2.40e+08   28.80%
 1516138 1171738     1113.0401   412     1337.0000      952.0903 2.40e+08   28.79%
 1517063 1172503     1313.5789   268     1337.0000      952.0903 2.40e+08   28.79%
 1520659 1175348     1194.6228   344     1337.0000      952.1661 2.41e+08   28.78%
                                                    Covers: 1                  
 1522935 1177218     1259.1250   196     1337.0000      952.1661 2.41e+08   28.78%
 1525482 1179221      991.3075   389     1337.0000      952.3290 2.42e+08   28.77%
                                                  Impl Bds: 3                  
 1527914 1181211     1052.6250   368     1337.0000      952.3290 2.42e+08   28.77%
 1531675 1184238     1326.6071   196     1337.0000      952.3290 2.43e+08   28.77%
Elapsed time = 8059.75 sec. (2441264.54 ticks, tree = 126310.89 MB, solutions = 32)
Nodefile size = 126158.53 MB (89763.14 MB after compression)
 1533038 1185263     1335.2857   234     1337.0000      952.4591 2.43e+08   28.76%
                                                      Cuts: 2                  
 1535662 1187432     1255.4782   434     1337.0000      952.4591 2.43e+08   28.76%
 1537350 1188729     1032.4956   368     1337.0000      952.5864 2.44e+08   28.75%
 1539590 1190549     1038.3333   295     1337.0000      952.5864 2.44e+08   28.75%
 1542451 1192789     1073.6250   224     1337.0000      952.6991 2.45e+08   28.74%
 1545124 1194987     1328.7333   150     1337.0000      952.6991 2.45e+08   28.74%
 1548616 1197747     1084.8034   417     1337.0000      952.8651 2.46e+08   28.73%
 1551368 1200007     1075.9375   369     1337.0000      952.8651 2.46e+08   28.73%
 1554900 1202801     1172.0675   343     1337.0000      953.0176 2.47e+08   28.72%
 1556724 1204274     1048.6750   363     1337.0000      953.0176 2.47e+08   28.72%
Elapsed time = 8201.91 sec. (2483315.91 ticks, tree = 128928.49 MB, solutions = 32)
Nodefile size = 128797.51 MB (91601.64 MB after compression)
 1558886 1205966     1049.0512   335     1337.0000      953.0999 2.47e+08   28.71%
 1561200 1207877     1169.1284   393     1337.0000      953.0999 2.48e+08   28.71%
 1563963 1210114     1136.0000   215     1337.0000      953.0999 2.48e+08   28.71%
 1566958 1212510     1192.3333   219     1337.0000      953.2645 2.49e+08   28.70%
 1569973 1214960      996.4375   302     1337.0000      953.2645 2.49e+08   28.70%
 1571215 1215899     1060.5312   352     1337.0000      953.4047 2.49e+08   28.69%
 1573871 1218038     1146.9444   263     1337.0000      953.4047 2.50e+08   28.69%
 1576559 1220133     1297.1250   292     1337.0000      953.5186 2.50e+08   28.68%
                                                    Covers: 1                  
 1577879 1221208      982.8623   378     1337.0000      953.5186 2.50e+08   28.68%
 1581443 1224106     1119.0000   282     1337.0000      953.5186 2.51e+08   28.68%
Elapsed time = 8330.93 sec. (2523038.84 ticks, tree = 130769.37 MB, solutions = 32)
Nodefile size = 130638.91 MB (92885.43 MB after compression)
 1583003 1225325     1100.7150   380     1337.0000      953.6249 2.51e+08   28.67%
 1585294 1227174     1031.2910   396     1337.0000      953.6249 2.52e+08   28.67%
 1588135 1229411     1033.9711   414     1337.0000      953.7767 2.52e+08   28.66%
                                                  Impl Bds: 1                  
 1590759 1231500     1246.9583   318     1337.0000      953.7767 2.53e+08   28.66%
 1593378 1233562     1103.5000   253     1337.0000      953.9052 2.53e+08   28.65%
 1596066 1235739     1198.8646   308     1337.0000      953.9052 2.54e+08   28.65%
 1598622 1237726     1031.2365   386     1337.0000      954.0504 2.54e+08   28.64%
 1599800 1238714     1170.7576   274     1337.0000      954.0504 2.54e+08   28.64%
 1602060 1240557      999.1585   482     1337.0000      954.0504 2.55e+08   28.64%
 1605228 1243068     1297.5667   250     1337.0000      954.1363 2.55e+08   28.64%
Elapsed time = 8460.51 sec. (2563220.88 ticks, tree = 132508.08 MB, solutions = 32)
Nodefile size = 132371.58 MB (94088.63 MB after compression)
 1607444 1244846     1049.6799   366     1337.0000      954.1363 2.56e+08   28.64%
 1609767 1246710     1105.0247   379     1337.0000      954.2801 2.56e+08   28.63%
 1613031 1249353     1333.7368   280     1337.0000      954.2801 2.56e+08   28.63%
 1615075 1250946     1007.4838   369     1337.0000      954.4317 2.57e+08   28.61%
 1617603 1252982     1208.5833   312     1337.0000      954.4317 2.57e+08   28.61%
 1619737 1254639     1111.0500   292     1337.0000      954.5481 2.58e+08   28.61%
 1621706 1256284     1077.7914   372     1337.0000      954.5481 2.58e+08   28.61%
 1624840 1258830      984.7095   340     1337.0000      954.5481 2.59e+08   28.61%
 1627326 1260811     1085.7287   413     1337.0000      954.6379 2.59e+08   28.60%
 1629755 1262782     1288.3333   268     1337.0000      954.6379 2.59e+08   28.60%
Elapsed time = 8587.45 sec. (2602583.72 ticks, tree = 134173.38 MB, solutions = 32)
Nodefile size = 134025.63 MB (95240.51 MB after compression)
 1632616 1265000     1056.0917   399     1337.0000      954.7993 2.60e+08   28.59%
 1635688 1267515      997.5798   407     1337.0000      954.7993 2.60e+08   28.59%
 1637797 1269172     1044.8333   346     1337.0000      954.9451 2.61e+08   28.58%
 1639941 1270917      997.5375   388     1337.0000      954.9451 2.61e+08   28.58%
 1641739 1272384     1285.0000   197     1337.0000      954.9451 2.61e+08   28.58%
 1644236 1274394     1181.9571   309     1337.0000      955.0412 2.62e+08   28.57%
 1646828 1276474     1020.3349   381     1337.0000      955.0412 2.62e+08   28.57%
 1649345 1278479     1112.1346   398     1337.0000      955.1760 2.62e+08   28.56%
 1652289 1280893     1029.5838   379     1337.0000      955.1760 2.63e+08   28.56%
 1654655 1282783     1091.5976   387     1337.0000      955.3182 2.63e+08   28.55%
Elapsed time = 8720.42 sec. (2641338.61 ticks, tree = 136893.06 MB, solutions = 32)
Nodefile size = 136762.29 MB (97145.46 MB after compression)
 1657123 1284808     1127.0476   356     1337.0000      955.3182 2.64e+08   28.55%
 1659346 1286596     1181.1741   352     1337.0000      955.3182 2.64e+08   28.55%
 1661352 1288194     1049.3108   342     1337.0000      955.4255 2.65e+08   28.54%
                                                  ZeroHalf: 1                  
 1663608 1290015     1265.4667   305     1337.0000      955.4255 2.65e+08   28.54%
 1665861 1291787     1091.2722   410     1337.0000      955.5785 2.65e+08   28.53%
 1668101 1293607     1230.1250   316     1337.0000      955.5785 2.66e+08   28.53%
 1670285 1295251      997.9964   324     1337.0000      955.6891 2.66e+08   28.52%
 1673517 1297874     1176.6231   396     1337.0000      955.6891 2.67e+08   28.52%
 1676270 1300026     1125.3029   391     1337.0000      955.8238 2.67e+08   28.51%
 1678525 1301856     1296.6667   264     1337.0000      955.8238 2.67e+08   28.51%
Elapsed time = 8855.52 sec. (2680997.94 ticks, tree = 138593.79 MB, solutions = 32)
Nodefile size = 138460.50 MB (98327.49 MB after compression)
 1681259 1304060     1205.6471   294     1337.0000      955.8238 2.68e+08   28.51%
 1683080 1305505     1105.5577   323     1337.0000      955.9372 2.68e+08   28.50%
                                                  Impl Bds: 1                  
 1685939 1307802     1182.1429   387     1337.0000      955.9372 2.69e+08   28.50%
 1688241 1309588     1036.7795   424     1337.0000      956.0714 2.69e+08   28.49%
                                                      Cuts: 2                  
 1690833 1311671     1132.5639   401     1337.0000      956.0714 2.69e+08   28.49%
 1692416 1312916     1003.7096   405     1337.0000      956.1667 2.70e+08   28.48%
 1694912 1314953     1084.6162   420     1337.0000      956.1667 2.70e+08   28.48%
 1697940 1317388     1035.2019   377     1337.0000      956.1667 2.71e+08   28.48%
 1699572 1318646     1135.8308   374     1337.0000      956.3112 2.71e+08   28.47%
 1701500 1320235      970.3099   390     1337.0000      956.3112 2.71e+08   28.47%
Elapsed time = 8974.82 sec. (2719407.14 ticks, tree = 140441.70 MB, solutions = 32)
Nodefile size = 140310.83 MB (99615.56 MB after compression)
 1704259 1322411     1094.6443   365     1337.0000      956.4054 2.72e+08   28.47%
 1706867 1324528      989.9209   415     1337.0000      956.4054 2.72e+08   28.47%
 1709688 1326717     1105.9888   379     1337.0000      956.5385 2.73e+08   28.46%
                                                  Impl Bds: 2                  
 1711634 1328306      981.9862   407     1337.0000      956.5385 2.73e+08   28.46%
 1715470 1331440     1124.7901   397     1337.0000      956.5385 2.74e+08   28.46%
 1716968 1332622     1014.6525   386     1337.0000      956.6607 2.74e+08   28.45%
                                                    Covers: 1                  
 1718792 1334105     1015.2403   425     1337.0000      956.6607 2.74e+08   28.45%
 1721488 1336233     1329.9167   309     1337.0000      956.7778 2.75e+08   28.44%
                                                  Impl Bds: 1                  
 1723142 1337578     1131.8333   274     1337.0000      956.7778 2.75e+08   28.44%
 1726438 1340229     1168.4400   330     1337.0000      956.8382 2.76e+08   28.43%
Elapsed time = 9102.31 sec. (2758552.80 ticks, tree = 142210.60 MB, solutions = 32)
Nodefile size = 142079.90 MB (100841.19 MB after compression)
 1728624 1341986     1000.9444   299     1337.0000      956.8382 2.76e+08   28.43%
 1731500 1344211        cutoff           1337.0000      956.9914 2.76e+08   28.42%
 1734188 1346425     1279.5694   327     1337.0000      956.9914 2.77e+08   28.42%
 1737124 1348841     1038.5778   355     1337.0000      956.9914 2.77e+08   28.42%
 1739161 1350441     1094.5367   386     1337.0000      957.1153 2.78e+08   28.41%
 1742041 1352794     1211.8125   345     1337.0000      957.1153 2.78e+08   28.41%
 1744004 1354287     1184.3333   207     1337.0000      957.2615 2.78e+08   28.40%
 1746180 1356031     1065.1071   354     1337.0000      957.2615 2.79e+08   28.40%
 1748979 1358241     1111.2500   284     1337.0000      957.3722 2.79e+08   28.39%
 1750762 1359695     1123.2707   394     1337.0000      957.3722 2.80e+08   28.39%
Elapsed time = 9230.05 sec. (2798058.49 ticks, tree = 144048.24 MB, solutions = 32)
Nodefile size = 143911.47 MB (102115.49 MB after compression)
 1753811 1362095     1216.6667   318     1337.0000      957.4722 2.80e+08   28.39%
 1756755 1364473     1105.5370   371     1337.0000      957.4722 2.81e+08   28.39%
 1759593 1366793     1017.1989   383     1337.0000      957.4722 2.81e+08   28.39%
 1761056 1367909     1075.2429   388     1337.0000      957.6136 2.81e+08   28.38%
 1763200 1369627     1104.2632   351     1337.0000      957.6136 2.82e+08   28.38%
 1765642 1371538     1163.9636   368     1337.0000      957.7410 2.82e+08   28.37%
 1766098 1371886     1108.5705   520     1337.0000      957.7410 2.82e+08   28.37%
 1770367 1375278     1045.1552   472     1337.0000      957.7680 2.83e+08   28.36%
 1772735 1377183     1275.3000   258     1337.0000      957.7680 2.83e+08   28.36%
 1776525 1380154     1107.0089   359     1337.0000      957.9418 2.84e+08   28.35%
Elapsed time = 9366.57 sec. (2839124.61 ticks, tree = 146368.43 MB, solutions = 32)
Nodefile size = 146237.90 MB (103734.61 MB after compression)
 1779597 1382648        cutoff           1337.0000      957.9418 2.84e+08   28.35%
 1782724 1385205     1091.8475   327     1337.0000      957.9418 2.85e+08   28.35%
 1784782 1386780     1302.8633   266     1337.0000      958.0833 2.85e+08   28.34%
 1786959 1388546      977.5329   371     1337.0000      958.0833 2.85e+08   28.34%
 1787980 1389284     1047.3573   459     1337.0000      958.1875 2.86e+08   28.33%
 1790348 1391209     1318.4792   229     1337.0000      958.1875 2.86e+08   28.33%
 1793286 1393504     1185.3333   178     1337.0000      958.2833 2.87e+08   28.33%
                                                      Cuts: 2                  
 1796082 1395790     1108.0484   387     1337.0000      958.2833 2.87e+08   28.33%
 1798688 1397902     1030.6478   374     1337.0000      958.2833 2.87e+08   28.33%
 1801028 1399750     1097.9203   378     1337.0000      958.4306 2.88e+08   28.31%
                                                  Impl Bds: 1                  
Elapsed time = 9493.09 sec. (2877698.26 ticks, tree = 148372.59 MB, solutions = 32)
Nodefile size = 148236.97 MB (105124.05 MB after compression)
 1803876 1402095     1037.9082   417     1337.0000      958.4306 2.88e+08   28.31%
 1805866 1403665     1119.8438   346     1337.0000      958.5622 2.89e+08   28.30%
                                                      Cuts: 2                  
 1806373 1404073     1069.5500   376     1337.0000      958.5622 2.89e+08   28.30%
 1810778 1407643     1244.2000   361     1337.0000      958.6054 2.90e+08   28.30%
                                                  Impl Bds: 4                  
 1812474 1409014     1060.2232   411     1337.0000      958.6054 2.90e+08   28.30%
 1816183 1411967     1312.0833   288     1337.0000      958.7577 2.90e+08   28.29%
                                                  Impl Bds: 1                  
 1818199 1413595     1334.7500   284     1337.0000      958.7577 2.91e+08   28.29%
 1820680 1415607     1048.2427   388     1337.0000      958.7577 2.91e+08   28.29%
 1823353 1417772     1269.5000   192     1337.0000      958.8681 2.91e+08   28.28%
 1825945 1419900     1201.7778   294     1337.0000      958.8681 2.92e+08   28.28%
Elapsed time = 9625.81 sec. (2917954.89 ticks, tree = 150105.39 MB, solutions = 32)
Nodefile size = 149959.98 MB (106323.03 MB after compression)
 1828290 1421765      990.3236   400     1337.0000      958.9932 2.92e+08   28.27%
 1829223 1422508     1175.8500   333     1337.0000      958.9932 2.92e+08   28.27%
 1832778 1425318     1164.0038   461     1337.0000      959.0486 2.93e+08   28.27%
 1835210 1427290     1011.7387   388     1337.0000      959.0486 2.94e+08   28.27%
 1838873 1430177     1044.7888   383     1337.0000      959.2045 2.94e+08   28.26%
 1841894 1432641     1091.9340   339     1337.0000      959.2045 2.95e+08   28.26%
 1844768 1435012      989.1481   368     1337.0000      959.2045 2.95e+08   28.26%
 1847064 1436812     1132.0622   375     1337.0000      959.3086 2.95e+08   28.25%
 1849944 1439154     1080.6208   375     1337.0000      959.3086 2.96e+08   28.25%
 1851626 1440476     1141.7632   290     1337.0000      959.4613 2.96e+08   28.24%
Elapsed time = 9762.31 sec. (2958227.55 ticks, tree = 152744.21 MB, solutions = 32)
Nodefile size = 152614.00 MB (108173.31 MB after compression)
 1853738 1442193     1155.8958   408     1337.0000      959.4613 2.97e+08   28.24%
 1855549 1443573      995.8176   388     1337.0000      959.5360 2.97e+08   28.23%
 1857845 1445468     1027.7645   364     1337.0000      959.5360 2.97e+08   28.23%
 1861121 1448028     1238.6667   196     1337.0000      959.5652 2.98e+08   28.23%
                                                  Impl Bds: 1                  
 1861229 1448126      999.4306   374     1337.0000      959.5652 2.98e+08   28.23%
 1861872 1448641     1015.3158   379     1337.0000      959.5652 2.98e+08   28.23%
 1864937 1451091      997.6481   325     1337.0000      959.6821 2.98e+08   28.22%
                                                  Impl Bds: 7                  
 1865537 1451575     1264.2500   330     1337.0000      959.6821 2.98e+08   28.22%
 1868958 1454332     1026.3028   342     1337.0000      959.7417 2.99e+08   28.22%
                                                      Cuts: 3                  
 1869080 1454432     1005.3944   446     1337.0000      959.7417 2.99e+08   28.22%
Elapsed time = 9967.54 sec. (3063091.25 ticks, tree = 154125.22 MB, solutions = 32)
Nodefile size = 153995.19 MB (109131.90 MB after compression)
 1873502 1457965     1323.3235   273     1337.0000      959.7500 3.00e+08   28.22%
 1873969 1458362     1121.7034   379     1337.0000      959.7500 3.00e+08   28.22%
 1874711 1458949     1084.6676   386     1337.0000      959.7500 3.00e+08   28.22%
 1877113 1460863      980.3770   334     1337.0000      959.8368 3.00e+08   28.21%
 1877810 1461422     1326.4667   173     1337.0000      959.8368 3.00e+08   28.21%
 1881087 1464047     1001.7613   351     1337.0000      960.0000 3.01e+08   28.20%
 1881576 1464456     1184.3333   193     1337.0000      960.0000 3.01e+08   28.20%
*1881687+1464531                         1335.0000      960.0000 3.01e+08   28.09%
Found incumbent of value 1335.000000 after 10114.42 sec. (3121633.73 ticks)
 1881859 1464667     1174.0521   323     1335.0000      960.0000 3.01e+08   28.09%
 1883693 1466144     1218.3631   290     1335.0000      960.0000 3.01e+08   28.09%
*1885549+1462216                         1334.0000      960.0390 3.02e+08   28.03%
Found incumbent of value 1334.000000 after 10132.84 sec. (3147017.22 ticks)
 1885549 1462218     1244.1974   319     1334.0000      960.0390 3.02e+08   28.03%
Elapsed time = 10133.62 sec. (3147342.42 ticks, tree = 154780.06 MB, solutions = 33)
Nodefile size = 154650.82 MB (109565.32 MB after compression)
 1885750 1462367     1098.3733   377     1334.0000      960.0390 3.02e+08   28.03%
 1885895 1462492     1060.8824   352     1334.0000      960.0390 3.02e+08   28.03%
 1885972 1462549     1168.2286   392     1334.0000      960.0390 3.02e+08   28.03%
 1889286 1462478     1319.5714   238     1334.0000      960.1500 3.02e+08   28.02%
                                                    Covers: 2                  
 1889297 1462489     1024.7188   348     1334.0000      960.1500 3.02e+08   28.02%
 1893143 1465535     1220.6733   301     1334.0000      960.2295 3.03e+08   28.02%
 1895000 1467051      998.2212   426     1334.0000      960.2295 3.03e+08   28.02%
 1897558 1469062     1161.5417   297     1334.0000      960.2597 3.04e+08   28.02%
 1897998 1469435     1166.5000   183     1334.0000      960.2597 3.04e+08   28.02%
 1900967 1471764     1175.1168   378     1334.0000      960.3266 3.04e+08   28.01%
Elapsed time = 10361.61 sec. (3270391.66 ticks, tree = 155664.69 MB, solutions = 37)
Nodefile size = 155534.26 MB (110167.08 MB after compression)
 1905768 1475627     1021.0675   357     1334.0000      960.3942 3.05e+08   28.01%
 1906041 1475840     1106.0012   384     1334.0000      960.3942 3.05e+08   28.01%
 1908670 1477920     1062.2778   313     1334.0000      960.5217 3.06e+08   28.00%
 1908693 1477930     1140.0000   347     1334.0000      960.5217 3.06e+08   28.00%
*1910106+1479081                         1298.0000      960.5217 3.06e+08   26.00%
Found incumbent of value 1298.000000 after 10469.24 sec. (3326967.63 ticks)
 1912004 1374753     1147.0000   197     1298.0000      960.5377 3.06e+08   26.00%
 1912245 1374933     1019.0000   377     1298.0000      960.5377 3.06e+08   26.00%
 1916327 1378115     1242.9500   309     1298.0000      960.6660 3.07e+08   25.99%
 1916528 1378270     1196.8492   376     1298.0000      960.6660 3.07e+08   25.99%
 1916703 1378409     1008.9817   394     1298.0000      960.6660 3.07e+08   25.99%
 1917379 1378934     1134.3555   394     1298.0000      960.6660 3.07e+08   25.99%
Elapsed time = 10581.06 sec. (3392818.75 ticks, tree = 144294.70 MB, solutions = 38)
Nodefile size = 144161.06 MB (101873.71 MB after compression)
 1920195 1381059     1040.0055   341     1298.0000      960.7159 3.07e+08   25.98%
 1920283 1381131     1067.5118   401     1298.0000      960.7159 3.08e+08   25.98%
 1922947 1383210     1221.0833   339     1298.0000      960.7986 3.08e+08   25.98%
 1926881 1386209     1131.6528   323     1298.0000      960.8370 3.09e+08   25.98%
 1926957 1386278     1175.2906   390     1298.0000      960.8370 3.09e+08   25.98%
 1926993 1386305     1056.6250   285     1298.0000      960.8370 3.09e+08   25.98%
 1927580 1386760     1066.6635   378     1298.0000      960.8370 3.09e+08   25.98%
 1929152 1388015     1039.9548   425     1298.0000      960.8370 3.09e+08   25.98%
 1931452 1389785     1170.4750   312     1298.0000      960.9209 3.09e+08   25.97%
 1931864 1390114     1098.7800   379     1298.0000      960.9209 3.10e+08   25.97%
Elapsed time = 10791.10 sec. (3495161.02 ticks, tree = 145466.95 MB, solutions = 38)
Nodefile size = 145329.81 MB (102683.25 MB after compression)
 1932246 1390422     1198.3413   365     1298.0000      960.9209 3.10e+08   25.97%
 1932531 1390641     1099.5251   375     1298.0000      960.9209 3.10e+08   25.97%

Cover cuts applied:  35
Implied bound cuts applied:  69
Zero-half cuts applied:  319
Gomory fractional cuts applied:  5

Root node processing (before b&c):
  Real time             =   12.68 sec. (6713.95 ticks)
Parallel b&c, 32 threads:
  Real time             = 10791.15 sec. (3506054.13 ticks)
  Sync time (average)   =    1.42 sec.
  Wait time (average)   =    0.00 sec.
                          ------------
Total (root+branch&cut) = 10803.83 sec. (3512768.08 ticks)


Solution status: Feasible
Execution time: 10804.3 sec
Gap: 0.25958
