Sat Jul 14 11:59:15 2018

Tried aggregator 2 times.
MIP Presolve eliminated 18040 rows and 145 columns.
Aggregator did 576 substitutions.
Reduced MIP has 13871 rows, 3124 columns, and 49544 nonzeros.
Reduced MIP has 3124 binaries, 0 generals, 0 SOSs, and 0 indicators.
Presolve time = 0.11 sec. (75.28 ticks)
Probing time = 0.00 sec. (1.90 ticks)
Tried aggregator 1 time.
Presolve time = 0.03 sec. (20.87 ticks)
Probing time = 0.01 sec. (1.90 ticks)
Clique table members: 11152.
MIP emphasis: balance optimality and feasibility.
MIP search method: dynamic search.
Parallel mode: deterministic, using up to 32 threads.
Root relaxation solution time = 0.37 sec. (105.71 ticks)

        Nodes                                         Cuts/
   Node  Left     Objective  IInf  Best Integer    Best Bound    ItCnt     Gap

      0     0      703.0000   327                    703.0000     1164         
      0     0      748.5000   499                    Cuts: 54     3258         
      0     0      808.0625   536                    Cuts: 64     7161         
      0     0      824.3942   587                    Cuts: 47    11222         
*     0+    0                         2762.0000      824.3942    17726   70.15%
Found incumbent of value 2762.000000 after 15.42 sec. (9890.57 ticks)
      0     0      841.1915   576     2762.0000      Cuts: 45    17726   69.54%
      0     0      845.2500   478     2762.0000      Cuts: 32    18287   69.40%
      0     0      847.0000   498     2762.0000      Cuts: 38    18695   69.33%
      0     0      847.0000   544     2762.0000      Cuts: 24    19141   69.33%
      0     0      847.3953   579     2762.0000   ZeroHalf: 9    24838   69.32%
      0     0      847.5000   528     2762.0000      Cuts: 50    25297   69.32%
      0     0      847.5000   553     2762.0000      Cuts: 43    25607   69.32%
      0     2      847.5000   384     2762.0000      847.5000    25607   69.32%
Elapsed time = 37.76 sec. (22790.86 ticks, tree = 0.01 MB, solutions = 1)
      1     3      851.4955   486     2762.0000      847.5000    27089   69.32%
      2     4      850.4626   626     2762.0000      847.5000    32609   69.32%
      3     5      854.3149   609     2762.0000      850.7761    34970   69.20%
      5     7      860.3687   565     2762.0000      850.7761    38856   69.20%
      6     8      856.2296   624     2762.0000      850.7761    51405   69.20%
     10    12      872.2709   634     2762.0000      850.7761    70056   69.20%
     11    13      856.7778   602     2762.0000      854.3149    82480   69.07%
                                                 Impl Bds: 10                  
     17    19      887.3609   574     2762.0000      854.3149   122504   69.07%
     22    24      888.1934   526     2762.0000      854.3149   169902   69.07%
     23    25      881.2277   637     2762.0000      854.3149   184511   69.07%
Elapsed time = 81.19 sec. (49357.95 ticks, tree = 0.01 MB, solutions = 1)
     26    28      865.3719   606     2762.0000      856.6344   203018   68.98%
                                                  Impl Bds: 8                  
     27    29      873.5683   574     2762.0000      856.6344   215610   68.98%
     39    41      875.1963   629     2762.0000      856.6344   301077   68.98%
     52    54      873.8411   669     2762.0000      856.6344   375812   68.98%
                                                 Impl Bds: 10                  
     75    77      875.2400   617     2762.0000      856.6344   509514   68.98%
     98   100      885.2400   526     2762.0000      856.6344   607839   68.98%
    121   123      891.2326   657     2762.0000      856.6344   669484   68.98%
    124   126      899.6017   651     2762.0000      856.6344   683543   68.98%
    168   170      907.5245   605     2762.0000      856.6344   759296   68.98%
    191   193      890.1075   556     2762.0000      856.6344   793962   68.98%
Elapsed time = 143.30 sec. (77622.85 ticks, tree = 0.01 MB, solutions = 1)
*  1394+ 1318                         1997.0000      856.6344  1102961   57.10%
Found incumbent of value 1997.000000 after 143.30 sec. (75360.05 ticks)
*  1400  1321      integral     0     1914.0000      856.6344  1103385   55.24%
Found incumbent of value 1914.000000 after 143.30 sec. (77622.85 ticks)
   1461  1368      917.9524   575     1914.0000      856.6344  1124770   55.24%
                                                     Cuts: 22                  
   1525  1432      898.3028   563     1914.0000      856.6344  1172807   55.24%
   1674  1577      938.2933   519     1914.0000      856.6344  1246577   55.24%
   1706  1607      920.5923   450     1914.0000      856.6344  1261987   55.24%
   1770  1669      923.8091   574     1914.0000      856.6344  1288585   55.24%
   1994  1893      958.2554   366     1914.0000      856.6344  1351610   55.24%
   2314  2201     1041.4987   367     1914.0000      856.6344  1415218   55.24%
   2773  2630     1142.8889   348     1914.0000      856.6344  1513791   55.24%
   2909  2751      935.9125   584     1914.0000      856.6344  1542241   55.24%
Elapsed time = 197.05 sec. (91589.68 ticks, tree = 47.78 MB, solutions = 3)
*  4330+ 4055                         1669.0000      856.6344  1819839   48.67%
Found incumbent of value 1669.000000 after 197.05 sec. (89073.73 ticks)
*  4693  4383      integral     0     1667.0000      856.6344  1875748   48.61%
Found incumbent of value 1667.000000 after 197.05 sec. (91589.68 ticks)
   5452  5051      873.0946   619     1667.0000      856.6344  2038596   48.61%
   6604  5798      901.6828   677     1667.0000      867.6923  2241129   47.95%
                                                     Cuts: 71                  
   6631  5825      953.5834   619     1667.0000      867.6923  2265371   47.95%
   6663  5857      878.8807   667     1667.0000      867.6923  2293558   47.95%
   6695  5887      890.6061   671     1667.0000      867.6923  2313449   47.95%
   6727  5917      883.6870   650     1667.0000      867.6923  2333786   47.95%
   6759  5949      887.7316   667     1667.0000      867.6923  2350615   47.95%
   6791  5981      883.9228   650     1667.0000      867.6923  2371971   47.95%
   7069  6247      892.4464   586     1667.0000      867.6923  2493648   47.95%
Elapsed time = 270.79 sec. (114427.15 ticks, tree = 184.92 MB, solutions = 5)
Nodefile size = 23.58 MB (18.56 MB after compression)
  13492 12241      851.1446   535     1667.0000      867.6923  3731435   47.95%
  13493 12241      854.0972   496     1667.0000      867.6923  3740353   47.95%
  13494 12242      856.4892   628     1667.0000      867.6923  3747544   47.95%
  13495 12243      864.6062   653     1667.0000      867.6923  3754084   47.95%
  13497 12244      872.6852   517     1667.0000      867.6923  3767248   47.95%
  13498 12245      867.5563   609     1667.0000      867.6923  3771990   47.95%
  13501 12245      919.2853   464     1667.0000      867.6923  3782624   47.95%
  13502 12245      867.0166   595     1667.0000      867.6923  3785119   47.95%
                                                  Impl Bds: 9                  
  13505 12246      907.8020   481     1667.0000      867.6923  3797475   47.95%
* 13506+ 8167                         1662.0000      867.6923  3798620   47.79%
Found incumbent of value 1662.000000 after 358.03 sec. (155617.96 ticks)
  13508  8169      911.6658   449     1662.0000      867.6923  3804208   47.79%
Elapsed time = 359.60 sec. (157800.70 ticks, tree = 84.76 MB, solutions = 5)
  13512  8173      867.1815   581     1662.0000      867.6923  3809558   47.79%
                                                     Cuts: 14                  
  13522  8180     1009.4545   413     1662.0000      867.6923  3818551   47.79%
  13529  8184      962.7876   475     1662.0000      867.6923  3824523   47.79%
* 13536+ 5473                         1618.0000      867.6923  3836044   46.37%
Found incumbent of value 1618.000000 after 366.75 sec. (161255.29 ticks)
  13546  5481      935.5653   416     1618.0000      867.6923  3844898   46.37%
  13566  5495     1013.4103   445     1618.0000      867.6923  3854191   46.37%
  13598  5517     1085.9592   380     1618.0000      867.6923  3885705   46.37%
  13648  5550     1104.4515   384     1618.0000      867.6923  3931249   46.37%
  13699  5579      873.0833   471     1618.0000      867.6923  3974553   46.37%
  13810  5646      883.4350   539     1618.0000      867.6923  4082637   46.37%
                                                  ZeroHalf: 6                  
  13874  5684      884.4167   476     1618.0000      867.6923  4160432   46.37%
Elapsed time = 388.33 sec. (170824.54 ticks, tree = 57.07 MB, solutions = 7)
  13970  5745      885.1471   456     1618.0000      867.6923  4246011   46.37%
  14070  5802      994.0957   441     1618.0000      867.6923  4311652   46.37%
  14302  5937      988.3335   437     1618.0000      867.6923  4496575   46.37%
  14363  5973     1059.9740   403     1618.0000      867.6923  4539429   46.37%
                                                     Cuts: 17                  
  14389  5985      913.8971   462     1618.0000      867.6923  4574380   46.37%
  14453  6022      904.8308   509     1618.0000      867.6923  4662623   46.37%
  14829  6247      928.2800   492     1618.0000      867.6923  4855848   46.37%
  14925  6297      933.8742   441     1618.0000      867.6923  4897096   46.37%
  15021  6354      929.3792   477     1618.0000      867.6923  4935979   46.37%
  15117  6404      943.5867   456     1618.0000      867.6923  4975457   46.37%
Elapsed time = 435.72 sec. (185966.75 ticks, tree = 56.56 MB, solutions = 7)
  15213  6470      949.9943   470     1618.0000      867.6923  5012606   46.37%
  15382  6559     1175.0770   397     1618.0000      867.6923  5085952   46.37%
  15557  6669      993.3619   454     1618.0000      867.6923  5146355   46.37%
  15643  6716     1259.1721   457     1618.0000      867.6923  5189793   46.37%
  15781  6789      957.2828   364     1618.0000      867.6923  5241372   46.37%
  15973  6898      993.0572   422     1618.0000      867.6923  5320471   46.37%
  16133  6979     1005.8070   440     1618.0000      867.6923  5377947   46.37%
  16331  7089     1170.8214   346     1618.0000      867.6923  5446622   46.37%
  16484  7175     1113.7599   430     1618.0000      867.6923  5497902   46.37%
  16644  7271     1131.8933   415     1618.0000      867.6923  5554496   46.37%
Elapsed time = 469.32 sec. (196569.97 ticks, tree = 66.32 MB, solutions = 7)
  17292  7619     1105.8259   534     1618.0000      867.6923  5737825   46.37%
  17323  7640     1118.9833   412     1618.0000      867.6923  5747843   46.37%
  17387  7673     1048.0567   428     1618.0000      867.6923  5769588   46.37%
  17455  7707     1162.2449   442     1618.0000      867.6923  5788053   46.37%
  17515  7736     1054.0633   437     1618.0000      867.6923  5801732   46.37%
  17554  7758     1345.1000   276     1618.0000      867.6923  5812247   46.37%
  17611  7786     1066.1469   426     1618.0000      867.6923  5824139   46.37%
  17667  7817     1020.2624   427     1618.0000      867.6923  5832360   46.37%
  17731  7856     1033.6515   469     1618.0000      867.6923  5845852   46.37%
  17771  7880     1129.4844   423     1618.0000      867.6923  5858092   46.37%
Elapsed time = 502.47 sec. (208649.37 ticks, tree = 121.23 MB, solutions = 7)
  18348  8162      910.7330   522     1618.0000      867.6923  5994100   46.37%
                                                 ZeroHalf: 16                  
  18444  8209      925.2530   495     1618.0000      867.6923  6031342   46.37%
  18540  8263      980.7893   471     1618.0000      867.6923  6063583   46.37%
  18743  8372     1091.8548   432     1618.0000      867.6923  6132957   46.37%
  18903  8464     1074.0000   420     1618.0000      867.6923  6192778   46.37%
  19127  8565     1129.2891   428     1618.0000      867.6923  6259924   46.37%
  19409  8715     1090.1836   401     1618.0000      867.6923  6346820   46.37%
  19639  8823     1150.2179   387     1618.0000      867.6923  6417816   46.37%
  19953  8988     1147.7109   356     1618.0000      867.6923  6520558   46.37%
  20627  9332     1150.4286   416     1618.0000      867.6923  6754668   46.37%
Elapsed time = 554.73 sec. (222400.82 ticks, tree = 179.55 MB, solutions = 7)
Nodefile size = 10.58 MB (5.19 MB after compression)
  22458 10214      948.9949   600     1618.0000      867.6923  7372330   46.37%
  22714 10336      990.6900   474     1618.0000      867.6923  7584537   46.37%
  23226 10609     1181.1978   344     1618.0000      867.6923  7758112   46.37%
  24058 11080     1310.4801   194     1618.0000      867.6923  8042635   46.37%
  24813 11491     1244.8667   345     1618.0000      867.6923  8246150   46.37%
  25565 11904      954.5333   589     1618.0000      867.6923  8509222   46.37%
  27606 13614      917.7325   637     1618.0000      867.6923  9259138   46.37%
                                                     Cuts: 29                  
  27638 13646      927.5731   651     1618.0000      867.6923  9373118   46.37%
  27670 13678      931.1852   674     1618.0000      867.6923  9488681   46.37%
  27710 13718      927.7875   522     1618.0000      867.6923  9609866   46.37%
Elapsed time = 763.60 sec. (267817.07 ticks, tree = 390.15 MB, solutions = 7)
Nodefile size = 249.56 MB (132.94 MB after compression)
  27793 13801      945.1417   632     1618.0000      867.6923  9769738   46.37%
  30348 16259      952.2188   555     1618.0000      885.4229 11161984   45.28%
                                                     Cuts: 12                  
  30382 16292      915.8303   628     1618.0000      885.4229 11332782   45.28%
  30411 16319      977.5461   590     1618.0000      885.4229 11479545   45.28%
  30475 16383      989.6923   613     1618.0000      885.4229 11826735   45.28%
  30539 16447      975.4178   663     1618.0000      885.4229 12182338   45.28%
  30940 16833      994.8832   607     1618.0000      885.4229 12899176   45.28%
  30982 16875      999.5926   679     1618.0000      885.4229 13098685   45.28%
  31014 16907     1007.7346   639     1618.0000      885.4229 13289132   45.28%
  31078 16971     1013.0579   649     1618.0000      885.4229 13581602   45.28%
Elapsed time = 1034.64 sec. (323832.25 ticks, tree = 467.32 MB, solutions = 7)
Nodefile size = 327.62 MB (171.20 MB after compression)
  31110 17003     1014.8948   633     1618.0000      885.4229 13701064   45.28%
  31142 17035     1034.7500   597     1618.0000      885.4229 13836983   45.28%
  31185 17078     1007.3568   619     1618.0000      885.4229 14047016   45.28%
  31224 17117      954.9471   669     1618.0000      885.4229 14210323   45.28%
  32808 18675      927.8920   635     1618.0000      885.4229 15510851   45.28%
  33217 19046      962.5000   517     1618.0000      885.4229 15890987   45.28%
                                                  Impl Bds: 1                  
  33256 19085     1071.3011   610     1618.0000      885.4229 16033007   45.28%
  33301 19130      952.3846   690     1618.0000      885.4229 16180132   45.28%
  33320 19149     1076.7636   629     1618.0000      885.4229 16256229   45.28%
  33397 19226      978.0938   614     1618.0000      885.4229 16526471   45.28%
Elapsed time = 1256.57 sec. (374744.15 ticks, tree = 515.76 MB, solutions = 7)
Nodefile size = 379.41 MB (199.32 MB after compression)
  33429 19258      989.3333   653     1618.0000      885.4229 16638356   45.28%
  33461 19289      997.4489   657     1618.0000      885.4229 16732589   45.28%
  35641 21392      939.3844   574     1618.0000      885.4229 17946255   45.28%
  39110 24674      935.0921   469     1618.0000      888.7562 18895806   45.07%
                                                      Cuts: 9                  
  39142 24706      935.0921   527     1618.0000      888.7562 18979714   45.07%
  39206 24770      953.2225   615     1618.0000      888.7562 19075629   45.07%
  39302 24866      969.7673   588     1618.0000      888.7562 19204238   45.07%
  39398 24962      993.7167   560     1618.0000      888.7562 19311576   45.07%
  39526 25090     1079.2667   453     1618.0000      888.7562 19416515   45.07%
  39846 25406     1136.6500   535     1618.0000      888.7562 19620573   45.07%
Elapsed time = 1438.44 sec. (425107.30 ticks, tree = 1024.88 MB, solutions = 7)
Nodefile size = 884.52 MB (578.81 MB after compression)
  40358 25918     1192.8750   349     1618.0000      888.7562 19842259   45.07%
  43694 29078      973.1590   651     1618.0000      888.7562 20885655   45.07%
  47067 32282      974.5648   687     1618.0000      902.7860 21752099   44.20%
                                                  ZeroHalf: 3                  
  47159 32372     1072.0417   591     1618.0000      902.7860 21817454   44.20%
  47323 32534      999.7973   601     1618.0000      902.7860 21902497   44.20%
  47575 32779     1154.3238   441     1618.0000      902.7860 22009436   44.20%
  47959 33150     1211.3854   366     1618.0000      902.7860 22120032   44.20%
  51043 36107      984.5664   601     1618.0000      902.7860 22601183   44.20%
  51235 36290     1009.3419   589     1618.0000      902.7860 22655439   44.20%
  51705 36728     1101.2047   615     1618.0000      902.7860 22751329   44.20%
Elapsed time = 1602.27 sec. (467884.98 ticks, tree = 1442.69 MB, solutions = 7)
Nodefile size = 1277.69 MB (881.21 MB after compression)
  53101 38076     1011.6667   570     1618.0000      902.7860 23042012   44.20%
* 55214+40090                         1607.0000      902.7860 23334118   43.82%
Found incumbent of value 1607.000000 after 1627.60 sec. (450334.25 ticks)
  62297 46814     1013.5114   424     1607.0000      913.4406 24530199   43.16%
                                                     Cuts: 10                  
  62462 46978     1013.8179   660     1607.0000      913.4406 24658314   43.16%
  62558 47074     1035.8267   600     1607.0000      913.4406 24714673   43.16%
  62814 47320     1095.9111   490     1607.0000      913.4406 24816657   43.16%
  64006 48501     1211.2400   351     1607.0000      913.4406 25090048   43.16%
  65283 49724     1168.5000   500     1607.0000      913.4406 25247800   43.16%
  67796 52081      939.5446   550     1607.0000      913.4406 25799086   43.16%
* 68721+52973                         1571.0000      913.4406 25932135   41.86%
Found incumbent of value 1571.000000 after 1776.45 sec. (483758.72 ticks)
  69915 54105     1160.0969   577     1571.0000      913.4406 26167040   41.86%
* 74427+57836                         1564.0000      917.6875 26884201   41.32%
                                                     Cuts: 17                  
Found incumbent of value 1564.000000 after 1805.96 sec. (517114.48 ticks)
  74427 57838     1166.6071   558     1564.0000      917.6875 26884201   41.32%
Elapsed time = 1806.70 sec. (517461.35 ticks, tree = 6018.12 MB, solutions = 9)
Nodefile size = 5890.06 MB (4642.50 MB after compression)
* 74428+57837                         1554.0000      917.6875 26884343   40.95%
Found incumbent of value 1554.000000 after 1806.70 sec. (510816.34 ticks)
* 74431+57840                         1553.0000      917.6875 26887078   40.91%
Found incumbent of value 1553.000000 after 1807.19 sec. (510724.69 ticks)
* 74431+57840                         1523.0000      917.6875 26887078   39.74%
Found incumbent of value 1523.000000 after 1807.19 sec. (510757.98 ticks)
* 74431+57840                         1508.0000      917.6875 26887078   39.15%
Found incumbent of value 1508.000000 after 1807.19 sec. (510782.75 ticks)
  74476 55162      955.8747   595     1508.0000      917.6875 26957436   39.15%
  74540 55226      973.8788   639     1508.0000      917.6875 27025955   39.15%
  74668 55354     1034.0278   590     1508.0000      917.6875 27115562   39.15%
  74924 55610     1019.3889   495     1508.0000      917.6875 27239410   39.15%
* 76388+57070                         1358.0000      917.6875 27543764   32.42%
Found incumbent of value 1358.000000 after 1912.35 sec. (528775.05 ticks)
  76588 57263     1291.5000   337     1358.0000      917.6875 27558527   32.42%
  81036 61472     1028.8611   513     1358.0000      917.6875 28422335   32.42%
  85297 48499      982.5556   599     1358.0000      921.2011 29211118   32.16%
                                                     Cuts: 14                  
  85458 48655     1019.6250   570     1358.0000      921.2011 29332968   32.16%
  85586 48772     1041.0417   579     1358.0000      921.2011 29401171   32.16%
  85778 48962     1079.5317   596     1358.0000      921.2011 29501073   32.16%
Elapsed time = 2026.22 sec. (566188.66 ticks, tree = 4703.13 MB, solutions = 94)
Nodefile size = 4564.06 MB (3632.07 MB after compression)
  86152 49314     1119.9667   555     1358.0000      921.2011 29639298   32.16%
  87412 50524     1080.4333   586     1358.0000      921.2011 29896733   32.16%
  93270 55913     1105.4500   435     1358.0000      924.1518 31266620   31.95%
                                                  Impl Bds: 8                  
  93418 56061     1052.9556   605     1358.0000      924.1518 31359218   31.95%
  93578 56221     1094.0299   640     1358.0000      924.1518 31420185   31.95%
  93866 56502     1162.5625   425     1358.0000      924.1518 31500942   31.95%
  94410 57024     1320.1667   224     1358.0000      924.1518 31618055   31.95%
  95003 57568     1093.1583   627     1358.0000      924.1518 31765012   31.95%
 100496 62653     1030.4185   514     1358.0000      925.7813 33228791   31.83%
                                                      Cuts: 9                  
 100676 62833     1030.8297   578     1358.0000      925.7813 33361977   31.83%
Elapsed time = 2195.01 sec. (610952.11 ticks, tree = 6885.57 MB, solutions = 94)
Nodefile size = 6739.50 MB (5440.36 MB after compression)
 100748 62903     1113.3333   351     1358.0000      925.7813 33402794   31.83%
 101844 63956     1284.3040   480     1358.0000      925.7813 33674898   31.83%
 102668 64721      978.7333   531     1358.0000      925.7813 33811012   31.83%
 103156 65183     1050.1333   426     1358.0000      925.7813 33923780   31.83%
 106426 68177      986.0726   634     1358.0000      925.7813 34838530   31.83%
 108013 69641     1015.6750   612     1358.0000      927.9375 35253210   31.67%
                                                  Impl Bds: 2                  
 108109 69737     1044.2976   618     1358.0000      927.9375 35326025   31.67%
 108237 69865     1059.7174   656     1358.0000      927.9375 35404493   31.67%
 108461 70086     1079.9601   616     1358.0000      927.9375 35501730   31.67%
 108909 70532     1184.3333   468     1358.0000      927.9375 35607271   31.67%
Elapsed time = 2374.52 sec. (654945.14 ticks, tree = 7983.51 MB, solutions = 94)
Nodefile size = 7835.73 MB (6357.70 MB after compression)
 112346 73721      959.1522   448     1358.0000      927.9375 36305800   31.67%
 116253 77344     1007.2778   486     1358.0000      929.9984 37219478   31.52%
                                                      Cuts: 7                  
 116595 77684     1151.9697   561     1358.0000      929.9984 37401827   31.52%
 116926 78010     1002.0577   676     1358.0000      929.9984 37504535   31.52%
 117214 78290     1079.6667   597     1358.0000      929.9984 37558894   31.52%
 117598 78663     1149.3091   557     1358.0000      929.9984 37622250   31.52%
 119407 80282     1210.5833   555     1358.0000      929.9984 38111460   31.52%
 123473 84048     1322.1667   331     1358.0000      931.4167 39121605   31.41%
                                                      Cuts: 6                  
 123545 84116     1085.3733   594     1358.0000      931.4167 39189331   31.41%
 123616 84179     1056.5500   627     1358.0000      931.4167 39283809   31.41%
Elapsed time = 2558.56 sec. (699269.11 ticks, tree = 10296.11 MB, solutions = 94)
Nodefile size = 10148.56 MB (8282.50 MB after compression)
 123680 84237     1056.4366   664     1358.0000      931.4167 39357052   31.41%
 123840 84393     1081.2434   636     1358.0000      931.4167 39539347   31.41%
 124630 85139     1068.9340   622     1358.0000      931.4167 40198229   31.41%
 125869 86274      970.9338   577     1358.0000      931.7363 40762177   31.39%
                                                  Impl Bds: 3                  
 126147 86544     1056.9299   531     1358.0000      931.7363 40986225   31.39%
 126307 86702     1121.0095   559     1358.0000      931.7363 41077338   31.39%
 126482 86870     1114.2222   606     1358.0000      931.7363 41139216   31.39%
 126994 87351     1210.2222   449     1358.0000      931.7363 41277486   31.39%
 128864 89070      970.4375   595     1358.0000      931.7363 41680484   31.39%
 132168 92094      973.0899   674     1358.0000      933.3718 42510631   31.27%
                                                      Cuts: 3                  
Elapsed time = 2737.59 sec. (761557.88 ticks, tree = 11284.11 MB, solutions = 94)
Nodefile size = 11135.73 MB (9099.95 MB after compression)
 132296 92218     1001.7917   623     1358.0000      933.3718 42613739   31.27%
 132457 92377     1114.5534   653     1358.0000      933.3718 42725126   31.27%
 132846 92766     1079.2750   587     1358.0000      933.3718 42846748   31.27%
 133102 93006     1121.4722   527     1358.0000      933.3718 42901214   31.27%
 135009 94766     1060.3652   471     1358.0000      933.3718 43374973   31.27%
 139524 98953      970.3000   513     1358.0000      934.5278 44378686   31.18%
                                                    Covers: 1                  
 139588 99016     1002.5976   519     1358.0000      934.5278 44426377   31.18%
 139859 99278     1071.1597   611     1358.0000      934.5278 44569233   31.18%
 140124 99538     1168.7833   298     1358.0000      934.5278 44658894   31.18%
 140508 99910     1234.7367   584     1358.0000      934.5278 44735177   31.18%
Elapsed time = 2915.57 sec. (805964.11 ticks, tree = 12399.23 MB, solutions = 94)
Nodefile size = 12246.66 MB (10025.08 MB after compression)
 141980 101255      938.1808   590     1358.0000      934.5278 45094352   31.18%
 147519 106360     1188.6575   426     1358.0000      935.8257 46333855   31.09%
                                                      Cuts: 3                  
 147724 106561     1022.5833   455     1358.0000      935.8257 46483524   31.09%
 147853 106690     1079.4754   658     1358.0000      935.8257 46561453   31.09%
 148301 107128     1126.5000   445     1358.0000      935.8257 46685187   31.09%
 149137 107923     1072.1759   658     1358.0000      935.8257 46865728   31.09%
 149361 108124     1166.6667   422     1358.0000      935.8257 46916318   31.09%
 154922 113267     1039.4741   583     1358.0000      937.1083 48151963   30.99%
                                                      Cuts: 5                  
 155170 113511     1173.7500   528     1358.0000      937.1083 48326128   30.99%
 155490 113815     1223.2500   481     1358.0000      937.1083 48412713   30.99%
Elapsed time = 3120.00 sec. (852192.29 ticks, tree = 14733.79 MB, solutions = 94)
Nodefile size = 14580.09 MB (11956.30 MB after compression)
 156322 114619      945.3767   646     1358.0000      937.1083 48554142   30.99%
 156450 114741     1005.8587   535     1358.0000      937.1083 48580505   30.99%
 157346 115554     1248.9667   420     1358.0000      937.1083 48756188   30.99%
 162948 120760     1126.6939   511     1358.0000      938.3871 50071725   30.90%
                                                      Cuts: 6                  
 163235 121045     1048.0508   675     1358.0000      938.3871 50218884   30.90%
 163715 121512     1174.0503   499     1358.0000      938.3871 50363060   30.90%
 164247 122026     1217.5667   539     1358.0000      938.3871 50465581   30.90%
 165136 122832     1003.7789   552     1358.0000      938.3871 50638497   30.90%
 165564 123225     1155.1875   644     1358.0000      938.3871 50758101   30.90%
 170947 128183     1017.8314   463     1358.0000      939.2143 51973702   30.84%
                                                      Cuts: 5                  
Elapsed time = 3283.75 sec. (896604.40 ticks, tree = 17176.50 MB, solutions = 94)
Nodefile size = 17026.31 MB (13988.12 MB after compression)
 171225 128457     1014.6910   564     1358.0000      939.2143 52119949   30.84%
 171561 128791     1187.0500   600     1358.0000      939.2143 52231137   30.84%
 172457 129637     1329.6957   265     1358.0000      939.2143 52407694   30.84%
 172937 130077     1030.7029   619     1358.0000      939.2143 52563619   30.84%
 175790 132727      977.1250   554     1358.0000      939.2143 53292308   30.84%
*177254+134094                         1349.0000      939.2143 53624222   30.38%
Found incumbent of value 1349.000000 after 3378.94 sec. (915210.04 ticks)
 177592 132830     1216.9866   491     1349.0000      940.2706 53679955   30.30%
                                                      Cuts: 4                  
 177873 133104     1082.4236   602     1349.0000      940.2706 53820429   30.30%
 178428 133654     1213.1250   522     1349.0000      940.2706 53929748   30.30%
 179173 134356     1114.6184   539     1349.0000      940.2706 54055793   30.30%
 179301 134465     1161.5000   336     1349.0000      940.2706 54111073   30.30%
Elapsed time = 3471.15 sec. (938982.77 ticks, tree = 18015.46 MB, solutions = 94)
Nodefile size = 17856.43 MB (14685.47 MB after compression)
 181580 136544      982.8750   605     1349.0000      940.2706 54818597   30.30%
 185300 139992      970.3493   610     1349.0000      941.1422 55577677   30.23%
                                                  Impl Bds: 4                  
 185479 140163     1031.4167   355     1349.0000      941.1422 55686932   30.23%
 185716 140396     1117.7692   481     1349.0000      941.1422 55784719   30.23%
 185908 140582     1142.9917   474     1349.0000      941.1422 55834737   30.23%
 186689 141316     1169.6667   589     1349.0000      941.1422 56029671   30.23%
 189162 143613     1300.7500    81     1349.0000      941.1422 56700941   30.23%
 191852 146096      970.6807   657     1349.0000      942.1960 57282516   30.16%
                                                      Cuts: 4                  
 192076 146313      988.2643   587     1349.0000      942.1960 57425556   30.16%
 192332 146555     1111.8733   544     1349.0000      942.1960 57535763   30.16%
Elapsed time = 3659.40 sec. (983803.89 ticks, tree = 20193.63 MB, solutions = 95)
Nodefile size = 20039.74 MB (16502.31 MB after compression)
 193847 148002     1165.1667   339     1349.0000      942.1960 57889305   30.16%
 194268 148380     1236.0000   514     1349.0000      942.1960 58014362   30.16%
 197691 151538      981.9789   632     1349.0000      942.1960 58754775   30.16%
 199090 152805     1028.8750   516     1349.0000      942.8215 59092304   30.11%
                                                  Impl Bds: 4                  
 199193 152906     1059.7808   626     1349.0000      942.8215 59177569   30.11%
 199449 153157     1112.3194   592     1349.0000      942.8215 59286095   30.11%
 199737 153439     1169.4500   515     1349.0000      942.8215 59358173   30.11%
 200569 154237      988.9154   487     1349.0000      942.8215 59508329   30.11%
 203256 156739     1100.0424   596     1349.0000      942.8215 60181995   30.11%
 206664 159910     1011.5263   409     1349.0000      943.4860 60919010   30.06%
                                                  Impl Bds: 7                  
Elapsed time = 3824.79 sec. (1025631.74 ticks, tree = 22451.66 MB, solutions = 95)
Nodefile size = 22299.57 MB (18373.60 MB after compression)
 206986 160222     1204.3333   590     1349.0000      943.4860 61013861   30.06%
 207715 160926     1134.6979   560     1349.0000      943.4860 61141408   30.06%
 208163 161350     1216.9917   590     1349.0000      943.4860 61206069   30.06%
 209514 162570     1116.0917   653     1349.0000      943.4860 61501384   30.06%
 214435 167098     1015.2632   638     1349.0000      943.4860 62624330   30.06%
 214846 167492     1060.1000   627     1349.0000      944.3833 62735420   29.99%
                                                      Cuts: 8                  
 215065 167707     1138.5000   443     1349.0000      944.3833 62851802   29.99%
 215271 167905     1172.5605   616     1349.0000      944.3833 62932267   29.99%
 216037 168643     1190.8685   583     1349.0000      944.3833 63111196   29.99%
 216303 168896     1182.8333   426     1349.0000      944.3833 63167040   29.99%
Elapsed time = 3999.15 sec. (1069711.46 ticks, tree = 23716.47 MB, solutions = 95)
Nodefile size = 23556.95 MB (19415.55 MB after compression)
 221947 174099     1196.7809   472     1349.0000      945.0972 64406497   29.94%
                                                      Cuts: 4                  
 222164 174311      980.8162   573     1349.0000      945.0972 64577918   29.94%
 222260 174406      992.6607   576     1349.0000      945.0972 64641790   29.94%
 222484 174607     1072.6381   636     1349.0000      945.0972 64729777   29.94%
 223314 175419     1151.0977   574     1349.0000      945.0972 64897322   29.94%
 228080 179745     1165.9333   458     1349.0000      945.5262 66015482   29.91%
                                                  Impl Bds: 3                  
 228228 179891     1050.5000   475     1349.0000      945.5262 66142374   29.91%
 228511 180174     1112.0833   528     1349.0000      945.5262 66284350   29.91%
 229471 181108     1339.9028   328     1349.0000      945.5262 66463680   29.91%
 229727 181336      979.6667   443     1349.0000      945.5262 66522332   29.91%
Elapsed time = 4192.18 sec. (1114711.45 ticks, tree = 25758.12 MB, solutions = 95)
Nodefile size = 25597.12 MB (21123.41 MB after compression)
 233533 184870      978.1678   543     1349.0000      945.5262 67411351   29.91%
 234836 186061     1307.4389   288     1349.0000      946.3667 67752391   29.85%
                                                  Impl Bds: 4                  
 234968 186192     1047.7429   591     1349.0000      946.3667 67855410   29.85%
 235128 186350     1105.2500   514     1349.0000      946.3667 67945921   29.85%
 235465 186678     1051.6667   671     1349.0000      946.3667 68080691   29.85%
 235625 186833     1073.2433   649     1349.0000      946.3667 68132315   29.85%
*240561 191391      integral     0     1347.0000      946.3667 69188540   29.74%
Found incumbent of value 1347.000000 after 4305.98 sec. (1141743.20 ticks)
 241448 191682     1113.8333   424     1347.0000      947.0128 69399304   29.69%
                                                      Cuts: 5                  
 241576 191810     1108.6000   514     1347.0000      947.0128 69494183   29.69%
 241642 191874     1039.6322   627     1347.0000      947.0128 69548830   29.69%
Elapsed time = 4373.89 sec. (1156663.46 ticks, tree = 27741.05 MB, solutions = 95)
Nodefile size = 27587.73 MB (22791.42 MB after compression)
 241706 191936     1057.0625   586     1347.0000      947.0128 69590218   29.69%
 241834 192061     1098.7143   571     1347.0000      947.0128 69653363   29.69%
 242394 192597     1053.4654   597     1347.0000      947.0128 69845562   29.69%
 246432 196336      973.8333   581     1347.0000      947.0128 71137662   29.69%
                                                      Cuts: 4                  
 246587 196491     1112.1759   605     1347.0000      947.0128 71255992   29.69%
 246720 196620     1037.8833   599     1347.0000      947.0128 71326375   29.69%
 246971 196867     1164.7833   577     1347.0000      947.0128 71427840   29.69%
 247611 197499     1263.1429   349     1347.0000      947.0128 71546941   29.69%
*247807+197680                         1331.0000      947.0128 71573314   28.85%
Found incumbent of value 1331.000000 after 4488.23 sec. (1173413.32 ticks)
 253541 195201     1184.6081   500     1331.0000      948.0860 72741907   28.77%
                                                  Impl Bds: 2                  
 253644 195300     1015.8333   630     1331.0000      948.0860 72811910   28.77%
Elapsed time = 4541.60 sec. (1199675.77 ticks, tree = 27728.57 MB, solutions = 96)
Nodefile size = 27573.91 MB (22753.67 MB after compression)
 253900 195550     1049.6434   643     1331.0000      948.0860 72913868   28.77%
 254412 196049     1143.8457   575     1331.0000      948.0860 73046618   28.77%
 254854 196472     1173.0833   531     1331.0000      948.0860 73147327   28.77%
 258599 199908     1100.4750   492     1331.0000      948.0860 74223084   28.77%
 259432 200663     1044.0635   629     1331.0000      948.5455 74457367   28.73%
                                                  Impl Bds: 4                  
 259592 200819     1140.8333   584     1331.0000      948.5455 74530085   28.73%
 260296 201505      971.4167   501     1331.0000      948.5455 74707292   28.73%
 260776 201945     1109.3884   513     1331.0000      948.5455 74828989   28.73%
 261914 202974      980.5902   655     1331.0000      948.5455 75185834   28.73%
*264909+205725                         1330.0000      948.5455 76001196   28.68%
Found incumbent of value 1330.000000 after 4699.27 sec. (1234626.51 ticks)
 265327 205559     1009.0500   508     1330.0000      949.1889 76149953   28.63%
                                                  Impl Bds: 1                  
Elapsed time = 4721.97 sec. (1245321.81 ticks, tree = 29439.35 MB, solutions = 100)
Nodefile size = 29286.98 MB (24191.33 MB after compression)
 265486 205712     1079.2455   670     1330.0000      949.1889 76257190   28.63%
 265614 205840     1115.8571   483     1330.0000      949.1889 76328161   28.63%
 266735 206911     1043.8578   546     1330.0000      949.1889 76595976   28.63%
 267868 207951     1046.0667   619     1330.0000      949.1889 76870808   28.63%
 271857 211617     1323.0000   111     1330.0000      949.8003 77793206   28.59%
 272017 211765     1007.7857   447     1330.0000      949.8003 77915630   28.59%
 272136 211884     1132.7917   605     1330.0000      949.8003 77992882   28.59%
 272232 211974     1160.0000   392     1330.0000      949.8003 78042718   28.59%
 272392 212126     1226.3333   443     1330.0000      949.8003 78127456   28.59%
 274079 213694     1233.1429   483     1330.0000      949.8003 78595884   28.59%
Elapsed time = 4901.90 sec. (1292101.30 ticks, tree = 30488.10 MB, solutions = 100)
Nodefile size = 30302.83 MB (25050.48 MB after compression)
 277607 216930     1060.2058   552     1330.0000      950.1786 79456185   28.56%
 277773 217094     1118.5273   563     1330.0000      950.1786 79566312   28.56%
 277901 217214     1153.2000   539     1330.0000      950.1786 79608111   28.56%
 278509 217783     1266.7722   483     1330.0000      950.1786 79753109   28.56%
 279679 218848     1109.6667   578     1330.0000      950.1786 80125254   28.56%
 284139 222924      974.6382   453     1330.0000      950.8185 81119946   28.51%
 284333 223111     1024.6667   483     1330.0000      950.8185 81242800   28.51%
 284630 223395     1099.7266   561     1330.0000      950.8185 81351306   28.51%
 284870 223631     1107.8984   598     1330.0000      950.8185 81408908   28.51%
 285030 223779     1128.1667   559     1330.0000      950.8185 81442885   28.51%
Elapsed time = 5087.30 sec. (1335324.92 ticks, tree = 32337.37 MB, solutions = 100)
Nodefile size = 32181.51 MB (26620.32 MB after compression)
 286630 225245      977.2875   618     1330.0000      950.8185 81827029   28.51%
 290988 229261     1145.5556   464     1330.0000      951.3333 82826203   28.47%
                                                      Cuts: 3                  
 291155 229425     1038.0000   523     1330.0000      951.3333 82932075   28.47%
 291251 229521     1057.1402   623     1330.0000      951.3333 82982627   28.47%
 291507 229773     1123.0056   588     1330.0000      951.3333 83072075   28.47%
 291795 230045     1246.6810   559     1330.0000      951.3333 83142933   28.47%
 296541 234380     1005.6712   588     1330.0000      951.3333 84283920   28.47%
 297617 235365     1060.7778   592     1330.0000      951.8235 84598517   28.43%
                                                  Impl Bds: 2                  
 297799 235539     1114.5500   561     1330.0000      951.8235 84699251   28.43%
 297991 235730     1139.0507   583     1330.0000      951.8235 84773692   28.43%
Elapsed time = 5268.50 sec. (1380636.53 ticks, tree = 34384.43 MB, solutions = 100)
Nodefile size = 34228.12 MB (28314.69 MB after compression)
 298247 235974     1193.8269   386     1330.0000      951.8235 84836930   28.43%
 299320 236960     1069.6000   431     1330.0000      951.8235 85069117   28.43%
 303613 240922     1095.6667   555     1330.0000      951.8235 86159231   28.43%
 303913 241214     1244.9924   451     1330.0000      951.8235 86298394   28.43%
 304585 241823     1028.2604   615     1330.0000      951.8235 86453502   28.43%
 304777 242003     1085.8889   566     1330.0000      951.8235 86519887   28.43%
 305065 242275     1180.7500   471     1330.0000      951.8235 86624306   28.43%
*305301+242479                         1328.0000      951.8235 86697354   28.33%
Found incumbent of value 1328.000000 after 5402.89 sec. (1398499.42 ticks)
 310712 246026     1120.9167   347     1328.0000      952.8742 87924890   28.25%
                                                      Cuts: 2                  
 310815 246124     1019.1560   541     1328.0000      952.8742 88004343   28.25%
 310943 246248     1072.4222   569     1328.0000      952.8742 88078249   28.25%
Elapsed time = 5456.75 sec. (1427014.97 ticks, tree = 36190.79 MB, solutions = 100)
Nodefile size = 36036.92 MB (29812.36 MB after compression)
 311135 246435     1061.4306   499     1328.0000      952.8742 88148291   28.25%
 311615 246894     1146.5444   454     1328.0000      952.8742 88263458   28.25%
 316607 251458     1186.0952   377     1328.0000      953.1003 89535376   28.23%
                                                  Impl Bds: 1                  
 316788 251635     1038.2632   595     1328.0000      953.1003 89683758   28.23%
 316984 251827     1104.6774   567     1328.0000      953.1003 89793448   28.23%
 317272 252109     1135.7433   485     1328.0000      953.1003 89885799   28.23%
 317689 252485     1231.8542   530     1328.0000      953.1003 89991074   28.23%
*318381+253131                         1325.0000      953.1003 90191141   28.07%
Found incumbent of value 1325.000000 after 5590.09 sec. (1448940.96 ticks)
 319723 254352     1116.6811   482     1325.0000      953.1003 90595673   28.07%
*320969 255488      integral     0     1287.0000      953.1003 90860487   25.94%
Found incumbent of value 1287.000000 after 5602.30 sec. (1461487.21 ticks)
 322510 216062     1054.9375   493     1287.0000      953.8115 91240348   25.89%
                                                      Cuts: 2                  
Elapsed time = 5623.98 sec. (1465695.48 ticks, tree = 31611.58 MB, solutions = 101)
Nodefile size = 31459.32 MB (25988.09 MB after compression)
 322606 216155     1063.3403   534     1287.0000      953.8115 91332625   25.89%
 322862 216402     1119.5833   459     1287.0000      953.8115 91475753   25.89%
 323086 216618     1200.6667   317     1287.0000      953.8115 91567510   25.89%
 323605 217081     1073.3000   513     1287.0000      953.8115 91785881   25.89%
*325016+218371                         1273.0000      953.8115 92300134   25.07%
Found incumbent of value 1273.000000 after 5698.79 sec. (1481763.02 ticks)
 326001 219256     1022.0000   581     1273.0000      953.8115 92626815   25.07%
 326700 205023     1050.4333   556     1273.0000      954.3582 92898888   25.03%
 326822 205145     1120.9444   547     1273.0000      954.3582 92997063   25.03%
 327095 205412     1162.5833   603     1273.0000      954.3582 93162004   25.03%
 327191 205504     1153.4000   475     1273.0000      954.3582 93210204   25.03%
 328832 206960     1044.5944   648     1273.0000      954.3582 93632742   25.03%
Elapsed time = 5792.68 sec. (1509638.97 ticks, tree = 29615.37 MB, solutions = 104)
Nodefile size = 29428.72 MB (24285.53 MB after compression)
 331674 209480      977.4206   486     1273.0000      954.8333 94483622   24.99%
 331758 209560     1035.0323   496     1273.0000      954.8333 94547579   24.99%
 331950 209742     1110.1095   556     1273.0000      954.8333 94656056   24.99%
 332420 210187     1180.8854   615     1273.0000      954.8333 94821281   24.99%
 332910 210633     1048.0327   530     1273.0000      954.8333 94996615   24.99%
 336266 213633     1186.6190   299     1273.0000      955.2083 96032938   24.96%
 336380 213737     1008.1487   545     1273.0000      955.2083 96113403   24.96%
 336653 213991     1245.7222   553     1273.0000      955.2083 96249529   24.96%
 337186 214487     1116.1786   373     1273.0000      955.2083 96402896   24.96%
 337954 215166      977.0000   599     1273.0000      955.2083 96602805   24.96%
Elapsed time = 5970.14 sec. (1552391.77 ticks, tree = 31032.57 MB, solutions = 104)
Nodefile size = 30872.06 MB (25487.87 MB after compression)
 338373 215547     1019.5833   487     1273.0000      955.2083 96772632   24.96%
 341713 218533     1066.9757   634     1273.0000      955.8667 97739129   24.91%
                                                    Covers: 1                  
 341893 218703     1053.8478   600     1273.0000      955.8667 97853092   24.91%
 342038 218840     1144.2976   599     1273.0000      955.8667 97932624   24.91%
 342486 219266      966.6667   383     1273.0000      955.8667 98055285   24.91%
 343650 220315     1206.2500   439     1273.0000      955.8667 98417527   24.91%
 345875 222284     1036.5794   558     1273.0000      955.8667 99138255   24.91%
*346026+222403                         1271.0000      955.8667 99188708   24.79%
Found incumbent of value 1271.000000 after 6084.48 sec. (1579616.52 ticks)
 346683 220837     1056.5333   634     1271.0000      956.2750 99434255   24.76%
 346843 220997     1102.5359   654     1271.0000      956.2750 99556170   24.76%
 347035 221189     1142.2643   591     1271.0000      956.2750 99655095   24.76%
Elapsed time = 6160.82 sec. (1595351.05 ticks, tree = 32241.52 MB, solutions = 105)
Nodefile size = 32086.47 MB (26490.25 MB after compression)
 347358 221501     1167.0312   556     1271.0000      956.2750 99761526   24.76%
 347646 221743     1208.9583   548     1271.0000      956.2750 99812664   24.76%
 352665 226200     1102.6944   376     1271.0000      956.5776 1.01e+08   24.74%
                                                  Impl Bds: 3                  
 352762 226289     1061.9495   688     1271.0000      956.5776 1.01e+08   24.74%
 352826 226349     1073.3009   630     1271.0000      956.5776 1.01e+08   24.74%
 352954 226473     1093.2124   648     1271.0000      956.5776 1.01e+08   24.74%
 353032 226549     1085.3333   545     1271.0000      956.5776 1.01e+08   24.74%
 355834 229049     1085.1754   596     1271.0000      956.5776 1.03e+08   24.74%
                                                      Cuts: 3                  
 355940 229155      992.9457   605     1271.0000      956.5776 1.03e+08   24.74%
 356050 229265     1083.5063   597     1271.0000      956.5776 1.03e+08   24.74%
Elapsed time = 6329.07 sec. (1641620.05 ticks, tree = 33166.31 MB, solutions = 105)
Nodefile size = 33010.29 MB (27250.63 MB after compression)
 356219 229428     1101.6071   449     1271.0000      956.5776 1.03e+08   24.74%
 356324 229532     1117.6000   411     1271.0000      956.5776 1.03e+08   24.74%
 356420 229624     1134.5787   575     1271.0000      956.5776 1.03e+08   24.74%
 360946 233635     1182.6167   479     1271.0000      957.3571 1.04e+08   24.68%
                                                  Impl Bds: 5                  
 361066 233751     1143.6858   446     1271.0000      957.3571 1.04e+08   24.68%
 361559 234220     1069.4627   616     1271.0000      957.3571 1.05e+08   24.68%
 361911 234541     1133.5833   545     1271.0000      957.3571 1.05e+08   24.68%
 362423 234988      981.3500   581     1271.0000      957.3571 1.05e+08   24.68%
 364723 237068      985.2803   509     1271.0000      957.3571 1.06e+08   24.68%
 366723 238859     1047.9111   566     1271.0000      957.9719 1.06e+08   24.63%
                                                  Impl Bds: 1                  
Elapsed time = 6509.03 sec. (1683053.89 ticks, tree = 34791.71 MB, solutions = 105)
Nodefile size = 34637.72 MB (28592.37 MB after compression)
 366908 239032     1106.4330   425     1271.0000      957.9719 1.06e+08   24.63%
 367157 239272     1141.8485   588     1271.0000      957.9719 1.06e+08   24.63%
 367445 239532     1017.8099   595     1271.0000      957.9719 1.06e+08   24.63%
 368472 240462     1014.5453   626     1271.0000      957.9719 1.07e+08   24.63%
 372605 244129     1102.0324   580     1271.0000      958.4353 1.08e+08   24.59%
                                                  Impl Bds: 3                  
 372701 244216     1121.0115   631     1271.0000      958.4353 1.08e+08   24.59%
 373053 244560     1175.0175   569     1271.0000      958.4353 1.08e+08   24.59%
 374092 245494      981.4167   509     1271.0000      958.4353 1.08e+08   24.59%
 374668 245998     1205.0000   360     1271.0000      958.4353 1.08e+08   24.59%
 374982 246289     1119.3995   619     1271.0000      958.4353 1.09e+08   24.59%
Elapsed time = 6679.64 sec. (1728208.20 ticks, tree = 35685.21 MB, solutions = 105)
Nodefile size = 35520.75 MB (29317.13 MB after compression)
 378930 249847     1015.9767   663     1271.0000      958.9375 1.10e+08   24.55%
 379090 250007     1078.2500   491     1271.0000      958.9375 1.10e+08   24.55%
 379282 250186     1119.0278   567     1271.0000      958.9375 1.10e+08   24.55%
 379504 250398     1167.1736   518     1271.0000      958.9375 1.10e+08   24.55%
 380336 251153     1032.8133   590     1271.0000      958.9375 1.10e+08   24.55%
 382031 252667      998.3594   671     1271.0000      958.9375 1.11e+08   24.55%
 383892 254315     1031.1083   406     1271.0000      959.3014 1.11e+08   24.52%
 384228 254642     1136.3333   527     1271.0000      959.3014 1.11e+08   24.52%
 384347 254753      984.5208   665     1271.0000      959.3014 1.11e+08   24.52%
 384603 254993     1049.1740   557     1271.0000      959.3014 1.12e+08   24.52%
Elapsed time = 6874.50 sec. (1772448.56 ticks, tree = 37364.22 MB, solutions = 105)
Nodefile size = 37206.25 MB (30720.21 MB after compression)
 386013 256235     1207.6786   404     1271.0000      959.3014 1.12e+08   24.52%
 389074 258989     1036.3333   578     1271.0000      959.9000 1.13e+08   24.48%
 389171 259077     1068.3636   536     1271.0000      959.9000 1.13e+08   24.48%
 389331 259225     1142.4167   315     1271.0000      959.9000 1.13e+08   24.48%
 389725 259593     1136.1667   512     1271.0000      959.9000 1.13e+08   24.48%
 390397 260175     1022.9375   564     1271.0000      959.9000 1.13e+08   24.48%
*392447 261996      integral     0     1120.0000      959.9000 1.14e+08   14.29%
Found incumbent of value 1120.000000 after 6987.57 sec. (1799482.94 ticks)
 393431 262862     1004.0500   586     1120.0000      959.9000 1.14e+08   14.29%
 394487 104800     1017.1453   627     1120.0000      960.1806 1.15e+08   14.27%
 394583 104876     1048.2906   597     1120.0000      960.1806 1.15e+08   14.27%
Elapsed time = 7026.02 sec. (1813346.62 ticks, tree = 14576.41 MB, solutions = 105)
Nodefile size = 14420.09 MB (11726.17 MB after compression)
 394871 105107     1089.3833   435     1120.0000      960.1806 1.15e+08   14.27%
 395095 105278     1018.7399   545     1120.0000      960.1806 1.15e+08   14.27%
 395511 105599      978.0000   533     1120.0000      960.1806 1.15e+08   14.27%
 397682 107211     1030.6667   622     1120.0000      960.8333 1.16e+08   14.21%
 397834 107330     1028.9833   525     1120.0000      960.8333 1.16e+08   14.21%
 398066 107512     1108.4500   423     1120.0000      960.8333 1.17e+08   14.21%
 398154 107562     1017.3704   552     1120.0000      960.8333 1.17e+08   14.21%
 398314 107672     1066.5104   569     1120.0000      960.8333 1.17e+08   14.21%
 400003 108977     1041.8744   565     1120.0000      960.8333 1.18e+08   14.21%
 400808 109565     1096.2000   524     1120.0000      961.4022 1.18e+08   14.16%
Elapsed time = 7216.10 sec. (1857193.26 ticks, tree = 15368.19 MB, solutions = 106)
Nodefile size = 15213.15 MB (12364.69 MB after compression)
 401077 109763        cutoff           1120.0000      961.4022 1.18e+08   14.16%
 401327 109950      996.6354   645     1120.0000      961.4022 1.18e+08   14.16%
 401519 110106     1044.9641   653     1120.0000      961.4022 1.18e+08   14.16%
 401647 110203     1064.8148   581     1120.0000      961.4022 1.18e+08   14.16%
 403633 111642     1035.2588   643     1120.0000      961.8750 1.20e+08   14.12%
                                                  Impl Bds: 1                  
 403765 111752     1070.3333   598     1120.0000      961.8750 1.20e+08   14.12%
*403791+111773                         1115.0000      961.8750 1.20e+08   13.73%
Found incumbent of value 1115.000000 after 7315.98 sec. (1877963.69 ticks)
 403973 111901      994.2385   581     1115.0000      961.8750 1.20e+08   13.73%
 404164 112028     1052.2000   516     1115.0000      961.8750 1.20e+08   13.73%
 404292 112114     1079.2500   478     1115.0000      961.8750 1.20e+08   13.73%
 404516 112289     1002.2286   533     1115.0000      961.8750 1.20e+08   13.73%
Elapsed time = 7380.39 sec. (1898806.11 ticks, tree = 15728.31 MB, solutions = 106)
Nodefile size = 15570.27 MB (12652.39 MB after compression)
 406389 109767     1029.5926   716     1115.0000      962.6605 1.21e+08   13.66%
                                                      Cuts: 3                  
 406458 109822     1006.3370   660     1115.0000      962.6605 1.21e+08   13.66%
 406533 109880     1003.9558   560     1115.0000      962.6605 1.22e+08   13.66%
 406661 109972     1035.9167   523     1115.0000      962.6605 1.22e+08   13.66%
 406757 110033     1033.0962   595     1115.0000      962.6605 1.22e+08   13.66%
 407719 110728     1077.2857   574     1115.0000      962.8639 1.23e+08   13.64%
 407815 110803     1097.4511   581     1115.0000      962.8639 1.23e+08   13.64%
 407992 110915     1103.0000   606     1115.0000      962.8639 1.23e+08   13.64%
 408382 111205      994.0889   524     1115.0000      962.8639 1.23e+08   13.64%
 408510 111315     1091.0031   606     1115.0000      962.8639 1.23e+08   13.64%
Elapsed time = 7566.04 sec. (1949443.09 ticks, tree = 15474.81 MB, solutions = 107)
Nodefile size = 15316.13 MB (12437.46 MB after compression)
 409784 112258      993.0119   600     1115.0000      962.8639 1.24e+08   13.64%
 410476 112748     1066.9673   571     1115.0000      963.4450 1.25e+08   13.59%
 410595 112807     1083.6294   579     1115.0000      963.4450 1.25e+08   13.59%
 410828 112987     1062.3488   526     1115.0000      963.4450 1.25e+08   13.59%
 410956 113091     1095.1242   525     1115.0000      963.4450 1.25e+08   13.59%
 411185 113245     1030.6042   586     1115.0000      963.4450 1.25e+08   13.59%
 412534 114220     1018.5833   460     1115.0000      963.4450 1.26e+08   13.59%
 413706 115052     1087.7963   534     1115.0000      963.9255 1.26e+08   13.55%
 413908 115205     1100.3718   518     1115.0000      963.9255 1.26e+08   13.55%
 414174 115396        cutoff           1115.0000      963.9255 1.27e+08   13.55%
Elapsed time = 7754.49 sec. (1991243.02 ticks, tree = 16190.47 MB, solutions = 107)
Nodefile size = 16032.39 MB (13014.03 MB after compression)
 414366 115546     1046.8333   455     1115.0000      963.9255 1.27e+08   13.55%
 414494 115631      995.7758   544     1115.0000      963.9255 1.27e+08   13.55%
 415521 116397      983.4262   610     1115.0000      963.9255 1.27e+08   13.55%
 416851 117347     1022.0028   634     1115.0000      964.4028 1.28e+08   13.51%
                                                  ZeroHalf: 1                  
 417009 117463     1050.8633   650     1115.0000      964.4028 1.28e+08   13.51%
 417137 117542        cutoff           1115.0000      964.4028 1.28e+08   13.51%
 417497 117812        cutoff           1115.0000      964.4028 1.28e+08   13.51%
 417866 118072     1030.1509   589     1115.0000      964.4028 1.29e+08   13.51%
 418122 118252     1111.2667   451     1115.0000      964.4028 1.29e+08   13.51%
 419673 119351        cutoff           1115.0000      965.0000 1.30e+08   13.45%
Elapsed time = 7896.86 sec. (2032831.42 ticks, tree = 16916.79 MB, solutions = 107)
Nodefile size = 16761.84 MB (13608.04 MB after compression)
 419781 119437     1042.9809   679     1115.0000      965.0000 1.30e+08   13.45%
 419907 119535     1097.1282   601     1115.0000      965.0000 1.30e+08   13.45%
 420062 119649     1040.6667   576     1115.0000      965.0000 1.30e+08   13.45%
 420222 119756     1031.2440   574     1115.0000      965.0000 1.30e+08   13.45%
 420702 120116     1026.0591   433     1115.0000      965.0000 1.30e+08   13.45%
 421513 120703     1062.0315   558     1115.0000      965.0000 1.31e+08   13.45%
 422816 121629     1017.0417   619     1115.0000      965.4773 1.32e+08   13.41%
 422912 121710     1029.8834   662     1115.0000      965.4773 1.32e+08   13.41%
 423200 121904     1103.3561   648     1115.0000      965.4773 1.32e+08   13.41%
 423386 122035     1015.7857   548     1115.0000      965.4773 1.32e+08   13.41%
Elapsed time = 8070.96 sec. (2076374.63 ticks, tree = 17294.82 MB, solutions = 107)
Nodefile size = 17135.07 MB (13911.73 MB after compression)
 423770 122303     1061.4048   538     1115.0000      965.4773 1.32e+08   13.41%
 424399 122754     1054.0292   581     1115.0000      965.4773 1.33e+08   13.41%
 426035 123900     1084.0333   641     1115.0000      965.9286 1.33e+08   13.37%
 426280 124062      991.3144   415     1115.0000      965.9286 1.34e+08   13.37%
 426633 124323     1087.7333   398     1115.0000      965.9286 1.34e+08   13.37%
 426819 124456     1060.4937   635     1115.0000      965.9286 1.34e+08   13.37%
 427079 124642        cutoff           1115.0000      965.9286 1.34e+08   13.37%
 427530 124979     1055.8571   495     1115.0000      965.9286 1.34e+08   13.37%
 429305 126193     1033.8996   646     1115.0000      966.7619 1.35e+08   13.29%
 429446 126298     1049.1250   604     1115.0000      966.7619 1.35e+08   13.29%
Elapsed time = 8246.47 sec. (2119371.52 ticks, tree = 18034.35 MB, solutions = 107)
Nodefile size = 17878.34 MB (14512.43 MB after compression)
 429606 126399     1087.2500   493     1115.0000      966.7619 1.35e+08   13.29%
 429959 126677      979.1463   660     1115.0000      966.7619 1.35e+08   13.29%
 430087 126759     1014.5476   614     1115.0000      966.7619 1.36e+08   13.29%
 430215 126829     1023.1632   491     1115.0000      966.7619 1.36e+08   13.29%
 432600 128482     1033.6063   513     1115.0000      967.3088 1.37e+08   13.25%
                                                    Covers: 1                  
 432758 128611     1085.0000   625     1115.0000      967.3088 1.37e+08   13.25%
 433019 128790     1028.8548   604     1115.0000      967.3088 1.37e+08   13.25%
 433339 129021     1007.4245   645     1115.0000      967.3088 1.37e+08   13.25%
 433499 129137     1070.0320   579     1115.0000      967.3088 1.37e+08   13.25%
 433767 129314     1069.0042   607     1115.0000      967.3088 1.38e+08   13.25%
Elapsed time = 8416.02 sec. (2162667.39 ticks, tree = 18410.75 MB, solutions = 107)
Nodefile size = 18249.47 MB (14811.16 MB after compression)
 435613 130643     1029.9728   633     1115.0000      967.3088 1.39e+08   13.25%
 435987 130886     1072.8906   558     1115.0000      967.6923 1.39e+08   13.21%
 436051 130924     1074.5556   561     1115.0000      967.6923 1.39e+08   13.21%
 436211 131055     1099.4359   629     1115.0000      967.6923 1.39e+08   13.21%
 436411 131182     1095.3636   565     1115.0000      967.6923 1.39e+08   13.21%
 437164 131729      998.0714   629     1115.0000      967.6923 1.40e+08   13.21%
 438296 132557     1041.2083   519     1115.0000      967.6923 1.40e+08   13.21%
 439250 133232     1069.1667   581     1115.0000      968.2107 1.41e+08   13.16%
                                                  Impl Bds: 1                  
 439356 133305     1061.1250   573     1115.0000      968.2107 1.41e+08   13.16%
 439538 133421     1074.8929   608     1115.0000      968.2107 1.41e+08   13.16%
Elapsed time = 8602.21 sec. (2206260.22 ticks, tree = 19160.99 MB, solutions = 107)
Nodefile size = 19003.33 MB (15426.48 MB after compression)
 439666 133516        cutoff           1115.0000      968.2107 1.41e+08   13.16%
 439794 133617     1059.6667   413     1115.0000      968.2107 1.41e+08   13.16%
 440306 133981     1066.6667   414     1115.0000      968.2107 1.41e+08   13.16%
 442286 135356     1065.2278   328     1115.0000      968.7250 1.42e+08   13.12%
 442375 135434     1035.8000   624     1115.0000      968.7250 1.42e+08   13.12%
 442575 135572     1022.7864   628     1115.0000      968.7250 1.43e+08   13.12%
 442694 135631     1071.0108   547     1115.0000      968.7250 1.43e+08   13.12%
 442886 135779      977.5750   652     1115.0000      968.7250 1.43e+08   13.12%
 442982 135856     1021.8281   655     1115.0000      968.7250 1.43e+08   13.12%
 443206 136022     1086.1458   619     1115.0000      968.7250 1.43e+08   13.12%
Elapsed time = 8741.25 sec. (2247978.75 ticks, tree = 19513.49 MB, solutions = 107)
Nodefile size = 19354.56 MB (15714.46 MB after compression)
 445601 137713     1078.5833   474     1115.0000      969.0833 1.44e+08   13.09%
                                                  Impl Bds: 1                  
 445757 137832     1098.2589   569     1115.0000      969.0833 1.44e+08   13.09%
 445978 137999     1029.0455   586     1115.0000      969.0833 1.45e+08   13.09%
 446202 138141     1012.7917   542     1115.0000      969.0833 1.45e+08   13.09%
 446298 138213     1023.4943   557     1115.0000      969.0833 1.45e+08   13.09%
 448268 139656     1065.2778   485     1115.0000      969.0833 1.46e+08   13.09%
 448851 140000      988.8333   410     1115.0000      969.5174 1.46e+08   13.05%
                                                  Impl Bds: 4                  
 449000 140109     1092.0469   602     1115.0000      969.5174 1.46e+08   13.05%
 449131 140214     1066.4363   580     1115.0000      969.5174 1.46e+08   13.05%
 449387 140386      997.3873   574     1115.0000      969.5174 1.46e+08   13.05%
Elapsed time = 8956.36 sec. (2293220.49 ticks, tree = 20263.18 MB, solutions = 107)
Nodefile size = 20105.32 MB (16327.33 MB after compression)
 449963 140813     1019.1392   539     1115.0000      969.5174 1.47e+08   13.05%
 450187 140992     1101.5000   519     1115.0000      969.5174 1.47e+08   13.05%
 452488 142566     1027.6061   454     1115.0000      970.0249 1.48e+08   13.00%
 452592 142649     1064.2000   575     1115.0000      970.0249 1.48e+08   13.00%
 452728 142749     1037.1250   587     1115.0000      970.0249 1.48e+08   13.00%
 452952 142911     1102.9333   458     1115.0000      970.0249 1.48e+08   13.00%
 453144 143026     1086.7667   437     1115.0000      970.0249 1.48e+08   13.00%
 453304 143126      998.5314   644     1115.0000      970.0249 1.49e+08   13.00%
 454169 143740     1003.3910   637     1115.0000      970.0249 1.49e+08   13.00%
 456065 145044     1029.5521   651     1115.0000      970.6495 1.50e+08   12.95%
Elapsed time = 9111.51 sec. (2334105.61 ticks, tree = 21007.20 MB, solutions = 107)
Nodefile size = 20852.95 MB (16928.05 MB after compression)
 456120 145091     1028.0833   565     1115.0000      970.6495 1.50e+08   12.95%
 456193 145139     1042.3333   544     1115.0000      970.6495 1.50e+08   12.95%
 456289 145192    infeasible           1115.0000      970.6495 1.50e+08   12.95%
 456346 145226     1043.0185   604     1115.0000      970.6495 1.50e+08   12.95%
 456798 145554     1066.0000   548     1115.0000      970.6495 1.51e+08   12.95%
 457852 146263     1017.5000   488     1115.0000      970.9524 1.52e+08   12.92%
 457949 146338     1083.3048   581     1115.0000      970.9524 1.52e+08   12.92%
 458121 146432     1080.9167   635     1115.0000      970.9524 1.52e+08   12.92%
 458409 146654        cutoff           1115.0000      970.9524 1.52e+08   12.92%
 458585 146790     1066.1905   664     1115.0000      970.9524 1.52e+08   12.92%
Elapsed time = 9299.83 sec. (2381391.51 ticks, tree = 20991.31 MB, solutions = 107)
Nodefile size = 20834.84 MB (16912.45 MB after compression)
 459097 147142     1069.7550   415     1115.0000      970.9524 1.52e+08   12.92%
 461354 148686        cutoff           1115.0000      971.4565 1.54e+08   12.87%
                                                  Impl Bds: 1                  
 461494 148786     1023.5833   639     1115.0000      971.4565 1.54e+08   12.87%
 461654 148912     1061.9038   570     1115.0000      971.4565 1.54e+08   12.87%
 461796 149020     1018.0833   561     1115.0000      971.4565 1.54e+08   12.87%
 461956 149132     1043.9971   645     1115.0000      971.4565 1.54e+08   12.87%
 462499 149501     1002.9722   584     1115.0000      971.4565 1.54e+08   12.87%
 464047 150580     1112.1333   427     1115.0000      971.4565 1.55e+08   12.87%
 464569 150875     1018.3707   597     1115.0000      971.8786 1.55e+08   12.84%
                                                      Cuts: 5                  
 464734 150993     1062.4103   655     1115.0000      971.8786 1.56e+08   12.84%
Elapsed time = 9476.78 sec. (2424489.97 ticks, tree = 21733.64 MB, solutions = 107)
Nodefile size = 21579.78 MB (17519.28 MB after compression)
 464962 151150     1038.3750   595     1115.0000      971.8786 1.56e+08   12.84%
 465134 151280     1060.3506   569     1115.0000      971.8786 1.56e+08   12.84%
 465693 151668     1083.9000   406     1115.0000      971.8786 1.56e+08   12.84%
 466055 151931     1112.2500   433     1115.0000      971.8786 1.56e+08   12.84%
 468241 153435     1097.6667   395     1115.0000      972.3302 1.57e+08   12.80%
                                                  Impl Bds: 1                  
 468416 153565      999.8657   658     1115.0000      972.3302 1.58e+08   12.80%
 468583 153692     1090.9179   563     1115.0000      972.3302 1.58e+08   12.80%
 468743 153797      999.9360   687     1115.0000      972.3302 1.58e+08   12.80%
 468979 153980     1083.7500   672     1115.0000      972.3302 1.58e+08   12.80%
 469543 154377     1049.6492   607     1115.0000      972.3302 1.58e+08   12.80%
Elapsed time = 9643.47 sec. (2468310.70 ticks, tree = 22162.12 MB, solutions = 107)
Nodefile size = 22002.62 MB (17861.47 MB after compression)
 470108 154777     1047.7404   573     1115.0000      972.3302 1.59e+08   12.80%
 471862 155965     1072.6667   482     1115.0000      972.7674 1.59e+08   12.76%
                                                  Impl Bds: 2                  
 471938 156019     1037.6144   523     1115.0000      972.7674 1.60e+08   12.76%
 472098 156136     1080.5641   537     1115.0000      972.7674 1.60e+08   12.76%
 472417 156355     1001.2708   495     1115.0000      972.7674 1.60e+08   12.76%
 472545 156451     1073.0667   549     1115.0000      972.7674 1.60e+08   12.76%
 472705 156573     1016.1250   468     1115.0000      972.7674 1.60e+08   12.76%
 473217 156924     1056.8889   551     1115.0000      972.7674 1.60e+08   12.76%
*475137+158245                         1093.0000      972.7674 1.61e+08   11.00%
Found incumbent of value 1093.000000 after 9792.26 sec. (2500220.51 ticks)
 475320 140206      993.4958   572     1093.0000      973.1667 1.61e+08   10.96%
                                                  Impl Bds: 1                  
 475488 140309     1013.5385   577     1093.0000      973.1667 1.62e+08   10.96%
Elapsed time = 9834.66 sec. (2510117.41 ticks, tree = 20183.53 MB, solutions = 107)
Nodefile size = 20029.68 MB (16233.05 MB after compression)
 475648 140418     1042.8462   642     1093.0000      973.1667 1.62e+08   10.96%
 475936 140591     1066.4762   488     1093.0000      973.1667 1.62e+08   10.96%
 476344 140856      994.2917   527     1093.0000      973.1667 1.62e+08   10.96%
 476474 140939        cutoff           1093.0000      973.1667 1.62e+08   10.96%
 478466 142217     1020.3333   512     1093.0000      973.1667 1.63e+08   10.96%
 478665 142274     1048.5434   641     1093.0000      973.6479 1.63e+08   10.92%
                                                  Impl Bds: 3                  
 478844 142372     1010.7917   556     1093.0000      973.6479 1.64e+08   10.92%
 478985 142481     1030.1696   589     1093.0000      973.6479 1.64e+08   10.92%
 479145 142561     1078.3750   566     1093.0000      973.6479 1.64e+08   10.92%
 479324 142675        cutoff           1093.0000      973.6479 1.64e+08   10.92%
Elapsed time = 10009.65 sec. (2554042.87 ticks, tree = 20514.29 MB, solutions = 108)
Nodefile size = 20360.86 MB (16500.63 MB after compression)
 479452 142754     1041.2250   579     1093.0000      973.6479 1.64e+08   10.92%
 481418 143972     1005.2688   641     1093.0000      974.0098 1.65e+08   10.89%
 481578 144066     1036.4733   718     1093.0000      974.0098 1.65e+08   10.89%
 481770 144188        cutoff           1093.0000      974.0098 1.65e+08   10.89%
 481983 144327     1033.1667   562     1093.0000      974.0098 1.66e+08   10.89%
 482282 144515     1034.0794   569     1093.0000      974.0098 1.66e+08   10.89%
 482386 144594     1027.7955   630     1093.0000      974.0098 1.66e+08   10.89%
 482546 144698        cutoff           1093.0000      974.0098 1.66e+08   10.89%
 484784 146037     1051.7773   441     1093.0000      974.4405 1.67e+08   10.85%
                                                  Impl Bds: 1                  
 484884 146098     1083.0000   488     1093.0000      974.4405 1.67e+08   10.85%
Elapsed time = 10162.17 sec. (2595248.57 ticks, tree = 21133.41 MB, solutions = 108)
Nodefile size = 20981.86 MB (17003.08 MB after compression)
 485076 146223      996.3000   547     1093.0000      974.4405 1.67e+08   10.85%
 485300 146362     1030.4500   461     1093.0000      974.4405 1.68e+08   10.85%
 485584 146536     1006.3750   569     1093.0000      974.4405 1.68e+08   10.85%
 485744 146647     1059.0526   534     1093.0000      974.4405 1.68e+08   10.85%
 486320 147030     1012.2533   549     1093.0000      974.4405 1.68e+08   10.85%
 486927 147428      991.5139   585     1093.0000      974.4405 1.68e+08   10.85%
 488295 148224     1037.5000   562     1093.0000      975.0625 1.69e+08   10.79%
                                                      Cuts: 3                  
 488455 148343      988.8937   657     1093.0000      975.0625 1.69e+08   10.79%
 488649 148463     1050.4394   585     1093.0000      975.0625 1.69e+08   10.79%
 488716 148496     1087.9722   620     1093.0000      975.0625 1.69e+08   10.79%
Elapsed time = 10345.98 sec. (2647585.58 ticks, tree = 21475.47 MB, solutions = 108)
Nodefile size = 21321.71 MB (17277.20 MB after compression)
 491216 149980     1028.1864   557     1093.0000      975.4286 1.71e+08   10.76%
                                                  Impl Bds: 3                  
 491421 150140     1058.9444   619     1093.0000      975.4286 1.71e+08   10.76%
 491774 150351     1057.9841   634     1093.0000      975.4286 1.71e+08   10.76%
 492107 150548     1020.3977   535     1093.0000      975.4286 1.72e+08   10.76%
 492208 150618     1069.7500   552     1093.0000      975.4286 1.72e+08   10.76%
 492523 150807     1034.4559   447     1093.0000      975.4286 1.72e+08   10.76%
 493854 151672     1041.5000   395     1093.0000      975.4286 1.73e+08   10.76%
 494663 152104     1034.1190   648     1093.0000      976.0000 1.73e+08   10.70%
                                                  ZeroHalf: 1                  
 494879 152236     1078.0000   471     1093.0000      976.0000 1.73e+08   10.70%
 495022 152337     1035.3403   597     1093.0000      976.0000 1.73e+08   10.70%
Elapsed time = 10569.83 sec. (2691582.35 ticks, tree = 22104.66 MB, solutions = 108)
Nodefile size = 21955.06 MB (17790.54 MB after compression)
 495217 152467     1048.2302   624     1093.0000      976.0000 1.73e+08   10.70%
 495313 152532        cutoff           1093.0000      976.0000 1.73e+08   10.70%
 495505 152655     1056.6905   476     1093.0000      976.0000 1.74e+08   10.70%
 495731 152792     1012.2695   627     1093.0000      976.0000 1.74e+08   10.70%
 497782 154018        cutoff           1093.0000      976.1940 1.75e+08   10.69%
 497914 154113     1049.6579   642     1093.0000      976.1940 1.75e+08   10.69%
 498074 154220     1083.3958   487     1093.0000      976.1940 1.75e+08   10.69%
 498341 154387     1087.6042   528     1093.0000      976.1940 1.75e+08   10.69%
 498513 154510     1033.5833   500     1093.0000      976.1940 1.75e+08   10.69%
 498641 154583        cutoff           1093.0000      976.1940 1.75e+08   10.69%
Elapsed time = 10700.82 sec. (2732089.89 ticks, tree = 22426.09 MB, solutions = 108)
Nodefile size = 22272.72 MB (18048.32 MB after compression)
 499057 154841     1009.1792   521     1093.0000      976.1940 1.76e+08   10.69%
 501064 156048     1050.4098   613     1093.0000      976.7510 1.77e+08   10.64%
                                                  Impl Bds: 2                  
 501209 156128     1000.9815   446     1093.0000      976.7510 1.77e+08   10.64%
 501440 156271     1063.4714   559     1093.0000      976.7510 1.77e+08   10.64%
 501847 156530     1019.4368   506     1093.0000      976.7510 1.77e+08   10.64%
 502333 156836      983.7959   668     1093.0000      976.7510 1.77e+08   10.64%
 503125 157371     1053.7091   455     1093.0000      976.7510 1.78e+08   10.64%
 503294 157473      992.7827   660     1093.0000      976.7510 1.78e+08   10.64%

GUB cover cuts applied:  1
Clique cuts applied:  11
Cover cuts applied:  14
Implied bound cuts applied:  194
Mixed integer rounding cuts applied:  1
Zero-half cuts applied:  187
Gomory fractional cuts applied:  11

Root node processing (before b&c):
  Real time             =   37.36 sec. (22545.22 ticks)
Parallel b&c, 32 threads:
  Real time             = 10780.62 sec. (2744617.78 ticks)
  Sync time (average)   =    0.41 sec.
  Wait time (average)   =    0.00 sec.
                          ------------
Total (root+branch&cut) = 10817.98 sec. (2767163.00 ticks)


Solution status: Feasible
Execution time: 10818.3 sec
Gap: 0.10619
