Sat Jul 14 08:58:58 2018

Tried aggregator 2 times.
MIP Presolve eliminated 18040 rows and 145 columns.
Aggregator did 576 substitutions.
Reduced MIP has 13871 rows, 3124 columns, and 49544 nonzeros.
Reduced MIP has 3124 binaries, 0 generals, 0 SOSs, and 0 indicators.
Presolve time = 0.11 sec. (75.28 ticks)
Probing time = 0.00 sec. (1.90 ticks)
Tried aggregator 1 time.
Presolve time = 0.03 sec. (20.87 ticks)
Probing time = 0.01 sec. (1.90 ticks)
Clique table members: 11152.
MIP emphasis: balance optimality and feasibility.
MIP search method: dynamic search.
Parallel mode: deterministic, using up to 32 threads.
Root relaxation solution time = 0.79 sec. (208.35 ticks)

        Nodes                                         Cuts/
   Node  Left     Objective  IInf  Best Integer    Best Bound    ItCnt     Gap

      0     0      616.0000   280                    616.0000     1602         
      0     0      717.5000   318                   Cuts: 116     2932         
      0     0      739.6667   524                    Cuts: 74     4798         
      0     0      743.9033   472                    Cuts: 48     5282         
      0     0      744.2708   417                    Cuts: 33     5559         
      0     0      745.2000   384                    Cuts: 42     5713         
      0     0      745.2000   369                    Cuts: 56     5778         
      0     0      746.5000   357                    Cuts: 30     5935         
      0     0      746.5000   330                    Cuts: 28     6098         
      0     0      746.5000   349                    Cuts: 29     6561         
      0     0      746.5000   308                    Cuts: 18     6908         
      0     0      746.5000   411                    Cuts: 63     7512         
*     0+    0                         2321.0000      746.5000     7512   67.84%
Found incumbent of value 2321.000000 after 10.43 sec. (6036.39 ticks)
      0     2      746.5000   411     2321.0000      746.5000     7512   67.84%
Elapsed time = 11.80 sec. (6419.46 ticks, tree = 0.01 MB, solutions = 1)
      1     3      748.7869   419     2321.0000      746.5000    16038   67.84%
      2     4      747.1250   411     2321.0000      746.5000    18739   67.84%
      3     5      752.8245   431     2321.0000      747.1250    19851   67.81%
      4     6      751.5420   375     2321.0000      747.1250    23594   67.81%
      5     7      751.5420   549     2321.0000      747.1250    29699   67.81%
      8    10      758.7104   435     2321.0000      747.1250    36069   67.81%
     10    12      759.6447   426     2321.0000      747.1250    40714   67.81%
     11    13      756.0833   309     2321.0000      752.8958    44077   67.56%
                                                 Impl Bds: 12                  
     12    14      771.7390   391     2321.0000      752.8958    50011   67.56%
     30    32      781.0536   386     2321.0000      752.8958    72211   67.56%
                                                 Impl Bds: 12                  
Elapsed time = 32.19 sec. (19954.67 ticks, tree = 0.18 MB, solutions = 1)
     37    39      813.7500   333     2321.0000      752.8958    77460   67.56%
     64    66      800.9250   350     2321.0000      752.8958   108678   67.56%
                                                  Impl Bds: 6                  
     69    71      783.3681   393     2321.0000      752.8958   115949   67.56%
                                                  Impl Bds: 6                  
    113   115      854.5000   374     2321.0000      752.8958   205829   67.56%
    169   171      828.0000   409     2321.0000      752.8958   288701   67.56%
    259   261      816.7500   383     2321.0000      752.8958   394257   67.56%
    447   449      896.0152   520     2321.0000      752.8958   546773   67.56%
                                                     Cuts: 24                  
    454   456      850.0250   467     2321.0000      752.8958   557635   67.56%
    582   584      867.7500   331     2321.0000      752.8958   662695   67.56%
    638   640      962.4848   377     2321.0000      752.8958   718400   67.56%
Elapsed time = 71.89 sec. (33734.71 ticks, tree = 0.23 MB, solutions = 1)
   1724  1688      775.5256   397     2321.0000      752.8958  1177602   67.56%
*  2100  2028      integral     0     1670.0000      752.8958  1234227   54.92%
Found incumbent of value 1670.000000 after 71.89 sec. (34717.48 ticks)
   2147  2062      914.4375   389     1670.0000      752.8958  1244486   54.92%
                                                  Impl Bds: 3                  
   2213  2126      832.0556   404     1670.0000      752.8958  1261558   54.92%
   2329  2234      996.2656   371     1670.0000      752.8958  1290149   54.92%
   2533  2427      890.6333   349     1670.0000      752.8958  1337132   54.92%
   2725  2609      958.7727   355     1670.0000      752.8958  1376228   54.92%
   2885  2752     1042.4286   322     1670.0000      752.8958  1404686   54.92%
   6392  5956     1298.3333   148     1670.0000      752.8958  1900188   54.92%
   7187  6697      797.6937   591     1670.0000      753.3409  1991150   54.89%
                                                     Cuts: 42                  
Elapsed time = 105.40 sec. (44698.48 ticks, tree = 205.94 MB, solutions = 2)
Nodefile size = 61.01 MB (42.63 MB after compression)
   7539  7031      860.6267   404     1670.0000      753.3409  2059542   54.89%
   7984  7450      809.2222   493     1670.0000      753.3409  2130187   54.89%
   8016  7480      816.7333   558     1670.0000      753.3409  2137052   54.89%
   8176  7632      828.9167   464     1670.0000      753.3409  2164377   54.89%
   8304  7760      871.9259   495     1670.0000      753.3409  2182330   54.89%
   8560  8000      924.5238   336     1670.0000      753.3409  2222618   54.89%
   9104  8502      986.9792   297     1670.0000      753.3409  2293856   54.89%
   9353  8712     1172.9697   429     1670.0000      753.3409  2357027   54.89%
  14223 13300      866.6275   458     1670.0000      753.3409  3033141   54.89%
  14236 13313      760.5062   442     1670.0000      767.0734  3058184   54.07%
Elapsed time = 190.98 sec. (74024.52 ticks, tree = 127.53 MB, solutions = 2)
  14237 13313      762.3750   464     1670.0000      767.0734  3064118   54.07%
  14238 13313      766.8277   516     1670.0000      767.0734  3072970   54.07%
* 14239+ 8875                         1669.0000      767.0734  3080074   54.04%
Found incumbent of value 1669.000000 after 203.11 sec. (82797.40 ticks)
  14240  8878      793.9284   518     1669.0000      767.0734  3086505   54.04%
  14242  8879      779.6111   641     1669.0000      767.0734  3097561   54.04%
  14244  8880      790.6452   587     1669.0000      767.0734  3101033   54.04%
                                                  Impl Bds: 2                  
  14249  8883      796.7222   589     1669.0000      767.0734  3112038   54.04%
  14253  8886      804.6467   556     1669.0000      773.9508  3119340   53.63%
                                                     Cuts: 21                  
  14262  8892      806.9358   542     1669.0000      773.9508  3139230   53.63%
                                                     Cuts: 13                  
  14268  8897      826.9025   586     1669.0000      773.9508  3145472   53.63%
  14281  8905      839.9922   547     1669.0000      773.9508  3154079   53.63%
Elapsed time = 227.83 sec. (99657.03 ticks, tree = 84.87 MB, solutions = 3)
  14306  8922      924.8241   383     1669.0000      773.9508  3165482   53.63%
                                                  ZeroHalf: 5                  
  14309  8924      812.5493   423     1669.0000      773.9508  3167412   53.63%
                                                  ZeroHalf: 5                  
  14315  8926      879.2278   401     1669.0000      773.9508  3183397   53.63%
  14375  8963      832.6447   491     1669.0000      773.9508  3258402   53.63%
  14458  9002      893.1481   463     1669.0000      773.9508  3334052   53.63%
  14503  9033      844.1323   511     1669.0000      773.9508  3371257   53.63%
  14567  9069      839.9617   517     1669.0000      773.9508  3410038   53.63%
  14678  9137      931.2596   404     1669.0000      773.9508  3478797   53.63%
                                                      Cuts: 9                  
  14725  9167      933.3333   370     1669.0000      773.9508  3540967   53.63%
  15610  9683      934.6667   531     1669.0000      773.9508  3950622   53.63%
Elapsed time = 274.98 sec. (116737.68 ticks, tree = 85.17 MB, solutions = 3)
  15674  9722      955.4706   507     1669.0000      773.9508  3973088   53.63%
  15802  9787      969.5000   490     1669.0000      773.9508  4015768   53.63%
  15930  9859      967.8571   423     1669.0000      773.9508  4040099   53.63%
  16052  9933      974.7500   509     1669.0000      773.9508  4070949   53.63%
  16433 10138     1017.4367   501     1669.0000      773.9508  4162295   53.63%
  16636 10256      948.0417   541     1669.0000      773.9508  4201308   53.63%
  16732 10304      950.5250   557     1669.0000      773.9508  4235579   53.63%
  16877 10397     1064.9000   538     1669.0000      773.9508  4264067   53.63%
  17197 10584     1064.8409   233     1669.0000      773.9508  4317459   53.63%
  18097 11094     1117.5000   410     1669.0000      773.9508  4441638   53.63%
Elapsed time = 325.80 sec. (128887.58 ticks, tree = 121.72 MB, solutions = 3)
  19608 11863      868.8125   518     1669.0000      773.9508  4633421   53.63%
  20834 12446      876.4847   584     1669.0000      774.3738  4789299   53.60%
  20867 12463      993.2115   467     1669.0000      774.3738  4802601   53.60%
  20919 12496      842.6985   466     1669.0000      774.3738  4817322   53.60%
  21111 12601      878.0833   408     1669.0000      774.3738  4859829   53.60%
  21303 12703      907.5417   445     1669.0000      774.3738  4900532   53.60%
  21431 12778      898.4744   419     1669.0000      774.3738  4929706   53.60%
  21538 12834      967.2381   411     1669.0000      774.3738  4957378   53.60%
  21667 12900     1116.0000   516     1669.0000      774.3738  4982741   53.60%
  21827 12980     1054.7500   365     1669.0000      774.3738  5008163   53.60%
Elapsed time = 379.83 sec. (139963.70 ticks, tree = 338.36 MB, solutions = 3)
Nodefile size = 128.73 MB (101.11 MB after compression)
  23956 14085      985.8750   512     1669.0000      774.3738  5283493   53.60%
  24559 14352      985.0000   479     1669.0000      786.7778  5360927   52.86%
                                                     Cuts: 19                  
  24591 14369      972.3000   546     1669.0000      786.7778  5371367   52.86%
  25018 14608     1166.2500   393     1669.0000      786.7778  5475038   52.86%
  25501 14881      943.1553   387     1669.0000      786.7778  5548843   52.86%
  25981 15130     1103.3790   463     1669.0000      786.7778  5595719   52.86%
  26108 15186      826.5357   647     1669.0000      786.7778  5617281   52.86%
  26172 15222      861.0607   661     1669.0000      786.7778  5625735   52.86%
  26236 15256      877.3390   651     1669.0000      786.7778  5635788   52.86%
  26300 15291      883.1012   615     1669.0000      786.7778  5644899   52.86%
Elapsed time = 421.23 sec. (153749.73 ticks, tree = 597.78 MB, solutions = 3)
Nodefile size = 395.00 MB (314.02 MB after compression)
  35014 20116     1307.1411   293     1669.0000      801.2139  6521137   51.99%
                                                     Cuts: 56                  
  35443 20543      965.9792   510     1669.0000      801.2139  6600570   51.99%
  35571 20671      985.1667   466     1669.0000      801.2139  6620201   51.99%
  35827 20927     1015.0000   362     1669.0000      801.2139  6644346   51.99%
  36388 21449      871.4200   696     1669.0000      801.2139  6698271   51.99%
  40787 25638     1268.1939   302     1669.0000      801.2139  7114471   51.99%
  41189 26005      926.0667   321     1669.0000      801.2139  7150252   51.99%
  42655 27387      992.8889   372     1669.0000      801.2139  7283016   51.99%
                                                      Cuts: 6                  
  42779 27509      888.1875   517     1669.0000      801.2139  7329981   51.99%
  46167 30751      920.9409   510     1669.0000      801.2139  7702848   51.99%
Elapsed time = 541.10 sec. (177215.48 ticks, tree = 3461.14 MB, solutions = 3)
Nodefile size = 3249.63 MB (2589.82 MB after compression)
* 48040 32541      integral     0     1645.0000      801.2139  7881469   51.29%
Found incumbent of value 1645.000000 after 541.10 sec. (177215.48 ticks)
* 48060 32559      integral     0     1637.0000      801.2139  7882457   51.06%
Found incumbent of value 1637.000000 after 541.10 sec. (177215.48 ticks)
  50166 34492     1004.0152   449     1637.0000      816.1667  8033554   50.14%
                                                  Impl Bds: 4                  
  50461 34773      943.7679   532     1637.0000      816.1667  8120064   50.14%
  56280 40336     1378.9167   258     1637.0000      826.0104  8644846   49.54%
                                                  Impl Bds: 2                  
  56576 40622      946.2868   601     1637.0000      826.0104  8722053   49.54%
* 60482 44282      integral     0     1249.0000      826.0104  9104220   33.87%
Found incumbent of value 1249.000000 after 628.93 sec. (195373.88 ticks)
  63046 46679      846.1327   601     1249.0000      826.0104  9358784   33.87%
  63226 32535      873.3829   700     1249.0000      835.1134  9398607   33.14%
                                                     Cuts: 10                  
  63417 32725      925.8214   574     1249.0000      835.1134  9462991   33.14%
Elapsed time = 670.11 sec. (210109.68 ticks, tree = 4276.53 MB, solutions = 6)
Nodefile size = 4090.32 MB (3253.48 MB after compression)
* 68061+37084                         1227.0000      836.7849 10046481   31.80%
                                                     Cuts: 12                  
Found incumbent of value 1227.000000 after 697.78 sec. (217611.19 ticks)
* 68061+37084                         1193.0000      836.7849 10046481   29.86%
Found incumbent of value 1193.000000 after 697.86 sec. (217663.27 ticks)
* 68061+37084                         1172.0000      836.7849 10046481   28.60%
Found incumbent of value 1172.000000 after 697.93 sec. (217702.94 ticks)
  68061 37086      899.9167   436     1172.0000      836.7849 10046481   28.60%
* 68063+37086                         1134.0000      836.7849 10047499   26.21%
Found incumbent of value 1134.000000 after 699.29 sec. (212102.88 ticks)
* 68063+37086                         1131.0000      836.7849 10047499   26.01%
Found incumbent of value 1131.000000 after 699.29 sec. (212110.11 ticks)
* 68073+37093                         1123.0000      836.7849 10052567   25.49%
Found incumbent of value 1123.000000 after 699.61 sec. (211644.94 ticks)
  68190 23504      861.2812   568     1123.0000      836.7849 10129884   25.49%
  68384 23698      958.9514   569     1123.0000      836.7849 10215867   25.49%
  71883 26857      882.2083   512     1123.0000      836.8056 10868848   25.48%
                                                     Cuts: 18                  
  71947 26919      895.0145   480     1123.0000      836.8056 10900740   25.48%
  75240 29826      898.0897   524     1123.0000      845.7392 11565720   24.69%
                                                     Cuts: 10                  
  75404 29988     1006.8333   564     1123.0000      845.7392 11661491   24.69%
  78689 32871      905.0833   562     1123.0000      846.9125 12306053   24.58%
                                                  ZeroHalf: 2                  
  78957 33122     1008.0658   595     1123.0000      846.9125 12435758   24.58%
  81783 35636      876.9820   629     1123.0000      846.9125 13041562   24.58%
Elapsed time = 862.09 sec. (260481.80 ticks, tree = 4008.88 MB, solutions = 103)
Nodefile size = 3853.35 MB (3052.50 MB after compression)
  82074 35889      918.1250   581     1123.0000      846.9125 13122194   24.58%
  82553 36326      910.8942   650     1123.0000      846.9125 13253074   24.58%
  85958 39308      951.7862   494     1123.0000      851.6048 13928164   24.17%
                                                  ZeroHalf: 2                  
  86080 39418     1054.7500   537     1123.0000      851.6048 13979632   24.17%
  90131 42976     1100.2923   279     1123.0000      854.0000 14757777   23.95%
                                                  Impl Bds: 2                  
  90291 43127      937.6500   592     1123.0000      854.0000 14828894   23.95%
  90515 43335     1006.3333   574     1123.0000      854.0000 14889792   23.95%
  93736 46143      927.9372   588     1123.0000      856.0518 15628497   23.77%
                                                      Cuts: 9                  
  94024 46411      994.0000   547     1123.0000      856.0518 15738032   23.77%
  94782 47082     1094.4667   445     1123.0000      856.0518 15913431   23.77%
Elapsed time = 1045.61 sec. (303793.27 ticks, tree = 6045.77 MB, solutions = 103)
Nodefile size = 5881.15 MB (4675.19 MB after compression)
  98029 49894     1004.1250   527     1123.0000      857.8696 16523572   23.61%
                                                      Cuts: 3                  
  98168 50012      918.0500   584     1123.0000      857.8696 16584985   23.61%
 102063 53409     1057.1303   272     1123.0000      860.5534 17399322   23.37%
                                                      Cuts: 6                  
 102260 53588      972.5000   609     1123.0000      860.5534 17464975   23.37%
 102708 53999     1047.4709   455     1123.0000      860.5534 17579177   23.37%
 106526 57282      992.0833   279     1123.0000      860.8069 18327239   23.35%
                                                  Impl Bds: 3                  
 106930 57666      995.0000   399     1123.0000      860.8069 18432694   23.35%
 107682 58306      926.0833   582     1123.0000      860.8069 18598448   23.35%
 111358 61513     1072.2431   371     1123.0000      863.4403 19330958   23.11%
                                                     Cuts: 11                  
 111504 61639      961.2667   521     1123.0000      863.4403 19422335   23.11%
Elapsed time = 1221.07 sec. (345357.66 ticks, tree = 8500.37 MB, solutions = 103)
Nodefile size = 8352.61 MB (6652.90 MB after compression)
 111829 61937     1002.1667   435     1123.0000      863.4403 19537656   23.11%
 114447 64217      888.2778   507     1123.0000      864.6212 20192275   23.01%
                                                      Cuts: 6                  
 114595 64359      947.3810   494     1123.0000      864.6212 20282634   23.01%
 114755 64517      992.2010   468     1123.0000      864.6212 20357056   23.01%
 118645 67904     1068.1667   500     1123.0000      865.2050 21134141   22.96%
 118763 68008      911.4000   622     1123.0000      865.2050 21189073   22.96%
 119019 68256      956.8333   634     1123.0000      865.2050 21255387   22.96%
 123219 71904      880.1250   511     1123.0000      866.9643 22110799   22.80%
                                                  Impl Bds: 8                  
 123507 72165      936.5667   467     1123.0000      866.9643 22228200   22.80%
 124239 72820      926.2222   594     1123.0000      866.9643 22400025   22.80%
Elapsed time = 1388.94 sec. (388430.73 ticks, tree = 9945.93 MB, solutions = 103)
Nodefile size = 9792.35 MB (7774.50 MB after compression)
 128479 76421      997.8000   504     1123.0000      868.8125 23121017   22.63%
                                                  Impl Bds: 3                  
 128585 76526      961.9306   656     1123.0000      868.8125 23193773   22.63%
 128772 76700      994.6313   567     1123.0000      868.8125 23266667   22.63%
 133797 81075     1007.8561   471     1123.0000      869.1196 24185452   22.61%
 133968 81229      913.9815   588     1123.0000      869.1196 24287740   22.61%
 134152 81400      991.0667   518     1123.0000      869.1196 24376650   22.61%
 136077 83049      913.0941   665     1123.0000      869.1196 25069480   22.61%
 136145 83114      967.0000   456     1123.0000      869.8000 25122639   22.55%
                                                  ZeroHalf: 3                  
 136273 83230      941.6600   544     1123.0000      869.8000 25200590   22.55%
*137557 84345      integral     0     1120.0000      869.8000 25497161   22.34%
Elapsed time = 1559.02 sec. (427945.08 ticks, tree = 11490.18 MB, solutions = 103)
Nodefile size = 11316.53 MB (8958.81 MB after compression)
Found incumbent of value 1120.000000 after 1559.02 sec. (427945.08 ticks)
 140421 86519      906.6262   604     1120.0000      871.7899 26046675   22.16%
                                                  ZeroHalf: 2                  
 140778 86844     1035.5000   400     1120.0000      871.7899 26182171   22.16%
 141930 87856     1107.7000   251     1120.0000      871.7899 26403561   22.16%
 146290 91670      917.4792   632     1120.0000      873.3750 27187240   22.02%
                                                  ZeroHalf: 2                  
 146482 91845     1017.8889   533     1120.0000      873.3750 27273495   22.02%
 146889 92196     1052.0000   565     1120.0000      873.3750 27377198   22.02%
 150986 95776     1028.0689   441     1120.0000      873.8185 28175212   21.98%
 151187 95968      959.6595   538     1120.0000      873.8185 28256553   21.98%
 152041 96706     1040.0000   554     1120.0000      873.8185 28458283   21.98%
 156021 100137      940.8083   539     1120.0000      875.2188 29303197   21.86%
Elapsed time = 1745.46 sec. (475586.03 ticks, tree = 14283.72 MB, solutions = 104)
Nodefile size = 14132.72 MB (11159.28 MB after compression)
 156296 100384      979.9128   632     1120.0000      875.2188 29415815   21.86%
 156849 100871      970.8938   493     1120.0000      875.2188 29536343   21.86%
 160841 104333     1092.7000   269     1120.0000      876.2037 30303795   21.77%
 161483 104925     1086.6939   420     1120.0000      876.2037 30453106   21.77%
 162583 105877      953.5000   487     1120.0000      876.2037 30662477   21.77%
*166859+109573                         1114.0000      876.2037 31450429   21.35%
Found incumbent of value 1114.000000 after 1844.52 sec. (497647.13 ticks)
 166994 108396     1029.5453   355     1114.0000      877.5417 31471447   21.23%
                                                      Cuts: 5                  
 167284 108679     1025.2500   415     1114.0000      877.5417 31582108   21.23%
 167551 108909     1034.9821   566     1114.0000      877.5417 31655111   21.23%
 171887 112593      958.9891   437     1114.0000      877.5417 32538018   21.23%
 172086 112771      998.6667   517     1114.0000      878.3103 32618538   21.16%
                                                  Impl Bds: 5                  
Elapsed time = 1921.93 sec. (517884.86 ticks, tree = 16361.41 MB, solutions = 105)
Nodefile size = 16208.02 MB (12763.58 MB after compression)
 172269 112938        cutoff           1114.0000      878.3103 32692059   21.16%
 173358 113863      957.6667   564     1114.0000      878.3103 32938394   21.16%
 177026 117020      894.3333   411     1114.0000      879.2813 33662732   21.07%
                                                      Cuts: 2                  
 177201 117179      920.4444   599     1114.0000      879.2813 33721819   21.07%
 177425 117385      983.8333   539     1114.0000      879.2813 33788377   21.07%
 182914 122082        cutoff           1114.0000      879.8500 34809437   21.02%
                                                 Impl Bds: 15                  
 183065 122227      973.4375   581     1114.0000      879.8500 34898413   21.02%
 183225 122377     1045.2374   608     1114.0000      879.8500 34945627   21.02%
 187162 125776      921.7006   513     1114.0000      879.8500 35720490   21.02%
 188229 126680      959.4405   593     1114.0000      881.1667 35967975   20.90%
                                                      Cuts: 2                  
Elapsed time = 2100.90 sec. (560249.87 ticks, tree = 18672.20 MB, solutions = 105)
Nodefile size = 18516.58 MB (14550.23 MB after compression)
 188453 126888     1017.2500   570     1114.0000      881.1667 36031174   20.90%
 189316 127610      927.5000   249     1114.0000      881.1667 36182871   20.90%
 194082 131712      899.7403   459     1114.0000      882.1250 37114344   20.81%
                                                  Impl Bds: 5                  
 194288 131901     1004.8333   501     1114.0000      882.1250 37208912   20.81%
 194736 132309     1086.5000   429     1114.0000      882.1250 37328385   20.81%
 199424 136264        cutoff           1114.0000      882.1250 38212733   20.81%
 199583 136395      975.5000   499     1114.0000      882.9765 38273826   20.74%
 199775 136571     1027.5000   377     1114.0000      882.9765 38371587   20.74%
 200530 137210     1068.0000   282     1114.0000      882.9765 38559933   20.74%
 203489 139740      918.6250   574     1114.0000      883.6458 39282193   20.68%
                                                  Impl Bds: 3                  
Elapsed time = 2269.50 sec. (601120.46 ticks, tree = 20854.19 MB, solutions = 105)
Nodefile size = 20699.21 MB (16252.68 MB after compression)
 203635 139878      982.8333   626     1114.0000      883.6458 39365018   20.68%
 203804 140023     1039.0097   631     1114.0000      883.6458 39435353   20.68%
 209117 144594      985.2056   469     1114.0000      883.9313 40427892   20.65%
                                                  ZeroHalf: 2                  
 209307 144773      930.3750   544     1114.0000      883.9313 40570892   20.65%
 209531 144968      970.8571   362     1114.0000      883.9313 40642913   20.65%
 213167 148022     1048.5833   295     1114.0000      885.1042 41457742   20.55%
 213360 148195     1054.5000   534     1114.0000      885.1042 41549627   20.55%
 213436 148264      989.4516   565     1114.0000      885.1042 41586163   20.55%
 213500 148316      995.2167   560     1114.0000      885.1042 41625605   20.55%
 215634 150164     1066.3333   547     1114.0000      885.6043 42546426   20.50%
Elapsed time = 2448.29 sec. (647373.03 ticks, tree = 22234.24 MB, solutions = 105)
Nodefile size = 22078.89 MB (17315.18 MB after compression)
 215950 150452     1094.1000   538     1114.0000      885.6043 42648090   20.50%
 216317 150760     1054.1538   518     1114.0000      885.6043 42733032   20.50%
 220502 154336      943.0855   645     1114.0000      886.1453 43604176   20.45%
 221233 154965     1012.0000   425     1114.0000      886.1453 43797864   20.45%
 221713 155349      960.4773   459     1114.0000      886.1453 43927869   20.45%
 224537 157754      996.2500   548     1114.0000      886.1453 44504643   20.45%
 225428 158510      992.0000   358     1114.0000      887.1000 44699720   20.37%
                                                  Impl Bds: 1                  
 225660 158727     1065.9524   442     1114.0000      887.1000 44823769   20.37%
 227164 159995     1058.8241   366     1114.0000      887.1000 45137698   20.37%
 230640 162919      993.7500   342     1114.0000      887.7396 45831275   20.31%
                                                  Impl Bds: 3                  
Elapsed time = 2618.69 sec. (688777.27 ticks, tree = 24382.40 MB, solutions = 105)
Nodefile size = 24226.92 MB (18999.56 MB after compression)
 230771 163041     1006.5000   597     1114.0000      887.7396 45881196   20.31%
 231091 163319      903.4431   547     1114.0000      887.7396 45969654   20.31%
 233771 165590      924.1583   648     1114.0000      887.7396 46544618   20.31%
 236285 167721      970.0208   574     1114.0000      888.2500 47045219   20.26%
 236639 168047     1026.7000   532     1114.0000      888.2500 47136993   20.26%
 237662 168905     1035.7500   630     1114.0000      888.2500 47329841   20.26%
 242023 172611     1025.0000   412     1114.0000      888.9904 48252942   20.20%
                                                  ZeroHalf: 1                  
 242187 172748     1063.0500   507     1114.0000      888.9904 48320649   20.20%
 243533 173897     1040.4167   582     1114.0000      888.9904 48598625   20.20%
 245118 175260     1098.5556   515     1114.0000      888.9904 48940133   20.20%
Elapsed time = 2787.08 sec. (731320.81 ticks, tree = 26014.11 MB, solutions = 105)
Nodefile size = 25844.64 MB (20263.43 MB after compression)
 248037 177777      952.6667   557     1114.0000      889.9250 49514313   20.11%
                                                  Impl Bds: 5                  
 248325 178040     1040.1261   474     1114.0000      889.9250 49609433   20.11%
 249125 178696      944.3182   463     1114.0000      889.9250 49785111   20.11%
 250333 179704      947.3889   523     1114.0000      889.9250 50038575   20.11%
 252883 181824      954.5147   527     1114.0000      890.4445 50637706   20.07%
                                                  Impl Bds: 2                  
 253043 181974     1032.7500   451     1114.0000      890.4445 50721080   20.07%
 253584 182432     1082.8333   424     1114.0000      890.4445 50895830   20.07%
 257795 185981      940.2222   405     1114.0000      891.0000 51789171   20.02%
 258129 186274     1099.1250   518     1114.0000      891.0000 51892983   20.02%
 258661 186747      990.8724   512     1114.0000      891.0000 52020608   20.02%
Elapsed time = 2967.82 sec. (772944.84 ticks, tree = 28237.71 MB, solutions = 105)
Nodefile size = 28077.24 MB (22006.65 MB after compression)
 263097 190501      909.5146   620     1114.0000      891.0000 52897839   20.02%
 263660 190975      933.8214   468     1114.0000      891.7500 53035365   19.95%
 263897 191193     1038.8000   490     1114.0000      891.7500 53125280   19.95%
 264773 191921     1038.4583   394     1114.0000      891.7500 53324150   19.95%
 269142 195573      925.2500   434     1114.0000      892.5000 54239561   19.88%
                                                  Impl Bds: 1                  
 269319 195722     1002.0556   647     1114.0000      892.5000 54334985   19.88%
 269511 195903     1009.7976   542     1114.0000      892.5000 54397656   19.88%
 271906 197943      956.4921   657     1114.0000      892.5000 54954011   19.88%
 274054 199785      999.1667   587     1114.0000      892.7333 55444630   19.86%
                                                      Cuts: 4                  
 274127 199856     1001.1667   551     1114.0000      892.7333 55476678   19.86%
Elapsed time = 3137.74 sec. (818334.45 ticks, tree = 30514.55 MB, solutions = 105)
Nodefile size = 30358.53 MB (23795.79 MB after compression)
 274351 200031     1107.3333   454     1114.0000      892.7333 55546387   19.86%
 279207 204143      937.2778   558     1114.0000      893.2000 56551730   19.82%
                                                    Covers: 1                  
 279399 204310      990.7368   577     1114.0000      893.2000 56659204   19.82%
 279495 204403     1013.9375   534     1114.0000      893.2000 56701294   19.82%
 283355 207614      945.6074   682     1114.0000      893.9167 57654921   19.76%
                                                    Covers: 1                  
 283579 207821     1048.0000   566     1114.0000      893.9167 57760826   19.76%
 284123 208267     1100.7111   395     1114.0000      893.9167 57904248   19.76%
 284747 208802     1105.3750   579     1114.0000      893.9167 58041673   19.76%
 288564 212046      980.5278   502     1114.0000      894.5174 58810785   19.70%
                                                  ZeroHalf: 1                  
 288852 212315     1011.0000   467     1114.0000      894.5174 58897576   19.70%
Elapsed time = 3319.76 sec. (862436.46 ticks, tree = 32525.47 MB, solutions = 105)
Nodefile size = 32367.26 MB (25373.66 MB after compression)
 290007 213284      966.0000   284     1114.0000      894.5174 59180286   19.70%
 290850 213999     1032.5000   334     1114.0000      894.5174 59367669   19.70%
 294456 217073      958.2500   617     1114.0000      895.0000 60099370   19.66%
                                                  Impl Bds: 1                  
 294584 217187     1040.7925   585     1114.0000      895.0000 60149841   19.66%
 294840 217413        cutoff           1114.0000      895.0000 60218703   19.66%
 299793 221638     1010.7778   364     1114.0000      895.4578 61266514   19.62%
                                                      Cuts: 2                  
 299922 221761     1074.7500   489     1114.0000      895.4578 61324185   19.62%
 300274 222075      948.4167   602     1114.0000      895.4578 61421571   19.62%
 303608 224874      992.8571   565     1114.0000      895.4578 62094443   19.62%
 305642 226601      928.9444   519     1114.0000      895.8667 62455888   19.58%
                                                  Impl Bds: 2                  
Elapsed time = 3489.18 sec. (904478.55 ticks, tree = 34901.78 MB, solutions = 105)
Nodefile size = 34745.60 MB (27231.48 MB after compression)
 305974 226886      946.8469   531     1114.0000      895.8667 62579582   19.58%
 306166 227034      996.0833   489     1114.0000      895.8667 62639890   19.58%
 308384 228925      946.5333   538     1114.0000      895.8667 63115794   19.58%
 311039 231197      999.0000   520     1114.0000      896.4938 63691989   19.52%
                                                  Impl Bds: 4                  
 311231 231377     1073.3754   631     1114.0000      896.4938 63757381   19.52%
 312365 232339        cutoff           1114.0000      896.4938 63987049   19.52%
 316292 235660      936.0000   393     1114.0000      897.0000 64859240   19.48%
                                                  Impl Bds: 1                  
 316492 235842      998.2500   573     1114.0000      897.0000 64947075   19.48%
 316780 236083     1082.3333   478     1114.0000      897.0000 65018586   19.48%
 318284 237387     1037.4259   471     1114.0000      897.0000 65307789   19.48%
Elapsed time = 3666.60 sec. (946444.65 ticks, tree = 36382.04 MB, solutions = 105)
Nodefile size = 36216.96 MB (28389.71 MB after compression)
 321579 240159     1044.0588   543     1114.0000      897.3968 66012087   19.44%
                                                  Impl Bds: 4                  
 321732 240288      957.8796   589     1114.0000      897.3968 66153964   19.44%
 321924 240458      995.7917   573     1114.0000      897.3968 66276829   19.44%
 327121 244902      959.3750   424     1114.0000      897.5000 67286608   19.43%
 327475 245224     1022.5000   397     1114.0000      897.5000 67389021   19.43%
 329266 246757     1046.8889   451     1114.0000      897.5000 67706511   19.43%
 329931 247315      973.2500   509     1114.0000      897.5000 67874383   19.43%
 332926 249786     1082.2083   401     1114.0000      898.3333 68532312   19.36%
 333272 250104     1070.1250   570     1114.0000      898.3333 68627578   19.36%
 333784 250535      924.8039   373     1114.0000      898.3333 68753676   19.36%
Elapsed time = 3853.69 sec. (991739.65 ticks, tree = 38648.74 MB, solutions = 105)
Nodefile size = 38490.34 MB (30140.47 MB after compression)
 334525 251171     1101.4667   529     1114.0000      898.3333 68909970   19.36%
 338139 254221      917.0967   400     1114.0000      898.6071 69679846   19.34%
 338610 254642     1106.0682   512     1114.0000      898.6071 69797862   19.34%
 340165 255957        cutoff           1114.0000      898.6071 70177202   19.34%
 343313 258651     1004.0357   272     1114.0000      898.6071 70815688   19.34%
 343563 258866      999.0385   618     1114.0000      899.1250 70883515   19.29%
 343851 259124     1059.8571   606     1114.0000      899.1250 70946401   19.29%
 344267 259483      936.0000   388     1114.0000      899.1250 71017824   19.29%
 350106 264446      987.3333   378     1114.0000      899.5546 72153617   19.25%
 350242 264577      997.4500   623     1114.0000      899.5546 72231755   19.25%
Elapsed time = 4033.27 sec. (1034484.76 ticks, tree = 41053.60 MB, solutions = 105)
Nodefile size = 40899.59 MB (32031.06 MB after compression)
 350402 264716     1013.5667   550     1114.0000      899.5546 72293902   19.25%
 355600 269164      939.8100   539     1114.0000      899.5546 73287318   19.25%
 356280 269730      969.0833   511     1114.0000      899.7500 73413981   19.23%
 356455 269897     1053.9231   608     1114.0000      899.7500 73488457   19.23%
 356647 270076     1085.0887   538     1114.0000      899.7500 73537430   19.23%
 361957 274588      948.5741   541     1114.0000      900.2610 74594088   19.19%
 362186 274790     1042.1111   585     1114.0000      900.2610 74680149   19.19%
 362282 274881     1084.8333   512     1114.0000      900.2610 74704499   19.19%
 368351 280050     1076.8304   623     1114.0000      900.2610 75792591   19.19%
 368746 280363     1007.4643   439     1114.0000      900.5556 75906888   19.16%
                                                  Impl Bds: 3                  
Elapsed time = 4207.93 sec. (1080853.24 ticks, tree = 43669.19 MB, solutions = 105)
Nodefile size = 43515.01 MB (34081.59 MB after compression)
 369325 280864      962.1667   546     1114.0000      900.5556 76029866   19.16%
 370122 281551     1101.6111   300     1114.0000      900.5556 76177073   19.16%
 374736 285456      924.7361   389     1114.0000      901.3889 77088930   19.09%
 375144 285820      998.0000   347     1114.0000      901.3889 77211027   19.09%
 375737 286303      996.5000   574     1114.0000      901.3889 77327450   19.09%
 379396 289423     1017.8194   297     1114.0000      901.3889 78128193   19.09%
 380522 290328      969.1667   277     1114.0000      901.8333 78359983   19.05%
 380768 290544     1035.3000   541     1114.0000      901.8333 78437044   19.05%
 380960 290724     1054.8852   575     1114.0000      901.8333 78477851   19.05%
 383523 292884     1073.9000   504     1114.0000      901.8333 78992585   19.05%
Elapsed time = 4382.94 sec. (1123748.05 ticks, tree = 45347.31 MB, solutions = 105)
Nodefile size = 45159.58 MB (35368.97 MB after compression)
 385981 294953     1044.7500   583     1114.0000      902.1640 79522624   19.02%
 386080 295037      970.0333   536     1114.0000      902.1640 79572495   19.02%
 386297 295220     1069.6333   564     1114.0000      902.1640 79680599   19.02%
 389497 297928     1013.1167   497     1114.0000      902.5000 80598338   18.99%
 389640 298065      944.9337   556     1114.0000      902.5000 80689314   18.99%
 389936 298314     1033.3030   487     1114.0000      902.5000 80798397   18.99%
 394332 301985     1019.6923   540     1114.0000      902.5000 81745052   18.99%
 394523 302160      983.4062   507     1114.0000      902.7347 81812107   18.96%
 394826 302426     1086.3542   573     1114.0000      902.7347 81908736   18.96%
 395291 302809      989.7500   373     1114.0000      902.7347 82008691   18.96%
Elapsed time = 4563.74 sec. (1167742.81 ticks, tree = 46867.71 MB, solutions = 105)
Nodefile size = 46713.41 MB (36584.33 MB after compression)
 401184 307859      953.9045   443     1114.0000      903.1589 83088824   18.93%
 401544 308175     1027.6667   394     1114.0000      903.1589 83205890   18.93%
 401918 308497     1109.1905   416     1114.0000      903.1589 83292282   18.93%
 405449 311452      950.3216   526     1114.0000      903.1589 83997404   18.93%
 406896 312664      984.3627   491     1114.0000      903.6442 84282876   18.88%
 407115 312860      994.7778   497     1114.0000      903.6442 84396168   18.88%
 407290 313000     1031.1111   540     1114.0000      903.6442 84451328   18.88%
 413099 317968      911.7257   499     1114.0000      903.6442 85495152   18.88%
 413278 318118      916.6786   479     1114.0000      903.7500 85531166   18.87%
 413333 318169      935.6250   586     1114.0000      903.7500 85669441   18.87%
Elapsed time = 4744.49 sec. (1213482.49 ticks, tree = 49522.72 MB, solutions = 105)
Nodefile size = 49372.23 MB (38665.25 MB after compression)
 413493 318310      988.1607   506     1114.0000      903.7500 85833880   18.87%
 416987 321247      951.1250   532     1114.0000      904.0638 86701990   18.85%
 417156 321390     1010.2796   538     1114.0000      904.0638 86772578   18.85%
 417668 321841     1085.1667   300     1114.0000      904.0638 86885200   18.85%
 419304 323216      966.9773   649     1114.0000      904.0638 87204051   18.85%
 422787 326137      985.3333   597     1114.0000      904.6163 87900901   18.80%
 422915 326253     1010.8333   522     1114.0000      904.6163 87956442   18.80%
 423478 326738     1068.8000   356     1114.0000      904.6163 88119854   18.80%
 428486 331003      937.6539   337     1114.0000      904.6163 88999756   18.80%
 429230 331629      963.1579   588     1114.0000      904.9327 89152712   18.77%
Elapsed time = 4928.58 sec. (1255016.91 ticks, tree = 51737.57 MB, solutions = 105)
Nodefile size = 51589.40 MB (40403.84 MB after compression)
 429358 331740     1041.3977   606     1114.0000      904.9327 89226692   18.77%
 430126 332406      919.2857   374     1114.0000      904.9327 89405024   18.77%
 434714 336321      957.9167   325     1114.0000      904.9327 90317701   18.77%
 434781 336367     1059.8190   420     1114.0000      905.2899 90361186   18.74%
 434881 336458     1031.6389   642     1114.0000      905.2899 90420179   18.74%
 435567 337029     1112.5000   492     1114.0000      905.2899 90600155   18.74%
 439183 340067     1086.6556   263     1114.0000      905.2899 91338068   18.74%
 440488 341139     1063.0000   385     1114.0000      905.6317 91599833   18.70%
 441164 341707      964.5128   369     1114.0000      905.6317 91732858   18.70%
 441935 342371      963.4667   494     1114.0000      905.6317 91880369   18.70%
Elapsed time = 5087.39 sec. (1294637.65 ticks, tree = 53310.96 MB, solutions = 105)
Nodefile size = 53155.15 MB (41633.30 MB after compression)
 444298 344352      980.6667   551     1114.0000      905.6317 92372723   18.70%
 446414 346127      980.6667   495     1114.0000      905.9656 92793256   18.67%
 446756 346445     1024.9107   520     1114.0000      905.9656 92918300   18.67%
 447040 346700     1016.8333   351     1114.0000      905.9656 92983041   18.67%
 449320 348592      977.2500   558     1114.0000      905.9656 93472395   18.67%
 452862 351596     1015.4781   620     1114.0000      906.3504 94140058   18.64%
 453214 351917     1087.1389   423     1114.0000      906.3504 94256344   18.64%
 453613 352260     1099.9242   461     1114.0000      906.3504 94349757   18.64%
 459104 356881      988.2500   412     1114.0000      906.6757 95355686   18.61%
                                                  ZeroHalf: 1                  
 459307 357066     1099.6667   485     1114.0000      906.6757 95460543   18.61%
Elapsed time = 5279.70 sec. (1341681.84 ticks, tree = 55864.17 MB, solutions = 105)
Nodefile size = 55716.29 MB (43638.83 MB after compression)
 460078 357723     1043.5462   512     1114.0000      906.6757 95642685   18.61%
 464072 361145     1087.9643   468     1114.0000      906.6757 96450544   18.61%
 465020 361938      930.0417   613     1114.0000      907.0722 96621878   18.58%
 465168 362063      993.5200   502     1114.0000      907.0722 96680219   18.58%
 466000 362806      935.1316   395     1114.0000      907.0722 96835369   18.58%
 468930 365257      986.0000   476     1114.0000      907.0722 97471944   18.58%
 470709 366751      990.3889   549     1114.0000      907.4009 97801653   18.55%
 470893 366928     1019.4667   495     1114.0000      907.4009 97873997   18.55%
 471597 367521      926.3333   297     1114.0000      907.4009 98017752   18.55%
 471799 367709     1006.0134   658     1114.0000      907.4009 98066287   18.55%
Elapsed time = 5426.04 sec. (1385571.59 ticks, tree = 57462.95 MB, solutions = 105)
Nodefile size = 57311.33 MB (44893.59 MB after compression)
 477752 372810     1034.6739   580     1114.0000      907.6967 99181282   18.52%
 477874 372923     1053.4872   620     1114.0000      907.6967 99236461   18.52%
 478328 373312     1033.0667   578     1114.0000      907.6967 99358225   18.52%
 482322 376683      960.4167   272     1114.0000      907.6967 1.00e+08   18.52%
 482714 377010      990.7667   614     1114.0000      908.0000 1.00e+08   18.49%
                                                    Covers: 1                  
 482938 377197     1050.0063   507     1114.0000      908.0000 1.00e+08   18.49%
 484017 378103      989.8000   558     1114.0000      908.0000 1.01e+08   18.49%
 489166 382477      964.2279   440     1114.0000      908.3736 1.02e+08   18.46%
 489368 382676     1034.2857   537     1114.0000      908.3736 1.02e+08   18.46%
 490072 383275      976.8333   382     1114.0000      908.3736 1.02e+08   18.46%
Elapsed time = 5617.68 sec. (1428049.34 ticks, tree = 60020.63 MB, solutions = 105)
Nodefile size = 59873.17 MB (46906.35 MB after compression)
 493510 386166      924.1841   627     1114.0000      908.3736 1.02e+08   18.46%
 494872 387301     1010.9000   377     1114.0000      908.6935 1.03e+08   18.43%
 495067 387489      976.3788   535     1114.0000      908.6935 1.03e+08   18.43%
 495249 387636     1032.3333   600     1114.0000      908.6935 1.03e+08   18.43%
 501152 392660      930.2941   432     1114.0000      908.8542 1.04e+08   18.42%
 501317 392817     1012.2917   590     1114.0000      908.8542 1.04e+08   18.42%
 501477 392952     1094.3333   499     1114.0000      908.8542 1.04e+08   18.42%
 502026 393419     1086.2000   498     1114.0000      908.8542 1.04e+08   18.42%
 505954 396694     1067.5179   592     1114.0000      909.1815 1.05e+08   18.39%
 506114 396842     1058.4815   576     1114.0000      909.1815 1.05e+08   18.39%
Elapsed time = 5791.69 sec. (1473076.34 ticks, tree = 62322.77 MB, solutions = 105)
Nodefile size = 62179.48 MB (48726.24 MB after compression)
 506285 396986     1058.1667   471     1114.0000      909.1815 1.05e+08   18.39%
 512070 401925      965.1771   624     1114.0000      909.1815 1.06e+08   18.39%
 512665 402424     1009.7222   613     1114.0000      909.3786 1.07e+08   18.37%
 512740 402493      967.0641   593     1114.0000      909.3786 1.07e+08   18.37%
 512804 402549      976.5000   538     1114.0000      909.3786 1.07e+08   18.37%
 515331 404673     1011.0000   367     1114.0000      909.5682 1.08e+08   18.35%
 515408 404741     1001.5556   614     1114.0000      909.5682 1.08e+08   18.35%
 515536 404848     1049.0000   495     1114.0000      909.5682 1.08e+08   18.35%
 520144 408703     1048.0000   423     1114.0000      909.5682 1.09e+08   18.35%
 520784 409241     1027.9583   622     1114.0000      909.8519 1.09e+08   18.33%
Elapsed time = 5983.99 sec. (1517300.01 ticks, tree = 64076.90 MB, solutions = 105)
Nodefile size = 63936.24 MB (50077.09 MB after compression)
 521445 409800     1088.5458   501     1114.0000      909.8519 1.09e+08   18.33%
 522797 410948     1069.5000   541     1114.0000      909.8519 1.09e+08   18.33%
 526652 414160      982.1333   535     1114.0000      910.2460 1.10e+08   18.29%
 527171 414586     1101.7500   458     1114.0000      910.2460 1.10e+08   18.29%
 528532 415752     1103.6654   347     1114.0000      910.2460 1.10e+08   18.29%
 529958 416910     1068.0500   529     1114.0000      910.2460 1.11e+08   18.29%
 533486 419840     1003.0962   382     1114.0000      910.5417 1.11e+08   18.26%
 533796 420125     1023.3333   555     1114.0000      910.5417 1.11e+08   18.26%
 534564 420770      928.8946   471     1114.0000      910.5417 1.12e+08   18.26%
 537359 423167      999.6373   465     1114.0000      910.5417 1.12e+08   18.26%
Elapsed time = 6148.04 sec. (1559962.81 ticks, tree = 65844.06 MB, solutions = 105)
Nodefile size = 65682.83 MB (51402.99 MB after compression)
 540036 425439     1020.3333   398     1114.0000      910.8810 1.13e+08   18.23%
 540337 425699      998.9267   522     1114.0000      910.8810 1.13e+08   18.23%
 541471 426669     1009.0000   356     1114.0000      910.8810 1.13e+08   18.23%
 544645 429382      987.5000   608     1114.0000      910.8810 1.14e+08   18.23%
 546352 430807      978.4375   580     1114.0000      911.1544 1.14e+08   18.21%
 546512 430959     1033.1538   428     1114.0000      911.1544 1.14e+08   18.21%
 548108 432318     1067.8016   622     1114.0000      911.1544 1.14e+08   18.21%
 552056 435674      978.4615   361     1114.0000      911.3912 1.15e+08   18.19%
 552273 435873     1015.6161   565     1114.0000      911.3912 1.15e+08   18.19%
 553413 436855     1016.3333   312     1114.0000      911.3912 1.15e+08   18.19%
Elapsed time = 6337.86 sec. (1603628.69 ticks, tree = 68422.96 MB, solutions = 105)
Nodefile size = 68277.54 MB (53384.03 MB after compression)
 554286 437583     1014.9875   523     1114.0000      911.3912 1.16e+08   18.19%
 558491 441137     1094.7778   336     1114.0000      911.6667 1.16e+08   18.16%
 558679 441287     1019.3030   629     1114.0000      911.6667 1.16e+08   18.16%
 558810 441395     1040.4844   527     1114.0000      911.6667 1.17e+08   18.16%
 559384 441883      957.6500   418     1114.0000      911.6667 1.17e+08   18.16%
 560807 443051     1016.9107   452     1114.0000      911.8333 1.17e+08   18.15%
 561196 443396      998.7976   489     1114.0000      911.8333 1.18e+08   18.15%
 562450 444466      994.1667   430     1114.0000      911.8333 1.18e+08   18.15%
 566711 448048      944.5524   504     1114.0000      912.0714 1.19e+08   18.13%
 567240 448508     1082.1562   546     1114.0000      912.0714 1.19e+08   18.13%
Elapsed time = 6511.81 sec. (1647234.16 ticks, tree = 70172.00 MB, solutions = 105)
Nodefile size = 70030.42 MB (54718.65 MB after compression)
 568587 449647        cutoff           1114.0000      912.0714 1.19e+08   18.13%
 569468 450394     1008.0000   547     1114.0000      912.0714 1.19e+08   18.13%
 573218 453531      986.7917   540     1114.0000      912.3667 1.20e+08   18.10%
 573865 454097     1062.1667   537     1114.0000      912.3667 1.20e+08   18.10%
 574217 454393     1004.0249   543     1114.0000      912.3667 1.20e+08   18.10%
 579317 458708     1073.0833   418     1114.0000      912.5653 1.21e+08   18.08%
 579537 458893     1002.5556   531     1114.0000      912.5653 1.21e+08   18.08%
 580155 459415     1017.5208   587     1114.0000      912.5653 1.21e+08   18.08%
 585620 464026      960.1667   441     1114.0000      912.5653 1.22e+08   18.08%
 585959 464317     1014.8333   556     1114.0000      912.8333 1.22e+08   18.06%
Elapsed time = 6699.43 sec. (1692829.72 ticks, tree = 72838.87 MB, solutions = 105)
Nodefile size = 72697.98 MB (56744.94 MB after compression)
 586210 464533     1065.5333   578     1114.0000      912.8333 1.23e+08   18.06%
 586664 464916      928.5000   504     1114.0000      912.8333 1.23e+08   18.06%
 592046 469457      995.3333   344     1114.0000      913.1111 1.24e+08   18.03%
 592242 469627     1063.2917   539     1114.0000      913.1111 1.24e+08   18.03%
 592600 469934     1031.1667   427     1114.0000      913.1111 1.24e+08   18.03%
 595088 472057      919.7667   481     1114.0000      913.1111 1.24e+08   18.03%
 598498 474986      952.3690   601     1114.0000      913.2625 1.25e+08   18.02%
 598722 475181     1018.8929   474     1114.0000      913.2625 1.25e+08   18.02%
 599320 475673     1023.8958   629     1114.0000      913.2625 1.25e+08   18.02%
 604172 479769      935.1875   501     1114.0000      913.2625 1.26e+08   18.02%
Elapsed time = 6879.02 sec. (1737239.14 ticks, tree = 74622.04 MB, solutions = 105)
Nodefile size = 74454.46 MB (58082.78 MB after compression)
 604733 480245      973.3333   497     1114.0000      913.5000 1.26e+08   18.00%
 604902 480400     1051.7750   584     1114.0000      913.5000 1.26e+08   18.00%
 604966 480453     1030.4944   470     1114.0000      913.5000 1.26e+08   18.00%
 605945 481260      943.2300   589     1114.0000      913.5000 1.27e+08   18.00%
 606932 482108      967.3148   589     1114.0000      913.6667 1.27e+08   17.98%
 607000 482160      958.3889   586     1114.0000      913.6667 1.27e+08   17.98%
 607256 482381     1030.7000   525     1114.0000      913.6667 1.27e+08   17.98%
 611858 486266      985.7778   387     1114.0000      913.9412 1.28e+08   17.96%
 612035 486427      988.9667   567     1114.0000      913.9412 1.28e+08   17.96%
 612964 487219     1073.0000   363     1114.0000      913.9412 1.29e+08   17.96%
Elapsed time = 7052.69 sec. (1780428.44 ticks, tree = 76169.90 MB, solutions = 105)
Nodefile size = 76027.25 MB (59290.39 MB after compression)
 613540 487722      935.3409   580     1114.0000      913.9412 1.29e+08   17.96%
 617777 491282      972.2500   389     1114.0000      914.1667 1.30e+08   17.94%
                                                  ZeroHalf: 1                  
 618001 491501     1020.6863   363     1114.0000      914.1667 1.30e+08   17.94%
 618407 491849     1075.4882   469     1114.0000      914.1667 1.30e+08   17.94%
 622126 494997     1021.6266   546     1114.0000      914.1667 1.31e+08   17.94%
 624391 496882     1047.7619   562     1114.0000      914.4250 1.31e+08   17.92%
 624967 497412     1005.2410   436     1114.0000      914.4250 1.31e+08   17.92%
 626614 498783     1022.6000   400     1114.0000      914.4250 1.31e+08   17.92%
 630635 502208      919.1667   351     1114.0000      914.4250 1.32e+08   17.92%
 631036 502543     1004.8889   501     1114.0000      914.7500 1.32e+08   17.89%
Elapsed time = 7231.70 sec. (1822498.50 ticks, tree = 78812.24 MB, solutions = 105)
Nodefile size = 78672.54 MB (61312.93 MB after compression)
 631376 502828     1110.8333   371     1114.0000      914.7500 1.32e+08   17.89%
 632778 504049     1055.2667   478     1114.0000      914.7500 1.33e+08   17.89%
 634432 505446     1037.8333   521     1114.0000      914.7500 1.33e+08   17.89%
 637908 508398      959.2593   492     1114.0000      914.9174 1.33e+08   17.87%
 638121 508585     1075.8333   348     1114.0000      914.9174 1.34e+08   17.87%
 638529 508933      968.5242   658     1114.0000      914.9174 1.34e+08   17.87%
 641994 511897      939.8169   543     1114.0000      914.9174 1.34e+08   17.87%
 643470 513148      951.5007   520     1114.0000      915.0833 1.35e+08   17.86%
 644443 514000     1016.2000   362     1114.0000      915.0833 1.35e+08   17.86%
 645393 514827     1049.5208   543     1114.0000      915.0833 1.35e+08   17.86%
Elapsed time = 7401.23 sec. (1863336.52 ticks, tree = 80573.13 MB, solutions = 105)
Nodefile size = 80426.20 MB (62647.44 MB after compression)
 650160 518880      955.9375   478     1114.0000      915.0833 1.36e+08   17.86%
 651343 519874     1036.6667   468     1114.0000      915.3333 1.36e+08   17.83%
 651568 520069     1033.0667   625     1114.0000      915.3333 1.36e+08   17.83%
 652432 520780      940.3750   477     1114.0000      915.3333 1.36e+08   17.83%
 656287 524050     1104.7333   264     1114.0000      915.3333 1.37e+08   17.83%
 657599 525140     1041.4167   543     1114.0000      915.5556 1.37e+08   17.81%
                                                      Cuts: 2                  
 657900 525402     1084.1667   422     1114.0000      915.5556 1.37e+08   17.81%
 659085 526388      949.6000   472     1114.0000      915.5556 1.38e+08   17.81%
 664020 530552     1013.0000   260     1114.0000      915.8968 1.39e+08   17.78%
 664201 530713      970.5667   633     1114.0000      915.8968 1.39e+08   17.78%
Elapsed time = 7592.50 sec. (1909351.25 ticks, tree = 83407.10 MB, solutions = 105)
Nodefile size = 83268.22 MB (64798.80 MB after compression)
 664297 530799      990.9417   573     1114.0000      915.8968 1.39e+08   17.78%
 666451 532617     1057.0636   614     1114.0000      915.9765 1.40e+08   17.78%
 666667 532810     1050.1905   372     1114.0000      915.9765 1.40e+08   17.78%
 666979 533093      995.4167   595     1114.0000      915.9765 1.40e+08   17.78%
 667947 533908      972.2739   392     1114.0000      915.9765 1.40e+08   17.78%
 672924 538093      974.8333   623     1114.0000      916.2000 1.41e+08   17.76%
 673340 538460     1042.0196   529     1114.0000      916.2000 1.41e+08   17.76%
 673711 538784     1023.5000   575     1114.0000      916.2000 1.41e+08   17.76%
 674319 539301      947.4167   305     1114.0000      916.2000 1.41e+08   17.76%
 679177 543338      935.4286   509     1114.0000      916.4545 1.42e+08   17.73%
Elapsed time = 7764.87 sec. (1952374.01 ticks, tree = 85145.70 MB, solutions = 105)
Nodefile size = 85008.55 MB (66107.55 MB after compression)
 679369 543524      991.4663   567     1114.0000      916.4545 1.42e+08   17.73%
 679561 543690     1070.2083   531     1114.0000      916.4545 1.42e+08   17.73%
 680873 544790      925.5000   334     1114.0000      916.4545 1.42e+08   17.73%
 686033 549192     1032.9167   622     1114.0000      916.6667 1.43e+08   17.71%
 686303 549422     1027.3056   594     1114.0000      916.6667 1.43e+08   17.71%
 687391 550337      955.8333   460     1114.0000      916.6667 1.44e+08   17.71%
 691953 554255      985.1410   562     1114.0000      916.6667 1.44e+08   17.71%
 693041 555159      968.8333   357     1114.0000      916.9368 1.45e+08   17.69%
                                                    Covers: 1                  
 693268 555365     1012.8442   508     1114.0000      916.9368 1.45e+08   17.69%
 693478 555547     1091.1905   581     1114.0000      916.9368 1.45e+08   17.69%
Elapsed time = 7942.62 sec. (1992524.79 ticks, tree = 87092.95 MB, solutions = 105)
Nodefile size = 86955.78 MB (67574.95 MB after compression)
 694534 556437      970.6333   415     1114.0000      916.9368 1.45e+08   17.69%
 699750 560893      996.5093   465     1114.0000      917.1250 1.46e+08   17.67%
                                                  ZeroHalf: 1                  
 699853 560989     1023.9286   573     1114.0000      917.1250 1.46e+08   17.67%
 701195 562129      979.7321   505     1114.0000      917.1250 1.46e+08   17.67%
 704116 564626     1000.7500   381     1114.0000      917.1250 1.47e+08   17.67%
 705714 566002        cutoff           1114.0000      917.3321 1.47e+08   17.65%
 706034 566282     1104.5000   264     1114.0000      917.3321 1.47e+08   17.65%
 707012 567128     1002.0000   473     1114.0000      917.3321 1.47e+08   17.65%
 710801 570330      928.5000   607     1114.0000      917.3321 1.48e+08   17.65%
 712028 571379     1019.0000   613     1114.0000      917.4583 1.48e+08   17.64%
Elapsed time = 8120.66 sec. (2034701.52 ticks, tree = 89729.13 MB, solutions = 105)
Nodefile size = 89591.72 MB (69557.99 MB after compression)
 712347 571642     1056.6250   490     1114.0000      917.4583 1.48e+08   17.64%
 712544 571812     1001.8462   520     1114.0000      917.4583 1.49e+08   17.64%
 718039 576423      989.3696   528     1114.0000      917.6250 1.50e+08   17.63%
 718122 576502     1026.6250   616     1114.0000      917.6250 1.50e+08   17.63%
 718282 576638     1082.1762   605     1114.0000      917.6250 1.50e+08   17.63%
 719968 578070     1005.0000   416     1114.0000      917.6940 1.51e+08   17.62%
 720099 578179     1034.2348   628     1114.0000      917.6940 1.51e+08   17.62%
 720376 578434     1079.3000   382     1114.0000      917.6940 1.51e+08   17.62%
 720910 578873      982.7500   367     1114.0000      917.6940 1.51e+08   17.62%
 725229 582490      990.8750   551     1114.0000      917.6940 1.52e+08   17.62%
Elapsed time = 8288.30 sec. (2080972.78 ticks, tree = 90561.12 MB, solutions = 105)
Nodefile size = 90414.42 MB (70177.18 MB after compression)
 725346 582589     1044.7500   501     1114.0000      918.0000 1.52e+08   17.59%
 726242 583331      982.0000   311     1114.0000      918.0000 1.52e+08   17.59%
 726906 583894     1032.7745   608     1114.0000      918.0000 1.52e+08   17.59%
 730111 586612     1071.8788   346     1114.0000      918.0000 1.53e+08   17.59%
 731535 587816     1031.8721   565     1114.0000      918.1333 1.53e+08   17.58%
 732207 588383      978.2556   560     1114.0000      918.1333 1.53e+08   17.58%
 732783 588881      988.0000   451     1114.0000      918.1333 1.53e+08   17.58%
 738384 593581     1071.8889   310     1114.0000      918.3414 1.54e+08   17.56%
 738587 593764      997.1325   543     1114.0000      918.3414 1.54e+08   17.56%
 738747 593899     1034.5000   415     1114.0000      918.3414 1.54e+08   17.56%
Elapsed time = 8458.07 sec. (2123018.92 ticks, tree = 93097.47 MB, solutions = 105)
Nodefile size = 92958.61 MB (72101.75 MB after compression)
 740576 595461      996.4308   571     1114.0000      918.3414 1.55e+08   17.56%
 743952 598294     1053.4311   392     1114.0000      918.5000 1.56e+08   17.55%
 744227 598538      943.1605   589     1114.0000      918.5000 1.56e+08   17.55%
 744451 598723     1054.0000   528     1114.0000      918.5000 1.56e+08   17.55%
 745092 599256     1099.6000   414     1114.0000      918.5000 1.56e+08   17.55%
 750491 603814      998.3056   502     1114.0000      918.7143 1.57e+08   17.53%
                                                      Cuts: 2                  
 750903 604163     1029.3333   569     1114.0000      918.7143 1.57e+08   17.53%
 751060 604289     1013.0000   559     1114.0000      918.7143 1.57e+08   17.53%
 755136 607718     1000.5625   576     1114.0000      918.7143 1.58e+08   17.53%
 755862 608326     1011.8000   481     1114.0000      918.8667 1.58e+08   17.52%
                                                      Cuts: 6                  
Elapsed time = 8668.44 sec. (2166639.84 ticks, tree = 95479.90 MB, solutions = 105)
Nodefile size = 95342.19 MB (73892.53 MB after compression)
 756446 608826     1087.3690   328     1114.0000      918.8667 1.58e+08   17.52%
 757366 609600     1099.1000   311     1114.0000      918.8667 1.58e+08   17.52%
 762911 614287     1064.0741   501     1114.0000      919.1333 1.59e+08   17.49%
                                                  Impl Bds: 1                  
 763081 614429     1027.0104   608     1114.0000      919.1333 1.59e+08   17.49%
 763625 614904     1086.6667   346     1114.0000      919.1333 1.59e+08   17.49%
 766578 617379      955.2502   647     1114.0000      919.1333 1.60e+08   17.49%
 769821 620129     1000.2963   477     1114.0000      919.3125 1.61e+08   17.48%
                                                  Impl Bds: 1                  
 769983 620280     1001.1667   563     1114.0000      919.3125 1.61e+08   17.48%
 770079 620376      988.8333   503     1114.0000      919.3125 1.61e+08   17.48%
 770790 620965     1022.7083   352     1114.0000      919.3125 1.61e+08   17.48%
Elapsed time = 8832.52 sec. (2210023.99 ticks, tree = 97460.64 MB, solutions = 105)
Nodefile size = 97323.80 MB (75369.09 MB after compression)
 772238 622181      997.5227   611     1114.0000      919.3333 1.62e+08   17.47%
                                                  ZeroHalf: 1                  
 772403 622332     1032.6250   564     1114.0000      919.3333 1.62e+08   17.47%
 773149 622968     1080.2000   392     1114.0000      919.3333 1.62e+08   17.47%
 774720 624273      999.7564   420     1114.0000      919.3333 1.62e+08   17.47%
 777724 626819      971.3949   455     1114.0000      919.5833 1.63e+08   17.45%
                                                  Impl Bds: 1                  
 778245 627294     1045.3291   558     1114.0000      919.5833 1.63e+08   17.45%
 779592 628436      969.1667   505     1114.0000      919.5833 1.63e+08   17.45%
 782685 631065      956.9359   520     1114.0000      919.5833 1.64e+08   17.45%
 785308 633262     1025.8636   269     1114.0000      919.7538 1.64e+08   17.44%
 785819 633717     1052.8333   393     1114.0000      919.7538 1.64e+08   17.44%
Elapsed time = 8981.02 sec. (2249552.45 ticks, tree = 99276.35 MB, solutions = 105)
Nodefile size = 99138.76 MB (76735.59 MB after compression)
 786575 634346     1059.2788   620     1114.0000      919.7538 1.64e+08   17.44%
 788138 635658      976.0570   623     1114.0000      919.7538 1.65e+08   17.44%
 791222 638230     1015.3214   597     1114.0000      920.0000 1.65e+08   17.41%
 791437 638420     1023.3870   597     1114.0000      920.0000 1.65e+08   17.41%
 791891 638821      978.3333   413     1114.0000      920.0000 1.66e+08   17.41%
 794550 641068      987.0000   596     1114.0000      920.0000 1.66e+08   17.41%
 798492 644392     1010.0500   415     1114.0000      920.1548 1.67e+08   17.40%
 798658 644552     1018.6667   582     1114.0000      920.1548 1.67e+08   17.40%
 798946 644800      925.1293   434     1114.0000      920.1548 1.67e+08   17.40%
 801383 646801      957.0256   422     1114.0000      920.1548 1.67e+08   17.40%
Elapsed time = 9160.16 sec. (2292431.67 ticks, tree = 101135.00 MB, solutions = 105)
Nodefile size = 100981.42 MB (78122.93 MB after compression)
 804347 649315      930.5417   417     1114.0000      920.3542 1.68e+08   17.38%
 804557 649510     1098.8047   635     1114.0000      920.3542 1.68e+08   17.38%
 805896 650634     1082.4440   452     1114.0000      920.3542 1.68e+08   17.38%
 806187 650868     1065.5568   625     1114.0000      920.3542 1.68e+08   17.38%
 810924 654881     1066.0425   365     1114.0000      920.5000 1.69e+08   17.37%
 811247 655150        cutoff           1114.0000      920.5000 1.69e+08   17.37%
 812101 655835     1109.0193   467     1114.0000      920.5000 1.70e+08   17.37%
 812946 656535      948.2500   403     1114.0000      920.5000 1.70e+08   17.37%
 817243 660170      990.2500   577     1114.0000      920.6818 1.70e+08   17.35%
 817499 660394     1053.8333   501     1114.0000      920.6818 1.71e+08   17.35%
Elapsed time = 9331.58 sec. (2335253.54 ticks, tree = 103708.54 MB, solutions = 105)
Nodefile size = 103572.53 MB (80070.83 MB after compression)
 818542 661275     1008.0000   507     1114.0000      920.6818 1.71e+08   17.35%
 822455 664600     1056.9167   245     1114.0000      920.6818 1.72e+08   17.35%
 823856 665804     1054.3333   502     1114.0000      920.8426 1.72e+08   17.34%
 824080 665997     1083.8333   623     1114.0000      920.8426 1.72e+08   17.34%
 824786 666570     1048.0000   545     1114.0000      920.8426 1.72e+08   17.34%
 829225 670355     1007.5000   561     1114.0000      921.0379 1.73e+08   17.32%
 829357 670471     1003.5833   448     1114.0000      921.0379 1.73e+08   17.32%
 829488 670589     1043.2292   355     1114.0000      921.0379 1.73e+08   17.32%
 830496 671429        cutoff           1114.0000      921.0379 1.73e+08   17.32%
 833883 674289     1073.8182   547     1114.0000      921.2143 1.74e+08   17.31%
Elapsed time = 9500.39 sec. (2378959.16 ticks, tree = 105840.85 MB, solutions = 105)
Nodefile size = 105705.62 MB (81670.63 MB after compression)
 834043 674432      944.9781   599     1114.0000      921.2143 1.74e+08   17.31%
 834171 674537      996.0000   431     1114.0000      921.2143 1.74e+08   17.31%
 834427 674752     1051.4777   540     1114.0000      921.2143 1.74e+08   17.31%
 836490 676495     1006.0000   300     1114.0000      921.2143 1.75e+08   17.31%
                                                  Impl Bds: 1                  
 836627 676614    infeasible           1114.0000      921.2143 1.75e+08   17.31%
 837132 677064     1009.7188   457     1114.0000      921.2143 1.75e+08   17.31%
 837420 677305        cutoff           1114.0000      921.2143 1.75e+08   17.31%
 841609 680827     1056.5278   386     1114.0000      921.4000 1.76e+08   17.29%
                                                  ZeroHalf: 2                  
 841758 680970     1026.5000   603     1114.0000      921.4000 1.76e+08   17.29%
 841950 681143     1092.9167   461     1114.0000      921.4000 1.76e+08   17.29%
Elapsed time = 9662.83 sec. (2420063.59 ticks, tree = 106591.15 MB, solutions = 105)
Nodefile size = 106455.05 MB (82233.51 MB after compression)
 843843 682740     1051.0000   416     1114.0000      921.4000 1.77e+08   17.29%
 849012 687105      982.1167   224     1114.0000      921.5198 1.78e+08   17.28%
                                                      Cuts: 2                  
 849394 687447     1013.2222   572     1114.0000      921.5198 1.78e+08   17.28%
 850194 688110      994.6667   352     1114.0000      921.5198 1.78e+08   17.28%
 853451 690832      955.1200   558     1114.0000      921.5198 1.79e+08   17.28%
 854968 692137      977.5000   384     1114.0000      921.7529 1.79e+08   17.26%
 855304 692438     1058.2667   467     1114.0000      921.7529 1.79e+08   17.26%
*856411+693355                         1106.0000      921.7529 1.79e+08   16.66%
Found incumbent of value 1106.000000 after 9813.09 sec. (2461963.99 ticks)
 856411 693357      966.1389   346     1106.0000      921.7529 1.79e+08   16.66%
 860359 687460      935.3545   392     1106.0000      921.9167 1.80e+08   16.64%
 860589 687662      972.5000   515     1106.0000      921.9167 1.80e+08   16.64%
Elapsed time = 9873.99 sec. (2482883.64 ticks, tree = 107966.13 MB, solutions = 106)
Nodefile size = 107831.95 MB (83194.86 MB after compression)
 861017 688024     1028.0000   480     1106.0000      921.9167 1.80e+08   16.64%
 862699 689429     1053.9261   426     1106.0000      921.9167 1.80e+08   16.64%
*863231+689871                         1105.0000      921.9167 1.80e+08   16.57%
Found incumbent of value 1105.000000 after 9920.80 sec. (2491091.72 ticks)
 863472 690078     1050.8951   386     1105.0000      921.9167 1.80e+08   16.57%
 866479 690136      968.3750   292     1105.0000      922.0952 1.81e+08   16.55%
 867130 690707     1055.9914   375     1105.0000      922.0952 1.81e+08   16.55%
*872007+694698                         1074.0000      922.0952 1.82e+08   14.14%
Found incumbent of value 1074.000000 after 9982.71 sec. (2524463.42 ticks)
 872277 546749     1019.6805   501     1074.0000      922.1667 1.82e+08   14.14%
 872477 546881     1054.7083   580     1074.0000      922.1667 1.82e+08   14.14%
 872660 547014      925.8000   416     1074.0000      922.1667 1.82e+08   14.14%
*875644+549353                         1071.0000      922.1667 1.83e+08   13.90%
Found incumbent of value 1071.000000 after 10045.89 sec. (2543198.88 ticks)
 876441 534371      963.0000   338     1071.0000      922.3750 1.83e+08   13.88%
 876571 534476      972.2643   606     1071.0000      922.3750 1.83e+08   13.88%
Elapsed time = 10093.74 sec. (2559186.94 ticks, tree = 83263.97 MB, solutions = 110)
Nodefile size = 83129.75 MB (63562.51 MB after compression)
 876825 534676      985.9333   519     1071.0000      922.3750 1.83e+08   13.88%
 878118 535651      975.8704   464     1071.0000      922.5417 1.84e+08   13.86%
*878148+535677                         1069.0000      922.5417 1.84e+08   13.70%
Found incumbent of value 1069.000000 after 10136.26 sec. (2569293.93 ticks)
 878276 535769     1046.8782   620     1069.0000      922.5417 1.84e+08   13.70%
 879018 536320     1039.9407   294     1069.0000      922.5417 1.84e+08   13.70%
 882211 528385      994.2083   610     1069.0000      922.7074 1.85e+08   13.68%
 882263 528427     1003.0833   427     1069.0000      922.7074 1.85e+08   13.68%
 882567 528646     1004.1458   442     1069.0000      922.7074 1.85e+08   13.68%
 886000 531225      972.5000   526     1069.0000      922.8056 1.86e+08   13.68%
 886009 531232      992.1944   427     1069.0000      922.8056 1.86e+08   13.68%
 886705 531764      970.6667   342     1069.0000      922.8056 1.86e+08   13.68%
Elapsed time = 10298.17 sec. (2632927.86 ticks, tree = 82528.60 MB, solutions = 112)
Nodefile size = 82389.69 MB (62926.08 MB after compression)
 890302 534396     1057.4333   515     1069.0000      923.0000 1.87e+08   13.66%
 890487 534541     1047.5833   531     1069.0000      923.0000 1.87e+08   13.66%
 891127 535024     1043.0000   567     1069.0000      923.0000 1.87e+08   13.66%
 892140 535820      939.7900   483     1069.0000      923.0000 1.88e+08   13.66%
 895075 537985     1038.7778   470     1069.0000      923.2000 1.88e+08   13.64%
                                                  ZeroHalf: 1                  
 895532 538310      997.0620   622     1069.0000      923.2000 1.89e+08   13.64%
 895677 538432      980.4583   344     1069.0000      923.2000 1.89e+08   13.64%
 899449 541295      999.1927   521     1069.0000      923.3333 1.89e+08   13.63%
 899575 541390     1023.4500   544     1069.0000      923.3333 1.90e+08   13.63%
 899882 541624     1000.2917   449     1069.0000      923.3333 1.90e+08   13.63%
Elapsed time = 10503.22 sec. (2716216.01 ticks, tree = 84188.53 MB, solutions = 112)
Nodefile size = 84051.84 MB (64130.27 MB after compression)
 900572 542156     1028.1659   453     1069.0000      923.3333 1.90e+08   13.63%
 902917 543845     1023.1000   484     1069.0000      923.5000 1.90e+08   13.61%
 903105 543991     1045.5000   426     1069.0000      923.5000 1.90e+08   13.61%
 907275 547068     1041.3333   397     1069.0000      923.5417 1.91e+08   13.61%
 907373 547138     1021.1471   583     1069.0000      923.5417 1.91e+08   13.61%
 907495 547239      955.4109   503     1069.0000      923.5417 1.92e+08   13.61%
 907527 547265      967.4697   531     1069.0000      923.5417 1.92e+08   13.61%
 907793 547485      931.9444   473     1069.0000      923.5417 1.92e+08   13.61%
 908890 548334     1031.8047   631     1069.0000      923.7244 1.92e+08   13.59%
 909045 548460     1028.5333   438     1069.0000      923.7244 1.93e+08   13.59%
Elapsed time = 10694.96 sec. (2785650.91 ticks, tree = 85120.84 MB, solutions = 112)
Nodefile size = 84985.36 MB (64806.80 MB after compression)
 910418 549496      968.8333   392     1069.0000      923.7244 1.93e+08   13.59%
 911151 550029      984.5000   263     1069.0000      923.7244 1.93e+08   13.59%
 912017 550640     1021.8915   566     1069.0000      923.8182 1.93e+08   13.58%
 912381 550936      981.9286   366     1069.0000      923.8182 1.93e+08   13.58%

Clique cuts applied:  12
Cover cuts applied:  14
Implied bound cuts applied:  178
Zero-half cuts applied:  236
Gomory fractional cuts applied:  11

Root node processing (before b&c):
  Real time             =   11.39 sec. (6173.73 ticks)
Parallel b&c, 32 threads:
  Real time             = 10801.44 sec. (2829943.24 ticks)
  Sync time (average)   =    0.68 sec.
  Wait time (average)   =    0.00 sec.
                          ------------
Total (root+branch&cut) = 10812.83 sec. (2836116.98 ticks)


Solution status: Feasible
Execution time: 10813.2 sec
Gap: 0.13564
