Sun Jul 15 06:01:34 2018

Tried aggregator 2 times.
MIP Presolve eliminated 18136 rows and 145 columns.
Aggregator did 552 substitutions.
Reduced MIP has 15125 rows, 4374 columns, and 55548 nonzeros.
Reduced MIP has 4374 binaries, 0 generals, 0 SOSs, and 0 indicators.
Presolve time = 0.12 sec. (84.93 ticks)
Probing time = 0.02 sec. (2.76 ticks)
Tried aggregator 1 time.
Presolve time = 0.08 sec. (24.64 ticks)
Probing time = 0.02 sec. (2.76 ticks)
Clique table members: 20888.
MIP emphasis: balance optimality and feasibility.
MIP search method: dynamic search.
Parallel mode: deterministic, using up to 32 threads.
Root relaxation solution time = 1.63 sec. (296.43 ticks)

        Nodes                                         Cuts/
   Node  Left     Objective  IInf  Best Integer    Best Bound    ItCnt     Gap

      0     0      551.0000   426                    551.0000     1628         
      0     0      566.8333   356                    Cuts: 36     2446         
      0     0      681.6761   587                    Cuts: 87     9913         
*     0+    0                         2784.0000      681.6761    12928   75.51%
Found incumbent of value 2784.000000 after 11.99 sec. (6627.80 ticks)
      0     0      713.4644   564     2784.0000      Cuts: 60    12928   74.37%
      0     0      717.8087   555     2784.0000      Cuts: 47    13697   74.22%
      0     0      722.2744   552     2784.0000      Cuts: 29    14083   74.06%
      0     0      725.3869   530     2784.0000      Cuts: 29    14489   73.94%
      0     0      729.4977   566     2784.0000      Cuts: 25    14785   73.80%
      0     0      730.4628   553     2784.0000      Cuts: 29    14975   73.76%
      0     0      731.1278   546     2784.0000      Cuts: 19    15198   73.74%
      0     0      731.7350   552     2784.0000      Cuts: 21    15339   73.72%
      0     0      732.9083   548     2784.0000      Cuts: 11    15516   73.67%
      0     0      733.7847   558     2784.0000  ZeroHalf: 17    15671   73.64%
      0     0      734.8004   552     2784.0000  ZeroHalf: 12    15870   73.61%
      0     0      734.8936   570     2784.0000      Cuts: 17    16005   73.60%
      0     0      735.0022   565     2784.0000  ZeroHalf: 10    16080   73.60%
      0     2      735.0022   565     2784.0000      735.0022    16080   73.60%
Elapsed time = 27.54 sec. (13791.71 ticks, tree = 0.01 MB, solutions = 1)
      1     3      744.1707   521     2784.0000      735.0022    17451   73.60%
      3     5      743.7901   525     2784.0000      738.0859    18372   73.49%
      4     6      759.1105   514     2784.0000      738.0859    19470   73.49%
      9    11      781.8268   504     2784.0000      738.0859    23846   73.49%
     10    12      767.5080   456     2784.0000      738.0859    26011   73.49%
     11    13      745.5567   510     2784.0000      743.7901    26975   73.28%
                                                  Impl Bds: 5                  
     18    20      786.3053   489     2784.0000      743.7901    33150   73.28%
     24    26      856.3197   459     2784.0000      743.7901    36924   73.28%
     25    27      749.7229   460     2784.0000      743.7901    37199   73.28%
                                                 Impl Bds: 10                  
     49    51      803.4063   775     2784.0000      743.7901    56834   73.28%
                                                  Impl Bds: 6                  
Elapsed time = 41.37 sec. (21464.58 ticks, tree = 0.19 MB, solutions = 1)
    164   166      884.0084   558     2784.0000      743.7901   113183   73.28%
                                                  Impl Bds: 8                  
   1282  1232      910.3246   412     2784.0000      743.7901   323797   73.28%
                                                     Cuts: 25                  
   1332  1280      983.9490   560     2784.0000      743.7901   339823   73.28%
   1559  1501     1585.2549   324     2784.0000      743.7901   425314   73.28%
*  1731  1651      integral     0     1828.0000      743.7901   488918   59.31%
Found incumbent of value 1828.000000 after 64.53 sec. (28988.68 ticks)
   1966  1858      779.3935   743     1828.0000      743.7901   547897   59.31%
*  2024  1898      integral     0     1791.0000      743.7901   561666   58.47%
Found incumbent of value 1791.000000 after 64.53 sec. (30878.72 ticks)
   2053  1843     1594.1804   286     1791.0000      743.7901   570829   58.47%
                                                     Cuts: 22                  
   2099  1887      803.9458   682     1791.0000      743.7901   588572   58.47%
   2131  1917      793.8836   746     1791.0000      743.7901   596860   58.47%
Elapsed time = 77.33 sec. (35541.43 ticks, tree = 6.35 MB, solutions = 2)
   4445  3964      807.7720   664     1791.0000      743.7901   923091   58.47%
                                                 Impl Bds: 30                  
   4509  4026      813.7354   644     1791.0000      743.7901   939060   58.47%
   4573  4084      812.8814   739     1791.0000      743.7901   953926   58.47%
   8090  7321      740.8546   585     1791.0000      753.3758  1498684   57.94%
   8091  7322      743.8980   609     1791.0000      753.3758  1499793   57.94%
   8093  7324      748.3144   674     1791.0000      753.3758  1507087   57.94%
   8095  7325      757.0526   806     1791.0000      753.3758  1521114   57.94%
   8096  7325      754.8443   615     1791.0000      753.3758  1521438   57.94%
   8097  7325      755.7523   549     1791.0000      753.3758  1522730   57.94%
                                                      Cuts: 8                  
   8101  7327      805.1712   805     1791.0000      753.3758  1534073   57.94%
Elapsed time = 180.18 sec. (79283.22 ticks, tree = 127.22 MB, solutions = 3)
   8105  7328      816.5402   690     1791.0000      753.3758  1543483   57.94%
   8107  7330      820.6816   781     1791.0000      753.3758  1548780   57.94%
   8109  7331      759.2066   568     1791.0000      753.3758  1549587   57.94%
                                                  Impl Bds: 3                  
   8112  7333      826.3547   609     1791.0000      753.3758  1553461   57.94%
   8122  7340      829.5300   723     1791.0000      753.3758  1563324   57.94%
   8126  7342      845.4619   540     1791.0000      753.3758  1566395   57.94%
                                                 ZeroHalf: 18                  
   8133  7346      835.8469   788     1791.0000      753.3758  1573476   57.94%
   8135  7347      872.8383   669     1791.0000      753.3758  1582761   57.94%
   8144  7353      760.8764   544     1791.0000      753.3758  1601594   57.94%
   8146  7353      796.7926   712     1791.0000      753.3758  1608583   57.94%
Elapsed time = 209.72 sec. (97927.19 ticks, tree = 127.08 MB, solutions = 3)
   8147  7354      835.9189   718     1791.0000      753.3758  1617806   57.94%
   8158  7360      881.7375   687     1791.0000      753.3758  1681042   57.94%
   8298  7449      814.9260   736     1791.0000      753.3758  1898951   57.94%
                                                  ZeroHalf: 3                  
   8330  7467      830.3051   749     1791.0000      753.3758  1959655   57.94%
   8337  7469      871.6649   744     1791.0000      753.3758  1971491   57.94%
   8371  7488      846.7943   781     1791.0000      753.3758  2039267   57.94%
   8384  7497      817.4402   776     1791.0000      753.3758  2077071   57.94%
   8403  7507      849.1451   746     1791.0000      753.3758  2109165   57.94%
   8535  7574      959.5556   736     1791.0000      753.3758  2290413   57.94%
   9232  7986      839.6900   714     1791.0000      753.3758  2565769   57.94%
                                                     Cuts: 13                  
Elapsed time = 303.95 sec. (123626.60 ticks, tree = 124.05 MB, solutions = 3)
   9236  7988      956.3184   677     1791.0000      753.3758  2586198   57.94%
   9243  7992      924.9950   786     1791.0000      753.3758  2593055   57.94%
   9266  8002      866.7089   776     1791.0000      753.3758  2631967   57.94%
   9298  8018      868.4441   755     1791.0000      753.3758  2718929   57.94%
   9330  8037      877.7245   692     1791.0000      753.3758  2775148   57.94%
   9339  8039     1012.0312   558     1791.0000      753.3758  2799235   57.94%
   9452  8109      872.5830   723     1791.0000      753.3758  2926374   57.94%
  10205  8541      973.1620   599     1791.0000      753.3758  3399605   57.94%
  10223  8552      850.0310   771     1791.0000      753.3758  3419117   57.94%
  10240  8559      888.2724   754     1791.0000      753.3758  3446825   57.94%
Elapsed time = 390.91 sec. (148336.77 ticks, tree = 118.18 MB, solutions = 3)
  10288  8587      988.6588   628     1791.0000      753.3758  3505793   57.94%
  10309  8599      922.8446   718     1791.0000      753.3758  3532356   57.94%
  10341  8613      930.9652   728     1791.0000      753.3758  3566638   57.94%
  10384  8634     1032.9167   613     1791.0000      753.3758  3609345   57.94%
  10566  8731      829.0184   794     1791.0000      753.3758  3775288   57.94%
  12088  9517      961.3226   730     1791.0000      753.3758  4170239   57.94%
                                                     Cuts: 10                  
  12129  9533      873.6447   770     1791.0000      753.3758  4202375   57.94%
  12184  9561      952.9250   613     1791.0000      753.3758  4227803   57.94%
  12408  9684      962.6525   554     1791.0000      753.3758  4283660   57.94%
  12513  9734      956.2355   633     1791.0000      753.3758  4311129   57.94%
Elapsed time = 502.56 sec. (169172.82 ticks, tree = 215.88 MB, solutions = 3)
  12578  9766     1050.1875   541     1791.0000      753.3758  4324478   57.94%
  12641  9795      984.2224   627     1791.0000      753.3758  4339975   57.94%
  12834  9883     1085.0000   398     1791.0000      753.3758  4373565   57.94%
  13089 10007     1128.0533   444     1791.0000      753.3758  4420119   57.94%
  13570 10255     1146.0000   382     1791.0000      753.3758  4491305   57.94%
  14177 10590     1238.6023   425     1791.0000      753.3758  4573190   57.94%
  15233 11165     1346.7023   415     1791.0000      753.3758  4705587   57.94%
  16066 11554      841.5583   672     1791.0000      753.3758  4840489   57.94%
  16194 11609      856.1643   606     1791.0000      753.3758  4862692   57.94%
  16450 11740      920.9754   554     1791.0000      753.3758  4906116   57.94%
Elapsed time = 561.38 sec. (182856.48 ticks, tree = 206.31 MB, solutions = 3)
  16834 11928     1038.6701   458     1791.0000      753.3758  4974360   57.94%
  17218 12128     1135.9278   454     1791.0000      753.3758  5035365   57.94%
  17442 12245     1111.7451   488     1791.0000      753.3758  5070324   57.94%
  17794 12435     1192.8252   479     1791.0000      753.3758  5131685   57.94%
  18466 12792     1344.7288   396     1791.0000      753.3758  5236393   57.94%
  22204 14667      976.5138   693     1791.0000      753.3758  5725622   57.94%
  23366 15280      885.0671   628     1791.0000      753.3758  5866716   57.94%
  28106 19242     1134.2203   453     1791.0000      753.3758  6464548   57.94%
                                                     Cuts: 60                  
  28258 19390      969.7131   733     1791.0000      753.3758  6524234   57.94%
  28354 19486      989.7435   754     1791.0000      753.3758  6554396   57.94%
Elapsed time = 664.76 sec. (199009.20 ticks, tree = 2194.44 MB, solutions = 3)
Nodefile size = 2030.73 MB (1608.74 MB after compression)
  28450 19582     1007.5346   627     1791.0000      753.3758  6581321   57.94%
  28578 19706      824.4829   515     1791.0000      753.3758  6611863   57.94%
  28738 19864      861.6210   516     1791.0000      753.3758  6639547   57.94%
  28898 20020      933.1848   492     1791.0000      753.3758  6675104   57.94%
  29058 20179     1029.6822   482     1791.0000      753.3758  6706899   57.94%
  29186 20305     1095.1667   431     1791.0000      753.3758  6726403   57.94%
* 29224+20341                         1788.0000      753.3758  6731122   57.86%
Found incumbent of value 1788.000000 after 693.84 sec. (196379.54 ticks)
  29410 20519     1168.0345   323     1788.0000      753.3758  6760720   57.86%
  29954 21038     1309.7222   298     1788.0000      753.3758  6823549   57.86%
  30498 21567     1409.3813   312     1788.0000      753.3758  6885077   57.86%
  31706 22700     1010.0700   548     1788.0000      753.3758  7061813   57.86%
Elapsed time = 699.07 sec. (212651.15 ticks, tree = 2220.61 MB, solutions = 3)
Nodefile size = 2030.73 MB (1608.74 MB after compression)
  33711 24585      834.2321   495     1788.0000      762.6250  7304671   57.35%
                                                     Cuts: 10                  
  34457 25319     1052.4769   520     1788.0000      762.6250  7432415   57.35%
  36665 27424     1444.5833   216     1788.0000      762.6250  7663973   57.35%
  37927 28611      891.4201   587     1788.0000      762.6250  7849527   57.35%
  40773 31331     1105.4167   621     1788.0000      762.6250  8177417   57.35%
  46327 36588     1293.7167   369     1788.0000      788.4197  8831870   55.90%
                                                      Cuts: 6                  
  46612 36861     1289.0556   652     1788.0000      788.4197  8908179   55.90%
  46868 37107     1437.7314   584     1788.0000      788.4197  8963206   55.90%
  48922 39084      924.3750   697     1788.0000      788.4197  9196845   55.90%
  57549 47208      946.2315   628     1788.0000      800.3252 10123837   55.24%
                                                      Cuts: 7                  
Elapsed time = 899.33 sec. (258089.22 ticks, tree = 7175.88 MB, solutions = 4)
Nodefile size = 7012.82 MB (5507.80 MB after compression)
  57686 47345      867.9279   735     1788.0000      800.3252 10199015   55.24%
  57837 47496     1142.2545   651     1788.0000      800.3252 10258285   55.24%
* 58116+47765                         1787.0000      800.3252 10313014   55.21%
Found incumbent of value 1787.000000 after 950.62 sec. (253861.11 ticks)
* 66443+55646                         1786.0000      806.4851 11217080   54.84%
                                                      Cuts: 7                  
Found incumbent of value 1786.000000 after 985.82 sec. (276792.17 ticks)
* 66443+55646                         1770.0000      806.4851 11217080   54.44%
Found incumbent of value 1770.000000 after 985.88 sec. (276821.90 ticks)
* 66443+55646                         1752.0000      806.4851 11217080   53.97%
Found incumbent of value 1752.000000 after 985.90 sec. (276832.95 ticks)
* 66443+55646                         1740.0000      806.4851 11217080   53.65%
Found incumbent of value 1740.000000 after 985.99 sec. (276893.68 ticks)
  66443 55648     1222.0833   369     1740.0000      806.4851 11217080   53.65%
* 66462+55664                         1733.0000      806.4851 11227942   53.46%
Found incumbent of value 1733.000000 after 988.21 sec. (270437.89 ticks)
* 66478+53946                         1732.0000      806.4851 11239880   53.44%
Found incumbent of value 1732.000000 after 992.10 sec. (277309.38 ticks)
  66546 54016      859.2405   740     1732.0000      806.4851 11289296   53.44%
  66648 54118      914.1963   707     1732.0000      806.4851 11352022   53.44%
  71514 58787      902.5048   766     1732.0000      806.4851 11989022   53.44%
  73806 60839      965.5485   723     1732.0000      811.7999 12293540   53.13%
  73950 60983     1030.8934   726     1732.0000      811.7999 12366904   53.13%
  74050 61083     1138.1180   686     1732.0000      811.7999 12402236   53.13%
  74850 61872     1230.9995   299     1732.0000      811.7999 12511815   53.13%
Elapsed time = 1107.28 sec. (311463.93 ticks, tree = 9507.73 MB, solutions = 66)
Nodefile size = 9332.84 MB (7313.43 MB after compression)
  81772 68379     1128.2308   633     1732.0000      811.7999 13356431   53.13%
  81964 68568     1190.2500   563     1732.0000      811.7999 13406072   53.13%
  83003 69573      987.0699   754     1732.0000      811.7999 13557904   53.13%
  88509 74739      993.0884   476     1732.0000      816.1500 14246039   52.88%
  88583 74811      990.1703   690     1732.0000      816.1500 14279209   52.88%
  88743 74971     1072.4630   671     1732.0000      816.1500 14334643   52.88%
* 90773+76933                         1731.0000      816.1500 14571269   52.85%
Found incumbent of value 1731.000000 after 1237.51 sec. (329308.43 ticks)
* 93338+79348                         1713.0000      816.1500 14889545   52.36%
Found incumbent of value 1713.000000 after 1237.51 sec. (332207.10 ticks)
  96108 80823      961.5238   421     1713.0000      817.6655 15236365   52.27%
                                                      Cuts: 5                  
  96211 80921      988.7500   639     1713.0000      817.6655 15308304   52.27%
 100366 84870      931.7222   551     1713.0000      817.6655 15924958   52.27%
 101593 85986     1094.9615   388     1713.0000      817.6655 16085771   52.27%
                                                      Cuts: 2                  
Elapsed time = 1315.22 sec. (355620.84 ticks, tree = 13823.01 MB, solutions = 68)
Nodefile size = 13680.04 MB (10716.27 MB after compression)
 101738 86128     1213.1250   635     1713.0000      817.6655 16158598   52.27%
 101930 86320     1419.3333   568     1713.0000      817.6655 16214245   52.27%
 107869 91932     1641.9419   291     1713.0000      821.2535 16956856   52.06%
                                                  Impl Bds: 5                  
 108042 92103      974.5813   674     1713.0000      821.2535 17015898   52.06%
 108106 92165     1072.2207   685     1713.0000      821.2535 17045054   52.06%
*114525+98232                         1701.0000      821.2535 17837163   51.72%
Found incumbent of value 1701.000000 after 1419.48 sec. (373845.58 ticks)
 115931 98515     1031.6875   463     1701.0000      822.6270 17987319   51.64%
                                                  ZeroHalf: 2                  
 115995 98571     1051.0000   626     1701.0000      822.6270 18034828   51.64%
 122107 104357     1177.5275   595     1701.0000      824.3605 18880322   51.54%
 122313 104555      941.3582   749     1701.0000      824.3605 18954503   51.54%
 125259 107323      908.8801   735     1701.0000      824.3605 19376639   51.54%
Elapsed time = 1543.00 sec. (408657.11 ticks, tree = 17083.87 MB, solutions = 69)
Nodefile size = 16912.07 MB (13244.26 MB after compression)
 129002 110807      932.0671   731     1701.0000      825.0068 19849118   51.50%
 129194 110997     1072.7462   706     1701.0000      825.0068 19952484   51.50%
 129354 111153     1128.7176   665     1701.0000      825.0068 20020518   51.50%
 135091 116546     1159.3712   608     1701.0000      825.0068 20733549   51.50%
 135411 116854     1332.3429   564     1701.0000      825.0068 20828687   51.50%
 137889 119208     1177.0000   281     1701.0000      825.0068 21133575   51.50%
 142748 123771      855.1051   452     1701.0000      825.9207 21729712   51.44%
 142911 123931      974.7377   624     1701.0000      825.9207 21794547   51.44%
 143647 124662     1362.9271   311     1701.0000      825.9207 21901788   51.44%
 149158 129787      993.5625   638     1701.0000      828.5389 22620444   51.29%
                                                  Impl Bds: 2                  
Elapsed time = 1760.10 sec. (456131.53 ticks, tree = 21572.96 MB, solutions = 69)
Nodefile size = 21425.79 MB (16781.39 MB after compression)
 149352 129981     1197.5000   554     1701.0000      828.5389 22684892   51.29%
 154131 134515      938.1702   780     1701.0000      828.5389 23271763   51.29%
 156353 136557      900.9120   785     1701.0000      830.3847 23585689   51.18%
                                                      Cuts: 4                  
 156481 136685      967.3171   711     1701.0000      830.3847 23637864   51.18%
 162283 142194     1539.0000   195     1701.0000      830.3847 24371975   51.18%
 163389 143216      980.0934   425     1701.0000      831.0577 24502328   51.14%
 163553 143376      984.0809   727     1701.0000      831.0577 24586716   51.14%
 167959 147488     1176.2143   397     1701.0000      831.0577 25221495   51.14%
 168140 147667     1096.1513   659     1701.0000      831.6636 25278053   51.11%
 168234 147761     1035.6446   679     1701.0000      831.6636 25318035   51.11%
Elapsed time = 1943.00 sec. (498431.81 ticks, tree = 24761.87 MB, solutions = 69)
Nodefile size = 24615.10 MB (19246.27 MB after compression)
 174266 153467     1344.5625   369     1701.0000      831.6636 26073720   51.11%
 174690 153856      934.7887   609     1701.0000      832.3987 26195102   51.06%
 175364 154515     1313.8889   344     1701.0000      832.3987 26331686   51.06%
 181123 159937     1048.9559   467     1701.0000      832.3987 27034713   51.06%
 181870 160619     1321.1667   266     1701.0000      834.3054 27119683   50.95%
 182692 161437     1071.2390   447     1701.0000      834.3054 27283534   50.95%
 184215 162862     1060.7726   664     1701.0000      834.3054 27455896   50.95%
 188740 167070      896.8213   809     1701.0000      835.3273 28054976   50.89%
 188836 167163      929.1475   736     1701.0000      835.3273 28101225   50.89%
 188868 167195      956.9326   755     1701.0000      835.3273 28120387   50.89%
Elapsed time = 2130.04 sec. (540995.65 ticks, tree = 28253.14 MB, solutions = 69)
Nodefile size = 28100.72 MB (21932.00 MB after compression)
 195383 173325      949.1274   710     1701.0000      835.8672 28973526   50.86%
                                                      Cuts: 2                  
 195495 173437      935.8660   757     1701.0000      835.8672 29033600   50.86%
 197774 175601     1009.0038   742     1701.0000      835.8672 29361711   50.86%
 200705 178341     1034.1912   725     1701.0000      836.7271 29753661   50.81%
 200833 178466     1067.8211   673     1701.0000      836.7271 29831848   50.81%
 201577 179196     1338.4857   254     1701.0000      836.7271 29998414   50.81%
 206157 183453      907.1221   594     1701.0000      837.5187 30583951   50.76%
 206337 183631     1166.2571   711     1701.0000      837.5187 30659607   50.76%
 212401 189341      969.7019   456     1701.0000      837.5187 31446966   50.76%
 212610 189550     1087.9479   683     1701.0000      837.5187 31536930   50.76%
Elapsed time = 2339.03 sec. (585191.25 ticks, tree = 32270.12 MB, solutions = 69)
Nodefile size = 32116.43 MB (25028.16 MB after compression)
 212769 189703     1256.1667   568     1701.0000      837.5187 31589681   50.76%
 219667 196229      970.0278   453     1701.0000      839.2327 32380512   50.66%
 219972 196522     1510.6305   498     1701.0000      839.2327 32489691   50.66%
 224679 200967      847.3783   513     1701.0000      839.2327 33073071   50.66%
 225806 201967      873.6516   736     1701.0000      840.3671 33237086   50.60%
 225934 202091      980.5966   696     1701.0000      840.3671 33320710   50.60%
 231346 207219     1003.8385   469     1701.0000      840.3671 34046517   50.60%
 231867 207686     1036.2613   743     1701.0000      840.5201 34159343   50.59%
 232028 207843     1066.5833   681     1701.0000      840.5201 34230400   50.59%
 235400 211044      964.8227   363     1701.0000      840.5201 34704691   50.59%
Elapsed time = 2527.89 sec. (628581.79 ticks, tree = 35609.41 MB, solutions = 69)
Nodefile size = 35408.17 MB (27572.12 MB after compression)
 237041 212571     1217.9236   667     1701.0000      840.5201 34899463   50.59%
 237068 212598      904.6592   771     1701.0000      840.5201 34912743   50.59%
 243269 218425      888.4649   524     1701.0000      842.0703 35718191   50.50%
                                                  Impl Bds: 4                  
 243452 218602      923.8650   754     1701.0000      842.0703 35803763   50.50%
 243728 218876     1232.3771   640     1701.0000      842.0703 35894207   50.50%
*248066+222910                         1700.0000      842.0703 36472830   50.47%
Found incumbent of value 1700.000000 after 2641.36 sec. (647193.95 ticks)
 248930 223638     1002.2500   679     1700.0000      842.9520 36584495   50.41%
 249005 223713      890.3825   759     1700.0000      842.9520 36637059   50.41%
 249080 223784      933.7328   725     1700.0000      842.9520 36714258   50.41%
 252978 227439      957.5139   633     1700.0000      843.0371 37441205   50.41%
 253042 227501      976.5081   685     1700.0000      843.0371 37501771   50.41%
Elapsed time = 2740.61 sec. (679506.94 ticks, tree = 38519.31 MB, solutions = 70)
Nodefile size = 38364.51 MB (29841.37 MB after compression)
 257258 231479      936.2500   634     1700.0000      843.3645 38184835   50.39%
                                                  Impl Bds: 1                  
 257439 231660     1048.9183   607     1700.0000      843.3645 38289754   50.39%
 261980 235938      876.9221   706     1700.0000      843.3645 38935691   50.39%
 262933 236829     1012.1902   684     1700.0000      843.5828 39092219   50.38%
                                                  ZeroHalf: 1                  
 263033 236929     1018.8751   747     1700.0000      843.5828 39144607   50.38%
 269033 242574     1411.0139   350     1700.0000      843.5828 39923285   50.38%
 269203 242737      948.3970   651     1700.0000      843.9619 39987274   50.36%
 269285 242817     1015.0416   684     1700.0000      843.9619 40039195   50.36%
 273714 246974     1584.6591   206     1700.0000      843.9619 40644796   50.36%
 273879 247133     1002.8103   682     1700.0000      843.9619 40736167   50.36%
Elapsed time = 2951.98 sec. (724931.00 ticks, tree = 42048.97 MB, solutions = 70)
Nodefile size = 41891.06 MB (32579.90 MB after compression)
 274035 247286     1151.0256   418     1700.0000      843.9619 40797354   50.36%
 279993 252890     1093.6751   474     1700.0000      843.9619 41530584   50.36%
 280135 253030      946.7210   595     1700.0000      843.9619 41591590   50.36%
 280231 253124      978.3889   642     1700.0000      843.9619 41629701   50.36%
 287088 259571     1241.5833   349     1700.0000      846.6701 42486599   50.20%
                                                  ZeroHalf: 1                  
 287268 259747     1020.5547   705     1700.0000      846.6701 42569545   50.20%
 293784 265850     1408.9643   264     1700.0000      846.6701 43420443   50.20%
 293927 265986     1021.2908   685     1700.0000      847.3320 43468173   50.16%
 294023 266082     1084.2644   679     1700.0000      847.3320 43525369   50.16%
 297399 269239     1419.7753   352     1700.0000      847.3320 44009003   50.16%
Elapsed time = 3142.10 sec. (768645.21 ticks, tree = 45470.53 MB, solutions = 70)
Nodefile size = 45311.96 MB (35220.38 MB after compression)
 299569 271233     1003.1530   748     1700.0000      847.6488 44299424   50.14%
 299729 271387     1044.8369   726     1700.0000      847.6488 44354621   50.14%
 301618 273208      986.8123   739     1700.0000      847.6488 44620794   50.14%
 305296 276611      998.2940   735     1700.0000      848.3926 45091379   50.09%
 305392 276707     1046.5866   745     1700.0000      848.3926 45147545   50.09%
 305488 276803     1115.1183   706     1700.0000      848.3926 45195741   50.09%
 312015 282924     1157.9014   641     1700.0000      848.6912 46011645   50.08%
 312183 283092     1165.5667   586     1700.0000      848.6912 46098657   50.08%
 313095 283993     1526.7371   398     1700.0000      848.6912 46238075   50.08%
 318368 288933     1001.6125   686     1700.0000      849.2622 46901837   50.04%
Elapsed time = 3351.44 sec. (810836.57 ticks, tree = 49608.57 MB, solutions = 70)
Nodefile size = 49453.86 MB (38419.82 MB after compression)
 318432 288995     1016.6147   646     1700.0000      849.2622 46930623   50.04%
 319696 290196      950.2548   817     1700.0000      849.2622 47201498   50.04%
 323280 293530      883.7720   714     1700.0000      850.2252 47790073   49.99%
 323344 293591      934.2684   570     1700.0000      850.2252 47829955   49.99%
 329496 299326     1284.7381   290     1700.0000      850.3909 48659359   49.98%
 329515 299345      978.7973   589     1700.0000      850.3909 48675066   49.98%
 329678 299506      898.4962   780     1700.0000      850.3909 48771296   49.98%
 335206 304703     1024.3314   425     1700.0000      850.8988 49529689   49.95%
 335308 304805      930.3460   745     1700.0000      850.8988 49603512   49.95%
 335372 304869      986.3646   763     1700.0000      850.8988 49651634   49.95%
Elapsed time = 3532.02 sec. (857759.93 ticks, tree = 51856.39 MB, solutions = 70)
Nodefile size = 51697.59 MB (40144.68 MB after compression)
 340826 309974      964.6096   710     1700.0000      851.0463 50349595   49.94%
 340986 310132     1037.9198   665     1700.0000      851.0463 50437540   49.94%
 346789 315589     1083.5590   667     1700.0000      851.6645 51183881   49.90%
 346981 315781     1160.5000   543     1700.0000      851.6645 51249210   49.90%
 348972 317679     1053.0898   700     1700.0000      851.6645 51500663   49.90%
 354371 322694      943.1926   531     1700.0000      852.8477 52166835   49.83%
 354514 322837      999.9101   623     1700.0000      852.8477 52224850   49.83%
 360134 328139     1638.4773   223     1700.0000      852.8477 52921309   49.83%
 361661 329558     1423.9722   189     1700.0000      852.9248 53103405   49.83%
 361849 329746     1026.0000   590     1700.0000      852.9248 53195417   49.83%
Elapsed time = 3757.18 sec. (906073.28 ticks, tree = 56348.93 MB, solutions = 70)
Nodefile size = 56191.29 MB (43619.89 MB after compression)
 367088 334643     1067.0908   470     1700.0000      852.9248 53862775   49.83%
 367472 334987     1341.3769   266     1700.0000      853.1282 53912356   49.82%
 367607 335122      979.9829   601     1700.0000      853.1282 53998179   49.82%
 367741 335256     1073.6767   722     1700.0000      853.1282 54068647   49.82%
 373670 340821     1036.4274   691     1700.0000      853.9912 54779347   49.77%
 373798 340949     1100.6620   677     1700.0000      853.9912 54876646   49.77%
 373881 341032      977.3904   670     1700.0000      853.9912 54931973   49.77%
*378306+345179                         1688.0000      853.9912 55535073   49.41%
Found incumbent of value 1688.000000 after 3873.90 sec. (933001.93 ticks)
 378726 343850      993.4871   627     1688.0000      854.5875 55599402   49.37%
 378865 343985     1019.7685   675     1688.0000      854.5875 55672189   49.37%
 384479 349294      910.3520   657     1688.0000      854.5875 56426054   49.37%
Elapsed time = 3929.28 sec. (949703.08 ticks, tree = 58980.47 MB, solutions = 71)
Nodefile size = 58772.20 MB (45604.92 MB after compression)
 385155 349923     1143.6806   574     1688.0000      854.9748 56542029   49.35%
 385380 350143     1156.3750   651     1688.0000      854.9748 56609807   49.35%
 391502 355850      968.2870   499     1688.0000      854.9748 57333156   49.35%
 391849 356176     1272.4702   621     1688.0000      855.4199 57402616   49.32%
 392000 356327     1136.5000   594     1688.0000      855.4199 57464045   49.32%
 392519 356843     1342.4167   503     1688.0000      855.4199 57591640   49.32%
 396776 360823     1080.3897   590     1688.0000      855.4199 58254407   49.32%
 396872 360913     1122.8148   631     1688.0000      855.4199 58337499   49.32%
 397000 361041     1203.0357   623     1688.0000      855.4199 58412634   49.32%
 403188 366853      981.7091   554     1688.0000      856.2969 59184782   49.27%
Elapsed time = 4126.45 sec. (992203.44 ticks, tree = 62373.47 MB, solutions = 71)
Nodefile size = 62214.65 MB (48265.04 MB after compression)
 403295 366958     1053.8353   721     1688.0000      856.2969 59241682   49.27%
*405929+369444                         1661.0000      856.2969 59598766   48.45%
Found incumbent of value 1661.000000 after 4151.11 sec. (994102.20 ticks)
 408621 371971      934.0353   616     1661.0000      856.2969 59941238   48.45%
 409190 360458      928.7349   760     1661.0000      856.2969 60029646   48.45%
 409254 360520      997.4247   715     1661.0000      856.2969 60061702   48.45%
 409425 360689     1076.9755   693     1661.0000      856.2969 60129866   48.45%
 414420 365368      923.2661   812     1661.0000      856.2969 60819789   48.45%
 414499 365444      970.5111   724     1661.0000      856.2969 60869607   48.45%
 420140 370746     1317.9667   471     1661.0000      857.5699 61682838   48.37%
 420346 370952     1134.6667   694     1661.0000      857.5699 61780081   48.37%
 422276 372762      958.8228   741     1661.0000      857.5699 62049013   48.37%
Elapsed time = 4311.53 sec. (1036981.43 ticks, tree = 63155.81 MB, solutions = 72)
Nodefile size = 62992.07 MB (48823.54 MB after compression)
 426875 377060      985.9447   469     1661.0000      857.9916 62607824   48.34%
 427077 377253     1088.6254   704     1661.0000      857.9916 62698209   48.34%
 427173 377349     1174.3006   670     1661.0000      857.9916 62740764   48.34%
*429530 379564      integral     0     1642.0000      857.9916 63114466   47.75%
Found incumbent of value 1642.000000 after 4371.07 sec. (1050921.07 ticks)
 431883 369255      939.8315   641     1642.0000      858.3983 63453836   47.72%
 432011 369380      979.0378   606     1642.0000      858.3983 63538640   47.72%
 432107 369476     1040.0810   591     1642.0000      858.3983 63587058   47.72%
 437633 374628      968.2724   690     1642.0000      858.4967 64335741   47.72%
 437793 374784     1024.1535   636     1642.0000      858.4967 64412324   47.72%
 443730 380319      904.5532   484     1642.0000      858.4967 65200798   47.72%
Elapsed time = 4481.11 sec. (1075234.20 ticks, tree = 63962.81 MB, solutions = 73)
Nodefile size = 63751.94 MB (49378.92 MB after compression)
 443875 380455      981.8055   757     1642.0000      858.7476 65257309   47.70%
 444003 380579     1026.8143   760     1642.0000      858.7476 65319993   47.70%
 449249 385504     1378.3333   272     1642.0000      859.6978 66002719   47.64%
 449427 385678     1099.7544   715     1642.0000      859.6978 66081217   47.64%
 449619 385870     1171.6765   594     1642.0000      859.6978 66140872   47.64%
 455758 391620      880.6949   625     1642.0000      859.8136 66939868   47.64%
                                                    Covers: 2                  
 455822 391684      915.0448   631     1642.0000      859.8136 66986092   47.64%
 455980 391842      982.3574   626     1642.0000      859.8136 67068493   47.64%
 458858 394526     1065.2562   654     1642.0000      859.8136 67757284   47.64%
 458939 394604     1133.5870   719     1642.0000      859.8136 67818575   47.64%
Elapsed time = 4678.09 sec. (1121358.49 ticks, tree = 67011.40 MB, solutions = 73)
Nodefile size = 66852.37 MB (51764.58 MB after compression)
 463774 399131      966.7408   637     1642.0000      859.8136 68515994   47.64%
 464325 399633     1013.8382   718     1642.0000      860.9366 68629625   47.57%
 464421 399727     1037.7368   716     1642.0000      860.9366 68685408   47.57%
 467796 402927      970.8125   610     1642.0000      860.9366 69185032   47.57%
 470270 405219      966.3630   599     1642.0000      861.1046 69552070   47.56%
 470456 405400     1165.4171   586     1642.0000      861.1046 69619301   47.56%
 476390 410985     1009.4777   451     1642.0000      861.1046 70395188   47.56%
 476636 411198      951.2665   661     1642.0000      861.1046 70452357   47.56%
 476826 411380      981.9952   753     1642.0000      861.6698 70504263   47.52%
                                                    Covers: 1                  
 477050 411602     1119.8074   703     1642.0000      861.6698 70569875   47.52%
Elapsed time = 4862.56 sec. (1165848.49 ticks, tree = 70044.56 MB, solutions = 73)
Nodefile size = 69886.02 MB (54107.44 MB after compression)
 482795 416945      878.0197   630     1642.0000      861.6698 71320951   47.52%
 482966 417106      956.0353   572     1642.0000      862.1164 71361941   47.50%
 483068 417208     1015.8166   700     1642.0000      862.1164 71405902   47.50%
 485521 419520      993.1694   458     1642.0000      862.1164 71747614   47.50%
 488816 422591     1000.4966   738     1642.0000      862.4858 72181789   47.47%
 488976 422750     1125.9610   750     1642.0000      862.4858 72231854   47.47%
 489104 422872     1225.0667   684     1642.0000      862.4858 72274061   47.47%
 495455 428776     1100.2211   400     1642.0000      863.0219 73105256   47.44%
 495515 428836      949.6359   742     1642.0000      863.0219 73143781   47.44%
 500456 433459     1510.8000   236     1642.0000      863.0219 73930189   47.44%
Elapsed time = 5040.10 sec. (1207898.37 ticks, tree = 73216.77 MB, solutions = 73)
Nodefile size = 73056.36 MB (56539.76 MB after compression)
 501010 433967     1038.9167   702     1642.0000      863.2395 74020150   47.43%
                                                  ZeroHalf: 1                  
 501138 434087     1076.1979   682     1642.0000      863.2395 74106189   47.43%
 505771 438414      912.8747   762     1642.0000      863.2395 74721472   47.43%
 506558 439144     1140.1759   640     1642.0000      863.6300 74838548   47.40%
 506718 439301     1204.5833   613     1642.0000      863.6300 74897818   47.40%
 511458 443743     1409.5000   406     1642.0000      863.6300 75531175   47.40%
 513290 445439      989.1400   596     1642.0000      864.2854 75802969   47.36%
 513418 445564     1032.7222   502     1642.0000      864.2854 75847724   47.36%
 520049 451826     1384.6304   281     1642.0000      864.2854 76663151   47.36%
 520517 452251     1044.2716   726     1642.0000      864.3082 76743462   47.36%
Elapsed time = 5249.11 sec. (1253243.69 ticks, tree = 77450.80 MB, solutions = 73)
Nodefile size = 77293.86 MB (59801.93 MB after compression)
 520586 452318     1006.6607   705     1642.0000      864.3082 76774138   47.36%
 523405 454956      977.2310   745     1642.0000      864.3082 77189844   47.36%
 526296 457661     1005.0147   670     1642.0000      864.7221 77569834   47.34%
 526430 457795     1066.7857   657     1642.0000      864.7221 77643750   47.34%
 532197 463161      982.9321   459     1642.0000      865.2157 78451280   47.31%
 532356 463316      969.4121   720     1642.0000      865.2157 78546312   47.31%
 537037 467702     1521.7045   231     1642.0000      865.2157 79211135   47.31%
 537523 468136      958.9293   778     1642.0000      865.5858 79304719   47.28%
 537645 468258     1038.0669   740     1642.0000      865.5858 79374357   47.28%
 543328 473579      978.8542   578     1642.0000      866.1113 80158274   47.25%
Elapsed time = 5453.78 sec. (1303019.06 ticks, tree = 81326.62 MB, solutions = 73)
Nodefile size = 81167.07 MB (62787.09 MB after compression)
 543509 473752     1077.4571   685     1642.0000      866.1113 80235924   47.25%
 547654 477656      967.4062   675     1642.0000      866.1113 80805354   47.25%
 550613 480428     1048.4210   712     1642.0000      866.4422 81175066   47.23%
 550773 480588     1136.2000   643     1642.0000      866.4422 81211873   47.23%
 553471 483142     1119.0000   221     1642.0000      866.4422 81617311   47.23%
 556659 486115      989.3000   665     1642.0000      866.8962 82026319   47.20%
 556787 486242     1076.8600   671     1642.0000      866.8962 82073179   47.20%
 562391 491498      892.5141   438     1642.0000      866.8962 82803328   47.20%
 562712 491778     1190.6739   616     1642.0000      867.2061 82867743   47.19%
 562756 491822     1012.0874   704     1642.0000      867.2061 82892656   47.19%
Elapsed time = 5658.34 sec. (1346689.89 ticks, tree = 84610.02 MB, solutions = 73)
Nodefile size = 84450.72 MB (65309.17 MB after compression)
 565631 494522      978.5344   588     1642.0000      867.2061 83423847   47.19%
 568153 496864     1011.1325   698     1642.0000      867.2061 83817564   47.19%
                                                  ZeroHalf: 1                  
 568284 496992     1030.0658   640     1642.0000      867.2061 83885573   47.19%
 573459 501840     1270.2331   366     1642.0000      867.8306 84633871   47.15%
 573576 501957      910.6674   601     1642.0000      867.8306 84711537   47.15%
 573727 502108     1019.1761   631     1642.0000      867.8306 84785911   47.15%
 579702 507671     1591.5000    75     1642.0000      867.9096 85532069   47.14%
 579851 507818     1012.8561   595     1642.0000      867.9096 85606690   47.14%
 583114 510913     1032.0679   564     1642.0000      867.9096 86059449   47.14%
 586595 514136     1315.2992   530     1642.0000      868.6793 86466275   47.10%
Elapsed time = 5845.44 sec. (1393677.26 ticks, tree = 88151.71 MB, solutions = 73)
Nodefile size = 87991.54 MB (68031.74 MB after compression)
 586760 514297     1006.7000   684     1642.0000      868.6793 86538110   47.10%
 589863 517211      917.3286   663     1642.0000      868.6793 86986604   47.10%
 591674 518874     1019.9280   695     1642.0000      868.8790 87259774   47.08%
 591802 519002     1072.0921   682     1642.0000      868.8790 87334451   47.08%
 591992 519192     1183.8333   511     1642.0000      868.8790 87412788   47.08%
 597132 523990     1274.0476   652     1642.0000      869.1744 88065198   47.07%
 597164 524022     1322.0000   584     1642.0000      869.1744 88090131   47.07%
 598606 525405     1007.4167   411     1642.0000      869.1744 88364220   47.07%
 603060 529528      973.8456   723     1642.0000      869.4707 88972880   47.05%
 603165 529633      969.2632   681     1642.0000      869.4707 89044182   47.05%
Elapsed time = 6034.56 sec. (1437070.85 ticks, tree = 90937.06 MB, solutions = 73)
Nodefile size = 90778.39 MB (70189.69 MB after compression)
 606801 533067      952.4423   720     1642.0000      869.4707 89533519   47.05%
 609293 535379     1022.8129   618     1642.0000      869.8068 89894703   47.03%
 609453 535536     1110.8500   635     1642.0000      869.8068 89952210   47.03%
 609517 535598     1172.8296   623     1642.0000      869.8068 89975601   47.03%
 615810 541433      901.1809   676     1642.0000      869.9482 90839059   47.02%
 615961 541583     1184.3864   494     1642.0000      869.9482 90903286   47.02%
 619264 544697      965.1836   570     1642.0000      869.9482 91418617   47.02%
 620894 546205     1002.6408   706     1642.0000      870.2791 91665164   47.00%
                                                  Impl Bds: 3                  
 621077 546382     1034.4130   660     1642.0000      870.2791 91739319   47.00%
 627113 551986     1052.1992   674     1642.0000      870.7153 92533494   46.97%
Elapsed time = 6232.49 sec. (1483114.08 ticks, tree = 94311.56 MB, solutions = 73)
Nodefile size = 94152.39 MB (72775.72 MB after compression)
 627305 552173     1120.0000   570     1642.0000      870.7153 92618105   46.97%
 627587 552455     1289.3889   476     1642.0000      870.7153 92685262   46.97%
 632795 557289      954.8333   686     1642.0000      871.4040 93381504   46.93%
 632924 557413     1092.6875   671     1642.0000      871.4040 93439619   46.93%
 633206 557677     1200.8095   640     1642.0000      871.4040 93536641   46.93%
 639630 563695     1002.0116   663     1642.0000      871.5360 94333953   46.92%
 639822 563887     1053.5000   529     1642.0000      871.5360 94392086   46.92%
 646251 569930      896.6484   490     1642.0000      871.5360 95203023   46.92%
 646476 570124     1070.0500   685     1642.0000      871.6214 95243994   46.92%
 646604 570249     1154.1739   523     1642.0000      871.6214 95287325   46.92%
Elapsed time = 6431.58 sec. (1525184.92 ticks, tree = 97567.04 MB, solutions = 73)
Nodefile size = 97406.67 MB (75289.99 MB after compression)
 649507 572977     1030.3184   492     1642.0000      871.6214 95707888   46.92%
 652063 575347     1144.3864   668     1642.0000      872.0811 96077468   46.89%
 652182 575466     1048.1942   753     1642.0000      872.0811 96127471   46.89%
 658456 581297      977.2768   474     1642.0000      872.2303 96944411   46.88%
 658663 581499     1034.5962   656     1642.0000      872.2303 97054546   46.88%
 662114 584734     1031.5097   456     1642.0000      872.2303 97567271   46.88%
 663874 586365      904.2455   528     1642.0000      872.5335 97782118   46.86%
 664020 586506     1063.4885   637     1642.0000      872.5335 97828035   46.86%
 665712 588110      965.5568   681     1642.0000      872.5335 98036417   46.86%
 671276 593270     1007.7980   509     1642.0000      873.0031 98740775   46.83%
                                                  Impl Bds: 1                  
Elapsed time = 6622.80 sec. (1570641.36 ticks, tree = 101736.50 MB, solutions = 73)
Nodefile size = 101579.06 MB (78516.44 MB after compression)
 671469 593463      997.3604   616     1642.0000      873.0031 98825748   46.83%
 671969 593928      991.4000   724     1642.0000      873.0031 98937327   46.83%
*672974 594867      integral     0     1542.0000      873.0031 99057088   43.39%
Found incumbent of value 1542.000000 after 6665.22 sec. (1579494.93 ticks)
 677720 465315      915.9610   674     1542.0000      873.0031 99700915   43.39%
                                                      Cuts: 4                  
 677880 465472     1023.1741   552     1542.0000      873.0031 99800652   43.39%
*678482+466030                         1530.0000      873.0031 99984702   42.94%
Found incumbent of value 1530.000000 after 6724.12 sec. (1584042.63 ticks)
 680880 468182      958.7449   586     1530.0000      873.0031 1.00e+08   42.94%
 681030 451388      904.4771   686     1530.0000      873.0031 1.01e+08   42.94%
 681158 451516      971.1458   714     1530.0000      873.0031 1.01e+08   42.94%
 685528 455530     1020.2127   729     1530.0000      873.7773 1.01e+08   42.89%
 685656 455651     1061.7403   675     1530.0000      873.7773 1.01e+08   42.89%
Elapsed time = 6802.66 sec. (1613051.05 ticks, tree = 77372.76 MB, solutions = 76)
Nodefile size = 77213.65 MB (59263.80 MB after compression)
 689059 458737     1443.9028   417     1530.0000      873.9073 1.02e+08   42.88%
 689197 458870     1041.0069   710     1530.0000      873.9073 1.02e+08   42.88%
 689346 459014     1049.2438   615     1530.0000      873.9073 1.02e+08   42.88%
 694022 463322     1157.9286   569     1530.0000      874.2552 1.03e+08   42.86%
 694214 463506     1337.6852   585     1530.0000      874.2552 1.03e+08   42.86%
 698435 467408      918.2644   698     1530.0000      874.2552 1.04e+08   42.86%
 699236 468066      955.1382   747     1530.0000      874.6265 1.04e+08   42.83%
 699332 468162     1042.3802   616     1530.0000      874.6265 1.04e+08   42.83%
*699796+468598                         1506.0000      874.6265 1.04e+08   41.92%
Found incumbent of value 1506.000000 after 6985.14 sec. (1650994.54 ticks)
 703938 438540      946.3438   426     1506.0000      874.6265 1.05e+08   41.92%
 704131 438727     1137.1667   487     1506.0000      874.6265 1.05e+08   41.92%
Elapsed time = 7018.87 sec. (1659184.14 ticks, tree = 74513.08 MB, solutions = 77)
Nodefile size = 74354.65 MB (56969.04 MB after compression)
 704611 439205     1482.6765   323     1506.0000      874.6265 1.05e+08   41.92%
 706365 440768     1334.4289   289     1506.0000      874.6265 1.05e+08   41.92%
 708343 442518     1004.4240   684     1506.0000      875.5518 1.06e+08   41.86%
 708453 442628     1352.7912   294     1506.0000      875.5518 1.06e+08   41.86%
 713119 446876      914.8767   687     1506.0000      875.5518 1.07e+08   41.86%
 713191 446912      943.5000   626     1506.0000      875.7935 1.07e+08   41.85%
 713323 447041     1046.9682   722     1506.0000      875.7935 1.07e+08   41.85%
 713538 447253     1156.0795   668     1506.0000      875.7935 1.07e+08   41.85%
 717502 450854      985.4389   629     1506.0000      875.9379 1.08e+08   41.84%
 717611 450963     1046.9316   734     1506.0000      875.9379 1.08e+08   41.84%
Elapsed time = 7191.36 sec. (1704797.03 ticks, tree = 76706.15 MB, solutions = 77)
Nodefile size = 76548.21 MB (58640.09 MB after compression)
*721310+454374                         1505.0000      875.9379 1.08e+08   41.80%
Found incumbent of value 1505.000000 after 7201.89 sec. (1704199.70 ticks)
 721957 453532     1352.7500   215     1505.0000      875.9379 1.08e+08   41.80%
 722027 453602      963.5622   737     1505.0000      875.9379 1.08e+08   41.80%
 722073 453648      976.0799   719     1505.0000      875.9379 1.09e+08   41.80%
 725289 456542      954.1894   719     1505.0000      876.4209 1.09e+08   41.77%
 725368 456620     1010.5050   648     1505.0000      876.4209 1.09e+08   41.77%
 725432 456680     1007.0388   591     1505.0000      876.4209 1.09e+08   41.77%
 728569 459540     1026.9421   584     1505.0000      876.4874 1.10e+08   41.76%
                                                  Impl Bds: 7                  
 728633 459602     1056.7436   651     1505.0000      876.4874 1.10e+08   41.76%
 732081 462764      973.8494   665     1505.0000      876.4874 1.11e+08   41.76%
 733112 463666     1066.0714   650     1505.0000      876.5676 1.11e+08   41.76%
                                                  Impl Bds: 6                  
Elapsed time = 7386.51 sec. (1750701.30 ticks, tree = 78685.66 MB, solutions = 78)
Nodefile size = 78530.30 MB (60140.84 MB after compression)
 733240 463786     1138.7667   694     1505.0000      876.5676 1.11e+08   41.76%
 737633 467735     1221.4167   311     1505.0000      877.1663 1.12e+08   41.72%
                                                  ZeroHalf: 1                  
 737765 467867     1221.0891   662     1505.0000      877.1663 1.12e+08   41.72%
 737930 468029     1097.4004   647     1505.0000      877.1663 1.12e+08   41.72%
 742274 471962      936.2309   696     1505.0000      877.3742 1.13e+08   41.70%
 742370 472058     1006.4492   697     1505.0000      877.3742 1.13e+08   41.70%
 742498 472184     1081.8125   664     1505.0000      877.3742 1.13e+08   41.70%
 746328 475630     1143.7042   648     1505.0000      877.8671 1.14e+08   41.67%
 746392 475694     1168.8333   655     1505.0000      877.8671 1.14e+08   41.67%
 746712 476014     1339.9524   486     1505.0000      877.8671 1.14e+08   41.67%
Elapsed time = 7567.18 sec. (1794646.16 ticks, tree = 80842.57 MB, solutions = 78)
Nodefile size = 80686.75 MB (61790.50 MB after compression)
 751777 480595      924.2389   531     1505.0000      878.1960 1.15e+08   41.65%
 751974 480788     1061.6914   602     1505.0000      878.1960 1.15e+08   41.65%
 752325 481133     1286.7500   438     1505.0000      878.1960 1.15e+08   41.65%
 756336 484719     1009.6150   448     1505.0000      878.3227 1.15e+08   41.64%
 756492 484867     1062.8431   741     1505.0000      878.3227 1.16e+08   41.64%
 756703 485074     1220.0735   536     1505.0000      878.3227 1.16e+08   41.64%
 761720 489602     1073.3005   634     1505.0000      878.7626 1.16e+08   41.61%
 761912 489787     1232.5000   563     1505.0000      878.7626 1.17e+08   41.61%
 762028 489899     1020.2084   647     1505.0000      878.7626 1.17e+08   41.61%
 766833 494222     1033.8096   441     1505.0000      878.9893 1.17e+08   41.60%
Elapsed time = 7762.63 sec. (1836651.72 ticks, tree = 84198.51 MB, solutions = 78)
Nodefile size = 84043.91 MB (64349.69 MB after compression)
 766962 494343     1042.0483   681     1505.0000      878.9893 1.18e+08   41.60%
 771301 498290     1085.1331   433     1505.0000      878.9893 1.18e+08   41.60%
                                                  ZeroHalf: 1                  
 771409 498397      981.5705   564     1505.0000      878.9893 1.18e+08   41.60%
 771576 498552     1095.2984   645     1505.0000      878.9893 1.18e+08   41.60%
 776602 503092     1078.2988   466     1505.0000      879.7360 1.19e+08   41.55%
 776688 503176     1101.7503   567     1505.0000      879.7360 1.19e+08   41.55%
 777012 503488     1256.5000   484     1505.0000      879.7360 1.19e+08   41.55%
 782087 508070     1314.2500   336     1505.0000      879.8982 1.20e+08   41.54%
 782155 508137      959.4480   741     1505.0000      879.8982 1.20e+08   41.54%
 782781 508737     1176.2778   580     1505.0000      879.8982 1.21e+08   41.54%
Elapsed time = 7981.86 sec. (1886028.07 ticks, tree = 86688.42 MB, solutions = 78)
Nodefile size = 86534.69 MB (66245.66 MB after compression)
 785188 510850     1016.7526   522     1505.0000      880.2076 1.21e+08   41.51%
 785247 510903      942.6622   690     1505.0000      880.2076 1.21e+08   41.51%
 785375 511031      958.1719   636     1505.0000      880.2076 1.21e+08   41.51%
 788758 514054      925.1871   755     1505.0000      880.4214 1.22e+08   41.50%
 788880 514173     1117.5000   589     1505.0000      880.4214 1.22e+08   41.50%
 789008 514295     1192.0286   688     1505.0000      880.4214 1.22e+08   41.50%
 792866 517793     1238.0307   422     1505.0000      880.5041 1.23e+08   41.49%
 793015 517942     1081.3125   607     1505.0000      880.5041 1.23e+08   41.49%
 793157 518084     1275.9727   585     1505.0000      880.5041 1.23e+08   41.49%
 797443 521997     1075.1052   719     1505.0000      880.5041 1.24e+08   41.49%
Elapsed time = 8141.53 sec. (1930687.70 ticks, tree = 88115.44 MB, solutions = 78)
Nodefile size = 87930.94 MB (67307.89 MB after compression)
 798065 522547     1054.5521   562     1505.0000      880.5681 1.24e+08   41.49%
 798353 522821     1143.8667   543     1505.0000      880.5681 1.24e+08   41.49%
*799625+523989                         1501.0000      880.5681 1.24e+08   41.33%
Found incumbent of value 1501.000000 after 8195.37 sec. (1932217.82 ticks)
 799751 524093     1449.1799   349     1501.0000      880.5681 1.24e+08   41.33%
 802820 521248      969.6954   684     1501.0000      881.3366 1.25e+08   41.28%
 802948 521366     1021.7152   681     1501.0000      881.3366 1.25e+08   41.28%
 808174 526144      982.1030   636     1501.0000      881.3366 1.26e+08   41.28%
 808319 526262     1123.9028   634     1501.0000      881.3366 1.26e+08   41.28%
 808448 526380     1064.8750   604     1501.0000      881.3366 1.26e+08   41.28%
 812269 529864     1498.0809   367     1501.0000      881.3366 1.27e+08   41.28%
 812528 530070     1059.7598   703     1501.0000      881.3366 1.27e+08   41.28%
Elapsed time = 8343.80 sec. (1977998.68 ticks, tree = 90311.73 MB, solutions = 79)
Nodefile size = 90159.57 MB (68994.45 MB after compression)
 812679 530210     1070.7103   665     1501.0000      881.3366 1.27e+08   41.28%
 813416 530883     1061.6762   695     1501.0000      881.3366 1.27e+08   41.28%
 817253 534343     1348.5831   237     1501.0000      881.9588 1.28e+08   41.24%
 817391 534481     1065.3125   691     1501.0000      881.9588 1.28e+08   41.24%
 817487 534565     1063.2847   661     1501.0000      881.9588 1.28e+08   41.24%
 821361 538074      933.2875   750     1501.0000      882.1753 1.28e+08   41.23%
 821489 538201     1029.4681   680     1501.0000      882.1753 1.29e+08   41.23%
 822696 539319      930.8413   590     1501.0000      882.1753 1.29e+08   41.23%
 826452 542657     1216.4271   599     1501.0000      882.7151 1.30e+08   41.19%
                                                  Impl Bds: 4                  
 826732 542923     1056.5000   411     1501.0000      882.7151 1.30e+08   41.19%
Elapsed time = 8531.93 sec. (2021772.39 ticks, tree = 92583.33 MB, solutions = 79)
Nodefile size = 92431.27 MB (70729.10 MB after compression)
 829143 545109      922.6799   767     1501.0000      882.7151 1.30e+08   41.19%
 831684 547344      932.6000   348     1501.0000      883.0192 1.30e+08   41.17%
                                                  Impl Bds: 8                  
 831828 547482     1169.5824   703     1501.0000      883.0192 1.31e+08   41.17%
 831980 547634     1084.7813   635     1501.0000      883.0192 1.31e+08   41.17%
 836735 551935     1106.7500   346     1501.0000      883.0562 1.32e+08   41.17%
                                                  ZeroHalf: 1                  
 836873 552058     1067.8187   726     1501.0000      883.0562 1.32e+08   41.17%
 837013 552198     1220.2963   632     1501.0000      883.0562 1.32e+08   41.17%
 840565 555405     1235.5536   422     1501.0000      883.2269 1.32e+08   41.16%
 840764 555599      990.5000   513     1501.0000      883.2269 1.32e+08   41.16%
 840892 555726     1084.5605   629     1501.0000      883.2269 1.32e+08   41.16%
Elapsed time = 8704.68 sec. (2066592.34 ticks, tree = 94887.13 MB, solutions = 79)
Nodefile size = 94734.13 MB (72485.09 MB after compression)
 846077 560442      952.1259   611     1501.0000      883.5466 1.33e+08   41.14%
                                                  ZeroHalf: 2                  
 846394 560745     1035.0527   701     1501.0000      883.5466 1.33e+08   41.14%
 850594 564591     1221.3402   372     1501.0000      883.5466 1.34e+08   41.14%
 852269 566083     1005.1773   427     1501.0000      884.0172 1.34e+08   41.10%
 852425 566229      990.6560   723     1501.0000      884.0172 1.34e+08   41.10%
 852489 566288     1136.8738   714     1501.0000      884.0172 1.35e+08   41.10%
 857669 570985     1026.1183   480     1501.0000      884.0802 1.35e+08   41.10%
                                                      Cuts: 4                  
 857825 571133     1280.6250   646     1501.0000      884.0802 1.36e+08   41.10%
 858017 571315     1460.5000   550     1501.0000      884.0802 1.36e+08   41.10%
 862169 575072     1043.7325   425     1501.0000      884.4089 1.36e+08   41.08%
                                                  Impl Bds: 5                  
Elapsed time = 8896.57 sec. (2109245.20 ticks, tree = 98430.38 MB, solutions = 79)
Nodefile size = 98279.97 MB (75186.89 MB after compression)
 862299 575192     1059.2917   636     1501.0000      884.4089 1.36e+08   41.08%
 862435 575322     1302.6111   602     1501.0000      884.4089 1.36e+08   41.08%
 867110 579576      972.0000   490     1501.0000      884.5856 1.37e+08   41.07%
 867233 579693     1058.1571   597     1501.0000      884.5856 1.37e+08   41.07%
 867361 579819     1095.5000   351     1501.0000      884.5856 1.37e+08   41.07%
 873118 585011     1196.9462   424     1501.0000      885.0119 1.38e+08   41.04%
 873257 585148     1025.0000   697     1501.0000      885.0119 1.38e+08   41.04%
 873431 585318     1160.7266   645     1501.0000      885.0119 1.39e+08   41.04%
 877473 588962     1089.6680   339     1501.0000      885.2581 1.39e+08   41.02%
 877699 589174     1111.3526   603     1501.0000      885.2581 1.39e+08   41.02%
Elapsed time = 9087.62 sec. (2152106.19 ticks, tree = 100495.52 MB, solutions = 79)
Nodefile size = 100344.88 MB (76749.97 MB after compression)
 877901 589370     1168.6889   588     1501.0000      885.2581 1.39e+08   41.02%
 882393 593410     1128.9444   548     1501.0000      885.2906 1.40e+08   41.02%
                                                  ZeroHalf: 1                  
 882581 593598     1032.7388   685     1501.0000      885.2906 1.40e+08   41.02%
 882806 593800     1118.4722   580     1501.0000      885.2906 1.40e+08   41.02%
 887585 598099     1016.9630   551     1501.0000      885.6167 1.41e+08   41.00%
 887815 598319     1125.6932   502     1501.0000      885.6167 1.41e+08   41.00%
 888040 598534     1087.6750   599     1501.0000      885.6167 1.41e+08   41.00%
 892918 602932     1333.7083   321     1501.0000      886.1804 1.42e+08   40.96%
 893096 603106     1161.0000   448     1501.0000      886.1804 1.42e+08   40.96%
 893274 603277     1184.3333   600     1501.0000      886.1804 1.42e+08   40.96%
Elapsed time = 9269.93 sec. (2195341.38 ticks, tree = 103016.04 MB, solutions = 79)
Nodefile size = 102863.91 MB (78675.12 MB after compression)
 897857 607439      909.6458   680     1501.0000      886.1804 1.43e+08   40.96%
 898653 608124      982.2482   725     1501.0000      886.2709 1.43e+08   40.95%
                                                  Impl Bds: 1                  
 898786 608257     1130.2500   595     1501.0000      886.2709 1.43e+08   40.95%
 900601 609912      945.3354   708     1501.0000      886.2709 1.44e+08   40.95%
 902385 611504      992.2687   622     1501.0000      886.4108 1.44e+08   40.95%
 902659 611778     1074.7160   694     1501.0000      886.4108 1.44e+08   40.95%
 908249 616819     1236.8000   285     1501.0000      886.9375 1.45e+08   40.91%
 908448 617000     1013.8858   763     1501.0000      886.9375 1.45e+08   40.91%
 909451 617934     1062.3053   584     1501.0000      886.9375 1.46e+08   40.91%
 912077 620324      985.3690   692     1501.0000      886.9375 1.46e+08   40.91%
Elapsed time = 9456.71 sec. (2241232.60 ticks, tree = 105539.54 MB, solutions = 79)
Nodefile size = 105351.77 MB (80576.09 MB after compression)
 914188 622163     1025.6240   634     1501.0000      886.9962 1.46e+08   40.91%
 914288 622259      943.9473   724     1501.0000      886.9962 1.46e+08   40.91%
 914320 622291      995.2140   706     1501.0000      886.9962 1.46e+08   40.91%
 917449 625100     1065.0638   720     1501.0000      887.2869 1.47e+08   40.89%
 917577 625223     1086.7500   706     1501.0000      887.2869 1.47e+08   40.89%
 921385 628651     1078.3440   435     1501.0000      887.2869 1.48e+08   40.89%
 921578 628844     1173.9902   612     1501.0000      887.2869 1.48e+08   40.89%
 921655 628921     1104.1325   684     1501.0000      887.2869 1.48e+08   40.89%
 926549 633292     1043.5920   505     1501.0000      887.2869 1.49e+08   40.89%
                                                    Covers: 1                  
 926751 633488     1153.3519   597     1501.0000      887.2869 1.49e+08   40.89%
Elapsed time = 9657.61 sec. (2286699.78 ticks, tree = 108041.00 MB, solutions = 79)
Nodefile size = 107893.72 MB (82512.67 MB after compression)
 928424 635028      950.7486   490     1501.0000      887.2869 1.49e+08   40.89%
 932525 638706     1106.2140   693     1501.0000      888.1661 1.50e+08   40.83%
 932667 638844      994.0172   678     1501.0000      888.1661 1.50e+08   40.83%
 932891 639062     1082.4167   474     1501.0000      888.1661 1.50e+08   40.83%
 937018 642736      966.2535   458     1501.0000      888.3617 1.51e+08   40.82%
 937138 642854     1145.8145   655     1501.0000      888.3617 1.51e+08   40.82%
 937298 643004     1248.1096   616     1501.0000      888.3617 1.51e+08   40.82%
 941862 647147     1094.0088   414     1501.0000      888.5821 1.52e+08   40.80%
 941963 647246     1242.8750   344     1501.0000      888.5821 1.52e+08   40.80%
 943652 648786     1262.8750   282     1501.0000      888.5821 1.52e+08   40.80%
Elapsed time = 9956.21 sec. (2366432.21 ticks, tree = 110553.29 MB, solutions = 79)
Nodefile size = 110376.53 MB (84412.31 MB after compression)
 943918 649041     1259.8167   356     1501.0000      888.5821 1.52e+08   40.80%
 945968 650834     1067.1709   676     1501.0000      888.6767 1.53e+08   40.79%
 949027 653622     1101.6727   636     1501.0000      888.6983 1.53e+08   40.79%
 949187 653772     1125.5833   577     1501.0000      888.6983 1.53e+08   40.79%
 949194 653779     1120.8571   604     1501.0000      888.6983 1.53e+08   40.79%
 950115 654617     1348.0000   265     1501.0000      888.6983 1.54e+08   40.79%
 950954 655395     1465.2319   328     1501.0000      888.6983 1.54e+08   40.79%
 952866 657081     1272.0000   442     1501.0000      888.9184 1.54e+08   40.78%
                                                  Impl Bds: 2                  
 952900 657113      990.7081   453     1501.0000      888.9184 1.54e+08   40.78%
 954148 658250     1058.3072   471     1501.0000      888.9184 1.54e+08   40.78%
Elapsed time = 10488.45 sec. (2751527.68 ticks, tree = 112285.32 MB, solutions = 79)
Nodefile size = 112127.76 MB (85749.27 MB after compression)
 956223 660082     1497.3778   230     1501.0000      889.2443 1.55e+08   40.76%
                                                      Cuts: 4                  
 956333 660191     1082.8947   614     1501.0000      889.2443 1.55e+08   40.76%
 956349 660207     1152.6470   429     1501.0000      889.2443 1.55e+08   40.76%
 956406 660260     1087.7500   328     1501.0000      889.2443 1.55e+08   40.76%
 958902 662539      909.7695   522     1501.0000      889.2443 1.55e+08   40.76%
 960451 663921     1040.8252   707     1501.0000      889.4368 1.55e+08   40.74%
                                                  Impl Bds: 4                  
 960611 664072     1087.8529   716     1501.0000      889.4368 1.56e+08   40.74%
 960801 664240     1319.0000   311     1501.0000      889.4368 1.56e+08   40.74%
 961991 665321     1004.1694   456     1501.0000      889.4368 1.56e+08   40.74%
 962644 665911     1307.7500   269     1501.0000      889.4368 1.56e+08   40.74%
Elapsed time = 10743.81 sec. (2904898.98 ticks, tree = 113535.23 MB, solutions = 79)
Nodefile size = 113366.59 MB (86695.37 MB after compression)
 963629 666768     1136.8981   658     1501.0000      889.6894 1.56e+08   40.73%
 963757 666894     1205.6429   628     1501.0000      889.6894 1.56e+08   40.73%
 968361 671054     1146.9434   632     1501.0000      889.6894 1.57e+08   40.73%

GUB cover cuts applied:  2
Clique cuts applied:  2
Cover cuts applied:  10
Implied bound cuts applied:  92
Zero-half cuts applied:  271
Gomory fractional cuts applied:  9

Root node processing (before b&c):
  Real time             =   26.77 sec. (13468.50 ticks)
Parallel b&c, 32 threads:
  Real time             = 10794.93 sec. (2905446.11 ticks)
  Sync time (average)   =    0.68 sec.
  Wait time (average)   =    0.00 sec.
                          ------------
Total (root+branch&cut) = 10821.71 sec. (2918914.61 ticks)


Solution status: Feasible
Execution time: 10822.4 sec
Gap: 0.40727
