Sat Jul 14 18:00:00 2018

Tried aggregator 2 times.
MIP Presolve eliminated 18040 rows and 145 columns.
Aggregator did 576 substitutions.
Reduced MIP has 13871 rows, 3124 columns, and 49544 nonzeros.
Reduced MIP has 3124 binaries, 0 generals, 0 SOSs, and 0 indicators.
Presolve time = 0.11 sec. (75.28 ticks)
Probing time = 0.00 sec. (1.90 ticks)
Tried aggregator 1 time.
Presolve time = 0.03 sec. (20.87 ticks)
Probing time = 0.01 sec. (1.90 ticks)
Clique table members: 11152.
MIP emphasis: balance optimality and feasibility.
MIP search method: dynamic search.
Parallel mode: deterministic, using up to 32 threads.
Root relaxation solution time = 0.81 sec. (253.80 ticks)

        Nodes                                         Cuts/
   Node  Left     Objective  IInf  Best Integer    Best Bound    ItCnt     Gap

      0     0      680.0000   405                    680.0000     1836         
      0     0      734.7500   615                    Cuts: 45     4470         
      0     0      760.9250   519                    Cuts: 56     5834         
      0     0      784.0000   551                    Cuts: 52     8957         
      0     0      791.0658   561                    Cuts: 43    10389         
      0     0      795.5000   498                    Cuts: 39    12035         
*     0+    0                         2465.0000      795.5000    15630   67.73%
Found incumbent of value 2465.000000 after 13.53 sec. (8198.49 ticks)
      0     0      798.9888   533     2465.0000      Cuts: 54    15630   67.59%
      0     0      799.2088   505     2465.0000      Cuts: 54    16143   67.58%
      0     0      800.0000   504     2465.0000      Cuts: 29    16980   67.55%
      0     0      800.0000   442     2465.0000      Cuts: 41    17516   67.55%
      0     0      800.7852   541     2465.0000      Cuts: 52    19181   67.51%
      0     0      801.1324   531     2465.0000      Cuts: 38    20032   67.50%
      0     0      801.5024   548     2465.0000      Cuts: 23    20705   67.48%
      0     0      802.6352   571     2465.0000  ZeroHalf: 22    21779   67.44%
      0     0      802.6352   571     2465.0000      Cuts: 43    22299   67.44%
      0     0      803.3283   516     2465.0000      Cuts: 10    22487   67.41%
      0     0      803.3880   533     2465.0000      Cuts: 45    22834   67.41%
      0     2      803.3880   476     2465.0000      803.3880    22834   67.41%
Elapsed time = 31.15 sec. (19963.50 ticks, tree = 0.01 MB, solutions = 1)
      1     3      808.5708   665     2465.0000      803.3880    32943   67.41%
      2     4      805.9888   656     2465.0000      803.3880    40666   67.41%
      3     5      810.4712   656     2465.0000      806.0400    43774   67.30%
      4     6      810.5643   662     2465.0000      806.0400    53236   67.30%
      7     9      814.9456   668     2465.0000      806.0400    69736   67.30%
      9    11      843.9107   547     2465.0000      806.0400    73286   67.30%
     10    12      814.8224   567     2465.0000      810.4712    76360   67.12%
                                                  Impl Bds: 5                  
     11    13      836.0852   588     2465.0000      810.4712    83126   67.12%
     21    23      930.2907   510     2465.0000      810.4712   103564   67.12%
     22    24      822.2872   576     2465.0000      810.5483   104705   67.12%
                                                 Impl Bds: 10                  
Elapsed time = 61.45 sec. (39914.95 ticks, tree = 0.01 MB, solutions = 1)
*    30+   30                         2430.0000      810.5483   109881   66.64%
Found incumbent of value 2430.000000 after 61.45 sec. (39874.58 ticks)
     55    57      894.8552   479     2430.0000      814.8436   122520   66.47%
                                                  Impl Bds: 6                  
     60    62      880.8833   527     2430.0000      814.8436   131479   66.47%
    100   102      933.9694   438     2430.0000      814.8436   172349   66.47%
                                                 Impl Bds: 20                  
    103   105      975.7250   504     2430.0000      814.8436   179379   66.47%
    107   109     1001.9040   530     2430.0000      814.8436   190942   66.47%
    354   356      892.8750   448     2430.0000      814.8436   405071   66.47%
    787   787     1080.0000   407     2430.0000      814.8436   662056   66.47%
                                                     Cuts: 18                  
    846   842      927.6900   535     2430.0000      814.8436   692795   66.47%
    903   899     1013.4972   506     2430.0000      814.8436   718262   66.47%
   1006   998      946.5540   552     2430.0000      814.8436   766704   66.47%
Elapsed time = 104.73 sec. (56023.74 ticks, tree = 2.19 MB, solutions = 2)
   1632  1578      938.6125   503     2430.0000      814.8436   923993   66.47%
                                                  Impl Bds: 9                  
   1759  1703     1105.0000   335     2430.0000      814.8436  1001694   66.47%
   1901  1845      937.1000   436     2430.0000      814.8436  1068936   66.47%
   2061  1990      953.2985   435     2430.0000      814.8436  1129086   66.47%
   2317  2229     1013.3333   381     2430.0000      814.8436  1219349   66.47%
   2477  2375     1043.2917   389     2430.0000      814.8436  1273713   66.47%
   2605  2499     1074.8333   380     2430.0000      814.8436  1317564   66.47%
   2989  2848     1158.2000   329     2430.0000      814.8436  1434591   66.47%
*  4545  4223      integral     0     1821.0000      814.8436  1957232   55.25%
Found incumbent of value 1821.000000 after 139.83 sec. (64299.40 ticks)
   4602  4232      886.3754   618     1821.0000      814.8436  1982429   55.25%
                                                     Cuts: 53                  
Elapsed time = 143.22 sec. (66014.57 ticks, tree = 8.82 MB, solutions = 2)
   4666  4296      938.8585   572     1821.0000      814.8436  2015121   55.25%
   4826  4448      904.7732   538     1821.0000      814.8436  2088829   55.25%
   4954  4566      934.7500   509     1821.0000      814.8436  2147244   55.25%
   5146  4756      930.6871   544     1821.0000      814.8436  2220158   55.25%
   5306  4914      967.1165   462     1821.0000      814.8436  2277544   55.25%
   5466  5072     1035.2500   409     1821.0000      814.8436  2332940   55.25%
   5722  5328     1102.9392   375     1821.0000      814.8436  2422556   55.25%
   6074  5654     1140.8750   268     1821.0000      814.8436  2513153   55.25%
   6458  6002     1244.9423   255     1821.0000      814.8436  2608881   55.25%
*  7199  6660      integral     0     1626.0000      814.8436  2813397   49.89%
Elapsed time = 182.71 sec. (76473.58 ticks, tree = 14.72 MB, solutions = 3)
Found incumbent of value 1626.000000 after 182.71 sec. (76473.58 ticks)
   8325  7444      804.7678   548     1626.0000      829.2289  3150996   49.00%
   8326  7445      806.3349   513     1626.0000      829.2289  3151494   49.00%
   8327  7446      815.8311   583     1626.0000      829.2289  3153875   49.00%
   8328  7446      831.7788   641     1626.0000      829.2289  3163670   49.00%
   8329  7447      840.8654   645     1626.0000      829.2289  3170556   49.00%
   8330  7447      871.0357   626     1626.0000      829.2289  3173418   49.00%
   8332  7447      849.4639   680     1626.0000      829.2289  3185472   49.00%
   8334  7449      909.2591   682     1626.0000      829.2289  3204006   49.00%
   8337  7451      913.8196   671     1626.0000      829.2289  3225315   49.00%
   8339  7451      826.6111   489     1626.0000      829.2289  3238727   49.00%
                                                     Cuts: 23                  
Elapsed time = 254.68 sec. (119780.88 ticks, tree = 127.05 MB, solutions = 5)
   8340  7451      857.2268   640     1626.0000      829.2289  3248318   49.00%
   8343  7452      857.0416   610     1626.0000      829.2289  3274595   49.00%
   8344  7452      897.7710   630     1626.0000      829.2289  3285433   49.00%
   8348  7453      904.2254   633     1626.0000      829.2289  3324933   49.00%
   8352  7455      906.7881   637     1626.0000      829.2289  3355448   49.00%
   8356  7457      864.7394   592     1626.0000      829.2289  3375583   49.00%
                                                  ZeroHalf: 7                  
   8361  7459      929.4722   703     1626.0000      829.2289  3397842   49.00%
   8365  7463      910.1311   523     1626.0000      829.2289  3416541   49.00%
   8367  7463      933.5845   598     1626.0000      829.2289  3426577   49.00%
   8384  7472      906.8901   643     1626.0000      829.2289  3459414   49.00%
                                                 ZeroHalf: 12                  
Elapsed time = 297.24 sec. (145248.35 ticks, tree = 126.97 MB, solutions = 5)
   8386  7474      879.0094   683     1626.0000      829.2289  3463500   49.00%
   8401  7480     1073.2843   638     1626.0000      829.2289  3494443   49.00%
   8415  7487      949.9093   584     1626.0000      829.2289  3526499   49.00%
   8438  7502      916.8200   544     1626.0000      829.2289  3552556   49.00%
   8490  7534      994.6971   570     1626.0000      829.2289  3623010   49.00%
   8533  7563      944.4848   612     1626.0000      829.2289  3689555   49.00%
   8556  7577      949.2544   609     1626.0000      829.2289  3729223   49.00%
   8595  7603      959.1052   661     1626.0000      829.2289  3785378   49.00%
   8806  7720      925.4008   557     1626.0000      829.2289  4005220   49.00%
                                                      Cuts: 5                  
   8810  7721      902.3712   643     1626.0000      829.2289  4012284   49.00%
Elapsed time = 341.07 sec. (160697.35 ticks, tree = 125.74 MB, solutions = 5)
   8814  7723     1029.9231   494     1626.0000      829.2289  4024716   49.00%
   8815  7723      976.3457   550     1626.0000      829.2289  4028421   49.00%
   8829  7731      879.6291   444     1626.0000      829.2289  4081932   49.00%
   9570  8127      965.7667   487     1626.0000      829.2289  4647075   49.00%
                                                      Cuts: 5                  
   9572  8127     1037.9434   664     1626.0000      829.2289  4653246   49.00%
   9636  8162      988.5400   535     1626.0000      829.2289  4707891   49.00%
   9678  8188     1015.5417   647     1626.0000      829.2289  4730408   49.00%
   9710  8208     1040.4167   656     1626.0000      829.2289  4749730   49.00%
   9774  8245     1025.4785   638     1626.0000      829.2289  4783860   49.00%
   9838  8285     1028.3413   614     1626.0000      829.2289  4818591   49.00%
Elapsed time = 436.05 sec. (184003.19 ticks, tree = 119.84 MB, solutions = 5)
   9902  8320     1040.1833   569     1626.0000      829.2289  4847303   49.00%
   9966  8353     1042.7917   563     1626.0000      829.2289  4873708   49.00%
   9998  8367     1059.7353   516     1626.0000      829.2289  4890309   49.00%
  10091  8418     1064.5735   579     1626.0000      829.2289  4927082   49.00%
  10158  8450     1056.4377   564     1626.0000      829.2289  4952715   49.00%
  10827  8823     1123.1095   419     1626.0000      829.2289  5189835   49.00%
  11038  8950     1069.8529   465     1626.0000      829.2289  5272083   49.00%
  11212  9048     1097.2488   505     1626.0000      829.2289  5333091   49.00%
  11372  9134     1105.2143   502     1626.0000      829.2289  5382846   49.00%
  11564  9236     1107.1814   489     1626.0000      829.2289  5449405   49.00%
Elapsed time = 468.95 sec. (196138.55 ticks, tree = 144.29 MB, solutions = 5)
  11628  9268     1120.0833   490     1626.0000      829.2289  5472608   49.00%
  11916  9428     1134.3750   492     1626.0000      829.2289  5561242   49.00%
  12076  9516     1177.0371   425     1626.0000      829.2289  5616965   49.00%
  12332  9659     1188.9705   416     1626.0000      829.2289  5694036   49.00%
  12460  9736     1195.1700   439     1626.0000      829.2289  5734095   49.00%
  12620  9818     1222.4464   384     1626.0000      829.2289  5775329   49.00%
  12748  9884     1229.8935   380     1626.0000      829.2289  5812840   49.00%
  13004 10013     1259.6051   344     1626.0000      829.2289  5887131   49.00%
  13356 10193     1281.9817   399     1626.0000      829.2289  5996072   49.00%
  15567 11267      862.7547   523     1626.0000      829.2289  6641610   49.00%
                                                  ZeroHalf: 8                  
Elapsed time = 512.81 sec. (210221.50 ticks, tree = 234.39 MB, solutions = 5)
Nodefile size = 23.00 MB (11.94 MB after compression)
  15695 11330      859.7531   480     1626.0000      829.2289  6697208   49.00%
  16111 11521      933.2824   372     1626.0000      829.2289  6847442   49.00%
  16309 11628      929.9538   554     1626.0000      829.2289  6921046   49.00%
  16661 11819      917.7714   472     1626.0000      829.2289  7023267   49.00%
  18838 12957      927.7571   678     1626.0000      829.2289  7456668   49.00%
  19212 13147      941.1721   644     1626.0000      829.2289  7568713   49.00%
                                                     Cuts: 12                  
  19628 13390     1043.5833   332     1626.0000      829.2289  7719055   49.00%
  19995 13583      904.1250   478     1626.0000      829.2289  7836842   49.00%
  20603 13920     1025.5000   387     1626.0000      829.2289  8008715   49.00%
  21435 14371     1100.2292   365     1626.0000      829.2289  8233988   49.00%
Elapsed time = 641.39 sec. (254320.82 ticks, tree = 464.27 MB, solutions = 5)
Nodefile size = 282.96 MB (145.95 MB after compression)
  22715 15095     1258.0833   172     1626.0000      829.2289  8557604   49.00%
  24038 15745     1525.8621   381     1626.0000      829.2289  8872758   49.00%
  25981 17053      897.2500   471     1626.0000      829.2289  9355266   49.00%
  26117 17178     1207.4198   371     1626.0000      839.4419  9398922   48.37%
                                                  Impl Bds: 6                  
  26489 17531     1078.5320   389     1626.0000      839.4419  9523259   48.37%
  27062 18094     1053.4500   321     1626.0000      839.4419  9682591   48.37%
  27830 18848     1130.7619   340     1626.0000      839.4419  9851936   48.37%
  28914 19887      927.6916   456     1626.0000      839.4419 10067506   48.37%
  31203 22060     1220.3833   299     1626.0000      839.4419 10625850   48.37%
  32135 22946     1016.2794   497     1626.0000      850.5588 10866473   47.69%
                                                      Cuts: 2                  
Elapsed time = 765.43 sec. (293684.87 ticks, tree = 1499.27 MB, solutions = 5)
Nodefile size = 1353.03 MB (737.68 MB after compression)
  32677 23465     1099.6441   497     1626.0000      850.5588 11029236   47.69%
  33445 24193     1145.4615   358     1626.0000      850.5588 11244223   47.69%
  34609 25319     1080.3889   372     1626.0000      850.5588 11506670   47.69%
  35261 25931     1118.6667   265     1626.0000      850.5588 11661918   47.69%
  37581 28101     1004.0952   449     1626.0000      869.2278 12226532   46.54%
                                                  Impl Bds: 4                  
  38925 29399     1146.3249   401     1626.0000      869.2278 12558200   46.54%
  40782 31157     1441.8500   442     1626.0000      869.2278 12913893   46.54%
  42062 32376     1555.1667   278     1626.0000      869.2278 13201709   46.54%
  45770 35865      993.9167   406     1626.0000      877.6000 14038540   46.03%
                                                 ZeroHalf: 11                  
  45820 35914      936.9318   693     1626.0000      877.6000 14071794   46.03%
Elapsed time = 912.26 sec. (336064.33 ticks, tree = 2273.09 MB, solutions = 5)
Nodefile size = 2129.24 MB (1164.42 MB after compression)
  46076 36168      999.6673   560     1626.0000      877.6000 14162621   46.03%
  46364 36454     1106.1000   463     1626.0000      877.6000 14254668   46.03%
  48734 38724      917.7037   657     1626.0000      877.6000 14779728   46.03%
  49735 39650      990.9750   491     1626.0000      878.7100 15065327   45.96%
                                                  ZeroHalf: 1                  
  50151 40058     1041.8333   335     1626.0000      878.7100 15214065   45.96%
  50988 40879     1187.0280   448     1626.0000      878.7100 15427161   45.96%
  53196 43002     1376.0000    43     1626.0000      878.7100 15915882   45.96%
  55603 45258     1008.1094   511     1626.0000      878.7951 16578081   45.95%
  56275 45913     1112.9286   383     1626.0000      878.7951 16767842   45.95%
  57462 47072     1188.9167   313     1626.0000      878.7951 16992875   45.95%
Elapsed time = 1053.55 sec. (378481.36 ticks, tree = 2866.77 MB, solutions = 5)
Nodefile size = 2719.58 MB (1490.88 MB after compression)
  58702 48217      987.3125   462     1626.0000      878.7951 17262184   45.95%
* 61014+50378                         1603.0000      884.2500 17785613   44.84%
                                                      Cuts: 7                  
Found incumbent of value 1603.000000 after 1091.03 sec. (388156.98 ticks)
* 61014+50378                         1583.0000      884.2500 17785613   44.14%
Found incumbent of value 1583.000000 after 1091.13 sec. (388188.94 ticks)
* 61014+50378                         1522.0000      884.2500 17785613   41.90%
Found incumbent of value 1522.000000 after 1091.22 sec. (388218.21 ticks)
  61014 50380     1314.4598   281     1522.0000      884.2500 17785613   41.90%
  61047 49876      902.1964   665     1522.0000      884.2500 17808762   41.90%
  61175 50004      933.6859   589     1522.0000      884.2500 17928037   41.90%
  61655 50484     1070.1528   409     1522.0000      884.2500 18188315   41.90%
  63522 52347     1232.1862   288     1522.0000      884.2500 18617672   41.90%
  66326 54953      936.4649   511     1522.0000      891.4667 19240766   41.43%
                                                      Cuts: 8                  
  66742 55369     1042.1250   401     1522.0000      891.4667 19368828   41.43%
  67377 55989     1019.6902   487     1522.0000      891.4667 19504233   41.43%
  68241 56803     1160.5333   375     1522.0000      891.4667 19690106   41.43%
Elapsed time = 1196.55 sec. (421106.81 ticks, tree = 3296.51 MB, solutions = 96)
Nodefile size = 3160.56 MB (1736.94 MB after compression)
  70495 58935     1037.0000   462     1522.0000      891.4667 20293848   41.43%
* 70784 59211      integral     0     1390.0000      891.4667 20381416   35.87%
Found incumbent of value 1390.000000 after 1227.65 sec. (424962.97 ticks)
  71064 59489     1046.8817   485     1390.0000      891.4667 20458019   35.87%
* 71688+60083                         1386.0000      891.4667 20596636   35.68%
Found incumbent of value 1386.000000 after 1248.82 sec. (427361.00 ticks)
* 71688+60083                         1366.0000      891.4667 20596636   34.74%
Found incumbent of value 1366.000000 after 1248.82 sec. (427376.15 ticks)
  73331 61650     1097.1722   416     1366.0000      891.4667 20923058   34.74%
  74146 62416     1015.5833   642     1366.0000      891.4667 21117187   34.74%
  77671 57979     1205.0312   540     1366.0000      895.6522 21984651   34.43%
                                                      Cuts: 4                  
  77842 58147      945.7424   544     1366.0000      895.6522 22066175   34.43%
  78354 58637     1109.5250   448     1366.0000      895.6522 22226035   34.43%
  79354 59602     1104.0000   429     1366.0000      895.6522 22473421   34.43%
* 80388+60547                         1365.0000      895.6522 22755975   34.38%
Found incumbent of value 1365.000000 after 1317.12 sec. (454619.78 ticks)
  81513 61454      950.7651   475     1365.0000      897.3095 23061351   34.26%
                                                      Cuts: 6                  
Elapsed time = 1333.11 sec. (458654.50 ticks, tree = 3498.72 MB, solutions = 101)
Nodefile size = 3364.53 MB (1831.30 MB after compression)
  81929 61869     1184.4500   426     1365.0000      897.3095 23188361   34.26%
  82761 62672     1359.6936   376     1365.0000      897.3095 23390208   34.26%
  83369 63237     1098.4479   307     1365.0000      897.3095 23547952   34.26%
  85552 65298     1300.0000   364     1365.0000      899.1133 24203218   34.13%
                                                      Cuts: 7                  
  86516 66188     1115.9500   365     1365.0000      899.1133 24459308   34.13%
  87505 67132     1177.5479   242     1365.0000      899.1133 24735813   34.13%
  89041 68553     1059.1250   405     1365.0000      899.1133 25196232   34.13%
  91012 70385      922.4401   648     1365.0000      901.2035 25704590   33.98%
                                                  Impl Bds: 9                  
  91204 70577     1004.1903   445     1365.0000      901.2035 25781731   33.98%
  92668 71959     1218.7145   435     1365.0000      901.2035 26169422   33.98%
Elapsed time = 1472.86 sec. (498193.28 ticks, tree = 3906.63 MB, solutions = 102)
Nodefile size = 3767.31 MB (2051.62 MB after compression)
  93937 73153     1006.1250   471     1365.0000      901.2035 26483667   33.98%
  95291 74412     1016.7222   428     1365.0000      901.9313 26825302   33.92%
  95583 74685     1165.2500   284     1365.0000      901.9313 26899833   33.92%
  96286 75357     1161.8333   397     1365.0000      901.9313 27052852   33.92%
  98785 77686     1173.2185   331     1365.0000      904.4709 27570773   33.74%
  98920 77815     1072.6875   564     1365.0000      904.4709 27643128   33.74%
  99208 78097     1133.3392   438     1365.0000      904.4709 27759679   33.74%
  99976 78847     1221.1400   229     1365.0000      904.4709 27943852   33.74%
 102881 81551      947.6577   656     1365.0000      904.4709 28636837   33.74%
 103399 82028      950.4906   689     1365.0000      904.5167 28775708   33.74%
Elapsed time = 1612.78 sec. (541204.38 ticks, tree = 4799.61 MB, solutions = 102)
Nodefile size = 4662.59 MB (2456.27 MB after compression)
 103527 82150      984.1667   569     1365.0000      904.5167 28817200   33.74%
 103623 82240     1029.0386   553     1365.0000      904.5167 28854409   33.74%
 108687 87002     1078.3509   410     1365.0000      906.8148 30148786   33.57%
 109120 87416     1029.6667   355     1365.0000      906.8148 30287426   33.57%
 110030 88288     1001.0000   354     1365.0000      906.8148 30492182   33.57%
 111246 89434     1162.1562   381     1365.0000      906.8148 30813138   33.57%
 113410 91443      963.8988   390     1365.0000      907.9479 31379196   33.48%
                                                    Covers: 1                  
*113919+91937                         1364.0000      907.9479 31538916   33.43%
Found incumbent of value 1364.000000 after 1734.80 sec. (570332.12 ticks)
 114212 92224     1236.1513   320     1364.0000      907.9479 31600344   33.43%
 114753 92720     1029.1051   519     1364.0000      907.9479 31740742   33.43%
 115678 93570     1228.0857   217     1364.0000      907.9479 31989907   33.43%
Elapsed time = 1748.03 sec. (581196.31 ticks, tree = 5256.31 MB, solutions = 102)
Nodefile size = 5113.88 MB (2703.54 MB after compression)
 117809 95454     1079.0278   408     1364.0000      908.6787 32556807   33.38%
 118481 96098     1153.9167   317     1364.0000      908.6787 32713170   33.38%
*118636 96238      integral     0     1336.0000      908.6787 32744701   31.99%
Found incumbent of value 1336.000000 after 1796.39 sec. (588906.69 ticks)
 120326 97826     1109.1146   378     1336.0000      908.6787 33166328   31.99%
 121130 98599     1182.8250   392     1336.0000      908.6787 33339039   31.99%
 123408 98230      998.6705   388     1336.0000      910.3372 33938168   31.86%
 123982 98788     1196.5306   363     1336.0000      910.3372 34110328   31.86%
 125258 99992      947.7129   484     1336.0000      910.3372 34363984   31.86%
 125866 100525     1057.4167   353     1336.0000      910.3372 34509019   31.86%
 127949 102464      998.2625   519     1336.0000      911.5787 35042667   31.77%
Elapsed time = 1888.68 sec. (616090.65 ticks, tree = 5765.35 MB, solutions = 104)
Nodefile size = 5627.76 MB (2991.43 MB after compression)
 128649 103130     1267.3782   302     1336.0000      911.5787 35251756   31.77%
 129449 103889     1015.0556   469     1336.0000      911.5787 35451566   31.77%
 131161 105461      925.3626   707     1336.0000      911.5787 35952476   31.77%
*132366+106594                         1328.0000      911.5787 36324931   31.36%
Found incumbent of value 1328.000000 after 1928.19 sec. (624559.87 ticks)
 133591 106796      943.1337   617     1328.0000      912.7000 36699134   31.27%
                                                  Impl Bds: 1                  
 133879 107055     1024.6667   419     1328.0000      912.7000 36820096   31.27%
 135245 108371     1233.6212   375     1328.0000      912.7000 37164476   31.27%
 137273 110240      957.0958   622     1328.0000      913.0000 37724699   31.25%
 137401 110356     1016.1979   616     1328.0000      913.0000 37778413   31.25%
 137785 110713     1105.8333   377     1328.0000      913.0000 37925423   31.25%
 139705 112510     1318.8681   222     1328.0000      913.0000 38425244   31.25%
Elapsed time = 2027.86 sec. (657573.70 ticks, tree = 6084.05 MB, solutions = 106)
Nodefile size = 5943.72 MB (3167.17 MB after compression)
 143511 116046     1039.6577   469     1328.0000      914.6868 39417401   31.12%
 144113 116632     1246.2208   322     1328.0000      914.6868 39600066   31.12%
 144808 117305     1105.4722   390     1328.0000      914.6868 39761152   31.12%
 146070 118442      958.4335   449     1328.0000      914.6868 40117699   31.12%
 147610 119886     1093.9167   434     1328.0000      915.9089 40543408   31.03%
 148623 120843     1171.1103   306     1328.0000      915.9089 40829836   31.03%
 149106 121306     1171.0000   190     1328.0000      915.9089 40972884   31.03%
 152966 124874      965.3175   479     1328.0000      916.3043 41988649   31.00%
 153150 125054     1056.2278   514     1328.0000      916.3043 42055138   31.00%
 153632 125490     1070.5965   513     1328.0000      916.3043 42226538   31.00%
Elapsed time = 2182.14 sec. (697679.13 ticks, tree = 6666.38 MB, solutions = 106)
Nodefile size = 6525.97 MB (3485.08 MB after compression)
 154112 125947     1189.1706   411     1328.0000      916.3043 42358477   31.00%
*156755+128408                         1323.0000      917.5281 43100395   30.65%
                                                  ZeroHalf: 1                  
Found incumbent of value 1323.000000 after 2216.95 sec. (704790.53 ticks)
 156808 128463     1061.4167   357     1323.0000      917.5281 43115369   30.65%
 158235 129791     1115.8788   391     1323.0000      917.5281 43450863   30.65%
 159111 130601     1163.5064   437     1323.0000      917.5281 43685381   30.65%
 160717 132106     1104.4583   350     1323.0000      917.5281 44098182   30.65%
 163252 133778      995.7500   371     1323.0000      918.3033 44731307   30.59%
 164036 134530     1139.0633   325     1323.0000      918.3033 44934683   30.59%
 165240 135643     1236.6319   395     1323.0000      918.3033 45208159   30.59%
 167401 137644      967.6989   459     1323.0000      919.3448 45753937   30.51%
 167838 138059     1204.9006   435     1323.0000      919.3448 45893186   30.51%
Elapsed time = 2326.58 sec. (737234.15 ticks, tree = 7273.30 MB, solutions = 107)
Nodefile size = 7133.71 MB (3818.51 MB after compression)
 168814 139000     1114.9579   343     1323.0000      919.3448 46123595   30.51%
 169364 139501     1103.5000   331     1323.0000      919.3448 46266509   30.51%
 171350 141306     1012.8513   680     1323.0000      920.2102 46849262   30.45%
 171670 141619     1072.2542   408     1323.0000      920.2102 46975227   30.45%
 173046 142928     1155.9300   263     1323.0000      920.2102 47335489   30.45%
 175864 145522     1147.4286   270     1323.0000      920.9371 48111977   30.39%
                                                  Impl Bds: 1                  
 176018 145675     1104.2063   460     1323.0000      920.9371 48179665   30.39%
 177394 146971     1041.8889   419     1323.0000      920.9371 48527232   30.39%
 178699 148187     1097.2839   340     1323.0000      920.9371 48878717   30.39%
 181754 150975     1026.2069   513     1323.0000      921.8333 49760101   30.32%
                                                  Impl Bds: 2                  
Elapsed time = 2484.64 sec. (779059.65 ticks, tree = 7841.13 MB, solutions = 107)
Nodefile size = 7704.06 MB (4131.64 MB after compression)
 181863 151082      984.7035   637     1323.0000      921.8333 49833672   30.32%
 181991 151210     1003.6200   589     1323.0000      921.8333 49879823   30.32%
 184025 153084     1288.2500   126     1323.0000      922.2630 50309176   30.29%
                                                  Impl Bds: 3                  
 184581 153630     1151.9833   358     1323.0000      922.2630 50507428   30.29%
 185815 154805     1171.3128   448     1323.0000      922.2630 50813459   30.29%
 186329 155266      949.5000   613     1323.0000      922.2630 50973563   30.29%
 188549 157344      973.4823   624     1323.0000      922.8500 51600372   30.25%
 188613 157407      988.9250   577     1323.0000      922.8500 51641330   30.25%
 188901 157677     1070.1400   341     1323.0000      922.8500 51765904   30.25%
 192360 160869      987.2772   659     1323.0000      923.0000 52714669   30.23%
                                                  ZeroHalf: 1                  
Elapsed time = 2640.75 sec. (822855.86 ticks, tree = 8576.67 MB, solutions = 107)
Nodefile size = 8438.97 MB (4481.93 MB after compression)
 192808 161300     1098.2000   383     1323.0000      923.0000 52888698   30.23%
 192936 161424     1124.1371   561     1323.0000      923.0000 52936221   30.23%
 194376 162794      937.4274   440     1323.0000      923.0000 53322516   30.23%
 197275 165478     1126.8310   452     1323.0000      924.0885 54113419   30.15%
 197891 166054     1150.0303   232     1323.0000      924.0885 54284918   30.15%
 198834 166930     1193.8333   300     1323.0000      924.0885 54551661   30.15%
 200058 168066     1072.1822   362     1323.0000      924.0885 54895569   30.15%
 201542 169445     1053.8571   373     1323.0000      924.6577 55273297   30.11%
 202788 170638     1260.9333   269     1323.0000      924.6577 55623147   30.11%
 204004 171763     1089.4286   341     1323.0000      924.6577 55945573   30.11%
Elapsed time = 2774.49 sec. (861828.97 ticks, tree = 9022.17 MB, solutions = 107)
Nodefile size = 8878.75 MB (4727.29 MB after compression)
 206637 174220      941.0882   643     1323.0000      924.6577 56669955   30.11%
 207171 174719      995.5839   665     1323.0000      925.3591 56856936   30.06%
 207715 175239     1113.3174   439     1323.0000      925.3591 57033556   30.06%
 209262 176689     1246.4667   211     1323.0000      925.3591 57462209   30.06%
 210872 178208      979.8586   650     1323.0000      925.3591 57859319   30.06%
 212217 179443     1127.4167   391     1323.0000      926.2000 58250073   29.99%
 212729 179933      973.3750   429     1323.0000      926.2000 58414913   29.99%
 213369 180533     1097.4610   429     1323.0000      926.2000 58601430   29.99%
 215768 182727      957.2892   669     1323.0000      926.2000 59299363   29.99%
 216380 183295     1093.2292   327     1323.0000      926.7917 59468979   29.95%
Elapsed time = 2915.95 sec. (904266.24 ticks, tree = 9596.50 MB, solutions = 107)
Nodefile size = 9459.27 MB (5048.05 MB after compression)
 217347 184216     1086.7826   199     1323.0000      926.7917 59688554   29.95%
 218995 185764     1276.8381   321     1323.0000      926.7917 60082981   29.95%
 221656 188229     1248.0725   401     1323.0000      927.2698 60767598   29.91%
                                                  ZeroHalf: 3                  
 222013 188572     1101.9074   433     1323.0000      927.2698 60901757   29.91%
 222520 189051     1017.4382   608     1323.0000      927.2698 61053443   29.91%
 222776 189288     1093.0250   487     1323.0000      927.2698 61122243   29.91%
 225388 191733     1129.0095   385     1323.0000      927.8422 61811782   29.87%
                                                      Cuts: 6                  
 225985 192288     1177.5667   426     1323.0000      927.8422 61985056   29.87%
 227137 193360     1036.5000   325     1323.0000      927.8422 62250183   29.87%
 228932 195062      994.5909   504     1323.0000      927.8422 62721271   29.87%
Elapsed time = 3059.41 sec. (943867.80 ticks, tree = 10043.71 MB, solutions = 107)
Nodefile size = 9899.80 MB (5291.33 MB after compression)
 231595 197500      976.3988   645     1323.0000      928.2525 63426429   29.84%
                                                  Impl Bds: 4                  
 231979 197884     1075.6500   372     1323.0000      928.2525 63572744   29.84%
 232889 198745     1299.7057   318     1323.0000      928.2525 63787045   29.84%
 234359 200067     1188.1667   510     1323.0000      928.2525 64184248   29.84%
 235630 201230     1099.1042   448     1323.0000      929.0000 64550052   29.78%
 236527 202106     1204.6333   428     1323.0000      929.0000 64793735   29.78%
 237608 203115      990.5625   558     1323.0000      929.0000 65105400   29.78%
 241051 206294     1134.1951   382     1323.0000      929.3495 66003359   29.75%
                                                    Covers: 1                  
 241150 206393     1016.0157   559     1323.0000      929.3495 66092757   29.75%
 241904 207118     1031.8889   485     1323.0000      929.3495 66387571   29.75%
Elapsed time = 3220.58 sec. (983680.89 ticks, tree = 10621.21 MB, solutions = 107)
Nodefile size = 10481.12 MB (5609.49 MB after compression)
 242639 207817     1056.4417   598     1323.0000      929.3495 66634425   29.75%
 245132 210127     1069.0219   634     1323.0000      929.8889 67356583   29.71%
                                                  Impl Bds: 3                  
 245164 210159     1029.6742   644     1323.0000      929.8889 67417004   29.71%
 245196 210191     1027.3333   541     1323.0000      929.8889 67475458   29.71%
 245228 210223     1045.9054   588     1323.0000      929.8889 67517080   29.71%
 248006 212780     1007.8958   585     1323.0000      930.0000 68856467   29.71%
                                                  Impl Bds: 1                  
 248038 212812     1011.1000   595     1323.0000      930.0000 69070137   29.71%
 248073 212847     1038.7857   631     1323.0000      930.0000 69281928   29.71%
 248105 212879     1051.8000   551     1323.0000      930.0000 69467448   29.71%
 248538 213283     1058.1250   489     1323.0000      930.0000 70017741   29.71%
                                                  Impl Bds: 2                  
Elapsed time = 3414.80 sec. (1029873.18 ticks, tree = 10787.46 MB, solutions = 107)
Nodefile size = 10649.58 MB (5688.39 MB after compression)
 248572 213317     1019.5265   622     1323.0000      930.0000 70211833   29.71%
 248604 213349     1023.8989   633     1323.0000      930.0000 70388645   29.71%
 248636 213381     1036.8673   599     1323.0000      930.0000 70553269   29.71%
 249627 214315     1022.4674   594     1323.0000      930.0839 71385709   29.70%
 249660 214348      986.6528   598     1323.0000      930.0839 71543638   29.70%
 249703 214391     1110.7727   540     1323.0000      930.0839 71727835   29.70%
 249766 214454     1129.1500   528     1323.0000      930.0839 71942719   29.70%
 251156 215715     1007.5137   638     1323.0000      930.0839 72859996   29.70%
                                                  Impl Bds: 2                  
 251188 215747     1017.5039   625     1323.0000      930.0839 73047864   29.70%
 251220 215779     1031.4583   563     1323.0000      930.0839 73220236   29.70%
Elapsed time = 3624.19 sec. (1079552.48 ticks, tree = 10796.45 MB, solutions = 107)
Nodefile size = 10657.40 MB (5690.78 MB after compression)
 251308 215867     1073.9167   556     1323.0000      930.0839 73624960   29.70%
 251797 216324     1013.9469   636     1323.0000      930.0839 73983423   29.70%
                                                  Impl Bds: 3                  
 251829 216356     1029.0502   653     1323.0000      930.0839 74181738   29.70%
 251861 216388     1071.3240   652     1323.0000      930.0839 74357901   29.70%
 251953 216480     1155.3437   600     1323.0000      930.0839 74800264   29.70%
 253069 217520     1047.7000   619     1323.0000      930.2955 75436336   29.68%
                                                  Impl Bds: 4                  
 253101 217552     1064.3627   641     1323.0000      930.2955 75595144   29.68%
 253133 217584     1062.2342   631     1323.0000      930.2955 75752584   29.68%
 253165 217614     1070.6667   636     1323.0000      930.2955 75898022   29.68%
 254190 218564     1097.1457   664     1323.0000      930.4244 76911223   29.67%
                                                  Impl Bds: 1                  
Elapsed time = 3833.40 sec. (1127658.16 ticks, tree = 10827.95 MB, solutions = 107)
Nodefile size = 10690.64 MB (5697.95 MB after compression)
 254231 218603     1092.5312   660     1323.0000      930.4244 77101557   29.67%
 254263 218635     1109.1061   655     1323.0000      930.4244 77240123   29.67%
 254295 218667     1117.1250   668     1323.0000      930.4244 77367340   29.67%
 255948 220198     1117.5891   572     1323.0000      930.5258 78521461   29.67%
                                                      Cuts: 2                  
 255966 220216     1035.4500   637     1323.0000      930.5258 78626357   29.67%
 255998 220248     1050.9769   651     1323.0000      930.5258 78836140   29.67%
 256030 220280     1073.2500   584     1323.0000      930.5258 78983711   29.67%
 256490 220732      998.9295   595     1323.0000      930.5258 79621821   29.67%
 256697 220903     1169.4444   629     1323.0000      930.5258 79765230   29.67%
 256732 220938     1110.1667   616     1323.0000      930.5258 79943901   29.67%
Elapsed time = 4042.31 sec. (1174578.40 ticks, tree = 10859.78 MB, solutions = 107)
Nodefile size = 10722.25 MB (5704.92 MB after compression)
 256764 220970     1120.2667   645     1323.0000      930.5258 80138449   29.67%
 256802 221008     1038.4167   583     1323.0000      930.5258 80321435   29.67%
 258150 222252     1013.9777   545     1323.0000      930.6900 81348021   29.65%
                                                  Impl Bds: 3                  
 258202 222304     1052.7222   600     1323.0000      930.6900 81629711   29.65%
 258229 222331     1020.3704   633     1323.0000      930.6900 81744478   29.65%
 258261 222362     1022.8934   624     1323.0000      930.6900 81905437   29.65%
 258328 222423     1043.8750   590     1323.0000      930.6900 82166052   29.65%
 259568 223558     1098.7464   549     1323.0000      930.9286 83005570   29.64%
                                                  Impl Bds: 5                  
 259605 223595     1015.1852   644     1323.0000      930.9286 83220872   29.64%
 259637 223627     1016.8016   646     1323.0000      930.9286 83357027   29.64%
Elapsed time = 4250.63 sec. (1223316.89 ticks, tree = 10869.66 MB, solutions = 107)
Nodefile size = 10731.22 MB (5707.53 MB after compression)
 259688 223678      999.4545   594     1323.0000      930.9286 83599581   29.64%
 260538 224462     1003.3068   626     1323.0000      930.9286 84334822   29.64%
 260570 224494     1031.7500   668     1323.0000      930.9286 84506257   29.64%
 260602 224526     1012.7500   549     1323.0000      930.9286 84658482   29.64%
 260634 224558     1024.2500   572     1323.0000      930.9286 84789629   29.64%
 260666 224590     1031.8509   583     1323.0000      930.9286 84893856   29.64%
 262699 226478     1039.8333   413     1323.0000      930.9286 86103581   29.64%
                                                  ZeroHalf: 2                  
 262738 226517     1023.8385   634     1323.0000      930.9286 86281583   29.64%
 262770 226549     1033.4651   627     1323.0000      930.9286 86442804   29.64%
 262834 226613     1055.9111   499     1323.0000      930.9286 86676420   29.64%
Elapsed time = 4458.78 sec. (1272516.65 ticks, tree = 10899.70 MB, solutions = 107)
Nodefile size = 10762.98 MB (5715.11 MB after compression)
 264697 228334     1023.6336   598     1323.0000      931.6143 87798251   29.58%
                                                  Impl Bds: 2                  
 264729 228365     1044.0909   604     1323.0000      931.6143 87973083   29.58%
 264768 228404     1044.0104   636     1323.0000      931.6143 88155772   29.58%
 264800 228434     1083.6458   639     1323.0000      931.6143 88278627   29.58%
 265933 229522      998.0176   614     1323.0000      931.6143 89111623   29.58%
 266678 230189     1183.5400   547     1323.0000      931.6143 89608752   29.58%
                                                  Impl Bds: 4                  
 266710 230220     1190.0556   526     1323.0000      931.6143 89765023   29.58%
 266742 230252     1195.5625   509     1323.0000      931.6143 89915007   29.58%
 266792 230298     1105.7292   595     1323.0000      931.6143 90140001   29.58%
 266853 230357     1047.4091   642     1323.0000      931.6143 90357692   29.58%
Elapsed time = 4664.17 sec. (1319862.72 ticks, tree = 10915.25 MB, solutions = 107)
Nodefile size = 10775.95 MB (5719.29 MB after compression)
 267770 231214      965.8931   649     1323.0000      931.7874 90965789   29.57%
 267802 231246      979.2071   633     1323.0000      931.7874 91106664   29.57%
 267834 231278      995.2714   609     1323.0000      931.7874 91246253   29.57%
 267881 231323     1007.5156   558     1323.0000      931.7874 91422853   29.57%
 267913 231355     1012.6429   574     1323.0000      931.7874 91522929   29.57%
 269711 233010     1006.9773   598     1323.0000      931.8333 92824667   29.57%
 269748 233047     1048.8497   653     1323.0000      931.8333 93041716   29.57%
 269780 233079     1055.4275   641     1323.0000      931.8333 93199403   29.57%
 269812 233111     1077.2500   610     1323.0000      931.8333 93364759   29.57%
 269844 233143     1083.0000   441     1323.0000      931.8333 93504610   29.57%
Elapsed time = 4881.03 sec. (1366474.14 ticks, tree = 10975.27 MB, solutions = 107)
Nodefile size = 10835.64 MB (5730.98 MB after compression)
 271328 234542     1085.1875   584     1323.0000      932.0385 94657828   29.55%
 271360 234572     1091.9697   614     1323.0000      932.0385 94779516   29.55%
 271395 234605     1002.2500   596     1323.0000      932.0385 94891634   29.55%
 271459 234669     1017.2381   613     1323.0000      932.0385 95095235   29.55%
 272837 235933      973.2005   659     1323.0000      932.0385 96273905   29.55%
 272861 235951      977.2982   654     1323.0000      932.0385 96325269   29.55%
 272898 235988      985.5207   605     1323.0000      932.0385 96551948   29.55%
 272930 236020     1043.2525   609     1323.0000      932.0385 96709939   29.55%
 272989 236079     1018.6875   518     1323.0000      932.0385 96981529   29.55%
 273021 236111     1037.3505   562     1323.0000      932.0385 97100626   29.55%
Elapsed time = 5083.71 sec. (1413997.43 ticks, tree = 10998.32 MB, solutions = 107)
Nodefile size = 10860.85 MB (5737.44 MB after compression)
 273064 236154     1042.9211   584     1323.0000      932.0385 97237572   29.55%
 274675 237649     1026.7500   621     1323.0000      932.6329 98279662   29.51%
 274707 237681     1041.5667   511     1323.0000      932.6329 98444258   29.51%
 274769 237741     1073.0476   497     1323.0000      932.6329 98700105   29.51%
 274836 237808     1012.2500   533     1323.0000      932.6329 98933168   29.51%
 274874 237846     1143.5466   615     1323.0000      932.6329 99049288   29.51%
 276579 239407     1004.5000   533     1323.0000      932.6329 1.00e+08   29.51%
 276620 239448     1165.1667   578     1323.0000      932.6329 1.00e+08   29.51%
 276652 239480     1179.5833   615     1323.0000      932.6329 1.01e+08   29.51%
 276684 239509     1215.7778   619     1323.0000      932.6329 1.01e+08   29.51%
Elapsed time = 5294.80 sec. (1462764.56 ticks, tree = 11010.97 MB, solutions = 107)
Nodefile size = 10871.99 MB (5740.71 MB after compression)
 276716 239540     1220.5000   566     1323.0000      932.6329 1.01e+08   29.51%
 277909 240633     1018.4167   525     1323.0000      932.6329 1.02e+08   29.51%
 277941 240665     1026.1667   544     1323.0000      932.6329 1.02e+08   29.51%
 277976 240700     1051.2500   606     1323.0000      932.6329 1.02e+08   29.51%
 278008 240732     1066.5399   626     1323.0000      932.6329 1.02e+08   29.51%
 278040 240764     1091.4103   630     1323.0000      932.6329 1.03e+08   29.51%
 279318 241948     1038.6667   544     1323.0000      933.0473 1.04e+08   29.47%
 279350 241980     1047.1250   594     1323.0000      933.0473 1.04e+08   29.47%
 279382 242012     1060.6667   561     1323.0000      933.0473 1.04e+08   29.47%
 279433 242061     1018.4351   664     1323.0000      933.0473 1.04e+08   29.47%
Elapsed time = 5525.60 sec. (1512772.76 ticks, tree = 11087.90 MB, solutions = 107)
Nodefile size = 10950.38 MB (5755.83 MB after compression)
 279465 242091     1016.7000   677     1323.0000      933.0473 1.04e+08   29.47%
 281568 244024      993.5714   592     1323.0000      933.0473 1.06e+08   29.47%
 281600 244056     1002.2973   580     1323.0000      933.0473 1.06e+08   29.47%
 281632 244088     1033.0523   603     1323.0000      933.0473 1.06e+08   29.47%
 281678 244134     1047.8000   600     1323.0000      933.0473 1.06e+08   29.47%
 281754 244208     1088.8226   659     1323.0000      933.0473 1.07e+08   29.47%
 283365 245697      985.8779   586     1323.0000      933.2831 1.08e+08   29.46%
 283397 245729      991.6750   576     1323.0000      933.2831 1.08e+08   29.46%
 283429 245761      998.2917   597     1323.0000      933.2831 1.08e+08   29.46%
 283461 245793     1045.4200   630     1323.0000      933.2831 1.08e+08   29.46%
Elapsed time = 5756.70 sec. (1563780.71 ticks, tree = 11100.89 MB, solutions = 107)
Nodefile size = 10963.19 MB (5759.80 MB after compression)
 283493 245825     1017.2000   627     1323.0000      933.2831 1.09e+08   29.46%
 284843 247070     1025.1667   469     1323.0000      933.2831 1.10e+08   29.46%
 284846 247073     1031.8333   533     1323.0000      933.6711 1.10e+08   29.43%
 284883 247110      993.1603   638     1323.0000      933.6711 1.10e+08   29.43%
 284921 247146     1047.7736   663     1323.0000      933.6711 1.10e+08   29.43%
 284953 247176     1060.3333   593     1323.0000      933.6711 1.10e+08   29.43%
 284985 247208     1063.4000   648     1323.0000      933.6711 1.10e+08   29.43%
 285047 247269     1040.3438   605     1323.0000      933.6711 1.10e+08   29.43%
 286683 248785     1053.7722   638     1323.0000      933.6711 1.12e+08   29.43%
 286701 248801      963.8333   585     1323.0000      933.6711 1.12e+08   29.43%
Elapsed time = 5998.24 sec. (1612777.23 ticks, tree = 11175.63 MB, solutions = 107)
Nodefile size = 11039.15 MB (5774.36 MB after compression)
 286779 248877     1066.7446   640     1323.0000      933.6711 1.12e+08   29.43%
 286843 248941     1080.4855   581     1323.0000      933.6711 1.12e+08   29.43%
 287795 249850     1056.0686   626     1323.0000      933.6711 1.13e+08   29.43%
 288651 250603      995.3438   558     1323.0000      933.6711 1.14e+08   29.43%
                                                    Covers: 1                  
 288685 250637     1042.0000   595     1323.0000      933.6711 1.14e+08   29.43%
 288717 250667     1046.7812   593     1323.0000      933.6711 1.14e+08   29.43%
 288755 250703     1167.7500   548     1323.0000      933.6711 1.15e+08   29.43%
 288800 250748     1011.3000   638     1323.0000      933.6711 1.15e+08   29.43%
 288860 250808     1152.1667   585     1323.0000      933.6711 1.15e+08   29.43%
 289908 251778     1130.5000   440     1323.0000      933.9936 1.16e+08   29.40%
Elapsed time = 6185.26 sec. (1662541.90 ticks, tree = 11199.19 MB, solutions = 107)
Nodefile size = 11063.25 MB (5780.06 MB after compression)
 289945 251815     1032.8626   602     1323.0000      933.9936 1.16e+08   29.40%
 289977 251847     1103.4052   588     1323.0000      933.9936 1.16e+08   29.40%
 290039 251909     1008.4167   526     1323.0000      933.9936 1.17e+08   29.40%
 290075 251945     1062.0667   649     1323.0000      933.9936 1.17e+08   29.40%
 290758 252607     1014.8750   555     1323.0000      933.9936 1.17e+08   29.40%
 292310 254031      988.3649   571     1323.0000      933.9936 1.18e+08   29.40%
 292342 254063     1001.6176   592     1323.0000      933.9936 1.18e+08   29.40%
 292374 254095     1004.1833   576     1323.0000      933.9936 1.18e+08   29.40%
 292417 254138     1068.7813   607     1323.0000      933.9936 1.19e+08   29.40%
 292481 254202     1085.4464   605     1323.0000      933.9936 1.19e+08   29.40%
Elapsed time = 6390.31 sec. (1710332.91 ticks, tree = 11208.08 MB, solutions = 107)
Nodefile size = 11070.60 MB (5782.30 MB after compression)
 292651 254372     1084.2500   623     1323.0000      933.9936 1.19e+08   29.40%
 294852 256428     1039.4762   550     1323.0000      934.5076 1.21e+08   29.36%
 294894 256468     1058.8333   481     1323.0000      934.5076 1.21e+08   29.36%
 294914 256488     1063.4255   608     1323.0000      934.5076 1.21e+08   29.36%
 294978 256550     1067.6774   654     1323.0000      934.5076 1.21e+08   29.36%
 295042 256614     1084.7000   532     1323.0000      934.5076 1.21e+08   29.36%
 295470 257022     1096.8333   561     1323.0000      934.5076 1.22e+08   29.36%
 296221 257695     1039.8533   622     1323.0000      934.5076 1.22e+08   29.36%
 296257 257730     1072.1667   512     1323.0000      934.5076 1.23e+08   29.36%
 296289 257762     1087.9167   521     1323.0000      934.5076 1.23e+08   29.36%
Elapsed time = 6627.30 sec. (1755802.57 ticks, tree = 11283.87 MB, solutions = 107)
Nodefile size = 11148.51 MB (5797.75 MB after compression)
 296321 257794     1101.0714   527     1323.0000      934.5076 1.23e+08   29.36%
 296357 257830     1109.0000   380     1323.0000      934.5076 1.23e+08   29.36%
 296459 257932     1061.1333   589     1323.0000      934.5076 1.23e+08   29.36%
 298725 260014      975.0833   546     1323.0000      935.0000 1.25e+08   29.33%
 298757 260046      995.0596   549     1323.0000      935.0000 1.25e+08   29.33%
 298806 260095     1052.7500   603     1323.0000      935.0000 1.25e+08   29.33%
 298839 260128     1026.4250   598     1323.0000      935.0000 1.25e+08   29.33%
 298892 260181     1063.4216   637     1323.0000      935.0000 1.26e+08   29.33%
 298924 260213     1095.1569   617     1323.0000      935.0000 1.26e+08   29.33%
 301008 262160     1071.3750   576     1323.0000      935.1828 1.27e+08   29.31%
                                                  Impl Bds: 1                  
Elapsed time = 6815.96 sec. (1806469.11 ticks, tree = 11300.78 MB, solutions = 107)
Nodefile size = 11162.70 MB (5801.97 MB after compression)
 301051 262203     1015.5667   623     1323.0000      935.1828 1.27e+08   29.31%
 301083 262235     1028.8096   622     1323.0000      935.1828 1.28e+08   29.31%
 301115 262267     1031.9000   579     1323.0000      935.1828 1.28e+08   29.31%
 301160 262312     1034.5833   548     1323.0000      935.1828 1.28e+08   29.31%
 301211 262363     1054.7500   594     1323.0000      935.1828 1.28e+08   29.31%
 302289 263348     1071.7267   572     1323.0000      935.1828 1.29e+08   29.31%
                                                  ZeroHalf: 5                  
 302325 263384     1042.0000   548     1323.0000      935.1828 1.29e+08   29.31%
 302373 263432     1125.3333   536     1323.0000      935.1828 1.30e+08   29.31%
 302421 263480     1056.6667   540     1323.0000      935.1828 1.30e+08   29.31%
 302501 263557     1164.2500   392     1323.0000      935.1828 1.30e+08   29.31%
Elapsed time = 7058.76 sec. (1858976.53 ticks, tree = 11350.75 MB, solutions = 107)
Nodefile size = 11215.92 MB (5811.86 MB after compression)
 302551 263607     1082.5833   529     1323.0000      935.1828 1.30e+08   29.31%
 304617 265512     1147.4091   570     1323.0000      935.5122 1.32e+08   29.29%
                                                  Impl Bds: 4                  
 304652 265547     1020.0417   537     1323.0000      935.5122 1.32e+08   29.29%
 304685 265580      983.0327   687     1323.0000      935.5122 1.32e+08   29.29%
 304749 265644      983.6818   661     1323.0000      935.5122 1.32e+08   29.29%
 304813 265708     1005.8793   646     1323.0000      935.5122 1.32e+08   29.29%
 307100 267829     1130.3416   545     1323.0000      935.7791 1.34e+08   29.27%
                                                  Impl Bds: 2                  
 307138 267867     1017.0625   596     1323.0000      935.7791 1.34e+08   29.27%
 307170 267899     1032.5556   545     1323.0000      935.7791 1.35e+08   29.27%
 307219 267948     1103.5000   569     1323.0000      935.7791 1.35e+08   29.27%
Elapsed time = 7332.64 sec. (1916303.03 ticks, tree = 11367.19 MB, solutions = 107)
Nodefile size = 11229.36 MB (5815.95 MB after compression)
 307283 268012     1145.8333   522     1323.0000      935.7791 1.35e+08   29.27%
 307328 268057     1100.9667   624     1323.0000      935.7791 1.35e+08   29.27%
 308908 269515     1104.4000   586     1323.0000      935.9000 1.37e+08   29.26%
                                                  Impl Bds: 5                  
 308942 269549      977.8100   605     1323.0000      935.9000 1.37e+08   29.26%
 308974 269581      982.2464   665     1323.0000      935.9000 1.37e+08   29.26%
 309006 269613      996.9732   647     1323.0000      935.9000 1.37e+08   29.26%
 309038 269645     1011.1569   670     1323.0000      935.9000 1.37e+08   29.26%
 309070 269677     1019.0846   685     1323.0000      935.9000 1.37e+08   29.26%
 309178 269785     1077.8571   565     1323.0000      935.9000 1.38e+08   29.26%
 310524 271020     1033.0610   623     1323.0000      935.9000 1.39e+08   29.26%
Elapsed time = 7528.18 sec. (1964982.67 ticks, tree = 11435.70 MB, solutions = 107)
Nodefile size = 11300.17 MB (5829.75 MB after compression)
 310557 271053     1045.6511   621     1323.0000      935.9000 1.39e+08   29.26%
 310589 271085     1061.8929   620     1323.0000      935.9000 1.39e+08   29.26%
 310652 271148     1053.5852   644     1323.0000      935.9000 1.39e+08   29.26%
 310685 271181     1131.1667   528     1323.0000      935.9000 1.39e+08   29.26%
 310781 271277     1167.3968   488     1323.0000      935.9000 1.40e+08   29.26%
 311510 271977      980.1301   581     1323.0000      935.9000 1.40e+08   29.26%
 312564 272921     1004.7187   658     1323.0000      935.9000 1.41e+08   29.26%
 312603 272959     1091.2396   595     1323.0000      935.9000 1.41e+08   29.26%
 312667 273023     1108.1667   526     1323.0000      935.9000 1.42e+08   29.26%
 312742 273096     1067.8276   643     1323.0000      935.9000 1.42e+08   29.26%
Elapsed time = 7761.88 sec. (2013544.59 ticks, tree = 11443.14 MB, solutions = 107)
Nodefile size = 11306.35 MB (5831.51 MB after compression)
 312806 273156     1037.0972   628     1323.0000      935.9000 1.42e+08   29.26%
 312838 273188     1043.9583   601     1323.0000      935.9000 1.42e+08   29.26%
 314846 275019     1046.7778   618     1323.0000      936.4799 1.44e+08   29.22%
                                                  ZeroHalf: 1                  
 314890 275063     1001.1557   642     1323.0000      936.4799 1.44e+08   29.22%
 314922 275095     1028.8866   675     1323.0000      936.4799 1.44e+08   29.22%
 314954 275127     1043.6250   600     1323.0000      936.4799 1.44e+08   29.22%
 315018 275191     1064.8653   457     1323.0000      936.4799 1.45e+08   29.22%
 315021 275194     1127.8750   539     1323.0000      936.4799 1.45e+08   29.22%
 316188 276323     1077.6667   506     1323.0000      936.4799 1.46e+08   29.22%
 317766 277750     1028.4250   583     1323.0000      936.5556 1.47e+08   29.21%
Elapsed time = 7955.06 sec. (2064184.73 ticks, tree = 11458.19 MB, solutions = 107)
Nodefile size = 11321.76 MB (5836.19 MB after compression)
 317798 277782     1030.4875   614     1323.0000      936.5556 1.47e+08   29.21%
 317841 277825     1043.5793   586     1323.0000      936.5556 1.47e+08   29.21%
 317905 277889     1060.0400   583     1323.0000      936.5556 1.47e+08   29.21%
 317937 277919     1076.0833   552     1323.0000      936.5556 1.47e+08   29.21%
 317969 277951     1090.0655   585     1323.0000      936.5556 1.48e+08   29.21%
 319346 279228     1000.4000   572     1323.0000      936.5556 1.49e+08   29.21%
 319378 279259     1022.9646   544     1323.0000      936.5556 1.49e+08   29.21%
 319410 279291     1018.8000   635     1323.0000      936.5556 1.49e+08   29.21%
 319474 279353     1045.6833   645     1323.0000      936.5556 1.49e+08   29.21%
 319538 279413     1051.9000   488     1323.0000      936.5556 1.50e+08   29.21%
Elapsed time = 8226.47 sec. (2122234.18 ticks, tree = 11547.61 MB, solutions = 107)
Nodefile size = 11412.56 MB (5852.68 MB after compression)
 319739 279610     1129.7917   575     1323.0000      936.5556 1.50e+08   29.21%
 322257 281937     1117.5000   476     1323.0000      937.0327 1.52e+08   29.17%
 322294 281974     1022.0061   650     1323.0000      937.0327 1.52e+08   29.17%
 322326 282006     1024.1613   605     1323.0000      937.0327 1.52e+08   29.17%
 322398 282078     1047.0833   484     1323.0000      937.0327 1.52e+08   29.17%
 322420 282100     1069.9565   639     1323.0000      937.0327 1.52e+08   29.17%
 322452 282132     1086.5417   614     1323.0000      937.0327 1.53e+08   29.17%
 322484 282164     1106.6574   648     1323.0000      937.0327 1.53e+08   29.17%
 325040 284532      993.0000   553     1323.0000      937.2083 1.55e+08   29.16%
 325072 284564     1001.3516   622     1323.0000      937.2083 1.55e+08   29.16%
Elapsed time = 8447.28 sec. (2172365.13 ticks, tree = 11567.76 MB, solutions = 107)
Nodefile size = 11429.06 MB (5857.58 MB after compression)
 325109 284601      983.9718   623     1323.0000      937.2083 1.55e+08   29.16%
 325141 284633      994.0662   666     1323.0000      937.2083 1.55e+08   29.16%
 325173 284665     1001.5228   676     1323.0000      937.2083 1.55e+08   29.16%
 325234 284726     1151.9444   603     1323.0000      937.2083 1.56e+08   29.16%
 325269 284760     1025.0375   607     1323.0000      937.2083 1.56e+08   29.16%
 326323 285742     1071.1250   539     1323.0000      937.2083 1.57e+08   29.16%
 326366 285785     1117.1111   645     1323.0000      937.2083 1.57e+08   29.16%
 326398 285817     1127.4722   618     1323.0000      937.2083 1.57e+08   29.16%
 326445 285864     1027.7745   631     1323.0000      937.2083 1.57e+08   29.16%
 326491 285908     1057.1250   479     1323.0000      937.2083 1.57e+08   29.16%
Elapsed time = 8700.65 sec. (2219934.14 ticks, tree = 11614.58 MB, solutions = 107)
Nodefile size = 11479.75 MB (5867.25 MB after compression)
 326523 285938     1061.0000   569     1323.0000      937.2083 1.58e+08   29.16%
 326605 286020     1034.9625   594     1323.0000      937.2083 1.58e+08   29.16%
 328476 287725     1059.0625   573     1323.0000      937.2083 1.59e+08   29.16%
 329141 288332      980.0625   606     1323.0000      937.6250 1.60e+08   29.13%
 329173 288364     1051.0511   629     1323.0000      937.6250 1.60e+08   29.13%
 329205 288396     1057.1111   612     1323.0000      937.6250 1.60e+08   29.13%
 329237 288428     1064.8889   547     1323.0000      937.6250 1.60e+08   29.13%
 329269 288460     1078.9500   610     1323.0000      937.6250 1.60e+08   29.13%
 329333 288524     1083.8333   577     1323.0000      937.6250 1.61e+08   29.13%
 329397 288588     1091.4412   555     1323.0000      937.6250 1.61e+08   29.13%
Elapsed time = 8870.29 sec. (2268439.70 ticks, tree = 11622.85 MB, solutions = 107)
Nodefile size = 11487.82 MB (5869.70 MB after compression)
 333315 292217     1159.9793   473     1323.0000      937.7812 1.63e+08   29.12%
                                                  Impl Bds: 1                  
 333348 292250     1027.1496   633     1323.0000      937.7812 1.63e+08   29.12%
 333382 292284     1078.5217   639     1323.0000      937.7812 1.63e+08   29.12%
 333446 292348     1088.8500   608     1323.0000      937.7812 1.63e+08   29.12%
 333510 292412     1110.8846   648     1323.0000      937.7812 1.63e+08   29.12%
 333764 292666     1124.6667   535     1323.0000      937.7812 1.64e+08   29.12%
 337890 296462     1074.8205   522     1323.0000      938.0921 1.66e+08   29.09%
 337924 296496     1052.0000   568     1323.0000      938.0921 1.66e+08   29.09%
 337956 296527     1089.0833   579     1323.0000      938.0921 1.66e+08   29.09%
 338020 296591     1104.7143   562     1323.0000      938.0921 1.66e+08   29.09%
Elapsed time = 9162.72 sec. (2327150.69 ticks, tree = 11649.69 MB, solutions = 107)
Nodefile size = 11513.72 MB (5877.94 MB after compression)
 338080 296651     1139.8956   625     1323.0000      938.0921 1.67e+08   29.09%
 338112 296683     1147.3319   626     1323.0000      938.0921 1.67e+08   29.09%
 338144 296715     1150.0000   612     1323.0000      938.0921 1.67e+08   29.09%
 339724 298187     1015.9286   343     1323.0000      938.1408 1.68e+08   29.09%
 339765 298228     1118.7000   568     1323.0000      938.1408 1.68e+08   29.09%
 339799 298262     1062.2500   459     1323.0000      938.1408 1.68e+08   29.09%
 339846 298309     1102.7917   608     1323.0000      938.1408 1.69e+08   29.09%
 339910 298373     1121.1111   590     1323.0000      938.1408 1.69e+08   29.09%
 340006 298469     1158.4167   491     1323.0000      938.1408 1.69e+08   29.09%
 340599 299037        cutoff           1323.0000      938.1408 1.69e+08   29.09%
Elapsed time = 9336.91 sec. (2375315.57 ticks, tree = 11746.64 MB, solutions = 107)
Nodefile size = 11611.59 MB (5895.86 MB after compression)
 343485 301711     1008.9167   591     1323.0000      938.1408 1.70e+08   29.09%
 345930 303995      992.8684   636     1323.0000      938.9375 1.71e+08   29.03%
                                                  Impl Bds: 1                  
 345962 304027      996.8000   560     1323.0000      938.9375 1.72e+08   29.03%
 346011 304076     1017.7308   610     1323.0000      938.9375 1.72e+08   29.03%
 346091 304156     1037.0217   608     1323.0000      938.9375 1.72e+08   29.03%
 346142 304207     1065.4583   598     1323.0000      938.9375 1.72e+08   29.03%
 346206 304271     1082.1667   620     1323.0000      938.9375 1.72e+08   29.03%
 348603 306516      980.5719   653     1323.0000      938.9375 1.74e+08   29.03%
 350869 308610     1115.1667   574     1323.0000      939.3507 1.75e+08   29.00%
 350937 308678     1086.0071   610     1323.0000      939.3507 1.75e+08   29.00%
Elapsed time = 9599.39 sec. (2428210.43 ticks, tree = 11780.89 MB, solutions = 107)
Nodefile size = 11644.62 MB (5906.30 MB after compression)
 350991 308732     1037.4375   568     1323.0000      939.3507 1.75e+08   29.00%
 351055 308796     1079.7618   631     1323.0000      939.3507 1.75e+08   29.00%
 351151 308892     1124.4091   502     1323.0000      939.3507 1.75e+08   29.00%
 351255 308996     1109.5000   532     1323.0000      939.3507 1.75e+08   29.00%
 351416 309156     1141.5471   601     1323.0000      939.3507 1.76e+08   29.00%
*353358+310968                         1321.0000      939.3507 1.77e+08   28.89%
Found incumbent of value 1321.000000 after 9677.83 sec. (2429700.65 ticks)
 355916 313047     1112.1750   539     1321.0000      939.3988 1.78e+08   28.89%
                                                  ZeroHalf: 1                  
 355947 313078     1171.1815   558     1321.0000      939.3988 1.78e+08   28.89%
 355979 313110     1192.9324   521     1321.0000      939.3988 1.78e+08   28.89%
 356011 313142     1197.0833   476     1321.0000      939.3988 1.78e+08   28.89%
 356055 313186     1081.5282   625     1321.0000      939.3988 1.78e+08   28.89%
Elapsed time = 9802.23 sec. (2477465.99 ticks, tree = 11777.12 MB, solutions = 108)
Nodefile size = 11640.19 MB (5901.41 MB after compression)
 356087 313218     1084.4730   626     1321.0000      939.3988 1.78e+08   28.89%
 356151 313282     1098.8230   634     1321.0000      939.3988 1.79e+08   28.89%
 357704 314694     1048.2517   609     1321.0000      939.8849 1.80e+08   28.85%
 357768 314758     1087.6875   636     1321.0000      939.8849 1.80e+08   28.85%
 357800 314790     1093.6215   654     1321.0000      939.8849 1.81e+08   28.85%
 357832 314822     1103.1250   612     1321.0000      939.8849 1.81e+08   28.85%
 357896 314886     1112.0533   627     1321.0000      939.8849 1.81e+08   28.85%
 357960 314950     1123.2689   603     1321.0000      939.8849 1.81e+08   28.85%
 358024 315013     1136.5051   639     1321.0000      939.8849 1.81e+08   28.85%
*358952+315910                         1271.0000      939.8849 1.81e+08   26.05%
Found incumbent of value 1271.000000 after 9983.65 sec. (2499191.01 ticks)
 359546 316448     1066.3265   572     1271.0000      939.8849 1.82e+08   26.05%
Elapsed time = 9983.65 sec. (2526837.30 ticks, tree = 11863.08 MB, solutions = 108)
Nodefile size = 11727.85 MB (5917.77 MB after compression)
 360603 317418     1184.4389   260     1271.0000      939.8849 1.82e+08   26.05%
 362962 303918      979.7564   543     1271.0000      939.8849 1.83e+08   26.05%
 362994 303950     1005.6575   513     1271.0000      939.8849 1.83e+08   26.05%
 363026 303980      998.6282   569     1271.0000      939.8849 1.83e+08   26.05%
 363064 304015     1038.5385   604     1271.0000      939.8849 1.83e+08   26.05%
 363116 304063     1110.2500   586     1271.0000      939.8849 1.84e+08   26.05%
 363148 304093     1115.4868   611     1271.0000      939.8849 1.84e+08   26.05%
 363212 304157     1144.7378   646     1271.0000      939.8849 1.84e+08   26.05%
 365570 306331      998.7054   661     1271.0000      939.8849 1.85e+08   26.05%
 366314 306987     1037.1013   609     1271.0000      940.5567 1.86e+08   26.00%
                                                  Impl Bds: 1                  
Elapsed time = 10167.57 sec. (2583819.35 ticks, tree = 10982.21 MB, solutions = 112)
Nodefile size = 10847.63 MB (5466.00 MB after compression)
 366361 307034     1031.7000   535     1271.0000      940.5567 1.86e+08   26.00%
 366399 307072     1132.1416   621     1271.0000      940.5567 1.86e+08   26.00%
 366436 307109     1062.8333   564     1271.0000      940.5567 1.86e+08   26.00%
 366532 307205     1080.5833   553     1271.0000      940.5567 1.87e+08   26.00%
 366564 307237     1090.2745   611     1271.0000      940.5567 1.87e+08   26.00%
 366596 307269     1092.7222   581     1271.0000      940.5567 1.87e+08   26.00%
 367851 308427     1070.4583   333     1271.0000      940.5567 1.87e+08   26.00%
 368048 308603     1156.4167   192     1271.0000      940.5567 1.88e+08   26.00%
*369400+309826                         1262.0000      940.5567 1.88e+08   25.47%
Found incumbent of value 1262.000000 after 10341.31 sec. (2601253.78 ticks)
 369969 304873     1103.6111   596     1262.0000      940.5608 1.89e+08   25.47%
                                                      Cuts: 5                  
 370001 304903     1111.5000   484     1262.0000      940.5608 1.89e+08   25.47%
Elapsed time = 10375.91 sec. (2670491.11 ticks, tree = 10750.23 MB, solutions = 112)
Nodefile size = 10613.57 MB (5346.97 MB after compression)
 370033 304933     1116.4583   521     1262.0000      940.5608 1.89e+08   25.47%
 370081 304981     1071.0833   422     1262.0000      940.5608 1.89e+08   25.47%
 370145 305044     1097.9583   456     1262.0000      940.5608 1.89e+08   25.47%
 370209 305104     1137.7917   482     1262.0000      940.5608 1.90e+08   25.47%
 370273 305168     1148.0625   478     1262.0000      940.5608 1.90e+08   25.47%
 370525 305410     1148.5934   366     1262.0000      940.5608 1.90e+08   25.47%
 371298 306083      983.6583   548     1262.0000      940.5608 1.91e+08   25.47%
                                                  Impl Bds: 1                  
 371330 306115      998.8690   573     1262.0000      940.5608 1.91e+08   25.47%
 371362 306147     1014.6667   568     1262.0000      940.5608 1.91e+08   25.47%
 371478 306263     1084.2000   545     1262.0000      940.5608 1.92e+08   25.47%
Elapsed time = 10627.57 sec. (2742797.99 ticks, tree = 10807.13 MB, solutions = 113)
Nodefile size = 10671.69 MB (5357.93 MB after compression)
 371542 306327     1095.2500   412     1262.0000      940.5608 1.92e+08   25.47%
 371606 306391     1138.3571   595     1262.0000      940.5608 1.92e+08   25.47%
 371611 306396     1143.7317   515     1262.0000      940.5608 1.92e+08   25.47%
 372676 307396     1097.9515   379     1262.0000      940.5608 1.92e+08   25.47%
 375168 309641     1016.2591   670     1262.0000      941.2131 1.94e+08   25.42%
 375202 309673      995.4444   649     1262.0000      941.2131 1.94e+08   25.42%
 375229 309699     1100.8333   528     1262.0000      941.2131 1.94e+08   25.42%
 375291 309761     1057.1711   659     1262.0000      941.2131 1.94e+08   25.42%
 375347 309805     1068.7600   599     1262.0000      941.2131 1.94e+08   25.42%
 375600 310033     1127.6667   375     1262.0000      941.2131 1.94e+08   25.42%
Elapsed time = 10800.02 sec. (2845031.09 ticks, tree = 10817.14 MB, solutions = 113)
Nodefile size = 10683.12 MB (5361.54 MB after compression)
 376927 311224     1041.5833   554     1262.0000      941.2131 1.95e+08   25.42%
*376944+311220                         1230.0000      941.2131 1.95e+08   23.48%
Found incumbent of value 1230.000000 after 10800.02 sec. (2840098.91 ticks)

Clique cuts applied:  9
Cover cuts applied:  7
Implied bound cuts applied:  108
Zero-half cuts applied:  206
Gomory fractional cuts applied:  6

Root node processing (before b&c):
  Real time             =   30.74 sec. (19717.76 ticks)
Parallel b&c, 32 threads:
  Real time             = 10785.62 sec. (2849481.17 ticks)
  Sync time (average)   =    0.47 sec.
  Wait time (average)   =    0.00 sec.
                          ------------
Total (root+branch&cut) = 10816.36 sec. (2869198.92 ticks)


Solution status: Feasible
Execution time: 10816.7 sec
Gap: 0.23455
