Sat Jul 14 14:59:35 2018

Tried aggregator 2 times.
MIP Presolve eliminated 18040 rows and 145 columns.
Aggregator did 576 substitutions.
Reduced MIP has 13871 rows, 3124 columns, and 49544 nonzeros.
Reduced MIP has 3124 binaries, 0 generals, 0 SOSs, and 0 indicators.
Presolve time = 0.11 sec. (75.28 ticks)
Probing time = 0.01 sec. (1.90 ticks)
Tried aggregator 1 time.
Presolve time = 0.07 sec. (20.87 ticks)
Probing time = 0.01 sec. (1.90 ticks)
Clique table members: 11152.
MIP emphasis: balance optimality and feasibility.
MIP search method: dynamic search.
Parallel mode: deterministic, using up to 32 threads.
Root relaxation solution time = 0.42 sec. (100.71 ticks)

        Nodes                                         Cuts/
   Node  Left     Objective  IInf  Best Integer    Best Bound    ItCnt     Gap

      0     0      551.0000   269                    551.0000     1150         
      0     0      704.6638   390                   Cuts: 110     2111         
      0     0      716.3125   410                    Cuts: 57     2577         
      0     0      724.9920   427                    Cuts: 66     3113         
      0     0      725.8719   412                    Cuts: 49     3348         
      0     0      727.2094   429                    Cuts: 40     3509         
      0     0      728.1100   427                    Cuts: 25     3660         
      0     0      728.7290   422                    Cuts: 16     3908         
      0     0      729.0335   430                    Cuts: 21     4052         
      0     0      732.8009   417                    Cuts: 20     4585         
      0     0      736.2247   414                    Cuts: 37     4952         
      0     0      736.2256   419                    Cuts: 18     5033         
      0     0      736.2256   429                 ZeroHalf: 4     5070         
*     0+    0                         2725.0000      736.2256     5070   72.98%
Found incumbent of value 2725.000000 after 6.96 sec. (3711.31 ticks)
      0     2      736.2256   421     2725.0000      736.2256     5070   72.98%
Elapsed time = 7.42 sec. (3983.09 ticks, tree = 0.01 MB, solutions = 1)
      2     4      736.3862   440     2725.0000      736.2256     6416   72.98%
      4     6      769.2992   389     2725.0000      736.4144     8922   72.98%
      5     7      750.9333   447     2725.0000      736.4144    12881   72.98%
      6     8      743.0318   552     2725.0000      736.4144    20538   72.98%
      9    11      769.2992   463     2725.0000      739.7777    28094   72.85%
                                                  Impl Bds: 2                  
     12    14      765.6637   564     2725.0000      739.7777    44248   72.85%
     17    19      765.6637   504     2725.0000      743.0746    54826   72.73%
                                                 Impl Bds: 12                  
     22    24      775.4559   572     2725.0000      743.0746    63314   72.73%
     23    25      777.6236   538     2725.0000      743.0746    70404   72.73%
     27    29      779.1341   654     2725.0000      743.0746    86788   72.73%
Elapsed time = 39.84 sec. (26842.79 ticks, tree = 0.01 MB, solutions = 1)
     29    31      781.6579   564     2725.0000      743.0746    95807   72.73%
     31    33      766.1964   505     2725.0000      743.0746   108267   72.73%
                                                  Impl Bds: 6                  
     37    39      799.8208   652     2725.0000      743.0746   133783   72.73%
     46    48      805.2243   652     2725.0000      743.0746   166017   72.73%
     52    54      833.6333   506     2725.0000      743.0746   175394   72.73%
     75    77      806.4351   599     2725.0000      743.0746   203245   72.73%
                                                     Cuts: 14                  
     91    93      823.2771   623     2725.0000      743.0746   229187   72.73%
    199   201      838.2143   488     2725.0000      743.0746   357882   72.73%
    308   310      840.8333   403     2725.0000      743.0746   478434   72.73%
    372   374      865.3939   473     2725.0000      743.0746   551020   72.73%
Elapsed time = 79.00 sec. (45513.80 ticks, tree = 0.01 MB, solutions = 1)
    534   536      882.2593   491     2725.0000      743.0746   709301   72.73%
    631   631      888.2036   441     2725.0000      743.0746   822872   72.73%
   1376  1347      837.7609   347     2725.0000      743.0746  1318738   72.73%
                                                     Cuts: 30                  
   1494  1465      959.0891   473     2725.0000      743.0746  1431676   72.73%
   1526  1496      949.1042   420     2725.0000      743.0746  1462212   72.73%
   1665  1633      970.8125   324     2725.0000      743.0746  1576648   72.73%
   1891  1849      946.3333   305     2725.0000      743.0746  1714628   72.73%
   2070  2024     1118.0000   414     2725.0000      743.0746  1806993   72.73%
*  3258+ 3099                         1885.0000      743.0746  2385469   60.58%
Found incumbent of value 1885.000000 after 103.98 sec. (51735.22 ticks)
*  3618  3410      integral     0     1764.0000      743.0746  2534393   57.88%
Found incumbent of value 1764.000000 after 103.98 sec. (54419.33 ticks)
   3627  3401      809.3640   370     1764.0000      755.2832  2541461   57.18%
                                                     Cuts: 35                  
Elapsed time = 104.80 sec. (55451.07 ticks, tree = 9.39 MB, solutions = 1)
   3707  3477      946.6204   325     1764.0000      755.2832  2612706   57.18%
   3787  3557      883.6250   342     1764.0000      755.2832  2677600   57.18%
   3915  3681      841.5833   292     1764.0000      755.2832  2779138   57.18%
   4011  3771      876.5500   288     1764.0000      755.2832  2848695   57.18%
   4107  3857      893.5500   285     1764.0000      755.2832  2915661   57.18%
   4203  3945      919.7000   355     1764.0000      755.2832  2988487   57.18%
   4427  4161      927.8250   339     1764.0000      755.2832  3122854   57.18%
   4619  4346      964.0500   295     1764.0000      755.2832  3211937   57.18%
   4800  4509     1160.4286   330     1764.0000      755.2832  3312240   57.18%
*  4871+ 4572                         1533.0000      755.2832  3349365   50.73%
Found incumbent of value 1533.000000 after 133.29 sec. (57039.46 ticks)
   7036  6538      889.9091   358     1533.0000      755.2832  4245908   50.73%
Elapsed time = 141.58 sec. (66299.60 ticks, tree = 11.73 MB, solutions = 3)
*  7457+ 4338                         1507.0000      755.2832  4433640   49.88%
Found incumbent of value 1507.000000 after 149.76 sec. (70819.39 ticks)
   7457  4339      737.2010   541     1507.0000      755.2832  4434803   49.88%
   7458  4340      743.0556   508     1507.0000      755.2832  4436423   49.88%
   7459  4340      746.9500   542     1507.0000      755.2832  4443309   49.88%
   7461  4342      747.2730   649     1507.0000      755.2832  4457294   49.88%
   7462  4342      750.5722   597     1507.0000      755.2832  4458429   49.88%
   7464  4342      762.3598   623     1507.0000      755.2832  4472725   49.88%
                                                  Impl Bds: 3                  
   7466  4344      762.1183   670     1507.0000      755.2832  4487982   49.88%
   7469  4344      764.2403   682     1507.0000      755.2832  4505252   49.88%
   7470  4344      763.6805   680     1507.0000      755.2832  4517836   49.88%
   7472  4345      768.5466   564     1507.0000      755.2832  4530049   49.88%
                                                     Cuts: 19                  
Elapsed time = 226.28 sec. (120286.89 ticks, tree = 85.04 MB, solutions = 7)
   7474  4347      788.2210   681     1507.0000      755.2832  4546511   49.88%
   7479  4349      798.2354   666     1507.0000      755.2832  4580344   49.88%
   7484  4353      773.9650   646     1507.0000      755.2832  4592743   49.88%
                                                  ZeroHalf: 5                  
   7490  4355      807.9831   613     1507.0000      755.2832  4627667   49.88%
   7497  4358      810.7144   642     1507.0000      755.2832  4666552   49.88%
   7499  4359      844.1420   655     1507.0000      755.2832  4672920   49.88%
   7500  4360      833.0583   678     1507.0000      755.2832  4680048   49.88%
   7504  4364      857.9516   685     1507.0000      755.2832  4691305   49.88%
   7505  4365      831.1121   640     1507.0000      755.2832  4702588   49.88%
   7515  4371      812.4130   617     1507.0000      755.2832  4727308   49.88%
                                                     Cuts: 10                  
Elapsed time = 266.18 sec. (142963.42 ticks, tree = 84.70 MB, solutions = 7)
   7521  4375      834.1429   496     1507.0000      755.2832  4740490   49.88%
   7528  4380      869.3413   574     1507.0000      755.2832  4768504   49.88%
   7574  4407      905.7125   553     1507.0000      755.2832  4864613   49.88%
   7643  4446      924.0000   378     1507.0000      755.2832  4957624   49.88%
   7695  4476      797.3879   517     1507.0000      755.2832  5035979   49.88%
   7753  4505      874.2436   542     1507.0000      755.2832  5121129   49.88%
   7798  4535      891.5041   468     1507.0000      755.2832  5183363   49.88%
   8025  4669      853.5288   466     1507.0000      755.2832  5478097   49.88%
   8089  4708      871.3200   462     1507.0000      755.2832  5586836   49.88%
   8176  4752      831.2275   394     1507.0000      755.2832  5720644   49.88%
Elapsed time = 337.51 sec. (161784.67 ticks, tree = 79.26 MB, solutions = 7)
   8304  4820      852.5872   393     1507.0000      755.2832  5880786   49.88%
   8377  4866      893.5263   504     1507.0000      755.2832  5957841   49.88%
   8473  4926      855.4286   464     1507.0000      755.2832  6068677   49.88%
   8537  4967      896.1875   469     1507.0000      755.2832  6144256   49.88%
   8918  5181      909.7500   412     1507.0000      755.2832  6519089   49.88%
   9137  5313      887.0526   380     1507.0000      755.2832  6700394   49.88%
                                                     Cuts: 14                  
   9201  5348      897.0802   373     1507.0000      755.2832  6794377   49.88%
   9333  5415      948.4667   347     1507.0000      755.2832  6919041   49.88%
   9397  5451      941.7500   349     1507.0000      755.2832  6980871   49.88%
   9407  5456      965.2438   442     1507.0000      755.2832  6995944   49.88%
Elapsed time = 397.01 sec. (174326.88 ticks, tree = 69.03 MB, solutions = 7)
   9471  5493      982.5625   393     1507.0000      755.2832  7047065   49.88%
   9567  5546      988.9993   436     1507.0000      755.2832  7117172   49.88%
   9695  5620      997.4242   420     1507.0000      755.2832  7221154   49.88%
   9823  5696      998.6111   404     1507.0000      755.2832  7336913   49.88%
   9951  5773     1036.3333   389     1507.0000      755.2832  7451541   49.88%
  10047  5833     1034.0000   380     1507.0000      755.2832  7539148   49.88%
  10837  6258     1083.4184   424     1507.0000      755.2832  8089156   49.88%
  10953  6323      823.8642   407     1507.0000      755.2832  8192296   49.88%
  11113  6411      845.6667   361     1507.0000      755.2832  8303593   49.88%
  11207  6457     1141.7304   389     1507.0000      755.2832  8390468   49.88%
Elapsed time = 429.83 sec. (185324.29 ticks, tree = 55.51 MB, solutions = 7)
  11273  6497      926.0000   373     1507.0000      755.2832  8445288   49.88%
  11431  6576     1180.3333   372     1507.0000      755.2832  8572615   49.88%
  11527  6633     1174.0727   374     1507.0000      755.2832  8651362   49.88%
  11623  6679     1179.8636   300     1507.0000      755.2832  8726849   49.88%
  11751  6755     1186.7443   351     1507.0000      755.2832  8821894   49.88%
  11943  6866     1208.9375   370     1507.0000      755.2832  8964705   49.88%
  12103  6957     1213.7174   370     1507.0000      755.2832  9086149   49.88%
  12263  7051     1328.7005   405     1507.0000      755.2832  9197998   49.88%
  12391  7119     1293.9048   354     1507.0000      755.2832  9299121   49.88%
  14622  8233     1210.3561   364     1507.0000      755.2832 10820696   49.88%
Elapsed time = 476.02 sec. (199583.96 ticks, tree = 29.90 MB, solutions = 7)
  14879  8374     1162.1389   460     1507.0000      755.2832 11065440   49.88%
  15311  8594      939.0000   373     1507.0000      755.2832 11405565   49.88%
  15807  8842     1240.9500   364     1507.0000      755.2832 11748128   49.88%
  16543  9201     1251.4167   353     1507.0000      755.2832 12192679   49.88%
  17565  9848     1270.3830   467     1507.0000      755.2832 12839718   49.88%
  18151 10416     1034.2500   317     1507.0000      755.2832 13175518   49.88%
  20080 12232      807.2500   483     1507.0000      755.2832 14420638   49.88%
  20814 12926      908.5652   391     1507.0000      755.2832 14905125   49.88%
                                                      Cuts: 6                  
  21535 13621      863.1250   357     1507.0000      755.2832 15362488   49.88%
  22655 14696     1076.4444   244     1507.0000      755.2832 15966680   49.88%
Elapsed time = 670.50 sec. (247132.21 ticks, tree = 19.90 MB, solutions = 7)
  23573 15560      823.0877   421     1507.0000      755.2832 16504802   49.88%
  24341 16298      976.6250   332     1507.0000      755.2832 16959595   49.88%
  27591 19418      798.3292   546     1507.0000      772.5932 18880198   48.73%
                                                 ZeroHalf: 14                  
  27864 19683      826.9510   678     1507.0000      772.5932 19128981   48.73%
  27896 19715      829.3750   656     1507.0000      772.5932 19166742   48.73%
  27960 19779      837.1057   627     1507.0000      772.5932 19218850   48.73%
  28056 19874      868.1169   586     1507.0000      772.5932 19294922   48.73%
  29605 21360      903.4250   652     1507.0000      772.5932 20392611   48.73%
  34303 25801      883.7267   689     1507.0000      787.7500 22907376   47.73%
                                                  ZeroHalf: 5                  
  34335 25833      911.1008   618     1507.0000      787.7500 22960874   47.73%
Elapsed time = 834.06 sec. (302364.82 ticks, tree = 61.61 MB, solutions = 7)
  34399 25897      963.6250   565     1507.0000      787.7500 23078006   47.73%
  34431 25929      971.5000   653     1507.0000      787.7500 23126408   47.73%
  34495 25991      971.5500   589     1507.0000      787.7500 23217272   47.73%
  37658 28919      911.0000   571     1507.0000      801.2778 25556122   46.83%
  37683 28944      914.4753   641     1507.0000      801.2778 25684497   46.83%
  37741 29002      893.1873   694     1507.0000      801.2778 25921991   46.83%
  37776 29037      985.8188   622     1507.0000      801.2778 26075788   46.83%
  37837 29098      975.0469   656     1507.0000      801.2778 26277057   46.83%
  37869 29130     1001.3611   636     1507.0000      801.2778 26379662   46.83%
  39357 30549      968.7639   632     1507.0000      801.2778 27846107   46.83%
Elapsed time = 1044.09 sec. (355445.41 ticks, tree = 76.68 MB, solutions = 7)
  39391 30583      848.4253   688     1507.0000      801.2778 27941631   46.83%
  39455 30647      866.6667   609     1507.0000      801.2778 28104282   46.83%
  39519 30711      878.3357   666     1507.0000      801.2778 28240122   46.83%
  39583 30775      918.4286   629     1507.0000      801.2778 28364700   46.83%
  39647 30839      945.7500   621     1507.0000      801.2778 28511648   46.83%
  45685 36563      958.8125   573     1507.0000      803.0539 30831991   46.71%
                                                  ZeroHalf: 3                  
  45706 36584      907.9167   616     1507.0000      803.0539 30888077   46.71%
  45759 36637     1000.0897   635     1507.0000      803.0539 30966165   46.71%
  45791 36669     1029.3611   650     1507.0000      803.0539 31008094   46.71%
  45855 36733     1076.8333   573     1507.0000      803.0539 31084855   46.71%
Elapsed time = 1291.30 sec. (411646.28 ticks, tree = 106.21 MB, solutions = 7)
  46047 36924     1167.8333   466     1507.0000      803.0539 31200327   46.71%
  46827 37689     1019.6667   432     1507.0000      803.0539 31414719   46.71%
  53915 44397      900.5460   616     1507.0000      803.0539 33033631   46.71%
* 59027+49196                         1498.0000      810.5588 34208417   45.89%
                                                  Impl Bds: 5                  
Found incumbent of value 1498.000000 after 1310.22 sec. (427404.99 ticks)
* 59027+49196                         1494.0000      810.5588 34208417   45.75%
Found incumbent of value 1494.000000 after 1310.34 sec. (427472.84 ticks)
* 59027+49196                         1478.0000      810.5588 34208417   45.16%
Found incumbent of value 1478.000000 after 1311.00 sec. (427724.77 ticks)
* 59027+49196                         1474.0000      810.5588 34208417   45.01%
Found incumbent of value 1474.000000 after 1311.02 sec. (427739.51 ticks)
* 59028+49197                         1425.0000      810.5588 34208795   43.12%
Found incumbent of value 1425.000000 after 1311.20 sec. (427048.77 ticks)
* 59030+49199                         1417.0000      810.5588 34209176   42.80%
Found incumbent of value 1417.000000 after 1312.31 sec. (426979.95 ticks)
  59031 49202      890.7083   558     1417.0000      810.5588 34216164   42.80%
* 59051+49220                         1400.0000      810.5588 34248496   42.10%
Found incumbent of value 1400.000000 after 1318.66 sec. (427281.38 ticks)
* 59058+49227                         1388.0000      810.5588 34262825   41.60%
Found incumbent of value 1388.000000 after 1318.66 sec. (428728.12 ticks)
* 59058+49227                         1369.0000      810.5588 34262825   40.79%
Found incumbent of value 1369.000000 after 1318.66 sec. (428898.35 ticks)
* 59060+41910                         1333.0000      810.5588 34266795   39.19%
Found incumbent of value 1333.000000 after 1323.17 sec. (433365.25 ticks)
  59067 41919      844.0870   654     1333.0000      810.5588 34294051   39.19%
  59098 41950      865.5278   655     1333.0000      810.5588 34393639   39.19%
  59130 41982      896.5000   699     1333.0000      810.5588 34510799   39.19%
  59194 42046      962.5625   582     1333.0000      810.5588 34755863   39.19%
  59265 42117      918.1205   665     1333.0000      810.5588 35003743   39.19%
  59298 42150      913.1667   651     1333.0000      810.5588 35116058   39.19%
Elapsed time = 1420.96 sec. (460849.66 ticks, tree = 120.00 MB, solutions = 90)
Nodefile size = 11.73 MB (5.10 MB after compression)
  60237 38801      967.4643   626     1333.0000      816.1298 35813831   38.77%
                                                      Cuts: 5                  
  60272 38836      917.2889   656     1333.0000      816.1298 35928939   38.77%
  60329 38893      939.9076   689     1333.0000      816.1298 36079101   38.77%
  60368 38932      965.9189   610     1333.0000      816.1298 36146963   38.77%
  60528 39092     1024.8281   521     1333.0000      816.1298 36285443   38.77%
  60585 39149     1030.6667   440     1333.0000      816.1298 36319648   38.77%
* 63613 41987      integral     0     1327.0000      816.1298 37173635   38.50%
Found incumbent of value 1327.000000 after 1559.85 sec. (495223.88 ticks)
  69701 47192      933.8571   627     1327.0000      819.9739 38900232   38.21%
                                                  Impl Bds: 7                  
  69755 47244      870.9318   569     1327.0000      819.9739 38976857   38.21%
  69829 47315      964.8978   640     1327.0000      819.9739 39052738   38.21%
Elapsed time = 1623.43 sec. (511508.27 ticks, tree = 209.14 MB, solutions = 97)
Nodefile size = 80.77 MB (28.90 MB after compression)
  69863 47347      959.5000   597     1327.0000      819.9739 39085125   38.21%
  69959 47439     1008.7500   546     1327.0000      819.9739 39161633   38.21%
  70075 47550     1007.6667   528     1327.0000      819.9739 39211775   38.21%
* 74062 51257      integral     0     1320.0000      819.9739 40480076   37.88%
Found incumbent of value 1320.000000 after 1687.32 sec. (526355.64 ticks)
* 76333+53384                         1296.0000      819.9739 41096958   36.73%
Found incumbent of value 1296.000000 after 1687.32 sec. (523299.13 ticks)
  78675 55535      840.9481   520     1296.0000      819.9739 41729130   36.73%
  78858 51984     1057.3667   624     1296.0000      820.3333 41815986   36.70%
                                                      Cuts: 4                  
  78922 52048     1085.5833   603     1296.0000      820.3333 41875738   36.70%
  79018 52144     1110.5000   480     1296.0000      820.3333 41939083   36.70%
  79530 52623     1262.6000   484     1296.0000      820.3333 42101132   36.70%
  81162 54140     1173.5000   310     1296.0000      820.3333 42537622   36.70%
Elapsed time = 1779.08 sec. (574319.15 ticks, tree = 220.06 MB, solutions = 98)
Nodefile size = 91.33 MB (32.68 MB after compression)
  83338 56148     1197.6762   235     1296.0000      820.3333 43181813   36.70%
  87461 59939      842.4000   666     1296.0000      820.3333 44256745   36.70%
  89640 61928      881.0560   615     1296.0000      829.7101 44885072   35.98%
  89672 61954      894.6785   709     1296.0000      829.7101 44931273   35.98%
  89704 61984      919.2500   600     1296.0000      829.7101 44962278   35.98%
  89736 62014      935.4051   631     1296.0000      829.7101 44998373   35.98%
  89800 62068      983.3056   623     1296.0000      829.7101 45067812   35.98%
* 93176 65201      integral     0     1287.0000      829.7101 46153519   35.53%
Found incumbent of value 1287.000000 after 1916.42 sec. (606377.87 ticks)
  94642 66579      876.7083   516     1287.0000      829.7101 46542372   35.53%
  97962 68561      941.0500   662     1287.0000      830.7292 47527647   35.45%
                                                      Cuts: 5                  
Elapsed time = 1941.25 sec. (615059.37 ticks, tree = 272.80 MB, solutions = 100)
Nodefile size = 144.83 MB (51.39 MB after compression)
  98024 68618      983.5143   625     1287.0000      830.7292 47661574   35.45%
  98103 68691      967.0833   613     1287.0000      830.7292 47781254   35.45%
  98184 68764     1032.8889   604     1287.0000      830.7292 47883716   35.45%
  98248 68820     1044.6515   534     1287.0000      830.7292 47927352   35.45%
*101429+71801                         1283.0000      830.7292 48832178   35.25%
Found incumbent of value 1283.000000 after 2020.86 sec. (634562.64 ticks)
 106387 75850      893.1111   410     1283.0000      830.9911 50268559   35.23%
                                                      Cuts: 4                  
 106402 75865      865.3284   664     1283.0000      830.9911 50298388   35.23%
 106457 75920      902.6877   538     1283.0000      830.9911 50392472   35.23%
 106494 75953      944.5208   642     1283.0000      830.9911 50460521   35.23%
 106530 75986      927.7976   657     1283.0000      830.9911 50530494   35.23%
 106562 76018      936.8533   654     1283.0000      830.9911 50600055   35.23%
Elapsed time = 2111.39 sec. (663857.43 ticks, tree = 294.62 MB, solutions = 101)
Nodefile size = 166.22 MB (59.29 MB after compression)
 106594 76047      961.1333   642     1283.0000      830.9911 50661193   35.23%
 107830 77170     1008.6042   590     1283.0000      835.3000 51673332   34.89%
 107894 77234     1119.8889   582     1283.0000      835.3000 51787476   34.89%
 107991 77331     1084.5000   532     1283.0000      835.3000 51880694   34.89%
 109367 78623      910.3333   264     1283.0000      835.3000 52297106   34.89%
 110108 79299      967.5000   339     1283.0000      835.3000 52524209   34.89%
 111384 80472      863.5000   495     1283.0000      835.3000 52847673   34.89%
 116603 85259      872.1715   671     1283.0000      838.7976 54376957   34.62%
                                                  Impl Bds: 8                  
 116635 85289      882.7218   628     1283.0000      838.7976 54440526   34.62%
 116667 85319      908.2264   589     1283.0000      838.7976 54495454   34.62%
Elapsed time = 2280.90 sec. (713535.07 ticks, tree = 384.80 MB, solutions = 102)
Nodefile size = 256.39 MB (85.06 MB after compression)
 116705 85357      962.7500   642     1283.0000      838.7976 54561917   34.62%
 116737 85389      971.1667   630     1283.0000      838.7976 54606450   34.62%
 116769 85421      991.7659   673     1283.0000      838.7976 54650341   34.62%
 124709 92767     1066.1825   266     1283.0000      839.4072 56928556   34.57%
                                                  ZeroHalf: 2                  
 124722 92777      907.7083   577     1283.0000      839.4072 56945884   34.57%
 124783 92834     1047.0000   540     1283.0000      839.4072 57014427   34.57%
 124818 92869      967.1905   633     1283.0000      839.4072 57054336   34.57%
 124946 92989     1004.7500   532     1283.0000      839.4072 57140846   34.57%
 125012 93049      936.9286   578     1283.0000      839.4072 57171230   34.57%
 126095 94061      913.2333   616     1283.0000      839.4072 57503182   34.57%
Elapsed time = 2440.24 sec. (756775.52 ticks, tree = 409.72 MB, solutions = 102)
Nodefile size = 280.90 MB (93.54 MB after compression)
 133836 101135      934.6667   625     1283.0000      841.3188 59686422   34.43%
                                                  Impl Bds: 1                  
 133869 101165      913.3370   667     1283.0000      841.3188 59782082   34.43%
 133933 101225      955.8578   702     1283.0000      841.3188 59906578   34.43%
 133997 101289      974.5833   563     1283.0000      841.3188 59989437   34.43%
 134093 101382     1022.6667   555     1283.0000      841.3188 60064668   34.43%
 135549 102760      917.8634   513     1283.0000      841.3188 60599488   34.43%
 140840 107629      961.9677   635     1283.0000      842.3333 62061813   34.35%
                                                      Cuts: 6                  
 140888 107677      892.7367   635     1283.0000      842.3333 62152806   34.35%
 140936 107723      992.9571   644     1283.0000      842.3333 62229437   34.35%
 140979 107766      934.3447   679     1283.0000      842.3333 62307376   34.35%
Elapsed time = 2636.75 sec. (806047.63 ticks, tree = 456.61 MB, solutions = 102)
Nodefile size = 328.10 MB (109.37 MB after compression)
 141043 107822      957.1889   642     1283.0000      842.3333 62381297   34.35%
 148337 114522     1003.0411   673     1283.0000      845.4000 64560820   34.11%
                                                      Cuts: 2                  
 148398 114583      960.0606   504     1283.0000      845.4000 64707507   34.11%
 148436 114621     1002.5000   566     1283.0000      845.4000 64784315   34.11%
 148500 114685     1045.2000   580     1283.0000      845.4000 64922404   34.11%
 148577 114762      982.9167   625     1283.0000      845.4000 65074203   34.11%
 149930 115997     1007.3333   476     1283.0000      846.0000 65892979   34.06%
 149967 116034     1030.7143   475     1283.0000      846.0000 65993092   34.06%
 150039 116106     1024.5385   632     1283.0000      846.0000 66099965   34.06%
 150103 116170     1078.0000   485     1283.0000      846.0000 66170928   34.06%
Elapsed time = 2834.92 sec. (862146.59 ticks, tree = 581.24 MB, solutions = 102)
Nodefile size = 453.10 MB (137.87 MB after compression)
 150230 116295      980.5000   570     1283.0000      846.0000 66270629   34.06%
 154559 120318      936.7500   684     1283.0000      846.0000 67688014   34.06%
 157011 122548      995.8700   669     1283.0000      847.4839 68393698   33.95%
                                                  ZeroHalf: 1                  
 157078 122607      997.3125   625     1283.0000      847.4839 68524342   33.95%
 157142 122669     1018.9643   629     1283.0000      847.4839 68606786   33.95%
 157229 122748      966.2925   634     1283.0000      847.4839 68670347   33.95%
 157293 122808      993.4792   603     1283.0000      847.4839 68721142   33.95%
 163827 128856      869.2976   662     1283.0000      847.4839 70543954   33.95%
 165077 129987      887.0857   554     1283.0000      848.7500 70902469   33.85%
 165128 130030      925.5000   436     1283.0000      848.7500 70991238   33.85%
Elapsed time = 2999.30 sec. (909474.35 ticks, tree = 626.05 MB, solutions = 102)
Nodefile size = 497.58 MB (152.36 MB after compression)
 165192 130092      940.0000   520     1283.0000      848.7500 71077052   33.85%
 165256 130156      988.0000   564     1283.0000      848.7500 71137993   33.85%
 165352 130252     1013.6000   515     1283.0000      848.7500 71192754   33.85%
*169112 133754      integral     0     1273.0000      848.7500 72368532   33.33%
Found incumbent of value 1273.000000 after 3052.31 sec. (923684.93 ticks)
 172717 135856      900.7593   610     1273.0000      850.0500 73400172   33.22%
 172751 135890     1011.7500   554     1273.0000      850.0500 73449787   33.22%
 172943 136077     1084.0833   454     1273.0000      850.0500 73538907   33.22%
 174255 137294      929.3203   459     1273.0000      850.0500 73874505   33.22%
 174431 137462      953.0781   662     1273.0000      850.0500 73941339   33.22%
 174495 137526      965.3810   604     1273.0000      850.0500 73964720   33.22%
Elapsed time = 3150.60 sec. (951442.98 ticks, tree = 640.70 MB, solutions = 103)
Nodefile size = 511.95 MB (157.21 MB after compression)
*176682+139537                         1272.0000      850.0500 74624893   33.17%
Found incumbent of value 1272.000000 after 3150.96 sec. (935418.16 ticks)
 182168 144500      916.9125   625     1272.0000      852.2500 76123259   33.00%
 182185 144516      987.0956   648     1272.0000      852.2500 76143975   33.00%
 182604 144924     1027.9266   515     1272.0000      852.2500 76367913   33.00%
 184807 146972      959.6905   617     1272.0000      852.2500 76995556   33.00%
 186123 148177      914.0000   646     1272.0000      852.2500 77429984   33.00%
 190387 152068      916.3750   485     1272.0000      853.7500 78617867   32.88%
                                                      Cuts: 3                  
 190432 152111      962.8137   650     1272.0000      853.7500 78697481   32.88%
 190496 152175      986.3333   629     1272.0000      853.7500 78817606   32.88%
 190560 152235     1041.2361   594     1272.0000      853.7500 78920642   32.88%
 192153 153693      905.0516   545     1272.0000      854.0000 79877209   32.86%
                                                  Impl Bds: 5                  
Elapsed time = 3347.72 sec. (1007564.92 ticks, tree = 804.66 MB, solutions = 105)
Nodefile size = 676.71 MB (198.82 MB after compression)
 192194 153732      976.3883   648     1272.0000      854.0000 79982552   32.86%
 192229 153765      918.5078   659     1272.0000      854.0000 80065385   32.86%
 192293 153829      934.7500   667     1272.0000      854.0000 80186944   32.86%
 192354 153890     1062.2895   647     1272.0000      854.0000 80277125   32.86%
*195249 156561      integral     0     1255.0000      854.0000 81251278   31.95%
Found incumbent of value 1255.000000 after 3443.33 sec. (1029057.66 ticks)
 198440 157524      962.9874   568     1255.0000      854.6071 82216611   31.90%
                                                  Impl Bds: 8                  
 198508 157592      946.7120   658     1255.0000      854.6071 82324566   31.90%
 198540 157624      961.2500   610     1255.0000      854.6071 82370771   31.90%
 198604 157686      982.8000   601     1255.0000      854.6071 82429833   31.90%
 200400 159336      948.7982   504     1255.0000      854.6071 83076235   31.90%
Elapsed time = 3542.77 sec. (1058699.41 ticks, tree = 811.79 MB, solutions = 107)
Nodefile size = 682.78 MB (200.72 MB after compression)
 205999 164424      990.1823   612     1255.0000      855.8413 84738872   31.81%
                                                  Impl Bds: 3                  
 206058 164478      912.9534   632     1255.0000      855.8413 84826467   31.81%
 206090 164510      944.2222   630     1255.0000      855.8413 84883634   31.81%
 206150 164566     1006.5634   654     1255.0000      855.8413 84944144   31.81%
 206214 164630     1037.9167   613     1255.0000      855.8413 85009016   31.81%
 206722 165124      955.7917   551     1255.0000      855.8413 85233635   31.81%
 212820 170659      981.4672   646     1255.0000      856.9444 87091768   31.72%
                                                      Cuts: 2                  
 212861 170700     1005.5000   552     1255.0000      856.9444 87128186   31.72%
 212925 170764     1049.3000   567     1255.0000      856.9444 87171989   31.72%
 212989 170826     1071.6699   564     1255.0000      856.9444 87203636   31.72%
Elapsed time = 3725.87 sec. (1108208.44 ticks, tree = 852.72 MB, solutions = 107)
Nodefile size = 724.42 MB (215.26 MB after compression)
 214918 172581      924.6250   410     1255.0000      856.9444 87767698   31.72%
*217829+175233                         1248.0000      856.9444 88681887   31.33%
Found incumbent of value 1248.000000 after 3741.54 sec. (1096416.90 ticks)
 221386 177471      890.2143   588     1248.0000      857.9167 89736770   31.26%
                                                    Covers: 1                  
 221436 177518      966.7500   578     1248.0000      857.9167 89866556   31.26%
 221473 177553      938.2500   606     1248.0000      857.9167 89956400   31.26%
 221528 177604      954.6250   562     1248.0000      857.9167 90058490   31.26%
 221564 177640     1011.5536   632     1248.0000      857.9167 90145401   31.26%
 221596 177672     1049.3500   624     1248.0000      857.9167 90226670   31.26%
 222484 178485      923.7078   637     1248.0000      858.3667 91022040   31.22%
 222548 178543      934.1304   612     1248.0000      858.3667 91154541   31.22%
 222612 178605      940.2857   590     1248.0000      858.3667 91250967   31.22%
Elapsed time = 3907.36 sec. (1159096.92 ticks, tree = 931.42 MB, solutions = 108)
Nodefile size = 802.82 MB (234.04 MB after compression)
 222676 178669      978.7143   628     1248.0000      858.3667 91350633   31.22%
 223666 179615      899.6111   636     1248.0000      858.3667 91775253   31.22%
 228384 183904     1080.7500   617     1248.0000      859.6167 93302288   31.12%
                                                  Impl Bds: 2                  
 228431 183944      986.3958   656     1248.0000      859.6167 93368978   31.12%
 228463 183975     1014.4000   651     1248.0000      859.6167 93401376   31.12%
 228527 184035     1020.5000   628     1248.0000      859.6167 93470820   31.12%
 228668 184170      924.9020   631     1248.0000      859.6167 93582211   31.12%
 228700 184202      931.8917   665     1248.0000      859.6167 93605783   31.12%
 236336 191150      927.6896   639     1248.0000      860.4474 95807428   31.05%
                                                      Cuts: 2                  
 236400 191214      925.6667   548     1248.0000      860.4474 95893355   31.05%
Elapsed time = 4079.36 sec. (1206556.41 ticks, tree = 971.87 MB, solutions = 108)
Nodefile size = 843.18 MB (247.64 MB after compression)
 236464 191278      950.0000   616     1248.0000      860.4474 95948091   31.05%
 236560 191370     1018.0000   553     1248.0000      860.4474 96014381   31.05%
 238120 192789      967.0000   570     1248.0000      860.4474 96543966   31.05%
 243358 197499      921.3889   626     1248.0000      861.6875 98201403   30.95%
                                                      Cuts: 2                  
 243392 197530      935.4545   634     1248.0000      861.6875 98267376   30.95%
 243456 197590      946.7692   631     1248.0000      861.6875 98344260   30.95%
 243520 197654      973.1458   624     1248.0000      861.6875 98401066   30.95%
 243565 197699     1019.7500   367     1248.0000      861.6875 98442328   30.95%
 247866 201643      880.0068   663     1248.0000      861.6875 99799706   30.95%
 251094 204578      917.5000   592     1248.0000      862.4284 1.01e+08   30.90%
                                                      Cuts: 6                  
Elapsed time = 4254.06 sec. (1254187.07 ticks, tree = 1014.25 MB, solutions = 108)
Nodefile size = 885.64 MB (262.31 MB after compression)
 251126 204609      951.2778   649     1248.0000      862.4284 1.01e+08   30.90%
 251226 204707      995.0313   631     1248.0000      862.4284 1.01e+08   30.90%
 251322 204799     1032.5000   406     1248.0000      862.4284 1.01e+08   30.90%
 254559 207739      998.4167   510     1248.0000      862.4284 1.02e+08   30.90%
 259733 212394      934.6065   640     1248.0000      863.2500 1.03e+08   30.83%
                                                  ZeroHalf: 3                  
 259774 212435      951.6026   637     1248.0000      863.2500 1.03e+08   30.83%
 259829 212490      971.0721   604     1248.0000      863.2500 1.04e+08   30.83%
 259861 212522      975.4444   546     1248.0000      863.2500 1.04e+08   30.83%
 259917 212576      928.0663   656     1248.0000      863.2500 1.04e+08   30.83%
 261308 213823      978.0238   610     1248.0000      863.2500 1.05e+08   30.83%
Elapsed time = 4447.65 sec. (1305779.08 ticks, tree = 1157.46 MB, solutions = 108)
Nodefile size = 1028.71 MB (294.88 MB after compression)
 261368 213883      936.4167   654     1248.0000      863.2500 1.05e+08   30.83%
 261400 213915      955.5714   660     1248.0000      863.2500 1.05e+08   30.83%
 261464 213979      967.6944   638     1248.0000      863.2500 1.05e+08   30.83%
 262898 215310      948.9667   602     1248.0000      863.2500 1.05e+08   30.83%
*264537+216783                         1235.0000      863.2500 1.06e+08   30.10%
Found incumbent of value 1235.000000 after 4520.48 sec. (1309935.28 ticks)
 268594 218354      886.0341   702     1235.0000      864.8333 1.07e+08   29.97%
 268636 218393      981.5833   605     1235.0000      864.8333 1.07e+08   29.97%
 268690 218442      914.6167   619     1235.0000      864.8333 1.07e+08   29.97%
 268722 218468      925.5769   630     1235.0000      864.8333 1.07e+08   29.97%
 268786 218530      966.5000   541     1235.0000      864.8333 1.07e+08   29.97%
 268850 218590      991.0000   463     1235.0000      864.8333 1.07e+08   29.97%
Elapsed time = 4614.70 sec. (1355451.84 ticks, tree = 1166.06 MB, solutions = 109)
Nodefile size = 1037.56 MB (297.95 MB after compression)
 275440 224538      903.3080   615     1235.0000      865.5313 1.10e+08   29.92%
 275472 224569      923.8485   665     1235.0000      865.5313 1.10e+08   29.92%
 275517 224611      957.1250   615     1235.0000      865.5313 1.10e+08   29.92%
 275568 224659      942.0000   515     1235.0000      865.5313 1.10e+08   29.92%
 275600 224691      978.6250   589     1235.0000      865.5313 1.10e+08   29.92%
 282213 230662      887.8333   543     1235.0000      865.6667 1.12e+08   29.91%
                                                  Impl Bds: 2                  
 282413 230854     1023.8000   540     1235.0000      865.6667 1.12e+08   29.91%
 282605 231028     1094.0736   595     1235.0000      865.6667 1.12e+08   29.91%
 283533 231892      898.1667   483     1235.0000      865.6667 1.12e+08   29.91%
 285303 233500     1075.0000   450     1235.0000      865.6667 1.12e+08   29.91%
Elapsed time = 4790.92 sec. (1400592.96 ticks, tree = 1484.09 MB, solutions = 109)
Nodefile size = 1340.68 MB (506.35 MB after compression)
 287213 235228     1125.9657   426     1235.0000      865.6667 1.12e+08   29.91%
 295831 243055     1023.8857   410     1235.0000      868.1250 1.14e+08   29.71%
                                                      Cuts: 6                  
 296051 243275     1024.3889   634     1235.0000      868.1250 1.14e+08   29.71%
 296179 243396     1016.7083   518     1235.0000      868.1250 1.14e+08   29.71%
 296339 243545     1027.9000   532     1235.0000      868.1250 1.14e+08   29.71%
 297007 244132      975.7500   601     1235.0000      868.1250 1.14e+08   29.71%
 298572 245531      954.0667   571     1235.0000      868.1250 1.15e+08   29.71%
 300284 247090      933.7631   646     1235.0000      868.8214 1.15e+08   29.65%
                                                      Cuts: 3                  
 300499 247293      988.4500   650     1235.0000      868.8214 1.15e+08   29.65%
 300723 247508     1111.8804   628     1235.0000      868.8214 1.16e+08   29.65%
Elapsed time = 4972.09 sec. (1449196.76 ticks, tree = 3546.49 MB, solutions = 109)
Nodefile size = 3414.30 MB (2037.53 MB after compression)
 302959 249531     1027.0000   590     1235.0000      868.8214 1.16e+08   29.65%
 309482 255434     1019.4375   558     1235.0000      868.8214 1.17e+08   29.65%
 312776 258386      928.8333   462     1235.0000      869.5000 1.17e+08   29.60%
                                                      Cuts: 3                  
 312968 258570      997.7857   518     1235.0000      869.5000 1.17e+08   29.60%
 314472 259938      921.7417   576     1235.0000      869.5000 1.18e+08   29.60%
 315400 260803     1125.5595   554     1235.0000      869.5000 1.18e+08   29.60%
 316619 261889      900.6806   603     1235.0000      869.5000 1.18e+08   29.60%
 322317 267052     1017.6667   368     1235.0000      869.5000 1.19e+08   29.60%
 324230 268780     1033.8095   332     1235.0000      871.1875 1.19e+08   29.46%
 324501 269042     1050.8333   438     1235.0000      871.1875 1.19e+08   29.46%
Elapsed time = 5185.40 sec. (1493633.99 ticks, tree = 7161.87 MB, solutions = 109)
Nodefile size = 7029.40 MB (4764.48 MB after compression)
 325141 269648      916.5000   408     1235.0000      871.1875 1.19e+08   29.46%
 326302 270653     1065.8667   531     1235.0000      871.1875 1.20e+08   29.46%
 328766 272871     1001.7083   322     1235.0000      871.1875 1.20e+08   29.46%
 335267 278712     1184.2556   317     1235.0000      871.1875 1.21e+08   29.46%
 337850 281024     1076.5667   326     1235.0000      872.2337 1.21e+08   29.37%
 338321 281473     1124.4167   502     1235.0000      872.2337 1.21e+08   29.37%
 339217 282302      973.4028   532     1235.0000      872.2337 1.21e+08   29.37%
 341935 284759     1164.3381   317     1235.0000      872.2337 1.22e+08   29.37%
 343089 285806      999.1250   371     1235.0000      872.2337 1.22e+08   29.37%
 349322 291463     1214.1504   384     1235.0000      872.2337 1.23e+08   29.37%
Elapsed time = 5335.27 sec. (1536468.26 ticks, tree = 9287.64 MB, solutions = 109)
Nodefile size = 9069.84 MB (6299.81 MB after compression)
 351276 293256     1062.2143   289     1235.0000      873.8125 1.23e+08   29.25%
                                                  ZeroHalf: 1                  
 351504 293480     1017.5942   621     1235.0000      873.8125 1.23e+08   29.25%
 351760 293729     1123.9000   596     1235.0000      873.8125 1.23e+08   29.25%
 354160 295882     1177.6667   188     1235.0000      873.8125 1.24e+08   29.25%
 362034 303005      916.1905   586     1235.0000      873.8125 1.25e+08   29.25%
 363255 304118     1042.8000   474     1235.0000      874.7143 1.25e+08   29.17%
 363679 304500     1039.1667   524     1235.0000      874.7143 1.25e+08   29.17%
 363839 304656     1056.5000   480     1235.0000      874.7143 1.25e+08   29.17%
 365663 306328      956.8750   445     1235.0000      874.7143 1.25e+08   29.17%
 369727 310009      905.0000   246     1235.0000      874.7143 1.26e+08   29.17%
Elapsed time = 5531.10 sec. (1583480.49 ticks, tree = 13076.95 MB, solutions = 109)
Nodefile size = 12911.65 MB (9183.17 MB after compression)
 373666 313566     1046.7000   260     1235.0000      874.7143 1.26e+08   29.17%
 377374 316896     1206.3965   372     1235.0000      875.8750 1.27e+08   29.08%
 377603 317112     1025.7857   586     1235.0000      875.8750 1.27e+08   29.08%
 377667 317174     1010.0000   565     1235.0000      875.8750 1.27e+08   29.08%
 377779 317284     1001.5000   562     1235.0000      875.8750 1.27e+08   29.08%
 379338 318724      903.9375   463     1235.0000      875.8750 1.28e+08   29.08%
 381255 320452      996.1429   531     1235.0000      875.9730 1.28e+08   29.07%
                                                      Cuts: 3                  
 381383 320573     1020.4444   535     1235.0000      875.9730 1.28e+08   29.07%
 381567 320750     1022.1538   631     1235.0000      875.9730 1.28e+08   29.07%
 381759 320936     1032.1429   557     1235.0000      875.9730 1.28e+08   29.07%
Elapsed time = 5696.34 sec. (1626937.50 ticks, tree = 15183.76 MB, solutions = 109)
Nodefile size = 15046.60 MB (10772.89 MB after compression)
 384031 322976      971.2273   373     1235.0000      875.9730 1.29e+08   29.07%
 389185 327637      899.0000   684     1235.0000      875.9730 1.29e+08   29.07%
 392004 330178     1159.8333   570     1235.0000      877.0000 1.30e+08   28.99%
 392273 330429     1081.6000   601     1235.0000      877.0000 1.30e+08   28.99%
 394339 332329     1008.8750   504     1235.0000      877.0000 1.30e+08   28.99%
 395414 333301     1017.4231   360     1235.0000      877.0000 1.30e+08   28.99%
 398135 335781      908.4250   566     1235.0000      877.0000 1.31e+08   28.99%
 406309 343151     1016.1061   322     1235.0000      877.9167 1.32e+08   28.91%
 407214 344006      989.5000   499     1235.0000      877.9167 1.32e+08   28.91%
 408174 344865     1147.6929   458     1235.0000      877.9167 1.32e+08   28.91%
Elapsed time = 5898.43 sec. (1671870.73 ticks, tree = 18973.67 MB, solutions = 109)
Nodefile size = 18829.02 MB (13613.07 MB after compression)
 410721 347169     1100.0000   446     1235.0000      877.9167 1.32e+08   28.91%
 416540 352436      911.6500   590     1235.0000      877.9167 1.33e+08   28.91%
 416987 352835      898.3718   573     1235.0000      877.9167 1.33e+08   28.91%
 419211 354834      904.5513   566     1235.0000      879.0333 1.34e+08   28.82%
                                                  ZeroHalf: 1                  
 419553 355162      969.1667   448     1235.0000      879.0333 1.34e+08   28.82%
 419937 355529     1055.7500   371     1235.0000      879.0333 1.34e+08   28.82%
 422657 357993     1083.9000   235     1235.0000      879.0333 1.34e+08   28.82%
 423659 358889     1021.2500   587     1235.0000      879.0333 1.34e+08   28.82%
 430261 364852      932.8333   275     1235.0000      879.7333 1.35e+08   28.77%
                                                      Cuts: 4                  
 430522 365096     1072.3444   583     1235.0000      879.7333 1.35e+08   28.77%
Elapsed time = 6074.89 sec. (1715948.55 ticks, tree = 22583.77 MB, solutions = 109)
Nodefile size = 22446.44 MB (16317.01 MB after compression)
 431483 365993      907.2083   392     1235.0000      879.7333 1.35e+08   28.77%
 432728 367099     1004.2619   518     1235.0000      879.7333 1.36e+08   28.77%
 437510 371418      890.1821   416     1235.0000      879.7333 1.36e+08   28.77%
 442734 376109      935.2000   381     1235.0000      880.3333 1.37e+08   28.72%
                                                      Cuts: 6                  
 443069 376434     1180.8827   588     1235.0000      880.3333 1.37e+08   28.72%
 445629 378750     1059.8214   225     1235.0000      880.3333 1.37e+08   28.72%
 446971 379968     1003.4556   556     1235.0000      880.3333 1.38e+08   28.72%
 453154 385555     1090.1667   376     1235.0000      880.3333 1.38e+08   28.72%
 455572 387754     1002.9576   341     1235.0000      881.3750 1.39e+08   28.63%
 456250 388381     1100.5000   376     1235.0000      881.3750 1.39e+08   28.63%
Elapsed time = 6277.08 sec. (1762249.02 ticks, tree = 26407.47 MB, solutions = 109)
Nodefile size = 26264.97 MB (19171.03 MB after compression)
 456986 389036      963.1667   559     1235.0000      881.3750 1.39e+08   28.63%
 457722 389708     1158.3956   352     1235.0000      881.3750 1.39e+08   28.63%
 460595 392298     1121.9762   263     1235.0000      881.3750 1.39e+08   28.63%
 465747 396960     1005.1667   412     1235.0000      882.0185 1.40e+08   28.58%
 466028 397239     1012.2500   499     1235.0000      882.0185 1.40e+08   28.58%
 466220 397417     1075.6667   453     1235.0000      882.0185 1.40e+08   28.58%
 470188 400994     1115.2833   265     1235.0000      882.0185 1.41e+08   28.58%
 474467 404868      904.0000   589     1235.0000      882.0185 1.41e+08   28.58%
 478923 408908     1072.2311   288     1235.0000      882.9722 1.42e+08   28.50%
                                                  ZeroHalf: 1                  
 479095 409058      999.1667   597     1235.0000      882.9722 1.42e+08   28.50%
Elapsed time = 6441.39 sec. (1808460.75 ticks, tree = 29934.05 MB, solutions = 109)
Nodefile size = 29794.52 MB (21819.86 MB after compression)
 479191 409140     1060.6833   637     1235.0000      882.9722 1.42e+08   28.50%
 479255 409196     1095.9333   621     1235.0000      882.9722 1.42e+08   28.50%
 483279 412848      916.1667   571     1235.0000      882.9722 1.43e+08   28.50%
 483602 413129      962.5833   544     1235.0000      883.1226 1.43e+08   28.49%
 483724 413227     1035.7633   603     1235.0000      883.1226 1.43e+08   28.49%
 484114 413609     1113.3070   498     1235.0000      883.1226 1.43e+08   28.49%
 486546 415777      905.6667   420     1235.0000      883.1226 1.44e+08   28.49%
 488154 417210      919.1875   602     1235.0000      883.1226 1.44e+08   28.49%
 493838 422354     1024.7500   490     1235.0000      883.8889 1.45e+08   28.43%
 494112 422616     1049.3889   547     1235.0000      883.8889 1.45e+08   28.43%
Elapsed time = 6612.69 sec. (1849016.73 ticks, tree = 31478.02 MB, solutions = 109)
Nodefile size = 31338.05 MB (22968.90 MB after compression)
 495194 423597     1178.5000   533     1235.0000      883.8889 1.45e+08   28.43%
 496122 424444      944.5000   516     1235.0000      883.8889 1.45e+08   28.43%
 505640 433044     1066.1667   350     1235.0000      883.8889 1.46e+08   28.43%
 505867 433239     1156.9190   351     1235.0000      884.3077 1.46e+08   28.40%
 506652 433978     1057.1970   421     1235.0000      884.3077 1.47e+08   28.40%
 509398 436475     1174.8714   158     1235.0000      884.3077 1.47e+08   28.40%
 510934 437869      922.4755   669     1235.0000      884.3077 1.47e+08   28.40%
 514422 441005     1200.2859   284     1235.0000      884.3077 1.48e+08   28.40%
 517343 443586        cutoff           1235.0000      885.1935 1.48e+08   28.32%
 517642 443883     1029.3786   578     1235.0000      885.1935 1.48e+08   28.32%
Elapsed time = 6786.76 sec. (1892488.15 ticks, tree = 35045.77 MB, solutions = 109)
Nodefile size = 34905.36 MB (25646.28 MB after compression)
 519818 445852     1141.5750   304     1235.0000      885.1935 1.48e+08   28.32%
 520485 446466     1099.8333   420     1235.0000      885.1935 1.49e+08   28.32%
 525765 451262     1045.3333   210     1235.0000      885.1935 1.49e+08   28.32%
 527236 452578      930.1667   338     1235.0000      885.6667 1.50e+08   28.29%
 527573 452896     1033.0000   417     1235.0000      885.6667 1.50e+08   28.29%
 528479 453733     1227.6250   302     1235.0000      885.6667 1.50e+08   28.29%
 528799 454017      959.2500   558     1235.0000      885.6667 1.50e+08   28.29%
 534851 459475     1153.2667   414     1235.0000      885.6667 1.51e+08   28.29%
 539397 463540      945.1667   334     1235.0000      886.0521 1.51e+08   28.25%
 539757 463890     1200.9000   544     1235.0000      886.0521 1.51e+08   28.25%
Elapsed time = 6969.36 sec. (1934840.73 ticks, tree = 38382.63 MB, solutions = 109)
Nodefile size = 38238.61 MB (28135.15 MB after compression)
 542573 466409     1045.0000   285     1235.0000      886.0521 1.52e+08   28.25%
 545355 468933      919.9713   630     1235.0000      886.0521 1.52e+08   28.25%
 549308 472514      922.8276   421     1235.0000      886.0521 1.52e+08   28.25%
 551062 474085     1141.1212   339     1235.0000      886.7500 1.53e+08   28.20%
 551226 474234      993.3333   540     1235.0000      886.7500 1.53e+08   28.20%
 551322 474313     1009.0000   514     1235.0000      886.7500 1.53e+08   28.20%
 551418 474407     1047.8750   526     1235.0000      886.7500 1.53e+08   28.20%
 552198 475130      984.8000   558     1235.0000      886.7500 1.53e+08   28.20%
 555510 478130      968.1500   610     1235.0000      886.8125 1.54e+08   28.19%
 555670 478285     1037.3750   520     1235.0000      886.8125 1.54e+08   28.19%
Elapsed time = 7137.38 sec. (1979139.40 ticks, tree = 40155.33 MB, solutions = 109)
Nodefile size = 40011.41 MB (29463.07 MB after compression)
 556470 479020     1202.7083   326     1235.0000      886.8125 1.54e+08   28.19%
 557729 480127     1128.5607   374     1235.0000      886.8125 1.54e+08   28.19%
 565203 486841     1051.4683   284     1235.0000      887.4688 1.55e+08   28.14%
                                                  ZeroHalf: 1                  
 565374 487004     1009.4615   621     1235.0000      887.4688 1.56e+08   28.14%
 567153 488649     1167.7917   314     1235.0000      887.4688 1.56e+08   28.14%
 567749 489170     1047.2982   528     1235.0000      887.4688 1.56e+08   28.14%
 575990 496545     1153.5843   370     1235.0000      887.4688 1.57e+08   28.14%
 576141 496678      933.0125   444     1235.0000      888.0174 1.57e+08   28.10%
 576424 496948     1009.3528   604     1235.0000      888.0174 1.57e+08   28.10%
 577046 497535     1073.3704   597     1235.0000      888.0174 1.57e+08   28.10%
Elapsed time = 7316.99 sec. (2021635.57 ticks, tree = 43261.37 MB, solutions = 109)
Nodefile size = 43116.21 MB (31787.94 MB after compression)
 577526 497963     1152.1726   492     1235.0000      888.0174 1.57e+08   28.10%
 586308 505886     1178.0556   253     1235.0000      888.0174 1.58e+08   28.10%
 586645 506199      922.0568   342     1235.0000      888.4392 1.59e+08   28.06%
 586874 506421     1060.3333   493     1235.0000      888.4392 1.59e+08   28.06%
 588698 508064      921.9500   434     1235.0000      888.4392 1.59e+08   28.06%
 591578 510669      949.0167   559     1235.0000      888.4392 1.59e+08   28.06%
 596680 515179      922.5833   460     1235.0000      888.4392 1.60e+08   28.06%
 598430 516732      952.5000   298     1235.0000      889.0833 1.60e+08   28.01%
 598580 516874     1001.7917   602     1235.0000      889.0833 1.60e+08   28.01%
 598772 517062     1046.5110   673     1235.0000      889.0833 1.60e+08   28.01%
Elapsed time = 7463.77 sec. (2061953.03 ticks, tree = 46608.63 MB, solutions = 109)
Nodefile size = 46464.64 MB (34286.43 MB after compression)
 598964 517254     1105.4792   410     1235.0000      889.0833 1.60e+08   28.01%
 606341 523936     1169.5000   265     1235.0000      889.0833 1.61e+08   28.01%
 606982 524520      985.5000   567     1235.0000      889.3400 1.61e+08   27.99%
 607142 524680     1058.4167   595     1235.0000      889.3400 1.61e+08   27.99%
 608722 526103      967.1369   559     1235.0000      889.3400 1.62e+08   27.99%
 614030 530912     1125.0000   245     1235.0000      889.3400 1.62e+08   27.99%
 618293 534695     1059.5227   311     1235.0000      889.8750 1.63e+08   27.95%
                                                  Impl Bds: 1                  
 618500 534890     1012.8333   548     1235.0000      889.8750 1.63e+08   27.95%
 619077 535449     1096.9619   587     1235.0000      889.8750 1.63e+08   27.95%
 622724 538724     1057.6111   361     1235.0000      889.8750 1.63e+08   27.95%
Elapsed time = 7655.97 sec. (2105260.96 ticks, tree = 49595.91 MB, solutions = 109)
Nodefile size = 49431.15 MB (36527.88 MB after compression)
*627638+543146                         1229.0000      889.8750 1.64e+08   27.59%
Found incumbent of value 1229.000000 after 7658.56 sec. (2098858.17 ticks)
 628344 543798      924.5833   367     1229.0000      889.8750 1.64e+08   27.59%
 630682 543790     1107.5000   246     1229.0000      890.3636 1.64e+08   27.55%
                                                      Cuts: 2                  
 631008 544091     1025.0833   494     1229.0000      890.3636 1.64e+08   27.55%
 631402 544455     1120.7500   641     1229.0000      890.3636 1.65e+08   27.55%
 637676 550091     1084.6000   546     1229.0000      890.3636 1.65e+08   27.55%
 639303 551520      952.5067   541     1229.0000      890.7500 1.66e+08   27.52%
 640449 552572     1122.3750   371     1229.0000      890.7500 1.66e+08   27.52%
 640945 553010     1039.2500   526     1229.0000      890.7500 1.66e+08   27.52%
 641233 553285     1036.1333   264     1229.0000      890.7500 1.66e+08   27.52%
 650362 561418     1103.8187   477     1229.0000      891.1456 1.67e+08   27.49%
Elapsed time = 7839.29 sec. (2152589.72 ticks, tree = 54134.80 MB, solutions = 110)
Nodefile size = 53990.93 MB (39921.30 MB after compression)
 650714 561754     1152.5486   363     1229.0000      891.1456 1.67e+08   27.49%
 651045 562069     1060.7487   573     1229.0000      891.1456 1.67e+08   27.49%
 651237 562235     1213.7487   488     1229.0000      891.1456 1.68e+08   27.49%
 652737 563573      965.1875   565     1229.0000      891.1456 1.68e+08   27.49%
 654359 565008      968.8929   563     1229.0000      891.4255 1.68e+08   27.47%
 654539 565182     1139.3667   503     1229.0000      891.4255 1.69e+08   27.47%
 654763 565394      936.1667   459     1229.0000      891.4255 1.69e+08   27.47%
 656134 566638     1126.2292   578     1229.0000      891.4255 1.69e+08   27.47%
 662908 572692      962.6364   618     1229.0000      891.8333 1.70e+08   27.43%
 663040 572824      993.8447   598     1229.0000      891.8333 1.70e+08   27.43%
Elapsed time = 8001.79 sec. (2194859.95 ticks, tree = 55391.89 MB, solutions = 110)
Nodefile size = 55248.19 MB (40851.33 MB after compression)
 663407 573186     1114.5833   593     1229.0000      891.8333 1.70e+08   27.43%
 665916 575430     1005.4333   564     1229.0000      891.8333 1.70e+08   27.43%
 674088 582775     1139.3627   361     1229.0000      892.3073 1.71e+08   27.40%
                                                  ZeroHalf: 1                  
 675552 584105     1092.8167   567     1229.0000      892.3073 1.71e+08   27.40%
 676132 584637     1047.2179   405     1229.0000      892.3073 1.71e+08   27.40%
 681129 589103      959.2914   628     1229.0000      892.3073 1.72e+08   27.40%
*682759+590536                         1218.0000      892.3073 1.72e+08   26.74%
Found incumbent of value 1218.000000 after 8123.43 sec. (2215539.07 ticks)
 685109 578377      949.1875   549     1218.0000      892.6667 1.73e+08   26.71%
 685269 578529     1033.9330   613     1218.0000      892.6667 1.73e+08   26.71%
 686037 579266     1214.4500   206     1218.0000      892.6667 1.73e+08   26.71%
 686229 579438      964.6750   553     1218.0000      892.6667 1.73e+08   26.71%
Elapsed time = 8174.13 sec. (2243797.38 ticks, tree = 56705.25 MB, solutions = 111)
Nodefile size = 56554.40 MB (41756.74 MB after compression)
 694465 586792     1012.5000   365     1218.0000      893.1500 1.74e+08   26.67%
 696871 588944      945.5000   538     1218.0000      893.1500 1.74e+08   26.67%
 698247 590208        cutoff           1218.0000      893.1500 1.74e+08   26.67%
 700339 592078     1083.7955   503     1218.0000      893.1500 1.75e+08   26.67%
 705782 596880     1075.0000   252     1218.0000      893.6667 1.75e+08   26.63%
                                                  Impl Bds: 1                  
 706144 597216     1041.4167   494     1218.0000      893.6667 1.76e+08   26.63%
 706551 597595     1079.1544   356     1218.0000      893.6667 1.76e+08   26.63%
 711423 601943      914.6800   635     1218.0000      893.6667 1.76e+08   26.63%
 717074 606927     1090.0667   222     1218.0000      894.0487 1.77e+08   26.60%
                                                  Impl Bds: 1                  
 717415 607251     1006.4167   620     1218.0000      894.0487 1.77e+08   26.60%
Elapsed time = 8419.88 sec. (2290977.71 ticks, tree = 61391.53 MB, solutions = 111)
Nodefile size = 61246.60 MB (45239.97 MB after compression)
 717671 607503     1101.7500   513     1218.0000      894.0487 1.77e+08   26.60%
 719997 609575     1118.2549   312     1218.0000      894.0487 1.77e+08   26.60%
 725068 614092      995.2946   628     1218.0000      894.2883 1.78e+08   26.58%
                                                  Impl Bds: 1                  
 725420 614429     1077.7000   545     1218.0000      894.2883 1.78e+08   26.58%
 728954 617605     1031.9167   526     1218.0000      894.2883 1.79e+08   26.58%
 732119 620455     1200.3242   307     1218.0000      894.2883 1.79e+08   26.58%
 736050 623893      963.0000   334     1218.0000      894.8333 1.80e+08   26.53%
 736179 624018     1163.4563   561     1218.0000      894.8333 1.80e+08   26.53%
 736531 624346     1200.6667   386     1218.0000      894.8333 1.80e+08   26.53%
 738488 626081      947.2321   568     1218.0000      894.8333 1.81e+08   26.53%
Elapsed time = 8597.97 sec. (2338586.40 ticks, tree = 64182.80 MB, solutions = 111)
Nodefile size = 64039.70 MB (47329.39 MB after compression)
 739709 627149      953.6540   544     1218.0000      894.8333 1.81e+08   26.53%
 739901 627327      995.0000   421     1218.0000      894.8333 1.81e+08   26.53%
 740541 627921     1102.3917   447     1218.0000      894.8333 1.81e+08   26.53%
 742766 629881      993.7704   478     1218.0000      894.8333 1.81e+08   26.53%
 748392 634862      979.7500   278     1218.0000      895.3042 1.82e+08   26.49%
 749237 635664     1180.2333   464     1218.0000      895.3042 1.82e+08   26.49%
 750056 636388     1005.6429   603     1218.0000      895.3042 1.82e+08   26.49%
 750285 636587     1184.9615   604     1218.0000      895.3042 1.82e+08   26.49%
 758093 643479      913.7500   342     1218.0000      895.5000 1.84e+08   26.48%
 758324 643696      991.4290   641     1218.0000      895.5000 1.84e+08   26.48%
Elapsed time = 8787.02 sec. (2382256.76 ticks, tree = 66898.46 MB, solutions = 111)
Nodefile size = 66752.01 MB (49344.57 MB after compression)
 758484 643843     1058.1667   636     1218.0000      895.5000 1.84e+08   26.48%
 763543 648368      972.6000   648     1218.0000      895.5000 1.84e+08   26.48%
 767012 651396      954.9500   623     1218.0000      895.6667 1.85e+08   26.46%
 767172 651543     1004.5000   611     1218.0000      895.6667 1.85e+08   26.46%
 767332 651694     1042.6273   551     1218.0000      895.6667 1.85e+08   26.46%
 768164 652457     1175.3770   396     1218.0000      895.6667 1.85e+08   26.46%
 775855 659274     1213.5184   290     1218.0000      896.3333 1.86e+08   26.41%
 776429 659812     1088.1500   466     1218.0000      896.3333 1.86e+08   26.41%
 776557 659934     1069.5000   452     1218.0000      896.3333 1.86e+08   26.41%
 782965 665664      983.5068   631     1218.0000      896.3333 1.87e+08   26.41%
Elapsed time = 8958.81 sec. (2427831.81 ticks, tree = 69567.02 MB, solutions = 111)
Nodefile size = 69355.37 MB (51278.62 MB after compression)
 786755 668958     1005.0000   420     1218.0000      896.6331 1.88e+08   26.38%
                                                  ZeroHalf: 1                  
 786888 669084      954.2178   541     1218.0000      896.6331 1.88e+08   26.38%
 788936 670927     1157.9048   273     1218.0000      896.6331 1.88e+08   26.38%
 792883 674448      999.3333   416     1218.0000      896.6331 1.88e+08   26.38%
 796011 677191     1096.8667   236     1218.0000      897.1500 1.89e+08   26.34%
                                                  Impl Bds: 1                  
 797144 678229      961.0714   574     1218.0000      897.1500 1.89e+08   26.34%
 797432 678497     1114.7807   594     1218.0000      897.1500 1.89e+08   26.34%
 797849 678869     1002.5167   541     1218.0000      897.1500 1.89e+08   26.34%
 804143 684488     1139.3413   262     1218.0000      897.4167 1.90e+08   26.32%
                                                  Impl Bds: 1                  
 804458 684774     1012.0556   499     1218.0000      897.4167 1.90e+08   26.32%
Elapsed time = 9155.95 sec. (2472816.13 ticks, tree = 73672.73 MB, solutions = 111)
Nodefile size = 73529.12 MB (54389.62 MB after compression)
 805230 685445     1197.8750   521     1218.0000      897.4167 1.90e+08   26.32%
 807759 687709     1008.0000   549     1218.0000      897.4167 1.91e+08   26.32%
 814146 693361     1149.0000   531     1218.0000      897.7500 1.91e+08   26.29%
                                                  Impl Bds: 2                  
 814557 693760     1133.0833   486     1218.0000      897.7500 1.92e+08   26.29%
 815901 694964     1080.5362   243     1218.0000      897.7500 1.92e+08   26.29%
 818261 697076      943.3587   603     1218.0000      897.7500 1.92e+08   26.29%
 823085 701345     1153.2538   234     1218.0000      898.0891 1.93e+08   26.27%
                                                    Covers: 1                  
 824127 702299     1184.3179   537     1218.0000      898.0891 1.93e+08   26.27%
 825687 703702      971.4583   565     1218.0000      898.0891 1.93e+08   26.27%
 827319 705183     1022.9800   483     1218.0000      898.0891 1.93e+08   26.27%
Elapsed time = 9323.22 sec. (2516944.32 ticks, tree = 76471.06 MB, solutions = 111)
Nodefile size = 76308.70 MB (56473.68 MB after compression)
 833730 710892      939.0109   444     1218.0000      898.3333 1.94e+08   26.25%
                                                  ZeroHalf: 1                  
 834087 711230     1160.9333   400     1218.0000      898.3333 1.94e+08   26.25%
 834375 711486     1175.7667   405     1218.0000      898.3333 1.94e+08   26.25%
 835680 712674     1031.5000   589     1218.0000      898.3333 1.95e+08   26.25%
 837774 714516     1029.3478   588     1218.0000      898.4282 1.95e+08   26.24%
 837971 714702     1076.9167   511     1218.0000      898.4282 1.95e+08   26.24%
 838931 715574      939.0500   454     1218.0000      898.4282 1.96e+08   26.24%
 846250 722035     1206.1833   259     1218.0000      898.7833 1.96e+08   26.21%
 846587 722345     1087.2857   584     1218.0000      898.7833 1.97e+08   26.21%
 849147 724620      916.3333   364     1218.0000      898.7833 1.97e+08   26.21%
Elapsed time = 9526.64 sec. (2564632.65 ticks, tree = 79299.96 MB, solutions = 111)
Nodefile size = 79144.09 MB (58579.62 MB after compression)
 850747 726066      947.3750   453     1218.0000      898.7833 1.97e+08   26.21%
 856521 731159     1068.0000   170     1218.0000      899.1250 1.98e+08   26.18%
 856863 731487     1012.8333   440     1218.0000      899.1250 1.98e+08   26.18%
 858328 732784     1013.1000   389     1218.0000      899.1250 1.98e+08   26.18%
 859736 734040      937.9764   669     1218.0000      899.1250 1.98e+08   26.18%
 865002 738716      938.6500   316     1218.0000      899.4722 1.99e+08   26.15%
                                                  Impl Bds: 2                  
 865239 738932     1067.5152   498     1218.0000      899.4722 1.99e+08   26.15%
 866871 740388      948.6034   509     1218.0000      899.4722 1.99e+08   26.15%
 870626 743733      904.1667   295     1218.0000      899.4722 2.00e+08   26.15%
 874442 747095     1209.6538   283     1218.0000      899.6667 2.00e+08   26.14%
                                                      Cuts: 7                  
Elapsed time = 9695.30 sec. (2610109.91 ticks, tree = 83426.81 MB, solutions = 111)
Nodefile size = 83284.45 MB (61669.05 MB after compression)
 874726 747367     1054.5000   516     1218.0000      899.6667 2.01e+08   26.14%
 875854 748362      939.0000   580     1218.0000      899.6667 2.01e+08   26.14%
 881117 753052     1009.5000   256     1218.0000      899.6667 2.01e+08   26.14%
 883233 754892     1092.6833   437     1218.0000      899.8958 2.02e+08   26.12%
                                                    Covers: 1                  
 883966 755556     1183.3286   269     1218.0000      899.8958 2.02e+08   26.12%
 884304 755845     1002.4727   588     1218.0000      899.8958 2.02e+08   26.12%
 885847 757238     1096.5000   316     1218.0000      899.8958 2.02e+08   26.12%
 886505 757810     1063.4643   341     1218.0000      899.8958 2.02e+08   26.12%
 889327 760322     1054.3577   320     1218.0000      900.0577 2.03e+08   26.10%
 889735 760701     1149.5176   269     1218.0000      900.0577 2.03e+08   26.10%
Elapsed time = 9946.61 sec. (2728485.36 ticks, tree = 85590.15 MB, solutions = 111)
Nodefile size = 85447.48 MB (63289.31 MB after compression)
 892288 762973     1114.1667   311     1218.0000      900.0577 2.03e+08   26.10%
 897109 767231     1074.5000   605     1218.0000      900.3333 2.04e+08   26.08%
 897128 767250     1101.1667   267     1218.0000      900.3333 2.04e+08   26.08%
 897675 767749     1176.7745   284     1218.0000      900.3333 2.04e+08   26.08%
 897869 767923     1130.2056   320     1218.0000      900.3333 2.04e+08   26.08%
 898213 768235     1052.6006   423     1218.0000      900.3333 2.04e+08   26.08%
 902532 772081     1062.3000   374     1218.0000      900.5000 2.04e+08   26.07%
 902904 772427     1030.4492   290     1218.0000      900.5000 2.04e+08   26.07%
 903077 772591     1098.5667   458     1218.0000      900.5000 2.04e+08   26.07%
 907862 776855      970.0833   550     1218.0000      900.6333 2.05e+08   26.06%
Elapsed time = 10282.55 sec. (2916052.17 ticks, tree = 88307.00 MB, solutions = 111)
Nodefile size = 88167.61 MB (65308.41 MB after compression)
 907875 776866     1026.9697   366     1218.0000      900.6333 2.05e+08   26.06%
 908512 777458     1027.5833   245     1218.0000      900.6333 2.05e+08   26.06%
 914153 782511      966.6667   491     1218.0000      900.6429 2.06e+08   26.06%
 914372 782716      982.7500   248     1218.0000      900.6429 2.06e+08   26.06%
 915212 783466      959.9167   380     1218.0000      900.6429 2.06e+08   26.06%
 916624 784720      950.0833   292     1218.0000      900.6429 2.06e+08   26.06%
 918925 786765      998.0833   528     1218.0000      900.9091 2.06e+08   26.03%
 919213 787041     1032.7077   566     1218.0000      900.9091 2.06e+08   26.03%
 919982 787746     1020.2879   327     1218.0000      900.9091 2.07e+08   26.03%
 920069 787815      955.9000   408     1218.0000      900.9091 2.07e+08   26.03%
Elapsed time = 10637.18 sec. (3136692.99 ticks, tree = 89961.75 MB, solutions = 111)
Nodefile size = 89806.23 MB (66530.33 MB after compression)
 924030 791322      946.0152   568     1218.0000      901.1429 2.07e+08   26.01%
 924068 791360     1114.5333   276     1218.0000      901.1429 2.07e+08   26.01%
 924220 791500     1043.3333   225     1218.0000      901.1429 2.07e+08   26.01%
 924991 792194      997.7333   253     1218.0000      901.1429 2.07e+08   26.01%
*927241+794150                         1217.0000      901.1429 2.08e+08   25.95%
Found incumbent of value 1217.000000 after 10721.33 sec. (3145770.56 ticks)
 930441 794978     1007.0667   578     1217.0000      901.1667 2.08e+08   25.95%
                                                  Impl Bds: 2                  
 930969 795465     1192.5333   320     1217.0000      901.1667 2.08e+08   25.95%
*933723+797915                         1215.0000      901.1667 2.09e+08   25.83%
Found incumbent of value 1215.000000 after 10800.01 sec. (3190289.27 ticks)
*933723+797915                         1213.0000      901.1667 2.09e+08   25.71%
Found incumbent of value 1213.000000 after 10800.01 sec. (3190315.96 ticks)

Clique cuts applied:  7
Cover cuts applied:  9
Implied bound cuts applied:  103
Mixed integer rounding cuts applied:  1
Zero-half cuts applied:  205
Gomory fractional cuts applied:  11

Root node processing (before b&c):
  Real time             =    6.93 sec. (3737.40 ticks)
Parallel b&c, 32 threads:
  Real time             = 10814.49 sec. (3221211.56 ticks)
  Sync time (average)   =    0.47 sec.
  Wait time (average)   =    0.00 sec.
                          ------------
Total (root+branch&cut) = 10821.42 sec. (3224948.96 ticks)


Solution status: Feasible
Execution time: 10821.9 sec
Gap: 0.25686
