Mon Jul 16 00:04:20 2018

Tried aggregator 2 times.
MIP Presolve eliminated 18232 rows and 145 columns.
Aggregator did 552 substitutions.
Reduced MIP has 17462 rows, 5648 columns, and 66064 nonzeros.
Reduced MIP has 5648 binaries, 0 generals, 0 SOSs, and 0 indicators.
Presolve time = 0.14 sec. (96.83 ticks)
Probing time = 0.01 sec. (3.54 ticks)
Tried aggregator 1 time.
Presolve time = 0.04 sec. (30.25 ticks)
Probing time = 0.01 sec. (3.54 ticks)
Clique table members: 28000.
MIP emphasis: balance optimality and feasibility.
MIP search method: dynamic search.
Parallel mode: deterministic, using up to 32 threads.
Root relaxation solution time = 1.69 sec. (697.28 ticks)

        Nodes                                         Cuts/
   Node  Left     Objective  IInf  Best Integer    Best Bound    ItCnt     Gap

      0     0      680.0000   682                    680.0000     2435         
      0     0      688.9388   620                    Cuts: 29    12767         
      0     0      721.4162   705                    Cuts: 51    17908         
      0     0      746.6293   701                ZeroHalf: 40    21228         
      0     0      760.4198   707                ZeroHalf: 46    27254         
      0     0      767.4173   692                    Cuts: 57    28010         
      0     0      779.8369   701                    Cuts: 38    29030         
      0     0      783.3069   714                    Cuts: 59    29535         
      0     0      785.9526   717                ZeroHalf: 38    30015         
      0     0      788.4910   716                ZeroHalf: 42    30526         
      0     0      789.3003   732                ZeroHalf: 33    30753         
      0     0      790.5895   703                ZeroHalf: 23    31099         
      0     0      791.6977   743                ZeroHalf: 30    31377         
      0     0      795.7684   743                ZeroHalf: 14    31847         
      0     0      796.2835   742                    Cuts: 30    32079         
      0     0      796.6170   739                ZeroHalf: 10    32257         
      0     0      796.8047   705                ZeroHalf: 25    32429         
      0     0      796.8521   678                ZeroHalf: 16    32528         
      0     0      796.8521   676                 ZeroHalf: 9    32588         
      0     0      798.3382   725                 ZeroHalf: 8    33158         
      0     0      798.9797   616                    Cuts: 35    33338         
      0     0      798.9949   617                ZeroHalf: 35    33452         
      0     2      798.9949   617                    798.9949    33452         
Elapsed time = 56.08 sec. (33828.15 ticks, tree = 0.01 MB, solutions = 0)
      1     3      800.8211   683                    798.9949    35055         
      2     4      813.3021   911                    798.9949    44479         
      3     5      813.7909   793                    800.9675    56782         
      4     6      817.4845   946                    800.9675    69477         
      7     9      826.9489   881                    800.9675    87793         
      9    11      844.0915   845                    800.9675   102956         
     11    13      810.1757   648                    802.9965   114384         
                                                  Impl Bds: 1                  
     12    14      861.1018   803                    802.9965   126706         
     17    19      846.5976   889                    802.9965   164644         
     19    21      853.9037   876                    802.9965   177657         
Elapsed time = 118.71 sec. (70615.66 ticks, tree = 0.01 MB, solutions = 0)
     22    24      859.4584   891                    802.9965   194665         
     23    25      872.4882   739                    802.9965   202941         
     25    27      883.1526   854                    802.9965   217008         
     26    28      816.5075   732                    809.8749   219714         
                                                     Cuts: 23                  
     27    29      843.2212   874                    809.8749   231188         
     36    38      880.0147   799                    809.8749   287247         
     48    50      915.0314   729                    809.8749   337608         
     51    53      844.3316   954                    810.1757   354713         
                                                      Cuts: 6                  
     73    75      844.3316   820                    810.1757   411589         
    110   112      951.9842   699                    810.1757   526025         
Elapsed time = 197.27 sec. (107221.36 ticks, tree = 0.01 MB, solutions = 0)
    140   142      891.0822   656                    810.1757   580797         
    144   146      883.3302   840                    810.1757   591376         
    166   168      902.2887   724                    810.1757   641099         
*  1182  1076      integral     0     1821.0000      810.1757   986564   55.51%
Found incumbent of value 1821.000000 after 197.27 sec. (113130.21 ticks)
*  1190  1078      integral     0     1820.0000      810.1757   987028   55.48%
Found incumbent of value 1820.000000 after 197.27 sec. (113130.21 ticks)
*  1242+ 1122                         1789.0000      810.1757   999922   54.71%
Found incumbent of value 1789.000000 after 197.27 sec. (102162.76 ticks)
   1781  1562     1007.3153   718     1789.0000      810.1757  1109925   54.71%
                                                     Cuts: 27                  
   1793  1572      872.8403   858     1789.0000      810.1757  1129236   54.71%
   1861  1631      937.2127   735     1789.0000      810.1757  1206325   54.71%
   1874  1644     1002.1841   704     1789.0000      810.1757  1231331   54.71%
   1889  1657      912.9796   662     1789.0000      810.1757  1259368   54.71%
Elapsed time = 254.52 sec. (129689.11 ticks, tree = 9.55 MB, solutions = 1)
   2709  2432    infeasible           1789.0000      810.1757  1794669   54.71%
*  2914  2606      integral     0     1767.0000      810.1757  1863258   54.15%
Found incumbent of value 1767.000000 after 273.64 sec. (142032.68 ticks)
   3319  2951      887.1504   860     1767.0000      810.1757  2003971   54.15%
                                                     Cuts: 27                  
   3325  2957      878.4402   906     1767.0000      810.1757  2021189   54.15%
   3357  2987      896.9678   855     1767.0000      810.1757  2054425   54.15%
   3389  3017      908.8379   841     1767.0000      810.1757  2082181   54.15%
*  3419+ 3045                         1724.0000      810.1757  2101438   53.01%
Found incumbent of value 1724.000000 after 347.56 sec. (142492.82 ticks)
   3421  3049      924.2119   875     1724.0000      810.1757  2105136   53.01%
   3453  3081      938.6917   877     1724.0000      810.1757  2126396   53.01%
   3485  3113      943.9259   888     1724.0000      810.1757  2146411   53.01%
   3549  3177      974.8383   784     1724.0000      810.1757  2184118   53.01%
Elapsed time = 368.48 sec. (164415.52 ticks, tree = 27.96 MB, solutions = 3)
*  3610  3236      integral     0     1721.0000      810.1757  2210436   52.92%
Found incumbent of value 1721.000000 after 377.00 sec. (164415.52 ticks)
*  3641  3264      integral     0     1704.0000      810.1757  2220196   52.45%
Found incumbent of value 1704.000000 after 377.00 sec. (164415.52 ticks)
   6328  5696      877.7787   882     1704.0000      810.1757  2979249   52.45%
   8540  7415      922.3130   717     1704.0000      832.6927  3511133   51.13%
                                                     Cuts: 21                  
   8549  7422      940.2794   822     1704.0000      832.6927  3523210   51.13%
   8613  7484      946.9507   735     1704.0000      832.6927  3564709   51.13%
   8645  7514      946.9507   708     1704.0000      832.6927  3578987   51.13%
   8655  7524     1535.4623   551     1704.0000      832.6927  3591633   51.13%
   8687  7556     1547.5574   571     1704.0000      832.6927  3612074   51.13%
   8719  7588     1562.2221   552     1704.0000      832.6927  3624395   51.13%
Elapsed time = 472.05 sec. (182135.23 ticks, tree = 264.44 MB, solutions = 7)
Nodefile size = 102.18 MB (77.67 MB after compression)
   8751  7620     1567.3597   618     1704.0000      832.6927  3645742   51.13%
   8783  7649        cutoff           1704.0000      832.6927  3751298   51.13%
  16393 14738      801.2917   604     1704.0000      854.0749  5896003   49.88%
  16394 14739      808.9945   813     1704.0000      854.0749  5900458   49.88%
  16395 14740      840.3717   855     1704.0000      854.0749  5912673   49.88%
  16396 14741      818.9982   941     1704.0000      854.0749  5921348   49.88%
  16397 14742      849.7948   944     1704.0000      854.0749  5933936   49.88%
  16400 14743      857.4606   876     1704.0000      854.0749  5947791   49.88%
  16402 14745      844.1108   745     1704.0000      854.0749  5952531   49.88%
                                                     Cuts: 13                  
  16405 14746      892.1946   955     1704.0000      854.0749  5969383   49.88%
Elapsed time = 696.05 sec. (307922.16 ticks, tree = 127.16 MB, solutions = 7)
  16408 14748      894.8637   874     1704.0000      854.0749  5984276   49.88%
  16410 14749      846.1974   777     1704.0000      854.0749  5990120   49.88%
  16413 14750      898.3741   839     1704.0000      854.0749  5996887   49.88%
* 16418+ 9842                         1701.0000      854.0749  6023295   49.79%
Found incumbent of value 1701.000000 after 706.01 sec. (313501.83 ticks)
  16422  9845      935.4814   626     1701.0000      854.0749  6026200   49.79%
  16423  9846      882.5549   674     1701.0000      854.0749  6027317   49.79%
  16425  9847      981.6224   574     1701.0000      854.0749  6030845   49.79%
  16426  9848      865.2888   732     1701.0000      854.0749  6032222   49.79%
* 16435+ 6582                         1670.0000      854.0749  6039173   48.86%
Found incumbent of value 1670.000000 after 715.41 sec. (318908.24 ticks)
  16438  6585      945.2352   702     1670.0000      854.0749  6047849   48.86%
  16453  6595      894.5907   873     1670.0000      854.0749  6065273   48.86%
                                                     Cuts: 12                  
  16457  6597      928.3820   872     1670.0000      854.0749  6077359   48.86%
Elapsed time = 741.17 sec. (326526.08 ticks, tree = 56.38 MB, solutions = 8)
  16484  6613      966.9017   749     1670.0000      854.0749  6144571   48.86%
  16505  6627      961.2055   831     1670.0000      854.0749  6215307   48.86%
  16752  6769      909.8566   780     1670.0000      854.0749  6507801   48.86%
  16784  6784      890.3554   930     1670.0000      854.0749  6638997   48.86%
  16790  6788      952.9741   862     1670.0000      854.0749  6664238   48.86%
  17181  7001      899.7014   902     1670.0000      854.0749  6986173   48.86%
                                                  ZeroHalf: 2                  
  17208  7019      966.9169   705     1670.0000      854.0749  7001615   48.86%
  17222  7029      998.8717   812     1670.0000      854.0749  7027717   48.86%
  17240  7037     1017.3777   773     1670.0000      854.0749  7051720   48.86%
  17330  7096     1190.0738   636     1670.0000      854.0749  7112788   48.86%
Elapsed time = 893.89 sec. (361050.57 ticks, tree = 57.14 MB, solutions = 9)
  17368  7114      994.6432   656     1670.0000      854.0749  7139314   48.86%
  17584  7242      915.7060   837     1670.0000      854.0749  7265269   48.86%
  17844  7382     1002.9525   709     1670.0000      854.0749  7382620   48.86%
  18628  7807      979.6539   786     1670.0000      854.0749  7631653   48.86%
  18637  7813     1123.5519   787     1670.0000      854.0749  7651412   48.86%
  18692  7831     1012.5913   813     1670.0000      854.0749  7704151   48.86%
  18724  7841      984.5472   798     1670.0000      854.0749  7729008   48.86%
  18756  7861     1047.3828   695     1670.0000      854.0749  7769966   48.86%
  18791  7882      967.4691   749     1670.0000      854.0749  7829451   48.86%
  18977  7988     1033.0088   728     1670.0000      854.0749  8018972   48.86%
Elapsed time = 1001.11 sec. (390759.59 ticks, tree = 97.48 MB, solutions = 9)
  20312  8715      937.7784   711     1670.0000      854.0749  8485316   48.86%
  21581  9353     1048.4257   761     1670.0000      854.0749  8805233   48.86%
  21613  9372     1032.0997   740     1670.0000      854.0749  8847609   48.86%
  21677  9404     1086.1067   768     1670.0000      854.0749  8888345   48.86%
  21741  9441     1086.5686   623     1670.0000      854.0749  8925413   48.86%
  21837  9480     1089.7737   615     1670.0000      854.0749  8960253   48.86%
  21878  9504     1097.3281   661     1670.0000      854.0749  8981486   48.86%
  21901  9509     1092.2233   605     1670.0000      854.0749  8989878   48.86%
  21965  9535     1170.4639   556     1670.0000      854.0749  9020271   48.86%
  22102  9617     1175.1429   673     1670.0000      854.0749  9096022   48.86%
Elapsed time = 1149.71 sec. (421993.79 ticks, tree = 257.58 MB, solutions = 9)
Nodefile size = 71.90 MB (52.52 MB after compression)
  27182 12227     1136.5442   751     1670.0000      854.0749 10331108   48.86%
                                                     Cuts: 19                  
  27214 12246     1118.0417   695     1670.0000      854.0749 10354491   48.86%
  27310 12302     1169.5000   577     1670.0000      854.0749 10404715   48.86%
  27406 12353     1149.0365   709     1670.0000      854.0749 10446518   48.86%
  27502 12403     1224.8895   636     1670.0000      854.0749 10478002   48.86%
  27790 12557     1187.6187   629     1670.0000      854.0749 10562542   48.86%
  28590 12948     1292.9928   480     1670.0000      854.0749 10767481   48.86%
  29782 13594     1157.3151   765     1670.0000      854.0749 11074564   48.86%
  30038 13737     1232.5000   617     1670.0000      854.0749 11127917   48.86%
  36810 19594      975.3550   784     1670.0000      854.0749 12684517   48.86%
Elapsed time = 1332.99 sec. (464831.72 ticks, tree = 801.89 MB, solutions = 9)
Nodefile size = 579.25 MB (443.43 MB after compression)
  37779 20481      986.3435   732     1670.0000      854.0749 12850834   48.86%
                                                     Cuts: 36                  
  37955 20638     1069.4795   708     1670.0000      854.0749 12954895   48.86%
  38147 20820     1135.0561   639     1670.0000      854.0749 13052581   48.86%
  38319 20986     1165.1106   771     1670.0000      854.0749 13137416   48.86%
  38415 21080     1204.3913   692     1670.0000      854.0749 13176307   48.86%
  38639 21292     1267.7308   658     1670.0000      854.0749 13254207   48.86%
  40621 23172     1064.4702   636     1670.0000      854.0749 13702588   48.86%
  43649 26039     1147.1012   593     1670.0000      854.0749 14338643   48.86%
                                                     Cuts: 13                  
  43821 26211     1132.9184   706     1670.0000      854.0749 14426473   48.86%
  44279 26667     1160.9779   584     1670.0000      854.0749 14553125   48.86%
Elapsed time = 1571.32 sec. (513223.83 ticks, tree = 3954.07 MB, solutions = 9)
Nodefile size = 3781.52 MB (2973.84 MB after compression)
  44792 27164     1028.7047   760     1670.0000      854.0749 14667566   48.86%
  44888 27259     1072.5874   750     1670.0000      854.0749 14685500   48.86%
  45144 27497     1197.3264   592     1670.0000      854.0749 14732450   48.86%
  50639 32660      992.2530   857     1670.0000      854.0749 16003969   48.86%
  51256 33218     1131.1486   561     1670.0000      854.0749 16148006   48.86%
                                                 ZeroHalf: 18                  
  51273 33235     1019.7013   754     1670.0000      854.0749 16167770   48.86%
  51305 33267     1036.9007   811     1670.0000      854.0749 16205809   48.86%
  51401 33363     1055.9147   771     1670.0000      854.0749 16290615   48.86%
  51433 33395     1067.2521   808     1670.0000      854.0749 16311012   48.86%
* 54174+36001                         1664.0000      854.0749 17020862   48.67%
Found incumbent of value 1664.000000 after 1769.38 sec. (544805.37 ticks)
  55531 37291      990.5916   788     1664.0000      854.0749 17300986   48.67%
Elapsed time = 1769.38 sec. (559585.27 ticks, tree = 5466.29 MB, solutions = 9)
Nodefile size = 5254.77 MB (4148.79 MB after compression)
  57481 39100     1011.8093   681     1664.0000      872.8085 17711854   47.55%
                                                  ZeroHalf: 3                  
  57621 39234      990.4833   804     1664.0000      872.8085 17798166   47.55%
  57717 39330      981.4695   791     1664.0000      872.8085 17852728   47.55%
  57781 39394     1014.2213   811     1664.0000      872.8085 17897888   47.55%
  61770 43160      983.7264   819     1664.0000      872.8085 18896750   47.55%
  64488 45669      970.0826   699     1664.0000      891.8428 19559462   46.40%
                                                  ZeroHalf: 1                  
  64515 45696     1013.5892   823     1664.0000      891.8428 19583545   46.40%
  64697 45869     1099.1757   711     1664.0000      891.8428 19693046   46.40%
  64825 45997     1121.2083   736     1664.0000      891.8428 19770897   46.40%
  68915 49821     1039.4397   693     1664.0000      891.8428 20806123   46.40%
Elapsed time = 2035.12 sec. (618085.99 ticks, tree = 8035.67 MB, solutions = 10)
Nodefile size = 7827.06 MB (6214.05 MB after compression)
  70424 51197     1178.8016   449     1664.0000      905.8784 21149724   45.56%
                                                  ZeroHalf: 4                  
* 70425+51196                         1660.0000      905.8784 21154022   45.43%
Found incumbent of value 1660.000000 after 2069.45 sec. (621683.04 ticks)
* 70432+51203                         1640.0000      905.8784 21156950   44.76%
Found incumbent of value 1640.000000 after 2069.83 sec. (618386.84 ticks)
* 70432+51203                         1612.0000      905.8784 21156950   43.80%
Found incumbent of value 1612.000000 after 2069.83 sec. (618662.82 ticks)
* 70451+51222                         1603.0000      905.8784 21173396   43.49%
Found incumbent of value 1603.000000 after 2069.83 sec. (618647.05 ticks)
* 70456+47801                         1580.0000      905.8784 21177398   42.67%
Found incumbent of value 1580.000000 after 2076.25 sec. (625303.75 ticks)
  70457 47804      953.0406   820     1580.0000      905.8784 21185969   42.67%
  70489 47836      959.9202   832     1580.0000      905.8784 21236330   42.67%
  70553 47900      984.1180   821     1580.0000      905.8784 21296584   42.67%
  70617 47964     1014.7388   826     1580.0000      905.8784 21345156   42.67%
  70713 48060     1051.7912   836     1580.0000      905.8784 21407304   42.67%
  75677 50815     1087.0876   755     1580.0000      911.3342 22906727   42.32%
                                                      Cuts: 5                  
  75741 50878     1118.3832   745     1580.0000      911.3342 22957296   42.32%
  75901 51032     1172.0083   707     1580.0000      911.3342 23058989   42.32%
  76013 51142     1153.4444   736     1580.0000      911.3342 23121197   42.32%
Elapsed time = 2295.10 sec. (671397.93 ticks, tree = 8903.08 MB, solutions = 32)
Nodefile size = 8764.86 MB (6945.57 MB after compression)
  76157 51279     1318.2899   677     1580.0000      911.3342 23181607   42.32%
  81185 55857     1361.1250   653     1580.0000      911.3342 24574605   42.32%
                                                    Covers: 3                  
  81257 55929     1068.5402   745     1580.0000      911.3342 24642295   42.32%
  81348 56020     1084.4931   648     1580.0000      911.3342 24709217   42.32%
  81641 56302     1271.7000   684     1580.0000      911.3342 24856330   42.32%
  81737 56389     1295.7449   732     1580.0000      911.3342 24901907   42.32%
  82554 57131     1387.6166   326     1580.0000      911.3342 25233477   42.32%
  86571 60760      991.7220   592     1580.0000      915.6292 26372756   42.05%
                                                      Cuts: 9                  
  86664 60853     1054.7267   840     1580.0000      915.6292 26465519   42.05%
  86728 60915     1103.1029   863     1580.0000      915.6292 26516323   42.05%
Elapsed time = 2521.74 sec. (720598.34 ticks, tree = 10827.96 MB, solutions = 32)
Nodefile size = 10683.94 MB (8470.12 MB after compression)
  86807 60992     1045.9384   807     1580.0000      915.6292 26570252   42.05%
  86935 61118     1121.5139   717     1580.0000      915.6292 26640054   42.05%
  87112 61283     1249.8946   752     1580.0000      915.6292 26719614   42.05%
  90820 64648      983.6500   525     1580.0000      918.9900 27876662   41.84%
                                                  ZeroHalf: 2                  
  90908 64736     1382.0337   578     1580.0000      918.9900 27951860   41.84%
  91060 64888     1080.8514   791     1580.0000      918.9900 28049985   41.84%
  91156 64983     1098.0639   769     1580.0000      918.9900 28100816   41.84%
  91316 65134     1163.8307   674     1580.0000      918.9900 28165476   41.84%
  91476 65277     1164.8839   684     1580.0000      918.9900 28228442   41.84%
  96431 69807     1295.5000   238     1580.0000      920.8668 29728988   41.72%
                                                  Impl Bds: 1                  
Elapsed time = 2712.79 sec. (768453.64 ticks, tree = 12618.60 MB, solutions = 32)
Nodefile size = 12473.84 MB (9890.19 MB after compression)
  96500 69875     1044.5700   811     1580.0000      920.8668 29779439   41.72%
  96564 69933     1088.5197   743     1580.0000      920.8668 29822903   41.72%
  96660 70026     1090.6295   801     1580.0000      920.8668 29888695   41.72%
  96788 70141     1146.8750   629     1580.0000      920.8668 29967116   41.72%
  96884 70231     1206.9165   695     1580.0000      920.8668 30028894   41.72%
  99799 72869     1057.7067   695     1580.0000      920.8668 31030229   41.72%
 101190 74130     1182.3197   754     1580.0000      922.9418 31469254   41.59%
                                                      Cuts: 7                  
 101241 74181      999.1000   818     1580.0000      922.9418 31508949   41.59%
 101337 74277      992.7582   836     1580.0000      922.9418 31567040   41.59%
 101433 74373     1015.5671   725     1580.0000      922.9418 31620353   41.59%
Elapsed time = 2927.54 sec. (813645.90 ticks, tree = 13479.13 MB, solutions = 32)
Nodefile size = 13330.58 MB (10573.76 MB after compression)
 101497 74437     1036.0536   713     1580.0000      922.9418 31657919   41.59%
 106987 79443     1137.2566   613     1580.0000      925.6751 33337621   41.41%
                                                      Cuts: 3                  
 107021 79474      991.7091   827     1580.0000      925.6751 33369723   41.41%
 107085 79535     1021.8710   834     1580.0000      925.6751 33423553   41.41%
 107181 79623     1036.6580   808     1580.0000      925.6751 33484543   41.41%
 107309 79745     1082.7558   764     1580.0000      925.6751 33556807   41.41%
 107405 79829     1096.8800   726     1580.0000      925.6751 33607755   41.41%
 112557 84505     1218.4083   651     1580.0000      926.6841 35141815   41.35%
                                                    Covers: 1                  
 112685 84629     1267.9836   582     1580.0000      926.6841 35240766   41.35%
 112872 84803     1007.0747   762     1580.0000      926.6841 35353996   41.35%
Elapsed time = 3220.36 sec. (866714.01 ticks, tree = 15598.74 MB, solutions = 32)
Nodefile size = 15450.11 MB (12261.02 MB after compression)
 112904 84831     1021.2684   887     1580.0000      926.6841 35376950   41.35%
 113000 84923     1057.8919   812     1580.0000      926.6841 35428558   41.35%
 116711 88305     1130.0229   542     1580.0000      926.6841 36644477   41.35%
 117579 89054     1196.5762   460     1580.0000      928.6731 36878437   41.22%
 117668 89143     1025.9191   739     1580.0000      928.6731 36958743   41.22%
 117753 89228     1130.6220   719     1580.0000      928.6731 37049865   41.22%
 117785 89260     1117.4338   749     1580.0000      928.6731 37090261   41.22%
 117857 89332     1223.5242   697     1580.0000      928.6731 37176015   41.22%
 119951 91247     1066.7437   591     1580.0000      928.6731 38337981   41.22%
 120286 91533     1314.9000   634     1580.0000      928.6731 38542480   41.22%
                                                  Impl Bds: 3                  
Elapsed time = 3421.05 sec. (917051.67 ticks, tree = 16552.65 MB, solutions = 32)
Nodefile size = 16403.87 MB (13000.52 MB after compression)
 120385 91632     1041.2184   791     1580.0000      928.6731 38679181   41.22%
 120449 91696     1070.7362   799     1580.0000      928.6731 38760323   41.22%
 120513 91760     1099.2171   785     1580.0000      928.6731 38822403   41.22%
 120609 91854     1174.6603   689     1580.0000      928.6731 38897247   41.22%
 120769 92004     1220.5370   671     1580.0000      928.6731 39000793   41.22%
 123004 94045     1016.9306   711     1580.0000      928.6731 39771868   41.22%
 124064 94997     1038.3684   857     1580.0000      933.1692 40139577   40.94%
                                                  Impl Bds: 2                  
 124192 95119     1104.4850   714     1580.0000      933.1692 40206147   40.94%
 124378 95295     1168.9179   640     1580.0000      933.1692 40295965   40.94%
 124538 95439     1147.5833   643     1580.0000      933.1692 40366678   40.94%
Elapsed time = 3603.71 sec. (963473.46 ticks, tree = 17253.65 MB, solutions = 32)
Nodefile size = 17098.23 MB (13545.44 MB after compression)
 124698 95593     1171.3161   646     1580.0000      933.1692 40424444   40.94%
 124922 95793     1265.4056   565     1580.0000      933.1692 40499057   40.94%
 129739 100164      967.9527   774     1580.0000      933.1692 42104817   40.94%
 129985 100379     1008.1063   769     1580.0000      935.2287 42205240   40.81%
                                                  Impl Bds: 2                  
 130049 100437     1064.5370   815     1580.0000      935.2287 42246126   40.81%
 130174 100559     1039.6210   825     1580.0000      935.2287 42339771   40.81%
 130302 100682     1093.4264   782     1580.0000      935.2287 42422328   40.81%
 130398 100773     1131.3571   622     1580.0000      935.2287 42469009   40.81%
 130462 100832     1171.0423   739     1580.0000      935.2287 42512381   40.81%
 135059 104979     1187.0477   722     1580.0000      935.2287 44077774   40.81%
                                                  Impl Bds: 3                  
Elapsed time = 3848.98 sec. (1015893.87 ticks, tree = 19305.07 MB, solutions = 32)
Nodefile size = 19154.53 MB (15145.11 MB after compression)
 135172 105089     1160.4885   572     1580.0000      935.2287 44160767   40.81%
 135236 105146     1190.0346   531     1580.0000      935.2287 44204712   40.81%
 135443 105337     1444.0000   473     1580.0000      935.2287 44318361   40.81%
 135603 105471     1523.0000   484     1580.0000      935.2287 44389531   40.81%
 135889 105718     1489.2222   590     1580.0000      935.2287 44503712   40.81%
 137485 107174     1125.5422   806     1580.0000      935.2287 45095534   40.81%
 140357 109749     1137.7812   789     1580.0000      937.7678 46058253   40.65%
 140453 109840     1171.8477   760     1580.0000      937.7678 46162027   40.65%
 140572 109953     1022.0563   817     1580.0000      937.7678 46246795   40.65%
 140700 110070     1065.3796   712     1580.0000      937.7678 46332164   40.65%
Elapsed time = 4060.73 sec. (1058912.32 ticks, tree = 20301.06 MB, solutions = 32)
Nodefile size = 20145.23 MB (15916.63 MB after compression)
 140828 110198     1093.7403   619     1580.0000      937.7678 46407798   40.65%
 141083 110448     1478.1206   595     1580.0000      937.7678 46525784   40.65%
 141306 110646     1136.7623   597     1580.0000      937.7678 46610213   40.65%
 145655 114564     1058.9456   782     1580.0000      940.2505 48025662   40.49%
                                                  ZeroHalf: 2                  
 145751 114654     1081.9037   758     1580.0000      940.2505 48092333   40.49%
 145879 114778     1171.4123   788     1580.0000      940.2505 48161668   40.49%
 146007 114905     1217.4386   645     1580.0000      940.2505 48221006   40.49%
 146290 115157     1507.8646   589     1580.0000      940.2505 48355315   40.49%
 146848 115649     1066.0370   612     1580.0000      940.2505 48554846   40.49%
 150209 118685     1042.6777   794     1580.0000      941.6419 49777936   40.40%
Elapsed time = 4253.39 sec. (1107721.26 ticks, tree = 22147.24 MB, solutions = 32)
Nodefile size = 21993.59 MB (17348.71 MB after compression)
 150328 118804     1071.3408   746     1580.0000      941.6419 49886152   40.40%
 150360 118834     1106.5025   744     1580.0000      941.6419 49924788   40.40%
 150392 118864     1085.5979   720     1580.0000      941.6419 49956151   40.40%
 150424 118892     1083.8430   728     1580.0000      941.6419 49992644   40.40%
 150488 118951     1098.2160   736     1580.0000      941.6419 50066237   40.40%
 152933 121157     1057.3195   656     1580.0000      941.9965 51600797   40.38%
 153029 121253     1089.0786   688     1580.0000      941.9965 51706545   40.38%
 153195 121419     1184.8250   573     1580.0000      941.9965 51850379   40.38%
 153355 121575     1228.4263   487     1580.0000      941.9965 51967158   40.38%
 153588 121791     1359.8510   581     1580.0000      941.9965 52081691   40.38%
Elapsed time = 4519.23 sec. (1161369.05 ticks, tree = 22174.66 MB, solutions = 32)
Nodefile size = 22017.25 MB (17362.80 MB after compression)
 153784 121967     1452.6789   656     1580.0000      941.9965 52162099   40.38%
 156809 124673     1009.0675   721     1580.0000      941.9965 53097149   40.38%
 158625 126309     1044.9231   749     1580.0000      943.7074 53668742   40.27%
 158785 126469     1138.0853   616     1580.0000      943.7074 53748251   40.27%
 158846 126528     1184.9773   728     1580.0000      943.7074 53774968   40.27%
 158974 126651     1254.9356   732     1580.0000      943.7074 53830887   40.27%
 159070 126743     1315.8107   690     1580.0000      943.7074 53870872   40.27%
 159198 126865     1350.6370   630     1580.0000      943.7074 53912876   40.27%
 164677 131765     1073.1102   477     1580.0000      944.4683 55717373   40.22%
                                                  Impl Bds: 4                  
 164806 131894     1188.3833   670     1580.0000      944.4683 55806729   40.22%
Elapsed time = 4735.32 sec. (1208772.39 ticks, tree = 24381.91 MB, solutions = 32)
Nodefile size = 24226.33 MB (19082.29 MB after compression)
 164932 132020     1315.8047   677     1580.0000      944.4683 55890604   40.22%
 165060 132144     1360.3332   624     1580.0000      944.4683 55960014   40.22%
 165220 132298     1392.5278   626     1580.0000      944.4683 56036219   40.22%
 165663 132685     1451.0333   526     1580.0000      944.4683 56177018   40.22%
 166212 133179     1203.7907   491     1580.0000      944.4683 56357117   40.22%
 170853 137397     1040.4985   669     1580.0000      944.4683 57815014   40.22%
 171198 137716     1121.5094   691     1580.0000      946.7576 57944826   40.08%
                                                  ZeroHalf: 1                  
 171294 137811     1176.5648   536     1580.0000      946.7576 58001953   40.08%
 171404 137917     1231.7826   679     1580.0000      946.7576 58058183   40.08%
 171569 138070     1360.8302   660     1580.0000      946.7576 58127295   40.08%
Elapsed time = 4953.80 sec. (1250198.50 ticks, tree = 25612.19 MB, solutions = 32)
Nodefile size = 25452.82 MB (20029.99 MB after compression)
 171697 138184     1423.0812   532     1580.0000      946.7576 58171216   40.08%
 171871 138342     1468.0000   539     1580.0000      946.7576 58232918   40.08%
 172159 138606     1020.3925   579     1580.0000      946.7576 58340533   40.08%
 176803 142780     1279.5810   508     1580.0000      947.7725 59897758   40.01%
 176956 142933     1053.2985   733     1580.0000      947.7725 60039932   40.01%
 177020 142997     1073.3164   765     1580.0000      947.7725 60092144   40.01%
 177119 143089     1177.0534   631     1580.0000      947.7725 60163381   40.01%
 177276 143234     1213.5856   660     1580.0000      947.7725 60260171   40.01%
 177500 143452     1343.4489   633     1580.0000      947.7725 60366513   40.01%
 177757 143670     1152.9820   718     1580.0000      947.7725 60473311   40.01%
Elapsed time = 5135.71 sec. (1294704.56 ticks, tree = 26675.71 MB, solutions = 32)
Nodefile size = 26517.61 MB (20858.83 MB after compression)
 181927 147441     1098.0018   544     1580.0000      949.0421 61775792   39.93%
 182024 147533     1120.2332   753     1580.0000      949.0421 61853163   39.93%
 182117 147624     1083.3264   835     1580.0000      949.0421 61915490   39.93%
 182184 147687     1208.2991   701     1580.0000      949.0421 61955463   39.93%
 182437 147931     1157.6949   692     1580.0000      949.0421 62091195   39.93%
 182853 148306     1341.4500   446     1580.0000      949.0421 62222198   39.93%
 183998 149320     1187.1264   567     1580.0000      949.0421 62666510   39.93%
 188180 153094     1094.2365   486     1580.0000      950.5184 63900843   39.84%
 188373 153281     1112.6292   607     1580.0000      950.5184 63985392   39.84%
 188827 153687     1090.2431   796     1580.0000      950.5184 64128512   39.84%
Elapsed time = 5365.44 sec. (1340300.49 ticks, tree = 28824.87 MB, solutions = 32)
Nodefile size = 28667.14 MB (22520.03 MB after compression)
 188955 153803     1139.4266   736     1580.0000      950.5184 64175283   39.84%
 189147 153983     1231.2326   665     1580.0000      950.5184 64234114   39.84%
 189339 154154     1291.2333   525     1580.0000      950.5184 64294231   39.84%
 195783 159975     1506.0606   297     1580.0000      951.5500 66253398   39.78%
                                                    Covers: 1                  
 195835 160021     1049.5716   813     1580.0000      951.5500 66300718   39.78%
 195931 160117     1070.8124   727     1580.0000      951.5500 66359893   39.78%
 196027 160202     1097.3334   758     1580.0000      951.5500 66420009   39.78%
 196123 160297     1124.7577   733     1580.0000      951.5500 66480646   39.78%
 196251 160413     1171.8148   621     1580.0000      951.5500 66538249   39.78%
 199591 163401     1039.1027   724     1580.0000      951.5500 67765514   39.78%
Elapsed time = 5619.71 sec. (1391520.96 ticks, tree = 30276.71 MB, solutions = 32)
Nodefile size = 30101.51 MB (23624.83 MB after compression)
 201128 164798     1574.4167   290     1580.0000      952.7647 68195483   39.70%
                                                      Cuts: 8                  
 201177 164845     1017.4728   743     1580.0000      952.7647 68249331   39.70%
 201260 164926     1092.8675   777     1580.0000      952.7647 68324297   39.70%
 201339 165005     1082.5127   761     1580.0000      952.7647 68391396   39.70%
 201467 165131     1161.7405   762     1580.0000      952.7647 68469832   39.70%
 201580 165242     1218.2296   755     1580.0000      952.7647 68537256   39.70%
 201708 165370     1285.6833   693     1580.0000      952.7647 68602999   39.70%
 207690 170763     1222.7675   542     1580.0000      953.1326 70380360   39.68%
                                                     Cuts: 10                  
 207757 170824     1110.7359   775     1580.0000      953.1326 70440683   39.68%
 207949 171006     1177.6741   685     1580.0000      953.1326 70557644   39.68%
Elapsed time = 5855.48 sec. (1439993.78 ticks, tree = 32499.00 MB, solutions = 32)
Nodefile size = 32340.37 MB (25353.15 MB after compression)
 207985 171042     1172.9276   723     1580.0000      953.1326 70590407   39.68%
 208049 171102     1208.1327   700     1580.0000      953.1326 70637625   39.68%
 208209 171240     1300.9509   627     1580.0000      953.1326 70714698   39.68%
 208870 171852     1195.2904   712     1580.0000      953.1326 70970016   39.68%
 213332 175885     1210.7076   740     1580.0000      954.0569 72490873   39.62%
 213418 175969     1046.4294   880     1580.0000      954.0569 72563358   39.62%
 213508 176051     1162.0342   799     1580.0000      954.0569 72627682   39.62%
 213578 176115     1121.9934   777     1580.0000      954.0569 72667656   39.62%
 213812 176340     1520.3000   394     1580.0000      954.0569 72767734   39.62%
 214004 176515     1026.4986   790     1580.0000      954.0569 72838628   39.62%
Elapsed time = 6053.73 sec. (1487729.16 ticks, tree = 33571.63 MB, solutions = 32)
Nodefile size = 33410.73 MB (26189.59 MB after compression)
 218473 180526     1090.2389   614     1580.0000      955.9567 74303528   39.50%
 218590 180639     1205.6370   747     1580.0000      955.9567 74396851   39.50%
 218712 180753     1165.0357   667     1580.0000      955.9567 74464990   39.50%
 218864 180899     1349.4527   676     1580.0000      955.9567 74541784   39.50%
 219024 181049     1407.6734   694     1580.0000      955.9567 74616128   39.50%
 219248 181264     1473.3958   593     1580.0000      955.9567 74711964   39.50%
 219742 181692     1104.6342   625     1580.0000      955.9567 74869672   39.50%
 223504 185092     1047.5836   723     1580.0000      955.9567 76092572   39.50%
 224743 186200     1040.4676   681     1580.0000      957.0033 76483685   39.43%
                                                    Covers: 1                  
 224775 186232     1038.9719   687     1580.0000      957.0033 76519018   39.43%
Elapsed time = 6267.12 sec. (1534498.82 ticks, tree = 35720.37 MB, solutions = 32)
Nodefile size = 35562.86 MB (27861.77 MB after compression)
 224839 186296     1055.9128   739     1580.0000      957.0033 76615525   39.43%
 224913 186370     1066.8733   825     1580.0000      957.0033 76711398   39.43%
 225099 186554     1169.0532   638     1580.0000      957.0033 76886376   39.43%
 225227 186674     1185.8335   659     1580.0000      957.0033 76967087   39.43%
 225383 186814     1218.1197   662     1580.0000      957.0033 77063047   39.43%
 228135 189269     1265.4799   653     1580.0000      957.2623 78258241   39.41%
                                                    Covers: 1                  
 228206 189340     1172.3716   790     1580.0000      957.2623 78320941   39.41%
 228270 189402     1201.5092   759     1580.0000      957.2623 78370405   39.41%
 228366 189498     1242.8345   766     1580.0000      957.2623 78427545   39.41%
 228430 189562     1320.1859   762     1580.0000      957.2623 78461260   39.41%
Elapsed time = 6503.25 sec. (1579087.82 ticks, tree = 36016.64 MB, solutions = 32)
Nodefile size = 35856.39 MB (28086.24 MB after compression)
 228494 189622     1341.8128   735     1580.0000      957.2623 78498983   39.41%
 228590 189718     1371.0582   720     1580.0000      957.2623 78543484   39.41%
 234489 195023     1241.6326   677     1580.0000      958.3103 80421259   39.35%
                                                    Covers: 1                  
 234585 195119     1318.3125   650     1580.0000      958.3103 80491886   39.35%
 234655 195187     1080.8595   784     1580.0000      958.3103 80537899   39.35%
 234719 195245     1108.4250   753     1580.0000      958.3103 80579928   39.35%
 234847 195367     1160.3666   747     1580.0000      958.3103 80648919   39.35%
 235007 195504     1217.1538   601     1580.0000      958.3103 80737592   39.35%
 240109 200082     1217.4503   453     1580.0000      958.8009 82406013   39.32%
                                                    Covers: 3                  
 240179 200149     1065.0253   780     1580.0000      958.8009 82470309   39.32%
Elapsed time = 6741.55 sec. (1628103.77 ticks, tree = 38289.48 MB, solutions = 32)
Nodefile size = 38128.76 MB (29854.75 MB after compression)
 240243 200201     1073.2772   719     1580.0000      958.8009 82524777   39.32%
 240307 200265     1098.9732   739     1580.0000      958.8009 82576787   39.32%
 240403 200357     1149.2207   721     1580.0000      958.8009 82644609   39.32%
 240563 200514     1175.1138   678     1580.0000      958.8009 82735112   39.32%
 240931 200864     1335.9935   619     1580.0000      958.8009 82887836   39.32%
 246370 205736     1076.9355   522     1580.0000      959.4785 84602207   39.27%
                                                    Covers: 3                  
 246502 205866     1151.2936   675     1580.0000      959.4785 84691363   39.27%
 246605 205969     1104.8339   760     1580.0000      959.4785 84757654   39.27%
 246765 206123     1167.9496   680     1580.0000      959.4785 84831168   39.27%
 246861 206217     1193.7643   721     1580.0000      959.4785 84879462   39.27%
Elapsed time = 6961.09 sec. (1673423.52 ticks, tree = 39476.81 MB, solutions = 32)
Nodefile size = 39312.56 MB (30775.03 MB after compression)
 247117 206450     1268.6332   628     1580.0000      959.4785 84973973   39.27%
 247366 206681     1489.9333   517     1580.0000      959.4785 85079640   39.27%
 248350 207547     1012.0345   771     1580.0000      959.4785 85405073   39.27%
 252900 211664     1011.1882   832     1580.0000      960.3086 86788833   39.22%
 252973 211735     1074.7180   824     1580.0000      960.3086 86843315   39.22%
 253060 211815     1076.6017   777     1580.0000      960.3086 86895050   39.22%
 253188 211938     1087.3333   665     1580.0000      960.3086 86962285   39.22%
 253284 212018     1138.9958   695     1580.0000      960.3086 87016915   39.22%
 253476 212197     1186.7222   595     1580.0000      960.3086 87102520   39.22%
 253638 212351     1391.8588   623     1580.0000      960.3086 87177330   39.22%
Elapsed time = 7135.67 sec. (1717518.43 ticks, tree = 40713.90 MB, solutions = 32)
Nodefile size = 40548.60 MB (31734.84 MB after compression)
 257852 216128     1366.9632   541     1580.0000      961.2729 88593444   39.16%
 257898 216174     1091.4125   657     1580.0000      961.2729 88640690   39.16%
 257962 216238     1104.5504   712     1580.0000      961.2729 88708750   39.16%
 258058 216334     1135.3666   729     1580.0000      961.2729 88826483   39.16%
 258154 216422     1178.9762   646     1580.0000      961.2729 88950564   39.16%
 258856 217049     1221.8663   627     1580.0000      961.2729 89524369   39.16%
 259589 217694      987.9539   747     1580.0000      961.2729 89884663   39.16%
 260826 218805     1146.4803   611     1580.0000      962.3847 90466813   39.09%
                                                  ZeroHalf: 2                  
 260927 218906     1056.5896   771     1580.0000      962.3847 90572168   39.09%
 260997 218976     1297.8857   699     1580.0000      962.3847 90639841   39.09%
Elapsed time = 7394.67 sec. (1771193.81 ticks, tree = 41799.31 MB, solutions = 32)
Nodefile size = 41639.36 MB (32582.71 MB after compression)
 261087 219066     1152.5236   772     1580.0000      962.3847 90722513   39.09%
 261193 219172     1156.7463   757     1580.0000      962.3847 90811390   39.09%
 261257 219232     1201.3571   701     1580.0000      962.3847 90865160   39.09%
 266214 223675     1324.0765   490     1580.0000      963.2937 92528413   39.03%
 266319 223774     1044.7601   682     1580.0000      963.2937 92618612   39.03%
 266427 223875     1313.8281   637     1580.0000      963.2937 92692875   39.03%
 266683 224117     1439.5213   509     1580.0000      963.2937 92820685   39.03%
 266907 224319     1462.4973   497     1580.0000      963.2937 92913137   39.03%
 267451 224799     1156.1641   510     1580.0000      963.2937 93073100   39.03%
 268411 225661     1004.3136   550     1580.0000      963.2937 93358806   39.03%
Elapsed time = 7599.95 sec. (1816641.64 ticks, tree = 42838.32 MB, solutions = 32)
Nodefile size = 42666.25 MB (33383.28 MB after compression)
 272711 229487     1219.9936   529     1580.0000      964.5279 94685850   38.95%
 272716 229492     1060.9149   761     1580.0000      964.5279 94699594   38.95%
 272812 229579     1142.2667   767     1580.0000      964.5279 94762093   38.95%
 272940 229704     1203.6977   696     1580.0000      964.5279 94837932   38.95%
 273036 229800     1252.1767   712     1580.0000      964.5279 94885076   38.95%
 273196 229956     1318.4858   599     1580.0000      964.5279 94942117   38.95%
 273452 230198     1432.4167   483     1580.0000      964.5279 95011763   38.95%
 278461 234715      999.2798   834     1580.0000      964.5279 96649402   38.95%
 279707 235823      999.6313   778     1580.0000      965.0963 97013669   38.92%
 279799 235913     1068.0467   780     1580.0000      965.0963 97118792   38.92%
Elapsed time = 7848.86 sec. (1862991.89 ticks, tree = 45369.01 MB, solutions = 32)
Nodefile size = 45208.75 MB (35359.33 MB after compression)
 279895 236009     1107.1591   629     1580.0000      965.0963 97205919   38.92%
 279995 236107     1124.4698   776     1580.0000      965.0963 97283754   38.92%
 280151 236263     1231.7778   713     1580.0000      965.0963 97384196   38.92%
 280279 236387     1215.2291   653     1580.0000      965.0963 97445914   38.92%
 280407 236499     1248.3611   656     1580.0000      965.0963 97512917   38.92%
 284540 240187     1077.0751   791     1580.0000      965.4630 98942513   38.89%
 284604 240251     1124.6375   738     1580.0000      965.4630 98998979   38.89%
 284812 240442     1254.7686   677     1580.0000      965.4630 99154738   38.89%
 284972 240592     1317.7222   650     1580.0000      965.4630 99254749   38.89%
 285132 240733     1395.6742   680     1580.0000      965.4630 99336644   38.89%
Elapsed time = 8040.09 sec. (1908904.57 ticks, tree = 46295.29 MB, solutions = 32)
Nodefile size = 46129.27 MB (36078.52 MB after compression)
 285260 240851     1535.5000   427     1580.0000      965.4630 99412144   38.89%
 285394 240974     1446.1008   563     1580.0000      965.4630 99483087   38.89%
 288052 243385     1013.2133   746     1580.0000      965.4630 1.00e+08   38.89%
 290016 245139     1000.1743   663     1580.0000      966.2602 1.01e+08   38.84%
 290080 245203     1010.5503   629     1580.0000      966.2602 1.01e+08   38.84%
 290240 245360     1049.1264   736     1580.0000      966.2602 1.01e+08   38.84%
 290407 245523     1277.3152   686     1580.0000      966.2602 1.01e+08   38.84%
 290503 245619     1336.4240   647     1580.0000      966.2602 1.01e+08   38.84%
 290663 245759     1386.0463   562     1580.0000      966.2602 1.01e+08   38.84%
 291175 246216     1466.8928   472     1580.0000      966.2602 1.01e+08   38.84%
Elapsed time = 8212.45 sec. (1950738.54 ticks, tree = 47333.49 MB, solutions = 32)
Nodefile size = 47162.91 MB (36885.90 MB after compression)
 296652 251141     1056.8918   520     1580.0000      967.1250 1.03e+08   38.79%
 296698 251185     1073.2571   732     1580.0000      967.1250 1.03e+08   38.79%
 296862 251341     1094.2318   771     1580.0000      967.1250 1.03e+08   38.79%
 297054 251523     1172.5774   657     1580.0000      967.1250 1.03e+08   38.79%
 297168 251631     1354.3816   598     1580.0000      967.1250 1.03e+08   38.79%
 297360 251810     1459.5000   568     1580.0000      967.1250 1.04e+08   38.79%
 297904 252277     1166.7898   448     1580.0000      967.1250 1.04e+08   38.79%
 302210 256163     1067.5710   778     1580.0000      967.1250 1.05e+08   38.79%
 302543 256456     1029.4031   724     1580.0000      967.1250 1.05e+08   38.79%
 303037 256889     1063.3917   668     1580.0000      967.8210 1.05e+08   38.75%
Elapsed time = 8412.96 sec. (1994091.42 ticks, tree = 49794.38 MB, solutions = 32)
Nodefile size = 49630.99 MB (38809.51 MB after compression)
 303162 257011     1235.2290   776     1580.0000      967.8210 1.05e+08   38.75%
 303258 257099     1268.5865   760     1580.0000      967.8210 1.05e+08   38.75%
 303418 257242     1331.2830   688     1580.0000      967.8210 1.06e+08   38.75%
 303706 257502     1393.3342   522     1580.0000      967.8210 1.06e+08   38.75%
 303866 257654     1514.5833   394     1580.0000      967.8210 1.06e+08   38.75%
 304409 258145      988.3036   837     1580.0000      967.8210 1.06e+08   38.75%
 307697 261100     1091.5613   672     1580.0000      967.8210 1.07e+08   38.75%
 309580 262790     1046.4233   761     1580.0000      968.7327 1.08e+08   38.69%
                                                    Covers: 1                  
 309690 262897     1108.5176   779     1580.0000      968.7327 1.08e+08   38.69%
 309749 262956     1166.4961   679     1580.0000      968.7327 1.08e+08   38.69%
Elapsed time = 8631.03 sec. (2040550.70 ticks, tree = 51023.54 MB, solutions = 32)
Nodefile size = 50860.40 MB (39767.88 MB after compression)
 309915 263120     1129.0848   653     1580.0000      968.7327 1.08e+08   38.69%
 310005 263204     1263.4928   594     1580.0000      968.7327 1.08e+08   38.69%
 310171 263364     1241.1250   615     1580.0000      968.7327 1.08e+08   38.69%
 313068 265994     1210.1482   482     1580.0000      968.7327 1.09e+08   38.69%
 316015 268658     1425.3333   269     1580.0000      969.3931 1.10e+08   38.65%
                                                      Cuts: 2                  
 316132 268769     1213.5322   769     1580.0000      969.3931 1.10e+08   38.65%
 316228 268857     1262.9158   711     1580.0000      969.3931 1.10e+08   38.65%
 316356 268983     1314.8542   718     1580.0000      969.3931 1.10e+08   38.65%
 316516 269126     1370.0250   606     1580.0000      969.3931 1.10e+08   38.65%
 316644 269241     1448.5571   566     1580.0000      969.3931 1.10e+08   38.65%
Elapsed time = 8847.99 sec. (2082867.16 ticks, tree = 52266.25 MB, solutions = 32)
Nodefile size = 52100.84 MB (40740.57 MB after compression)
 316819 269400     1290.8858   714     1580.0000      969.3931 1.10e+08   38.65%
 318553 270944     1090.0734   780     1580.0000      969.3931 1.11e+08   38.65%
 321489 273618     1155.4802   732     1580.0000      970.0880 1.12e+08   38.60%
 321620 273741     1209.9892   712     1580.0000      970.0880 1.12e+08   38.60%
 321716 273837     1236.3036   684     1580.0000      970.0880 1.12e+08   38.60%
 321812 273929     1284.3202   630     1580.0000      970.0880 1.12e+08   38.60%
 321940 274050     1403.2692   605     1580.0000      970.0880 1.12e+08   38.60%
 322068 274168     1505.5167   490     1580.0000      970.0880 1.12e+08   38.60%
 322900 274905      997.0677   647     1580.0000      970.0880 1.12e+08   38.60%
 328247 279694     1074.7340   844     1580.0000      970.9976 1.14e+08   38.54%
Elapsed time = 9045.78 sec. (2131157.46 ticks, tree = 54577.70 MB, solutions = 32)
Nodefile size = 54415.31 MB (42532.86 MB after compression)
 328407 279850     1126.5365   782     1580.0000      970.9976 1.14e+08   38.54%
 328461 279904     1242.2428   640     1580.0000      970.9976 1.14e+08   38.54%
 328553 279996     1284.7500   526     1580.0000      970.9976 1.14e+08   38.54%
 328649 280092     1351.6979   572     1580.0000      970.9976 1.14e+08   38.54%
 329054 280451     1392.5351   623     1580.0000      970.9976 1.15e+08   38.54%
 331603 282743     1173.8045   663     1580.0000      971.0761 1.16e+08   38.54%
                                                    Covers: 1                  
 331651 282790     1099.2194   757     1580.0000      971.0761 1.16e+08   38.54%
 331732 282867     1297.6478   661     1580.0000      971.0761 1.16e+08   38.54%
 331828 282958     1315.6952   654     1580.0000      971.0761 1.16e+08   38.54%
 331988 283112     1410.2500   483     1580.0000      971.0761 1.16e+08   38.54%
Elapsed time = 9301.73 sec. (2181075.93 ticks, tree = 54614.00 MB, solutions = 32)
Nodefile size = 54448.03 MB (42553.98 MB after compression)
 332116 283232     1474.2308   569     1580.0000      971.0761 1.16e+08   38.54%
 332409 283502     1284.7848   601     1580.0000      971.0761 1.16e+08   38.54%
 335368 286100     1033.2433   790     1580.0000      971.0761 1.17e+08   38.54%
 336764 287341     1068.9306   690     1580.0000      971.6733 1.18e+08   38.50%
 336892 287463     1117.2620   763     1580.0000      971.6733 1.18e+08   38.50%
 336956 287525     1135.3744   730     1580.0000      971.6733 1.18e+08   38.50%
 337116 287685     1174.3495   689     1580.0000      971.6733 1.18e+08   38.50%
 337212 287777     1217.9068   698     1580.0000      971.6733 1.18e+08   38.50%
 337406 287950     1358.7500   530     1580.0000      971.6733 1.18e+08   38.50%
 337630 288139     1440.5000   580     1580.0000      971.6733 1.18e+08   38.50%
Elapsed time = 9488.04 sec. (2229053.41 ticks, tree = 55553.58 MB, solutions = 32)
Nodefile size = 55388.53 MB (43289.95 MB after compression)
*341417 291551      integral     0     1557.0000      971.6733 1.19e+08   37.59%
Found incumbent of value 1557.000000 after 9502.10 sec. (2229053.41 ticks)
*342802+292784                         1555.0000      971.6733 1.20e+08   37.51%
Found incumbent of value 1555.000000 after 9502.10 sec. (2222943.72 ticks)
 342925 285370     1257.3175   637     1555.0000      971.9756 1.20e+08   37.49%
                                                  Impl Bds: 1                  
 342996 285441     1100.1942   683     1555.0000      971.9756 1.20e+08   37.49%
 343041 285486     1058.9915   815     1555.0000      971.9756 1.20e+08   37.49%
 343137 285582     1096.1695   744     1555.0000      971.9756 1.20e+08   37.49%
 343201 285645     1127.3268   703     1555.0000      971.9756 1.20e+08   37.49%
 343297 285735     1173.2714   718     1555.0000      971.9756 1.20e+08   37.49%
 343425 285854     1273.4941   637     1555.0000      971.9756 1.20e+08   37.49%
 348677 290500     1523.1167   401     1555.0000      973.0565 1.22e+08   37.42%
                                                  Impl Bds: 2                  
 348779 290596     1134.9876   711     1555.0000      973.0565 1.22e+08   37.42%
Elapsed time = 9728.77 sec. (2271844.32 ticks, tree = 56239.90 MB, solutions = 34)
Nodefile size = 56077.07 MB (43812.21 MB after compression)
 348907 290718     1178.9607   686     1555.0000      973.0565 1.22e+08   37.42%
 349067 290870     1253.4089   724     1555.0000      973.0565 1.22e+08   37.42%
 349099 290898     1261.8221   762     1555.0000      973.0565 1.22e+08   37.42%
 349259 291047     1322.6490   721     1555.0000      973.0565 1.23e+08   37.42%
 349419 291186     1399.5707   647     1555.0000      973.0565 1.23e+08   37.42%
 353891 295128     1250.4035   474     1555.0000      973.3454 1.24e+08   37.41%
 353969 295204     1184.1496   724     1555.0000      973.3454 1.24e+08   37.41%
 354169 295400     1166.2423   784     1555.0000      973.3454 1.24e+08   37.41%
 354316 295537     1169.4609   748     1555.0000      973.3454 1.24e+08   37.41%
 354444 295657     1212.4154   706     1555.0000      973.3454 1.24e+08   37.41%
Elapsed time = 9918.29 sec. (2316428.26 ticks, tree = 57205.82 MB, solutions = 34)
Nodefile size = 57042.07 MB (44558.95 MB after compression)
 354465 295678     1210.4375   632     1555.0000      973.3454 1.24e+08   37.41%
 355467 296576     1076.9252   472     1555.0000      973.3454 1.25e+08   37.41%
 355930 296986     1070.4564   460     1555.0000      973.3454 1.25e+08   37.41%
 358324 299099     1102.7574   700     1555.0000      974.0888 1.26e+08   37.36%
 358658 299421     1490.6944   628     1555.0000      974.0888 1.26e+08   37.36%
 358954 299679     1433.4697   450     1555.0000      974.0888 1.26e+08   37.36%
 363654 303846     1082.1849   755     1555.0000      974.6744 1.28e+08   37.32%
 363844 304029     1113.4724   788     1555.0000      974.6744 1.28e+08   37.32%
 367066 306856     1108.7742   739     1555.0000      975.0249 1.29e+08   37.30%
 367162 306943     1110.4861   600     1555.0000      975.0249 1.29e+08   37.30%
Elapsed time = 10800.01 sec. (2735396.73 ticks, tree = 59685.30 MB, solutions = 34)
Nodefile size = 59480.12 MB (46460.28 MB after compression)
 369031 308612     1350.3750   362     1555.0000      975.0249 1.30e+08   37.30%
 369537 309060     1319.4765   448     1555.0000      975.0249 1.30e+08   37.30%

Cover cuts applied:  36
Implied bound cuts applied:  39
Mixed integer rounding cuts applied:  1
Zero-half cuts applied:  323
Gomory fractional cuts applied:  6

Root node processing (before b&c):
  Real time             =   55.37 sec. (33399.82 ticks)
Parallel b&c, 32 threads:
  Real time             = 10775.42 sec. (2763854.35 ticks)
  Sync time (average)   =    0.30 sec.
  Wait time (average)   =    0.00 sec.
                          ------------
Total (root+branch&cut) = 10830.79 sec. (2797254.17 ticks)


Solution status: Feasible
Execution time: 10831.4 sec
Gap: 0.37287
