Sun Jul 15 21:03:43 2018

Tried aggregator 2 times.
MIP Presolve eliminated 18232 rows and 145 columns.
Aggregator did 552 substitutions.
Reduced MIP has 17462 rows, 5648 columns, and 66064 nonzeros.
Reduced MIP has 5648 binaries, 0 generals, 0 SOSs, and 0 indicators.
Presolve time = 0.14 sec. (96.83 ticks)
Probing time = 0.01 sec. (3.54 ticks)
Tried aggregator 1 time.
Presolve time = 0.05 sec. (30.25 ticks)
Probing time = 0.01 sec. (3.54 ticks)
Clique table members: 28000.
MIP emphasis: balance optimality and feasibility.
MIP search method: dynamic search.
Parallel mode: deterministic, using up to 32 threads.
Root relaxation solution time = 1.89 sec. (337.56 ticks)

        Nodes                                         Cuts/
   Node  Left     Objective  IInf  Best Integer    Best Bound    ItCnt     Gap

      0     0      551.0000   506                    551.0000     1417         
      0     0      559.5896   540                ZeroHalf: 29     3060         
      0     0      597.2241   741                    Cuts: 47     7065         
      0     0      672.2460   729                ZeroHalf: 36     8394         
      0     0      701.6302   684                    Cuts: 69     9599         
      0     0      712.1568   715                ZeroHalf: 36    10271         
      0     0      717.9333   716                ZeroHalf: 34    10889         
      0     0      722.8351   731                ZeroHalf: 35    11436         
      0     0      725.8268   732                ZeroHalf: 50    11910         
      0     0      726.9610   729                ZeroHalf: 26    12162         
      0     0      728.1934   745                ZeroHalf: 11    12431         
      0     0      729.0320   729                    Cuts: 13    12686         
      0     0      729.5046   732                ZeroHalf: 14    12928         
      0     0      730.1159   747                ZeroHalf: 21    13077         
      0     0      731.1942   728                ZeroHalf: 22    13295         
      0     0      731.9094   742                ZeroHalf: 16    13446         
      0     0      732.2738   757                 ZeroHalf: 7    13630         
      0     0      732.5423   760                     Cuts: 8    13755         
      0     0      732.7039   762                 ZeroHalf: 7    13843         
      0     0      732.8332   743                    Cuts: 18    13959         
      0     0      732.9142   740                ZeroHalf: 10    14081         
      0     0      734.3177   744                ZeroHalf: 14    14316         
      0     0      734.5361   751                ZeroHalf: 19    14431         
      0     0      734.9876   740                 ZeroHalf: 5    14575         
      0     0      735.1286   752                     Cuts: 7    14671         
      0     2      735.1286   750                    735.1286    14671         
Elapsed time = 29.94 sec. (15806.76 ticks, tree = 0.01 MB, solutions = 0)
      2     4      742.1718   693                    735.1286    16912         
      3     5      742.0233   700                    737.7069    18045         
      6     8      755.8564   719                    737.7069    19962         
     10    12      761.4025   666                    742.0491    27368         
                                                    Covers: 1                  
     16    18      753.7088   726                    742.0491    38608         
     21    23      761.4580   672                    742.7909    43019         
                                                  Impl Bds: 5                  
     23    25      752.0169   640                    742.7909    44852         
     28    30      779.6442   584                    742.7909    49289         
     32    34      785.0681   578                    742.7909    53269         
     38    40      755.4011   646                    742.7909    61781         
                                                      Cuts: 6                  
Elapsed time = 38.75 sec. (22330.26 ticks, tree = 0.01 MB, solutions = 0)
     40    42      763.3430   790                    742.7909    68449         
     47    49      763.4847   752                    742.7909    83137         
     54    56      833.3372   665                    742.7909   117698         
     62    64      806.4110   595                    742.7909   135596         
     63    65      838.3282   642                    742.7909   143525         
     64    66      843.7120   767                    742.7909   154633         
     72    74      766.8531   716                    742.7909   170693         
                                                      Cuts: 8                  
     74    76      779.5268   797                    742.7909   181291         
     98   100      855.6802   687                    742.7909   248412         
    160   162      891.0599   501                    742.7909   371683         
Elapsed time = 103.62 sec. (44870.93 ticks, tree = 0.01 MB, solutions = 0)
    197   199      836.0552   672                    742.7909   438980         
   1105  1018      823.5775   687                    742.7909  1094906         
                                                     Cuts: 26                  
   1125  1036      800.9027   843                    742.7909  1113026         
   1169  1080      823.8561   678                    742.7909  1132347         
   1175  1084     1072.1205   421                    742.7909  1133831         
*  2859+ 2615                         2103.0000      742.7909  1629583   64.68%
Found incumbent of value 2103.000000 after 154.17 sec. (52001.29 ticks)
*  3048  2779      integral     0     2093.0000      742.7909  1658302   64.51%
Found incumbent of value 2093.000000 after 154.17 sec. (62830.53 ticks)
   3336  3035      813.6726   728     2093.0000      742.7909  1720803   64.51%
   3811  3379      817.9979   686     2093.0000      742.7909  1818791   64.51%
                                                     Cuts: 45                  
   3818  3384      824.6236   715     2093.0000      742.7909  1830448   64.51%
   3973  3529      797.1962   655     2093.0000      742.7909  1917813   64.51%
Elapsed time = 187.00 sec. (71687.04 ticks, tree = 65.85 MB, solutions = 4)
   3978  3534      897.6001   657     2093.0000      742.7909  1926752   64.51%
   4042  3594      885.3904   686     2093.0000      742.7909  1994339   64.51%
   6156  5582      970.1895   613     2093.0000      759.3465  2768619   63.72%
                                                     Cuts: 27                  
   6224  5648     1609.0000   204     2093.0000      759.3465  2795349   63.72%
   6537  5957     1014.6985   427     2093.0000      759.3465  2877655   63.72%
   6699  6111      954.7011   509     2093.0000      759.3465  2915497   63.72%
   6891  6297     1016.6646   474     2093.0000      759.3465  2956779   63.72%
   7179  6579     1158.5637   420     2093.0000      759.3465  3011768   63.72%
   7563  6949     1210.2583   341     2093.0000      759.3465  3077658   63.72%
*  7797+ 7167                         2057.0000      759.3465  3116952   63.08%
Found incumbent of value 2057.000000 after 265.67 sec. (83282.97 ticks)
   8112  7466     1015.8795   529     2057.0000      759.3465  3170770   63.08%
Elapsed time = 267.10 sec. (91199.37 ticks, tree = 125.25 MB, solutions = 4)
   8349  7682      856.1344   827     2057.0000      759.3465  3220008   63.08%
   8445  7764      873.4829   679     2057.0000      759.3465  3237605   63.08%
   8573  7882      931.7192   601     2057.0000      759.3465  3259600   63.08%
   8733  8027      964.4438   667     2057.0000      759.3465  3288113   63.08%
   8861  8151     1007.1040   602     2057.0000      759.3465  3311024   63.08%
*  8945+ 8231                         2018.0000      759.3465  3325699   62.37%
Found incumbent of value 2018.000000 after 272.03 sec. (87113.71 ticks)
   9021  8305     1082.4457   489     2018.0000      759.3465  3340067   62.37%
   9181  8457     1105.9541   477     2018.0000      759.3465  3366572   62.37%
   9533  8775     1193.5830   507     2018.0000      759.3465  3418026   62.37%
   9949  9157     1270.7018   462     2018.0000      759.3465  3503613   62.37%
  10937 10073    infeasible           2018.0000      759.3465  3774121   62.37%
Elapsed time = 303.37 sec. (118287.57 ticks, tree = 142.77 MB, solutions = 4)
  11631 10633      736.2930   817     2018.0000      772.5586  3965074   61.72%
  11632 10633      752.1918   715     2018.0000      772.5586  3969548   61.72%
  11633 10634      742.7708   909     2018.0000      772.5586  3977874   61.72%
  11634 10635      762.8351   726     2018.0000      772.5586  3979673   61.72%
  11635 10636      748.0350   939     2018.0000      772.5586  3985198   61.72%
  11636 10636      757.3138   876     2018.0000      772.5586  3994510   61.72%
  11639 10638      760.9635   783     2018.0000      772.5586  3996912   61.72%
  11640 10638      770.9541   702     2018.0000      772.5586  3997857   61.72%
                                                      Cuts: 7                  
  11645 10640      792.3789   650     2018.0000      772.5586  4009181   61.72%
  11648 10640      775.0161   701     2018.0000      772.5586  4016587   61.72%
                                                  ZeroHalf: 9                  
Elapsed time = 393.51 sec. (162758.12 ticks, tree = 127.74 MB, solutions = 6)
  11657 10645      830.2923   691     2018.0000      772.5586  4036009   61.72%
  11661 10646      839.5349   658     2018.0000      772.5586  4037732   61.72%
  11662 10647      775.4498   718     2018.0000      772.5586  4038361   61.72%
                                                  ZeroHalf: 8                  
* 11672+ 7113                         2016.0000      772.5586  4048415   61.68%
Found incumbent of value 2016.000000 after 405.26 sec. (169884.65 ticks)
  11672  7115      838.7768   613     2016.0000      772.5586  4048415   61.68%
  11683  7120      785.2431   639     2016.0000      772.5586  4060007   61.68%
                                                  ZeroHalf: 5                  
  11687  7123      801.4794   867     2016.0000      772.5586  4073959   61.68%
  11777  7172      893.0347   760     2016.0000      772.5586  4154557   61.68%
  12095  7357      894.5744   813     2016.0000      772.5586  4276682   61.68%
  12196  7416      898.6995   751     2016.0000      772.5586  4332384   61.68%
                                                     Cuts: 12                  
  12556  7637      916.5892   668     2016.0000      772.5586  4473016   61.68%
Elapsed time = 472.86 sec. (199684.95 ticks, tree = 85.96 MB, solutions = 7)
  12578  7652      819.6991   715     2016.0000      772.5586  4485551   61.68%
  12738  7739      787.1464   714     2016.0000      772.5586  4549552   61.68%
  12898  7828      801.5335   680     2016.0000      772.5586  4587906   61.68%
  14045  8497      994.1934   666     2016.0000      772.5586  4842541   61.68%
  14256  8611      930.2659   585     2016.0000      772.5586  4877974   61.68%
  14354  8668      858.6881   567     2016.0000      772.5586  4922374   61.68%
  14450  8723      880.8208   538     2016.0000      772.5586  4950704   61.68%
  14578  8788      902.8837   518     2016.0000      772.5586  4986513   61.68%
  14674  8842      924.0821   504     2016.0000      772.5586  5018614   61.68%
  14770  8881      998.6341   515     2016.0000      772.5586  5050479   61.68%
Elapsed time = 547.46 sec. (214075.96 ticks, tree = 143.18 MB, solutions = 7)
  15374  9218     1103.8501   444     2016.0000      772.5586  5199127   61.68%
  15527  9294     1028.6527   456     2016.0000      772.5586  5228832   61.68%
  15979  9541     1191.8250   481     2016.0000      772.5586  5303830   61.68%
  16048  9575     1259.4296   567     2016.0000      772.5586  5319387   61.68%
  16368  9744     1112.7348   493     2016.0000      772.5586  5376197   61.68%
  16624  9884     1063.9813   554     2016.0000      772.5586  5423510   61.68%
  17104 10146     1282.8982   466     2016.0000      772.5586  5499415   61.68%
  17739 10501     1330.5084   401     2016.0000      772.5586  5602765   61.68%
  18031 10654     1118.3667   540     2016.0000      772.5586  5645963   61.68%
  18423 10859      853.2296   567     2016.0000      772.5586  5714869   61.68%
Elapsed time = 599.14 sec. (224902.23 ticks, tree = 235.88 MB, solutions = 7)
Nodefile size = 6.63 MB (4.86 MB after compression)
  18453 10875      811.6744   841     2016.0000      772.5586  5729376   61.68%
  19802 11506      826.9698   857     2016.0000      772.5586  5980071   61.68%
  19873 11535     1224.8319   545     2016.0000      772.5586  5996006   61.68%
                                                 ZeroHalf: 10                  
  19894 11542     1459.5125   586     2016.0000      772.5586  6013087   61.68%
  19941 11557     1396.0940   558     2016.0000      772.5586  6054470   61.68%
  20023 11593     1479.5098   547     2016.0000      772.5586  6113358   61.68%
  20055 11604     1487.1842   528     2016.0000      772.5586  6147583   61.68%
  20073 11609      824.4870   790     2016.0000      772.5586  6173451   61.68%
  20087 11615     1488.1498   604     2016.0000      772.5586  6193198   61.68%
  20426 11812     1502.4828   469     2016.0000      772.5586  6479163   61.68%
Elapsed time = 683.28 sec. (246457.50 ticks, tree = 508.29 MB, solutions = 7)
Nodefile size = 304.10 MB (233.36 MB after compression)
  20982 12107     1820.7500   469     2016.0000      772.5586  6888963   61.68%
  21142 12198     1870.8750   369     2016.0000      772.5586  6965473   61.68%
  21373 12332     1252.0604   467     2016.0000      772.5586  7039672   61.68%
  22294 12810      911.5637   536     2016.0000      772.5586  7283610   61.68%
  23190 13253     1190.6822   453     2016.0000      772.5586  7455102   61.68%
  25178 14279     1612.0000   514     2016.0000      772.5586  7820877   61.68%
  27404 15411     1452.7266   537     2016.0000      772.5586  8162572   61.68%
                                                 ZeroHalf: 10                  
  28532 16334      865.0822   618     2016.0000      772.5586  8359766   61.68%
  29230 17002      788.0096   875     2016.0000      772.5586  8474131   61.68%
  29710 17474      871.8525   604     2016.0000      772.5586  8562696   61.68%
Elapsed time = 873.31 sec. (289929.53 ticks, tree = 1711.01 MB, solutions = 7)
Nodefile size = 1532.36 MB (1162.94 MB after compression)
  30542 18268     1056.2287   444     2016.0000      772.5586  8704538   61.68%
  32376 20054     1625.1206   553     2016.0000      772.5586  8980941   61.68%
  35585 23136     1563.0623   581     2016.0000      772.5586  9450427   61.68%
                                                     Cuts: 25                  
  36066 23611     1658.4147   606     2016.0000      772.5586  9588700   61.68%
  36706 24245     1725.1762   621     2016.0000      772.5586  9692471   61.68%
  37762 25274     1802.4817   620     2016.0000      772.5586  9825254   61.68%
  39879 27275     1943.4051   479     2016.0000      772.5586 10123156   61.68%
* 42463+29748                         2015.0000      772.5586 10512857   61.66%
Found incumbent of value 2015.000000 after 1010.61 sec. (314949.37 ticks)
  43486 30720     1747.5476   483     2015.0000      772.5586 10640943   61.66%
                                                      Cuts: 3                  
  43998 31201      938.0553   492     2015.0000      772.5586 10783627   61.66%
  44671 31871     1941.1242   640     2015.0000      772.5586 10913869   61.66%
Elapsed time = 1080.85 sec. (331583.33 ticks, tree = 4876.53 MB, solutions = 7)
Nodefile size = 4701.99 MB (3601.42 MB after compression)
  45823 32984     1919.5784   564     2015.0000      772.5586 11058525   61.66%
  49661 36673     1096.9366   409     2015.0000      772.5586 11597528   61.66%
* 49835+36845                         2006.0000      772.5586 11616971   61.49%
Found incumbent of value 2006.000000 after 1108.66 sec. (335195.86 ticks)
  50945 37890      790.4760   901     2006.0000      772.5586 11772355   61.49%
                                                      Cuts: 3                  
  51105 38044      805.6913   909     2006.0000      772.5586 11830053   61.49%
  58748 45364      826.0652   609     2006.0000      772.5586 12944870   61.49%
  58992 45590      913.1534   488     2006.0000      790.5682 12988176   60.59%
                                                     Cuts: 12                  
  60464 47034     1501.7862   359     2006.0000      790.5682 13254332   60.59%
  61713 48238      978.3583   561     2006.0000      790.5682 13420860   60.59%
  64530 50867      853.3483   823     2006.0000      790.5682 13877037   60.59%
* 65439+51691                         2003.0000      790.5682 13993646   60.53%
                                                      Cuts: 3                  
Found incumbent of value 2003.000000 after 1323.35 sec. (383902.51 ticks)
* 65439+51691                         1996.0000      790.5682 13993646   60.39%
Found incumbent of value 1996.000000 after 1323.57 sec. (383976.89 ticks)
* 65439+51691                         1975.0000      790.5682 13993646   59.97%
Found incumbent of value 1975.000000 after 1323.64 sec. (384004.95 ticks)
  65439 51693      957.3269   589     1975.0000      790.5682 13993646   59.97%
Elapsed time = 1324.75 sec. (384457.17 ticks, tree = 10472.85 MB, solutions = 12)
Nodefile size = 10344.24 MB (7922.50 MB after compression)
* 65440+51692                         1970.0000      790.5682 13993659   59.87%
Found incumbent of value 1970.000000 after 1324.75 sec. (377669.02 ticks)
* 65440+51692                         1912.0000      790.5682 13993659   58.65%
Found incumbent of value 1912.000000 after 1324.75 sec. (377708.25 ticks)
* 65440+51692                         1901.0000      790.5682 13993659   58.41%
Found incumbent of value 1901.000000 after 1324.75 sec. (377744.22 ticks)
* 65440+51692                         1894.0000      790.5682 13993659   58.26%
Found incumbent of value 1894.000000 after 1324.75 sec. (378048.39 ticks)
* 65463+51715                         1887.0000      790.5682 14007175   58.10%
Found incumbent of value 1887.000000 after 1326.69 sec. (378022.06 ticks)
  65472 48819      824.0931   845     1887.0000      790.5682 14018175   58.10%
* 65474+48819                         1819.0000      790.5682 14025470   56.54%
Found incumbent of value 1819.000000 after 1350.15 sec. (388518.47 ticks)
  65536 48883      845.1875   794     1819.0000      790.5682 14090383   56.54%
  66016 49363      996.7162   549     1819.0000      790.5682 14267944   56.54%
  70693 51203     1087.9394   473     1819.0000      823.8353 15115343   54.71%
                                                      Cuts: 3                  
  71583 52064     1173.5000   341     1819.0000      823.8353 15314149   54.71%
  72340 52778      955.6017   725     1819.0000      823.8353 15445197   54.71%
  75270 55529     1065.5227   417     1819.0000      823.8353 15936609   54.71%
  76221 56374      901.2676   717     1819.0000      827.3435 16121345   54.52%
                                                  ZeroHalf: 1                  
  76317 56468      944.5945   611     1819.0000      827.3435 16196932   54.52%
  76637 56772     1311.6654   439     1819.0000      827.3435 16283744   54.52%
Elapsed time = 1541.48 sec. (429545.73 ticks, tree = 9899.48 MB, solutions = 85)
Nodefile size = 9757.88 MB (7500.53 MB after compression)
  77907 57966     1004.6068   634     1819.0000      827.3435 16547891   54.52%
* 80669+60524                         1818.0000      827.3435 17081394   54.49%
Found incumbent of value 1818.000000 after 1548.23 sec. (426047.24 ticks)
  81656 61384     1018.4603   633     1818.0000      827.8991 17259282   54.46%
                                                  ZeroHalf: 3                  
  81752 61476     1055.8901   662     1818.0000      827.8991 17298322   54.46%
  81944 61657     1160.1492   566     1818.0000      827.8991 17352116   54.46%
  82392 62098     1342.0682   527     1818.0000      827.8991 17452704   54.46%
  87141 66498      880.6330   797     1818.0000      831.5604 18388556   54.26%
                                                  ZeroHalf: 2                  
  87877 67228     1198.8886   507     1818.0000      831.5604 18570728   54.26%
  89669 68877      940.0344   553     1818.0000      831.5604 18890470   54.26%
  90981 70090      918.0027   541     1818.0000      831.5604 19153623   54.26%
  92719 71701      862.7886   766     1818.0000      834.8374 19547661   54.08%
Elapsed time = 1775.75 sec. (477388.33 ticks, tree = 12878.56 MB, solutions = 86)
Nodefile size = 12730.84 MB (9750.96 MB after compression)
  92847 71822      927.7584   768     1818.0000      834.8374 19590775   54.08%
  97933 76534     1330.4583   378     1818.0000      835.9049 20607015   54.02%
  98113 76710     1052.9758   728     1818.0000      835.9049 20668603   54.02%
  98273 76866     1115.0417   686     1818.0000      835.9049 20712454   54.02%
 103074 81347     1188.6937   430     1818.0000      835.9049 21670711   54.02%
 104139 82304      890.0041   545     1818.0000      838.1303 21849999   53.90%
                                                  ZeroHalf: 2                  
 104625 82766     1064.2089   561     1818.0000      838.1303 21987252   53.90%
 106238 84292     1157.1451   407     1818.0000      838.1303 22323769   53.90%
 108386 86240     1153.9504   474     1818.0000      838.1303 22816519   53.90%
 109025 86815      861.9066   792     1818.0000      838.1303 22940404   53.90%
Elapsed time = 1958.94 sec. (521383.84 ticks, tree = 15041.34 MB, solutions = 86)
Nodefile size = 14864.86 MB (11386.88 MB after compression)
 109117 86894      887.3304   673     1818.0000      841.3107 22968586   53.72%
                                                  ZeroHalf: 3                  
*110010+87766                         1811.0000      841.3107 23185407   53.54%
Found incumbent of value 1811.000000 after 2022.84 sec. (524620.38 ticks)
 110141 87895     1397.0000   279     1811.0000      841.3107 23205669   53.54%
 112498 90076     1012.0631   536     1811.0000      841.3107 23658767   53.54%
 115073 92096     1083.3229   444     1811.0000      843.2118 24179808   53.44%
 115414 92434     1007.5253   417     1811.0000      843.2118 24296556   53.44%
 116484 93444     1001.4643   497     1811.0000      843.2118 24524462   53.44%
 118230 95069      873.4585   559     1811.0000      843.2118 24917601   53.44%
 120125 96775     1198.0000   408     1811.0000      844.7622 25289510   53.35%
                                                  ZeroHalf: 1                  
 121042 97643     1509.0000   306     1811.0000      844.7622 25506359   53.35%
 122013 98539     1207.6827   459     1811.0000      844.7622 25705156   53.35%
Elapsed time = 2187.49 sec. (568425.82 ticks, tree = 17960.20 MB, solutions = 87)
Nodefile size = 17796.23 MB (13636.95 MB after compression)
 123517 99942      972.8800   549     1811.0000      844.7622 26016277   53.35%
 126118 102334     1033.7922   536     1811.0000      847.1754 26559910   53.22%
 126775 102954     1369.9375   492     1811.0000      847.1754 26725284   53.22%
 127415 103576      869.6757   720     1811.0000      847.1754 26847327   53.22%
 130373 106306      939.2721   528     1811.0000      847.1754 27444041   53.22%
 131406 107231      973.6897   519     1811.0000      848.5321 27661212   53.15%
 132350 108147     1522.5000   243     1811.0000      848.5321 27874018   53.15%
 133178 108895      960.7991   654     1811.0000      848.5321 28040729   53.15%
 133530 109214     1166.1188   704     1811.0000      848.5321 28130582   53.15%
 137065 112466     1805.0000   115     1811.0000      849.8050 28917402   53.08%
                                                  ZeroHalf: 1                  
Elapsed time = 2381.48 sec. (613707.08 ticks, tree = 21161.62 MB, solutions = 87)
Nodefile size = 21008.94 MB (16064.04 MB after compression)
 137212 112607     1084.7443   489     1811.0000      849.8050 28971089   53.08%
 137470 112865      994.7596   731     1811.0000      849.8050 29050124   53.08%
 141241 116378     1008.8532   512     1811.0000      849.8050 29852050   53.08%
 142276 117315     1094.0939   412     1811.0000      850.6643 30057663   53.03%
 142450 117477     1018.8394   668     1811.0000      850.6643 30115524   53.03%
 143644 118599     1081.8716   771     1811.0000      850.6643 30393605   53.03%
 146667 121394     1606.1095   351     1811.0000      850.6643 31067104   53.03%
 147647 122296      906.5663   582     1811.0000      852.3024 31280494   52.94%
                                                  ZeroHalf: 1                  
 147831 122476     1227.7001   665     1811.0000      852.3024 31346675   52.94%
 148311 122935     1608.9167   403     1811.0000      852.3024 31462982   52.94%
Elapsed time = 2589.15 sec. (655489.40 ticks, tree = 23185.39 MB, solutions = 87)
Nodefile size = 23023.99 MB (17564.72 MB after compression)
 149047 123614      959.0851   505     1811.0000      852.3024 31607803   52.94%
 152165 126479      935.3082   582     1811.0000      853.7365 32313308   52.86%
 152217 126530      906.8996   721     1811.0000      853.7365 32342465   52.86%
 152921 127225     1171.6548   404     1811.0000      853.7365 32513748   52.86%
 156751 130733     1536.0000   279     1811.0000      853.7365 33297941   52.86%
 157369 131288     1565.7649   346     1811.0000      854.7804 33443892   52.80%
 157557 131473      960.5267   648     1811.0000      854.7804 33506198   52.80%
 157621 131537      985.5328   647     1811.0000      854.7804 33527641   52.80%
 159637 133400     1636.1216    95     1811.0000      854.7804 33915992   52.80%
 163555 136985     1675.0000   272     1811.0000      855.8964 34708418   52.74%
Elapsed time = 2779.15 sec. (701563.14 ticks, tree = 26217.04 MB, solutions = 87)
Nodefile size = 26059.88 MB (19835.83 MB after compression)
 164676 138068     1439.5417   409     1811.0000      855.8964 34981463   52.74%
 164919 138298      960.3429   799     1811.0000      855.8964 35041703   52.74%
 169062 142089     1162.1283   450     1811.0000      855.8964 35907359   52.74%
 169595 142566      979.0895   753     1811.0000      857.2028 36020653   52.67%
 169691 142659     1018.8034   649     1811.0000      857.2028 36056985   52.67%
 169787 142754     1081.6077   714     1811.0000      857.2028 36094576   52.67%
 174993 147550     1206.5000   353     1811.0000      857.9157 37132796   52.63%
                                                  ZeroHalf: 3                  
 176553 149034     1077.2721   462     1811.0000      857.9157 37479543   52.63%
 177419 149829     1365.4333   339     1811.0000      857.9157 37705577   52.63%
 179308 151595     1098.5625   440     1811.0000      857.9157 38104367   52.63%
Elapsed time = 3013.78 sec. (747896.53 ticks, tree = 28434.02 MB, solutions = 87)
Nodefile size = 28248.53 MB (21478.82 MB after compression)
 180922 153059      914.2998   632     1811.0000      859.3748 38435774   52.55%
 181658 153776     1292.0560   421     1811.0000      859.3748 38609729   52.55%
 183482 155456      993.0182   461     1811.0000      859.3748 38968388   52.55%
 184567 156483     1306.1484   422     1811.0000      859.3748 39184713   52.55%
 186591 158326     1044.2813   528     1811.0000      860.4675 39580601   52.49%
 186739 158474     1063.7552   634     1811.0000      860.4675 39630707   52.49%
 186899 158634     1130.4332   505     1811.0000      860.4675 39673416   52.49%
 189023 160608     1061.0872   461     1811.0000      860.4675 40085272   52.49%
 192709 164017     1779.2500    96     1811.0000      861.2151 40816363   52.45%
 192781 164087      973.1738   778     1811.0000      861.2151 40850998   52.45%
Elapsed time = 3228.25 sec. (795183.35 ticks, tree = 31820.34 MB, solutions = 87)
Nodefile size = 31663.29 MB (24047.16 MB after compression)
 192813 164119      991.4125   772     1811.0000      861.2151 40873853   52.45%
 195868 166953     1049.5085   696     1811.0000      861.2151 41775282   52.45%
 196544 167561     1097.6161   603     1811.0000      861.4444 42032232   52.43%
                                                      Cuts: 2                  
 196655 167669      938.8434   747     1811.0000      861.4444 42117248   52.43%
 196815 167829      992.8449   635     1811.0000      861.4444 42200718   52.43%
 201088 171772     1248.4444   573     1811.0000      862.5568 43091492   52.37%
 201262 171944     1426.0476   617     1811.0000      862.5568 43155856   52.37%
 202309 172945      954.4299   740     1811.0000      862.5568 43424923   52.37%
 203950 174463     1634.1290   397     1811.0000      862.5568 43783687   52.37%
 205157 175569      938.6627   718     1811.0000      862.5568 44039666   52.37%
Elapsed time = 3423.50 sec. (843643.28 ticks, tree = 32831.93 MB, solutions = 87)
Nodefile size = 32655.98 MB (24781.09 MB after compression)
 205693 176053     1023.4007   698     1811.0000      863.4329 44181268   52.32%
 205789 176149     1090.4124   685     1811.0000      863.4329 44225226   52.32%
 206173 176531     1388.9167   661     1811.0000      863.4329 44326686   52.32%
 211623 181525      961.2622   558     1811.0000      863.8065 45451505   52.30%
 211885 181780     1174.4231   555     1811.0000      863.8065 45542414   52.30%
 212109 182003     1278.7308   518     1811.0000      863.8065 45603840   52.30%
 212365 182245     1516.6667   474     1811.0000      863.8065 45666502   52.30%
 217184 186680      958.5720   520     1811.0000      864.5335 46632019   52.26%
 218510 187958      963.4117   550     1811.0000      864.5335 46907670   52.26%
 220053 189368     1274.5982   414     1811.0000      864.5335 47228171   52.26%
Elapsed time = 3669.35 sec. (889132.37 ticks, tree = 35936.54 MB, solutions = 87)
Nodefile size = 35760.30 MB (27121.72 MB after compression)
 221678 190872     1158.8000   411     1811.0000      864.5335 47563411   52.26%
 223417 192442     1313.1742   450     1811.0000      866.2732 47961077   52.17%
                                                  ZeroHalf: 1                  
 224621 193595     1521.6667   230     1811.0000      866.2732 48223687   52.17%
 225312 194208     1038.3382   605     1811.0000      866.2732 48388726   52.17%
 229206 197808     1444.6333   327     1811.0000      866.2732 49198463   52.17%
 229551 198117     1348.2800   623     1811.0000      866.9170 49281565   52.13%
 229679 198245     1383.0850   609     1811.0000      866.9170 49321961   52.13%
 229839 198405     1565.6000   522     1811.0000      866.9170 49365027   52.13%
 234925 203114     1085.0471   506     1811.0000      866.9170 50390124   52.13%
 235359 203520     1326.0562   411     1811.0000      867.6584 50502251   52.09%
Elapsed time = 3879.32 sec. (935197.14 ticks, tree = 39355.84 MB, solutions = 87)
Nodefile size = 39195.46 MB (29700.28 MB after compression)
 236766 204818     1137.6021   418     1811.0000      867.6584 50764570   52.09%
 237899 205859     1248.8994   439     1811.0000      867.6584 51016713   52.09%
 238164 206118     1000.9802   604     1811.0000      867.6584 51087107   52.09%
 241152 208859     1365.0167   438     1811.0000      868.6416 51723157   52.04%
 241319 209026     1308.1429   578     1811.0000      868.6416 51800108   52.04%
 241351 209058     1272.2187   541     1811.0000      868.6416 51824718   52.04%
 243757 211277     1024.9795   696     1811.0000      868.6416 52553766   52.04%
 245057 212471      976.9033   737     1811.0000      868.8154 52968019   52.03%
 245185 212599      981.2004   768     1811.0000      868.8154 53023014   52.03%
 245313 212723     1048.5379   690     1811.0000      868.8154 53068762   52.03%
Elapsed time = 4076.60 sec. (982043.72 ticks, tree = 40615.75 MB, solutions = 87)
Nodefile size = 40454.03 MB (30639.94 MB after compression)
 250017 217088     1110.1119   424     1811.0000      869.4260 54075188   51.99%
 250135 217205     1024.2988   674     1811.0000      869.4260 54129212   51.99%
 250331 217395     1018.8381   751     1811.0000      869.4260 54206057   51.99%
 250523 217581     1104.5798   748     1811.0000      869.4260 54258672   51.99%
 255287 221985     1195.0300   532     1811.0000      870.1916 55257951   51.95%
 255441 222134     1233.2015   738     1811.0000      870.1916 55313567   51.95%
 255569 222254     1333.2397   710     1811.0000      870.1916 55351281   51.95%
 255761 222429     1436.1189   580     1811.0000      870.1916 55399346   51.95%
 261707 227893     1268.4981   423     1811.0000      870.7813 56563096   51.92%
 263167 229283     1288.3352   637     1811.0000      870.7813 56859778   51.92%
Elapsed time = 4317.41 sec. (1028700.30 ticks, tree = 43844.36 MB, solutions = 87)
Nodefile size = 43675.55 MB (33066.71 MB after compression)
 264383 230407      931.3601   478     1811.0000      870.7813 57094893   51.92%
 266512 232336     1007.2869   765     1811.0000      870.7813 57559301   51.92%
 268269 233903      966.3835   533     1811.0000      871.7109 57960275   51.87%
 269421 234991     1532.0000   307     1811.0000      871.7109 58216214   51.87%
 270364 235855      945.9185   757     1811.0000      871.7109 58432533   51.87%
 270396 235884      969.0142   770     1811.0000      871.7109 58445404   51.87%
 273548 238779      931.6120   442     1811.0000      872.3326 59132097   51.83%
 273659 238890     1013.9077   854     1811.0000      872.3326 59177247   51.83%
 273723 238952     1080.9296   814     1811.0000      872.3326 59202742   51.83%
 273851 239077     1149.7273   590     1811.0000      872.3326 59244529   51.83%
Elapsed time = 4519.67 sec. (1072161.78 ticks, tree = 46104.46 MB, solutions = 87)
Nodefile size = 45940.69 MB (34780.20 MB after compression)
 279797 244520     1091.6952   578     1811.0000      872.7141 60442013   51.81%
                                                    Covers: 2                  
 279879 244598     1067.3414   767     1811.0000      872.7141 60482221   51.81%
 280007 244722     1151.5903   759     1811.0000      872.7141 60533935   51.81%
 284238 248648      990.8283   456     1811.0000      872.7141 61442017   51.81%
 285815 250089     1273.6768   467     1811.0000      873.3305 61765321   51.78%
                                                  ZeroHalf: 2                  
 286025 250298     1299.3436   692     1811.0000      873.3305 61823487   51.78%
 286185 250447     1481.1111   651     1811.0000      873.3305 61867950   51.78%
 289709 253685      933.4893   757     1811.0000      873.3305 62524061   51.78%
 291776 255608     1031.0029   566     1811.0000      874.1694 62948213   51.73%
 292144 255964     1059.3893   486     1811.0000      874.1694 63056984   51.73%
Elapsed time = 4735.01 sec. (1118584.31 ticks, tree = 49608.13 MB, solutions = 87)
Nodefile size = 49444.16 MB (37418.84 MB after compression)
 293264 257036     1442.0000   256     1811.0000      874.1694 63286787   51.73%
 294228 257918     1372.4808   408     1811.0000      874.1694 63485887   51.73%
 297067 260528     1314.8125   357     1811.0000      874.6849 64055816   51.70%
 297372 260821     1380.9744   434     1811.0000      874.6849 64137200   51.70%
 299036 262372     1396.8125   358     1811.0000      874.6849 64438346   51.70%
 300252 263516     1104.0272   542     1811.0000      874.6849 64664915   51.70%
 303416 266399      893.3266   571     1811.0000      874.6849 65334379   51.70%
 303848 266800     1058.7516   758     1811.0000      875.4090 65430851   51.66%
 303944 266892     1111.4203   727     1811.0000      875.4090 65459489   51.66%
 304264 267192     1246.5991   565     1811.0000      875.4090 65534196   51.66%
Elapsed time = 4936.55 sec. (1159820.88 ticks, tree = 51929.62 MB, solutions = 87)
Nodefile size = 51762.44 MB (39157.28 MB after compression)
 305384 268237      916.7481   715     1811.0000      875.4090 65744999   51.66%
 310324 272780     1222.3039   408     1811.0000      875.8014 66802132   51.64%
 311138 273548      975.1903   662     1811.0000      875.8014 66996550   51.64%
 311618 274013     1161.0801   505     1811.0000      875.8014 67097840   51.64%
 314375 276543      916.1181   515     1811.0000      875.8014 67655501   51.64%
 315678 277713     1159.3810   433     1811.0000      876.4176 67897482   51.61%
 315811 277840     1213.8953   676     1811.0000      876.4176 67943101   51.61%
 316003 278032     1376.0857   634     1811.0000      876.4176 67998392   51.61%
 316291 278310     1575.1000   320     1811.0000      876.4176 68069375   51.61%
 322058 283626     1123.2466   491     1811.0000      876.5963 69223153   51.60%
Elapsed time = 5139.53 sec. (1204437.92 ticks, tree = 55441.92 MB, solutions = 87)
Nodefile size = 55281.35 MB (41810.85 MB after compression)
 323253 284757     1099.5484   512     1811.0000      876.5963 69496662   51.60%
 325077 286455     1272.1273   415     1811.0000      876.5963 69862227   51.60%
 326678 287921      934.3047   796     1811.0000      876.5963 70212661   51.60%
 328447 289531      962.5459   489     1811.0000      877.7348 70582486   51.53%
 329311 290355     1146.4571   440     1811.0000      877.7348 70808658   51.53%
 330272 291228     1187.6117   481     1811.0000      877.7348 71027511   51.53%
 331648 292492     1099.0434   456     1811.0000      877.7348 71271026   51.53%
 334999 295575     1283.4583   379     1811.0000      878.2641 71949736   51.50%
 335434 296007     1157.0633   413     1811.0000      878.2641 72067475   51.50%
 336810 297260      996.8592   513     1811.0000      878.2641 72352622   51.50%
Elapsed time = 5371.07 sec. (1249633.90 ticks, tree = 57943.80 MB, solutions = 87)
Nodefile size = 57771.02 MB (43690.51 MB after compression)
 338012 298365      948.6222   629     1811.0000      878.2641 72605454   51.50%
 340666 300790     1043.4209   463     1811.0000      878.7744 73187646   51.48%
 342359 302406     1273.2522   459     1811.0000      878.7744 73485761   51.48%
 342883 302872      963.1027   813     1811.0000      878.7744 73597365   51.48%
 342979 302962     1002.3512   756     1811.0000      878.7744 73623110   51.48%
 347899 307484      896.9354   644     1811.0000      879.4954 74604197   51.44%
 348891 308397     1559.0000   307     1811.0000      879.4954 74793906   51.44%
 349604 309077     1105.8952   521     1811.0000      879.4954 74955081   51.44%
 351320 310663     1323.3161   425     1811.0000      879.4954 75327267   51.44%
 353855 312984     1699.1667   272     1811.0000      880.1303 75853183   51.40%
Elapsed time = 5573.75 sec. (1295761.55 ticks, tree = 61562.06 MB, solutions = 87)
Nodefile size = 61399.80 MB (46430.27 MB after compression)
 354623 313726     1202.7593   464     1811.0000      880.1303 76033570   51.40%
 355583 314599      966.7170   528     1811.0000      880.1303 76219681   51.40%
 356831 315754      925.1146   564     1811.0000      880.1303 76463181   51.40%
 356977 315886     1008.7884   786     1811.0000      880.1303 76502074   51.40%
 358997 317765     1006.3746   514     1811.0000      880.6094 76983763   51.37%
 359354 318098     1535.0000   283     1811.0000      880.6094 77044750   51.37%
 364510 322855      908.7073   537     1811.0000      880.6094 78126276   51.37%
 364621 322957     1043.3753   582     1811.0000      880.8810 78158816   51.36%
 364877 323204     1124.2457   515     1811.0000      880.8810 78220305   51.36%
 365837 324081     1468.3632   370     1811.0000      880.8810 78409190   51.36%
Elapsed time = 5787.74 sec. (1340354.29 ticks, tree = 63435.97 MB, solutions = 87)
Nodefile size = 63263.53 MB (47822.54 MB after compression)
 368593 326598      979.4623   534     1811.0000      880.8810 79032917   51.36%
 370824 328633     1751.0000   238     1811.0000      881.3247 79451834   51.33%
 372712 330418     1138.1568   439     1811.0000      881.3247 79820995   51.33%
 373979 331597     1270.2500   369     1811.0000      881.3247 80107291   51.33%
 375721 333194     1386.5577   430     1811.0000      881.3247 80440507   51.33%
 377475 334791     1004.4918   566     1811.0000      882.1513 80801475   51.29%
 377838 335148     1099.6703   664     1811.0000      882.1513 80954386   51.29%
 378158 335463     1163.1679   455     1811.0000      882.1513 81063603   51.29%
 380511 337644      981.7408   571     1811.0000      882.1513 81626417   51.29%
 381602 338628      995.2975   556     1811.0000      882.2973 81957949   51.28%
Elapsed time = 5983.75 sec. (1386401.95 ticks, tree = 66017.28 MB, solutions = 87)
Nodefile size = 65855.61 MB (49762.62 MB after compression)
 381610 338636      901.8345   711     1811.0000      882.2973 81972049   51.28%
 381674 338700      981.2450   722     1811.0000      882.2973 82010156   51.28%
 387957 344524     1375.7917   378     1811.0000      882.5614 83235306   51.27%
 388441 344989     1170.2149   661     1811.0000      882.5614 83385909   51.27%
 389724 346184     1276.5129   405     1811.0000      882.5614 83641476   51.27%
 391132 347476     1233.6757   452     1811.0000      882.5614 83925878   51.27%
 394465 350547     1409.4079   423     1811.0000      883.3323 84562834   51.22%
 394633 350711     1046.8931   689     1811.0000      883.3323 84621668   51.22%
 394761 350839     1064.6781   722     1811.0000      883.3323 84659087   51.22%
 394857 350935     1083.5109   710     1811.0000      883.3323 84687936   51.22%
Elapsed time = 6213.33 sec. (1437285.79 ticks, tree = 68494.12 MB, solutions = 87)
Nodefile size = 68326.95 MB (51612.60 MB after compression)
 400889 356510     1664.4000   168     1811.0000      883.5453 85902047   51.21%
 401089 356704     1143.4722   707     1811.0000      883.5453 85956928   51.21%
 401313 356917     1211.5958   663     1811.0000      883.5453 86013316   51.21%
 405760 361008     1019.7023   482     1811.0000      883.5453 86969520   51.21%
 406235 361435     1528.1875   355     1811.0000      884.0546 87067218   51.18%
 406563 361753     1486.0000   482     1811.0000      884.0546 87154449   51.18%
 406723 361911     1617.5435   511     1811.0000      884.0546 87193491   51.18%
 406883 362053     1642.2879   444     1811.0000      884.0546 87231825   51.18%
 411608 366402     1586.6429   320     1811.0000      884.3642 88187773   51.17%
 412441 367207     1339.0446   401     1811.0000      884.3642 88387363   51.17%
Elapsed time = 6441.42 sec. (1481174.77 ticks, tree = 71801.70 MB, solutions = 87)
Nodefile size = 71632.75 MB (54094.20 MB after compression)
 414073 368689     1193.9447   510     1811.0000      884.3642 88719391   51.17%
 415297 369835      923.1827   597     1811.0000      884.3642 88962074   51.17%
 418003 372307     1100.8103   452     1811.0000      885.1570 89508427   51.12%
 418232 372528      996.1925   711     1811.0000      885.1570 89593917   51.12%
 418446 372742     1181.7239   593     1811.0000      885.1570 89659628   51.12%
 419722 373942      932.0556   528     1811.0000      885.1570 89963544   51.12%
 423797 377699     1301.7631   355     1811.0000      885.5055 90812383   51.10%
 423916 377816      978.9184   733     1811.0000      885.5055 90863278   51.10%
 424110 378000     1101.5398   786     1811.0000      885.5055 90928702   51.10%
 427935 381581      944.6840   589     1811.0000      885.5055 91722558   51.10%
Elapsed time = 6646.97 sec. (1527295.59 ticks, tree = 74193.13 MB, solutions = 87)
Nodefile size = 73987.58 MB (55869.52 MB after compression)
 429860 383343     1118.0000   340     1811.0000      885.7897 92127208   51.09%
 430157 383622     1308.9391   477     1811.0000      885.7897 92199499   51.09%
 433372 386598      988.8449   701     1811.0000      885.7897 92848961   51.09%
 435741 388767      997.3754   557     1811.0000      886.3035 93319947   51.06%
 436677 389660     1421.5000   306     1811.0000      886.3035 93535818   51.06%
 437893 390756      920.3072   715     1811.0000      886.3035 93773271   51.06%
 437989 390848      946.3007   693     1811.0000      886.3035 93804931   51.06%
 441739 394309      906.3460   743     1811.0000      886.3035 94556170   51.06%
 442475 394974      936.2304   644     1811.0000      886.6763 94684464   51.04%
 442995 395486     1139.6461   545     1811.0000      886.6763 94832439   51.04%
Elapsed time = 6866.52 sec. (1574711.14 ticks, tree = 77750.19 MB, solutions = 87)
Nodefile size = 77581.42 MB (58569.81 MB after compression)
 443187 395666     1226.0163   602     1811.0000      886.6763 94876358   51.04%
 447586 399738     1586.0000   347     1811.0000      886.6763 95714683   51.04%
 449292 401292      977.2647   513     1811.0000      887.1812 96017854   51.01%
 449453 401449     1050.7790   768     1811.0000      887.1812 96080651   51.01%
 449581 401573     1142.9778   603     1811.0000      887.1812 96122624   51.01%
 453279 405005     1387.2647   396     1811.0000      887.1812 96901232   51.01%
 454785 406364      935.4764   465     1811.0000      887.1812 97165484   51.01%
 456394 407869      957.5503   562     1811.0000      887.1812 97530790   51.01%
 456745 408185     1083.4218   539     1811.0000      887.1812 97623453   51.01%
 457929 409298      938.9331   618     1811.0000      887.1812 97877776   51.01%
Elapsed time = 7065.26 sec. (1617360.52 ticks, tree = 80117.98 MB, solutions = 87)
Nodefile size = 79935.65 MB (60341.59 MB after compression)
 461293 412384     1233.8333   424     1811.0000      888.1038 98523201   50.96%
 461424 412501      954.5766   736     1811.0000      888.1038 98567390   50.96%
 461552 412625     1017.6113   696     1811.0000      888.1038 98611606   50.96%
 462853 413831     1093.9384   748     1811.0000      888.1038 98890739   50.96%
*463113+414064                         1740.0000      888.1038 98959091   48.96%
Found incumbent of value 1740.000000 after 7158.31 sec. (1624832.92 ticks)
 466592 375478     1123.6318   694     1740.0000      888.1458 99665226   48.96%
 466720 375604     1202.5570   635     1740.0000      888.1458 99712407   48.96%
 466976 375856     1304.5993   577     1740.0000      888.1458 99785609   48.96%
 468160 376971     1022.9742   552     1740.0000      888.1458 1.00e+08   48.96%
 472613 380993     1523.2292   362     1740.0000      888.8737 1.01e+08   48.92%
 473381 381709     1160.6860   543     1740.0000      888.8737 1.01e+08   48.92%
Elapsed time = 7282.52 sec. (1663318.35 ticks, tree = 75019.98 MB, solutions = 88)
Nodefile size = 74852.85 MB (56364.22 MB after compression)
 473921 382199     1113.5790   546     1740.0000      888.8737 1.01e+08   48.92%
 474946 383145     1035.6719   482     1740.0000      888.8737 1.02e+08   48.92%
*475722+383850                         1738.0000      888.8737 1.02e+08   48.86%
Found incumbent of value 1738.000000 after 7327.38 sec. (1664506.43 ticks)
 478131 384564     1183.4775   449     1738.0000      889.1929 1.02e+08   48.84%
 479444 385751      992.4023   643     1738.0000      889.1929 1.03e+08   48.84%
 479572 385863     1065.4509   764     1738.0000      889.1929 1.03e+08   48.84%
 479604 385892     1078.8864   765     1738.0000      889.1929 1.03e+08   48.84%
 483219 389160      942.2545   620     1738.0000      889.4402 1.04e+08   48.82%
 483516 389450     1221.4325   719     1738.0000      889.4402 1.04e+08   48.82%
 483676 389606     1320.5000   519     1738.0000      889.4402 1.04e+08   48.82%
 488454 393950     1243.5227   458     1738.0000      889.4402 1.05e+08   48.82%
Elapsed time = 7499.01 sec. (1709563.11 ticks, tree = 76747.25 MB, solutions = 89)
Nodefile size = 76548.85 MB (57633.78 MB after compression)
 488740 394174     1091.5359   603     1738.0000      889.4402 1.05e+08   48.82%
 488976 394407     1262.9379   587     1738.0000      889.4402 1.05e+08   48.82%
 490042 395389      960.1766   769     1738.0000      889.4402 1.05e+08   48.82%
 493027 398094     1130.9240   738     1738.0000      890.1948 1.06e+08   48.78%
 493067 398132      972.3693   750     1738.0000      890.1948 1.06e+08   48.78%
 493163 398222     1034.3659   668     1738.0000      890.1948 1.06e+08   48.78%
 493259 398313     1034.6667   726     1738.0000      890.1948 1.06e+08   48.78%
 498652 403209     1201.8844   497     1738.0000      890.2605 1.07e+08   48.78%
 498790 403340     1075.5684   747     1738.0000      890.2605 1.08e+08   48.78%
 498911 403457      979.1590   758     1738.0000      890.2605 1.08e+08   48.78%
Elapsed time = 7724.45 sec. (1753862.98 ticks, tree = 78895.85 MB, solutions = 89)
Nodefile size = 78730.73 MB (59245.74 MB after compression)
 499007 403547     1023.8500   746     1738.0000      890.2605 1.08e+08   48.78%
 502630 406810      967.8518   550     1738.0000      890.4137 1.08e+08   48.77%
 502856 407027     1653.2000   552     1738.0000      890.4137 1.09e+08   48.77%
 503624 407737     1132.5296   513     1738.0000      890.4137 1.09e+08   48.77%
 504122 408198     1015.0763   779     1738.0000      890.4137 1.09e+08   48.77%
 508389 412072     1113.9800   510     1738.0000      891.3103 1.10e+08   48.72%
 508526 412208      988.8811   653     1738.0000      891.3103 1.10e+08   48.72%
 508782 412459     1138.4392   603     1738.0000      891.3103 1.10e+08   48.72%
 511507 414941     1350.7032   427     1738.0000      891.3103 1.11e+08   48.72%
 514298 417451      960.7473   676     1738.0000      891.5280 1.11e+08   48.70%
                                                  ZeroHalf: 1                  
Elapsed time = 7938.03 sec. (1799491.14 ticks, tree = 81822.77 MB, solutions = 89)
Nodefile size = 81660.43 MB (61453.18 MB after compression)
 514746 417880     1279.4896   510     1738.0000      891.5280 1.11e+08   48.70%
 515831 418846      941.5017   719     1738.0000      891.5280 1.11e+08   48.70%
 515895 418902      959.0381   736     1738.0000      891.5280 1.11e+08   48.70%
 520223 422821     1082.9827   523     1738.0000      892.1302 1.12e+08   48.67%
 520398 422992     1045.3639   747     1738.0000      892.1302 1.13e+08   48.67%
 520526 423115     1086.6554   716     1738.0000      892.1302 1.13e+08   48.67%
 520654 423238     1089.2202   742     1738.0000      892.1302 1.13e+08   48.67%
 526127 428229     1231.2083   303     1738.0000      892.2872 1.14e+08   48.66%
 526302 428398     1158.5067   712     1738.0000      892.2872 1.14e+08   48.66%
 526430 428512     1171.0357   588     1738.0000      892.2872 1.14e+08   48.66%
Elapsed time = 8160.99 sec. (1843427.72 ticks, tree = 84085.72 MB, solutions = 89)
Nodefile size = 83922.89 MB (63142.00 MB after compression)
 526590 428657     1274.4578   592     1738.0000      892.2872 1.14e+08   48.66%
 530822 432463     1081.8303   460     1738.0000      892.6274 1.15e+08   48.64%
 531285 432916     1480.6000   489     1738.0000      892.6274 1.15e+08   48.64%
 531893 433468     1051.0747   539     1738.0000      892.6274 1.15e+08   48.64%
 532778 434275     1424.1400   651     1738.0000      892.6274 1.15e+08   48.64%
 536820 437910      999.7797   569     1738.0000      893.0621 1.16e+08   48.62%
 537748 438793     1514.5000   367     1738.0000      893.0621 1.17e+08   48.62%
 538108 439110     1095.6636   479     1738.0000      893.0621 1.17e+08   48.62%
 539065 439974     1132.1739   696     1738.0000      893.0621 1.17e+08   48.62%
 541399 442057     1193.5381   437     1738.0000      893.5832 1.17e+08   48.59%
Elapsed time = 8349.22 sec. (1887365.30 ticks, tree = 86949.81 MB, solutions = 89)
Nodefile size = 86789.81 MB (65289.91 MB after compression)
 541510 442168      996.9723   778     1738.0000      893.5832 1.17e+08   48.59%
 541606 442262     1025.0823   702     1738.0000      893.5832 1.18e+08   48.59%
 541670 442326     1043.1246   669     1738.0000      893.5832 1.18e+08   48.59%
 547146 447280     1232.8418   514     1738.0000      893.7192 1.19e+08   48.58%
 547321 447455     1126.5000   670     1738.0000      893.7192 1.19e+08   48.58%
 547545 447672     1224.4524   608     1738.0000      893.7192 1.19e+08   48.58%
 548185 448262     1433.3333   239     1738.0000      893.7192 1.19e+08   48.58%
 552762 452385     1107.2324   504     1738.0000      894.0512 1.20e+08   48.56%
 553942 453479      946.1609   684     1738.0000      894.0512 1.20e+08   48.56%
 554806 454262     1464.9032   406     1738.0000      894.0512 1.21e+08   48.56%
Elapsed time = 8585.15 sec. (1933993.77 ticks, tree = 89108.86 MB, solutions = 89)
Nodefile size = 88934.91 MB (66903.24 MB after compression)
 557350 456582      941.5474   727     1738.0000      894.0512 1.21e+08   48.56%
 557934 457057      926.6737   625     1738.0000      894.5585 1.21e+08   48.53%
 558158 457271     1071.6839   517     1738.0000      894.5585 1.21e+08   48.53%
 558674 457756     1231.5312   469     1738.0000      894.5585 1.22e+08   48.53%
 559169 458200     1135.6810   658     1738.0000      894.5585 1.22e+08   48.53%
 563663 462227      960.2610   505     1738.0000      894.8401 1.23e+08   48.51%
 565039 463489     1012.2673   565     1738.0000      894.8401 1.23e+08   48.51%
 566351 464672      958.9244   514     1738.0000      894.8401 1.23e+08   48.51%
 567247 465506     1192.4140   402     1738.0000      894.8401 1.24e+08   48.51%
 569609 467599     1053.3729   481     1738.0000      895.3793 1.24e+08   48.48%
Elapsed time = 8785.37 sec. (1979418.64 ticks, tree = 92252.96 MB, solutions = 89)
Nodefile size = 92093.35 MB (69263.86 MB after compression)
 570299 468252     1086.1531   565     1738.0000      895.3793 1.24e+08   48.48%
 571785 469589      980.9738   663     1738.0000      895.3793 1.25e+08   48.48%
 571881 469681     1041.3789   626     1738.0000      895.3793 1.25e+08   48.48%
 575607 473063     1076.2446   552     1738.0000      895.6341 1.25e+08   48.47%
 575794 473242     1050.4399   689     1738.0000      895.6341 1.26e+08   48.47%
 575954 473390     1088.5171   684     1738.0000      895.6341 1.26e+08   48.47%
 580107 477191      961.8257   543     1738.0000      895.6341 1.27e+08   48.47%
 581372 478301     1142.4527   480     1738.0000      895.8537 1.27e+08   48.45%
 581554 478468     1186.3340   772     1738.0000      895.8537 1.27e+08   48.45%
 581682 478588     1268.4757   720     1738.0000      895.8537 1.27e+08   48.45%
Elapsed time = 9020.76 sec. (2024770.57 ticks, tree = 94481.49 MB, solutions = 89)
Nodefile size = 94321.04 MB (70934.73 MB after compression)
 585239 481819      922.8266   619     1738.0000      895.8537 1.28e+08   48.45%
 586427 482813     1205.2876   445     1738.0000      896.1848 1.28e+08   48.44%
 586709 483095     1039.3509   716     1738.0000      896.1848 1.28e+08   48.44%
 586869 483255     1104.2203   670     1738.0000      896.1848 1.28e+08   48.44%
 590772 486830     1232.4095   466     1738.0000      896.1848 1.29e+08   48.44%
 592656 488521     1249.3217   627     1738.0000      896.4699 1.29e+08   48.42%
 592912 488768     1409.0421   568     1738.0000      896.4699 1.29e+08   48.42%
 593136 488984     1564.4216   418     1738.0000      896.4699 1.30e+08   48.42%
 597511 492953     1523.1667   376     1738.0000      896.4699 1.30e+08   48.42%
 597572 492991      988.3587   486     1738.0000      896.9302 1.30e+08   48.39%
                                                  ZeroHalf: 1                  
Elapsed time = 9214.27 sec. (2069094.32 ticks, tree = 97523.52 MB, solutions = 89)
Nodefile size = 97367.48 MB (73230.50 MB after compression)
 598944 494255     1262.3689   567     1738.0000      896.9302 1.31e+08   48.39%
 599087 494390     1187.5774   402     1738.0000      896.9302 1.31e+08   48.39%
 601800 496873     1309.0966   472     1738.0000      896.9302 1.31e+08   48.39%
 603666 498503     1537.3333   316     1738.0000      897.2358 1.32e+08   48.38%
 603808 498641     1051.7459   638     1738.0000      897.2358 1.32e+08   48.38%
 603918 498751     1031.0627   587     1738.0000      897.2358 1.32e+08   48.38%
 604000 498829     1141.9002   652     1738.0000      897.2358 1.32e+08   48.38%
 609437 503699      979.1543   805     1738.0000      897.3744 1.33e+08   48.37%
 609620 503878     1030.2409   750     1738.0000      897.3744 1.33e+08   48.37%
 613467 507318     1069.8031   737     1738.0000      897.4953 1.35e+08   48.36%
Elapsed time = 9478.11 sec. (2124893.08 ticks, tree = 100040.86 MB, solutions = 89)
Nodefile size = 99886.63 MB (75100.55 MB after compression)
 613531 507382     1073.1760   674     1738.0000      897.4953 1.35e+08   48.36%
 613598 507447     1072.6798   703     1738.0000      897.4953 1.35e+08   48.36%
 613694 507539     1128.8962   750     1738.0000      897.4953 1.35e+08   48.36%
 618588 511987     1161.1960   700     1738.0000      897.7640 1.36e+08   48.34%
 618716 512107     1238.7708   625     1738.0000      897.7640 1.36e+08   48.34%
 618844 512215     1304.3068   558     1738.0000      897.7640 1.36e+08   48.34%
 619132 512481     1417.1905   543     1738.0000      897.7640 1.36e+08   48.34%
 624121 516988     1027.0076   525     1738.0000      897.9832 1.37e+08   48.33%
                                                    Covers: 3                  
 624351 517210     1478.8667   599     1738.0000      897.9832 1.37e+08   48.33%
 624959 517790     1006.6859   527     1738.0000      897.9832 1.37e+08   48.33%
Elapsed time = 9664.78 sec. (2169621.31 ticks, tree = 102051.10 MB, solutions = 89)
Nodefile size = 101888.81 MB (76603.43 MB after compression)
 626335 519041     1131.3144   460     1738.0000      897.9832 1.38e+08   48.33%
 629918 522262     1075.7396   544     1738.0000      898.6585 1.39e+08   48.29%
                                                    Covers: 4                  
 630130 522459     1279.4167   609     1738.0000      898.6585 1.39e+08   48.29%
 630290 522611     1362.5000   600     1738.0000      898.6585 1.39e+08   48.29%
 630546 522846     1602.5000   463     1738.0000      898.6585 1.39e+08   48.29%
 635680 527513     1551.0095   331     1738.0000      898.8393 1.40e+08   48.28%
 636012 527823      944.5301   495     1738.0000      898.8393 1.40e+08   48.28%
 636263 528060     1098.4194   500     1738.0000      898.8393 1.40e+08   48.28%
 637405 529096     1065.4301   491     1738.0000      898.8393 1.40e+08   48.28%
 639649 531103     1195.4643   678     1738.0000      899.1673 1.41e+08   48.26%
                                                  ZeroHalf: 2                  
Elapsed time = 9917.30 sec. (2223107.98 ticks, tree = 104959.19 MB, solutions = 89)
Nodefile size = 104801.85 MB (78789.92 MB after compression)
 639901 531343     1179.8571   439     1738.0000      899.1673 1.41e+08   48.26%
 640994 532351     1007.5199   497     1738.0000      899.1673 1.41e+08   48.26%
 643310 534442     1038.2992   527     1738.0000      899.2782 1.42e+08   48.26%
 644146 535237      968.0153   512     1738.0000      899.2782 1.42e+08   48.26%
 644563 535605      924.8114   591     1738.0000      899.2782 1.42e+08   48.26%
 647234 538045     1027.7378   560     1738.0000      899.5507 1.43e+08   48.24%
                                                    Covers: 3                  
 647417 538217     1296.2398   422     1738.0000      899.5507 1.43e+08   48.24%
 647576 538359     1245.8000   469     1738.0000      899.5507 1.43e+08   48.24%
 649458 540076     1223.9304   405     1738.0000      899.5507 1.43e+08   48.24%
 649471 540087     1157.1112   477     1738.0000      899.5507 1.43e+08   48.24%
Elapsed time = 10239.36 sec. (2391933.11 ticks, tree = 106316.79 MB, solutions = 89)
Nodefile size = 106137.22 MB (79787.26 MB after compression)
 649474 540090      968.0580   554     1738.0000      899.5507 1.43e+08   48.24%
 651581 542012     1193.4022   442     1738.0000      899.6327 1.43e+08   48.24%
 651905 542320     1127.8789   503     1738.0000      899.6327 1.44e+08   48.24%
 652241 542611     1306.1667   339     1738.0000      899.6327 1.44e+08   48.24%
 652722 543032     1335.5625   394     1738.0000      899.6327 1.44e+08   48.24%
 655722 545737     1195.0057   499     1738.0000      899.8926 1.44e+08   48.22%
 656080 546073     1453.3750   342     1738.0000      899.8926 1.45e+08   48.22%
 659647 549274     1273.5000   390     1738.0000      900.0237 1.45e+08   48.21%
 659718 549345     1314.3023   497     1738.0000      900.0237 1.45e+08   48.21%
 659791 549418     1168.2224   466     1738.0000      900.0237 1.45e+08   48.21%
Elapsed time = 10646.48 sec. (2590649.30 ticks, tree = 108731.09 MB, solutions = 89)
Nodefile size = 108570.62 MB (81610.95 MB after compression)
 661920 551360      958.8629   595     1738.0000      900.0237 1.46e+08   48.21%
 663037 552358     1043.8858   718     1738.0000      900.3266 1.46e+08   48.20%
 663261 552572     1179.0959   599     1738.0000      900.3266 1.46e+08   48.20%
*663305+552614                         1736.0000      900.3266 1.46e+08   48.14%
Found incumbent of value 1736.000000 after 10694.16 sec. (2615498.86 ticks)
 663453 552764     1269.5983   604     1736.0000      900.3266 1.46e+08   48.14%
*666065+555131                         1718.0000      900.3266 1.47e+08   47.59%
Found incumbent of value 1718.000000 after 10725.04 sec. (2619991.13 ticks)
*668860+557659                         1716.0000      900.3266 1.47e+08   47.53%
Found incumbent of value 1716.000000 after 10725.04 sec. (2628614.27 ticks)
 669231 539556     1542.9848   248     1716.0000      900.3787 1.47e+08   47.53%
 670507 540718     1643.6545   274     1716.0000      900.3787 1.48e+08   47.53%
 671734 541855     1441.7036   450     1716.0000      900.3787 1.48e+08   47.53%
 672558 542583     1507.4739   309     1716.0000      900.3787 1.48e+08   47.53%

GUB cover cuts applied:  1
Cover cuts applied:  25
Implied bound cuts applied:  7
Zero-half cuts applied:  277
Gomory fractional cuts applied:  5

Root node processing (before b&c):
  Real time             =   29.20 sec. (15378.43 ticks)
Parallel b&c, 32 threads:
  Real time             = 10802.53 sec. (2631740.48 ticks)
  Sync time (average)   =    0.51 sec.
  Wait time (average)   =    0.00 sec.
                          ------------
Total (root+branch&cut) = 10831.72 sec. (2647118.92 ticks)


Solution status: Feasible
Execution time: 10832.3 sec
Gap: 0.47503
