Mon Jul 16 09:07:31 2018

Tried aggregator 2 times.
MIP Presolve eliminated 7590 rows and 109 columns.
Aggregator did 324 substitutions.
Reduced MIP has 7133 rows, 1840 columns, and 26504 nonzeros.
Reduced MIP has 1840 binaries, 0 generals, 0 SOSs, and 0 indicators.
Presolve time = 0.13 sec. (36.18 ticks)
Probing time = 0.01 sec. (1.32 ticks)
Tried aggregator 1 time.
Presolve time = 0.04 sec. (11.23 ticks)
Probing time = 0.01 sec. (1.32 ticks)
Clique table members: 7363.
MIP emphasis: balance optimality and feasibility.
MIP search method: dynamic search.
Parallel mode: deterministic, using up to 32 threads.
Root relaxation solution time = 0.71 sec. (51.39 ticks)

        Nodes                                         Cuts/
   Node  Left     Objective  IInf  Best Integer    Best Bound    ItCnt     Gap

      0     0      680.0000   177                    680.0000      679         
      0     0      758.9679   307                    Cuts: 79     1732         
      0     0      778.1118   340                    Cuts: 48     2132         
      0     0      780.4615   346                    Cuts: 36     2363         
      0     0      781.0000   238                    Cuts: 21     2490         
      0     0      781.0000   307                    Cuts: 54     2554         
      0     0      781.0000   291                    Cuts: 10     2674         
      0     0      781.0000   254                    Cuts: 26     2790         
      0     0      781.0000   258                    Cuts: 38     2858         
*     0+    0                         2090.0000      781.0000     2858   62.63%
Found incumbent of value 2090.000000 after 3.49 sec. (1800.80 ticks)
      0     2      781.0000   248     2090.0000      781.0000     2858   62.63%
Elapsed time = 3.78 sec. (1970.91 ticks, tree = 0.01 MB, solutions = 1)
      2     4      781.6889   362     2090.0000      781.0000     5785   62.63%
      5     7      794.0179   357     2090.0000      781.7451     7178   62.60%
      6     8      790.0588   373     2090.0000      781.7451     9698   62.60%
     12    14      788.5524   393     2090.0000      783.4000    14973   62.52%
                                                      Cuts: 6                  
     27    29      789.6667   268     2090.0000      785.6424    26270   62.41%
                                                  Impl Bds: 2                  
     50    52      790.8667   295     2090.0000      786.0000    34747   62.39%
                                                 Impl Bds: 10                  
     72    74      791.6667   266     2090.0000      786.0000    41600   62.39%
*   593+  593                         1349.0000      786.0000   127871   41.73%
Found incumbent of value 1349.000000 after 9.66 sec. (4933.65 ticks)
*   787   780      integral     0     1306.0000      786.0000   143306   39.82%
Found incumbent of value 1306.000000 after 9.66 sec. (5413.73 ticks)
    804   776      791.7500   246     1306.0000      788.5867   145760   39.62%
                                                 Impl Bds: 12                  
*   913+  882                         1271.0000      788.5867   169901   37.96%
Found incumbent of value 1271.000000 after 12.08 sec. (5487.82 ticks)
*  1433  1369      integral     0     1226.0000      788.5867   230279   35.68%
Elapsed time = 12.08 sec. (6046.07 ticks, tree = 2.39 MB, solutions = 4)
Found incumbent of value 1226.000000 after 12.08 sec. (6046.07 ticks)
   1609  1401      836.7500   221     1226.0000      788.5867   250825   35.68%
                                                     Cuts: 24                  
*  1661+ 1449                         1176.0000      788.5867   265809   32.94%
Found incumbent of value 1176.000000 after 14.08 sec. (6742.95 ticks)
   2797  2262      838.3813   369     1176.0000      788.5867   427562   32.94%
                                                     Cuts: 19                  
   2961  2406      846.0000   161     1176.0000      788.5867   472595   32.94%
   4327  3652      797.7292   398     1176.0000      790.8667   682750   32.75%
                                                     Cuts: 14                  
   4471  3790      869.4167   212     1176.0000      790.8667   755257   32.75%
   4839  4142      940.5000   178     1176.0000      790.8667   821159   32.75%
*  5688  4885      integral     0     1110.0000      790.8667   948169   28.75%
Found incumbent of value 1110.000000 after 26.89 sec. (12544.43 ticks)
*  6008+ 5140                         1109.0000      790.8667   995642   28.69%
Found incumbent of value 1109.000000 after 26.89 sec. (12103.17 ticks)
   6747  4864      965.7500   353     1109.0000      790.8667  1092285   28.69%
                                                     Cuts: 18                  
   7244  5329     1045.8846   218     1109.0000      790.8667  1168212   28.69%
   7771  5801      966.3333   271     1109.0000      790.8667  1240699   28.69%
Elapsed time = 32.72 sec. (15481.23 ticks, tree = 14.01 MB, solutions = 12)
   8155  6131     1019.2917   243     1109.0000      790.8667  1306337   28.69%
   9043  6940      860.0000   233     1109.0000      790.8667  1454523   28.69%
*  9231  7044      integral     0     1018.0000      790.8667  1485801   22.31%
Found incumbent of value 1018.000000 after 36.80 sec. (17464.51 ticks)
  10402  5474      781.3810   354     1018.0000      807.8151  1687502   20.65%
  10404  5474      782.1667   363     1018.0000      807.8151  1688505   20.65%
  10407  5477      796.0000   336     1018.0000      807.8151  1692874   20.65%
  10412  5480      786.0000   321     1018.0000      807.8151  1696663   20.65%
                                                  ZeroHalf: 7                  
  10415  5482      807.5706   433     1018.0000      807.8151  1702873   20.65%
  10420  5482      788.2162   436     1018.0000      807.8151  1708883   20.65%
                                                  ZeroHalf: 6                  
  10425  5486      821.7556   405     1018.0000      807.8151  1719022   20.65%
Elapsed time = 60.66 sec. (29353.65 ticks, tree = 127.54 MB, solutions = 14)
  10433  5492      786.8889   413     1018.0000      807.8151  1730845   20.65%
                                                  ZeroHalf: 3                  
  10447  5499      787.4444   397     1018.0000      807.8151  1749073   20.65%
* 10458+ 3689                         1014.0000      807.8151  1771870   20.33%
Found incumbent of value 1014.000000 after 64.84 sec. (31845.18 ticks)
  10495  3712      830.5581   398     1014.0000      807.8151  1823863   20.33%
  10652  3738      806.9565   428     1014.0000      807.8151  1885410   20.33%
  10716  3746      828.7545   415     1014.0000      807.8151  1919875   20.33%
  11111  3858      795.7513   472     1014.0000      807.8151  2052801   20.33%
  11175  3895      820.9527   467     1014.0000      807.8151  2097825   20.33%
  11546  4071      804.4275   464     1014.0000      807.8151  2258493   20.33%
  11894  4160      884.5000   407     1014.0000      807.8151  2368084   20.33%
  12182  4323      916.9444   327     1014.0000      807.8151  2444262   20.33%
Elapsed time = 84.66 sec. (41995.30 ticks, tree = 64.65 MB, solutions = 15)
  12504  4494      863.0000   292     1014.0000      807.8151  2510655   20.33%
  13922  5113      816.8961   419     1014.0000      807.8151  2766118   20.33%
                                                      Cuts: 8                  
  13986  5139      824.2607   391     1014.0000      807.8151  2793774   20.33%
  14114  5197      836.3509   367     1014.0000      807.8151  2834319   20.33%
  14306  5280      852.5714   232     1014.0000      807.8151  2885627   20.33%
  14530  5353      908.8889   233     1014.0000      807.8151  2948985   20.33%
  15833  5938      820.0444   342     1014.0000      807.8151  3169183   20.33%
  15987  5992      865.0411   413     1014.0000      807.8151  3215582   20.33%
                                                      Cuts: 6                  
  16115  6037      878.7500   266     1014.0000      807.8151  3249800   20.33%
  16307  6139      916.4325   365     1014.0000      807.8151  3293422   20.33%
Elapsed time = 109.21 sec. (53051.26 ticks, tree = 78.64 MB, solutions = 15)
  17109  6430      905.0833   237     1014.0000      807.8151  3486111   20.33%
  17976  6794      846.3333   254     1014.0000      807.8151  3662698   20.33%
  18231  6977      856.9904   291     1014.0000      807.8151  3723230   20.33%
  19251  7847      902.3417   425     1014.0000      807.8151  3935084   20.33%
  20531  8920      848.0000   208     1014.0000      807.8151  4149815   20.33%
                                                  ZeroHalf: 5                  
  20755  9125      895.0714   215     1014.0000      807.8151  4218993   20.33%
  21154  9462      853.6232   376     1014.0000      807.8151  4306688   20.33%
  21439  9711      937.7179   369     1014.0000      807.8151  4360969   20.33%
  21791  9986      822.0000   274     1014.0000      807.8151  4442005   20.33%
  22444 10559      951.5833   232     1014.0000      807.8151  4593772   20.33%
Elapsed time = 132.68 sec. (63635.25 ticks, tree = 185.21 MB, solutions = 15)
Nodefile size = 36.35 MB (30.78 MB after compression)
  23148 11160      855.0245   379     1014.0000      807.8151  4705113   20.33%
  23647 11583      970.5000    77     1014.0000      807.8151  4830207   20.33%
  24812 12591     1012.0000   269     1014.0000      807.8151  5046189   20.33%
  25036 12779      866.4815   343     1014.0000      807.8151  5094992   20.33%
  27810 15121      831.6667   377     1014.0000      809.9451  5553366   20.12%
                                                      Cuts: 8                  
  27970 15263      879.8333   323     1014.0000      809.9451  5612615   20.12%
  28130 15383      908.5250   140     1014.0000      809.9451  5650667   20.12%
* 28359 15578      integral     0     1012.0000      809.9451  5689393   19.97%
Found incumbent of value 1012.000000 after 155.34 sec. (72334.04 ticks)
  28738 15875     1003.3333    85     1012.0000      809.9451  5752297   19.97%
  29058 16136      886.0625   289     1012.0000      809.9451  5813884   19.97%
Elapsed time = 161.11 sec. (74281.36 ticks, tree = 700.70 MB, solutions = 15)
Nodefile size = 554.07 MB (467.72 MB after compression)
  29833 16748      900.5417   363     1012.0000      809.9451  5957803   19.97%
  30555 17331      905.6667   109     1012.0000      809.9451  6073319   19.97%
  31016 17705      871.5000   169     1012.0000      809.9451  6143868   19.97%
  31451 18042      862.5833   419     1012.0000      809.9451  6209555   19.97%
  32212 18638      955.4675   233     1012.0000      809.9451  6361552   19.97%
  33420 19613     1000.6818   230     1012.0000      816.2778  6523330   19.34%
                                                      Cuts: 7                  
  34045 20124      858.7222   330     1012.0000      816.2778  6635165   19.34%
  34333 20367      928.0000   173     1012.0000      816.2778  6688471   19.34%
  35497 21343      854.0571   424     1012.0000      816.2778  6881617   19.34%
  35913 21679      944.0000   205     1012.0000      816.2778  6949659   19.34%
Elapsed time = 187.20 sec. (84359.91 ticks, tree = 1083.11 MB, solutions = 17)
Nodefile size = 932.97 MB (785.27 MB after compression)
  36364 22069      954.1371   415     1012.0000      816.2778  7007772   19.34%
  36684 22333      980.5000   153     1012.0000      816.2778  7054985   19.34%
* 36868 22455      integral     0      940.0000      816.2778  7078798   13.16%
Found incumbent of value 940.000000 after 189.03 sec. (86302.41 ticks)
  37420 22908      869.1163   282      940.0000      816.2778  7167456   13.16%
  38751 24008      862.2500   214      940.0000      816.2778  7366243   13.16%
  39440 24535      983.6333   262      940.0000      816.2778  7494126   13.16%
* 39978+24985                          936.0000      816.2778  7584151   12.79%
Found incumbent of value 936.000000 after 195.89 sec. (88030.87 ticks)
  41670 14230      857.7069   362      936.0000      821.1875  7827231   12.27%
                                                      Cuts: 2                  
  41871 14400        cutoff            936.0000      821.1875  7903904   12.27%
  42021 14488      896.9167   305      936.0000      821.1875  7959786   12.27%
  42269 14654      925.5115   342      936.0000      821.1875  8044878   12.27%
Elapsed time = 204.59 sec. (93321.01 ticks, tree = 637.80 MB, solutions = 18)
Nodefile size = 493.19 MB (416.60 MB after compression)
  42493 14795      878.6111   332      936.0000      821.1875  8114845   12.27%
  43005 15138      873.9955   377      936.0000      821.1875  8290048   12.27%
  43412 15403      876.2414   341      936.0000      821.1875  8438138   12.27%
  44029 15770      830.3403   382      936.0000      821.1875  8646721   12.27%
  44761 16193      897.2188   327      936.0000      821.1875  8884251   12.27%
  45197 16480      903.8333   363      936.0000      825.4545  9016791   11.81%
                                                      Cuts: 2                  
  45364 16581      910.9375   358      936.0000      825.4545  9119712   11.81%
* 45526+16663                          928.0000      825.4545  9181610   11.05%
Found incumbent of value 928.000000 after 225.93 sec. (100220.92 ticks)
  45587 16703      896.0581   398      928.0000      825.4545  9212602   11.05%
  45811 16843      899.0000   240      928.0000      825.4545  9296399   11.05%
  47399 17720      885.1250   402      928.0000      825.4545  9766743   11.05%
Elapsed time = 236.59 sec. (107056.02 ticks, tree = 751.17 MB, solutions = 20)
Nodefile size = 606.52 MB (511.25 MB after compression)
  49445 17542      896.0185   352      928.0000      831.0000 10336359   10.45%
                                                    Covers: 1                  
* 50226+17934                          927.0000      831.0000 10573962   10.36%
Found incumbent of value 927.000000 after 251.75 sec. (110258.50 ticks)
  50840 18215      872.8889   332      927.0000      831.0000 10756403   10.36%
  53479 19279      887.8333   184      927.0000      836.5000 11524361    9.76%
                                                  ZeroHalf: 1                  
  54810 19900      868.3833   392      927.0000      836.5000 11941580    9.76%
  56574 20704      888.5000   190      927.0000      836.5000 12450686    9.76%
  58547 21653      870.5000   131      927.0000      841.7500 13016977    9.20%
                                                      Cuts: 3                  
  60080 22316      872.7151   431      927.0000      841.7500 13438343    9.20%
  61392 22910      904.2703   254      927.0000      841.7500 13813082    9.20%
  63376 23843        cutoff            927.0000      846.0500 14296136    8.73%
                                                    Covers: 1                  
  63377 23842        cutoff            927.0000      846.0500 14296158    8.73%
Elapsed time = 336.60 sec. (150445.70 ticks, tree = 1856.77 MB, solutions = 23)
Nodefile size = 1729.14 MB (1459.79 MB after compression)
* 63378+23841                          924.0000      846.0500 14296364    8.44%
Found incumbent of value 924.000000 after 336.60 sec. (138761.51 ticks)
* 63384+23842                          922.0000      846.0500 14299907    8.24%
Found incumbent of value 922.000000 after 336.60 sec. (139128.38 ticks)
* 63384+23842                          913.0000      846.0500 14299907    7.33%
Found incumbent of value 913.000000 after 336.60 sec. (139167.38 ticks)
  64759 21201      882.5152   350      913.0000      846.0500 14696685    7.33%
* 65362 21440      integral     0      911.0000      846.0500 14836641    7.13%
Found incumbent of value 911.000000 after 349.34 sec. (154282.45 ticks)
  66417 21745      891.1250   276      911.0000      846.0500 15129943    7.13%
  69310 22120      897.1818   310      911.0000      851.4000 15858085    6.54%
                                                      Cuts: 2                  
  71231 22713      887.0000   297      911.0000      851.4000 16302489    6.54%
  73470 23439      881.8482   240      911.0000      851.4000 16791801    6.54%
  75711 24179      866.3750   160      911.0000      856.9960 17340453    5.93%
                                                  Impl Bds: 1                  
* 76773 24584      integral     0      909.0000      856.9960 17736944    5.72%
Found incumbent of value 909.000000 after 403.10 sec. (175611.90 ticks)
  77222 24701      869.0000   149      909.0000      856.9960 17909391    5.72%
* 78474 25109      integral     0      908.0000      856.9960 18385730    5.62%
Elapsed time = 409.03 sec. (179717.70 ticks, tree = 1374.76 MB, solutions = 36)
Nodefile size = 1242.50 MB (1048.35 MB after compression)
Found incumbent of value 908.000000 after 409.03 sec. (179717.70 ticks)
  79437 24461        cutoff            908.0000      858.8000 18644446    5.42%
                                                    Covers: 2                  
  81811 25030      878.8327   360      908.0000      858.8000 19129766    5.42%
* 82799 25309      integral     0      907.0000      858.8000 19299942    5.31%
Found incumbent of value 907.000000 after 427.67 sec. (187380.08 ticks)
  84574 25880        cutoff            907.0000      858.8000 19617838    5.31%
  87481 26230      905.5000   343      907.0000      862.5000 20145618    4.91%
                                                      Cuts: 2                  
  90393 26779        cutoff            907.0000      862.5000 20694103    4.91%
  93712 27344      876.0000   308      907.0000      866.0000 21271603    4.52%
                                                      Cuts: 6                  
  96630 27764        cutoff            907.0000      866.0000 21783899    4.52%
  99601 28165        cutoff            907.0000      866.0000 22269029    4.52%
 102568 28400        cutoff            907.0000      869.4600 22808090    4.14%
                                                      Cuts: 2                  
Elapsed time = 494.07 sec. (214628.73 ticks, tree = 1672.47 MB, solutions = 39)
Nodefile size = 1535.41 MB (1264.75 MB after compression)
 103935 28458        cutoff            907.0000      869.4600 23185075    4.14%
 106839 28692      898.0000    78      907.0000      871.3333 23972288    3.93%
                                                  Impl Bds: 5                  
 109436 28836      890.5000   302      907.0000      871.3333 24363825    3.93%
 112414 28869      897.5515   318      907.0000      871.3333 24838694    3.93%
 117062 28875        cutoff            907.0000      874.5328 25527235    3.58%
                                                      Cuts: 2                  
 120151 28737      886.5833   278      907.0000      874.5328 25945486    3.58%
 125210 28191      886.3636   119      907.0000      877.2500 26650710    3.28%
 128347 27863      893.4263   296      907.0000      877.2500 27073368    3.28%
 132123 27293        cutoff            907.0000      877.2500 27554520    3.28%
 135856 26502        cutoff            907.0000      880.5313 28114796    2.92%
                                                    Covers: 1                  
Elapsed time = 590.00 sec. (253597.14 ticks, tree = 1410.78 MB, solutions = 39)
Nodefile size = 1277.96 MB (1042.68 MB after compression)
 137719 26154        cutoff            907.0000      880.5313 28607964    2.92%
 140691 25479        cutoff            907.0000      882.2688 29266401    2.73%
                                                      Cuts: 7                  
 145017 24391      893.4118   163      907.0000      882.2688 29746642    2.73%
 149739 22834      892.6250   224      907.0000      884.5862 30296895    2.47%
                                                    Covers: 1                  
 153315 21544        cutoff            907.0000      884.5862 30714697    2.47%
 157491 19969        cutoff            907.0000      884.5862 31169125    2.47%
 162008 17931      893.4379   260      907.0000      888.0000 31657642    2.09%
 167263 16162      893.6667   158      907.0000      888.0000 32116889    2.09%
 173480 13620      895.0000   104      907.0000      891.0000 32641632    1.76%
*174632+13077                          905.0000      891.0000 32742066    1.55%
Found incumbent of value 905.000000 after 688.08 sec. (288687.48 ticks)
*176852+12364                          902.0000      891.0000 32931702    1.22%
Found incumbent of value 902.000000 after 693.36 sec. (289479.89 ticks)
 178662 11641        cutoff            902.0000      891.0000 33054118    1.22%
Elapsed time = 696.15 sec. (291910.50 ticks, tree = 448.02 MB, solutions = 39)
Nodefile size = 347.97 MB (288.95 MB after compression)
 186622  2048        cutoff            902.0000      895.2500 33461074    0.75%

Clique cuts applied:  3
Cover cuts applied:  20
Implied bound cuts applied:  14
Zero-half cuts applied:  144
Gomory fractional cuts applied:  16

Root node processing (before b&c):
  Real time             =    3.34 sec. (1842.86 ticks)
Parallel b&c, 32 threads:
  Real time             =  710.02 sec. (295977.45 ticks)
  Sync time (average)   =    0.19 sec.
  Wait time (average)   =    0.00 sec.
                          ------------
Total (root+branch&cut) =  713.36 sec. (297820.31 ticks)


Solution status: Optimal
Execution time: 714.2 sec
Gap: 0.00000
