Mon Jul 16 03:04:53 2018

Tried aggregator 2 times.
MIP Presolve eliminated 18232 rows and 145 columns.
Aggregator did 552 substitutions.
Reduced MIP has 17462 rows, 5648 columns, and 66064 nonzeros.
Reduced MIP has 5648 binaries, 0 generals, 0 SOSs, and 0 indicators.
Presolve time = 0.14 sec. (96.83 ticks)
Probing time = 0.01 sec. (3.54 ticks)
Tried aggregator 1 time.
Presolve time = 0.05 sec. (30.25 ticks)
Probing time = 0.01 sec. (3.54 ticks)
Clique table members: 28000.
MIP emphasis: balance optimality and feasibility.
MIP search method: dynamic search.
Parallel mode: deterministic, using up to 32 threads.
Root relaxation solution time = 1.69 sec. (469.57 ticks)

        Nodes                                         Cuts/
   Node  Left     Objective  IInf  Best Integer    Best Bound    ItCnt     Gap

      0     0      628.0000   544                    628.0000     2100         
      0     0      631.7095   503                ZeroHalf: 20     2715         
      0     0      651.4314   716                    Cuts: 56     8616         
      0     0      668.1959   666                    Cuts: 43     9675         
      0     0      684.8912   680                ZeroHalf: 37    10681         
      0     0      698.3424   660                ZeroHalf: 49    11628         
      0     0      703.0538   684                    Cuts: 60    12434         
      0     0      706.7341   680                ZeroHalf: 35    12993         
      0     0      711.6247   669                ZeroHalf: 55    13565         
      0     0      714.4742   709                    Cuts: 38    14135         
      0     0      716.6054   705                ZeroHalf: 28    14555         
      0     0      722.6601   704                ZeroHalf: 35    15766         
      0     0      726.2926   694                    Cuts: 36    16414         
      0     0      726.8750   529                ZeroHalf: 39    16698         
      0     0      726.8750   600                ZeroHalf: 45    16745         
      0     0      726.8750   561                 ZeroHalf: 1    16764         
      0     0      728.1208   740                ZeroHalf: 81    17256         
      0     0      729.3495   719                ZeroHalf: 36    17756         
      0     0      729.7447   729                ZeroHalf: 18    18055         
      0     0      731.1546   689                ZeroHalf: 27    18499         
      0     0      732.4622   713                ZeroHalf: 29    18868         
      0     0      732.8305   717                ZeroHalf: 14    19028         
      0     0      732.8974   716                ZeroHalf: 10    19164         
*     0+    0                         2732.0000      732.8974    19164   73.17%
Found incumbent of value 2732.000000 after 29.24 sec. (16740.26 ticks)
      0     2      732.8974   716     2732.0000      732.8974    19164   73.17%
Elapsed time = 31.02 sec. (17408.91 ticks, tree = 0.01 MB, solutions = 1)
      2     4      733.3423   768     2732.0000      732.8974    22326   73.17%
      3     5      753.8017   705     2732.0000      733.3428    23886   73.16%
      4     6      736.7808   660     2732.0000      733.3428    25692   73.16%
      5     7      734.0383   879     2732.0000      733.3428    28559   73.16%
      8    10      738.5538   727     2732.0000      733.3428    31716   73.16%
     10    12      740.1722   785     2732.0000      733.3428    42395   73.16%
     11    13      746.8821   671     2732.0000      738.6073    43936   72.96%
                                                     Cuts: 15                  
     13    15      764.9071   722     2732.0000      738.6073    49662   72.96%
     14    16      764.8408   661     2732.0000      738.6073    53868   72.96%
     15    17      757.6276   678     2732.0000      738.6073    55942   72.96%
Elapsed time = 48.80 sec. (31709.45 ticks, tree = 0.01 MB, solutions = 1)
     19    21      770.5422   660     2732.0000      738.6073    64901   72.96%
     23    25      751.1656   650     2732.0000      738.6073    75888   72.96%
                                                     Cuts: 14                  
     29    31      776.3103   761     2732.0000      738.6073    90983   72.96%
     32    34      776.3225   693     2732.0000      738.6073    98850   72.96%
     40    42      799.3867   781     2732.0000      740.2126   116563   72.91%
                                                     Cuts: 12                  
     46    48      777.9697   852     2732.0000      740.2126   135617   72.91%
     51    53      780.4091   904     2732.0000      740.2126   149597   72.91%
     57    59      768.2530   619     2732.0000      740.2126   155149   72.91%
                                                     Cuts: 17                  
     70    72      812.5592   657     2732.0000      740.2126   166899   72.91%
     72    74      781.3582   723     2732.0000      740.2126   171973   72.91%
Elapsed time = 101.26 sec. (58874.43 ticks, tree = 0.01 MB, solutions = 1)
    185   187      807.8791   793     2732.0000      740.2126   235108   72.91%
   1059  1022      799.6990   903     2732.0000      740.2126   472944   72.91%
                                                     Cuts: 33                  
   1375  1322      884.1338   604     2732.0000      740.2126   631973   72.91%
*  1558  1479      integral     0     1938.0000      740.2126   713651   61.81%
Found incumbent of value 1938.000000 after 125.66 sec. (68009.75 ticks)
*  2159  2025      integral     0     1875.0000      740.2126   853737   60.52%
Found incumbent of value 1875.000000 after 125.66 sec. (68009.75 ticks)
   2293  2119      813.8127   813     1875.0000      740.2126   891901   60.52%
                                                     Cuts: 10                  
   2389  2213      810.3398   648     1875.0000      740.2126   920815   60.52%
   2581  2405      864.8120   549     1875.0000      740.2126   983240   60.52%
   2714  2526     1302.5000   288     1875.0000      740.2126  1021783   60.52%
   3431  3159     1048.5628   549     1875.0000      740.2126  1166874   60.52%
Elapsed time = 163.64 sec. (76594.38 ticks, tree = 22.23 MB, solutions = 5)
   4332  3978    infeasible           1875.0000      740.2126  1332640   60.52%
   5295  4808      959.7909   409     1875.0000      746.4601  1502714   60.19%
                                                     Cuts: 31                  
   5458  4959     1387.6437   401     1875.0000      746.4601  1537823   60.19%
   5764  5261     1028.6034   430     1875.0000      746.4601  1614067   60.19%
   6052  5531     1164.5002   388     1875.0000      746.4601  1671976   60.19%
   6375  5831      879.7769   451     1875.0000      746.4601  1725616   60.19%
   6695  6134      880.6167   453     1875.0000      746.4601  1774504   60.19%
   7015  6418     1063.9866   370     1875.0000      746.4601  1819542   60.19%
   7527  6878     1029.6643   402     1875.0000      746.4601  1894782   60.19%
*  7731+ 7067                         1837.0000      746.4601  1928046   59.37%
Found incumbent of value 1837.000000 after 214.08 sec. (82403.78 ticks)
   8103  7417     1185.5338   309     1837.0000      746.4601  1979843   59.37%
Elapsed time = 214.89 sec. (90987.63 ticks, tree = 160.86 MB, solutions = 5)
   8658  7901     1322.2500   435     1837.0000      746.4601  2058694   59.37%
   8956  8178      771.4389   773     1837.0000      746.4601  2112370   59.37%
  10394  9382      733.7133   821     1837.0000      759.6995  2387193   58.64%
  10395  9383      737.7816   768     1837.0000      759.6995  2389726   58.64%
  10396  9384      741.3947   701     1837.0000      759.6995  2391841   58.64%
  10397  9385      754.6132   916     1837.0000      759.6995  2406345   58.64%
  10399  9387      756.5825   929     1837.0000      759.6995  2430085   58.64%
  10400  9388      774.9143   634     1837.0000      759.6995  2432057   58.64%
  10401  9388      744.2768   725     1837.0000      759.6995  2433382   58.64%
  10403  9390      756.6870   720     1837.0000      759.6995  2437107   58.64%
Elapsed time = 318.02 sec. (144284.41 ticks, tree = 127.90 MB, solutions = 6)
* 10404+ 6262                         1822.0000      759.6995  2439420   58.30%
Found incumbent of value 1822.000000 after 318.02 sec. (142825.39 ticks)
  10406  6265      750.1382   714     1822.0000      759.6995  2446943   58.30%
  10410  6268      781.3056   831     1822.0000      759.6995  2467447   58.30%
  10412  6269      746.8713   735     1822.0000      759.6995  2473999   58.30%
                                                 ZeroHalf: 14                  
  10413  6269      771.8936   715     1822.0000      759.6995  2478684   58.30%
  10417  6272      815.5561   814     1822.0000      759.6995  2496621   58.30%
  10422  6275      818.9729   800     1822.0000      759.6995  2510563   58.30%
  10431  6282      839.8765   644     1822.0000      759.6995  2525171   58.30%
                                                  ZeroHalf: 6                  
  10436  6284      881.0503   747     1822.0000      759.6995  2538258   58.30%
  10438  6285      892.7558   761     1822.0000      759.6995  2551536   58.30%
* 10440+ 4204                         1813.0000      759.6995  2562478   58.10%
Found incumbent of value 1813.000000 after 365.95 sec. (168251.65 ticks)
  10442  4208      896.3663   753     1813.0000      759.6995  2565488   58.10%
Elapsed time = 374.02 sec. (175719.32 ticks, tree = 56.71 MB, solutions = 7)
  10443  4208      874.7656   764     1813.0000      759.6995  2572243   58.10%
  10445  4209      897.4279   612     1813.0000      759.6995  2576224   58.10%
  10447  4209      753.3628   645     1813.0000      759.6995  2580245   58.10%
  10453  4214      815.1727   580     1813.0000      759.6995  2596771   58.10%
* 10467+ 2838                         1801.0000      759.6995  2625257   57.82%
Found incumbent of value 1801.000000 after 389.65 sec. (185380.61 ticks)
  10467  2840      901.3302   556     1801.0000      759.6995  2625257   57.82%
  10539  2888      972.1290   470     1801.0000      759.6995  2718298   57.82%
  10545  2892      819.7021   779     1801.0000      759.6995  2742386   57.82%
  10682  2972      819.4913   749     1801.0000      759.6995  2962346   57.82%
  10841  3063      880.2809   582     1801.0000      759.6995  3215059   57.82%
                                                      Cuts: 7                  
  10846  3065      961.8807   655     1801.0000      759.6995  3222080   57.82%
Elapsed time = 444.41 sec. (198164.19 ticks, tree = 35.87 MB, solutions = 8)
  10879  3085      956.3617   617     1801.0000      759.6995  3259773   57.82%
  10950  3125     1106.9091   442     1801.0000      759.6995  3287273   57.82%
  11004  3155      927.1021   620     1801.0000      759.6995  3305004   57.82%
  11039  3179      911.6950   673     1801.0000      759.6995  3316507   57.82%
  11071  3202      916.8211   704     1801.0000      759.6995  3328845   57.82%
  11162  3250      976.4701   598     1801.0000      759.6995  3361630   57.82%
  11983  3716     1011.1136   689     1801.0000      759.6995  3595243   57.82%
                                                 ZeroHalf: 17                  
  12009  3733      913.5364   498     1801.0000      759.6995  3607706   57.82%
  12210  3843     1074.8114   484     1801.0000      759.6995  3655107   57.82%
  12594  4062     1147.1244   508     1801.0000      759.6995  3726902   57.82%
Elapsed time = 501.82 sec. (213488.11 ticks, tree = 36.81 MB, solutions = 9)
  12839  4195      929.8227   528     1801.0000      759.6995  3781496   57.82%
  13191  4398      947.6316   501     1801.0000      759.6995  3849285   57.82%
  13640  4653     1206.4000   512     1801.0000      759.6995  3934527   57.82%
  15392  5557     1105.3270   557     1801.0000      759.6995  4233886   57.82%
                                                  ZeroHalf: 9                  
  15454  5592     1124.5187   569     1801.0000      759.6995  4262958   57.82%
  15614  5682     1105.0967   494     1801.0000      759.6995  4321714   57.82%
  15742  5740     1143.5419   538     1801.0000      759.6995  4358516   57.82%
  15957  5851      929.9077   516     1801.0000      759.6995  4418339   57.82%
  16181  5971      939.2625   552     1801.0000      759.6995  4464872   57.82%
  16309  6044     1047.3788   540     1801.0000      759.6995  4497381   57.82%
Elapsed time = 575.61 sec. (226617.56 ticks, tree = 249.95 MB, solutions = 9)
Nodefile size = 92.96 MB (69.64 MB after compression)
  16597  6217     1000.4316   486     1801.0000      759.6995  4556395   57.82%
  16811  6360     1055.0329   482     1801.0000      759.6995  4594626   57.82%
  16878  6427     1358.9437   509     1801.0000      759.6995  4617215   57.82%
  17102  6649     1414.0702   521     1801.0000      759.6995  4658223   57.82%
  17709  7236     1483.1131   627     1801.0000      759.6995  4810927   57.82%
  18150  7639      929.1896   571     1801.0000      759.6995  4910504   57.82%
                                                 ZeroHalf: 10                  
  18202  7689      804.6540   850     1801.0000      759.6995  4937662   57.82%
  18394  7879      889.3794   611     1801.0000      759.6995  4988601   57.82%
  18490  7975      820.3999   719     1801.0000      759.6995  5010106   57.82%
  19258  8735     1013.9790   565     1801.0000      759.6995  5157037   57.82%
Elapsed time = 645.54 sec. (243710.67 ticks, tree = 442.66 MB, solutions = 9)
Nodefile size = 273.40 MB (197.53 MB after compression)
  20410  9858     1115.5382   475     1801.0000      759.6995  5385399   57.82%
  22042 11417     1291.5221   401     1801.0000      759.6995  5680463   57.82%
  25978 15135     1101.0591   637     1801.0000      759.6995  6436967   57.82%
                                                 ZeroHalf: 16                  
  26296 15423      799.9094   630     1801.0000      759.6995  6545896   57.82%
  26682 15779     1175.4144   631     1801.0000      759.6995  6676455   57.82%
  27064 16152      953.1150   591     1801.0000      759.6995  6779769   57.82%
  27602 16675     1325.9609   637     1801.0000      759.6995  6934339   57.82%
  28925 17941      870.4477   778     1801.0000      759.6995  7199974   57.82%
                                                  ZeroHalf: 6                  
  29280 18290     1699.4423   380     1801.0000      759.6995  7366689   57.82%
  29869 18860      990.1303   528     1801.0000      759.6995  7601281   57.82%
Elapsed time = 887.54 sec. (289033.20 ticks, tree = 2317.06 MB, solutions = 9)
Nodefile size = 2144.84 MB (1641.66 MB after compression)
  31072 20013     1028.9704   531     1801.0000      759.6995  7906041   57.82%
  34028 22827     1434.3589   604     1801.0000      759.6995  8517330   57.82%
                                                  ZeroHalf: 3                  
  34423 23216      998.8828   528     1801.0000      759.6995  8634954   57.82%
  35146 23929     1163.9167   333     1801.0000      759.6995  8801737   57.82%
  36417 25167      967.7140   621     1801.0000      759.6995  9035376   57.82%
  36998 25731      925.9037   603     1801.0000      759.6995  9153905   57.82%
  41354 29849     1676.2434   528     1801.0000      765.8211  9964187   57.48%
                                                  ZeroHalf: 5                  
  41918 30396     1518.7811   443     1801.0000      765.8211 10075021   57.48%
  42442 30904     1071.3183   456     1801.0000      765.8211 10156971   57.48%
  43658 32079     1320.3000   246     1801.0000      765.8211 10336747   57.48%
Elapsed time = 1060.93 sec. (331981.39 ticks, tree = 4262.04 MB, solutions = 9)
Nodefile size = 4085.52 MB (3095.14 MB after compression)
  45351 33674      815.1300   816     1801.0000      765.8211 10663423   57.48%
  47274 35516      817.6824   527     1801.0000      772.0113 11016009   57.13%
                                                  ZeroHalf: 5                  
  48298 36528     1097.7664   388     1801.0000      772.0113 11223112   57.13%
* 49092+37284                         1759.0000      772.0113 11348239   56.11%
Found incumbent of value 1759.000000 after 1159.07 sec. (344881.11 ticks)
  50182 38313     1253.1090   454     1759.0000      772.0113 11538390   56.11%
  51306 39384     1155.3204   568     1759.0000      772.0113 11784107   56.11%
  52089 40135     1491.2105   420     1759.0000      772.0113 11934757   56.11%
  53693 40959     1541.5000   281     1759.0000      785.5058 12226401   55.34%
                                                  ZeroHalf: 1                  
  54526 41780     1236.6217   513     1759.0000      785.5058 12443248   55.34%
  56991 44144      885.4295   545     1759.0000      785.5058 12798709   55.34%
  57531 44620     1034.4094   506     1759.0000      785.5058 12899227   55.34%
Elapsed time = 1270.30 sec. (375561.89 ticks, tree = 6560.47 MB, solutions = 9)
Nodefile size = 6371.20 MB (4847.27 MB after compression)
  61244 48150     1491.0000   325     1759.0000      785.5058 13585581   55.34%
* 61306+48202                         1757.0000      794.7003 13591679   54.77%
Found incumbent of value 1757.000000 after 1314.37 sec. (386602.20 ticks)
* 61306+48202                         1741.0000      794.7003 13591679   54.35%
Found incumbent of value 1741.000000 after 1314.49 sec. (386639.51 ticks)
* 61306+48202                         1739.0000      794.7003 13591679   54.30%
Found incumbent of value 1739.000000 after 1314.63 sec. (386684.14 ticks)
  61306 48204     1644.6333   176     1739.0000      794.7003 13591679   54.30%
* 61307+48203                         1726.0000      794.7003 13591681   53.96%
Found incumbent of value 1726.000000 after 1315.54 sec. (380447.18 ticks)
* 61340+47134                         1708.0000      794.7003 13602580   53.47%
Found incumbent of value 1708.000000 after 1324.13 sec. (387535.46 ticks)
  61364 47160      852.6999   756     1708.0000      794.7003 13638474   53.47%
  62132 47928     1128.2516   526     1708.0000      794.7003 13884029   53.47%
  63732 49476      843.1694   595     1708.0000      794.7003 14168284   53.47%
* 66825 52329      integral     0     1698.0000      794.7003 14836653   53.20%
Found incumbent of value 1698.000000 after 1394.71 sec. (402195.92 ticks)
  66933 51209     1041.0309   517     1698.0000      798.6947 14872272   52.96%
                                                  ZeroHalf: 8                  
  68117 52372     1678.1254   231     1698.0000      798.6947 15134140   52.96%
  69205 53374     1091.3028   452     1698.0000      798.6947 15333798   52.96%
  69751 53866     1004.5330   657     1698.0000      798.6947 15466719   52.96%
Elapsed time = 1478.85 sec. (418105.07 ticks, tree = 8454.19 MB, solutions = 43)
Nodefile size = 8298.97 MB (6302.38 MB after compression)
  72285 56207     1030.1065   499     1698.0000      800.8180 16020065   52.84%
  72511 56427     1139.5577   545     1698.0000      800.8180 16093055   52.84%
  72639 56546     1208.8088   574     1698.0000      800.8180 16138809   52.84%
* 73762+57605                         1696.0000      800.8180 16395033   52.78%
Found incumbent of value 1696.000000 after 1551.23 sec. (427604.42 ticks)
  73887 57718      889.6918   572     1696.0000      800.8180 16425778   52.78%
  75576 59274      916.9484   697     1696.0000      800.8180 16826965   52.78%
  77892 61321     1002.9759   539     1696.0000      803.2858 17426935   52.64%
                                                 ZeroHalf: 10                  
  78134 61553      915.4912   763     1696.0000      803.2858 17507324   52.64%
  78230 61644      977.7286   775     1696.0000      803.2858 17544005   52.64%
  82542 65649     1281.9157   480     1696.0000      804.3952 18506040   52.57%
  82738 65835      992.6442   757     1696.0000      804.3952 18576836   52.57%
Elapsed time = 1708.62 sec. (463969.92 ticks, tree = 11228.42 MB, solutions = 45)
Nodefile size = 11083.10 MB (8412.53 MB after compression)
  83360 66433     1247.9076   455     1696.0000      804.3952 18738471   52.57%
* 84565+67573                         1692.0000      804.3952 19002972   52.46%
Found incumbent of value 1692.000000 after 1732.96 sec. (465432.42 ticks)
  85256 68219     1597.5235   294     1692.0000      804.3952 19165872   52.46%
  85488 68446      868.5340   875     1692.0000      804.3952 19235977   52.46%
  87973 70503      865.7410   798     1692.0000      807.0242 19853151   52.30%
                                                  ZeroHalf: 3                  
  88231 70737      936.6543   751     1692.0000      807.0242 19955181   52.30%
  88327 70827      973.4006   723     1692.0000      807.0242 19993147   52.30%
  90417 72781      914.9498   700     1692.0000      807.0242 20545531   52.30%
  92576 74790      988.6383   684     1692.0000      807.0453 21063329   52.30%
                                                  ZeroHalf: 4                  
  92768 74977     1040.9375   702     1692.0000      807.0453 21134733   52.30%
  92960 75165     1092.8675   664     1692.0000      807.0453 21194304   52.30%
Elapsed time = 1892.95 sec. (509276.75 ticks, tree = 13019.61 MB, solutions = 46)
Nodefile size = 12868.13 MB (9766.69 MB after compression)
  95738 77774      915.9599   808     1692.0000      807.0453 21817575   52.30%
  97976 79818      945.1875   686     1692.0000      809.9841 22421261   52.13%
                                                  ZeroHalf: 1                  
  98178 80015     1006.6251   776     1692.0000      809.9841 22495259   52.13%
  98242 80079     1047.1973   749     1692.0000      809.9841 22522761   52.13%
  98338 80171     1075.0536   752     1692.0000      809.9841 22552915   52.13%
 103142 84631      931.6520   528     1692.0000      811.8192 23678055   52.02%
 103297 84782     1248.7167   708     1692.0000      811.8192 23723820   52.02%
 103425 84900     1316.2897   634     1692.0000      811.8192 23756694   52.02%
 103649 85103     1402.6373   536     1692.0000      811.8192 23812888   52.02%
 109145 90190     1396.5356   353     1692.0000      814.8699 25075376   51.84%
                                                  ZeroHalf: 6                  
Elapsed time = 2129.14 sec. (554964.71 ticks, tree = 16135.42 MB, solutions = 46)
Nodefile size = 15984.27 MB (12139.24 MB after compression)
 109653 90680      981.9846   570     1692.0000      814.8699 25234930   51.84%
 110741 91717     1579.5906   270     1692.0000      814.8699 25462186   51.84%
 112181 93072     1182.3057   478     1692.0000      814.8699 25772755   51.84%
 115308 95945      956.9277   499     1692.0000      814.8699 26457210   51.84%
 115650 96251     1063.9424   411     1692.0000      816.3737 26529612   51.75%
                                                  ZeroHalf: 3                  
 117065 97572     1193.8500   351     1692.0000      816.3737 26887303   51.75%
 117887 98347     1257.5882   484     1692.0000      816.3737 27077194   51.75%
 119160 99512     1088.3696   497     1692.0000      816.3737 27377685   51.75%
 120986 101182      939.7163   607     1692.0000      816.3737 27798055   51.75%
 121231 101413     1106.1614   523     1692.0000      818.6594 27847742   51.62%
Elapsed time = 2322.86 sec. (594004.25 ticks, tree = 18418.90 MB, solutions = 46)
Nodefile size = 18266.98 MB (13861.29 MB after compression)
 122334 102443     1491.5500   255     1692.0000      818.6594 28113793   51.62%
 123535 103557     1488.5000   308     1692.0000      818.6594 28380973   51.62%
 124318 104291     1105.0719   501     1692.0000      818.6594 28571075   51.62%
 125344 105218     1683.4167   222     1692.0000      818.6594 28819325   51.62%
 127317 107020      948.8612   565     1692.0000      819.8306 29293994   51.55%
                                                  ZeroHalf: 4                  
 127569 107268      970.1522   544     1692.0000      819.8306 29369499   51.55%
 127761 107449     1038.2222   493     1692.0000      819.8306 29424158   51.55%
 129169 108763      895.4118   528     1692.0000      819.8306 29759061   51.55%
 131531 110928     1000.7690   481     1692.0000      819.8306 30327002   51.55%
 131951 111337     1327.4616   403     1692.0000      821.1386 30446769   51.47%
                                                  ZeroHalf: 1                  
Elapsed time = 2510.11 sec. (633270.92 ticks, tree = 20410.17 MB, solutions = 46)
Nodefile size = 20252.14 MB (15354.87 MB after compression)
 133263 112548      959.0640   506     1692.0000      821.1386 30742164   51.47%
 134500 113717     1149.3397   433     1692.0000      821.1386 31018479   51.47%
 134801 113987      979.9230   720     1692.0000      821.1386 31093088   51.47%
 138000 116890     1091.5264   478     1692.0000      822.5330 31778243   51.39%
                                                      Cuts: 2                  
 139216 118069      952.1023   502     1692.0000      822.5330 32077825   51.39%
 139913 118678      883.8135   625     1692.0000      822.5330 32238607   51.39%
 140771 119494      899.6907   584     1692.0000      822.5330 32437938   51.39%
 142187 120803     1331.0383   413     1692.0000      822.5330 32748718   51.39%
 143847 122335     1464.6619   449     1692.0000      823.7370 33141918   51.32%
 144255 122718      904.6233   594     1692.0000      823.7370 33259402   51.32%
Elapsed time = 2733.57 sec. (675966.62 ticks, tree = 22710.32 MB, solutions = 46)
Nodefile size = 22550.13 MB (17052.60 MB after compression)
 144731 123155      975.3898   839     1692.0000      823.7370 33391558   51.32%
 144827 123247     1014.9312   830     1692.0000      823.7370 33425908   51.32%
 146889 125162      854.6081   754     1692.0000      823.7370 33938831   51.32%
 149317 127392      869.3515   603     1692.0000      824.2594 34519516   51.28%
                                                  ZeroHalf: 2                  
 149893 127931      983.5205   483     1692.0000      824.2594 34658357   51.28%
 151066 129021     1159.3008   450     1692.0000      824.2594 34922102   51.28%
 152250 130135     1061.8711   589     1692.0000      824.2594 35159430   51.28%
 155796 133389     1338.6118   451     1692.0000      825.7273 35910225   51.20%
 156006 133583      936.6920   735     1692.0000      825.7273 35976681   51.20%
 156166 133737      978.4422   629     1692.0000      825.7273 36032424   51.20%
Elapsed time = 2914.65 sec. (719619.51 ticks, tree = 25044.81 MB, solutions = 46)
Nodefile size = 24884.12 MB (18805.21 MB after compression)
 156742 134273     1186.3276   525     1692.0000      825.7273 36195046   51.20%
 160282 137546     1153.7298   485     1692.0000      825.7273 37063620   51.20%
 161004 138202      983.9913   596     1692.0000      826.4096 37227424   51.16%
 161056 138254      905.5763   788     1692.0000      826.4096 37254123   51.16%
 161088 138286      878.2452   860     1692.0000      826.4096 37275871   51.16%
 162652 139758     1196.5000   488     1692.0000      826.4096 37869945   51.16%
 164981 141896      895.3189   605     1692.0000      827.3457 38583426   51.10%
 165047 141959      919.5888   715     1692.0000      827.3457 38632104   51.10%
 165156 142062     1061.2290   573     1692.0000      827.3457 38698590   51.10%
 165252 142156     1104.7701   589     1692.0000      827.3457 38743359   51.10%
Elapsed time = 3126.65 sec. (766894.50 ticks, tree = 26047.61 MB, solutions = 46)
Nodefile size = 25888.57 MB (19547.14 MB after compression)
 169796 146351      943.1325   713     1692.0000      827.3457 39747594   51.10%
 170870 147335     1151.9711   644     1692.0000      827.9012 40012783   51.07%
                                                  ZeroHalf: 2                  
 170966 147431     1176.1024   681     1692.0000      827.9012 40050893   51.07%
 171030 147491     1218.2188   617     1692.0000      827.9012 40079277   51.07%
 175568 151703     1035.4379   523     1692.0000      827.9012 41193646   51.07%
 176305 152361     1201.7017   564     1692.0000      829.7123 41369361   50.96%
 176451 152505     1309.1618   470     1692.0000      829.7123 41456254   50.96%
 176739 152787     1423.4461   353     1692.0000      829.7123 41549442   50.96%
 178070 154008     1102.8508   557     1692.0000      829.7123 41877683   50.96%
 181175 156841     1153.8995   464     1692.0000      829.7123 42576427   50.96%
Elapsed time = 3318.83 sec. (812400.75 ticks, tree = 28242.72 MB, solutions = 46)
Nodefile size = 28055.33 MB (21161.50 MB after compression)
 181435 157097     1399.9687   386     1692.0000      830.8851 42654034   50.89%
 182536 158134      852.8528   797     1692.0000      830.8851 42920713   50.89%
 182664 158248      910.1757   794     1692.0000      830.8851 42953488   50.89%
 186329 161640     1084.3353   504     1692.0000      830.8851 43815291   50.89%
 186756 162048      946.4013   652     1692.0000      831.8885 43926126   50.83%
 186884 162172     1057.2068   648     1692.0000      831.8885 43966966   50.83%
 187076 162347     1239.6875   525     1692.0000      831.8885 44020002   50.83%
 187908 163143     1440.7976   252     1692.0000      831.8885 44239747   50.83%
 192425 167261     1020.6584   466     1692.0000      832.4931 45358797   50.80%
 192835 167670     1081.8016   548     1692.0000      832.4931 45480999   50.80%
Elapsed time = 3560.86 sec. (858137.59 ticks, tree = 31294.78 MB, solutions = 46)
Nodefile size = 31134.36 MB (23451.25 MB after compression)
 194083 168814      943.6668   558     1692.0000      832.4931 45754536   50.80%
 194723 169408     1172.6827   568     1692.0000      832.4931 45912013   50.80%
 198760 173106     1030.6170   504     1692.0000      832.4931 46851088   50.80%
 198777 173123     1212.3673   442     1692.0000      834.3888 46854860   50.69%
 199381 173698     1205.6087   435     1692.0000      834.3888 47018411   50.69%
 200872 175067     1195.5000   430     1692.0000      834.3888 47350957   50.69%
 201256 175426     1426.0588   357     1692.0000      834.3888 47454664   50.69%
 202754 176809      874.5343   778     1692.0000      834.3888 47825805   50.69%
 204451 178372      891.4083   729     1692.0000      835.0840 48197649   50.65%
 204749 178659      896.3837   737     1692.0000      835.0840 48308966   50.65%
Elapsed time = 3753.98 sec. (899170.41 ticks, tree = 33601.49 MB, solutions = 46)
Nodefile size = 33439.27 MB (25175.16 MB after compression)
 204877 178785      953.9826   779     1692.0000      835.0840 48352714   50.65%
 209398 182939     1171.6587   387     1692.0000      835.0840 49445768   50.65%
 210184 183668      985.4957   529     1692.0000      835.6487 49628586   50.61%
                                                  ZeroHalf: 2                  
 210460 183939     1177.3989   625     1692.0000      835.6487 49720566   50.61%
 210684 184138     1416.7201   438     1692.0000      835.6487 49779779   50.61%
 212028 185361     1162.1074   489     1692.0000      835.6487 50129036   50.61%
 214509 187683     1178.1389   426     1692.0000      835.6487 50722599   50.61%
 216448 189441     1646.8667   301     1692.0000      836.6465 51140983   50.55%
 216683 189670     1034.1626   661     1692.0000      836.6465 51211194   50.55%
 216811 189788     1150.3517   616     1692.0000      836.6465 51252242   50.55%
Elapsed time = 3971.90 sec. (943654.50 ticks, tree = 35916.18 MB, solutions = 46)
Nodefile size = 35752.76 MB (26903.54 MB after compression)
 217451 190379     1480.7500   316     1692.0000      836.6465 51400026   50.55%
 221914 194460     1017.0690   512     1692.0000      837.2797 52491629   50.52%
 222137 194672     1152.7593   690     1692.0000      837.2797 52568084   50.52%
 222297 194826     1271.5431   633     1692.0000      837.2797 52617679   50.52%
 222553 195066     1388.1875   586     1692.0000      837.2797 52693824   50.52%
 225554 197844      901.2521   615     1692.0000      837.2797 53398840   50.52%
 228404 200445     1047.8333   550     1692.0000      838.4674 54057328   50.45%
                                                  ZeroHalf: 1                  
 229070 201063      955.5933   672     1692.0000      838.4674 54222257   50.45%
 229198 201187     1025.2158   608     1692.0000      838.4674 54256139   50.45%
 229390 201351     1075.8519   556     1692.0000      838.4674 54309775   50.45%
Elapsed time = 4176.47 sec. (987535.35 ticks, tree = 38155.09 MB, solutions = 46)
Nodefile size = 37987.08 MB (28569.21 MB after compression)
 234583 206148     1156.7399   451     1692.0000      839.5873 55456371   50.38%
 234652 206211     1099.7420   771     1692.0000      839.5873 55494410   50.38%
 234808 206363     1010.2685   754     1692.0000      839.5873 55561673   50.38%
 234968 206519     1067.4163   783     1692.0000      839.5873 55618218   50.38%
 238819 210067     1022.4258   480     1692.0000      839.5873 56541420   50.38%
 238884 210132     1096.0257   700     1692.0000      839.5873 56581272   50.38%
 239371 210607     1168.3510   629     1692.0000      839.5873 56769968   50.38%
*239448+210678                         1682.0000      839.5873 56785410   50.08%
Found incumbent of value 1682.000000 after 4357.72 sec. (1013203.74 ticks)
 240436 211565     1076.5315   620     1682.0000      839.5873 57042642   50.08%
 243580 213480     1078.9705   624     1682.0000      840.9214 57984366   50.00%
 243804 213702     1186.8333   520     1682.0000      840.9214 58059193   50.00%
Elapsed time = 4390.97 sec. (1038566.76 ticks, tree = 40255.57 MB, solutions = 46)
Nodefile size = 40091.14 MB (30125.09 MB after compression)
 244028 213914     1262.4000   441     1682.0000      840.9214 58124500   50.00%
 245596 215358      950.9133   479     1682.0000      840.9214 58482770   50.00%
 249702 219138      972.0978   648     1682.0000      841.4318 59446262   49.97%
                                                  ZeroHalf: 1                  
 250310 219734     1322.4632   434     1682.0000      841.4318 59599999   49.97%
 251334 220645     1141.8304   503     1682.0000      841.4318 59856711   49.97%
 252614 221846      845.0407   668     1682.0000      841.4318 60181193   49.97%
 253350 222541     1029.8651   445     1682.0000      841.4318 60335846   49.97%
 255580 224587     1119.4771   407     1682.0000      842.2351 60835045   49.93%
                                                      Cuts: 2                  
 256976 225886      910.2985   575     1682.0000      842.2351 61170728   49.93%
 257668 226524     1120.0438   513     1682.0000      842.2351 61355481   49.93%
Elapsed time = 4621.84 sec. (1081149.54 ticks, tree = 42593.91 MB, solutions = 47)
Nodefile size = 42421.88 MB (31867.57 MB after compression)
 258980 227739     1588.9333   254     1682.0000      842.2351 61667484   49.93%
 261388 229972     1097.6303   402     1682.0000      842.2351 62204646   49.93%
 262009 230532     1413.1000   293     1682.0000      843.0391 62336277   49.88%
                                                  ZeroHalf: 1                  
 263468 231902      898.8435   693     1682.0000      843.0391 62657051   49.88%
 263724 232140     1087.7778   451     1682.0000      843.0391 62714335   49.88%
 264748 233073        cutoff           1682.0000      843.0391 62958919   49.88%
 268115 236169     1026.9225   489     1682.0000      843.0391 63772017   49.88%
 268520 236536     1244.2500   409     1682.0000      843.9263 63863239   49.83%
 268846 236846      989.6011   607     1682.0000      843.9263 63963358   49.83%
 269070 237061     1075.9558   551     1682.0000      843.9263 64022969   49.83%
Elapsed time = 4819.60 sec. (1121900.49 ticks, tree = 45076.41 MB, solutions = 47)
Nodefile size = 44913.61 MB (33730.57 MB after compression)
 269134 237123     1113.6513   620     1682.0000      843.9263 64045210   49.83%
 274351 241872     1017.5086   546     1682.0000      844.0780 65204538   49.82%
                                                      Cuts: 3                  
 274499 242020     1027.3001   526     1682.0000      844.0780 65270749   49.82%
 274773 242278     1250.3333   489     1682.0000      844.0780 65361116   49.82%
 274901 242403     1338.0889   414     1682.0000      844.0780 65400141   49.82%
 279255 246386     1562.9833   314     1682.0000      844.6178 66469475   49.78%
 279354 246477      923.9810   763     1682.0000      844.6178 66527440   49.78%
 279482 246599      947.4477   743     1682.0000      844.6178 66582618   49.78%
 279578 246694      986.8412   727     1682.0000      844.6178 66620446   49.78%
 283490 250316     1063.8655   637     1682.0000      844.6178 67606344   49.78%
Elapsed time = 5018.77 sec. (1169222.52 ticks, tree = 47161.77 MB, solutions = 47)
Nodefile size = 46970.68 MB (35264.87 MB after compression)
 284853 251566      955.6349   856     1682.0000      844.9886 67935484   49.76%
                                                      Cuts: 3                  
 284917 251630      978.0429   820     1682.0000      844.9886 67960222   49.76%
 285077 251781     1034.8535   733     1682.0000      844.9886 68016244   49.76%
 285333 252018     1155.9573   702     1682.0000      844.9886 68094291   49.76%
 290155 256428     1390.1111   459     1682.0000      846.1309 69254473   49.69%
 290283 256550     1476.3333   477     1682.0000      846.1309 69309967   49.69%
 291499 257695      980.8844   555     1682.0000      846.1309 69614098   49.69%
 293003 259073      946.9726   597     1682.0000      846.1309 69964708   49.69%
 294094 260076     1462.5495   417     1682.0000      846.1309 70226058   49.69%
 296600 262333      916.2004   515     1682.0000      847.0238 70769879   49.64%
                                                  ZeroHalf: 1                  
Elapsed time = 5227.65 sec. (1211974.01 ticks, tree = 50462.45 MB, solutions = 47)
Nodefile size = 50300.39 MB (37758.26 MB after compression)
 298257 263888     1427.2381   308     1682.0000      847.0238 71167443   49.64%
 299353 264902     1065.0821   513     1682.0000      847.0238 71448639   49.64%
 299908 265401     1040.9378   616     1682.0000      847.0238 71588818   49.64%
 300317 265782     1230.9792   523     1682.0000      847.0238 71694177   49.64%
 302989 268231     1367.5000   264     1682.0000      847.6318 72300959   49.61%
 303313 268537     1561.7500   334     1682.0000      847.6318 72406217   49.61%
 303985 269173      981.9410   654     1682.0000      847.6318 72585291   49.61%
 306035 271036     1071.6963   603     1682.0000      847.6318 73078083   49.61%
 308984 273737     1518.1997   339     1682.0000      848.2148 73819955   49.57%
 309246 273988     1365.7721   530     1682.0000      848.2148 73906443   49.57%
Elapsed time = 5451.80 sec. (1255571.80 ticks, tree = 52666.68 MB, solutions = 47)
Nodefile size = 52501.33 MB (39403.09 MB after compression)
 310302 274963     1266.5000   304     1682.0000      848.2148 74156884   49.57%
 311998 276536      929.1448   545     1682.0000      848.2148 74548788   49.57%
 312478 276983     1103.0849   657     1682.0000      848.2148 74655900   49.57%
 315162 279424     1007.6286   595     1682.0000      849.0248 75302334   49.52%
 315575 279806      940.1542   894     1682.0000      849.0248 75435858   49.52%
 315671 279895      980.1833   894     1682.0000      849.0248 75473736   49.52%
 315767 279972     1025.7736   833     1682.0000      849.0248 75513791   49.52%
 319260 283190     1063.5927   822     1682.0000      849.6312 76489872   49.49%
                                                  ZeroHalf: 2                  
 319452 283382     1126.7728   700     1682.0000      849.6312 76561223   49.49%
 319580 283506     1202.6733   725     1682.0000      849.6312 76603554   49.49%
Elapsed time = 5628.29 sec. (1299453.44 ticks, tree = 53966.13 MB, solutions = 47)
Nodefile size = 53802.22 MB (40363.20 MB after compression)
 319804 283714     1289.4500   557     1682.0000      849.6312 76669369   49.49%
 325352 288802     1066.8257   449     1682.0000      849.9172 77976322   49.47%
 326088 289478     1319.3750   387     1682.0000      849.9172 78169612   49.47%
 327873 291129     1155.6069   434     1682.0000      849.9172 78593415   49.47%
 328812 292007     1097.7421   483     1682.0000      849.9172 78813613   49.47%
 329662 292793      891.6985   670     1682.0000      849.9172 78999136   49.47%
 331354 294340     1147.2505   478     1682.0000      850.7540 79361036   49.42%
 332300 295216     1249.0789   483     1682.0000      850.7540 79629085   49.42%
 333388 296223      967.3917   640     1682.0000      850.7540 79887533   49.42%
 334060 296851     1348.9000   417     1682.0000      850.7540 80035119   49.42%
Elapsed time = 5856.38 sec. (1341746.01 ticks, tree = 56315.57 MB, solutions = 47)
Nodefile size = 56136.60 MB (42097.33 MB after compression)
 336172 298774     1039.8737   518     1682.0000      850.7540 80528042   49.42%
 337662 300124     1184.0901   457     1682.0000      851.3879 80907743   49.38%
                                                  Impl Bds: 2                  
 339190 301555     1110.8200   451     1682.0000      851.3879 81283261   49.38%
 339539 301878      942.5368   771     1682.0000      851.3879 81377716   49.38%
 339699 302032      965.5968   573     1682.0000      851.3879 81422052   49.38%
 344057 306017     1308.5969   523     1682.0000      851.3879 82441889   49.38%
 344252 306208      992.9839   513     1682.0000      851.8163 82506996   49.36%
                                                  ZeroHalf: 2                  
 345276 307181     1383.6000   243     1682.0000      851.8163 82769030   49.36%
 345807 307662     1516.7282   471     1682.0000      851.8163 82907750   49.36%
 347407 309149     1015.2709   549     1682.0000      851.8163 83291495   49.36%
Elapsed time = 6052.36 sec. (1383369.85 ticks, tree = 58760.76 MB, solutions = 47)
Nodefile size = 58577.00 MB (43918.10 MB after compression)
 349700 311241     1375.3611   433     1682.0000      851.8163 83841115   49.36%
 350735 312193      883.2446   568     1682.0000      852.4350 84095172   49.32%
 351962 313324     1518.7083   360     1682.0000      852.4350 84376180   49.32%
 352922 314186     1089.9061   454     1682.0000      852.4350 84601568   49.32%
 353882 315086     1394.8750   378     1682.0000      852.4350 84857564   49.32%
 355802 316830     1163.7599   448     1682.0000      852.4350 85350789   49.32%
 356023 317033     1114.5671   728     1682.0000      853.1207 85408288   49.28%
                                                  ZeroHalf: 3                  
 356215 317219     1196.8198   704     1682.0000      853.1207 85466105   49.28%
 356407 317399     1244.3864   617     1682.0000      853.1207 85522796   49.28%
 357623 318533      922.4636   485     1682.0000      853.1207 85795085   49.28%
Elapsed time = 6249.18 sec. (1423536.17 ticks, tree = 61032.71 MB, solutions = 47)
Nodefile size = 60859.07 MB (45628.64 MB after compression)
 361363 321987     1000.0459   591     1682.0000      853.1207 86688432   49.28%
 362526 323028     1047.6851   509     1682.0000      853.4455 86949853   49.26%
                                                    Covers: 2                  
 363806 324198     1392.4000   369     1682.0000      853.4455 87270474   49.26%
 364439 324797     1392.4479   352     1682.0000      853.4455 87439502   49.26%
 365751 326012     1040.9444   445     1682.0000      853.4455 87742556   49.26%
 367622 327719     1278.9687   445     1682.0000      853.4455 88166612   49.26%
 368847 328836     1461.5000   355     1682.0000      854.2663 88447045   49.21%
 369203 329175     1283.7670   569     1682.0000      854.2663 88585582   49.21%
 369534 329483     1484.4558   384     1682.0000      854.2663 88703535   49.21%
 369714 329653     1051.0417   606     1682.0000      854.2663 88759499   49.21%
Elapsed time = 6439.31 sec. (1463386.74 ticks, tree = 63505.63 MB, solutions = 47)
Nodefile size = 63341.51 MB (47485.73 MB after compression)
 372309 332031     1193.0816   367     1682.0000      854.2663 89428460   49.21%
 372953 332617      989.8964   793     1682.0000      854.5163 89618113   49.20%
                                                  ZeroHalf: 1                  
 373021 332683     1055.2939   699     1682.0000      854.5163 89657682   49.20%
 373145 332803     1044.4805   702     1682.0000      854.5163 89713510   49.20%
 373245 332897     1085.6374   697     1682.0000      854.5163 89756001   49.20%
 378929 338123     1222.0858   486     1682.0000      854.6563 91083453   49.19%
 379197 338391     1234.0508   606     1682.0000      854.6563 91174654   49.19%
 380093 339215      945.4816   582     1682.0000      854.6563 91395568   49.19%
 381501 340536      990.2388   553     1682.0000      854.6563 91722322   49.19%
 384724 343471     1075.3347   608     1682.0000      854.6563 92464784   49.19%
Elapsed time = 6629.83 sec. (1506458.69 ticks, tree = 64889.24 MB, solutions = 47)
Nodefile size = 64688.53 MB (48471.48 MB after compression)
 385644 344323     1258.8449   451     1682.0000      855.6293 92661467   49.13%
 386764 345362     1055.9630   540     1682.0000      855.6293 92929668   49.13%
 387788 346298     1585.0000   321     1682.0000      855.6293 93178935   49.13%
 389036 347435     1305.5882   485     1682.0000      855.6293 93463842   49.13%
 391781 349972     1163.7679   533     1682.0000      855.6293 94093471   49.13%
 392136 350298      969.5915   593     1682.0000      856.1761 94195874   49.10%
 392597 350738     1034.5094   677     1682.0000      856.1761 94327983   49.10%
 392661 350800     1074.8048   678     1682.0000      856.1761 94351944   49.10%
 392917 351041     1152.1664   603     1682.0000      856.1761 94415723   49.10%
 396991 354724      932.1866   753     1682.0000      856.5170 95485438   49.08%
Elapsed time = 6850.21 sec. (1550539.44 ticks, tree = 68322.28 MB, solutions = 47)
Nodefile size = 68159.42 MB (51068.77 MB after compression)
 397204 354930     1122.9654   619     1682.0000      856.5170 95563442   49.08%
 397396 355122     1264.0435   518     1682.0000      856.5170 95619832   49.08%
 397556 355272     1367.1563   541     1682.0000      856.5170 95655623   49.08%
 402346 359642     1073.2928   456     1682.0000      856.8428 96751345   49.06%
 402903 360187     1088.9571   441     1682.0000      856.8428 96927368   49.06%
 404055 361257     1408.3333   348     1682.0000      856.8428 97197132   49.06%
 404341 361512     1195.2705   680     1682.0000      856.8428 97276836   49.06%
 406818 363796      995.4772   647     1682.0000      856.8428 97863990   49.06%
 408567 365369     1001.2388   589     1682.0000      857.2621 98292006   49.03%
 410323 367023      883.0597   809     1682.0000      857.2621 98729909   49.03%
Elapsed time = 7063.49 sec. (1593716.27 ticks, tree = 70558.69 MB, solutions = 47)
Nodefile size = 70387.30 MB (52737.23 MB after compression)
 410387 367085      900.7691   801     1682.0000      857.2621 98751054   49.03%
 410419 367113      927.3065   828     1682.0000      857.2621 98765276   49.03%
 414899 371200     1104.3537   533     1682.0000      857.7367 99799247   49.00%
 415736 372025     1467.1071   401     1682.0000      857.7367 1.00e+08   49.00%
 416094 372353      945.3443   633     1682.0000      857.7367 1.00e+08   49.00%
 416222 372453     1041.1797   561     1682.0000      857.7367 1.00e+08   49.00%
 419824 375728     1222.5390   492     1682.0000      857.7367 1.01e+08   49.00%
 420546 376362      954.8393   719     1682.0000      858.1798 1.01e+08   48.98%
 420738 376550     1056.3223   604     1682.0000      858.1798 1.01e+08   48.98%
 421244 377025     1310.7930   619     1682.0000      858.1798 1.01e+08   48.98%
Elapsed time = 7281.67 sec. (1638749.01 ticks, tree = 72843.73 MB, solutions = 47)
Nodefile size = 72679.40 MB (54449.55 MB after compression)
 421436 377193     1353.7917   541     1682.0000      858.1798 1.01e+08   48.98%
 425764 381155      999.9088   628     1682.0000      858.1798 1.03e+08   48.98%
                                                  Impl Bds: 3                  
 425834 381224     1315.5064   631     1682.0000      858.1798 1.03e+08   48.98%
 426026 381408     1391.2083   570     1682.0000      858.1798 1.03e+08   48.98%
 428026 383242     1628.8333   420     1682.0000      858.1798 1.04e+08   48.98%
 430268 385282     1075.2161   734     1682.0000      858.8814 1.04e+08   48.94%
                                                      Cuts: 2                  
 430332 385338     1118.3121   698     1682.0000      858.8814 1.04e+08   48.94%
 430396 385396     1146.6013   679     1682.0000      858.8814 1.04e+08   48.94%
 430524 385517     1198.6072   718     1682.0000      858.8814 1.04e+08   48.94%
 435096 389730     1231.0861   631     1682.0000      859.2544 1.05e+08   48.91%
                                                    Covers: 3                  
Elapsed time = 7487.15 sec. (1688095.99 ticks, tree = 74837.61 MB, solutions = 47)
Nodefile size = 74673.76 MB (55920.77 MB after compression)
 435224 389855     1355.1667   585     1682.0000      859.2544 1.05e+08   48.91%
 435352 389980     1415.8090   690     1682.0000      859.2544 1.05e+08   48.91%
 435512 390129     1465.1667   460     1682.0000      859.2544 1.05e+08   48.91%
 440555 394710     1581.0833   603     1682.0000      859.6343 1.07e+08   48.89%
 440683 394832        cutoff           1682.0000      859.6343 1.07e+08   48.89%
 441259 395381     1170.8715   411     1682.0000      859.6343 1.07e+08   48.89%
 442059 396111      876.4905   759     1682.0000      859.6343 1.07e+08   48.89%
 442219 396256      916.8401   597     1682.0000      859.6343 1.07e+08   48.89%
 446954 400587      964.4152   562     1682.0000      860.2645 1.08e+08   48.85%
 448074 401647     1451.7083   337     1682.0000      860.2645 1.08e+08   48.85%
Elapsed time = 7705.11 sec. (1731084.84 ticks, tree = 77097.20 MB, solutions = 47)
Nodefile size = 76925.49 MB (57612.98 MB after compression)
 448416 401948     1180.8078   498     1682.0000      860.2645 1.09e+08   48.85%
 449819 403219     1081.2723   496     1682.0000      860.2645 1.09e+08   48.85%
 452582 405766      969.4010   546     1682.0000      860.2645 1.10e+08   48.85%
 453087 406214     1156.6297   438     1682.0000      860.6925 1.10e+08   48.83%
 453255 406379      998.6596   665     1682.0000      860.6925 1.10e+08   48.83%
 453671 406779     1098.4028   449     1682.0000      860.6925 1.10e+08   48.83%
 454951 407926      895.4550   484     1682.0000      860.6925 1.10e+08   48.83%
 459389 411994     1012.9028   496     1682.0000      860.6925 1.11e+08   48.83%
 459551 412150     1100.6042   447     1682.0000      861.0574 1.11e+08   48.81%
 459748 412331      996.5486   782     1682.0000      861.0574 1.11e+08   48.81%
Elapsed time = 7896.62 sec. (1772726.32 ticks, tree = 79476.11 MB, solutions = 47)
Nodefile size = 79308.51 MB (59402.23 MB after compression)
 459908 412482     1090.1243   766     1682.0000      861.0574 1.11e+08   48.81%
 460004 412569     1143.6402   756     1682.0000      861.0574 1.11e+08   48.81%
 464973 417106     1004.9085   512     1682.0000      861.3173 1.13e+08   48.79%
 465068 417197      964.5599   760     1682.0000      861.3173 1.13e+08   48.79%
 465196 417311      986.0902   607     1682.0000      861.3173 1.13e+08   48.79%
 465356 417468     1042.9917   604     1682.0000      861.3173 1.13e+08   48.79%
 469389 421200     1027.4005   522     1682.0000      861.3173 1.14e+08   48.79%
 471520 423141     1103.9783   477     1682.0000      861.9122 1.14e+08   48.76%
 472104 423687     1085.2654   536     1682.0000      861.9122 1.14e+08   48.76%
 472872 424393     1541.9167   266     1682.0000      861.9122 1.14e+08   48.76%
Elapsed time = 8121.13 sec. (1816161.07 ticks, tree = 81752.36 MB, solutions = 47)
Nodefile size = 81580.87 MB (61099.01 MB after compression)
 473544 425010      931.0753   608     1682.0000      861.9122 1.15e+08   48.76%
 475032 426382      896.7262   710     1682.0000      861.9122 1.15e+08   48.76%
 477295 428448     1112.2753   585     1682.0000      862.4641 1.16e+08   48.72%
 477487 428636     1226.2083   544     1682.0000      862.4641 1.16e+08   48.72%
 478639 429729     1645.8333   167     1682.0000      862.4641 1.16e+08   48.72%
 480014 430981     1121.1793   507     1682.0000      862.4641 1.16e+08   48.72%
 482910 433660      957.7544   536     1682.0000      862.4641 1.17e+08   48.72%
*483721 434369      integral     0     1675.0000      862.4641 1.17e+08   48.51%
Found incumbent of value 1675.000000 after 8241.19 sec. (1848189.59 ticks)
 483943 432718     1010.1791   507     1675.0000      862.8464 1.17e+08   48.49%
                                                  Impl Bds: 4                  
 484087 432862     1392.6250   583     1675.0000      862.8464 1.17e+08   48.49%
Elapsed time = 8287.28 sec. (1856772.15 ticks, tree = 83766.72 MB, solutions = 47)
Nodefile size = 83602.88 MB (62617.77 MB after compression)
 484279 433043     1551.7500   466     1675.0000      862.8464 1.17e+08   48.49%
 484599 433343     1041.5185   537     1675.0000      862.8464 1.17e+08   48.49%
 488009 436495     1489.8246   466     1675.0000      862.8464 1.18e+08   48.49%
 489695 438032      989.3280   500     1675.0000      863.1479 1.19e+08   48.47%
                                                      Cuts: 5                  
 490004 438333     1390.8421   325     1675.0000      863.1479 1.19e+08   48.47%
 491636 439834     1095.9298   423     1675.0000      863.1479 1.19e+08   48.47%
*492267+440400                         1670.0000      863.1479 1.19e+08   48.31%
Found incumbent of value 1670.000000 after 8408.25 sec. (1880335.32 ticks)
*493721+441704                         1567.0000      863.1479 1.20e+08   44.92%
Found incumbent of value 1567.000000 after 8419.87 sec. (1880427.30 ticks)
*493721+441701                         1560.0000      863.1479 1.20e+08   44.67%
Found incumbent of value 1560.000000 after 8419.87 sec. (1880436.84 ticks)
 494668 442568      916.8556   520     1560.0000      863.1479 1.20e+08   44.67%
 494757 361782     1060.0584   612     1560.0000      863.5934 1.20e+08   44.64%
 495909 362819     1024.1360   488     1560.0000      863.5934 1.20e+08   44.64%
 497125 363913      984.8407   472     1560.0000      863.5934 1.20e+08   44.64%
Elapsed time = 8490.32 sec. (1899803.82 ticks, tree = 69707.32 MB, solutions = 48)
Nodefile size = 69532.11 MB (51769.44 MB after compression)
 497954 364667     1121.0167   495     1560.0000      863.5934 1.21e+08   44.64%
 500022 366528     1267.0606   434     1560.0000      863.5934 1.21e+08   44.64%
 500362 366835      909.5220   554     1560.0000      863.9988 1.21e+08   44.62%
 501258 367634     1367.2500   381     1560.0000      863.9988 1.22e+08   44.62%
*501902+368196                         1548.0000      863.9988 1.22e+08   44.19%
Found incumbent of value 1548.000000 after 8580.71 sec. (1917034.17 ticks)
 501902 368198     1284.1452   495     1548.0000      863.9988 1.22e+08   44.19%
 503006 369203     1039.0925   724     1548.0000      863.9988 1.22e+08   44.19%
 505651 364481     1130.6782   441     1548.0000      864.3823 1.23e+08   44.16%
 506611 365360      969.8667   595     1548.0000      864.3823 1.23e+08   44.16%
 507379 366061     1328.3661   514     1548.0000      864.3823 1.23e+08   44.16%
 508324 366908      875.8058   569     1548.0000      864.3823 1.24e+08   44.16%
Elapsed time = 8696.26 sec. (1942294.61 ticks, tree = 70338.86 MB, solutions = 53)
Nodefile size = 70162.99 MB (52210.26 MB after compression)
 509473 367913     1059.5387   494     1548.0000      864.3823 1.24e+08   44.16%
 510677 368975     1361.0271   394     1548.0000      864.8127 1.24e+08   44.13%
 512004 370190     1350.1000   344     1548.0000      864.8127 1.25e+08   44.13%
 513026 371098     1179.8062   429     1548.0000      864.8127 1.25e+08   44.13%
 514276 372236     1132.2746   451     1548.0000      864.8127 1.25e+08   44.13%
 515689 373474     1027.9305   465     1548.0000      864.8127 1.26e+08   44.13%
 516641 374289      939.0957   545     1548.0000      865.3419 1.26e+08   44.10%
 516819 374457      981.9940   723     1548.0000      865.3419 1.26e+08   44.10%
 517203 374821     1110.7451   555     1548.0000      865.3419 1.26e+08   44.10%
 519612 376985     1054.8550   517     1548.0000      865.3419 1.27e+08   44.10%
Elapsed time = 8902.46 sec. (1988811.41 ticks, tree = 72372.45 MB, solutions = 53)
Nodefile size = 72210.03 MB (53725.99 MB after compression)
 520663 377919     1147.5778   438     1548.0000      865.4839 1.27e+08   44.09%
 520919 378163     1278.5515   348     1548.0000      865.4839 1.27e+08   44.09%
 522184 379290      961.4354   549     1548.0000      865.4839 1.28e+08   44.09%
 523272 380263      944.5648   531     1548.0000      865.4839 1.28e+08   44.09%
*524107+381027                         1537.0000      865.4839 1.28e+08   43.69%
Found incumbent of value 1537.000000 after 8987.37 sec. (2000374.70 ticks)
*525221+382004                         1523.0000      865.4839 1.29e+08   43.17%
Found incumbent of value 1523.000000 after 8987.37 sec. (2004928.53 ticks)
 525923 368500      950.3781   624     1523.0000      866.0526 1.29e+08   43.14%
 526019 368590      968.4134   677     1523.0000      866.0526 1.29e+08   43.14%
 526147 368716     1011.7598   643     1523.0000      866.0526 1.29e+08   43.14%
 526339 368898     1090.4630   576     1523.0000      866.0526 1.29e+08   43.14%
 530820 372824        cutoff           1523.0000      866.2497 1.30e+08   43.12%
 531035 373020     1003.4004   660     1523.0000      866.2497 1.30e+08   43.12%
Elapsed time = 9112.08 sec. (2033783.92 ticks, tree = 71600.41 MB, solutions = 55)
Nodefile size = 71440.01 MB (53083.71 MB after compression)
 531387 373340     1152.3679   503     1523.0000      866.2497 1.30e+08   43.12%
*532424+374283                         1512.0000      866.2497 1.31e+08   42.71%
Found incumbent of value 1512.000000 after 9157.92 sec. (2033530.24 ticks)
 532507 374360     1513.3561   285     1512.0000      866.2497 1.31e+08   42.71%
 535325 376885     1027.9828   586     1512.0000      866.2497 1.32e+08   42.71%
 536177 371682     1178.6937   489     1512.0000      866.8765 1.32e+08   42.67%
 536247 371752     1021.6546   722     1512.0000      866.8765 1.32e+08   42.67%
 537015 372445     1399.2500   275     1512.0000      866.8765 1.32e+08   42.67%
 538007 373333     1323.8894   512     1512.0000      866.8765 1.32e+08   42.67%
 540391 375480      941.5777   656     1512.0000      866.8765 1.33e+08   42.67%
 541369 376305     1115.7477   446     1512.0000      867.1759 1.33e+08   42.65%
 542516 377315      946.6038   570     1512.0000      867.1759 1.34e+08   42.65%
Elapsed time = 9323.76 sec. (2076444.19 ticks, tree = 72328.89 MB, solutions = 56)
Nodefile size = 72158.37 MB (53590.70 MB after compression)
 543272 378022      981.5092   712     1512.0000      867.1759 1.34e+08   42.65%
 544008 378650     1288.8281   441     1512.0000      867.1759 1.34e+08   42.65%
 545288 379773     1198.7813   495     1512.0000      867.1759 1.34e+08   42.65%
 545717 380133      918.3556   691     1512.0000      867.6624 1.35e+08   42.61%
 545814 380230     1031.9249   666     1512.0000      867.6624 1.35e+08   42.61%
 546454 380802     1224.5625   400     1512.0000      867.6624 1.35e+08   42.61%
 547894 382066     1097.6588   572     1512.0000      867.6624 1.35e+08   42.61%
 550893 384718     1450.5000   357     1512.0000      867.8739 1.36e+08   42.60%
 551387 385179     1414.5600   468     1512.0000      867.8739 1.36e+08   42.60%
*551613+385379                         1511.0000      867.8739 1.36e+08   42.56%
Found incumbent of value 1511.000000 after 9498.16 sec. (2111812.71 ticks)
 551694 385445      934.6399   636     1511.0000      867.8739 1.36e+08   42.56%
Elapsed time = 9510.75 sec. (2118870.86 ticks, tree = 74142.03 MB, solutions = 56)
Nodefile size = 73976.40 MB (54944.70 MB after compression)
 552110 385808     1056.5563   449     1511.0000      867.8739 1.36e+08   42.56%
 554348 387818     1196.8750   354     1511.0000      867.8739 1.37e+08   42.56%
 555861 388592     1128.5740   498     1511.0000      868.2797 1.38e+08   42.54%
                                                  ZeroHalf: 1                  
 556074 388778     1345.5000   320     1511.0000      868.2797 1.38e+08   42.54%
 557055 389673      902.0234   825     1511.0000      868.2797 1.38e+08   42.54%
 557119 389731      928.6383   819     1511.0000      868.2797 1.38e+08   42.54%
 560804 392927     1016.5551   523     1511.0000      868.7475 1.39e+08   42.51%
 560947 393055      956.1241   742     1511.0000      868.7475 1.39e+08   42.51%
 561075 393173     1000.8088   620     1511.0000      868.7475 1.39e+08   42.51%
 561331 393405     1090.5081   574     1511.0000      868.7475 1.39e+08   42.51%
Elapsed time = 9732.90 sec. (2164681.07 ticks, tree = 75854.76 MB, solutions = 57)
Nodefile size = 75691.83 MB (56201.84 MB after compression)
 565967 397499      915.1553   533     1511.0000      868.8785 1.41e+08   42.50%
 566697 398177     1078.2918   595     1511.0000      868.8785 1.41e+08   42.50%
 567913 399255     1024.9908   534     1511.0000      868.8785 1.41e+08   42.50%
 569030 400261     1182.2208   518     1511.0000      868.8785 1.41e+08   42.50%
 570967 401951      935.2660   463     1511.0000      868.8785 1.42e+08   42.50%
 571397 402327     1306.2747   397     1511.0000      869.5347 1.42e+08   42.45%
 571409 402337      909.7644   637     1511.0000      869.5347 1.42e+08   42.45%
*573391+404113                         1508.0000      869.5347 1.43e+08   42.34%
Found incumbent of value 1508.000000 after 9984.98 sec. (2204961.47 ticks)
 574971 403734      967.9942   581     1508.0000      869.6118 1.43e+08   42.33%
 575469 404170     1036.2917   467     1508.0000      869.6118 1.43e+08   42.33%
 577062 405609     1073.3957   459     1508.0000      869.6118 1.44e+08   42.33%
Elapsed time = 10121.78 sec. (2320886.14 ticks, tree = 78105.83 MB, solutions = 59)
Nodefile size = 77947.02 MB (57870.44 MB after compression)
 578651 406956     1180.8896   463     1508.0000      869.8929 1.44e+08   42.31%
 579337 407596     1103.5110   454     1508.0000      869.8929 1.44e+08   42.31%
*579352+407608                         1503.0000      869.8929 1.44e+08   42.12%
Found incumbent of value 1503.000000 after 10251.75 sec. (2326442.80 ticks)
 583025 408245     1377.5245   475     1503.0000      869.9783 1.45e+08   42.12%
 583156 408362     1293.1080   472     1503.0000      869.9783 1.46e+08   42.12%
 583184 408390      969.4666   504     1503.0000      869.9783 1.46e+08   42.12%
 583720 408850      933.4747   528     1503.0000      869.9783 1.46e+08   42.12%
 585927 410796     1113.1315   451     1503.0000      870.3087 1.46e+08   42.10%
                                                  ZeroHalf: 1                  
 586053 410915     1219.0649   421     1503.0000      870.3087 1.46e+08   42.10%
 587218 411953     1305.8889   452     1503.0000      870.3087 1.47e+08   42.10%
*588175+412815                         1488.0000      870.3087 1.47e+08   41.51%
Found incumbent of value 1488.000000 after 10498.26 sec. (2463470.73 ticks)
 589377 405620     1101.9970   417     1488.0000      870.4923 1.47e+08   41.50%
Elapsed time = 10532.31 sec. (2517241.18 ticks, tree = 78591.97 MB, solutions = 61)
Nodefile size = 78434.08 MB (58183.89 MB after compression)
 589419 405656     1192.1993   496     1488.0000      870.4923 1.47e+08   41.50%
 589990 406152      941.0840   542     1488.0000      870.4923 1.48e+08   41.50%
 592747 408563     1137.6529   470     1488.0000      870.7869 1.48e+08   41.48%
 593372 409132     1043.8452   571     1488.0000      870.7869 1.49e+08   41.48%
 593932 409600     1009.7784   519     1488.0000      870.7869 1.49e+08   41.48%
 596688 412006     1161.0128   487     1488.0000      871.1234 1.49e+08   41.46%

GUB cover cuts applied:  2
Cover cuts applied:  13
Implied bound cuts applied:  10
Zero-half cuts applied:  361
Gomory fractional cuts applied:  2

Root node processing (before b&c):
  Real time             =   30.26 sec. (16980.50 ticks)
Parallel b&c, 32 threads:
  Real time             = 10791.80 sec. (2633438.99 ticks)
  Sync time (average)   =    0.46 sec.
  Wait time (average)   =    0.00 sec.
                          ------------
Total (root+branch&cut) = 10822.06 sec. (2650419.49 ticks)


Solution status: Feasible
Execution time: 10822.6 sec
Gap: 0.41457
