Mon Jul 16 06:48:49 2018

Tried aggregator 2 times.
MIP Presolve eliminated 7590 rows and 109 columns.
Aggregator did 324 substitutions.
Reduced MIP has 7133 rows, 1840 columns, and 26504 nonzeros.
Reduced MIP has 1840 binaries, 0 generals, 0 SOSs, and 0 indicators.
Presolve time = 0.07 sec. (36.18 ticks)
Probing time = 0.00 sec. (1.32 ticks)
Tried aggregator 1 time.
Presolve time = 0.02 sec. (11.23 ticks)
Probing time = 0.00 sec. (1.32 ticks)
Clique table members: 7363.
MIP emphasis: balance optimality and feasibility.
MIP search method: dynamic search.
Parallel mode: deterministic, using up to 32 threads.
Root relaxation solution time = 0.74 sec. (38.36 ticks)

        Nodes                                         Cuts/
   Node  Left     Objective  IInf  Best Integer    Best Bound    ItCnt     Gap

      0     0      639.0000   160                    639.0000      573         
      0     0      725.6458   256                    Cuts: 71      827         
      0     0      768.1500   254                    Cuts: 56     1154         
      0     0      769.1471   279                ZeroHalf: 64     1345         
      0     0      769.1471   279                    Cuts: 21     1429         
      0     0      769.2000   287                    Cuts: 18     1530         
      0     0      769.4255   288                    Cuts: 13     1603         
      0     0      769.4255   285                    Cuts: 18     1667         
*     0+    0                         2087.0000      769.4255     1667   63.13%
Found incumbent of value 2087.000000 after 2.91 sec. (1483.19 ticks)
*     0+    0                         1247.0000      769.4255     1667   38.30%
Found incumbent of value 1247.000000 after 3.02 sec. (1522.40 ticks)
      0     2      769.4255   285     1247.0000      769.4255     1667   38.30%
Elapsed time = 3.11 sec. (1545.28 ticks, tree = 0.01 MB, solutions = 2)
      2     4      769.8750   274     1247.0000      769.4255     3171   38.30%
*     4+    4                         1232.0000      769.8750     5374   37.51%
Found incumbent of value 1232.000000 after 4.19 sec. (2431.61 ticks)
      4     6      803.5417   268     1232.0000      769.8750     5374   37.51%
      5     7      773.5000   188     1232.0000      769.8750     6185   37.51%
      9    11      775.2500   366     1232.0000      769.8750     9719   37.51%
     14    16      795.7500   298     1232.0000      770.3333    13139   37.47%
                                                  ZeroHalf: 1                  
*    15+   15                         1222.0000      770.3333    13322   36.96%
Found incumbent of value 1222.000000 after 6.69 sec. (3949.54 ticks)
     18    20      804.0909   343     1222.0000      770.3333    16265   36.96%
     23    25      793.7586   309     1222.0000      771.7692    18567   36.84%
                                                  Impl Bds: 3                  
     31    33      775.3750   253     1222.0000      771.7692    24495   36.84%
     41    43      779.9755   314     1222.0000      771.7692    30229   36.84%
                                                      Cuts: 6                  
     57    59      800.3195   311     1222.0000      771.7692    43372   36.84%
Elapsed time = 10.68 sec. (6577.18 ticks, tree = 0.01 MB, solutions = 5)
    106   108      797.5882   366     1222.0000      771.7692    85720   36.84%
                                                     Cuts: 10                  
*  1039  1006      integral     0     1131.0000      771.7692   219285   31.76%
Found incumbent of value 1131.000000 after 14.13 sec. (7742.70 ticks)
   1103   931      793.7333   340     1131.0000      771.7692   226368   31.76%
                                                 Impl Bds: 12                  
   1168   990      798.7806   408     1131.0000      771.7692   251628   31.76%
   1729  1465      800.0833   256     1131.0000      772.1111   404772   31.73%
                                                     Cuts: 18                  
   1888  1618      825.7053   320     1131.0000      772.1111   446684   31.73%
   3866  3369      801.4573   411     1131.0000      774.0000   685694   31.56%
                                                     Cuts: 25                  
*  4166+ 3649                         1129.0000      774.0000   728239   31.44%
Found incumbent of value 1129.000000 after 24.61 sec. (12654.89 ticks)
   4708  4157      867.7302   221     1129.0000      774.0000   775075   31.44%
   4936  4356      821.3573   344     1129.0000      774.0000   796858   31.44%
*  5040+ 4450                         1108.0000      774.0000   806784   30.14%
Found incumbent of value 1108.000000 after 28.08 sec. (13399.19 ticks)
*  5099+ 4490                         1091.0000      774.0000   812613   29.06%
Found incumbent of value 1091.000000 after 28.11 sec. (13539.32 ticks)
   7693  6185      777.2500   247     1091.0000      781.5000  1065070   28.37%
Elapsed time = 46.37 sec. (21240.11 ticks, tree = 127.83 MB, solutions = 10)
   7695  6186      792.6634   387     1091.0000      781.5000  1068441   28.37%
   7700  6188      779.8333   289     1091.0000      781.5000  1070723   28.37%
                                                      Cuts: 6                  
   7705  6192      792.7460   388     1091.0000      781.5000  1077112   28.37%
   7709  6194      801.2487   415     1091.0000      781.5000  1083451   28.37%
   7720  6198      811.5256   345     1091.0000      781.5000  1097114   28.37%
                                                      Cuts: 4                  
   7730  6203      804.7542   372     1091.0000      781.5000  1109816   28.37%
                                                      Cuts: 6                  
   7810  6250      815.3636   333     1091.0000      781.5000  1157098   28.37%
                                                  ZeroHalf: 5                  
   8316  6523      815.9858   381     1091.0000      781.5000  1281708   28.37%
                                                     Cuts: 14                  
   8648  6714      811.2069   309     1091.0000      781.5000  1380093   28.37%
                                                      Cuts: 2                  
   8841  6801      841.7000   353     1091.0000      781.5000  1442123   28.37%
Elapsed time = 67.53 sec. (32988.94 ticks, tree = 117.04 MB, solutions = 10)
  10299  7432      813.0476   325     1091.0000      781.5000  1695064   28.37%
  10491  7505      819.3333   260     1091.0000      781.5000  1754153   28.37%
  11209  7796      845.8333   345     1091.0000      781.5000  1906240   28.37%
  11607  7956      817.1714   354     1091.0000      781.5000  2007522   28.37%
                                                  ZeroHalf: 4                  
  12215  8295      876.1556   338     1091.0000      781.5000  2132428   28.37%
  13965  9064      800.8148   357     1091.0000      781.5000  2450168   28.37%
                                                     Cuts: 28                  
  14061  9111      816.7143   355     1091.0000      781.5000  2482227   28.37%
  14666  9399      801.1872   350     1091.0000      781.5000  2608823   28.37%
  15114  9624      876.0941   256     1091.0000      781.5000  2707581   28.37%
  16691 10298      805.4337   367     1091.0000      781.5000  2993418   28.37%
                                                     Cuts: 10                  
Elapsed time = 94.34 sec. (43458.04 ticks, tree = 45.79 MB, solutions = 10)
  16868 10393      872.7500   313     1091.0000      781.5000  3046453   28.37%
  17456 10650      914.8611   338     1091.0000      781.5000  3169070   28.37%
  18044 10948      889.6017   380     1091.0000      781.5000  3273049   28.37%
  18300 11060      938.2549   254     1091.0000      781.5000  3330621   28.37%
  23252 14228      835.0889   381     1091.0000      781.5000  4184592   28.37%
  23317 14282      921.6111   321     1091.0000      796.0208  4206797   27.04%
                                                     Cuts: 20                  
  23445 14397      916.4000   262     1091.0000      796.0208  4246729   27.04%
  23762 14693      985.0417   281     1091.0000      796.0208  4318508   27.04%
* 23798+14723                         1088.0000      796.0208  4324629   26.84%
Found incumbent of value 1088.000000 after 114.24 sec. (49345.70 ticks)
  25203 16002     1019.9488   299     1088.0000      796.0208  4556495   26.84%
  26034 16725      845.7500   199     1088.0000      796.0208  4693884   26.84%
Elapsed time = 117.99 sec. (53963.67 ticks, tree = 14.47 MB, solutions = 10)
* 26875+17456                         1051.0000      796.0208  4864386   24.26%
Found incumbent of value 1051.000000 after 120.44 sec. (52975.09 ticks)
  27931 15853      905.6667   171     1051.0000      805.1912  5047930   23.39%
                                                   Cliques: 1                  
  28527 16403      856.3182   356     1051.0000      805.1912  5150905   23.39%
  28655 16518      871.7500   279     1051.0000      805.1912  5177400   23.39%
  28879 16718      918.0000   256     1051.0000      805.1912  5220864   23.39%
  29711 17427      849.5000   300     1051.0000      805.1912  5401080   23.39%
* 30261 17904      integral     0     1043.0000      805.1912  5510577   22.80%
Found incumbent of value 1043.000000 after 132.01 sec. (59132.04 ticks)
* 32969+20291                         1041.0000      805.1912  6038655   22.65%
Found incumbent of value 1041.000000 after 132.01 sec. (58839.72 ticks)
  33735 19909      897.8730   364     1041.0000      812.9621  6182109   21.91%
  34213 20347      968.9583   238     1041.0000      812.9621  6292277   21.91%
* 34701 20757      integral     0     1037.0000      812.9621  6385868   21.60%
Found incumbent of value 1037.000000 after 136.93 sec. (61397.65 ticks)
  35223 21204      993.2500   228     1037.0000      812.9621  6473911   21.60%
Elapsed time = 139.13 sec. (62401.35 ticks, tree = 24.71 MB, solutions = 14)
  36027 21905      900.2500   275     1037.0000      812.9621  6633972   21.60%
  36763 22542      855.7083   243     1037.0000      812.9621  6760275   21.60%
* 37642 23262      integral     0     1031.0000      812.9621  6948257   21.15%
Found incumbent of value 1031.000000 after 143.56 sec. (64520.43 ticks)
  39509 23444      874.0000   265     1031.0000      815.8929  7326781   20.86%
                                                  Impl Bds: 2                  
  40213 24034      852.1667   294     1031.0000      815.8929  7464833   20.86%
  41237 24883      845.3333   179     1031.0000      815.8929  7647171   20.86%
  42197 25704      905.5833   212     1031.0000      815.8929  7823787   20.86%
  43070 26411      949.9377   289     1031.0000      815.8929  8014315   20.86%
  44983 28021      879.1364   330     1031.0000      819.0000  8441330   20.56%
                                                      Cuts: 4                  
  45431 28385      853.2708   324     1031.0000      819.0000  8546711   20.56%
Elapsed time = 159.77 sec. (72091.61 ticks, tree = 39.43 MB, solutions = 18)
  46315 29140      924.7857   269     1031.0000      819.0000  8741271   20.56%
  47408 30040     1007.0769   221     1031.0000      819.0000  8986204   20.56%
  49501 31760      844.8333   299     1031.0000      820.7500  9455407   20.39%
                                                      Cuts: 2                  
  49819 32047      951.5635   250     1031.0000      820.7500  9557088   20.39%
  50177 32339      927.4138   306     1031.0000      820.7500  9631055   20.39%
  51266 33216      869.5000   228     1031.0000      820.7500  9831876   20.39%
  52075 33883      848.6429   317     1031.0000      820.7500 10017644   20.39%
  52491 34228      959.7000   273     1031.0000      820.7500 10105404   20.39%
* 53810 35320      integral     0     1020.0000      820.7500 10349107   19.53%
Found incumbent of value 1020.000000 after 179.43 sec. (80161.07 ticks)
  55408 34314      881.3417   319     1020.0000      822.9904 10656538   19.31%
                                                      Cuts: 2                  
Elapsed time = 181.69 sec. (81154.92 ticks, tree = 51.12 MB, solutions = 19)
  55969 34780      856.0143   336     1020.0000      822.9904 10780732   19.31%
  56107 34872      887.6500   371     1020.0000      822.9904 10820638   19.31%
  56203 34948      928.2115   355     1020.0000      822.9904 10854361   19.31%
  57478 35955      848.3333   242     1020.0000      822.9904 11150784   19.31%
* 59488+37549                         1018.0000      824.4762 11607690   19.01%
                                                     Fract: 1                  
Found incumbent of value 1018.000000 after 192.91 sec. (85574.94 ticks)
  59490 37553      863.3889   242     1018.0000      824.4762 11608069   19.01%
  59492 37555      855.1000   283     1018.0000      824.4762 11610715   19.01%
* 59495+37556                         1015.0000      824.4762 11611804   18.77%
Found incumbent of value 1015.000000 after 202.44 sec. (85569.27 ticks)
* 59496+37557                         1013.0000      824.4762 11613058   18.61%
Found incumbent of value 1013.000000 after 202.44 sec. (85800.56 ticks)
* 59502+37562                         1010.0000      824.4762 11615910   18.37%
Found incumbent of value 1010.000000 after 202.44 sec. (88784.40 ticks)
  59582 35009      854.6164   321     1010.0000      824.4762 11661286   18.37%
  60208 35558      961.8333   145     1010.0000      824.4762 11790488   18.37%
  61241 36388      879.1111   265     1010.0000      824.4762 12009663   18.37%
  61721 36755      867.6667   364     1010.0000      824.4762 12108275   18.37%
Elapsed time = 211.28 sec. (95658.73 ticks, tree = 53.39 MB, solutions = 41)
  61817 36839      879.4706   337     1010.0000      824.4762 12132851   18.37%
  65451 39670      863.0000   257     1010.0000      827.6000 12857883   18.06%
                                                      Cuts: 2                  
  65771 39931      984.3571   268     1010.0000      827.6000 12947496   18.06%
  66392 40426      860.0000   292     1010.0000      827.6000 13084434   18.06%
  67051 40929      947.7444   351     1010.0000      827.6000 13233659   18.06%
  67883 41560      837.5250   254     1010.0000      827.6000 13430058   18.06%
  70112 43301      853.3922   352     1010.0000      830.1744 13938634   17.80%
                                                    Covers: 1                  
  70176 43340      863.7451   387     1010.0000      830.1744 13959945   17.80%
  70336 43478      890.2500   353     1010.0000      830.1744 14003486   17.80%
  75319 47394      905.5000   275     1010.0000      832.0000 15089793   17.62%
Elapsed time = 242.30 sec. (109291.06 ticks, tree = 75.50 MB, solutions = 47)
  77871 49351      940.2269   254     1010.0000      832.0000 15621147   17.62%
  82838 53247      913.8333   213     1010.0000      834.2571 16578289   17.40%
                                                  ZeroHalf: 3                  
  87644 56945      867.6667   348     1010.0000      836.0000 17619244   17.23%
* 92390 60659      integral     0     1003.0000      836.0000 18551398   16.65%
Found incumbent of value 1003.000000 after 277.49 sec. (122987.40 ticks)
  93548 59023      967.1667   262     1003.0000      837.1923 18828378   16.53%
  98068 62408      983.0000   253     1003.0000      838.5000 19834950   16.40%
                                                      Cuts: 2                  
 101546 65025      876.4667   303     1003.0000      838.5000 20584983   16.40%
 105761 68202      971.8005   259     1003.0000      840.2500 21435100   16.23%
*109501 71016      integral     0     1001.0000      840.2500 22141203   16.06%
Found incumbent of value 1001.000000 after 316.80 sec. (138557.41 ticks)
 111042 71244      890.2500   281     1001.0000      841.6000 22428687   15.92%
                                                  ZeroHalf: 1                  
Elapsed time = 324.28 sec. (142424.78 ticks, tree = 117.30 MB, solutions = 49)
 115621 74629      904.5000   287     1001.0000      843.2857 23365450   15.76%
 119638 77634      991.0000   150     1001.0000      843.2857 24115449   15.76%
*120271+78119                          997.0000      843.2857 24231680   15.42%
Found incumbent of value 997.000000 after 341.66 sec. (148788.49 ticks)
 123669 78575      914.8974   273      997.0000      844.8333 24912445   15.26%
                                                      Cuts: 5                  
 128490 82076      865.5000   248      997.0000      845.7778 25886934   15.17%
*133003+85399                          976.0000      847.0000 26795177   13.22%
Found incumbent of value 976.000000 after 369.74 sec. (161027.92 ticks)
 133061 85447      946.2727   358      976.0000      847.0000 26811433   13.22%
 136956 88343      895.9630   177      976.0000      847.0000 27507570   13.22%
 141809 76478      885.2667   308      976.0000      848.3627 28477446   13.08%
                                                  ZeroHalf: 1                  
 146242 79352      919.7731   299      976.0000      849.7500 29456024   12.94%
 150948 82430      951.6000   252      976.0000      851.0000 30375498   12.81%
                                                      Cuts: 6                  
 154238 84637      954.5000   221      976.0000      851.0000 31023781   12.81%
Elapsed time = 416.69 sec. (181225.69 ticks, tree = 140.71 MB, solutions = 51)
Nodefile size = 12.99 MB (7.55 MB after compression)
 158731 87595      953.6667   202      976.0000      852.3000 31886427   12.67%
                                                      Cuts: 7                  
 163504 90633      930.4167   234      976.0000      853.6071 32876480   12.54%
                                                      Cuts: 6                  
 168238 93666        cutoff            976.0000      854.6667 33821761   12.43%
                                                      Cuts: 2                  
*168935+94107                          971.0000      854.6667 33976663   11.98%
Found incumbent of value 971.000000 after 448.65 sec. (192544.41 ticks)
 170326 94984      958.2143   228      971.0000      854.6667 34286407   11.98%
 174598 93726      899.5000   184      971.0000      855.6528 35221300   11.88%
 179014 96464      938.5000   318      971.0000      856.5357 36178016   11.79%
                                                      Cuts: 3                  
 183634 99150      875.7701   267      971.0000      857.6154 37171925   11.68%
                                                      Cuts: 7                  
 188688 102226      878.0000   267      971.0000      857.6154 38202323   11.68%
 191362 103804      893.8000   280      971.0000      858.2500 38730973   11.61%
 196433 106704      882.6667   201      971.0000      859.3958 39762990   11.49%
Elapsed time = 510.27 sec. (219715.77 ticks, tree = 183.16 MB, solutions = 52)
Nodefile size = 54.95 MB (31.26 MB after compression)
 200473 109025      924.3333   233      971.0000      860.6667 40633894   11.36%
 204134 111157      959.1667   320      971.0000      860.6667 41361649   11.36%
 207526 113100      898.7500   246      971.0000      861.5714 42094251   11.27%
 212050 115754      942.7500   345      971.0000      862.3500 43050589   11.19%
                                                  ZeroHalf: 1                  
 216643 118325        cutoff            971.0000      863.3000 44021401   11.09%
                                                    Covers: 1                  
 221559 121123      937.8929   384      971.0000      863.3000 45010607   11.09%
 224198 122623      944.4023   231      971.0000      864.0833 45558012   11.01%
 228983 125286      952.0000   302      971.0000      864.7385 46482930   10.94%
 233880 127966      938.1667   271      971.0000      865.8750 47476549   10.83%
                                                  ZeroHalf: 1                  
 238581 130578      954.3333   217      971.0000      866.5000 48416801   10.76%
Elapsed time = 605.17 sec. (258723.90 ticks, tree = 228.27 MB, solutions = 52)
Nodefile size = 99.91 MB (55.49 MB after compression)
 241871 132376      940.0833   234      971.0000      866.5000 49085801   10.76%
 246525 134957      920.0000   142      971.0000      867.3163 50016666   10.68%
 250947 137367      893.5471   304      971.0000      868.0000 50905729   10.61%
 256398 140379      917.3333   146      971.0000      868.6250 51904635   10.54%
 261443 143202      945.1250   327      971.0000      869.3333 52883942   10.47%
 264221 144759      927.6389   249      971.0000      869.3333 53415441   10.47%
 269077 147372      933.6667   267      971.0000      870.0083 54369363   10.40%
 273711 149878      961.8103   338      971.0000      870.6667 55278989   10.33%
 278598 152539      916.7500   255      971.0000      871.2500 56249304   10.27%
                                                    Covers: 1                  
 284276 155528      949.8125   358      971.0000      871.9167 57293397   10.20%
Elapsed time = 699.12 sec. (297801.26 ticks, tree = 273.85 MB, solutions = 52)
Nodefile size = 145.87 MB (79.02 MB after compression)
 286911 156950      882.6029   250      971.0000      871.9167 57794384   10.20%
 291460 159364      957.6667   128      971.0000      872.5000 58679516   10.14%
 296869 162173      908.0000   256      971.0000      873.0000 59710220   10.09%
 302110 164815      923.3958   274      971.0000      873.6667 60688696   10.02%
                                                    Covers: 1                  
 305070 166313      907.9352   225      971.0000      873.6667 61241029   10.02%
 310227 168883      936.6667   191      971.0000      874.3571 62250996    9.95%
 314327 170977      927.0000   265      971.0000      875.0000 63018756    9.89%
 319642 173711      925.5833   229      971.0000      875.4706 64001914    9.84%
 325116 176525      962.3333   272      971.0000      876.0104 65019102    9.78%
                                                    Covers: 1                  
 328267 178062      901.7143   307      971.0000      876.0104 65616332    9.78%
Elapsed time = 792.01 sec. (336315.36 ticks, tree = 312.17 MB, solutions = 52)
Nodefile size = 183.84 MB (98.01 MB after compression)
 333690 180742      939.0000   303      971.0000      876.6667 66612718    9.72%
                                                  ZeroHalf: 1                  
 338900 183410      929.5000   132      971.0000      877.0500 67598234    9.68%
 343811 185904        cutoff            971.0000      877.6000 68466952    9.62%
 349110 188586        cutoff            971.0000      878.0536 69425956    9.57%
 352596 190380      887.5000   295      971.0000      878.0536 70039512    9.57%
 356933 192532      942.9231   357      971.0000      878.5573 70803275    9.52%
 363349 195630      906.5139   229      971.0000      879.0000 71959106    9.47%
                                                    Covers: 1                  
 367723 197840      918.0602   237      971.0000      879.5278 72749304    9.42%
                                                      Cuts: 5                  
 373521 200575      937.2500   147      971.0000      880.0333 73782500    9.37%
 378254 202873      915.3214   217      971.0000      880.0333 74620510    9.37%
Elapsed time = 886.24 sec. (375087.05 ticks, tree = 356.00 MB, solutions = 52)
Nodefile size = 227.81 MB (119.96 MB after compression)
 382585 204923      928.7083   212      971.0000      880.5417 75394895    9.32%
                                                      Cuts: 2                  
 387447 207291      918.4444   179      971.0000      881.0000 76267586    9.27%
                                                    Covers: 2                  
 392652 209768        cutoff            971.0000      881.3571 77207960    9.23%
 398082 212312      936.9167   318      971.0000      881.7500 78132365    9.19%
 403204 214714      933.3500   356      971.0000      882.2500 79101132    9.14%
 407340 216694      918.7857   231      971.0000      882.2500 79835505    9.14%
 412772 219317      904.6000   214      971.0000      882.5682 80712001    9.11%
 417693 221606      918.5000   237      971.0000      883.0000 81572965    9.06%
 423926 224544      899.0000   254      971.0000      883.4767 82641775    9.01%
 428779 226747      903.0625   340      971.0000      883.8925 83494053    8.97%
Elapsed time = 982.68 sec. (413745.67 ticks, tree = 403.61 MB, solutions = 52)
Nodefile size = 275.76 MB (143.66 MB after compression)
 434179 229246      901.5000   276      971.0000      884.2500 84448764    8.93%
 437763 230855      888.0000   218      971.0000      884.2500 85088387    8.93%
 443441 233405      888.9333   249      971.0000      884.6667 86093690    8.89%
 448376 235632      937.7917   227      971.0000      885.0833 86967880    8.85%
                                                  ZeroHalf: 1                  
 453455 237925      909.1096   283      971.0000      885.5000 87871537    8.81%
 459505 240745      948.4167   316      971.0000      885.8750 88910972    8.77%
 464663 243080      947.5306   269      971.0000      886.1667 89815483    8.74%
 470625 245718      939.1222   290      971.0000      886.1667 90798894    8.74%
 474605 247479      948.5000   202      971.0000      886.5833 91512853    8.69%
 479157 249552        cutoff            971.0000      886.9583 92348168    8.66%
Elapsed time = 1077.08 sec. (452552.13 ticks, tree = 444.00 MB, solutions = 52)
Nodefile size = 315.73 MB (163.27 MB after compression)
 484305 251883      930.9206   330      971.0000      887.2778 93228547    8.62%
                                                    Covers: 1                  
 489919 254246      934.5208   281      971.0000      887.6667 94239858    8.58%
 494621 256334      911.9167   193      971.0000      888.0000 95067803    8.55%
                                                    Covers: 1                  
 500345 258808      953.3810   268      971.0000      888.2857 96056821    8.52%
 506097 261327      942.7600   220      971.0000      888.6600 97071808    8.48%
 509555 262801      935.3333   173      971.0000      888.6600 97656089    8.48%
 515200 265195      932.2500   174      971.0000      889.0000 98612105    8.44%
 520959 267734      907.8333   272      971.0000      889.3333 99562994    8.41%
                                                  ZeroHalf: 1                  
 526775 270197      891.6275   275      971.0000      889.6381 1.01e+08    8.38%
 531169 271997      963.3763   292      971.0000      890.0000 1.01e+08    8.34%
                                                  ZeroHalf: 1                  
Elapsed time = 1170.12 sec. (491330.04 ticks, tree = 486.67 MB, solutions = 52)
Nodefile size = 358.69 MB (184.22 MB after compression)
 537446 274636      968.2917   231      971.0000      890.3333 1.02e+08    8.31%
 541400 276292      899.2500   245      971.0000      890.6000 1.03e+08    8.28%
 545643 278080      902.4417   167      971.0000      890.6000 1.03e+08    8.28%
 552077 280724      967.8292   229      971.0000      891.0000 1.04e+08    8.24%
                                                    Covers: 1                  
 555985 282345      958.4167   311      971.0000      891.3036 1.04e+08    8.21%
 559326 283618      920.3000   323      971.0000      891.5000 1.05e+08    8.19%
 563926 285481        cutoff            971.0000      891.5000 1.05e+08    8.19%
 570367 288104      924.5333   166      971.0000      891.8266 1.06e+08    8.15%
 575146 290001        cutoff            971.0000      892.1667 1.06e+08    8.12%
 580266 291990      925.8973   332      971.0000      892.5417 1.07e+08    8.08%
Elapsed time = 1295.24 sec. (529809.72 ticks, tree = 2169.27 MB, solutions = 52)
Nodefile size = 2041.15 MB (1286.19 MB after compression)
 583909 293546      936.1864   297      971.0000      892.7500 1.07e+08    8.06%
 589390 295795      935.4667   293      971.0000      892.7500 1.08e+08    8.06%
 595225 298153      903.8750   206      971.0000      893.0167 1.08e+08    8.03%
 599145 299699      904.8753   272      971.0000      893.4217 1.09e+08    7.99%
 602958 301322      955.6228   268      971.0000      893.6667 1.09e+08    7.96%
 608392 303431      956.6250   161      971.0000      894.0000 1.10e+08    7.93%
 614323 305890      898.1423   287      971.0000      894.0000 1.10e+08    7.93%
 617357 307100      905.0000   154      971.0000      894.2738 1.10e+08    7.90%
 621672 308813      955.6786   260      971.0000      894.5000 1.11e+08    7.88%
 627431 311101      923.5000   234      971.0000      894.8333 1.11e+08    7.84%
                                                    Covers: 1                  
Elapsed time = 1405.88 sec. (568208.02 ticks, tree = 3731.57 MB, solutions = 52)
Nodefile size = 3601.02 MB (2314.72 MB after compression)
 633564 313664      945.7500   265      971.0000      895.1204 1.12e+08    7.81%
 637865 315383      922.3333   144      971.0000      895.1204 1.13e+08    7.81%
 642834 317437        cutoff            971.0000      895.2963 1.13e+08    7.80%
 648510 319682      939.0889   287      971.0000      895.6667 1.14e+08    7.76%
 652340 321186      925.0000   325      971.0000      895.9583 1.14e+08    7.73%
                                                  ZeroHalf: 1                  
 657249 323225      901.4167   179      971.0000      896.0833 1.15e+08    7.72%
                                                    Covers: 1                  
 662962 325392    infeasible            971.0000      896.4262 1.15e+08    7.68%
                                                    Covers: 4                  
 668800 327792      904.5833   278      971.0000      896.4262 1.16e+08    7.68%
 672085 329090      930.8651   342      971.0000      896.7083 1.16e+08    7.65%
                                                  ZeroHalf: 1                  
 677228 331090      937.4815   245      971.0000      896.8750 1.17e+08    7.63%
Elapsed time = 1528.02 sec. (607336.28 ticks, tree = 5286.20 MB, solutions = 52)
Nodefile size = 5154.13 MB (3336.85 MB after compression)
 683517 333574      939.1667   142      971.0000      897.1417 1.17e+08    7.61%
                                                    Covers: 1                  
 688512 335479        cutoff            971.0000      897.4333 1.18e+08    7.58%
 692498 336971      910.4103   306      971.0000      897.6000 1.18e+08    7.56%
 697238 338770      938.1667   192      971.0000      897.6000 1.19e+08    7.56%
 703157 341005      909.1886   191      971.0000      897.9000 1.19e+08    7.53%
                                                    Covers: 1                  
 707513 342659        cutoff            971.0000      898.1333 1.20e+08    7.50%
 712338 344569        cutoff            971.0000      898.3214 1.20e+08    7.48%
 718086 346804        cutoff            971.0000      898.5703 1.21e+08    7.46%
                                                    Covers: 1                  
 723958 349044        cutoff            971.0000      898.8294 1.21e+08    7.43%
                                                      Cuts: 3                  
 730216 351329      947.5556   266      971.0000      898.8294 1.22e+08    7.43%
Elapsed time = 1651.11 sec. (645961.47 ticks, tree = 6878.28 MB, solutions = 52)
Nodefile size = 6737.74 MB (4384.72 MB after compression)
 733011 352366      915.5490   226      971.0000      899.0278 1.22e+08    7.41%
                                                  ZeroHalf: 2                  
 739136 354751      930.4062   202      971.0000      899.2500 1.23e+08    7.39%
 744754 356825      910.5000   250      971.0000      899.5000 1.23e+08    7.36%
*748452 358329      integral     0      969.0000      899.5000 1.23e+08    7.17%
Found incumbent of value 969.000000 after 1694.70 sec. (659020.74 ticks)
 751059 357599      957.9053   196      969.0000      899.7500 1.24e+08    7.15%
 755955 359375      916.3750   166      969.0000      899.9048 1.24e+08    7.13%
                                                    Covers: 1                  
*757347+359868                          966.0000      899.9048 1.24e+08    6.84%
Found incumbent of value 966.000000 after 1717.70 sec. (666919.46 ticks)
 762026 358583      955.2188   180      966.0000      900.1667 1.25e+08    6.82%
                                                    Covers: 1                  
 767110 360142      926.7500   217      966.0000      900.4773 1.25e+08    6.78%
 771124 361500      949.8417   275      966.0000      900.4773 1.26e+08    6.78%
*772878+362069                          962.0000      900.6583 1.26e+08    6.38%
Found incumbent of value 962.000000 after 1756.80 sec. (678977.55 ticks)
 776726 363230      951.8333   221      962.0000      900.6583 1.26e+08    6.38%
Elapsed time = 1763.95 sec. (681996.64 ticks, tree = 7620.37 MB, solutions = 54)
Nodefile size = 7485.37 MB (4882.23 MB after compression)
 781924 360810      949.6667   311      962.0000      900.9167 1.27e+08    6.35%
                                                  Impl Bds: 1                  
 786409 361997        cutoff            962.0000      901.1746 1.27e+08    6.32%
                                                    Covers: 2                  
 791432 363470      918.6250   240      962.0000      901.3333 1.28e+08    6.31%
                                                  Impl Bds: 1                  
 797327 365077      953.8750   184      962.0000      901.6000 1.28e+08    6.28%
                                                  ZeroHalf: 2                  
 802997 366571        cutoff            962.0000      901.9286 1.29e+08    6.24%
 806997 367633        cutoff            962.0000      901.9286 1.29e+08    6.24%
 811781 368874    infeasible            962.0000      902.0056 1.30e+08    6.24%
 818544 370551      919.6458   229      962.0000      902.3333 1.30e+08    6.20%
 822524 371693      941.5000   162      962.0000      902.5833 1.31e+08    6.18%
 826787 373079      948.6484   317      962.0000      902.7500 1.31e+08    6.16%
Elapsed time = 1884.98 sec. (720441.88 ticks, tree = 8533.65 MB, solutions = 55)
Nodefile size = 8403.30 MB (5487.61 MB after compression)
 832554 374520        cutoff            962.0000      903.0000 1.32e+08    6.13%
                                                  ZeroHalf: 1                  
 838256 376140      903.9608   199      962.0000      903.2402 1.32e+08    6.11%
 843899 377583      928.7500   212      962.0000      903.2402 1.33e+08    6.11%
 848852 378934      923.0833   178      962.0000      903.4940 1.33e+08    6.08%
 853263 380088      923.7117   267      962.0000      903.6944 1.34e+08    6.06%
 857911 381310        cutoff            962.0000      903.8333 1.34e+08    6.05%
 864611 383173      941.6667   192      962.0000      904.0556 1.35e+08    6.02%
 869164 384337      917.8125   326      962.0000      904.3333 1.35e+08    5.99%
 874039 385576      948.5000   219      962.0000      904.4286 1.36e+08    5.98%
 880115 387074      943.2333   236      962.0000      904.6667 1.36e+08    5.96%
                                                      Cuts: 3                  
Elapsed time = 2010.62 sec. (759266.76 ticks, tree = 9638.94 MB, solutions = 55)
Nodefile size = 9508.82 MB (6225.55 MB after compression)
 886834 389004      950.9000   262      962.0000      904.6667 1.37e+08    5.96%
 889547 389568      948.9167   314      962.0000      904.9405 1.37e+08    5.93%
 895260 391123        cutoff            962.0000      905.0333 1.38e+08    5.92%
 901539 392683      925.1384   239      962.0000      905.2607 1.38e+08    5.90%
 905999 393725      911.7619   289      962.0000      905.5000 1.39e+08    5.87%
 910435 394895      923.8286   179      962.0000      905.6429 1.39e+08    5.86%
 916029 396514      959.0833   213      962.0000      905.8594 1.40e+08    5.84%
 922400 398067      936.6667   159      962.0000      906.0417 1.40e+08    5.82%
 926525 399296        cutoff            962.0000      906.0417 1.41e+08    5.82%
 932533 400683      906.6667   159      962.0000      906.1765 1.41e+08    5.80%
Elapsed time = 2130.75 sec. (798047.96 ticks, tree = 10395.80 MB, solutions = 55)
Nodefile size = 10258.65 MB (6727.81 MB after compression)
 938633 402281      945.3833   141      962.0000      906.3958 1.42e+08    5.78%
 941477 402956      942.7705   338      962.0000      906.6111 1.42e+08    5.76%
                                                    Covers: 1                  
 947906 404850      909.4206   276      962.0000      906.7500 1.43e+08    5.74%
 953804 406154      919.8854   274      962.0000      906.9762 1.44e+08    5.72%
 959198 407541      918.0000   168      962.0000      907.1667 1.44e+08    5.70%
 964677 408912      916.1667   283      962.0000      907.3333 1.44e+08    5.68%
                                                    Covers: 1                  
 968861 410161      931.0000   286      962.0000      907.4524 1.45e+08    5.67%
 974687 411436      958.2222   240      962.0000      907.4524 1.45e+08    5.67%
 981163 412919      916.5390   176      962.0000      907.6667 1.46e+08    5.65%
 984864 413955        cutoff            962.0000      907.8462 1.46e+08    5.63%
Elapsed time = 2255.59 sec. (836571.40 ticks, tree = 11467.70 MB, solutions = 55)
Nodefile size = 11337.74 MB (7449.39 MB after compression)
 989234 414775        cutoff            962.0000      908.0000 1.47e+08    5.61%
 996691 416732      947.8333   237      962.0000      908.1667 1.48e+08    5.60%
 1001659 417852      948.7500   211      962.0000      908.3500 1.48e+08    5.58%
 1005583 418736      956.1404   210      962.0000      908.5000 1.49e+08    5.56%
 1012044 420483      941.1667   142      962.0000      908.6667 1.49e+08    5.54%
                                                  ZeroHalf: 1                  
 1018735 422150      915.4500   128      962.0000      908.8333 1.50e+08    5.53%
 1023088 423525      939.9286   214      962.0000      908.8333 1.50e+08    5.53%
 1027912 424581      935.5000   194      962.0000      908.9583 1.51e+08    5.51%
 1035269 426261      919.3646   206      962.0000      909.1250 1.51e+08    5.50%
 1038493 426996      951.0000   199      962.0000      909.3333 1.52e+08    5.47%
                                                    Covers: 2                  
Elapsed time = 2375.07 sec. (875555.45 ticks, tree = 12311.83 MB, solutions = 55)
Nodefile size = 12182.41 MB (8019.07 MB after compression)
 1043502 428236        cutoff            962.0000      909.4444 1.52e+08    5.46%
                                                      Cuts: 3                  
 1051367 430074      923.7333   230      962.0000      909.6250 1.53e+08    5.44%
                                                    Covers: 1                  
 1055935 431124      924.5833   153      962.0000      909.8000 1.53e+08    5.43%
                                                    Covers: 1                  
 1060309 432160      944.5100   235      962.0000      909.9412 1.54e+08    5.41%
                                                      Cuts: 3                  
 1066242 433541        cutoff            962.0000      910.0857 1.54e+08    5.40%
                                                    Covers: 1                  
 1072614 435178      928.0931   176      962.0000      910.2639 1.55e+08    5.38%
 1075766 435837      923.3773   271      962.0000      910.2639 1.55e+08    5.38%
 1081879 437112      949.1429   233      962.0000      910.3862 1.56e+08    5.37%
 1088269 438622        cutoff            962.0000      910.5556 1.56e+08    5.35%
 1092725 439575      931.6579   268      962.0000      910.7250 1.57e+08    5.33%
Elapsed time = 2499.13 sec. (914400.89 ticks, tree = 13114.34 MB, solutions = 55)
Nodefile size = 12985.19 MB (8556.60 MB after compression)
 1098466 441010      959.6562   243      962.0000      910.8333 1.57e+08    5.32%
 1104631 442380        cutoff            962.0000      911.0000 1.58e+08    5.30%
 1108921 443444        cutoff            962.0000      911.1667 1.58e+08    5.28%
                                                    Covers: 1                  
 1114127 444907      944.0667   193      962.0000      911.2500 1.59e+08    5.28%
 1120469 446420      954.1667   120      962.0000      911.4167 1.59e+08    5.26%
 1126602 447912      931.0909   273      962.0000      911.5625 1.60e+08    5.24%
 1130822 448915      957.1856   323      962.0000      911.5625 1.60e+08    5.24%
 1136824 450416      957.0769   279      962.0000      911.6667 1.61e+08    5.23%
 1143504 451862      924.6667   169      962.0000      911.8444 1.61e+08    5.21%
 1146977 452479      922.7143   226      962.0000      912.0000 1.62e+08    5.20%
                                                    Covers: 1                  
Elapsed time = 2623.64 sec. (953622.54 ticks, tree = 13961.91 MB, solutions = 55)
Nodefile size = 13832.56 MB (9127.60 MB after compression)
 1152844 453953      915.6028   270      962.0000      912.0944 1.62e+08    5.19%
 1158355 455109      959.0833   214      962.0000      912.2611 1.63e+08    5.17%
 1163327 456372      943.0000    89      962.0000      912.4167 1.63e+08    5.15%
 1168640 457476      951.9444   288      962.0000      912.5000 1.64e+08    5.15%
 1174867 458819      916.3750   190      962.0000      912.6667 1.64e+08    5.13%
 1181063 460260      931.0000   228      962.0000      912.8308 1.65e+08    5.11%
 1185214 461339        cutoff            962.0000      912.8308 1.65e+08    5.11%
 1191022 462485      958.0667   260      962.0000      912.9167 1.66e+08    5.10%
 1197835 464047      949.4815   223      962.0000      913.0481 1.66e+08    5.09%
 1201919 465054        cutoff            962.0000      913.2083 1.67e+08    5.07%
                                                  ZeroHalf: 1                  
Elapsed time = 2749.31 sec. (992201.02 ticks, tree = 14788.27 MB, solutions = 55)
Nodefile size = 14659.04 MB (9683.57 MB after compression)
 1207616 466416      924.2000   170      962.0000      913.3155 1.67e+08    5.06%
 1213921 467848      920.9762   175      962.0000      913.4583 1.68e+08    5.05%
 1218274 468886      929.2833   228      962.0000      913.5833 1.68e+08    5.03%
 1222588 469752      935.0714   253      962.0000      913.6667 1.69e+08    5.02%
 1229357 471371      950.3333   184      962.0000      913.8333 1.69e+08    5.01%
 1235713 472958      927.3750   210      962.0000      913.9762 1.70e+08    4.99%
 1239944 473714        cutoff            962.0000      914.0455 1.70e+08    4.98%
 1246944 475375        cutoff            962.0000      914.2000 1.71e+08    4.97%
 1253901 477005        cutoff            962.0000      914.3333 1.71e+08    4.95%
                                                    Covers: 1                  
 1260656 478398      925.5833   184      962.0000      914.5000 1.72e+08    4.94%
                                                      Cuts: 4                  
Elapsed time = 2884.56 sec. (1032481.38 ticks, tree = 15738.25 MB, solutions = 55)
Nodefile size = 15608.33 MB (10324.19 MB after compression)
 1264986 479262        cutoff            962.0000      914.5833 1.72e+08    4.93%
                                                  ZeroHalf: 1                  
 1271740 481056      942.5549   287      962.0000      914.6875 1.73e+08    4.92%
                                                    Covers: 1                  
 1278330 482602      949.5000    86      962.0000      914.8333 1.73e+08    4.90%
 1282994 483604      927.4118   195      962.0000      914.9167 1.74e+08    4.89%
 1289736 485061        cutoff            962.0000      915.0000 1.75e+08    4.89%
 1296578 486653    infeasible            962.0000      915.1624 1.75e+08    4.87%
*1298932 487172      integral     0      956.0000      915.1624 1.75e+08    4.27%
Found incumbent of value 956.000000 after 2972.59 sec. (1058785.01 ticks)
*1300975+476066                          954.0000      915.2500 1.76e+08    4.06%
Found incumbent of value 954.000000 after 2974.85 sec. (1061551.18 ticks)
 1302050 476288      949.8917   186      954.0000      915.2500 1.76e+08    4.06%
 1308663 470374        cutoff            954.0000      915.3750 1.76e+08    4.05%
*1312731+470706                          953.0000      915.3750 1.77e+08    3.95%
Found incumbent of value 953.000000 after 2998.30 sec. (1068658.25 ticks)
 1314664 468127        cutoff            953.0000      915.5571 1.77e+08    3.93%
Elapsed time = 3005.13 sec. (1070254.48 ticks, tree = 16250.18 MB, solutions = 58)
Nodefile size = 16121.33 MB (10677.13 MB after compression)
*1317272 468350      integral     0      952.0000      915.5571 1.77e+08    3.83%
Found incumbent of value 952.000000 after 3011.36 sec. (1071242.97 ticks)
 1320598 464809      941.0000   168      952.0000      915.6667 1.77e+08    3.82%
 1326597 464962      922.8386   258      952.0000      915.8235 1.78e+08    3.80%
 1332830 464989      926.9167   190      952.0000      916.0000 1.78e+08    3.78%
 1338936 465022      946.2500    69      952.0000      916.1314 1.79e+08    3.77%
 1343326 464991      951.0000   200      952.0000      916.2222 1.79e+08    3.76%
                                                  ZeroHalf: 1                  
 1350181 465174      916.4167   190      952.0000      916.3958 1.80e+08    3.74%
 1357063 465274    infeasible            952.0000      916.5500 1.80e+08    3.72%
 1361525 465291      946.6378   196      952.0000      916.6500 1.81e+08    3.71%
 1368395 465498      921.0000   120      952.0000      916.8269 1.81e+08    3.69%
Elapsed time = 3122.59 sec. (1107005.12 ticks, tree = 16075.53 MB, solutions = 59)
Nodefile size = 15946.34 MB (10575.24 MB after compression)
 1375392 465616        cutoff            952.0000      917.0000 1.82e+08    3.68%
 1379257 465431      944.6667   154      952.0000      917.0472 1.83e+08    3.67%
 1385731 465505    infeasible            952.0000      917.2222 1.83e+08    3.65%
 1392506 465668        cutoff            952.0000      917.3357 1.84e+08    3.64%
                                                  ZeroHalf: 1                  
 1399582 465847        cutoff            952.0000      917.5233 1.84e+08    3.62%
                                                    Covers: 1                  
 1404173 465948      946.7222   230      952.0000      917.6422 1.85e+08    3.61%
 1410820 466027      938.9583   182      952.0000      917.7692 1.85e+08    3.60%
 1417837 466090      921.1000   190      952.0000      917.9242 1.86e+08    3.58%
 1421873 466053      927.8797   332      952.0000      918.0000 1.86e+08    3.57%
 1428826 466338        cutoff            952.0000      918.1667 1.87e+08    3.55%
Elapsed time = 3254.17 sec. (1147875.46 ticks, tree = 16042.37 MB, solutions = 59)
Nodefile size = 15913.63 MB (10567.17 MB after compression)
 1435772 466467        cutoff            952.0000      918.3333 1.87e+08    3.54%
 1439795 466196      933.6667   145      952.0000      918.3750 1.88e+08    3.53%
 1446536 466263    infeasible            952.0000      918.5069 1.88e+08    3.52%
 1453399 466214        cutoff            952.0000      918.6667 1.89e+08    3.50%
 1457587 466250    infeasible            952.0000      918.7857 1.89e+08    3.49%
 1464539 466359        cutoff            952.0000      918.9167 1.90e+08    3.48%
 1471309 466238        cutoff            952.0000      919.0484 1.90e+08    3.46%
 1477406 466553        cutoff            952.0000      919.1833 1.91e+08    3.45%
 1484266 466569        cutoff            952.0000      919.3333 1.91e+08    3.43%
                                                    Covers: 1                  
 1488730 466517        cutoff            952.0000      919.4054 1.92e+08    3.42%
Elapsed time = 3383.82 sec. (1188536.72 ticks, tree = 15709.60 MB, solutions = 59)
Nodefile size = 15580.50 MB (10358.44 MB after compression)
 1494955 466612      946.5611   152      952.0000      919.5417 1.93e+08    3.41%
 1501837 466475        cutoff            952.0000      919.6750 1.93e+08    3.40%
 1506268 466682      942.9345   171      952.0000      919.7598 1.94e+08    3.39%
 1513114 466592      948.6400   210      952.0000      919.9051 1.94e+08    3.37%
 1519663 466301        cutoff            952.0000      920.0076 1.95e+08    3.36%
 1523842 466508      929.0833   227      952.0000      920.1000 1.95e+08    3.35%
                                                    Covers: 1                  
 1530500 466520        cutoff            952.0000      920.2333 1.96e+08    3.34%
                                                    Covers: 1                  
 1537177 466579    infeasible            952.0000      920.3750 1.96e+08    3.32%
                                                      Cuts: 4                  
 1541728 466783        cutoff            952.0000      920.4635 1.97e+08    3.31%
 1548012 466700      938.9667   300      952.0000      920.5833 1.97e+08    3.30%
Elapsed time = 3511.14 sec. (1228609.52 ticks, tree = 15481.77 MB, solutions = 59)
Nodefile size = 15353.05 MB (10219.89 MB after compression)
 1554820 466740      928.8421   182      952.0000      920.6905 1.98e+08    3.29%
 1559182 466864      933.7083   228      952.0000      920.7750 1.98e+08    3.28%
 1566049 466603      932.0000   254      952.0000      920.9500 1.99e+08    3.26%
                                                    Covers: 2                  
 1572704 466507      928.8333   175      952.0000      921.0625 1.99e+08    3.25%
 1577092 466828      925.3333   238      952.0000      921.1333 2.00e+08    3.24%
 1583789 466888        cutoff            952.0000      921.2500 2.00e+08    3.23%
 1590733 466897        cutoff            952.0000      921.3875 2.01e+08    3.22%
 1595132 466837      935.7500   286      952.0000      921.4903 2.01e+08    3.20%
 1601393 466807        cutoff            952.0000      921.5909 2.02e+08    3.19%
 1608237 466867        cutoff            952.0000      921.6889 2.02e+08    3.18%
Elapsed time = 3639.05 sec. (1268813.69 ticks, tree = 15418.27 MB, solutions = 59)
Nodefile size = 15289.32 MB (10189.12 MB after compression)
 1613261 466955    infeasible            952.0000      921.8111 2.03e+08    3.17%
                                                  ZeroHalf: 1                  
 1620219 466965      944.4167   226      952.0000      921.9167 2.03e+08    3.16%
                                                    Covers: 1                  
 1626885 466791        cutoff            952.0000      922.0119 2.04e+08    3.15%
 1631367 466776      931.5000   169      952.0000      922.1167 2.04e+08    3.14%
 1638086 466662        cutoff            952.0000      922.2500 2.05e+08    3.12%
 1644894 466626      922.8750   170      952.0000      922.3360 2.05e+08    3.12%
 1649125 466623      947.1667   168      952.0000      922.4444 2.06e+08    3.10%
 1655540 466350        cutoff            952.0000      922.5238 2.06e+08    3.10%
 1662469 466242        cutoff            952.0000      922.6667 2.07e+08    3.08%
                                                    Covers: 1                  
 1666894 466121      948.7500   113      952.0000      922.7292 2.08e+08    3.07%
Elapsed time = 3762.94 sec. (1308784.55 ticks, tree = 15157.88 MB, solutions = 59)
Nodefile size = 15028.64 MB (10026.63 MB after compression)
 1673723 465842      941.1111   233      952.0000      922.8750 2.08e+08    3.06%
 1680755 466048      935.3333   191      952.0000      923.0000 2.09e+08    3.05%
 1685007 465691        cutoff            952.0000      923.0417 2.09e+08    3.04%
 1691533 465804        cutoff            952.0000      923.1667 2.10e+08    3.03%
                                                    Covers: 1                  
 1698056 465755        cutoff            952.0000      923.3000 2.10e+08    3.01%
 1704970 465510        cutoff            952.0000      923.4167 2.11e+08    3.00%
 1709124 465591      942.6250   191      952.0000      923.5000 2.11e+08    2.99%
 1715796 465148      941.0000   153      952.0000      923.5833 2.12e+08    2.98%
 1722694 465058    infeasible            952.0000      923.7000 2.12e+08    2.97%
 1727214 465127      944.8000   225      952.0000      923.7917 2.13e+08    2.96%
                                                    Covers: 1                  
Elapsed time = 3889.94 sec. (1348615.98 ticks, tree = 15132.52 MB, solutions = 59)
Nodefile size = 15005.20 MB (10019.46 MB after compression)
 1734085 464866        cutoff            952.0000      923.9167 2.13e+08    2.95%
 1740873 464893      929.5000   128      952.0000      924.0000 2.14e+08    2.94%
 1744783 464776      931.5857   247      952.0000      924.0667 2.14e+08    2.93%
 1751566 464752        cutoff            952.0000      924.1716 2.15e+08    2.92%
 1758122 464766        cutoff            952.0000      924.3000 2.15e+08    2.91%
 1762403 464460      937.6667   170      952.0000      924.3667 2.16e+08    2.90%
 1769190 464633      934.5000   146      952.0000      924.5000 2.16e+08    2.89%
 1775989 464321      924.6071   220      952.0000      924.5833 2.17e+08    2.88%
 1782834 464109      945.7250    73      952.0000      924.6771 2.17e+08    2.87%
                                                    Covers: 1                  
 1787036 463932      925.7857   199      952.0000      924.7500 2.18e+08    2.86%
Elapsed time = 4016.81 sec. (1388246.90 ticks, tree = 14896.03 MB, solutions = 59)
Nodefile size = 14767.10 MB (9868.02 MB after compression)
 1793534 463815        cutoff            952.0000      924.8667 2.18e+08    2.85%
 1800708 463966        cutoff            952.0000      925.0000 2.19e+08    2.84%
 1804411 463543      947.0625   194      952.0000      925.0000 2.19e+08    2.84%
                                                  ZeroHalf: 1                  
 1810802 463568      935.1474   219      952.0000      925.1429 2.20e+08    2.82%
                                                    Covers: 1                  
 1817518 463146      946.1359   236      952.0000      925.2500 2.20e+08    2.81%
                                                  Impl Bds: 1                  
 1824414 462919        cutoff            952.0000      925.3333 2.21e+08    2.80%
 1828713 462800      936.7917   200      952.0000      925.4382 2.21e+08    2.79%
 1835115 462281      930.8667   194      952.0000      925.5139 2.22e+08    2.78%
 1842183 462086      928.5000   216      952.0000      925.6667 2.22e+08    2.77%
 1846535 461758      944.1511   251      952.0000      925.7143 2.23e+08    2.76%
Elapsed time = 4141.74 sec. (1427565.62 ticks, tree = 14813.95 MB, solutions = 59)
Nodefile size = 14684.56 MB (9818.16 MB after compression)
 1853262 461459      938.5000   177      952.0000      925.8333 2.23e+08    2.75%
 1860011 461023      936.0667   113      952.0000      925.9333 2.24e+08    2.74%
 1864165 461230        cutoff            952.0000      926.0000 2.24e+08    2.73%
 1870712 460533      940.2222   200      952.0000      926.0833 2.25e+08    2.72%
 1877456 460187      943.5000    60      952.0000      926.1786 2.25e+08    2.71%
 1881497 459857      937.6863   281      952.0000      926.2500 2.26e+08    2.70%
 1888175 459554        cutoff            952.0000      926.3333 2.26e+08    2.70%
 1895075 459337      933.7000   133      952.0000      926.4737 2.27e+08    2.68%
 1901736 458827      948.0000   117      952.0000      926.5417 2.27e+08    2.67%
 1905912 458615      932.4000   181      952.0000      926.6224 2.28e+08    2.67%
Elapsed time = 4266.43 sec. (1466587.34 ticks, tree = 14613.15 MB, solutions = 59)
Nodefile size = 14487.40 MB (9691.48 MB after compression)
 1912608 458186        cutoff            952.0000      926.7250 2.28e+08    2.65%
 1919161 457961        cutoff            952.0000      926.8108 2.29e+08    2.65%
 1923500 457605        cutoff            952.0000      926.8714 2.29e+08    2.64%
 1930428 457542        cutoff            952.0000      927.0000 2.30e+08    2.63%
 1936977 456880        cutoff            952.0000      927.0667 2.30e+08    2.62%
 1941368 456780      933.5000   128      952.0000      927.1333 2.31e+08    2.61%
 1948011 456002        cutoff            952.0000      927.2500 2.31e+08    2.60%
 1954657 455610        cutoff            952.0000      927.3333 2.32e+08    2.59%
 1959106 455263        cutoff            952.0000      927.4167 2.32e+08    2.58%
 1965814 454889      937.0000   129      952.0000      927.5000 2.33e+08    2.57%
Elapsed time = 4392.45 sec. (1505430.64 ticks, tree = 14243.06 MB, solutions = 59)
Nodefile size = 14114.82 MB (9442.92 MB after compression)
 1971972 454411        cutoff            952.0000      927.6188 2.33e+08    2.56%
 1976930 454038      944.5000   180      952.0000      927.6667 2.34e+08    2.56%
 1983610 453390      941.2917   142      952.0000      927.7667 2.34e+08    2.55%
 1990395 452875      942.1667    96      952.0000      927.8667 2.35e+08    2.54%
 1995041 452661      931.3095   167      952.0000      927.9500 2.35e+08    2.53%
 2001555 452517      933.9423   311      952.0000      928.0000 2.36e+08    2.52%
 2008431 451985      932.5333   157      952.0000      928.1167 2.36e+08    2.51%
 2012509 451726      944.7917   314      952.0000      928.1667 2.37e+08    2.50%
 2019182 451177      929.9583   204      952.0000      928.2778 2.37e+08    2.49%
 2025554 450831        cutoff            952.0000      928.3457 2.38e+08    2.48%
Elapsed time = 4515.69 sec. (1544116.83 ticks, tree = 14030.70 MB, solutions = 59)
Nodefile size = 13901.80 MB (9305.42 MB after compression)
 2029938 450150      950.5833   226      952.0000      928.4306 2.38e+08    2.48%
 2036654 449715      938.6663   306      952.0000      928.5000 2.39e+08    2.47%
 2043574 449222        cutoff            952.0000      928.6250 2.39e+08    2.46%
 2047939 448700      937.9167   136      952.0000      928.6667 2.40e+08    2.45%
 2054423 448345    infeasible            952.0000      928.7833 2.40e+08    2.44%
 2061253 447630        cutoff            952.0000      928.8750 2.41e+08    2.43%
 2068170 447704        cutoff            952.0000      929.0000 2.41e+08    2.42%
 2072361 447238        cutoff            952.0000      929.0000 2.42e+08    2.42%
 2078889 446585      934.6667    84      952.0000      929.1167 2.42e+08    2.40%
 2085167 445968        cutoff            952.0000      929.2000 2.43e+08    2.39%
Elapsed time = 4640.24 sec. (1582806.79 ticks, tree = 13816.56 MB, solutions = 59)
Nodefile size = 13687.69 MB (9164.69 MB after compression)
 2089386 445317      942.5000   144      952.0000      929.2619 2.43e+08    2.39%
 2096044 444832      941.9583   179      952.0000      929.3333 2.44e+08    2.38%
 2102953 444483        cutoff            952.0000      929.4759 2.44e+08    2.37%
 2109609 443481      935.9583   137      952.0000      929.5217 2.45e+08    2.36%
 2113809 443013      945.3333   248      952.0000      929.6125 2.45e+08    2.35%
 2120502 442473      948.7917   135      952.0000      929.6765 2.46e+08    2.34%
 2127186 442103        cutoff            952.0000      929.7778 2.46e+08    2.33%
 2131160 441482      946.5294   229      952.0000      929.8333 2.47e+08    2.33%
 2138152 441081      933.6667   126      952.0000      929.9750 2.47e+08    2.31%
 2144731 440991        cutoff            952.0000      930.0000 2.47e+08    2.31%
Elapsed time = 4766.53 sec. (1621460.45 ticks, tree = 13534.21 MB, solutions = 59)
Nodefile size = 13405.15 MB (8975.79 MB after compression)
 2149095 440309      937.8333   174      952.0000      930.0556 2.48e+08    2.31%
 2155788 439709        cutoff            952.0000      930.1667 2.49e+08    2.29%
 2162580 438823        cutoff            952.0000      930.2667 2.49e+08    2.28%
 2169158 437950        cutoff            952.0000      930.3333 2.49e+08    2.28%
 2173205 437464      937.6667   142      952.0000      930.4167 2.50e+08    2.27%
 2180292 437293      931.8750   201      952.0000      930.5000 2.50e+08    2.26%
 2186930 436138        cutoff            952.0000      930.5905 2.51e+08    2.25%
 2191275 435903      950.4444   136      952.0000      930.6667 2.51e+08    2.24%
 2198108 434875        cutoff            952.0000      930.7500 2.52e+08    2.23%
 2204542 434001      936.0606   252      952.0000      930.8333 2.52e+08    2.22%
Elapsed time = 4891.12 sec. (1659950.59 ticks, tree = 12993.37 MB, solutions = 59)
Nodefile size = 12865.06 MB (8614.85 MB after compression)
 2208753 433262      936.5833   151      952.0000      930.8889 2.53e+08    2.22%
 2216061 433462      950.5000    83      952.0000      931.0000 2.53e+08    2.21%
 2222390 432472      944.5000   150      952.0000      931.0060 2.54e+08    2.21%
 2226570 431994        cutoff            952.0000      931.0866 2.54e+08    2.20%
 2233606 431190      945.0000    93      952.0000      931.1905 2.55e+08    2.19%
 2240179 430395      934.5833    91      952.0000      931.3000 2.55e+08    2.17%
 2246921 429344      935.6333   180      952.0000      931.3750 2.56e+08    2.17%
 2251367 428837      931.5000    52      952.0000      931.4583 2.56e+08    2.16%
 2257817 427988      938.0769   210      952.0000      931.5000 2.57e+08    2.15%
 2264767 426986      938.3333   132      952.0000      931.6250 2.57e+08    2.14%
Elapsed time = 5015.36 sec. (1698320.22 ticks, tree = 12577.79 MB, solutions = 59)
Nodefile size = 12449.29 MB (8335.29 MB after compression)
 2268812 426021      947.3438   143      952.0000      931.6667 2.58e+08    2.14%
 2275767 425015      950.0376   255      952.0000      931.7831 2.58e+08    2.12%
 2282200 423978      939.6136   283      952.0000      931.8587 2.59e+08    2.12%
 2286549 423146      936.6258   308      952.0000      931.9468 2.59e+08    2.11%
 2294022 423399      942.7143   196      952.0000      932.0000 2.60e+08    2.10%
 2300503 422117      941.0667   184      952.0000      932.0784 2.60e+08    2.09%
 2306910 421615        cutoff            952.0000      932.1667 2.61e+08    2.08%
 2311535 421036      944.3333   178      952.0000      932.2105 2.61e+08    2.08%
 2318299 420342      943.0556   198      952.0000      932.3333 2.62e+08    2.07%
 2324724 419059    infeasible            952.0000      932.3750 2.62e+08    2.06%
Elapsed time = 5139.78 sec. (1736688.41 ticks, tree = 12119.58 MB, solutions = 59)
Nodefile size = 11990.90 MB (8028.41 MB after compression)
 2329611 418950      942.0333   279      952.0000      932.4762 2.63e+08    2.05%
 2336362 417756        cutoff            952.0000      932.5333 2.63e+08    2.04%
 2343055 416718      935.5833   188      952.0000      932.6500 2.64e+08    2.03%
 2347174 415915      943.0476   192      952.0000      932.6667 2.64e+08    2.03%
 2354351 414957      932.8333   150      952.0000      932.7917 2.65e+08    2.02%
 2360536 413851        cutoff            952.0000      932.8651 2.65e+08    2.01%
 2366070 413305        cutoff            952.0000      932.9524 2.66e+08    2.00%
 2373082 412914    infeasible            952.0000      933.0000 2.66e+08    2.00%
 2378936 411462        cutoff            952.0000      933.0606 2.66e+08    1.99%
 2383897 410712        cutoff            952.0000      933.1477 2.67e+08    1.98%
Elapsed time = 5258.64 sec. (1774958.63 ticks, tree = 11643.39 MB, solutions = 59)
Nodefile size = 11513.78 MB (7707.09 MB after compression)
 2391226 409208        cutoff            952.0000      933.2292 2.67e+08    1.97%
 2397417 408470        cutoff            952.0000      933.3333 2.68e+08    1.96%
 2403267 407203      944.7778   189      952.0000      933.4000 2.68e+08    1.95%
 2409404 406902      946.7500   131      952.0000      933.5000 2.69e+08    1.94%
 2414610 405606      938.0857   224      952.0000      933.5096 2.69e+08    1.94%
 2421881 404633        cutoff            952.0000      933.6389 2.70e+08    1.93%
 2428667 403326      943.4583   255      952.0000      933.7000 2.70e+08    1.92%
 2434383 402285      950.3333    87      952.0000      933.7917 2.71e+08    1.91%
 2439481 401053      936.8333   191      952.0000      933.8333 2.71e+08    1.91%
 2448323 401432        cutoff            952.0000      933.9896 2.72e+08    1.89%
Elapsed time = 5388.20 sec. (1813334.84 ticks, tree = 11030.75 MB, solutions = 59)
Nodefile size = 10899.76 MB (7290.51 MB after compression)
 2453227 400757      942.4000   211      952.0000      934.0000 2.72e+08    1.89%
 2458166 399635      948.9250   243      952.0000      934.0000 2.73e+08    1.89%
 2465592 398629      937.2000    85      952.0000      934.1364 2.73e+08    1.88%
 2472619 397337        cutoff            952.0000      934.2333 2.74e+08    1.87%
 2477323 396919      947.0000   170      952.0000      934.3214 2.74e+08    1.86%
 2483599 395276      942.1726   227      952.0000      934.3438 2.75e+08    1.85%
 2491030 394657      948.7333    99      952.0000      934.4833 2.75e+08    1.84%
 2495453 393489      949.5625   181      952.0000      934.5167 2.76e+08    1.84%
 2502363 392579        cutoff            952.0000      934.5833 2.76e+08    1.83%
 2509715 391230      945.3736   286      952.0000      934.6667 2.77e+08    1.82%
Elapsed time = 5514.79 sec. (1851759.71 ticks, tree = 10575.93 MB, solutions = 59)
Nodefile size = 10446.33 MB (6983.38 MB after compression)
 2513755 390332        cutoff            952.0000      934.7679 2.77e+08    1.81%
 2520613 388772      944.7500   173      952.0000      934.8214 2.78e+08    1.80%
 2528676 388813      941.3750   165      952.0000      934.9295 2.78e+08    1.79%
 2535866 387921      942.5000   139      952.0000      935.0000 2.78e+08    1.79%
 2539475 387085        cutoff            952.0000      935.0000 2.79e+08    1.79%
 2546622 385791      942.8750   233      952.0000      935.0790 2.79e+08    1.78%
 2553550 384178      942.4048   195      952.0000      935.1667 2.80e+08    1.77%
 2557552 383734      949.8667   230      952.0000      935.2667 2.80e+08    1.76%
 2565409 381829      943.5185   254      952.0000      935.3333 2.81e+08    1.75%
 2572735 381082        cutoff            952.0000      935.5000 2.81e+08    1.73%
Elapsed time = 5646.02 sec. (1890622.63 ticks, tree = 10032.30 MB, solutions = 59)
Nodefile size = 9903.71 MB (6615.79 MB after compression)
 2576976 379797      947.2000   128      952.0000      935.5000 2.82e+08    1.73%
 2584300 378525      936.6667   146      952.0000      935.6500 2.82e+08    1.72%
 2591399 376909        cutoff            952.0000      935.7250 2.83e+08    1.71%
 2597515 375472        cutoff            952.0000      935.7917 2.83e+08    1.70%
 2602323 374133      938.1429   103      952.0000      935.8500 2.84e+08    1.70%
 2611313 373737      936.0000    42      952.0000      936.0000 2.84e+08    1.68%
 2616745 372866        cutoff            952.0000      936.0000 2.85e+08    1.68%
 2621246 371507      943.9750   182      952.0000      936.0000 2.85e+08    1.68%
 2628566 370107      942.5000   188      952.0000      936.1250 2.86e+08    1.67%
 2635705 368134        cutoff            952.0000      936.2083 2.86e+08    1.66%
Elapsed time = 5772.95 sec. (1929014.77 ticks, tree = 9402.84 MB, solutions = 59)
Nodefile size = 9273.49 MB (6187.84 MB after compression)
 2641376 367176        cutoff            952.0000      936.3000 2.87e+08    1.65%
 2646550 365701        cutoff            952.0000      936.3333 2.87e+08    1.65%
 2654577 364594      943.3333   123      952.0000      936.4583 2.88e+08    1.63%
 2658917 363237        cutoff            952.0000      936.5000 2.88e+08    1.63%
 2665163 361775      941.7917   205      952.0000      936.5333 2.88e+08    1.62%
 2673001 359876      949.7250   173      952.0000      936.6667 2.89e+08    1.61%
 2679636 358319      950.5294   218      952.0000      936.7500 2.89e+08    1.60%
 2684292 356990        cutoff            952.0000      936.8333 2.90e+08    1.59%
 2691980 356010      945.5000    90      952.0000      936.9000 2.90e+08    1.59%
 2699934 356108      939.7500   111      952.0000      937.0000 2.91e+08    1.58%
Elapsed time = 5898.53 sec. (1967321.27 ticks, tree = 8821.62 MB, solutions = 59)
Nodefile size = 8691.06 MB (5790.22 MB after compression)
 2703930 354901    infeasible            952.0000      937.0000 2.91e+08    1.58%
 2710847 353441      939.1111   223      952.0000      937.0000 2.92e+08    1.58%
 2718148 351480        cutoff            952.0000      937.1478 2.92e+08    1.56%
 2724767 349933        cutoff            952.0000      937.2424 2.93e+08    1.55%
 2729233 348987        cutoff            952.0000      937.3333 2.93e+08    1.54%
 2736801 346804        cutoff            952.0000      937.3438 2.94e+08    1.54%
 2744826 345300      944.9000   295      952.0000      937.5000 2.94e+08    1.52%
 2749230 343936      942.0000    34      952.0000      937.5833 2.95e+08    1.51%
 2756615 342344      948.7619   156      952.0000      937.6667 2.95e+08    1.51%
 2763672 340521        cutoff            952.0000      937.7500 2.95e+08    1.50%
Elapsed time = 6026.92 sec. (2005590.69 ticks, tree = 8121.12 MB, solutions = 59)
Nodefile size = 7991.18 MB (5317.06 MB after compression)
 2768215 339239      944.7333   180      952.0000      937.8000 2.96e+08    1.49%
 2776182 337247        cutoff            952.0000      937.9394 2.96e+08    1.48%
 2784204 337507      949.8333   180      952.0000      938.0000 2.97e+08    1.47%
 2790266 335998      939.3437   212      952.0000      938.0000 2.97e+08    1.47%
 2795450 334146      951.0000    28      952.0000      938.0333 2.98e+08    1.47%
 2802857 332042        cutoff            952.0000      938.1591 2.98e+08    1.45%
 2808367 330285      946.1000   213      952.0000      938.2619 2.99e+08    1.44%
 2814430 328819        cutoff            952.0000      938.3333 2.99e+08    1.44%
 2821612 326305        cutoff            952.0000      938.4000 3.00e+08    1.43%
 2829417 324479        cutoff            952.0000      938.5000 3.00e+08    1.42%
Elapsed time = 6157.50 sec. (2044091.96 ticks, tree = 7488.58 MB, solutions = 59)
Nodefile size = 7358.89 MB (4886.28 MB after compression)
 2834476 322787        cutoff            952.0000      938.5625 3.00e+08    1.41%
 2841260 320980      947.6667   152      952.0000      938.6364 3.01e+08    1.40%
 2849195 318363        cutoff            952.0000      938.7083 3.01e+08    1.40%
 2853813 316737        cutoff            952.0000      938.8000 3.02e+08    1.39%
 2862088 315217        cutoff            952.0000      938.8667 3.02e+08    1.38%
 2870022 314860      941.0000   131      952.0000      939.0000 3.03e+08    1.37%
 2874199 313865      948.8333   113      952.0000      939.0000 3.03e+08    1.37%
 2881321 311574        cutoff            952.0000      939.1131 3.04e+08    1.35%
 2888968 309043    infeasible            952.0000      939.2250 3.04e+08    1.34%
 2895850 307180        cutoff            952.0000      939.3333 3.05e+08    1.33%
Elapsed time = 6288.64 sec. (2082610.65 ticks, tree = 6713.56 MB, solutions = 59)
Nodefile size = 6585.38 MB (4365.10 MB after compression)
 2899694 305710        cutoff            952.0000      939.3333 3.05e+08    1.33%
 2908739 303511      948.0000    82      952.0000      939.5000 3.06e+08    1.31%
 2914554 301335      945.6667    93      952.0000      939.5000 3.06e+08    1.31%
 2920435 299358      951.0000    24      952.0000      939.5833 3.07e+08    1.30%
 2928125 297005        cutoff            952.0000      939.6667 3.07e+08    1.30%
 2934104 294751      946.1250    56      952.0000      939.7857 3.08e+08    1.28%
 2941690 291909      940.0000    20      952.0000      939.8500 3.08e+08    1.28%
 2949040 291756        cutoff            952.0000      940.0000 3.08e+08    1.26%
 2955421 290597        cutoff            952.0000      940.0000 3.09e+08    1.26%
 2961907 287900        cutoff            952.0000      940.0000 3.09e+08    1.26%
Elapsed time = 6414.33 sec. (2120864.67 ticks, tree = 5957.55 MB, solutions = 59)
Nodefile size = 5828.82 MB (3860.03 MB after compression)
 2966925 286444      941.2381   211      952.0000      940.1111 3.10e+08    1.25%
 2974742 283456        cutoff            952.0000      940.1667 3.10e+08    1.24%
 2982675 280683        cutoff            952.0000      940.2933 3.11e+08    1.23%
 2987400 279054      947.0000   138      952.0000      940.4444 3.11e+08    1.21%
 2995289 276883      943.5000   208      952.0000      940.5000 3.12e+08    1.21%
 3001850 274369      945.7500   141      952.0000      940.6216 3.12e+08    1.20%
 3007422 272418        cutoff            952.0000      940.6667 3.13e+08    1.19%
 3014543 269751        cutoff            952.0000      940.7667 3.13e+08    1.18%
 3022337 266572      949.9878   245      952.0000      940.8750 3.13e+08    1.17%
 3030786 266530      944.4000    57      952.0000      941.0000 3.14e+08    1.16%
Elapsed time = 6545.62 sec. (2159241.02 ticks, tree = 5223.17 MB, solutions = 59)
Nodefile size = 5094.58 MB (3367.33 MB after compression)
 3037147 265760        cutoff            952.0000      941.0000 3.14e+08    1.16%
 3042760 263178      942.5000   234      952.0000      941.0000 3.15e+08    1.16%
 3049558 261164      947.6667   117      952.0000      941.0463 3.15e+08    1.15%
 3056954 258114      942.3333   133      952.0000      941.1667 3.16e+08    1.14%
 3062504 256461        cutoff            952.0000      941.3000 3.16e+08    1.12%
 3069109 253546        cutoff            952.0000      941.3333 3.17e+08    1.12%
 3077480 251105      950.0000   134      952.0000      941.4744 3.17e+08    1.11%
 3085718 247875        cutoff            952.0000      941.5000 3.17e+08    1.10%
 3090164 245839      950.4866   211      952.0000      941.6667 3.18e+08    1.09%
 3097799 242609      945.7778   182      952.0000      941.7917 3.18e+08    1.07%
Elapsed time = 6673.00 sec. (2197518.17 ticks, tree = 4368.12 MB, solutions = 59)
Nodefile size = 4239.33 MB (2796.36 MB after compression)
 3105102 239857    infeasible            952.0000      941.9355 3.19e+08    1.06%
 3112773 239550        cutoff            952.0000      942.0000 3.19e+08    1.05%
 3119776 238117      947.2500   153      952.0000      942.0000 3.20e+08    1.05%
 3125017 235423        cutoff            952.0000      942.0000 3.20e+08    1.05%
 3132820 232069      948.1272   258      952.0000      942.1250 3.21e+08    1.04%
 3140847 228840      944.5385   118      952.0000      942.2500 3.21e+08    1.02%
 3145314 226692      954.4167   231      952.0000      942.3333 3.21e+08    1.02%
 3154159 223663        cutoff            952.0000      942.4000 3.22e+08    1.01%
 3161802 219866        cutoff            952.0000      942.5000 3.22e+08    1.00%
 3167053 217394        cutoff            952.0000      942.6500 3.23e+08    0.98%
Elapsed time = 6800.12 sec. (2235786.91 ticks, tree = 3701.92 MB, solutions = 59)
Nodefile size = 3574.35 MB (2350.27 MB after compression)
 3175175 213300      947.6782   209      952.0000      942.8333 3.23e+08    0.96%
 3184235 210039      944.5000    71      952.0000      943.0000 3.24e+08    0.95%
 3192280 208696      944.3333    47      952.0000      943.0000 3.24e+08    0.95%
 3197317 206580      943.0000   132      952.0000      943.0000 3.25e+08    0.95%
 3205208 202662      948.8333   124      952.0000      943.0833 3.25e+08    0.94%
 3213295 198594        cutoff            952.0000      943.2500 3.25e+08    0.92%
 3218957 195773        cutoff            952.0000      943.3333 3.26e+08    0.91%
*3221703 194497      integral     0      948.0000      943.3333 3.26e+08    0.49%
Found incumbent of value 948.000000 after 6898.44 sec. (2263133.31 ticks)
 3228261 132316        cutoff            948.0000      943.4500 3.26e+08    0.48%
 3238091 123224    infeasible            948.0000      943.8000 3.27e+08    0.44%
Elapsed time = 6926.92 sec. (2270781.99 ticks, tree = 2005.27 MB, solutions = 60)
Nodefile size = 1898.08 MB (1244.37 MB after compression)
 3248480 116740      945.1429    68      948.0000      944.0000 3.27e+08    0.42%
 3257258 109531        cutoff            948.0000      944.0000 3.27e+08    0.42%
 3266584 101716      944.5556   220      948.0000      944.3000 3.27e+08    0.39%
 3276457 93321        cutoff            948.0000      944.5000 3.28e+08    0.37%
 3285803 84512      945.6167   198      948.0000      944.7250 3.28e+08    0.35%
 3296239 77604      945.5000    47      948.0000      945.0000 3.28e+08    0.32%
 3306004 68461        cutoff            948.0000      945.0000 3.28e+08    0.32%
 3314991 58704        cutoff            948.0000      945.5000 3.29e+08    0.26%
 3324429 48803        cutoff            948.0000      945.7917 3.29e+08    0.23%
 3334904 40389        cutoff            948.0000      946.0000 3.29e+08    0.21%
Elapsed time = 7088.26 sec. (2309060.12 ticks, tree = 377.54 MB, solutions = 60)
Nodefile size = 338.53 MB (222.55 MB after compression)
 3344723 29271      946.6667    51      948.0000      946.1667 3.29e+08    0.19%
 3354992 13533        cutoff            948.0000      946.7333 3.29e+08    0.13%

Clique cuts applied:  32
Cover cuts applied:  73
Implied bound cuts applied:  23
Zero-half cuts applied:  189
Gomory fractional cuts applied:  27

Root node processing (before b&c):
  Real time             =    2.84 sec. (1417.54 ticks)
Parallel b&c, 32 threads:
  Real time             = 7137.81 sec. (2318856.07 ticks)
  Sync time (average)   =    2.33 sec.
  Wait time (average)   =    0.00 sec.
                          ------------
Total (root+branch&cut) = 7140.65 sec. (2320273.61 ticks)


Solution status: Optimal
Execution time: 7141.1 sec
Gap: 0.00000
