Mon Jul 16 06:05:23 2018

Tried aggregator 2 times.
MIP Presolve eliminated 7590 rows and 109 columns.
Aggregator did 324 substitutions.
Reduced MIP has 7133 rows, 1840 columns, and 26504 nonzeros.
Reduced MIP has 1840 binaries, 0 generals, 0 SOSs, and 0 indicators.
Presolve time = 0.05 sec. (36.18 ticks)
Probing time = 0.00 sec. (1.32 ticks)
Tried aggregator 1 time.
Presolve time = 0.01 sec. (11.23 ticks)
Probing time = 0.00 sec. (1.32 ticks)
Clique table members: 7363.
MIP emphasis: balance optimality and feasibility.
MIP search method: dynamic search.
Parallel mode: deterministic, using up to 32 threads.
Root relaxation solution time = 0.68 sec. (47.17 ticks)

        Nodes                                         Cuts/
   Node  Left     Objective  IInf  Best Integer    Best Bound    ItCnt     Gap

      0     0      597.0000   155                    597.0000      605         
      0     0      651.0000   211                    Cuts: 67      894         
      0     0      704.7000   256                    Cuts: 95     1335         
      0     0      714.7326   301                    Cuts: 47     1762         
      0     0      718.0000   250                    Cuts: 62     1986         
      0     0      719.0000   223                    Cuts: 57     2315         
      0     0      719.0888   333                    Cuts: 93     3592         
      0     0      719.3125   310                    Cuts: 33     3786         
      0     0      719.6250   282                    Cuts: 34     3923         
      0     0      720.2500   259                    Cuts: 43     4003         
      0     0      721.2656   276                    Cuts: 72     4205         
      0     0      721.8750   276                    Cuts: 44     4289         
      0     0      722.6417   282                    Cuts: 28     4377         
      0     0      723.7083   294                    Cuts: 58     4552         
      0     0      725.1825   322                    Cuts: 38     4831         
      0     0      725.5000   315                    Cuts: 34     4954         
      0     0      726.3228   330                    Cuts: 33     5040         
      0     0      726.3228   327                    Cuts: 22     5104         
      0     0      727.0758   315                    Cuts: 16     5193         
      0     0      729.6000   307                    Cuts: 23     5468         
      0     0      731.3750   292                    Cuts: 51     5567         
      0     0      731.5000   286                    Cuts: 86     5718         
*     0+    0                         2045.0000      731.5000     5718   64.23%
Found incumbent of value 2045.000000 after 5.17 sec. (2933.33 ticks)
*     0+    0                         1966.0000      731.5000     5718   62.79%
Found incumbent of value 1966.000000 after 5.41 sec. (3006.55 ticks)
      0     2      731.5000   286     1966.0000      731.5000     5718   62.79%
Elapsed time = 5.49 sec. (3029.80 ticks, tree = 0.01 MB, solutions = 2)
      2     4      733.1667   273     1966.0000      731.5000     8309   62.79%
      3     5      734.9772   343     1966.0000      733.1667    10172   62.71%
      6     8      734.5397   390     1966.0000      733.1667    12979   62.71%
     11    13      736.3710   350     1966.0000      734.5397    20144   62.64%
                                                  Impl Bds: 8                  
     12    14      740.6333   333     1966.0000      734.5397    23952   62.64%
     19    21      748.9367   323     1966.0000      734.5397    37218   62.64%
     23    25      781.9667   356     1966.0000      734.5397    42160   62.64%
     27    29      739.4206   379     1966.0000      735.0275    47325   62.61%
                                                     Cuts: 11                  
     35    37      792.5000   361     1966.0000      735.0275    56320   62.61%
     64    66      814.4000   349     1966.0000      735.0275    86121   62.61%
                                                  Impl Bds: 6                  
Elapsed time = 13.64 sec. (7817.42 ticks, tree = 0.01 MB, solutions = 2)
*   820   803      integral     0     1312.0000      735.0275   246000   43.98%
Found incumbent of value 1312.000000 after 14.71 sec. (7817.42 ticks)
*   897+  868                         1102.0000      735.0275   252466   33.30%
Found incumbent of value 1102.000000 after 14.71 sec. (7826.19 ticks)
    985   785      753.3333   265     1102.0000      735.0275   270211   33.30%
                                                     Cuts: 21                  
   1054   854      916.0417   347     1102.0000      735.0275   309981   33.30%
   2054  1751      762.3400   369     1102.0000      736.5455   579768   33.16%
                                                     Cuts: 36                  
   2138  1835      788.4167   314     1102.0000      736.5455   634201   33.16%
   3197  2771      796.9000   236     1102.0000      736.5455   882874   33.16%
                                                     Cuts: 24                  
*  3484+ 3044                         1099.0000      736.5455   951319   32.98%
Found incumbent of value 1099.000000 after 26.36 sec. (13324.28 ticks)
   3565  3121      935.0000   141     1099.0000      736.5455   965814   32.98%
   4077  3599      965.0000   170     1099.0000      736.5455  1028082   32.98%
*  4423  3911      integral     0     1097.0000      736.5455  1062571   32.86%
Found incumbent of value 1097.000000 after 30.46 sec. (15447.25 ticks)
*  4825  4244      integral     0     1048.0000      736.5455  1098192   29.72%
Elapsed time = 30.46 sec. (15447.25 ticks, tree = 7.90 MB, solutions = 6)
Found incumbent of value 1048.000000 after 30.46 sec. (15447.25 ticks)
   6895  5329      944.8000   194     1048.0000      744.1205  1321357   29.00%
                                                     Cuts: 38                  
   7663  6005      810.1667   157     1048.0000      744.1205  1412974   29.00%
   8687  6909      807.7500   259     1048.0000      744.1205  1522779   29.00%
*  9765  7844      integral     0     1041.0000      744.1205  1641204   28.52%
Found incumbent of value 1041.000000 after 37.84 sec. (18443.56 ticks)
   9812  7880        cutoff           1041.0000      744.1205  1647722   28.52%
* 12452+ 6601                         1016.0000      763.1400  1957956   24.89%
Found incumbent of value 1016.000000 after 56.57 sec. (21611.51 ticks)
  12452  6602      733.5889   356     1016.0000      763.1400  1958786   24.89%
  12454  6604      735.1500   375     1016.0000      763.1400  1961404   24.89%
  12456  6605      746.1000   382     1016.0000      763.1400  1966593   24.89%
  12460  6606      746.8571   331     1016.0000      763.1400  1969502   24.89%
  12464  6607      747.6790   335     1016.0000      763.1400  1973560   24.89%
                                                 ZeroHalf: 12                  
Elapsed time = 68.25 sec. (31341.62 ticks, tree = 84.83 MB, solutions = 13)
  12470  6610      778.6667   276     1016.0000      763.1400  1985466   24.89%
  12473  6611      759.7262   403     1016.0000      763.1400  1993679   24.89%
  12480  6615      762.6250   353     1016.0000      763.1400  2001270   24.89%
  12489  6620      750.8333   373     1016.0000      763.1400  2013683   24.89%
                                                 ZeroHalf: 10                  
  12508  6631      762.4717   406     1016.0000      763.1400  2027544   24.89%
  12547  6656      758.5238   382     1016.0000      763.1400  2058264   24.89%
                                                  ZeroHalf: 5                  
  12797  6786      812.7500   337     1016.0000      763.1400  2124126   24.89%
  12940  6827      807.7143   359     1016.0000      763.1400  2164525   24.89%
                                                     Cuts: 11                  
  13284  6896      782.1667   294     1016.0000      763.1400  2295919   24.89%
  13516  6938      796.8500   355     1016.0000      763.1400  2358720   24.89%
Elapsed time = 92.37 sec. (43098.93 ticks, tree = 76.79 MB, solutions = 13)
  14474  7283      760.3846   379     1016.0000      763.1400  2569206   24.89%
  15213  7470      822.2000   352     1016.0000      763.1400  2734175   24.89%
                                                     Cuts: 13                  
  15337  7517      884.0000   262     1016.0000      763.1400  2792467   24.89%
* 16407  6423      integral     0      935.0000      763.1400  3017395   18.38%
Found incumbent of value 935.000000 after 101.00 sec. (46323.01 ticks)
  17297  5134      841.3938   378      935.0000      763.1400  3166252   18.38%
                                                     Cuts: 21                  
  17393  5161      865.5714   362      935.0000      763.1400  3242280   18.38%
  17495  5192      850.3750   336      935.0000      763.1400  3293818   18.38%
  17830  5294      891.8333   278      935.0000      763.1400  3424640   18.38%
  18248  5383      798.5000   280      935.0000      763.1400  3546848   18.38%
                                                  ZeroHalf: 1                  
  18312  5400      853.1667   236      935.0000      763.1400  3580854   18.38%
Elapsed time = 117.46 sec. (53501.30 ticks, tree = 26.65 MB, solutions = 14)
  18664  5500      885.5000   263      935.0000      763.1400  3716759   18.38%
  18953  5605      914.5000   306      935.0000      763.1400  3841451   18.38%
  20896  6072      895.5000   260      935.0000      763.1400  4452951   18.38%
                                                     Cuts: 24                  
  21001  6095      905.0000   288      935.0000      763.1400  4500410   18.38%
  21129  6135      874.5000   241      935.0000      763.1400  4562644   18.38%
  21321  6193      882.8021   349      935.0000      763.1400  4631493   18.38%
  21738  6330      890.5714   284      935.0000      763.1400  4751054   18.38%
  22346  6470        cutoff            935.0000      763.1400  4943072   18.38%
  22433  6498      823.7308   413      935.0000      763.1400  4979704   18.38%
  24100  7671      796.6111   397      935.0000      763.1400  5508551   18.38%
Elapsed time = 147.02 sec. (65360.58 ticks, tree = 0.76 MB, solutions = 14)
  25569  8719      874.5152   257      935.0000      765.8077  5905579   18.10%
                                                     Cuts: 27                  
  25660  8790      888.1000   393      935.0000      765.8077  5946576   18.10%
  25948  9003      919.3333   189      935.0000      765.8077  6035968   18.10%
  26428  9346      906.8000   299      935.0000      765.8077  6175700   18.10%
  26812  9599      844.1667   390      935.0000      765.8077  6274338   18.10%
  27484 10086      801.8333   372      935.0000      765.8077  6485814   18.10%
  28060 10504      930.5000   305      935.0000      765.8077  6626463   18.10%
  29984 11913      853.0000   243      935.0000      765.8077  7117205   18.10%
  31991 13369     1019.0000   293      935.0000      803.1333  7542058   14.10%
                                                     Cuts: 15                  
  32125 13475      913.8898   373      935.0000      803.1333  7593295   14.10%
Elapsed time = 175.53 sec. (76755.68 ticks, tree = 20.64 MB, solutions = 14)
  32797 13940      852.8333   330      935.0000      803.1333  7735564   14.10%
  33181 14201      852.2500   271      935.0000      803.1333  7802862   14.10%
  34077 14851      846.0000   252      935.0000      803.1333  7978989   14.10%
  34301 15012      911.9209   300      935.0000      803.1333  8032180   14.10%
  35421 15862      896.0000   285      935.0000      803.1333  8250111   14.10%
  36125 16390      903.0000   157      935.0000      803.1333  8398281   14.10%
  40611 19574      917.5000   214      935.0000      813.0833  9263092   13.04%
                                                      Cuts: 6                  
  40771 19683      869.2353   363      935.0000      813.0833  9312820   13.04%
* 40974+19818                          930.0000      813.0833  9356084   12.57%
Found incumbent of value 930.000000 after 199.05 sec. (83844.90 ticks)
  41211 19989      931.4000   151      930.0000      813.0833  9403137   12.57%
  41507 20208      861.5625   276      930.0000      813.0833  9466764   12.57%
Elapsed time = 202.49 sec. (87077.09 ticks, tree = 34.74 MB, solutions = 14)
  42015 20540      894.3333   245      930.0000      813.0833  9596921   12.57%
  43071 21273      876.8125   296      930.0000      813.0833  9815076   12.57%
  44415 22194      884.7333   166      930.0000      813.0833 10047714   12.57%
* 44619 22329      integral     0      926.0000      813.0833 10087272   12.19%
Found incumbent of value 926.000000 after 209.33 sec. (89996.81 ticks)
  45136 22668      900.5000   280      926.0000      813.0833 10188318   12.19%
  47886 23511      912.7500   301      926.0000      819.0000 10721468   11.56%
                                                      Cuts: 5                  
  48730 24038      869.9524   131      926.0000      819.0000 10889390   11.56%
  49178 24348      864.2500   191      926.0000      819.0000 10965290   11.56%
  49833 24735      829.0000   324      926.0000      819.0000 11113732   11.56%
  50057 24884      879.0000   248      926.0000      819.0000 11173043   11.56%
Elapsed time = 224.77 sec. (96090.60 ticks, tree = 42.59 MB, solutions = 16)
  51081 25558      823.5000   259      926.0000      819.0000 11406885   11.56%
  52794 26649      873.0625   383      926.0000      819.0000 11804986   11.56%
  54476 27715      848.1667   257      926.0000      823.0833 12126102   11.11%
                                                      Cuts: 3                  
  55192 28146      862.5000   162      926.0000      823.0833 12262720   11.11%
  55567 28413      919.6000   312      926.0000      823.0833 12344900   11.11%
  56344 28904      916.3125   261      926.0000      823.0833 12517031   11.11%
  57240 29472      908.3333   199      926.0000      823.0833 12703398   11.11%
  58199 30087      901.6667   282      926.0000      823.0833 12887659   11.11%
  60987 31792      846.2500   287      926.0000      826.7500 13442009   10.72%
                                                      Cuts: 5                  
  62532 32706      898.8182   233      926.0000      826.7500 13767410   10.72%
Elapsed time = 258.40 sec. (109556.03 ticks, tree = 58.46 MB, solutions = 16)
* 67637+35782                          921.0000      829.5000 14794363    9.93%
                                                    Covers: 1                  
Found incumbent of value 921.000000 after 264.69 sec. (112662.24 ticks)
  67730 34630      892.8750   337      921.0000      829.5000 14826592    9.93%
  69888 35828      878.4667   241      921.0000      829.5000 15255579    9.93%
  74638 38367      908.6667   339      921.0000      832.5333 16321858    9.61%
                                                      Cuts: 5                  
  77529 39897        cutoff            921.0000      832.5333 16944537    9.61%
  82172 42330      912.2661   319      921.0000      835.3000 17893151    9.31%
                                                      Cuts: 9                  
  86965 44767      869.0000   233      921.0000      837.0833 18855295    9.11%
                                                  ZeroHalf: 2                  
  89545 46073      893.1722   328      921.0000      837.0833 19389355    9.11%
  94523 48556      878.5556   321      921.0000      839.9701 20424835    8.80%
  99709 51128      890.0000   233      921.0000      841.3810 21486706    8.64%
                                                      Cuts: 4                  
 101722 52085      851.5833   328      921.0000      841.3810 21868401    8.64%
Elapsed time = 357.28 sec. (149182.87 ticks, tree = 94.07 MB, solutions = 17)
*103485 52894      integral     0      920.0000      841.3810 22237044    8.55%
Found incumbent of value 920.000000 after 359.55 sec. (149182.87 ticks)
 106740 54131      893.5069   341      920.0000      843.2000 22868190    8.35%
                                                      Cuts: 8                  
 112584 56920      890.3077   377      920.0000      845.4167 23994732    8.11%
                                                  ZeroHalf: 2                  
 115880 58341      856.3125   327      920.0000      845.4167 24622548    8.11%
 120026 60125      906.9000   305      920.0000      847.1667 25442965    7.92%
                                                  Impl Bds: 3                  
 125938 62740      872.1667   174      920.0000      848.7500 26546297    7.74%
                                                      Cuts: 8                  
 129221 64113      854.9545   269      920.0000      848.7500 27194048    7.74%
 133045 65741      899.0137   275      920.0000      850.2500 27951575    7.58%
                                                      Cuts: 7                  
 138472 67989      907.1667   256      920.0000      851.5686 28946066    7.44%
                                                    Covers: 1                  
 141289 69145      915.0000   214      920.0000      851.5686 29493572    7.44%
Elapsed time = 441.42 sec. (184857.37 ticks, tree = 124.82 MB, solutions = 18)
 146768 71255      907.1250   306      920.0000      853.1667 30523247    7.26%
                                                  ZeroHalf: 1                  
 151842 73316      916.7500   277      920.0000      854.5833 31426490    7.11%
                                                    Covers: 1                  
 155010 74646      897.4500   186      920.0000      854.5833 32015431    7.11%
 160558 76880      869.0000   209      920.0000      855.6667 33020639    6.99%
                                                      Cuts: 2                  
 165460 78687      918.8750   224      920.0000      856.7500 33881906    6.87%
                                                  ZeroHalf: 2                  
 169486 80217      914.3333   172      920.0000      856.7500 34583078    6.87%
 173064 81538      864.0000   252      920.0000      857.8259 35238960    6.76%
 180176 84353      906.7500   116      920.0000      859.0000 36362032    6.63%
 186420 86896      885.1000   305      920.0000      859.8333 37348449    6.54%
 189745 88234      896.0763   292      920.0000      859.8333 37909274    6.54%
Elapsed time = 540.14 sec. (223404.84 ticks, tree = 159.29 MB, solutions = 18)
Nodefile size = 31.02 MB (17.72 MB after compression)
 195410 90329      879.1032   283      920.0000      860.5000 38792533    6.47%
 201847 92716      905.4487   265      920.0000      861.7308 39769991    6.33%
                                                    Covers: 1                  
 207860 94782      906.4231   288      920.0000      862.4762 40758262    6.25%
                                                      Cuts: 5                  
 211994 96186      904.5000   278      920.0000      862.4762 41412196    6.25%
 216831 97820      896.8462   206      920.0000      863.3542 42165819    6.16%
                                                  ZeroHalf: 1                  
 223217 99909      880.2500   315      920.0000      864.0952 43189951    6.08%
                                                    Covers: 1                  
 229467 102044      876.7500   303      920.0000      864.8333 44161319    6.00%
 233423 103496      868.8145   319      920.0000      864.8333 44796343    6.00%
 238576 105226      891.5833   203      920.0000      865.5000 45599630    5.92%
                                                  ZeroHalf: 1                  
 244097 106929      903.9000   140      920.0000      866.3333 46428170    5.83%
                                                    Covers: 1                  
Elapsed time = 635.49 sec. (262167.55 ticks, tree = 196.86 MB, solutions = 18)
Nodefile size = 69.15 MB (38.47 MB after compression)
 250614 108999      888.4783   333      920.0000      867.0000 47437500    5.76%
                                                  ZeroHalf: 1                  
 255249 110511      876.0000   194      920.0000      867.0000 48125107    5.76%
 260587 112245      892.0000   266      920.0000      867.7000 48928052    5.68%
 266001 114065      900.2258   367      920.0000      868.0741 49734327    5.64%
 272910 116245      918.0167   259      920.0000      868.7500 50748699    5.57%
 279172 118281      903.8824   349      920.0000      869.2500 51683132    5.52%
 283453 119641        cutoff            920.0000      869.2500 52304899    5.52%
 289433 121581      874.6944   160      920.0000      869.8333 53203539    5.45%
                                                  ZeroHalf: 1                  
 294745 123387      884.2679   281      920.0000      870.2614 54021610    5.41%
 301075 125333      916.1136   350      920.0000      870.8333 54891549    5.34%
Elapsed time = 729.61 sec. (301030.93 ticks, tree = 230.65 MB, solutions = 18)
Nodefile size = 102.45 MB (55.75 MB after compression)
 308166 127283      899.3333   284      920.0000      871.3000 55895702    5.29%
                                                  ZeroHalf: 1                  
 315441 129765      916.1121   264      920.0000      871.8333 56871147    5.24%
 320027 131239      904.7333   158      920.0000      871.8333 57519104    5.24%
 325027 132665      885.8182   168      920.0000      872.2000 58233120    5.20%
 330937 134612      916.6667    78      920.0000      872.7333 59052438    5.14%
 337758 136831      886.8333   187      920.0000      873.0139 60041580    5.11%
 344612 138943      893.5333   178      920.0000      873.4667 60962130    5.06%
 351567 141392      896.5714   254      920.0000      873.8333 61911305    5.02%
 356842 143062      897.6667   281      920.0000      873.8333 62657173    5.02%
 361957 144584      912.0333   159      920.0000      874.2390 63415283    4.97%
                                                    Covers: 2                  
Elapsed time = 823.08 sec. (339648.60 ticks, tree = 264.74 MB, solutions = 18)
Nodefile size = 137.07 MB (73.29 MB after compression)
 368615 146490        cutoff            920.0000      874.6000 64294320    4.93%
                                                      Cuts: 3                  
 374456 148260      897.0000   330      920.0000      875.0000 65134624    4.89%
 380458 149828      888.5263   191      920.0000      875.3333 66020603    4.86%
 386544 151749      903.0000   131      920.0000      875.6912 66853642    4.82%
                                                  ZeroHalf: 1                  
 393227 153494      883.1111   166      920.0000      876.0000 67778684    4.78%
                                                    Covers: 1                  
 400203 155531        cutoff            920.0000      876.4000 68693754    4.74%
                                                  ZeroHalf: 2                  
 406530 157454      902.3333   123      920.0000      876.6442 69532060    4.71%
 412530 159441      905.2976   233      920.0000      876.6442 70269769    4.71%
 418502 161193      887.1667   223      920.0000      876.9833 71126975    4.68%
 423996 162692      892.5833   158      920.0000      877.2000 71861224    4.65%
Elapsed time = 917.04 sec. (377999.05 ticks, tree = 299.53 MB, solutions = 18)
Nodefile size = 171.92 MB (90.61 MB after compression)
 430371 164593      887.7143   138      920.0000      877.5000 72747948    4.62%
 436746 166536      904.2500   251      920.0000      877.7667 73554841    4.59%
 442036 168023      903.0897   234      920.0000      878.0333 74318001    4.56%
 449892 170122        cutoff            920.0000      878.2961 75374811    4.53%
                                                  ZeroHalf: 1                  
 454965 171599      887.3333   172      920.0000      878.5429 76087304    4.51%
 462168 173699      900.9698   230      920.0000      878.8462 77040014    4.47%
 468632 175294      913.8333   222      920.0000      879.0833 77935311    4.45%
 475289 177078      886.7884   260      920.0000      879.3333 78850819    4.42%
 481876 178844      883.2821   204      920.0000      879.5556 79745583    4.40%
 487880 180484      903.6667   388      920.0000      879.5556 80531207    4.40%
Elapsed time = 1010.31 sec. (416708.76 ticks, tree = 331.76 MB, solutions = 18)
Nodefile size = 203.88 MB (106.51 MB after compression)
 492160 181663      919.0000   243      920.0000      879.8254 81075454    4.37%
                                                    Covers: 1                  
 499236 183239        cutoff            920.0000      880.0000 82086317    4.35%
 505780 184954      904.5385   189      920.0000      880.2500 82948009    4.32%
 511627 186189      894.6667   184      920.0000      880.5000 83759233    4.29%
 519472 188176      892.0000   117      920.0000      880.7188 84789495    4.27%
 523151 189056    infeasible            920.0000      881.0000 85341093    4.24%
 531199 191098      887.3333   166      920.0000      881.0833 86389510    4.23%
 537370 192610      914.2045   298      920.0000      881.3333 87212643    4.20%
 543354 194169      905.0333   260      920.0000      881.5152 88072716    4.18%
 549903 195874      895.6032   229      920.0000      881.7143 88910142    4.16%
Elapsed time = 1103.56 sec. (455283.88 ticks, tree = 363.23 MB, solutions = 18)
Nodefile size = 234.85 MB (121.89 MB after compression)
 556178 197221      911.2000   211      920.0000      882.0000 89746401    4.13%
 563217 198942        cutoff            920.0000      882.1429 90667789    4.11%
                                                  ZeroHalf: 1                  
 570031 200313      917.2143   140      920.0000      882.3333 91523458    4.09%
 575982 201849      888.8571   294      920.0000      882.5250 92353875    4.07%
 582170 203515      885.2222   342      920.0000      882.7500 93144119    4.05%
 588321 204818      915.3333   217      920.0000      882.9833 93959445    4.02%
 594376 206148      907.0000   180      920.0000      883.1231 94789174    4.01%
 600583 207379        cutoff            920.0000      883.3333 95599793    3.99%
                                                    Covers: 1                  
 607374 208899        cutoff            920.0000      883.5000 96477791    3.97%
 614053 210444      895.0000   124      920.0000      883.6957 97385134    3.95%
Elapsed time = 1194.03 sec. (494002.55 ticks, tree = 391.44 MB, solutions = 18)
Nodefile size = 263.83 MB (136.39 MB after compression)
 621061 211890      896.6667   298      920.0000      883.9333 98234242    3.92%
 627239 213072        cutoff            920.0000      884.0379 99129098    3.91%
 633652 214295      914.1667   155      920.0000      884.2500 99972312    3.89%
 639731 215632      895.2530   225      920.0000      884.3947 1.01e+08    3.87%
 646620 217096      904.6667   249      920.0000      884.5223 1.02e+08    3.86%
 653058 218647      915.8000   239      920.0000      884.6982 1.03e+08    3.84%
 660250 220306      895.5714   207      920.0000      884.8909 1.03e+08    3.82%
                                                    Covers: 1                  
 666098 221288      918.6429   221      920.0000      885.0000 1.04e+08    3.80%
                                                    Covers: 1                  
 672910 222687      916.7778   232      920.0000      885.2000 1.05e+08    3.78%
                                                    Covers: 1                  
 679817 224536        cutoff            920.0000      885.3333 1.06e+08    3.77%
Elapsed time = 1286.46 sec. (533012.74 ticks, tree = 418.39 MB, solutions = 18)
Nodefile size = 290.80 MB (149.72 MB after compression)
 685776 225809      897.8023   225      920.0000      885.5000 1.07e+08    3.75%
 692779 227415        cutoff            920.0000      885.6500 1.08e+08    3.73%
 699458 229065      907.7000   336      920.0000      885.7745 1.09e+08    3.72%
 705844 230614      901.9583   162      920.0000      885.9643 1.09e+08    3.70%
 712906 231999      904.0000   140      920.0000      886.0000 1.10e+08    3.70%
 719254 233277      893.8333   176      920.0000      886.2162 1.11e+08    3.67%
 725009 234571      902.7556   295      920.0000      886.3333 1.12e+08    3.66%
 731387 236044        cutoff            920.0000      886.5000 1.13e+08    3.64%
*734585+236596                          918.0000      886.5000 1.13e+08    3.43%
Found incumbent of value 918.000000 after 1364.41 sec. (564126.09 ticks)
 738212 236845      915.7143   101      918.0000      886.6468 1.14e+08    3.42%
                                                  ZeroHalf: 1                  
 745567 238067        cutoff            918.0000      886.7143 1.15e+08    3.41%
Elapsed time = 1378.48 sec. (571561.44 ticks, tree = 444.29 MB, solutions = 20)
Nodefile size = 316.78 MB (162.50 MB after compression)
 751497 239062      910.7687   240      918.0000      887.0000 1.15e+08    3.38%
*754741+239562                          915.0000      887.0000 1.16e+08    3.06%
Found incumbent of value 915.000000 after 1390.33 sec. (576468.32 ticks)
 758352 237809      903.0000   139      915.0000      887.0625 1.16e+08    3.05%
 764987 238354      902.8333   198      915.0000      887.2033 1.17e+08    3.04%
 771197 238966      901.1857   182      915.0000      887.3667 1.18e+08    3.02%
 777342 239347        cutoff            915.0000      887.5429 1.19e+08    3.00%
 784701 240275      909.0962   211      915.0000      887.7143 1.20e+08    2.98%
 791211 240808      893.0000    75      915.0000      887.8462 1.21e+08    2.97%
 797833 241354      895.4286   273      915.0000      888.0000 1.21e+08    2.95%
 803778 241844      898.0000   302      915.0000      888.1583 1.22e+08    2.93%
 811283 242342        cutoff            915.0000      888.2727 1.23e+08    2.92%
Elapsed time = 1470.01 sec. (610035.50 ticks, tree = 453.34 MB, solutions = 21)
Nodefile size = 324.94 MB (166.46 MB after compression)
 817220 242717      899.6667    84      915.0000      888.4833 1.24e+08    2.90%
 825518 243345      893.7143   225      915.0000      888.7143 1.25e+08    2.87%
 832071 243748      902.9231   217      915.0000      888.9000 1.26e+08    2.85%
 837610 244141      895.0000   320      915.0000      889.0000 1.27e+08    2.84%
                                                  ZeroHalf: 1                  
 844523 244298      905.8750   276      915.0000      889.1667 1.28e+08    2.82%
 851035 244617        cutoff            915.0000      889.3333 1.28e+08    2.81%
 857689 245116        cutoff            915.0000      889.4667 1.29e+08    2.79%
 864734 245399        cutoff            915.0000      889.6129 1.30e+08    2.77%
 871778 245816      906.1450   314      915.0000      889.7500 1.31e+08    2.76%
 878440 246171      912.1667   154      915.0000      889.9000 1.32e+08    2.74%
Elapsed time = 1558.21 sec. (648673.32 ticks, tree = 461.08 MB, solutions = 21)
Nodefile size = 332.93 MB (170.69 MB after compression)
 884332 246301      900.3611   255      915.0000      890.0000 1.33e+08    2.73%
 890924 246531        cutoff            915.0000      890.1500 1.33e+08    2.72%
 898152 247121      905.0833   187      915.0000      890.3056 1.34e+08    2.70%
 904777 247329      903.0313   310      915.0000      890.4000 1.35e+08    2.69%
 911621 247513      903.4667   293      915.0000      890.5071 1.36e+08    2.68%
 919564 247598      911.3167   303      915.0000      890.8333 1.37e+08    2.64%
 926208 247775        cutoff            915.0000      891.0000 1.38e+08    2.62%
                                                    Covers: 1                  
 932687 248004        cutoff            915.0000      891.0000 1.39e+08    2.62%
 939246 247943      902.1071   265      915.0000      891.1795 1.40e+08    2.60%
 946087 247963        cutoff            915.0000      891.3333 1.41e+08    2.59%
Elapsed time = 1653.57 sec. (687406.71 ticks, tree = 465.46 MB, solutions = 21)
Nodefile size = 338.02 MB (174.56 MB after compression)
 952113 247857      901.0000   126      915.0000      891.4324 1.41e+08    2.58%
 959112 247765      899.1111   178      915.0000      891.5238 1.42e+08    2.57%
 966224 247993        cutoff            915.0000      891.6889 1.43e+08    2.55%
 973445 248078      905.9744   219      915.0000      891.8333 1.44e+08    2.53%
 978852 247950      901.8846   265      915.0000      892.0000 1.45e+08    2.51%
 985762 247993      895.2917   188      915.0000      892.0011 1.46e+08    2.51%
 992835 248140      906.8333   122      915.0000      892.2000 1.47e+08    2.49%
 999897 248131      907.5000   125      915.0000      892.3333 1.47e+08    2.48%
 1007057 247829      898.3649   220      915.0000      892.5833 1.48e+08    2.45%
 1013485 248021      905.3810   176      915.0000      892.6889 1.49e+08    2.44%
Elapsed time = 1747.95 sec. (725878.10 ticks, tree = 466.49 MB, solutions = 21)
Nodefile size = 338.33 MB (175.83 MB after compression)
 1020170 247805      904.0714   256      915.0000      892.8000 1.50e+08    2.43%
                                                    Covers: 1                  
 1026147 247740      903.8571   162      915.0000      892.9444 1.51e+08    2.41%
                                                    Covers: 1                  
 1033405 247998      912.4000   193      915.0000      893.0000 1.52e+08    2.40%
 1039997 248082        cutoff            915.0000      893.1333 1.53e+08    2.39%
 1046350 248011      904.5333   222      915.0000      893.2917 1.53e+08    2.37%
 1053636 247870      911.3333   152      915.0000      893.3810 1.54e+08    2.36%
 1058726 247706      903.2800   206      915.0000      893.5000 1.55e+08    2.35%
*1062311 247732      integral     0      913.0000      893.6579 1.55e+08    2.12%
Found incumbent of value 913.000000 after 1814.76 sec. (753637.22 ticks)
 1068433 246162      903.8333   266      913.0000      893.7167 1.56e+08    2.11%
 1075807 245174      903.7742   196      913.0000      893.8403 1.57e+08    2.10%
Elapsed time = 1832.03 sec. (761346.19 ticks, tree = 461.82 MB, solutions = 22)
Nodefile size = 333.81 MB (173.89 MB after compression)
 1082250 244779        cutoff            913.0000      894.0000 1.58e+08    2.08%
 1089051 243844      898.1818   276      913.0000      894.0893 1.59e+08    2.07%
 1096074 243160      912.0000   176      913.0000      894.2308 1.60e+08    2.06%
 1102711 242318        cutoff            913.0000      894.3636 1.61e+08    2.04%
 1109438 241560      903.5833   187      913.0000      894.5000 1.61e+08    2.03%
 1116107 240961        cutoff            913.0000      894.6667 1.62e+08    2.01%
 1124159 239851      905.1667   171      913.0000      894.7343 1.63e+08    2.00%
 1131477 238979      904.4167   167      913.0000      895.0000 1.64e+08    1.97%
 1137845 238124        cutoff            913.0000      895.1000 1.65e+08    1.96%
 1144745 237147      906.6469   243      913.0000      895.2500 1.66e+08    1.94%
Elapsed time = 1920.75 sec. (799590.21 ticks, tree = 447.65 MB, solutions = 22)
Nodefile size = 320.12 MB (167.75 MB after compression)
 1151977 236163      910.7143    97      913.0000      895.3810 1.67e+08    1.93%
 1159081 234912        cutoff            913.0000      895.5000 1.67e+08    1.92%
 1166586 233810      903.4921   185      913.0000      895.6667 1.68e+08    1.90%
 1173282 232670      905.0000   175      913.0000      895.7556 1.69e+08    1.89%
 1180328 231822      905.6667   197      913.0000      895.9000 1.70e+08    1.87%
 1186099 230890      897.5098   164      913.0000      896.0000 1.71e+08    1.86%
 1194567 229327        cutoff            913.0000      896.2319 1.72e+08    1.84%
 1201010 228448      902.6000   203      913.0000      896.3333 1.73e+08    1.83%
 1207704 227124      902.0000   181      913.0000      896.5000 1.74e+08    1.81%
 1215350 225616      896.6667   213      913.0000      896.6000 1.74e+08    1.80%
Elapsed time = 2013.14 sec. (837971.00 ticks, tree = 427.13 MB, solutions = 22)
Nodefile size = 299.39 MB (158.42 MB after compression)
 1222595 224154      906.0000   149      913.0000      896.7143 1.75e+08    1.78%
 1229587 222910        cutoff            913.0000      896.8601 1.76e+08    1.77%
 1234937 221940      903.5000   108      913.0000      897.0000 1.77e+08    1.75%
 1243006 220552      909.6500   234      913.0000      897.0500 1.78e+08    1.75%
 1251044 218778      909.5667   201      913.0000      897.3333 1.79e+08    1.72%
 1257767 217349        cutoff            913.0000      897.5000 1.80e+08    1.70%
 1265051 215867      902.2412   313      913.0000      897.6429 1.80e+08    1.68%
 1271851 214380      907.5682   249      913.0000      897.7143 1.81e+08    1.67%
 1279587 212625      901.0000    90      913.0000      897.8889 1.82e+08    1.66%
 1286216 211058      906.1879   232      913.0000      898.0000 1.83e+08    1.64%
Elapsed time = 2101.21 sec. (876425.71 ticks, tree = 400.96 MB, solutions = 22)
Nodefile size = 274.70 MB (145.92 MB after compression)
 1292751 209404        cutoff            913.0000      898.0833 1.84e+08    1.63%
 1301336 207236        cutoff            913.0000      898.3333 1.85e+08    1.61%
 1308204 205730      903.5000   101      913.0000      898.5000 1.86e+08    1.59%
 1315405 203982      899.3788   200      913.0000      898.6000 1.87e+08    1.58%
 1322306 202400      906.9091   194      913.0000      898.7167 1.87e+08    1.56%
 1329486 200554      911.6667    65      913.0000      898.8571 1.88e+08    1.55%
 1335663 199081      906.1389   319      913.0000      899.0000 1.89e+08    1.53%
 1343153 196980      907.7333   121      913.0000      899.0476 1.90e+08    1.53%
 1351578 194740      911.7500    82      913.0000      899.3333 1.91e+08    1.50%
 1358580 192802        cutoff            913.0000      899.5000 1.92e+08    1.48%
Elapsed time = 2189.90 sec. (914851.51 ticks, tree = 365.37 MB, solutions = 22)
Nodefile size = 239.90 MB (128.35 MB after compression)
 1365649 190825      905.1200   224      913.0000      899.6364 1.93e+08    1.46%
 1372798 188911      909.3205   213      913.0000      899.7167 1.93e+08    1.45%
 1380060 186933      907.2500    85      913.0000      899.8750 1.94e+08    1.44%
 1386998 185116      906.1500   130      913.0000      900.0000 1.95e+08    1.42%
 1394266 183153      908.3551   300      913.0000      900.0641 1.96e+08    1.42%
 1402521 180457      904.9167   173      913.0000      900.3333 1.97e+08    1.39%
 1409153 178303        cutoff            913.0000      900.5000 1.98e+08    1.37%
 1418098 175518        cutoff            913.0000      900.6563 1.99e+08    1.35%
 1425447 172931        cutoff            913.0000      900.7500 2.00e+08    1.34%
 1432993 170703      912.0000   144      913.0000      900.9286 2.00e+08    1.32%
Elapsed time = 2283.26 sec. (953631.00 ticks, tree = 332.82 MB, solutions = 22)
Nodefile size = 204.89 MB (111.23 MB after compression)
 1441305 167641      908.2727   193      913.0000      901.1429 2.01e+08    1.30%
 1448633 165061      908.6667   198      913.0000      901.3333 2.02e+08    1.28%
 1455895 162714      911.2500   180      913.0000      901.4583 2.03e+08    1.26%
 1463523 160038      901.6667   202      913.0000      901.5833 2.04e+08    1.25%
 1471326 157264      907.7143   176      913.0000      901.7143 2.05e+08    1.24%
 1478962 154910        cutoff            913.0000      901.9000 2.06e+08    1.22%
 1487527 151322      904.0833   251      913.0000      902.1111 2.07e+08    1.19%
 1494506 148785      905.5714   316      913.0000      902.2961 2.07e+08    1.17%
 1502369 145959        cutoff            913.0000      902.4286 2.08e+08    1.16%
 1510368 142852        cutoff            913.0000      902.5833 2.09e+08    1.14%
Elapsed time = 2374.43 sec. (992002.34 ticks, tree = 277.92 MB, solutions = 22)
Nodefile size = 151.70 MB (84.04 MB after compression)
 1517807 139788        cutoff            913.0000      902.7143 2.10e+08    1.13%
 1525172 137139      909.1143   203      913.0000      902.8788 2.11e+08    1.11%
 1534634 132979      909.5000    64      913.0000      903.1333 2.12e+08    1.08%
 1541954 129630      908.8718   189      913.0000      903.3333 2.13e+08    1.06%
 1550157 126125      907.6000   172      913.0000      903.5000 2.13e+08    1.04%
 1558565 122019      906.0000    54      913.0000      903.6667 2.14e+08    1.02%
 1566400 118608      908.2273   156      913.0000      903.8333 2.15e+08    1.00%
 1574448 115288      910.7340   216      913.0000      904.0000 2.16e+08    0.99%
 1583108 111357      906.6667   137      913.0000      904.3235 2.17e+08    0.95%
 1591320 107543      909.9444   177      913.0000      904.5000 2.18e+08    0.93%
Elapsed time = 2464.82 sec. (1030513.57 ticks, tree = 207.61 MB, solutions = 22)
Nodefile size = 86.88 MB (50.00 MB after compression)
 1599950 103171      906.1667   218      913.0000      904.6667 2.19e+08    0.91%
 1607967 99886      910.4815   187      913.0000      904.8421 2.19e+08    0.89%
 1616448 96013      911.5000   232      913.0000      905.0000 2.20e+08    0.88%
 1626076 90995      908.3714   119      913.0000      905.3333 2.21e+08    0.84%
 1634867 86456        cutoff            913.0000      905.6000 2.22e+08    0.81%
 1644176 81258        cutoff            913.0000      905.8000 2.23e+08    0.79%
 1652707 76667        cutoff            913.0000      906.0000 2.24e+08    0.77%
 1662501 71134      909.5000   162      913.0000      906.2500 2.25e+08    0.74%
 1673806 63915      911.2000    78      913.0000      906.8000 2.25e+08    0.68%
 1683768 58025        cutoff            913.0000      907.0000 2.26e+08    0.66%
Elapsed time = 2554.02 sec. (1068894.09 ticks, tree = 110.32 MB, solutions = 22)
Nodefile size = 41.11 MB (24.44 MB after compression)
 1694100 51399        cutoff            913.0000      907.3889 2.27e+08    0.61%
 1705356 43941    infeasible            913.0000      907.8108 2.28e+08    0.57%
 1717872 34830      910.1143   230      913.0000      908.6667 2.29e+08    0.47%
 1729357 26199        cutoff            913.0000      909.0769 2.29e+08    0.43%
 1741644 16470      911.3333    98      913.0000      909.7500 2.30e+08    0.36%
 1758284  1568    infeasible            913.0000      911.0000 2.30e+08    0.22%

Clique cuts applied:  9
Cover cuts applied:  38
Implied bound cuts applied:  38
Zero-half cuts applied:  247
Gomory fractional cuts applied:  13

Root node processing (before b&c):
  Real time             =    5.27 sec. (2901.79 ticks)
Parallel b&c, 32 threads:
  Real time             = 2601.18 sec. (1089275.74 ticks)
  Sync time (average)   =    1.14 sec.
  Wait time (average)   =    0.00 sec.
                          ------------
Total (root+branch&cut) = 2606.45 sec. (1092177.52 ticks)


Solution status: Optimal
Execution time: 2606.7 sec
Gap: 0.00000
