Sun Jul 15 15:02:36 2018

Tried aggregator 2 times.
MIP Presolve eliminated 18232 rows and 145 columns.
Aggregator did 552 substitutions.
Reduced MIP has 17462 rows, 5648 columns, and 66064 nonzeros.
Reduced MIP has 5648 binaries, 0 generals, 0 SOSs, and 0 indicators.
Presolve time = 0.31 sec. (96.83 ticks)
Probing time = 0.01 sec. (3.54 ticks)
Tried aggregator 1 time.
Presolve time = 0.04 sec. (30.25 ticks)
Probing time = 0.01 sec. (3.54 ticks)
Clique table members: 28000.
MIP emphasis: balance optimality and feasibility.
MIP search method: dynamic search.
Parallel mode: deterministic, using up to 32 threads.
Root relaxation solution time = 1.83 sec. (526.72 ticks)

        Nodes                                         Cuts/
   Node  Left     Objective  IInf  Best Integer    Best Bound    ItCnt     Gap

      0     0      616.0000   576                    616.0000     2168         
      0     0      644.5729   632                    Cuts: 66     4727         
      0     0      700.2952   732                    Cuts: 81    13555         
      0     0      721.0386   639                ZeroHalf: 53    14977         
      0     0      727.5315   689                ZeroHalf: 47    15898         
      0     0      735.6704   708                ZeroHalf: 41    16770         
      0     0      742.0284   710                ZeroHalf: 52    17784         
      0     0      744.8047   691                ZeroHalf: 31    18038         
      0     0      745.5153   724                ZeroHalf: 28    18230         
      0     0      745.7725   715                 ZeroHalf: 8    18400         
      0     0      747.3110   717                ZeroHalf: 16    18796         
      0     0      749.0000   619                    Cuts: 28    19998         
      0     0      749.0000   711                ZeroHalf: 23    20249         
      0     0      749.0000   587                 ZeroHalf: 2    20277         
      0     0      749.0000   616                ZeroHalf: 45    20517         
      0     2      749.0000   616                    749.0000    20517         
Elapsed time = 36.33 sec. (21288.13 ticks, tree = 0.01 MB, solutions = 0)
      1     3      765.3461   714                    749.0000    28917         
      2     4      749.7108   734                    749.0000    46503         
      3     5      751.7615   655                    749.7250    49251         
      4     6      775.7796   804                    749.7250    58190         
      7     9      780.3711   825                    749.7250    73793         
      9    11      787.6145   744                    749.7250    78419         
     10    12      767.0711   598                    751.8578    81781         
                                                  Impl Bds: 1                  
     11    13      786.4065   770                    751.8578    87189         
     13    15      790.2151   731                    751.8578    98267         
     16    18      796.5239   680                    751.8578   113258         
Elapsed time = 80.59 sec. (54433.51 ticks, tree = 0.01 MB, solutions = 0)
     22    24      767.2693   640                    751.8578   122970         
                                                     Cuts: 15                  
     23    25      803.5393   800                    751.8578   128978         
     40    42      800.4915   730                    751.8578   154833         
                                                     Cuts: 10                  
     58    60      790.5773   694                    751.8578   203334         
     74    76      793.1584   592                    751.8578   240517         
                                                      Cuts: 9                  
     97    99      888.3571   493                    751.8578   253574         
     99   101      951.6010   572                    751.8578   257660         
    203   203      818.5831   676                    751.8578   302612         
    299   293      825.7547   695                    751.8578   342526         
   1887  1747    infeasible                          751.8578   687052         
Elapsed time = 148.83 sec. (82291.27 ticks, tree = 22.16 MB, solutions = 0)
*  2756  2482      integral     0     1738.0000      751.8578   798855   56.74%
Found incumbent of value 1738.000000 after 148.83 sec. (82291.27 ticks)
   3497  2893      829.9841   770     1738.0000      751.8578   969429   56.74%
                                                     Cuts: 40                  
   3529  2921      844.6970   902     1738.0000      751.8578   984705   56.74%
   3561  2953      835.3967   811     1738.0000      751.8578   998168   56.74%
   5301  4579      794.7362   755     1738.0000      751.8578  1313421   56.74%
   6294  5457      903.9842   649     1738.0000      751.8578  1489702   56.74%
                                                     Cuts: 34                  
   6337  5500      878.3715   632     1738.0000      751.8578  1508323   56.74%
   6358  5521      928.3109   633     1738.0000      751.8578  1518916   56.74%
   6454  5613      939.6172   624     1738.0000      751.8578  1552411   56.74%
   6486  5643      913.2507   673     1738.0000      751.8578  1564845   56.74%
Elapsed time = 220.01 sec. (109401.94 ticks, tree = 193.89 MB, solutions = 3)
Nodefile size = 34.88 MB (25.61 MB after compression)
   6518  5675      925.7053   673     1738.0000      751.8578  1579458   56.74%
* 10979+ 6580                         1711.0000      769.2970  2445090   55.04%
Found incumbent of value 1711.000000 after 296.28 sec. (126092.22 ticks)
  10979  6581      749.5484   557     1711.0000      769.2970  2446511   55.04%
  10981  6582      753.7592   791     1711.0000      769.2970  2451840   55.04%
  10982  6582      799.8160   757     1711.0000      769.2970  2466018   55.04%
  10984  6582      802.9267   807     1711.0000      769.2970  2472901   55.04%
  10985  6582      755.4120   653     1711.0000      769.2970  2474346   55.04%
  10989  6585      770.7364   634     1711.0000      769.2970  2483395   55.04%
  10992  6586      761.0501   652     1711.0000      769.2970  2486048   55.04%
  10997  6589      845.2698   875     1711.0000      769.2970  2502638   55.04%
  11000  6590      846.3475   839     1711.0000      769.2970  2508115   55.04%
Elapsed time = 348.73 sec. (167605.83 ticks, tree = 84.99 MB, solutions = 4)
  11003  6593      817.6515   681     1711.0000      769.2970  2512963   55.04%
                                                  ZeroHalf: 9                  
  11009  6594      865.6801   773     1711.0000      769.2970  2524593   55.04%
  11015  6596      764.1520   645     1711.0000      769.2970  2530038   55.04%
  11020  6600      863.9086   794     1711.0000      769.2970  2534114   55.04%
  11024  6602      856.4284   642     1711.0000      769.2970  2536260   55.04%
* 11029+ 4416                         1692.0000      769.2970  2540669   54.53%
Found incumbent of value 1692.000000 after 360.92 sec. (172775.54 ticks)
  11030  4419      931.8257   722     1692.0000      769.2970  2542226   54.53%
  11061  4434      945.3572   633     1692.0000      769.2970  2559919   54.53%
                                                     Cuts: 13                  
  11064  4434      878.0605   859     1692.0000      769.2970  2564033   54.53%
  11065  4435      902.6135   747     1692.0000      769.2970  2573831   54.53%
* 11072+ 2989                         1691.0000      769.2970  2597400   54.51%
Found incumbent of value 1691.000000 after 397.72 sec. (180193.89 ticks)
* 11072+ 2023                         1687.0000      769.2970  2597400   54.40%
Found incumbent of value 1687.000000 after 397.72 sec. (180264.44 ticks)
  11080  2028      820.2996   727     1687.0000      769.2970  2632318   54.40%
Elapsed time = 397.72 sec. (186085.44 ticks, tree = 24.92 MB, solutions = 5)
  11098  2038      926.8942   698     1687.0000      769.2970  2685389   54.40%
  11099  2038      912.7699   758     1687.0000      769.2970  2693901   54.40%
  11653  2328      854.7388   601     1687.0000      769.2970  3027152   54.40%
                                                     Cuts: 14                  
  11701  2360      914.5623   792     1687.0000      769.2970  3086623   54.40%
  11704  2362      926.8457   712     1687.0000      769.2970  3093261   54.40%
  11736  2378      941.1772   693     1687.0000      769.2970  3122418   54.40%
  11765  2395      981.0351   669     1687.0000      769.2970  3153999   54.40%
  11768  2397      969.5753   670     1687.0000      769.2970  3161869   54.40%
  12121  2599      910.1678   470     1687.0000      769.2970  3304891   54.40%
  12166  2631      940.2378   819     1687.0000      769.2970  3333180   54.40%
Elapsed time = 452.21 sec. (202212.42 ticks, tree = 21.91 MB, solutions = 7)
  12201  2649      971.9757   662     1687.0000      769.2970  3352623   54.40%
  12265  2685      998.4693   640     1687.0000      769.2970  3378962   54.40%
  12361  2739     1011.5859   533     1687.0000      769.2970  3404648   54.40%
  12457  2787     1030.2228   496     1687.0000      769.2970  3431979   54.40%
  12681  2907     1040.8922   533     1687.0000      769.2970  3493930   54.40%
  13086  3129     1063.6122   633     1687.0000      769.2970  3584116   54.40%
  14345  3797      968.4639   627     1687.0000      769.2970  3815316   54.40%
  14360  3807      932.0552   739     1687.0000      769.2970  3827191   54.40%
  14424  3836      944.7233   652     1687.0000      769.2970  3845327   54.40%
  14616  3943      964.2861   557     1687.0000      769.2970  3884580   54.40%
Elapsed time = 520.06 sec. (218098.12 ticks, tree = 123.33 MB, solutions = 7)
  14776  4039      981.5009   578     1687.0000      769.2970  3912573   54.40%
  15032  4181     1021.8651   502     1687.0000      769.2970  3952627   54.40%
  15288  4333     1045.7051   521     1687.0000      769.2970  3991402   54.40%
  15563  4530     1072.0865   554     1687.0000      769.2970  4032878   54.40%
  15819  4779     1074.5067   539     1687.0000      769.2970  4072846   54.40%
  17624  6495     1385.8545   490     1687.0000      769.2970  4386792   54.40%
  17863  6715      974.7259   606     1687.0000      769.2970  4427673   54.40%
                                                  ZeroHalf: 5                  
  17947  6788     1485.0000   333     1687.0000      769.2970  4459412   54.40%
  18087  6910      915.8476   588     1687.0000      769.2970  4499548   54.40%
  18215  7035      982.6186   516     1687.0000      769.2970  4533769   54.40%
Elapsed time = 574.31 sec. (229762.29 ticks, tree = 368.59 MB, solutions = 7)
Nodefile size = 208.00 MB (156.49 MB after compression)
  18311  7122      928.7080   572     1687.0000      769.2970  4556101   54.40%
  18439  7239      940.5391   556     1687.0000      769.2970  4592994   54.40%
  18599  7394      982.0457   547     1687.0000      769.2970  4631459   54.40%
  18791  7580      994.7412   523     1687.0000      769.2970  4684464   54.40%
  18983  7771      960.6152   567     1687.0000      769.2970  4730670   54.40%
  19175  7954      973.0616   560     1687.0000      769.2970  4773750   54.40%
  19244  8016     1285.1625   446     1687.0000      769.2970  4794299   54.40%
  19436  8199     1301.1420   522     1687.0000      769.2970  4838009   54.40%
  19591  8353      996.5451   563     1687.0000      769.2970  4869823   54.40%
  19987  8732    infeasible           1687.0000      769.2970  4967244   54.40%
Elapsed time = 639.20 sec. (241870.58 ticks, tree = 378.99 MB, solutions = 7)
Nodefile size = 208.00 MB (156.49 MB after compression)
  20260  8997      898.1142   560     1687.0000      769.2970  5040240   54.40%
                                                      Cuts: 7                  
  20438  9175      935.8838   540     1687.0000      769.2970  5075091   54.40%
  20630  9361      991.0029   527     1687.0000      769.2970  5110918   54.40%
  20886  9614     1018.3245   520     1687.0000      769.2970  5155868   54.40%
  20982  9710     1033.2041   507     1687.0000      769.2970  5172601   54.40%
  21366 10086     1108.1815   495     1687.0000      769.2970  5228086   54.40%
  21814 10520     1167.5833   454     1687.0000      769.2970  5306431   54.40%
  21974 10674     1275.8787   427     1687.0000      769.2970  5337474   54.40%
  22230 10924     1249.7758   431     1687.0000      769.2970  5374799   54.40%
  24406 13012     1618.0000   216     1687.0000      769.2970  5743372   54.40%
Elapsed time = 715.23 sec. (254638.37 ticks, tree = 547.62 MB, solutions = 7)
Nodefile size = 355.53 MB (271.14 MB after compression)
  25474 14038     1196.4465   532     1687.0000      769.2970  5921630   54.40%
  29927 18319     1276.7391   650     1687.0000      769.2970  6608421   54.40%
                                                 ZeroHalf: 23                  
  29978 18366      853.3333   614     1687.0000      769.2970  6628225   54.40%
  30375 18754     1345.2729   653     1687.0000      769.2970  6760272   54.40%
  33648 21853      892.1187   742     1687.0000      769.2970  7776170   54.40%
  33807 22011     1165.9269   504     1687.0000      769.2970  7852045   54.40%
  35586 23675     1550.5238   154     1687.0000      769.2970  8121227   54.40%
  36339 24354     1135.5690   458     1687.0000      769.2970  8274584   54.40%
  39614 27438      849.9464   729     1687.0000      769.2970  8820068   54.40%
  41224 28930     1045.9449   460     1687.0000      769.2970  9085574   54.40%
                                                     Cuts: 15                  
Elapsed time = 954.10 sec. (304913.41 ticks, tree = 3979.32 MB, solutions = 7)
Nodefile size = 3815.82 MB (2884.64 MB after compression)
  41884 29573     1175.9345   494     1687.0000      769.2970  9231975   54.40%
  43644 31229      939.8954   514     1687.0000      769.2970  9495806   54.40%
  44820 32345     1208.8742   434     1687.0000      769.2970  9718312   54.40%
  47667 35009      967.4482   426     1687.0000      798.8876 10182474   52.64%
                                                      Cuts: 7                  
  48529 35856     1107.0481   469     1687.0000      798.8876 10378216   52.64%
  50188 37380     1158.9136   462     1687.0000      798.8876 10655697   52.64%
  51619 38712     1285.4989   381     1687.0000      798.8876 10941757   52.64%
  53376 40341     1561.8513   333     1687.0000      804.0436 11217254   52.34%
                                                     Cuts: 11                  
  54400 41326     1170.2218   469     1687.0000      804.0436 11444718   52.34%
  55760 42605     1524.2000   324     1687.0000      804.0436 11654658   52.34%
Elapsed time = 1167.90 sec. (348552.12 ticks, tree = 6335.30 MB, solutions = 7)
Nodefile size = 6154.54 MB (4635.26 MB after compression)
  57370 44110     1100.1250   397     1687.0000      804.0436 11940492   52.34%
  59714 46278     1150.2069   278     1687.0000      830.2265 12334617   50.79%
                                                     Cuts: 12                  
  60825 47366     1546.5284   397     1687.0000      830.2265 12561456   50.79%
  61913 48377     1051.7378   439     1687.0000      830.2265 12717308   50.79%
  64121 50422      950.5554   575     1687.0000      830.2265 13080862   50.79%
  65958 52102     1031.4572   624     1687.0000      830.2265 13403416   50.79%
* 66068+52205                         1660.0000      835.6489 13413298   49.66%
                                                      Cuts: 7                  
Found incumbent of value 1660.000000 after 1308.23 sec. (380341.96 ticks)
  66068 52207     1039.2889   570     1660.0000      835.6489 13413298   49.66%
* 66072+52209                         1623.0000      835.6489 13414816   48.51%
Found incumbent of value 1623.000000 after 1308.56 sec. (374553.53 ticks)
* 66072+52209                         1617.0000      835.6489 13414816   48.32%
Found incumbent of value 1617.000000 after 1308.56 sec. (374586.49 ticks)
* 66081+52218                         1614.0000      835.6489 13416506   48.22%
Found incumbent of value 1614.000000 after 1308.56 sec. (374616.15 ticks)
* 66081+52218                         1612.0000      835.6489 13416506   48.16%
Found incumbent of value 1612.000000 after 1308.56 sec. (374643.06 ticks)
* 66091+52228                         1599.0000      835.6489 13418942   47.74%
Found incumbent of value 1599.000000 after 1308.56 sec. (374680.83 ticks)
* 66091+52228                         1596.0000      835.6489 13418942   47.64%
Found incumbent of value 1596.000000 after 1308.56 sec. (374758.77 ticks)
* 66102+47433                         1572.0000      835.6489 13422591   46.84%
Found incumbent of value 1572.000000 after 1312.58 sec. (380787.72 ticks)
  66670 48003     1034.2093   464     1572.0000      835.6489 13629638   46.84%
  67706 48962     1002.4160   491     1572.0000      835.6489 13819517   46.84%
  68325 49530     1030.2267   401     1572.0000      835.6489 13968907   46.84%
Elapsed time = 1362.23 sec. (392341.05 ticks, tree = 7796.73 MB, solutions = 18)
Nodefile size = 7761.23 MB (5816.65 MB after compression)
  71842 51007      906.7530   538     1572.0000      839.0666 14648126   46.62%
                                                     Cuts: 15                  
  72914 52053     1466.7500   310     1572.0000      839.0666 14881925   46.62%
  73938 52944     1194.1997   440     1572.0000      839.0666 15087890   46.62%
  75308 54146     1078.4454   450     1572.0000      839.0666 15416246   46.62%
  76716 55444      910.4858   540     1572.0000      842.4922 15744175   46.41%
                                                  ZeroHalf: 3                  
  78153 56785     1241.5237   368     1572.0000      842.4922 16066368   46.41%
* 78884+57456                         1568.0000      842.4922 16231642   46.27%
Found incumbent of value 1568.000000 after 1524.29 sec. (418625.40 ticks)
  79681 58200     1142.4037   422     1568.0000      842.4922 16393561   46.27%
  80935 59353     1344.6622   435     1568.0000      842.4922 16657560   46.27%
  82625 60555     1234.4575   369     1568.0000      845.5820 17008902   46.07%
                                                  Impl Bds: 5                  
  83745 61586      996.8506   468     1568.0000      845.5820 17267348   46.07%
Elapsed time = 1591.14 sec. (434119.46 ticks, tree = 10257.98 MB, solutions = 62)
Nodefile size = 10108.19 MB (7550.65 MB after compression)
  85153 62860      875.7921   576     1568.0000      845.5820 17583051   46.07%
  86209 63804     1459.0002   358     1568.0000      845.5820 17809814   46.07%
  87704 65181      934.0891   664     1568.0000      847.4528 18120234   45.95%
                                                      Cuts: 4                  
  87768 65245      960.9339   823     1568.0000      847.4528 18144104   45.95%
  87864 65341      981.0027   781     1568.0000      847.4528 18177252   45.95%
  93105 70127     1219.3418   383     1568.0000      848.8429 19366618   45.86%
                                                  ZeroHalf: 1                  
  94112 71067     1111.3750   400     1568.0000      848.8429 19616299   45.86%
  95728 72557      917.9540   514     1568.0000      848.8429 19979012   45.86%
  97024 73735     1336.1410   509     1568.0000      848.8429 20241943   45.86%
  98739 75280     1251.0455   311     1568.0000      851.9211 20666368   45.67%
                                                  ZeroHalf: 2                  
Elapsed time = 1802.46 sec. (481333.40 ticks, tree = 13177.80 MB, solutions = 64)
Nodefile size = 13028.53 MB (9721.17 MB after compression)
  99923 76362     1113.6034   454     1568.0000      851.9211 20956097   45.67%
 101021 77351     1398.3708   370     1568.0000      851.9211 21217208   45.67%
 101881 78117      881.6441   743     1568.0000      851.9211 21424264   45.67%
 103470 79542     1468.8684   393     1568.0000      853.9389 21808810   45.54%
 103604 79668     1020.4545   740     1568.0000      853.9389 21860890   45.54%
 103700 79760     1100.9244   716     1568.0000      853.9389 21895855   45.54%
 103843 79889     1015.8229   711     1568.0000      853.9389 21946018   45.54%
 108528 84141      893.1944   487     1568.0000      854.9167 23059963   45.48%
 108709 84308     1155.9809   647     1568.0000      854.9167 23122323   45.48%
 108933 84525     1312.1458   585     1568.0000      854.9167 23192297   45.48%
Elapsed time = 2000.70 sec. (523755.57 ticks, tree = 14975.96 MB, solutions = 64)
Nodefile size = 14824.56 MB (11053.22 MB after compression)
 109381 84950     1440.8485   468     1568.0000      854.9167 23315011   45.48%
 112421 87726     1076.1307   449     1568.0000      856.4764 23979201   45.38%
 112520 87821      983.0796   581     1568.0000      856.4764 24015292   45.38%
 113744 88960      927.4650   734     1568.0000      856.4764 24312543   45.38%
 117993 92824     1157.7895   474     1568.0000      857.7886 25293616   45.29%
 118132 92957     1017.2375   655     1568.0000      857.7886 25343808   45.29%
 119028 93798     1387.6923   240     1568.0000      857.7886 25575914   45.29%
 119706 94415     1111.3711   652     1568.0000      857.7886 25745668   45.29%
 122796 97183      973.4073   611     1568.0000      859.2291 26458094   45.20%
 123229 97607     1295.6647   496     1568.0000      859.2291 26581468   45.20%
Elapsed time = 2246.74 sec. (571529.98 ticks, tree = 17647.98 MB, solutions = 64)
Nodefile size = 17494.43 MB (13000.01 MB after compression)
 124556 98820     1340.3733   452     1568.0000      859.2291 26894893   45.20%
 125868 100002     1176.1686   419     1568.0000      859.2291 27226273   45.20%
 128307 102224     1158.1476   503     1568.0000      861.0766 27802207   45.08%
 129651 103464     1114.5125   445     1568.0000      861.0766 28104196   45.08%
*130946+104635                         1552.0000      861.0766 28401262   44.52%
Found incumbent of value 1552.000000 after 2350.94 sec. (588192.62 ticks)
 130963 104650     1005.8401   478     1552.0000      861.0766 28404815   44.52%
 132307 105850      966.9842   490     1552.0000      861.0766 28712354   44.52%
 134388 106111     1503.1996   241     1552.0000      862.8063 29179027   44.41%
                                                  ZeroHalf: 1                  
 135636 107267     1450.8451   297     1552.0000      862.8063 29476616   44.41%
 136953 108471     1156.5813   497     1552.0000      862.8063 29766276   44.41%
 138073 109476      978.5175   431     1552.0000      862.8063 30017735   44.41%
Elapsed time = 2451.20 sec. (614561.50 ticks, tree = 19502.81 MB, solutions = 64)
Nodefile size = 19327.09 MB (14323.23 MB after compression)
 139637 110879      966.0934   529     1552.0000      863.8603 30386807   44.34%
 141331 112440     1004.2703   464     1552.0000      863.8603 30759545   44.34%
 142301 113312      943.9603   569     1552.0000      863.8603 30995961   44.34%
 143338 114244      908.0760   900     1552.0000      863.8603 31265360   44.34%
 145511 116207     1024.7345   581     1552.0000      865.7287 31739681   44.22%
 145596 116287      928.0558   890     1552.0000      865.7287 31769488   44.22%
 145692 116377      942.5506   826     1552.0000      865.7287 31803440   44.22%
 145756 116433      959.1520   840     1552.0000      865.7287 31825469   44.22%
 150399 120648     1220.9649   496     1552.0000      866.1102 32922701   44.19%
 150484 120727      982.6504   790     1552.0000      866.1102 32958200   44.19%
Elapsed time = 2672.95 sec. (660745.61 ticks, tree = 22484.26 MB, solutions = 65)
Nodefile size = 22329.09 MB (16508.46 MB after compression)
 150580 120816     1009.2919   768     1552.0000      866.1102 33001496   44.19%
 150676 120907     1040.5496   732     1552.0000      866.1102 33043703   44.19%
 155548 125315      932.0042   786     1552.0000      867.0250 34269919   44.13%
 155676 125443     1008.8351   716     1552.0000      867.0250 34318881   44.13%
 155836 125596     1066.9309   701     1552.0000      867.0250 34375936   44.13%
 155900 125660     1106.2145   726     1552.0000      867.0250 34398401   44.13%
 160081 129463     1157.2945   672     1552.0000      868.1120 35395985   44.06%
 160209 129583     1220.7148   697     1552.0000      868.1120 35435105   44.06%
 160401 129769     1304.9803   570     1552.0000      868.1120 35489790   44.06%
 165080 133999     1058.1208   461     1552.0000      869.0506 36566200   44.00%
                                                  ZeroHalf: 1                  
Elapsed time = 2882.11 sec. (708562.07 ticks, tree = 24830.02 MB, solutions = 65)
Nodefile size = 24671.38 MB (18206.72 MB after compression)
 165673 134543     1063.1272   481     1552.0000      869.0506 36734065   44.00%
 166889 135656     1019.8071   510     1552.0000      869.0506 37010976   44.00%
 168009 136661      924.2026   500     1552.0000      869.0506 37267447   44.00%
 170954 139294     1202.4128   426     1552.0000      870.9142 37950302   43.88%
 171581 139885      938.8558   501     1552.0000      870.9142 38150767   43.88%
 171874 140138     1021.6249   497     1552.0000      870.9142 38260527   43.88%
 172025 140284      950.3646   720     1552.0000      870.9142 38332807   43.88%
 172961 141118     1198.1848   645     1552.0000      870.9142 38676749   43.88%
 175159 143111     1210.9924   696     1552.0000      871.4630 39332691   43.85%
 175319 143267     1231.6607   501     1552.0000      871.4630 39396605   43.85%
Elapsed time = 3085.00 sec. (754835.51 ticks, tree = 25959.57 MB, solutions = 65)
Nodefile size = 25802.28 MB (19023.44 MB after compression)
 175543 143479     1299.5000   362     1552.0000      871.4630 39456299   43.85%
 178266 145914     1177.4739   590     1552.0000      871.4630 40108248   43.85%
 180606 148025     1445.4333   254     1552.0000      872.3199 40644086   43.79%
 182206 149473     1405.0333   272     1552.0000      872.3199 41034517   43.79%
 183664 150793     1160.8146   480     1552.0000      872.3199 41366655   43.79%
 184784 151804     1123.6111   514     1552.0000      872.3199 41637969   43.79%
 186507 153352     1468.2330   245     1552.0000      873.7525 41992203   43.70%
 188027 154740     1388.3333   301     1552.0000      873.7525 42363556   43.70%
 188673 155335     1518.9273   405     1552.0000      873.7525 42514189   43.70%
 189409 155984     1188.2836   415     1552.0000      873.7525 42679973   43.70%
Elapsed time = 3292.01 sec. (796720.90 ticks, tree = 28108.41 MB, solutions = 65)
Nodefile size = 27933.22 MB (20565.80 MB after compression)
 191945 158259     1252.3996   421     1552.0000      874.5214 43243195   43.65%
 193512 159695     1153.0349   454     1552.0000      874.5214 43631150   43.65%
 194782 160817     1352.5754   350     1552.0000      874.5214 43937398   43.65%
 195882 161824     1149.4371   459     1552.0000      874.5214 44194727   43.65%
 197706 163458      916.1700   523     1552.0000      874.5214 44626994   43.65%
 198073 163810     1104.4414   474     1552.0000      875.3953 44729819   43.60%
                                                  ZeroHalf: 2                  
 199556 165127     1021.5448   492     1552.0000      875.3953 45094164   43.60%
 200853 166325      931.5992   544     1552.0000      875.3953 45392191   43.60%
 202197 167529      991.1938   500     1552.0000      875.3953 45704176   43.60%
 204240 169374     1465.2738   249     1552.0000      876.7040 46120887   43.51%
                                                  ZeroHalf: 1                  
Elapsed time = 3494.10 sec. (839604.86 ticks, tree = 31428.56 MB, solutions = 65)
Nodefile size = 31269.28 MB (22991.63 MB after compression)
 205392 170429     1223.9660   434     1552.0000      876.7040 46395563   43.51%
 206701 171628      967.2491   500     1552.0000      876.7040 46705156   43.51%
 207533 172357     1386.2500   360     1552.0000      876.7040 46899832   43.51%
 209108 173790     1031.9222   452     1552.0000      876.7040 47271179   43.51%
 209648 174296     1459.0000   261     1552.0000      877.4123 47402073   43.47%
                                                    Covers: 1                  
 210747 175283     1068.4293   472     1552.0000      877.4123 47630786   43.47%
 211990 176417     1010.5179   652     1552.0000      877.4123 47944590   43.47%
 213270 177571      885.1359   520     1552.0000      877.4123 48271331   43.47%
 215283 179366      904.5791   527     1552.0000      878.3298 48702785   43.41%
                                                  ZeroHalf: 2                  
 216723 180680     1036.1226   480     1552.0000      878.3298 49072575   43.41%
Elapsed time = 3699.85 sec. (880136.30 ticks, tree = 33518.24 MB, solutions = 65)
Nodefile size = 33351.11 MB (24508.82 MB after compression)
 217875 181712     1007.3332   506     1552.0000      878.3298 49351171   43.41%
 219475 183160      930.3363   526     1552.0000      878.3298 49707388   43.41%
 220608 184201      902.3935   581     1552.0000      878.3298 49962053   43.41%
 221545 185018      981.1768   477     1552.0000      879.2317 50190684   43.35%
                                                    Covers: 2                  
 223222 186546     1298.0695   466     1552.0000      879.2317 50602383   43.35%
 223726 187019     1166.3726   698     1552.0000      879.2317 50728707   43.35%
 223790 187073     1186.6669   691     1552.0000      879.2317 50749974   43.35%
 226679 189631     1134.0000   377     1552.0000      879.6648 51420317   43.32%
                                                      Cuts: 4                  
 226812 189753     1245.7700   583     1552.0000      879.6648 51472310   43.32%
 226908 189845     1318.2939   587     1552.0000      879.6648 51506552   43.32%
Elapsed time = 3887.10 sec. (921669.28 ticks, tree = 35652.17 MB, solutions = 65)
Nodefile size = 35491.59 MB (26061.34 MB after compression)
 227356 190278     1525.5145   324     1552.0000      879.6648 51626113   43.32%
 231480 194009      988.6359   518     1552.0000      880.4931 52567623   43.27%
 232510 194966     1085.2819   556     1552.0000      880.4931 52838136   43.27%
 233694 196035      989.3835   470     1552.0000      880.4931 53124830   43.27%
 234846 197061      971.4122   495     1552.0000      880.4931 53404563   43.27%
 237194 199153     1055.9024   418     1552.0000      880.4931 53983267   43.27%
 237677 199612     1335.9286   386     1552.0000      881.4563 54123026   43.21%
                                                  ZeroHalf: 1                  
 237839 199755     1547.5128   611     1552.0000      881.4563 54171918   43.21%
 239215 200991     1339.6000   198     1552.0000      881.4563 54507048   43.21%
 240062 201780     1197.5000   497     1552.0000      881.4563 54722447   43.21%
Elapsed time = 4070.64 sec. (963125.51 ticks, tree = 37667.67 MB, solutions = 65)
Nodefile size = 37490.07 MB (27513.53 MB after compression)
 242535 203997     1059.0918   471     1552.0000      882.0357 55276263   43.17%
 243812 205145     1298.2500   345     1552.0000      882.0357 55585526   43.17%
 245284 206479     1532.8595   394     1552.0000      882.0357 55925751   43.17%
 246596 207668     1463.7734   388     1552.0000      882.0357 56247376   43.17%
 246849 207881      971.7991   670     1552.0000      882.0357 56324141   43.17%
 248462 209337      961.8305   698     1552.0000      882.7718 56709490   43.12%
                                                    Covers: 1                  
 248522 209397     1067.3257   737     1552.0000      882.7718 56771261   43.12%
 248714 209581     1137.8250   613     1552.0000      882.7718 56873827   43.12%
 248781 209643     1082.9694   650     1552.0000      882.7718 56909228   43.12%
 252982 213406     1024.2389   699     1552.0000      883.1669 58086228   43.09%
Elapsed time = 4293.46 sec. (1009178.21 ticks, tree = 40140.64 MB, solutions = 65)
Nodefile size = 39982.57 MB (29314.36 MB after compression)
 253654 214039     1304.1115   431     1552.0000      883.1669 58248044   43.09%
 254742 215013     1074.2059   450     1552.0000      883.1669 58531762   43.09%
 256038 216175     1418.7436   427     1552.0000      883.1669 58834187   43.09%
 258180 218091     1059.0331   475     1552.0000      884.0217 59358521   43.04%
                                                      Cuts: 3                  
 259495 219286     1135.8447   439     1552.0000      884.0217 59662147   43.04%
 260888 220547     1119.9979   518     1552.0000      884.0217 59978485   43.04%
 261496 221112        cutoff           1552.0000      884.0217 60115143   43.04%
 263802 223168     1182.5944   449     1552.0000      884.0217 60697140   43.04%
 264621 223905      924.8542   522     1552.0000      884.7205 60883197   42.99%
 265869 225027      983.6448   494     1552.0000      884.7205 61155874   42.99%
Elapsed time = 4476.21 sec. (1047789.09 ticks, tree = 42295.97 MB, solutions = 65)
Nodefile size = 42127.00 MB (30872.99 MB after compression)
 267117 226163     1036.4145   419     1552.0000      884.7205 61443740   42.99%
 267712 226712     1042.9663   463     1552.0000      884.7205 61582138   42.99%
 270589 229308     1531.8788   246     1552.0000      885.3006 62255286   42.96%
                                                    Covers: 1                  
 272157 230735     1464.5205   336     1552.0000      885.3006 62643879   42.96%
 273789 232221      941.4981   511     1552.0000      885.3006 63005399   42.96%
 274277 232652     1194.2371   407     1552.0000      885.3006 63134509   42.96%
 276690 234811      930.7650   469     1552.0000      885.3006 63720339   42.96%
 276834 234953     1104.8277   453     1552.0000      886.0918 63763469   42.91%
                                                  ZeroHalf: 2                  
 277794 235798     1042.9392   545     1552.0000      886.0918 64020550   42.91%
 278833 236724      911.2668   723     1552.0000      886.0918 64283746   42.91%
Elapsed time = 4699.98 sec. (1090330.54 ticks, tree = 44639.80 MB, solutions = 65)
Nodefile size = 44469.81 MB (32582.69 MB after compression)
 278929 236814      935.7298   677     1552.0000      886.0918 64306356   42.91%
 282120 239664     1004.7085   486     1552.0000      886.6817 65046528   42.87%
                                                    Covers: 1                  
 282199 239741      996.4229   701     1552.0000      886.6817 65075513   42.87%
 282647 240142     1218.7436   509     1552.0000      886.6817 65184454   42.87%
 283575 240978     1035.8364   433     1552.0000      886.6817 65408276   42.87%
 287052 244091     1395.9155   374     1552.0000      887.1789 66223220   42.84%
 288364 245285     1057.2106   499     1552.0000      887.1789 66531368   42.84%
 289708 246494     1076.4363   480     1552.0000      887.1789 66860213   42.84%
 290991 247659      901.1152   468     1552.0000      887.1789 67166173   42.84%
 292370 248914     1244.8208   423     1552.0000      887.1789 67502291   42.84%
Elapsed time = 4872.67 sec. (1133167.95 ticks, tree = 46596.19 MB, solutions = 65)
Nodefile size = 46399.18 MB (33986.11 MB after compression)
 293290 249721     1126.7925   586     1552.0000      888.0114 67710451   42.78%
 293940 250310     1031.8696   545     1552.0000      888.0114 67946137   42.78%
 294868 251144     1335.8333   290     1552.0000      888.0114 68239598   42.78%
 295012 251271     1052.6620   703     1552.0000      888.0114 68293784   42.78%
 297586 253591     1117.7087   493     1552.0000      888.5077 69062517   42.75%
 298406 254363     1088.3441   492     1552.0000      888.5077 69252255   42.75%
 299654 255464     1159.4283   478     1552.0000      888.5077 69544942   42.75%
 303600 259001     1009.0931   503     1552.0000      889.2047 70437640   42.71%
 305240 260497     1521.2899   189     1552.0000      889.2047 70857668   42.71%
 305896 261099     1130.3323   511     1552.0000      889.2047 71015262   42.71%
Elapsed time = 5118.62 sec. (1183261.95 ticks, tree = 49059.03 MB, solutions = 65)
Nodefile size = 48883.29 MB (35781.12 MB after compression)
 306536 261662     1322.7500   383     1552.0000      889.2047 71173237   42.71%
 309281 264128     1500.1148   312     1552.0000      889.2047 71841644   42.71%
 309645 264443     1000.6128   524     1552.0000      889.8463 71926937   42.66%
 310701 265409     1018.1134   501     1552.0000      889.8463 72179968   42.66%
 312173 266753     1097.0926   467     1552.0000      889.8463 72530815   42.66%
 313614 268045     1437.5873   407     1552.0000      889.8463 72853330   42.66%
 315291 269544     1005.2811   530     1552.0000      889.8463 73208096   42.66%
 315529 269776     1128.4248   520     1552.0000      890.4473 73274945   42.63%
 317001 271111     1213.0952   246     1552.0000      890.4473 73619809   42.63%
 318607 272534     1222.3119   465     1552.0000      890.4473 73984791   42.63%
Elapsed time = 5307.79 sec. (1221860.76 ticks, tree = 51277.51 MB, solutions = 65)
Nodefile size = 51098.07 MB (37392.13 MB after compression)
 319279 273150      994.8676   535     1552.0000      890.4473 74149511   42.63%
 321552 275194     1184.1685   297     1552.0000      890.9355 74686178   42.59%
 323344 276827      911.6148   547     1552.0000      890.9355 75106872   42.59%
 324468 277861     1463.8258   306     1552.0000      890.9355 75379406   42.59%
 325904 279140      999.6550   563     1552.0000      890.9355 75699243   42.59%
 327009 280140      995.2804   465     1552.0000      890.9355 75963957   42.59%
 327997 281018     1075.4012   390     1552.0000      891.5312 76191079   42.56%
 329462 282361     1212.8357   403     1552.0000      891.5312 76552624   42.56%
 330090 282925     1523.5625   461     1552.0000      891.5312 76707124   42.56%
 330826 283605     1158.8876   457     1552.0000      891.5312 76909607   42.56%
Elapsed time = 5485.95 sec. (1263430.74 ticks, tree = 53648.17 MB, solutions = 65)
Nodefile size = 53468.88 MB (39119.30 MB after compression)
 332668 285229      997.8956   539     1552.0000      892.0230 77353688   42.52%
                                                  ZeroHalf: 2                  
 334076 286497      916.5250   532     1552.0000      892.0230 77691252   42.52%
 334640 287026     1261.6801   424     1552.0000      892.0230 77836047   42.52%
 336029 288273     1075.3581   464     1552.0000      892.0230 78153793   42.52%
 337365 289501     1125.9800   465     1552.0000      892.0230 78452841   42.52%
 338607 290622     1393.4655   370     1552.0000      892.5379 78752556   42.49%
 339663 291546     1311.1571   520     1552.0000      892.5379 79014660   42.49%
 341039 292779     1336.7506   380     1552.0000      892.5379 79353336   42.49%
 342127 293759     1107.3245   446     1552.0000      892.5379 79600121   42.49%
 344353 295757     1112.9890   471     1552.0000      893.2739 80130784   42.44%
Elapsed time = 5686.13 sec. (1306666.74 ticks, tree = 56733.23 MB, solutions = 65)
Nodefile size = 56570.99 MB (41377.88 MB after compression)
 345537 296826     1060.5851   473     1552.0000      893.2739 80415441   42.44%
 346817 297992     1082.3811   408     1552.0000      893.2739 80723779   42.44%
 348404 299414     1524.0000   257     1552.0000      893.2739 81089019   42.44%
 349784 300670     1292.2755   400     1552.0000      893.2739 81421519   42.44%
 350760 301532      967.5973   746     1552.0000      893.7809 81648621   42.41%
 350856 301626     1000.8313   716     1552.0000      893.7809 81679552   42.41%
 350984 301739     1035.6336   735     1552.0000      893.7809 81719289   42.41%
 351144 301888     1114.9500   625     1552.0000      893.7809 81770847   42.41%
 355952 306177     1381.6667   271     1552.0000      893.8448 82934186   42.41%
 356086 306306     1184.6455   666     1552.0000      893.8448 82989903   42.41%
Elapsed time = 5894.62 sec. (1348850.83 ticks, tree = 58914.54 MB, solutions = 65)
Nodefile size = 58750.92 MB (42965.44 MB after compression)
 356214 306426     1270.5373   595     1552.0000      893.8448 83030833   42.41%
 357558 307630     1015.5999   553     1552.0000      893.8448 83368181   42.41%
 361811 311445     1306.7121   379     1552.0000      894.4677 84404105   42.37%
 362296 311900     1242.9655   502     1552.0000      894.4677 84540802   42.37%
 362424 312006     1314.2857   590     1552.0000      894.4677 84593281   42.37%
 362520 312098     1329.0464   533     1552.0000      894.4677 84634779   42.37%
 365850 315072     1031.1742   562     1552.0000      894.4677 85791595   42.37%
 365965 315180     1012.8015   720     1552.0000      894.7150 85844743   42.35%
 366125 315337     1061.7779   701     1552.0000      894.7150 85913896   42.35%
 366296 315499     1263.0000   413     1552.0000      894.7150 85970209   42.35%
Elapsed time = 6096.74 sec. (1393703.87 ticks, tree = 60093.11 MB, solutions = 65)
Nodefile size = 59929.34 MB (43823.76 MB after compression)
 371545 320169     1151.0088   368     1552.0000      895.2535 87232460   42.32%
 371720 320337     1077.5117   765     1552.0000      895.2535 87289048   42.32%
 371848 320460     1120.1250   656     1552.0000      895.2535 87328190   42.32%
 372072 320667     1216.5139   563     1552.0000      895.2535 87388388   42.32%
 376506 324640     1262.0259   424     1552.0000      895.2535 88446003   42.32%
 377319 325378     1434.0051   431     1552.0000      895.7291 88659300   42.29%
 377703 325724      977.2663   542     1552.0000      895.7291 88754790   42.29%
 378951 326850      917.0787   500     1552.0000      895.7291 89071776   42.29%
 380216 328014     1500.2222   463     1552.0000      895.7291 89362561   42.29%
 382374 329947     1373.6387   385     1552.0000      896.4196 89808237   42.24%
Elapsed time = 6303.88 sec. (1437166.81 ticks, tree = 63161.78 MB, solutions = 65)
Nodefile size = 63001.83 MB (46055.18 MB after compression)
 383760 331197      929.3396   486     1552.0000      896.4196 90134294   42.24%
 384570 331922     1158.8323   428     1552.0000      896.4196 90338296   42.24%
 385946 333167     1213.9239   413     1552.0000      896.4196 90662001   42.24%
 388524 335476     1230.7066   469     1552.0000      896.4196 91222372   42.24%
 389235 336114     1519.2955   369     1552.0000      896.9058 91390494   42.21%
                                                  ZeroHalf: 1                  
 390227 336997     1383.2500   359     1552.0000      896.9058 91628052   42.21%
 390355 337116     1497.3245   469     1552.0000      896.9058 91664416   42.21%
 391859 338447      928.6214   455     1552.0000      896.9058 92035613   42.21%
 393139 339606     1447.0000   214     1552.0000      896.9058 92349227   42.21%
 395569 341787     1055.5413   366     1552.0000      897.4398 92937338   42.18%
Elapsed time = 6501.83 sec. (1476627.80 ticks, tree = 65514.03 MB, solutions = 65)
Nodefile size = 65348.20 MB (47761.52 MB after compression)
 396657 342780     1161.4409   474     1552.0000      897.4398 93192406   42.18%
 397713 343707     1257.9152   382     1552.0000      897.4398 93448679   42.18%
 398961 344809     1207.8626   503     1552.0000      897.4398 93742522   42.18%
 400624 346271     1088.2695   452     1552.0000      897.9551 94144977   42.14%
 401936 347496     1055.8570   503     1552.0000      897.9551 94471061   42.14%
 402961 348423     1308.1731   458     1552.0000      897.9551 94701319   42.14%
 403909 349260     1357.7000   346     1552.0000      897.9551 94925779   42.14%
 406712 351790      989.7348   521     1552.0000      897.9551 95558073   42.14%
 407166 352214     1116.2917   394     1552.0000      898.3168 95663338   42.12%
 408373 353288      959.2393   525     1552.0000      898.3168 95960545   42.12%
Elapsed time = 6696.60 sec. (1517695.29 ticks, tree = 67760.97 MB, solutions = 65)
Nodefile size = 67591.62 MB (49392.02 MB after compression)
 409845 354616      948.2290   487     1552.0000      898.3168 96305816   42.12%
 411061 355689      984.9139   549     1552.0000      898.3168 96581581   42.12%
 413210 357639     1041.8453   498     1552.0000      898.3168 97082029   42.12%
 413532 357926     1124.6292   390     1552.0000      898.7519 97166984   42.09%
                                                  ZeroHalf: 1                  
 415134 359379     1282.6667   294     1552.0000      898.7519 97532832   42.09%
 416414 360538     1230.9974   445     1552.0000      898.7519 97831102   42.09%
 417694 361682     1219.3796   402     1552.0000      898.7519 98114823   42.09%
 419710 363463     1134.3466   405     1552.0000      898.7519 98616941   42.09%
 419798 363549     1034.1699   560     1552.0000      899.2478 98649922   42.06%
                                                  Impl Bds: 2                  
 420886 364528      912.8822   583     1552.0000      899.2478 98912683   42.06%
Elapsed time = 6892.62 sec. (1556517.91 ticks, tree = 70102.20 MB, solutions = 65)
Nodefile size = 69936.61 MB (51101.47 MB after compression)
 421782 365348     1238.7481   427     1552.0000      899.2478 99114957   42.06%
 422710 366189     1114.5037   427     1552.0000      899.2478 99346521   42.06%
 423924 367267     1181.1563   458     1552.0000      899.2478 99639545   42.06%
 425068 368293      945.7716   547     1552.0000      899.6024 99917119   42.04%
 426429 369512     1255.3000   384     1552.0000      899.6024 1.00e+08   42.04%
 427517 370495     1009.8082   539     1552.0000      899.6024 1.01e+08   42.04%
 428349 371257     1261.5881   466     1552.0000      899.6024 1.01e+08   42.04%
 430556 373236     1324.1780   412     1552.0000      900.0322 1.01e+08   42.01%
 431932 374462     1295.0556   450     1552.0000      900.0322 1.02e+08   42.01%
 433564 375931      936.1437   507     1552.0000      900.0322 1.02e+08   42.01%
Elapsed time = 7093.26 sec. (1597063.56 ticks, tree = 72136.41 MB, solutions = 65)
Nodefile size = 71959.56 MB (52572.56 MB after compression)
 434396 376681     1198.7347   428     1552.0000      900.0322 1.02e+08   42.01%
 435636 377782     1109.7561   475     1552.0000      900.0322 1.02e+08   42.01%
 436850 378863      958.9971   767     1552.0000      900.5339 1.03e+08   41.98%
 436978 378989     1014.8308   783     1552.0000      900.5339 1.03e+08   41.98%
 437138 379127     1065.0147   658     1552.0000      900.5339 1.03e+08   41.98%
 437475 379434     1056.5039   784     1552.0000      900.5339 1.03e+08   41.98%
 442791 384217     1121.5833   438     1552.0000      900.6489 1.04e+08   41.97%
 442989 384408     1152.4805   691     1552.0000      900.6489 1.04e+08   41.97%
 443085 384493     1208.0404   790     1552.0000      900.6489 1.04e+08   41.97%
 443277 384663     1351.7089   600     1552.0000      900.6489 1.04e+08   41.97%
Elapsed time = 7281.97 sec. (1639706.11 ticks, tree = 74396.43 MB, solutions = 65)
Nodefile size = 74235.38 MB (54229.65 MB after compression)
 448206 389072     1267.9572   357     1552.0000      900.8517 1.05e+08   41.96%
 449402 390146     1072.5156   479     1552.0000      900.8517 1.06e+08   41.96%
 450586 391189     1037.3187   523     1552.0000      900.8517 1.06e+08   41.96%
 451898 392372     1026.0992   463     1552.0000      900.8517 1.06e+08   41.96%
 454343 394560      987.9871   496     1552.0000      900.8517 1.07e+08   41.96%
 454443 394651     1106.6622   460     1552.0000      901.7943 1.07e+08   41.89%
                                                    Covers: 1                  
 455877 395941     1021.4084   510     1552.0000      901.7943 1.07e+08   41.89%
 457221 397160     1508.7609   261     1552.0000      901.7943 1.08e+08   41.89%
 458683 398483     1202.4389   393     1552.0000      901.7943 1.08e+08   41.89%
 460821 400387     1233.9653   457     1552.0000      901.7943 1.08e+08   41.89%
Elapsed time = 7476.21 sec. (1680679.93 ticks, tree = 76585.00 MB, solutions = 65)
Nodefile size = 76384.84 MB (55801.21 MB after compression)
 461068 400607      935.0505   518     1552.0000      902.2345 1.09e+08   41.87%
 462540 401945     1001.8553   579     1552.0000      902.2345 1.09e+08   41.87%
 463499 402810     1133.1463   464     1552.0000      902.2345 1.09e+08   41.87%
 465100 404258     1099.5716   496     1552.0000      902.2345 1.09e+08   41.87%
 466391 405405     1225.4625   379     1552.0000      902.2345 1.10e+08   41.87%
 467207 406139     1474.7252   418     1552.0000      902.6091 1.10e+08   41.84%
 467879 406758     1084.7111   476     1552.0000      902.6091 1.10e+08   41.84%
 468967 407720      987.7635   502     1552.0000      902.6091 1.10e+08   41.84%
 469959 408621     1469.4444   307     1552.0000      902.6091 1.11e+08   41.84%
 471343 409850      968.7558   665     1552.0000      902.6091 1.11e+08   41.84%
Elapsed time = 7657.10 sec. (1720092.39 ticks, tree = 78932.19 MB, solutions = 65)
Nodefile size = 78748.57 MB (57526.78 MB after compression)
 472017 410464     1002.4913   680     1552.0000      902.9199 1.11e+08   41.82%
 472113 410554     1064.7100   545     1552.0000      902.9199 1.11e+08   41.82%
 472849 411196      992.2062   552     1552.0000      902.9199 1.11e+08   41.82%
 476059 414072     1049.5051   503     1552.0000      902.9199 1.12e+08   41.82%
 477535 415371     1397.3719   388     1552.0000      903.3838 1.13e+08   41.79%
                                                    Covers: 1                  
 478975 416663      918.2416   581     1552.0000      903.3838 1.13e+08   41.79%
 480319 417876      993.2214   575     1552.0000      903.3838 1.13e+08   41.79%
 481503 418958     1002.7946   536     1552.0000      903.3838 1.13e+08   41.79%
 483529 420758      929.8570   442     1552.0000      903.3838 1.14e+08   41.79%
 484021 421202     1132.7342   488     1552.0000      903.7478 1.14e+08   41.77%
                                                    Covers: 1                  
Elapsed time = 7857.86 sec. (1760412.81 ticks, tree = 82035.01 MB, solutions = 65)
Nodefile size = 81875.07 MB (59788.69 MB after compression)
 485365 422411     1113.3975   381     1552.0000      903.7478 1.14e+08   41.77%
 486272 423221     1499.8517   238     1552.0000      903.7478 1.15e+08   41.77%
 488893 425570     1066.9015   460     1552.0000      903.7478 1.15e+08   41.77%
 490085 426661     1199.4422   464     1552.0000      904.0527 1.16e+08   41.75%
                                                  ZeroHalf: 1                  
 490501 427033     1339.5167   470     1552.0000      904.0527 1.16e+08   41.75%
 491174 427631     1256.2566   483     1552.0000      904.0527 1.16e+08   41.75%
 491296 427734     1090.6540   516     1552.0000      904.0527 1.16e+08   41.75%
 494597 430665     1205.8286   450     1552.0000      904.4000 1.17e+08   41.73%
 495343 431353     1172.3919   398     1552.0000      904.4000 1.17e+08   41.73%
 496607 432486     1139.2004   460     1552.0000      904.4000 1.17e+08   41.73%
Elapsed time = 8070.85 sec. (1803816.47 ticks, tree = 83375.76 MB, solutions = 65)
Nodefile size = 83207.70 MB (60749.29 MB after compression)
 497951 433690     1444.0667   278     1552.0000      904.4000 1.18e+08   41.73%
 499205 434813      931.1011   495     1552.0000      904.4000 1.18e+08   41.73%
 500969 436359     1080.7478   473     1552.0000      904.8065 1.18e+08   41.70%
 502693 437941        cutoff           1552.0000      904.8065 1.19e+08   41.70%
 504051 439181     1202.9339   502     1552.0000      904.8065 1.19e+08   41.70%
 505395 440393     1049.5183   389     1552.0000      904.8065 1.19e+08   41.70%
 506999 441785      985.7590   575     1552.0000      904.8065 1.20e+08   41.70%
 507372 442133     1071.4185   442     1552.0000      905.2144 1.20e+08   41.67%
                                                  ZeroHalf: 1                  
 507918 442625     1382.1439   450     1552.0000      905.2144 1.20e+08   41.67%
 513202 447400     1546.9167   144     1552.0000      905.2388 1.21e+08   41.67%
Elapsed time = 8306.65 sec. (1853314.96 ticks, tree = 86827.78 MB, solutions = 65)
Nodefile size = 86671.51 MB (63280.46 MB after compression)
 513454 447621     1066.7306   565     1552.0000      905.2388 1.21e+08   41.67%
 514070 448181     1008.2360   465     1552.0000      905.2388 1.22e+08   41.67%
 515126 449117      980.6292   491     1552.0000      905.2388 1.22e+08   41.67%
 517647 451362     1205.4649   377     1552.0000      905.8164 1.22e+08   41.64%
 517770 451481     1120.6852   727     1552.0000      905.8164 1.22e+08   41.64%
 517834 451541     1142.9599   718     1552.0000      905.8164 1.22e+08   41.64%
 517994 451693     1197.1148   603     1552.0000      905.8164 1.22e+08   41.64%
 523464 456616      984.4995   580     1552.0000      905.8164 1.24e+08   41.64%
 524185 457258     1163.5423   464     1552.0000      906.0007 1.24e+08   41.62%
 525433 458373     1140.3295   450     1552.0000      906.0007 1.24e+08   41.62%
Elapsed time = 8520.39 sec. (1895547.64 ticks, tree = 88812.22 MB, solutions = 65)
Nodefile size = 88644.90 MB (64720.34 MB after compression)
 527033 459804        cutoff           1552.0000      906.0007 1.25e+08   41.62%
 528153 460799     1488.7653   358     1552.0000      906.0007 1.25e+08   41.62%
 530272 462705      921.5257   521     1552.0000      906.5868 1.25e+08   41.59%
 531616 463926      940.1518   505     1552.0000      906.5868 1.26e+08   41.59%
 532928 465095     1017.9939   423     1552.0000      906.5868 1.26e+08   41.59%
 534176 466218     1468.7202   362     1552.0000      906.5868 1.26e+08   41.59%
 535416 467316     1490.8168   390     1552.0000      906.5868 1.27e+08   41.59%
 536746 468494      977.1928   521     1552.0000      906.9146 1.27e+08   41.56%
 536927 468657     1049.8438   643     1552.0000      906.9146 1.27e+08   41.56%
 537055 468775     1092.5741   691     1552.0000      906.9146 1.27e+08   41.56%
Elapsed time = 8702.14 sec. (1938849.22 ticks, tree = 91198.37 MB, solutions = 65)
Nodefile size = 91040.00 MB (66460.67 MB after compression)
 537183 468903     1174.9829   683     1552.0000      906.9146 1.27e+08   41.56%
 542848 473974     1352.6000   284     1552.0000      907.0238 1.28e+08   41.56%
 543029 474149     1253.5077   691     1552.0000      907.0238 1.28e+08   41.56%
 543349 474439     1354.0385   554     1552.0000      907.0238 1.28e+08   41.56%
 543893 474916      988.5541   483     1552.0000      907.0238 1.29e+08   41.56%
 548551 479096     1324.3697   340     1552.0000      907.4443 1.30e+08   41.53%
                                                  Impl Bds: 2                  
 549307 479806     1438.0500   454     1552.0000      907.4443 1.30e+08   41.53%
 550875 481205      921.9621   527     1552.0000      907.4443 1.30e+08   41.53%
 552475 482654     1016.7118   446     1552.0000      907.4443 1.31e+08   41.53%
 554545 484526      947.1839   519     1552.0000      907.4443 1.31e+08   41.53%
Elapsed time = 8931.93 sec. (1982633.89 ticks, tree = 93444.48 MB, solutions = 65)
Nodefile size = 93248.22 MB (68071.12 MB after compression)
 555088 485012     1018.6787   531     1552.0000      907.8713 1.31e+08   41.50%
 555856 485702     1254.0395   394     1552.0000      907.8713 1.31e+08   41.50%
 557136 486849     1091.3686   458     1552.0000      907.8713 1.32e+08   41.50%
 558224 487823     1061.5095   469     1552.0000      907.8713 1.32e+08   41.50%
 559516 488968     1147.9069   432     1552.0000      907.8713 1.32e+08   41.50%
 560793 490130      965.4446   514     1552.0000      908.1450 1.32e+08   41.49%
 562000 491193     1548.8000   459     1552.0000      908.1450 1.33e+08   41.49%
 562314 491466     1118.9070   673     1552.0000      908.1450 1.33e+08   41.49%
 565929 494716     1472.9181   439     1552.0000      908.1450 1.34e+08   41.49%
 566320 495053     1001.2003   451     1552.0000      908.3056 1.34e+08   41.48%
                                                  Impl Bds: 1                  
Elapsed time = 9120.04 sec. (2023778.94 ticks, tree = 96702.64 MB, solutions = 65)
Nodefile size = 96547.16 MB (70466.86 MB after compression)
 566497 495222     1270.9811   658     1552.0000      908.3056 1.34e+08   41.48%
 566625 495340     1434.0000   449     1552.0000      908.3056 1.34e+08   41.48%
 567169 495836     1112.9845   491     1552.0000      908.3056 1.34e+08   41.48%
 571830 500017     1004.7295   560     1552.0000      908.3056 1.35e+08   41.48%
 572223 500362     1011.6258   843     1552.0000      908.6695 1.35e+08   41.45%
                                                      Cuts: 4                  
 572383 500513     1059.4046   767     1552.0000      908.6695 1.35e+08   41.45%
 572576 500682     1263.7895   587     1552.0000      908.6695 1.35e+08   41.45%
 572736 500829     1432.1310   535     1552.0000      908.6695 1.35e+08   41.45%
 577450 505024     1036.4440   479     1552.0000      908.8761 1.36e+08   41.44%
 578457 505931     1352.7021   469     1552.0000      908.8761 1.37e+08   41.44%
Elapsed time = 9340.23 sec. (2065222.74 ticks, tree = 98779.39 MB, solutions = 65)
Nodefile size = 98617.17 MB (71976.15 MB after compression)
 579706 507056     1207.3750   424     1552.0000      908.8761 1.37e+08   41.44%
 581515 508688     1484.2500   280     1552.0000      908.8761 1.37e+08   41.44%
 583095 510087     1282.6760   412     1552.0000      908.8761 1.38e+08   41.44%
 583733 510638     1474.8500   330     1552.0000      909.3589 1.38e+08   41.41%
                                                  ZeroHalf: 1                  
 584693 511506     1275.4036   426     1552.0000      909.3589 1.38e+08   41.41%
 585909 512594     1226.6342   436     1552.0000      909.3589 1.39e+08   41.41%
 587253 513817     1263.5729   416     1552.0000      909.3589 1.39e+08   41.41%
 588597 514998     1447.1667   280     1552.0000      909.3589 1.39e+08   41.41%
 590282 516518      973.7716   478     1552.0000      909.7452 1.40e+08   41.38%
 591466 517576     1287.2250   342     1552.0000      909.7452 1.40e+08   41.38%
Elapsed time = 9521.44 sec. (2103595.25 ticks, tree = 101136.80 MB, solutions = 65)
Nodefile size = 100976.29 MB (73694.14 MB after compression)
 592859 518828      979.6111   635     1552.0000      909.7452 1.40e+08   41.38%
 593951 519800     1173.9885   422     1552.0000      909.7452 1.40e+08   41.38%
 595639 521335     1502.8566   469     1552.0000      909.7452 1.41e+08   41.38%
 596591 522164        cutoff           1552.0000      910.0682 1.41e+08   41.36%
 596819 522390     1169.6661   512     1552.0000      910.0682 1.41e+08   41.36%
 597107 522646     1222.2619   389     1552.0000      910.0682 1.41e+08   41.36%
 598223 523644     1115.4284   469     1552.0000      910.0682 1.41e+08   41.36%
 600247 525470     1102.7885   399     1552.0000      910.0682 1.42e+08   41.36%
 601201 526339     1111.3713   574     1552.0000      910.2135 1.42e+08   41.35%
 602161 527215     1501.8000   327     1552.0000      910.2135 1.43e+08   41.35%
Elapsed time = 9711.55 sec. (2146719.25 ticks, tree = 102354.00 MB, solutions = 65)
Nodefile size = 102195.96 MB (74576.35 MB after compression)
 604049 528897      935.4521   503     1552.0000      910.2135 1.43e+08   41.35%
 606074 530708     1215.0801   466     1552.0000      910.2135 1.44e+08   41.35%
 607069 531594      934.1414   528     1552.0000      910.5727 1.44e+08   41.33%
 608162 532589     1072.7268   437     1552.0000      910.5727 1.44e+08   41.33%
 609346 533651        cutoff           1552.0000      910.5727 1.44e+08   41.33%
 609928 534165     1053.1631   474     1552.0000      910.5727 1.44e+08   41.33%
 611705 535732     1123.8499   483     1552.0000      910.8750 1.45e+08   41.31%
 611710 535737      957.9682   568     1552.0000      910.8750 1.45e+08   41.31%
 612926 536844      929.7174   514     1552.0000      910.8750 1.45e+08   41.31%
 613558 537415     1266.0000   418     1552.0000      910.8750 1.45e+08   41.31%
Elapsed time = 9873.50 sec. (2187269.03 ticks, tree = 104299.82 MB, solutions = 65)
Nodefile size = 104137.53 MB (75981.49 MB after compression)
 614467 538246     1086.8627   455     1552.0000      910.8750 1.46e+08   41.31%
 616781 540313     1106.5123   480     1552.0000      911.0598 1.46e+08   41.30%
 617067 540565     1416.6875   412     1552.0000      911.0598 1.46e+08   41.30%
 618355 541711     1014.9531   495     1552.0000      911.0598 1.46e+08   41.30%
 619153 542427      978.7051   544     1552.0000      911.0598 1.47e+08   41.30%
 620427 543568     1538.8095   380     1552.0000      911.0598 1.47e+08   41.30%
 620461 543592     1436.3008   358     1552.0000      911.0598 1.47e+08   41.30%
 620808 543922     1414.9257   341     1552.0000      911.0598 1.47e+08   41.30%
 621252 544324     1516.4383   377     1552.0000      911.0598 1.47e+08   41.30%
 624402 547152     1145.7067   426     1552.0000      911.2165 1.48e+08   41.29%
                                                  Impl Bds: 2                  
Elapsed time = 10196.66 sec. (2331923.98 ticks, tree = 106636.31 MB, solutions = 65)
Nodefile size = 106486.46 MB (77693.27 MB after compression)
 624509 547251     1482.6444   297     1552.0000      911.2165 1.48e+08   41.29%
 624521 547263     1238.0041   449     1552.0000      911.2165 1.48e+08   41.29%
 625387 548051     1041.3929   438     1552.0000      911.2165 1.48e+08   41.29%
 628556 550877     1021.1480   448     1552.0000      911.4051 1.49e+08   41.28%
                                                  Impl Bds: 2                  
 629068 551337      946.1230   532     1552.0000      911.4051 1.49e+08   41.28%
 629764 551975     1065.4948   479     1552.0000      911.4051 1.49e+08   41.28%
 632141 554125     1240.5000   328     1552.0000      911.5441 1.50e+08   41.27%
 632231 554202     1260.4290   457     1552.0000      911.5441 1.50e+08   41.27%
 635923 557494     1449.2500   223     1552.0000      911.6258 1.51e+08   41.26%
 636365 557890     1025.5808   529     1552.0000      911.6258 1.51e+08   41.26%
Elapsed time = 10596.10 sec. (2531660.67 ticks, tree = 108767.19 MB, solutions = 65)
Nodefile size = 108616.15 MB (79244.64 MB after compression)
 638301 559631     1020.0476   371     1552.0000      911.6258 1.51e+08   41.26%
 640165 561307     1172.5662   473     1552.0000      911.6258 1.52e+08   41.26%
                                                  Impl Bds: 1                  
 641541 562533     1185.9722   412     1552.0000      911.6258 1.52e+08   41.26%
 642993 563820     1129.2708   385     1552.0000      911.6258 1.52e+08   41.26%
 644361 565031     1116.1818   403     1552.0000      911.6258 1.53e+08   41.26%
 645860 566381     1023.4864   466     1552.0000      912.4802 1.53e+08   41.21%
                                                    Covers: 1                  
 647556 567910     1108.3083   442     1552.0000      912.4802 1.53e+08   41.21%
 648807 569034     1283.5000   315     1552.0000      912.4802 1.54e+08   41.21%
 650350 570423      953.3884   547     1552.0000      912.4802 1.54e+08   41.21%
 651859 571751     1177.1769   492     1552.0000      912.4802 1.54e+08   41.21%
Elapsed time = 10800.01 sec. (2584359.66 ticks, tree = 110631.15 MB, solutions = 65)
Nodefile size = 110446.64 MB (80578.51 MB after compression)

Cover cuts applied:  26
Implied bound cuts applied:  30
Zero-half cuts applied:  309
Gomory fractional cuts applied:  6

Root node processing (before b&c):
  Real time             =   35.42 sec. (20859.72 ticks)
Parallel b&c, 32 threads:
  Real time             = 10798.44 sec. (2563917.12 ticks)
  Sync time (average)   =    0.50 sec.
  Wait time (average)   =    0.00 sec.
                          ------------
Total (root+branch&cut) = 10833.87 sec. (2584776.85 ticks)


Solution status: Feasible
Execution time: 10834.8 sec
Gap: 0.41187
