Mon Jul 16 22:06:25 2018

Tried aggregator 2 times.
MIP Presolve eliminated 7662 rows and 109 columns.
Aggregator did 306 substitutions.
Reduced MIP has 8166 rows, 2580 columns, and 31188 nonzeros.
Reduced MIP has 2580 binaries, 0 generals, 0 SOSs, and 0 indicators.
Presolve time = 0.06 sec. (42.16 ticks)
Probing time = 0.01 sec. (1.73 ticks)
Tried aggregator 1 time.
Presolve time = 0.04 sec. (13.73 ticks)
Probing time = 0.01 sec. (1.73 ticks)
Clique table members: 12072.
MIP emphasis: balance optimality and feasibility.
MIP search method: dynamic search.
Parallel mode: deterministic, using up to 32 threads.
Root relaxation solution time = 0.93 sec. (82.87 ticks)

        Nodes                                         Cuts/
   Node  Left     Objective  IInf  Best Integer    Best Bound    ItCnt     Gap

      0     0      608.0000   247                    608.0000      806         
      0     0      616.0000   233                    Cuts: 21     1052         
      0     0      656.7197   365                    Cuts: 87     1565         
      0     0      663.8008   349                ZeroHalf: 43     1932         
      0     0      669.1500   347                    Cuts: 40     2159         
      0     0      670.6525   392                    Cuts: 28     2242         
      0     0      676.0400   335                    Cuts: 21     2486         
      0     0      680.1111   336                    Cuts: 47     2591         
      0     0      681.5331   384                    Cuts: 39     2882         
      0     0      683.8121   390                    Cuts: 25     3063         
      0     0      683.9412   373                    Cuts: 20     3270         
      0     0      684.5282   388                    Cuts: 36     3450         
      0     0      684.9881   383                    Cuts: 43     3627         
      0     0      685.3822   385                    Cuts: 20     3778         
      0     0      685.4830   392                    Cuts: 34     3906         
      0     0      685.4846   388                    Cuts: 18     4011         
      0     0      685.5977   390                    Cuts: 22     4189         
      0     0      685.6465   385                    Cuts: 28     4244         
*     0+    0                         1784.0000      685.6465     4244   61.57%
Found incumbent of value 1784.000000 after 5.02 sec. (2655.20 ticks)
*     0+    0                         1335.0000      685.6465     4244   48.64%
Found incumbent of value 1335.000000 after 5.28 sec. (2839.75 ticks)
      0     2      685.6465   385     1335.0000      685.6465     4244   48.64%
Elapsed time = 5.39 sec. (2880.49 ticks, tree = 0.01 MB, solutions = 2)
      3     5      690.0106   437     1335.0000      687.0781     7452   48.53%
      6     8      694.8063   442     1335.0000      687.0781    11360   48.53%
     10    12      697.1057   416     1335.0000      690.4148    14972   48.28%
                                                  Impl Bds: 5                  
*    15+   15                         1317.0000      690.4148    16541   47.58%
Found incumbent of value 1317.000000 after 9.17 sec. (4521.92 ticks)
*    30+   30                         1313.0000      692.3318    21004   47.27%
                                                 Impl Bds: 10                  
Found incumbent of value 1313.000000 after 9.78 sec. (5438.14 ticks)
     31    33      739.4167   239     1313.0000      692.3318    21286   47.27%
*    59+   59                         1305.0000      692.7283    33398   46.92%
                                                 Impl Bds: 12                  
Found incumbent of value 1305.000000 after 10.72 sec. (5698.10 ticks)
*    62+   62                         1282.0000      692.7283    33677   45.97%
Found incumbent of value 1282.000000 after 10.72 sec. (5633.72 ticks)
*    63+   63                         1248.0000      692.7283    33746   44.49%
Found incumbent of value 1248.000000 after 10.72 sec. (5708.05 ticks)
     67    69      765.4167   286     1248.0000      692.7283    34743   44.49%
*   107+  107                         1234.0000      692.7283    47268   43.86%
                                                  Impl Bds: 7                  
Found incumbent of value 1234.000000 after 11.56 sec. (5940.18 ticks)
*   108+  108                         1231.0000      692.7283    47282   43.73%
Found incumbent of value 1231.000000 after 11.56 sec. (5833.26 ticks)
*   110+  110                         1230.0000      692.7283    47472   43.68%
Found incumbent of value 1230.000000 after 11.56 sec. (5960.98 ticks)
    116   118      762.5571   313     1230.0000      692.7283    51119   43.68%
    277   279      774.0000   169     1230.0000      692.7283    98755   43.68%
    589   591      781.3472   290     1230.0000      692.7283   178929   43.68%
                                                     Cuts: 28                  
    627   629      870.6875   268     1230.0000      692.7283   193037   43.68%
   2018  1959     1122.3333   114     1230.0000      692.7283   456585   43.68%
                                                  Impl Bds: 2                  
Elapsed time = 19.19 sec. (9236.96 ticks, tree = 0.15 MB, solutions = 11)
   2901  2729      749.5000   219     1230.0000      696.9890   624780   43.33%
                                                     Cuts: 56                  
   3272  3087      916.3578   249     1230.0000      696.9890   699944   43.33%
   4613  4338      756.8571   409     1230.0000      696.9890   881653   43.33%
*  4723+ 4417                         1070.0000      696.9890   890756   34.86%
Found incumbent of value 1070.000000 after 25.40 sec. (11171.24 ticks)
   5465  3986      914.9653   312     1070.0000      696.9890   976717   34.86%
                                                     Cuts: 33                  
   6457  4879      793.8514   284     1070.0000      696.9890  1092887   34.86%
   8378  6647      708.7527   418     1070.0000      708.7527  1301119   33.76%
   8381  6648      711.2857   325     1070.0000      710.0000  1304084   33.64%
   8392  6652      755.9697   292     1070.0000      711.4286  1311190   33.51%
                                                 ZeroHalf: 13                  
   8400  6656      713.6667   245     1070.0000      711.4286  1316399   33.51%
                                                  ZeroHalf: 5                  
*  8410+ 4449                         1064.0000      711.4286  1318312   33.14%
Found incumbent of value 1064.000000 after 47.42 sec. (25548.34 ticks)
   8430  4459      799.7273   312     1064.0000      711.4286  1328413   33.14%
                                                 ZeroHalf: 17                  
Elapsed time = 49.33 sec. (26545.40 ticks, tree = 52.57 MB, solutions = 14)
*  8435+ 2993                         1035.0000      711.4286  1331616   31.26%
Found incumbent of value 1035.000000 after 49.33 sec. (26024.39 ticks)
*  8464+ 2035                         1023.0000      711.4286  1338410   30.46%
Found incumbent of value 1023.000000 after 50.80 sec. (27064.48 ticks)
   8650  2140      759.7500   229     1023.0000      711.4286  1358183   30.46%
   9883  2858      886.0000   173     1023.0000      711.4286  1457782   30.46%
                                                      Cuts: 5                  
  11295  3586      771.5000   277     1023.0000      711.4286  1539463   30.46%
                                                     Cuts: 24                  
  11667  3714      726.3916   371     1023.0000      711.4286  1607354   30.46%
                                                      Cuts: 4                  
  12375  4072      845.4328   288     1023.0000      711.4286  1696339   30.46%
  13602  4979      937.6000   256     1023.0000      711.4286  1833503   30.46%
                                                     Cuts: 13                  
  14675  5958      872.9886   347     1023.0000      711.4286  1929872   30.46%
  15897  7022      769.0091   359     1023.0000      723.9800  2056108   29.23%
                                                     Cuts: 36                  
  16186  7282      768.2604   325     1023.0000      723.9800  2087590   29.23%
  16506  7564      862.4698   344     1023.0000      723.9800  2121217   29.23%
Elapsed time = 81.97 sec. (36538.20 ticks, tree = 155.52 MB, solutions = 17)
Nodefile size = 11.98 MB (8.71 MB after compression)
  17367  8328      859.7619   315     1023.0000      724.4020  2199954   29.19%
                                                     Cuts: 11                  
  18371  9260      942.0773   246     1023.0000      724.4020  2286424   29.19%
  19671 10439      988.3925   243     1023.0000      724.4020  2397823   29.19%
  20279 10977      844.4444   274     1023.0000      724.4020  2452112   29.19%
* 22258 12753      integral     0     1020.0000      724.4020  2609057   28.98%
Found incumbent of value 1020.000000 after 92.03 sec. (40434.17 ticks)
* 22508 12964      integral     0     1014.0000      724.4020  2631696   28.56%
Found incumbent of value 1014.000000 after 92.03 sec. (40434.17 ticks)
  22932 13127      862.5714   239     1014.0000      738.8602  2665233   27.13%
                                                 ZeroHalf: 26                  
  24416 14455        cutoff           1014.0000      738.8602  2821180   27.13%
  25702 15600      936.6852   302     1014.0000      738.8602  2952702   27.13%
  27998 17625      788.8750   258     1014.0000      738.8602  3183710   27.13%
Elapsed time = 105.40 sec. (44607.76 ticks, tree = 623.22 MB, solutions = 19)
Nodefile size = 474.97 MB (360.60 MB after compression)
  28311 17904      986.9636   194     1014.0000      751.7500  3210845   25.86%
  29087 18571      813.9167   229     1014.0000      751.7500  3297280   25.86%
  29901 19254      827.8429   290     1014.0000      751.7500  3389616   25.86%
  30514 19766      787.1667   245     1014.0000      751.7500  3457604   25.86%
  31533 20670      846.7500   208     1014.0000      757.0259  3556690   25.34%
                                                  ZeroHalf: 2                  
  32173 21246      817.7778   248     1014.0000      757.0259  3677004   25.34%
  33355 22296      902.5536   288     1014.0000      757.0259  3818174   25.34%
  34635 23432      895.2500   199     1014.0000      757.0259  3952922   25.34%
  36769 25267      914.6190   235     1014.0000      760.7273  4168698   24.98%
                                                  ZeroHalf: 2                  
  37985 26307      810.4082   295     1014.0000      760.7273  4290749   24.98%
Elapsed time = 141.26 sec. (56192.55 ticks, tree = 1554.95 MB, solutions = 19)
Nodefile size = 1407.41 MB (1053.98 MB after compression)
  39054 27239      905.8030   419     1014.0000      760.7273  4399169   24.98%
* 40563 28517      integral     0     1007.0000      760.7273  4541625   24.46%
Found incumbent of value 1007.000000 after 146.58 sec. (57353.12 ticks)
  40624 28573      921.0000   174     1007.0000      760.7273  4548239   24.46%
  41589 29211      938.2500   159     1007.0000      763.2500  4634670   24.21%
                                                  ZeroHalf: 3                  
* 42047+29636                          992.0000      763.2500  4685338   23.06%
Found incumbent of value 992.000000 after 152.95 sec. (59127.66 ticks)
  42628 30132      912.1722   271      992.0000      763.2500  4746157   23.06%
  44532 31759      993.5556   254      992.0000      763.2500  4934610   23.06%
  44917 32087      859.0000   230      992.0000      763.2500  4986896   23.06%
  46932 32833      935.1193   197      992.0000      765.5000  5202471   22.83%
  48062 33803      916.1667   264      992.0000      765.5000  5312720   22.83%
  49291 34858      887.1111   209      992.0000      765.5000  5418467   22.83%
Elapsed time = 169.49 sec. (66066.42 ticks, tree = 2001.88 MB, solutions = 20)
Nodefile size = 1852.74 MB (1379.36 MB after compression)
  50110 35569      913.4444   281      992.0000      765.5000  5496031   22.83%
  52383 37472      806.8120   296      992.0000      767.8203  5695524   22.60%
                                                  ZeroHalf: 5                  
  53311 38283      813.4000   233      992.0000      767.8203  5782916   22.60%
  54399 39189      902.6667   244      992.0000      767.8203  5891715   22.60%
  55419 40050      811.7188   230      992.0000      767.8203  5989807   22.60%
  57005 41362      835.4283   304      992.0000      770.6094  6147431   22.32%
                                                  ZeroHalf: 3                  
  58425 42565      839.9500   331      992.0000      770.6094  6301536   22.32%
  59673 43618      914.3333   129      992.0000      770.6094  6417625   22.32%
  61260 44944      907.3333   221      992.0000      770.6094  6581532   22.32%
* 62784+46226                          974.0000      772.7778  6734619   20.66%
                                                  ZeroHalf: 3                  
Found incumbent of value 974.000000 after 214.02 sec. (79896.79 ticks)
* 62784+46226                          969.0000      772.7778  6734619   20.25%
Found incumbent of value 969.000000 after 214.06 sec. (79912.61 ticks)
* 62784+46226                          966.0000      772.7778  6734619   20.00%
Found incumbent of value 966.000000 after 214.18 sec. (79955.20 ticks)
* 62784+46226                          938.0000      772.7778  6734619   17.61%
Found incumbent of value 938.000000 after 214.50 sec. (80058.00 ticks)
  62784 46225        cutoff            938.0000      772.7778  6734619   17.61%
Elapsed time = 215.04 sec. (80233.45 ticks, tree = 3819.77 MB, solutions = 25)
Nodefile size = 3692.61 MB (2725.50 MB after compression)
* 62792+46230                          933.0000      772.7778  6735681   17.17%
Found incumbent of value 933.000000 after 215.65 sec. (77845.89 ticks)
  63439 34499      817.6484   356      933.0000      772.7778  6821551   17.17%
  64395 35236      830.7262   290      933.0000      772.7778  6932788   17.17%
  65803 36361      873.7083   250      933.0000      772.7778  7092197   17.17%
  67610 37748      813.3590   256      933.0000      772.7778  7284781   17.17%
  68364 38304      809.7926   284      933.0000      775.5000  7365322   16.88%
                                                  ZeroHalf: 3                  
  69606 39261      865.4752   307      933.0000      775.5000  7499390   16.88%
  70439 39907      831.1250   241      933.0000      775.5000  7591008   16.88%
  71527 40698      861.7500   197      933.0000      775.5000  7719402   16.88%
  72646 41508      857.1420   299      933.0000      778.1025  7844689   16.60%
                                                      Cuts: 4                  
  73894 42468      836.5461   282      933.0000      778.1025  7999349   16.60%
Elapsed time = 247.57 sec. (90423.79 ticks, tree = 2931.54 MB, solutions = 84)
Nodefile size = 2794.20 MB (2057.82 MB after compression)
  75110 43395      930.6667   174      933.0000      778.1025  8154811   16.60%
  76316 44309      836.0474   267      933.0000      778.1025  8304314   16.60%
  77828 45454        cutoff            933.0000      780.1270  8463401   16.39%
                                                      Cuts: 2                  
  78585 46024      881.5833   322      933.0000      780.1270  8556272   16.39%
  79449 46681      816.3333   230      933.0000      780.1270  8646875   16.39%
  80418 47417      836.2444   284      933.0000      780.1270  8755417   16.39%
  81643 48331      868.7800   280      933.0000      780.1270  8881819   16.39%
  82073 48666      790.5909   303      933.0000      781.7046  8932901   16.22%
  83490 49723      849.1071   277      933.0000      781.7046  9093397   16.22%
  84322 50339      890.6250   260      933.0000      781.7046  9180852   16.22%
Elapsed time = 276.44 sec. (100632.78 ticks, tree = 3418.19 MB, solutions = 84)
Nodefile size = 3276.74 MB (2408.84 MB after compression)
  85762 51403      788.8429   360      933.0000      781.7046  9334517   16.22%
  87373 52592      857.3786   285      933.0000      783.4959  9514238   16.02%
                                                    Covers: 2                  
  88525 53455      833.3111   307      933.0000      783.4959  9647739   16.02%
  89357 54067      833.6667   175      933.0000      783.4959  9739233   16.02%
  90445 54872      915.7667   207      933.0000      783.4959  9858537   16.02%
  91239 55434      850.8324   321      933.0000      783.4959  9948268   16.02%
  91460 55609      925.8333   263      933.0000      785.0000  9973107   15.86%
                                                     Cuts: 10                  
  92612 56458      806.3796   394      933.0000      785.0000 10105976   15.86%
  93668 57231      816.5000   222      933.0000      785.0000 10226991   15.86%
  98485 60816      877.2250   227      933.0000      786.5000 10742175   15.70%
Elapsed time = 317.32 sec. (114245.25 ticks, tree = 4446.82 MB, solutions = 84)
Nodefile size = 4306.48 MB (3159.29 MB after compression)
 102927 64177      902.1667   129      933.0000      788.2500 11191212   15.51%
                                                      Cuts: 2                  
 105755 66220      873.5833   217      933.0000      788.2500 11662553   15.51%
*106526+66788                          927.0000      788.7969 11758186   14.91%
                                                      Cuts: 2                  
Found incumbent of value 927.000000 after 341.45 sec. (122670.55 ticks)
 109045 68614      826.9722   258      927.0000      788.7969 12044867   14.91%
 113295 70265      815.0641   338      927.0000      790.3500 12485199   14.74%
                                                  ZeroHalf: 1                  
 117223 73034      820.8272   271      927.0000      791.5333 12898196   14.61%
                                                  ZeroHalf: 1                  
 120686 75548      890.7083   217      927.0000      792.7000 13277088   14.49%
 123389 77512      849.8542   376      927.0000      792.7000 13674550   14.49%
 127829 80673      823.7500   233      927.0000      793.4494 14214809   14.41%
                                                  ZeroHalf: 2                  
 132567 83975      844.3812   280      927.0000      794.7164 14734018   14.27%
 135870 86338        cutoff            927.0000      795.7828 15092586   14.16%
Elapsed time = 433.55 sec. (153033.65 ticks, tree = 6484.62 MB, solutions = 85)
Nodefile size = 6342.13 MB (4577.39 MB after compression)
 140115 89379      926.0000   156      927.0000      796.7143 15509394   14.05%
                                                    Covers: 1                  
 145371 93217      865.1080   293      927.0000      796.7143 16019415   14.05%
 149530 96114      911.3333    86      927.0000      797.7500 16451021   13.94%
 152744 98362      869.0000   196      927.0000      798.7292 16814485   13.84%
 157194 101542      818.7788   292      927.0000      799.4545 17360561   13.76%
                                                  Impl Bds: 2                  
 161174 104237      872.0092   308      927.0000      800.3333 17794902   13.66%
                                                      Cuts: 5                  
 166827 108279      839.5000   192      927.0000      800.3333 18359830   13.66%
 170115 110616        cutoff            927.0000      801.2222 18686862   13.57%
 174041 113323      822.9074   230      927.0000      802.0000 19082670   13.48%
                                                      Cuts: 3                  
 178625 116598      813.1250   238      927.0000      802.9570 19516837   13.38%
                                                      Cuts: 5                  
Elapsed time = 551.00 sec. (191438.15 ticks, tree = 9307.42 MB, solutions = 85)
Nodefile size = 9167.43 MB (6555.38 MB after compression)
 182199 119021      875.7074   260      927.0000      802.9570 20020177   13.38%
 186880 122261      872.6111   211      927.0000      803.5000 20459511   13.32%
                                                      Cuts: 5                  
 190797 124999      867.2078   287      927.0000      804.1500 20841052   13.25%
 195523 128406      883.7500   248      927.0000      804.8148 21269216   13.18%
 200649 132026      851.3333   211      927.0000      805.5547 21748646   13.10%
                                                  Impl Bds: 1                  
 204292 134507      837.0000   166      927.0000      805.5547 22199977   13.10%
 209579 138234      874.7269   380      927.0000      805.9833 22684197   13.05%
                                                      Cuts: 3                  
 214584 141753      883.4167   140      927.0000      806.7895 23136528   12.97%
                                                      Cuts: 2                  
 218519 144554      900.3333   138      927.0000      807.4167 23486062   12.90%
 223384 147922      901.9190   300      927.0000      808.0000 23930850   12.84%
Elapsed time = 668.52 sec. (230574.44 ticks, tree = 11861.40 MB, solutions = 85)
Nodefile size = 11720.57 MB (8351.35 MB after compression)
 227064 150506      819.8030   313      927.0000      808.0000 24268668   12.84%
 230776 153201      883.0000   160      927.0000      808.5000 24642245   12.78%
 236462 157116      839.8810   193      927.0000      808.7917 25252834   12.75%
 241174 160362      880.5208   102      927.0000      809.5000 25664907   12.68%
 245497 163332      842.2570   271      927.0000      809.9268 26045890   12.63%
                                                  Impl Bds: 1                  
 252280 168077      833.2500   239      927.0000      809.9268 26623934   12.63%
 255224 170149      908.3333   219      927.0000      810.4881 26874562   12.57%
                                                  Impl Bds: 3                  
*255276+170185                          913.0000      810.4881 26878523   11.23%
Found incumbent of value 913.000000 after 749.54 sec. (255535.66 ticks)
 260130 165150      842.9113   277      913.0000      810.9444 27321035   11.18%
                                                  Impl Bds: 3                  
 265127 168420      813.8333   227      913.0000      811.5000 27759116   11.12%
                                                     Cuts: 10                  
 270305 171812      902.2222   223      913.0000      811.9500 28301162   11.07%
                                                  Impl Bds: 3                  
Elapsed time = 784.73 sec. (268848.44 ticks, tree = 13438.07 MB, solutions = 86)
Nodefile size = 13300.11 MB (9445.67 MB after compression)
 273767 174051      870.0000   253      913.0000      811.9500 28604940   11.07%
 278914 177251      907.0000   180      913.0000      812.4667 29056089   11.01%
 283481 180213      885.4722   231      913.0000      812.9333 29430772   10.96%
 288243 183284      871.2031   333      913.0000      813.4167 29848649   10.91%
 292758 186116      816.2500   183      913.0000      813.7500 30358234   10.87%
 299875 190848      897.5000   207      913.0000      814.3333 30913624   10.81%
 304333 193734      891.0560   244      913.0000      814.3333 31275886   10.81%
 308947 196679      829.4581   305      913.0000      814.6667 31669081   10.77%
                                                  Impl Bds: 4                  
 313445 199544      850.2000   237      913.0000      815.0483 32124872   10.73%
                                                      Cuts: 2                  
 318315 202607      900.4355   325      913.0000      815.5000 32579450   10.68%
Elapsed time = 904.45 sec. (308243.41 ticks, tree = 15663.92 MB, solutions = 86)
Nodefile size = 15524.45 MB (11012.95 MB after compression)
 323088 205546      859.5250   306      913.0000      815.8667 32993986   10.64%
 328195 208741      887.5588   306      913.0000      816.2727 33411824   10.59%
 331990 211148      889.0952   232      913.0000      816.2727 33884746   10.59%
 336729 214154      833.4105   270      913.0000      816.4095 34284163   10.58%
 342758 218062      898.3667   254      913.0000      816.8773 34758341   10.53%
 347390 221076      880.7317   273      913.0000      817.3200 35128302   10.48%
 351899 223904      839.2000   227      913.0000      817.6667 35521196   10.44%
                                                  Impl Bds: 1                  
 356160 226540      847.7917   278      913.0000      817.9236 36006265   10.41%
                                                      Cuts: 3                  
 361483 229935      862.7500   262      913.0000      818.2583 36433938   10.38%
 366400 233000      861.3571   277      913.0000      818.2583 36860551   10.38%
Elapsed time = 1026.00 sec. (347497.60 ticks, tree = 17758.85 MB, solutions = 86)
Nodefile size = 17615.51 MB (12465.65 MB after compression)
 372406 236843      866.4167   198      913.0000      818.5465 37314934   10.35%
 375938 238983      871.6600   311      913.0000      818.9679 37653705   10.30%
 379239 240991      863.0667   199      913.0000      819.1667 38025547   10.28%
 384990 244681      844.7793   324      913.0000      819.5000 38483828   10.24%
 390949 248594      848.9167   193      913.0000      819.8571 38942705   10.20%
 395402 251338      883.9633   257      913.0000      820.0667 39446865   10.18%
                                                    Covers: 1                  
 400351 254483      837.0000   213      913.0000      820.3333 39852760   10.15%
 405833 257878      898.7348   328      913.0000      820.5833 40302293   10.12%
 411975 261788      886.2965   245      913.0000      820.8688 40885713   10.09%
 417645 265320      908.3611   228      913.0000      821.2172 41324641   10.05%
Elapsed time = 1159.60 sec. (389426.43 ticks, tree = 20385.08 MB, solutions = 86)
Nodefile size = 20251.17 MB (14284.04 MB after compression)
*418243+265712                          894.0000      821.2172 41371209    8.14%
Found incumbent of value 894.000000 after 1161.12 sec. (388627.30 ticks)
*418243+265711                          891.0000      821.2172 41371209    7.83%
Found incumbent of value 891.000000 after 1161.12 sec. (388633.08 ticks)
 425291 223435      830.5000   236      891.0000      821.5000 41878151    7.80%
                                                  Impl Bds: 3                  
 428961 225260      834.3750   300      891.0000      821.7500 42343434    7.77%
                                                      Cuts: 3                  
 434330 227883      847.3333   128      891.0000      822.0044 42790777    7.74%
                                                      Cuts: 3                  
 439626 230427      844.8000   253      891.0000      822.4500 43230359    7.69%
                                                  ZeroHalf: 1                  
 443383 232368      856.3017   310      891.0000      822.4500 43732291    7.69%
 447960 234642      862.3636   280      891.0000      822.6500 44106852    7.67%
 452320 236615        cutoff            891.0000      822.9635 44455485    7.64%
 456074 238410      825.1111   249      891.0000      823.2821 44852425    7.60%
 459945 240383        cutoff            891.0000      823.5000 45263309    7.58%
 466112 243401      858.0750   302      891.0000      823.7507 45756902    7.55%
                                                    Covers: 1                  
Elapsed time = 1285.33 sec. (430321.82 ticks, tree = 18263.41 MB, solutions = 88)
Nodefile size = 18126.59 MB (12690.06 MB after compression)
 469760 245118      846.2313   289      891.0000      824.0333 46102967    7.52%
 473740 247123      855.9118   285      891.0000      824.3075 46554071    7.49%
                                                  ZeroHalf: 1                  
 478619 249447      855.9667   271      891.0000      824.5909 46931597    7.45%
 483934 252062        cutoff            891.0000      824.8667 47339625    7.42%
 488165 254174      845.5111   173      891.0000      825.0311 47848152    7.40%
 493840 256911      847.4189   281      891.0000      825.3333 48278819    7.37%
 499520 259712      875.6667    91      891.0000      825.6250 48709638    7.34%
 505202 262494      884.6667   171      891.0000      825.9111 49141627    7.31%
 508800 264131      878.2015   213      891.0000      826.0000 49612558    7.30%
 514316 266641        cutoff            891.0000      826.3333 50047080    7.26%
Elapsed time = 1418.49 sec. (472272.38 ticks, tree = 19830.26 MB, solutions = 88)
Nodefile size = 19697.99 MB (13738.47 MB after compression)
 520017 269297      862.9000   238      891.0000      826.5833 50474229    7.23%
 524186 271272        cutoff            891.0000      826.7778 50985758    7.21%
 529859 274079      880.2500   187      891.0000      827.0000 51418236    7.18%
                                                  Impl Bds: 1                  
 534935 276370      847.6795   165      891.0000      827.3095 51810564    7.15%
                                                  Impl Bds: 2                  
 539246 278546      874.6667   317      891.0000      827.4303 52305924    7.13%
                                                      Cuts: 2                  
 543771 280752      858.9167   309      891.0000      827.4303 52641208    7.13%
 549505 283415      879.8667   282      891.0000      827.7321 53075916    7.10%
 552476 284805      846.4187   286      891.0000      828.0000 53379916    7.07%
                                                      Cuts: 3                  
 557702 287465      874.4138   310      891.0000      828.1667 53858630    7.05%
                                                      Cuts: 2                  
 563381 290156      830.1302   279      891.0000      828.4000 54274498    7.03%
                                                  Impl Bds: 2                  
Elapsed time = 1550.26 sec. (512762.32 ticks, tree = 21101.25 MB, solutions = 88)
Nodefile size = 20966.25 MB (14574.74 MB after compression)
 566835 291775      837.0750   335      891.0000      828.5714 54567899    7.01%
 570982 293595      865.7500   193      891.0000      828.7630 55072285    6.99%
 576415 296220      846.1597   327      891.0000      829.0000 55463816    6.96%
 581633 298713      844.0000   136      891.0000      829.2020 55830098    6.94%
 586127 300984      882.4516   262      891.0000      829.3396 56338637    6.92%
 591929 303781      844.3750   111      891.0000      829.5926 56752255    6.89%
 597903 306795      957.0000   224      891.0000      829.8571 57168421    6.86%
                                                    Covers: 1                  
 601693 308633        cutoff            891.0000      830.0000 57631640    6.85%
                                                    Covers: 1                  
 607575 311474      870.4718   188      891.0000      830.1869 58043883    6.83%
                                                    Covers: 1                  
 613611 314437        cutoff            891.0000      830.4000 58450292    6.80%
Elapsed time = 1683.10 sec. (554136.16 ticks, tree = 22810.54 MB, solutions = 88)
Nodefile size = 22678.70 MB (15697.30 MB after compression)
 617825 316355      861.9841   266      891.0000      830.5347 58954327    6.79%
                                                      Cuts: 2                  
 624012 319296      872.3218   275      891.0000      830.7750 59360356    6.76%
                                                      Cuts: 2                  
 629990 322163      854.9643   135      891.0000      831.0000 59776335    6.73%
                                                      Cuts: 4                  
 633916 323996        cutoff            891.0000      831.0972 60232638    6.72%
 640058 327009      868.8500   287      891.0000      831.3529 60634545    6.69%
 646168 329927      851.7283   221      891.0000      831.5619 61044154    6.67%
 650758 332345      840.0000   184      891.0000      831.6667 61530095    6.66%
 656378 334951      865.6938   230      891.0000      831.8750 61938548    6.64%
 662483 337877      844.5012   297      891.0000      832.0667 62343261    6.61%
 666923 340036      874.2500   267      891.0000      832.2353 62835436    6.60%
Elapsed time = 1822.48 sec. (596349.72 ticks, tree = 24177.42 MB, solutions = 88)
Nodefile size = 24045.40 MB (16580.20 MB after compression)
 672745 342928      882.3333    59      891.0000      832.3947 63182778    6.58%
 678705 345685        cutoff            891.0000      832.5698 63591096    6.56%
 683183 347932      859.4667   266      891.0000      832.7234 64080729    6.54%
 689406 350930      874.5250   271      891.0000      832.9333 64475225    6.52%
 695220 353654        cutoff            891.0000      833.0784 64892758    6.50%
                                                  Impl Bds: 1                  
 699388 355471        cutoff            891.0000      833.2292 65401719    6.48%
                                                      Cuts: 5                  
 705518 358564      855.6000   240      891.0000      833.4000 65777155    6.46%
                                                  ZeroHalf: 1                  
 711362 361239        cutoff            891.0000      833.5718 66186513    6.45%
 715458 363275        cutoff            891.0000      833.6667 66633599    6.43%
 721529 366264      840.0000   252      891.0000      833.8667 67022922    6.41%
                                                  ZeroHalf: 1                  
Elapsed time = 1968.74 sec. (638480.73 ticks, tree = 25789.00 MB, solutions = 88)
Nodefile size = 25658.16 MB (17617.38 MB after compression)
 727545 369049      876.7500   297      891.0000      834.0278 67429631    6.39%
                                                    Covers: 2                  
 732234 371366        cutoff            891.0000      834.1667 67928138    6.38%
                                                  ZeroHalf: 1                  
 738253 374165      887.7143   219      891.0000      834.3571 68307354    6.36%
 744325 376916      837.8000   119      891.0000      834.5000 68706082    6.34%
                                                  ZeroHalf: 1                  
 748942 379214      868.8333   209      891.0000      834.6364 69192988    6.33%
 754629 381967      852.1143   167      891.0000      834.7879 69527025    6.31%
 761024 385019      836.6111   145      891.0000      834.9844 69917116    6.29%
 765461 387225      874.0000   150      891.0000      835.0000 70410182    6.29%
 771499 390096        cutoff            891.0000      835.2083 70791080    6.26%
                                                  Impl Bds: 1                  
 777657 393007      862.5000   162      891.0000      835.3462 71180463    6.25%
                                                  Impl Bds: 1                  
Elapsed time = 2115.73 sec. (680650.76 ticks, tree = 27366.14 MB, solutions = 88)
Nodefile size = 27235.64 MB (18623.86 MB after compression)
 782105 395083      868.3030   262      891.0000      835.4545 71676375    6.23%
 788101 397935        cutoff            891.0000      835.6500 72058497    6.21%
 794336 400830      856.3333   213      891.0000      835.8095 72447975    6.19%
 798796 402938      872.1364   324      891.0000      835.9167 72933693    6.18%
 804383 405505      875.0000   203      891.0000      836.0000 73274789    6.17%
 810550 408301      863.8387   240      891.0000      836.2000 73662445    6.15%
 814772 410243      886.1667   275      891.0000      836.2692 74152678    6.14%
 820846 413016      873.0000   135      891.0000      836.4792 74535434    6.12%
 826930 415773      847.6154   225      891.0000      836.6225 74922268    6.10%
                                                  ZeroHalf: 1                  
 831506 417939        cutoff            891.0000      836.6970 75411533    6.09%
Elapsed time = 2256.38 sec. (721654.85 ticks, tree = 28726.49 MB, solutions = 88)
Nodefile size = 28595.98 MB (19492.58 MB after compression)
 837614 420604        cutoff            891.0000      836.8827 75783712    6.07%
                                                  Impl Bds: 3                  
 843800 423431      842.6905   160      891.0000      837.0000 76172430    6.06%
                                                    Covers: 1                  
 848011 425339      877.1755   283      891.0000      837.0833 76657335    6.05%
 853684 427922      846.9720   259      891.0000      837.2500 77003272    6.03%
 859797 430667      871.3867   248      891.0000      837.3792 77389536    6.02%
 864335 432648      886.1250   273      891.0000      837.5000 77887585    6.00%
 870206 435330      863.1429   122      891.0000      837.6250 78253327    5.99%
 876264 438012      889.3333   283      891.0000      837.7574 78639127    5.98%
 880667 440004      887.7786   316      891.0000      837.8333 79120837    5.97%
 887167 443101      867.5000   203      891.0000      838.0000 79492783    5.95%
Elapsed time = 2404.15 sec. (762912.07 ticks, tree = 30271.75 MB, solutions = 88)
Nodefile size = 30140.81 MB (20479.79 MB after compression)
 892449 445325        cutoff            891.0000      838.0909 79844949    5.94%
                                                  Impl Bds: 3                  
 896718 447224      863.7500   254      891.0000      838.1667 80325478    5.93%
                                                  ZeroHalf: 1                  
 902910 450065      883.6364   158      891.0000      838.3333 80699504    5.91%
 909082 452814        cutoff            891.0000      838.5000 81074895    5.89%
 913111 454474      838.5766   269      891.0000      838.5597 81574361    5.89%
 919494 457559      845.9929   115      891.0000      838.6667 81930102    5.87%
 925827 460315        cutoff            891.0000      838.8333 82305174    5.85%
 930204 462124      885.8542   258      891.0000      838.8889 82792760    5.85%
                                                  ZeroHalf: 1                  
 936267 464811        cutoff            891.0000      839.0000 83173240    5.84%
 941755 467159      859.5833   143      891.0000      839.1531 83503027    5.82%
Elapsed time = 2552.40 sec. (804199.97 ticks, tree = 31807.20 MB, solutions = 88)
Nodefile size = 31677.73 MB (21455.92 MB after compression)
 946493 469230        cutoff            891.0000      839.2500 83994559    5.81%
 952527 472007        cutoff            891.0000      839.3704 84348403    5.79%
                                                      Cuts: 3                  
 958709 474665      884.0000    81      891.0000      839.5000 84726709    5.78%
                                                      Cuts: 4                  
 963058 476582      853.8333   251      891.0000      839.5791 85201171    5.77%
 969119 479154      868.1667   127      891.0000      839.7200 85579648    5.76%
 975178 481718      882.2857    83      891.0000      839.8571 85957082    5.74%
 979909 483793      860.3750   127      891.0000      839.9333 86445476    5.73%
                                                  Impl Bds: 2                  
 985713 486285      871.7000   170      891.0000      840.0198 86796805    5.72%
                                                      Cuts: 3                  
 991443 488572      865.0000   161      891.0000      840.1667 87150204    5.71%
 995668 490316      858.5500   236      891.0000      840.2500 87632042    5.70%
Elapsed time = 2693.28 sec. (844645.81 ticks, tree = 32968.60 MB, solutions = 88)
Nodefile size = 32838.51 MB (22189.60 MB after compression)
 1001836 492878      876.4000    91      891.0000      840.3600 88003331    5.68%
                                                  ZeroHalf: 1                  
 1008202 495713      847.4220   332      891.0000      840.5000 88372107    5.67%
                                                  Impl Bds: 1                  
 1012479 497479      859.3833   228      891.0000      840.5455 88859594    5.66%
                                                    Covers: 1                  
 1018656 500127        cutoff            891.0000      840.6667 89208432    5.65%
 1024952 502841      869.5714   107      891.0000      840.7813 89577971    5.64%
 1029061 504406        cutoff            891.0000      840.8596 90068514    5.63%
 1035289 507354      888.0000    51      891.0000      841.0000 90375762    5.61%
 1041235 509802        cutoff            891.0000      841.0625 90752410    5.60%
                                                  Impl Bds: 1                  
 1045672 511690      860.9516   342      891.0000      841.1667 91240378    5.59%
                                                  Impl Bds: 1                  
 1051613 514282      876.2500   237      891.0000      841.2619 91584178    5.58%
Elapsed time = 2844.28 sec. (885155.39 ticks, tree = 34446.01 MB, solutions = 88)
Nodefile size = 34316.24 MB (23119.06 MB after compression)
 1057817 516868        cutoff            891.0000      841.3889 91953212    5.57%
                                                  Impl Bds: 1                  
 1062486 518834      859.1250   167      891.0000      841.4643 92438265    5.56%
                                                  Impl Bds: 2                  
 1067835 520912        cutoff            891.0000      841.5500 92791233    5.55%
                                                      Cuts: 6                  
 1074070 523459      874.5372   292      891.0000      841.6875 93158320    5.53%
 1078587 525376      896.8667   252      891.0000      841.7500 93650767    5.53%
 1084282 527733      859.6000   275      891.0000      841.8750 93990790    5.51%
 1090462 530575        cutoff            891.0000      842.0000 94304844    5.50%
 1094346 532036      844.6631   239      891.0000      842.0000 94800608    5.50%
 1100348 534596      864.0000   144      891.0000      842.1509 95146846    5.48%
 1106514 537017      874.3333   163      891.0000      842.2631 95513149    5.47%
Elapsed time = 2994.86 sec. (925302.52 ticks, tree = 35818.24 MB, solutions = 88)
Nodefile size = 35688.53 MB (23981.46 MB after compression)
 1111606 539306        cutoff            891.0000      842.3333 95983931    5.46%
 1117703 541923      853.2500   242      891.0000      842.4630 96326626    5.45%
*1120258 542891      integral     0      890.0000      842.4630 96489669    5.34%
Found incumbent of value 890.000000 after 3027.87 sec. (933531.31 ticks)
 1123649 540969      856.0000   196      890.0000      842.5556 96720322    5.33%
 1128700 543176      877.9667   193      890.0000      842.6524 97194313    5.32%
                                                  ZeroHalf: 1                  
 1134537 545504      848.5000   249      890.0000      842.7500 97524424    5.31%
 1140032 547558      875.5952   123      890.0000      842.8462 97842258    5.30%
 1144445 549263      871.4286   272      890.0000      842.9518 98323320    5.29%
 1150652 551796      861.0554   234      890.0000      843.0000 98670262    5.28%
                                                  ZeroHalf: 1                  
 1156830 554407      846.6026   207      890.0000      843.1071 99028304    5.27%
Elapsed time = 3126.15 sec. (961178.49 ticks, tree = 36716.72 MB, solutions = 89)
Nodefile size = 36587.34 MB (24522.70 MB after compression)
 1161039 555911      872.5714   236      890.0000      843.1837 99510845    5.26%
 1167096 558234      870.4000   152      890.0000      843.3199 99849942    5.24%
 1173303 560665        cutoff            890.0000      843.4000 1.00e+08    5.24%
 1178227 562727      871.0333   193      890.0000      843.4583 1.01e+08    5.23%
 1183731 564567      878.0000   331      890.0000      843.5797 1.01e+08    5.22%
 1188044 566216      888.7000   256      890.0000      843.6667 1.02e+08    5.21%
 1194001 568293      859.2381   251      890.0000      843.7500 1.02e+08    5.20%
 1199595 570343      863.1429   309      890.0000      843.8475 1.02e+08    5.19%
 1204212 572136      874.9864   311      890.0000      843.9375 1.03e+08    5.18%
 1210460 574671        cutoff            890.0000      844.0000 1.03e+08    5.17%
Elapsed time = 3267.28 sec. (999995.92 ticks, tree = 37627.13 MB, solutions = 89)
Nodefile size = 37497.68 MB (25081.66 MB after compression)
 1216136 576712        cutoff            890.0000      844.1071 1.03e+08    5.16%
 1220944 578534      885.0000   200      890.0000      844.1758 1.04e+08    5.15%
 1226896 580725      850.0000   115      890.0000      844.2963 1.04e+08    5.14%
 1233232 583272      849.9000   132      890.0000      844.3750 1.05e+08    5.13%
 1237916 585250      884.8718   249      890.0000      844.4515 1.05e+08    5.12%
 1243708 587274        cutoff            890.0000      844.5254 1.05e+08    5.11%
 1249675 589573        cutoff            890.0000      844.6250 1.06e+08    5.10%
 1254108 591298      871.3750   244      890.0000      844.6755 1.06e+08    5.09%
 1260367 593716      864.5357   215      890.0000      844.7917 1.06e+08    5.08%
                                                  ZeroHalf: 1                  
 1266360 595845      867.0000   191      890.0000      844.8889 1.07e+08    5.07%
Elapsed time = 3415.11 sec. (1039193.64 ticks, tree = 38814.08 MB, solutions = 89)
Nodefile size = 38684.56 MB (25818.10 MB after compression)
 1271836 598145      870.6667   140      890.0000      844.9805 1.07e+08    5.06%
 1277086 599990      876.7500   204      890.0000      845.0000 1.08e+08    5.06%
 1281890 601764      864.4861   328      890.0000      845.0714 1.08e+08    5.05%
 1288001 604067      873.3750   213      890.0000      845.2000 1.08e+08    5.03%
 1294050 606307      848.3333   153      890.0000      845.2926 1.09e+08    5.02%
 1298889 608209      852.3750   188      890.0000      845.3333 1.09e+08    5.02%
 1305065 610587      873.3750   143      890.0000      845.4444 1.10e+08    5.01%
 1310352 612259      863.5000   146      890.0000      845.5294 1.10e+08    5.00%
 1315054 614016      887.6667   214      890.0000      845.6111 1.10e+08    4.99%
 1321653 616537      850.4587   384      890.0000      845.7000 1.11e+08    4.98%
Elapsed time = 3558.30 sec. (1077888.12 ticks, tree = 39571.10 MB, solutions = 89)
Nodefile size = 39441.81 MB (26274.29 MB after compression)
 1327808 618795      866.8333   110      890.0000      845.8000 1.11e+08    4.97%
 1332400 620315      885.0864   181      890.0000      845.8710 1.12e+08    4.96%
 1338916 622964      865.5000    95      890.0000      846.0000 1.12e+08    4.94%
 1344570 624828        cutoff            890.0000      846.0000 1.12e+08    4.94%
 1349133 626394      882.0833   198      890.0000      846.0786 1.13e+08    4.93%
 1355221 628567      873.5196   345      890.0000      846.1818 1.13e+08    4.92%
 1360263 630478      864.2000   154      890.0000      846.2500 1.13e+08    4.92%
 1367046 633061      873.6000   151      890.0000      846.3333 1.14e+08    4.91%
 1372535 635030        cutoff            890.0000      846.4040 1.14e+08    4.90%
 1378199 637221      868.0000   233      890.0000      846.5000 1.15e+08    4.89%
Elapsed time = 3703.65 sec. (1116820.41 ticks, tree = 40500.15 MB, solutions = 89)
Nodefile size = 40369.47 MB (26845.87 MB after compression)
 1383287 638955      859.3718   268      890.0000      846.5500 1.15e+08    4.88%
 1389875 641298      876.7143   200      890.0000      846.6184 1.15e+08    4.87%
 1395795 643684      856.7983   224      890.0000      846.7083 1.16e+08    4.86%
 1401382 645610      882.5385   102      890.0000      846.7778 1.16e+08    4.86%
                                                  Impl Bds: 1                  
 1405842 647276      880.6667   207      890.0000      846.8333 1.17e+08    4.85%
                                                  Impl Bds: 1                  
 1413738 650265      878.1429   150      890.0000      846.9716 1.17e+08    4.83%
                                                    Covers: 1                  
 1417975 651613        cutoff            890.0000      847.0000 1.17e+08    4.83%
 1423646 653520      871.6333   281      890.0000      847.0417 1.18e+08    4.83%
 1430408 656065      849.0833   221      890.0000      847.1528 1.18e+08    4.81%
 1436229 658072      853.5333   100      890.0000      847.2500 1.18e+08    4.80%
Elapsed time = 3858.20 sec. (1155546.87 ticks, tree = 41688.92 MB, solutions = 89)
Nodefile size = 41557.13 MB (27575.53 MB after compression)
 1441907 660489      877.5000   188      890.0000      847.3333 1.19e+08    4.79%
 1447057 662357        cutoff            890.0000      847.3705 1.19e+08    4.79%
 1453502 664779      858.6667   255      890.0000      847.4750 1.19e+08    4.78%
 1457781 665980      873.3333    87      890.0000      847.5000 1.20e+08    4.78%
                                                    Covers: 1                  
 1464057 668204      877.0000    68      890.0000      847.6143 1.20e+08    4.76%
 1469729 670376        cutoff            890.0000      847.6667 1.21e+08    4.76%
 1475697 672476      870.1208   139      890.0000      847.7500 1.21e+08    4.75%
 1480166 673991        cutoff            890.0000      847.8114 1.21e+08    4.74%
 1486239 675952      870.0145   144      890.0000      847.9000 1.22e+08    4.73%
 1493573 679051      851.8310   345      890.0000      848.0000 1.22e+08    4.72%
Elapsed time = 4007.99 sec. (1193854.90 ticks, tree = 42593.20 MB, solutions = 89)
Nodefile size = 42463.66 MB (28121.36 MB after compression)
 1497527 680031      850.8333   102      890.0000      848.0000 1.22e+08    4.72%
 1504533 682411        cutoff            890.0000      848.0833 1.23e+08    4.71%
 1508740 683920      853.4624   156      890.0000      848.1698 1.23e+08    4.70%
 1514195 685754      882.4444   227      890.0000      848.2500 1.24e+08    4.69%
 1520909 688467    infeasible            890.0000      848.3333 1.24e+08    4.68%
 1525462 689889        cutoff            890.0000      848.3333 1.24e+08    4.68%
 1532066 692313      882.5000    94      890.0000      848.4341 1.25e+08    4.67%
 1536199 693559      867.0000   147      890.0000      848.5000 1.25e+08    4.66%
                                                  ZeroHalf: 1                  
 1542810 695901      870.4123   180      890.0000      848.5455 1.25e+08    4.66%
 1549231 698116      881.1667   108      890.0000      848.6667 1.26e+08    4.64%
Elapsed time = 4150.68 sec. (1232065.26 ticks, tree = 43395.58 MB, solutions = 89)
Nodefile size = 43263.94 MB (28607.58 MB after compression)
 1554619 700107        cutoff            890.0000      848.7143 1.26e+08    4.64%
 1559656 701561      875.0000   139      890.0000      848.7619 1.27e+08    4.63%
 1566410 703900        cutoff            890.0000      848.8501 1.27e+08    4.62%
 1571666 705772      866.0000   149      890.0000      848.9524 1.27e+08    4.61%
 1578496 708445        cutoff            890.0000      849.0000 1.28e+08    4.61%
 1582264 709275      867.1667   109      890.0000      849.0000 1.28e+08    4.61%
                                                  Impl Bds: 2                  
 1588366 711386      854.6631   259      890.0000      849.0667 1.28e+08    4.60%
                                                      Cuts: 2                  
 1595555 713878        cutoff            890.0000      849.1667 1.29e+08    4.59%
 1599427 714964    infeasible            890.0000      849.2500 1.29e+08    4.58%
 1605944 717496        cutoff            890.0000      849.2908 1.30e+08    4.57%
Elapsed time = 4294.13 sec. (1270400.07 ticks, tree = 44148.40 MB, solutions = 89)
Nodefile size = 44013.47 MB (29062.75 MB after compression)
 1612027 719591      881.1667   282      890.0000      849.3333 1.30e+08    4.57%
                                                  Impl Bds: 2                  
 1617275 721179      878.0000    86      890.0000      849.4333 1.30e+08    4.56%
                                                      Cuts: 4                  
 1623221 722894      882.8750   290      890.0000      849.5000 1.31e+08    4.55%
                                                    Covers: 1                  
 1628613 724748      864.4444   302      890.0000      849.5556 1.31e+08    4.54%
 1636032 727475      854.3152   166      890.0000      849.6216 1.31e+08    4.54%
 1642141 729445        cutoff            890.0000      849.6667 1.32e+08    4.53%
 1645762 730553      859.6457   253      890.0000      849.7500 1.32e+08    4.52%
 1652421 732772      849.8750   254      890.0000      849.8018 1.33e+08    4.52%
 1659732 735300      879.2000   113      890.0000      849.8810 1.33e+08    4.51%
 1665589 737821      876.7500   154      890.0000      850.0000 1.33e+08    4.49%
Elapsed time = 4445.92 sec. (1308781.33 ticks, tree = 45246.95 MB, solutions = 89)
Nodefile size = 45117.57 MB (29740.81 MB after compression)
 1671211 739434      875.0000    62      890.0000      850.0000 1.34e+08    4.49%
 1676190 741023      859.5098   144      890.0000      850.0625 1.34e+08    4.49%
 1682269 742777      873.6374   159      890.0000      850.1591 1.34e+08    4.48%
 1688920 744998      885.1667    87      890.0000      850.2381 1.35e+08    4.47%
                                                  ZeroHalf: 1                  
 1693454 746238        cutoff            890.0000      850.2727 1.35e+08    4.46%
 1700209 748709      875.1255   290      890.0000      850.3333 1.36e+08    4.46%
                                                  Impl Bds: 1                  
 1705318 750322        cutoff            890.0000      850.4167 1.36e+08    4.45%
                                                  Impl Bds: 1                  
 1711387 752400      856.0909   113      890.0000      850.4762 1.36e+08    4.44%
                                                    Covers: 1                  
 1716557 753546      880.8235   350      890.0000      850.5111 1.37e+08    4.44%
 1723648 755898      873.0000    66      890.0000      850.5833 1.37e+08    4.43%
                                                  ZeroHalf: 1                  
Elapsed time = 4595.82 sec. (1347840.46 ticks, tree = 45773.13 MB, solutions = 89)
Nodefile size = 45640.23 MB (30049.13 MB after compression)
 1728413 757372      885.6231   359      890.0000      850.6667 1.37e+08    4.42%
*1729233+757664                          889.0000      850.6667 1.38e+08    4.31%
Found incumbent of value 889.000000 after 4613.80 sec. (1351237.55 ticks)
 1734773 756021      871.0000   168      889.0000      850.7000 1.38e+08    4.31%
 1741291 757748      862.3333   115      889.0000      850.7778 1.38e+08    4.30%
 1745317 758839        cutoff            889.0000      850.8571 1.39e+08    4.29%
                                                  Impl Bds: 2                  
 1752213 760984      869.9000   102      889.0000      850.9167 1.39e+08    4.28%
                                                  Impl Bds: 3                  
 1759770 763113      882.7500   167      889.0000      851.0000 1.39e+08    4.27%
 1762125 763522      872.5893   296      889.0000      851.0000 1.40e+08    4.27%
 1769176 765520      873.0152   318      889.0000      851.0208 1.40e+08    4.27%
 1776061 767364      860.9455   295      889.0000      851.1429 1.40e+08    4.26%
 1780323 768535        cutoff            889.0000      851.2222 1.41e+08    4.25%
Elapsed time = 4752.29 sec. (1386514.75 ticks, tree = 46260.66 MB, solutions = 90)
Nodefile size = 46131.95 MB (30306.43 MB after compression)
 1788454 771157        cutoff            889.0000      851.3333 1.41e+08    4.24%
                                                    Covers: 1                  
 1794860 773015      877.7500   123      889.0000      851.4000 1.42e+08    4.23%
 1800034 774456      857.7714   117      889.0000      851.4524 1.42e+08    4.22%
 1805930 775954      871.5278   136      889.0000      851.5000 1.42e+08    4.22%
 1811448 777580      883.4000   256      889.0000      851.5512 1.43e+08    4.21%
 1818676 779764        cutoff            889.0000      851.6633 1.43e+08    4.20%
 1824142 781281      866.8033   348      889.0000      851.7037 1.43e+08    4.20%
                                                  ZeroHalf: 1                  
 1829498 782615      858.1429   164      889.0000      851.7500 1.44e+08    4.19%
 1836281 784385      871.3333   224      889.0000      851.8333 1.44e+08    4.18%
 1840625 785443      861.5000   202      889.0000      851.9000 1.45e+08    4.17%
Elapsed time = 4908.54 sec. (1425648.34 ticks, tree = 46984.97 MB, solutions = 90)
Nodefile size = 46855.18 MB (30738.18 MB after compression)
 1847929 788182        cutoff            889.0000      851.9659 1.45e+08    4.17%
 1855278 790177        cutoff            889.0000      852.0000 1.45e+08    4.16%
 1858757 790946      856.8317   240      889.0000      852.0000 1.46e+08    4.16%
                                                  Impl Bds: 1                  
 1865244 792675      881.0000    94      889.0000      852.0667 1.46e+08    4.15%
                                                  ZeroHalf: 1                  
 1872616 794694      874.9221   138      889.0000      852.1625 1.46e+08    4.14%
 1877647 795883      864.7619   134      889.0000      852.2222 1.47e+08    4.14%
 1884803 798127      852.6667   199      889.0000      852.3333 1.47e+08    4.12%
 1890904 799719        cutoff            889.0000      852.4000 1.48e+08    4.12%
 1896121 801138      861.8634   210      889.0000      852.4444 1.48e+08    4.11%
 1901942 802484      883.0667   103      889.0000      852.5000 1.48e+08    4.11%
Elapsed time = 5066.87 sec. (1464807.81 ticks, tree = 47759.01 MB, solutions = 90)
Nodefile size = 47628.24 MB (31200.99 MB after compression)
 1908023 804126      871.5893   145      889.0000      852.5556 1.49e+08    4.10%
 1914014 805787      879.0000    82      889.0000      852.6111 1.49e+08    4.09%
 1919817 807324      872.9074   254      889.0000      852.6667 1.50e+08    4.09%
 1925468 808828      870.5517   190      889.0000      852.7214 1.50e+08    4.08%
 1932050 810463      854.1282   331      889.0000      852.7917 1.50e+08    4.07%
 1937398 811753      878.0667   133      889.0000      852.8571 1.51e+08    4.07%
 1944184 813681      856.5000    92      889.0000      852.9167 1.51e+08    4.06%
 1952304 816123      858.4571   177      889.0000      853.0000 1.51e+08    4.05%
 1955488 816533        cutoff            889.0000      853.0000 1.52e+08    4.05%
 1961214 817992      865.3526   231      889.0000      853.0000 1.52e+08    4.05%
Elapsed time = 5217.64 sec. (1503319.67 ticks, tree = 48231.31 MB, solutions = 90)
Nodefile size = 48097.05 MB (31467.96 MB after compression)
 1969048 819849      862.6875   120      889.0000      853.0833 1.53e+08    4.04%
 1975403 821776      887.7500   119      889.0000      853.1765 1.53e+08    4.03%
 1978676 822506      863.2667   123      889.0000      853.2500 1.53e+08    4.02%
                                                    Covers: 1                  
 1986666 824977    infeasible            889.0000      853.3333 1.54e+08    4.01%
 1993068 826559      871.3333    63      889.0000      853.3889 1.54e+08    4.01%
 1998244 827883      869.1467   238      889.0000      853.4286 1.54e+08    4.00%
 2004614 829517      863.6071   194      889.0000      853.5000 1.55e+08    3.99%
 2009931 830735      874.0000   241      889.0000      853.5102 1.55e+08    3.99%
 2016724 832465        cutoff            889.0000      853.6171 1.55e+08    3.98%
 2022415 833962        cutoff            889.0000      853.6667 1.56e+08    3.97%
Elapsed time = 5385.48 sec. (1542255.76 ticks, tree = 49273.73 MB, solutions = 90)
Nodefile size = 49144.21 MB (32098.24 MB after compression)
 2028326 835394        cutoff            889.0000      853.7143 1.56e+08    3.97%
 2035645 837054        cutoff            889.0000      853.7765 1.57e+08    3.96%
 2040170 838018        cutoff            889.0000      853.8500 1.57e+08    3.95%
 2046138 839349      869.8710   273      889.0000      853.8919 1.57e+08    3.95%
 2055030 842572      867.3333   124      889.0000      853.9750 1.58e+08    3.94%
                                                  Impl Bds: 1                  
 2059875 843835      868.7500   206      889.0000      854.0000 1.58e+08    3.94%
                                                  ZeroHalf: 2                  
 2064403 844588      871.1238   225      889.0000      854.0000 1.58e+08    3.94%
 2070912 846145      877.6186   334      889.0000      854.0483 1.59e+08    3.93%
 2075234 847164      875.9444   213      889.0000      854.1250 1.59e+08    3.92%
 2082829 849092      878.0000   125      889.0000      854.2424 1.59e+08    3.91%
Elapsed time = 5541.15 sec. (1581056.34 ticks, tree = 49856.53 MB, solutions = 90)
Nodefile size = 49727.78 MB (32436.77 MB after compression)
 2088702 850308      870.3137   203      889.0000      854.2857 1.60e+08    3.90%
 2094838 852108      884.1000   269      889.0000      854.3333 1.60e+08    3.90%
 2100879 853386      874.3750    87      889.0000      854.3810 1.61e+08    3.89%
 2105826 854580      885.6042   315      889.0000      854.4167 1.61e+08    3.89%
 2112460 856220      862.3333   283      889.0000      854.5000 1.61e+08    3.88%
 2117046 856995        cutoff            889.0000      854.5357 1.62e+08    3.88%
 2123164 858282        cutoff            889.0000      854.5833 1.62e+08    3.87%
 2131144 860517      878.0000    87      889.0000      854.6667 1.62e+08    3.86%
 2136087 861675      884.3333    76      889.0000      854.7000 1.63e+08    3.86%
 2142262 862957      871.8000   102      889.0000      854.7428 1.63e+08    3.85%
                                                  Impl Bds: 1                  
Elapsed time = 5687.82 sec. (1619422.77 ticks, tree = 50065.52 MB, solutions = 90)
Nodefile size = 49929.94 MB (32544.02 MB after compression)
 2146713 863890      878.0476   340      889.0000      854.8000 1.64e+08    3.85%
 2154698 865978      876.8571    86      889.0000      854.9048 1.64e+08    3.84%
 2161879 868025      884.2667   105      889.0000      855.0000 1.64e+08    3.82%
 2168866 869935      858.0000   128      889.0000      855.0000 1.65e+08    3.82%
 2173972 870691        cutoff            889.0000      855.0000 1.65e+08    3.82%
                                                  Impl Bds: 1                  
 2178055 871475      880.0000    72      889.0000      855.0267 1.66e+08    3.82%
 2186730 873314        cutoff            889.0000      855.1000 1.66e+08    3.81%
 2191219 874524      883.2500   327      889.0000      855.1667 1.66e+08    3.81%
 2198047 875849      874.8529   267      889.0000      855.2000 1.67e+08    3.80%
 2202356 876715      864.3889   218      889.0000      855.2593 1.67e+08    3.80%
Elapsed time = 5844.29 sec. (1658373.50 ticks, tree = 50451.91 MB, solutions = 90)
Nodefile size = 50323.76 MB (32766.42 MB after compression)
 2210619 878975      870.4833   141      889.0000      855.3430 1.67e+08    3.79%
 2217105 880443        cutoff            889.0000      855.4167 1.68e+08    3.78%
 2222413 881724      870.1667   118      889.0000      855.4571 1.68e+08    3.77%
 2228121 882671        cutoff            889.0000      855.5000 1.69e+08    3.77%
 2234452 883971      870.3500   172      889.0000      855.5439 1.69e+08    3.76%
 2242352 885909      870.7444   176      889.0000      855.6250 1.69e+08    3.75%
 2247106 886812      869.0000   202      889.0000      855.6667 1.70e+08    3.75%
 2253908 888409      884.1905   110      889.0000      855.7083 1.70e+08    3.74%
 2261288 889904      869.7000   223      889.0000      855.7692 1.70e+08    3.74%
 2265248 890688      878.7253   169      889.0000      855.8333 1.71e+08    3.73%
Elapsed time = 5999.92 sec. (1697341.17 ticks, tree = 50874.21 MB, solutions = 90)
Nodefile size = 50745.93 MB (33005.12 MB after compression)
 2272093 892181        cutoff            889.0000      855.9556 1.71e+08    3.72%
 2280066 894778      877.2500    94      889.0000      856.0000 1.71e+08    3.71%
 2286433 896272      878.4211   367      889.0000      856.0000 1.72e+08    3.71%
                                                    Covers: 1                  
 2291150 896777      880.7500   204      889.0000      856.0000 1.72e+08    3.71%
 2298016 897819      859.6667   118      889.0000      856.0357 1.73e+08    3.71%
 2305220 899210      861.6905   130      889.0000      856.1250 1.73e+08    3.70%
 2310801 900723      865.0952   294      889.0000      856.1929 1.74e+08    3.69%
 2318034 902131        cutoff            889.0000      856.2698 1.74e+08    3.68%
 2325274 904183      882.0000   149      889.0000      856.3333 1.74e+08    3.67%
 2330226 905008        cutoff            889.0000      856.3393 1.75e+08    3.67%
Elapsed time = 6162.03 sec. (1737434.06 ticks, tree = 51391.76 MB, solutions = 90)
Nodefile size = 51261.63 MB (33298.48 MB after compression)
 2337564 906544        cutoff            889.0000      856.4167 1.75e+08    3.67%
 2343624 907868      897.3333   158      889.0000      856.5000 1.75e+08    3.66%
 2348638 908409      877.1571   192      889.0000      856.5000 1.76e+08    3.66%
 2355020 909632      886.6000    77      889.0000      856.5556 1.76e+08    3.65%
 2362158 911110        cutoff            889.0000      856.6000 1.77e+08    3.64%
 2369126 912335      859.7143   115      889.0000      856.6667 1.77e+08    3.64%
 2374043 913436      884.4155   337      889.0000      856.7000 1.77e+08    3.63%
 2380703 914566    infeasible            889.0000      856.8045 1.78e+08    3.62%
 2385988 915620      873.8095   119      889.0000      856.8333 1.78e+08    3.62%
 2392917 916689      873.0000   202      889.0000      856.9091 1.78e+08    3.61%
Elapsed time = 6317.69 sec. (1775902.48 ticks, tree = 51713.69 MB, solutions = 90)
Nodefile size = 51583.65 MB (33473.79 MB after compression)
 2400183 918838      872.5714   119      889.0000      857.0000 1.79e+08    3.60%
                                                  Impl Bds: 1                  
 2407326 920632      857.6667   153      889.0000      857.0000 1.79e+08    3.60%
 2412218 921120        cutoff            889.0000      857.0000 1.80e+08    3.60%
 2417432 921891      869.0667   165      889.0000      857.0000 1.80e+08    3.60%
 2424806 923096      885.7333    90      889.0000      857.0769 1.80e+08    3.59%
 2429788 924168      878.2000    87      889.0000      857.1429 1.81e+08    3.58%
                                                  Impl Bds: 2                  
 2437045 925736      868.1818   126      889.0000      857.2500 1.81e+08    3.57%
                                                      Cuts: 3                  
 2443052 926426      873.2222   171      889.0000      857.3030 1.81e+08    3.57%
 2449420 928043        cutoff            889.0000      857.3333 1.82e+08    3.56%
 2454621 928782      859.5000    67      889.0000      857.3690 1.82e+08    3.56%
Elapsed time = 6472.68 sec. (1814457.84 ticks, tree = 51834.80 MB, solutions = 90)
Nodefile size = 51706.35 MB (33520.23 MB after compression)
 2461617 930145        cutoff            889.0000      857.4000 1.83e+08    3.55%
                                                  ZeroHalf: 1                  
 2468322 931578      873.9143   115      889.0000      857.4784 1.83e+08    3.55%
 2472772 931988      875.5000    88      889.0000      857.5000 1.83e+08    3.54%
 2479467 933146      864.5942   235      889.0000      857.5385 1.84e+08    3.54%
 2486306 934418      862.8333   132      889.0000      857.6500 1.84e+08    3.53%
 2493191 935593      879.1875   102      889.0000      857.6818 1.85e+08    3.52%
                                                    Covers: 1                  
 2498310 936514      863.5000    99      889.0000      857.7333 1.85e+08    3.52%
 2504865 937329      878.8803   162      889.0000      857.7643 1.85e+08    3.51%
 2510544 938279        cutoff            889.0000      857.8333 1.86e+08    3.51%
 2517092 939313      870.7500   101      889.0000      857.8889 1.86e+08    3.50%
Elapsed time = 6618.45 sec. (1852824.49 ticks, tree = 51794.64 MB, solutions = 90)
Nodefile size = 51660.81 MB (33471.08 MB after compression)
 2523409 940902      863.5000   100      889.0000      857.9583 1.86e+08    3.49%
 2533496 944100      885.1667   174      889.0000      858.0000 1.87e+08    3.49%
 2539859 945195        cutoff            889.0000      858.0000 1.87e+08    3.49%
 2543097 945353      876.0241   353      889.0000      858.0000 1.87e+08    3.49%
 2549635 946296      863.4000   114      889.0000      858.0806 1.88e+08    3.48%
 2556220 947376      861.0556   219      889.0000      858.1667 1.88e+08    3.47%
 2561728 948650      872.2500   117      889.0000      858.1908 1.89e+08    3.47%
 2569059 949932      870.6087   241      889.0000      858.2500 1.89e+08    3.46%
 2574391 950683        cutoff            889.0000      858.2857 1.89e+08    3.45%
 2582068 952309      858.3500   233      889.0000      858.3333 1.90e+08    3.45%
Elapsed time = 6779.49 sec. (1891349.45 ticks, tree = 52178.76 MB, solutions = 90)
Nodefile size = 52047.47 MB (33679.71 MB after compression)
 2588009 953237      873.4000    82      889.0000      858.3571 1.90e+08    3.45%
 2594265 954167        cutoff            889.0000      858.4000 1.90e+08    3.44%
 2601934 955710    infeasible            889.0000      858.5000 1.91e+08    3.43%
 2606461 955953      885.6667    99      889.0000      858.5000 1.91e+08    3.43%
 2613929 957127      858.6111   216      889.0000      858.5816 1.91e+08    3.42%
 2620415 958394      861.6667    85      889.0000      858.6500 1.92e+08    3.41%
 2626107 959266    infeasible            889.0000      858.6667 1.92e+08    3.41%
 2631835 960189        cutoff            889.0000      858.7098 1.93e+08    3.41%
 2638889 961072      880.8333   251      889.0000      858.7440 1.93e+08    3.40%
 2644149 961869      868.8506   255      889.0000      858.8333 1.93e+08    3.39%
Elapsed time = 6932.06 sec. (1930131.65 ticks, tree = 52230.74 MB, solutions = 90)
Nodefile size = 52101.71 MB (33687.34 MB after compression)
 2650835 962820      859.5556   248      889.0000      858.8929 1.94e+08    3.39%
 2657604 963758        cutoff            889.0000      858.9524 1.94e+08    3.38%
                                                    Covers: 1                  
 2664525 965945      859.8333   156      889.0000      859.0000 1.95e+08    3.37%
 2673302 967615      887.7143   349      889.0000      859.0000 1.95e+08    3.37%
 2677077 967845      887.3333   211      889.0000      859.0000 1.95e+08    3.37%
 2684636 968535      875.9000    97      889.0000      859.0833 1.96e+08    3.37%
 2691354 969548      881.2500   110      889.0000      859.1429 1.96e+08    3.36%
 2697024 970606      878.0000    82      889.0000      859.1667 1.96e+08    3.36%
 2702911 971663      873.9713   293      889.0000      859.2182 1.97e+08    3.35%
 2710033 972336      866.9167   243      889.0000      859.2667 1.97e+08    3.34%
Elapsed time = 7090.33 sec. (1969076.94 ticks, tree = 52412.75 MB, solutions = 90)
Nodefile size = 52282.54 MB (33772.32 MB after compression)
 2716161 974147      864.8280   232      889.0000      859.3333 1.97e+08    3.34%
 2722080 975049      869.9405   327      889.0000      859.3333 1.98e+08    3.34%
 2728655 976154      883.6250   182      889.0000      859.3810 1.98e+08    3.33%
 2736302 977415      879.0714   135      889.0000      859.4902 1.99e+08    3.32%
 2743264 978292        cutoff            889.0000      859.5000 1.99e+08    3.32%
 2748756 978952      874.2381   138      889.0000      859.5333 1.99e+08    3.31%
 2755666 979896        cutoff            889.0000      859.6000 2.00e+08    3.31%
 2762419 981158      879.6667   136      889.0000      859.6667 2.00e+08    3.30%
 2768478 981765      869.3810   112      889.0000      859.6667 2.01e+08    3.30%
                                                  Impl Bds: 1                  
 2775370 982676      877.2583   262      889.0000      859.7250 2.01e+08    3.29%
                                                    Covers: 1                  
Elapsed time = 7253.02 sec. (2008274.79 ticks, tree = 52638.67 MB, solutions = 90)
Nodefile size = 52509.56 MB (33883.48 MB after compression)
 2782196 983468        cutoff            889.0000      859.8317 2.01e+08    3.28%
 2787540 984160      887.8151   154      889.0000      859.8511 2.02e+08    3.28%
 2795623 984969      877.6333   263      889.0000      859.9167 2.02e+08    3.27%
 2801870 986484      873.7230   192      889.0000      860.0000 2.02e+08    3.26%
 2810679 988753      868.5000   117      889.0000      860.0000 2.03e+08    3.26%
 2816770 990003      877.3750   312      889.0000      860.0000 2.03e+08    3.26%
 2823159 990215      869.1538   181      889.0000      860.0000 2.04e+08    3.26%
 2828711 990938        cutoff            889.0000      860.0606 2.04e+08    3.26%
 2835854 991782        cutoff            889.0000      860.1250 2.04e+08    3.25%
                                                  Impl Bds: 1                  
 2842176 992742      867.6667   104      889.0000      860.1735 2.05e+08    3.24%
                                                      Cuts: 2                  
Elapsed time = 7412.24 sec. (2047477.89 ticks, tree = 52576.43 MB, solutions = 90)
Nodefile size = 52447.15 MB (33814.84 MB after compression)
 2848823 993848      870.7500   110      889.0000      860.2000 2.05e+08    3.24%
 2853504 994122      875.8756   213      889.0000      860.2500 2.05e+08    3.23%
 2861992 995545      879.0000    82      889.0000      860.3333 2.06e+08    3.22%
 2868718 996379      864.7381   169      889.0000      860.3333 2.06e+08    3.22%
 2875634 997258      873.2381   188      889.0000      860.4000 2.07e+08    3.22%
 2881509 998084        cutoff            889.0000      860.4446 2.07e+08    3.21%
 2888607 999511        cutoff            889.0000      860.5000 2.07e+08    3.21%
 2893936 999589      868.0000   187      889.0000      860.5000 2.08e+08    3.21%
 2901021 1000365        cutoff            889.0000      860.5556 2.08e+08    3.20%
 2907431 1001134      878.5714   133      889.0000      860.6111 2.08e+08    3.19%
Elapsed time = 7571.46 sec. (2086379.08 ticks, tree = 52777.70 MB, solutions = 90)
Nodefile size = 52649.22 MB (33908.97 MB after compression)
 2914149 1001895    infeasible            889.0000      860.6875 2.09e+08    3.18%
 2921836 1002793      871.0000   197      889.0000      860.7500 2.09e+08    3.18%
 2927014 1003065      881.6667    66      889.0000      860.7660 2.10e+08    3.18%
 2934300 1003886        cutoff            889.0000      860.8333 2.10e+08    3.17%
 2939986 1004396      862.4152   234      889.0000      860.8800 2.10e+08    3.16%
 2946932 1005147      867.4000    76      889.0000      860.9286 2.11e+08    3.16%
 2956961 1007793      870.3333    94      889.0000      861.0000 2.11e+08    3.15%
 2962245 1008805      877.0000   135      889.0000      861.0000 2.11e+08    3.15%
 2969184 1009466        cutoff            889.0000      861.0000 2.12e+08    3.15%
 2972594 1009258      875.0455   172      889.0000      861.0000 2.12e+08    3.15%
Elapsed time = 7735.16 sec. (2124755.19 ticks, tree = 52932.05 MB, solutions = 90)
Nodefile size = 52803.31 MB (33968.28 MB after compression)
 2980064 1009875      877.1111   121      889.0000      861.0833 2.12e+08    3.14%
 2986510 1010459      876.2500   219      889.0000      861.1439 2.13e+08    3.13%
 2992313 1011255        cutoff            889.0000      861.1905 2.13e+08    3.13%
 2999867 1012139      868.6944   161      889.0000      861.2105 2.13e+08    3.13%
 3007434 1012843      861.3333   104      889.0000      861.2500 2.14e+08    3.12%
 3013327 1014184      880.3333   107      889.0000      861.3333 2.14e+08    3.11%
 3019994 1014453      873.3333    74      889.0000      861.3750 2.14e+08    3.11%
                                                  ZeroHalf: 1                  
 3026303 1015391      874.7500   104      889.0000      861.4000 2.15e+08    3.10%
 3032801 1016038      869.6500   196      889.0000      861.4615 2.15e+08    3.10%
 3040275 1016940      877.5000   281      889.0000      861.5000 2.16e+08    3.09%
Elapsed time = 7890.79 sec. (2163111.53 ticks, tree = 52772.04 MB, solutions = 90)
Nodefile size = 52639.96 MB (33839.15 MB after compression)
 3044772 1017020      880.5000   297      889.0000      861.5000 2.16e+08    3.09%
 3052428 1017658      862.6111   222      889.0000      861.6000 2.16e+08    3.08%
 3057763 1018241        cutoff            889.0000      861.6429 2.17e+08    3.08%
 3065556 1018884      873.5333   154      889.0000      861.6667 2.17e+08    3.07%
 3072488 1019887      877.0000    75      889.0000      861.7143 2.18e+08    3.07%
 3078901 1020136      876.9286   251      889.0000      861.7500 2.18e+08    3.07%
 3084336 1020536        cutoff            889.0000      861.8095 2.18e+08    3.06%
 3091746 1021381      866.4000    76      889.0000      861.8889 2.19e+08    3.05%
                                                  ZeroHalf: 1                  
 3098406 1021803      874.6250   175      889.0000      861.9615 2.19e+08    3.04%
 3106731 1024083      878.2143    89      889.0000      862.0000 2.19e+08    3.04%
Elapsed time = 8047.10 sec. (2201595.22 ticks, tree = 52457.05 MB, solutions = 90)
Nodefile size = 52323.65 MB (33614.71 MB after compression)
 3113711 1025644      864.8333   123      889.0000      862.0000 2.20e+08    3.04%
 3122128 1026742      880.5000   140      889.0000      862.0000 2.20e+08    3.04%
 3127322 1026814        cutoff            889.0000      862.0000 2.21e+08    3.04%
 3133679 1027003      877.8333   107      889.0000      862.0667 2.21e+08    3.03%
 3140080 1027218      871.8095   123      889.0000      862.1250 2.21e+08    3.02%
                                                  Impl Bds: 1                  
 3145825 1027563        cutoff            889.0000      862.1667 2.22e+08    3.02%
                                                  ZeroHalf: 1                  
 3151987 1028321      867.2972   294      889.0000      862.2000 2.22e+08    3.01%
 3160382 1029197      874.8571   113      889.0000      862.2333 2.22e+08    3.01%
 3168681 1030307      870.8333   115      889.0000      862.3333 2.23e+08    3.00%
 3174375 1030829      884.9697   202      889.0000      862.3333 2.23e+08    3.00%
Elapsed time = 8214.58 sec. (2241006.32 ticks, tree = 52495.59 MB, solutions = 90)
Nodefile size = 52366.24 MB (33604.80 MB after compression)
 3181117 1031480      883.7000    95      889.0000      862.3768 2.24e+08    2.99%
 3187408 1031939      871.0000    96      889.0000      862.4048 2.24e+08    2.99%
 3194498 1032912      884.1667    70      889.0000      862.4615 2.24e+08    2.99%
 3201760 1033164      878.7143   142      889.0000      862.5000 2.25e+08    2.98%
 3207512 1033841      877.5667   284      889.0000      862.5417 2.25e+08    2.98%
 3215225 1034382        cutoff            889.0000      862.6000 2.26e+08    2.97%
 3222338 1035283      874.2917   181      889.0000      862.6667 2.26e+08    2.96%
 3228208 1035554      878.8167   175      889.0000      862.6667 2.26e+08    2.96%
 3234183 1036160      864.5000   192      889.0000      862.7115 2.27e+08    2.96%
 3241238 1036199        cutoff            889.0000      862.8000 2.27e+08    2.95%
Elapsed time = 8369.97 sec. (2279638.81 ticks, tree = 52142.53 MB, solutions = 90)
Nodefile size = 52014.61 MB (33359.64 MB after compression)
 3247000 1036407      884.8929   198      889.0000      862.8333 2.27e+08    2.94%
 3254070 1037190      875.9048   126      889.0000      862.8738 2.28e+08    2.94%
 3259909 1037285      864.3333   147      889.0000      862.9333 2.28e+08    2.93%
 3270962 1039704      875.6250   102      889.0000      863.0000 2.29e+08    2.92%
 3278608 1040982      877.0000   105      889.0000      863.0000 2.29e+08    2.92%
 3284087 1041632        cutoff            889.0000      863.0000 2.29e+08    2.92%
 3290005 1041517        cutoff            889.0000      863.0000 2.30e+08    2.92%
 3294836 1041361      884.5333    99      889.0000      863.0000 2.30e+08    2.92%
 3302385 1041633      881.3333   147      889.0000      863.0833 2.30e+08    2.92%
 3309308 1041961    infeasible            889.0000      863.1429 2.31e+08    2.91%
Elapsed time = 8532.67 sec. (2317986.90 ticks, tree = 52118.54 MB, solutions = 90)
Nodefile size = 51986.80 MB (33309.80 MB after compression)
 3314927 1042502      865.2222   147      889.0000      863.1903 2.31e+08    2.90%
 3322079 1042697      887.9815   283      889.0000      863.2500 2.31e+08    2.90%
 3328044 1042821        cutoff            889.0000      863.2857 2.32e+08    2.89%
 3336270 1044919      868.0000   151      889.0000      863.3333 2.32e+08    2.89%
 3342993 1045336      882.3655   229      889.0000      863.3333 2.32e+08    2.89%
 3349450 1046235      882.9000   164      889.0000      863.3750 2.33e+08    2.88%
 3356311 1046646      863.8333   142      889.0000      863.4000 2.33e+08    2.88%
 3362830 1047491      866.9000   128      889.0000      863.5000 2.34e+08    2.87%
 3369438 1047461      872.9333   219      889.0000      863.5000 2.34e+08    2.87%
 3376376 1047989        cutoff            889.0000      863.5500 2.34e+08    2.86%
Elapsed time = 8692.15 sec. (2356423.57 ticks, tree = 51994.44 MB, solutions = 90)
Nodefile size = 51865.50 MB (33212.73 MB after compression)
 3383050 1048331      877.0929   190      889.0000      863.5867 2.35e+08    2.86%
 3389189 1048912      877.7436   152      889.0000      863.6458 2.35e+08    2.85%
 3396578 1049204      884.9708   355      889.0000      863.6866 2.35e+08    2.85%
 3404151 1049712      871.0000   112      889.0000      863.7215 2.36e+08    2.84%
 3410050 1049625      883.2000   121      889.0000      863.7619 2.36e+08    2.84%
                                                  Impl Bds: 1                  
 3417053 1050088      881.7500   134      889.0000      863.8000 2.37e+08    2.83%
                                                  Impl Bds: 1                  
 3423462 1050473      885.9231   141      889.0000      863.8750 2.37e+08    2.83%
 3431143 1050826      882.4000   114      889.0000      863.9333 2.37e+08    2.82%
 3438433 1051785        cutoff            889.0000      864.0000 2.38e+08    2.81%
 3447417 1053611      874.5000   105      889.0000      864.0000 2.38e+08    2.81%
Elapsed time = 8846.18 sec. (2395217.44 ticks, tree = 51504.88 MB, solutions = 90)
Nodefile size = 51370.66 MB (32879.92 MB after compression)
 3453823 1054361      870.0000   155      889.0000      864.0000 2.38e+08    2.81%
 3461623 1054344        cutoff            889.0000      864.0000 2.39e+08    2.81%
 3465504 1054029      884.6000   149      889.0000      864.0000 2.39e+08    2.81%
 3473308 1054244      869.1111   144      889.0000      864.0694 2.40e+08    2.80%
                                                  Impl Bds: 1                  
 3480395 1054654        cutoff            889.0000      864.1282 2.40e+08    2.80%
                                                  Impl Bds: 2                  
 3486168 1055065      873.6000   139      889.0000      864.1667 2.40e+08    2.79%
 3494395 1055743        cutoff            889.0000      864.2500 2.41e+08    2.78%
                                                  Impl Bds: 1                  
 3500281 1055675      876.3333   149      889.0000      864.2512 2.41e+08    2.78%
 3508918 1056808      874.3333   115      889.0000      864.3250 2.42e+08    2.78%
 3515075 1057837      870.8867   258      889.0000      864.3333 2.42e+08    2.77%
Elapsed time = 9011.38 sec. (2434175.21 ticks, tree = 51568.39 MB, solutions = 90)
Nodefile size = 51439.50 MB (32895.10 MB after compression)
 3521022 1057806        cutoff            889.0000      864.3333 2.42e+08    2.77%
 3529518 1058650        cutoff            889.0000      864.4167 2.43e+08    2.77%
 3535540 1058998      876.4767   204      889.0000      864.4583 2.43e+08    2.76%
 3543802 1059854        cutoff            889.0000      864.5000 2.43e+08    2.76%
 3547651 1059516        cutoff            889.0000      864.5000 2.44e+08    2.76%
 3556354 1059951      873.8074   191      889.0000      864.5333 2.44e+08    2.75%
 3561925 1060073      873.4000   237      889.0000      864.6316 2.45e+08    2.74%
 3569801 1060707      885.0000   174      889.0000      864.6667 2.45e+08    2.74%
 3575532 1060723      880.8667   199      889.0000      864.6905 2.45e+08    2.73%
 3583650 1061170      872.3333   271      889.0000      864.7143 2.46e+08    2.73%
Elapsed time = 9174.03 sec. (2473087.74 ticks, tree = 51140.57 MB, solutions = 90)
Nodefile size = 51009.23 MB (32597.64 MB after compression)
 3588649 1061031      866.7000   108      889.0000      864.7583 2.46e+08    2.73%
 3596681 1061229        cutoff            889.0000      864.8333 2.46e+08    2.72%
 3604287 1061866      884.0000   105      889.0000      864.8800 2.47e+08    2.71%
 3610426 1061917      884.2750   148      889.0000      864.9167 2.47e+08    2.71%
 3618393 1062988      883.7000   129      889.0000      865.0000 2.47e+08    2.70%
 3628820 1065046      872.3333    83      889.0000      865.0000 2.48e+08    2.70%
 3636822 1066052      871.1667   125      889.0000      865.0000 2.48e+08    2.70%
 3642744 1066257      875.0000   244      889.0000      865.0000 2.49e+08    2.70%
 3648202 1065624      868.9697   142      889.0000      865.0000 2.49e+08    2.70%
 3656069 1065547        cutoff            889.0000      865.0256 2.49e+08    2.70%
Elapsed time = 9339.28 sec. (2512651.56 ticks, tree = 50803.11 MB, solutions = 90)
Nodefile size = 50669.37 MB (32356.96 MB after compression)
 3661642 1065677      882.6500   117      889.0000      865.1319 2.50e+08    2.68%
 3668367 1065683      884.5000    82      889.0000      865.1750 2.50e+08    2.68%
 3675451 1066314        cutoff            889.0000      865.2000 2.51e+08    2.68%
 3681959 1066367      884.7857   155      889.0000      865.2500 2.51e+08    2.67%
 3688947 1066473      875.6667    91      889.0000      865.3214 2.51e+08    2.66%
 3696998 1067979        cutoff            889.0000      865.3333 2.52e+08    2.66%
 3702621 1068254      870.3343   280      889.0000      865.3333 2.52e+08    2.66%
 3711750 1069117      866.8667   126      889.0000      865.3750 2.52e+08    2.66%
 3716784 1069167        cutoff            889.0000      865.4017 2.53e+08    2.65%
 3725708 1069580      886.5000    74      889.0000      865.5000 2.53e+08    2.64%
Elapsed time = 9507.67 sec. (2551516.56 ticks, tree = 50665.47 MB, solutions = 90)
Nodefile size = 50537.20 MB (32241.43 MB after compression)
 3732684 1069849        cutoff            889.0000      865.5000 2.53e+08    2.64%
 3738062 1069704      886.0000    77      889.0000      865.5333 2.54e+08    2.64%
 3745627 1070077      870.5000   202      889.0000      865.5714 2.54e+08    2.64%
 3752096 1070059      867.6667   107      889.0000      865.6111 2.55e+08    2.63%
 3760003 1071226      878.6111   161      889.0000      865.6667 2.55e+08    2.62%
 3766792 1071107      879.0000   114      889.0000      865.6984 2.55e+08    2.62%
 3774610 1071182      887.3333   123      889.0000      865.7292 2.56e+08    2.62%
 3779443 1070926        cutoff            889.0000      865.7619 2.56e+08    2.61%
 3787476 1071234      873.0764   157      889.0000      865.8333 2.56e+08    2.61%
 3793684 1071487      871.4131   157      889.0000      865.8667 2.57e+08    2.60%
Elapsed time = 9661.05 sec. (2590255.21 ticks, tree = 50268.09 MB, solutions = 90)
Nodefile size = 50138.78 MB (31977.13 MB after compression)
 3800801 1071599        cutoff            889.0000      865.9167 2.57e+08    2.60%
 3809655 1072087        cutoff            889.0000      865.9500 2.58e+08    2.59%
 3819479 1073648      882.7333   116      889.0000      866.0000 2.58e+08    2.59%
 3827201 1074295      874.3333   142      889.0000      866.0000 2.58e+08    2.59%
 3834516 1074455      878.6667   132      889.0000      866.0000 2.59e+08    2.59%
 3841869 1073728      878.6667   238      889.0000      866.0000 2.59e+08    2.59%
 3843406 1073521      872.9333   168      889.0000      866.0000 2.59e+08    2.59%
 3846885 1073425      873.6821   186      889.0000      866.0000 2.59e+08    2.59%
 3853304 1073403      884.0588   249      889.0000      866.0833 2.60e+08    2.58%
 3856659 1073369      875.6750   134      889.0000      866.1250 2.60e+08    2.57%
Elapsed time = 9820.93 sec. (2632287.97 ticks, tree = 50120.63 MB, solutions = 90)
Nodefile size = 49991.79 MB (31852.22 MB after compression)
 3861563 1073394      887.0000   223      889.0000      866.1500 2.60e+08    2.57%
 3866355 1073633      879.5333   162      889.0000      866.1833 2.60e+08    2.57%
 3868012 1073735      871.7870   152      889.0000      866.1833 2.61e+08    2.57%
 3876307 1073983      869.8500    97      889.0000      866.2333 2.61e+08    2.56%
 3878828 1073774      866.5652   237      889.0000      866.2333 2.61e+08    2.56%
 3882498 1073628      877.5455   172      889.0000      866.2500 2.61e+08    2.56%
 3887370 1073896      869.2609   110      889.0000      866.2987 2.62e+08    2.55%
 3894417 1074904      876.3333   149      889.0000      866.3333 2.62e+08    2.55%
 3900905 1074714      872.1563   194      889.0000      866.3333 2.62e+08    2.55%
 3903108 1074632      885.0952   144      889.0000      866.3333 2.62e+08    2.55%
Elapsed time = 9949.65 sec. (2675582.41 ticks, tree = 49984.26 MB, solutions = 90)
Nodefile size = 49847.97 MB (31746.07 MB after compression)
 3909102 1075215      872.0000   135      889.0000      866.3750 2.63e+08    2.54%
                                                    Covers: 1                  
 3912478 1075076      888.0000   151      889.0000      866.4000 2.63e+08    2.54%
 3914374 1075159      874.4444   128      889.0000      866.4000 2.63e+08    2.54%
 3916211 1075204      877.5556   200      889.0000      866.4286 2.63e+08    2.54%
 3924983 1075676      874.1111   110      889.0000      866.4487 2.63e+08    2.54%
 3931299 1075086      880.2500   241      889.0000      866.5000 2.64e+08    2.53%
 3932868 1075068      885.5238    93      889.0000      866.5000 2.64e+08    2.53%
 3941386 1075433        cutoff            889.0000      866.5600 2.64e+08    2.52%
 3946957 1075277      881.4000   128      889.0000      866.6000 2.64e+08    2.52%
 3950813 1075141      873.1500   139      889.0000      866.6324 2.65e+08    2.52%
Elapsed time = 10094.75 sec. (2722646.51 ticks, tree = 49881.87 MB, solutions = 90)
Nodefile size = 49753.23 MB (31663.91 MB after compression)
 3956434 1075364      881.7833   143      889.0000      866.6529 2.65e+08    2.51%
 3961292 1075036      873.2625   196      889.0000      866.6667 2.65e+08    2.51%
 3965167 1075063      882.3685   270      889.0000      866.6974 2.66e+08    2.51%
 3972692 1074527      873.9286    70      889.0000      866.7125 2.66e+08    2.51%
 3978415 1074149      886.0000   119      889.0000      866.8000 2.66e+08    2.50%
 3978699 1074118      877.4615    87      889.0000      866.8000 2.66e+08    2.50%
 3985347 1074153      882.8571    77      889.0000      866.8142 2.67e+08    2.50%
 3989971 1074366      886.0417   212      889.0000      866.8333 2.67e+08    2.49%
 3992364 1074357      883.5833   108      889.0000      866.8571 2.67e+08    2.49%
 3996765 1074440      871.0000   118      889.0000      866.8889 2.67e+08    2.49%
Elapsed time = 10254.50 sec. (2787407.51 ticks, tree = 49690.18 MB, solutions = 90)
Nodefile size = 49561.16 MB (31528.48 MB after compression)
 4000870 1074296      879.4952   176      889.0000      866.9167 2.67e+08    2.48%
 4007826 1074792      887.5000    69      889.0000      866.9583 2.68e+08    2.48%
 4008474 1074903      878.3333    78      889.0000      866.9583 2.68e+08    2.48%
 4011501 1075279      886.0000    69      889.0000      867.0000 2.68e+08    2.47%
 4016770 1076109      883.9000   133      889.0000      867.0000 2.68e+08    2.47%
 4018013 1076290      871.5000    94      889.0000      867.0000 2.68e+08    2.47%
 4020765 1076610      872.7500   107      889.0000      867.0000 2.68e+08    2.47%
 4023501 1076928      874.5167   201      889.0000      867.0000 2.68e+08    2.47%
 4025979 1077115      875.7500   103      889.0000      867.0000 2.68e+08    2.47%
 4028362 1077260      869.0000    89      889.0000      867.0000 2.69e+08    2.47%
Elapsed time = 10400.31 sec. (2865603.79 ticks, tree = 49713.98 MB, solutions = 90)
Nodefile size = 49586.10 MB (31524.69 MB after compression)
 4031295 1077436      876.3333   127      889.0000      867.0000 2.69e+08    2.47%
 4034714 1077426      876.3333    98      889.0000      867.0000 2.69e+08    2.47%
 4040048 1077032      873.8125   216      889.0000      867.0000 2.69e+08    2.47%
 4040948 1076905      871.0000   133      889.0000      867.0000 2.69e+08    2.47%
 4042693 1076548      887.6667   156      889.0000      867.0000 2.69e+08    2.47%
 4048297 1075924      871.3714   263      889.0000      867.0000 2.70e+08    2.47%
 4048353 1075923      870.8333   112      889.0000      867.0000 2.70e+08    2.47%
 4050547 1075838      869.7356   289      889.0000      867.0540 2.70e+08    2.47%
 4057310 1075610      872.6667    87      889.0000      867.0714 2.70e+08    2.47%
 4060843 1075671      877.1667   108      889.0000      867.1111 2.70e+08    2.46%
Elapsed time = 10555.69 sec. (2951777.34 ticks, tree = 49307.28 MB, solutions = 90)
Nodefile size = 49173.53 MB (31257.05 MB after compression)
 4063434 1075602      874.6500   227      889.0000      867.1500 2.70e+08    2.46%
 4067360 1075610      879.7273    90      889.0000      867.1667 2.71e+08    2.46%
 4069360 1075739      878.1250    94      889.0000      867.1667 2.71e+08    2.46%
 4071292 1075623      886.7917   135      889.0000      867.2000 2.71e+08    2.45%
 4073920 1075462      878.2500   102      889.0000      867.2000 2.71e+08    2.45%
 4078055 1075670      881.0000    97      889.0000      867.2000 2.71e+08    2.45%
 4081045 1075222      882.8381   195      889.0000      867.2500 2.71e+08    2.45%
 4081626 1075188      885.6667    79      889.0000      867.2500 2.72e+08    2.45%
 4084899 1075034      886.3333    97      889.0000      867.2590 2.72e+08    2.45%
 4089029 1075095      871.0000   120      889.0000      867.2917 2.72e+08    2.44%
Elapsed time = 10717.83 sec. (3049890.31 ticks, tree = 49026.11 MB, solutions = 90)
Nodefile size = 48896.20 MB (31074.64 MB after compression)
 4090645 1075274      879.3333   109      889.0000      867.2917 2.72e+08    2.44%
 4093633 1075674      868.5833   155      889.0000      867.3333 2.72e+08    2.44%
 4094724 1075858      873.6667   110      889.0000      867.3333 2.72e+08    2.44%
 4098369 1076291      874.6667   124      889.0000      867.3333 2.72e+08    2.44%
 4101835 1076153      880.3333   168      889.0000      867.3333 2.72e+08    2.44%

GUB cover cuts applied:  4
Cover cuts applied:  43
Implied bound cuts applied:  124
Zero-half cuts applied:  340
Gomory fractional cuts applied:  11

Root node processing (before b&c):
  Real time             =    5.04 sec. (2707.27 ticks)
Parallel b&c, 32 threads:
  Real time             = 10797.97 sec. (3089931.90 ticks)
  Sync time (average)   =    3.08 sec.
  Wait time (average)   =    0.00 sec.
                          ------------
Total (root+branch&cut) = 10803.01 sec. (3092639.17 ticks)


Solution status: Feasible
Execution time: 10803.4 sec
Gap: 0.02437
