Wed Jul 18 05:24:18 2018

Tried aggregator 2 times.
MIP Presolve eliminated 10500 rows and 121 columns.
Aggregator did 380 substitutions.
Reduced MIP has 10604 rows, 3146 columns, and 40092 nonzeros.
Reduced MIP has 3146 binaries, 0 generals, 0 SOSs, and 0 indicators.
Presolve time = 0.08 sec. (55.67 ticks)
Probing time = 0.01 sec. (2.10 ticks)
Tried aggregator 1 time.
Presolve time = 0.02 sec. (17.58 ticks)
Probing time = 0.01 sec. (2.10 ticks)
Clique table members: 14852.
MIP emphasis: balance optimality and feasibility.
MIP search method: dynamic search.
Parallel mode: deterministic, using up to 32 threads.
Root relaxation solution time = 0.90 sec. (96.36 ticks)

        Nodes                                         Cuts/
   Node  Left     Objective  IInf  Best Integer    Best Bound    ItCnt     Gap

      0     0      607.0000   270                    607.0000     1179         
      0     0      615.0000   259                    Cuts: 50     1562         
      0     0      685.8611   403                   Cuts: 117     1928         
      0     0      728.8438   387                ZeroHalf: 56     2470         
      0     0      734.8704   423                    Cuts: 45     2754         
      0     0      741.0090   421                    Cuts: 41     3168         
      0     0      744.4375   393                    Cuts: 32     3522         
      0     0      747.4902   434                    Cuts: 55     3965         
      0     0      751.3608   478                    Cuts: 34     4297         
      0     0      753.1722   444                    Cuts: 34     4482         
      0     0      754.3186   502                    Cuts: 35     4705         
      0     0      756.1926   467                    Cuts: 39     4869         
      0     0      756.6078   495                    Cuts: 15     5062         
      0     0      756.6765   500                    Cuts: 23     5161         
      0     0      756.9120   478                     Cuts: 8     5206         
      0     0      757.4769   483                    Cuts: 32     5499         
      0     0      757.7099   492                    Cuts: 27     5742         
      0     0      757.7099   490                    Cuts: 26     5789         
*     0+    0                         1989.0000      757.7099     5789   61.90%
Found incumbent of value 1989.000000 after 7.23 sec. (3891.87 ticks)
      0     2      757.7099   490     1989.0000      757.7099     5789   61.90%
Elapsed time = 7.77 sec. (4189.81 ticks, tree = 0.01 MB, solutions = 1)
      2     4      758.1891   555     1989.0000      757.7099     9580   61.90%
      4     6      766.0988   473     1989.0000      758.1891    10520   61.88%
      6     8      761.1632   424     1989.0000      758.1891    15608   61.88%
      9    11      766.9312   412     1989.0000      759.1836    16686   61.83%
                                                  Impl Bds: 8                  
     14    16      770.1772   395     1989.0000      759.1836    19034   61.83%
     19    21      767.4390   411     1989.0000      759.1836    22843   61.83%
                                                  Impl Bds: 5                  
     25    27      802.9674   318     1989.0000      759.1836    26987   61.83%
     30    32      818.1142   400     1989.0000      759.1836    29677   61.83%
     33    35      828.1719   446     1989.0000      759.1836    33024   61.83%
     95    97      805.5952   347     1989.0000      759.1836    53129   61.83%
                                                     Cuts: 36                  
Elapsed time = 20.54 sec. (10339.08 ticks, tree = 0.01 MB, solutions = 1)
    154   156      840.8851   428     1989.0000      759.1836    74159   61.83%
    698   700      824.3838   398     1989.0000      759.1836   191316   61.83%
                                                     Cuts: 13                  
*  1917+ 1901                         1500.0000      759.1836   343919   49.39%
Found incumbent of value 1500.000000 after 25.74 sec. (12502.41 ticks)
   2059  2000      770.2708   293     1500.0000      759.2126   352904   49.39%
                                                 Impl Bds: 31                  
   2422  2343      830.8571   233     1500.0000      759.2126   397937   49.39%
   2930  2819      817.8194   375     1500.0000      759.2126   452332   49.39%
*  3235  3073      integral     0     1473.0000      759.2126   478904   48.46%
Found incumbent of value 1473.000000 after 31.33 sec. (15378.32 ticks)
*  3787  3549      integral     0     1426.0000      759.2126   543215   46.76%
Found incumbent of value 1426.000000 after 31.33 sec. (15378.32 ticks)
*  3941  3650      integral     0     1365.0000      759.2126   557631   44.38%
Found incumbent of value 1365.000000 after 31.33 sec. (15378.32 ticks)
   4010  3499      822.2298   420     1365.0000      759.2126   569846   44.38%
                                                     Cuts: 43                  
   4650  4125      948.5399   187     1365.0000      759.2126   667923   44.38%
Elapsed time = 38.23 sec. (17783.84 ticks, tree = 46.09 MB, solutions = 4)
*  5904  5308      integral     0     1356.0000      759.2126   807619   44.01%
Found incumbent of value 1356.000000 after 39.48 sec. (17783.84 ticks)
*  6687  6015      integral     0     1289.0000      759.2126   884749   41.10%
Found incumbent of value 1289.000000 after 39.48 sec. (18063.55 ticks)
*  6691+ 3794                         1281.0000      760.9958   894948   40.59%
Found incumbent of value 1281.000000 after 63.17 sec. (25839.37 ticks)
   6691  3795      758.6431   428     1281.0000      760.9958   894948   40.59%
   6693  3797      759.4346   430     1281.0000      760.9958   898101   40.59%
   6694  3797      761.9452   622     1281.0000      760.9958   904660   40.59%
   6701  3801      776.6869   588     1281.0000      760.9958   920820   40.59%
   6703  3802      766.5902   480     1281.0000      760.9958   925726   40.59%
                                                  Impl Bds: 7                  
   6706  3804      787.3418   529     1281.0000      760.9958   930602   40.59%
   6712  3806      795.5927   349     1281.0000      760.9958   939989   40.59%
   6716  3808      771.7202   454     1281.0000      761.0074   946914   40.59%
                                                     Cuts: 12                  
Elapsed time = 80.04 sec. (39322.78 ticks, tree = 84.99 MB, solutions = 10)
*  6722+ 2549                         1272.0000      761.0074   952373   40.17%
Found incumbent of value 1272.000000 after 80.04 sec. (38832.67 ticks)
*  6724+ 1711                         1271.0000      761.0074   954906   40.13%
Found incumbent of value 1271.000000 after 80.04 sec. (38910.66 ticks)
   6736  1720      811.9792   350     1271.0000      761.4674   965721   40.09%
                                                  ZeroHalf: 9                  
   6756  1736      780.2368   423     1271.0000      761.4674   982402   40.09%
                                                      Cuts: 7                  
   6766  1742      819.7143   451     1271.0000      761.4674   998140   40.09%
*  6775+ 1190                         1264.0000      761.4674  1006016   39.76%
Found incumbent of value 1264.000000 after 89.36 sec. (42944.10 ticks)
   6914  1269      861.0256   486     1264.0000      761.4674  1096893   39.76%
   7398  1552      834.3132   518     1264.0000      761.4674  1206037   39.76%
                                                     Cuts: 21                  
   7430  1572      843.6364   503     1264.0000      761.4674  1221432   39.76%
   7957  1871      850.0196   367     1264.0000      761.4674  1352474   39.76%
                                                  ZeroHalf: 1                  
   8304  2068      992.6418   422     1264.0000      761.4674  1404963   39.76%
  10043  3325      841.5000   351     1264.0000      761.4674  1618349   39.76%
  10216  3496      903.0000   196     1264.0000      761.4674  1660556   39.76%
Elapsed time = 117.19 sec. (52437.66 ticks, tree = 75.32 MB, solutions = 14)
  10280  3558      912.8000   264     1264.0000      761.4674  1683540   39.76%
  11144  4410      942.8827   333     1264.0000      761.4674  1821504   39.76%
  12391  5596      800.7437   435     1264.0000      761.4674  1976367   39.76%
  12850  6019      790.6667   382     1264.0000      761.4674  2036535   39.76%
                                                      Cuts: 4                  
  13042  6197      824.3750   283     1264.0000      761.4674  2079591   39.76%
  13284  6420      948.0351   374     1264.0000      761.4674  2127100   39.76%
  13508  6640     1005.0909   264     1264.0000      761.4674  2169934   39.76%
  13764  6887     1007.3333   186     1264.0000      761.4674  2207935   39.76%
  14798  7896      871.3660   372     1264.0000      761.4674  2339003   39.76%
  15179  8264      790.1348   479     1264.0000      761.4674  2382229   39.76%
Elapsed time = 162.76 sec. (64507.00 ticks, tree = 246.68 MB, solutions = 14)
Nodefile size = 98.13 MB (72.20 MB after compression)
  15691  8755      881.7500   248     1264.0000      761.4674  2429315   39.76%
  16552  9539      898.7214   378     1264.0000      761.4674  2514976   39.76%
  17320 10269     1004.7647   325     1264.0000      761.4674  2592332   39.76%
  18057 10966      800.1326   435     1264.0000      761.4674  2673790   39.76%
  18793 11685      886.8333   241     1264.0000      761.4674  2759594   39.76%
  23261 16053      931.4291   336     1264.0000      764.2264  3174153   39.54%
                                                     Cuts: 27                  
  23870 16617      792.4176   518     1264.0000      764.2264  3255531   39.54%
  24190 16923      865.8025   402     1264.0000      764.2264  3288443   39.54%
  24894 17601      986.7500   183     1264.0000      764.2264  3360433   39.54%
  25630 18315     1105.3133   348     1264.0000      764.2264  3437063   39.54%
Elapsed time = 206.85 sec. (76373.23 ticks, tree = 1155.55 MB, solutions = 14)
Nodefile size = 993.91 MB (769.41 MB after compression)
* 26551 19181      integral     0     1248.0000      764.2264  3529360   38.76%
Found incumbent of value 1248.000000 after 209.97 sec. (76373.23 ticks)
  27206 19794     1088.0000   273     1248.0000      764.2264  3601271   38.76%
  27951 20511     1179.3241   330     1248.0000      764.2264  3684696   38.76%
  29039 21457      818.2565   422     1248.0000      779.5280  3809402   37.54%
                                                     Cuts: 16                  
  29679 22066      922.9444   249     1248.0000      779.5280  3884197   37.54%
  30319 22683      994.7143   296     1248.0000      779.5280  3957560   37.54%
  30866 23204      867.7757   405     1248.0000      779.5280  4010700   37.54%
* 31485+23791                         1242.0000      779.5280  4072854   37.24%
Found incumbent of value 1242.000000 after 237.27 sec. (81380.12 ticks)
  32018 24299     1064.5722   324     1242.0000      779.5280  4124458   37.24%
  33220 25433      944.0000   315     1242.0000      779.5280  4241434   37.24%
  35059 27103     1019.4444   342     1242.0000      788.8902  4412918   36.48%
                                                  ZeroHalf: 9                  
Elapsed time = 246.96 sec. (88918.50 ticks, tree = 2533.90 MB, solutions = 15)
Nodefile size = 2380.91 MB (1861.85 MB after compression)
  35763 27777     1091.0444   309     1242.0000      788.8902  4488321   36.48%
  36435 28403      955.1895   386     1242.0000      788.8902  4559008   36.48%
* 36827+28770                         1241.0000      788.8902  4602452   36.43%
Found incumbent of value 1241.000000 after 261.67 sec. (88692.74 ticks)
  37485 29403     1066.6435   307     1241.0000      788.8902  4663913   36.43%
  38547 30408      815.2953   500     1241.0000      788.8902  4772019   36.43%
  38963 30807      919.7083   260     1241.0000      788.8902  4811411   36.43%
  40069 31839     1026.2500   238     1241.0000      788.8902  4938828   36.43%
  41620 33285     1029.7500   210     1241.0000      800.1326  5107891   35.53%
                                                  ZeroHalf: 1                  
  42588 34195      980.0000   257     1241.0000      800.1326  5236418   35.53%
  43292 34869     1065.1667   220     1241.0000      800.1326  5302811   35.53%
  43924 35467      942.5000   209     1241.0000      800.1326  5371445   35.53%
Elapsed time = 291.76 sec. (99815.58 ticks, tree = 3325.27 MB, solutions = 17)
Nodefile size = 3163.21 MB (2479.91 MB after compression)
  44372 35897      962.5000   393     1241.0000      800.1326  5416069   35.53%
  44820 36302     1011.3810   379     1241.0000      800.1326  5461828   35.53%
  47518 38861     1046.7667   366     1241.0000      803.4286  5723046   35.26%
                                                     Cuts: 10                  
  48414 39714      834.6593   371     1241.0000      803.4286  5830393   35.26%
  49150 40418      946.8333   205     1241.0000      803.4286  5902520   35.26%
  50878 42045      880.4224   337     1241.0000      803.4286  6066378   35.26%
  51934 43066     1018.3333   332     1241.0000      803.4286  6165365   35.26%
  53048 44090     1108.8000   259     1241.0000      803.4286  6265178   35.26%
  54518 45466      822.9051   381     1241.0000      806.0556  6421931   35.05%
  55350 46263      976.8929   306     1241.0000      806.0556  6514130   35.05%
Elapsed time = 336.09 sec. (113093.47 ticks, tree = 4866.09 MB, solutions = 17)
Nodefile size = 4708.99 MB (3696.60 MB after compression)
  56534 47351     1177.0625   229     1241.0000      806.0556  6641532   35.05%
  57366 48125      898.9016   383     1241.0000      806.0556  6733063   35.05%
  58652 49323     1136.5000   245     1241.0000      806.0556  6843860   35.05%
  59410 50019      940.7685   299     1241.0000      806.0556  6920853   35.05%
* 60547+51058                         1230.0000      808.3923  7019323   34.28%
                                                  Impl Bds: 2                  
Found incumbent of value 1230.000000 after 365.41 sec. (121366.89 ticks)
* 60547+51058                         1223.0000      808.3923  7019323   33.90%
Found incumbent of value 1223.000000 after 365.51 sec. (121406.61 ticks)
  60547 51060     1105.3000   290     1223.0000      808.3923  7019323   33.90%
* 60549+51060                         1207.0000      808.3923  7019711   33.02%
Found incumbent of value 1207.000000 after 366.58 sec. (117885.16 ticks)
  60869 49951      940.1042   299     1207.0000      808.3923  7090002   33.02%
  61506 50572     1100.2005   311     1207.0000      808.3923  7170855   33.02%
  62713 51706      923.5000   255     1207.0000      808.3923  7286833   33.02%
* 62877 51845      integral     0     1168.0000      808.3923  7305611   30.79%
Found incumbent of value 1168.000000 after 383.44 sec. (125152.27 ticks)
  67307 51727     1065.0833   208     1168.0000      810.7427  7777720   30.59%
                                                     Cuts: 13                  
Elapsed time = 395.84 sec. (128978.73 ticks, tree = 5478.38 MB, solutions = 64)
Nodefile size = 5341.86 MB (4177.79 MB after compression)
  70323 54455      855.0000   405     1168.0000      810.7427  8112343   30.59%
* 71998+55981                         1161.0000      810.7427  8293961   30.17%
Found incumbent of value 1161.000000 after 410.69 sec. (132486.57 ticks)
  74499 57338      919.6451   346     1161.0000      812.7500  8561285   30.00%
                                                      Cuts: 4                  
  77881 60413      850.6905   336     1161.0000      814.6608  8915930   29.83%
                                                  ZeroHalf: 1                  
  81567 63774      981.0498   348     1161.0000      814.6608  9308100   29.83%
  85095 66972      833.5076   331     1161.0000      816.0266  9678611   29.71%
  88776 70294      926.6176   397     1161.0000      816.0266 10067517   29.71%
  90057 71443      864.9725   453     1161.0000      817.5238 10235242   29.58%
  94418 75359     1066.5088   254     1161.0000      819.1250 10761696   29.45%
  97233 77927     1110.5000    95     1161.0000      819.1250 11089420   29.45%
 100653 81026      942.9786   402     1161.0000      820.4400 11506047   29.33%
                                                      Cuts: 6                  
Elapsed time = 541.70 sec. (170450.68 ticks, tree = 9055.93 MB, solutions = 67)
Nodefile size = 8912.97 MB (6959.92 MB after compression)
*102939+83082                         1158.0000      820.4400 11737102   29.15%
Found incumbent of value 1158.000000 after 551.29 sec. (171199.59 ticks)
 105190 85128     1037.8523   303     1158.0000      820.4400 11986504   29.15%
 107599 86949      902.1818   409     1158.0000      821.5055 12247033   29.06%
                                                      Cuts: 8                  
 110121 89226     1074.1914   403     1158.0000      821.5055 12515975   29.06%
 113869 92605      967.9438   361     1158.0000      822.3563 12929973   28.98%
                                                  ZeroHalf: 1                  
 117628 95943      854.5667   330     1158.0000      823.3333 13355091   28.90%
 121350 99299      862.0000   239     1158.0000      823.3333 13771402   28.90%
 123758 101460      924.0667   305     1158.0000      824.6378 14047125   28.79%
                                                  Impl Bds: 4                  
 127763 105066     1117.5927   321     1158.0000      824.6378 14481138   28.79%
 130592 107633      935.3794   366     1158.0000      825.4315 14771086   28.72%
                                                  Impl Bds: 5                  
 134861 111451      939.8916   346     1158.0000      826.1111 15216068   28.66%
                                                      Cuts: 5                  
Elapsed time = 687.17 sec. (211083.98 ticks, tree = 12932.32 MB, solutions = 68)
Nodefile size = 12788.34 MB (9983.49 MB after compression)
 138208 114479      880.2333   330     1158.0000      826.1111 15648736   28.66%
 140522 116564     1009.1667   183     1158.0000      826.6567 15960560   28.61%
                                                  Impl Bds: 2                  
 145773 121235      892.3333   291     1158.0000      827.9091 16501846   28.51%
                                                  Impl Bds: 5                  
 147994 123257      968.0521   461     1158.0000      827.9091 16778065   28.51%
 151557 126426      894.0000   287     1158.0000      828.4286 17209092   28.46%
                                                  ZeroHalf: 1                  
 156392 130732     1120.1667   188     1158.0000      828.4286 17742340   28.46%
 157738 131950      877.4211   272     1158.0000      829.5000 17894069   28.37%
                                                  ZeroHalf: 2                  
 161795 135533      874.1333   341     1158.0000      830.1667 18354645   28.31%
 164067 137600      892.3826   357     1158.0000      830.1667 18675720   28.31%
 167466 140641      922.0833   342     1158.0000      830.7727 19158485   28.26%
                                                  Impl Bds: 2                  
Elapsed time = 829.41 sec. (252451.82 ticks, tree = 15688.79 MB, solutions = 68)
Nodefile size = 15541.52 MB (12054.51 MB after compression)
*172418+145067                         1136.0000      830.7727 19647374   26.87%
Found incumbent of value 1136.000000 after 838.99 sec. (255025.90 ticks)
 172460 140605      927.5714   360     1136.0000      831.4256 19651952   26.81%
                                                  Impl Bds: 7                  
*174503+142410                         1109.0000      831.4256 19909952   25.03%
Found incumbent of value 1109.000000 after 858.47 sec. (257612.41 ticks)
 175302 143092      949.3000   288     1109.0000      831.4256 20005374   25.03%
 178761 134686     1023.9375   315     1109.0000      832.0000 20429456   24.98%
 182440 137891      925.5766   326     1109.0000      832.0000 20867979   24.98%
 184028 139282      970.6429   225     1109.0000      832.6395 21063999   24.92%
*184702+139859                         1105.0000      832.6395 21140710   24.65%
Found incumbent of value 1105.000000 after 904.70 sec. (271542.20 ticks)
 187787 140646     1084.0455   286     1105.0000      833.1875 21508935   24.60%
 190955 143418     1098.9361   305     1105.0000      833.1875 21891396   24.60%
 193884 145971      928.3333   291     1105.0000      833.8943 22262298   24.53%
                                                  ZeroHalf: 1                  
 196924 148652      897.0310   366     1105.0000      833.8943 22626129   24.53%
 200034 151331     1038.3011   365     1105.0000      834.4258 23020489   24.49%
                                                  ZeroHalf: 1                  
Elapsed time = 971.56 sec. (293153.87 ticks, tree = 17162.60 MB, solutions = 71)
Nodefile size = 17013.46 MB (13094.76 MB after compression)
 203267 154097     1060.1667   243     1105.0000      834.4258 23402180   24.49%
 205764 156242     1021.6667   171     1105.0000      835.0820 23735052   24.43%
                                                  ZeroHalf: 1                  
*207043+157324                         1093.0000      835.0820 23893534   23.60%
Found incumbent of value 1093.000000 after 1004.28 sec. (300643.19 ticks)
 208893 152584      927.8265   339     1093.0000      835.6282 24118782   23.55%
                                                  Impl Bds: 2                  
 209795 153385      922.6667   245     1093.0000      835.6282 24252935   23.55%
 213651 156758      973.3476   317     1093.0000      836.0000 24877158   23.51%
                                                      Cuts: 6                  
 218582 160984      916.5556   260     1093.0000      836.7782 25448793   23.44%
*218729+161114                         1086.0000      836.7782 25472673   22.95%
Found incumbent of value 1086.000000 after 1056.61 sec. (316518.18 ticks)
 222198 164113     1023.6286   201     1086.0000      836.7782 25937787   22.95%
 224357 161577      908.8058   452     1086.0000      837.5000 26184686   22.88%
*225895+162895                         1080.0000      837.5000 26387262   22.45%
Found incumbent of value 1080.000000 after 1092.92 sec. (326572.43 ticks)
 228561 165189     1012.1944   323     1080.0000      837.5000 26708161   22.45%
 230880 163419     1038.7167   286     1080.0000      837.8871 26969342   22.42%
Elapsed time = 1109.75 sec. (333127.45 ticks, tree = 18199.77 MB, solutions = 73)
Nodefile size = 18046.36 MB (13806.64 MB after compression)
*232270+164624                         1079.0000      837.8871 27126274   22.35%
Found incumbent of value 1079.000000 after 1116.38 sec. (332988.38 ticks)
 235193 166399      847.4789   348     1079.0000      838.7000 27458966   22.27%
 238814 169453      959.1795   321     1079.0000      838.7000 27915978   22.27%
 241018 171348     1021.5460   270     1079.0000      839.1667 28189834   22.23%
 245200 174934      889.0000   284     1079.0000      839.1667 28712417   22.23%
 247603 176956      941.5556   382     1079.0000      839.8030 29006708   22.17%
 251534 180279     1046.8182   210     1079.0000      840.3333 29501567   22.12%
*252094 180766      integral     0     1076.0000      840.3333 29582149   21.90%
Found incumbent of value 1076.000000 after 1205.44 sec. (359440.98 ticks)
 253454 181918     1009.5833   222     1076.0000      840.3333 29761326   21.90%
*256311+182279                         1072.0000      840.7556 30127347   21.57%
                                                  Impl Bds: 3                  
Found incumbent of value 1072.000000 after 1226.22 sec. (365201.50 ticks)
 256887 182765      973.2563   317     1072.0000      840.7556 30194269   21.57%
 261469 186719      974.8906   295     1072.0000      840.7556 30744971   21.57%
Elapsed time = 1241.78 sec. (370959.79 ticks, tree = 20848.53 MB, solutions = 76)
Nodefile size = 20682.64 MB (15782.02 MB after compression)
*262100+184323                         1066.0000      841.3605 30818586   21.07%
Found incumbent of value 1066.000000 after 1250.78 sec. (372091.12 ticks)
 263970 185918      963.2112   364     1066.0000      841.3605 31053861   21.07%
 266374 187994      993.1778   325     1066.0000      841.3605 31330056   21.07%
 267821 184628      931.6875   443     1066.0000      841.8409 31509979   21.03%
                                                  ZeroHalf: 1                  
*270081+186543                         1064.0000      841.8409 31961530   20.88%
Found incumbent of value 1064.000000 after 1291.20 sec. (382087.81 ticks)
 270960 185612      902.3333   281     1064.0000      842.0385 32107309   20.86%
 273924 188121     1005.5833   304     1064.0000      842.0385 32477100   20.86%
 277230 190908      962.5625   304     1064.0000      842.6667 32923270   20.80%
 280271 193447      868.9250   399     1064.0000      842.6667 33344736   20.80%
 282371 195187      905.5000   277     1064.0000      843.1250 33639314   20.76%
 285910 198149      972.3167   224     1064.0000      843.6667 34083300   20.71%
 289082 200800      860.0000   258     1064.0000      843.6667 34483265   20.71%
Elapsed time = 1382.19 sec. (410804.42 ticks, tree = 22630.05 MB, solutions = 80)
Nodefile size = 22472.49 MB (17089.30 MB after compression)
 292336 203544      883.1971   369     1064.0000      844.2143 34910994   20.66%
 295898 206518      880.4167   296     1064.0000      844.2143 35355746   20.66%
 298489 208709      941.1769   239     1064.0000      844.6739 35688066   20.61%
                                                  Impl Bds: 2                  
 301514 211247     1006.6083   235     1064.0000      844.6739 36076357   20.61%
 303587 212990      994.3100   306     1064.0000      845.0556 36330511   20.58%
                                                      Cuts: 5                  
 307670 216434     1007.3250   183     1064.0000      845.3855 36824071   20.55%
                                                  Impl Bds: 1                  
 310454 218819      949.7500   280     1064.0000      845.3855 37213691   20.55%
 313214 221141      947.8333   305     1064.0000      845.9369 37577837   20.49%
                                                    Covers: 1                  
 315902 223361        cutoff           1064.0000      845.9369 37943436   20.49%
 318957 225921      929.7313   402     1064.0000      846.3147 38341558   20.46%
                                                      Cuts: 3                  
Elapsed time = 1524.22 sec. (450418.52 ticks, tree = 26055.11 MB, solutions = 80)
Nodefile size = 25902.90 MB (19670.99 MB after compression)
*319256+226180                         1057.0000      846.3147 38382065   19.93%
Found incumbent of value 1057.000000 after 1525.08 sec. (450069.51 ticks)
 322625 228962      860.0588   315     1057.0000      846.3147 38804544   19.93%
 324837 224682     1051.6381   251     1057.0000      846.7500 39087814   19.89%
 328700 227883     1041.9762   173     1057.0000      847.1667 39561426   19.85%
                                                  Impl Bds: 3                  
 330984 229783      979.5000   198     1057.0000      847.1667 39870496   19.85%
 334668 232691      907.3037   472     1057.0000      847.6005 40331835   19.81%
                                                     Cuts: 18                  
 337342 234892      911.5208   299     1057.0000      847.6005 40847952   19.81%
 339669 236783      946.7222   250     1057.0000      847.8261 41179565   19.79%
                                                    Covers: 1                  
 343240 239690      901.6875   252     1057.0000      848.3854 41600420   19.74%
*345563+241576                         1049.0000      848.3854 41903516   19.12%
Found incumbent of value 1049.000000 after 1651.00 sec. (485231.41 ticks)
 346272 242158      944.8421   253     1049.0000      848.3854 42011803   19.12%
 348434 235816      893.0556   249     1049.0000      848.7333 42318725   19.09%
Elapsed time = 1665.32 sec. (491641.37 ticks, tree = 27116.60 MB, solutions = 81)
Nodefile size = 26965.23 MB (20414.91 MB after compression)
 351457 238354      967.0029   402     1049.0000      848.7333 42738730   19.09%
 354917 241168      939.8660   366     1049.0000      849.1176 43179691   19.05%
 358520 244127      908.6000   250     1049.0000      849.1176 43651951   19.05%
 360356 245542     1033.2000   189     1049.0000      849.5000 43904576   19.02%
 363150 247734      904.2874   397     1049.0000      849.8016 44265068   18.99%
                                                    Covers: 2                  
 366164 250256      978.8733   362     1049.0000      849.8016 44648434   18.99%
 369371 252799      943.2917   260     1049.0000      850.2344 45054454   18.95%
                                                      Cuts: 3                  
 372379 255245        cutoff           1049.0000      850.2344 45458750   18.95%
*373259+255970                         1047.0000      850.2344 45574201   18.79%
Found incumbent of value 1047.000000 after 1777.65 sec. (522954.68 ticks)
 375472 255422      894.6667   226     1047.0000      850.6268 45846434   18.76%
                                                      Cuts: 3                  
 379884 259026      904.9945   356     1047.0000      850.6268 46426126   18.76%
Elapsed time = 1803.34 sec. (531338.38 ticks, tree = 29578.07 MB, solutions = 83)
Nodefile size = 29415.29 MB (22243.57 MB after compression)
 380854 259709      973.5577   347     1047.0000      851.0231 46566421   18.72%
                                                  ZeroHalf: 1                  
 383813 262089      871.4905   311     1047.0000      851.0231 46987037   18.72%
 384719 262793      916.1111   316     1047.0000      851.3704 47122570   18.68%
 389712 266797      928.5208   286     1047.0000      851.6875 47760931   18.65%
 393793 270140      870.6837   295     1047.0000      851.6875 48278464   18.65%
 396097 271942     1002.5000   255     1047.0000      852.0714 48594842   18.62%
 398718 274094      980.2222   329     1047.0000      852.0714 48934667   18.62%
 401362 276154      884.6250   273     1047.0000      852.4000 49295615   18.59%
 405187 279229      911.7308   329     1047.0000      852.4000 49774407   18.59%
 406501 280247      903.2500   332     1047.0000      852.7500 49955968   18.55%
Elapsed time = 1944.30 sec. (570928.70 ticks, tree = 32737.50 MB, solutions = 83)
Nodefile size = 32588.79 MB (24612.80 MB after compression)
 409444 282675     1019.2159   359     1047.0000      852.7500 50325162   18.55%
 411575 284364      936.7979   314     1047.0000      853.0625 50634430   18.52%
 415145 287206      915.8696   336     1047.0000      853.2840 51224052   18.50%
                                                  ZeroHalf: 2                  
 417769 289359     1040.3333   191     1047.0000      853.2840 51574855   18.50%
 420823 291842      879.7500   306     1047.0000      853.6296 51967313   18.47%
 424481 294838      921.4167   318     1047.0000      853.6296 52411899   18.47%
 426610 296495      882.1429   356     1047.0000      853.9333 52662203   18.44%
 429906 299158      940.3943   435     1047.0000      853.9333 53048202   18.44%
 433876 302316      902.2500   314     1047.0000      854.2778 53544502   18.41%
 437950 305654      950.3367   323     1047.0000      854.2778 54028401   18.41%
Elapsed time = 2079.29 sec. (609678.23 ticks, tree = 35065.26 MB, solutions = 83)
Nodefile size = 34899.01 MB (26340.39 MB after compression)
 439446 306850        cutoff           1047.0000      854.6200 54213586   18.37%
 443163 309862      914.7222   299     1047.0000      854.9198 54670203   18.35%
 445171 311518      902.5625   363     1047.0000      854.9198 54911141   18.35%
 449836 315318      916.0333   234     1047.0000      855.1667 55484779   18.32%
 452504 317509      884.1106   370     1047.0000      855.1667 55807822   18.32%
 455654 320044      895.9583   222     1047.0000      855.5080 56193878   18.29%
 458004 321937      910.3706   404     1047.0000      855.5080 56520325   18.29%
 461190 324509      930.1667   224     1047.0000      855.9000 56916720   18.25%
 465038 327651      895.6250   188     1047.0000      855.9000 57422498   18.25%
 466888 329092     1021.2500   283     1047.0000      856.1250 57665987   18.23%
Elapsed time = 2222.40 sec. (649283.10 ticks, tree = 38551.86 MB, solutions = 83)
Nodefile size = 38404.22 MB (28966.44 MB after compression)
 471037 332465      867.5333   288     1047.0000      856.1250 58204117   18.23%
 472865 333935      965.9750   328     1047.0000      856.4250 58440016   18.20%
 475568 336085      977.1920   274     1047.0000      856.4250 58812500   18.20%
 477691 337813      889.6480   496     1047.0000      856.6667 59091250   18.18%
 481978 341267      892.5526   323     1047.0000      857.0000 59597540   18.15%
 485591 344248      885.9444   376     1047.0000      857.0000 60054458   18.15%
 488198 346329      882.8333   271     1047.0000      857.2500 60387801   18.12%
 489926 347706      983.9817   408     1047.0000      857.2500 60618182   18.12%
 493184 350281     1010.6875   247     1047.0000      857.5000 61081274   18.10%
                                                  ZeroHalf: 1                  
 496854 353270     1021.5846   361     1047.0000      857.5000 61627778   18.10%
Elapsed time = 2360.75 sec. (688772.90 ticks, tree = 41351.32 MB, solutions = 83)
Nodefile size = 41211.25 MB (31073.32 MB after compression)
 498145 354319     1022.3820   391     1047.0000      857.6894 61809579   18.08%
 503462 358569      865.8333   192     1047.0000      857.9815 62447520   18.05%
 505687 360409        cutoff           1047.0000      857.9815 62733859   18.05%
 508842 362911     1032.1905   224     1047.0000      858.2301 63181585   18.03%
 510640 364377      876.7811   420     1047.0000      858.2301 63414094   18.03%
 514642 367626      884.8455   340     1047.0000      858.4101 63871410   18.01%
 518578 370818     1000.8000   284     1047.0000      858.4101 64374647   18.01%
 521169 372889      899.3333   186     1047.0000      858.7500 64683739   17.98%
 524045 375217      971.2778   303     1047.0000      858.7500 65032654   17.98%
 526866 377454      908.9770   330     1047.0000      859.0000 65390614   17.96%
Elapsed time = 2503.92 sec. (728525.70 ticks, tree = 44279.83 MB, solutions = 83)
Nodefile size = 44137.12 MB (33258.34 MB after compression)
 530421 380353      996.0000   207     1047.0000      859.0000 65826859   17.96%
 533325 382703      970.1885   446     1047.0000      859.2500 66190885   17.93%
 537704 386185      932.7354   350     1047.0000      859.5057 66718439   17.91%
 538016 386461     1010.0178   474     1047.0000      859.5057 66797033   17.91%
 540986 388854      958.7234   438     1047.0000      859.5455 67395638   17.90%
 546873 393611      942.6875   360     1047.0000      859.8333 68118078   17.88%
 549209 395488      928.2297   366     1047.0000      859.8333 68430897   17.88%
 551589 397383      988.0000   383     1047.0000      860.1042 68723203   17.85%
 554917 400083      977.6667   332     1047.0000      860.1042 69153725   17.85%
 558161 402642      915.0455   363     1047.0000      860.3690 69566068   17.83%
                                                  Impl Bds: 1                  
Elapsed time = 2651.86 sec. (770798.88 ticks, tree = 47151.93 MB, solutions = 83)
Nodefile size = 47013.07 MB (35341.34 MB after compression)
 561661 405490      908.0000   431     1047.0000      860.3690 70002738   17.83%
 564621 407849      987.1250   289     1047.0000      860.5833 70367514   17.80%
                                                  Impl Bds: 5                  
 567506 410208      872.7232   398     1047.0000      860.5833 70739593   17.80%
 570047 412219      870.3462   302     1047.0000      860.8444 71054964   17.78%
                                                      Cuts: 3                  
 573746 415214      898.7667   300     1047.0000      860.8444 71517683   17.78%
 576068 417053     1039.0104   286     1047.0000      861.1000 71798135   17.76%
                                                      Cuts: 4                  
 580046 420238      887.0343   332     1047.0000      861.2500 72267604   17.74%
                                                      Cuts: 8                  
 581742 421642      909.4333   459     1047.0000      861.2500 72560273   17.74%
 585410 424592      965.7154   273     1047.0000      861.4813 73135454   17.72%
 587920 426605      972.8571   403     1047.0000      861.4813 73478059   17.72%
Elapsed time = 2789.80 sec. (811662.35 ticks, tree = 49597.88 MB, solutions = 83)
Nodefile size = 49440.67 MB (37097.08 MB after compression)
 591951 429855      946.7959   422     1047.0000      861.7000 73960567   17.70%
                                                  Impl Bds: 2                  
 595433 432643      887.8621   334     1047.0000      861.9574 74400080   17.67%
                                                    Covers: 1                  
 597710 434533      980.6756   396     1047.0000      861.9574 74696127   17.67%
 601639 437652     1012.7778   202     1047.0000      862.0923 75192029   17.66%
                                                  Impl Bds: 1                  
 603719 439340      973.7500   215     1047.0000      862.0923 75451846   17.66%
 606335 441493      996.1667   285     1047.0000      862.3973 75792263   17.63%
                                                  Impl Bds: 1                  
 608922 443588      963.8312   282     1047.0000      862.3973 76242839   17.63%
 611351 445555      921.5679   370     1047.0000      862.5000 76620020   17.62%
 613967 447682      883.4943   443     1047.0000      862.5000 76934239   17.62%
 617784 450759      965.8333   281     1047.0000      862.7450 77424124   17.60%
Elapsed time = 2935.74 sec. (851523.89 ticks, tree = 52436.58 MB, solutions = 83)
Nodefile size = 52295.65 MB (39159.19 MB after compression)
 621268 453569      979.1400   317     1047.0000      862.9643 77871698   17.58%
 624643 456334     1033.1328   403     1047.0000      862.9643 78298374   17.58%
 627512 458610      908.4762   291     1047.0000      863.1616 78650902   17.56%
 631138 461523      979.8750   310     1047.0000      863.1616 79075872   17.56%
 634025 463835      891.0969   321     1047.0000      863.3333 79410718   17.54%
                                                  Impl Bds: 2                  
 636396 465722      994.2000   257     1047.0000      863.3333 79730946   17.54%
 639058 467877      934.7315   289     1047.0000      863.5833 80068770   17.52%
                                                  Impl Bds: 1                  
 642342 470558      911.9713   353     1047.0000      863.5833 80479683   17.52%
 644598 472374      877.3077   408     1047.0000      863.8000 80766425   17.50%
                                                    Covers: 1                  
 645849 473408      983.4121   473     1047.0000      863.8000 80997487   17.50%
Elapsed time = 3076.12 sec. (891021.27 ticks, tree = 55281.08 MB, solutions = 83)
Nodefile size = 55146.87 MB (41223.68 MB after compression)
 649661 476500      959.8750   308     1047.0000      863.9400 81638613   17.48%
 653535 479609      935.5942   267     1047.0000      864.1667 82109434   17.46%
                                                    Covers: 1                  
 657315 482715     1015.0952   266     1047.0000      864.1667 82604314   17.46%
 659683 484572     1028.3137   275     1047.0000      864.3333 82884393   17.45%
 663333 487565      934.8333   244     1047.0000      864.3333 83327696   17.45%
 665788 489515      999.7952   208     1047.0000      864.5339 83620208   17.43%
                                                  Impl Bds: 2                  
 668377 491601      984.7500   293     1047.0000      864.5339 83949658   17.43%
 670919 493619      927.4091   305     1047.0000      864.6839 84268254   17.41%
                                                  Impl Bds: 1                  
 673889 496033      893.6090   405     1047.0000      864.6839 84625577   17.41%
 677815 499213     1008.4608   359     1047.0000      864.8810 85093898   17.39%
Elapsed time = 3217.34 sec. (930348.17 ticks, tree = 58135.47 MB, solutions = 83)
Nodefile size = 57995.73 MB (43272.67 MB after compression)
 681487 502190      959.9167   223     1047.0000      864.8810 85538752   17.39%
 683622 503895      998.0417   295     1047.0000      865.0565 85805955   17.38%
                                                    Covers: 1                  
 686953 506610      975.3056   293     1047.0000      865.0565 86220281   17.38%
 688716 508041      924.3704   317     1047.0000      865.2500 86468807   17.36%
                                                      Cuts: 3                  
 691495 510270      942.7869   497     1047.0000      865.2500 86997985   17.36%
 692655 511177     1045.2798   146     1047.0000      865.3333 87210203   17.35%
                                                  Impl Bds: 2                  
 698401 515831     1037.6667   199     1047.0000      865.5208 87877759   17.33%
                                                     Cuts: 12                  
 699090 516385      938.4915   475     1047.0000      865.5208 87979888   17.33%
 703678 520007      985.9833   463     1047.0000      865.6667 88561364   17.32%
                                                  Impl Bds: 3                  
 708154 523586      975.2000   215     1047.0000      865.6667 89093219   17.32%
Elapsed time = 3354.53 sec. (971689.54 ticks, tree = 60380.87 MB, solutions = 83)
Nodefile size = 60224.01 MB (44855.36 MB after compression)
 709279 524484      978.6596   405     1047.0000      865.9359 89239149   17.29%
                                                  Impl Bds: 3                  
 713411 527883      878.4125   315     1047.0000      865.9359 89723404   17.29%
 717128 530835      977.7000   281     1047.0000      866.0000 90184605   17.29%
                                                  Impl Bds: 2                  
 720480 533538      878.9487   291     1047.0000      866.0000 90583901   17.29%
 722777 535419      877.2670   298     1047.0000      866.2619 90850480   17.26%
 726572 538476     1032.7056   275     1047.0000      866.2619 91330372   17.26%
 727167 538939     1002.0000   392     1047.0000      866.5000 91431757   17.24%
 729944 541159      994.9727   334     1047.0000      866.5196 92034652   17.24%
 730372 541517      980.2381   435     1047.0000      866.5196 92118669   17.24%
 734929 545210     1042.4021   416     1047.0000      866.6471 92711823   17.23%
Elapsed time = 3495.96 sec. (1010587.09 ticks, tree = 63213.98 MB, solutions = 83)
Nodefile size = 63078.79 MB (46892.54 MB after compression)
 737833 547541      899.1667   242     1047.0000      866.6471 93105132   17.23%
 741611 550562      941.3800   331     1047.0000      866.8625 93558955   17.21%
 745206 553494      956.2292   304     1047.0000      866.8625 93992442   17.21%
 747767 555537      900.4522   325     1047.0000      867.0000 94318965   17.19%
                                                    Covers: 1                  
 750540 557775      877.7945   361     1047.0000      867.0000 94685595   17.19%
 753059 559748      897.0329   431     1047.0000      867.2192 95001357   17.17%
                                                  Impl Bds: 2                  
 757240 563159      991.9792   314     1047.0000      867.2192 95532897   17.17%
 758826 564423      955.9167   270     1047.0000      867.3854 95726558   17.16%
                                                  Impl Bds: 2                  
 763254 568002      926.2222   268     1047.0000      867.3854 96232751   17.16%
 764067 568646     1015.1000   305     1047.0000      867.5200 96372572   17.14%
                                                  Impl Bds: 2                  
Elapsed time = 3630.65 sec. (1049423.62 ticks, tree = 66156.95 MB, solutions = 83)
Nodefile size = 66023.38 MB (48993.72 MB after compression)
 766202 570339      981.4444   377     1047.0000      867.5200 96819539   17.14%
 767297 571234      996.3333   298     1047.0000      867.5994 97025431   17.13%
                                                  ZeroHalf: 1                  
 772689 575583      935.6296   323     1047.0000      867.7511 97684532   17.12%
 774897 577357      988.4167   365     1047.0000      867.7511 97975288   17.12%
 778248 580062      880.2083   315     1047.0000      867.9597 98406819   17.10%
 781872 582986      916.7708   332     1047.0000      867.9597 98861986   17.10%
 784744 585304      998.7500   207     1047.0000      868.1667 99206933   17.08%
 787464 587485      892.4746   366     1047.0000      868.1667 99577980   17.08%
 789777 589352      960.4852   255     1047.0000      868.3250 99867159   17.07%
 794096 592897      966.0000   287     1047.0000      868.3250 1.00e+08   17.07%
Elapsed time = 3771.26 sec. (1088531.70 ticks, tree = 68418.69 MB, solutions = 83)
Nodefile size = 68259.45 MB (50593.54 MB after compression)
 796542 594851      934.5000   258     1047.0000      868.5000 1.01e+08   17.05%
 800265 597840      882.8235   299     1047.0000      868.5000 1.01e+08   17.05%
 801563 598849     1040.3125   269     1047.0000      868.6250 1.01e+08   17.04%
 801916 599130      959.8056   451     1047.0000      868.6250 1.01e+08   17.04%
 804546 601256     1022.8554   406     1047.0000      868.7222 1.02e+08   17.03%
 810540 606025      907.6250   253     1047.0000      868.8755 1.03e+08   17.01%
 813561 608406      990.2611   405     1047.0000      868.8755 1.03e+08   17.01%
 815674 610071      944.4500   282     1047.0000      869.0250 1.03e+08   17.00%
                                                  Impl Bds: 3                  
 818938 612722      951.7054   443     1047.0000      869.0250 1.04e+08   17.00%
 822015 615168      925.8222   375     1047.0000      869.2500 1.04e+08   16.98%
                                                  ZeroHalf: 2                  
Elapsed time = 3907.60 sec. (1128869.91 ticks, tree = 71365.42 MB, solutions = 83)
Nodefile size = 71232.19 MB (52699.90 MB after compression)
 825567 618055      950.6944   298     1047.0000      869.2500 1.05e+08   16.98%
 828780 620637      965.1333   280     1047.0000      869.4222 1.05e+08   16.96%
 832301 623463     1037.1000   271     1047.0000      869.4222 1.05e+08   16.96%
 834197 624956      915.5946   338     1047.0000      869.5625 1.06e+08   16.95%
 838928 628787      902.9497   389     1047.0000      869.5625 1.06e+08   16.95%
 839729 629435     1014.5952   435     1047.0000      869.7500 1.06e+08   16.93%
 841520 630875      926.0833   300     1047.0000      869.7500 1.07e+08   16.93%
 845527 634074        cutoff           1047.0000      869.7867 1.07e+08   16.93%
 848926 636806     1035.5000    95     1047.0000      870.0000 1.08e+08   16.91%
*850981 638490      integral     0     1042.0000      870.0000 1.08e+08   16.51%
Elapsed time = 4045.08 sec. (1164711.08 ticks, tree = 73641.69 MB, solutions = 83)
Nodefile size = 73501.72 MB (54303.65 MB after compression)
Found incumbent of value 1042.000000 after 4045.08 sec. (1164711.08 ticks)
 852057 639371      976.2500   229     1042.0000      870.0000 1.08e+08   16.51%
*854106+641022                         1029.0000      870.0000 1.08e+08   15.45%
Found incumbent of value 1029.000000 after 4053.06 sec. (1168410.60 ticks)
 855692 603273      984.1515   332     1029.0000      870.1471 1.08e+08   15.44%
 857820 604917      980.3750   296     1029.0000      870.1471 1.09e+08   15.44%
 861682 607896      955.3438   373     1029.0000      870.2500 1.09e+08   15.43%
 864078 609747      943.0343   376     1029.0000      870.2500 1.10e+08   15.43%
 866681 611705      884.8047   497     1029.0000      870.4784 1.10e+08   15.41%
 871670 615641      935.2381   292     1029.0000      870.4784 1.11e+08   15.41%
 872147 615957     1011.9698   456     1029.0000      870.6111 1.11e+08   15.39%
 874815 618018      933.3333   234     1029.0000      870.7045 1.11e+08   15.38%
 877693 620249      929.1026   341     1029.0000      870.7045 1.12e+08   15.38%
Elapsed time = 4176.45 sec. (1204596.32 ticks, tree = 71300.97 MB, solutions = 85)
Nodefile size = 71157.39 MB (52366.40 MB after compression)
 880992 622750      908.4167   277     1029.0000      870.8654 1.12e+08   15.37%
 884729 625603      907.6787   367     1029.0000      870.8654 1.13e+08   15.37%
 886829 627203      955.0003   454     1029.0000      871.0323 1.13e+08   15.35%
 891466 630793      961.7500   244     1029.0000      871.0323 1.13e+08   15.35%
 893259 632088      898.2245   291     1029.0000      871.1733 1.14e+08   15.34%
 896190 634353      934.4773   315     1029.0000      871.1733 1.14e+08   15.34%
 898620 636214      977.7593   300     1029.0000      871.3333 1.14e+08   15.32%
 903007 639607      890.7083   254     1029.0000      871.5000 1.15e+08   15.31%
                                                  Impl Bds: 2                  
 903339 639858      951.5714   395     1029.0000      871.5000 1.15e+08   15.31%
 906166 642012      970.0000   441     1029.0000      871.5200 1.16e+08   15.30%
                                                      Cuts: 2                  
Elapsed time = 4326.74 sec. (1246442.84 ticks, tree = 74051.65 MB, solutions = 85)
Nodefile size = 73916.00 MB (54288.30 MB after compression)
 911608 646213     1007.5000   238     1029.0000      871.6667 1.16e+08   15.29%
                                                    Covers: 1                  
 913496 647660      885.4236   369     1029.0000      871.6667 1.16e+08   15.29%
 916756 650076      927.0625   292     1029.0000      871.8750 1.17e+08   15.27%
                                                  Impl Bds: 1                  
 919047 651832      998.7000   335     1029.0000      871.8750 1.17e+08   15.27%
 922963 654782     1027.0135   301     1029.0000      872.0000 1.18e+08   15.26%
                                                      Cuts: 9                  
 925686 656909        cutoff           1029.0000      872.0000 1.18e+08   15.26%
 927600 658280      949.8958   413     1029.0000      872.1563 1.18e+08   15.24%
                                                    Covers: 1                  
 930904 660886      939.1275   346     1029.0000      872.1563 1.19e+08   15.24%
 934111 663333      949.8409   298     1029.0000      872.2605 1.19e+08   15.23%
                                                  Impl Bds: 1                  
 938353 666614      909.0417   258     1029.0000      872.2605 1.20e+08   15.23%
Elapsed time = 4473.02 sec. (1286328.58 ticks, tree = 76646.88 MB, solutions = 85)
Nodefile size = 76496.43 MB (56087.88 MB after compression)
 939130 667083      995.8989   331     1029.0000      872.4571 1.20e+08   15.21%
                                                  Impl Bds: 2                  
 941220 668694      913.1667   306     1029.0000      872.4571 1.20e+08   15.21%
 942632 669780      980.7937   381     1029.0000      872.5128 1.21e+08   15.21%
                                                      Cuts: 4                  
 946605 672748     1002.9545   285     1029.0000      872.6647 1.21e+08   15.19%
                                                  Impl Bds: 5                  
 949783 675191     1011.2317   395     1029.0000      872.6647 1.21e+08   15.19%
 952925 677550      873.0176   351     1029.0000      872.8125 1.22e+08   15.18%
                                                  Impl Bds: 2                  
 954654 678874     1024.3333   414     1029.0000      872.8125 1.22e+08   15.18%
 958375 681677      980.3250   248     1029.0000      872.9397 1.23e+08   15.17%
                                                      Cuts: 3                  
 961244 683947     1025.9375   337     1029.0000      872.9397 1.23e+08   15.17%
 964050 686075      909.3429   393     1029.0000      873.1000 1.23e+08   15.15%
                                                  Impl Bds: 3                  
Elapsed time = 4614.42 sec. (1325663.82 ticks, tree = 79251.34 MB, solutions = 85)
Nodefile size = 79117.86 MB (57917.19 MB after compression)
 966962 688251      924.6667   211     1029.0000      873.1000 1.24e+08   15.15%
 968573 689446     1026.6250   312     1029.0000      873.2333 1.24e+08   15.14%
                                                  Impl Bds: 3                  
 969384 690067      917.6667   251     1029.0000      873.2333 1.24e+08   15.14%
 972583 692555        cutoff           1029.0000      873.3000 1.25e+08   15.13%
 976637 695569      970.8333   215     1029.0000      873.4575 1.25e+08   15.12%
 979577 697882      973.9345   328     1029.0000      873.4575 1.26e+08   15.12%
 982864 700340      973.7500   171     1029.0000      873.5882 1.26e+08   15.10%
 985776 702609      973.2985   342     1029.0000      873.5882 1.26e+08   15.10%
 988701 704785      913.1667   276     1029.0000      873.7439 1.27e+08   15.09%
 990749 706368      995.4062   243     1029.0000      873.7439 1.27e+08   15.09%
Elapsed time = 4752.87 sec. (1364939.26 ticks, tree = 81244.16 MB, solutions = 85)
Nodefile size = 81104.54 MB (59300.98 MB after compression)
 994410 709141      889.4474   398     1029.0000      873.8390 1.28e+08   15.08%
 995946 710304      905.2500   346     1029.0000      873.8390 1.28e+08   15.08%
 1000146 713589      929.1571   359     1029.0000      874.0000 1.28e+08   15.06%
                                                    Covers: 1                  
 1001700 714781     1001.2619   225     1029.0000      874.0000 1.29e+08   15.06%
 1003898 716404      978.5625   310     1029.0000      874.0909 1.29e+08   15.05%
                                                    Covers: 2                  
 1006266 718203      917.5926   321     1029.0000      874.0909 1.29e+08   15.05%
 1011398 722116      895.8333   291     1029.0000      874.2202 1.30e+08   15.04%
 1014214 724274      951.5333   248     1029.0000      874.2202 1.30e+08   15.04%
 1016978 726380      962.8000   318     1029.0000      874.3929 1.31e+08   15.02%
 1020959 729440      953.8917   265     1029.0000      874.3929 1.31e+08   15.02%
Elapsed time = 4889.85 sec. (1403465.25 ticks, tree = 83507.93 MB, solutions = 85)
Nodefile size = 83352.74 MB (60864.29 MB after compression)
 1021510 729795      932.0417   464     1029.0000      874.5000 1.31e+08   15.01%
 1024281 731829      972.8214   422     1029.0000      874.5867 1.32e+08   15.01%
 1025754 732947      908.0000   380     1029.0000      874.5867 1.32e+08   15.01%
*1025934+733090                         1026.0000      874.5867 1.32e+08   14.76%
Found incumbent of value 1026.000000 after 4929.43 sec. (1413847.65 ticks)
 1029681 725024      915.8815   300     1026.0000      874.7396 1.33e+08   14.74%
                                                  Impl Bds: 2                  
 1033173 727715      889.6352   367     1026.0000      874.7396 1.33e+08   14.74%
 1035538 729449      890.4000   300     1026.0000      874.8721 1.33e+08   14.73%
                                                      Cuts: 6                  
 1040126 733001      899.0000   332     1026.0000      874.8721 1.34e+08   14.73%
 1041767 734217      949.8000   364     1026.0000      875.0000 1.34e+08   14.72%
                                                    Covers: 1                  
 1045612 737125      967.2362   248     1026.0000      875.0000 1.35e+08   14.72%
 1046146 737484      914.7717   472     1026.0000      875.0667 1.35e+08   14.71%
                                                  ZeroHalf: 1                  
Elapsed time = 5036.51 sec. (1443374.34 ticks, tree = 84810.42 MB, solutions = 86)
Nodefile size = 84676.92 MB (61709.19 MB after compression)
 1046306 737614      979.7426   493     1026.0000      875.0667 1.35e+08   14.71%
 1050920 741111      980.5000   318     1026.0000      875.1333 1.36e+08   14.70%
                                                  Impl Bds: 1                  
 1054679 743924      939.5833   208     1026.0000      875.3609 1.36e+08   14.68%
                                                      Cuts: 3                  
 1057460 746054      956.3333   434     1026.0000      875.3609 1.36e+08   14.68%
 1060720 748509     1018.2500   272     1026.0000      875.5000 1.37e+08   14.67%
                                                  Impl Bds: 1                  
 1062856 750116      922.3667   248     1026.0000      875.5000 1.37e+08   14.67%
 1066041 752451      930.0667   235     1026.0000      875.6021 1.38e+08   14.66%
                                                  Impl Bds: 2                  
 1067958 753932      892.0685   404     1026.0000      875.6021 1.38e+08   14.66%
*1068878+754619                         1021.0000      875.6021 1.38e+08   14.24%
Found incumbent of value 1021.000000 after 5146.77 sec. (1475145.63 ticks)
 1071578 736664      921.5108   348     1021.0000      875.7375 1.38e+08   14.23%
                                                  Impl Bds: 1                  
 1075346 739568      945.0000   336     1021.0000      875.7375 1.39e+08   14.23%
Elapsed time = 5175.65 sec. (1484322.53 ticks, tree = 84371.57 MB, solutions = 87)
Nodefile size = 84213.74 MB (61239.31 MB after compression)
 1076938 740630      958.5648   447     1021.0000      875.8519 1.39e+08   14.22%
                                                  Impl Bds: 3                  
 1078288 741626      916.5361   468     1021.0000      875.8519 1.39e+08   14.22%
 1081180 743811      914.1250   246     1021.0000      875.9167 1.40e+08   14.21%
 1084320 746124      917.5000   251     1021.0000      876.0000 1.40e+08   14.20%
 1087406 748465      904.7027   366     1021.0000      876.0000 1.41e+08   14.20%
 1090447 750664      946.5833   223     1021.0000      876.1736 1.41e+08   14.18%
 1093264 752785     1011.4875   271     1021.0000      876.1736 1.41e+08   14.18%
 1095775 754589      931.8333   389     1021.0000      876.2917 1.42e+08   14.17%
 1098769 756911      914.0000   350     1021.0000      876.2917 1.42e+08   14.17%
 1101842 759201      910.5250   313     1021.0000      876.4886 1.43e+08   14.15%
Elapsed time = 5316.29 sec. (1523584.39 ticks, tree = 86971.04 MB, solutions = 87)
Nodefile size = 86839.90 MB (63066.50 MB after compression)
 1104146 760909      984.5389   168     1021.0000      876.4886 1.43e+08   14.15%
 1106315 762479      883.3000   386     1021.0000      876.5556 1.43e+08   14.15%
 1108560 764190      919.8703   455     1021.0000      876.5556 1.44e+08   14.15%
 1112559 767161      896.2083   305     1021.0000      876.6667 1.44e+08   14.14%
 1116225 769879      936.0000   218     1021.0000      876.6667 1.45e+08   14.14%
 1116926 770303      895.3646   461     1021.0000      876.8000 1.45e+08   14.12%
 1120572 773051        cutoff           1021.0000      876.8750 1.45e+08   14.12%
 1122662 774605      933.4910   407     1021.0000      876.8750 1.46e+08   14.12%
 1126539 777407      945.6032   322     1021.0000      877.0000 1.46e+08   14.10%
 1129303 779520      996.2639   270     1021.0000      877.0000 1.46e+08   14.10%
Elapsed time = 5459.89 sec. (1563835.12 ticks, tree = 88700.29 MB, solutions = 87)
Nodefile size = 88556.70 MB (64250.03 MB after compression)
 1132506 781890      877.1706   404     1021.0000      877.1250 1.47e+08   14.09%
 1134362 783283      976.4167   245     1021.0000      877.1250 1.47e+08   14.09%
 1136455 784723      930.0000   267     1021.0000      877.2188 1.47e+08   14.08%
 1137161 785239     1019.0994   401     1021.0000      877.2188 1.48e+08   14.08%
 1139934 787277      959.5156   484     1021.0000      877.2778 1.48e+08   14.08%
 1140926 788022      916.7500   334     1021.0000      877.2778 1.48e+08   14.08%
 1146232 791971      918.2245   300     1021.0000      877.3750 1.49e+08   14.07%
 1150448 795186      926.5000   218     1021.0000      877.3750 1.50e+08   14.07%
 1152142 796364      916.0000   336     1021.0000      877.5196 1.50e+08   14.05%
 1155049 798505        cutoff           1021.0000      877.5196 1.50e+08   14.05%
Elapsed time = 5591.40 sec. (1602597.62 ticks, tree = 90698.48 MB, solutions = 87)
Nodefile size = 90547.32 MB (65634.77 MB after compression)
 1156353 799446     1006.1333   219     1021.0000      877.6389 1.50e+08   14.04%
                                                  Impl Bds: 2                  
 1160161 802396      988.9167   231     1021.0000      877.6389 1.51e+08   14.04%
 1162692 804234      940.3750   332     1021.0000      877.7500 1.51e+08   14.03%
                                                  Impl Bds: 3                  
 1166747 807315      940.3636   280     1021.0000      877.7500 1.52e+08   14.03%
 1167265 807647      969.1667   475     1021.0000      877.8555 1.52e+08   14.02%
                                                    Covers: 1                  
 1170546 810129      927.5000   259     1021.0000      877.9375 1.52e+08   14.01%
 1170799 810324      992.6562   430     1021.0000      877.9375 1.53e+08   14.01%
 1175941 814103      997.2161   374     1021.0000      878.0000 1.53e+08   14.01%
 1178447 815992     1004.8998   421     1021.0000      878.0000 1.54e+08   14.01%
 1181896 818518      966.2500   277     1021.0000      878.1667 1.54e+08   13.99%
Elapsed time = 5729.91 sec. (1642072.50 ticks, tree = 93153.79 MB, solutions = 87)
Nodefile size = 93019.51 MB (67353.99 MB after compression)
 1184683 820625      998.7048   428     1021.0000      878.1667 1.54e+08   13.99%
 1187081 822366      999.2500   252     1021.0000      878.2917 1.55e+08   13.98%
 1189042 823881      894.0000   189     1021.0000      878.2917 1.55e+08   13.98%
 1193055 826799     1013.6786   297     1021.0000      878.4000 1.55e+08   13.97%
 1196165 829143      968.4211   292     1021.0000      878.4000 1.56e+08   13.97%
 1198003 830415      954.0000   367     1021.0000      878.5161 1.56e+08   13.96%
                                                  Impl Bds: 1                  
 1199014 831168      992.8333   373     1021.0000      878.5161 1.56e+08   13.96%
 1201306 832917      947.6530   487     1021.0000      878.5781 1.57e+08   13.95%
 1205953 836313      947.4444   217     1021.0000      878.6174 1.57e+08   13.95%
 1208626 838348      891.6250   330     1021.0000      878.6174 1.58e+08   13.95%
Elapsed time = 5870.84 sec. (1682850.08 ticks, tree = 95115.72 MB, solutions = 87)
Nodefile size = 94975.71 MB (68706.71 MB after compression)
 1212417 841116        cutoff           1021.0000      878.8263 1.58e+08   13.92%
 1214657 842772      935.0000   190     1021.0000      878.8263 1.59e+08   13.92%
 1217320 844696      953.2500   286     1021.0000      878.9333 1.59e+08   13.91%
 1220392 847057        cutoff           1021.0000      878.9333 1.59e+08   13.91%
 1223232 849114      910.3690   313     1021.0000      879.0278 1.60e+08   13.91%
 1226368 851478     1005.6746   288     1021.0000      879.0278 1.60e+08   13.91%
 1228746 853160      944.9167   321     1021.0000      879.1481 1.60e+08   13.89%
 1232138 855734      993.0000   251     1021.0000      879.1481 1.61e+08   13.89%
 1234601 857513      907.3125   328     1021.0000      879.2586 1.61e+08   13.88%
 1235081 857846      997.6667   379     1021.0000      879.2586 1.61e+08   13.88%
Elapsed time = 6011.42 sec. (1722212.52 ticks, tree = 97736.41 MB, solutions = 87)
Nodefile size = 97604.46 MB (70529.33 MB after compression)
 1238726 860535      987.8125   333     1021.0000      879.3333 1.62e+08   13.88%
 1243257 863861      951.5469   334     1021.0000      879.4758 1.62e+08   13.86%
 1245854 865751      916.8528   367     1021.0000      879.4758 1.63e+08   13.86%
 1248654 867786      896.9355   342     1021.0000      879.5455 1.63e+08   13.85%
 1250738 869334     1017.1500   339     1021.0000      879.5455 1.64e+08   13.85%
 1253804 871547      998.8739   365     1021.0000      879.6591 1.64e+08   13.84%
 1256611 873670      996.5625   341     1021.0000      879.6591 1.64e+08   13.84%
 1258770 875237     1015.8374   410     1021.0000      879.7500 1.65e+08   13.83%
 1260509 876571     1011.1667   342     1021.0000      879.7500 1.65e+08   13.83%
 1264347 879455      913.9167   367     1021.0000      879.8333 1.65e+08   13.83%
                                                    Covers: 1                  
Elapsed time = 6157.06 sec. (1762879.63 ticks, tree = 99714.13 MB, solutions = 87)
Nodefile size = 99577.24 MB (71893.54 MB after compression)
 1268834 882915      928.9615   248     1021.0000      879.8333 1.66e+08   13.83%
 1271286 884720      943.3467   241     1021.0000      879.9667 1.66e+08   13.81%
 1274360 887033      959.5000   342     1021.0000      879.9667 1.67e+08   13.81%
 1275915 888138     1000.5833   181     1021.0000      880.0517 1.67e+08   13.80%
                                                  Impl Bds: 1                  
 1280152 891373      940.1250   297     1021.0000      880.0517 1.67e+08   13.80%
 1282317 892945      952.0000   289     1021.0000      880.1667 1.68e+08   13.79%
                                                  Impl Bds: 2                  
 1285317 895182      967.0708   306     1021.0000      880.1667 1.68e+08   13.79%
 1286040 895671      980.7667   356     1021.0000      880.2857 1.68e+08   13.78%
                                                  Impl Bds: 2                  
 1287826 896997     1015.0952   363     1021.0000      880.2857 1.69e+08   13.78%
 1290539 898977      891.8333   253     1021.0000      880.3224 1.69e+08   13.78%
                                                  Impl Bds: 1                  
Elapsed time = 6292.92 sec. (1801603.30 ticks, tree = 101827.44 MB, solutions = 87)
Nodefile size = 101693.62 MB (73362.07 MB after compression)
 1293811 901321      997.5778   243     1021.0000      880.4310 1.70e+08   13.77%
 1296654 903492      949.5035   331     1021.0000      880.4310 1.70e+08   13.77%
 1300693 906499      922.6250   299     1021.0000      880.5444 1.70e+08   13.76%
 1303425 908549      936.0742   474     1021.0000      880.5444 1.71e+08   13.76%
 1306129 910552      929.2500   276     1021.0000      880.6471 1.71e+08   13.75%
 1308657 912443      906.6875   309     1021.0000      880.6471 1.71e+08   13.75%
 1312096 914964        cutoff           1021.0000      880.7500 1.72e+08   13.74%
 1315072 917193      990.8108   318     1021.0000      880.7500 1.72e+08   13.74%
 1317075 918622      951.1071   282     1021.0000      880.8817 1.73e+08   13.72%
 1318429 919620      948.4365   423     1021.0000      880.8817 1.73e+08   13.72%
Elapsed time = 6437.52 sec. (1840508.92 ticks, tree = 104401.64 MB, solutions = 87)
Nodefile size = 104268.45 MB (75148.30 MB after compression)
 1322207 922452      976.7238   206     1021.0000      880.9481 1.73e+08   13.72%
 1324813 924366     1001.7500   229     1021.0000      880.9481 1.74e+08   13.72%
 1327989 926758      912.2133   346     1021.0000      881.0417 1.74e+08   13.71%
 1331893 929714      995.2414   287     1021.0000      881.0417 1.75e+08   13.71%
 1333725 930977     1017.1500   214     1021.0000      881.1667 1.75e+08   13.70%
 1336131 932749      976.0758   233     1021.0000      881.1667 1.75e+08   13.70%
 1338233 934267      966.9242   284     1021.0000      881.2500 1.75e+08   13.69%
 1338849 934732      944.3765   351     1021.0000      881.2500 1.76e+08   13.69%
 1342190 937207     1013.3333   209     1021.0000      881.2857 1.76e+08   13.68%
 1344816 939148      947.5000   365     1021.0000      881.2857 1.77e+08   13.68%
Elapsed time = 6566.22 sec. (1879019.04 ticks, tree = 105978.65 MB, solutions = 87)
Nodefile size = 105835.05 MB (76228.25 MB after compression)
 1347793 941326      907.0543   360     1021.0000      881.4063 1.77e+08   13.67%
 1351121 943867     1008.5000   229     1021.0000      881.4063 1.77e+08   13.67%
 1354178 946074      966.4107   280     1021.0000      881.5000 1.78e+08   13.66%
                                                  Impl Bds: 1                  
 1357752 948714      907.3586   362     1021.0000      881.5000 1.78e+08   13.66%
 1359802 950231      953.7083   328     1021.0000      881.6071 1.79e+08   13.65%
                                                      Cuts: 3                  
 1362784 952469     1002.1458   314     1021.0000      881.6071 1.79e+08   13.65%
 1364787 953918      993.0667   308     1021.0000      881.7275 1.79e+08   13.64%
 1366047 954840      978.1875   514     1021.0000      881.7275 1.79e+08   13.64%
 1369364 957214      894.5000   317     1021.0000      881.7969 1.80e+08   13.63%
 1372638 959511      932.7143   285     1021.0000      881.9000 1.81e+08   13.62%
Elapsed time = 6707.63 sec. (1918444.39 ticks, tree = 108469.72 MB, solutions = 87)
Nodefile size = 108338.28 MB (77952.78 MB after compression)
 1375781 961837      997.1250   260     1021.0000      881.9000 1.81e+08   13.62%
 1378464 963820      929.1181   355     1021.0000      882.0000 1.81e+08   13.61%
 1381248 965879      945.0278   317     1021.0000      882.0000 1.82e+08   13.61%
 1383672 967657      902.2000   223     1021.0000      882.0833 1.82e+08   13.61%
 1386955 970137      883.5333   270     1021.0000      882.0833 1.82e+08   13.61%
 1389923 972338      988.7500   218     1021.0000      882.1739 1.83e+08   13.60%
 1392801 974499      980.8000   287     1021.0000      882.1739 1.83e+08   13.60%
 1394990 976098      978.8462   412     1021.0000      882.2778 1.83e+08   13.59%
 1395374 976385      997.8333   423     1021.0000      882.2778 1.83e+08   13.59%
 1398303 978529      920.5000   469     1021.0000      882.3125 1.84e+08   13.58%
Elapsed time = 6847.36 sec. (1957345.83 ticks, tree = 110459.43 MB, solutions = 87)
Nodefile size = 110326.81 MB (79328.89 MB after compression)
 1400735 980336      960.0328   298     1021.0000      882.3125 1.84e+08   13.58%
 1403618 982456      999.6250   273     1021.0000      882.4132 1.85e+08   13.57%
 1406498 984640      926.7063   363     1021.0000      882.4132 1.85e+08   13.57%
 1410786 987823      965.2857   217     1021.0000      882.5000 1.86e+08   13.57%
 1412994 989460      929.3593   360     1021.0000      882.5000 1.86e+08   13.57%
 1415947 991672      956.3155   341     1021.0000      882.5833 1.86e+08   13.56%
 1419435 994317     1015.6667   276     1021.0000      882.5833 1.87e+08   13.56%
 1422796 996750      914.4180   306     1021.0000      882.7143 1.87e+08   13.54%
 1425936 999079      933.5000   204     1021.0000      882.7143 1.88e+08   13.54%
 1427743 1000376      928.5677   485     1021.0000      882.8125 1.88e+08   13.53%
Elapsed time = 6991.12 sec. (1996478.17 ticks, tree = 113138.72 MB, solutions = 87)
Nodefile size = 113004.78 MB (81174.37 MB after compression)
 1431803 1003426      916.3526   292     1021.0000      882.8125 1.88e+08   13.53%
 1433742 1004863      951.2121   288     1021.0000      882.9068 1.89e+08   13.53%
 1435550 1006226      959.6731   447     1021.0000      882.9068 1.89e+08   13.53%
 1437215 1007428      925.2667   292     1021.0000      882.9875 1.89e+08   13.52%
 1441062 1010229      923.1387   379     1021.0000      882.9875 1.90e+08   13.52%
 1442887 1011510      934.2548   265     1021.0000      883.0000 1.90e+08   13.52%
 1446530 1014182      968.4501   355     1021.0000      883.1333 1.91e+08   13.50%
 1449553 1016481      935.0000   299     1021.0000      883.1333 1.91e+08   13.50%
 1453118 1019076      912.5428   299     1021.0000      883.2500 1.91e+08   13.49%
 1456233 1021393      886.3519   280     1021.0000      883.2500 1.92e+08   13.49%
Elapsed time = 7133.72 sec. (2036346.93 ticks, tree = 115199.85 MB, solutions = 87)
Nodefile size = 115057.84 MB (82592.60 MB after compression)
 1458382 1023013      966.9375   321     1021.0000      883.3333 1.92e+08   13.48%
 1458705 1023281      985.1852   459     1021.0000      883.3333 1.92e+08   13.48%
 1461694 1025516     1002.7252   428     1021.0000      883.3333 1.93e+08   13.48%
 1465555 1028363      894.7500   245     1021.0000      883.3333 1.93e+08   13.48%
 1468066 1030205      994.6823   441     1021.0000      883.4637 1.94e+08   13.47%
 1473002 1033818      995.8604   226     1021.0000      883.5542 1.94e+08   13.46%
 1475816 1035862      911.6667   196     1021.0000      883.5542 1.95e+08   13.46%
*1476348+1036268                         1011.0000      883.5542 1.95e+08   12.61%
Found incumbent of value 1011.000000 after 7241.63 sec. (2064360.19 ticks)
 1478397 987961      950.0833   287     1011.0000      883.6667 1.95e+08   12.59%
 1482274 990821      917.6250   322     1011.0000      883.6667 1.95e+08   12.59%
 1484946 992662      975.7597   397     1011.0000      883.7583 1.96e+08   12.59%
Elapsed time = 7283.73 sec. (2077902.49 ticks, tree = 111851.63 MB, solutions = 88)
Nodefile size = 111720.20 MB (79921.75 MB after compression)
 1487795 994692      893.0714   222     1011.0000      883.7583 1.96e+08   12.59%
 1490154 996309      969.7500   211     1011.0000      883.8571 1.96e+08   12.58%
 1490915 996865      954.8333   328     1011.0000      883.8571 1.97e+08   12.58%
 1494385 999381      918.6250   325     1011.0000      883.9000 1.97e+08   12.57%
 1496278 1000804      991.9000   253     1011.0000      883.9000 1.98e+08   12.57%
 1499984 1003389      935.5171   375     1011.0000      884.0000 1.98e+08   12.56%
 1502819 1005452      915.1522   305     1011.0000      884.0000 1.98e+08   12.56%
 1505255 1007094      959.0921   333     1011.0000      884.0833 1.99e+08   12.55%
 1508454 1009416        cutoff           1011.0000      884.0833 1.99e+08   12.55%
 1511349 1011397      922.3810   313     1011.0000      884.1964 1.99e+08   12.54%
Elapsed time = 7427.84 sec. (2116512.40 ticks, tree = 113663.78 MB, solutions = 88)
Nodefile size = 113528.94 MB (81157.81 MB after compression)
 1513493 1012889        cutoff           1011.0000      884.1964 2.00e+08   12.54%
 1516721 1015153     1001.0833   237     1011.0000      884.2966 2.00e+08   12.53%
 1520039 1017558      927.7201   405     1011.0000      884.2966 2.01e+08   12.53%
 1521752 1018762      924.6036   459     1011.0000      884.3898 2.01e+08   12.52%
 1524509 1020704      963.8333   314     1011.0000      884.4500 2.01e+08   12.52%
                                                  Impl Bds: 1                  
 1526070 1021832      981.7667   225     1011.0000      884.4500 2.02e+08   12.52%
 1529913 1024455      903.5690   320     1011.0000      884.5000 2.02e+08   12.51%
                                                  Impl Bds: 3                  
 1531736 1025779      942.8200   304     1011.0000      884.5000 2.02e+08   12.51%
 1534561 1027758      988.3527   341     1011.0000      884.6250 2.03e+08   12.50%
                                                  ZeroHalf: 1                  
 1537419 1029859      954.6944   190     1011.0000      884.6250 2.03e+08   12.50%
Elapsed time = 7572.43 sec. (2156841.71 ticks, tree = 115467.40 MB, solutions = 88)
Nodefile size = 115325.10 MB (82390.31 MB after compression)
 1540455 1031915      945.0600   314     1011.0000      884.6837 2.04e+08   12.49%
                                                  Impl Bds: 1                  
 1543047 1033764      939.5000   278     1011.0000      884.6837 2.04e+08   12.49%
 1545929 1035782      920.3000   249     1011.0000      884.8222 2.04e+08   12.48%
                                                  Impl Bds: 1                  
 1546480 1036177      933.4000   333     1011.0000      884.8222 2.04e+08   12.48%
 1549272 1038141     1001.0000   217     1011.0000      884.8452 2.05e+08   12.48%
 1551377 1039666        cutoff           1011.0000      884.8452 2.05e+08   12.48%
 1556147 1043031      922.8000   299     1011.0000      884.9493 2.06e+08   12.47%
                                                  Impl Bds: 1                  
 1558937 1044896      933.8333   310     1011.0000      884.9493 2.06e+08   12.47%
 1561472 1046698      979.4333   344     1011.0000      885.0190 2.07e+08   12.46%
                                                  Impl Bds: 2                  
 1564758 1049049      995.8833   269     1011.0000      885.0190 2.07e+08   12.46%
Elapsed time = 7715.72 sec. (2196181.80 ticks, tree = 117278.17 MB, solutions = 88)
Nodefile size = 117126.38 MB (83629.15 MB after compression)
 1567226 1050663      926.9097   281     1011.0000      885.1250 2.07e+08   12.45%
 1570248 1052812        cutoff           1011.0000      885.1250 2.08e+08   12.45%
 1571006 1053324      992.7018   336     1011.0000      885.2299 2.08e+08   12.44%
 1572706 1054585      950.5000   279     1011.0000      885.2299 2.08e+08   12.44%
 1576192 1057016      975.3000   194     1011.0000      885.2545 2.09e+08   12.44%
 1579318 1059129      915.3333   297     1011.0000      885.3704 2.09e+08   12.43%
 1582158 1061180      914.8193   401     1011.0000      885.3704 2.10e+08   12.43%
 1584391 1062723      981.3000   469     1011.0000      885.4454 2.10e+08   12.42%
 1586676 1064396      994.1429   284     1011.0000      885.4454 2.10e+08   12.42%
 1589677 1066473      951.0417   443     1011.0000      885.5000 2.11e+08   12.41%
Elapsed time = 7858.14 sec. (2236125.66 ticks, tree = 119484.99 MB, solutions = 88)
Nodefile size = 119353.36 MB (85155.43 MB after compression)
 1593282 1069145      947.5625   223     1011.0000      885.5000 2.11e+08   12.41%
 1596157 1071140      999.1278   372     1011.0000      885.6316 2.12e+08   12.40%
 1599067 1073216      927.4296   432     1011.0000      885.6316 2.12e+08   12.40%
 1601606 1074971      893.7500   196     1011.0000      885.6872 2.12e+08   12.39%
                                                  Impl Bds: 1                  
 1602275 1075416      922.6667   240     1011.0000      885.6872 2.13e+08   12.39%
 1604836 1077183      895.0672   392     1011.0000      885.7566 2.13e+08   12.39%
                                                      Cuts: 2                  
 1607407 1079003      940.5943   353     1011.0000      885.7566 2.13e+08   12.39%
 1611046 1081560      956.6357   428     1011.0000      885.8500 2.14e+08   12.38%
                                                    Covers: 1                  
 1615105 1084485      896.7244   312     1011.0000      885.8500 2.14e+08   12.38%
 1617107 1085879      982.1667   304     1011.0000      885.9559 2.15e+08   12.37%
Elapsed time = 8003.09 sec. (2275583.04 ticks, tree = 121464.84 MB, solutions = 88)
Nodefile size = 121330.25 MB (86512.46 MB after compression)
 1620744 1088423      897.5505   359     1011.0000      885.9559 2.15e+08   12.37%
 1622968 1089978      905.0196   362     1011.0000      886.0000 2.15e+08   12.36%
 1627362 1093186      983.1307   299     1011.0000      886.0000 2.16e+08   12.36%
 1627737 1093419      944.2368   510     1011.0000      886.1194 2.16e+08   12.35%
                                                  Impl Bds: 1                  
 1630363 1095268      899.5750   404     1011.0000      886.1194 2.17e+08   12.35%
 1630605 1095401      970.6042   388     1011.0000      886.1667 2.17e+08   12.35%
                                                  Impl Bds: 1                  
 1633728 1097586      962.0035   368     1011.0000      886.1667 2.17e+08   12.35%
 1636638 1099557      922.5869   377     1011.0000      886.2500 2.18e+08   12.34%
 1640209 1102081        cutoff           1011.0000      886.3088 2.18e+08   12.33%
 1643288 1104271      915.5000   186     1011.0000      886.3088 2.18e+08   12.33%
Elapsed time = 8145.89 sec. (2316502.44 ticks, tree = 123314.85 MB, solutions = 88)
Nodefile size = 123175.01 MB (87775.44 MB after compression)
 1646590 1106550      998.8417   245     1011.0000      886.4000 2.19e+08   12.32%
 1649397 1108548      898.5099   334     1011.0000      886.4000 2.19e+08   12.32%
 1651951 1110254      937.2500   319     1011.0000      886.5000 2.20e+08   12.31%
 1654607 1112126      955.2095   343     1011.0000      886.5000 2.20e+08   12.31%
 1658413 1114810      909.0807   355     1011.0000      886.5833 2.20e+08   12.31%
 1658992 1115194      943.7928   503     1011.0000      886.5833 2.20e+08   12.31%
 1661482 1116893      961.5833   435     1011.0000      886.6184 2.21e+08   12.30%
 1663709 1118474      945.3501   403     1011.0000      886.6184 2.21e+08   12.30%
 1667460 1121096      916.0750   327     1011.0000      886.7000 2.22e+08   12.29%
 1670329 1123104      966.3333   398     1011.0000      886.7000 2.22e+08   12.29%
Elapsed time = 8287.65 sec. (2356678.24 ticks, tree = 125254.21 MB, solutions = 88)
Nodefile size = 125106.02 MB (89099.15 MB after compression)
 1673726 1125559      923.9857   375     1011.0000      886.8056 2.23e+08   12.28%
                                                  Impl Bds: 1                  
 1676698 1127714      948.6667   421     1011.0000      886.8056 2.23e+08   12.28%
 1679302 1129440      922.0417   299     1011.0000      886.8932 2.23e+08   12.28%
                                                  Impl Bds: 4                  
 1682324 1131610      970.4375   290     1011.0000      886.8932 2.24e+08   12.28%
 1685182 1133648        cutoff           1011.0000      887.0000 2.24e+08   12.27%
                                                  Impl Bds: 2                  
 1687459 1135232      951.4286   409     1011.0000      887.0000 2.24e+08   12.27%
 1689586 1136699      965.2969   466     1011.0000      887.0278 2.25e+08   12.26%
 1692379 1138616      919.8750   376     1011.0000      887.0833 2.25e+08   12.26%
 1694811 1140346        cutoff           1011.0000      887.0833 2.26e+08   12.26%
 1697722 1142397      952.7544   431     1011.0000      887.1667 2.26e+08   12.25%
Elapsed time = 8434.78 sec. (2396927.93 ticks, tree = 127629.43 MB, solutions = 88)
Nodefile size = 127498.92 MB (90738.05 MB after compression)
 1700922 1144748      913.6613   344     1011.0000      887.1667 2.26e+08   12.25%
 1704311 1147156      969.5000   282     1011.0000      887.2500 2.27e+08   12.24%
 1706743 1148893      956.8333   285     1011.0000      887.2500 2.27e+08   12.24%
 1709603 1150766      959.4333   204     1011.0000      887.3490 2.28e+08   12.23%
 1712145 1152606      908.2857   243     1011.0000      887.3490 2.28e+08   12.23%
 1714614 1154274      942.3302   389     1011.0000      887.4249 2.28e+08   12.22%
                                                  Impl Bds: 1                  
 1715570 1154925      940.2500   358     1011.0000      887.4249 2.29e+08   12.22%
 1718357 1156948      957.9839   358     1011.0000      887.4748 2.29e+08   12.22%
                                                  Impl Bds: 1                  
 1720949 1158772      981.4018   264     1011.0000      887.4748 2.29e+08   12.22%
 1724210 1161056      974.5000   239     1011.0000      887.5548 2.30e+08   12.21%
Elapsed time = 8572.43 sec. (2435535.44 ticks, tree = 129487.71 MB, solutions = 88)
Nodefile size = 129353.53 MB (92011.14 MB after compression)
 1727533 1163411      893.9630   333     1011.0000      887.5548 2.30e+08   12.21%
 1730198 1165245      909.0000   226     1011.0000      887.6333 2.31e+08   12.20%
 1732502 1166835      985.0577   360     1011.0000      887.6333 2.31e+08   12.20%
 1735335 1168730      989.6061   210     1011.0000      887.7083 2.31e+08   12.20%
 1737647 1170315      949.0000   336     1011.0000      887.7083 2.32e+08   12.20%
 1739995 1171925      971.0784   368     1011.0000      887.7975 2.32e+08   12.19%
 1742632 1173894      962.2987   420     1011.0000      887.7975 2.32e+08   12.19%
 1744554 1175218      932.1468   441     1011.0000      887.8333 2.33e+08   12.18%
 1747841 1177485      957.2951   455     1011.0000      887.8333 2.33e+08   12.18%
 1750348 1179233      970.7870   309     1011.0000      887.9136 2.34e+08   12.17%
Elapsed time = 8711.33 sec. (2474684.12 ticks, tree = 131272.20 MB, solutions = 88)
Nodefile size = 131136.65 MB (93227.20 MB after compression)
 1753467 1181478      952.0278   301     1011.0000      887.9136 2.34e+08   12.17%
 1756248 1183372      987.5000   179     1011.0000      888.0000 2.34e+08   12.17%
 1759993 1186031      955.7679   305     1011.0000      888.0000 2.35e+08   12.17%
 1761872 1187300      964.9048   255     1011.0000      888.0714 2.35e+08   12.16%
 1765350 1189696      915.7143   272     1011.0000      888.0714 2.36e+08   12.16%
 1766277 1190290      987.2498   342     1011.0000      888.1540 2.36e+08   12.15%
                                                  Impl Bds: 1                  
 1768880 1192125      985.2024   376     1011.0000      888.1540 2.36e+08   12.15%
 1770547 1193281      978.0400   272     1011.0000      888.2059 2.36e+08   12.15%
                                                  ZeroHalf: 1                  
 1774314 1195958      918.8667   492     1011.0000      888.2059 2.37e+08   12.15%
 1775809 1196954      949.3429   242     1011.0000      888.3000 2.37e+08   12.14%
Elapsed time = 8851.44 sec. (2513579.09 ticks, tree = 133306.11 MB, solutions = 88)
Nodefile size = 133172.78 MB (94618.29 MB after compression)
 1780149 1200061        cutoff           1011.0000      888.3000 2.38e+08   12.14%
 1781501 1200959      987.1333   257     1011.0000      888.3333 2.38e+08   12.13%
                                                  Impl Bds: 1                  
 1785009 1203463      960.7576   298     1011.0000      888.3333 2.38e+08   12.13%
 1785833 1204051      970.2045   411     1011.0000      888.4333 2.38e+08   12.12%
                                                  Impl Bds: 6                  
 1788527 1205997      945.6033   408     1011.0000      888.4333 2.39e+08   12.12%
 1791320 1207908      968.4683   298     1011.0000      888.4524 2.39e+08   12.12%
 1794607 1210112        cutoff           1011.0000      888.5319 2.40e+08   12.11%
                                                    Covers: 1                  
 1796207 1211252      915.0714   286     1011.0000      888.5319 2.40e+08   12.11%
 1799848 1213735      934.4891   405     1011.0000      888.6250 2.41e+08   12.10%
 1803869 1216565      898.8125   324     1011.0000      888.6250 2.41e+08   12.10%
Elapsed time = 8987.39 sec. (2552802.05 ticks, tree = 135013.39 MB, solutions = 88)
Nodefile size = 134868.43 MB (95777.88 MB after compression)
 1806533 1218464      963.1500   340     1011.0000      888.7109 2.41e+08   12.10%
 1808204 1219650     1003.7738   333     1011.0000      888.7109 2.42e+08   12.10%
 1810187 1220955      980.5000   215     1011.0000      888.7500 2.42e+08   12.09%
 1812244 1222415      943.8833   358     1011.0000      888.7500 2.42e+08   12.09%
 1816214 1225202      936.4703   410     1011.0000      888.8333 2.43e+08   12.08%
 1818567 1226885      923.8538   275     1011.0000      888.8333 2.43e+08   12.08%
 1821964 1229273      914.5569   331     1011.0000      888.9083 2.44e+08   12.08%
                                                  Impl Bds: 1                  
 1824748 1231266     1008.8750   182     1011.0000      888.9083 2.44e+08   12.08%
 1827575 1233216      897.4583   311     1011.0000      889.0000 2.44e+08   12.07%
                                                  Impl Bds: 3                  
 1830398 1235185      943.7806   411     1011.0000      889.0000 2.45e+08   12.07%
Elapsed time = 9128.05 sec. (2591906.46 ticks, tree = 137157.57 MB, solutions = 88)
Nodefile size = 137017.70 MB (97245.78 MB after compression)
 1834111 1237768      916.4392   354     1011.0000      889.0556 2.45e+08   12.06%
 1834356 1237942      990.6667   412     1011.0000      889.0556 2.45e+08   12.06%
 1836536 1239459      974.1810   316     1011.0000      889.0889 2.46e+08   12.06%
 1838779 1241057      991.2000   186     1011.0000      889.0889 2.46e+08   12.06%
 1841808 1243029      919.2500   249     1011.0000      889.1700 2.46e+08   12.05%
 1843878 1244452      949.9653   355     1011.0000      889.1700 2.47e+08   12.05%
 1847241 1246802      952.3333   238     1011.0000      889.2500 2.47e+08   12.04%
 1849698 1248551      919.0909   355     1011.0000      889.2500 2.48e+08   12.04%
 1852650 1250604      964.6753   356     1011.0000      889.3308 2.48e+08   12.03%
 1855445 1252585      948.1270   422     1011.0000      889.3308 2.48e+08   12.03%
Elapsed time = 9263.54 sec. (2630985.28 ticks, tree = 139024.76 MB, solutions = 88)
Nodefile size = 138884.91 MB (98521.12 MB after compression)
 1859181 1255278      902.0631   420     1011.0000      889.3922 2.49e+08   12.03%
 1862093 1257359      924.8333   320     1011.0000      889.3922 2.49e+08   12.03%
 1864448 1258994      998.8333   236     1011.0000      889.5000 2.49e+08   12.02%
 1865585 1259821      952.6667   319     1011.0000      889.5000 2.50e+08   12.02%
 1868156 1261594      987.4000   377     1011.0000      889.5000 2.50e+08   12.02%
 1870582 1263260      980.0556   373     1011.0000      889.5000 2.50e+08   12.02%
 1873981 1265610      922.7530   447     1011.0000      889.5833 2.51e+08   12.01%
 1878411 1268853     1007.5000   143     1011.0000      889.5833 2.51e+08   12.01%
 1880668 1270296      953.4767   379     1011.0000      889.6667 2.52e+08   12.00%
 1884086 1272671      926.8571   306     1011.0000      889.6667 2.52e+08   12.00%
Elapsed time = 9406.80 sec. (2670365.01 ticks, tree = 140994.47 MB, solutions = 88)
Nodefile size = 140845.47 MB (99868.01 MB after compression)
 1886151 1274100     1002.6333   166     1011.0000      889.7500 2.52e+08   11.99%
 1890151 1276987      904.8333   232     1011.0000      889.7500 2.53e+08   11.99%
 1892206 1278368      973.3226   385     1011.0000      889.8333 2.53e+08   11.98%
 1892642 1278688      974.3035   336     1011.0000      889.8333 2.53e+08   11.98%
 1895911 1280919      986.3125   308     1011.0000      889.8688 2.54e+08   11.98%
 1898806 1282935      946.2500   275     1011.0000      889.8688 2.54e+08   11.98%
 1902469 1285565      941.1232   312     1011.0000      889.9643 2.55e+08   11.97%
 1904734 1287107      968.0000   351     1011.0000      889.9643 2.55e+08   11.97%
 1907877 1289258      984.2500   228     1011.0000      890.0000 2.55e+08   11.97%
 1911752 1292006      950.6000   233     1011.0000      890.0000 2.56e+08   11.97%
Elapsed time = 9545.86 sec. (2709141.56 ticks, tree = 142951.14 MB, solutions = 88)
Nodefile size = 142802.10 MB (101199.52 MB after compression)
 1914077 1293573      999.3333   131     1011.0000      890.0938 2.56e+08   11.96%
 1918674 1296883      949.1667   194     1011.0000      890.0938 2.57e+08   11.96%
 1919142 1297173      967.0000   398     1011.0000      890.1667 2.57e+08   11.95%
 1920635 1298232      955.7000   365     1011.0000      890.1667 2.57e+08   11.95%
 1924383 1300823      939.9119   394     1011.0000      890.2048 2.58e+08   11.95%
 1927667 1303048      917.1000   302     1011.0000      890.2847 2.58e+08   11.94%
 1930965 1305454     1001.8333   253     1011.0000      890.2847 2.58e+08   11.94%
 1933196 1306923      931.1250   377     1011.0000      890.3429 2.59e+08   11.93%
 1935737 1308723      903.1000   453     1011.0000      890.3429 2.59e+08   11.93%
 1939528 1311377      956.9167   252     1011.0000      890.4167 2.60e+08   11.93%
Elapsed time = 9694.30 sec. (2749676.38 ticks, tree = 145412.18 MB, solutions = 88)
Nodefile size = 145281.02 MB (102894.31 MB after compression)
 1942667 1313623      932.7188   284     1011.0000      890.4167 2.60e+08   11.93%
 1945233 1315423      942.2500   270     1011.0000      890.5000 2.60e+08   11.92%
 1945700 1315760     1006.6000   301     1011.0000      890.5000 2.60e+08   11.92%
 1948248 1317500      927.0862   383     1011.0000      890.5000 2.61e+08   11.92%
 1950673 1319166        cutoff           1011.0000      890.5000 2.61e+08   11.92%
 1953172 1320904      933.5000   280     1011.0000      890.5833 2.62e+08   11.91%
 1954409 1321743      961.0476   245     1011.0000      890.5833 2.62e+08   11.91%
 1955301 1322344      925.5455   260     1011.0000      890.5833 2.62e+08   11.91%
 1958413 1324611      979.0625   251     1011.0000      890.6136 2.62e+08   11.91%
 1963288 1328047      924.3333   227     1011.0000      890.6667 2.63e+08   11.90%
Elapsed time = 9880.47 sec. (2827149.72 ticks, tree = 147159.46 MB, solutions = 88)
Nodefile size = 147026.89 MB (104083.38 MB after compression)
 1967243 1330802      945.8333   240     1011.0000      890.7222 2.63e+08   11.90%
 1968348 1331553      935.5000   274     1011.0000      890.7222 2.64e+08   11.90%
 1970029 1332716      949.5000   280     1011.0000      890.7222 2.64e+08   11.90%
 1971641 1333834      957.5714   351     1011.0000      890.7817 2.64e+08   11.89%
 1973075 1334912      896.7143   303     1011.0000      890.7817 2.64e+08   11.89%
 1976008 1336948      913.7500   339     1011.0000      890.8000 2.65e+08   11.89%
 1977282 1337861      930.9118   365     1011.0000      890.8000 2.65e+08   11.89%
 1980133 1339831      975.7000   246     1011.0000      890.8607 2.65e+08   11.88%
 1981595 1340880      925.2491   352     1011.0000      890.8607 2.65e+08   11.88%
 1981942 1341130      928.3043   305     1011.0000      890.8607 2.65e+08   11.88%
Elapsed time = 10107.04 sec. (2945419.21 ticks, tree = 148433.81 MB, solutions = 88)
Nodefile size = 148282.98 MB (104939.49 MB after compression)
 1982028 1341194      929.1636   363     1011.0000      890.8607 2.65e+08   11.88%
 1984562 1343023      982.6667   297     1011.0000      890.9487 2.66e+08   11.87%
 1984963 1343341      963.4176   347     1011.0000      890.9487 2.66e+08   11.87%
 1989105 1346278      993.8344   303     1011.0000      890.9921 2.66e+08   11.87%
 1989452 1346535      930.9405   214     1011.0000      890.9921 2.66e+08   11.87%
 1992092 1348331      952.1250   288     1011.0000      891.0000 2.67e+08   11.87%
 1995214 1350543      955.0000   167     1011.0000      891.0278 2.67e+08   11.87%
 1995527 1350756      928.8115   343     1011.0000      891.0278 2.67e+08   11.87%
 1999801 1353780      992.2417   320     1011.0000      891.0819 2.68e+08   11.86%
 2000014 1353921      932.5000   331     1011.0000      891.0819 2.68e+08   11.86%
Elapsed time = 10300.34 sec. (3060194.26 ticks, tree = 149857.49 MB, solutions = 88)
Nodefile size = 149715.60 MB (105919.03 MB after compression)
 2002086 1355418      946.7786   236     1011.0000      891.0819 2.68e+08   11.86%
 2003845 1356591      919.0000   220     1011.0000      891.1250 2.68e+08   11.86%
 2003969 1356694      929.1000   178     1011.0000      891.1250 2.68e+08   11.86%
 2006503 1358458      968.3583   238     1011.0000      891.1250 2.69e+08   11.86%
 2008374 1359770      915.7414   340     1011.0000      891.1667 2.69e+08   11.85%
 2008857 1360118      934.6111   266     1011.0000      891.1667 2.69e+08   11.85%
*2012543+1362756                         1006.0000      891.1667 2.69e+08   11.41%
Found incumbent of value 1006.000000 after 10382.43 sec. (3092691.70 ticks)
 2013519 1330597      974.5000   242     1006.0000      891.2500 2.70e+08   11.41%
 2014071 1331001      947.2500   247     1006.0000      891.2500 2.70e+08   11.41%
 2017891 1333659      950.5619   256     1006.0000      891.3063 2.70e+08   11.40%
 2018968 1334410      995.0667   248     1006.0000      891.3063 2.70e+08   11.40%
Elapsed time = 10473.52 sec. (3155489.98 ticks, tree = 147550.85 MB, solutions = 89)
Nodefile size = 147420.26 MB (104113.03 MB after compression)
 2021418 1336119      954.4261   307     1006.0000      891.3333 2.71e+08   11.40%
 2021576 1336222      917.9756   307     1006.0000      891.3333 2.71e+08   11.40%
 2022662 1336923      975.0859   346     1006.0000      891.3333 2.71e+08   11.40%
 2025846 1339033      957.0125   332     1006.0000      891.3750 2.71e+08   11.39%
 2026583 1339518      981.2222   294     1006.0000      891.3750 2.71e+08   11.39%
 2029538 1341542      983.7741   318     1006.0000      891.4470 2.72e+08   11.39%
                                                  ZeroHalf: 1                  
 2029766 1341711      965.1250   203     1006.0000      891.4470 2.72e+08   11.39%
 2032361 1343568      963.2500   267     1006.0000      891.4470 2.72e+08   11.39%
 2035323 1345554      915.1667   292     1006.0000      891.4744 2.72e+08   11.38%
 2036027 1346034      905.7333   289     1006.0000      891.4744 2.72e+08   11.38%
Elapsed time = 10599.18 sec. (3209942.30 ticks, tree = 148603.90 MB, solutions = 89)
Nodefile size = 148460.55 MB (104819.03 MB after compression)
 2039047 1348078      975.5882   335     1006.0000      891.5285 2.73e+08   11.38%
 2039582 1348460      952.0000   255     1006.0000      891.5285 2.73e+08   11.38%
 2041529 1349721      951.6852   277     1006.0000      891.5833 2.73e+08   11.37%
 2042972 1350713      967.7500   269     1006.0000      891.5833 2.74e+08   11.37%
 2044948 1352090      958.1577   346     1006.0000      891.5937 2.74e+08   11.37%
 2046128 1352941      903.5000   315     1006.0000      891.5937 2.74e+08   11.37%
 2049078 1354915      939.0455   318     1006.0000      891.6500 2.74e+08   11.37%
 2049182 1354983      977.5417   264     1006.0000      891.6500 2.74e+08   11.37%
 2051681 1356714      898.2500   264     1006.0000      891.6500 2.75e+08   11.37%
 2052897 1357554      973.5833   239     1006.0000      891.6667 2.75e+08   11.37%
Elapsed time = 10772.42 sec. (3299079.69 ticks, tree = 149899.32 MB, solutions = 89)
Nodefile size = 149766.07 MB (105707.89 MB after compression)
 2053685 1358096      915.3643   302     1006.0000      891.6667 2.75e+08   11.37%
 2053983 1358291      992.6667   236     1006.0000      891.6667 2.75e+08   11.37%

Cover cuts applied:  52
Implied bound cuts applied:  267
Zero-half cuts applied:  272
Gomory fractional cuts applied:  5

Root node processing (before b&c):
  Real time             =    7.39 sec. (3968.16 ticks)
Parallel b&c, 32 threads:
  Real time             = 10809.89 sec. (3314321.56 ticks)
  Sync time (average)   =    1.60 sec.
  Wait time (average)   =    0.00 sec.
                          ------------
Total (root+branch&cut) = 10817.28 sec. (3318289.72 ticks)


Solution status: Feasible
Execution time: 10817.6 sec
Gap: 0.11357
