Wed Jul 18 08:24:41 2018

Tried aggregator 2 times.
MIP Presolve eliminated 10500 rows and 121 columns.
Aggregator did 380 substitutions.
Reduced MIP has 10604 rows, 3146 columns, and 40092 nonzeros.
Reduced MIP has 3146 binaries, 0 generals, 0 SOSs, and 0 indicators.
Presolve time = 0.08 sec. (55.67 ticks)
Probing time = 0.01 sec. (2.10 ticks)
Tried aggregator 1 time.
Presolve time = 0.02 sec. (17.58 ticks)
Probing time = 0.01 sec. (2.10 ticks)
Clique table members: 14852.
MIP emphasis: balance optimality and feasibility.
MIP search method: dynamic search.
Parallel mode: deterministic, using up to 32 threads.
Root relaxation solution time = 0.95 sec. (107.69 ticks)

        Nodes                                         Cuts/
   Node  Left     Objective  IInf  Best Integer    Best Bound    ItCnt     Gap

      0     0      632.0000   318                    632.0000     1067         
      0     0      641.0588   325                    Cuts: 35     1735         
      0     0      752.6919   470                    Cuts: 66     3605         
      0     0      807.9619   492                    Cuts: 51     4116         
      0     0      820.4265   502                    Cuts: 44     4707         
      0     0      822.1174   486                ZeroHalf: 29     5103         
      0     0      824.7500   279                    Cuts: 35     5557         
      0     0      824.9212   475                    Cuts: 78     5746         
      0     0      825.0000   353                    Cuts: 32     5858         
      0     0      825.0000   381                    Cuts: 58     5947         
*     0+    0                         2374.0000      825.0000     6082   65.25%
Found incumbent of value 2374.000000 after 5.37 sec. (3088.78 ticks)
      0     0      825.0000   395     2374.0000      Cuts: 18     6082   65.25%
      0     2      825.0000   319     2374.0000      825.0000     6082   65.25%
Elapsed time = 9.00 sec. (5258.11 ticks, tree = 0.01 MB, solutions = 1)
      1     3      830.1444   438     2374.0000      825.0000    10729   65.25%
      4     6      834.3340   550     2374.0000      825.0000    15434   65.25%
      7     9      844.8787   500     2374.0000      825.0000    21339   65.25%
      8    10      844.5611   471     2374.0000      825.0000    22997   65.25%
      9    11      839.8693   490     2374.0000      825.0000    27490   65.25%
     10    12      839.8693   506     2374.0000      825.0000    33305   65.25%
     11    13      832.1293   450     2374.0000      827.7539    35134   65.13%
                                                  Impl Bds: 8                  
     15    17      850.6875   419     2374.0000      827.7539    41250   65.13%
     19    21      891.0968   362     2374.0000      827.7539    52255   65.13%
     32    34      855.2500   316     2374.0000      832.1293    76789   64.95%
                                                 Impl Bds: 13                  
Elapsed time = 21.20 sec. (14162.95 ticks, tree = 0.14 MB, solutions = 1)
     57    59      849.0216   466     2374.0000      832.5938    96655   64.93%
                                                 Impl Bds: 11                  
*    71+   71                         2350.0000      832.5938   101399   64.57%
Found incumbent of value 2350.000000 after 23.72 sec. (15214.07 ticks)
*    72+   72                         2338.0000      832.5938   102247   64.39%
Found incumbent of value 2338.000000 after 23.73 sec. (15317.89 ticks)
*    72+   72                         2337.0000      832.5938   102247   64.37%
Found incumbent of value 2337.000000 after 23.80 sec. (15350.79 ticks)
*    76+   76                         2314.0000      832.5938   103174   64.02%
Found incumbent of value 2314.000000 after 23.80 sec. (15204.41 ticks)
    120   122      925.0000   314     2314.0000      832.5938   121372   64.02%
    228   230      956.0000   276     2314.0000      832.5938   155707   64.02%
*  1474+ 1456                         1365.0000      832.5938   314859   39.00%
Found incumbent of value 1365.000000 after 30.82 sec. (16839.56 ticks)
*  1876  1794      integral     0     1359.0000      832.5938   340018   38.73%
Found incumbent of value 1359.000000 after 30.82 sec. (17527.44 ticks)
*  2066+ 1767                         1314.0000      832.5938   364608   36.64%
                                                     Cuts: 33                  
Found incumbent of value 1314.000000 after 31.72 sec. (18293.10 ticks)
   2080  1781      957.2240   394     1314.0000      832.5938   368023   36.64%
   2412  2093     1023.6487   272     1314.0000      832.5938   423300   36.64%
   3257  2880      908.4767   464     1314.0000      832.5938   539771   36.64%
   4065  3339      920.4818   407     1314.0000      835.5654   648460   36.41%
                                                     Cuts: 60                  
   4161  3433      885.0579   449     1314.0000      835.5654   678827   36.41%
   4250  3518      993.4722   335     1314.0000      835.5654   707365   36.41%
Elapsed time = 46.56 sec. (24156.77 ticks, tree = 16.17 MB, solutions = 8)
   4387  3647      958.7500   366     1314.0000      835.5654   750013   36.41%
   6530  5631      969.5455   279     1314.0000      835.5654  1035746   36.41%
                                                     Cuts: 48                  
   6540  5639    infeasible           1314.0000      835.5654  1043676   36.41%
   6828  5909      881.8172   328     1314.0000      835.5654  1080375   36.41%
   7244  6296      926.5833   276     1314.0000      835.5654  1135027   36.41%
   9087  8021      825.0000   370     1314.0000      847.0000  1345393   35.54%
   9090  8022      836.1378   648     1314.0000      847.0000  1350558   35.54%
   9091  8023      839.1330   567     1314.0000      847.0000  1354894   35.54%
   9093  8024      825.0000   246     1314.0000      847.0000  1356401   35.54%
                                                  ZeroHalf: 5                  
   9097  8026      835.6467   529     1314.0000      847.0000  1364500   35.54%
Elapsed time = 101.64 sec. (48566.41 ticks, tree = 127.12 MB, solutions = 10)
   9098  8027      913.4855   545     1314.0000      847.0000  1369502   35.54%
   9101  8028      825.0000   393     1314.0000      847.0000  1376152   35.54%
                                                  ZeroHalf: 5                  
   9109  8032      913.5490   480     1314.0000      847.0000  1388274   35.54%
   9116  8038      918.6927   480     1314.0000      847.0000  1396181   35.54%
                                                  ZeroHalf: 5                  
   9130  8045      869.9231   509     1314.0000      847.0000  1410590   35.54%
   9145  8057      970.7714   483     1314.0000      847.0000  1438551   35.54%
   9147  8058      838.2615   580     1314.0000      847.0000  1443483   35.54%
*  9163+ 5402                         1265.0000      847.0000  1459570   33.04%
Found incumbent of value 1265.000000 after 117.40 sec. (57631.70 ticks)
   9198  5427      951.2331   380     1265.0000      847.0000  1484412   33.04%
   9263  5468      913.7969   487     1265.0000      847.0000  1510625   33.04%
  10092  5942      839.5394   621     1265.0000      847.0000  1684278   33.04%
                                                     Cuts: 10                  
Elapsed time = 130.73 sec. (64725.62 ticks, tree = 81.82 MB, solutions = 10)
  10124  5958      840.1189   617     1265.0000      847.0000  1699360   33.04%
  10441  6130      961.3214   377     1265.0000      847.0000  1878062   33.04%
                                                  ZeroHalf: 1                  
  10498  6158      867.3886   584     1265.0000      847.0000  1906187   33.04%
  10747  6296     1091.2500   418     1265.0000      847.0000  1979243   33.04%
  12282  7017      909.7519   493     1265.0000      847.0000  2176141   33.04%
  12921  7329      857.6136   421     1265.0000      847.0000  2261556   33.04%
  13017  7371      869.5556   389     1265.0000      847.0000  2290342   33.04%
  13145  7433      880.6000   319     1265.0000      847.0000  2317799   33.04%
  13241  7480      888.2500   325     1265.0000      847.0000  2338649   33.04%
  13465  7589      922.9527   346     1265.0000      847.0000  2379994   33.04%
Elapsed time = 168.69 sec. (76887.53 ticks, tree = 139.88 MB, solutions = 13)
  14334  7944      936.7431   528     1265.0000      847.0000  2506846   33.04%
  14377  7958      959.0000   440     1265.0000      847.0000  2519063   33.04%
                                                  ZeroHalf: 5                  
  14761  8147     1050.5468   423     1265.0000      847.0000  2586740   33.04%
  15001  8264      851.8782   437     1265.0000      847.0000  2631832   33.04%
  15257  8400      881.5524   405     1265.0000      847.0000  2663655   33.04%
  15833  8672      956.5700   348     1265.0000      847.0000  2734703   33.04%
  18195  9813      888.3575   498     1265.0000      847.0000  3011135   33.04%
  19130 10258      964.4438   487     1265.0000      847.0000  3108783   33.04%
                                                      Cuts: 9                  
  19226 10316      982.7707   415     1265.0000      847.0000  3130060   33.04%
  19546 10496     1041.2000   200     1265.0000      847.0000  3174219   33.04%
Elapsed time = 204.58 sec. (89214.44 ticks, tree = 367.48 MB, solutions = 13)
Nodefile size = 203.28 MB (160.18 MB after compression)
  20378 10936      949.5000   214     1265.0000      847.0000  3257182   33.04%
  21307 11484      885.8077   554     1265.0000      847.0000  3387115   33.04%
  21723 11870      926.6154   395     1265.0000      847.0000  3461806   33.04%
  22331 12459     1014.8974   344     1265.0000      847.0000  3541052   33.04%
  23067 13149     1112.1132   348     1265.0000      847.0000  3620372   33.04%
* 24325 14315      integral     0     1256.0000      847.0000  3762290   32.56%
Found incumbent of value 1256.000000 after 221.70 sec. (95036.53 ticks)
  28505 18163      902.0414   555     1256.0000      847.0000  4194114   32.56%
  28701 18229     1122.5960   206     1256.0000      847.0000  4207659   32.56%
                                                     Cuts: 21                  
  29049 18564      987.5821   336     1256.0000      847.0000  4283647   32.56%
  29725 19217      985.8750   279     1256.0000      847.0000  4350649   32.56%
Elapsed time = 251.28 sec. (101060.09 ticks, tree = 1456.76 MB, solutions = 14)
Nodefile size = 1299.60 MB (1036.93 MB after compression)
  30717 20080     1064.7419   221     1256.0000      847.0000  4474400   32.56%
  31071 20422      980.0000   298     1256.0000      847.0000  4522667   32.56%
  32451 21692      899.7220   338     1256.0000      847.0000  4680603   32.56%
  33552 22688     1082.8750   151     1256.0000      847.0000  4794220   32.56%
  33912 22999     1220.8561   304     1256.0000      847.0000  4827665   32.56%
  33969 23048      971.8529   408     1256.0000      859.5000  4835220   31.57%
                                                  ZeroHalf: 3                  
  34343 23405     1111.6510   377     1256.0000      859.5000  4891391   31.57%
  35335 24290      992.4333   306     1256.0000      859.5000  5003524   31.57%
  36551 25427     1166.5000   257     1256.0000      859.5000  5148343   31.57%
  37312 26096      897.0470   430     1256.0000      859.5000  5242298   31.57%
Elapsed time = 285.78 sec. (111895.31 ticks, tree = 2069.12 MB, solutions = 14)
Nodefile size = 1904.50 MB (1525.18 MB after compression)
  37522 26283     1008.5000   360     1256.0000      859.5000  5278297   31.57%
  37722 26474      920.4688   450     1256.0000      859.5000  5311175   31.57%
  39995 28534      953.0521   389     1256.0000      859.5000  5591763   31.57%
  40592 29052      962.4983   381     1256.0000      873.3333  5667308   30.47%
                                                  Impl Bds: 4                  
  40657 29114      951.3115   508     1256.0000      873.3333  5720734   30.47%
  40721 29178      985.9742   539     1256.0000      873.3333  5748558   30.47%
  41073 29524     1058.8000   250     1256.0000      873.3333  5815303   30.47%
  42257 30604     1253.0833   147     1256.0000      873.3333  5962252   30.47%
  43717 31903      944.4167   330     1256.0000      873.3333  6139775   30.47%
* 44914 32936      integral     0     1199.0000      873.3333  6284710   27.16%
Elapsed time = 320.61 sec. (122438.37 ticks, tree = 2833.68 MB, solutions = 14)
Nodefile size = 2660.06 MB (2136.14 MB after compression)
Found incumbent of value 1199.000000 after 320.61 sec. (122438.37 ticks)
  45068 33084     1020.0945   320     1199.0000      873.3333  6304580   27.16%
* 45890+30463                         1184.0000      880.4213  6407393   25.64%
                                                  Impl Bds: 1                  
Found incumbent of value 1184.000000 after 326.95 sec. (125338.54 ticks)
  45890 30465      890.0797   427     1184.0000      880.4213  6407393   25.64%
  46538 31061      892.5221   433     1184.0000      880.4213  6495355   25.64%
  47071 31524      913.1607   487     1184.0000      880.4213  6565325   25.64%
  47551 31970     1106.9167   327     1184.0000      880.4213  6633406   25.64%
  48703 32997     1168.0222   283     1184.0000      880.4213  6767544   25.64%
  49183 33427      979.6667   221     1184.0000      880.4213  6826973   25.64%
  50380 34455     1059.0000   432     1184.0000      880.4213  7008140   25.64%
* 51948 35830      integral     0     1131.0000      880.4213  7192971   22.16%
Found incumbent of value 1131.000000 after 349.42 sec. (131577.70 ticks)
  53374 29107      928.8885   377     1131.0000      883.6542  7398835   21.87%
                                                      Cuts: 4                  
Elapsed time = 366.33 sec. (135464.67 ticks, tree = 2691.13 MB, solutions = 16)
Nodefile size = 2534.38 MB (2030.84 MB after compression)
  54819 30335      941.8333   285     1131.0000      883.6542  7610449   21.87%
  57943 33024      931.3235   490     1131.0000      887.3355  8082748   21.54%
                                                      Cuts: 9                  
  59604 34444      906.0993   535     1131.0000      887.3355  8340021   21.54%
* 61672+36196                         1104.0000      889.8259  8655864   19.40%
                                                      Cuts: 4                  
Found incumbent of value 1104.000000 after 418.73 sec. (152048.27 ticks)
  61672 36198      927.0000   343     1104.0000      889.8259  8655864   19.40%
* 61675+36199                         1096.0000      889.8259  8657523   18.81%
Found incumbent of value 1096.000000 after 419.76 sec. (149500.61 ticks)
* 61680+36204                         1093.0000      889.8259  8658843   18.59%
Found incumbent of value 1093.000000 after 420.14 sec. (149648.87 ticks)
  61985 30704     1018.5393   491     1093.0000      889.8259  8740090   18.59%
  66408 34395      935.3478   419     1093.0000      889.8259  9445904   18.59%
  67726 35454      936.2443   504     1093.0000      892.5000  9676179   18.34%
                                                      Cuts: 3                  
* 69496+36865                         1081.0000      892.5000  9992492   17.44%
Found incumbent of value 1081.000000 after 469.48 sec. (164323.75 ticks)
  71860 36578     1070.1128   307     1081.0000      895.0833 10336554   17.20%
                                                  Impl Bds: 2                  
  73158 37617        cutoff           1081.0000      895.0833 10566285   17.20%
* 75635+39618                         1080.0000      895.0833 10949036   17.12%
Found incumbent of value 1080.000000 after 496.64 sec. (174358.47 ticks)
  76572 40227     1071.9579   318     1080.0000      897.0000 11101384   16.94%
                                                      Cuts: 3                  
Elapsed time = 501.83 sec. (177745.21 ticks, tree = 4040.38 MB, solutions = 85)
Nodefile size = 3901.89 MB (3135.06 MB after compression)
  78634 41859      918.5000   417     1080.0000      897.0000 11441296   16.94%
  81715 44253     1028.0833   211     1080.0000      898.9048 11934420   16.77%
                                                  Impl Bds: 5                  
  83667 45847     1001.5000   208     1080.0000      898.9048 12258245   16.77%
  86481 48079     1065.1250   262     1080.0000      900.9179 12705430   16.58%
                                                      Cuts: 9                  
  87028 48510      948.3857   426     1080.0000      900.9179 12806593   16.58%
  91905 52376     1003.0957   345     1080.0000      901.9861 13541361   16.48%
                                                  Impl Bds: 1                  
  93985 54037     1037.1111   232     1080.0000      901.9861 13886726   16.48%
  96498 55967     1025.7222   301     1080.0000      904.1362 14325851   16.28%
  98571 57583     1051.0000   180     1080.0000      904.1362 14627889   16.28%
 102340 60533     1034.0440   214     1080.0000      905.7687 15161559   16.13%
Elapsed time = 646.24 sec. (220483.93 ticks, tree = 6462.45 MB, solutions = 86)
Nodefile size = 6321.44 MB (5022.58 MB after compression)
 102632 60781      992.2682   504     1080.0000      905.7687 15250941   16.13%
 105534 63071      995.7500   383     1080.0000      905.8700 16023986   16.12%
 106238 63619     1018.9375   315     1080.0000      905.8700 16193673   16.12%
 109920 66424      977.0833   253     1080.0000      907.2500 16777598   16.00%
 112006 68061      977.4167   460     1080.0000      907.2500 17084789   16.00%
 116225 71318     1004.3333   244     1080.0000      909.0036 17670141   15.83%
 117425 72213      960.6667   374     1080.0000      909.0036 17859972   15.83%
 120973 74899     1018.7273   296     1080.0000      909.0036 18416135   15.83%
 122477 76032      942.7500   304     1080.0000      910.1875 18639809   15.72%
 125386 78283      921.8571   340     1080.0000      910.1875 19071172   15.72%
Elapsed time = 777.66 sec. (261928.67 ticks, tree = 7993.94 MB, solutions = 86)
Nodefile size = 7839.27 MB (6158.40 MB after compression)
 127877 80164     1055.1984   348     1080.0000      911.5000 19471486   15.60%
                                                  Impl Bds: 1                  
 130017 81815      958.7315   333     1080.0000      911.5000 19792720   15.60%
 132398 83614     1030.6667   372     1080.0000      912.7333 20136970   15.49%
                                                  ZeroHalf: 2                  
 132714 83851     1049.1250   336     1080.0000      912.7333 20231468   15.49%
 134705 85408     1045.6057   288     1080.0000      912.7333 20714324   15.49%
 137590 87623     1029.0619   245     1080.0000      913.2333 21244571   15.44%
                                                  ZeroHalf: 2                  
 139382 88946     1021.6667   219     1080.0000      913.2333 21523797   15.44%
 142795 91556     1061.0833   238     1080.0000      914.3276 22039084   15.34%
                                                  ZeroHalf: 1                  
 144074 92566     1019.1333   323     1080.0000      914.3276 22223402   15.34%
 148147 95660      963.5000   321     1080.0000      915.5000 22785199   15.23%
Elapsed time = 904.41 sec. (300465.61 ticks, tree = 10236.75 MB, solutions = 86)
Nodefile size = 10092.48 MB (7854.04 MB after compression)
 150163 97207     1035.5826   400     1080.0000      915.5000 23100696   15.23%
 153102 99446     1033.9308   413     1080.0000      916.5833 23549602   15.13%
                                                  Impl Bds: 1                  
 155075 100962      966.1500   357     1080.0000      916.5833 23861698   15.13%
 159412 104305     1058.7444   260     1080.0000      916.5833 24443715   15.13%
 161057 105530      985.8750   326     1080.0000      917.5000 24698344   15.05%
                                                      Cuts: 4                  
 162656 106739     1051.1833   321     1080.0000      917.5000 24949393   15.05%
 164993 108493     1015.0208   333     1080.0000      918.6667 25316193   14.94%
                                                  Impl Bds: 1                  
 166414 109552     1008.6333   207     1080.0000      918.6667 25616543   14.94%
 169437 111818     1078.7778   324     1080.0000      919.3864 26153894   14.87%
                                                      Cuts: 2                  
 171967 113722     1017.1354   299     1080.0000      919.3864 26511112   14.87%
Elapsed time = 1033.76 sec. (339816.14 ticks, tree = 12091.59 MB, solutions = 86)
Nodefile size = 11938.38 MB (9236.42 MB after compression)
 176212 116922     1052.3333   166     1080.0000      920.3021 27097623   14.79%
                                                  Impl Bds: 2                  
 177927 118213      939.6121   399     1080.0000      920.3021 27361812   14.79%
 181423 120818      989.4028   386     1080.0000      920.3021 27870678   14.79%
 183003 121978     1061.1000   401     1080.0000      921.1977 28121795   14.70%
                                                      Cuts: 3                  
 185241 123633     1049.3636   214     1080.0000      921.1977 28457691   14.70%
 188243 125854     1035.8333   253     1080.0000      922.0500 28910816   14.62%
                                                  ZeroHalf: 2                  
*190628 127648      integral     0     1066.0000      922.0500 29259977   13.50%
Found incumbent of value 1066.000000 after 1122.55 sec. (364821.24 ticks)
 191137 128004      986.6933   292     1066.0000      922.0500 29334238   13.50%
 193354 124781      952.8304   439     1066.0000      922.9583 29693712   13.42%
 193610 124944     1023.2306   450     1066.0000      922.9583 29772493   13.42%
Elapsed time = 1143.90 sec. (376657.45 ticks, tree = 13772.19 MB, solutions = 87)
Nodefile size = 13625.68 MB (10480.28 MB after compression)
*196148+126723                         1061.0000      922.9583 30413091   13.01%
Found incumbent of value 1061.000000 after 1157.48 sec. (377025.44 ticks)
 196560 123440      979.5051   384     1061.0000      923.2857 30511060   12.98%
 197448 124071      929.9206   327     1061.0000      923.2857 30666520   12.98%
 201588 126835      965.6061   306     1061.0000      924.1667 31333168   12.90%
                                                  ZeroHalf: 1                  
 202920 127767      952.3333   281     1061.0000      924.1667 31555426   12.90%
 206667 130365     1032.2724   241     1061.0000      924.1667 32105967   12.90%
 208285 131512     1052.5000   201     1061.0000      925.1137 32345291   12.81%
 211570 133798      993.9167   342     1061.0000      925.1137 32830461   12.81%
*212625+134478                         1037.0000      925.1137 32993049   10.79%
Found incumbent of value 1037.000000 after 1238.99 sec. (403698.77 ticks)
 213970 109031      985.2500   418     1037.0000      925.9231 33193846   10.71%
                                                      Cuts: 2                  
 215122 109718      967.9706   255     1037.0000      925.9231 33394571   10.71%
 218419 111482      995.2812   477     1037.0000      926.8937 33965408   10.62%
                                                  Impl Bds: 7                  
Elapsed time = 1274.66 sec. (415944.59 ticks, tree = 12076.66 MB, solutions = 89)
Nodefile size = 11930.34 MB (9105.56 MB after compression)
 219260 111958        cutoff           1037.0000      926.8937 34133505   10.62%
 223002 113973      986.5000   342     1037.0000      927.7500 34750607   10.54%
                                                    Covers: 1                  
 225120 115303      975.0000   293     1037.0000      927.7500 35086897   10.54%
 227498 116704      999.2091   349     1037.0000      927.7500 35492848   10.54%
 229400 117707     1005.2500   253     1037.0000      928.6890 35809460   10.44%
                                                  Impl Bds: 1                  
 231489 118905      955.7943   440     1037.0000      928.6890 36145857   10.44%
 233598 120006        cutoff           1037.0000      929.5750 36526206   10.36%
                                                  ZeroHalf: 2                  
 234620 120565      964.1389   393     1037.0000      929.5750 36777549   10.36%
 236856 121851     1031.7400   415     1037.0000      930.1667 37318556   10.30%
 239204 123248      990.7500   266     1037.0000      930.1667 37696430   10.30%
Elapsed time = 1397.91 sec. (456600.32 ticks, tree = 13087.17 MB, solutions = 89)
Nodefile size = 12936.34 MB (9846.46 MB after compression)
 242224 124978        cutoff           1037.0000      930.9828 38211913   10.22%
 244469 126302     1012.3043   286     1037.0000      930.9828 38569116   10.22%
 246741 127559      991.8667   243     1037.0000      931.9352 38946801   10.13%
                                                    Covers: 1                  
 248533 128610      988.7000   369     1037.0000      931.9352 39234849   10.13%
 251054 130009        cutoff           1037.0000      931.9352 39652570   10.13%
 252677 130849        cutoff           1037.0000      932.5278 39922476   10.07%
                                                      Cuts: 3                  
 254857 132031      967.5833   456     1037.0000      932.5278 40298343   10.07%
 257652 133488      985.8722   434     1037.0000      933.3250 40757211   10.00%
                                                    Covers: 2                  
 260112 134892        cutoff           1037.0000      933.3250 41147915   10.00%
 262193 136028      974.4598   396     1037.0000      934.1111 41484654    9.92%
                                                      Cuts: 3                  
Elapsed time = 1525.27 sec. (495758.40 ticks, tree = 14859.39 MB, solutions = 89)
Nodefile size = 14719.30 MB (11163.84 MB after compression)
 262595 136252      995.9167   273     1037.0000      934.1111 41582394    9.92%
 265159 137644      957.5000   394     1037.0000      934.5576 42263525    9.88%
                                                      Cuts: 2                  
*266364+138335                         1032.0000      934.5576 42535209    9.44%
Found incumbent of value 1032.000000 after 1557.56 sec. (504934.56 ticks)
 266743 138541      967.2000   247     1032.0000      934.5576 42597352    9.44%
 270050 134496      962.7106   372     1032.0000      935.3064 43155023    9.37%
                                                      Cuts: 4                  
 271491 135261      942.7500   306     1032.0000      935.3064 43373820    9.37%
*272987+136093                         1028.0000      935.3064 43609910    9.02%
Found incumbent of value 1028.000000 after 1590.83 sec. (514799.82 ticks)
 275366 137401     1013.5987   386     1028.0000      935.3064 43973601    9.02%
*275586+132174                         1023.0000      936.0000 44012107    8.50%
                                                      Cuts: 4                  
Found incumbent of value 1023.000000 after 1599.45 sec. (521016.85 ticks)
 276143 132444      965.5859   464     1023.0000      936.0000 44114975    8.50%
 277711 133165      975.1875   292     1023.0000      936.0000 44412143    8.50%
 280598 128091      946.5000   222     1023.0000      936.5897 44896065    8.45%
 282390 129029      970.4792   279     1023.0000      936.5897 45191861    8.45%
Elapsed time = 1643.12 sec. (535377.49 ticks, tree = 13754.19 MB, solutions = 92)
Nodefile size = 13609.96 MB (10280.84 MB after compression)
 286019 130751      964.3556   305     1023.0000      937.4167 45747940    8.37%
                                                  Impl Bds: 2                  
 287567 131528      966.6008   346     1023.0000      937.4167 45986410    8.37%
 291026 133100      958.8947   413     1023.0000      938.2197 46523662    8.29%
                                                  Impl Bds: 2                  
 293289 134216     1005.0000   269     1023.0000      938.2197 46882476    8.29%
 295950 135492      969.3750   270     1023.0000      938.2197 47310533    8.29%
 296568 135632      993.4000   326     1023.0000      938.8214 47473318    8.23%
                                                  Impl Bds: 1                  
 298374 136485    infeasible           1023.0000      938.8214 48000930    8.23%
 300388 137421      987.1077   319     1023.0000      939.1204 48402509    8.20%
                                                      Cuts: 7                  
 302640 138509      966.2083   253     1023.0000      939.1204 48764273    8.20%
 304967 139449     1011.0000   153     1023.0000      939.7578 49168559    8.14%
                                                     Cuts: 16                  
Elapsed time = 1771.26 sec. (575796.26 ticks, tree = 14911.79 MB, solutions = 92)
Nodefile size = 14771.66 MB (11107.05 MB after compression)
 306458 140158    infeasible           1023.0000      939.7578 49420230    8.14%
*309696+141639                         1018.0000      940.4545 49918534    7.62%
                                                  ZeroHalf: 1                  
Found incumbent of value 1018.000000 after 1796.66 sec. (582572.77 ticks)
 309753 141667      979.6775   394     1018.0000      940.4545 49928236    7.62%
 311833 142643      965.1481   420     1018.0000      940.4545 50244577    7.62%
 315024 136245     1000.5503   500     1018.0000      941.0507 50743844    7.56%
                                                  ZeroHalf: 1                  
 317241 137224      969.6250   259     1018.0000      941.0507 51100802    7.56%
 319752 138249      941.9417   359     1018.0000      941.0507 51500138    7.56%
 320900 138654     1013.8333   316     1018.0000      941.7500 51733368    7.49%
                                                  Impl Bds: 1                  
 321562 138935      986.0022   445     1018.0000      941.7500 51935168    7.49%
 323824 139879     1004.0610   317     1018.0000      942.0417 52541887    7.46%
 325616 140602     1014.2500   217     1018.0000      942.0417 52827018    7.46%
Elapsed time = 1894.58 sec. (615147.45 ticks, tree = 14882.54 MB, solutions = 93)
Nodefile size = 14742.51 MB (11026.44 MB after compression)
 328916 141992     1012.9579   396     1018.0000      942.6444 53300714    7.40%
                                                      Cuts: 2                  
 331131 142873      995.4897   335     1018.0000      942.6444 53664956    7.40%
 333995 143975      986.1528   327     1018.0000      943.3214 54118846    7.34%
                                                      Cuts: 3                  
 336189 144851      998.5500   287     1018.0000      943.3214 54467348    7.34%
 339080 146005      954.1731   403     1018.0000      943.3214 54910310    7.34%
 340550 146469     1007.9333   258     1018.0000      943.8750 55159473    7.28%
                                                    Covers: 1                  
 342099 147102      969.2000   327     1018.0000      943.8750 55401462    7.28%
 344830 148110      944.7667   388     1018.0000      944.4375 55839190    7.23%
                                                    Covers: 2                  
 345150 148236      986.2667   283     1018.0000      944.4375 55935631    7.23%
 347759 149230      960.6000   439     1018.0000      944.7000 56716164    7.20%
                                                      Cuts: 4                  
Elapsed time = 2018.88 sec. (654592.61 ticks, tree = 15866.83 MB, solutions = 93)
Nodefile size = 15728.97 MB (11709.44 MB after compression)
 350004 150197      977.2989   357     1018.0000      944.7000 57052114    7.20%
 353000 151357      965.6000   316     1018.0000      945.4593 57496886    7.13%
                                                    Covers: 1                  
 355383 152301      990.6111   303     1018.0000      945.4593 57876274    7.13%
 358501 153564     1003.4396   304     1018.0000      945.4593 58335716    7.13%
 359846 153978      964.2444   341     1018.0000      946.0556 58525350    7.07%
                                                  Impl Bds: 1                  
 361926 154698      978.0000   345     1018.0000      946.0556 58844274    7.07%
 364413 155590        cutoff           1018.0000      946.6111 59221079    7.01%
                                                      Cuts: 2                  
 366967 156592      981.6500   380     1018.0000      946.6111 59615540    7.01%
 369568 157582     1000.9750   308     1018.0000      947.0963 60019960    6.97%
                                                      Cuts: 4                  
 370138 157816      948.6667   266     1018.0000      947.0963 60164331    6.97%
Elapsed time = 2148.23 sec. (693600.67 ticks, tree = 16892.80 MB, solutions = 93)
Nodefile size = 16757.17 MB (12406.34 MB after compression)
 372155 158636      994.8000   419     1018.0000      947.0963 60749073    6.97%
 373284 159050      951.4922   219     1018.0000      947.4444 61006190    6.93%
                                                  Impl Bds: 2                  
 376375 160342      965.3750   350     1018.0000      947.4444 61454543    6.93%
 378756 161225     1000.3667   329     1018.0000      947.9500 61820318    6.88%
                                                      Cuts: 6                  
 380996 162085      979.8333   325     1018.0000      947.9500 62143282    6.88%
 383843 163079      986.4062   394     1018.0000      948.4643 62578181    6.83%
                                                  ZeroHalf: 2                  
 385710 163760      990.2667   287     1018.0000      948.4643 62865470    6.83%
 388549 164823      954.9473   222     1018.0000      948.4643 63309121    6.83%
 391272 165764        cutoff           1018.0000      948.8333 63715832    6.79%
                                                    Covers: 1                  
 393701 166702     1002.7178   304     1018.0000      948.8333 64067004    6.79%
Elapsed time = 2265.35 sec. (732707.53 ticks, tree = 17605.79 MB, solutions = 93)
Nodefile size = 17464.31 MB (12879.49 MB after compression)
 395240 167283     1016.2632   492     1018.0000      949.4559 64308646    6.73%
 395624 167436      993.3762   487     1018.0000      949.4559 64415475    6.73%
 398142 168396      968.1111   350     1018.0000      949.6231 65180468    6.72%
 400191 169192      958.5556   373     1018.0000      949.6231 65459081    6.72%
 403511 170444      960.9000   300     1018.0000      950.1806 65947071    6.66%
 405673 171264      987.6944   303     1018.0000      950.1806 66285785    6.66%
 408628 172366      968.7370   308     1018.0000      950.1806 66733369    6.66%
 409436 172626        cutoff           1018.0000      950.5417 66874025    6.63%
                                                      Cuts: 2                  
 411388 173397      989.9271   234     1018.0000      950.5417 67150506    6.63%
 415036 174705        cutoff           1018.0000      951.0000 67692389    6.58%
                                                  Impl Bds: 3                  
Elapsed time = 2394.02 sec. (772688.73 ticks, tree = 18557.29 MB, solutions = 93)
Nodefile size = 18422.92 MB (13516.39 MB after compression)
 416058 175096     1000.8333   264     1018.0000      951.0000 68006826    6.58%
 417916 175805      991.7813   521     1018.0000      951.2917 68544925    6.55%
 419580 176398        cutoff           1018.0000      951.2917 68798254    6.55%
 423571 178004      986.0972   294     1018.0000      951.6875 69338781    6.51%
 425811 178937      967.2222   259     1018.0000      951.6875 69645472    6.51%
 428467 179917      996.6771   454     1018.0000      951.6875 69998999    6.51%
 431664 181112      979.9286   325     1018.0000      952.1250 70441888    6.47%
                                                      Cuts: 3                  
 434426 182155      962.6250   261     1018.0000      952.1250 70821093    6.47%
 437150 183192        cutoff           1018.0000      952.6022 71196123    6.42%
                                                      Cuts: 6                  
 438698 183871      996.4610   282     1018.0000      952.6022 71410729    6.42%
Elapsed time = 2516.28 sec. (812703.63 ticks, tree = 19370.41 MB, solutions = 93)
Nodefile size = 19231.88 MB (14056.05 MB after compression)
 442157 185109     1002.4583   264     1018.0000      953.0000 71911063    6.39%
 443194 185511      970.3315   432     1018.0000      953.0000 72167532    6.39%
 445089 186329      973.7908   428     1018.0000      953.0000 72708977    6.39%
 447430 187215        cutoff           1018.0000      953.2083 73044215    6.36%
 449793 188136     1009.5357   308     1018.0000      953.2083 73373818    6.36%
 452908 189370      957.9747   357     1018.0000      953.6250 73794899    6.32%
                                                  Impl Bds: 1                  
 455782 190587     1004.9789   346     1018.0000      953.6250 74171291    6.32%
 458357 191528      973.1333   278     1018.0000      954.0000 74519943    6.29%
                                                  Impl Bds: 8                  
 460951 192523      989.0000   288     1018.0000      954.0000 74871174    6.29%
 464107 193669      964.0000   227     1018.0000      954.4500 75290137    6.24%
                                                  Impl Bds: 2                  
Elapsed time = 2647.22 sec. (852074.62 ticks, tree = 20474.54 MB, solutions = 93)
Nodefile size = 20339.59 MB (14787.94 MB after compression)
 464655 193847     1006.1667   314     1018.0000      954.4500 75450743    6.24%
 465701 194247     1015.7500   344     1018.0000      954.4500 75782140    6.24%
 468195 195205        cutoff           1018.0000      954.6000 76298340    6.23%
                                                  Impl Bds: 6                  
 470604 196179     1014.2917   314     1018.0000      954.6000 76602491    6.23%
*471774+196662                         1017.0000      954.6000 76754243    6.14%
Found incumbent of value 1017.000000 after 2696.89 sec. (866012.47 ticks)
 473457 195521      987.5393   470     1017.0000      954.9479 76997989    6.10%
 476433 196611      988.1424   291     1017.0000      954.9479 77393628    6.10%
 479342 197577      978.9773   349     1017.0000      955.3429 77792177    6.06%
                                                  Impl Bds: 3                  
 481543 198317      969.8003   415     1017.0000      955.3429 78123775    6.06%
 485190 199613      976.0099   373     1017.0000      955.3429 78624281    6.06%
 485817 199791      972.0000   241     1017.0000      955.7500 78776231    6.02%
                                                  Impl Bds: 4                  
Elapsed time = 2774.25 sec. (891526.74 ticks, tree = 20984.66 MB, solutions = 94)
Nodefile size = 20851.67 MB (15102.69 MB after compression)
 486525 200062        cutoff           1017.0000      955.7500 79008878    6.02%
 488583 200719      968.5000   393     1017.0000      955.9028 79540039    6.01%
                                                      Cuts: 2                  
 490960 201600      980.7577   482     1017.0000      955.9028 79877464    6.01%
 493956 202633     1006.0833   314     1017.0000      956.2500 80294539    5.97%
                                                  Impl Bds: 4                  
 496361 203405      989.6042   324     1017.0000      956.2500 80637246    5.97%
 498841 204343      972.4762   187     1017.0000      956.2500 80971971    5.97%
 501154 205158      969.1500   300     1017.0000      956.6667 81303024    5.93%
                                                      Cuts: 3                  
 503912 206063      986.5000   216     1017.0000      956.6667 81660017    5.93%
 506553 206971      976.3313   279     1017.0000      957.0260 82045433    5.90%
                                                      Cuts: 2                  
 507129 207190      992.6739   260     1017.0000      957.0260 82206976    5.90%
Elapsed time = 2890.39 sec. (931013.10 ticks, tree = 21626.59 MB, solutions = 94)
Nodefile size = 21493.49 MB (15520.61 MB after compression)
 509436 208007      978.2500   247     1017.0000      957.2167 82846455    5.88%
 511200 208547      967.3333   349     1017.0000      957.2167 83094243    5.88%
 514458 209553     1003.0034   467     1017.0000      957.2167 83562407    5.88%
 516400 210227        cutoff           1017.0000      957.5104 83806934    5.85%
                                                    Covers: 1                  
 519257 211182      975.7876   314     1017.0000      957.5104 84191703    5.85%
 522721 212401     1014.5333   190     1017.0000      957.8768 84625668    5.81%
                                                  ZeroHalf: 2                  
 524880 213199      971.8500   394     1017.0000      957.8768 84910959    5.81%
 528061 214350      986.9583   249     1017.0000      958.2222 85332681    5.78%
                                                  Impl Bds: 4                  
 528418 214466        cutoff           1017.0000      958.2222 85442512    5.78%
 530116 215007     1013.4167   426     1017.0000      958.2222 85935731    5.78%
Elapsed time = 3016.45 sec. (969658.20 ticks, tree = 22326.33 MB, solutions = 94)
Nodefile size = 22193.91 MB (15976.05 MB after compression)
 532716 215891      969.2692   341     1017.0000      958.3750 86427119    5.76%
 535008 216781      958.6667   179     1017.0000      958.3750 86716793    5.76%
 538343 217858      971.7500   244     1017.0000      958.6852 87149470    5.73%
 541148 218908      993.5294   353     1017.0000      958.6852 87512034    5.73%
 543913 219811     1005.5000   261     1017.0000      959.0000 87890718    5.70%
                                                  ZeroHalf: 1                  
 546157 220618     1000.7500   233     1017.0000      959.0000 88176812    5.70%
 549638 221828      965.6165   258     1017.0000      959.3333 88622442    5.67%
 550426 222127        cutoff           1017.0000      959.3333 88817438    5.67%
 551928 222601      967.3125   481     1017.0000      959.3333 89298671    5.67%
 553570 223133      983.8287   403     1017.0000      959.4348 89627729    5.66%
Elapsed time = 3139.75 sec. (1009016.28 ticks, tree = 22976.97 MB, solutions = 94)
Nodefile size = 22844.38 MB (16393.79 MB after compression)
 556802 224175      963.7500   264     1017.0000      959.4348 90048375    5.66%
 559758 225106      997.0000   324     1017.0000      959.7778 90440478    5.63%
 562478 225881      981.9625   404     1017.0000      959.7778 90815319    5.63%
 565410 226831     1007.3333   247     1017.0000      960.1000 91175866    5.59%
                                                    Covers: 1                  
 567459 227522        cutoff           1017.0000      960.1000 91447849    5.59%
 571292 228669     1010.7500   272     1017.0000      960.1000 91936621    5.59%
 572570 229004     1005.4386   324     1017.0000      960.4000 92107552    5.57%
 575674 230054      989.1000   306     1017.0000      960.4000 92500922    5.57%
 578083 230812     1013.5000   246     1017.0000      960.7222 92828986    5.53%
 578957 231026      998.8333   273     1017.0000      960.7222 93102739    5.53%
Elapsed time = 3273.29 sec. (1047679.80 ticks, tree = 23926.74 MB, solutions = 94)
Nodefile size = 23793.74 MB (17011.05 MB after compression)
 581229 231804      998.8902   369     1017.0000      960.8500 93684279    5.52%
 583981 232631     1009.6429   245     1017.0000      960.8500 94043271    5.52%
 587571 233851     1012.8889   293     1017.0000      961.1250 94501235    5.49%
 590687 234840      996.0517   335     1017.0000      961.1250 94880590    5.49%
 593853 235959     1006.2750   354     1017.0000      961.1250 95284165    5.49%
 595577 236500     1014.5000   140     1017.0000      961.4444 95508111    5.46%
 598070 237318        cutoff           1017.0000      961.4444 95819687    5.46%
 600488 238063        cutoff           1017.0000      961.6778 96141949    5.44%
 600965 238236      977.5909   342     1017.0000      961.6778 96280790    5.44%
 603294 238972      990.3024   320     1017.0000      961.8333 96980527    5.42%
Elapsed time = 3397.98 sec. (1087409.72 ticks, tree = 24496.44 MB, solutions = 94)
Nodefile size = 24364.32 MB (17373.53 MB after compression)
 605457 239823     1015.3306   460     1017.0000      961.8333 97239130    5.42%
 609886 241266      988.8304   310     1017.0000      962.0952 97782965    5.40%
 612248 242063      975.6389   487     1017.0000      962.0952 98087369    5.40%
 615579 243123      965.1389   300     1017.0000      962.0952 98512023    5.40%
 618136 243915      987.4486   343     1017.0000      962.3750 98835946    5.37%
 620986 244767      997.1794   351     1017.0000      962.3750 99199133    5.37%
 623083 245439     1009.4948   448     1017.0000      962.6111 99479869    5.35%
 624298 245808     1003.7083   375     1017.0000      962.6111 99832272    5.35%
 625708 246239        cutoff           1017.0000      962.7500 1.00e+08    5.33%
 628581 247109     1013.5575   336     1017.0000      962.7500 1.01e+08    5.33%
Elapsed time = 3526.54 sec. (1127636.06 ticks, tree = 25205.67 MB, solutions = 94)
Nodefile size = 25071.96 MB (17833.65 MB after compression)
 632118 248022      989.6026   358     1017.0000      963.0261 1.01e+08    5.31%
 634589 248809      988.3167   309     1017.0000      963.0261 1.01e+08    5.31%
 638216 249929      966.5000   205     1017.0000      963.0261 1.02e+08    5.31%
 640534 250727     1006.3036   264     1017.0000      963.3081 1.02e+08    5.28%
                                                    Covers: 1                  
 643554 251663      973.3217   336     1017.0000      963.3081 1.02e+08    5.28%
 646669 252646      977.0556   340     1017.0000      963.5303 1.03e+08    5.26%
 649038 253318      985.2197   323     1017.0000      963.5303 1.03e+08    5.26%
 652286 254302      968.0900   341     1017.0000      963.7667 1.04e+08    5.23%
 653209 254609     1009.0171   373     1017.0000      963.7667 1.04e+08    5.23%
 655340 255217      982.7404   455     1017.0000      963.9000 1.04e+08    5.22%
Elapsed time = 3660.80 sec. (1167400.96 ticks, tree = 26069.56 MB, solutions = 94)
Nodefile size = 25936.37 MB (18391.52 MB after compression)
 657543 255797      987.0132   283     1017.0000      963.9000 1.05e+08    5.22%
 660682 256713      990.8168   470     1017.0000      963.9000 1.05e+08    5.22%
 662719 257296      976.2672   349     1017.0000      964.1111 1.05e+08    5.20%
 665979 258234      982.5000   215     1017.0000      964.1111 1.06e+08    5.20%
 668981 258996     1011.0000   250     1017.0000      964.3750 1.06e+08    5.17%
 672077 259872      979.4394   270     1017.0000      964.3750 1.07e+08    5.17%
 674330 260400      976.3411   409     1017.0000      964.6304 1.07e+08    5.15%
 675107 260592        cutoff           1017.0000      964.6304 1.07e+08    5.15%
 677695 261366      997.1515   312     1017.0000      964.7639 1.08e+08    5.14%
 681073 262234     1001.7778   252     1017.0000      964.7639 1.08e+08    5.14%
Elapsed time = 3791.14 sec. (1206922.75 ticks, tree = 26550.34 MB, solutions = 94)
Nodefile size = 26413.91 MB (18695.87 MB after compression)
 684267 263032        cutoff           1017.0000      965.0344 1.08e+08    5.11%
                                                  Impl Bds: 1                  
 687286 263893      993.8065   360     1017.0000      965.0344 1.09e+08    5.11%
 690621 264819     1015.3125   286     1017.0000      965.0344 1.09e+08    5.11%
 692737 265382        cutoff           1017.0000      965.2500 1.10e+08    5.09%
                                                    Covers: 1                  
 695617 266203      992.4560   257     1017.0000      965.2500 1.10e+08    5.09%
 697460 266695        cutoff           1017.0000      965.5000 1.10e+08    5.06%
 697684 266750     1011.0938   218     1017.0000      965.5000 1.10e+08    5.06%
 700933 267623     1010.3333   322     1017.0000      965.6174 1.11e+08    5.05%
 703486 268299     1000.5000   366     1017.0000      965.6174 1.11e+08    5.05%
 707355 269364        cutoff           1017.0000      965.8813 1.12e+08    5.03%
Elapsed time = 3927.44 sec. (1246323.31 ticks, tree = 27199.52 MB, solutions = 94)
Nodefile size = 27068.10 MB (19108.73 MB after compression)
 710440 270144      970.0804   320     1017.0000      965.8813 1.12e+08    5.03%
 713796 271102      995.3000   312     1017.0000      966.1000 1.13e+08    5.00%
                                                    Covers: 1                  
 716512 271878     1008.6690   497     1017.0000      966.1000 1.13e+08    5.00%
 720299 272854      994.8929   207     1017.0000      966.3271 1.13e+08    4.98%
 720907 273032      975.7778   353     1017.0000      966.3271 1.14e+08    4.98%
 722594 273510      967.0775   357     1017.0000      966.3271 1.14e+08    4.98%
 725060 274079     1002.9912   314     1017.0000      966.4286 1.14e+08    4.97%
 727957 274831      974.4627   335     1017.0000      966.4286 1.15e+08    4.97%
 730922 275647      998.2153   323     1017.0000      966.6500 1.15e+08    4.95%
 734152 276560      976.0000   240     1017.0000      966.6500 1.16e+08    4.95%
Elapsed time = 4064.72 sec. (1286864.36 ticks, tree = 27702.44 MB, solutions = 94)
Nodefile size = 27561.52 MB (19421.36 MB after compression)
 737155 277357      996.6970   301     1017.0000      966.8373 1.16e+08    4.93%
 739313 277729        cutoff           1017.0000      966.8373 1.16e+08    4.93%
 742862 278654     1008.7000   311     1017.0000      967.0833 1.17e+08    4.91%
                                                    Covers: 1                  
 743342 278750      971.9167   242     1017.0000      967.0833 1.17e+08    4.91%
 745633 279279        cutoff           1017.0000      967.1960 1.17e+08    4.90%
                                                    Covers: 1                  
 748306 279863      990.3333   397     1017.0000      967.1960 1.18e+08    4.90%
 752054 280820    infeasible           1017.0000      967.4063 1.18e+08    4.88%
 754682 281365     1008.6667   229     1017.0000      967.4063 1.19e+08    4.88%
 758284 282220      971.0652   324     1017.0000      967.4063 1.19e+08    4.88%
 760706 282727      974.6351   346     1017.0000      967.6000 1.19e+08    4.86%
Elapsed time = 4200.45 sec. (1326604.16 ticks, tree = 28357.08 MB, solutions = 94)
Nodefile size = 28221.68 MB (19842.23 MB after compression)
 762658 283255      981.3032   319     1017.0000      967.6000 1.20e+08    4.86%
 765145 283839      986.3048   389     1017.0000      967.8000 1.20e+08    4.84%
 765945 284064        cutoff           1017.0000      967.8000 1.20e+08    4.84%
 767750 284507      976.6250   379     1017.0000      967.9167 1.21e+08    4.83%
                                                  ZeroHalf: 1                  
 770136 284986     1001.1481   277     1017.0000      967.9167 1.21e+08    4.83%
 774417 286042      982.8889   251     1017.0000      968.0667 1.21e+08    4.81%
 775913 286417      985.0000   260     1017.0000      968.0667 1.22e+08    4.81%
 779410 287183      992.1458   255     1017.0000      968.0667 1.22e+08    4.81%
 782321 287897      994.0833   350     1017.0000      968.3015 1.23e+08    4.79%
 785009 288668     1006.2222   242     1017.0000      968.3015 1.23e+08    4.79%
Elapsed time = 4325.69 sec. (1365553.56 ticks, tree = 28720.62 MB, solutions = 94)
Nodefile size = 28581.82 MB (20067.32 MB after compression)
 787925 289348        cutoff           1017.0000      968.4917 1.23e+08    4.77%
 789017 289639     1012.3389   182     1017.0000      968.4917 1.24e+08    4.77%
 791588 290231        cutoff           1017.0000      968.5926 1.24e+08    4.76%
 793898 290838     1003.6000   257     1017.0000      968.5926 1.24e+08    4.76%
 797751 291745     1013.4086   400     1017.0000      968.8000 1.25e+08    4.74%
 800660 292397      982.2381   336     1017.0000      968.8000 1.25e+08    4.74%
 803833 293089      976.4444   345     1017.0000      969.0000 1.26e+08    4.72%
 807033 293926      984.7500   184     1017.0000      969.0000 1.26e+08    4.72%
 810312 294721      989.0556   362     1017.0000      969.0000 1.26e+08    4.72%
 811401 294995      985.2500   341     1017.0000      969.1667 1.26e+08    4.70%
Elapsed time = 4462.87 sec. (1404907.14 ticks, tree = 29335.62 MB, solutions = 94)
Nodefile size = 29204.50 MB (20461.82 MB after compression)
 812376 295205      978.6667   274     1017.0000      969.1667 1.27e+08    4.70%
 815153 295793     1009.1333   346     1017.0000      969.2696 1.27e+08    4.69%
 817245 296353      983.7424   388     1017.0000      969.2696 1.28e+08    4.69%
 821323 297171      985.8753   451     1017.0000      969.4845 1.28e+08    4.67%
 824203 297802     1008.7188   364     1017.0000      969.4845 1.28e+08    4.67%
 827233 298373      976.9444   329     1017.0000      969.6601 1.29e+08    4.65%
 830024 298957     1005.6111   285     1017.0000      969.6601 1.29e+08    4.65%
 833318 299703        cutoff           1017.0000      969.8667 1.30e+08    4.63%
 835939 300253      997.0532   349     1017.0000      969.8667 1.30e+08    4.63%
 837489 300493     1015.2500   337     1017.0000      969.8667 1.30e+08    4.63%
Elapsed time = 4586.46 sec. (1443788.55 ticks, tree = 29736.06 MB, solutions = 94)
Nodefile size = 29601.26 MB (20712.26 MB after compression)
 841388 301394     1011.1658   340     1017.0000      970.0060 1.31e+08    4.62%
 844423 302079      975.5000   254     1017.0000      970.0060 1.31e+08    4.62%
 846523 302472     1011.0000   356     1017.0000      970.2000 1.31e+08    4.60%
 847631 302756        cutoff           1017.0000      970.2000 1.32e+08    4.60%
 850058 303230      993.3561   359     1017.0000      970.2949 1.32e+08    4.59%
 852510 303713      976.2500   282     1017.0000      970.2949 1.32e+08    4.59%
 856124 304370      992.5118   275     1017.0000      970.4792 1.33e+08    4.57%
 859586 305140      972.0485   394     1017.0000      970.4792 1.33e+08    4.57%
 862581 305790        cutoff           1017.0000      970.6667 1.34e+08    4.56%
 865263 306378     1009.1429   267     1017.0000      970.6667 1.34e+08    4.56%
Elapsed time = 4723.60 sec. (1482711.14 ticks, tree = 30167.13 MB, solutions = 94)
Nodefile size = 30032.92 MB (20977.25 MB after compression)
 868678 307033        cutoff           1017.0000      970.8333 1.34e+08    4.54%
 869192 307141        cutoff           1017.0000      970.8333 1.34e+08    4.54%
 871742 307687      997.8171   333     1017.0000      970.9111 1.35e+08    4.53%
 873593 307997      977.0000   246     1017.0000      970.9111 1.35e+08    4.53%
 875993 308422     1010.8045   366     1017.0000      970.9111 1.36e+08    4.53%
 880431 309312     1011.6538   305     1017.0000      971.0667 1.36e+08    4.52%
                                                  Impl Bds: 1                  
 883915 310061     1014.3333   267     1017.0000      971.0667 1.37e+08    4.52%
 886952 310652      999.8438   247     1017.0000      971.2813 1.37e+08    4.50%
                                                  Impl Bds: 2                  
 889563 311209      985.7398   345     1017.0000      971.2813 1.37e+08    4.50%
 892078 311770      993.8333   382     1017.0000      971.4559 1.38e+08    4.48%
Elapsed time = 4858.89 sec. (1522591.89 ticks, tree = 30582.77 MB, solutions = 94)
Nodefile size = 30451.61 MB (21236.01 MB after compression)
 892721 311855     1012.0682   236     1017.0000      971.4559 1.38e+08    4.48%
 894713 312195      996.0556   355     1017.0000      971.5000 1.38e+08    4.47%
 897871 312876        cutoff           1017.0000      971.5000 1.39e+08    4.47%
 901459 313512      994.1693   293     1017.0000      971.7000 1.39e+08    4.45%
 904322 314108      987.2667   272     1017.0000      971.7000 1.40e+08    4.45%
 907543 314584        cutoff           1017.0000      971.8571 1.40e+08    4.44%
 910743 315161     1003.6167   196     1017.0000      971.8571 1.40e+08    4.44%
 913899 315776      999.6169   329     1017.0000      971.8571 1.41e+08    4.44%
 916060 316259     1004.1897   280     1017.0000      972.0278 1.41e+08    4.42%
 918891 316745     1012.1478   321     1017.0000      972.0278 1.41e+08    4.42%
Elapsed time = 4985.48 sec. (1562131.94 ticks, tree = 30881.01 MB, solutions = 94)
Nodefile size = 30744.46 MB (21416.35 MB after compression)
 921411 317234      993.2500   289     1017.0000      972.1818 1.42e+08    4.41%
 922560 317455      995.8778   356     1017.0000      972.1818 1.42e+08    4.41%
 925064 317747     1003.3526   285     1017.0000      972.2833 1.43e+08    4.40%
 927682 318198      998.1146   320     1017.0000      972.2833 1.43e+08    4.40%
 930754 318791        cutoff           1017.0000      972.4722 1.43e+08    4.38%
 932513 319124      987.3000   328     1017.0000      972.4722 1.43e+08    4.38%
 936970 319920      985.7741   257     1017.0000      972.6065 1.44e+08    4.37%
                                                    Covers: 1                  
 939829 320484        cutoff           1017.0000      972.6065 1.44e+08    4.37%
 943651 321219      985.7500   323     1017.0000      972.6065 1.45e+08    4.37%
 944567 321342      995.6429   223     1017.0000      972.8000 1.45e+08    4.35%
                                                    Covers: 2                  
Elapsed time = 5123.49 sec. (1601346.74 ticks, tree = 31334.64 MB, solutions = 94)
Nodefile size = 31204.62 MB (21701.95 MB after compression)
 945854 321599     1011.9271   194     1017.0000      972.8000 1.45e+08    4.35%
 948509 322111        cutoff           1017.0000      972.8857 1.46e+08    4.34%
 951527 322617     1002.6000   406     1017.0000      972.8857 1.46e+08    4.34%
 955376 323325      989.6250   227     1017.0000      973.0152 1.47e+08    4.32%
 957847 323687      993.2521   378     1017.0000      973.0152 1.47e+08    4.32%
 961399 324327     1000.6667   266     1017.0000      973.1667 1.47e+08    4.31%
                                                    Covers: 3                  
 963886 324722      990.5000   324     1017.0000      973.1667 1.48e+08    4.31%
 967149 325299      995.7833   317     1017.0000      973.3750 1.48e+08    4.29%
                                                    Covers: 1                  
 967751 325392      987.5000   311     1017.0000      973.3750 1.48e+08    4.29%
 970239 325863     1001.8182   347     1017.0000      973.4500 1.49e+08    4.28%
Elapsed time = 5249.20 sec. (1640098.56 ticks, tree = 31483.08 MB, solutions = 94)
Nodefile size = 31353.06 MB (21783.20 MB after compression)
 973008 326336     1015.0000   345     1017.0000      973.4500 1.49e+08    4.28%
 976704 327022        cutoff           1017.0000      973.6080 1.50e+08    4.27%
                                                    Covers: 1                  
 979672 327481     1008.2500   239     1017.0000      973.6080 1.50e+08    4.27%
 983113 328153     1010.8333   352     1017.0000      973.6080 1.50e+08    4.27%
 985607 328507     1007.9722   295     1017.0000      973.7500 1.51e+08    4.25%
                                                    Covers: 1                  
 988778 328981      980.5885   438     1017.0000      973.7500 1.51e+08    4.25%
 990605 329352      996.9750   397     1017.0000      973.8571 1.51e+08    4.24%
 991739 329610        cutoff           1017.0000      973.8571 1.52e+08    4.24%
 994931 330036      986.1190   240     1017.0000      973.9828 1.52e+08    4.23%
 997512 330483        cutoff           1017.0000      973.9828 1.52e+08    4.23%
Elapsed time = 5382.20 sec. (1680219.80 ticks, tree = 31705.31 MB, solutions = 94)
Nodefile size = 31569.10 MB (21911.81 MB after compression)
 1001277 330973      993.1750   384     1017.0000      974.1111 1.53e+08    4.22%
 1003549 331309      990.4225   435     1017.0000      974.1111 1.53e+08    4.22%
 1007280 331861        cutoff           1017.0000      974.2963 1.54e+08    4.20%
 1010497 332372     1005.0625   340     1017.0000      974.2963 1.54e+08    4.20%
 1013186 332766     1014.9444   349     1017.0000      974.4547 1.54e+08    4.18%
                                                    Covers: 1                  
 1013986 332845     1000.7500   341     1017.0000      974.4547 1.55e+08    4.18%
 1016680 333343      989.1845   289     1017.0000      974.5000 1.55e+08    4.18%
 1019560 333756      990.7083   282     1017.0000      974.5000 1.56e+08    4.18%
 1023255 334350      979.8041   373     1017.0000      974.6667 1.56e+08    4.16%
                                                  Impl Bds: 1                  
 1025911 334740     1000.9877   306     1017.0000      974.6667 1.56e+08    4.16%
Elapsed time = 5522.44 sec. (1720758.44 ticks, tree = 31987.29 MB, solutions = 94)
Nodefile size = 31851.80 MB (22078.19 MB after compression)
 1029803 335337     1002.4444   253     1017.0000      974.8111 1.57e+08    4.15%
                                                      Cuts: 2                  
 1032816 335901      984.4470   331     1017.0000      974.8111 1.57e+08    4.15%
 1036264 336264        cutoff           1017.0000      975.0000 1.57e+08    4.13%
                                                  Impl Bds: 1                  
 1036621 336278     1014.5000   319     1017.0000      975.0000 1.58e+08    4.13%
 1038722 336670      981.6820   433     1017.0000      975.0000 1.58e+08    4.13%
 1041593 337175        cutoff           1017.0000      975.0074 1.59e+08    4.13%
 1044437 337644     1009.1861   448     1017.0000      975.0074 1.59e+08    4.13%
 1047488 338029        cutoff           1017.0000      975.1753 1.59e+08    4.11%
                                                  Impl Bds: 2                  
 1051043 338572     1015.7963   379     1017.0000      975.1753 1.60e+08    4.11%
 1053153 338888      999.6111   340     1017.0000      975.3333 1.60e+08    4.10%
                                                      Cuts: 4                  
Elapsed time = 5655.88 sec. (1760204.79 ticks, tree = 32269.39 MB, solutions = 94)
Nodefile size = 32137.75 MB (22246.03 MB after compression)
 1056417 339366      984.3091   276     1017.0000      975.3333 1.60e+08    4.10%
 1059338 339639     1005.5098   446     1017.0000      975.5000 1.61e+08    4.08%
                                                  Impl Bds: 1                  
 1060297 339786      988.6786   382     1017.0000      975.5000 1.61e+08    4.08%
 1062636 340156        cutoff           1017.0000      975.5481 1.61e+08    4.08%
 1064712 340536      987.8561   280     1017.0000      975.5481 1.62e+08    4.08%
 1069306 341324      999.9992   310     1017.0000      975.6810 1.62e+08    4.06%
 1072470 341788      975.7917   261     1017.0000      975.6810 1.63e+08    4.06%
 1075984 342304      989.7333   244     1017.0000      975.8333 1.63e+08    4.05%
 1079521 342803     1009.1417   394     1017.0000      975.8333 1.63e+08    4.05%
 1082891 343163        cutoff           1017.0000      976.0000 1.64e+08    4.03%
Elapsed time = 5793.23 sec. (1799818.50 ticks, tree = 32559.36 MB, solutions = 94)
Nodefile size = 32428.52 MB (22416.87 MB after compression)
 1083470 343161     1008.5000   199     1017.0000      976.0000 1.64e+08    4.03%
 1085532 343480        cutoff           1017.0000      976.0096 1.64e+08    4.03%
 1088603 343919        cutoff           1017.0000      976.0096 1.65e+08    4.03%
 1092640 344448     1001.3250   292     1017.0000      976.2000 1.65e+08    4.01%
 1095657 344836      977.0417   367     1017.0000      976.2000 1.66e+08    4.01%
 1099209 345319      985.1136   329     1017.0000      976.3333 1.66e+08    4.00%
 1102204 345762        cutoff           1017.0000      976.3333 1.66e+08    4.00%
 1106287 346203      987.8333   334     1017.0000      976.5000 1.67e+08    3.98%
                                                  ZeroHalf: 1                  
 1109334 346692     1009.2667   316     1017.0000      976.5000 1.67e+08    3.98%
 1112911 347128    infeasible           1017.0000      976.5885 1.68e+08    3.97%
                                                    Covers: 1                  
Elapsed time = 5935.93 sec. (1841456.16 ticks, tree = 32787.74 MB, solutions = 94)
Nodefile size = 32656.37 MB (22547.24 MB after compression)
 1113759 347211    infeasible           1017.0000      976.5885 1.68e+08    3.97%
 1115782 347483        cutoff           1017.0000      976.6698 1.68e+08    3.97%
                                                    Covers: 1                  
 1118275 347809      978.3266   258     1017.0000      976.6698 1.69e+08    3.97%
 1122041 348247    infeasible           1017.0000      976.8006 1.69e+08    3.95%
 1124839 348661      992.9778   301     1017.0000      976.8006 1.69e+08    3.95%
 1128863 349250        cutoff           1017.0000      976.9444 1.70e+08    3.94%
                                                    Covers: 1                  
 1131263 349419        cutoff           1017.0000      976.9444 1.70e+08    3.94%
 1135390 350009     1003.3611   376     1017.0000      977.0606 1.71e+08    3.93%
                                                      Cuts: 4                  
 1136265 350101        cutoff           1017.0000      977.0606 1.71e+08    3.93%
 1138346 350359        cutoff           1017.0000      977.1235 1.71e+08    3.92%
                                                  Impl Bds: 3                  
Elapsed time = 6070.32 sec. (1882762.56 ticks, tree = 32821.14 MB, solutions = 94)
Nodefile size = 32692.49 MB (22556.22 MB after compression)
 1140951 350696        cutoff           1017.0000      977.1235 1.72e+08    3.92%
 1145052 351135        cutoff           1017.0000      977.2564 1.72e+08    3.91%
                                                  Impl Bds: 2                  
 1148405 351542        cutoff           1017.0000      977.2564 1.73e+08    3.91%
 1152051 351939        cutoff           1017.0000      977.4028 1.73e+08    3.89%
                                                  Impl Bds: 2                  
 1155071 352259     1003.5000   213     1017.0000      977.4028 1.73e+08    3.89%
 1158770 352640      983.3090   312     1017.0000      977.5488 1.74e+08    3.88%
                                                  Impl Bds: 1                  
 1159525 352729        cutoff           1017.0000      977.5488 1.74e+08    3.88%
 1161872 353057        cutoff           1017.0000      977.5938 1.75e+08    3.87%
 1165088 353441      998.2741   339     1017.0000      977.5938 1.75e+08    3.87%
 1168455 353774        cutoff           1017.0000      977.7356 1.75e+08    3.86%
Elapsed time = 6213.92 sec. (1924063.75 ticks, tree = 32987.69 MB, solutions = 94)
Nodefile size = 32857.36 MB (22647.98 MB after compression)
 1171289 354142     1011.7500   393     1017.0000      977.7356 1.76e+08    3.86%
 1175390 354650     1000.0952   322     1017.0000      977.8571 1.76e+08    3.85%
 1178110 354973     1007.9048   314     1017.0000      977.8571 1.76e+08    3.85%
 1182143 355291      993.0000   344     1017.0000      978.0000 1.77e+08    3.83%
                                                  Impl Bds: 1                  
 1182613 355275        cutoff           1017.0000      978.0000 1.77e+08    3.83%
 1184977 355515     1003.2436   225     1017.0000      978.0373 1.78e+08    3.83%
                                                  Impl Bds: 2                  
 1187652 355830     1015.6000   395     1017.0000      978.0373 1.78e+08    3.83%
 1191711 356295     1008.2917   284     1017.0000      978.1818 1.78e+08    3.82%
                                                  Impl Bds: 1                  
 1194307 356477        cutoff           1017.0000      978.1818 1.79e+08    3.82%
 1197919 356789        cutoff           1017.0000      978.3000 1.79e+08    3.81%
                                                  Impl Bds: 2                  
Elapsed time = 6356.38 sec. (1965373.98 ticks, tree = 33112.25 MB, solutions = 94)
Nodefile size = 32981.58 MB (22711.58 MB after compression)
 1200519 357055        cutoff           1017.0000      978.3000 1.79e+08    3.81%
 1204822 357526      985.9061   255     1017.0000      978.4375 1.80e+08    3.79%
                                                  Impl Bds: 2                  
 1206024 357685        cutoff           1017.0000      978.4375 1.80e+08    3.79%
 1207662 357665        cutoff           1017.0000      978.4375 1.81e+08    3.79%
 1210380 357992     1004.6806   342     1017.0000      978.5000 1.81e+08    3.79%
 1214584 358471        cutoff           1017.0000      978.5000 1.81e+08    3.79%
 1216492 358673     1002.6667   405     1017.0000      978.6136 1.82e+08    3.77%
 1221127 359126        cutoff           1017.0000      978.6136 1.82e+08    3.77%
 1223795 359307     1009.0556   262     1017.0000      978.7507 1.82e+08    3.76%
 1227087 359650      998.5985   326     1017.0000      978.7507 1.83e+08    3.76%
Elapsed time = 6491.21 sec. (2004921.60 ticks, tree = 33155.49 MB, solutions = 94)
Nodefile size = 33018.13 MB (22723.25 MB after compression)
 1228599 359771        cutoff           1017.0000      978.8846 1.83e+08    3.75%
 1230383 359986     1006.6875   223     1017.0000      978.8846 1.84e+08    3.75%
 1232745 360205      992.9000   305     1017.0000      978.9556 1.84e+08    3.74%
 1235120 360207     1009.1333   296     1017.0000      978.9556 1.84e+08    3.74%
 1238680 360554        cutoff           1017.0000      979.0573 1.85e+08    3.73%
 1242013 360795      997.6098   413     1017.0000      979.0573 1.85e+08    3.73%
 1245402 361050      993.6667   230     1017.0000      979.1705 1.85e+08    3.72%
 1248059 361208     1015.4593   303     1017.0000      979.1705 1.86e+08    3.72%
 1251417 361429     1014.0022   443     1017.0000      979.3043 1.86e+08    3.71%
 1251995 361441     1011.1567   430     1017.0000      979.3043 1.86e+08    3.71%
Elapsed time = 6625.63 sec. (2043972.92 ticks, tree = 33155.99 MB, solutions = 94)
Nodefile size = 33026.10 MB (22709.93 MB after compression)
 1254392 361588     1001.5000   377     1017.0000      979.3732 1.87e+08    3.70%
 1257144 361766      982.2583   311     1017.0000      979.3732 1.87e+08    3.70%
 1260828 361829     1014.9565   252     1017.0000      979.5000 1.88e+08    3.69%
 1263508 361991      999.1250   262     1017.0000      979.5000 1.88e+08    3.69%
 1267243 362226        cutoff           1017.0000      979.6111 1.88e+08    3.68%
                                                  Impl Bds: 3                  
 1268919 362248      996.8272   415     1017.0000      979.6111 1.89e+08    3.68%
 1272066 362540        cutoff           1017.0000      979.6111 1.89e+08    3.68%
 1275367 362686        cutoff           1017.0000      979.7222 1.90e+08    3.67%
                                                      Cuts: 2                  
 1278579 362868        cutoff           1017.0000      979.7222 1.90e+08    3.67%
 1279417 362941      999.8500   356     1017.0000      979.8148 1.90e+08    3.66%
Elapsed time = 6760.86 sec. (2083840.07 ticks, tree = 33052.62 MB, solutions = 94)
Nodefile size = 32922.03 MB (22626.90 MB after compression)
 1280529 362990        cutoff           1017.0000      979.8148 1.90e+08    3.66%
 1283532 363202     1015.6698   323     1017.0000      979.8810 1.91e+08    3.65%
                                                  Impl Bds: 1                  
 1286892 363387     1004.0455   250     1017.0000      979.8810 1.91e+08    3.65%
 1290874 363506     1015.6875   305     1017.0000      980.0000 1.92e+08    3.64%
                                                  Impl Bds: 2                  
 1293954 363712     1009.6833   394     1017.0000      980.0000 1.92e+08    3.64%
 1296506 363832        cutoff           1017.0000      980.1333 1.92e+08    3.63%
 1300229 364062        cutoff           1017.0000      980.1333 1.93e+08    3.63%
 1302738 364226      991.4107   246     1017.0000      980.2500 1.93e+08    3.61%
 1303666 364319      980.8167   272     1017.0000      980.2500 1.93e+08    3.61%
 1305951 364371        cutoff           1017.0000      980.3169 1.94e+08    3.61%
Elapsed time = 6888.38 sec. (2122539.03 ticks, tree = 32882.58 MB, solutions = 94)
Nodefile size = 32755.75 MB (22500.71 MB after compression)
 1308707 364632        cutoff           1017.0000      980.3169 1.94e+08    3.61%
 1312319 364840     1013.2392   277     1017.0000      980.4167 1.95e+08    3.60%
 1314997 365020      998.5000   263     1017.0000      980.4167 1.95e+08    3.60%
 1318665 365149      990.6091   315     1017.0000      980.5417 1.95e+08    3.58%
 1321162 365382        cutoff           1017.0000      980.5417 1.96e+08    3.58%
 1325076 365542      984.9211   296     1017.0000      980.6667 1.96e+08    3.57%
 1325956 365586     1013.0000   296     1017.0000      980.6667 1.96e+08    3.57%
 1328264 365675      998.2282   243     1017.0000      980.7271 1.97e+08    3.57%
 1331239 365882        cutoff           1017.0000      980.7271 1.97e+08    3.57%
 1335148 366050      993.6595   324     1017.0000      980.8499 1.98e+08    3.55%
Elapsed time = 7027.74 sec. (2162419.39 ticks, tree = 32805.82 MB, solutions = 94)
Nodefile size = 32675.60 MB (22428.47 MB after compression)
 1338630 366304      997.0044   289     1017.0000      980.8499 1.98e+08    3.55%
 1342376 366459        cutoff           1017.0000      980.9844 1.98e+08    3.54%
 1345228 366515      984.1938   282     1017.0000      980.9844 1.99e+08    3.54%
 1349027 366750      985.7155   368     1017.0000      981.0905 1.99e+08    3.53%
 1349961 366805     1013.6938   286     1017.0000      981.0905 1.99e+08    3.53%
 1351965 366976        cutoff           1017.0000      981.1522 2.00e+08    3.52%
 1354572 367081     1002.3333   285     1017.0000      981.1522 2.00e+08    3.52%
 1358753 367385        cutoff           1017.0000      981.2667 2.01e+08    3.51%
 1361833 367456     1014.0000   257     1017.0000      981.2667 2.01e+08    3.51%
 1365565 367819    infeasible           1017.0000      981.3750 2.01e+08    3.50%
Elapsed time = 7170.70 sec. (2203131.38 ticks, tree = 32791.33 MB, solutions = 94)
Nodefile size = 32660.99 MB (22398.92 MB after compression)
 1368110 367965        cutoff           1017.0000      981.3750 2.02e+08    3.50%
 1371943 368032     1015.1190   257     1017.0000      981.5000 2.02e+08    3.49%
 1372719 367999        cutoff           1017.0000      981.5000 2.02e+08    3.49%
 1374843 368117        cutoff           1017.0000      981.5374 2.03e+08    3.49%
 1377588 368274      995.8340   367     1017.0000      981.5374 2.03e+08    3.49%
 1381732 368371     1003.0208   309     1017.0000      981.6667 2.04e+08    3.47%
 1385044 368547      994.1471   343     1017.0000      981.6667 2.04e+08    3.47%
 1388804 368695        cutoff           1017.0000      981.7870 2.04e+08    3.46%
 1392003 368850     1013.6429   274     1017.0000      981.7870 2.05e+08    3.46%
 1395683 369022        cutoff           1017.0000      981.8795 2.05e+08    3.45%
Elapsed time = 7312.80 sec. (2243703.15 ticks, tree = 32679.79 MB, solutions = 94)
Nodefile size = 32549.10 MB (22306.52 MB after compression)
 1396619 369070        cutoff           1017.0000      981.8795 2.05e+08    3.45%
 1398881 369157        cutoff           1017.0000      981.9502 2.06e+08    3.45%
 1401900 369081        cutoff           1017.0000      981.9502 2.06e+08    3.45%
 1405885 369367      982.0833   251     1017.0000      982.0417 2.07e+08    3.44%
 1409297 369482     1000.5045   365     1017.0000      982.0417 2.07e+08    3.44%
 1412373 369431     1000.2811   294     1017.0000      982.1667 2.07e+08    3.43%
                                                  ZeroHalf: 1                  
 1414965 369466        cutoff           1017.0000      982.1667 2.08e+08    3.43%
 1418805 369563      986.6146   286     1017.0000      982.2870 2.08e+08    3.41%
 1419832 369634        cutoff           1017.0000      982.2870 2.08e+08    3.41%
 1421946 369630      989.8465   366     1017.0000      982.2870 2.09e+08    3.41%
Elapsed time = 7445.13 sec. (2283808.45 ticks, tree = 32524.56 MB, solutions = 94)
Nodefile size = 32394.59 MB (22189.37 MB after compression)
 1424233 369715     1000.5167   223     1017.0000      982.3333 2.09e+08    3.41%
 1428916 369905        cutoff           1017.0000      982.4500 2.10e+08    3.40%
 1431746 369885      996.9566   352     1017.0000      982.4500 2.10e+08    3.40%
 1435621 370026      989.0444   314     1017.0000      982.5611 2.10e+08    3.39%
 1438816 370028      983.7778   280     1017.0000      982.5611 2.11e+08    3.39%
 1442379 370134      982.7069   212     1017.0000      982.6733 2.11e+08    3.38%
 1443211 370191     1005.5758   347     1017.0000      982.6733 2.11e+08    3.38%
 1445335 370228     1010.7373   254     1017.0000      982.7265 2.12e+08    3.37%
 1447887 370343     1012.6667   237     1017.0000      982.7265 2.12e+08    3.37%
 1451571 370396     1014.0833   310     1017.0000      982.7265 2.13e+08    3.37%
Elapsed time = 7583.51 sec. (2323876.39 ticks, tree = 32259.36 MB, solutions = 94)
Nodefile size = 32122.59 MB (21997.63 MB after compression)
 1454495 370473        cutoff           1017.0000      982.8333 2.13e+08    3.36%
 1458286 370541        cutoff           1017.0000      982.8333 2.13e+08    3.36%
 1460984 370526     1015.4318   289     1017.0000      982.9485 2.14e+08    3.35%
 1463520 370493      983.0458   313     1017.0000      982.9485 2.14e+08    3.35%
 1465877 370545        cutoff           1017.0000      983.0486 2.14e+08    3.34%
 1467413 370562        cutoff           1017.0000      983.0486 2.15e+08    3.34%
 1470158 370591      986.6250   381     1017.0000      983.1000 2.15e+08    3.33%
 1473518 370593      997.3555   305     1017.0000      983.1000 2.16e+08    3.33%
 1476554 370641        cutoff           1017.0000      983.2083 2.16e+08    3.32%
 1479737 370669      997.9000   274     1017.0000      983.2083 2.16e+08    3.32%
Elapsed time = 7717.77 sec. (2362564.14 ticks, tree = 32115.73 MB, solutions = 94)
Nodefile size = 31982.47 MB (21889.52 MB after compression)
 1483314 370638        cutoff           1017.0000      983.3231 2.17e+08    3.31%
 1486489 370679      992.6667   161     1017.0000      983.3231 2.17e+08    3.31%
 1489150 370745     1014.4815   374     1017.0000      983.4306 2.17e+08    3.30%
 1489630 370757      995.3431   337     1017.0000      983.4306 2.17e+08    3.30%
 1492207 370723        cutoff           1017.0000      983.5000 2.18e+08    3.29%
 1495631 370709        cutoff           1017.0000      983.5000 2.19e+08    3.29%
 1499864 370734     1003.7128   240     1017.0000      983.6000 2.19e+08    3.28%
 1502636 370697      999.8889   273     1017.0000      983.6000 2.19e+08    3.28%
 1506124 370709        cutoff           1017.0000      983.7222 2.20e+08    3.27%
 1507421 370699     1011.8333   213     1017.0000      983.7222 2.20e+08    3.27%
Elapsed time = 7859.54 sec. (2401882.81 ticks, tree = 31822.82 MB, solutions = 94)
Nodefile size = 31692.34 MB (21681.23 MB after compression)
 1510469 370650      984.6333   210     1017.0000      983.7917 2.20e+08    3.27%
 1513294 370605      994.8905   214     1017.0000      983.7917 2.21e+08    3.27%
 1517351 370615      992.6667   186     1017.0000      983.8977 2.21e+08    3.25%
 1520354 370619        cutoff           1017.0000      983.8977 2.21e+08    3.25%
 1524173 370465     1001.3920   306     1017.0000      984.0000 2.22e+08    3.24%
                                                    Covers: 1                  
 1525097 370455      987.0966   307     1017.0000      984.0000 2.22e+08    3.24%
 1527180 370516     1013.2908   428     1017.0000      984.0000 2.23e+08    3.24%
 1529004 370509      989.3264   333     1017.0000      984.0461 2.23e+08    3.24%
 1532745 370575      997.1905   308     1017.0000      984.0461 2.23e+08    3.24%
 1536596 370516        cutoff           1017.0000      984.1528 2.24e+08    3.23%
Elapsed time = 7991.36 sec. (2440923.22 ticks, tree = 31513.42 MB, solutions = 94)
Nodefile size = 31380.86 MB (21459.32 MB after compression)
 1540164 370434      987.9208   326     1017.0000      984.1528 2.24e+08    3.23%
 1542361 370402     1011.5610   309     1017.0000      984.2624 2.24e+08    3.22%
 1545279 370272     1015.6083   291     1017.0000      984.2624 2.25e+08    3.22%
 1547431 370284        cutoff           1017.0000      984.3611 2.25e+08    3.21%
 1548471 370301      984.4058   301     1017.0000      984.3611 2.25e+08    3.21%
 1551057 370305      999.7500   389     1017.0000      984.4147 2.26e+08    3.20%
 1554033 370342     1009.6970   337     1017.0000      984.4147 2.26e+08    3.20%
 1557842 370098     1006.4706   335     1017.0000      984.5000 2.26e+08    3.20%
 1560606 370141     1005.8194   290     1017.0000      984.5000 2.27e+08    3.20%
 1564449 370126     1007.5000   239     1017.0000      984.6111 2.27e+08    3.18%
Elapsed time = 8127.31 sec. (2479959.02 ticks, tree = 31223.14 MB, solutions = 94)
Nodefile size = 31093.01 MB (21253.22 MB after compression)
 1567410 370008     1002.5200   337     1017.0000      984.6111 2.27e+08    3.18%
 1570516 369968      993.5000   348     1017.0000      984.7141 2.28e+08    3.17%
 1570902 369934      995.3128   511     1017.0000      984.7141 2.28e+08    3.17%
 1573592 369834     1001.7778   386     1017.0000      984.7500 2.29e+08    3.17%
 1577014 369701      987.2924   238     1017.0000      984.7500 2.29e+08    3.17%
 1580910 369667     1012.7333   311     1017.0000      984.8757 2.29e+08    3.16%
 1584027 369534     1006.9167   230     1017.0000      984.8757 2.30e+08    3.16%
 1587405 369373      988.2000   237     1017.0000      985.0000 2.30e+08    3.15%
 1588002 369309      998.7692   370     1017.0000      985.0000 2.30e+08    3.15%
 1592326 369359      989.0714   194     1017.0000      985.0467 2.31e+08    3.14%
Elapsed time = 8263.32 sec. (2519099.08 ticks, tree = 30899.09 MB, solutions = 94)
Nodefile size = 30768.90 MB (21020.81 MB after compression)
 1595840 369360      996.3750   275     1017.0000      985.0467 2.31e+08    3.14%
 1599205 369284      994.1607   327     1017.0000      985.1515 2.32e+08    3.13%
 1602066 369201        cutoff           1017.0000      985.1515 2.32e+08    3.13%
 1605510 369042     1006.8750   372     1017.0000      985.2500 2.32e+08    3.12%
 1606593 369016        cutoff           1017.0000      985.2500 2.32e+08    3.12%
 1608715 369025        cutoff           1017.0000      985.3161 2.33e+08    3.12%
 1611453 368851     1012.6618   253     1017.0000      985.3161 2.33e+08    3.12%
 1615479 368750    infeasible           1017.0000      985.4238 2.34e+08    3.10%
                                                  Impl Bds: 1                  
 1618917 368622     1006.9630   318     1017.0000      985.4238 2.34e+08    3.10%
 1622385 368403        cutoff           1017.0000      985.5160 2.34e+08    3.10%
Elapsed time = 8402.88 sec. (2558454.14 ticks, tree = 30536.49 MB, solutions = 94)
Nodefile size = 30405.99 MB (20764.72 MB after compression)
 1623235 368425      998.9271   201     1017.0000      985.5160 2.35e+08    3.10%
 1625823 368444      998.0397   396     1017.0000      985.5859 2.35e+08    3.09%
 1628577 368410     1007.8841   285     1017.0000      985.5859 2.36e+08    3.09%
 1632774 368288     1001.2778   260     1017.0000      985.6750 2.36e+08    3.08%
 1635870 368085        cutoff           1017.0000      985.6750 2.36e+08    3.08%
 1639901 368002      996.0648   307     1017.0000      985.7964 2.37e+08    3.07%
                                                  ZeroHalf: 1                  
 1643341 367891      986.7500   318     1017.0000      985.7964 2.37e+08    3.07%
 1646978 367713        cutoff           1017.0000      985.9190 2.37e+08    3.06%
 1647677 367693     1011.2000   310     1017.0000      985.9190 2.38e+08    3.06%
 1650224 367664     1003.1250   207     1017.0000      985.9646 2.38e+08    3.05%
Elapsed time = 8538.56 sec. (2598066.46 ticks, tree = 30120.59 MB, solutions = 94)
Nodefile size = 29990.77 MB (20476.78 MB after compression)
 1652521 367411        cutoff           1017.0000      985.9646 2.39e+08    3.05%
 1656635 367250        cutoff           1017.0000      986.0450 2.39e+08    3.04%
 1659672 367248        cutoff           1017.0000      986.0450 2.39e+08    3.04%
 1663766 367054        cutoff           1017.0000      986.1667 2.40e+08    3.03%
 1666941 366932        cutoff           1017.0000      986.1667 2.40e+08    3.03%
 1670596 366699        cutoff           1017.0000      986.2615 2.40e+08    3.02%
 1671290 366699     1009.2778   301     1017.0000      986.2615 2.41e+08    3.02%
 1673446 366588        cutoff           1017.0000      986.2615 2.41e+08    3.02%
 1675405 366477      989.8053   322     1017.0000      986.3194 2.41e+08    3.02%
 1679307 366394     1001.5152   402     1017.0000      986.3194 2.42e+08    3.02%
Elapsed time = 8671.82 sec. (2638524.39 ticks, tree = 29823.95 MB, solutions = 94)
Nodefile size = 29691.70 MB (20265.02 MB after compression)
 1683274 366169        cutoff           1017.0000      986.4028 2.42e+08    3.01%
 1686618 365903     1000.7015   415     1017.0000      986.4028 2.43e+08    3.01%
 1689733 365688        cutoff           1017.0000      986.5000 2.43e+08    3.00%
 1693434 365436      998.2222   241     1017.0000      986.5000 2.43e+08    3.00%
 1694639 365400        cutoff           1017.0000      986.6259 2.43e+08    2.99%
 1695777 365272     1008.1250   375     1017.0000      986.6259 2.44e+08    2.99%
 1698038 365122     1011.7111   285     1017.0000      986.6667 2.44e+08    2.98%
 1701590 364891      997.4259   322     1017.0000      986.6667 2.45e+08    2.98%
 1705215 364673     1015.9201   347     1017.0000      986.7727 2.45e+08    2.97%
 1708351 364410        cutoff           1017.0000      986.7727 2.45e+08    2.97%
Elapsed time = 8805.59 sec. (2677422.32 ticks, tree = 29470.41 MB, solutions = 94)
Nodefile size = 29337.30 MB (20016.48 MB after compression)
 1712125 364240     1014.3254   266     1017.0000      986.8818 2.46e+08    2.96%
 1714926 364028        cutoff           1017.0000      986.8818 2.46e+08    2.96%
 1718301 363796        cutoff           1017.0000      987.0000 2.46e+08    2.95%
 1719054 363696        cutoff           1017.0000      987.0000 2.47e+08    2.95%
 1721720 363616     1001.8963   282     1017.0000      987.0179 2.47e+08    2.95%
 1724274 363458        cutoff           1017.0000      987.0179 2.47e+08    2.95%
 1728576 363103      993.2786   396     1017.0000      987.1273 2.48e+08    2.94%
 1731811 362874     1005.2560   190     1017.0000      987.1273 2.48e+08    2.94%
 1735438 362552      997.3500   262     1017.0000      987.2373 2.49e+08    2.93%
 1738420 362428     1005.0269   384     1017.0000      987.2373 2.49e+08    2.93%
Elapsed time = 8938.68 sec. (2715944.88 ticks, tree = 29019.89 MB, solutions = 94)
Nodefile size = 28888.66 MB (19703.48 MB after compression)
 1741833 362046        cutoff           1017.0000      987.3333 2.49e+08    2.92%
 1742924 362014      995.5813   413     1017.0000      987.3333 2.50e+08    2.92%
 1745346 361936     1008.8333   283     1017.0000      987.3889 2.50e+08    2.91%
 1748647 361713        cutoff           1017.0000      987.3889 2.50e+08    2.91%
 1752071 361333      999.6250   267     1017.0000      987.5000 2.51e+08    2.90%
 1755367 361178     1011.0588   274     1017.0000      987.5000 2.51e+08    2.90%
 1758381 361001        cutoff           1017.0000      987.5833 2.51e+08    2.89%
 1759112 360957        cutoff           1017.0000      987.5833 2.52e+08    2.89%
 1761501 360753      997.5000   289     1017.0000      987.6368 2.52e+08    2.89%
 1763971 360504        cutoff           1017.0000      987.6368 2.53e+08    2.89%
Elapsed time = 9069.80 sec. (2754862.21 ticks, tree = 28542.45 MB, solutions = 94)
Nodefile size = 28411.74 MB (19376.15 MB after compression)
 1768248 360191        cutoff           1017.0000      987.7444 2.53e+08    2.88%
 1770250 360039        cutoff           1017.0000      987.7444 2.53e+08    2.88%
 1774952 359655      989.1741   289     1017.0000      987.8333 2.54e+08    2.87%
 1778256 359405     1009.1500   302     1017.0000      987.8333 2.54e+08    2.87%
 1782072 359065      992.4667   266     1017.0000      987.9512 2.55e+08    2.86%
 1785519 358662      994.5351   273     1017.0000      987.9512 2.55e+08    2.86%
 1788974 358312      991.9271   198     1017.0000      988.0370 2.55e+08    2.85%
 1790058 358238     1002.6126   420     1017.0000      988.0370 2.55e+08    2.85%
 1792219 357997        cutoff           1017.0000      988.0833 2.56e+08    2.84%
 1795177 357867      991.4021   289     1017.0000      988.0833 2.56e+08    2.84%
Elapsed time = 9208.34 sec. (2793978.09 ticks, tree = 28052.05 MB, solutions = 94)
Nodefile size = 27922.60 MB (19037.23 MB after compression)
 1799215 357590     1010.1250   272     1017.0000      988.1862 2.57e+08    2.83%
 1802415 357303        cutoff           1017.0000      988.1862 2.57e+08    2.83%
 1806389 356912     1006.1597   302     1017.0000      988.3030 2.57e+08    2.82%
 1807989 356671        cutoff           1017.0000      988.3030 2.58e+08    2.82%
 1811140 356350     1009.0143   379     1017.0000      988.3750 2.58e+08    2.81%
 1813468 356127     1005.9966   308     1017.0000      988.3750 2.59e+08    2.81%
 1817493 355873      992.2799   285     1017.0000      988.4674 2.59e+08    2.81%
 1820226 355509     1009.8077   278     1017.0000      988.4674 2.59e+08    2.81%
 1824516 355184        cutoff           1017.0000      988.5714 2.60e+08    2.80%
 1825617 355020     1006.9483   379     1017.0000      988.5714 2.60e+08    2.80%
Elapsed time = 9354.94 sec. (2833285.75 ticks, tree = 27560.40 MB, solutions = 94)
Nodefile size = 27430.19 MB (18692.09 MB after compression)
 1827806 354865      993.5833   282     1017.0000      988.6159 2.60e+08    2.79%
 1830763 354527        cutoff           1017.0000      988.6159 2.61e+08    2.79%
 1834891 354222     1003.7500   260     1017.0000      988.7303 2.61e+08    2.78%
 1837852 353939        cutoff           1017.0000      988.7303 2.61e+08    2.78%
 1842003 353452      999.1780   251     1017.0000      988.8333 2.62e+08    2.77%
 1842629 353382        cutoff           1017.0000      988.8333 2.62e+08    2.77%
 1845249 353081     1013.2130   433     1017.0000      988.8784 2.63e+08    2.77%
 1847922 352796        cutoff           1017.0000      988.8784 2.63e+08    2.77%
 1852597 352284        cutoff           1017.0000      989.0000 2.63e+08    2.75%
 1854724 351972     1009.3733   225     1017.0000      989.0000 2.64e+08    2.75%
Elapsed time = 9485.96 sec. (2872275.12 ticks, tree = 26961.86 MB, solutions = 94)
Nodefile size = 26830.99 MB (18284.74 MB after compression)
 1859213 351585      996.5938   213     1017.0000      989.0706 2.64e+08    2.75%
 1862437 351339      998.5917   265     1017.0000      989.0706 2.64e+08    2.75%
 1866350 350924        cutoff           1017.0000      989.1667 2.65e+08    2.74%
 1867677 350868     1001.7222   296     1017.0000      989.1667 2.65e+08    2.74%
 1869657 350711     1017.3462   268     1017.0000      989.2313 2.66e+08    2.73%
 1872125 350453      996.2500   298     1017.0000      989.2313 2.66e+08    2.73%
 1876266 349996        cutoff           1017.0000      989.3125 2.66e+08    2.72%
 1879242 349722     1010.5417   417     1017.0000      989.3125 2.67e+08    2.72%
 1883303 349402        cutoff           1017.0000      989.4091 2.67e+08    2.71%
 1886935 349117     1005.9722   238     1017.0000      989.4091 2.67e+08    2.71%
Elapsed time = 9628.71 sec. (2911712.82 ticks, tree = 26433.23 MB, solutions = 94)
Nodefile size = 26300.62 MB (17919.20 MB after compression)
 1890138 348554     1006.3278   261     1017.0000      989.5048 2.68e+08    2.70%
 1890955 348429     1003.6316   310     1017.0000      989.5048 2.68e+08    2.70%
 1893249 348198        cutoff           1017.0000      989.5599 2.68e+08    2.70%
 1895980 347900      995.1250   340     1017.0000      989.5599 2.69e+08    2.70%
 1900095 347445     1004.4000   336     1017.0000      989.5599 2.69e+08    2.70%
 1903085 347201        cutoff           1017.0000      989.6667 2.69e+08    2.69%
 1906991 346715     1015.5595   288     1017.0000      989.6667 2.70e+08    2.69%
 1909033 346530     1007.2157   360     1017.0000      989.7714 2.70e+08    2.68%
 1912375 346053      996.7000   261     1017.0000      989.7714 2.70e+08    2.68%
 1915605 345709     1002.0139   358     1017.0000      989.8438 2.71e+08    2.67%
Elapsed time = 9763.95 sec. (2950438.47 ticks, tree = 25841.54 MB, solutions = 94)
Nodefile size = 25711.91 MB (17516.55 MB after compression)
 1916911 345530      999.4921   331     1017.0000      989.8438 2.71e+08    2.67%
 1920796 345212        cutoff           1017.0000      989.9271 2.71e+08    2.66%
 1922762 344804     1011.0000   387     1017.0000      989.9271 2.72e+08    2.66%
 1923619 344588     1002.0857   226     1017.0000      990.0000 2.72e+08    2.65%
 1924359 344550      999.6952   328     1017.0000      990.0000 2.72e+08    2.65%
 1929825 343934     1009.1768   281     1017.0000      990.0256 2.73e+08    2.65%
 1935137 343229      994.9333   338     1017.0000      990.1278 2.73e+08    2.64%
 1935407 343193     1009.7833   266     1017.0000      990.1278 2.73e+08    2.64%
 1941827 342351        cutoff           1017.0000      990.1818 2.74e+08    2.64%
 1942140 342329      993.3361   286     1017.0000      990.1818 2.74e+08    2.64%
Elapsed time = 9920.05 sec. (3005570.33 ticks, tree = 25313.64 MB, solutions = 94)
Nodefile size = 25184.67 MB (17152.72 MB after compression)
 1944909 342088      990.3286   325     1017.0000      990.2813 2.75e+08    2.63%
 1951696 341106      993.9273   262     1017.0000      990.3326 2.75e+08    2.62%
 1957189 340405      997.3611   264     1017.0000      990.4394 2.76e+08    2.61%
 1958943 340110     1003.5625   322     1017.0000      990.4394 2.76e+08    2.61%
 1963108 339658      997.9896   263     1017.0000      990.5192 2.76e+08    2.60%
 1963948 339541        cutoff           1017.0000      990.5192 2.77e+08    2.60%
 1966232 339262      994.6667   221     1017.0000      990.6000 2.77e+08    2.60%
 1966462 339271     1006.5028   355     1017.0000      990.6000 2.77e+08    2.60%
 1972274 338634     1011.2890   319     1017.0000      990.6667 2.78e+08    2.59%
 1973949 338489      990.7384   253     1017.0000      990.6667 2.78e+08    2.59%
Elapsed time = 10066.28 sec. (3055325.57 ticks, tree = 24637.83 MB, solutions = 94)
Nodefile size = 24506.98 MB (16690.46 MB after compression)
 1975693 338198     1001.9552   368     1017.0000      990.6667 2.78e+08    2.59%
 1980140 337753      993.1875   288     1017.0000      990.7500 2.78e+08    2.58%
 1985509 337100      998.8889   209     1017.0000      990.8333 2.79e+08    2.57%
 1987932 336848        cutoff           1017.0000      990.8333 2.80e+08    2.57%
 1989199 336619      998.3333   230     1017.0000      990.9040 2.80e+08    2.57%
 1989283 336599     1009.8833   347     1017.0000      990.9040 2.80e+08    2.57%
 1995702 335650      999.3810   312     1017.0000      990.9654 2.80e+08    2.56%
 2002407 334769     1014.8333   224     1017.0000      991.0286 2.81e+08    2.55%
 2006509 334166        cutoff           1017.0000      991.0286 2.81e+08    2.55%
 2007278 334072      997.0224   415     1017.0000      991.1563 2.81e+08    2.54%
Elapsed time = 10254.82 sec. (3123045.29 ticks, tree = 23945.72 MB, solutions = 94)
Nodefile size = 23817.41 MB (16218.57 MB after compression)
 2011127 333649     1007.1648   276     1017.0000      991.1923 2.82e+08    2.54%
 2011556 333590      997.3119   287     1017.0000      991.1923 2.82e+08    2.54%
 2017575 332728      997.0556   279     1017.0000      991.2596 2.83e+08    2.53%
 2023840 331747      995.3080   330     1017.0000      991.3489 2.83e+08    2.52%
 2029671 330851        cutoff           1017.0000      991.4500 2.84e+08    2.51%
 2031705 330617     1015.7014   376     1017.0000      991.4500 2.85e+08    2.51%
 2032106 330560     1001.6675   271     1017.0000      991.5472 2.85e+08    2.50%
 2033291 330407     1009.3750   283     1017.0000      991.5472 2.85e+08    2.50%
 2038631 329694     1015.5000   261     1017.0000      991.5833 2.85e+08    2.50%
 2044326 328926     1000.6968   319     1017.0000      991.6731 2.86e+08    2.49%
Elapsed time = 10426.91 sec. (3184405.98 ticks, tree = 23060.35 MB, solutions = 94)
Nodefile size = 22930.67 MB (15618.84 MB after compression)
 2046681 328629        cutoff           1017.0000      991.6731 2.86e+08    2.49%
 2051062 327902      993.8039   283     1017.0000      991.7867 2.86e+08    2.48%
 2051637 327806        cutoff           1017.0000      991.7867 2.87e+08    2.48%
 2054359 327357        cutoff           1017.0000      991.8704 2.87e+08    2.47%
 2054402 327353      996.7262   301     1017.0000      991.8704 2.87e+08    2.47%
 2060664 326386     1010.2667   231     1017.0000      991.8963 2.88e+08    2.47%
 2062642 325902      998.3889   342     1017.0000      991.8963 2.88e+08    2.47%
 2063487 325757      997.6678   339     1017.0000      991.8963 2.88e+08    2.47%
 2066867 325207     1010.9054   307     1017.0000      992.0000 2.88e+08    2.46%
 2072513 324226     1008.6250   365     1017.0000      992.0833 2.89e+08    2.45%
Elapsed time = 10567.30 sec. (3229980.14 ticks, tree = 22476.33 MB, solutions = 94)
Nodefile size = 22347.51 MB (15220.30 MB after compression)
 2073122 324135     1015.5000   138     1017.0000      992.0833 2.89e+08    2.45%
 2075480 323766     1010.0435   422     1017.0000      992.1719 2.90e+08    2.44%
 2075691 323752      994.2500   198     1017.0000      992.1719 2.90e+08    2.44%
 2081285 322813      997.9248   297     1017.0000      992.2000 2.90e+08    2.44%
 2087576 321730     1007.7333   254     1017.0000      992.3079 2.91e+08    2.43%
 2087853 321664     1000.0349   262     1017.0000      992.3079 2.91e+08    2.43%
 2089657 321325     1003.6667   323     1017.0000      992.3079 2.91e+08    2.43%
 2093227 320704     1003.2276   343     1017.0000      992.3750 2.91e+08    2.42%
 2093746 320593     1015.3462   283     1017.0000      992.3750 2.91e+08    2.42%
 2096093 320032     1004.5256   324     1017.0000      992.4821 2.92e+08    2.41%
Elapsed time = 10713.14 sec. (3289192.33 ticks, tree = 21868.12 MB, solutions = 94)
Nodefile size = 21740.82 MB (14810.31 MB after compression)
 2097632 319789     1006.3527   322     1017.0000      992.4821 2.92e+08    2.41%
 2097689 319777      998.0312   215     1017.0000      992.4821 2.92e+08    2.41%
 2101722 319170      996.0069   339     1017.0000      992.5000 2.93e+08    2.41%

GUB cover cuts applied:  1
Cover cuts applied:  60
Implied bound cuts applied:  170
Zero-half cuts applied:  242
Gomory fractional cuts applied:  6

Root node processing (before b&c):
  Real time             =    8.63 sec. (5036.46 ticks)
Parallel b&c, 32 threads:
  Real time             = 10796.00 sec. (3335080.82 ticks)
  Sync time (average)   =    1.57 sec.
  Wait time (average)   =    0.00 sec.
                          ------------
Total (root+branch&cut) = 10804.63 sec. (3340117.27 ticks)


Solution status: Feasible
Execution time: 10805.0 sec
Gap: 0.02402
