Wed Jul 18 11:24:47 2018

Tried aggregator 2 times.
MIP Presolve eliminated 10500 rows and 121 columns.
Aggregator did 380 substitutions.
Reduced MIP has 10604 rows, 3146 columns, and 40092 nonzeros.
Reduced MIP has 3146 binaries, 0 generals, 0 SOSs, and 0 indicators.
Presolve time = 0.08 sec. (55.67 ticks)
Probing time = 0.01 sec. (2.10 ticks)
Tried aggregator 1 time.
Presolve time = 0.02 sec. (17.58 ticks)
Probing time = 0.01 sec. (2.10 ticks)
Clique table members: 14852.
MIP emphasis: balance optimality and feasibility.
MIP search method: dynamic search.
Parallel mode: deterministic, using up to 32 threads.
Root relaxation solution time = 0.95 sec. (86.23 ticks)

        Nodes                                         Cuts/
   Node  Left     Objective  IInf  Best Integer    Best Bound    ItCnt     Gap

      0     0      568.0000   316                    568.0000      894         
      0     0      582.9667   407                ZeroHalf: 44     1299         
      0     0      626.9385   426                    Cuts: 53     1882         
      0     0      639.2681   449                    Cuts: 41     2420         
      0     0      644.7168   451                    Cuts: 43     2704         
      0     0      654.5591   441                    Cuts: 28     2973         
      0     0      661.7853   474                ZeroHalf: 38     3318         
      0     0      665.0438   494                    Cuts: 43     3629         
      0     0      666.1083   460                    Cuts: 24     3767         
      0     0      667.8898   480                    Cuts: 41     4191         
      0     0      669.3732   496                    Cuts: 29     4477         
      0     0      670.1803   447                    Cuts: 28     4997         
      0     0      671.6105   489                    Cuts: 22     5283         
      0     0      674.3333   345                    Cuts: 29     5663         
      0     0      674.7741   513                    Cuts: 31     5965         
      0     0      676.7391   389                    Cuts: 40     6419         
      0     0      676.8035   418                    Cuts: 60     6579         
      0     0      677.3333   279                    Cuts: 14     6756         
      0     0      678.0000   406                    Cuts: 58     7033         
*     0+    0                         2345.0000      678.0000     8445   71.09%
Found incumbent of value 2345.000000 after 6.04 sec. (3346.18 ticks)
      0     0      678.8378   361     2345.0000      Cuts: 44     8445   71.05%
      0     0      679.2228   438     2345.0000      Cuts: 59     8762   71.04%
      0     0      680.1571   424     2345.0000      Cuts: 19     8910   71.00%
      0     0      680.3800   332     2345.0000      Cuts: 32     9004   70.99%
      0     0      682.0000   244     2345.0000      Cuts: 28     9392   70.92%
      0     0      682.0000   256     2345.0000      Cuts: 92     9522   70.92%
*     0+    0                         1734.0000      682.0000     9522   60.67%
Found incumbent of value 1734.000000 after 10.02 sec. (5825.84 ticks)
      0     2      682.0000   245     1734.0000      682.0000     9522   60.67%
Elapsed time = 10.17 sec. (5880.16 ticks, tree = 0.01 MB, solutions = 2)
      4     6      694.8042   473     1734.0000      682.4138    12302   60.65%
      5     7      697.1951   460     1734.0000      682.4138    13742   60.65%
     10    12      713.5386   459     1734.0000      682.4138    18694   60.65%
     11    13      686.6088   462     1734.0000      685.6006    19824   60.46%
                                                  Impl Bds: 4                  
     18    20      705.1630   613     1734.0000      685.6006    27132   60.46%
     27    29      696.5294   455     1734.0000      686.7643    36028   60.39%
                                                  Impl Bds: 4                  
     40    42      694.1171   492     1734.0000      686.7643    45466   60.39%
     53    55      723.3503   436     1734.0000      687.6873    52558   60.34%
                                                     Cuts: 21                  
     67    69      783.1894   382     1734.0000      687.6873    68738   60.34%
    327   329      731.9130   535     1734.0000      687.6873   230205   60.34%
                                                 Impl Bds: 18                  
Elapsed time = 24.13 sec. (14155.44 ticks, tree = 0.03 MB, solutions = 2)
    477   479      775.5186   472     1734.0000      687.6873   314773   60.34%
*   988   966      integral     0     1519.0000      687.6873   491788   54.73%
Found incumbent of value 1519.000000 after 27.81 sec. (15231.13 ticks)
*   992   966      integral     0     1513.0000      687.6873   492106   54.55%
Found incumbent of value 1513.000000 after 27.81 sec. (15231.13 ticks)
   1027   976      818.3500   426     1513.0000      687.6873   511925   54.55%
                                                     Cuts: 17                  
   1206  1154      799.4355   395     1513.0000      687.6873   592084   54.55%
   2306  2166      795.8125   361     1513.0000      687.6873   921674   54.55%
   2475  2282      802.5000   384     1513.0000      687.7228  1001618   54.55%
                                                 Impl Bds: 34                  
   2556  2357      804.0000   287     1513.0000      687.7228  1078881   54.55%
   2609  2410      764.0656   414     1513.0000      687.7228  1117176   54.55%
   3241  3030      786.3322   421     1513.0000      687.7228  1378584   54.55%
                                                  Impl Bds: 1                  
Elapsed time = 50.09 sec. (24588.09 ticks, tree = 1.87 MB, solutions = 4)
   3625  3397      820.3226   387     1513.0000      687.7228  1444061   54.55%
   3916  3679      761.8406   471     1513.0000      687.7228  1494098   54.55%
   3980  3741      762.6111   448     1513.0000      687.7228  1509266   54.55%
   4076  3833      787.0625   405     1513.0000      687.7228  1526574   54.55%
   4944  4610      754.0000   362     1513.0000      687.7228  1638492   54.55%
*  5055  4697      integral     0     1508.0000      687.7228  1652847   54.40%
Found incumbent of value 1508.000000 after 64.17 sec. (30044.75 ticks)
   8122  7553      758.7232   447     1508.0000      696.8953  2009079   53.79%
                                                     Cuts: 54                  
   8218  7641      765.0962   449     1508.0000      696.8953  2026928   53.79%
   8378  7793      774.1429   281     1508.0000      696.8953  2055497   53.79%
   8442  7857      843.0893   409     1508.0000      696.8953  2066430   53.79%
Elapsed time = 80.59 sec. (35255.90 ticks, tree = 174.31 MB, solutions = 4)
Nodefile size = 30.65 MB (22.24 MB after compression)
   8858  8261      872.2833   285     1508.0000      696.8953  2126181   53.79%
   9754  9121     1166.7500   215     1508.0000      696.8953  2233791   53.79%
  10682  9992      768.0113   357     1508.0000      696.8953  2339920   53.79%
  14454 13533      682.3984   365     1508.0000      704.3725  2786007   53.29%
  14455 13534      682.5000   271     1508.0000      704.3725  2787635   53.29%
  14457 13535      699.4159   536     1508.0000      704.3725  2790828   53.29%
  14458 13535      711.7188   565     1508.0000      704.3725  2796936   53.29%
  14460 13536      683.0000   240     1508.0000      704.3725  2801398   53.29%
                                                  Impl Bds: 4                  
  14464 13539      705.0833   492     1508.0000      704.3725  2812088   53.29%
  14472 13544      732.3333   278     1508.0000      704.3725  2821128   53.29%
                                                     Cuts: 10                  
Elapsed time = 143.81 sec. (63002.03 ticks, tree = 127.04 MB, solutions = 5)
  14483 13552      686.6500   312     1508.0000      704.3725  2830822   53.29%
  14516 13568      793.9781   419     1508.0000      704.3725  2863851   53.29%
  14603 13617      714.5060   437     1508.0000      704.3725  2885595   53.29%
  14899 13781      814.0067   510     1508.0000      704.3725  2956180   53.29%
  15033 13859      795.0364   420     1508.0000      704.3725  2989765   53.29%
                                                 ZeroHalf: 12                  
  16030 14430      794.1765   389     1508.0000      704.3725  3119388   53.29%
                                                 ZeroHalf: 18                  
  16131 14485      878.0517   425     1508.0000      704.3725  3152938   53.29%
  16301 14584      923.5000   192     1508.0000      704.3725  3211147   53.29%
  16415 14650      869.7284   375     1508.0000      704.3725  3243116   53.29%
  16551 14728      942.5543   418     1508.0000      704.3725  3269120   53.29%
Elapsed time = 173.23 sec. (74373.84 ticks, tree = 126.41 MB, solutions = 5)
  18029 15559      842.2424   362     1508.0000      704.3725  3454835   53.29%
  18640 15883     1052.0888   355     1508.0000      704.3725  3523939   53.29%
  19053 16091      923.6481   458     1508.0000      704.3725  3570268   53.29%
  19405 16251      932.4298   416     1508.0000      704.3725  3610940   53.29%
  21292 17244     1126.6000   379     1508.0000      704.3725  3844533   53.29%
  21454 17318     1492.7500   384     1508.0000      704.3725  3894297   53.29%
  21678 17422      714.1143   340     1508.0000      704.3725  3948683   53.29%
  21774 17475      721.7625   451     1508.0000      704.3725  3974303   53.29%
  21934 17553      745.2631   407     1508.0000      704.3725  4012437   53.29%
  22396 17771     1235.2500   291     1508.0000      704.3725  4098312   53.29%
Elapsed time = 215.91 sec. (85520.53 ticks, tree = 375.85 MB, solutions = 5)
Nodefile size = 133.48 MB (103.48 MB after compression)
  22736 17948      814.8133   307     1508.0000      704.3725  4199552   53.29%
  23065 18129      865.2132   302     1508.0000      704.3725  4243102   53.29%
  23705 18398      936.5000   251     1508.0000      704.3725  4324768   53.29%
  24665 18863     1119.2747   244     1508.0000      704.3725  4426583   53.29%
  25595 19329      713.0864   343     1508.0000      704.3725  4525592   53.29%
  29167 21073      911.8042   343     1508.0000      704.3725  4826407   53.29%
                                                     Cuts: 37                  
  30095 21586     1120.6833   258     1508.0000      704.3725  4925572   53.29%
  31087 22068      740.6369   373     1508.0000      704.3725  5023103   53.29%
  31759 22399      976.1250   202     1508.0000      704.3725  5094161   53.29%
  32978 23034      976.9000   294     1508.0000      704.3725  5192738   53.29%
Elapsed time = 255.19 sec. (96663.67 ticks, tree = 1005.97 MB, solutions = 5)
Nodefile size = 788.36 MB (607.75 MB after compression)
  33903 23469      895.4000   170     1508.0000      704.3725  5280764   53.29%
  35938 24470     1213.4000   119     1508.0000      704.3725  5451720   53.29%
  36483 24712      776.0794   413     1508.0000      709.8176  5490296   52.93%
                                                     Cuts: 11                  
  36707 24838      854.3571   250     1508.0000      709.8176  5521751   52.93%
  37027 24999     1110.8000   233     1508.0000      709.8176  5551105   52.93%
  38211 25564     1383.4889   108     1508.0000      709.8176  5639347   52.93%
  39171 26017      854.5000   182     1508.0000      709.8176  5721218   52.93%
  40195 26500     1073.6333   240     1508.0000      709.8176  5817257   52.93%
  41954 27342      742.5853   445     1508.0000      719.9026  5953058   52.26%
                                                     Cuts: 25                  
  42626 27701     1076.4737   298     1508.0000      719.9026  6022666   52.26%
Elapsed time = 304.39 sec. (109854.20 ticks, tree = 2460.10 MB, solutions = 5)
Nodefile size = 2295.23 MB (1788.41 MB after compression)
  43682 28214      854.8333   251     1508.0000      719.9026  6105182   52.26%
  44693 28708     1048.8667   171     1508.0000      719.9026  6187424   52.26%
  46491 30377      972.6667   162     1508.0000      719.9026  6362643   52.26%
  48507 32274     1319.8000   107     1508.0000      719.9026  6511601   52.26%
* 49465+33155                         1498.0000      719.9026  6598090   51.94%
Found incumbent of value 1498.000000 after 316.50 sec. (112555.09 ticks)
* 49465+33155                         1493.0000      719.9026  6598090   51.78%
Found incumbent of value 1493.000000 after 316.50 sec. (112593.44 ticks)
* 49465+33154                         1489.0000      719.9026  6598090   51.65%
Found incumbent of value 1489.000000 after 316.50 sec. (112722.59 ticks)
  49486 33132      839.5391   379     1489.0000      727.8387  6599754   51.12%
                                                     Cuts: 10                  
  50574 34168     1375.6167   171     1489.0000      727.8387  6702992   51.12%
  52366 35814      959.3589   334     1489.0000      727.8387  6856895   51.12%
  53887 37220      812.8707   402     1489.0000      727.8387  6983326   51.12%
  55653 38849      930.2312   302     1489.0000      727.8387  7134902   51.12%
  56449 39563      846.1373   297     1489.0000      727.8387  7199655   51.12%
Elapsed time = 343.92 sec. (121254.82 ticks, tree = 3358.50 MB, solutions = 8)
Nodefile size = 3182.71 MB (2481.91 MB after compression)
  56690 39795      969.3667   284     1489.0000      732.2549  7216919   50.82%
  57618 40676      771.1031   392     1489.0000      732.2549  7298778   50.82%
  58066 41099      978.0000   272     1489.0000      732.2549  7341777   50.82%
  59026 41978     1129.2769   245     1489.0000      732.2549  7439250   50.82%
  60097 42989     1331.8103   285     1489.0000      732.2549  7532992   50.82%
  61489 44258      752.4850   436     1489.0000      732.2549  7651713   50.82%
* 61975+44678                         1334.0000      732.2549  7686375   45.11%
Found incumbent of value 1334.000000 after 370.12 sec. (126383.87 ticks)
  62329 41844      762.5945   444     1334.0000      735.5669  7712754   44.86%
                                                  ZeroHalf: 9                  
  63321 42782      993.7857   286     1334.0000      735.5669  7820934   44.86%
  64647 44016      979.4583   210     1334.0000      735.5669  7947497   44.86%
* 68594+47601                         1289.0000      738.3333  8305417   42.72%
Found incumbent of value 1289.000000 after 409.63 sec. (138492.11 ticks)
  68594 47603      838.4667   403     1289.0000      738.3333  8305417   42.72%
Elapsed time = 412.86 sec. (140484.35 ticks, tree = 5974.92 MB, solutions = 10)
Nodefile size = 5847.03 MB (4547.56 MB after compression)
* 68595+47602                         1273.0000      738.3333  8305529   42.00%
Found incumbent of value 1273.000000 after 412.86 sec. (134831.86 ticks)
* 68595+47602                         1269.0000      738.3333  8305529   41.82%
Found incumbent of value 1269.000000 after 412.86 sec. (134866.38 ticks)
* 68595+47602                         1251.0000      738.3333  8305529   40.98%
Found incumbent of value 1251.000000 after 412.86 sec. (134918.99 ticks)
* 68596+47603                         1242.0000      738.3333  8305566   40.55%
Found incumbent of value 1242.000000 after 422.54 sec. (135076.67 ticks)
* 68596+47603                         1236.0000      738.3333  8305566   40.26%
Found incumbent of value 1236.000000 after 422.54 sec. (135995.14 ticks)
* 68600+47604                         1235.0000      738.3333  8306094   40.22%
Found incumbent of value 1235.000000 after 422.54 sec. (134922.39 ticks)
  68603 47609      800.4208   363     1235.0000      738.3333  8306533   40.22%
  68605 47611      843.3887   405     1235.0000      738.3333  8307739   40.22%
* 68624+47623                         1207.0000      738.3333  8309986   38.83%
Found incumbent of value 1207.000000 after 437.28 sec. (135404.19 ticks)
  71387 42830     1139.7000   344     1207.0000      738.3333  8681292   38.83%
  74776 45909      924.4428   402     1207.0000      740.7500  9046903   38.63%
                                                 ZeroHalf: 10                  
  78924 49616      869.0096   332     1207.0000      743.5556  9516380   38.40%
  83836 54093     1000.6429   327     1207.0000      743.5556 10052748   38.40%
* 84881+55033                         1187.0000      745.7965 10168016   37.17%
Found incumbent of value 1187.000000 after 504.21 sec. (172577.26 ticks)
  86449 56468      775.3269   435     1187.0000      745.7965 10353497   37.17%
  89727 57710      828.9355   372     1187.0000      747.8725 10718816   36.99%
                                                  ZeroHalf: 1                  
  93799 61393      894.7500   251     1187.0000      747.8725 11188120   36.99%
  96057 63418      817.9604   420     1187.0000      749.6260 11458887   36.85%
                                                  Impl Bds: 2                  
Elapsed time = 557.57 sec. (186455.51 ticks, tree = 6872.76 MB, solutions = 99)
Nodefile size = 6732.22 MB (5263.70 MB after compression)
  99309 66242      798.1645   429     1187.0000      751.2262 11882019   36.71%
                                                      Cuts: 7                  
 101487 68209      776.2857   263     1187.0000      751.2262 12165742   36.71%
 104650 71075      823.8944   520     1187.0000      752.5988 12524094   36.60%
                                                  ZeroHalf: 1                  
 109906 75814      895.6289   362     1187.0000      754.1225 13084229   36.47%
                                                  ZeroHalf: 1                  
 113859 79386      836.8477   409     1187.0000      754.1225 13510264   36.47%
 117017 82201      831.1574   293     1187.0000      755.5892 13838993   36.34%
 121257 86017      942.0901   334     1187.0000      757.1183 14305462   36.22%
 126409 90616      824.7362   364     1187.0000      757.1183 14929347   36.22%
 127975 92015      977.0000   324     1187.0000      757.7500 15106538   36.16%
                                                  ZeroHalf: 3                  
 130833 94561      858.3993   387     1187.0000      757.7500 15428990   36.16%
Elapsed time = 708.45 sec. (229252.51 ticks, tree = 10395.78 MB, solutions = 99)
Nodefile size = 10236.03 MB (8005.49 MB after compression)
 133386 96865      784.0213   371     1187.0000      759.7669 15712842   35.99%
                                                  ZeroHalf: 1                  
 136446 99575      923.3333   310     1187.0000      760.9755 16069934   35.89%
                                                    Covers: 1                  
 136710 99835      973.3810   393     1187.0000      760.9755 16133433   35.89%
 142764 105260      792.3161   326     1187.0000      761.2480 16954338   35.87%
 146342 108449      831.5333   339     1187.0000      762.6500 17322406   35.75%
 151248 112860     1016.1220   182     1187.0000      762.6500 17887301   35.75%
 153158 114561      992.0714   221     1187.0000      763.6920 18091736   35.66%
 158119 119019      974.0000   306     1187.0000      763.6920 18601515   35.66%
 160620 121283     1178.3333   140     1187.0000      764.7158 18861328   35.58%
 164169 124435      810.1282   374     1187.0000      765.7784 19239912   35.49%
                                                  ZeroHalf: 3                  
Elapsed time = 853.29 sec. (270435.88 ticks, tree = 14144.37 MB, solutions = 99)
Nodefile size = 13999.66 MB (10848.15 MB after compression)
 167042 127032      884.8123   543     1187.0000      765.7784 19571393   35.49%
 171279 130795      871.0448   384     1187.0000      766.5664 20049514   35.42%
 175103 134207      787.9971   426     1187.0000      767.4885 20460589   35.34%
                                                      Cuts: 3                  
 177800 136640      842.3299   401     1187.0000      767.4885 20858987   35.34%
*178792+137526                         1185.0000      767.4885 20974883   35.23%
Found incumbent of value 1185.000000 after 918.10 sec. (286745.19 ticks)
 182045 140294      928.1594   337     1185.0000      768.1644 21350458   35.18%
 185478 143351      814.4299   392     1185.0000      769.3002 21717789   35.08%
 190600 147907      854.4123   334     1185.0000      769.3002 22290987   35.08%
 191898 149083     1006.5000   310     1185.0000      770.3125 22446421   34.99%
 196285 152960      863.3333   302     1185.0000      770.3125 22913621   34.99%
 198498 154930      867.3293   375     1185.0000      771.0192 23165204   34.94%
                                                  Impl Bds: 1                  
Elapsed time = 1000.72 sec. (311802.32 ticks, tree = 17506.57 MB, solutions = 100)
Nodefile size = 17353.60 MB (13370.87 MB after compression)
 201842 157889      976.3237   302     1185.0000      771.8750 23533373   34.86%
                                                      Cuts: 4                  
 203468 159350      933.2377   409     1185.0000      771.8750 23769116   34.86%
 208580 163912    infeasible           1185.0000      772.7586 24400396   34.79%
 213072 167893      943.8333   279     1185.0000      773.4583 24878608   34.73%
                                                  Impl Bds: 3                  
 218201 172464     1025.5655   293     1185.0000      773.4583 25411151   34.73%
 219957 174054      914.2486   340     1185.0000      774.2250 25586382   34.66%
                                                  ZeroHalf: 1                  
 224618 178178      790.0641   396     1185.0000      774.2250 26078375   34.66%
 225990 179384      942.2051   217     1185.0000      775.0370 26245694   34.60%
                                                      Cuts: 2                  
 231314 184131     1174.6667   187     1185.0000      775.6859 26818331   34.54%
                                                  ZeroHalf: 1                  
 235541 187895     1079.8083   208     1185.0000      775.6859 27280274   34.54%
Elapsed time = 1149.20 sec. (353540.42 ticks, tree = 21036.59 MB, solutions = 100)
Nodefile size = 20875.02 MB (16030.07 MB after compression)
 236246 188533     1011.7500   210     1185.0000      776.5134 27363588   34.47%
                                                  Impl Bds: 1                  
*236973+189200                         1175.0000      776.5134 27431744   33.91%
Found incumbent of value 1175.000000 after 1160.48 sec. (355344.71 ticks)
 240873 192644      884.5000   262     1175.0000      776.5134 27845731   33.91%
 243127 193361      912.5882   386     1175.0000      777.1667 28125208   33.86%
                                                      Cuts: 4                  
 246959 196787      966.0449   304     1175.0000      777.5238 28690259   33.83%
 248947 198534     1075.2222   273     1175.0000      777.5238 28914695   33.83%
 253859 202939     1145.9357   179     1175.0000      778.1446 29468225   33.77%
 257485 206118      956.9167   221     1175.0000      778.1446 29856104   33.77%
 259934 208303      856.2237   378     1175.0000      778.7755 30133466   33.72%
*262482 210547      integral     0     1161.0000      778.7755 30417494   32.92%
Found incumbent of value 1161.000000 after 1262.60 sec. (384456.75 ticks)
 263325 207686      826.5714   364     1161.0000      779.2857 30509804   32.88%
Elapsed time = 1269.12 sec. (388967.88 ticks, tree = 23655.31 MB, solutions = 101)
Nodefile size = 23509.21 MB (17995.38 MB after compression)
*263331+207690                         1141.0000      779.2857 30511071   31.70%
Found incumbent of value 1141.000000 after 1270.63 sec. (387737.21 ticks)
 267325 211182      786.2110   340     1141.0000      779.2857 30970516   31.70%
 269790 203172     1012.1500   255     1141.0000      779.9385 31264535   31.64%
 274614 207380      849.6000   327     1141.0000      779.9385 31816778   31.64%
 276030 208613     1089.4922   294     1141.0000      780.5670 31996591   31.59%
 280238 212306      969.8000   289     1141.0000      781.1333 32480122   31.54%
 283918 215524      813.2857   299     1141.0000      781.1333 32919901   31.54%
*284127+215713                         1125.0000      781.1333 32944551   30.57%
Found incumbent of value 1125.000000 after 1355.32 sec. (411789.35 ticks)
 287195 207914      997.5000   288     1125.0000      781.6591 33292100   30.52%
 291711 211859      791.5676   387     1125.0000      781.6591 33805249   30.52%
 293395 213318      983.8182   315     1125.0000      782.3375 34032739   30.46%
 296755 216245      991.7118   349     1125.0000      782.8116 34421533   30.42%
Elapsed time = 1411.28 sec. (429545.66 ticks, tree = 24917.91 MB, solutions = 111)
Nodefile size = 24769.87 MB (18879.46 MB after compression)
 297045 216514      946.3889   461     1125.0000      782.8116 34476874   30.42%
*298858+218085                         1109.0000      782.8116 34756592   29.41%
Found incumbent of value 1109.000000 after 1428.37 sec. (432722.41 ticks)
 301171 208092     1016.0000   225     1109.0000      782.8516 35135615   29.41%
 305909 212146      934.8333   180     1109.0000      783.7703 35710750   29.33%
 309589 215308      784.3714   414     1109.0000      783.7703 36161260   29.33%
 312143 217496      862.9951   317     1109.0000      784.4046 36471192   29.27%
 315183 220114     1097.3071   258     1109.0000      784.4046 36837961   29.27%
 318278 222763      883.6818   318     1109.0000      784.9590 37214106   29.22%
 321524 225531     1091.6875   274     1109.0000      785.3504 37623181   29.18%
 324376 228000      955.4386   437     1109.0000      785.3504 37960718   29.18%
 328417 231486     1044.6000   235     1109.0000      785.7822 38432500   29.14%
Elapsed time = 1553.25 sec. (469423.68 ticks, tree = 26496.76 MB, solutions = 112)
Nodefile size = 26345.60 MB (20018.67 MB after compression)
*328965+231960                         1105.0000      785.7822 38495245   28.89%
Found incumbent of value 1105.000000 after 1555.39 sec. (468510.87 ticks)
 332762 235219      899.8333   193     1105.0000      785.7822 38938404   28.89%
 335258 234163      891.0408   353     1105.0000      786.3282 39239312   28.84%
 338972 237329      881.7679   324     1105.0000      786.8750 39703490   28.79%
                                                  Impl Bds: 1                  
 341180 239192      871.0786   305     1105.0000      786.8750 40008622   28.79%
 344200 241751     1038.9405   248     1105.0000      787.2562 40388084   28.76%
                                                      Cuts: 5                  
 347445 244494      912.2500   274     1105.0000      787.2562 40803161   28.76%
 350592 247204     1002.1656   459     1105.0000      787.8333 41213100   28.70%
 354370 250419      974.1667   238     1105.0000      788.3205 41627014   28.66%
 355485 251385      901.1667   449     1105.0000      788.3205 41822298   28.66%
 359078 254364      985.8333   280     1105.0000      788.6538 42382910   28.63%
Elapsed time = 1690.18 sec. (510970.22 ticks, tree = 29068.75 MB, solutions = 113)
Nodefile size = 28918.89 MB (21940.55 MB after compression)
 363828 258318      916.0814   252     1105.0000      789.1548 42949324   28.58%
                                                  Impl Bds: 4                  
 366548 260637      823.8448   318     1105.0000      789.1548 43298692   28.58%
 370009 263483     1002.6833   266     1105.0000      789.6250 43742093   28.54%
                                                  Impl Bds: 6                  
 373938 266855      807.6364   351     1105.0000      789.6250 44203484   28.54%
 376237 268704      869.2500   297     1105.0000      790.1414 44500414   28.49%
 379827 271665     1041.9444   223     1105.0000      790.5000 44947190   28.46%
                                                    Covers: 2                  
 383332 274682      920.1250   306     1105.0000      790.5000 45379111   28.46%
 386148 277039      947.3750   224     1105.0000      790.9545 45738379   28.42%
                                                      Cuts: 5                  
 389299 279717     1009.9972   323     1105.0000      790.9545 46121328   28.42%
 391593 281612      967.8462   295     1105.0000      791.4043 46409367   28.38%
                                                      Cuts: 3                  
Elapsed time = 1832.15 sec. (550770.13 ticks, tree = 32370.19 MB, solutions = 113)
Nodefile size = 32218.20 MB (24410.17 MB after compression)
 395961 285283      967.8188   353     1105.0000      791.8983 46908065   28.33%
 398167 287183      841.0867   369     1105.0000      791.8983 47262479   28.33%
 401869 290278      881.0000   328     1105.0000      792.2833 47715961   28.30%
 406153 293950     1013.2750   218     1105.0000      792.2833 48220998   28.30%
 408126 295560      966.5833   278     1105.0000      792.7976 48446071   28.25%
 412946 299606      875.4500   268     1105.0000      792.7976 48975246   28.25%
 413994 300447      829.3730   410     1105.0000      793.2915 49153632   28.21%
 417443 303338      859.1145   337     1105.0000      793.5417 49618443   28.19%
 420624 306094      820.8362   526     1105.0000      793.5417 49996108   28.19%
 424625 309456     1006.9286   179     1105.0000      794.0000 50462409   28.14%
Elapsed time = 1972.85 sec. (590914.76 ticks, tree = 35653.40 MB, solutions = 113)
Nodefile size = 35502.64 MB (26866.56 MB after compression)
 429110 313327     1077.3462   312     1105.0000      794.0000 50968773   28.14%
 430593 314509      943.5481   307     1105.0000      794.5000 51161049   28.10%
 434076 317454      956.3333   221     1105.0000      794.5000 51576708   28.10%
 436709 319636      892.9524   299     1105.0000      794.8559 51882643   28.07%
 440647 322922    infeasible           1105.0000      795.2317 52358257   28.03%
                                                  Impl Bds: 5                  
 443975 325785      822.3441   411     1105.0000      795.2317 52752004   28.03%
 446093 327542      931.3778   385     1105.0000      795.5045 53015462   28.01%
                                                  ZeroHalf: 2                  
 448463 329570     1037.8125   422     1105.0000      795.5045 53409726   28.01%
 450656 331365      930.1193   409     1105.0000      795.6894 53773281   27.99%
 455922 335807      952.8236   306     1105.0000      796.1037 54378104   27.95%
Elapsed time = 2107.60 sec. (630618.58 ticks, tree = 38667.66 MB, solutions = 113)
Nodefile size = 38522.68 MB (29122.46 MB after compression)
 459421 338765      807.9336   382     1105.0000      796.1037 54815084   27.95%
 461770 340678      880.1273   336     1105.0000      796.5000 55115033   27.92%
 464425 342953     1057.3200   401     1105.0000      796.5000 55432017   27.92%
 468493 346378      866.5317   323     1105.0000      796.8333 55909955   27.89%
 472215 349510      989.5833   378     1105.0000      797.1667 56344877   27.86%
 475575 352349      925.6333   359     1105.0000      797.1667 56775032   27.86%
 478895 355111      867.7500   227     1105.0000      797.5378 57186123   27.82%
                                                    Covers: 1                  
 482833 358458     1017.1689   282     1105.0000      797.5378 57679774   27.82%
 485020 360258     1005.1667   177     1105.0000      797.9318 57940791   27.79%
 489213 363788      842.2100   323     1105.0000      797.9318 58422240   27.79%
Elapsed time = 2249.18 sec. (670467.40 ticks, tree = 41661.91 MB, solutions = 113)
Nodefile size = 41502.05 MB (31358.95 MB after compression)
 490895 365183        cutoff           1105.0000      798.2245 58645946   27.76%
                                                  Impl Bds: 1                  
 493841 367618      909.7500   345     1105.0000      798.5833 59031073   27.73%
                                                  ZeroHalf: 1                  
 496825 370170      861.2778   333     1105.0000      798.5833 59397900   27.73%
 500221 373020      991.5536   341     1105.0000      798.8750 59815796   27.70%
 501949 374503      939.1692   414     1105.0000      798.8750 60020583   27.70%
 507286 378992     1037.6667   181     1105.0000      799.1588 60632511   27.68%
 511352 382415     1089.9881   375     1105.0000      799.1588 61098367   27.68%
 513665 384356     1070.5000   100     1105.0000      799.6852 61396991   27.63%
 516252 386520      865.5000   398     1105.0000      799.6852 61720627   27.63%
 518186 388170    infeasible           1105.0000      799.9328 61970393   27.61%
                                                      Cuts: 4                  
Elapsed time = 2385.55 sec. (709801.40 ticks, tree = 45160.83 MB, solutions = 113)
Nodefile size = 45016.70 MB (34001.69 MB after compression)
 522554 391790      954.5299   231     1105.0000      800.1657 62461796   27.59%
                                                  Impl Bds: 3                  
 525135 393975     1011.4888   388     1105.0000      800.1657 62785306   27.59%
 529506 397573      853.2500   355     1105.0000      800.5455 63334087   27.55%
 532450 400068     1039.6139   252     1105.0000      800.5455 63670907   27.55%
 534957 402158        cutoff           1105.0000      800.9805 63982910   27.51%
 538541 405223     1007.0333   200     1105.0000      800.9805 64475490   27.51%
 539970 406370      834.3145   356     1105.0000      801.1915 64663390   27.49%
 544259 409967      891.9333   271     1105.0000      801.5000 65179638   27.47%
 548350 413425      966.6667   277     1105.0000      801.5000 65646276   27.47%
 550828 415461     1005.5000   294     1105.0000      801.8333 65939557   27.44%
Elapsed time = 2523.83 sec. (749087.20 ticks, tree = 48449.50 MB, solutions = 113)
Nodefile size = 48308.12 MB (36470.79 MB after compression)
 553675 417868      880.2083   361     1105.0000      801.8333 66276546   27.44%
 557306 420916      904.1587   313     1105.0000      802.0000 66701122   27.42%
                                                  Impl Bds: 2                  
 560273 423437      954.1875   298     1105.0000      802.0000 67048413   27.42%
 563210 425932      938.9722   293     1105.0000      802.4840 67384129   27.38%
                                                  ZeroHalf: 1                  
 567844 429768     1062.8750   258     1105.0000      802.8174 67954174   27.35%
 570895 432339     1055.3750   319     1105.0000      802.8174 68321282   27.35%
 573795 434723      916.7500   270     1105.0000      803.1086 68685910   27.32%
                                                  ZeroHalf: 1                  
 577736 438056     1096.1667   185     1105.0000      803.1086 69156087   27.32%
 579826 439770     1050.7107   329     1105.0000      803.4375 69409262   27.29%
 583701 442999      870.5050   332     1105.0000      803.4375 69899779   27.29%
Elapsed time = 2664.17 sec. (789152.57 ticks, tree = 51395.02 MB, solutions = 113)
Nodefile size = 51232.68 MB (38665.53 MB after compression)
 584447 443607      937.8333   361     1105.0000      803.7938 69992502   27.26%
                                                  Impl Bds: 2                  
 588213 446761     1086.5751   278     1105.0000      803.8800 70701324   27.25%
                                                      Cuts: 2                  
 590439 448613     1025.4188   315     1105.0000      803.8800 70954473   27.25%
 594446 451989        cutoff           1105.0000      804.2245 71454941   27.22%
                                                  ZeroHalf: 1                  
 598549 455482      882.3010   334     1105.0000      804.2245 71897672   27.22%
 600121 456713      812.0000   305     1105.0000      804.4889 72092105   27.20%
 604848 460610      844.2812   304     1105.0000      804.7500 72592551   27.17%
 608976 464174      876.0556   318     1105.0000      804.7500 73071269   27.17%
 611562 466336     1002.5000   266     1105.0000      805.0833 73372537   27.14%
                                                  Impl Bds: 1                  
 616478 470514     1023.5278   286     1105.0000      805.0833 73919951   27.14%
Elapsed time = 2809.71 sec. (829550.38 ticks, tree = 54393.89 MB, solutions = 113)
Nodefile size = 54230.09 MB (40843.02 MB after compression)
 617909 471689      897.3019   364     1105.0000      805.3846 74093314   27.11%
                                                  Impl Bds: 4                  
 621226 474459      850.5941   380     1105.0000      805.3846 74518245   27.11%
 623578 476403      809.9043   348     1105.0000      805.6364 74792445   27.09%
 627018 479317     1002.6744   385     1105.0000      805.6364 75184069   27.09%
 630727 482395     1076.1042   278     1105.0000      805.9246 75625262   27.07%
 633910 485023      888.6667   203     1105.0000      806.1667 75983395   27.04%
                                                  Impl Bds: 1                  
 636857 487552      986.2778   341     1105.0000      806.1667 76347330   27.04%
 639106 489444      916.1818   334     1105.0000      806.3600 76644027   27.03%
                                                      Cuts: 3                  
 641854 491779      937.5000   234     1105.0000      806.3600 77127801   27.03%
 646319 495571     1063.2500   246     1105.0000      806.5000 77687390   27.01%
Elapsed time = 2948.05 sec. (869800.62 ticks, tree = 57274.77 MB, solutions = 113)
Nodefile size = 57125.17 MB (42952.55 MB after compression)
 649240 498000      860.0814   352     1105.0000      806.8542 78029773   26.98%
                                                  Impl Bds: 2                  
 652216 500520      853.6788   376     1105.0000      806.8542 78384785   26.98%
 655078 502958      880.0409   345     1105.0000      807.1378 78720025   26.96%
 657094 504649      921.9640   353     1105.0000      807.1378 78965969   26.96%
 662300 509092     1011.5333   181     1105.0000      807.4031 79543477   26.93%
 665965 512117     1050.6125   205     1105.0000      807.4031 79981750   26.93%
 667819 513689     1009.5926   339     1105.0000      807.6111 80199302   26.91%
 672471 517592      962.5929   268     1105.0000      807.8958 80714613   26.89%
 676234 520751     1007.0000   245     1105.0000      807.8958 81179010   26.89%
 678799 522949      897.9583   269     1105.0000      808.1006 81468433   26.87%
Elapsed time = 3089.50 sec. (909687.64 ticks, tree = 60927.83 MB, solutions = 113)
Nodefile size = 60787.75 MB (45611.15 MB after compression)
 681976 525678     1008.7537   354     1105.0000      808.1006 81823210   26.87%
 685168 528370      872.9500   326     1105.0000      808.3168 82198894   26.85%
 689629 532158     1014.9333   167     1105.0000      808.3168 82716269   26.85%
 690876 533176      967.6858   400     1105.0000      808.5982 82904107   26.82%
 693127 535062      837.7674   457     1105.0000      808.5982 83245536   26.82%
 696571 537968      995.3333   284     1105.0000      808.7857 83712468   26.81%
 700065 540877      960.4738   281     1105.0000      809.0357 84106391   26.78%
 704723 544819      911.5658   285     1105.0000      809.0357 84621934   26.78%
 706890 546605     1016.1667   252     1105.0000      809.2500 84873106   26.76%
 710410 549565      833.9196   346     1105.0000      809.2500 85278079   26.76%
Elapsed time = 3218.62 sec. (948290.76 ticks, tree = 63401.65 MB, solutions = 113)
Nodefile size = 63249.99 MB (47406.59 MB after compression)
 714139 552659      912.5000   249     1105.0000      809.4870 85711881   26.74%
 718384 556243      834.6495   325     1105.0000      809.4870 86196812   26.74%
 720088 557677     1033.5192   300     1105.0000      809.7195 86430190   26.72%
                                                  Impl Bds: 1                  
 723151 560197      838.0430   386     1105.0000      809.9598 86821919   26.70%
                                                  Impl Bds: 2                  
 726159 562753      846.4211   369     1105.0000      809.9598 87174535   26.70%
 729626 565695     1009.3997   414     1105.0000      810.1298 87572578   26.69%
 729850 565885     1078.2880   444     1105.0000      810.1298 87612211   26.69%
 733759 569117     1020.9167   371     1105.0000      810.2083 88283750   26.68%
                                                      Cuts: 3                  
 739092 573594     1039.5850   247     1105.0000      810.5333 88903301   26.65%
                                                  Impl Bds: 3                  
 742803 576729      924.4137   351     1105.0000      810.5333 89330641   26.65%
Elapsed time = 3362.89 sec. (988657.65 ticks, tree = 66469.58 MB, solutions = 113)
Nodefile size = 66322.31 MB (49639.43 MB after compression)
 745307 578820     1035.7083   268     1105.0000      810.7500 89626487   26.63%
 749307 582222      867.8667   258     1105.0000      810.7500 90079085   26.63%
 751212 583829     1029.6143   400     1105.0000      811.0070 90274907   26.61%
 756587 588388      902.9702   316     1105.0000      811.0070 90892155   26.61%
 758600 590074      960.9338   376     1105.0000      811.1667 91130472   26.59%
                                                      Cuts: 3                  
 763318 594063      847.0500   287     1105.0000      811.1667 91668143   26.59%
 765023 595458      821.9333   384     1105.0000      811.4000 91858254   26.57%
                                                  Impl Bds: 1                  
 767881 597810      911.1812   299     1105.0000      811.5667 92209179   26.56%
 769318 599015      927.6667   402     1105.0000      811.5667 92446078   26.56%
 772669 601854     1019.9118   415     1105.0000      811.6563 92998471   26.55%
Elapsed time = 3500.11 sec. (1028644.15 ticks, tree = 69504.70 MB, solutions = 113)
Nodefile size = 69369.33 MB (51834.50 MB after compression)
 778312 606598      976.9167   252     1105.0000      811.8750 93647249   26.53%
 781851 609576      855.4671   360     1105.0000      811.8750 94072607   26.53%
 784281 611615      851.7500   297     1105.0000      812.1220 94355042   26.50%
                                                  ZeroHalf: 1                  
 789483 616066      918.5500   288     1105.0000      812.1220 94901704   26.50%
 791358 617669      832.5657   298     1105.0000      812.3333 95103169   26.49%
 795842 621438      965.6952   288     1105.0000      812.3333 95619805   26.49%
 798524 623694      843.8333   173     1105.0000      812.4927 95923006   26.47%
 802566 627104      862.9513   337     1105.0000      812.4927 96371587   26.47%
 803498 627899      983.1875   342     1105.0000      812.7500 96513006   26.45%
 806531 630402      950.3333   325     1105.0000      812.9165 97063270   26.43%
Elapsed time = 3641.47 sec. (1068386.68 ticks, tree = 72810.19 MB, solutions = 113)
Nodefile size = 72674.17 MB (54209.17 MB after compression)
 807515 631247     1005.7000   188     1105.0000      812.9165 97173242   26.43%
 812291 635242      852.8182   348     1105.0000      813.1000 97748120   26.42%
 817697 639809      921.4617   353     1105.0000      813.1000 98352737   26.42%
 819310 641181     1082.4762   236     1105.0000      813.3333 98551010   26.40%
 822319 643663      913.6389   347     1105.0000      813.3333 98910511   26.40%
 824820 645738      926.5655   335     1105.0000      813.5049 99217002   26.38%
                                                  Impl Bds: 1                  
 829160 649392      924.3056   312     1105.0000      813.7044 99724443   26.36%
                                                  Impl Bds: 1                  
 832232 652005      897.0000   335     1105.0000      813.7044 1.00e+08   26.36%
 835889 655075      890.6667   210     1105.0000      813.9015 1.00e+08   26.34%
 837809 656693     1051.5873   325     1105.0000      813.9015 1.01e+08   26.34%
Elapsed time = 3783.23 sec. (1108686.10 ticks, tree = 75887.25 MB, solutions = 113)
Nodefile size = 75745.95 MB (56408.81 MB after compression)
 841935 660145      926.3333   282     1105.0000      814.1250 1.01e+08   26.32%
 844475 662285     1065.2681   296     1105.0000      814.1250 1.02e+08   26.32%
 846159 663693      951.5482   351     1105.0000      814.2000 1.02e+08   26.32%
 850640 667424      916.7061   380     1105.0000      814.4581 1.02e+08   26.29%
 854142 670369      888.1875   290     1105.0000      814.4581 1.03e+08   26.29%
 857050 672833      886.8874   374     1105.0000      814.6310 1.03e+08   26.28%
 860514 675745      893.0257   353     1105.0000      814.6310 1.04e+08   26.28%
 862342 677281      911.9057   423     1105.0000      814.8483 1.04e+08   26.26%
 867917 681971      934.4201   394     1105.0000      814.8483 1.04e+08   26.26%
 870318 683978      863.3485   376     1105.0000      815.0297 1.05e+08   26.24%
                                                  Impl Bds: 2                  
Elapsed time = 3923.25 sec. (1147527.75 ticks, tree = 78952.49 MB, solutions = 113)
Nodefile size = 78814.95 MB (58605.14 MB after compression)
 873731 686841     1018.4600   270     1105.0000      815.0297 1.05e+08   26.24%
 875747 688527      955.0000   272     1105.0000      815.2500 1.05e+08   26.22%
 878320 690698      830.7500   277     1105.0000      815.2500 1.06e+08   26.22%
 880600 692609      895.3298   333     1105.0000      815.3333 1.06e+08   26.21%
 885055 696387      837.1667   349     1105.0000      815.5000 1.07e+08   26.20%
                                                  Impl Bds: 1                  
 888764 699508      914.7667   279     1105.0000      815.5000 1.07e+08   26.20%
 891190 701539      962.2500   236     1105.0000      815.7500 1.07e+08   26.18%
 895827 705384     1092.6667   189     1105.0000      815.7500 1.08e+08   26.18%
 897612 706849     1006.2500   275     1105.0000      815.9203 1.08e+08   26.16%
 902144 710709     1072.1833   262     1105.0000      815.9203 1.09e+08   26.16%
Elapsed time = 4057.92 sec. (1186055.32 ticks, tree = 81425.49 MB, solutions = 113)
Nodefile size = 81266.91 MB (60353.73 MB after compression)
 903583 711904     1097.8333   309     1105.0000      816.1050 1.09e+08   26.14%
                                                  ZeroHalf: 1                  
 907878 715497      881.1525   374     1105.0000      816.1050 1.09e+08   26.14%
 910222 717501      878.7500   435     1105.0000      816.2381 1.09e+08   26.13%
                                                  Impl Bds: 2                  
 914375 720919      837.0000   276     1105.0000      816.4615 1.10e+08   26.11%
                                                  Impl Bds: 3                  
 914880 721372     1038.9583   431     1105.0000      816.4615 1.10e+08   26.11%
 919615 725385     1040.2719   237     1105.0000      816.5000 1.11e+08   26.11%
 923944 729051      963.1250   321     1105.0000      816.6667 1.11e+08   26.09%
 927652 732186     1015.9575   233     1105.0000      816.6667 1.12e+08   26.09%
 930667 734731     1065.2500   311     1105.0000      816.8400 1.12e+08   26.08%
 934795 738165     1000.6456   356     1105.0000      816.8400 1.12e+08   26.08%
Elapsed time = 4207.65 sec. (1227202.43 ticks, tree = 84564.84 MB, solutions = 113)
Nodefile size = 84417.48 MB (62601.63 MB after compression)
 937258 740192      846.2569   286     1105.0000      817.0172 1.13e+08   26.06%
                                                  ZeroHalf: 1                  
 941872 744120      913.0817   275     1105.0000      817.0172 1.13e+08   26.06%
 943848 745757      924.5525   346     1105.0000      817.1944 1.14e+08   26.05%
                                                  Impl Bds: 1                  
 946376 747889     1060.3750   249     1105.0000      817.1944 1.14e+08   26.05%
 948244 749441     1026.5417   393     1105.0000      817.3580 1.14e+08   26.03%
                                                  Impl Bds: 2                  
 951441 752132      999.0362   381     1105.0000      817.3580 1.15e+08   26.03%
 951692 752348     1003.4444   375     1105.0000      817.4533 1.15e+08   26.02%
                                                      Cuts: 3                  
 957666 757349      931.2144   490     1105.0000      817.5065 1.15e+08   26.02%
                                                  Impl Bds: 3                  
 962593 761477      935.8333   228     1105.0000      817.5065 1.16e+08   26.02%
 964292 762902      989.8611   372     1105.0000      817.7308 1.16e+08   26.00%
Elapsed time = 4342.19 sec. (1266125.63 ticks, tree = 87603.86 MB, solutions = 113)
Nodefile size = 87469.41 MB (64773.50 MB after compression)
 967492 765597      953.4795   230     1105.0000      817.7308 1.17e+08   26.00%
 970498 768142      902.4493   348     1105.0000      817.9762 1.17e+08   25.98%
 975374 772231     1071.9167   190     1105.0000      817.9762 1.17e+08   25.98%
 976992 773600     1047.1071   273     1105.0000      818.0833 1.18e+08   25.97%
 981250 777126     1056.5455   286     1105.0000      818.2903 1.18e+08   25.95%
 985539 780772      880.5783   423     1105.0000      818.2903 1.19e+08   25.95%
 988195 782970      841.6667   254     1105.0000      818.4545 1.19e+08   25.93%
                                                  Impl Bds: 1                  
 992447 786561      868.9656   401     1105.0000      818.4545 1.19e+08   25.93%
 993558 787512     1054.0000   377     1105.0000      818.5865 1.20e+08   25.92%
 995973 789551      991.3213   393     1105.0000      818.5865 1.20e+08   25.92%
Elapsed time = 4489.42 sec. (1306546.05 ticks, tree = 90707.42 MB, solutions = 113)
Nodefile size = 90573.75 MB (66989.55 MB after compression)
 999789 792724      954.3000   338     1105.0000      818.6500 1.20e+08   25.91%
 1003766 796072      826.7885   315     1105.0000      818.8687 1.21e+08   25.89%
 1007926 799551      930.8500   265     1105.0000      818.8687 1.21e+08   25.89%
 1010783 801953      869.5370   320     1105.0000      819.0250 1.22e+08   25.88%
 1014271 804897      948.6667   205     1105.0000      819.0250 1.22e+08   25.88%
 1016095 806410      876.8767   400     1105.0000      819.2011 1.22e+08   25.86%
 1019962 809622     1011.4660   266     1105.0000      819.2011 1.23e+08   25.86%
 1022156 811451      870.4969   352     1105.0000      819.3333 1.23e+08   25.85%
 1027263 815738      844.4091   355     1105.0000      819.3333 1.24e+08   25.85%
 1028840 817047     1033.3222   284     1105.0000      819.4917 1.24e+08   25.84%
                                                  Impl Bds: 1                  
Elapsed time = 4634.64 sec. (1344994.07 ticks, tree = 93838.05 MB, solutions = 113)
Nodefile size = 93706.70 MB (69205.48 MB after compression)
 1031920 819647     1077.6033   237     1105.0000      819.6026 1.24e+08   25.83%
                                                    Covers: 2                  
 1034260 821603      851.8333   276     1105.0000      819.6026 1.25e+08   25.83%
 1037798 824544      899.5625   323     1105.0000      819.7907 1.25e+08   25.81%
 1041510 827642      998.2000   193     1105.0000      819.7907 1.25e+08   25.81%
 1044918 830481      845.7206   302     1105.0000      819.8974 1.26e+08   25.80%
 1049285 834102      986.1100   206     1105.0000      819.8974 1.26e+08   25.80%
 1051270 835734     1083.4125   321     1105.0000      820.1405 1.26e+08   25.78%
 1055527 839303      959.2500   247     1105.0000      820.1405 1.27e+08   25.78%
 1057910 841306      894.2711   296     1105.0000      820.2679 1.27e+08   25.77%
                                                  Impl Bds: 2                  
 1061300 844152     1060.9167   252     1105.0000      820.2679 1.28e+08   25.77%
Elapsed time = 4760.66 sec. (1383447.68 ticks, tree = 96462.51 MB, solutions = 113)
Nodefile size = 96313.46 MB (71046.17 MB after compression)
 1062428 845092      912.6719   426     1105.0000      820.4167 1.28e+08   25.75%
 1066214 848278     1088.1491   347     1105.0000      820.5000 1.28e+08   25.75%
 1068681 850327     1090.1933   246     1105.0000      820.5000 1.29e+08   25.75%
 1072016 853115      842.3133   494     1105.0000      820.6250 1.29e+08   25.74%
 1075056 855721     1047.5778   294     1105.0000      820.6250 1.29e+08   25.74%
 1078611 858724     1012.3889   356     1105.0000      820.7708 1.30e+08   25.72%
 1082542 862017     1052.2500   211     1105.0000      820.7708 1.30e+08   25.72%
 1084604 863771      959.1833   376     1105.0000      820.9262 1.30e+08   25.71%
 1088169 866794     1000.0064   341     1105.0000      820.9262 1.31e+08   25.71%
 1091218 869374      935.8611   400     1105.0000      821.1250 1.31e+08   25.69%
Elapsed time = 4895.83 sec. (1422325.81 ticks, tree = 99546.51 MB, solutions = 113)
Nodefile size = 99410.60 MB (73244.15 MB after compression)
 1096346 873637      895.8389   336     1105.0000      821.2500 1.32e+08   25.68%
 1097629 874755      998.3750   288     1105.0000      821.2500 1.32e+08   25.68%
 1102562 878915      996.1667   324     1105.0000      821.3304 1.33e+08   25.67%
 1104083 880170      860.7960   422     1105.0000      821.3304 1.33e+08   25.67%
 1107743 883242     1004.8846   302     1105.0000      821.4321 1.33e+08   25.66%
 1111292 886175      908.5926   289     1105.0000      821.6500 1.34e+08   25.64%
 1114810 889141      872.3542   330     1105.0000      821.6500 1.34e+08   25.64%
 1117530 891385     1037.4470   194     1105.0000      821.7517 1.34e+08   25.63%
 1120956 894245      870.0238   322     1105.0000      821.7517 1.35e+08   25.63%
 1124658 897358      928.4000   274     1105.0000      821.9583 1.35e+08   25.61%
Elapsed time = 5039.28 sec. (1463237.34 ticks, tree = 102652.73 MB, solutions = 113)
Nodefile size = 102517.76 MB (75446.19 MB after compression)
 1127490 899722      986.1667   284     1105.0000      821.9583 1.36e+08   25.61%
 1130144 901920      864.4625   495     1105.0000      822.0412 1.36e+08   25.61%
 1134866 905879      983.5992   292     1105.0000      822.0412 1.36e+08   25.61%
 1136747 907445     1082.1667   277     1105.0000      822.2000 1.37e+08   25.59%
 1139627 909878      975.5658   340     1105.0000      822.2000 1.37e+08   25.59%
 1143037 912739     1085.4282   368     1105.0000      822.3638 1.37e+08   25.58%
 1146354 915499      845.9833   398     1105.0000      822.4414 1.38e+08   25.57%
 1146568 915681      990.0000   428     1105.0000      822.4414 1.38e+08   25.57%
 1153307 921310      976.8333   278     1105.0000      822.5000 1.39e+08   25.57%
 1156756 924182      985.5833   293     1105.0000      822.5000 1.39e+08   25.57%
Elapsed time = 5175.80 sec. (1502598.58 ticks, tree = 105073.37 MB, solutions = 113)
Nodefile size = 104920.55 MB (77141.37 MB after compression)
 1159369 926333      865.2963   268     1105.0000      822.7500 1.39e+08   25.54%
 1163397 929701     1073.1288   191     1105.0000      822.8929 1.40e+08   25.53%
 1166962 932699      923.6250   339     1105.0000      822.8929 1.40e+08   25.53%
 1169741 935003      983.8333   289     1105.0000      823.0185 1.41e+08   25.52%
 1171835 936762      964.5000   399     1105.0000      823.0185 1.41e+08   25.52%
 1175663 939995     1003.6118   473     1105.0000      823.1667 1.41e+08   25.51%
 1180876 944391      838.7500   284     1105.0000      823.1667 1.42e+08   25.51%
 1182436 945722     1063.2490   391     1105.0000      823.3045 1.42e+08   25.49%
 1185653 948403      878.8889   238     1105.0000      823.3045 1.43e+08   25.49%
 1187765 950169      952.0915   405     1105.0000      823.4048 1.43e+08   25.48%
                                                  Impl Bds: 1                  
Elapsed time = 5320.43 sec. (1543069.31 ticks, tree = 108237.40 MB, solutions = 113)
Nodefile size = 108099.44 MB (79383.69 MB after compression)
 1191723 953482      999.9958   300     1105.0000      823.5580 1.43e+08   25.47%
 1192907 954486     1003.3547   464     1105.0000      823.5580 1.43e+08   25.47%
 1199022 959608      834.8992   360     1105.0000      823.6500 1.44e+08   25.46%
 1202190 962247      904.5234   373     1105.0000      823.6500 1.45e+08   25.46%
 1206008 965462      918.4615   301     1105.0000      823.8375 1.45e+08   25.44%
                                                  Impl Bds: 1                  
 1209283 968169      837.9475   358     1105.0000      823.8375 1.45e+08   25.44%
 1212029 970506      985.5167   303     1105.0000      824.0000 1.46e+08   25.43%
                                                  Impl Bds: 1                  
 1215870 973696      919.0000   223     1105.0000      824.1250 1.46e+08   25.42%
 1217845 975319      961.8759   318     1105.0000      824.1250 1.46e+08   25.42%
 1219889 977043      935.9333   225     1105.0000      824.2030 1.47e+08   25.41%
Elapsed time = 5461.95 sec. (1583352.96 ticks, tree = 111308.59 MB, solutions = 113)
Nodefile size = 111176.53 MB (81559.84 MB after compression)
 1223281 979856     1071.6500    85     1105.0000      824.2030 1.47e+08   25.41%
 1227804 983646      967.9583   363     1105.0000      824.3571 1.48e+08   25.40%
 1232256 987390      859.5500   324     1105.0000      824.3571 1.48e+08   25.40%
 1235057 989706      850.3768   363     1105.0000      824.5000 1.48e+08   25.38%
 1238408 992494      896.3438   344     1105.0000      824.6250 1.49e+08   25.37%
 1240675 994404      851.0120   314     1105.0000      824.6250 1.49e+08   25.37%
 1244891 997920      848.0000   214     1105.0000      824.7560 1.50e+08   25.36%
 1246795 999504      870.6000   425     1105.0000      824.7560 1.50e+08   25.36%
 1251143 1003140      975.3939   295     1105.0000      824.8571 1.50e+08   25.35%
 1255847 1007039      878.5881   353     1105.0000      824.9880 1.51e+08   25.34%
                                                  Impl Bds: 1                  
Elapsed time = 5610.68 sec. (1624812.12 ticks, tree = 114624.20 MB, solutions = 113)
Nodefile size = 114492.44 MB (83898.67 MB after compression)
 1259163 1009777      869.7722   389     1105.0000      824.9880 1.51e+08   25.34%
 1261550 1011763     1017.0370   433     1105.0000      825.1055 1.52e+08   25.33%
                                                  Impl Bds: 1                  
 1266642 1016069      918.3611   204     1105.0000      825.1055 1.52e+08   25.33%
 1268928 1017979     1088.3953   415     1105.0000      825.2222 1.52e+08   25.32%
 1272883 1021335     1022.9375   322     1105.0000      825.2222 1.53e+08   25.32%
 1276014 1023932     1026.9167   290     1105.0000      825.3750 1.53e+08   25.31%
 1281207 1028292     1048.7059   313     1105.0000      825.3750 1.54e+08   25.31%
 1281966 1028947     1029.8214   345     1105.0000      825.5000 1.54e+08   25.29%
 1283172 1029953     1009.1406   286     1105.0000      825.5000 1.54e+08   25.29%
 1285855 1032177      867.0582   462     1105.0000      825.5795 1.54e+08   25.29%
Elapsed time = 5746.41 sec. (1664226.93 ticks, tree = 117252.35 MB, solutions = 113)
Nodefile size = 117117.35 MB (85743.47 MB after compression)
 1291320 1036784     1038.2381   340     1105.0000      825.6948 1.55e+08   25.28%
 1294744 1039622     1033.8570   343     1105.0000      825.6948 1.55e+08   25.28%
 1298041 1042391      979.7567   321     1105.0000      825.8582 1.56e+08   25.26%
 1300623 1044551      916.8276   418     1105.0000      825.8582 1.56e+08   25.26%
 1304217 1047570      962.0000   367     1105.0000      825.9595 1.56e+08   25.25%
 1308452 1051061     1014.2250   248     1105.0000      825.9595 1.57e+08   25.25%
 1310456 1052737      958.3345   484     1105.0000      826.0965 1.57e+08   25.24%
 1315229 1056719      870.5926   365     1105.0000      826.2143 1.58e+08   25.23%
 1318845 1059732     1053.8366   364     1105.0000      826.2143 1.58e+08   25.23%
 1321810 1062179     1028.3600   334     1105.0000      826.3804 1.59e+08   25.21%
Elapsed time = 5897.61 sec. (1704344.68 ticks, tree = 120992.11 MB, solutions = 113)
Nodefile size = 120861.69 MB (88382.71 MB after compression)
 1323093 1063255     1095.2875   337     1105.0000      826.3804 1.59e+08   25.21%
 1326246 1065893      887.5333   357     1105.0000      826.4341 1.59e+08   25.21%
 1331799 1070593     1025.0000   219     1105.0000      826.5625 1.60e+08   25.20%
 1336008 1074091      838.6844   359     1105.0000      826.5625 1.60e+08   25.20%
 1338317 1076001      898.6786   305     1105.0000      826.7031 1.61e+08   25.19%
 1341709 1078827      861.7956   379     1105.0000      826.7031 1.61e+08   25.19%
 1345062 1081640     1023.3488   235     1105.0000      826.8333 1.61e+08   25.17%
 1349978 1085733      952.5833   262     1105.0000      826.8333 1.62e+08   25.17%
 1350723 1086359      894.8214   421     1105.0000      826.9755 1.62e+08   25.16%
 1353071 1088314     1033.2500   463     1105.0000      826.9755 1.62e+08   25.16%
Elapsed time = 6038.23 sec. (1744377.96 ticks, tree = 123590.12 MB, solutions = 113)
Nodefile size = 123458.77 MB (90210.59 MB after compression)
 1356049 1090790      915.9344   423     1105.0000      827.0000 1.63e+08   25.16%
 1360430 1094456      862.5806   354     1105.0000      827.1652 1.63e+08   25.14%
 1362745 1096422      957.0000   282     1105.0000      827.1652 1.64e+08   25.14%
 1366443 1099525     1011.5000   181     1105.0000      827.2500 1.64e+08   25.14%
 1371263 1103574      931.4493   336     1105.0000      827.2500 1.65e+08   25.14%
 1373047 1105038      866.5000   251     1105.0000      827.4078 1.65e+08   25.12%
 1378400 1109491      899.1167   256     1105.0000      827.4078 1.65e+08   25.12%
 1380571 1111310      848.5000   314     1105.0000      827.5132 1.66e+08   25.11%
 1383900 1114109      889.5385   284     1105.0000      827.5132 1.66e+08   25.11%
 1384943 1114983     1033.9134   301     1105.0000      827.6667 1.66e+08   25.10%
Elapsed time = 6183.15 sec. (1783589.89 ticks, tree = 126756.38 MB, solutions = 113)
Nodefile size = 126623.54 MB (92442.40 MB after compression)
 1385822 1115706      904.9375   405     1105.0000      827.6667 1.66e+08   25.10%
 1389946 1119169     1009.2833   273     1105.0000      827.7132 1.67e+08   25.09%
 1394168 1122643      887.5000   233     1105.0000      827.8262 1.67e+08   25.08%
 1397496 1125405      952.6000   210     1105.0000      827.8262 1.68e+08   25.08%
 1399968 1127510      889.3515   261     1105.0000      827.9342 1.68e+08   25.07%
 1404427 1131226      896.1558   384     1105.0000      827.9342 1.69e+08   25.07%
 1407025 1133433      889.9167   252     1105.0000      828.0313 1.69e+08   25.07%
                                                  Impl Bds: 1                  
 1412187 1137738     1037.0538   300     1105.0000      828.0313 1.69e+08   25.07%
 1414060 1139296      913.6250   369     1105.0000      828.1667 1.70e+08   25.05%
                                                  Impl Bds: 2                  
 1417642 1142303     1026.6667   197     1105.0000      828.1667 1.70e+08   25.05%
Elapsed time = 6311.23 sec. (1822275.24 ticks, tree = 129339.42 MB, solutions = 113)
Nodefile size = 129182.18 MB (94243.47 MB after compression)
 1419804 1144097      996.4444   400     1105.0000      828.2589 1.70e+08   25.04%
                                                      Cuts: 3                  
 1422609 1146459      890.6000   353     1105.0000      828.2589 1.71e+08   25.04%
 1424301 1147865        cutoff           1105.0000      828.3698 1.71e+08   25.03%
                                                  Impl Bds: 2                  
 1429394 1152122     1087.5000   213     1105.0000      828.5000 1.72e+08   25.02%
 1432370 1154621      917.8556   289     1105.0000      828.5000 1.72e+08   25.02%
 1435092 1156921      956.3323   372     1105.0000      828.5881 1.72e+08   25.01%
 1439005 1160117      989.7083   326     1105.0000      828.5881 1.73e+08   25.01%
 1440822 1161595     1048.8978   308     1105.0000      828.7000 1.73e+08   25.00%
                                                    Covers: 2                  
 1444950 1165045      903.2500   305     1105.0000      828.7000 1.73e+08   25.00%
 1448297 1167866      933.3651   281     1105.0000      828.8030 1.74e+08   25.00%
Elapsed time = 6451.51 sec. (1861441.28 ticks, tree = 132505.67 MB, solutions = 113)
Nodefile size = 132369.21 MB (96485.43 MB after compression)
 1452883 1171660      887.3600   358     1105.0000      828.8030 1.74e+08   25.00%
 1453968 1172576     1077.9531   364     1105.0000      828.9348 1.74e+08   24.98%
 1457245 1175282     1001.6700   456     1105.0000      828.9444 1.75e+08   24.98%
 1458973 1176746     1081.7960   258     1105.0000      828.9444 1.75e+08   24.98%
 1463957 1180931      996.1442   344     1105.0000      829.0774 1.76e+08   24.97%
                                                  ZeroHalf: 1                  
 1465717 1182403     1098.8520   270     1105.0000      829.0774 1.76e+08   24.97%
 1469904 1185880      906.1667   263     1105.0000      829.2000 1.76e+08   24.96%
 1473735 1189040      996.9167   220     1105.0000      829.2000 1.77e+08   24.96%
 1476929 1191708     1100.1667   158     1105.0000      829.3186 1.77e+08   24.95%
                                                  Impl Bds: 4                  
 1481677 1195734      856.9615   341     1105.0000      829.3186 1.78e+08   24.95%
Elapsed time = 6587.23 sec. (1900824.65 ticks, tree = 135052.66 MB, solutions = 113)
Nodefile size = 134895.63 MB (98266.65 MB after compression)
 1482504 1196403     1024.7123   392     1105.0000      829.4313 1.78e+08   24.94%
                                                  Impl Bds: 1                  
 1485600 1198992      939.7556   412     1105.0000      829.4313 1.78e+08   24.94%
 1487359 1200430     1052.9698   222     1105.0000      829.4902 1.79e+08   24.93%
 1491414 1203746      883.9903   362     1105.0000      829.5735 1.79e+08   24.93%
 1494041 1205932     1031.3395   275     1105.0000      829.5735 1.79e+08   24.93%
 1497285 1208643      988.1000   175     1105.0000      829.6786 1.80e+08   24.92%
                                                  Impl Bds: 1                  
 1501819 1212408     1064.0000   236     1105.0000      829.6786 1.80e+08   24.92%
 1504572 1214752     1015.7381   279     1105.0000      829.8065 1.80e+08   24.90%
                                                  Impl Bds: 4                  
 1508320 1217847     1061.8786   354     1105.0000      829.8065 1.81e+08   24.90%
 1510612 1219766      866.2857   333     1105.0000      829.9167 1.81e+08   24.89%
Elapsed time = 6727.57 sec. (1939458.28 ticks, tree = 138247.75 MB, solutions = 113)
Nodefile size = 138114.37 MB (100534.88 MB after compression)
 1514549 1223041     1004.8000   209     1105.0000      829.9167 1.82e+08   24.89%
 1517093 1225163      918.6711   363     1105.0000      830.0000 1.82e+08   24.89%
 1521897 1229163      988.6667   268     1105.0000      830.1250 1.82e+08   24.88%
 1522875 1229992      997.2083   424     1105.0000      830.1250 1.83e+08   24.88%
 1526536 1233066      923.0000   349     1105.0000      830.1907 1.83e+08   24.87%
                                                  Impl Bds: 1                  
 1531514 1237199     1011.9167   223     1105.0000      830.3000 1.84e+08   24.86%
                                                  Impl Bds: 2                  
 1535288 1240378      988.2500   327     1105.0000      830.3000 1.84e+08   24.86%
 1539020 1243491      877.5000   239     1105.0000      830.4074 1.84e+08   24.85%
                                                  Impl Bds: 3                  
 1543847 1247527      839.7750   388     1105.0000      830.4074 1.85e+08   24.85%
 1545469 1248828      907.0000   306     1105.0000      830.5417 1.85e+08   24.84%
Elapsed time = 6873.25 sec. (1980683.76 ticks, tree = 141236.48 MB, solutions = 113)
Nodefile size = 141104.45 MB (102627.81 MB after compression)
 1548477 1251300     1103.6267   357     1105.0000      830.5417 1.86e+08   24.84%
 1551243 1253608      930.6500   282     1105.0000      830.6288 1.86e+08   24.83%
 1555717 1257353      835.5000   250     1105.0000      830.6288 1.86e+08   24.83%
 1557682 1258986      878.5667   362     1105.0000      830.7500 1.87e+08   24.82%
                                                  Impl Bds: 1                  
 1559900 1260831     1091.6000   245     1105.0000      830.7500 1.87e+08   24.82%
 1561869 1262483      908.0119   354     1105.0000      830.8152 1.87e+08   24.81%
                                                  Impl Bds: 1                  
 1566164 1266058     1036.0095   233     1105.0000      830.8982 1.88e+08   24.81%
                                                      Cuts: 3                  
 1570262 1269518      871.0000   222     1105.0000      830.8982 1.88e+08   24.81%
 1573079 1271846      966.4643   221     1105.0000      831.0000 1.89e+08   24.80%
                                                  Impl Bds: 1                  
 1578976 1276749      896.8776   479     1105.0000      831.0000 1.89e+08   24.80%
Elapsed time = 7014.85 sec. (2020902.56 ticks, tree = 143684.29 MB, solutions = 113)
Nodefile size = 143535.40 MB (104334.73 MB after compression)
 1580645 1278151     1040.1667   263     1105.0000      831.1452 1.89e+08   24.78%
 1585574 1282301      836.6159   377     1105.0000      831.1452 1.90e+08   24.78%
 1587346 1283740     1037.7582   361     1105.0000      831.2143 1.90e+08   24.78%
 1590335 1286257      985.5231   305     1105.0000      831.2143 1.90e+08   24.78%
 1592424 1287991      992.9286   258     1105.0000      831.3333 1.91e+08   24.77%
 1595747 1290794      921.7333   274     1105.0000      831.4000 1.91e+08   24.76%
 1598632 1293241     1093.0000   197     1105.0000      831.4000 1.92e+08   24.76%
 1602424 1296404      889.3333   182     1105.0000      831.5000 1.92e+08   24.75%
 1606873 1300104      858.3901   249     1105.0000      831.5000 1.92e+08   24.75%
 1608618 1301577      895.8750   254     1105.0000      831.6213 1.93e+08   24.74%
Elapsed time = 7155.55 sec. (2059595.27 ticks, tree = 146819.20 MB, solutions = 113)
Nodefile size = 146685.04 MB (106555.20 MB after compression)
 1613123 1305361      984.3333   248     1105.0000      831.6213 1.93e+08   24.74%
 1615303 1307181     1101.0667   259     1105.0000      831.7407 1.93e+08   24.73%
 1620188 1311269        cutoff           1105.0000      831.7407 1.94e+08   24.73%
 1621379 1312251      881.1667   409     1105.0000      831.8222 1.94e+08   24.72%
                                                  ZeroHalf: 1                  
 1623386 1313915      908.5238   407     1105.0000      831.8222 1.94e+08   24.72%
 1626208 1316247      843.0789   305     1105.0000      831.8614 1.95e+08   24.72%
 1629766 1319215      914.5895   304     1105.0000      831.9623 1.95e+08   24.71%
 1632740 1321732     1090.4444   127     1105.0000      831.9623 1.96e+08   24.71%
 1636672 1324979      908.3333   250     1105.0000      832.0278 1.96e+08   24.70%
 1640096 1327847      936.1875   396     1105.0000      832.0278 1.96e+08   24.70%
Elapsed time = 7293.32 sec. (2098997.55 ticks, tree = 149390.04 MB, solutions = 113)
Nodefile size = 149245.68 MB (108359.08 MB after compression)
 1642890 1330167     1036.4000   232     1105.0000      832.1301 1.97e+08   24.69%
                                                  Impl Bds: 2                  
 1645366 1332205     1014.1667   220     1105.0000      832.1301 1.97e+08   24.69%
 1649086 1335262      835.7500   258     1105.0000      832.2126 1.97e+08   24.69%
                                                  ZeroHalf: 2                  
 1654349 1339688      912.7250   321     1105.0000      832.2126 1.98e+08   24.69%
 1655768 1340877      882.5000   258     1105.0000      832.3235 1.98e+08   24.68%
 1659256 1343786     1099.0667   170     1105.0000      832.3235 1.99e+08   24.68%
 1661155 1345361     1015.7667   365     1105.0000      832.4286 1.99e+08   24.67%
                                                  Impl Bds: 1                  
 1665264 1348835      967.9500   279     1105.0000      832.4286 1.99e+08   24.67%
 1667574 1350776      962.3750   291     1105.0000      832.4706 2.00e+08   24.66%
                                                    Covers: 1                  
 1671227 1353815      902.8333   288     1105.0000      832.5719 2.00e+08   24.65%
                                                  Impl Bds: 1                  
Elapsed time = 7433.23 sec. (2137747.19 ticks, tree = 152474.56 MB, solutions = 113)
Nodefile size = 152342.66 MB (110535.80 MB after compression)
 1674839 1356830      927.4333   301     1105.0000      832.5719 2.00e+08   24.65%
 1678172 1359623      950.7000   344     1105.0000      832.6753 2.01e+08   24.64%
                                                      Cuts: 3                  
 1682268 1363033      918.4583   340     1105.0000      832.6753 2.01e+08   24.64%
 1685562 1365773      998.7833   218     1105.0000      832.7639 2.02e+08   24.64%
                                                  Impl Bds: 1                  
 1690265 1369731     1037.7364   281     1105.0000      832.7639 2.02e+08   24.64%
 1691731 1370955      882.8880   403     1105.0000      832.8500 2.02e+08   24.63%
 1696171 1374647     1017.2667   180     1105.0000      832.8500 2.03e+08   24.63%
 1697103 1375437     1011.6831   390     1105.0000      832.9688 2.03e+08   24.62%
 1698137 1376301     1018.4429   366     1105.0000      832.9688 2.03e+08   24.62%
 1703257 1380579      846.0357   293     1105.0000      832.9829 2.04e+08   24.62%
                                                  Impl Bds: 1                  
Elapsed time = 7570.19 sec. (2177167.17 ticks, tree = 155139.58 MB, solutions = 113)
Nodefile size = 155001.03 MB (112408.39 MB after compression)
 1706785 1383507     1026.6667   235     1105.0000      833.0938 2.04e+08   24.61%
                                                      Cuts: 3                  
 1708545 1384980      858.6364   328     1105.0000      833.0938 2.04e+08   24.61%
 1712691 1388407     1022.5000   253     1105.0000      833.1754 2.05e+08   24.60%
 1717314 1392232        cutoff           1105.0000      833.1754 2.05e+08   24.60%
 1718561 1393263      918.2917   383     1105.0000      833.2607 2.06e+08   24.59%
 1724520 1398219     1070.8833   287     1105.0000      833.2607 2.06e+08   24.59%
 1727026 1400299      851.9286   311     1105.0000      833.2778 2.06e+08   24.59%
 1731195 1403755      901.5000   192     1105.0000      833.4745 2.07e+08   24.57%
 1731615 1404101      906.6667   195     1105.0000      833.4745 2.07e+08   24.57%
 1735152 1407033      909.8437   363     1105.0000      833.5000 2.08e+08   24.57%
Elapsed time = 7714.35 sec. (2218049.59 ticks, tree = 158234.19 MB, solutions = 113)
Nodefile size = 158101.54 MB (114592.08 MB after compression)
 1741126 1412000     1098.0000   147     1105.0000      833.5909 2.08e+08   24.56%
 1744806 1415062     1020.7167   223     1105.0000      833.5909 2.09e+08   24.56%
 1746887 1416814     1057.3237   326     1105.0000      833.7027 2.09e+08   24.55%
 1749671 1419141     1086.8879   322     1105.0000      833.7027 2.09e+08   24.55%
 1753821 1422593     1091.8843   310     1105.0000      833.8095 2.10e+08   24.54%
 1758760 1426676      858.2404   350     1105.0000      833.8095 2.10e+08   24.54%
 1760533 1428150     1006.6800   145     1105.0000      833.9000 2.10e+08   24.53%
 1764754 1431648     1029.4222   276     1105.0000      833.9000 2.11e+08   24.53%
 1765915 1432639     1068.5897   453     1105.0000      833.9701 2.11e+08   24.53%
 1770747 1436664      953.3333   261     1105.0000      833.9701 2.12e+08   24.53%
Elapsed time = 7859.79 sec. (2257662.69 ticks, tree = 161440.00 MB, solutions = 113)
Nodefile size = 161289.97 MB (116830.99 MB after compression)
 1772359 1438026      898.2500   281     1105.0000      834.0667 2.12e+08   24.52%
 1776202 1441226      952.9167   320     1105.0000      834.1000 2.12e+08   24.52%
 1778581 1443177      893.3795   335     1105.0000      834.1000 2.13e+08   24.52%
 1782549 1446502      939.9206   269     1105.0000      834.2000 2.13e+08   24.51%
                                                    Covers: 1                  
 1785077 1448544      899.3333   287     1105.0000      834.2000 2.13e+08   24.51%
 1789676 1452407      978.1667   296     1105.0000      834.2803 2.14e+08   24.50%
*1790341+1452943                         1103.0000      834.2803 2.14e+08   24.36%
Found incumbent of value 1103.000000 after 7952.35 sec. (2281618.47 ticks)
 1794428 1456380      938.5000   263     1103.0000      834.2803 2.14e+08   24.36%
 1795538 1455492     1008.3333   320     1103.0000      834.3849 2.15e+08   24.35%
 1799404 1458682     1078.0833   247     1103.0000      834.3849 2.15e+08   24.35%
 1802036 1460875      910.0000   288     1103.0000      834.4637 2.15e+08   24.35%
Elapsed time = 8003.51 sec. (2296783.51 ticks, tree = 164498.81 MB, solutions = 114)
Nodefile size = 164364.94 MB (118970.97 MB after compression)
 1806022 1464191      903.0000   261     1103.0000      834.4637 2.16e+08   24.35%
 1807028 1465020      921.6167   489     1103.0000      834.5618 2.16e+08   24.34%
 1810872 1468208     1072.5000   295     1103.0000      834.5723 2.16e+08   24.34%
 1814186 1470940      919.6000   247     1103.0000      834.5723 2.17e+08   24.34%
 1818207 1474283      851.0641   383     1103.0000      834.7000 2.17e+08   24.32%
 1822415 1477763     1066.1333   208     1103.0000      834.7000 2.18e+08   24.32%
 1824795 1479733     1053.8679   298     1103.0000      834.7727 2.18e+08   24.32%
 1829354 1483511     1074.7997   286     1103.0000      834.7727 2.18e+08   24.32%
 1831523 1485297      883.7628   397     1103.0000      834.9104 2.19e+08   24.31%
 1835859 1488911      880.0119   361     1103.0000      834.9104 2.19e+08   24.31%
Elapsed time = 8141.68 sec. (2336262.76 ticks, tree = 167040.51 MB, solutions = 114)
Nodefile size = 166880.41 MB (120730.58 MB after compression)
 1837962 1490628      901.4729   289     1103.0000      835.0000 2.19e+08   24.30%
 1841646 1493658      936.7500   193     1103.0000      835.0556 2.20e+08   24.29%
 1842157 1494087      989.4182   344     1103.0000      835.0556 2.20e+08   24.29%
 1845567 1496899      945.5833   436     1103.0000      835.0926 2.21e+08   24.29%
 1851737 1502040     1080.2500   244     1103.0000      835.1667 2.21e+08   24.28%
                                                    Covers: 1                  
 1855038 1504768     1078.1865   307     1103.0000      835.1667 2.22e+08   24.28%
 1857399 1506716     1073.7778   349     1103.0000      835.2917 2.22e+08   24.27%
                                                    Covers: 3                  
 1860311 1509111      988.3636   294     1103.0000      835.2917 2.22e+08   24.27%
 1864217 1512298     1045.7967   320     1103.0000      835.3607 2.23e+08   24.26%
                                                      Cuts: 2                  
 1868181 1515565     1090.9762   328     1103.0000      835.3607 2.23e+08   24.26%
Elapsed time = 8294.18 sec. (2377827.67 ticks, tree = 170127.21 MB, solutions = 114)
Nodefile size = 169979.67 MB (122902.79 MB after compression)
 1870717 1517636     1085.7803   283     1103.0000      835.4692 2.23e+08   24.25%
 1872861 1519432     1038.1944   310     1103.0000      835.4692 2.24e+08   24.25%
 1877320 1523087      856.9167   262     1103.0000      835.5200 2.24e+08   24.25%
 1881730 1526754      998.8094   343     1103.0000      835.6078 2.25e+08   24.24%
                                                    Covers: 1                  
 1882388 1527307     1027.2500   360     1103.0000      835.6078 2.25e+08   24.24%
 1887183 1531248      986.8750   269     1103.0000      835.6574 2.25e+08   24.24%
                                                    Covers: 1                  
 1891051 1534392      985.1336   353     1103.0000      835.7500 2.26e+08   24.23%
 1895321 1537927      868.2750   300     1103.0000      835.7500 2.26e+08   24.23%
 1897735 1539943      936.0333   256     1103.0000      835.8400 2.27e+08   24.22%
 1901607 1543170     1026.1000   385     1103.0000      835.8400 2.27e+08   24.22%
Elapsed time = 8440.94 sec. (2419439.24 ticks, tree = 173225.48 MB, solutions = 114)
Nodefile size = 173081.43 MB (125076.09 MB after compression)
 1904255 1545339     1076.1000   406     1103.0000      835.9333 2.27e+08   24.21%
                                                  Impl Bds: 1                  
 1907935 1548440      871.5606   282     1103.0000      835.9333 2.28e+08   24.21%
 1910760 1550755     1017.8333   316     1103.0000      836.0000 2.28e+08   24.21%
                                                      Cuts: 3                  
 1913604 1553109     1055.8531   279     1103.0000      836.0000 2.28e+08   24.21%
 1915634 1554745      981.4583   353     1103.0000      836.0887 2.29e+08   24.20%
 1917801 1556557     1068.6687   342     1103.0000      836.0887 2.29e+08   24.20%
 1921887 1559932      865.3750   347     1103.0000      836.1548 2.30e+08   24.19%
 1925092 1562606      946.6444   278     1103.0000      836.2500 2.30e+08   24.18%
                                                      Cuts: 3                  
 1929348 1566150     1068.2083   257     1103.0000      836.2500 2.30e+08   24.18%
 1931846 1568225     1041.1429   225     1103.0000      836.3333 2.31e+08   24.18%
                                                      Cuts: 5                  
Elapsed time = 8578.75 sec. (2457896.14 ticks, tree = 176318.13 MB, solutions = 114)
Nodefile size = 176185.35 MB (127251.62 MB after compression)
 1934982 1570784      932.0417   212     1103.0000      836.3333 2.31e+08   24.18%
 1938943 1574072      937.8781   319     1103.0000      836.4167 2.31e+08   24.17%
                                                    Covers: 2                  
 1944445 1578716      859.8645   344     1103.0000      836.4167 2.32e+08   24.17%
 1945797 1579835      849.5767   383     1103.0000      836.5000 2.32e+08   24.16%
                                                  ZeroHalf: 2                  
 1949323 1582773     1041.9000   257     1103.0000      836.5000 2.33e+08   24.16%
 1951483 1584505      878.0931   402     1103.0000      836.5714 2.33e+08   24.15%
 1956733 1588854      896.3000   204     1103.0000      836.6625 2.33e+08   24.15%
 1958270 1590142     1066.5625   316     1103.0000      836.6625 2.34e+08   24.15%
 1961200 1592555     1029.6000   254     1103.0000      836.7128 2.34e+08   24.14%
 1964880 1595604      854.5926   276     1103.0000      836.7128 2.35e+08   24.14%
Elapsed time = 8717.64 sec. (2498050.41 ticks, tree = 178752.54 MB, solutions = 114)
Nodefile size = 178608.77 MB (128949.49 MB after compression)
 1969216 1599267      958.3333   301     1103.0000      836.7977 2.35e+08   24.13%
 1973175 1602577     1056.3611   311     1103.0000      836.8920 2.35e+08   24.13%
 1977375 1606033      983.3431   342     1103.0000      836.8920 2.36e+08   24.13%
 1979065 1607411     1078.8500   363     1103.0000      836.9688 2.36e+08   24.12%
 1982544 1610319      928.4000   293     1103.0000      836.9688 2.36e+08   24.12%
 1985676 1612852      918.3167   264     1103.0000      837.0000 2.37e+08   24.12%
                                                  Impl Bds: 2                  
 1989383 1615868     1092.1250   217     1103.0000      837.0000 2.37e+08   24.12%
 1991573 1617718      953.9272   314     1103.0000      837.0909 2.38e+08   24.11%
                                                      Cuts: 2                  
 1995219 1620688      891.2857   305     1103.0000      837.1626 2.38e+08   24.10%
 1995734 1621132     1044.7333   189     1103.0000      837.1626 2.38e+08   24.10%
Elapsed time = 8858.31 sec. (2538939.18 ticks, tree = 181840.01 MB, solutions = 114)
Nodefile size = 181705.82 MB (131125.70 MB after compression)
 2001625 1626033      942.3519   350     1103.0000      837.2321 2.39e+08   24.10%
 2005519 1629281      898.0000   218     1103.0000      837.2321 2.39e+08   24.10%
 2007515 1630955      848.8054   393     1103.0000      837.3024 2.40e+08   24.09%
 2012239 1634844      916.4348   354     1103.0000      837.3024 2.40e+08   24.09%
 2014800 1636954     1089.9167   196     1103.0000      837.3939 2.40e+08   24.08%
 2020172 1641434     1092.3333   295     1103.0000      837.3939 2.41e+08   24.08%
 2020821 1641979      976.3333   271     1103.0000      837.5000 2.41e+08   24.07%
 2023933 1644508      874.5185   316     1103.0000      837.5000 2.41e+08   24.07%
 2026653 1646763      900.3519   423     1103.0000      837.5313 2.42e+08   24.07%
                                                  Impl Bds: 2                  
 2031134 1650475      886.8333   219     1103.0000      837.6429 2.42e+08   24.06%
                                                  Impl Bds: 2                  
Elapsed time = 9006.85 sec. (2578181.60 ticks, tree = 185210.34 MB, solutions = 114)
Nodefile size = 185079.07 MB (133491.52 MB after compression)
 2034526 1653292      904.6000   282     1103.0000      837.6429 2.43e+08   24.06%
 2037827 1656023      858.6892   312     1103.0000      837.6957 2.43e+08   24.05%
 2041411 1658998     1031.6962   416     1103.0000      837.6957 2.43e+08   24.05%
 2043775 1660937     1024.9286   316     1103.0000      837.8112 2.44e+08   24.04%
 2047491 1664037      902.3750   357     1103.0000      837.8112 2.44e+08   24.04%
 2049744 1665887      961.8816   401     1103.0000      837.8877 2.44e+08   24.04%
                                                      Cuts: 2                  
 2053783 1669235      991.4652   425     1103.0000      837.9302 2.45e+08   24.03%
 2056549 1671530      958.4780   248     1103.0000      837.9302 2.45e+08   24.03%
 2061202 1675437     1063.5833   129     1103.0000      838.0000 2.46e+08   24.03%
 2065454 1678895     1033.8810   201     1103.0000      838.0000 2.46e+08   24.03%
Elapsed time = 9152.07 sec. (2617576.58 ticks, tree = 187710.87 MB, solutions = 114)
Nodefile size = 187564.09 MB (135229.23 MB after compression)
 2067322 1680436     1009.1875   245     1103.0000      838.1031 2.46e+08   24.02%
 2071445 1683859      854.5000   327     1103.0000      838.1031 2.47e+08   24.02%
 2074128 1686103     1035.5000   313     1103.0000      838.1667 2.47e+08   24.01%
 2078073 1689378      886.6000   321     1103.0000      838.1667 2.48e+08   24.01%
 2080267 1691175      867.9167   296     1103.0000      838.2500 2.48e+08   24.00%
                                                  Impl Bds: 1                  
 2084076 1694290      985.0833   177     1103.0000      838.2500 2.48e+08   24.00%
 2084829 1694917      947.0411   430     1103.0000      838.3333 2.48e+08   24.00%
                                                  ZeroHalf: 1                  
 2087570 1697219     1003.3645   324     1103.0000      838.3333 2.49e+08   24.00%
 2089457 1698760      856.1491   318     1103.0000      838.3406 2.49e+08   23.99%
 2094361 1702803      872.3333   178     1103.0000      838.4482 2.50e+08   23.98%
Elapsed time = 9286.16 sec. (2656012.60 ticks, tree = 190764.22 MB, solutions = 114)
Nodefile size = 190633.05 MB (137383.97 MB after compression)
 2098073 1705892     1044.2000   149     1103.0000      838.4482 2.50e+08   23.98%
 2100283 1707710      970.5000   251     1103.0000      838.5094 2.50e+08   23.98%
 2104348 1711100      961.5625   314     1103.0000      838.5094 2.51e+08   23.98%
 2107378 1713616     1028.6667   176     1103.0000      838.6019 2.51e+08   23.97%
 2112164 1717611      925.5500   302     1103.0000      838.6019 2.52e+08   23.97%
 2113301 1718556      905.9167   238     1103.0000      838.6818 2.52e+08   23.96%
 2116955 1721579      966.8000   217     1103.0000      838.6818 2.52e+08   23.96%
 2120426 1724421      928.6562   295     1103.0000      838.7574 2.53e+08   23.96%
                                                  Impl Bds: 2                  
 2124369 1727700     1037.3241   325     1103.0000      838.7574 2.53e+08   23.96%
 2125197 1728395     1041.5833   326     1103.0000      838.8333 2.53e+08   23.95%
                                                    Covers: 1                  
Elapsed time = 9427.11 sec. (2694434.01 ticks, tree = 193964.06 MB, solutions = 114)
Nodefile size = 193832.49 MB (139630.75 MB after compression)
 2127738 1730521      930.0145   511     1103.0000      838.8333 2.54e+08   23.95%
 2131348 1733504      998.3333   421     1103.0000      838.8500 2.54e+08   23.95%
 2134561 1736128     1060.3019   335     1103.0000      838.9583 2.54e+08   23.94%
 2139450 1740206      854.3822   406     1103.0000      838.9583 2.55e+08   23.94%
 2142259 1742536      933.5000   217     1103.0000      839.0000 2.55e+08   23.93%
 2145893 1745585      984.6944   245     1103.0000      839.0000 2.56e+08   23.93%
 2148584 1747795      985.5648   281     1103.0000      839.0833 2.56e+08   23.93%
 2152556 1751072      977.4762   248     1103.0000      839.0833 2.56e+08   23.93%
 2154261 1752478      994.4044   337     1103.0000      839.1667 2.57e+08   23.92%
 2158835 1756275      903.7418   371     1103.0000      839.1667 2.57e+08   23.92%
Elapsed time = 9565.14 sec. (2733340.83 ticks, tree = 196475.00 MB, solutions = 114)
Nodefile size = 196321.52 MB (141378.60 MB after compression)
 2161648 1758589      914.8108   393     1103.0000      839.2500 2.57e+08   23.91%
 2165248 1761550      988.6667   300     1103.0000      839.3318 2.58e+08   23.90%
 2165534 1761817     1055.6515   375     1103.0000      839.3318 2.58e+08   23.90%
 2169957 1765418     1057.9077   236     1103.0000      839.3333 2.59e+08   23.90%
 2172095 1767223      962.5000   318     1103.0000      839.3333 2.59e+08   23.90%
 2177976 1772111      952.9167   225     1103.0000      839.4568 2.59e+08   23.89%
 2181197 1774784     1066.8333   181     1103.0000      839.5000 2.60e+08   23.89%
                                                  ZeroHalf: 2                  
 2181775 1775278     1092.5824   419     1103.0000      839.5000 2.60e+08   23.89%
 2188067 1780498      950.1667   226     1103.0000      839.5218 2.61e+08   23.89%
                                                  Impl Bds: 2                  
 2193373 1784918     1008.5556   185     1103.0000      839.5218 2.61e+08   23.89%
Elapsed time = 9720.18 sec. (2774679.57 ticks, tree = 199714.06 MB, solutions = 114)
Nodefile size = 199556.83 MB (143654.51 MB after compression)
 2194799 1786064      928.1250   244     1103.0000      839.6667 2.61e+08   23.87%
 2198751 1789367      851.7339   405     1103.0000      839.6667 2.62e+08   23.87%
 2200141 1790506     1043.0478   224     1103.0000      839.7148 2.62e+08   23.87%
 2201858 1791928      954.5641   283     1103.0000      839.7148 2.62e+08   23.87%
 2204144 1793801     1048.7600   345     1103.0000      839.7500 2.62e+08   23.87%
 2205325 1794799      881.8377   361     1103.0000      839.7500 2.63e+08   23.87%
 2205656 1795055      857.4000   284     1103.0000      839.7500 2.63e+08   23.87%
 2208846 1797744     1050.8333   159     1103.0000      839.7937 2.63e+08   23.86%
 2208915 1797800      967.3667   149     1103.0000      839.7937 2.63e+08   23.86%
 2210910 1799473      907.5750   305     1103.0000      839.7937 2.63e+08   23.86%
Elapsed time = 9847.24 sec. (2837294.43 ticks, tree = 201392.78 MB, solutions = 114)
Nodefile size = 201238.60 MB (144831.95 MB after compression)
 2212953 1801165     1023.7161   351     1103.0000      839.8147 2.63e+08   23.86%
 2213303 1801455      900.5333   267     1103.0000      839.8147 2.63e+08   23.86%
 2213968 1802005      860.4135   371     1103.0000      839.8147 2.63e+08   23.86%
 2217214 1804652      966.0833   330     1103.0000      839.8878 2.64e+08   23.85%
 2217253 1804685      994.9917   279     1103.0000      839.8878 2.64e+08   23.85%
 2218324 1805589      985.2500   240     1103.0000      839.8878 2.64e+08   23.85%
 2218557 1805771     1058.7108   247     1103.0000      839.8878 2.64e+08   23.85%
 2221115 1807882      963.4203   353     1103.0000      839.9333 2.64e+08   23.85%
 2222234 1808826      958.5000   208     1103.0000      839.9333 2.64e+08   23.85%
 2225891 1811814      910.9401   325     1103.0000      839.9431 2.65e+08   23.85%
Elapsed time = 10020.30 sec. (2931745.31 ticks, tree = 203182.26 MB, solutions = 114)
Nodefile size = 203052.47 MB (146107.58 MB after compression)
 2226506 1812319      991.8810   183     1103.0000      839.9431 2.65e+08   23.85%
 2228801 1814202      967.6497   287     1103.0000      840.0063 2.65e+08   23.84%
 2229488 1814774      859.9185   319     1103.0000      840.0063 2.65e+08   23.84%
 2229970 1815173      948.5417   233     1103.0000      840.0063 2.65e+08   23.84%
 2230257 1815406      888.7000   338     1103.0000      840.0063 2.65e+08   23.84%
 2230906 1815950      997.0368   342     1103.0000      840.0063 2.66e+08   23.84%
 2232295 1817119     1031.0000   307     1103.0000      840.0500 2.66e+08   23.84%
 2234112 1818613     1061.5865   309     1103.0000      840.0500 2.66e+08   23.84%
 2234125 1818624      942.4444   272     1103.0000      840.0500 2.66e+08   23.84%
 2234900 1819280     1100.3368   367     1103.0000      840.0500 2.66e+08   23.84%
Elapsed time = 10159.19 sec. (3026735.63 ticks, tree = 203512.27 MB, solutions = 114)
Nodefile size = 203370.89 MB (146330.32 MB after compression)
 2236463 1820576     1019.2573   373     1103.0000      840.1032 2.66e+08   23.83%
 2236798 1820881     1032.5909   231     1103.0000      840.1032 2.66e+08   23.83%
 2236957 1820998     1055.0736   319     1103.0000      840.1032 2.66e+08   23.83%
 2240698 1824055      950.2130   336     1103.0000      840.1546 2.67e+08   23.83%
 2242223 1825323      919.5714   278     1103.0000      840.1546 2.67e+08   23.83%
 2242919 1825887      865.5357   345     1103.0000      840.1546 2.67e+08   23.83%
 2244557 1827258      981.6667   228     1103.0000      840.2143 2.67e+08   23.82%
 2245631 1828129      975.9167   250     1103.0000      840.2143 2.67e+08   23.82%
 2246647 1828976     1076.6627   313     1103.0000      840.2143 2.67e+08   23.82%
 2247966 1830046      915.0625   275     1103.0000      840.2500 2.68e+08   23.82%
Elapsed time = 10362.39 sec. (3147801.99 ticks, tree = 204772.70 MB, solutions = 114)
Nodefile size = 204641.32 MB (147223.12 MB after compression)
 2248094 1830151     1006.5000   223     1103.0000      840.2500 2.68e+08   23.82%
 2249218 1831092     1071.9573   248     1103.0000      840.2500 2.68e+08   23.82%
 2251471 1832962      973.0000   303     1103.0000      840.2800 2.68e+08   23.82%
 2251964 1833388     1007.5228   261     1103.0000      840.2800 2.68e+08   23.82%
 2253615 1834754      900.3750   276     1103.0000      840.2800 2.68e+08   23.82%
*2254894+1835788                         1100.0000      840.2800 2.68e+08   23.61%
Found incumbent of value 1100.000000 after 10449.38 sec. (3178708.19 ticks)
 2255337 1833225     1036.6875   247     1100.0000      840.3333 2.68e+08   23.61%
                                                  Impl Bds: 2                  
 2255623 1833453     1045.0774   306     1100.0000      840.3333 2.68e+08   23.61%
 2257628 1835102     1057.9293   266     1100.0000      840.3333 2.69e+08   23.61%
 2260278 1837272     1035.7254   276     1100.0000      840.3415 2.69e+08   23.61%
                                                    Covers: 1                  
 2260760 1837690     1010.5433   237     1100.0000      840.3415 2.69e+08   23.61%
Elapsed time = 10559.35 sec. (3273074.80 ticks, tree = 205710.46 MB, solutions = 115)
Nodefile size = 205558.66 MB (147844.33 MB after compression)
 2263585 1840000      899.3587   313     1100.0000      840.4438 2.69e+08   23.60%
 2263706 1840089     1089.0140   340     1100.0000      840.4438 2.69e+08   23.60%
 2267961 1843575     1028.9179   299     1100.0000      840.4545 2.70e+08   23.60%
 2268148 1843739      948.7500   296     1100.0000      840.4545 2.70e+08   23.60%
 2269264 1844662     1015.2833   287     1100.0000      840.4545 2.70e+08   23.60%
*2271248+1846326                         1099.0000      840.4545 2.70e+08   23.53%
Found incumbent of value 1099.000000 after 10664.41 sec. (3314152.15 ticks)
*2271248+1846324                         1095.0000      840.4545 2.70e+08   23.25%
Found incumbent of value 1095.000000 after 10664.41 sec. (3314174.56 ticks)
 2271334 1836234     1028.3472   233     1095.0000      840.5000 2.70e+08   23.24%
 2271965 1836757     1052.6667   185     1095.0000      840.5000 2.70e+08   23.24%
 2272439 1837148      896.9444   300     1095.0000      840.5000 2.70e+08   23.24%
*2273206 1837786      integral     0     1088.0000      840.5000 2.70e+08   22.75%
Found incumbent of value 1088.000000 after 10720.08 sec. (3374532.41 ticks)
 2275822 1816416      896.0833   255     1088.0000      840.5492 2.71e+08   22.74%
Elapsed time = 10754.24 sec. (3390293.50 ticks, tree = 204331.49 MB, solutions = 117)
Nodefile size = 204201.18 MB (146720.58 MB after compression)
*2275834+1816423                         1053.0000      840.5492 2.71e+08   20.18%
Found incumbent of value 1053.000000 after 10754.24 sec. (3374920.74 ticks)
 2278653 1547384     1005.7374   266     1053.0000      840.5595 2.71e+08   20.17%
 2278962 1547604      916.4643   279     1053.0000      840.5595 2.71e+08   20.17%

Cover cuts applied:  43
Implied bound cuts applied:  156
Zero-half cuts applied:  330
Gomory fractional cuts applied:  8

Root node processing (before b&c):
  Real time             =    9.80 sec. (5658.56 ticks)
Parallel b&c, 32 threads:
  Real time             = 10805.19 sec. (3413472.25 ticks)
  Sync time (average)   =    1.64 sec.
  Wait time (average)   =    0.00 sec.
                          ------------
Total (root+branch&cut) = 10814.99 sec. (3419130.81 ticks)


Solution status: Feasible
Execution time: 10815.3 sec
Gap: 0.20167
