Tue Jul 17 23:23:52 2018

Tried aggregator 2 times.
MIP Presolve eliminated 10420 rows and 121 columns.
Aggregator did 400 substitutions.
Reduced MIP has 9337 rows, 2244 columns, and 34328 nonzeros.
Reduced MIP has 2244 binaries, 0 generals, 0 SOSs, and 0 indicators.
Presolve time = 0.07 sec. (48.02 ticks)
Probing time = 0.00 sec. (1.52 ticks)
Tried aggregator 1 time.
Presolve time = 0.02 sec. (14.44 ticks)
Probing time = 0.00 sec. (1.52 ticks)
Clique table members: 8419.
MIP emphasis: balance optimality and feasibility.
MIP search method: dynamic search.
Parallel mode: deterministic, using up to 32 threads.
Root relaxation solution time = 0.31 sec. (73.29 ticks)

        Nodes                                         Cuts/
   Node  Left     Objective  IInf  Best Integer    Best Bound    ItCnt     Gap

      0     0      692.0000   214                    692.0000     1043         
      0     0      728.5000   290                    Cuts: 45     1463         
      0     0      769.8333   363                    Cuts: 84     2507         
      0     0      774.1667   334                    Cuts: 56     2852         
      0     0      774.5000   317                    Cuts: 47     3153         
      0     0      774.5208   371                    Cuts: 69     4087         
      0     0      774.6333   387                    Cuts: 35     4785         
      0     0      774.8750   317                ZeroHalf: 23     5065         
      0     0      775.4375   349                    Cuts: 74     5251         
      0     0      775.9202   363                    Cuts: 42     6169         
      0     0      776.0314   369                    Cuts: 23     6322         
      0     0      778.0357   337                    Cuts: 14     7459         
*     0+    0                         2326.0000      778.0357     8597   66.55%
Found incumbent of value 2326.000000 after 5.45 sec. (3069.05 ticks)
      0     0      778.5750   365     2326.0000      Cuts: 65     8597   66.53%
      0     0      778.7979   366     2326.0000      Cuts: 35     9391   66.52%
      0     0      778.8500   351     2326.0000      Cuts: 50     9612   66.52%
      0     0      778.8500   317     2326.0000      Cuts: 41     9739   66.52%
      0     0      778.8500   349     2326.0000      Cuts: 47     9853   66.52%
*     0+    0                         2235.0000      778.8500     9853   65.15%
Found incumbent of value 2235.000000 after 8.67 sec. (4942.62 ticks)
*     0+    0                         1399.0000      778.8500     9853   44.33%
Found incumbent of value 1399.000000 after 8.69 sec. (4957.30 ticks)
      0     2      778.8500   313     1399.0000      778.8500     9853   44.33%
Elapsed time = 8.79 sec. (4987.82 ticks, tree = 0.01 MB, solutions = 3)
      2     4      780.0000   364     1399.0000      778.8500    14178   44.33%
      3     5      780.7000   350     1399.0000      780.1875    15370   44.23%
      6     8      795.5635   427     1399.0000      780.1875    18655   44.23%
     11    13      782.5303   433     1399.0000      781.0000    23350   44.17%
                                                  Impl Bds: 3                  
     18    20      785.6250   380     1399.0000      781.0000    32414   44.17%
     27    29      789.0000   344     1399.0000      782.5303    48430   44.07%
                                                 Impl Bds: 14                  
     41    43      786.8235   430     1399.0000      782.5303    64810   44.07%
     59    61      813.3661   443     1399.0000      785.6250    74565   43.84%
                                                  Impl Bds: 4                  
     80    82      815.8906   404     1399.0000      785.6250    88694   43.84%
    109   111      822.2836   455     1399.0000      785.6250   108222   43.84%
Elapsed time = 26.06 sec. (14940.79 ticks, tree = 0.01 MB, solutions = 3)
*  1136  1114      integral     0     1357.0000      785.6250   360796   42.11%
Found incumbent of value 1357.000000 after 26.06 sec. (14940.79 ticks)
   1179  1136      843.5625   440     1357.0000      785.6250   377042   42.11%
                                                 Impl Bds: 22                  
   1493  1430      823.0000   381     1357.0000      785.6250   512939   42.11%
*  1584+ 1518                         1346.0000      785.6250   539406   41.63%
Found incumbent of value 1346.000000 after 32.44 sec. (15118.25 ticks)
*  1768  1672      integral     0     1276.0000      785.6250   586679   38.43%
Found incumbent of value 1276.000000 after 32.44 sec. (18060.87 ticks)
*  1882  1774      integral     0     1271.0000      785.6250   609120   38.19%
Found incumbent of value 1271.000000 after 32.44 sec. (18060.87 ticks)
   2215  1774      804.2639   494     1271.0000      785.6250   677192   38.19%
                                                     Cuts: 45                  
   2247  1806      826.0781   469     1271.0000      785.6250   735661   38.19%
   2284  1843      825.5000   411     1271.0000      785.6250   800230   38.19%
*  2565  2111      integral     0     1239.0000      785.6250   956989   36.59%
Found incumbent of value 1239.000000 after 41.04 sec. (21559.82 ticks)
*  2829  2351      integral     0     1235.0000      785.6250  1032285   36.39%
Elapsed time = 41.04 sec. (21559.82 ticks, tree = 0.25 MB, solutions = 8)
Found incumbent of value 1235.000000 after 41.04 sec. (21559.82 ticks)
   3022  2387      882.3571   440     1235.0000      785.6250  1098795   36.39%
                                                     Cuts: 22                  
   3086  2451      879.7821   341     1235.0000      785.6250  1212483   36.39%
   3102  2467      902.3914   482     1235.0000      785.6250  1236420   36.39%
   3165  2530      898.1500   370     1235.0000      785.6250  1338022   36.39%
   3669  2991      824.0833   339     1235.0000      785.6250  1676416   36.39%
                                                     Cuts: 11                  
   3700  3022      918.8750   338     1235.0000      785.6250  1734439   36.39%
   3737  3059      828.2025   466     1235.0000      785.6250  1793934   36.39%
   3769  3091      827.8778   532     1235.0000      785.6250  1827641   36.39%
   3833  3155      851.0000   290     1235.0000      785.6250  1896537   36.39%
   3865  3187      869.4722   450     1235.0000      785.6250  1935597   36.39%
Elapsed time = 73.77 sec. (34516.08 ticks, tree = 0.78 MB, solutions = 10)
*  4488  3759      integral     0     1137.0000      785.6250  2349410   30.90%
Found incumbent of value 1137.000000 after 76.98 sec. (34516.08 ticks)
   5131  3524      902.2140   460     1137.0000      789.2917  2614970   30.58%
                                                      Cuts: 8                  
   5138  3531      882.6250   410     1137.0000      789.2917  2626715   30.58%
   5170  3561      878.4792   385     1137.0000      789.2917  2685272   30.58%
   5217  3608      862.5789   364     1137.0000      789.2917  2734485   30.58%
   5272  3659      833.7500   479     1137.0000      789.2917  2778865   30.58%
   5336  3723      836.7500   325     1137.0000      789.2917  2827050   30.58%
   5528  3907      853.3096   306     1137.0000      789.2917  2938968   30.58%
   5682  4052      942.0000   322     1137.0000      789.2917  3011787   30.58%
*  5701  4064      integral     0     1122.0000      789.2917  3018159   29.65%
Elapsed time = 100.61 sec. (44477.00 ticks, tree = 3.02 MB, solutions = 10)
Found incumbent of value 1122.000000 after 100.61 sec. (44477.00 ticks)
   5874  4231      989.1477   346     1122.0000      789.2917  3084866   29.65%
   6258  4582     1073.1875   235     1122.0000      789.2917  3173096   29.65%
   7849  6010      842.0000   494     1122.0000      789.2917  3621065   29.65%
*  8866+ 4433                         1108.0000      798.0795  3865721   27.97%
Found incumbent of value 1108.000000 after 115.99 sec. (52864.79 ticks)
   8866  4434      786.4065   375     1108.0000      798.0795  3869020   27.97%
   8869  4436      791.3468   459     1108.0000      798.0795  3873192   27.97%
   8870  4436      795.8333   467     1108.0000      798.0795  3876585   27.97%
   8871  4437      797.0179   483     1108.0000      798.0795  3878995   27.97%
   8873  4437      802.1643   478     1108.0000      798.0795  3886011   27.97%
                                                      Cuts: 7                  
   8878  4442      857.2446   450     1108.0000      798.0795  3899207   27.97%
   8880  4443      793.9855   391     1108.0000      798.0795  3902814   27.97%
                                                      Cuts: 8                  
Elapsed time = 136.78 sec. (68764.13 ticks, tree = 84.92 MB, solutions = 14)
   8893  4451      797.2941   445     1108.0000      798.0795  3924300   27.97%
                                                     Cuts: 10                  
   8916  4463      797.2941   436     1108.0000      798.0795  3955872   27.97%
                                                     Cuts: 10                  
   8962  4489      806.0816   450     1108.0000      798.0795  4013552   27.97%
   9107  4570      912.4333   437     1108.0000      798.0795  4090078   27.97%
                                                  Impl Bds: 2                  
   9122  4578      853.7500   453     1108.0000      798.0795  4100419   27.97%
   9186  4618      863.5833   435     1108.0000      798.0795  4151098   27.97%
   9953  5046      858.8414   512     1108.0000      798.0795  4440992   27.97%
                                                      Cuts: 8                  
  10015  5073      879.8962   471     1108.0000      798.0795  4473712   27.97%
  10111  5130      882.5152   414     1108.0000      798.0795  4519429   27.97%
  10239  5204      899.7500   274     1108.0000      798.0795  4561116   27.97%
Elapsed time = 173.11 sec. (83233.05 ticks, tree = 75.32 MB, solutions = 14)
  10932  5559      978.0000   210     1108.0000      798.0795  4694715   27.97%
* 10935+ 4381                         1101.0000      798.0795  4694767   27.51%
Found incumbent of value 1101.000000 after 177.26 sec. (83498.75 ticks)
  11178  4484      861.6476   395     1101.0000      798.0795  4748576   27.51%
  11349  4582      838.3750   268     1101.0000      798.0795  4781226   27.51%
  11797  4782      908.3500   266     1101.0000      798.0795  4852145   27.51%
  12056  4904      917.1327   472     1101.0000      798.0795  4901906   27.51%
  13455  5539      837.3750   290     1101.0000      798.0795  5148204   27.51%
  14488  5932      871.5380   464     1101.0000      798.0795  5291748   27.51%
                                                     Cuts: 26                  
  14648  6008      881.5296   406     1101.0000      798.0795  5332684   27.51%
  14840  6107      909.0357   314     1101.0000      798.0795  5361551   27.51%
  15096  6227     1008.9167   358     1101.0000      798.0795  5397671   27.51%
Elapsed time = 206.98 sec. (93823.56 ticks, tree = 125.01 MB, solutions = 14)
  15704  6493     1059.0476   180     1101.0000      798.0795  5465592   27.51%
  16248  6805      868.0719   309     1101.0000      798.0795  5524711   27.51%
  16664  7175      944.2500   267     1101.0000      798.0795  5594358   27.51%
  18238  8559      961.1562   333     1101.0000      812.9055  5860044   26.17%
                                                     Cuts: 26                  
  18349  8663      886.1917   378     1101.0000      812.9055  5893818   26.17%
  18541  8844      892.2692   317     1101.0000      812.9055  5936605   26.17%
  19634  9845      894.3056   392     1101.0000      812.9055  6106584   26.17%
  19794  9989      906.3961   429     1101.0000      812.9055  6134971   26.17%
  20288 10439      978.1667   202     1101.0000      812.9055  6213708   26.17%
  20561 10695      928.7500   359     1101.0000      812.9055  6256366   26.17%
Elapsed time = 238.67 sec. (104087.98 ticks, tree = 237.60 MB, solutions = 15)
Nodefile size = 81.11 MB (65.85 MB after compression)
* 20564 10695      integral     0     1078.0000      812.9055  6256466   24.59%
Found incumbent of value 1078.000000 after 238.67 sec. (104087.98 ticks)
  21457 11460      840.4576   356     1078.0000      812.9055  6400360   24.59%
  21905 11884      920.6667   300     1078.0000      812.9055  6471302   24.59%
  22737 12640      863.9342   341     1078.0000      812.9055  6568190   24.59%
  26612 16070      894.0000   421     1078.0000      812.9055  7096033   24.59%
  26854 15268      869.3826   365     1078.0000      830.3394  7128407   22.97%
                                                  Impl Bds: 2                  
  27110 15495      904.6500   240     1078.0000      830.3394  7195169   22.97%
  27582 15922      933.9167   415     1078.0000      830.3394  7283377   22.97%
  27966 16269      992.6629   245     1078.0000      830.3394  7320453   22.97%
  28702 16896      874.9769   380     1078.0000      830.3394  7436825   22.97%
Elapsed time = 272.37 sec. (114599.13 ticks, tree = 949.36 MB, solutions = 15)
Nodefile size = 794.40 MB (648.52 MB after compression)
  29790 17873      849.3083   304     1078.0000      830.3394  7600811   22.97%
  30206 18216      925.7500   270     1078.0000      830.3394  7661450   22.97%
  30532 18483      886.7097   491     1078.0000      830.3394  7734505   22.97%
  30656 18593      906.5000   205     1078.0000      830.3394  7758779   22.97%
* 31452 19285      integral     0     1055.0000      830.3394  7889005   21.29%
Found incumbent of value 1055.000000 after 281.62 sec. (119125.37 ticks)
  32458 18516      919.6111   441     1055.0000      842.9375  8061413   20.10%
                                                      Cuts: 5                  
  33034 19060      960.7016   249     1055.0000      842.9375  8180005   20.10%
  33514 19470     1047.2917   294     1055.0000      842.9375  8253045   20.10%
  33706 19640      883.2083   348     1055.0000      842.9375  8287064   20.10%
  37106 22541      876.1875   424     1055.0000      842.9375  8863705   20.10%
Elapsed time = 312.16 sec. (128378.03 ticks, tree = 1312.75 MB, solutions = 17)
Nodefile size = 1147.56 MB (939.15 MB after compression)
  38620 23826      979.0278   374     1055.0000      848.2083  9168211   19.60%
                                                  ZeroHalf: 1                  
* 38922+24084                         1050.0000      848.2083  9229285   19.22%
Found incumbent of value 1050.000000 after 334.88 sec. (130191.87 ticks)
  39282 24388      920.6981   444     1050.0000      848.2083  9300834   19.22%
  42855 27007      978.3333   348     1050.0000      852.4872  9981070   18.81%
                                                  ZeroHalf: 2                  
  44679 28566      881.7667   407     1050.0000      852.4872 10304060   18.81%
  49146 32347      953.6810   314     1050.0000      856.6667 11032364   18.41%
                                                  ZeroHalf: 2                  
  50571 33566      964.2381   176     1050.0000      856.6667 11320520   18.41%
  53845 36343      917.9444   279     1050.0000      856.6667 11856203   18.41%
  55718 37920      932.1603   266     1050.0000      861.0000 12162585   18.00%
                                                  ZeroHalf: 5                  
  57889 39725      891.5000   263     1050.0000      861.0000 12503707   18.00%
* 61189+42491                         1023.0000      863.8636 13044497   15.56%
                                                      Cuts: 4                  
Found incumbent of value 1023.000000 after 448.96 sec. (171813.42 ticks)
  61189 42493      882.9000   404     1023.0000      863.8636 13044497   15.56%
Elapsed time = 467.79 sec. (180510.85 ticks, tree = 4647.98 MB, solutions = 20)
Nodefile size = 4519.70 MB (3714.32 MB after compression)
* 61190+42492                         1012.0000      863.8636 13045394   14.64%
Found incumbent of value 1012.000000 after 467.79 sec. (168801.88 ticks)
  61191 42495     1000.8229   311     1012.0000      863.8636 13045572   14.64%
  61192 42496      991.4000   173     1012.0000      863.8636 13045634   14.64%
  61194 42498      932.1667   303     1012.0000      863.8636 13046217   14.64%
* 61201+42501                         1010.0000      863.8636 13047637   14.47%
Found incumbent of value 1010.000000 after 521.31 sec. (198440.99 ticks)
  61209 42508      987.7037   214     1010.0000      863.8636 13050385   14.47%
  61217 42512      927.9545   316     1010.0000      863.8636 13051696   14.47%
  61500 33922      967.5000   203     1010.0000      863.8636 13162454   14.47%
  63537 35542      963.9571   205     1010.0000      863.8636 13620041   14.47%
  66103 37551      890.5918   477     1010.0000      867.5000 14163134   14.11%
                                                     Cuts: 12                  
  66295 37692      911.9136   460     1010.0000      867.5000 14210126   14.11%
  70436 40856      930.1000   277     1010.0000      869.0833 15046911   13.95%
                                                      Cuts: 4                  
Elapsed time = 607.47 sec. (252321.81 ticks, tree = 3659.85 MB, solutions = 83)
Nodefile size = 3523.99 MB (2900.88 MB after compression)
  72164 42208      959.0278   289     1010.0000      869.0833 15412706   13.95%
  75466 44749      949.5000   291     1010.0000      869.0833 16079990   13.95%
  76102 45238      982.0714   376     1010.0000      872.7500 16201252   13.59%
                                                      Cuts: 8                  
  77408 46229      973.5000   215     1010.0000      872.7500 16484234   13.59%
  80718 48784      985.6667   281     1010.0000      874.6889 17106749   13.40%
                                                  ZeroHalf: 3                  
  82187 49964      981.3333   271     1010.0000      874.6889 17385823   13.40%
  85809 52782      899.8800   440     1010.0000      874.6889 18050698   13.40%
  87356 54021      953.8143   299     1010.0000      876.9412 18324927   13.17%
                                                      Cuts: 6                  
  89944 56038      960.3333   211     1010.0000      876.9412 18742044   13.17%
  92855 58301      956.1567   279     1010.0000      879.0000 19247035   12.97%
                                                      Cuts: 6                  
Elapsed time = 727.08 sec. (291613.27 ticks, tree = 5518.59 MB, solutions = 83)
Nodefile size = 5380.53 MB (4434.84 MB after compression)
  94737 59769      956.3050   421     1010.0000      879.0000 19561040   12.97%
  96752 61325      936.9118   465     1010.0000      879.0000 19972767   12.97%
 100079 63907      901.6500   454     1010.0000      880.0843 20566747   12.86%
 102158 65505        cutoff           1010.0000      880.0843 20913329   12.86%
 104796 67518      946.3000   160     1010.0000      881.4500 21370326   12.73%
 105585 68155      897.1379   375     1010.0000      881.4500 21565782   12.73%
 106949 69233      928.8235   422     1010.0000      881.4500 22027614   12.73%
 109011 70808      920.8333   192     1010.0000      882.1667 22529832   12.66%
 110181 71707      890.0000   200     1010.0000      882.1667 22712754   12.66%
 114469 75017      971.7333   166     1010.0000      883.0556 23412548   12.57%
Elapsed time = 847.06 sec. (331898.38 ticks, tree = 6985.23 MB, solutions = 83)
Nodefile size = 6845.09 MB (5591.38 MB after compression)
 116844 76838      936.9706   220     1010.0000      883.0556 23791033   12.57%
 120425 79638      914.4615   429     1010.0000      883.0556 24317278   12.57%
 121945 80785      901.5385   353     1010.0000      884.1923 24549106   12.46%
                                                  Impl Bds: 2                  
 123641 82061      909.6071   340     1010.0000      884.1923 24825072   12.46%
 128378 85733      989.4333   202     1010.0000      885.2500 25497489   12.35%
                                                      Cuts: 7                  
 130389 87228      981.9898   331     1010.0000      885.2500 25808218   12.35%
 134098 90078      995.7222   274     1010.0000      885.2500 26386845   12.35%
 135320 90978      968.0682   389     1010.0000      886.1746 26581429   12.26%
                                                  Impl Bds: 1                  
 138126 93140      924.4881   331     1010.0000      886.1746 27001911   12.26%
 141595 95744      913.3000   392     1010.0000      887.0000 27529827   12.18%
                                                      Cuts: 2                  
Elapsed time = 970.34 sec. (372530.94 ticks, tree = 9314.47 MB, solutions = 83)
Nodefile size = 9170.69 MB (7421.49 MB after compression)
 142811 96673      966.0117   282     1010.0000      887.0000 27845203   12.18%
 144742 98178      962.6905   405     1010.0000      887.0000 28214093   12.18%
 147846 100529      898.1667   248     1010.0000      887.5263 28693996   12.13%
 149892 102057      972.0000   139     1010.0000      887.5263 29027306   12.13%
*150482 102509      integral     0     1009.0000      887.5263 29118708   12.04%
Found incumbent of value 1009.000000 after 1023.17 sec. (388209.98 ticks)
 153504 104474      991.9429   311     1009.0000      888.4444 29578574   11.95%
                                                      Cuts: 3                  
 155552 105982      915.8571   324     1009.0000      888.4444 29876188   11.95%
 159900 109244      894.6667   221     1009.0000      888.4444 30504837   11.95%
 161594 110568      994.1379   232     1009.0000      889.1375 30718515   11.88%
                                                      Cuts: 4                  
*162703+111391                         1006.0000      889.1375 30874159   11.62%
Found incumbent of value 1006.000000 after 1072.47 sec. (403305.21 ticks)
 163405 111947      906.6667   212     1006.0000      889.1375 30968770   11.62%
Elapsed time = 1079.70 sec. (407439.20 ticks, tree = 10709.59 MB, solutions = 84)
Nodefile size = 10557.43 MB (8513.00 MB after compression)
 168271 114753      901.6667   203     1006.0000      889.9444 31635372   11.54%
                                                      Cuts: 2                  
 169096 115405      914.0622   347     1006.0000      889.9444 31878216   11.54%
 170658 116534      966.5556   401     1006.0000      889.9444 32288272   11.54%
 172982 118293      947.6250   346     1006.0000      890.2500 32761443   11.51%
                                                      Cuts: 5                  
 175073 119847      901.1333   193     1006.0000      890.2500 33092367   11.51%
 178882 122686      982.7500   226     1006.0000      890.9167 33675415   11.44%
                                                      Cuts: 5                  
 181204 124390      963.5833   183     1006.0000      890.9167 34076540   11.44%
 183198 125890      944.1667   324     1006.0000      890.9167 34373867   11.44%
 185517 127625      969.8667   325     1006.0000      891.8095 34686574   11.35%
 188827 130043      916.4654   440     1006.0000      891.8095 35186770   11.35%
Elapsed time = 1197.03 sec. (447218.31 ticks, tree = 12370.46 MB, solutions = 85)
Nodefile size = 12214.80 MB (9800.32 MB after compression)
 192166 132502      949.4429   348     1006.0000      892.3444 35674239   11.30%
 192885 133051      963.3571   268     1006.0000      892.3444 35778899   11.30%
 195991 135341      994.8333   165     1006.0000      892.3444 36233118   11.30%
 199714 138149      942.9266   370     1006.0000      893.0000 36730514   11.23%
 201794 139706     1000.3500   317     1006.0000      893.0000 37023614   11.23%
 205454 142418      997.5667   187     1006.0000      893.6080 37541693   11.17%
                                                    Covers: 1                  
 208250 144470      894.1000   231     1006.0000      893.6080 37942917   11.17%
 210349 146008      901.2589   271     1006.0000      893.6080 38226140   11.17%
*211868 147130      integral     0      977.0000      893.6080 38421656    8.54%
Found incumbent of value 977.000000 after 1290.22 sec. (478378.75 ticks)
 213597 120648      941.0000   237      977.0000      894.1667 38692445    8.48%
                                                      Cuts: 2                  
Elapsed time = 1306.34 sec. (482226.01 ticks, tree = 11728.51 MB, solutions = 86)
Nodefile size = 11582.10 MB (9236.02 MB after compression)
 215922 122061      931.6250   207      977.0000      894.1667 39074516    8.48%
 218864 123956      965.1500   213      977.0000      894.8382 39522849    8.41%
                                                  ZeroHalf: 2                  
 220735 125099      948.0622   297      977.0000      894.8382 39869001    8.41%
 224646 127523      935.7061   212      977.0000      895.3750 40444563    8.35%
 225576 128099      942.2057   443      977.0000      895.3750 40685396    8.35%
 228213 129835      906.6667   230      977.0000      895.3750 41393278    8.35%
 229045 130263      934.1667   302      977.0000      895.8125 41564972    8.31%
                                                    Covers: 1                  
 231093 131585      917.0000   214      977.0000      895.8125 41893078    8.31%
 234965 133857      896.5952   262      977.0000      896.3712 42510965    8.25%
                                                  ZeroHalf: 2                  
 237614 135535        cutoff            977.0000      896.3712 42920486    8.25%
Elapsed time = 1425.57 sec. (521985.75 ticks, tree = 12935.88 MB, solutions = 86)
Nodefile size = 12784.76 MB (10171.74 MB after compression)
 240440 137206      964.5000   255      977.0000      897.0000 43367976    8.19%
                                                  Impl Bds: 1                  
 242112 138222      947.2667   224      977.0000      897.0000 43651517    8.19%
 244990 140044      950.2500   325      977.0000      897.0000 44099703    8.19%
 247481 141463      938.8286   399      977.0000      897.5333 44482063    8.13%
 249593 142810      965.7209   348      977.0000      897.5333 44787491    8.13%
 253337 145074      919.9603   272      977.0000      898.0530 45366421    8.08%
                                                      Cuts: 3                  
 256070 146826      953.2471   334      977.0000      898.0530 45751855    8.08%
 259809 148989      914.0000   225      977.0000      898.6125 46295746    8.02%
                                                  ZeroHalf: 1                  
 261565 150074      946.0000   291      977.0000      898.6125 46554539    8.02%
*264686+152082                          972.0000      898.6125 47030774    7.55%
Found incumbent of value 972.000000 after 1543.57 sec. (558062.20 ticks)
 265121 152338      921.5072   370      972.0000      898.6125 47100434    7.55%
Elapsed time = 1543.57 sec. (562040.56 ticks, tree = 14676.06 MB, solutions = 86)
Nodefile size = 14516.44 MB (11529.08 MB after compression)
 266770 145606      956.0833   383      972.0000      899.1250 47430189    7.50%
*267209+145876                          971.0000      899.1250 47601814    7.40%
Found incumbent of value 971.000000 after 1568.78 sec. (564191.78 ticks)
 268165 146431      962.0000   236      971.0000      899.1250 47838841    7.40%
 269910 145741      935.7935   281      971.0000      899.4667 48290200    7.37%
 272475 147262      934.4167   173      971.0000      899.4667 48710905    7.37%
 275529 148977      913.8431   293      971.0000      899.9754 49198606    7.31%
 277536 150118      917.3000   308      971.0000      899.9754 49540946    7.31%
 280311 151706      912.6852   288      971.0000      899.9754 49997157    7.31%
*281177 152243      integral     0      969.0000      899.9754 50113032    7.12%
Found incumbent of value 969.000000 after 1623.62 sec. (589121.69 ticks)
 282698 149613      912.6000   375      969.0000      900.3750 50350894    7.08%
                                                    Covers: 1                  
 285041 150964      925.0000   424      969.0000      900.3750 50722070    7.08%
Elapsed time = 1646.85 sec. (596793.34 ticks, tree = 14538.14 MB, solutions = 89)
Nodefile size = 14389.72 MB (11399.18 MB after compression)
*286073+151540                          963.0000      900.3750 50875546    6.50%
Found incumbent of value 963.000000 after 1652.88 sec. (595900.35 ticks)
 288285 142314      964.4667   230      963.0000      900.8571 51218248    6.45%
                                                  Impl Bds: 1                  
 289661 143025      955.0154   289      963.0000      900.8571 51443311    6.45%
 294425 145436        cutoff            963.0000      901.3333 52108958    6.40%
                                                      Cuts: 2                  
 296889 146737      920.0000   244      963.0000      901.3333 52496793    6.40%
 300017 148379      952.8333   243      963.0000      901.3333 52949435    6.40%
 302328 149473      921.8864   405      963.0000      901.9333 53288098    6.34%
                                                  ZeroHalf: 1                  
 304216 150472      928.1860   404      963.0000      901.9333 53563625    6.34%
 307896 152269      938.7000   190      963.0000      902.4273 54105873    6.29%
                                                  Impl Bds: 1                  
 309056 152912      930.2364   362      963.0000      902.4273 54388942    6.29%
 311323 154074      930.0556   335      963.0000      902.7126 54996471    6.26%
                                                      Cuts: 4                  
Elapsed time = 1763.44 sec. (636357.36 ticks, tree = 14889.83 MB, solutions = 90)
Nodefile size = 14759.11 MB (11665.11 MB after compression)
 313119 154967      936.5098   283      963.0000      902.7126 55272680    6.26%
 317873 157301      915.7857   242      963.0000      903.1250 55949577    6.22%
                                                      Cuts: 3                  
 320217 158519      921.0902   398      963.0000      903.1250 56279192    6.22%
 323447 160115      906.3006   307      963.0000      903.1250 56771347    6.22%
 326018 161302      912.4222   262      963.0000      903.5833 57121888    6.17%
 327932 162287      907.8000   250      963.0000      903.5833 57360536    6.17%
 331806 164161      905.7917   271      963.0000      904.1234 57886887    6.11%
                                                  Impl Bds: 3                  
 334413 165535      904.4103   257      963.0000      904.1234 58248203    6.11%
 337948 167306      925.6389   287      963.0000      904.4506 58744091    6.08%
                                                      Cuts: 5                  
 339020 167876        cutoff            963.0000      904.4506 59012603    6.08%
Elapsed time = 1893.60 sec. (675987.60 ticks, tree = 16336.20 MB, solutions = 90)
Nodefile size = 16198.82 MB (12714.89 MB after compression)
 340865 168883      935.4275   416      963.0000      904.4506 59530830    6.08%
 342505 169649      948.3333   242      963.0000      904.6667 59861270    6.06%
 345225 171007      915.3500   256      963.0000      904.6667 60256500    6.06%
 349770 173301        cutoff            963.0000      905.0884 60839449    6.01%
 352258 174654      934.5250   370      963.0000      905.0884 61154280    6.01%
 355585 176302      935.6002   429      963.0000      905.4667 61595574    5.97%
                                                    Covers: 1                  
 358849 178076      942.3542   211      963.0000      905.4667 61976380    5.97%
 363020 180243      938.7651   334      963.0000      905.8161 62501792    5.94%
                                                    Covers: 1                  
 365492 181519      939.5000   375      963.0000      905.8161 62869646    5.94%
 369778 183910      939.8409   438      963.0000      905.8161 63398161    5.94%
Elapsed time = 2010.92 sec. (715831.16 ticks, tree = 17553.84 MB, solutions = 90)
Nodefile size = 17402.78 MB (13599.84 MB after compression)
 370745 184360      958.8561   324      963.0000      906.1667 63571520    5.90%
 371129 184560      926.8286   476      963.0000      906.1667 63667683    5.90%
 375447 186799      917.6250   328      963.0000      906.3333 64577995    5.88%
 378295 188297      937.7000   180      963.0000      906.3333 64951835    5.88%
 382073 190249      920.1429   419      963.0000      906.6667 65413855    5.85%
 384889 191723      943.1000   289      963.0000      906.6667 65751828    5.85%
 388358 193448      959.2000   318      963.0000      907.0000 66244526    5.82%
                                                  ZeroHalf: 1                  
 391755 195343      959.0530   362      963.0000      907.0000 66646443    5.82%
 395628 197290      916.2006   283      963.0000      907.2917 67122912    5.78%
 398638 198940      910.2000   201      963.0000      907.2917 67503103    5.78%
Elapsed time = 2141.02 sec. (756634.23 ticks, tree = 19164.20 MB, solutions = 90)
Nodefile size = 19022.17 MB (14779.06 MB after compression)
 402984 201225      951.6298   222      963.0000      907.2917 68047381    5.78%
 403774 201591      956.4773   249      963.0000      907.5833 68257819    5.75%
 404679 202065      913.2500   314      963.0000      907.5833 68504723    5.75%
 406946 203196      939.2769   350      963.0000      907.7500 69010942    5.74%
 409538 204585      914.3333   220      963.0000      907.7500 69338580    5.74%
 413940 206698      945.2500   277      963.0000      908.0624 69911643    5.70%
 417396 208505      924.8500   316      963.0000      908.0624 70318846    5.70%
 420823 210183        cutoff            963.0000      908.3379 70733158    5.68%
 423959 211801      953.2000   221      963.0000      908.3379 71123691    5.68%
 428336 214081      956.0000    47      963.0000      908.3379 71626932    5.68%
Elapsed time = 2261.88 sec. (795450.27 ticks, tree = 20350.84 MB, solutions = 90)
Nodefile size = 20196.97 MB (15616.90 MB after compression)
 430144 214957        cutoff            963.0000      908.6875 71867971    5.64%
 433152 216472        cutoff            963.0000      908.6875 72233804    5.64%
 435912 217810      954.7167   280      963.0000      908.9737 72623938    5.61%
 436857 218271      915.8333   423      963.0000      908.9737 72926027    5.61%
 439739 219760        cutoff            963.0000      909.1000 73549519    5.60%
 442672 221215      922.0833   199      963.0000      909.1000 73932721    5.60%
 446262 223025      942.3611   304      963.0000      909.3571 74344454    5.57%
 448692 224217      909.8833   370      963.0000      909.3571 74637970    5.57%
 453775 226649      935.3333   199      963.0000      909.6333 75276060    5.54%
                                                  ZeroHalf: 1                  
 456860 228179      954.8333   234      963.0000      909.6333 75672105    5.54%
Elapsed time = 2392.68 sec. (835686.69 ticks, tree = 21849.64 MB, solutions = 90)
Nodefile size = 21709.67 MB (16691.56 MB after compression)
 460610 229951      938.8889   237      963.0000      909.6333 76125347    5.54%
 462065 230474      949.9091   433      963.0000      909.9153 76357662    5.51%
 466622 232505      931.2000   310      963.0000      909.9153 77024115    5.51%
 467399 232833      926.0281   312      963.0000      910.1579 77189687    5.49%
 469031 233618        cutoff            963.0000      910.1579 77613370    5.49%
 472109 235167      941.4744   297      963.0000      910.3333 78160513    5.47%
 475266 236674      936.1667   224      963.0000      910.3333 78579087    5.47%
 478762 238307      921.8396   327      963.0000      910.5000 79004725    5.45%
 481418 239544      926.7500   251      963.0000      910.5000 79331516    5.45%
 485450 241399      956.9778   284      963.0000      910.7818 79861450    5.42%
Elapsed time = 2517.66 sec. (875355.21 ticks, tree = 23063.84 MB, solutions = 90)
Nodefile size = 22930.07 MB (17548.28 MB after compression)
 488298 242732      935.7241   346      963.0000      910.7818 80195973    5.42%
 491716 244210      936.9078   297      963.0000      911.0000 80658569    5.40%
                                                  ZeroHalf: 1                  
 494414 245494      955.1569   288      963.0000      911.0000 80986072    5.40%
 499132 247678      952.1756   415      963.0000      911.2675 81554464    5.37%
 500160 248095        cutoff            963.0000      911.2675 81845962    5.37%
 502588 249218      942.9583   377      963.0000      911.3810 82476545    5.36%
 504890 250197      924.2000   106      963.0000      911.3810 82794163    5.36%
 508908 251974      924.1111   295      963.0000      911.5833 83323240    5.34%
 511147 252990      918.8500   143      963.0000      911.5833 83630824    5.34%
 515970 255053        cutoff            963.0000      911.8333 84220810    5.31%
                                                    Covers: 1                  
Elapsed time = 2647.82 sec. (917230.13 ticks, tree = 24314.68 MB, solutions = 90)
Nodefile size = 24180.60 MB (18413.37 MB after compression)
 518914 256279      917.3730   239      963.0000      911.8333 84564703    5.31%
 522971 258010        cutoff            963.0000      912.0222 85124226    5.29%
                                                      Cuts: 2                  
 524285 258524      935.4034   282      963.0000      912.0222 85337960    5.29%
 527390 259953        cutoff            963.0000      912.0222 85789755    5.29%
 531281 261614      915.7404   414      963.0000      912.2083 86289354    5.27%
 533265 262423        cutoff            963.0000      912.2083 86539109    5.27%
 536031 263553        cutoff            963.0000      912.5000 86992881    5.24%
                                                    Covers: 1                  
 537500 264248        cutoff            963.0000      912.5000 87391582    5.24%
 540616 265601      949.3333   276      963.0000      912.6000 87957989    5.23%
                                                    Covers: 2                  
 544538 267378        cutoff            963.0000      912.6000 88418237    5.23%
Elapsed time = 2770.79 sec. (957562.25 ticks, tree = 25124.66 MB, solutions = 90)
Nodefile size = 24980.18 MB (18961.05 MB after compression)
 547296 268571        cutoff            963.0000      912.8000 88816529    5.21%
 550633 269939      932.7500   264      963.0000      912.8000 89209734    5.21%
 553069 270810      915.5500   230      963.0000      913.0000 89598032    5.19%
 555661 271983      927.3333   313      963.0000      913.0000 89923212    5.19%
 559975 273848      939.0000   260      963.0000      913.1889 90430222    5.17%
 561010 274305      937.0588   402      963.0000      913.1889 90730219    5.17%
 563090 275211      944.3968   356      963.0000      913.2933 91304143    5.16%
 564908 275944      934.0833   267      963.0000      913.2933 91537306    5.16%
 569762 277890      929.7407   319      963.0000      913.4487 92159682    5.15%
                                                  ZeroHalf: 1                  
 573258 279412        cutoff            963.0000      913.4487 92588143    5.15%
Elapsed time = 2900.77 sec. (996985.67 ticks, tree = 26261.97 MB, solutions = 90)
Nodefile size = 26120.80 MB (19741.05 MB after compression)
 576894 280851    infeasible            963.0000      913.6771 93048916    5.12%
 580229 282266      936.2167   183      963.0000      913.6771 93464185    5.12%
 584142 283895      937.3333    92      963.0000      913.9333 93941467    5.10%
 585577 284462      949.4286   267      963.0000      913.9333 94299445    5.10%
 586217 284674      936.9444   461      963.0000      913.9333 94518779    5.10%
 589042 285864      918.7667   228      963.0000      914.0000 95074182    5.09%
 593806 287933      946.0000   381      963.0000      914.0000 95631870    5.09%
 596750 289111      944.0116   319      963.0000      914.1667 95983632    5.07%
 599469 290221      959.0000   182      963.0000      914.1667 96324374    5.07%
 603012 291739      939.0556   213      963.0000      914.3519 96749274    5.05%
Elapsed time = 3033.54 sec. (1037945.02 ticks, tree = 27502.46 MB, solutions = 90)
Nodefile size = 27368.56 MB (20588.83 MB after compression)
 605356 292558      948.7500   268      963.0000      914.3519 97078500    5.05%
 610077 294532      935.6667   263      963.0000      914.5162 97632195    5.03%
 612917 295652      916.9778   165      963.0000      914.5162 97987486    5.03%
 615874 296923      926.7879   325      963.0000      914.7500 98371211    5.01%
 616982 297340      923.0943   324      963.0000      914.7500 98715310    5.01%
 618407 297923      944.7848   404      963.0000      914.8333 99178554    5.00%
 621437 299155      949.8590   329      963.0000      914.8333 99530519    5.00%
 625472 300579      916.6222   219      963.0000      915.0000 1.00e+08    4.98%
                                                    Covers: 1                  
 628181 301706      957.5833   159      963.0000      915.0000 1.00e+08    4.98%
 632501 303516      960.2472   239      963.0000      915.1982 1.01e+08    4.96%
Elapsed time = 3158.22 sec. (1077938.69 ticks, tree = 28638.94 MB, solutions = 90)
Nodefile size = 28507.06 MB (21354.10 MB after compression)
 634920 304454        cutoff            963.0000      915.1982 1.01e+08    4.96%
 639682 306257      939.6667   324      963.0000      915.3793 1.02e+08    4.95%
 643111 307596      953.9667   242      963.0000      915.3793 1.02e+08    4.95%
 646880 309078      931.4000   194      963.0000      915.5625 1.03e+08    4.93%
 648000 309553        cutoff            963.0000      915.5625 1.03e+08    4.93%
 649825 310119      961.8333   246      963.0000      915.6667 1.04e+08    4.92%
 651240 310717      932.9878   267      963.0000      915.6667 1.04e+08    4.92%
 656978 312971        cutoff            963.0000      915.8000 1.04e+08    4.90%
 660376 314301      936.7222   291      963.0000      915.8000 1.05e+08    4.90%
 663972 315616      958.7500   215      963.0000      916.0000 1.05e+08    4.88%
                                                    Covers: 1                  
Elapsed time = 3293.42 sec. (1119489.26 ticks, tree = 29719.97 MB, solutions = 90)
Nodefile size = 29588.22 MB (22078.62 MB after compression)
 666033 316381      919.3879   248      963.0000      916.0000 1.06e+08    4.88%
 671079 318277    infeasible            963.0000      916.1296 1.06e+08    4.87%
                                                    Covers: 1                  
 672157 318699      928.7263   301      963.0000      916.1296 1.06e+08    4.87%
 674119 319406      961.3953   335      963.0000      916.2333 1.07e+08    4.86%
 677180 320553      935.1806   305      963.0000      916.2333 1.07e+08    4.86%
 681405 322324      916.4000   189      963.0000      916.3333 1.08e+08    4.85%
 683846 323241    infeasible            963.0000      916.3333 1.08e+08    4.85%
 688218 324916      939.5943   232      963.0000      916.5417 1.09e+08    4.82%
 690790 325948      942.3766   404      963.0000      916.5417 1.09e+08    4.82%
 695568 327743      921.0000   198      963.0000      916.6667 1.10e+08    4.81%
Elapsed time = 3426.60 sec. (1160646.91 ticks, tree = 30740.53 MB, solutions = 90)
Nodefile size = 30609.06 MB (22767.42 MB after compression)
 699173 329124      949.0056   312      963.0000      916.6667 1.10e+08    4.81%
 702824 330424      959.6667   144      963.0000      916.8500 1.11e+08    4.79%
 703763 330736      952.6000   262      963.0000      916.8500 1.11e+08    4.79%
 706099 331653      956.3387   297      963.0000      916.9636 1.11e+08    4.78%
 708649 332468      949.7262   327      963.0000      916.9636 1.12e+08    4.78%
 712546 333899        cutoff            963.0000      917.0643 1.12e+08    4.77%
 715322 334919      936.5417   207      963.0000      917.0643 1.13e+08    4.77%
 719968 336670        cutoff            963.0000      917.2143 1.13e+08    4.75%
 721111 337032      937.0048   375      963.0000      917.2143 1.13e+08    4.75%
 722972 337774        cutoff            963.0000      917.3143 1.14e+08    4.74%
Elapsed time = 3555.92 sec. (1201126.74 ticks, tree = 31374.15 MB, solutions = 90)
Nodefile size = 31242.98 MB (23185.62 MB after compression)
 725209 338535        cutoff            963.0000      917.3143 1.14e+08    4.74%
 729901 340358      929.5952   259      963.0000      917.4279 1.15e+08    4.73%
                                                    Covers: 1                  
 732845 341350      959.0417   399      963.0000      917.4279 1.15e+08    4.73%
 737102 342949      918.9728   264      963.0000      917.5833 1.16e+08    4.72%
 740472 344138      940.5895   345      963.0000      917.5833 1.16e+08    4.72%
 744796 345730      930.4889   248      963.0000      917.7500 1.17e+08    4.70%
 747924 346770      951.4561   422      963.0000      917.7500 1.17e+08    4.70%
 751709 348107      949.0222   269      963.0000      917.9048 1.17e+08    4.68%
 752928 348502      930.8333   161      963.0000      917.9048 1.18e+08    4.68%
 754649 349004      946.7500   233      963.0000      918.0000 1.18e+08    4.67%
Elapsed time = 3689.55 sec. (1241795.06 ticks, tree = 32332.21 MB, solutions = 90)
Nodefile size = 32203.90 MB (23825.81 MB after compression)
 756562 349651      951.1250   246      963.0000      918.0000 1.19e+08    4.67%
 761321 351388      949.5947   254      963.0000      918.1000 1.19e+08    4.66%
 763303 352044      947.1667   240      963.0000      918.1000 1.19e+08    4.66%
 768316 353876        cutoff            963.0000      918.2667 1.20e+08    4.65%
                                                    Covers: 1                  
 771220 354846      939.7083   267      963.0000      918.2667 1.20e+08    4.65%
 775236 356240        cutoff            963.0000      918.3793 1.21e+08    4.63%
 776125 356568        cutoff            963.0000      918.3793 1.21e+08    4.63%
 778343 357371      955.4286   316      963.0000      918.4651 1.22e+08    4.62%
 780384 358006      944.9583   212      963.0000      918.4651 1.22e+08    4.62%
 785510 359844      963.2500   220      963.0000      918.6250 1.23e+08    4.61%
Elapsed time = 3822.29 sec. (1282347.03 ticks, tree = 33254.43 MB, solutions = 90)
Nodefile size = 33123.18 MB (24438.12 MB after compression)
 788710 360864      955.6293   261      963.0000      918.6250 1.23e+08    4.61%
 792559 362128        cutoff            963.0000      918.7719 1.23e+08    4.59%
 795775 363341      954.8571   349      963.0000      918.7719 1.24e+08    4.59%
 800235 364983      943.2600   242      963.0000      918.9167 1.24e+08    4.58%
 801696 365508      934.1379   238      963.0000      918.9167 1.25e+08    4.58%
 803370 366028      933.1053   487      963.0000      918.9167 1.25e+08    4.58%
 805313 366613      937.1111   254      963.0000      919.0000 1.25e+08    4.57%
 810021 368252      947.6429   212      963.0000      919.0909 1.26e+08    4.56%
 813041 369212        cutoff            963.0000      919.0909 1.26e+08    4.56%
 817413 370751      932.0000   179      963.0000      919.2222 1.27e+08    4.55%
Elapsed time = 3957.13 sec. (1324257.05 ticks, tree = 34149.24 MB, solutions = 90)
Nodefile size = 34017.82 MB (25033.55 MB after compression)
 820929 371887      961.0000   118      963.0000      919.2222 1.27e+08    4.55%
 824825 373171      962.0000    48      963.0000      919.3333 1.28e+08    4.53%
 828779 374414      952.7667   174      963.0000      919.3333 1.28e+08    4.53%
 831814 375259        cutoff            963.0000      919.5000 1.29e+08    4.52%
 832696 375546      945.7885   310      963.0000      919.5000 1.29e+08    4.52%
 834787 376260      928.5093   516      963.0000      919.5750 1.29e+08    4.51%
 837426 377153        cutoff            963.0000      919.5750 1.30e+08    4.51%
 841934 378554      926.6667   141      963.0000      919.6667 1.30e+08    4.50%
 844358 379386      943.4000   310      963.0000      919.6667 1.31e+08    4.50%
 848942 381007      927.1333   267      963.0000      919.7893 1.31e+08    4.49%
Elapsed time = 4088.88 sec. (1364437.77 ticks, tree = 34931.93 MB, solutions = 90)
Nodefile size = 34801.35 MB (25546.88 MB after compression)
 851373 381865      932.5000   349      963.0000      919.7893 1.31e+08    4.49%
 856348 383511    infeasible            963.0000      919.9107 1.32e+08    4.47%
                                                    Covers: 1                  
 856854 383686      951.5000   264      963.0000      919.9107 1.32e+08    4.47%
 859214 384334        cutoff            963.0000      920.0000 1.33e+08    4.47%
                                                    Covers: 1                  
 860407 384632      935.0000   219      963.0000      920.0000 1.33e+08    4.47%
 865651 386458      939.5579   290      963.0000      920.0667 1.34e+08    4.46%
 869074 387486        cutoff            963.0000      920.0667 1.34e+08    4.46%
 873082 388819      920.2500   250      963.0000      920.2222 1.34e+08    4.44%
 875994 389766      944.7278   218      963.0000      920.2222 1.35e+08    4.44%
 880266 391169      939.9130   322      963.0000      920.3333 1.35e+08    4.43%
Elapsed time = 4221.92 sec. (1404974.86 ticks, tree = 35764.58 MB, solutions = 90)
Nodefile size = 35633.00 MB (26099.29 MB after compression)
 884202 392513      954.3673   271      963.0000      920.3333 1.36e+08    4.43%
 887710 393671      941.8333   212      963.0000      920.4905 1.36e+08    4.41%
 888574 393880      948.5417   375      963.0000      920.4905 1.36e+08    4.41%
 890356 394429      953.5714   292      963.0000      920.5109 1.37e+08    4.41%
 892692 395157        cutoff            963.0000      920.5109 1.37e+08    4.41%
 897650 396756        cutoff            963.0000      920.6458 1.38e+08    4.40%
 901099 397739      957.4787   366      963.0000      920.6458 1.38e+08    4.40%
 904696 398833      939.3833   281      963.0000      920.7500 1.39e+08    4.39%
                                                  ZeroHalf: 1                  
 908254 399927      935.2500   259      963.0000      920.7500 1.39e+08    4.39%
 912359 401182      928.2778   202      963.0000      920.8889 1.40e+08    4.37%
Elapsed time = 4354.56 sec. (1445025.84 ticks, tree = 36612.84 MB, solutions = 90)
Nodefile size = 36482.16 MB (26659.74 MB after compression)
 913363 401484      961.1667   385      963.0000      920.8889 1.40e+08    4.37%
 915829 402300      936.7500   238      963.0000      920.9722 1.40e+08    4.36%
 918482 402996      951.5385   354      963.0000      920.9722 1.41e+08    4.36%
 922662 404310      934.7381   298      963.0000      921.0333 1.41e+08    4.36%
 925838 405332      946.0632   344      963.0000      921.0333 1.42e+08    4.36%
 929540 406482      931.8258   267      963.0000      921.1667 1.42e+08    4.34%
 933092 407614      951.2500   323      963.0000      921.1667 1.42e+08    4.34%
 937243 408877      921.5528   348      963.0000      921.3000 1.43e+08    4.33%
 938530 409283      956.6000   267      963.0000      921.3000 1.43e+08    4.33%
 940241 409725        cutoff            963.0000      921.3333 1.44e+08    4.33%
Elapsed time = 4479.99 sec. (1484458.17 ticks, tree = 37121.65 MB, solutions = 90)
Nodefile size = 36991.12 MB (26991.01 MB after compression)
 943746 410880      932.1107   429      963.0000      921.3333 1.44e+08    4.33%
 947596 412122      940.4216   185      963.0000      921.4667 1.45e+08    4.31%
 950187 412726        cutoff            963.0000      921.4667 1.45e+08    4.31%
 954233 413965        cutoff            963.0000      921.5714 1.45e+08    4.30%
 957847 415015    infeasible            963.0000      921.5714 1.46e+08    4.30%
 961712 416138      941.1833   301      963.0000      921.6746 1.46e+08    4.29%
                                                    Covers: 2                  
 965219 417207      932.1227   351      963.0000      921.6746 1.47e+08    4.29%
 969169 418545      943.8286   379      963.0000      921.8000 1.47e+08    4.28%
                                                    Covers: 1                  
 970442 418939      949.4526   396      963.0000      921.8000 1.47e+08    4.28%
 972535 419585        cutoff            963.0000      921.8623 1.48e+08    4.27%
Elapsed time = 4613.99 sec. (1524416.21 ticks, tree = 37868.10 MB, solutions = 90)
Nodefile size = 37736.88 MB (27480.73 MB after compression)
 975861 420586      958.5778   382      963.0000      921.8623 1.48e+08    4.27%
 979817 421699      961.2857   296      963.0000      922.0000 1.49e+08    4.26%
 982060 422192      943.0000   308      963.0000      922.0000 1.49e+08    4.26%
 985801 423327    infeasible            963.0000      922.0500 1.50e+08    4.25%
 988949 424276      948.4167   147      963.0000      922.0500 1.50e+08    4.25%
 993309 425554      951.6667   154      963.0000      922.1754 1.50e+08    4.24%
 994173 425831      934.7845   332      963.0000      922.1754 1.51e+08    4.24%
 996523 426578      928.7735   412      963.0000      922.2283 1.51e+08    4.23%
                                                  ZeroHalf: 1                  
 999139 427370      944.2629   300      963.0000      922.2283 1.52e+08    4.23%
 1003806 428747      939.4500   121      963.0000      922.3333 1.52e+08    4.22%
Elapsed time = 4742.74 sec. (1564030.94 ticks, tree = 38498.59 MB, solutions = 90)
Nodefile size = 38367.30 MB (27892.40 MB after compression)
 1007252 429870      955.0723   273      963.0000      922.3333 1.52e+08    4.22%
 1011194 431017      942.2083   312      963.0000      922.4413 1.53e+08    4.21%
 1014330 431788        cutoff            963.0000      922.4413 1.53e+08    4.21%
 1018040 432924        cutoff            963.0000      922.5214 1.54e+08    4.20%
 1019214 433224      953.6667   203      963.0000      922.5214 1.54e+08    4.20%
 1021077 433837        cutoff            963.0000      922.6000 1.55e+08    4.20%
 1024579 434844      939.2667   201      963.0000      922.6000 1.55e+08    4.20%
 1028295 435936      925.7255   182      963.0000      922.7000 1.55e+08    4.18%
 1031884 436942      939.5833   270      963.0000      922.7000 1.56e+08    4.18%
 1035688 438043      954.0000   320      963.0000      922.8182 1.56e+08    4.17%
Elapsed time = 4875.20 sec. (1603958.57 ticks, tree = 39172.39 MB, solutions = 90)
Nodefile size = 39042.93 MB (28332.11 MB after compression)
 1039188 439043        cutoff            963.0000      922.8182 1.57e+08    4.17%
 1043182 440204        cutoff            963.0000      922.9167 1.57e+08    4.16%
 1043950 440434      948.1667   183      963.0000      922.9167 1.57e+08    4.16%
 1046487 441232      945.0000   150      963.0000      923.0000 1.58e+08    4.15%
 1049054 441825      932.3000   358      963.0000      923.0000 1.58e+08    4.15%
 1053176 442967        cutoff            963.0000      923.0152 1.59e+08    4.15%
 1056745 444076      937.3889   288      963.0000      923.0152 1.59e+08    4.15%
 1060510 445097      958.6765   272      963.0000      923.1667 1.60e+08    4.14%
 1063230 446009      931.1633   440      963.0000      923.1667 1.60e+08    4.14%
 1067976 447356      949.6667   256      963.0000      923.2500 1.60e+08    4.13%
Elapsed time = 5005.32 sec. (1643120.07 ticks, tree = 39907.04 MB, solutions = 90)
Nodefile size = 39776.23 MB (28815.25 MB after compression)
 1069209 447739      960.0000   255      963.0000      923.2500 1.61e+08    4.13%
 1071302 448303      938.1429   244      963.0000      923.3000 1.61e+08    4.12%
 1074150 448993      930.0833   193      963.0000      923.3000 1.62e+08    4.12%
 1078079 450133      927.9487   193      963.0000      923.3793 1.62e+08    4.11%
 1081466 451175        cutoff            963.0000      923.3793 1.62e+08    4.11%
 1085526 452300      939.6667   158      963.0000      923.5000 1.63e+08    4.10%
 1088995 453230      943.4615   319      963.0000      923.5000 1.63e+08    4.10%
 1092975 454464      946.7314   313      963.0000      923.6000 1.64e+08    4.09%
 1094050 454761        cutoff            963.0000      923.6000 1.64e+08    4.09%
 1096033 455382      953.3333   364      963.0000      923.6494 1.64e+08    4.09%
Elapsed time = 5129.62 sec. (1682256.91 ticks, tree = 40337.25 MB, solutions = 90)
Nodefile size = 40206.82 MB (29092.14 MB after compression)
 1099556 456297        cutoff            963.0000      923.6494 1.65e+08    4.09%
 1103623 457462      946.8125   344      963.0000      923.7333 1.65e+08    4.08%
 1107286 458503      952.1923   326      963.0000      923.7333 1.66e+08    4.08%
 1111041 459566      928.0769   255      963.0000      923.8333 1.66e+08    4.07%
 1114058 460482      950.3958   391      963.0000      923.8333 1.66e+08    4.07%
 1118263 461671      952.5000   364      963.0000      923.9429 1.67e+08    4.06%
 1121783 462671      940.2619   374      963.0000      923.9429 1.67e+08    4.06%
 1125103 463508      952.7500   259      963.0000      924.0000 1.68e+08    4.05%
 1126144 463810        cutoff            963.0000      924.0000 1.68e+08    4.05%
 1128235 464437      947.3886   281      963.0000      924.0460 1.69e+08    4.05%
Elapsed time = 5263.47 sec. (1721792.54 ticks, tree = 41000.76 MB, solutions = 90)
Nodefile size = 40869.30 MB (29525.32 MB after compression)
 1131857 465588      958.4444   275      963.0000      924.0460 1.69e+08    4.05%
 1135986 466638      946.0000   198      963.0000      924.1579 1.69e+08    4.03%
 1139597 467695      940.7069   241      963.0000      924.1579 1.70e+08    4.03%
 1143624 468763        cutoff            963.0000      924.2500 1.70e+08    4.02%
                                                  ZeroHalf: 1                  
 1146969 469717      958.6458   221      963.0000      924.2500 1.71e+08    4.02%
 1151068 470959      948.0000   222      963.0000      924.3333 1.71e+08    4.02%
 1151761 471116      946.5000   214      963.0000      924.3333 1.71e+08    4.02%
 1153920 471771      958.6562   337      963.0000      924.3667 1.72e+08    4.01%
 1157382 472704        cutoff            963.0000      924.3667 1.72e+08    4.01%
 1161459 473904      943.8333   176      963.0000      924.4667 1.73e+08    4.00%
Elapsed time = 5397.49 sec. (1760620.65 ticks, tree = 41704.23 MB, solutions = 90)
Nodefile size = 41573.19 MB (29987.69 MB after compression)
 1164386 474510      944.2000   140      963.0000      924.4667 1.73e+08    4.00%
 1168366 475505      951.2417   364      963.0000      924.5500 1.73e+08    3.99%
 1172338 476591      934.2250   237      963.0000      924.5500 1.74e+08    3.99%
 1175740 477524        cutoff            963.0000      924.6667 1.74e+08    3.98%
 1178034 478086      932.2302   188      963.0000      924.6667 1.75e+08    3.98%
 1181376 479074      947.6667   338      963.0000      924.7167 1.75e+08    3.98%
 1183776 479723        cutoff            963.0000      924.7167 1.75e+08    3.98%
 1188990 481098    infeasible            963.0000      924.8235 1.76e+08    3.96%
 1190135 481363      937.9167   305      963.0000      924.8235 1.76e+08    3.96%
 1192375 481980      955.1667   336      963.0000      924.8636 1.77e+08    3.96%
Elapsed time = 5523.62 sec. (1799753.12 ticks, tree = 42222.97 MB, solutions = 90)
Nodefile size = 42093.28 MB (30320.15 MB after compression)
 1195692 482857      940.9375   186      963.0000      924.8636 1.77e+08    3.96%
 1199947 484018      942.3333   143      963.0000      924.9631 1.78e+08    3.95%
 1203456 484794      943.8333   254      963.0000      924.9631 1.78e+08    3.95%
 1206316 485475        cutoff            963.0000      925.0000 1.78e+08    3.95%
 1209836 486393      938.9889   234      963.0000      925.0000 1.79e+08    3.95%
 1213743 487456      951.8000   189      963.0000      925.1333 1.79e+08    3.93%
 1214479 487656      953.5833   180      963.0000      925.1333 1.79e+08    3.93%
 1216638 488153      936.6000   177      963.0000      925.1667 1.80e+08    3.93%
 1220237 489217      959.0000    99      963.0000      925.1667 1.80e+08    3.93%
 1224455 490283        cutoff            963.0000      925.2500 1.81e+08    3.92%
Elapsed time = 5655.89 sec. (1838504.62 ticks, tree = 42823.93 MB, solutions = 90)
Nodefile size = 42693.29 MB (30713.01 MB after compression)
 1228327 491251      929.0417   218      963.0000      925.2500 1.81e+08    3.92%
 1231777 492024      954.9750   289      963.0000      925.3333 1.82e+08    3.91%
 1235617 493120        cutoff            963.0000      925.3333 1.82e+08    3.91%
 1239264 494107        cutoff            963.0000      925.4238 1.82e+08    3.90%
 1240449 494399      933.6000   330      963.0000      925.4238 1.83e+08    3.90%
 1242580 494858      945.7500   175      963.0000      925.4902 1.83e+08    3.90%
 1245393 495412      943.7161   286      963.0000      925.4902 1.84e+08    3.90%
 1249104 496366      947.2112   391      963.0000      925.5460 1.84e+08    3.89%
 1253294 497461      941.5333   236      963.0000      925.5460 1.84e+08    3.89%
 1257567 498577      944.6667   178      963.0000      925.6505 1.85e+08    3.88%
Elapsed time = 5785.07 sec. (1877166.34 ticks, tree = 43354.27 MB, solutions = 90)
Nodefile size = 43223.80 MB (31055.19 MB after compression)
 1261407 499433      948.7006   203      963.0000      925.6505 1.85e+08    3.88%
 1264433 500232      948.0000   228      963.0000      925.7333 1.86e+08    3.87%
 1268625 501243      954.8071   212      963.0000      925.7333 1.86e+08    3.87%
 1271858 502014      959.0000   177      963.0000      925.8333 1.86e+08    3.86%
 1272909 502281        cutoff            963.0000      925.8333 1.87e+08    3.86%
 1275225 502909        cutoff            963.0000      925.8750 1.87e+08    3.86%
 1277945 503573      956.2500   260      963.0000      925.8750 1.88e+08    3.86%
 1283508 505026      935.3333   172      963.0000      925.9706 1.88e+08    3.85%
 1286871 505631      935.5862   367      963.0000      925.9706 1.89e+08    3.85%
 1289939 506320        cutoff            963.0000      926.0000 1.89e+08    3.84%
Elapsed time = 5916.03 sec. (1915636.00 ticks, tree = 43807.01 MB, solutions = 90)
Nodefile size = 43676.93 MB (31343.38 MB after compression)
 1292828 507025      941.4839   416      963.0000      926.0000 1.89e+08    3.84%
 1296561 507948      938.1379   275      963.0000      926.0943 1.90e+08    3.83%
 1297467 508183      943.7292   257      963.0000      926.0943 1.90e+08    3.83%
 1300123 508712      934.3333   165      963.0000      926.1569 1.90e+08    3.83%
 1303516 509616      955.5833   247      963.0000      926.1569 1.91e+08    3.83%
 1308431 510752      945.0000   282      963.0000      926.2224 1.91e+08    3.82%
 1311717 511550      950.3046   263      963.0000      926.2224 1.92e+08    3.82%
 1315681 512533      944.0667   216      963.0000      926.3077 1.92e+08    3.81%
 1318849 513265      952.8333   235      963.0000      926.3077 1.92e+08    3.81%
 1322177 514047      935.6667   245      963.0000      926.3783 1.93e+08    3.80%
Elapsed time = 6045.71 sec. (1954316.88 ticks, tree = 44342.62 MB, solutions = 90)
Nodefile size = 44213.27 MB (31689.86 MB after compression)
 1323379 514312      952.6042   299      963.0000      926.3783 1.93e+08    3.80%
 1325187 514723      951.8750   383      963.0000      926.4444 1.94e+08    3.80%
 1329650 515798      948.2000   163      963.0000      926.4444 1.94e+08    3.80%
 1332558 516363      953.7778   163      963.0000      926.5000 1.94e+08    3.79%
 1337311 517506      957.0000    32      963.0000      926.5000 1.95e+08    3.79%
 1340791 518452      932.6444   203      963.0000      926.5833 1.95e+08    3.78%
 1345201 519533      948.0000   253      963.0000      926.5833 1.96e+08    3.78%
 1347799 520162      945.5000    88      963.0000      926.6667 1.96e+08    3.77%
 1348887 520399      927.0500   269      963.0000      926.6667 1.96e+08    3.77%
 1351634 521052      952.4000   305      963.0000      926.7146 1.97e+08    3.77%
Elapsed time = 6166.60 sec. (1993002.17 ticks, tree = 44668.12 MB, solutions = 90)
Nodefile size = 44535.73 MB (31889.14 MB after compression)
 1355517 522065      930.6364   312      963.0000      926.7146 1.97e+08    3.77%
 1359742 523140      952.7500   372      963.0000      926.8036 1.98e+08    3.76%
 1364890 524153        cutoff            963.0000      926.8036 1.98e+08    3.76%
 1367956 524863        cutoff            963.0000      926.8793 1.99e+08    3.75%
 1371338 525626      955.0000   136      963.0000      926.8793 1.99e+08    3.75%
 1373343 525973        cutoff            963.0000      927.0000 1.99e+08    3.74%
 1374844 526257      950.3810   301      963.0000      927.0000 2.00e+08    3.74%
 1376681 526488        cutoff            963.0000      927.0000 2.00e+08    3.74%
 1381808 527775      941.8793   302      963.0000      927.0460 2.01e+08    3.73%
 1385342 528616      940.1000   236      963.0000      927.0460 2.01e+08    3.73%
Elapsed time = 6303.22 sec. (2032434.93 ticks, tree = 45133.72 MB, solutions = 90)
Nodefile size = 45000.19 MB (32184.01 MB after compression)
 1389553 529469      955.0000   116      963.0000      927.1645 2.02e+08    3.72%
 1393605 530350      960.1429   314      963.0000      927.1645 2.02e+08    3.72%
 1397134 531171        cutoff            963.0000      927.2278 2.02e+08    3.71%
 1400868 532081      943.8333   130      963.0000      927.2278 2.03e+08    3.71%
 1404830 533082      930.5833   120      963.0000      927.3239 2.03e+08    3.70%
 1405598 533267        cutoff            963.0000      927.3239 2.03e+08    3.70%
 1408132 533710      947.7500   145      963.0000      927.3333 2.04e+08    3.70%
                                                    Covers: 1                  
 1411379 534348      934.1351   321      963.0000      927.3333 2.04e+08    3.70%
 1415736 535401      944.4545   292      963.0000      927.4167 2.05e+08    3.70%
 1419030 536177      946.6552   253      963.0000      927.4167 2.05e+08    3.70%
Elapsed time = 6433.66 sec. (2071482.55 ticks, tree = 45595.86 MB, solutions = 90)
Nodefile size = 45459.23 MB (32480.44 MB after compression)
 1423270 536860      948.1667   268      963.0000      927.5000 2.06e+08    3.69%
 1425584 537332      934.0333   128      963.0000      927.5000 2.06e+08    3.69%
 1429807 538163        cutoff            963.0000      927.5595 2.06e+08    3.68%
 1430647 538387      953.9231   209      963.0000      927.5595 2.07e+08    3.68%
 1432822 538895      958.1944   218      963.0000      927.6000 2.07e+08    3.68%
 1436692 539728      928.0000   187      963.0000      927.6000 2.08e+08    3.68%
 1441429 540752      930.6250   237      963.0000      927.6667 2.08e+08    3.67%
 1445671 541723      951.5000   159      963.0000      927.6667 2.08e+08    3.67%
 1449149 542461      942.2778   296      963.0000      927.7500 2.09e+08    3.66%
 1453523 543402        cutoff            963.0000      927.7500 2.09e+08    3.66%
Elapsed time = 6567.31 sec. (2110104.81 ticks, tree = 46036.06 MB, solutions = 90)
Nodefile size = 45896.65 MB (32761.18 MB after compression)
 1455295 543743      953.3036   323      963.0000      927.8333 2.10e+08    3.65%
 1456548 544043      958.8667   127      963.0000      927.8333 2.10e+08    3.65%
 1459491 544651      934.2500   198      963.0000      927.8667 2.10e+08    3.65%
 1463808 545605      951.4150   330      963.0000      927.8667 2.11e+08    3.65%
 1468224 546439      957.0833   188      963.0000      927.9579 2.11e+08    3.64%
 1471959 547000      934.9444   225      963.0000      927.9579 2.12e+08    3.64%
 1474267 547524      934.4167   134      963.0000      928.0000 2.12e+08    3.63%
 1479300 548617      944.1111   192      963.0000      928.0000 2.13e+08    3.63%
 1480330 548865      940.6000   317      963.0000      928.0865 2.13e+08    3.63%
 1482502 549335      937.1667   346      963.0000      928.0865 2.13e+08    3.63%
Elapsed time = 6696.63 sec. (2148975.19 ticks, tree = 46404.50 MB, solutions = 90)
Nodefile size = 46274.90 MB (32997.75 MB after compression)
 1485798 549874      939.3810   148      963.0000      928.1333 2.14e+08    3.62%
 1490271 550777        cutoff            963.0000      928.1923 2.14e+08    3.61%
 1494351 551564      939.7500   251      963.0000      928.1923 2.15e+08    3.61%
 1497873 552217      937.8333   229      963.0000      928.2575 2.15e+08    3.61%
 1501946 553068        cutoff            963.0000      928.2575 2.15e+08    3.61%
 1505362 553602      932.6545   253      963.0000      928.3333 2.16e+08    3.60%
 1507310 554041      950.0000   286      963.0000      928.3333 2.16e+08    3.60%
 1512699 555085      959.4559   279      963.0000      928.4000 2.17e+08    3.59%
 1513772 555286      954.0893   356      963.0000      928.4000 2.17e+08    3.59%
 1515918 555727      942.7705   261      963.0000      928.4593 2.17e+08    3.59%
Elapsed time = 6827.47 sec. (2188221.45 ticks, tree = 46707.38 MB, solutions = 90)
Nodefile size = 46576.63 MB (33180.16 MB after compression)
 1519543 556495      950.2222   205      963.0000      928.4593 2.18e+08    3.59%
 1523347 557179      947.1152   164      963.0000      928.5000 2.18e+08    3.58%
 1527246 557853      957.5029   297      963.0000      928.5000 2.19e+08    3.58%
 1530962 558650      941.8810   302      963.0000      928.5833 2.19e+08    3.57%
 1535154 559446      937.8333   220      963.0000      928.5833 2.19e+08    3.57%
 1537606 559835      944.3333   370      963.0000      928.6667 2.20e+08    3.57%
 1538599 560074      960.0192   275      963.0000      928.6667 2.20e+08    3.57%
 1541999 560665        cutoff            963.0000      928.6909 2.21e+08    3.56%
 1546096 561496      940.3485   396      963.0000      928.6909 2.21e+08    3.56%
 1550338 562254        cutoff            963.0000      928.7587 2.22e+08    3.56%
Elapsed time = 6961.45 sec. (2226936.17 ticks, tree = 47020.02 MB, solutions = 90)
Nodefile size = 46885.92 MB (33369.39 MB after compression)
 1554942 563171        cutoff            963.0000      928.7587 2.22e+08    3.56%
 1558258 563770      956.0000   103      963.0000      928.8333 2.22e+08    3.55%
 1562619 564578        cutoff            963.0000      928.8333 2.23e+08    3.55%
 1563772 564814        cutoff            963.0000      928.9208 2.23e+08    3.54%
 1565789 565291      946.8079   392      963.0000      928.9208 2.24e+08    3.54%
 1569380 565896      937.1667   220      963.0000      928.9643 2.24e+08    3.53%
 1573066 566458        cutoff            963.0000      929.0000 2.24e+08    3.53%
                                                    Covers: 1                  
 1574890 566760      958.6320   240      963.0000      929.0000 2.25e+08    3.53%
*1575158 566807      integral     0      960.0000      929.0000 2.25e+08    3.23%
Found incumbent of value 960.000000 after 7060.78 sec. (2257949.75 ticks)
*1578332+567372                          958.0000      929.0000 2.25e+08    3.03%
Found incumbent of value 958.000000 after 7070.95 sec. (2259378.64 ticks)
 1579917 553113      948.9167   280      958.0000      929.0596 2.25e+08    3.02%
Elapsed time = 7077.33 sec. (2261783.70 ticks, tree = 46236.43 MB, solutions = 90)
Nodefile size = 46107.69 MB (32700.10 MB after compression)
 1582872 553354        cutoff            958.0000      929.0596 2.25e+08    3.02%
 1587646 553698      953.2619   243      958.0000      929.1667 2.26e+08    3.01%
 1588611 553851      936.1611   291      958.0000      929.1667 2.26e+08    3.01%
 1591444 554218      940.2778   346      958.0000      929.1970 2.27e+08    3.01%
 1595380 554516        cutoff            958.0000      929.1970 2.27e+08    3.01%
 1599332 554789      933.1611   258      958.0000      929.2705 2.28e+08    3.00%
 1603172 555171      943.5000   197      958.0000      929.2705 2.28e+08    3.00%
 1606321 555319        cutoff            958.0000      929.3333 2.28e+08    2.99%
 1610815 555687      950.5909   267      958.0000      929.3333 2.29e+08    2.99%
 1613358 555876        cutoff            958.0000      929.4211 2.29e+08    2.98%
Elapsed time = 7210.74 sec. (2300608.00 ticks, tree = 46126.02 MB, solutions = 92)
Nodefile size = 45997.68 MB (32601.07 MB after compression)
 1614596 556014        cutoff            958.0000      929.4211 2.29e+08    2.98%
 1617785 556202      939.5000   219      958.0000      929.4667 2.30e+08    2.98%
 1621799 556445      943.4667   282      958.0000      929.4667 2.30e+08    2.98%
 1626024 556745      956.4713   280      958.0000      929.5000 2.31e+08    2.97%
 1630407 557075      932.2083   325      958.0000      929.5000 2.31e+08    2.97%
 1633886 557205      941.1667   272      958.0000      929.6250 2.32e+08    2.96%
 1638303 557479      941.9333   172      958.0000      929.7006 2.32e+08    2.95%
 1639695 557550        cutoff            958.0000      929.7006 2.32e+08    2.95%
 1641510 557617      943.1429   269      958.0000      929.7500 2.33e+08    2.95%
 1645169 557946      951.0233   211      958.0000      929.7500 2.33e+08    2.95%
Elapsed time = 7334.96 sec. (2339937.94 ticks, tree = 45908.67 MB, solutions = 92)
Nodefile size = 45775.95 MB (32429.58 MB after compression)
 1649954 558378      944.1739   255      958.0000      929.8267 2.34e+08    2.94%
 1653941 558628      931.6250   176      958.0000      929.8267 2.34e+08    2.94%
 1658080 558922      947.1705   375      958.0000      929.9167 2.35e+08    2.93%
 1662383 559185        cutoff            958.0000      929.9167 2.35e+08    2.93%
 1664863 559269      953.1250   280      958.0000      930.0000 2.35e+08    2.92%
 1665816 559226      939.2500   264      958.0000      930.0000 2.36e+08    2.92%
 1667161 559160      937.0923   397      958.0000      930.0000 2.36e+08    2.92%
 1670879 559473      940.8333   147      958.0000      930.0000 2.36e+08    2.92%
 1676166 559714      950.8635   444      958.0000      930.0667 2.37e+08    2.92%
 1680808 559905      946.8667   147      958.0000      930.0667 2.37e+08    2.92%
Elapsed time = 7466.92 sec. (2378327.28 ticks, tree = 45860.16 MB, solutions = 92)
Nodefile size = 45724.25 MB (32369.48 MB after compression)
 1684441 560006      941.4667   296      958.0000      930.1667 2.38e+08    2.91%
 1688754 560178      933.2083   204      958.0000      930.2500 2.38e+08    2.90%
 1691972 560363      933.1142   394      958.0000      930.2500 2.38e+08    2.90%
 1696653 560609      948.3333   154      958.0000      930.3333 2.39e+08    2.89%
 1697532 560603        cutoff            958.0000      930.3333 2.39e+08    2.89%
 1699123 560703      955.3333   359      958.0000      930.3500 2.40e+08    2.89%
 1703726 560969      933.1667   284      958.0000      930.3500 2.40e+08    2.89%
 1708271 561139      950.0333   205      958.0000      930.4286 2.41e+08    2.88%
 1711948 561226        cutoff            958.0000      930.4286 2.41e+08    2.88%
 1715389 561301      947.4545   309      958.0000      930.5000 2.41e+08    2.87%
Elapsed time = 7602.47 sec. (2418576.73 ticks, tree = 45614.07 MB, solutions = 92)
Nodefile size = 45483.35 MB (32176.57 MB after compression)
 1718941 561554        cutoff            958.0000      930.5000 2.42e+08    2.87%
 1721838 561719      955.7333   276      958.0000      930.5869 2.42e+08    2.86%
                                                  Impl Bds: 1                  
 1722945 561797      949.1379   330      958.0000      930.5869 2.42e+08    2.86%
 1727555 562053      947.3571   335      958.0000      930.6364 2.43e+08    2.86%
                                                      Cuts: 2                  
 1731546 562169      941.7297   350      958.0000      930.7000 2.43e+08    2.85%
 1735592 562340      937.5833   218      958.0000      930.7000 2.44e+08    2.85%
 1739554 562549      939.3025   226      958.0000      930.7833 2.44e+08    2.84%
                                                  Impl Bds: 1                  
 1743338 562669      945.0000   249      958.0000      930.7833 2.45e+08    2.84%
 1747451 562790      941.1243   374      958.0000      930.8667 2.45e+08    2.83%
                                                  Impl Bds: 1                  
 1751483 562969      951.9524   158      958.0000      930.8667 2.45e+08    2.83%
Elapsed time = 7732.49 sec. (2457195.50 ticks, tree = 45531.46 MB, solutions = 92)
Nodefile size = 45396.29 MB (32092.88 MB after compression)
 1755060 563114      949.3333   123      958.0000      930.9793 2.46e+08    2.82%
 1756153 563153      933.0000   134      958.0000      930.9793 2.46e+08    2.82%
 1758769 563137      948.7279   178      958.0000      931.0000 2.47e+08    2.82%
 1761421 563079      945.7328   373      958.0000      931.0000 2.47e+08    2.82%
 1765757 563304      954.0833   128      958.0000      931.0233 2.47e+08    2.82%
 1770205 563503      952.3333   183      958.0000      931.0233 2.48e+08    2.82%
 1773983 563585      946.6436   291      958.0000      931.1364 2.48e+08    2.80%
 1778835 563811      945.4069   277      958.0000      931.1364 2.49e+08    2.80%
 1779699 563850        cutoff            958.0000      931.2000 2.49e+08    2.80%
 1782182 563808        cutoff            958.0000      931.2463 2.49e+08    2.79%
Elapsed time = 7857.18 sec. (2495979.25 ticks, tree = 45242.30 MB, solutions = 92)
Nodefile size = 45112.90 MB (31878.75 MB after compression)
 1785287 563922      947.9898   301      958.0000      931.2463 2.50e+08    2.79%
 1790471 564086      938.9167   193      958.0000      931.3333 2.50e+08    2.78%
 1793954 564097        cutoff            958.0000      931.3333 2.51e+08    2.78%
 1797709 564068      938.3000   185      958.0000      931.3793 2.51e+08    2.78%
 1802157 564297      954.5000   331      958.0000      931.3793 2.51e+08    2.78%
 1805441 564278      940.5000   127      958.0000      931.4877 2.52e+08    2.77%
 1806759 564287      946.0000   211      958.0000      931.4877 2.52e+08    2.77%
 1808791 564139      950.6000   225      958.0000      931.5000 2.53e+08    2.77%
 1812503 564349      947.1667   274      958.0000      931.5000 2.53e+08    2.77%
 1817667 564446      931.8333   223      958.0000      931.5833 2.53e+08    2.76%
Elapsed time = 7989.95 sec. (2534601.85 ticks, tree = 44961.53 MB, solutions = 92)
Nodefile size = 44830.87 MB (31663.98 MB after compression)
 1822611 564724      934.2500   138      958.0000      931.5833 2.54e+08    2.76%
 1825664 564662      935.5143   253      958.0000      931.6667 2.54e+08    2.75%
 1830417 564829      939.7500   228      958.0000      931.6667 2.55e+08    2.75%
 1831413 564828        cutoff            958.0000      931.7222 2.55e+08    2.74%
 1833471 564782        cutoff            958.0000      931.7667 2.55e+08    2.74%
 1836911 564870      939.5261   304      958.0000      931.7667 2.56e+08    2.74%
 1841707 565039      946.9333   152      958.0000      931.8333 2.56e+08    2.73%
 1846037 565114        cutoff            958.0000      931.8333 2.57e+08    2.73%
 1849526 565155      936.1564   404      958.0000      931.9167 2.57e+08    2.72%
                                                    Covers: 1                  
 1853876 565211      950.3542   311      958.0000      931.9167 2.57e+08    2.72%
Elapsed time = 8124.88 sec. (2573489.99 ticks, tree = 44768.11 MB, solutions = 92)
Nodefile size = 44633.99 MB (31504.51 MB after compression)
 1856810 565218      948.6667   154      958.0000      932.0000 2.58e+08    2.71%
                                                      Cuts: 3                  
 1857803 565195      948.5000   216      958.0000      932.0000 2.58e+08    2.71%
 1860662 565130      936.5333   211      958.0000      932.0000 2.59e+08    2.71%
 1864449 565156        cutoff            958.0000      932.0000 2.59e+08    2.71%
 1869353 565100        cutoff            958.0000      932.0833 2.59e+08    2.71%
 1873608 565017      943.0833   318      958.0000      932.1667 2.60e+08    2.70%
                                                  ZeroHalf: 1                  
 1877717 565251        cutoff            958.0000      932.1667 2.60e+08    2.70%
 1881999 565159      941.2500   201      958.0000      932.2455 2.61e+08    2.69%
 1885679 565225      945.5556   429      958.0000      932.2455 2.61e+08    2.69%
 1888920 565394      956.7209   225      958.0000      932.3111 2.61e+08    2.68%
Elapsed time = 8258.01 sec. (2612474.60 ticks, tree = 44514.98 MB, solutions = 92)
Nodefile size = 44386.27 MB (31309.46 MB after compression)
 1890680 565477      938.3333   215      958.0000      932.3111 2.62e+08    2.68%
 1892871 565389      948.0366   266      958.0000      932.3333 2.62e+08    2.68%
 1897031 565274      953.7222   231      958.0000      932.3333 2.63e+08    2.68%
 1901791 565370      934.0480   342      958.0000      932.4000 2.63e+08    2.67%
                                                  Impl Bds: 1                  
 1905965 565393      944.2500   196      958.0000      932.4000 2.63e+08    2.67%
 1909039 565474      936.0481   244      958.0000      932.4821 2.64e+08    2.66%
                                                      Cuts: 3                  
 1913791 565289        cutoff            958.0000      932.5233 2.64e+08    2.66%
 1914803 565275      938.2683   321      958.0000      932.5233 2.64e+08    2.66%
 1917341 565207      937.7143   176      958.0000      932.5833 2.65e+08    2.65%
 1921265 565290        cutoff            958.0000      932.5833 2.65e+08    2.65%
Elapsed time = 8383.50 sec. (2651209.49 ticks, tree = 44120.69 MB, solutions = 92)
Nodefile size = 43988.47 MB (31022.00 MB after compression)
 1925738 565175      942.0000   116      958.0000      932.6667 2.66e+08    2.64%
 1929378 565058      943.1769   416      958.0000      932.6667 2.66e+08    2.64%
 1933477 564904        cutoff            958.0000      932.7210 2.67e+08    2.64%
 1937029 564903      933.7667   266      958.0000      932.7210 2.67e+08    2.64%
 1939991 564952      953.2917   377      958.0000      932.8000 2.67e+08    2.63%
 1941913 564950      951.7222   293      958.0000      932.8000 2.68e+08    2.63%
 1943979 564782        cutoff            958.0000      932.8333 2.68e+08    2.63%
 1949632 564869      949.6286   167      958.0000      932.9158 2.69e+08    2.62%
 1954149 564859        cutoff            958.0000      932.9158 2.69e+08    2.62%
 1958317 564865      950.7500   170      958.0000      933.0000 2.69e+08    2.61%
Elapsed time = 8520.43 sec. (2690307.47 ticks, tree = 43726.82 MB, solutions = 92)
Nodefile size = 43598.01 MB (30729.55 MB after compression)
 1961485 564639        cutoff            958.0000      933.0000 2.70e+08    2.61%
 1964459 564572        cutoff            958.0000      933.0040 2.70e+08    2.61%
 1965642 564540      938.0076   301      958.0000      933.0040 2.71e+08    2.61%
 1968739 564426      940.7610   257      958.0000      933.0556 2.71e+08    2.60%
 1972635 564399      954.4833   170      958.0000      933.0556 2.71e+08    2.60%
 1976795 564300      934.9766   264      958.0000      933.1429 2.72e+08    2.59%
 1982038 564294      953.7278   235      958.0000      933.1429 2.72e+08    2.59%
 1983184 564263      950.1667   222      958.0000      933.2004 2.73e+08    2.59%
 1986523 564040        cutoff            958.0000      933.2500 2.73e+08    2.58%
 1989745 564101      953.7917   321      958.0000      933.2500 2.73e+08    2.58%
Elapsed time = 8649.35 sec. (2728987.20 ticks, tree = 43253.35 MB, solutions = 92)
Nodefile size = 43123.16 MB (30390.02 MB after compression)
 1994884 564238      942.3333   211      958.0000      933.3274 2.74e+08    2.58%
 1998332 564073      953.2500   250      958.0000      933.3274 2.74e+08    2.58%
 2002814 563989      945.6729   304      958.0000      933.3750 2.75e+08    2.57%
 2006360 563961      933.5278   202      958.0000      933.3750 2.75e+08    2.57%
 2009914 563799        cutoff            958.0000      933.4590 2.75e+08    2.56%
 2011293 563725        cutoff            958.0000      933.4590 2.76e+08    2.56%
 2014371 563689        cutoff            958.0000      933.5000 2.76e+08    2.56%
 2018221 563576      939.0476   203      958.0000      933.5000 2.77e+08    2.56%
 2023210 563431      945.9375   250      958.0000      933.5500 2.77e+08    2.55%
 2027383 563314        cutoff            958.0000      933.6364 2.77e+08    2.54%
Elapsed time = 8785.70 sec. (2767689.62 ticks, tree = 42826.54 MB, solutions = 92)
Nodefile size = 42696.93 MB (30073.37 MB after compression)
 2031239 563269        cutoff            958.0000      933.6364 2.78e+08    2.54%
 2034926 563053        cutoff            958.0000      933.6744 2.78e+08    2.54%
 2036203 562980      951.8065   345      958.0000      933.6744 2.79e+08    2.54%
 2039749 562862        cutoff            958.0000      933.7222 2.79e+08    2.53%
 2043717 562752        cutoff            958.0000      933.7222 2.80e+08    2.53%
 2048462 562729      943.8333   176      958.0000      933.7879 2.80e+08    2.53%
 2053436 562508        cutoff            958.0000      933.7879 2.80e+08    2.53%
 2057015 562428        cutoff            958.0000      933.8667 2.81e+08    2.52%
 2061128 562315        cutoff            958.0000      933.9569 2.81e+08    2.51%
 2062225 562288        cutoff            958.0000      933.9569 2.81e+08    2.51%
Elapsed time = 8919.52 sec. (2807155.39 ticks, tree = 42507.98 MB, solutions = 92)
Nodefile size = 42378.32 MB (29832.14 MB after compression)
 2065203 562052      948.1481   278      958.0000      934.0000 2.82e+08    2.51%
 2068796 561862        cutoff            958.0000      934.0000 2.82e+08    2.51%
 2071583 561634      942.4167   181      958.0000      934.0000 2.83e+08    2.51%
 2076223 561527    infeasible            958.0000      934.0000 2.83e+08    2.51%
 2079870 561301      940.3968   382      958.0000      934.1000 2.83e+08    2.49%
 2084362 561049      934.1667   204      958.0000      934.1000 2.84e+08    2.49%
 2086719 560822      953.4762   282      958.0000      934.1667 2.84e+08    2.49%
 2088773 560772      946.8500   179      958.0000      934.1667 2.85e+08    2.49%
 2092271 560560      939.6429   288      958.0000      934.2000 2.85e+08    2.48%
 2096930 560186      949.9444   210      958.0000      934.2633 2.85e+08    2.48%
Elapsed time = 9050.65 sec. (2846105.25 ticks, tree = 41931.09 MB, solutions = 92)
Nodefile size = 41801.93 MB (29417.71 MB after compression)
 2101011 560120      948.3333   121      958.0000      934.2633 2.86e+08    2.48%
 2105084 559850      952.4667   138      958.0000      934.3333 2.86e+08    2.47%
 2108780 559575      955.8911   292      958.0000      934.3333 2.87e+08    2.47%
 2112575 559376      945.7500   372      958.0000      934.4000 2.87e+08    2.46%
 2113881 559345        cutoff            958.0000      934.4000 2.87e+08    2.46%
 2116804 559241      951.9667   228      958.0000      934.4368 2.88e+08    2.46%
 2121100 559042      949.1667   110      958.0000      934.4368 2.88e+08    2.46%
 2124912 558559      938.5200   218      958.0000      934.5000 2.89e+08    2.45%
 2129836 558269      941.3000   132      958.0000      934.5648 2.89e+08    2.45%
 2134033 557962      940.4286   164      958.0000      934.5648 2.89e+08    2.45%
Elapsed time = 9186.38 sec. (2885146.69 ticks, tree = 41448.21 MB, solutions = 92)
Nodefile size = 41315.53 MB (29066.41 MB after compression)
 2138045 557837      948.1714   436      958.0000      934.6568 2.90e+08    2.44%
 2139337 557796        cutoff            958.0000      934.6568 2.90e+08    2.44%
 2141345 557543      946.8077   289      958.0000      934.6667 2.91e+08    2.44%
 2146032 557256      940.3333   143      958.0000      934.6667 2.91e+08    2.44%
 2149957 556911      940.6323   243      958.0000      934.7500 2.91e+08    2.43%
 2153865 556728      952.0735   210      958.0000      934.7500 2.92e+08    2.43%
 2158634 556306      949.2667   273      958.0000      934.8235 2.92e+08    2.42%
 2163564 555985      943.7500   138      958.0000      934.8235 2.93e+08    2.42%
 2164832 555881        cutoff            958.0000      934.8889 2.93e+08    2.41%
 2166984 555790      947.0734   286      958.0000      934.9241 2.93e+08    2.41%
Elapsed time = 9313.97 sec. (2923435.40 ticks, tree = 40856.56 MB, solutions = 92)
Nodefile size = 40727.77 MB (28641.74 MB after compression)
 2170673 555512      945.0000   102      958.0000      934.9241 2.94e+08    2.41%
 2175739 555201      950.3333   166      958.0000      935.0000 2.94e+08    2.40%
 2178200 554782      939.2917   166      958.0000      935.0000 2.95e+08    2.40%
 2182787 554461      955.6818   296      958.0000      935.0340 2.95e+08    2.40%
 2186147 554150      949.4368   202      958.0000      935.0340 2.95e+08    2.40%
 2189437 553837      942.0312   268      958.0000      935.1167 2.96e+08    2.39%
 2190397 553795      955.5625   323      958.0000      935.1167 2.96e+08    2.39%
 2193956 553310      939.4769   390      958.0000      935.1636 2.97e+08    2.38%
 2199446 552883      939.5333   260      958.0000      935.2121 2.97e+08    2.38%
 2203254 552491      946.7758   278      958.0000      935.2121 2.97e+08    2.38%
Elapsed time = 9444.11 sec. (2962181.00 ticks, tree = 40288.44 MB, solutions = 92)
Nodefile size = 40156.60 MB (28233.77 MB after compression)
 2207716 552067      941.7333   236      958.0000      935.2833 2.98e+08    2.37%
 2212236 551895      939.6667   239      958.0000      935.2833 2.98e+08    2.37%
 2214624 551518        cutoff            958.0000      935.3333 2.98e+08    2.37%
 2216001 551358      943.7917   258      958.0000      935.3333 2.99e+08    2.37%
 2220536 550956        cutoff            958.0000      935.3784 2.99e+08    2.36%
 2225366 550519    infeasible            958.0000      935.4611 3.00e+08    2.35%
 2229270 550080      942.5000   226      958.0000      935.4611 3.00e+08    2.35%
 2233630 549489        cutoff            958.0000      935.5000 3.01e+08    2.35%
 2238098 549162        cutoff            958.0000      935.5000 3.01e+08    2.35%
 2241509 548781      946.2870   250      958.0000      935.6000 3.01e+08    2.34%
Elapsed time = 9583.01 sec. (3001121.11 ticks, tree = 39567.62 MB, solutions = 92)
Nodefile size = 39438.74 MB (27720.58 MB after compression)
 2242627 548712      940.8958   336      958.0000      935.6000 3.02e+08    2.34%
 2246457 548324      940.0000   213      958.0000      935.6391 3.02e+08    2.33%
 2249807 548030        cutoff            958.0000      935.6391 3.03e+08    2.33%
 2254968 547574      939.2333   307      958.0000      935.6690 3.03e+08    2.33%
 2259390 547125      943.6000   232      958.0000      935.7500 3.03e+08    2.32%
 2263821 546735      936.8333    77      958.0000      935.7500 3.04e+08    2.32%
 2267492 546388        cutoff            958.0000      935.8333 3.04e+08    2.31%
 2268780 546260        cutoff            958.0000      935.8333 3.05e+08    2.31%
 2272016 545996      954.8333   188      958.0000      935.8667 3.05e+08    2.31%
 2276144 545581      955.0000   317      958.0000      935.8667 3.05e+08    2.31%
Elapsed time = 9709.30 sec. (3040237.23 ticks, tree = 39003.39 MB, solutions = 92)
Nodefile size = 38870.05 MB (27316.82 MB after compression)
 2281075 545335        cutoff            958.0000      935.9444 3.06e+08    2.30%
 2285785 544905      940.1601   383      958.0000      936.0000 3.06e+08    2.30%
 2288878 544408        cutoff            958.0000      936.0000 3.07e+08    2.30%
 2292628 543985      938.1845   310      958.0000      936.0467 3.07e+08    2.29%
 2294075 543878      947.6190   203      958.0000      936.0467 3.07e+08    2.29%
 2297108 543613      955.0000   193      958.0000      936.0833 3.08e+08    2.29%
 2302820 542867      944.8333   245      958.0000      936.1500 3.08e+08    2.28%
 2305543 542496        cutoff            958.0000      936.1500 3.09e+08    2.28%
 2310765 541959      946.2292   304      958.0000      936.2000 3.09e+08    2.28%
 2317940 540994      952.8911   318      958.0000      936.2500 3.10e+08    2.27%
Elapsed time = 9869.22 sec. (3084941.67 ticks, tree = 38258.45 MB, solutions = 92)
Nodefile size = 38130.00 MB (26787.29 MB after compression)
 2318170 540974      938.7000   201      958.0000      936.2500 3.10e+08    2.27%
 2324106 540499        cutoff            958.0000      936.3056 3.11e+08    2.26%
 2327795 539835        cutoff            958.0000      936.3481 3.11e+08    2.26%
 2328845 539591        cutoff            958.0000      936.3481 3.11e+08    2.26%
 2335939 538862      943.3576   333      958.0000      936.4000 3.12e+08    2.25%
 2340278 538447      939.5000   150      958.0000      936.4000 3.12e+08    2.25%
 2343175 538106        cutoff            958.0000      936.5000 3.13e+08    2.24%
 2346034 537661      936.8667   114      958.0000      936.5000 3.13e+08    2.24%
 2347740 537434      943.2602   242      958.0000      936.5083 3.13e+08    2.24%
 2355543 536339        cutoff            958.0000      936.5500 3.14e+08    2.24%
Elapsed time = 10009.91 sec. (3129208.38 ticks, tree = 37564.51 MB, solutions = 92)
Nodefile size = 37435.09 MB (26293.51 MB after compression)
 2361402 535583        cutoff            958.0000      936.6667 3.14e+08    2.23%
 2364609 535172      955.8800   292      958.0000      936.6667 3.15e+08    2.23%
 2368949 534551      936.8667   178      958.0000      936.7143 3.15e+08    2.22%
 2370206 534388        cutoff            958.0000      936.7143 3.15e+08    2.22%
 2373168 533939      941.0000   101      958.0000      936.7500 3.16e+08    2.22%
 2378298 533400      941.3333   197      958.0000      936.7500 3.16e+08    2.22%
 2379623 533234      937.3333   231      958.0000      936.8235 3.16e+08    2.21%
 2386031 532345        cutoff            958.0000      936.8409 3.17e+08    2.21%
 2388422 532082      950.6000   211      958.0000      936.8409 3.17e+08    2.21%
 2393240 531379      941.6667   132      958.0000      936.9444 3.18e+08    2.20%
Elapsed time = 10145.99 sec. (3168569.48 ticks, tree = 36797.58 MB, solutions = 92)
Nodefile size = 36668.66 MB (25747.57 MB after compression)
 2393977 531281      941.5000   206      958.0000      936.9444 3.18e+08    2.20%
 2399619 530395        cutoff            958.0000      937.0000 3.18e+08    2.19%
 2400500 530219      945.7639   371      958.0000      937.0000 3.19e+08    2.19%
 2403224 529856      944.9216   337      958.0000      937.0057 3.19e+08    2.19%
 2409164 529004        cutoff            958.0000      937.0746 3.20e+08    2.18%
 2412131 528593      956.4738   237      958.0000      937.0746 3.20e+08    2.18%
 2417064 527767      942.1905   194      958.0000      937.1592 3.20e+08    2.18%
 2418571 527624      951.1923   266      958.0000      937.1592 3.20e+08    2.18%
 2418598 527622      943.8061   218      958.0000      937.1592 3.20e+08    2.18%
 2424163 526672      944.9048   198      958.0000      937.1923 3.21e+08    2.17%
Elapsed time = 10282.08 sec. (3218671.56 ticks, tree = 36176.34 MB, solutions = 92)
Nodefile size = 36047.03 MB (25305.95 MB after compression)
 2430353 525607        cutoff            958.0000      937.2500 3.22e+08    2.17%
 2432819 525320      945.1333   145      958.0000      937.3002 3.22e+08    2.16%
 2436324 524908      949.0333   289      958.0000      937.3002 3.22e+08    2.16%
 2439842 524257      941.3000   200      958.0000      937.3333 3.23e+08    2.16%
 2447731 523143      941.9814   260      958.0000      937.3667 3.23e+08    2.15%
 2448744 523003      941.9571   275      958.0000      937.3667 3.24e+08    2.15%
 2449159 522931      947.9667   214      958.0000      937.3667 3.24e+08    2.15%
 2453500 522171      941.3333   166      958.0000      937.4583 3.24e+08    2.14%
 2453902 522147      952.5000   214      958.0000      937.4583 3.24e+08    2.14%
 2459069 521136        cutoff            958.0000      937.5000 3.25e+08    2.14%
Elapsed time = 10473.09 sec. (3314650.05 ticks, tree = 35416.56 MB, solutions = 92)
Nodefile size = 35287.48 MB (24768.52 MB after compression)
 2459624 521097      942.2121   212      958.0000      937.5000 3.25e+08    2.14%
 2461335 520871      954.7292   223      958.0000      937.5428 3.25e+08    2.14%
 2467692 519807      939.0000   207      958.0000      937.5667 3.26e+08    2.13%
 2474230 518618      942.0333   243      958.0000      937.6111 3.26e+08    2.13%
 2474303 518608      939.7167   247      958.0000      937.6111 3.26e+08    2.13%
 2478696 517962      939.6111   236      958.0000      937.6667 3.27e+08    2.12%
 2480134 517670      941.5764   325      958.0000      937.6667 3.27e+08    2.12%
 2481123 517569      947.0833   169      958.0000      937.6667 3.27e+08    2.12%
 2485155 516901      939.5833   136      958.0000      937.6923 3.27e+08    2.12%
 2487155 516591      949.9583   177      958.0000      937.7727 3.28e+08    2.11%
Elapsed time = 10799.05 sec. (3527312.33 ticks, tree = 34729.18 MB, solutions = 92)
Nodefile size = 34600.09 MB (24286.62 MB after compression)

Clique cuts applied:  21
Cover cuts applied:  49
Implied bound cuts applied:  60
Zero-half cuts applied:  222
Gomory fractional cuts applied:  11

Root node processing (before b&c):
  Real time             =    8.49 sec. (4822.07 ticks)
Parallel b&c, 32 threads:
  Real time             = 10800.27 sec. (3522386.22 ticks)
  Sync time (average)   =    1.65 sec.
  Wait time (average)   =    0.00 sec.
                          ------------
Total (root+branch&cut) = 10808.76 sec. (3527208.29 ticks)


Solution status: Feasible
Execution time: 10809.1 sec
Gap: 0.02109
