Wed Jul 18 02:24:03 2018

Tried aggregator 2 times.
MIP Presolve eliminated 10420 rows and 121 columns.
Aggregator did 400 substitutions.
Reduced MIP has 9337 rows, 2244 columns, and 34328 nonzeros.
Reduced MIP has 2244 binaries, 0 generals, 0 SOSs, and 0 indicators.
Presolve time = 0.07 sec. (48.02 ticks)
Probing time = 0.00 sec. (1.52 ticks)
Tried aggregator 1 time.
Presolve time = 0.02 sec. (14.44 ticks)
Probing time = 0.00 sec. (1.52 ticks)
Clique table members: 8419.
MIP emphasis: balance optimality and feasibility.
MIP search method: dynamic search.
Parallel mode: deterministic, using up to 32 threads.
Root relaxation solution time = 0.26 sec. (55.82 ticks)

        Nodes                                         Cuts/
   Node  Left     Objective  IInf  Best Integer    Best Bound    ItCnt     Gap

      0     0      571.0000   220                    571.0000      932         
      0     0      646.6471   361                    Cuts: 56     1454         
      0     0      692.3333   395                   Cuts: 105     2260         
      0     0      699.5691   408                    Cuts: 54     2661         
      0     0      705.8077   417                    Cuts: 28     4700         
      0     0      706.8091   450                    Cuts: 31     5086         
      0     0      707.1545   429                    Cuts: 24     5281         
      0     0      707.1545   442                 ZeroHalf: 9     5400         
      0     0      707.2754   455                    Cuts: 27     5846         
      0     0      707.6722   409                    Cuts: 19     6014         
      0     0      707.6722   430                    Cuts: 14     6290         
*     0+    0                         2186.0000      707.6722     6290   67.63%
Found incumbent of value 2186.000000 after 5.58 sec. (3238.22 ticks)
*     0+    0                         2133.0000      707.6722     6290   66.82%
Found incumbent of value 2133.000000 after 5.69 sec. (3328.85 ticks)
      0     2      707.6722   430     2133.0000      707.6722     6290   66.82%
Elapsed time = 5.79 sec. (3359.62 ticks, tree = 0.01 MB, solutions = 2)
      2     4      710.8000   476     2133.0000      707.6722    10178   66.82%
      3     5      708.1676   401     2133.0000      708.0424    11896   66.81%
      5     7      714.7500   447     2133.0000      708.0424    17403   66.81%
      8    10      721.0000   469     2133.0000      708.0424    20357   66.81%
      9    11      715.2500   334     2133.0000      708.0424    25115   66.81%
     10    12      708.7609   392     2133.0000      708.1905    29066   66.80%
                                                  Impl Bds: 7                  
     15    17      737.8027   463     2133.0000      708.1905    42728   66.80%
     16    18      721.0303   381     2133.0000      708.1905    47523   66.80%
     22    24      740.6633   421     2133.0000      708.1905    60540   66.80%
     25    27      717.3947   416     2133.0000      708.7609    67563   66.77%
                                                  Impl Bds: 8                  
Elapsed time = 19.53 sec. (12473.44 ticks, tree = 0.12 MB, solutions = 2)
     30    32      735.0000   465     2133.0000      708.7609    73937   66.77%
     36    38      736.8627   441     2133.0000      708.7609    88170   66.77%
     46    48      758.5043   438     2133.0000      710.0937   100597   66.71%
                                                  Impl Bds: 9                  
     98   100      775.1000   382     2133.0000      710.0937   132796   66.71%
                                                     Cuts: 17                  
    225   227      922.8862   329     2133.0000      710.0937   194881   66.71%
*   328+  328                         1236.0000      710.0937   220529   42.55%
Found incumbent of value 1236.000000 after 34.44 sec. (17438.51 ticks)
    576   578      914.6833   244     1236.0000      710.0937   266816   42.55%
*  1861+ 1855                         1208.0000      710.0937   406166   41.22%
Found incumbent of value 1208.000000 after 34.44 sec. (19032.86 ticks)
*  1968+ 1958                         1138.0000      710.0937   414362   37.60%
Found incumbent of value 1138.000000 after 34.44 sec. (18465.16 ticks)
*  2043+ 2026                         1106.0000      710.0937   419237   35.80%
Found incumbent of value 1106.000000 after 34.44 sec. (18660.93 ticks)
*  2173  2135      integral     0     1103.0000      710.0937   426268   35.62%
Found incumbent of value 1103.000000 after 34.44 sec. (19000.31 ticks)
   2504  1876      720.5000   422     1103.0000      710.3066   467296   35.60%
                                                     Cuts: 26                  
   2734  2085      745.4571   319     1103.0000      710.3066   549571   35.60%
   3187  2495      802.0000   333     1103.0000      710.3066   660734   35.60%
Elapsed time = 40.64 sec. (22958.56 ticks, tree = 8.65 MB, solutions = 15)
   3753  3037      899.7500   294     1103.0000      710.3066   760876   35.60%
                                                     Cuts: 33                  
   4603  3807      754.4857   320     1103.0000      710.3066   857109   35.60%
   5230  4343      824.0833   324     1103.0000      710.3066   946196   35.60%
   7443  6365      776.6667   325     1103.0000      717.7297  1201043   34.93%
                                                     Cuts: 35                  
   7910  6797      832.9321   424     1103.0000      717.7297  1262423   34.93%
   9030  7797      741.3551   339     1103.0000      717.7297  1393068   34.93%
   9634  8344      793.7667   416     1103.0000      717.7297  1481169   34.93%
  10099  8756      872.8600   336     1103.0000      717.7297  1553028   34.93%
  12361 10814      708.0564   404     1103.0000      728.2611  1820312   33.97%
  12363 10815      713.6471   391     1103.0000      728.2611  1822418   33.97%
Elapsed time = 97.52 sec. (39698.01 ticks, tree = 127.58 MB, solutions = 15)
  12366 10817      764.0196   412     1103.0000      728.2611  1828285   33.97%
  12368 10818      715.7857   387     1103.0000      728.2611  1832914   33.97%
                                                  Impl Bds: 1                  
  12377 10824      790.8933   467     1103.0000      728.2611  1846448   33.97%
* 12384+ 7224                         1086.0000      728.2611  1853871   32.94%
                                                  ZeroHalf: 8                  
Found incumbent of value 1086.000000 after 107.10 sec. (46018.98 ticks)
  12388  7229      769.1749   409     1086.0000      728.2611  1856528   32.94%
  12392  7231      806.0238   412     1086.0000      728.2611  1859999   32.94%
  12424  7252      810.0833   443     1086.0000      728.2611  1869241   32.94%
                                                      Cuts: 5                  
  13162  7660      761.7656   348     1086.0000      728.2611  1949516   32.94%
                                                      Cuts: 2                  
  14236  8245      791.0326   313     1086.0000      728.2611  2037650   32.94%
                                                      Cuts: 8                  
  14430  8344      849.4000   312     1086.0000      728.2611  2064632   32.94%
* 15074+ 6666                         1082.0000      728.2611  2136379   32.69%
                                                  ZeroHalf: 5                  
Found incumbent of value 1082.000000 after 126.54 sec. (52015.68 ticks)
  15161  6709      890.8333   235     1082.0000      728.2611  2144017   32.69%
Elapsed time = 126.75 sec. (52584.06 ticks, tree = 71.17 MB, solutions = 16)
  16744  7383      877.0000   215     1082.0000      728.2611  2276923   32.69%
                                                      Cuts: 3                  
  17193  7641      846.3160   354     1082.0000      728.2611  2320426   32.69%
  19900  8912      853.3333   223     1082.0000      730.4705  2532653   32.49%
                                                     Cuts: 10                  
  20084  8972      913.1429   363     1082.0000      730.4705  2558080   32.49%
  20276  9054      954.2987   364     1082.0000      730.4705  2578339   32.49%
  21461  9586      809.6000   289     1082.0000      735.2802  2680824   32.04%
  22339 10002      847.2931   318     1082.0000      735.2802  2752588   32.04%
  23395 10542      929.3704   270     1082.0000      735.2802  2842133   32.04%
  24954 11779      970.1250   282     1082.0000      735.2802  2980088   32.04%
* 27080 13688      integral     0     1031.0000      735.2802  3172688   28.68%
Elapsed time = 161.79 sec. (61870.16 ticks, tree = 262.88 MB, solutions = 17)
Nodefile size = 92.53 MB (72.84 MB after compression)
Found incumbent of value 1031.000000 after 161.79 sec. (61870.16 ticks)
  27349 11385      948.2222   231     1031.0000      765.8352  3195399   25.72%
                                                  ZeroHalf: 1                  
  28051 12034      983.5000   286     1031.0000      765.8352  3276802   25.72%
  28371 12313      990.7099   271     1031.0000      765.8352  3314592   25.72%
  29978 13761      941.1591   287     1031.0000      765.8352  3466189   25.72%
  31769 15379      877.2576   272     1031.0000      782.6420  3617901   24.09%
                                                  Impl Bds: 1                  
  33177 16658      891.5460   349     1031.0000      782.6420  3743471   24.09%
  34553 17884     1009.8571   295     1031.0000      782.6420  3865463   24.09%
  35481 18713      919.5333   301     1031.0000      782.6420  3946055   24.09%
  37491 20499      872.3229   265     1031.0000      788.3655  4122436   23.53%
                                                     Cuts: 11                  
  37875 20840      993.7826   383     1031.0000      788.3655  4172869   23.53%
Elapsed time = 207.60 sec. (74526.91 ticks, tree = 1540.28 MB, solutions = 18)
Nodefile size = 1388.17 MB (1079.95 MB after compression)
  39187 21999      946.6250   286     1031.0000      788.3655  4296493   23.53%
  40941 23539      961.3333   240     1031.0000      788.3655  4470419   23.53%
  41838 24323      885.8571   313     1031.0000      792.0119  4555707   23.18%
                                                     Cuts: 13                  
  43007 25371      925.0000   191     1031.0000      792.0119  4658199   23.18%
  44319 26537      853.8750   285     1031.0000      792.0119  4777717   23.18%
  45260 27343      972.7381   195     1031.0000      792.0119  4870113   23.18%
* 46738 28651      integral     0     1000.0000      792.0119  5007480   20.80%
Found incumbent of value 1000.000000 after 228.77 sec. (80431.30 ticks)
  47569 25670      917.7778   270     1000.0000      796.6154  5080893   20.34%
  48369 26364      813.3676   289     1000.0000      796.6154  5161966   20.34%
  49681 27466      826.8500   267     1000.0000      796.6154  5290536   20.34%
Elapsed time = 243.32 sec. (84315.67 ticks, tree = 1916.34 MB, solutions = 18)
Nodefile size = 1762.85 MB (1355.90 MB after compression)
  51092 28681      892.1678   309     1000.0000      796.6154  5439885   20.34%
  52191 29602      905.4791   248     1000.0000      799.9438  5541084   20.01%
  53311 30550      924.5556   245     1000.0000      799.9438  5656407   20.01%
  54408 31502      995.6875   301     1000.0000      799.9438  5757408   20.01%
  56231 33054      898.0000   188     1000.0000      799.9438  5938200   20.01%
  57245 33906      927.5000   258     1000.0000      804.1000  6033565   19.59%
                                                     Fract: 1                  
  58727 35144      967.6000   354     1000.0000      804.1000  6181100   19.59%
  58983 35358      995.6250   353     1000.0000      804.1000  6209354   19.59%
  61257 37250      907.0286   365     1000.0000      804.1000  6442509   19.59%
  62726 38486      921.8690   258     1000.0000      806.9625  6592694   19.30%
Elapsed time = 288.89 sec. (96860.83 ticks, tree = 3316.92 MB, solutions = 19)
Nodefile size = 3166.89 MB (2430.11 MB after compression)
  63396 39051      849.8333   222     1000.0000      806.9625  6711792   19.30%
  64511 39983      949.6667   249     1000.0000      806.9625  6819697   19.30%
  65997 41228      886.0000   224     1000.0000      806.9625  6965498   19.30%
  66541 41676      833.4375   395     1000.0000      806.9625  7016116   19.30%
  66712 41821      835.0290   376     1000.0000      809.6000  7032689   19.04%
                                                      Cuts: 2                  
* 66717+41824                          973.0000      809.6000  7033466   16.79%
Found incumbent of value 973.000000 after 314.11 sec. (100935.47 ticks)
  67222 36170      839.5000   201      973.0000      809.6000  7098620   16.79%
  68492 37189      952.5000   301      973.0000      809.6000  7230625   16.79%
  69644 38091      858.9714   308      973.0000      809.6000  7344017   16.79%
  71432 39508      910.6111   335      973.0000      809.6000  7522812   16.79%
  72320 40211      867.4667   301      973.0000      812.6414  7616074   16.48%
                                                      Cuts: 6                  
Elapsed time = 332.69 sec. (108638.14 ticks, tree = 3452.90 MB, solutions = 23)
Nodefile size = 3318.56 MB (2530.40 MB after compression)
  73371 41052      897.0667   237      973.0000      812.6414  7720944   16.48%
  73879 41457      822.4250   281      973.0000      812.6414  7771509   16.48%
  75095 42424      931.1333   262      973.0000      812.6414  7882846   16.48%
  77764 44533      862.3750   273      973.0000      814.7885  8141616   16.26%
  78821 45356      885.7877   306      973.0000      814.7885  8252352   16.26%
  80165 46404      900.2576   276      973.0000      814.7885  8381392   16.26%
  82014 47867      956.7000   176      973.0000      814.7885  8558121   16.26%
  82758 48440      918.3939   254      973.0000      816.6667  8635299   16.07%
  82912 48564      849.2000   428      973.0000      816.6667  8683771   16.07%
  87833 52382      925.6471   408      973.0000      818.0981  9252651   15.92%
Elapsed time = 386.17 sec. (123682.28 ticks, tree = 4635.39 MB, solutions = 23)
Nodefile size = 4498.18 MB (3424.93 MB after compression)
  92901 56330      880.6000   307      973.0000      819.7778  9729268   15.75%
                                                  ZeroHalf: 1                  
  98589 60793        cutoff            973.0000      819.7778 10323128   15.75%
 101516 63030      840.0000   210      973.0000      821.4881 10622315   15.57%
                                                      Cuts: 2                  
 106050 66520      953.8723   309      973.0000      823.0333 11066832   15.41%
                                                      Cuts: 3                  
 109705 69407      907.5000   283      973.0000      824.5000 11432909   15.26%
                                                  ZeroHalf: 2                  
 113100 71977      909.6812   397      973.0000      825.2113 11922494   15.19%
 117975 75662      878.5000   229      973.0000      826.6667 12401869   15.04%
                                                  Impl Bds: 1                  
 124022 80310      965.2500   216      973.0000      826.6667 12953614   15.04%
 127358 82739      870.2308   205      973.0000      828.0667 13288094   14.90%
                                                      Cuts: 6                  
 130799 85304      884.4444   271      973.0000      829.5000 13607249   14.75%
Elapsed time = 527.06 sec. (162974.52 ticks, tree = 7681.07 MB, solutions = 23)
Nodefile size = 7537.83 MB (5578.35 MB after compression)
 135445 88841      954.9406   286      973.0000      830.4783 14017874   14.65%
                                                  Impl Bds: 1                  
 141099 93130      952.5000   243      973.0000      830.4783 14545575   14.65%
 143085 94607      907.6667   359      973.0000      831.5000 14789231   14.54%
                                                      Cuts: 6                  
 147882 98189      853.5278   298      973.0000      832.1667 15284705   14.47%
 153113 102146      933.5983   203      973.0000      833.0000 15766581   14.39%
 157330 105232      910.0000   193      973.0000      833.8125 16186711   14.30%
                                                  ZeroHalf: 1                  
 162822 109360      856.2543   383      973.0000      833.8125 16683058   14.30%
 164884 110864      902.8889   223      973.0000      835.0000 16917907   14.18%
 168771 113684      913.4091   256      973.0000      835.5000 17418083   14.13%
 174429 117888      937.3394   216      973.0000      836.3478 17932358   14.04%
Elapsed time = 666.04 sec. (201900.89 ticks, tree = 10964.48 MB, solutions = 23)
Nodefile size = 10818.75 MB (7890.64 MB after compression)
*174531+117965                          965.0000      836.3478 17941372   13.33%
Found incumbent of value 965.000000 after 666.23 sec. (200545.93 ticks)
 178546 118093      904.3889   288      965.0000      836.9583 18330395   13.27%
 185074 122735      886.5000   249      965.0000      838.0000 18938843   13.16%
                                                    Covers: 1                  
 189386 125650      936.6667   252      965.0000      838.0000 19382284   13.16%
 193976 128905      859.6034   286      965.0000      838.5000 19817914   13.11%
 197082 131063      917.8571   305      965.0000      839.5417 20174208   13.00%
 200779 133602      929.6915   331      965.0000      840.1250 20661362   12.94%
 205437 136769      871.7875   317      965.0000      840.9214 21138039   12.86%
 210960 140628      916.1250   180      965.0000      841.8750 21656828   12.76%
 216285 144368      850.1852   303      965.0000      841.8750 22144265   12.76%
*219270 146339      integral     0      964.0000      842.4532 22433081   12.61%
                                                  ZeroHalf: 1                  
Elapsed time = 804.25 sec. (240281.85 ticks, tree = 13823.93 MB, solutions = 24)
Nodefile size = 13676.86 MB (9878.74 MB after compression)
Found incumbent of value 964.000000 after 804.25 sec. (240281.85 ticks)
 222131 147623      882.8000   245      964.0000      843.2667 22732247   12.52%
*225845+150155                          962.0000      843.2667 23114283   12.34%
Found incumbent of value 962.000000 after 825.96 sec. (247507.76 ticks)
 226651 150657      851.6000   252      962.0000      843.2667 23198196   12.34%
 228773 150863      942.3333   235      962.0000      844.0000 23458834   12.27%
                                                  ZeroHalf: 2                  
 234434 154632      865.0000   180      962.0000      844.5000 24058642   12.21%
*235799+155534                          961.0000      844.5000 24200447   12.12%
Found incumbent of value 961.000000 after 855.74 sec. (256580.69 ticks)
*237076+155651                          955.0000      845.0595 24326879   11.51%
Found incumbent of value 955.000000 after 862.84 sec. (257990.24 ticks)
 238575 156687      875.0667   262      955.0000      845.0595 24472763   11.51%
 243484 153942      877.7667   262      955.0000      845.7656 24930641   11.44%
*245122+154957                          947.0000      845.7656 25102614   10.69%
Found incumbent of value 947.000000 after 888.34 sec. (264024.20 ticks)
*247810+156576                          941.0000      845.7656 25381504   10.12%
Found incumbent of value 941.000000 after 894.02 sec. (266452.55 ticks)
 247995 134566      919.6667   266      941.0000      846.3750 25400074   10.06%
                                                    Covers: 2                  
 253031 137287      894.8542   258      941.0000      847.0714 25912940    9.98%
                                                  ZeroHalf: 1                  
 257322 139849      867.5385   405      941.0000      847.0714 26329978    9.98%
 259571 141006      909.8810   241      941.0000      847.7000 26581698    9.91%
Elapsed time = 942.71 sec. (280961.25 ticks, tree = 13222.00 MB, solutions = 31)
Nodefile size = 13081.61 MB (9343.46 MB after compression)
 264519 143674      901.7778   288      941.0000      848.0000 27259646    9.88%
 268481 145772      862.5833   302      941.0000      848.8333 27702805    9.79%
 272446 147910      904.1667   248      941.0000      849.3333 28121871    9.74%
                                                      Cuts: 2                  
 277502 150877      869.5000   200      941.0000      850.0000 28605959    9.67%
                                                      Cuts: 9                  
 281693 153032      900.5000   209      941.0000      850.0000 29053850    9.67%
 285650 155147      928.7000   257      941.0000      850.6429 29464720    9.60%
                                                  Impl Bds: 1                  
 289564 157183      936.1190   161      941.0000      851.1667 29888773    9.55%
 293602 159378      873.3333   299      941.0000      851.7600 30308445    9.48%
 297013 161075      894.4000   314      941.0000      852.3333 30680986    9.42%
 301701 163628      883.6500   230      941.0000      852.3333 31180779    9.42%
Elapsed time = 1076.73 sec. (319602.34 ticks, tree = 15195.40 MB, solutions = 31)
Nodefile size = 15045.68 MB (10700.15 MB after compression)
 302169 163807      920.8333   416      941.0000      852.8333 31246435    9.37%
                                                  ZeroHalf: 1                  
 308116 166988      938.3333   248      941.0000      852.9318 32018560    9.36%
                                                  Impl Bds: 1                  
 313034 169528      918.2456   310      941.0000      853.5893 32520454    9.29%
                                                      Cuts: 4                  
 317325 171669      925.6667   320      941.0000      854.0000 32979176    9.25%
                                                  ZeroHalf: 1                  
 321114 173611      873.7714   270      941.0000      854.5455 33360641    9.19%
                                                  Impl Bds: 1                  
 326733 176744      931.0556   248      941.0000      855.0000 33883556    9.14%
                                                    Covers: 1                  
 330151 178577      873.7500   232      941.0000      855.0000 34419026    9.14%
 333769 180359      883.1667   217      941.0000      855.1667 34815105    9.12%
 338238 182713      905.4333   328      941.0000      855.9333 35238744    9.04%
 342043 184621      927.3333   208      941.0000      856.2500 35612879    9.01%
                                                  Impl Bds: 1                  
Elapsed time = 1216.68 sec. (359219.97 ticks, tree = 17065.84 MB, solutions = 31)
Nodefile size = 16926.36 MB (11938.99 MB after compression)
 345931 186536      900.0517   281      941.0000      856.7500 36012778    8.95%
                                                      Cuts: 6                  
 350533 188777      923.6000   170      941.0000      857.2333 36482137    8.90%
                                                  ZeroHalf: 2                  
*352338+189699                          940.0000      857.2333 36765634    8.80%
Found incumbent of value 940.000000 after 1257.77 sec. (368279.40 ticks)
 353527 190320      907.3939   277      940.0000      857.2333 36939412    8.80%
 356985 190443      903.4500   317      940.0000      857.4545 37330653    8.78%
 363016 193715      921.6307   316      940.0000      857.8981 37901864    8.73%
 367425 196078      902.2982   291      940.0000      858.3889 38324952    8.68%
                                                      Cuts: 2                  
 371101 197733      871.0000   218      940.0000      858.7647 38716850    8.64%
                                                      Cuts: 2                  
 375487 199865      919.3333   245      940.0000      859.1667 39143530    8.60%
                                                      Cuts: 2                  
 379273 201795      876.3245   343      940.0000      859.1667 39686497    8.60%
 383062 203635      896.2000   245      940.0000      859.4167 40071394    8.57%
                                                  Impl Bds: 2                  
Elapsed time = 1352.62 sec. (398428.45 ticks, tree = 18525.23 MB, solutions = 32)
Nodefile size = 18384.02 MB (12878.85 MB after compression)
 388038 206143      903.5941   301      940.0000      859.8889 40548079    8.52%
                                                      Cuts: 3                  
 391813 208048      893.2000   291      940.0000      860.2500 40919613    8.48%
                                                    Covers: 1                  
 395083 209520      922.6000   323      940.0000      860.5238 41244465    8.45%
 399752 211882      930.5000   230      940.0000      860.8333 41892740    8.42%
                                                      Cuts: 4                  
 404253 213982      891.7500   230      940.0000      861.2708 42352172    8.38%
                                                      Cuts: 2                  
 409391 216406      900.9630   186      940.0000      861.2708 42870905    8.38%
 412152 217710      879.2500   292      940.0000      861.6667 43143646    8.33%
                                                  Impl Bds: 1                  
 415666 219358      907.6250   253      940.0000      862.0000 43547573    8.30%
 420337 221539      887.6105   288      940.0000      862.3333 44091103    8.26%
                                                  Impl Bds: 1                  
 424542 223542      874.3636   237      940.0000      862.6667 44504127    8.23%
                                                      Cuts: 3                  
Elapsed time = 1496.33 sec. (437255.05 ticks, tree = 20304.47 MB, solutions = 32)
Nodefile size = 20169.86 MB (14016.74 MB after compression)
 429220 225820      877.3333   329      940.0000      863.0000 44954048    8.19%
                                                  Impl Bds: 2                  
 431384 226789      908.8667   321      940.0000      863.0000 45313390    8.19%
 436120 228917      880.5758   297      940.0000      863.1667 45856325    8.17%
                                                  ZeroHalf: 1                  
 440906 231177      904.3333   237      940.0000      863.6250 46351225    8.12%
 445007 233273      918.8167   276      940.0000      864.0000 46734787    8.09%
 448740 234952      869.5000   200      940.0000      864.2109 47121903    8.06%
 453194 236991      912.4872   227      940.0000      864.5714 47573762    8.02%
 454563 237603      938.6667   197      940.0000      864.5714 47804281    8.02%
 460114 240138      902.5000   259      940.0000      864.7500 48443884    8.01%
 465113 242517      927.3478   176      940.0000      865.0000 48915371    7.98%
Elapsed time = 1635.51 sec. (476861.90 ticks, tree = 21696.91 MB, solutions = 32)
Nodefile size = 21557.25 MB (14893.52 MB after compression)
 468498 244002      931.6905   251      940.0000      865.4120 49245375    7.93%
 473081 246094      933.3118   332      940.0000      865.6875 49725847    7.91%
 476852 247900      915.1667   332      940.0000      866.0000 50284767    7.87%
 481327 249835      938.7222   217      940.0000      866.2222 50726061    7.85%
 486147 252043        cutoff            940.0000      866.2222 51224275    7.85%
 489294 253471      885.1250   239      940.0000      866.5000 51546259    7.82%
 492771 255055        cutoff            940.0000      866.7407 51928148    7.79%
                                                  Impl Bds: 1                  
 496117 256471      903.8718   149      940.0000      867.0000 52444298    7.77%
                                                      Cuts: 3                  
 500855 258622      917.3561   295      940.0000      867.2500 52922156    7.74%
 505154 260495      927.6833   333      940.0000      867.5359 53337166    7.71%
Elapsed time = 1777.29 sec. (516391.63 ticks, tree = 23221.06 MB, solutions = 32)
Nodefile size = 23088.46 MB (15851.28 MB after compression)
 508930 262133      894.9951   257      940.0000      867.5359 53722784    7.71%
 512637 263860      909.3000   250      940.0000      867.8667 54177738    7.67%
                                                    Covers: 1                  
 515598 265164      923.2500   263      940.0000      868.0000 54596761    7.66%
                                                  Impl Bds: 1                  
 520849 267599      919.0000   237      940.0000      868.3333 55101916    7.62%
                                                  Impl Bds: 5                  
 524739 269239      889.5000   229      940.0000      868.5000 55498096    7.61%
 529587 271369      916.6429   204      940.0000      868.5000 55961307    7.61%
 531719 272398      902.6667   206      940.0000      868.8750 56229995    7.57%
 535726 274088      889.5000   312      940.0000      869.0000 56750523    7.55%
 540780 276361        cutoff            940.0000      869.2500 57240269    7.53%
 544435 277842        cutoff            940.0000      869.5000 57596336    7.50%
Elapsed time = 1913.81 sec. (554968.35 ticks, tree = 24590.91 MB, solutions = 32)
Nodefile size = 24456.42 MB (16701.01 MB after compression)
 547856 279282        cutoff            940.0000      869.6667 58166656    7.48%
 553122 281838      922.0000   292      940.0000      870.0000 58683736    7.45%
 557757 283753      889.6667   214      940.0000      870.0000 59166448    7.45%
 560821 285062      919.2967   261      940.0000      870.1667 59455544    7.43%
 565139 286766      881.4083   220      940.0000      870.4167 59893592    7.40%
 568379 288176      925.1667   212      940.0000      870.6250 60283380    7.38%
                                                    Covers: 1                  
 572021 289716      936.4951   255      940.0000      870.8111 60861971    7.36%
 577044 291777        cutoff            940.0000      871.0000 61345308    7.34%
 582438 294131      902.2500   269      940.0000      871.0000 61867905    7.34%
 585764 295529      922.0667   102      940.0000      871.3333 62184948    7.30%
Elapsed time = 2055.43 sec. (594686.98 ticks, tree = 25757.50 MB, solutions = 32)
Nodefile size = 25620.68 MB (17420.20 MB after compression)
 589424 297141        cutoff            940.0000      871.5521 62594264    7.28%
                                                  Impl Bds: 1                  
 592827 298471      904.4667   267      940.0000      871.7000 63078812    7.27%
                                                  Impl Bds: 1                  
 597004 300235      914.5000   215      940.0000      871.9667 63474337    7.24%
                                                  Impl Bds: 1                  
 601759 302144      923.1250   212      940.0000      871.9667 63961614    7.24%
 605470 303670      885.1667   238      940.0000      872.1212 64312114    7.22%
                                                      Cuts: 2                  
 608346 304919        cutoff            940.0000      872.4219 64610973    7.19%
 612021 306299      930.4000   230      940.0000      872.5000 65183476    7.18%
 616886 308380      884.3333   229      940.0000      872.7500 65626918    7.15%
 621879 310564      888.3636   194      940.0000      873.0000 66071961    7.13%
                                                  Impl Bds: 1                  
 626717 312493      879.2000   253      940.0000      873.0000 66554128    7.13%
Elapsed time = 2199.42 sec. (633822.31 ticks, tree = 27015.46 MB, solutions = 32)
Nodefile size = 26872.90 MB (18188.62 MB after compression)
 627943 313005      879.0000   179      940.0000      873.0000 66713209    7.13%
                                                  Impl Bds: 1                  
 631378 314585      925.2500   154      940.0000      873.2500 67247262    7.10%
 637035 316949        cutoff            940.0000      873.5000 67803380    7.07%
                                                  Impl Bds: 1                  
 641198 318603      874.7500   214      940.0000      873.6667 68210097    7.06%
                                                      Cuts: 2                  
 646681 320918        cutoff            940.0000      873.6667 68718287    7.06%
 647284 321152      925.8000   373      940.0000      873.9479 68809234    7.03%
                                                  Impl Bds: 3                  
 652312 323106      929.7222   240      940.0000      874.0000 69503913    7.02%
 657274 325190      924.9667   236      940.0000      874.2222 69983570    7.00%
 661535 326849      894.3333   162      940.0000      874.5000 70371131    6.97%
                                                    Covers: 1                  
 666397 328743        cutoff            940.0000      874.6667 70840958    6.95%
                                                    Covers: 1                  
Elapsed time = 2343.66 sec. (673036.59 ticks, tree = 28409.18 MB, solutions = 32)
Nodefile size = 28278.62 MB (19058.93 MB after compression)
 668480 329535      921.5833   365      940.0000      874.6667 71224913    6.95%
 672762 331475      900.0500   284      940.0000      874.7937 71687299    6.94%
 678101 333549      908.3000   166      940.0000      875.0000 72187412    6.91%
 682007 335149      893.2500   273      940.0000      875.1667 72548262    6.90%
 686737 337163      937.9762   168      940.0000      875.3929 72972077    6.87%
 690279 338612      902.0000   263      940.0000      875.3929 73522429    6.87%
 694120 340295      915.0000   213      940.0000      875.5000 73866318    6.86%
 698678 341965      930.7333   271      940.0000      875.6905 74296458    6.84%
                                                    Covers: 1                  
 702715 343889      916.0000   218      940.0000      875.9524 74629426    6.81%
 707156 345544      911.1667   173      940.0000      876.0000 75071367    6.81%
Elapsed time = 2482.05 sec. (712168.28 ticks, tree = 29630.31 MB, solutions = 32)
Nodefile size = 29499.11 MB (19805.49 MB after compression)
 710759 347000    infeasible            940.0000      876.0000 75624076    6.81%
 713948 348307      908.9333   246      940.0000      876.2000 75927978    6.79%
 719352 350439      914.5833   289      940.0000      876.3333 76446120    6.77%
 723702 352211      929.1667   198      940.0000      876.5714 76840311    6.75%
                                                    Covers: 1                  
 728026 353809      922.5000   278      940.0000      876.7500 77255638    6.73%
 731331 355278        cutoff            940.0000      876.8750 77755433    6.72%
 735337 356962      904.4167   242      940.0000      876.8750 78119658    6.72%
 740141 358838      891.0000   154      940.0000      877.0000 78590027    6.70%
 742957 359882      917.0000   305      940.0000      877.2000 78908370    6.68%
 747098 361671      911.2500   181      940.0000      877.2917 79475186    6.67%
Elapsed time = 2616.85 sec. (750625.74 ticks, tree = 30520.78 MB, solutions = 32)
Nodefile size = 30386.18 MB (20347.85 MB after compression)
 751974 363537      918.4545   282      940.0000      877.5000 79889778    6.65%
                                                  Impl Bds: 1                  
 757410 365814      930.1875   165      940.0000      877.5000 80381804    6.65%
 760173 366947        cutoff            940.0000      877.6667 80638180    6.63%
 763730 368450      910.1500   220      940.0000      877.8889 81016247    6.61%
                                                    Covers: 1                  
 767794 369860        cutoff            940.0000      878.0000 81580547    6.60%
                                                  Impl Bds: 1                  
 772865 371794      928.5833   305      940.0000      878.1429 82070499    6.58%
                                                  Impl Bds: 1                  
 777473 373520      891.2000   248      940.0000      878.3333 82496903    6.56%
 780888 374907      918.0139   320      940.0000      878.3333 82982342    6.56%
 784856 376280        cutoff            940.0000      878.5000 83417179    6.54%
                                                  Impl Bds: 1                  
 789946 378347      890.6667   258      940.0000      878.6429 83869779    6.53%
                                                  Impl Bds: 1                  
Elapsed time = 2758.82 sec. (789969.93 ticks, tree = 31630.65 MB, solutions = 32)
Nodefile size = 31492.22 MB (21029.24 MB after compression)
 794743 380199      891.3333   223      940.0000      878.7778 84306465    6.51%
 798835 382050      896.6429   308      940.0000      879.0000 84658498    6.49%
 800985 382729      890.7143   296      940.0000      879.0000 85062262    6.49%
 805213 384269      911.9429   289      940.0000      879.0000 85544993    6.49%
                                                    Covers: 1                  
 810266 386253      911.5000   243      940.0000      879.1667 86028118    6.47%
 815140 388217      906.6667   205      940.0000      879.3611 86444493    6.45%
 818550 389253      935.1667   215      940.0000      879.5000 86784922    6.44%
                                                  Impl Bds: 1                  
 823668 391196    infeasible            940.0000      879.6667 87239751    6.42%
                                                  Impl Bds: 1                  
 825795 392009      909.6491   422      940.0000      879.6667 87617006    6.42%
 829835 393547      909.6812   211      940.0000      879.8000 88070485    6.40%
                                                  Impl Bds: 1                  
Elapsed time = 2897.84 sec. (828898.32 ticks, tree = 32656.21 MB, solutions = 32)
Nodefile size = 32520.18 MB (21661.69 MB after compression)
 834687 395221      921.5000   217      940.0000      880.0000 88509859    6.38%
 839107 396854      888.8333   211      940.0000      880.1250 88972380    6.37%
 841980 397830      917.5067   436      940.0000      880.2083 89452112    6.36%
 846900 399811      912.4500   216      940.0000      880.3810 89901386    6.34%
 851815 401666      910.6500   262      940.0000      880.3810 90340469    6.34%
 855968 403161      903.4566   384      940.0000      880.5000 90720643    6.33%
 858853 404147      923.7000   393      940.0000      880.6667 91040737    6.31%
 863009 405566      919.2000   326      940.0000      880.7500 91645782    6.30%
 868312 407753      887.0000   147      940.0000      881.0000 92093443    6.28%
 872990 409407      886.6769   283      940.0000      881.0238 92554981    6.27%
Elapsed time = 3044.37 sec. (868289.28 ticks, tree = 33931.80 MB, solutions = 32)
Nodefile size = 33802.03 MB (22453.21 MB after compression)
 878020 411231      933.6429   145      940.0000      881.0238 93021664    6.27%
 881394 412489      899.0000   189      940.0000      881.2262 93327140    6.25%
 885159 414026      911.5000   215      940.0000      881.4286 93722329    6.23%
                                                  Impl Bds: 1                  
 888762 415164      926.1818   224      940.0000      881.5000 94238487    6.22%
                                                      Cuts: 3                  
 893928 416923      936.9583   272      940.0000      881.6667 94701717    6.21%
 898807 418688      893.9815   391      940.0000      881.8182 95156541    6.19%
 900666 419300      898.8095   325      940.0000      881.8182 95489355    6.19%
 904549 420869    infeasible            940.0000      881.9333 95923037    6.18%
 908412 421894      919.1286   403      940.0000      882.0000 96318352    6.17%
 914254 423884      912.0000   265      940.0000      882.1667 96845194    6.15%
Elapsed time = 3185.70 sec. (907330.49 ticks, tree = 34874.21 MB, solutions = 32)
Nodefile size = 34742.63 MB (23025.98 MB after compression)
 919117 425782      901.0000   264      940.0000      882.3333 97264887    6.13%
 921125 426498      925.6667   210      940.0000      882.3333 97597544    6.13%
 926527 428256        cutoff            940.0000      882.4167 98215322    6.13%
 931467 430051      902.5370   250      940.0000      882.5556 98634700    6.11%
 935308 431382      931.2222   231      940.0000      882.7083 98985002    6.09%
 939724 432943      914.5500   308      940.0000      882.8583 99396052    6.08%
 943511 434442      938.8922   235      940.0000      883.0000 99931736    6.06%
 947171 435411      939.0000   192      940.0000      883.0000 1.00e+08    6.06%
 950693 436700      918.6667   161      940.0000      883.0625 1.01e+08    6.06%
                                                    Covers: 1                  
 955886 438475      921.6667   201      940.0000      883.1667 1.01e+08    6.05%
Elapsed time = 3325.93 sec. (946341.15 ticks, tree = 35835.35 MB, solutions = 32)
Nodefile size = 35703.70 MB (23619.82 MB after compression)
 959510 439732      905.2143   179      940.0000      883.3333 1.02e+08    6.03%
 964898 441581      920.7500   267      940.0000      883.5000 1.02e+08    6.01%
 969626 443195      900.0000   220      940.0000      883.6000 1.03e+08    6.00%
 972640 444280      913.1724   316      940.0000      883.6000 1.03e+08    6.00%
 976862 445735      905.4140   319      940.0000      883.6667 1.03e+08    5.99%
 982274 447775      924.2245   220      940.0000      883.8571 1.04e+08    5.97%
 986636 449374      910.6667   154      940.0000      884.0000 1.04e+08    5.96%
 990693 450611      924.1250   210      940.0000      884.0714 1.05e+08    5.95%
                                                    Covers: 1                  
 993688 451612        cutoff            940.0000      884.0714 1.05e+08    5.95%
 997327 452872      912.8333   210      940.0000      884.1667 1.06e+08    5.94%
                                                  Impl Bds: 1                  
Elapsed time = 3462.50 sec. (985261.15 ticks, tree = 36530.91 MB, solutions = 32)
Nodefile size = 36394.99 MB (24040.98 MB after compression)
 1003149 454855      918.4667   155      940.0000      884.3333 1.06e+08    5.92%
                                                    Covers: 1                  
 1006348 455907        cutoff            940.0000      884.5000 1.06e+08    5.90%
 1009072 456660      916.8333   381      940.0000      884.5000 1.07e+08    5.90%
 1014792 458683      922.8833   297      940.0000      884.6667 1.07e+08    5.89%
 1020314 460421      902.8571   185      940.0000      884.6667 1.08e+08    5.89%
 1024826 462220      904.7667   215      940.0000      884.8333 1.08e+08    5.87%
 1028865 463675      898.7500   225      940.0000      885.0000 1.09e+08    5.85%
 1032638 464747        cutoff            940.0000      885.0000 1.09e+08    5.85%
 1035975 465914      916.2500   238      940.0000      885.1250 1.09e+08    5.84%
 1040892 467334        cutoff            940.0000      885.2500 1.10e+08    5.82%
Elapsed time = 3609.73 sec. (1024360.98 ticks, tree = 37602.38 MB, solutions = 32)
Nodefile size = 37472.22 MB (24701.51 MB after compression)
 1046063 469143      925.2917   208      940.0000      885.2500 1.10e+08    5.82%
 1047515 469681      900.4583   217      940.0000      885.3731 1.11e+08    5.81%
 1053316 471508      912.5333   173      940.0000      885.5000 1.11e+08    5.80%
 1058425 473246        cutoff            940.0000      885.6000 1.12e+08    5.79%
 1062169 474393      916.5000   241      940.0000      885.7083 1.12e+08    5.78%
 1065154 475310      932.1429   372      940.0000      885.8333 1.13e+08    5.76%
 1070902 477475      908.5661   313      940.0000      886.0000 1.13e+08    5.74%
 1075265 478712      923.0000   213      940.0000      886.0000 1.14e+08    5.74%
 1079413 479819        cutoff            940.0000      886.0000 1.14e+08    5.74%
 1082732 480838      910.4350   275      940.0000      886.1556 1.14e+08    5.73%
Elapsed time = 3758.26 sec. (1063860.57 ticks, tree = 38452.26 MB, solutions = 32)
Nodefile size = 38322.38 MB (25220.76 MB after compression)
 1086193 481956      923.5500   124      940.0000      886.2500 1.15e+08    5.72%
 1091405 483747      897.8500   265      940.0000      886.3705 1.15e+08    5.71%
 1097044 485813      899.3333   321      940.0000      886.3705 1.16e+08    5.71%
 1099401 486388      920.3810   190      940.0000      886.5000 1.16e+08    5.69%
 1103308 487772      936.6667   238      940.0000      886.5714 1.16e+08    5.68%
 1107498 489083      909.3667   186      940.0000      886.6667 1.17e+08    5.67%
                                                    Covers: 1                  
 1112362 490497      931.3333   267      940.0000      886.8333 1.17e+08    5.66%
 1117692 492333      909.5128   268      940.0000      887.0000 1.18e+08    5.64%
 1123495 494094      887.6667   236      940.0000      887.0000 1.18e+08    5.64%
 1124607 494287      923.5000   212      940.0000      887.0000 1.19e+08    5.64%
Elapsed time = 3902.12 sec. (1103073.13 ticks, tree = 39396.42 MB, solutions = 32)
Nodefile size = 39266.26 MB (25796.78 MB after compression)
 1128467 495610      896.8333   170      940.0000      887.0222 1.19e+08    5.64%
 1134077 497261      937.7143   136      940.0000      887.2000 1.20e+08    5.62%
 1138332 498656      904.6333   240      940.0000      887.3333 1.20e+08    5.60%
 1143470 500393      917.2500   242      940.0000      887.3333 1.20e+08    5.60%
 1145293 500969      939.0000   223      940.0000      887.5000 1.21e+08    5.59%
 1148912 501801      893.5000   296      940.0000      887.5000 1.21e+08    5.59%
 1155073 503790        cutoff            940.0000      887.6286 1.22e+08    5.57%
 1160254 505434      898.6667   199      940.0000      887.7500 1.22e+08    5.56%
 1164818 506806      906.4074   326      940.0000      887.9125 1.23e+08    5.54%
 1168460 508247      915.0000   267      940.0000      887.9125 1.23e+08    5.54%
Elapsed time = 4048.66 sec. (1142017.82 ticks, tree = 40106.19 MB, solutions = 32)
Nodefile size = 39976.26 MB (26229.15 MB after compression)
 1172944 509514        cutoff            940.0000      888.0000 1.23e+08    5.53%
 1177720 510928      908.2917   312      940.0000      888.0000 1.24e+08    5.53%
 1181353 512088        cutoff            940.0000      888.1667 1.24e+08    5.51%
                                                    Covers: 1                  
 1184351 512973      921.1056   342      940.0000      888.2500 1.25e+08    5.51%
 1189974 514762      927.1667   292      940.0000      888.3333 1.25e+08    5.50%
 1195661 516679      916.8333   207      940.0000      888.3333 1.26e+08    5.50%
 1198290 517172      924.3667   280      940.0000      888.5000 1.26e+08    5.48%
 1201913 518332      908.3425   320      940.0000      888.5364 1.26e+08    5.47%
 1207887 520254      890.4167   169      940.0000      888.6667 1.27e+08    5.46%
 1212347 521432      889.0000   178      940.0000      888.7727 1.27e+08    5.45%
Elapsed time = 4195.51 sec. (1180650.40 ticks, tree = 40916.57 MB, solutions = 32)
Nodefile size = 40785.88 MB (26717.25 MB after compression)
 1215334 522336      898.3333   190      940.0000      888.8824 1.28e+08    5.44%
 1221464 524468      938.4000   267      940.0000      888.8824 1.28e+08    5.44%
 1224981 525253      930.5417   222      940.0000      889.0000 1.29e+08    5.43%
 1228239 526134      913.0114   392      940.0000      889.0000 1.29e+08    5.43%
 1233246 527655        cutoff            940.0000      889.1667 1.29e+08    5.41%
 1237168 528830      937.9167   228      940.0000      889.2500 1.30e+08    5.40%
 1242433 530426        cutoff            940.0000      889.3839 1.30e+08    5.38%
 1248369 532253      898.6952   224      940.0000      889.3839 1.31e+08    5.38%
 1249508 532500      910.3111   297      940.0000      889.5000 1.31e+08    5.37%
 1253868 533639      924.0618   461      940.0000      889.5000 1.32e+08    5.37%
Elapsed time = 4331.73 sec. (1220081.64 ticks, tree = 41488.94 MB, solutions = 32)
Nodefile size = 41353.54 MB (27055.58 MB after compression)
 1259357 535230        cutoff            940.0000      889.6667 1.32e+08    5.35%
 1264078 536521      914.8750   336      940.0000      889.7619 1.33e+08    5.34%
 1268483 537830      910.3958   322      940.0000      889.8889 1.33e+08    5.33%
 1274509 539899      909.5000   220      940.0000      889.8889 1.33e+08    5.33%
 1276098 540289        cutoff            940.0000      890.0000 1.34e+08    5.32%
 1279873 541141      924.9394   197      940.0000      890.0000 1.34e+08    5.32%
 1285905 542909      912.3750   263      940.0000      890.1333 1.35e+08    5.30%
 1290201 544157      924.2111   388      940.0000      890.2500 1.35e+08    5.29%
 1295571 545719      917.9905   175      940.0000      890.3333 1.36e+08    5.28%
 1298296 546603      909.0369   310      940.0000      890.3333 1.36e+08    5.28%
Elapsed time = 4486.75 sec. (1259434.07 ticks, tree = 42451.44 MB, solutions = 32)
Nodefile size = 42320.75 MB (27645.83 MB after compression)
 1303509 548335      894.0000   141      940.0000      890.4000 1.37e+08    5.28%
 1308182 549501      900.6485   397      940.0000      890.5000 1.37e+08    5.27%
 1313026 551037      913.0000   271      940.0000      890.6000 1.37e+08    5.26%
 1316897 552260      926.3548   422      940.0000      890.7019 1.38e+08    5.24%
 1319973 553066      902.1426   357      940.0000      890.7500 1.38e+08    5.24%
 1325136 554575        cutoff            940.0000      890.7500 1.39e+08    5.24%
 1329951 556298      896.6667   197      940.0000      890.8667 1.39e+08    5.23%
 1334673 557819      906.5000   242      940.0000      891.0000 1.39e+08    5.21%
 1338352 558416      926.4833   232      940.0000      891.0000 1.40e+08    5.21%
 1341241 559349      936.1667   296      940.0000      891.0714 1.40e+08    5.21%
Elapsed time = 4629.27 sec. (1298013.18 ticks, tree = 43174.09 MB, solutions = 32)
Nodefile size = 43043.42 MB (28083.57 MB after compression)
 1346366 560904        cutoff            940.0000      891.1667 1.41e+08    5.20%
 1352195 562618      917.1667   238      940.0000      891.1667 1.41e+08    5.20%
 1354572 563260      911.9000   218      940.0000      891.3125 1.42e+08    5.18%
 1358229 564201        cutoff            940.0000      891.3500 1.42e+08    5.18%
 1364261 565968      932.8333   153      940.0000      891.5000 1.43e+08    5.16%
 1368055 566811      909.4250   335      940.0000      891.5413 1.43e+08    5.16%
 1370036 567458      895.4118   405      940.0000      891.5413 1.43e+08    5.16%
 1375644 568957      909.3333   340      940.0000      891.6296 1.44e+08    5.15%
 1381610 570526        cutoff            940.0000      891.7500 1.44e+08    5.13%
 1385610 571718      926.1894   293      940.0000      891.8333 1.45e+08    5.12%
Elapsed time = 4778.84 sec. (1336745.22 ticks, tree = 43897.28 MB, solutions = 32)
Nodefile size = 43762.32 MB (28517.99 MB after compression)
 1389375 573152      925.5000   249      940.0000      892.0000 1.45e+08    5.11%
 1393788 574479      921.2213   373      940.0000      892.0000 1.46e+08    5.11%
 1398896 575503      921.9702   294      940.0000      892.0196 1.46e+08    5.10%
                                                    Covers: 1                  
 1404128 577111      903.4167   192      940.0000      892.0196 1.46e+08    5.10%
 1406476 577757      935.7500   240      940.0000      892.1667 1.47e+08    5.09%
 1411826 579321      925.7385   313      940.0000      892.2000 1.47e+08    5.09%
 1416748 580779      902.1477   331      940.0000      892.3333 1.48e+08    5.07%
 1421981 582365      925.3333   230      940.0000      892.4286 1.48e+08    5.06%
 1426326 583545      912.5833   326      940.0000      892.5000 1.49e+08    5.05%
 1430875 584550      912.0357   197      940.0000      892.5455 1.49e+08    5.05%
Elapsed time = 4929.38 sec. (1376639.29 ticks, tree = 44540.41 MB, solutions = 32)
Nodefile size = 44409.82 MB (28910.05 MB after compression)
 1432685 585114      926.2095   364      940.0000      892.5455 1.49e+08    5.05%
 1437383 586328      916.5000   194      940.0000      892.6429 1.50e+08    5.04%
 1443441 587989      900.1250   217      940.0000      892.7000 1.50e+08    5.03%
 1447017 588944        cutoff            940.0000      892.8333 1.51e+08    5.02%
 1451124 590280      902.6667   142      940.0000      892.9167 1.51e+08    5.01%
 1456323 592107      906.8333   214      940.0000      893.0000 1.52e+08    5.00%
                                                    Covers: 1                  
 1460760 593070        cutoff            940.0000      893.0000 1.52e+08    5.00%
 1464828 594130      908.0000   141      940.0000      893.0000 1.53e+08    5.00%
 1469543 595444      928.4300   257      940.0000      893.0882 1.53e+08    4.99%
 1473599 596602      929.6932   199      940.0000      893.2000 1.53e+08    4.98%
                                                    Covers: 1                  
Elapsed time = 5077.35 sec. (1415506.45 ticks, tree = 45099.75 MB, solutions = 32)
Nodefile size = 44970.72 MB (29248.80 MB after compression)
 1476646 597436      906.8333   168      940.0000      893.2889 1.54e+08    4.97%
 1481501 598622      928.6667   139      940.0000      893.3478 1.54e+08    4.96%
 1487666 600527        cutoff            940.0000      893.3478 1.55e+08    4.96%
 1492188 601503      912.6905   222      940.0000      893.4872 1.55e+08    4.95%
 1493892 601816        cutoff            940.0000      893.5000 1.55e+08    4.95%
 1498837 603172      916.9216   132      940.0000      893.5833 1.56e+08    4.94%
 1503671 604330      901.4444   386      940.0000      893.6667 1.56e+08    4.93%
 1509089 605720      895.0667   159      940.0000      893.8000 1.57e+08    4.91%
 1512123 606502      937.6875   209      940.0000      893.8000 1.57e+08    4.91%
 1515579 607496      900.2500   159      940.0000      893.8421 1.58e+08    4.91%
Elapsed time = 5213.85 sec. (1454505.43 ticks, tree = 45432.08 MB, solutions = 32)
Nodefile size = 45298.71 MB (29437.22 MB after compression)
 1521768 609527    infeasible            940.0000      894.0000 1.58e+08    4.89%
 1526293 610435    infeasible            940.0000      894.0000 1.59e+08    4.89%
 1530135 611338      935.4286   358      940.0000      894.0500 1.59e+08    4.89%
 1534552 612624      930.9630   278      940.0000      894.1250 1.60e+08    4.88%
 1539642 614229      906.5758   215      940.0000      894.2222 1.60e+08    4.87%
 1545539 615997        cutoff            940.0000      894.2222 1.60e+08    4.87%
 1549071 616881      906.9634   383      940.0000      894.3333 1.61e+08    4.86%
 1552097 617769      906.6543   413      940.0000      894.4000 1.61e+08    4.85%
 1558126 619537        cutoff            940.0000      894.4583 1.62e+08    4.84%
 1562612 620377      924.6000   283      940.0000      894.5000 1.62e+08    4.84%
Elapsed time = 5366.44 sec. (1494344.72 ticks, tree = 46284.46 MB, solutions = 32)
Nodefile size = 46153.99 MB (29957.99 MB after compression)
 1567819 621906      903.3333   235      940.0000      894.6667 1.62e+08    4.82%
 1570384 622544        cutoff            940.0000      894.6667 1.63e+08    4.82%
 1574988 623780      906.1325   302      940.0000      894.6667 1.63e+08    4.82%
 1580631 625396        cutoff            940.0000      894.7500 1.64e+08    4.81%
 1584172 626338      923.5000   206      940.0000      894.8750 1.64e+08    4.80%
 1588411 627818      921.3333   189      940.0000      894.9500 1.65e+08    4.79%
 1593786 629504      925.0833   254      940.0000      895.0000 1.65e+08    4.79%
 1598765 630316      901.2083   277      940.0000      895.0000 1.66e+08    4.79%
 1600606 630796      927.3333   166      940.0000      895.0000 1.66e+08    4.79%
 1604547 632020      907.7000   306      940.0000      895.0769 1.66e+08    4.78%
Elapsed time = 5504.74 sec. (1533066.57 ticks, tree = 46727.83 MB, solutions = 32)
Nodefile size = 46594.70 MB (30218.12 MB after compression)
 1609976 633473      897.3333   176      940.0000      895.1667 1.67e+08    4.77%
 1614660 634545      913.7500   207      940.0000      895.2667 1.67e+08    4.76%
 1619283 635695        cutoff            940.0000      895.2667 1.67e+08    4.76%
 1620699 636083        cutoff            940.0000      895.3333 1.68e+08    4.75%
 1626870 637795      900.3047   286      940.0000      895.3750 1.68e+08    4.75%
 1632426 639099      928.6667   223      940.0000      895.5000 1.69e+08    4.73%
 1637263 640148        cutoff            940.0000      895.5242 1.69e+08    4.73%
 1642028 641410      905.9540   286      940.0000      895.6667 1.70e+08    4.72%
                                                    Covers: 1                  
 1644836 641972      906.2500   235      940.0000      895.6667 1.70e+08    4.72%
 1649856 643291      899.1333   188      940.0000      895.6667 1.70e+08    4.72%
Elapsed time = 5653.99 sec. (1571682.90 ticks, tree = 47309.92 MB, solutions = 32)
Nodefile size = 47174.34 MB (30559.76 MB after compression)
 1655132 644734      919.0000   178      940.0000      895.7727 1.71e+08    4.71%
 1659474 645865        cutoff            940.0000      895.8889 1.71e+08    4.69%
 1664666 647500        cutoff            940.0000      896.0000 1.72e+08    4.68%
                                                    Covers: 2                  
 1668389 648581      930.6250   185      940.0000      896.0000 1.72e+08    4.68%
 1672262 649362      905.0000   182      940.0000      896.0000 1.72e+08    4.68%
 1676135 650084      911.6250   196      940.0000      896.0000 1.73e+08    4.68%
 1680512 651251        cutoff            940.0000      896.0833 1.73e+08    4.67%
 1683931 652052      928.5000   214      940.0000      896.1667 1.74e+08    4.66%
 1689234 653355      927.0000   236      940.0000      896.2500 1.74e+08    4.65%
 1694898 655086      934.1667   209      940.0000      896.3333 1.75e+08    4.65%
                                                      Cuts: 2                  
Elapsed time = 5807.07 sec. (1610348.72 ticks, tree = 48025.48 MB, solutions = 32)
Nodefile size = 47895.22 MB (30991.57 MB after compression)
 1700347 656598      926.3333   219      940.0000      896.3333 1.75e+08    4.65%
 1701742 656917        cutoff            940.0000      896.4091 1.75e+08    4.64%
 1708699 658699      913.3333    78      940.0000      896.4659 1.76e+08    4.63%
 1713641 659633      921.8333   244      940.0000      896.5000 1.76e+08    4.63%
 1717611 660804      924.7500   275      940.0000      896.5942 1.77e+08    4.62%
 1721743 661957      897.3333   226      940.0000      896.6667 1.77e+08    4.61%
 1727098 663154      912.9500   205      940.0000      896.7143 1.78e+08    4.60%
 1732389 664493      937.7500   303      940.0000      896.7143 1.78e+08    4.60%
 1734323 664863      906.2000   312      940.0000      896.7917 1.79e+08    4.60%
 1738780 666008      930.2500   288      940.0000      896.8667 1.79e+08    4.59%
Elapsed time = 5953.25 sec. (1650071.02 ticks, tree = 48324.61 MB, solutions = 32)
Nodefile size = 48190.79 MB (31165.39 MB after compression)
 1744871 668018        cutoff            940.0000      896.9762 1.79e+08    4.58%
 1749526 669334      933.7667   304      940.0000      897.0000 1.80e+08    4.57%
 1753729 669936      915.0000   143      940.0000      897.0000 1.80e+08    4.57%
 1755843 670286      899.6667   186      940.0000      897.0000 1.81e+08    4.57%
 1759832 671351      909.5833   206      940.0000      897.0128 1.81e+08    4.57%
                                                    Covers: 1                  
 1766144 672987      917.7749   196      940.0000      897.1382 1.82e+08    4.56%
 1771060 674173      922.3333   340      940.0000      897.2000 1.82e+08    4.55%
 1776085 675792      913.0000   236      940.0000      897.3333 1.82e+08    4.54%
                                                    Covers: 1                  
 1780071 676738      922.5294   251      940.0000      897.3448 1.83e+08    4.54%
                                                    Covers: 2                  
 1782842 677411      921.4667   206      940.0000      897.3448 1.83e+08    4.54%
Elapsed time = 6109.14 sec. (1688522.47 ticks, tree = 49184.67 MB, solutions = 32)
Nodefile size = 49055.35 MB (31688.14 MB after compression)
 1786792 678509      910.0937   300      940.0000      897.4250 1.83e+08    4.53%
 1793192 679935      900.3667   274      940.0000      897.5000 1.84e+08    4.52%
                                                    Covers: 1                  
 1797554 680890      927.5000   195      940.0000      897.5000 1.84e+08    4.52%
 1801978 681967        cutoff            940.0000      897.6250 1.85e+08    4.51%
 1805364 682563        cutoff            940.0000      897.6667 1.85e+08    4.50%
 1810885 683937      907.6667   225      940.0000      897.6667 1.86e+08    4.50%
 1815464 685011      931.9942   251      940.0000      897.7436 1.86e+08    4.50%
                                                    Covers: 1                  
 1817849 685567      937.8333   287      940.0000      897.8333 1.86e+08    4.49%
 1822261 686568        cutoff            940.0000      897.8889 1.87e+08    4.48%
 1828383 688440      898.4542   301      940.0000      898.0000 1.87e+08    4.47%
Elapsed time = 6259.11 sec. (1727499.95 ticks, tree = 49591.14 MB, solutions = 32)
Nodefile size = 49458.90 MB (31923.88 MB after compression)
 1833852 689641        cutoff            940.0000      898.0000 1.88e+08    4.47%
 1838712 690449      906.0897   246      940.0000      898.0000 1.88e+08    4.47%
 1840658 690977      909.4000   332      940.0000      898.0000 1.89e+08    4.47%
 1845863 692372      908.3571   253      940.0000      898.0808 1.89e+08    4.46%
 1851235 693554      919.2778   291      940.0000      898.1667 1.90e+08    4.45%
 1855498 694383      913.1667   220      940.0000      898.2500 1.90e+08    4.44%
 1861208 695865        cutoff            940.0000      898.3333 1.90e+08    4.43%
 1864351 696654      914.7000   251      940.0000      898.3333 1.91e+08    4.43%
 1868249 697638        cutoff            940.0000      898.3571 1.91e+08    4.43%
 1874386 699352      926.8000   100      940.0000      898.4792 1.92e+08    4.42%
Elapsed time = 6411.44 sec. (1766037.57 ticks, tree = 50152.15 MB, solutions = 32)
Nodefile size = 50016.46 MB (32254.95 MB after compression)
 1879062 700022        cutoff            940.0000      898.5000 1.92e+08    4.41%
 1883120 701136      926.9167   129      940.0000      898.5556 1.92e+08    4.41%
 1886327 701897      924.2167   250      940.0000      898.6344 1.93e+08    4.40%
 1892128 703111      909.4672   366      940.0000      898.6344 1.93e+08    4.40%
 1896603 704116        cutoff            940.0000      898.6791 1.94e+08    4.40%
                                                    Covers: 2                  
 1901691 705312      905.7000   248      940.0000      898.7500 1.94e+08    4.39%
 1905212 705964      913.2903   391      940.0000      898.8333 1.94e+08    4.38%
 1908507 706773      920.4111   335      940.0000      898.9167 1.95e+08    4.37%
 1914975 708638      909.6000   189      940.0000      899.0000 1.95e+08    4.36%
 1920934 710037      935.7381   307      940.0000      899.0000 1.96e+08    4.36%
Elapsed time = 6558.81 sec. (1804923.19 ticks, tree = 50652.23 MB, solutions = 32)
Nodefile size = 50514.45 MB (32544.13 MB after compression)
 1924684 710361      928.0781   333      940.0000      899.0000 1.96e+08    4.36%
 1927669 711085        cutoff            940.0000      899.0357 1.96e+08    4.36%
 1930826 711894      913.7500   212      940.0000      899.1000 1.97e+08    4.35%
 1936596 713295      909.2526   168      940.0000      899.1667 1.97e+08    4.34%
 1942715 714719      900.9333   247      940.0000      899.1667 1.98e+08    4.34%
 1944215 715030      929.5000   252      940.0000      899.2500 1.98e+08    4.34%
 1948582 716197      937.8333   209      940.0000      899.3000 1.98e+08    4.33%
 1954535 717543      913.6000   211      940.0000      899.3455 1.99e+08    4.32%
 1958814 718639        cutoff            940.0000      899.4556 1.99e+08    4.31%
 1963302 719757      918.0000   194      940.0000      899.5000 2.00e+08    4.31%
Elapsed time = 6699.30 sec. (1843336.87 ticks, tree = 50982.43 MB, solutions = 32)
Nodefile size = 50850.51 MB (32740.99 MB after compression)
 1968674 720407        cutoff            940.0000      899.5000 2.00e+08    4.31%
 1970824 720896      908.0667   277      940.0000      899.5000 2.01e+08    4.31%
 1975754 722143      919.5700   307      940.0000      899.5556 2.01e+08    4.30%
 1981014 723115      922.8355   414      940.0000      899.6667 2.02e+08    4.29%
 1986425 724283      928.8750   177      940.0000      899.7000 2.02e+08    4.29%
 1990854 725270      899.8333   160      940.0000      899.8000 2.02e+08    4.28%
 1993966 725977        cutoff            940.0000      899.8333 2.03e+08    4.27%
 1998780 727196      914.1538   220      940.0000      899.8333 2.03e+08    4.27%
 2004744 728624      922.0392   210      940.0000      899.9333 2.04e+08    4.26%
 2009350 729796      934.6667   235      940.0000      900.0000 2.04e+08    4.26%
Elapsed time = 6847.58 sec. (1882025.48 ticks, tree = 51453.68 MB, solutions = 32)
Nodefile size = 51320.29 MB (33016.39 MB after compression)
 2013494 730525      929.3333   162      940.0000      900.0000 2.04e+08    4.26%
 2016248 730833      921.2500   238      940.0000      900.0000 2.05e+08    4.26%
 2021030 731961      902.2500   254      940.0000      900.0667 2.05e+08    4.25%
 2027327 733384        cutoff            940.0000      900.0667 2.06e+08    4.25%
 2030843 734159        cutoff            940.0000      900.1429 2.06e+08    4.24%
 2034607 735111      921.8994   464      940.0000      900.2250 2.06e+08    4.23%
 2037571 735763      921.9048   187      940.0000      900.2500 2.07e+08    4.23%
 2043359 737168      909.4091   321      940.0000      900.3333 2.07e+08    4.22%
 2048890 738336      933.5000   210      940.0000      900.3333 2.08e+08    4.22%
 2053651 739608      931.0000   193      940.0000      900.4000 2.08e+08    4.21%
Elapsed time = 6995.53 sec. (1920546.36 ticks, tree = 52004.57 MB, solutions = 32)
Nodefile size = 51869.78 MB (33350.31 MB after compression)
 2057217 740426      931.5625   335      940.0000      900.5000 2.08e+08    4.20%
 2061038 741112      921.5000   277      940.0000      900.5000 2.09e+08    4.20%
                                                  ZeroHalf: 1                  
 2066968 742129      933.5333   168      940.0000      900.5000 2.09e+08    4.20%
 2071489 743186      918.6476   401      940.0000      900.6250 2.10e+08    4.19%
 2075336 743970      930.4167   191      940.0000      900.6667 2.10e+08    4.18%
 2081073 745129        cutoff            940.0000      900.7222 2.11e+08    4.18%
 2087130 746435      926.0000   128      940.0000      900.7222 2.11e+08    4.18%
 2089430 746890      913.6667   256      940.0000      900.8000 2.11e+08    4.17%
 2093762 747694      911.1667   187      940.0000      900.8500 2.12e+08    4.16%
 2099713 749103      919.3333   164      940.0000      900.9412 2.12e+08    4.16%
Elapsed time = 7147.25 sec. (1960084.35 ticks, tree = 52358.95 MB, solutions = 32)
Nodefile size = 52226.29 MB (33559.75 MB after compression)
 2104661 750132      938.0000   192      940.0000      901.0000 2.13e+08    4.15%
 2109459 750959        cutoff            940.0000      901.0000 2.13e+08    4.15%
 2111921 751168        cutoff            940.0000      901.0000 2.14e+08    4.15%
 2115281 751704      908.0625   186      940.0000      901.0000 2.14e+08    4.15%
                                                    Covers: 1                  
 2120749 752946      925.5000   146      940.0000      901.0600 2.14e+08    4.14%
 2126645 754171        cutoff            940.0000      901.1667 2.15e+08    4.13%
 2130779 755113        cutoff            940.0000      901.2222 2.15e+08    4.13%
                                                    Covers: 2                  
 2133781 755664      921.5833   397      940.0000      901.2500 2.16e+08    4.12%
 2140314 757410        cutoff            940.0000      901.3333 2.16e+08    4.11%
 2145796 758553        cutoff            940.0000      901.3333 2.17e+08    4.11%
Elapsed time = 7296.75 sec. (1999392.18 ticks, tree = 52928.04 MB, solutions = 32)
Nodefile size = 52788.02 MB (33892.10 MB after compression)
 2147373 758965        cutoff            940.0000      901.3750 2.17e+08    4.11%
 2153110 760120      934.4706   219      940.0000      901.4242 2.17e+08    4.10%
 2158836 761161      920.0000   261      940.0000      901.5000 2.18e+08    4.10%
 2163501 761660      901.5625   162      940.0000      901.5000 2.18e+08    4.10%
 2168159 762679      910.6667   351      940.0000      901.6000 2.19e+08    4.09%
 2171707 763481      910.6667   280      940.0000      901.6000 2.19e+08    4.09%
 2176149 764080      930.5000   221      940.0000      901.6538 2.19e+08    4.08%
 2181193 765266      918.2500   180      940.0000      901.6667 2.20e+08    4.08%
 2184265 765807        cutoff            940.0000      901.7500 2.20e+08    4.07%
 2189522 766822      930.4286   260      940.0000      901.8000 2.21e+08    4.06%
Elapsed time = 7445.35 sec. (2038322.31 ticks, tree = 53136.05 MB, solutions = 32)
Nodefile size = 53004.83 MB (34007.56 MB after compression)
 2194317 767714      927.1500   185      940.0000      901.8750 2.21e+08    4.06%
 2199904 768930      927.0000   190      940.0000      901.9732 2.21e+08    4.05%
                                                      Cuts: 3                  
 2206053 770326      933.2500   222      940.0000      901.9732 2.22e+08    4.05%
 2208260 770827      932.9429   268      940.0000      902.0000 2.22e+08    4.04%
                                                  Impl Bds: 2                  
 2212923 771591      914.1429   198      940.0000      902.0000 2.23e+08    4.04%
 2216400 771892      912.5833   196      940.0000      902.0000 2.23e+08    4.04%
                                                    Covers: 2                  
 2221420 773123      915.5238   364      940.0000      902.0870 2.23e+08    4.03%
 2224836 773778      927.4231   359      940.0000      902.1333 2.24e+08    4.03%
 2230378 774871        cutoff            940.0000      902.2000 2.24e+08    4.02%
 2236323 775900      931.1667   118      940.0000      902.2000 2.25e+08    4.02%
Elapsed time = 7594.92 sec. (2076865.75 ticks, tree = 53463.80 MB, solutions = 32)
Nodefile size = 53328.78 MB (34198.22 MB after compression)
 2237886 776276      910.3556   341      940.0000      902.2500 2.25e+08    4.02%
 2244043 777611      933.5455   256      940.0000      902.3000 2.26e+08    4.01%
 2249138 778518        cutoff            940.0000      902.3333 2.26e+08    4.01%
 2255374 779745      917.7500   169      940.0000      902.4333 2.27e+08    4.00%
 2259697 780554        cutoff            940.0000      902.5000 2.27e+08    3.99%
 2262736 780838      923.7500   309      940.0000      902.5000 2.27e+08    3.99%
 2268331 781677      917.4000   342      940.0000      902.5000 2.28e+08    3.99%
 2272664 782663        cutoff            940.0000      902.5556 2.28e+08    3.98%
 2276002 783505        cutoff            940.0000      902.6429 2.28e+08    3.97%
                                                    Covers: 1                  
 2279979 784037      931.8333   292      940.0000      902.6667 2.29e+08    3.97%
Elapsed time = 7743.91 sec. (2116068.60 ticks, tree = 53726.87 MB, solutions = 32)
Nodefile size = 53596.56 MB (34350.72 MB after compression)
 2286451 785330      903.7500   273      940.0000      902.7250 2.29e+08    3.97%
 2290707 786143      926.1250   193      940.0000      902.8000 2.30e+08    3.96%
 2294531 786955      908.8889   307      940.0000      902.8000 2.30e+08    3.96%
 2298683 787736      935.6667   189      940.0000      902.8333 2.31e+08    3.95%
 2304891 789029      913.8000   191      940.0000      902.9286 2.31e+08    3.94%
 2310916 790052        cutoff            940.0000      903.0000 2.31e+08    3.94%
 2314528 790551        cutoff            940.0000      903.0000 2.32e+08    3.94%
 2317555 790808      937.0000   293      940.0000      903.0000 2.32e+08    3.94%
 2322139 791413      912.8864   300      940.0000      903.0250 2.33e+08    3.93%
 2328327 792617        cutoff            940.0000      903.1250 2.33e+08    3.92%
Elapsed time = 7901.18 sec. (2155138.23 ticks, tree = 54219.98 MB, solutions = 32)
Nodefile size = 54090.69 MB (34640.88 MB after compression)
 2332734 793192      935.2500   228      940.0000      903.1250 2.34e+08    3.92%
 2334619 793583      927.6667   160      940.0000      903.1835 2.34e+08    3.92%
 2341016 794664      921.3941   316      940.0000      903.2130 2.34e+08    3.91%
 2347064 796034      920.0889   178      940.0000      903.3000 2.35e+08    3.90%
 2351876 796826      931.0000   135      940.0000      903.3333 2.35e+08    3.90%
                                                    Covers: 1                  
 2356626 797765      909.1104   360      940.0000      903.4000 2.36e+08    3.89%
 2359615 798290      911.0279   339      940.0000      903.4444 2.36e+08    3.89%
 2366482 799559      931.6026   222      940.0000      903.5000 2.37e+08    3.88%
 2371299 800099      920.0769   330      940.0000      903.5000 2.37e+08    3.88%
 2374267 800520      939.0000   151      940.0000      903.5000 2.37e+08    3.88%
Elapsed time = 8053.54 sec. (2194659.89 ticks, tree = 54482.24 MB, solutions = 32)
Nodefile size = 54352.79 MB (34789.67 MB after compression)
 2379312 801448      905.7500   171      940.0000      903.5515 2.38e+08    3.88%
 2385604 802507      923.9286   234      940.0000      903.6250 2.38e+08    3.87%
 2388642 802851        cutoff            940.0000      903.6667 2.39e+08    3.87%
 2391974 803422      925.0833   340      940.0000      903.6667 2.39e+08    3.87%
 2397788 804332      917.2000   101      940.0000      903.7500 2.39e+08    3.86%
 2403580 805382      929.8917   174      940.0000      903.7500 2.40e+08    3.86%
 2408293 806264      915.7500   219      940.0000      903.8333 2.40e+08    3.85%
                                                    Covers: 1                  
 2411179 806832        cutoff            940.0000      903.9333 2.40e+08    3.84%
                                                    Covers: 1                  
 2416852 807866      910.7515   261      940.0000      904.0000 2.41e+08    3.83%
 2422256 808831      914.1333   120      940.0000      904.0000 2.41e+08    3.83%
                                                    Covers: 1                  
Elapsed time = 8201.82 sec. (2233567.60 ticks, tree = 54702.09 MB, solutions = 32)
Nodefile size = 54570.75 MB (34908.94 MB after compression)
 2427305 809526    infeasible            940.0000      904.0000 2.42e+08    3.83%
 2430039 809572        cutoff            940.0000      904.0000 2.42e+08    3.83%
 2433273 810150      917.7870   190      940.0000      904.0000 2.43e+08    3.83%
 2439537 811457      908.0263   273      940.0000      904.0714 2.43e+08    3.82%
                                                    Covers: 1                  
 2444290 812046      909.3333   223      940.0000      904.1250 2.43e+08    3.82%
                                                    Covers: 2                  
 2447894 812606        cutoff            940.0000      904.2000 2.44e+08    3.81%
 2451873 813318        cutoff            940.0000      904.2417 2.44e+08    3.80%
 2457324 814225      923.9048   206      940.0000      904.3000 2.45e+08    3.80%
 2463154 815104      934.5833   257      940.0000      904.3000 2.45e+08    3.80%
 2464674 815253      914.1250   175      940.0000      904.3333 2.45e+08    3.79%
Elapsed time = 8344.74 sec. (2272211.25 ticks, tree = 54969.85 MB, solutions = 32)
Nodefile size = 54840.79 MB (35066.47 MB after compression)
 2470231 816081      937.2500   313      940.0000      904.3750 2.46e+08    3.79%
 2476111 817037      910.7857   251      940.0000      904.4667 2.46e+08    3.78%
 2481839 817602      915.2500   195      940.0000      904.5000 2.47e+08    3.78%
 2485961 817885      909.3333   301      940.0000      904.5000 2.47e+08    3.78%
 2488376 818425      929.6667   401      940.0000      904.5000 2.48e+08    3.78%
 2493743 819518        cutoff            940.0000      904.5611 2.48e+08    3.77%
 2500523 820439    infeasible            940.0000      904.6429 2.48e+08    3.76%
 2503199 820702      928.0833   185      940.0000      904.6667 2.49e+08    3.76%
 2506323 821310      936.0000    68      940.0000      904.7143 2.49e+08    3.75%
 2512520 822149        cutoff            940.0000      904.7708 2.50e+08    3.75%
Elapsed time = 8494.92 sec. (2310689.43 ticks, tree = 55090.78 MB, solutions = 32)
Nodefile size = 54960.78 MB (35124.68 MB after compression)
 2517593 822992      932.3500   176      940.0000      904.8333 2.50e+08    3.74%
 2523661 824070      935.6667   156      940.0000      904.8333 2.50e+08    3.74%
 2524273 824195      919.2750   212      940.0000      904.9000 2.51e+08    3.73%
 2531390 825576      931.7436   170      940.0000      904.9600 2.51e+08    3.73%
 2536942 826441      914.8786   292      940.0000      905.0000 2.52e+08    3.72%
 2541116 826963      921.1667   219      940.0000      905.0000 2.52e+08    3.72%
 2545061 827127        cutoff            940.0000      905.0000 2.52e+08    3.72%
 2549898 827723        cutoff            940.0000      905.0455 2.53e+08    3.72%
 2553299 828419      910.1905   163      940.0000      905.0455 2.53e+08    3.72%
 2557089 829044        cutoff            940.0000      905.0952 2.54e+08    3.71%
Elapsed time = 8638.50 sec. (2349204.58 ticks, tree = 55163.17 MB, solutions = 32)
Nodefile size = 55029.18 MB (35150.40 MB after compression)
 2563668 829960      930.4167   324      940.0000      905.1667 2.54e+08    3.71%
 2569197 830720        cutoff            940.0000      905.2222 2.55e+08    3.70%
 2572675 831300        cutoff            940.0000      905.2778 2.55e+08    3.69%
 2577342 832288      929.8333   175      940.0000      905.3235 2.55e+08    3.69%
 2582435 832928    infeasible            940.0000      905.3438 2.56e+08    3.69%
 2587778 833623      928.3690   266      940.0000      905.3438 2.56e+08    3.69%
 2590008 834007        cutoff            940.0000      905.4167 2.57e+08    3.68%
 2595670 834888        cutoff            940.0000      905.4667 2.57e+08    3.67%
 2601730 835527      916.0000   220      940.0000      905.5000 2.58e+08    3.67%
 2606063 835871      917.6667   181      940.0000      905.5000 2.58e+08    3.67%
Elapsed time = 8791.12 sec. (2388094.27 ticks, tree = 55263.55 MB, solutions = 32)
Nodefile size = 55132.77 MB (35194.71 MB after compression)
 2611046 836806      930.5000   241      940.0000      905.5882 2.58e+08    3.66%
 2613956 837359      925.8667   216      940.0000      905.6071 2.59e+08    3.66%
 2619631 838040      922.2750   331      940.0000      905.6071 2.59e+08    3.66%
 2623562 838411        cutoff            940.0000      905.6667 2.59e+08    3.65%
 2627370 838993      917.5303   226      940.0000      905.7143 2.60e+08    3.65%
 2631997 839528        cutoff            940.0000      905.7500 2.60e+08    3.64%
 2638085 840359        cutoff            940.0000      905.8333 2.61e+08    3.63%
 2643283 841095      935.2963   208      940.0000      905.8889 2.61e+08    3.63%
 2648808 841861        cutoff            940.0000      905.9697 2.61e+08    3.62%
 2652223 842415        cutoff            940.0000      905.9697 2.62e+08    3.62%
Elapsed time = 8936.54 sec. (2426918.77 ticks, tree = 55566.44 MB, solutions = 32)
Nodefile size = 55437.05 MB (35369.23 MB after compression)
 2657985 843195        cutoff            940.0000      906.0000 2.62e+08    3.62%
                                                    Covers: 1                  
 2663327 843742      918.4500   228      940.0000      906.0000 2.63e+08    3.62%
 2666279 843810      919.0625   242      940.0000      906.0000 2.63e+08    3.62%
 2668480 843886    infeasible            940.0000      906.0000 2.64e+08    3.62%
 2674839 845191      921.1210   286      940.0000      906.0833 2.64e+08    3.61%
                                                  Impl Bds: 1                  
 2680020 845956      927.1667   147      940.0000      906.1429 2.64e+08    3.60%
                                                    Covers: 3                  
 2685833 846590      938.7742   211      940.0000      906.1429 2.65e+08    3.60%
 2688154 846951      926.6667   232      940.0000      906.2000 2.65e+08    3.60%
 2692664 847414      934.7625   362      940.0000      906.2500 2.66e+08    3.59%
 2699390 848724      923.1667   158      940.0000      906.3000 2.66e+08    3.59%
Elapsed time = 9083.84 sec. (2465256.09 ticks, tree = 55720.11 MB, solutions = 32)
Nodefile size = 55589.36 MB (35452.09 MB after compression)
 2703114 849075        cutoff            940.0000      906.3333 2.66e+08    3.58%
 2708239 850016      915.6667   123      940.0000      906.3810 2.67e+08    3.58%
 2714281 850851        cutoff            940.0000      906.4667 2.67e+08    3.57%
 2716802 851119      909.3333   177      940.0000      906.4667 2.67e+08    3.57%
 2723154 851791      919.7500   159      940.0000      906.5000 2.68e+08    3.56%
 2728240 851988      916.3333   181      940.0000      906.5000 2.68e+08    3.56%
                                                    Covers: 1                  
 2731794 852575      928.2000   165      940.0000      906.5455 2.69e+08    3.56%
 2736185 853347      921.1250   203      940.0000      906.5931 2.69e+08    3.55%
 2742216 854232      929.3725   306      940.0000      906.6667 2.70e+08    3.55%
                                                    Covers: 1                  
 2746453 854367      926.7143   287      940.0000      906.6667 2.70e+08    3.55%
Elapsed time = 9238.37 sec. (2504006.48 ticks, tree = 55833.79 MB, solutions = 32)
Nodefile size = 55704.66 MB (35505.52 MB after compression)
 2749906 854832      908.9118   321      940.0000      906.7143 2.71e+08    3.54%
 2755932 855474        cutoff            940.0000      906.7500 2.71e+08    3.54%
 2762213 856264        cutoff            940.0000      906.7500 2.71e+08    3.54%
 2763348 856374        cutoff            940.0000      906.8333 2.72e+08    3.53%
 2768400 857139      928.2292   268      940.0000      906.8611 2.72e+08    3.53%
 2775045 858139      919.6667   155      940.0000      906.9286 2.73e+08    3.52%
 2780687 858889        cutoff            940.0000      907.0000 2.73e+08    3.51%
 2785699 859499      916.9167   151      940.0000      907.0000 2.73e+08    3.51%
 2788910 859774        cutoff            940.0000      907.0000 2.74e+08    3.51%
 2793274 859755        cutoff            940.0000      907.0000 2.74e+08    3.51%
Elapsed time = 9379.75 sec. (2543119.25 ticks, tree = 55980.41 MB, solutions = 32)
Nodefile size = 55847.01 MB (35574.11 MB after compression)
 2797374 859987      917.3768   323      940.0000      907.0000 2.75e+08    3.51%
 2801255 860666      920.0000   338      940.0000      907.0691 2.75e+08    3.50%
 2806878 861417      925.2857   152      940.0000      907.1098 2.76e+08    3.50%
 2812229 861893        cutoff            940.0000      907.1667 2.76e+08    3.49%
 2817092 862665        cutoff            940.0000      907.2143 2.76e+08    3.49%
                                                    Covers: 1                  
 2821935 862980      932.6875   376      940.0000      907.2553 2.77e+08    3.48%
 2825619 863721        cutoff            940.0000      907.3333 2.77e+08    3.48%
 2831959 864464        cutoff            940.0000      907.3333 2.78e+08    3.48%
 2837630 865119      912.3864   262      940.0000      907.3333 2.78e+08    3.48%
 2839653 865407      927.3750   176      940.0000      907.4000 2.78e+08    3.47%
Elapsed time = 9531.33 sec. (2582682.61 ticks, tree = 56047.27 MB, solutions = 32)
Nodefile size = 55918.53 MB (35604.55 MB after compression)
 2845482 866341        cutoff            940.0000      907.4444 2.79e+08    3.46%
 2852565 866991      917.9048   219      940.0000      907.5000 2.79e+08    3.46%
 2856687 866951        cutoff            940.0000      907.5000 2.80e+08    3.46%
 2861142 867665      934.8333   244      940.0000      907.5462 2.80e+08    3.45%
 2864275 868084      926.7121   378      940.0000      907.5833 2.80e+08    3.45%
 2870876 869020        cutoff            940.0000      907.6429 2.81e+08    3.44%
 2877100 869375        cutoff            940.0000      907.6429 2.81e+08    3.44%
 2878868 869592      928.9608   371      940.0000      907.6689 2.82e+08    3.44%
 2883409 870192      914.1875   220      940.0000      907.7143 2.82e+08    3.43%
 2889506 870729        cutoff            940.0000      907.7571 2.83e+08    3.43%
Elapsed time = 9686.56 sec. (2621459.72 ticks, tree = 55959.87 MB, solutions = 32)
Nodefile size = 55827.61 MB (35527.30 MB after compression)
 2893912 870957      917.0667   164      940.0000      907.8333 2.83e+08    3.42%
 2899386 871693      910.5625   212      940.0000      907.8889 2.83e+08    3.42%
 2902703 872131      919.0000   431      940.0000      907.9333 2.84e+08    3.41%
 2908909 872889      938.0000   172      940.0000      907.9333 2.84e+08    3.41%
 2914063 873420      924.3333   193      940.0000      908.0000 2.84e+08    3.40%
 2918447 873836      912.7778   214      940.0000      908.0000 2.85e+08    3.40%
 2923089 874125      922.0000   255      940.0000      908.0000 2.85e+08    3.40%
 2926085 873866      926.4167   247      940.0000      908.0000 2.86e+08    3.40%
 2926843 873823      909.6471   352      940.0000      908.0000 2.86e+08    3.40%
 2932878 874669      936.2778   247      940.0000      908.0076 2.86e+08    3.40%
Elapsed time = 9834.37 sec. (2663470.10 ticks, tree = 55996.37 MB, solutions = 32)
Nodefile size = 55863.11 MB (35531.22 MB after compression)
 2937893 875274      914.4762   195      940.0000      908.0909 2.87e+08    3.39%
 2942923 875762        cutoff            940.0000      908.1591 2.87e+08    3.39%
 2946015 876144      920.3000   197      940.0000      908.1667 2.87e+08    3.39%
 2952616 876520        cutoff            940.0000      908.2222 2.88e+08    3.38%
 2957279 877015      936.0714   328      940.0000      908.2857 2.88e+08    3.37%
 2961403 877804      923.5852   312      940.0000      908.3333 2.89e+08    3.37%
 2969405 878159      937.0385   316      940.0000      908.3333 2.89e+08    3.37%
 2973525 878492      915.3030   223      940.0000      908.3929 2.90e+08    3.36%
 2976047 878709      921.3333   207      940.0000      908.4375 2.90e+08    3.36%
 2984720 879412      917.1667   182      940.0000      908.4667 2.91e+08    3.35%
Elapsed time = 10000.67 sec. (2709735.62 ticks, tree = 56047.98 MB, solutions = 32)
Nodefile size = 55916.16 MB (35545.66 MB after compression)
 2990107 879469      909.0000   253      940.0000      908.5000 2.91e+08    3.35%
 2993579 879575      936.2000   253      940.0000      908.5000 2.91e+08    3.35%
 2997392 880124      915.6591   186      940.0000      908.5417 2.92e+08    3.35%
 3002856 880656      936.0111   321      940.0000      908.5958 2.92e+08    3.34%
 3003061 880690      933.0000   149      940.0000      908.5958 2.92e+08    3.34%
 3009982 881200      935.0370   317      940.0000      908.6429 2.93e+08    3.34%
 3013180 881252      913.3750   239      940.0000      908.6667 2.93e+08    3.33%
                                                    Covers: 1                  
 3015359 881510      938.3558   259      940.0000      908.7083 2.93e+08    3.33%
 3018437 881853      916.5000   198      940.0000      908.7083 2.94e+08    3.33%
 3022174 881902      908.7857   197      940.0000      908.7353 2.94e+08    3.33%
Elapsed time = 10144.97 sec. (2760785.27 ticks, tree = 55947.78 MB, solutions = 32)
Nodefile size = 55817.33 MB (35470.60 MB after compression)
 3023393 882019      922.5250   171      940.0000      908.7353 2.94e+08    3.33%
 3025544 882312      928.0556   217      940.0000      908.7857 2.94e+08    3.32%
 3030205 882599      911.4500   187      940.0000      908.8000 2.95e+08    3.32%
 3030805 882687      930.3538   166      940.0000      908.8000 2.95e+08    3.32%
 3031983 882912      921.8405   128      940.0000      908.8000 2.95e+08    3.32%
 3034458 883134      931.5833   186      940.0000      908.8523 2.95e+08    3.31%
 3039198 883596      913.0556   155      940.0000      908.9000 2.95e+08    3.31%
 3039737 883666      923.0095   157      940.0000      908.9000 2.95e+08    3.31%
 3044283 884140      931.0667   111      940.0000      908.9583 2.96e+08    3.30%
 3047077 884438      910.9412   254      940.0000      909.0000 2.96e+08    3.30%
Elapsed time = 10351.86 sec. (2878795.92 ticks, tree = 55942.25 MB, solutions = 32)
Nodefile size = 55813.21 MB (35460.70 MB after compression)
 3051851 884871      919.5000   217      940.0000      909.0000 2.96e+08    3.30%
 3056827 885182      917.8429   200      940.0000      909.0000 2.97e+08    3.30%
 3058232 885232      934.8125   218      940.0000      909.0000 2.97e+08    3.30%
 3060253 885225      913.4615   275      940.0000      909.0000 2.97e+08    3.30%
 3062235 885124      933.6667   156      940.0000      909.0000 2.97e+08    3.30%
 3064757 884917      936.0000   190      940.0000      909.0000 2.98e+08    3.30%
 3069186 885459      917.0000   206      940.0000      909.0000 2.98e+08    3.30%
 3069817 885530      918.7000   110      940.0000      909.0000 2.98e+08    3.30%
 3070562 885597      912.5952   230      940.0000      909.0000 2.98e+08    3.30%
 3072849 885840      918.2333   165      940.0000      909.0800 2.98e+08    3.29%
Elapsed time = 10593.52 sec. (3030412.29 ticks, tree = 55884.15 MB, solutions = 32)
Nodefile size = 55755.00 MB (35418.33 MB after compression)
 3074293 886009      936.7500   183      940.0000      909.0800 2.98e+08    3.29%
 3075079 886053      920.4000   238      940.0000      909.1000 2.99e+08    3.29%
 3075430 886123      922.6667   179      940.0000      909.1000 2.99e+08    3.29%
 3077726 886330      910.5000   183      940.0000      909.1000 2.99e+08    3.29%
 3079931 886420      915.1667   150      940.0000      909.1250 2.99e+08    3.28%
 3084685 886843      929.0000   163      940.0000      909.1667 2.99e+08    3.28%
 3084812 886867      912.7667   215      940.0000      909.1667 2.99e+08    3.28%
 3089659 887376      924.4000   163      940.0000      909.2000 3.00e+08    3.28%
 3089887 887380      925.5000   174      940.0000      909.2000 3.00e+08    3.28%
 3091777 887488      929.1905   160      940.0000      909.2500 3.00e+08    3.27%
Elapsed time = 10778.84 sec. (3139830.37 ticks, tree = 55776.02 MB, solutions = 32)
Nodefile size = 55646.09 MB (35344.20 MB after compression)
 3096342 888022      926.2589   171      940.0000      909.2500 3.00e+08    3.27%

Clique cuts applied:  7
Cover cuts applied:  80
Implied bound cuts applied:  100
Zero-half cuts applied:  141
Gomory fractional cuts applied:  16

Root node processing (before b&c):
  Real time             =    5.51 sec. (3193.73 ticks)
Parallel b&c, 32 threads:
  Real time             = 10806.77 sec. (3145880.13 ticks)
  Sync time (average)   =    2.46 sec.
  Wait time (average)   =    0.00 sec.
                          ------------
Total (root+branch&cut) = 10812.28 sec. (3149073.86 ticks)


Solution status: Feasible
Execution time: 10812.6 sec
Gap: 0.03264
