Tue Jul 17 20:23:30 2018

Tried aggregator 2 times.
MIP Presolve eliminated 10420 rows and 121 columns.
Aggregator did 400 substitutions.
Reduced MIP has 9337 rows, 2244 columns, and 34328 nonzeros.
Reduced MIP has 2244 binaries, 0 generals, 0 SOSs, and 0 indicators.
Presolve time = 0.07 sec. (48.02 ticks)
Probing time = 0.00 sec. (1.52 ticks)
Tried aggregator 1 time.
Presolve time = 0.02 sec. (14.44 ticks)
Probing time = 0.00 sec. (1.52 ticks)
Clique table members: 8419.
MIP emphasis: balance optimality and feasibility.
MIP search method: dynamic search.
Parallel mode: deterministic, using up to 32 threads.
Root relaxation solution time = 0.24 sec. (54.28 ticks)

        Nodes                                         Cuts/
   Node  Left     Objective  IInf  Best Integer    Best Bound    ItCnt     Gap

      0     0      568.0000   192                    568.0000      771         
      0     0      645.7857   353                    Cuts: 97     2174         
      0     0      654.8750   377                    Cuts: 49     2553         
      0     0      655.5268   363                    Cuts: 29     3067         
      0     0      666.2500   322                    Cuts: 26     3359         
      0     0      671.0000   286                    Cuts: 48     3553         
      0     0      671.0000   318                    Cuts: 82     3710         
      0     0      671.0000   265                    Cuts: 18     3825         
      0     0      671.0727   327                    Cuts: 59     4883         
      0     0      671.2000   319                    Cuts: 41     5414         
      0     0      671.6558   340                    Cuts: 66     5969         
      0     0      671.7500   350                    Cuts: 60     6385         
      0     0      672.0694   401                    Cuts: 44     7128         
*     0+    0                         2259.0000      672.0694     7314   70.25%
Found incumbent of value 2259.000000 after 4.69 sec. (2748.74 ticks)
      0     0      672.7500   321     2259.0000      Cuts: 24     7314   70.22%
      0     0      673.5806   360     2259.0000      Cuts: 48     7725   70.18%
      0     0      674.6450   397     2259.0000      Cuts: 38     8051   70.14%
      0     0      674.6450   396     2259.0000      Cuts: 24     8152   70.14%
      0     2      674.6450   396     2259.0000      674.6450     8152   70.14%
Elapsed time = 7.10 sec. (4381.27 ticks, tree = 0.01 MB, solutions = 1)
      3     5      690.9933   358     2259.0000      674.7500    10141   70.13%
      5     7      682.7882   504     2259.0000      674.7500    12968   70.13%
      8    10      685.1570   486     2259.0000      674.7500    15720   70.13%
     10    12      690.8403   490     2259.0000      674.7500    19440   70.13%
     11    13      676.2368   447     2259.0000      675.3611    22118   70.10%
                                                  Impl Bds: 8                  
     13    15      705.4679   481     2259.0000      675.3611    27531   70.10%
     16    18      698.4000   473     2259.0000      675.3611    34320   70.10%
     21    23      705.2336   509     2259.0000      675.3611    45187   70.10%
     25    27      717.7197   369     2259.0000      675.3611    59338   70.10%
     29    31      692.8454   497     2259.0000      676.2629    68111   70.06%
                                                     Cuts: 21                  
Elapsed time = 20.87 sec. (15278.84 ticks, tree = 0.02 MB, solutions = 1)
     35    37      722.2681   473     2259.0000      676.2629    84540   70.06%
     42    44      724.0663   467     2259.0000      676.2629    95975   70.06%
     48    50      738.0016   452     2259.0000      676.2629   111844   70.06%
     54    56      694.6799   509     2259.0000      680.4888   121228   69.88%
                                                     Cuts: 17                  
    150   152      715.5090   445     2259.0000      680.4888   192734   69.88%
    366   368      729.2542   347     2259.0000      680.4888   252027   69.88%
*  1715  1684      integral     0     1357.0000      680.4888   452599   49.85%
Found incumbent of value 1357.000000 after 37.14 sec. (24348.25 ticks)
*  1767  1720      integral     0     1180.0000      680.4888   455648   42.33%
Found incumbent of value 1180.000000 after 37.14 sec. (24348.25 ticks)
   3085  2072      711.4174   451     1180.0000      680.4888   625907   42.33%
                                                     Cuts: 37                  
   3149  2136      716.7129   428     1180.0000      680.4888   659406   42.33%
Elapsed time = 41.15 sec. (27590.03 ticks, tree = 3.74 MB, solutions = 7)
   3181  2168      727.3284   477     1180.0000      680.4888   681326   42.33%
   4510  3434      755.8163   334     1180.0000      680.4888  1008445   42.33%
                                                     Cuts: 25                  
   4949  3857      912.7895   332     1180.0000      680.4888  1076015   42.33%
   5655  4513     1136.1250   226     1180.0000      680.4888  1171183   42.33%
   6135  4924      769.3529   355     1180.0000      680.4888  1248315   42.33%
   8528  7121      929.9000   349     1180.0000      701.9016  1567033   40.52%
                                                     Cuts: 48                  
   9093  7638      864.8750   370     1180.0000      701.9016  1649848   40.52%
   9739  8230      847.6429   191     1180.0000      701.9016  1734945   40.52%
  10543  8962      886.8750   377     1180.0000      701.9016  1839702   40.52%
  11387  9737      852.0000   343     1180.0000      701.9016  1942711   40.52%
Elapsed time = 75.63 sec. (38509.25 ticks, tree = 105.40 MB, solutions = 23)
  11739 10045      958.6905   321     1180.0000      701.9016  1996113   40.52%
  12692 10945      844.2532   317     1180.0000      701.9016  2117575   40.52%
  14294 12395      776.0000   420     1180.0000      701.9016  2308912   40.52%
  15065 13108      683.7678   352     1180.0000      724.9000  2423589   38.57%
  15067 13109      687.6875   397     1180.0000      724.9000  2425587   38.57%
  15068 13110      694.5893   393     1180.0000      724.9000  2428010   38.57%
  15069 13110      698.6309   442     1180.0000      724.9000  2432208   38.57%
  15071 13112      703.4088   490     1180.0000      724.9000  2434341   38.57%
                                                     Cuts: 15                  
  15074 13114      694.9167   467     1180.0000      724.9000  2440200   38.57%
  15078 13118      696.6025   445     1180.0000      724.9000  2451062   38.57%
Elapsed time = 120.98 sec. (56864.63 ticks, tree = 127.74 MB, solutions = 23)
  15084 13120      701.0227   499     1180.0000      724.9000  2458820   38.57%
                                                      Cuts: 6                  
  15088 13122      727.5625   382     1180.0000      724.9000  2461440   38.57%
  15098 13130      740.7526   422     1180.0000      724.9000  2477607   38.57%
  15112 13138      748.1058   449     1180.0000      724.9000  2486492   38.57%
                                                     Cuts: 23                  
  15133 13154      711.4627   437     1180.0000      724.9000  2506402   38.57%
                                                     Cuts: 12                  
  15302 13253      866.1667   386     1180.0000      724.9000  2570658   38.57%
  16076 13700      804.6429   346     1180.0000      724.9000  2674056   38.57%
                                                     Cuts: 13                  
  16302 13837      733.9062   352     1180.0000      724.9000  2719955   38.57%
  17091 14300      796.0833   297     1180.0000      724.9000  2844376   38.57%
  17214 14368      794.5000   366     1180.0000      724.9000  2873778   38.57%
Elapsed time = 149.60 sec. (69172.58 ticks, tree = 122.92 MB, solutions = 23)
  17689 14638      884.4104   379     1180.0000      724.9000  2949345   38.57%
                                                      Cuts: 6                  
  18366 14898      895.1176   261     1180.0000      724.9000  3028946   38.57%
  20331 15679      720.9334   378     1180.0000      724.9000  3232294   38.57%
  20617 15807      985.7338   431     1180.0000      724.9000  3267895   38.57%
  21037 16026      885.6667   304     1180.0000      724.9000  3311956   38.57%
  22137 16527      799.7917   348     1180.0000      724.9000  3406435   38.57%
  26004 18304     1149.3167   198     1180.0000      724.9000  3713967   38.57%
                                                     Cuts: 47                  
  26201 18388      742.3333   304     1180.0000      724.9000  3742657   38.57%
  26457 18517      858.7917   375     1180.0000      724.9000  3773376   38.57%
  26617 18596      940.0000   372     1180.0000      724.9000  3787189   38.57%
Elapsed time = 190.11 sec. (80103.29 ticks, tree = 493.95 MB, solutions = 23)
Nodefile size = 268.69 MB (209.85 MB after compression)
  26873 18715      975.9792   307     1180.0000      724.9000  3814075   38.57%
  28019 19226      772.4347   338     1180.0000      724.9000  3921502   38.57%
  28318 19372      913.9706   286     1180.0000      724.9000  3956614   38.57%
                                                  ZeroHalf: 6                  
  29226 19838      890.1979   303     1180.0000      724.9000  4029097   38.57%
  30277 20327      865.0000   265     1180.0000      724.9000  4124370   38.57%
  30469 20426      846.0417   298     1180.0000      724.9000  4148172   38.57%
  31013 20703      909.0750   302     1180.0000      724.9000  4199516   38.57%
  35748 22985      923.6667   284     1180.0000      724.9000  4581910   38.57%
                                                     Cuts: 20                  
  36964 23641      861.6042   239     1180.0000      724.9000  4701562   38.57%
  38404 24337     1073.5000   252     1180.0000      724.9000  4816589   38.57%
Elapsed time = 228.87 sec. (91366.61 ticks, tree = 1439.61 MB, solutions = 23)
Nodefile size = 1258.52 MB (995.22 MB after compression)
  39524 24948      809.8333   280     1180.0000      724.9000  4905138   38.57%
  41462 25894      795.7500   314     1180.0000      724.9000  5066471   38.57%
  42943 26629      943.9048   219     1180.0000      732.0208  5190292   37.96%
                                                      Cuts: 7                  
  44084 27308     1041.5625   275     1180.0000      732.0208  5320823   37.96%
  44756 27951      782.9306   307     1180.0000      732.0208  5372923   37.96%
  47710 30660      793.0000   299     1180.0000      732.0208  5611869   37.96%
  48132 31042     1120.0000   124     1180.0000      732.0208  5649060   37.96%
  48337 31230     1124.9444   193     1180.0000      737.5556  5668130   37.50%
                                                  ZeroHalf: 2                  
  49457 32292      874.1285   305     1180.0000      737.5556  5810462   37.50%
* 49781+32583                         1152.0000      737.5556  5843979   35.98%
Found incumbent of value 1152.000000 after 268.55 sec. (101825.23 ticks)
  50132 32908      845.6071   288     1152.0000      737.5556  5872804   35.98%
Elapsed time = 269.25 sec. (103162.44 ticks, tree = 2702.93 MB, solutions = 23)
Nodefile size = 2547.63 MB (2015.59 MB after compression)
  52514 35120      896.5000   285     1152.0000      737.5556  6086024   35.98%
  54287 35689      999.5722   263     1152.0000      740.2500  6217708   35.74%
  55745 37054      911.0000   230     1152.0000      740.2500  6358581   35.74%
  56550 37784      800.3178   412     1152.0000      740.2500  6434562   35.74%
  59977 40937     1080.8889   220     1152.0000      740.2500  6729530   35.74%
* 60313 41196      integral     0     1117.0000      740.2500  6768688   33.73%
Found incumbent of value 1117.000000 after 293.50 sec. (109794.73 ticks)
  60427 37664     1080.5524   321     1117.0000      743.6250  6780986   33.43%
  60921 38123      764.7121   300     1117.0000      743.6250  6848794   33.43%
  61882 38981      853.2000   269     1117.0000      743.6250  6938569   33.43%
  63613 40583     1003.8333   204     1117.0000      743.6250  7088295   33.43%
Elapsed time = 312.80 sec. (115077.97 ticks, tree = 3383.33 MB, solutions = 25)
Nodefile size = 3221.67 MB (2532.91 MB after compression)
  64990 41823     1102.0000    56     1117.0000      743.6250  7197573   33.43%
* 65740+42460                         1088.0000      746.7941  7280302   31.36%
Found incumbent of value 1088.000000 after 328.16 sec. (119203.76 ticks)
* 65740+42460                         1061.0000      746.7941  7280302   29.61%
Found incumbent of value 1061.000000 after 328.23 sec. (119232.65 ticks)
* 65740+42460                         1048.0000      746.7941  7280302   28.74%
Found incumbent of value 1048.000000 after 363.73 sec. (135073.51 ticks)
  65740 42462      795.1875   332     1048.0000      746.7941  7280302   28.74%
  65741 42463      850.7500   300     1048.0000      746.7941  7280600   28.74%
  65742 42464      837.2500   274     1048.0000      746.7941  7280821   28.74%
* 65745+42465                         1045.0000      746.7941  7281898   28.54%
Found incumbent of value 1045.000000 after 381.75 sec. (131783.06 ticks)
* 65746+42466                         1041.0000      746.7941  7281932   28.26%
Found incumbent of value 1041.000000 after 381.75 sec. (121899.77 ticks)
* 65747+42465                         1040.0000      746.7941  7281964   28.19%
Found incumbent of value 1040.000000 after 381.75 sec. (138685.69 ticks)
  65750 42467      926.2500   282     1040.0000      746.7941  7282476   28.19%
  65753 42470     1058.3583   236     1040.0000      746.7941  7282727   28.19%
  65756 42473      897.3333   338     1040.0000      746.7941  7283332   28.19%
  65936 31556      899.3750   264     1040.0000      746.7941  7332467   28.19%
  66706 32267      841.7712   454     1040.0000      746.7941  7417949   28.19%
  71226 36237      945.2647   357     1040.0000      749.7500  7915956   27.91%
                                                  ZeroHalf: 1                  
Elapsed time = 434.03 sec. (179990.13 ticks, tree = 3106.42 MB, solutions = 103)
Nodefile size = 2970.59 MB (2319.66 MB after compression)
  76025 40371      909.4762   261     1040.0000      753.3043  8436438   27.57%
                                                  ZeroHalf: 3                  
  79731 43641      862.0000   313     1040.0000      753.3043  8910410   27.57%
  82338 45898      893.7085   337     1040.0000      755.3889  9175810   27.37%
  88141 50926      950.5217   326     1040.0000      758.3333  9786468   27.08%
                                                  Impl Bds: 1                  
  91827 54121      990.0000   113     1040.0000      761.5833 10154653   26.77%
                                                     Cuts: 11                  
  96634 58269     1011.1875   251     1040.0000      761.5833 10667108   26.77%
  98385 59794      862.4167   353     1040.0000      764.0000 10878995   26.54%
                                                      Cuts: 5                  
 103391 64136      887.5473   310     1040.0000      765.6667 11351229   26.38%
                                                  ZeroHalf: 6                  
 109097 68966      800.0268   301     1040.0000      768.1667 11931954   26.14%
 113996 73194      976.5333   224     1040.0000      768.1667 12421255   26.14%
Elapsed time = 573.49 sec. (220212.51 ticks, tree = 6284.03 MB, solutions = 103)
Nodefile size = 6118.19 MB (4773.17 MB after compression)
 116483 75333      800.2500   337     1040.0000      770.5489 12696777   25.91%
 121376 79465      992.0000   200     1040.0000      771.8076 13193638   25.79%
                                                  ZeroHalf: 2                  
 126710 84003    infeasible           1040.0000      774.3333 13716026   25.54%
 131860 88378      884.4375   311     1040.0000      774.3333 14215936   25.54%
 133140 89468      976.4685   379     1040.0000      775.9167 14363057   25.39%
                                                  ZeroHalf: 1                  
 137152 92890      876.4876   404     1040.0000      776.5000 14967062   25.34%
 142142 97111      894.1970   302     1040.0000      778.8750 15456980   25.11%
 149058 103034      973.1540   235     1040.0000      778.8750 16089962   25.11%
 151515 105086      897.1667   292     1040.0000      780.4940 16320399   24.95%
 155815 108703     1023.0813   206     1040.0000      782.2500 16711772   24.78%
Elapsed time = 713.32 sec. (260767.56 ticks, tree = 10300.88 MB, solutions = 103)
Nodefile size = 10157.88 MB (7824.41 MB after compression)
 160252 112454      825.1250   225     1040.0000      782.2500 17154208   24.78%
 163583 115287      945.5833   308     1040.0000      784.1154 17489309   24.60%
 167762 118830      877.5000   187     1040.0000      785.2500 17916461   24.50%
 173629 123803      899.5111   265     1040.0000      785.2500 18456865   24.50%
 176826 126509      921.2000   248     1040.0000      786.3750 18768143   24.39%
                                                  ZeroHalf: 3                  
 181433 130401      961.0000   236     1040.0000      788.0000 19224376   24.23%
                                                  ZeroHalf: 1                  
 185821 134101      826.8571   313     1040.0000      788.0000 19656951   24.23%
 188413 136276      971.0238   280     1040.0000      789.0000 19954976   24.13%
 193119 140217      867.3571   339     1040.0000      790.0000 20457979   24.04%
                                                  ZeroHalf: 1                  
 198316 144573      962.8333   290     1040.0000      791.5333 20939041   23.89%
Elapsed time = 847.98 sec. (300019.02 ticks, tree = 14076.69 MB, solutions = 103)
Nodefile size = 13933.34 MB (10635.78 MB after compression)
*200178 146158      integral     0     1039.0000      791.5333 21097043   23.82%
Found incumbent of value 1039.000000 after 853.25 sec. (300019.02 ticks)
 203504 149011      880.2097   358     1039.0000      791.5333 21384797   23.82%
 207145 151853      870.2124   371     1039.0000      792.3571 21733290   23.74%
*211156+155232                         1036.0000      793.5000 22149858   23.41%
Found incumbent of value 1036.000000 after 888.00 sec. (311492.38 ticks)
 211348 155405      936.5824   254     1036.0000      793.5000 22179780   23.41%
 214458 158027      917.0000   319     1036.0000      793.5000 22631077   23.41%
 218129 160734      937.4103   233     1036.0000      794.0682 23016992   23.35%
 223658 165290      802.0000   229     1036.0000      795.1429 23528873   23.25%
 227436 168379      932.8750   306     1036.0000      795.9167 23901404   23.17%
 232528 172567      946.6667   279     1036.0000      795.9167 24397033   23.17%
 235277 174828      970.4851   415     1036.0000      797.0000 24660611   23.07%
Elapsed time = 969.68 sec. (335353.24 ticks, tree = 16943.86 MB, solutions = 105)
Nodefile size = 16791.78 MB (12757.15 MB after compression)
 240592 179263     1021.6413   267     1036.0000      798.0000 25139655   22.97%
 244437 182448      940.6667   243     1036.0000      798.0000 25499056   22.97%
 247461 184998      935.1667   224     1036.0000      799.0000 25789571   22.88%
 252669 189276      928.9365   326     1036.0000      799.7917 26317115   22.80%
 258087 193732      998.1190   246     1036.0000      800.2625 26843480   22.75%
 262260 197205      955.2381   295     1036.0000      800.2625 27350834   22.75%
 265665 200017      877.5833   209     1036.0000      801.1250 27679059   22.67%
 270394 203941      950.0924   312     1036.0000      801.7500 28144392   22.61%
                                                  ZeroHalf: 1                  
 276451 208965      985.3077   313     1036.0000      802.7381 28668809   22.52%
 279489 211523      909.3095   226     1036.0000      802.7381 28998152   22.52%
Elapsed time = 1112.90 sec. (376232.48 ticks, tree = 20915.14 MB, solutions = 105)
Nodefile size = 20762.46 MB (15704.46 MB after compression)
 282897 214335     1020.9289   304     1036.0000      803.3333 29377292   22.46%
 287485 218132      975.2381   413     1036.0000      803.6667 29925553   22.43%
 292707 222525      903.7083   274     1036.0000      804.5000 30392705   22.35%
 297199 226201      858.1408   396     1036.0000      804.5000 30841745   22.35%
 300705 229096      945.4979   404     1036.0000      805.0095 31177342   22.30%
 305044 232645      935.7500   268     1036.0000      805.5172 31598899   22.25%
 311196 237745        cutoff           1036.0000      806.4808 32136313   22.15%
 315579 241334      821.7057   288     1036.0000      806.4808 32565387   22.15%
 319462 244534      835.3750   273     1036.0000      807.0000 32932000   22.10%
 323639 247960      968.8333   250     1036.0000      807.8000 33328236   22.03%
                                                    Covers: 1                  
Elapsed time = 1251.45 sec. (416382.28 ticks, tree = 24684.97 MB, solutions = 105)
Nodefile size = 24536.60 MB (18517.62 MB after compression)
 325495 249510     1016.6790   337     1036.0000      807.8000 33511240   22.03%
 332447 255248     1015.1198   249     1036.0000      808.4342 34161749   21.97%
                                                  ZeroHalf: 1                  
 336653 258713      940.3333   235     1036.0000      809.0000 34541596   21.91%
                                                  Impl Bds: 3                  
 341632 262818      885.0000   204     1036.0000      809.5833 34980627   21.85%
                                                      Cuts: 2                  
 346896 267125     1028.2500   209     1036.0000      809.5833 35470134   21.85%
 349351 269147      982.6053   388     1036.0000      810.0387 35760136   21.81%
                                                  ZeroHalf: 1                  
 353936 272970      966.9275   316     1036.0000      810.5556 36248641   21.76%
 359604 277617    infeasible           1036.0000      811.1250 36750643   21.71%
 364996 282001      925.0000   261     1036.0000      811.1250 37267207   21.71%
 368496 284922      940.0000   229     1036.0000      811.6136 37559343   21.66%
                                                  ZeroHalf: 1                  
Elapsed time = 1391.67 sec. (456393.90 ticks, tree = 28074.53 MB, solutions = 105)
Nodefile size = 27920.88 MB (21024.36 MB after compression)
 372836 288534     1016.0648   327     1036.0000      812.1250 37945671   21.61%
                                                  ZeroHalf: 1                  
*375739 290846      integral     0      984.0000      812.1250 38205345   17.47%
Found incumbent of value 984.000000 after 1413.38 sec. (460289.83 ticks)
 378035 292796      838.5000   250      984.0000      812.1250 38386960   17.47%
 380951 219112        cutoff            984.0000      812.6875 38677659   17.41%
 385942 222704        cutoff            984.0000      813.3333 39208444   17.34%
 390082 225634      873.7772   353      984.0000      813.8402 39620849   17.29%
                                                      Cuts: 3                  
 395688 229815      945.6250   258      984.0000      813.8402 40172165   17.29%
 397856 231308      832.3968   305      984.0000      814.6500 40401895   17.21%
                                                  Impl Bds: 1                  
 401580 233923      973.5833   330      984.0000      815.2857 40800768   17.15%
                                                      Cuts: 5                  
 407336 238147      975.2094   248      984.0000      815.7857 41357540   17.09%
                                                  ZeroHalf: 1                  
Elapsed time = 1518.47 sec. (491846.13 ticks, tree = 23710.64 MB, solutions = 106)
Nodefile size = 23570.25 MB (17571.50 MB after compression)
 412191 241709      958.0571   315      984.0000      815.7857 41862409   17.09%
 414820 243584      912.6667   262      984.0000      816.5000 42164111   17.02%
                                                  ZeroHalf: 1                  
 418941 246502      975.5000   210      984.0000      817.0833 42635892   16.96%
 422543 249076      831.0000   214      984.0000      817.5000 43039655   16.92%
 427400 252660      872.3333   268      984.0000      817.5000 43518550   16.92%
 429272 253960      964.3333   257      984.0000      818.1754 43741494   16.85%
                                                  ZeroHalf: 1                  
 433161 256777      949.5000   287      984.0000      818.5000 44259456   16.82%
 438573 260587      860.7083   354      984.0000      818.9588 44827637   16.77%
                                                  ZeroHalf: 1                  
 444510 265025      908.0000   212      984.0000      819.4407 45372850   16.72%
                                                      Cuts: 2                  
 450946 269782      952.7000   152      984.0000      819.4407 45976916   16.72%
Elapsed time = 1657.39 sec. (531707.72 ticks, tree = 26276.10 MB, solutions = 106)
Nodefile size = 26122.96 MB (19428.11 MB after compression)
 452680 270950      868.5474   444      984.0000      820.0000 46174541   16.67%
 456444 273587      837.0167   369      984.0000      820.5000 46621447   16.62%
 461101 276874      872.6333   293      984.0000      821.0000 47085572   16.57%
 465168 279769      878.1429   245      984.0000      821.0000 47517551   16.57%
 466775 280778      939.2065   399      984.0000      821.4222 47731346   16.52%
 471590 284172      876.4167   233      984.0000      821.6250 48348023   16.50%
 475935 287163      847.1698   293      984.0000      822.1250 48835924   16.45%
 481454 291188      970.5417   239      984.0000      822.1250 49383010   16.45%
 483794 292813      908.0000   194      984.0000      822.6667 49606786   16.40%
 488197 295928      841.1250   286      984.0000      823.0417 50079969   16.36%
Elapsed time = 1796.24 sec. (571152.04 ticks, tree = 29136.97 MB, solutions = 106)
Nodefile size = 28996.67 MB (21467.91 MB after compression)
 493056 299395      902.9652   303      984.0000      823.5000 50538759   16.31%
 497153 302259      877.8611   324      984.0000      823.5000 51066410   16.31%
 499426 303832      854.6667   337      984.0000      824.0000 51321219   16.26%
*501788 305595      integral     0      974.0000      824.0000 51553873   15.40%
Found incumbent of value 974.000000 after 1837.72 sec. (583465.87 ticks)
 504027 289009      903.0333   257      974.0000      824.3333 51821201   15.37%
 506832 290873      923.9583   354      974.0000      824.6667 52231935   15.33%
 511540 293989      876.6250   264      974.0000      825.0606 52754375   15.29%
*513774+295572                          973.0000      825.0606 52978342   15.20%
Found incumbent of value 973.000000 after 1885.77 sec. (596100.60 ticks)
*516678+297623                          962.0000      825.0606 53258437   14.23%
Found incumbent of value 962.000000 after 1890.27 sec. (598367.39 ticks)
 517002 297856      868.3646   301      962.0000      825.0606 53289383   14.23%
 519149 273997      891.1667   123      962.0000      825.4444 53525720   14.19%
 522589 276074      950.7333   356      962.0000      826.0000 53947734   14.14%
Elapsed time = 1919.12 sec. (607328.34 ticks, tree = 26966.80 MB, solutions = 109)
Nodefile size = 26831.37 MB (19671.36 MB after compression)
 526454 278570      925.3929   326      962.0000      826.2500 54516582   14.11%
                                                  Impl Bds: 2                  
 530261 280992      849.8333   380      962.0000      826.2500 54920652   14.11%
 534892 283949      838.2500   220      962.0000      826.8278 55400310   14.05%
                                                      Cuts: 9                  
 539037 286531      920.5596   300      962.0000      827.3000 55811620   14.00%
                                                      Cuts: 3                  
 542659 288729      849.6111   208      962.0000      827.6667 56219259   13.96%
                                                    Covers: 1                  
 548526 292638      841.3750   304      962.0000      827.6667 56817575   13.96%
 549084 292928      896.9333   277      962.0000      828.1111 56912859   13.92%
                                                  ZeroHalf: 1                  
 552342 294956      896.3333   323      962.0000      828.2727 57463691   13.90%
                                                    Covers: 1                  
 556467 297490      922.8391   388      962.0000      828.7722 57935838   13.85%
 561337 300574      923.6667   295      962.0000      828.7722 58478185   13.85%
Elapsed time = 2047.43 sec. (646150.03 ticks, tree = 28769.20 MB, solutions = 109)
Nodefile size = 28622.76 MB (20891.41 MB after compression)
 564800 302726      890.6528   289      962.0000      829.2500 58851659   13.80%
 568458 305041      872.0000   320      962.0000      829.7083 59225538   13.75%
 571955 307217      958.3000   250      962.0000      830.0606 59617410   13.72%
 575051 309328      904.9556   353      962.0000      830.0606 60100534   13.72%
 577379 310761      930.0455   361      962.0000      830.2500 60407885   13.70%
 582034 313725      905.7500   283      962.0000      830.6667 60920140   13.65%
 587092 317072      939.4074   379      962.0000      831.0000 61414790   13.62%
 590452 319183      861.1000   381      962.0000      831.0000 61784730   13.62%
 593277 320842      895.8000   261      962.0000      831.5833 62181586   13.56%
 595882 322431      953.7847   362      962.0000      831.8750 62601221   13.53%
Elapsed time = 2178.87 sec. (685292.40 ticks, tree = 30927.92 MB, solutions = 109)
Nodefile size = 30792.99 MB (22351.96 MB after compression)
 600613 325417      921.5028   435      962.0000      832.1250 63135971   13.50%
 606093 329058      888.9212   277      962.0000      832.5000 63694669   13.46%
                                                  Impl Bds: 1                  
 610737 331997      883.5517   312      962.0000      832.5000 64185198   13.46%
 611989 332721      872.0000   279      962.0000      833.0000 64382238   13.41%
                                                      Cuts: 3                  
 616151 335501      937.5957   341      962.0000      833.0227 64995041   13.41%
 620851 338320      953.7500   286      962.0000      833.5000 65533122   13.36%
                                                  ZeroHalf: 1                  
 625581 341298      932.5000   201      962.0000      833.8611 65987296   13.32%
 629177 343513      887.8750   395      962.0000      833.8611 66415878   13.32%
 634108 346657      901.5000   211      962.0000      834.1667 66904753   13.29%
                                                    Covers: 1                  
 637324 348626      951.4000   338      962.0000      834.5833 67268581   13.24%
                                                      Cuts: 3                  
Elapsed time = 2328.55 sec. (726465.02 ticks, tree = 33445.45 MB, solutions = 109)
Nodefile size = 33312.19 MB (24024.56 MB after compression)
 640406 350508      889.5152   242      962.0000      834.7500 67783699   13.23%
 642775 351979      871.6146   272      962.0000      834.7500 68077937   13.23%
 647083 354631      885.6852   235      962.0000      835.0702 68575609   13.19%
 650470 356715      935.7667   335      962.0000      835.5000 68966497   13.15%
 654358 359247        cutoff            962.0000      835.5000 69325291   13.15%
 658644 361976      907.5000   235      962.0000      835.7500 69761685   13.12%
                                                    Covers: 1                  
 661919 363997      931.7706   382      962.0000      836.0500 70155791   13.09%
 665490 366302      885.4762   372      962.0000      836.2500 70688217   13.07%
 669048 368476      899.0000   202      962.0000      836.2500 71111730   13.07%
 672840 370765      885.0357   376      962.0000      836.6429 71512567   13.03%
                                                  Impl Bds: 1                  
Elapsed time = 2457.76 sec. (764802.56 ticks, tree = 35052.33 MB, solutions = 109)
Nodefile size = 34913.76 MB (25085.07 MB after compression)
 675773 372558      941.5476   329      962.0000      836.9621 71836008   13.00%
                                                    Covers: 1                  
 681869 376473      844.0667   299      962.0000      837.2500 72441612   12.97%
 684973 378330      929.2778   231      962.0000      837.2500 72787738   12.97%
 688105 380213      850.0268   265      962.0000      837.5556 73209500   12.94%
 690985 381900      913.0000   309      962.0000      837.8182 73696254   12.91%
 694824 384202      896.4336   456      962.0000      838.0556 74129279   12.88%
 701461 388634      949.7500   259      962.0000      838.0556 74730653   12.88%
 703608 389900      924.0385   362      962.0000      838.3846 74973529   12.85%
                                                  Impl Bds: 1                  
 707921 392561      857.7361   306      962.0000      838.6429 75440971   12.82%
                                                    Covers: 1                  
 713574 396251      847.0303   254      962.0000      839.0000 75954216   12.79%
Elapsed time = 2602.35 sec. (805697.47 ticks, tree = 37640.81 MB, solutions = 109)
Nodefile size = 37508.87 MB (26802.05 MB after compression)
 715691 397517      846.2500   266      962.0000      839.0000 76362347   12.79%
 718510 399258      905.7111   260      962.0000      839.2000 76749416   12.77%
 723036 402016      960.5000   232      962.0000      839.4250 77248427   12.74%
 727013 404313      908.0000   302      962.0000      839.7500 77652448   12.71%
                                                      Cuts: 3                  
 732947 408161      924.5000   237      962.0000      839.7500 78207509   12.71%
 734642 409144      880.8333   287      962.0000      840.0833 78458537   12.67%
                                                  Impl Bds: 4                  
 738160 411228      856.0000   201      962.0000      840.2500 78973647   12.66%
                                                  Impl Bds: 1                  
 742161 413588      954.0441   312      962.0000      840.5250 79412954   12.63%
                                                  Impl Bds: 2                  
 746012 415937      878.0000   277      962.0000      840.5250 79831179   12.63%
 750436 418728      905.1000   296      962.0000      840.8333 80255970   12.60%
Elapsed time = 2739.71 sec. (844739.76 ticks, tree = 39434.71 MB, solutions = 109)
Nodefile size = 39295.59 MB (27965.03 MB after compression)
 754526 421290      940.4444   187      962.0000      841.1429 80680438   12.56%
 756963 422770      851.7500   308      962.0000      841.1429 81083419   12.56%
 760030 424581      937.6250   243      962.0000      841.3333 81489176   12.54%
 763832 426778      949.1667   207      962.0000      841.5167 81926929   12.52%
 768112 429346      955.4500   178      962.0000      841.7500 82380964   12.50%
 771728 431616      926.5000   240      962.0000      841.7500 82717815   12.50%
 774788 433439      891.8718   324      962.0000      842.0000 83096958   12.47%
                                                  Impl Bds: 1                  
 777935 435315      854.1852   307      962.0000      842.2214 83628765   12.45%
                                                  Impl Bds: 5                  
 782409 437899        cutoff            962.0000      842.4918 84122807   12.42%
                                                    Covers: 1                  
 786556 440402      928.5000   269      962.0000      842.4918 84603565   12.42%
Elapsed time = 2874.27 sec. (884008.97 ticks, tree = 41162.17 MB, solutions = 109)
Nodefile size = 41015.27 MB (29082.13 MB after compression)
 790089 442622      899.6930   249      962.0000      842.7407 84979488   12.40%
 794215 445207      957.1250   394      962.0000      842.9762 85401058   12.37%
 797374 447126      889.7554   352      962.0000      843.1000 85934449   12.36%
                                                  Impl Bds: 1                  
 800392 448897      948.0167   170      962.0000      843.1000 86297803   12.36%
 804703 451450      934.7143   296      962.0000      843.3333 86752067   12.34%
 808748 453910      913.5000   256      962.0000      843.5833 87199879   12.31%
 813873 457255      922.5000   258      962.0000      843.8333 87680599   12.28%
 818727 460181      911.9072   404      962.0000      843.8333 88211706   12.28%
 819638 460710        cutoff            962.0000      844.0000 88348857   12.27%
 822685 462406      858.2289   263      962.0000      844.1548 88923760   12.25%
Elapsed time = 3016.56 sec. (924060.15 ticks, tree = 43134.28 MB, solutions = 109)
Nodefile size = 43000.08 MB (30378.17 MB after compression)
 827558 465277      864.1000   268      962.0000      844.4250 89444426   12.22%
                                                  ZeroHalf: 1                  
 832285 468236      887.3333   235      962.0000      844.4250 89920702   12.22%
 835633 470244        cutoff            962.0000      844.5571 90275340   12.21%
 838800 472081      929.8370   380      962.0000      844.8750 90624666   12.18%
 843814 475094      938.0263   349      962.0000      844.8750 91144441   12.18%
 845315 475998      939.0000    28      962.0000      845.0000 91378760   12.16%
 848478 478034      931.5000   272      962.0000      845.1667 91859782   12.14%
 853756 481107      846.0333   172      962.0000      845.4583 92444496   12.11%
 856731 482842      866.5000   195      962.0000      845.4583 92754079   12.11%
 860764 485153      921.6250   265      962.0000      845.6667 93197537   12.09%
Elapsed time = 3158.88 sec. (963230.89 ticks, tree = 45092.84 MB, solutions = 109)
Nodefile size = 44957.28 MB (31649.43 MB after compression)
 865128 487764      892.0000   238      962.0000      845.9683 93635395   12.06%
 870707 491369      940.9619   218      962.0000      845.9683 94157633   12.06%
 871812 492016      888.8889   344      962.0000      846.1333 94344337   12.04%
 874640 493644        cutoff            962.0000      846.2857 94852416   12.03%
 879523 496484      909.4000   195      962.0000      846.5000 95346957   12.01%
 883928 499126      850.2833   281      962.0000      846.5000 95840178   12.01%
 887377 501220      958.2460   327      962.0000      846.7500 96158777   11.98%
 891685 504007      913.9271   332      962.0000      847.0000 96532423   11.95%
 895481 506233      852.9000   346      962.0000      847.0000 96972391   11.95%
 896990 507147      905.3182   314      962.0000      847.1667 97173311   11.94%
Elapsed time = 3298.83 sec. (1001939.90 ticks, tree = 47213.60 MB, solutions = 109)
Nodefile size = 47082.12 MB (33023.21 MB after compression)
 901111 509540      914.5714   386      962.0000      847.2500 97804734   11.93%
 905853 512314      950.0000    24      962.0000      847.5000 98273133   11.90%
 911821 516143      890.0833   250      962.0000      847.5000 98841343   11.90%
 914783 517906      929.1875   272      962.0000      847.7222 99127770   11.88%
 918406 520012      952.6833   243      962.0000      847.9467 99489622   11.86%
 920359 521085        cutoff            962.0000      847.9467 99885768   11.86%
 923226 522775      959.5000   237      962.0000      848.0162 1.00e+08   11.85%
 928037 525646      875.0000   416      962.0000      848.2260 1.01e+08   11.83%
 932286 528155      958.1000   207      962.0000      848.4500 1.01e+08   11.80%
 936542 530783      916.0806   276      962.0000      848.4500 1.02e+08   11.80%
Elapsed time = 3436.51 sec. (1041793.44 ticks, tree = 48998.54 MB, solutions = 109)
Nodefile size = 48856.69 MB (34171.67 MB after compression)
 941766 534002      895.2000   293      962.0000      848.6424 1.02e+08   11.78%
                                                    Covers: 1                  
 944598 535649      849.3333   167      962.0000      848.8333 1.02e+08   11.76%
 945650 536314      953.8500   428      962.0000      848.8333 1.03e+08   11.76%
 950278 539202      852.9103   232      962.0000      848.9833 1.03e+08   11.75%
 955023 541979      853.3000   199      962.0000      849.0833 1.04e+08   11.74%
 959224 544408      947.8846   345      962.0000      849.3333 1.04e+08   11.71%
 964033 547290      899.0000   287      962.0000      849.3333 1.05e+08   11.71%
 968141 549801      942.6667   207      962.0000      849.5000 1.05e+08   11.69%
 972307 552372      907.4643   210      962.0000      849.7500 1.05e+08   11.67%
                                                    Covers: 1                  
 975617 554289      850.6667   174      962.0000      849.7500 1.06e+08   11.67%
Elapsed time = 3579.92 sec. (1080835.83 ticks, tree = 51163.32 MB, solutions = 109)
Nodefile size = 51032.14 MB (35581.54 MB after compression)
 977703 555531      924.7000   184      962.0000      849.8542 1.06e+08   11.66%
                                                    Covers: 3                  
 982587 558499      884.5061   334      962.0000      850.0000 1.07e+08   11.64%
 987992 561913        cutoff            962.0000      850.2000 1.07e+08   11.62%
 992304 564452      870.6667   258      962.0000      850.2000 1.08e+08   11.62%
 993683 565257    infeasible            962.0000      850.4167 1.08e+08   11.60%
                                                    Covers: 1                  
 998107 567833      957.9453   335      962.0000      850.5000 1.08e+08   11.59%
 1002756 570531      954.0000   182      962.0000      850.7333 1.09e+08   11.57%
                                                  Impl Bds: 1                  
 1010194 575301      865.7500   339      962.0000      850.7333 1.10e+08   11.57%
 1010734 575573      947.9676   310      962.0000      850.9792 1.10e+08   11.54%
                                                      Cuts: 8                  
 1014486 577698      876.2500   412      962.0000      851.0261 1.10e+08   11.54%
Elapsed time = 3722.05 sec. (1121049.11 ticks, tree = 53100.80 MB, solutions = 109)
Nodefile size = 52969.02 MB (36837.54 MB after compression)
 1019926 580803        cutoff            962.0000      851.2500 1.11e+08   11.51%
                                                  ZeroHalf: 1                  
 1023567 582867      896.9167   364      962.0000      851.2500 1.11e+08   11.51%
 1026316 584384      879.7083   281      962.0000      851.4295 1.11e+08   11.49%
 1030453 586736      924.0000   196      962.0000      851.5833 1.12e+08   11.48%
 1032524 588079      954.4687   352      962.0000      851.5833 1.12e+08   11.48%
 1036240 590227      916.6964   332      962.0000      851.6774 1.13e+08   11.47%
                                                  Impl Bds: 2                  
 1041551 593285      938.1667   213      962.0000      851.8958 1.13e+08   11.45%
                                                      Cuts: 3                  
 1045348 595358        cutoff            962.0000      852.0729 1.14e+08   11.43%
 1051007 598874      955.3333   210      962.0000      852.0729 1.14e+08   11.43%
 1052895 599944        cutoff            962.0000      852.2500 1.14e+08   11.41%
Elapsed time = 3868.99 sec. (1160646.51 ticks, tree = 55048.02 MB, solutions = 109)
Nodefile size = 54916.15 MB (38090.93 MB after compression)
 1055557 601465      951.9338   373      962.0000      852.3750 1.15e+08   11.40%
 1060970 604596      926.7083   378      962.0000      852.5272 1.16e+08   11.38%
                                                  ZeroHalf: 1                  
 1065683 607336      947.5000   108      962.0000      852.5272 1.16e+08   11.38%
 1069817 609888      898.5000   229      962.0000      852.6667 1.16e+08   11.37%
 1073733 612418      901.7111   271      962.0000      852.8750 1.17e+08   11.34%
 1076303 613895      891.3571   286      962.0000      852.8750 1.17e+08   11.34%
 1078769 615241        cutoff            962.0000      853.0000 1.18e+08   11.33%
 1083597 618043      898.6667   391      962.0000      853.2103 1.18e+08   11.31%
 1088361 620733      888.5000   224      962.0000      853.3529 1.18e+08   11.29%
 1091881 622823      937.6429   260      962.0000      853.3529 1.19e+08   11.29%
Elapsed time = 4010.45 sec. (1200890.01 ticks, tree = 56775.91 MB, solutions = 109)
Nodefile size = 56638.28 MB (39202.51 MB after compression)
 1094319 624126      925.6833   332      962.0000      853.5000 1.19e+08   11.28%
 1098104 626446      908.7141   418      962.0000      853.5833 1.20e+08   11.27%
 1103349 629357      902.5000   247      962.0000      853.8000 1.20e+08   11.25%
                                                    Covers: 1                  
 1108276 632204      931.9259   288      962.0000      853.8000 1.21e+08   11.25%
 1111149 633808        cutoff            962.0000      854.0000 1.21e+08   11.23%
                                                    Covers: 1                  
 1116321 637075      862.9000   232      962.0000      854.1667 1.21e+08   11.21%
 1121917 640307      897.5000   257      962.0000      854.1667 1.22e+08   11.21%
 1122477 640603      913.4103   271      962.0000      854.3333 1.22e+08   11.19%
 1126309 642799      910.9808   327      962.0000      854.4167 1.23e+08   11.18%
 1130590 645267      867.6000   249      962.0000      854.5833 1.23e+08   11.17%
Elapsed time = 4153.05 sec. (1240782.21 ticks, tree = 58827.15 MB, solutions = 109)
Nodefile size = 58695.92 MB (40531.34 MB after compression)
 1135870 648503      878.4388   351      962.0000      854.5833 1.24e+08   11.17%
 1139796 650790      934.7500   235      962.0000      854.7727 1.24e+08   11.15%
 1143376 652873      924.3333   269      962.0000      854.9688 1.24e+08   11.13%
 1145427 653953      906.9762   393      962.0000      854.9688 1.25e+08   11.13%
 1147879 655321      899.0278   286      962.0000      855.0000 1.25e+08   11.12%
 1152881 658222      947.9167   222      962.0000      855.2111 1.26e+08   11.10%
                                                    Covers: 1                  
 1157163 660659      861.7500   211      962.0000      855.3333 1.26e+08   11.09%
                                                  ZeroHalf: 1                  
 1161579 663231      893.6944   274      962.0000      855.3333 1.27e+08   11.09%
 1166083 665839      882.5889   365      962.0000      855.5000 1.27e+08   11.07%
                                                    Covers: 2                  
 1170527 668535      882.0000   295      962.0000      855.7083 1.27e+08   11.05%
                                                    Covers: 1                  
Elapsed time = 4303.92 sec. (1280667.74 ticks, tree = 60955.96 MB, solutions = 109)
Nodefile size = 60824.52 MB (41902.78 MB after compression)
 1172932 669882      923.8333   250      962.0000      855.7083 1.28e+08   11.05%
 1176170 671715      948.1667   116      962.0000      855.7500 1.28e+08   11.04%
 1180901 674470      892.6250   287      962.0000      855.9519 1.29e+08   11.02%
 1184855 676741      920.6844   365      962.0000      856.0833 1.29e+08   11.01%
 1191228 680727      940.1313   347      962.0000      856.0833 1.30e+08   11.01%
 1192300 681326        cutoff            962.0000      856.2500 1.30e+08   10.99%
 1195374 683032      937.0000   260      962.0000      856.3333 1.30e+08   10.98%
                                                    Covers: 1                  
 1200892 686209      931.3333   230      962.0000      856.4667 1.31e+08   10.97%
 1205113 688543      880.5417   304      962.0000      856.4667 1.31e+08   10.97%
*1206103 689119      integral     0      957.0000      856.4667 1.31e+08   10.51%
Elapsed time = 4433.94 sec. (1316723.11 ticks, tree = 62320.27 MB, solutions = 109)
Nodefile size = 62174.77 MB (42770.22 MB after compression)
Found incumbent of value 957.000000 after 4433.94 sec. (1316723.11 ticks)
 1208604 678828      928.0431   339      957.0000      856.5992 1.32e+08   10.49%
 1212331 680745      939.8242   327      957.0000      856.7857 1.32e+08   10.47%
 1213153 681117        cutoff            957.0000      856.7857 1.32e+08   10.47%
 1217951 683791      896.6667   317      957.0000      856.8929 1.33e+08   10.46%
                                                    Covers: 1                  
 1222712 686274        cutoff            957.0000      857.0000 1.33e+08   10.45%
                                                      Cuts: 3                  
 1227170 688737      909.2500   217      957.0000      857.1667 1.34e+08   10.43%
 1231881 691197      881.5000   256      957.0000      857.1667 1.34e+08   10.43%
 1234367 692497        cutoff            957.0000      857.3333 1.35e+08   10.41%
 1238675 694833      905.3333   276      957.0000      857.5000 1.35e+08   10.40%
*1241054+696257                          952.0000      857.5000 1.35e+08    9.93%
Found incumbent of value 952.000000 after 4577.51 sec. (1353094.74 ticks)
 1241719 696664        cutoff            952.0000      857.5000 1.35e+08    9.93%
Elapsed time = 4577.51 sec. (1356048.81 ticks, tree = 62953.89 MB, solutions = 110)
Nodefile size = 62822.63 MB (43048.35 MB after compression)
 1245092 682055      946.1818   300      952.0000      857.5500 1.36e+08    9.92%
 1249573 684299      915.9902   419      952.0000      857.7500 1.36e+08    9.90%
                                                    Covers: 1                  
 1253626 686181      869.3942   371      952.0000      857.8500 1.37e+08    9.89%
 1257690 688188      936.3500   312      952.0000      857.8500 1.37e+08    9.89%
 1259816 689117      884.4000   284      952.0000      858.0000 1.37e+08    9.87%
 1262838 690619      924.4722   297      952.0000      858.1538 1.38e+08    9.86%
 1267673 692976        cutoff            952.0000      858.2857 1.38e+08    9.84%
 1270404 694337      890.6712   347      952.0000      858.2857 1.39e+08    9.84%
 1275643 696913        cutoff            952.0000      858.4381 1.39e+08    9.83%
 1279181 698599      947.1364   325      952.0000      858.6071 1.40e+08    9.81%
Elapsed time = 4720.15 sec. (1395304.18 ticks, tree = 63027.80 MB, solutions = 111)
Nodefile size = 62897.42 MB (42943.82 MB after compression)
 1280544 699320      896.5000   313      952.0000      858.6071 1.40e+08    9.81%
 1284300 701148      907.4444   240      952.0000      858.6786 1.40e+08    9.80%
 1289096 703483      903.3571   355      952.0000      858.8500 1.41e+08    9.78%
 1293742 705811      914.0000   279      952.0000      859.0000 1.41e+08    9.77%
 1298796 708339      877.0128   268      952.0000      859.0000 1.42e+08    9.77%
 1301729 709743      911.2222   389      952.0000      859.1667 1.42e+08    9.75%
 1305051 711307      893.8942   389      952.0000      859.3000 1.43e+08    9.74%
 1307560 712596      879.9833   358      952.0000      859.3000 1.43e+08    9.74%
 1309645 713637      873.5000   258      952.0000      859.3333 1.43e+08    9.73%
 1314941 716111      914.4000   302      952.0000      859.5000 1.44e+08    9.72%
Elapsed time = 4856.94 sec. (1435304.49 ticks, tree = 64301.71 MB, solutions = 111)
Nodefile size = 64168.93 MB (43742.66 MB after compression)
 1319413 718307      874.0345   279      952.0000      859.6667 1.44e+08    9.70%
 1323380 720273      913.6667   204      952.0000      859.6667 1.45e+08    9.70%
 1325845 721461      924.6667   204      952.0000      859.8333 1.45e+08    9.68%
 1328364 722823      918.4188   448      952.0000      859.9167 1.46e+08    9.67%
 1333804 725474      936.8611   272      952.0000      860.0000 1.46e+08    9.66%
 1338514 727873      908.0242   340      952.0000      860.0000 1.47e+08    9.66%
 1341301 729188      895.8333   267      952.0000      860.1667 1.47e+08    9.65%
 1345458 731129      893.0385   267      952.0000      860.3333 1.47e+08    9.63%
 1347831 732342      890.7222   393      952.0000      860.3333 1.48e+08    9.63%
 1351591 734096      912.1250   258      952.0000      860.4103 1.48e+08    9.62%
                                                    Covers: 1                  
Elapsed time = 4995.99 sec. (1474429.46 ticks, tree = 65565.80 MB, solutions = 111)
Nodefile size = 65429.76 MB (44543.82 MB after compression)
 1355756 735979      898.2500   243      952.0000      860.5000 1.49e+08    9.61%
 1359872 737943        cutoff            952.0000      860.7000 1.49e+08    9.59%
 1363040 739446      950.9167   168      952.0000      860.7000 1.49e+08    9.59%
 1367729 741708      917.9449   401      952.0000      860.8217 1.50e+08    9.58%
 1372032 743943        cutoff            952.0000      861.0000 1.50e+08    9.56%
 1373695 744723        cutoff            952.0000      861.0000 1.51e+08    9.56%
 1376977 746266      939.9214   291      952.0000      861.0000 1.51e+08    9.56%
 1381282 748302      893.0000   179      952.0000      861.1556 1.52e+08    9.54%
 1385582 750321      869.6000   265      952.0000      861.3000 1.52e+08    9.53%
 1389166 752073      932.7192   223      952.0000      861.3000 1.52e+08    9.53%
Elapsed time = 5144.95 sec. (1513607.40 ticks, tree = 67139.09 MB, solutions = 111)
Nodefile size = 67002.35 MB (45536.71 MB after compression)
 1391915 753361      891.0000   230      952.0000      861.4583 1.53e+08    9.51%
 1394828 754689      923.3333   248      952.0000      861.5000 1.53e+08    9.51%
 1400423 757429      880.8833   258      952.0000      861.6170 1.54e+08    9.49%
                                                    Covers: 1                  
 1404476 759447        cutoff            952.0000      861.6170 1.54e+08    9.49%
 1407956 760991      921.2644   376      952.0000      861.7500 1.55e+08    9.48%
 1411694 762776        cutoff            952.0000      861.9167 1.55e+08    9.46%
                                                  ZeroHalf: 1                  
 1416915 765322      925.9423   287      952.0000      861.9167 1.55e+08    9.46%
 1418260 765962      868.2500   199      952.0000      862.0000 1.56e+08    9.45%
                                                  ZeroHalf: 1                  
 1420819 767211      920.3553   445      952.0000      862.0833 1.56e+08    9.45%
                                                    Covers: 1                  
 1426396 769828      930.5909   267      952.0000      862.2500 1.57e+08    9.43%
Elapsed time = 5291.66 sec. (1553646.13 ticks, tree = 68641.68 MB, solutions = 111)
Nodefile size = 68511.51 MB (46486.39 MB after compression)
 1430776 772001      883.8333   312      952.0000      862.2500 1.57e+08    9.43%
 1433710 773409      941.0000   333      952.0000      862.3333 1.57e+08    9.42%
 1438185 775378      887.3172   197      952.0000      862.5000 1.58e+08    9.40%
 1440301 776403      915.6577   423      952.0000      862.5000 1.58e+08    9.40%
 1443564 777918      913.3000   228      952.0000      862.5833 1.59e+08    9.39%
 1448281 780147      918.4167   222      952.0000      862.7083 1.59e+08    9.38%
 1452551 782156        cutoff            952.0000      862.8649 1.60e+08    9.36%
 1455789 783757      932.6667   188      952.0000      862.8649 1.60e+08    9.36%
 1459245 785381      883.8750   277      952.0000      863.0000 1.60e+08    9.35%
 1461236 786224      938.0000   354      952.0000      863.0091 1.61e+08    9.35%
Elapsed time = 5429.07 sec. (1592863.27 ticks, tree = 69930.85 MB, solutions = 111)
Nodefile size = 69798.48 MB (47294.74 MB after compression)
 1466891 788910      887.5000   372      952.0000      863.0091 1.61e+08    9.35%
 1470012 790417      916.3889   354      952.0000      863.1667 1.62e+08    9.33%
 1473663 792161        cutoff            952.0000      863.2857 1.62e+08    9.32%
 1478212 794249      912.6000   293      952.0000      863.4444 1.63e+08    9.30%
                                                    Covers: 1                  
 1479412 794872        cutoff            952.0000      863.4444 1.63e+08    9.30%
 1484229 796995      903.0278   242      952.0000      863.5000 1.63e+08    9.30%
 1488983 799271      925.4954   348      952.0000      863.5855 1.64e+08    9.29%
 1493439 801385      909.6667   233      952.0000      863.7500 1.64e+08    9.27%
 1498954 804165      881.6667   224      952.0000      863.7500 1.65e+08    9.27%
 1499759 804515      944.2004   374      952.0000      863.9000 1.65e+08    9.25%
Elapsed time = 5578.62 sec. (1633556.40 ticks, tree = 71456.86 MB, solutions = 111)
Nodefile size = 71325.73 MB (48260.46 MB after compression)
 1503968 806647      943.3333   226      952.0000      863.9889 1.66e+08    9.24%
 1508745 808832      921.6667   250      952.0000      864.0667 1.66e+08    9.24%
 1512219 810440      941.5000   299      952.0000      864.0667 1.66e+08    9.24%
 1516309 812347      899.4762   247      952.0000      864.2000 1.67e+08    9.22%
 1520717 814486      926.4167   301      952.0000      864.3333 1.67e+08    9.21%
 1523357 815772      949.1000   348      952.0000      864.3333 1.68e+08    9.21%
 1526626 817350      921.8333   274      952.0000      864.3929 1.68e+08    9.20%
 1530696 819252      873.4667   204      952.0000      864.5000 1.69e+08    9.19%
 1535151 821381      869.7333   214      952.0000      864.5833 1.69e+08    9.18%
 1538889 823200      879.5322   357      952.0000      864.5833 1.69e+08    9.18%
Elapsed time = 5718.92 sec. (1673196.79 ticks, tree = 72696.28 MB, solutions = 111)
Nodefile size = 72557.85 MB (49036.59 MB after compression)
 1542065 824649      938.1389   448      952.0000      864.7308 1.70e+08    9.17%
                                                    Covers: 1                  
 1546258 826541      907.2912   314      952.0000      864.8333 1.70e+08    9.16%
                                                      Cuts: 4                  
 1547277 827026      948.8333   328      952.0000      864.8333 1.70e+08    9.16%
 1553283 830030      881.1403   364      952.0000      864.8889 1.71e+08    9.15%
                                                    Covers: 1                  
 1557077 831731        cutoff            952.0000      865.0000 1.72e+08    9.14%
 1561452 833873      924.5833   248      952.0000      865.1250 1.72e+08    9.13%
 1565420 835788      943.1290   315      952.0000      865.1250 1.72e+08    9.13%
 1568484 837227        cutoff            952.0000      865.2500 1.73e+08    9.11%
 1572225 839142      896.2500   255      952.0000      865.3333 1.73e+08    9.10%
                                                    Covers: 1                  
 1577653 841812      928.5333   254      952.0000      865.4583 1.74e+08    9.09%
                                                    Covers: 4                  
Elapsed time = 5860.61 sec. (1713518.24 ticks, tree = 74156.27 MB, solutions = 111)
Nodefile size = 74025.66 MB (49959.93 MB after compression)
 1582101 843860      908.0833   263      952.0000      865.4583 1.74e+08    9.09%
 1586144 845651      907.3333   235      952.0000      865.5445 1.75e+08    9.08%
                                                    Covers: 2                  
 1589713 847416      881.1515   261      952.0000      865.6667 1.75e+08    9.07%
 1592713 848854        cutoff            952.0000      865.6667 1.75e+08    9.07%
 1595216 849919      893.3462   421      952.0000      865.7429 1.76e+08    9.06%
 1600275 852285      928.7363   233      952.0000      865.8333 1.76e+08    9.05%
 1605509 854794      903.3949   293      952.0000      866.0000 1.77e+08    9.03%
 1608613 856185    infeasible            952.0000      866.0000 1.77e+08    9.03%
 1612120 857805      910.0000   226      952.0000      866.0435 1.77e+08    9.03%
 1614846 859145      902.5000   239      952.0000      866.1667 1.78e+08    9.02%
Elapsed time = 6002.87 sec. (1753090.93 ticks, tree = 75416.14 MB, solutions = 111)
Nodefile size = 75284.53 MB (50748.34 MB after compression)
 1619309 861250      904.8577   383      952.0000      866.1667 1.78e+08    9.02%
 1623825 863358        cutoff            952.0000      866.2500 1.79e+08    9.01%
 1627581 865263        cutoff            952.0000      866.3500 1.79e+08    9.00%
                                                  Impl Bds: 1                  
 1632474 867641      934.4167   182      952.0000      866.5000 1.80e+08    8.98%
 1637205 869745      923.3167   352      952.0000      866.5000 1.80e+08    8.98%
 1639401 870683      950.2464   431      952.0000      866.5714 1.80e+08    8.97%
                                                  ZeroHalf: 1                  
 1642492 872151      943.8750   313      952.0000      866.6667 1.81e+08    8.96%
                                                  ZeroHalf: 1                  
 1647772 874578        cutoff            952.0000      866.7500 1.81e+08    8.95%
 1653250 877191      906.2500   240      952.0000      866.7500 1.82e+08    8.95%
 1655258 878198      898.7500   253      952.0000      866.8808 1.82e+08    8.94%
Elapsed time = 6156.27 sec. (1793321.70 ticks, tree = 76989.64 MB, solutions = 111)
Nodefile size = 76858.35 MB (51742.66 MB after compression)
 1658988 880127      923.8000   367      952.0000      867.0000 1.83e+08    8.93%
                                                  ZeroHalf: 1                  
 1664209 882431      931.5000   210      952.0000      867.0000 1.83e+08    8.93%
 1666768 883544      899.1667   291      952.0000      867.0000 1.83e+08    8.93%
 1670382 885322      898.7500   417      952.0000      867.1667 1.84e+08    8.91%
 1673524 886764      914.9278   264      952.0000      867.2222 1.84e+08    8.91%
                                                  ZeroHalf: 1                  
 1676373 888002      919.8333   233      952.0000      867.2222 1.85e+08    8.91%
 1681055 890213        cutoff            952.0000      867.3333 1.85e+08    8.89%
 1685390 892342      899.2500   252      952.0000      867.4524 1.85e+08    8.88%
 1690005 894442      920.7692   208      952.0000      867.4524 1.86e+08    8.88%
 1691912 895284        cutoff            952.0000      867.5062 1.86e+08    8.88%
Elapsed time = 6298.13 sec. (1831975.30 ticks, tree = 78290.55 MB, solutions = 111)
Nodefile size = 78158.55 MB (52557.75 MB after compression)
 1695128 896809      918.6667   262      952.0000      867.5833 1.87e+08    8.87%
 1700484 899364        cutoff            952.0000      867.6875 1.87e+08    8.86%
 1705081 901532      916.2593   321      952.0000      867.6875 1.88e+08    8.86%
 1709253 903472      897.7143   248      952.0000      867.8333 1.88e+08    8.84%
 1713063 905353        cutoff            952.0000      867.9403 1.88e+08    8.83%
 1716165 906933      946.6667   351      952.0000      867.9403 1.89e+08    8.83%
 1718962 908037      907.1311   371      952.0000      868.0000 1.89e+08    8.82%
                                                  Impl Bds: 1                  
 1723229 910113      895.1667   220      952.0000      868.0750 1.90e+08    8.82%
                                                  ZeroHalf: 1                  
 1728055 912392      887.3333   222      952.0000      868.0750 1.90e+08    8.82%
 1730108 913315        cutoff            952.0000      868.1667 1.90e+08    8.81%
Elapsed time = 6431.91 sec. (1871220.81 ticks, tree = 79434.23 MB, solutions = 111)
Nodefile size = 79299.80 MB (53278.40 MB after compression)
 1734514 915370      931.7586   352      952.0000      868.2750 1.91e+08    8.79%
 1737608 916834      919.9167   311      952.0000      868.2750 1.91e+08    8.79%
 1740706 918335      931.2500   258      952.0000      868.3333 1.92e+08    8.79%
 1745834 920896      897.5833   190      952.0000      868.4359 1.92e+08    8.78%
 1749856 922575      912.5000   203      952.0000      868.5000 1.93e+08    8.77%
                                                  ZeroHalf: 1                  
 1754089 924544        cutoff            952.0000      868.5000 1.93e+08    8.77%
 1756530 925760      922.1250   200      952.0000      868.6333 1.93e+08    8.76%
 1758878 926833      890.4167   292      952.0000      868.6667 1.94e+08    8.75%
 1764459 929404        cutoff            952.0000      868.7738 1.94e+08    8.74%
 1768747 931412      932.6002   324      952.0000      868.7738 1.95e+08    8.74%
Elapsed time = 6575.46 sec. (1910818.70 ticks, tree = 80607.16 MB, solutions = 111)
Nodefile size = 80468.50 MB (54014.06 MB after compression)
 1771763 932761        cutoff            952.0000      868.8846 1.95e+08    8.73%
 1777197 935309      878.0833   230      952.0000      869.0000 1.95e+08    8.72%
 1779072 936061      926.8333   302      952.0000      869.0000 1.96e+08    8.72%
 1781599 937240      889.0833   202      952.0000      869.0000 1.96e+08    8.72%
 1786129 939322      898.6667   123      952.0000      869.1250 1.97e+08    8.71%
 1791388 941755        cutoff            952.0000      869.2128 1.97e+08    8.70%
                                                  Impl Bds: 1                  
 1794524 943144      945.0833   186      952.0000      869.2128 1.98e+08    8.70%
 1799227 945346      949.6667   203      952.0000      869.3000 1.98e+08    8.69%
                                                     Fract: 1                  
 1803193 947165      872.0444   274      952.0000      869.4167 1.98e+08    8.67%
 1804739 947883      915.6905   394      952.0000      869.4167 1.99e+08    8.67%
Elapsed time = 6725.35 sec. (1950534.56 ticks, tree = 82095.23 MB, solutions = 111)
Nodefile size = 81964.67 MB (54951.50 MB after compression)
 1809950 950326      945.5714   347      952.0000      869.4857 1.99e+08    8.67%
                                                  Impl Bds: 1                  
 1814552 952380      947.9091   269      952.0000      869.5333 2.00e+08    8.66%
                                                      Cuts: 2                  
 1819137 954462      899.6667   223      952.0000      869.6667 2.00e+08    8.65%
                                                    Covers: 1                  
 1824508 956867      912.6667   311      952.0000      869.6667 2.01e+08    8.65%
 1825735 957428      891.2549   293      952.0000      869.7500 2.01e+08    8.64%
                                                      Cuts: 2                  
 1828764 958796      899.6500   408      952.0000      869.8000 2.01e+08    8.63%
                                                  Impl Bds: 1                  
 1833917 961114      918.3333   118      952.0000      869.9167 2.02e+08    8.62%
 1838902 963545        cutoff            952.0000      869.9167 2.02e+08    8.62%
 1841671 964654      873.6833   278      952.0000      870.0000 2.03e+08    8.61%
                                                    Covers: 1                  
 1845864 966557      883.0815   264      952.0000      870.0769 2.03e+08    8.61%
                                                  Impl Bds: 1                  
Elapsed time = 6872.14 sec. (1991003.68 ticks, tree = 83527.11 MB, solutions = 111)
Nodefile size = 83396.13 MB (55855.85 MB after compression)
 1847277 967150      931.3939   333      952.0000      870.0769 2.03e+08    8.61%
 1851285 968932      886.7143   228      952.0000      870.1250 2.04e+08    8.60%
 1855993 971094      920.0200   324      952.0000      870.2500 2.04e+08    8.59%
 1861352 973680      929.5833   197      952.0000      870.2500 2.05e+08    8.59%
 1864418 975022      919.7778   275      952.0000      870.3333 2.05e+08    8.58%
 1868077 976623        cutoff            952.0000      870.4318 2.06e+08    8.57%
 1871567 978204      898.3538   272      952.0000      870.5000 2.06e+08    8.56%
 1874332 979320        cutoff            952.0000      870.5000 2.06e+08    8.56%
 1878771 981266      901.0363   370      952.0000      870.5812 2.07e+08    8.55%
                                                  Impl Bds: 1                  
 1882820 983144      872.2937   295      952.0000      870.6667 2.07e+08    8.54%
                                                      Cuts: 5                  
Elapsed time = 7009.08 sec. (2029937.10 ticks, tree = 84700.61 MB, solutions = 111)
Nodefile size = 84569.17 MB (56599.00 MB after compression)
 1885130 984163      937.6667   320      952.0000      870.6667 2.08e+08    8.54%
 1888967 985827      905.6333   297      952.0000      870.7000 2.08e+08    8.54%
 1893277 987901      877.5333   251      952.0000      870.8136 2.09e+08    8.53%
 1897688 989937      914.2917   267      952.0000      870.8974 2.09e+08    8.52%
 1903795 992821      913.9630   303      952.0000      870.8974 2.09e+08    8.52%
 1905306 993393      909.9545   329      952.0000      871.0000 2.10e+08    8.51%
                                                    Covers: 1                  
 1907136 994167        cutoff            952.0000      871.0000 2.10e+08    8.51%
                                                    Covers: 1                  
 1911105 995883      892.1063   284      952.0000      871.0000 2.11e+08    8.51%
 1915185 997651      871.3333   220      952.0000      871.1250 2.11e+08    8.50%
                                                  Impl Bds: 1                  
 1919830 999814        cutoff            952.0000      871.2273 2.11e+08    8.48%
                                                    Covers: 1                  
Elapsed time = 7150.96 sec. (2068755.67 ticks, tree = 85951.74 MB, solutions = 111)
Nodefile size = 85818.33 MB (57380.69 MB after compression)
 1924978 1002152        cutoff            952.0000      871.2273 2.12e+08    8.48%
 1927703 1003484      930.3114   446      952.0000      871.3000 2.12e+08    8.48%
                                                    Covers: 1                  
 1931696 1005313      935.8143   236      952.0000      871.4167 2.13e+08    8.46%
 1934681 1006687      917.9697   416      952.0000      871.4769 2.13e+08    8.46%
 1938329 1008273        cutoff            952.0000      871.4769 2.13e+08    8.46%
 1943239 1010481      897.3333   249      952.0000      871.5147 2.14e+08    8.45%
 1947340 1012485      894.0833   187      952.0000      871.6304 2.14e+08    8.44%
 1952247 1014612      913.0000   230      952.0000      871.6304 2.15e+08    8.44%
 1954291 1015491      909.0093   268      952.0000      871.7222 2.15e+08    8.43%
 1956672 1016543      942.3765   274      952.0000      871.7667 2.15e+08    8.43%
Elapsed time = 7291.10 sec. (2107627.38 ticks, tree = 87166.32 MB, solutions = 111)
Nodefile size = 87035.71 MB (58152.35 MB after compression)
 1962609 1019277      904.7500   203      952.0000      871.8750 2.16e+08    8.42%
 1967441 1021349      938.4444   298      952.0000      871.8750 2.16e+08    8.42%
 1971658 1023270      943.5833   289      952.0000      872.0000 2.17e+08    8.40%
 1975014 1024658        cutoff            952.0000      872.0000 2.17e+08    8.40%
 1975853 1025044      874.6898   374      952.0000      872.0000 2.17e+08    8.40%
 1980137 1026962      932.6333   234      952.0000      872.0714 2.18e+08    8.40%
 1985146 1029179      905.2093   325      952.0000      872.1667 2.18e+08    8.39%
 1989869 1031312      900.3333   291      952.0000      872.2500 2.19e+08    8.38%
 1992941 1032711      872.8333   200      952.0000      872.2500 2.19e+08    8.38%
 1997150 1034583      947.6572   277      952.0000      872.3333 2.20e+08    8.37%
Elapsed time = 7449.79 sec. (2147705.63 ticks, tree = 88683.22 MB, solutions = 111)
Nodefile size = 88552.78 MB (59108.00 MB after compression)
 2000941 1036262      943.1667   164      952.0000      872.4167 2.20e+08    8.36%
 2006184 1038770      922.2222   195      952.0000      872.4167 2.20e+08    8.36%
 2009712 1040202      935.0538   233      952.0000      872.5000 2.21e+08    8.35%
 2013544 1041935        cutoff            952.0000      872.5833 2.21e+08    8.34%
 2016028 1043073      907.0072   271      952.0000      872.5833 2.22e+08    8.34%
 2019720 1044706      943.4167   190      952.0000      872.6358 2.22e+08    8.34%
 2025376 1047132      891.3611   337      952.0000      872.7333 2.23e+08    8.33%
 2029338 1048929      903.4762   287      952.0000      872.8095 2.23e+08    8.32%
                                                    Covers: 1                  
 2030636 1049524      926.6354   364      952.0000      872.8095 2.23e+08    8.32%
 2035298 1051662      890.5625   306      952.0000      872.8629 2.24e+08    8.31%
Elapsed time = 7590.90 sec. (2186947.35 ticks, tree = 89704.36 MB, solutions = 111)
Nodefile size = 89568.68 MB (59741.77 MB after compression)
 2040052 1053966      898.1667   205      952.0000      872.9667 2.24e+08    8.30%
 2045300 1056278        cutoff            952.0000      873.0000 2.25e+08    8.30%
 2050001 1058207      915.8810   256      952.0000      873.0000 2.25e+08    8.30%
 2051724 1058960      914.3080   344      952.0000      873.0833 2.25e+08    8.29%
 2054936 1060408      878.2370   336      952.0000      873.1389 2.26e+08    8.28%
 2060638 1062949        cutoff            952.0000      873.2179 2.26e+08    8.28%
 2065598 1064948      900.4200   402      952.0000      873.2179 2.27e+08    8.28%
 2068807 1066374        cutoff            952.0000      873.3000 2.27e+08    8.27%
 2072501 1067927      890.8007   456      952.0000      873.3770 2.28e+08    8.26%
 2073900 1068532      947.8683   333      952.0000      873.3770 2.28e+08    8.26%
Elapsed time = 7741.67 sec. (2227799.04 ticks, tree = 91132.13 MB, solutions = 111)
Nodefile size = 91001.45 MB (60640.28 MB after compression)
 2079430 1071085      913.1250   245      952.0000      873.4333 2.29e+08    8.25%
 2084343 1073005        cutoff            952.0000      873.5000 2.29e+08    8.25%
 2088505 1074926      946.2917   240      952.0000      873.5833 2.29e+08    8.24%
 2093074 1077021      922.2000   319      952.0000      873.5833 2.30e+08    8.24%
 2096712 1078548        cutoff            952.0000      873.6667 2.30e+08    8.23%
 2100761 1080264      907.3333   311      952.0000      873.7500 2.31e+08    8.22%
 2103370 1081303        cutoff            952.0000      873.7500 2.31e+08    8.22%
 2106308 1082747      926.6667   298      952.0000      873.7833 2.31e+08    8.22%
                                                    Covers: 1                  
 2111494 1085090      929.8889   277      952.0000      873.8743 2.32e+08    8.21%
 2116542 1087332      922.7879   242      952.0000      873.9881 2.32e+08    8.19%
Elapsed time = 7889.81 sec. (2267269.64 ticks, tree = 92632.10 MB, solutions = 111)
Nodefile size = 92501.11 MB (61575.24 MB after compression)
 2121625 1089634      888.0000   209      952.0000      873.9881 2.33e+08    8.19%
 2123437 1090255      902.8182   363      952.0000      874.0000 2.33e+08    8.19%
                                                  ZeroHalf: 1                  
 2126072 1091428      920.2000   203      952.0000      874.0294 2.34e+08    8.19%
 2131818 1094040      903.5476   296      952.0000      874.1471 2.34e+08    8.18%
 2136552 1096154      912.2500   121      952.0000      874.1471 2.35e+08    8.18%
 2140796 1098053      928.8281   265      952.0000      874.2323 2.35e+08    8.17%
 2144477 1099696      894.0833   223      952.0000      874.2667 2.35e+08    8.17%
 2147117 1100969      917.1111   320      952.0000      874.2667 2.36e+08    8.17%
 2149856 1102070      904.3333   280      952.0000      874.3333 2.36e+08    8.16%
 2154482 1104024      920.3631   370      952.0000      874.4123 2.36e+08    8.15%
Elapsed time = 8033.63 sec. (2307032.77 ticks, tree = 93745.73 MB, solutions = 111)
Nodefile size = 93614.75 MB (62270.72 MB after compression)
 2160595 1106953      930.1250   284      952.0000      874.5000 2.37e+08    8.14%
 2165180 1108796      920.8470   453      952.0000      874.5000 2.37e+08    8.14%
 2167327 1109821      919.3954   397      952.0000      874.5833 2.38e+08    8.13%
 2170021 1110959      914.9778   278      952.0000      874.6111 2.38e+08    8.13%
 2175385 1113221        cutoff            952.0000      874.6111 2.39e+08    8.13%
 2179911 1115024      911.5333   209      952.0000      874.6667 2.39e+08    8.12%
 2184223 1116838      907.4167   219      952.0000      874.7667 2.39e+08    8.11%
 2188697 1118709      919.6667   182      952.0000      874.8667 2.40e+08    8.10%
 2191282 1119845      924.1614   371      952.0000      874.8667 2.40e+08    8.10%
 2194384 1121199      883.2500   193      952.0000      874.9167 2.41e+08    8.10%
Elapsed time = 8176.88 sec. (2347813.80 ticks, tree = 94870.68 MB, solutions = 111)
Nodefile size = 94736.34 MB (62966.34 MB after compression)
 2201007 1124097      884.0000   340      952.0000      875.0000 2.41e+08    8.09%
 2204588 1125461      941.0238   301      952.0000      875.0204 2.42e+08    8.09%
                                                    Covers: 1                  
 2208302 1126953        cutoff            952.0000      875.0204 2.42e+08    8.09%
 2210953 1128152      905.3056   387      952.0000      875.1176 2.42e+08    8.08%
                                                    Covers: 2                  
 2214244 1129675      917.0417   275      952.0000      875.1667 2.43e+08    8.07%
 2218732 1131685      902.1250   396      952.0000      875.1667 2.43e+08    8.07%
 2223152 1133424      933.1905   320      952.0000      875.2500 2.44e+08    8.06%
 2227451 1135186        cutoff            952.0000      875.3333 2.44e+08    8.05%
 2232411 1137423      915.6111   225      952.0000      875.4103 2.45e+08    8.05%
 2233563 1137897      920.2143   312      952.0000      875.4103 2.45e+08    8.05%
Elapsed time = 8330.20 sec. (2387903.84 ticks, tree = 96196.65 MB, solutions = 111)
Nodefile size = 96066.75 MB (63805.68 MB after compression)
 2239184 1140492        cutoff            952.0000      875.4500 2.45e+08    8.04%
 2243464 1142114        cutoff            952.0000      875.5000 2.46e+08    8.04%
 2248854 1144448      916.7917   279      952.0000      875.5833 2.46e+08    8.03%
 2254026 1146737        cutoff            952.0000      875.5833 2.47e+08    8.03%
 2256007 1147490        cutoff            952.0000      875.6667 2.47e+08    8.02%
                                                    Covers: 1                  
 2258465 1148609        cutoff            952.0000      875.7078 2.48e+08    8.01%
 2262959 1150463      902.3750   351      952.0000      875.7078 2.48e+08    8.01%
 2267942 1152594      880.4583   393      952.0000      875.7917 2.48e+08    8.01%
 2271840 1154283      918.9987   437      952.0000      875.8698 2.49e+08    8.00%
 2276872 1156444        cutoff            952.0000      875.8698 2.49e+08    8.00%
Elapsed time = 8477.05 sec. (2427488.47 ticks, tree = 97351.96 MB, solutions = 111)
Nodefile size = 97206.29 MB (64511.70 MB after compression)
 2277797 1156868      914.7292   285      952.0000      875.9667 2.49e+08    7.99%
 2282737 1158936      908.2500   188      952.0000      876.0000 2.50e+08    7.98%
 2286983 1160518      880.4000   242      952.0000      876.0125 2.51e+08    7.98%
 2291698 1162529      904.6306   379      952.0000      876.0125 2.51e+08    7.98%
 2294235 1163711      878.8906   303      952.0000      876.1250 2.51e+08    7.97%
 2297043 1164941      924.7917   357      952.0000      876.1667 2.52e+08    7.97%
 2303086 1167606      905.1988   315      952.0000      876.2500 2.52e+08    7.96%
 2306766 1169128      923.0000   123      952.0000      876.2500 2.53e+08    7.96%
 2310972 1170938      918.5714   283      952.0000      876.3333 2.53e+08    7.95%
 2315621 1172950      926.0000   181      952.0000      876.4000 2.53e+08    7.94%
Elapsed time = 8625.71 sec. (2467201.04 ticks, tree = 98673.89 MB, solutions = 111)
Nodefile size = 98544.95 MB (65350.10 MB after compression)
 2316568 1173355      909.6364   431      952.0000      876.4000 2.54e+08    7.94%
 2321659 1175681      902.3333   274      952.0000      876.4431 2.54e+08    7.94%
 2326891 1177605      877.9643   213      952.0000      876.5000 2.55e+08    7.93%
 2331687 1179734      924.0000   357      952.0000      876.5000 2.55e+08    7.93%
 2334663 1180994      909.7333   202      952.0000      876.5833 2.55e+08    7.92%
 2339216 1183000      900.4535   313      952.0000      876.6667 2.56e+08    7.91%
 2344151 1185161      893.4167   317      952.0000      876.7167 2.56e+08    7.91%
 2345622 1185769        cutoff            952.0000      876.7167 2.57e+08    7.91%
 2349172 1187202      910.3333   378      952.0000      876.7667 2.57e+08    7.90%
 2354575 1189472      901.5000   264      952.0000      876.8333 2.58e+08    7.90%
Elapsed time = 8770.21 sec. (2507218.60 ticks, tree = 99852.93 MB, solutions = 111)
Nodefile size = 99719.24 MB (66078.09 MB after compression)
 2359476 1191627        cutoff            952.0000      876.9167 2.58e+08    7.89%
 2364177 1193648      899.0000   225      952.0000      876.9167 2.58e+08    7.89%
 2366592 1194717        cutoff            952.0000      877.0000 2.59e+08    7.88%
 2370369 1196007      939.1018   260      952.0000      877.0000 2.59e+08    7.88%
 2375445 1198251      920.8690   335      952.0000      877.0000 2.60e+08    7.88%
 2378724 1199547        cutoff            952.0000      877.0556 2.60e+08    7.87%
 2382981 1201484      909.9167   339      952.0000      877.1538 2.61e+08    7.86%
 2388401 1203874      933.8167   268      952.0000      877.2222 2.61e+08    7.85%
 2390268 1204680      941.0302   320      952.0000      877.2222 2.61e+08    7.85%
 2394130 1206184      884.6667   183      952.0000      877.2545 2.62e+08    7.85%
Elapsed time = 8912.83 sec. (2547654.63 ticks, tree = 101013.57 MB, solutions = 111)
Nodefile size = 100878.98 MB (66802.77 MB after compression)
 2399661 1208700      892.6481   281      952.0000      877.3333 2.62e+08    7.84%
 2404495 1210826        cutoff            952.0000      877.4167 2.63e+08    7.83%
                                                    Covers: 1                  
 2410299 1213428      877.8333   201      952.0000      877.4167 2.63e+08    7.83%
 2412694 1214492      908.5000   253      952.0000      877.5000 2.64e+08    7.83%
 2415114 1215332      932.6667   237      952.0000      877.5000 2.64e+08    7.83%
 2420081 1217319        cutoff            952.0000      877.5556 2.64e+08    7.82%
 2423921 1218937      925.3750   335      952.0000      877.5556 2.65e+08    7.82%
 2429477 1221384      896.0208   339      952.0000      877.6419 2.65e+08    7.81%
 2432539 1222580      918.9722   161      952.0000      877.6944 2.66e+08    7.81%
 2436147 1224229      898.6023   284      952.0000      877.6944 2.66e+08    7.81%
Elapsed time = 9064.67 sec. (2588199.85 ticks, tree = 102300.05 MB, solutions = 111)
Nodefile size = 102169.97 MB (67609.69 MB after compression)
 2438226 1225076      910.0000   215      952.0000      877.7500 2.66e+08    7.80%
 2444054 1227487      913.1976   274      952.0000      877.8095 2.67e+08    7.79%
 2448653 1229542        cutoff            952.0000      877.8750 2.67e+08    7.79%
                                                    Covers: 1                  
 2452198 1231009      900.7778   266      952.0000      877.8750 2.68e+08    7.79%
 2454948 1232077        cutoff            952.0000      877.9394 2.68e+08    7.78%
 2459280 1234011      923.5000   214      952.0000      878.0000 2.69e+08    7.77%
                                                    Covers: 1                  
 2462849 1235277      931.4667   295      952.0000      878.0000 2.69e+08    7.77%
 2467320 1237031      916.5556   254      952.0000      878.0000 2.70e+08    7.77%
                                                    Covers: 2                  
 2470578 1238480      900.4444   354      952.0000      878.0833 2.70e+08    7.76%
 2473276 1239581      905.7500   403      952.0000      878.1190 2.70e+08    7.76%
Elapsed time = 9206.53 sec. (2627750.64 ticks, tree = 103216.68 MB, solutions = 111)
Nodefile size = 103086.42 MB (68185.83 MB after compression)
 2476764 1241113      943.7500   235      952.0000      878.1190 2.71e+08    7.76%
 2482197 1243460      908.4521   227      952.0000      878.1814 2.71e+08    7.75%
 2486134 1245007      890.4444   313      952.0000      878.2500 2.72e+08    7.75%
 2491521 1247243      905.6667   239      952.0000      878.2500 2.72e+08    7.75%
 2494438 1248476      885.9444   413      952.0000      878.3333 2.72e+08    7.74%
                                                    Covers: 1                  
 2497474 1249725      906.9149   301      952.0000      878.3444 2.73e+08    7.74%
                                                    Covers: 1                  
 2502892 1252028      910.3333   188      952.0000      878.4333 2.73e+08    7.73%
                                                    Covers: 3                  
 2504579 1252785      887.5000   100      952.0000      878.4333 2.74e+08    7.73%
 2510131 1255388      897.4333   290      952.0000      878.4970 2.74e+08    7.72%
 2513702 1256614      922.7778   314      952.0000      878.5111 2.75e+08    7.72%
Elapsed time = 9356.85 sec. (2667036.64 ticks, tree = 104457.10 MB, solutions = 111)
Nodefile size = 104324.72 MB (68963.17 MB after compression)
 2519130 1258922      943.6667   209      952.0000      878.5111 2.75e+08    7.72%
 2520151 1259321      900.1667   389      952.0000      878.5833 2.75e+08    7.71%
 2524017 1261047      931.8000   317      952.0000      878.6333 2.76e+08    7.71%
 2528511 1262807        cutoff            952.0000      878.7000 2.76e+08    7.70%
 2532819 1264659      887.5692   321      952.0000      878.7000 2.77e+08    7.70%
 2535743 1265839        cutoff            952.0000      878.7608 2.77e+08    7.69%
 2540847 1268041      943.9000   376      952.0000      878.8333 2.77e+08    7.69%
 2543422 1269075      904.3333   395      952.0000      878.8333 2.78e+08    7.69%
 2547111 1270600      932.2500   247      952.0000      878.8750 2.78e+08    7.68%
 2551982 1272760        cutoff            952.0000      878.9583 2.79e+08    7.67%
Elapsed time = 9504.77 sec. (2706260.39 ticks, tree = 105532.18 MB, solutions = 111)
Nodefile size = 105399.11 MB (69638.51 MB after compression)
 2557653 1275170      913.0000   200      952.0000      879.0000 2.79e+08    7.67%
 2562160 1276751      931.8333   235      952.0000      879.0000 2.80e+08    7.67%
 2563657 1277365      899.7500   237      952.0000      879.0278 2.80e+08    7.67%
 2567120 1278880        cutoff            952.0000      879.0833 2.80e+08    7.66%
 2572830 1281416        cutoff            952.0000      879.1410 2.81e+08    7.65%
 2576917 1283091      919.7069   259      952.0000      879.1410 2.81e+08    7.65%
 2581923 1285225        cutoff            952.0000      879.2083 2.82e+08    7.65%
 2585469 1286711        cutoff            952.0000      879.2667 2.82e+08    7.64%
 2587842 1287811      938.6667   264      952.0000      879.2667 2.82e+08    7.64%
 2591236 1289209      918.0000   217      952.0000      879.3259 2.83e+08    7.63%
Elapsed time = 9655.43 sec. (2746253.55 ticks, tree = 106679.90 MB, solutions = 111)
Nodefile size = 106546.92 MB (70356.97 MB after compression)
 2595910 1291121      906.5587   313      952.0000      879.3729 2.83e+08    7.63%
 2600863 1293086      917.1667   242      952.0000      879.4706 2.84e+08    7.62%
 2605637 1295280      945.4940   312      952.0000      879.4706 2.84e+08    7.62%
 2608585 1296284      928.1250   385      952.0000      879.5000 2.85e+08    7.62%
                                                    Covers: 1                  
 2612810 1298043        cutoff            952.0000      879.5417 2.85e+08    7.61%
 2616131 1299406      890.4807   444      952.0000      879.6000 2.86e+08    7.61%
                                                    Covers: 1                  
 2619075 1300628      905.0000   193      952.0000      879.6000 2.86e+08    7.61%
 2623669 1302546      886.3333   256      952.0000      879.6645 2.86e+08    7.60%
 2628227 1304411      904.0833   227      952.0000      879.7083 2.87e+08    7.59%
                                                    Covers: 1                  
 2633522 1306522      935.5606   358      952.0000      879.7500 2.87e+08    7.59%
Elapsed time = 9808.97 sec. (2787989.95 ticks, tree = 107927.59 MB, solutions = 111)
Nodefile size = 107798.21 MB (71147.39 MB after compression)
 2634863 1307074      885.8500   311      952.0000      879.7500 2.87e+08    7.59%
 2639638 1309059        cutoff            952.0000      879.8000 2.88e+08    7.58%
 2643022 1310407      894.8889   210      952.0000      879.8333 2.88e+08    7.58%
 2649000 1312993      916.1667   210      952.0000      879.9167 2.89e+08    7.57%
 2653641 1314936      894.3333   206      952.0000      879.9167 2.89e+08    7.57%
 2657507 1316566      904.7333   282      952.0000      880.0000 2.90e+08    7.56%
 2660385 1317482        cutoff            952.0000      880.0000 2.90e+08    7.56%
 2662602 1318316      884.8333   275      952.0000      880.0119 2.90e+08    7.56%
 2665675 1319520      893.0076   357      952.0000      880.0119 2.91e+08    7.56%
 2668658 1320813      884.6000   269      952.0000      880.0833 2.91e+08    7.55%
Elapsed time = 9956.66 sec. (2830776.50 ticks, tree = 108941.24 MB, solutions = 111)
Nodefile size = 108810.03 MB (71779.97 MB after compression)
 2674452 1323225      936.6667   266      952.0000      880.1548 2.91e+08    7.55%
 2679237 1325291    infeasible            952.0000      880.2038 2.92e+08    7.54%
 2680957 1325958      900.7500   203      952.0000      880.2038 2.92e+08    7.54%
 2685810 1327758      910.8750   288      952.0000      880.2500 2.93e+08    7.54%
 2689038 1329140      924.3667   188      952.0000      880.3000 2.93e+08    7.53%
 2689699 1329437      909.0000   175      952.0000      880.3000 2.93e+08    7.53%
 2691011 1329943      902.6667   320      952.0000      880.3000 2.93e+08    7.53%
 2694780 1331414        cutoff            952.0000      880.3333 2.94e+08    7.53%
 2698836 1333119      904.3571   244      952.0000      880.3968 2.94e+08    7.52%
 2701807 1334452      902.8261   262      952.0000      880.4167 2.94e+08    7.52%
Elapsed time = 10117.12 sec. (2894389.08 ticks, tree = 109913.06 MB, solutions = 111)
Nodefile size = 109782.70 MB (72390.09 MB after compression)
 2708278 1337388      914.5714   240      952.0000      880.4714 2.95e+08    7.51%
 2711772 1338531      892.5000   245      952.0000      880.5000 2.95e+08    7.51%
 2716067 1340234        cutoff            952.0000      880.5185 2.96e+08    7.51%
 2716887 1340575      924.3778   222      952.0000      880.5185 2.96e+08    7.51%
 2717022 1340638      943.9722   318      952.0000      880.5185 2.96e+08    7.51%
 2720470 1342088      916.6667   270      952.0000      880.5833 2.96e+08    7.50%
 2721000 1342291      905.0000   249      952.0000      880.5833 2.96e+08    7.50%
 2723698 1343498      932.7778   227      952.0000      880.6364 2.97e+08    7.50%
 2729502 1345800      916.8556   287      952.0000      880.6667 2.97e+08    7.49%
 2730593 1346277      921.2500   210      952.0000      880.6667 2.97e+08    7.49%
Elapsed time = 10282.02 sec. (2973788.09 ticks, tree = 110763.31 MB, solutions = 111)
Nodefile size = 110628.07 MB (72921.52 MB after compression)
 2732682 1347206      906.3333   241      952.0000      880.7088 2.97e+08    7.49%
 2732830 1347243      909.5500   217      952.0000      880.7088 2.97e+08    7.49%
 2735427 1348196      908.2883   298      952.0000      880.7088 2.98e+08    7.49%
 2737098 1348872      947.9167   196      952.0000      880.7333 2.98e+08    7.49%
 2739762 1349999      936.3333   172      952.0000      880.7801 2.98e+08    7.48%
 2739808 1350008      940.1667   204      952.0000      880.7801 2.98e+08    7.48%
 2742368 1351031      932.6833   190      952.0000      880.7801 2.99e+08    7.48%
 2744347 1351848      885.3333   204      952.0000      880.7917 2.99e+08    7.48%
 2748014 1353288      888.0000   272      952.0000      880.8718 2.99e+08    7.47%
 2749477 1353922      907.8333   238      952.0000      880.8718 2.99e+08    7.47%
Elapsed time = 10474.02 sec. (3070333.81 ticks, tree = 111364.86 MB, solutions = 111)
Nodefile size = 111224.33 MB (73295.02 MB after compression)
 2749934 1354120      909.8905   238      952.0000      880.8718 2.99e+08    7.47%
 2751161 1354655      916.1197   311      952.0000      880.9103 2.99e+08    7.47%
 2751387 1354749      892.3750   251      952.0000      880.9103 2.99e+08    7.47%
 2753864 1355697      912.8333   187      952.0000      880.9375 3.00e+08    7.46%
 2754067 1355792      906.0000   236      952.0000      880.9375 3.00e+08    7.46%
 2758276 1357683      918.6667   206      952.0000      881.0000 3.00e+08    7.46%
 2760673 1358684      930.0000   288      952.0000      881.0000 3.00e+08    7.46%
 2762133 1359163      887.3125   236      952.0000      881.0000 3.01e+08    7.46%
 2763074 1359508      920.0000   188      952.0000      881.0000 3.01e+08    7.46%
 2766838 1360873      900.8810   239      952.0000      881.0000 3.01e+08    7.46%
Elapsed time = 10660.61 sec. (3192761.37 ticks, tree = 111907.81 MB, solutions = 111)
Nodefile size = 111778.15 MB (73642.09 MB after compression)
 2767166 1360988      899.8333   260      952.0000      881.0000 3.01e+08    7.46%
 2770962 1362591      930.1000   232      952.0000      881.0490 3.02e+08    7.45%
 2772821 1363295      892.9510   277      952.0000      881.1053 3.02e+08    7.45%
 2772897 1363313      928.9000   210      952.0000      881.1053 3.02e+08    7.45%
 2773495 1363585      936.0000   210      952.0000      881.1053 3.02e+08    7.45%
 2776753 1365024      912.6111   208      952.0000      881.1250 3.02e+08    7.44%
 2779516 1366170      890.8559   240      952.0000      881.1250 3.03e+08    7.44%

GUB cover cuts applied:  1
Clique cuts applied:  12
Cover cuts applied:  79
Implied bound cuts applied:  66
Zero-half cuts applied:  266
Gomory fractional cuts applied:  18

Root node processing (before b&c):
  Real time             =    6.83 sec. (4215.50 ticks)
Parallel b&c, 32 threads:
  Real time             = 10810.26 sec. (3274136.07 ticks)
  Sync time (average)   =    2.12 sec.
  Wait time (average)   =    0.00 sec.
                          ------------
Total (root+branch&cut) = 10817.09 sec. (3278351.57 ticks)


Solution status: Feasible
Execution time: 10817.4 sec
Gap: 0.07440
