Thu Jul 19 20:28:11 2018

Tried aggregator 2 times.
MIP Presolve eliminated 18040 rows and 145 columns.
Aggregator did 576 substitutions.
Reduced MIP has 14977 rows, 3172 columns, and 54056 nonzeros.
Reduced MIP has 3172 binaries, 0 generals, 0 SOSs, and 0 indicators.
Presolve time = 0.13 sec. (79.12 ticks)
Probing time = 0.01 sec. (1.98 ticks)
Tried aggregator 1 time.
Presolve time = 0.03 sec. (22.53 ticks)
Probing time = 0.01 sec. (1.98 ticks)
Clique table members: 10724.
MIP emphasis: balance optimality and feasibility.
MIP search method: dynamic search.
Parallel mode: deterministic, using up to 32 threads.
Root relaxation solution time = 1.03 sec. (391.26 ticks)

        Nodes                                         Cuts/
   Node  Left     Objective  IInf  Best Integer    Best Bound    ItCnt     Gap

      0     0      680.0000   362                    680.0000     2827         
      0     0      729.3929   410                    Cuts: 36     3433         
      0     0      754.5000   398                    Cuts: 76     4082         
      0     0      773.8750   371                    Cuts: 89     5802         
      0     0      774.1429   424                    Cuts: 92     6284         
      0     0      788.0000   401                    Cuts: 52     6637         
      0     0      790.0952   419                    Cuts: 46     7292         
      0     0      790.1667   426                    Cuts: 57     7739         
      0     0      790.5000   361                    Cuts: 54     8030         
      0     0      790.6667   383                    Cuts: 47     8560         
      0     0      793.3809   404                    Cuts: 60     9408         
      0     0      795.1327   383                    Cuts: 44     9740         
      0     0      795.7632   386                    Cuts: 34     9941         
      0     0      800.0938   376                    Cuts: 30    10308         
      0     0      800.4936   380                    Cuts: 48    10482         
      0     0      800.6059   376                    Cuts: 29    10598         
*     0+    0                         2940.0000      800.6059    10669   72.77%
Found incumbent of value 2940.000000 after 10.10 sec. (5713.24 ticks)
      0     0      800.8282   379     2940.0000  ZeroHalf: 13    10669   72.76%
      0     0      801.4670   370     2940.0000      Cuts: 35    10859   72.74%
      0     0      803.9136   418     2940.0000      Cuts: 36    11380   72.66%
      0     0      805.7250   419     2940.0000      Cuts: 37    11555   72.59%
      0     0      806.6216   430     2940.0000      Cuts: 27    11657   72.56%
      0     0      807.0510   428     2940.0000      Cuts: 21    11726   72.55%
      0     0      810.0695   433     2940.0000      Cuts: 23    11966   72.45%
      0     0      812.4866   427     2940.0000      Cuts: 30    12165   72.36%
      0     0      812.7307   432     2940.0000      Cuts: 28    12356   72.36%
      0     0      813.2162   428     2940.0000      Cuts: 34    12572   72.34%
      0     0      814.0576   425     2940.0000      Cuts: 30    12771   72.31%
      0     0      814.5805   441     2940.0000      Cuts: 35    12908   72.29%
      0     0      828.9667   443     2940.0000      Cuts: 15    13840   71.80%
      0     0      828.9948   435     2940.0000      Cuts: 36    14074   71.80%
      0     2      828.9948   435     2940.0000      828.9948    14074   71.80%
Elapsed time = 19.11 sec. (11019.56 ticks, tree = 0.01 MB, solutions = 1)
      1     3      829.0622   444     2940.0000      828.9948    15719   71.80%
      2     4      829.7222   441     2940.0000      828.9948    18263   71.80%
      3     5      831.1940   522     2940.0000      829.0647    26025   71.80%
      6     8      833.4913   515     2940.0000      829.0647    40444   71.80%
     11    13      834.5808   464     2940.0000      831.1940    47970   71.73%
                                                  Impl Bds: 9                  
     14    16      843.9775   424     2940.0000      831.1940    53260   71.73%
     15    17      871.4805   619     2940.0000      831.1940    68286   71.73%
     20    22      874.1217   610     2940.0000      831.1940    97700   71.73%
     24    26      883.4730   486     2940.0000      831.1940   101466   71.73%
     29    31      869.5411   557     2940.0000      833.3339   114108   71.66%
                                                  Impl Bds: 6                  
Elapsed time = 60.75 sec. (36025.33 ticks, tree = 0.19 MB, solutions = 1)
     49    51      900.7105   547     2940.0000      833.3339   140702   71.66%
     65    67      896.1250   337     2940.0000      833.3339   156484   71.66%
                                                  Impl Bds: 8                  
     75    77      903.4931   560     2940.0000      833.3339   162573   71.66%
    230   232      927.4583   401     2940.0000      833.3339   257133   71.66%
    290   292      898.8247   330     2940.0000      833.3339   298871   71.66%
    359   361      943.4928   526     2940.0000      833.3339   358327   71.66%
                                                 Impl Bds: 20                  
    437   439      957.7500   420     2940.0000      833.3339   466188   71.66%
    540   542      864.4665   442     2940.0000      833.3339   586755   71.66%
    606   608      920.9167   450     2940.0000      833.3339   654299   71.66%
*  1430  1427      integral     0     1382.0000      833.3339  1130678   39.70%
Elapsed time = 116.07 sec. (56492.92 ticks, tree = 0.15 MB, solutions = 1)
Found incumbent of value 1382.000000 after 116.07 sec. (56492.92 ticks)
   1468  1453      898.1239   481     1382.0000      833.3339  1153019   39.70%
                                                  Impl Bds: 4                  
   1596  1581      913.4750   382     1382.0000      833.3339  1186232   39.70%
   1756  1733      976.0852   448     1382.0000      833.3339  1224887   39.70%
   1916  1891     1000.2500   263     1382.0000      833.3339  1263580   39.70%
   2044  2019     1022.4127   393     1382.0000      833.3339  1298972   39.70%
   2817  2734      892.0256   545     1382.0000      833.3339  1465665   39.70%
   5120  4839      980.6685   579     1382.0000      833.3339  1982496   39.70%
                                                     Cuts: 55                  
   5171  4888      891.4000   469     1382.0000      833.3339  2016262   39.70%
   5212  4927      910.1374   612     1382.0000      833.3339  2045890   39.70%
   5235  4950      906.3611   549     1382.0000      833.3339  2075266   39.70%
Elapsed time = 188.53 sec. (74128.52 ticks, tree = 152.29 MB, solutions = 2)
Nodefile size = 11.33 MB (8.29 MB after compression)
   5286  5001      946.2188   488     1382.0000      833.3339  2124687   39.70%
   5363  5074      911.0192   450     1382.0000      833.3339  2189980   39.70%
   5372  5083      915.0000   552     1382.0000      833.3339  2202421   39.70%
   5481  5188      856.7058   587     1382.0000      833.3339  2272058   39.70%
*  6493  6135      integral     0     1379.0000      833.3339  2591137   39.57%
Found incumbent of value 1379.000000 after 203.14 sec. (80486.69 ticks)
*  6577  6191      integral     0     1331.0000      833.3339  2609340   37.39%
Found incumbent of value 1331.000000 after 203.14 sec. (80486.69 ticks)
*  7723+ 4425                         1322.0000      840.1377  2900497   36.45%
Found incumbent of value 1322.000000 after 225.89 sec. (88338.45 ticks)
   7723  4426      846.2842   573     1322.0000      846.2842  2923805   35.98%
   7724  4426      846.3853   562     1322.0000      846.2842  2924244   35.98%
   7725  4427      846.8000   471     1322.0000      846.2842  2928205   35.98%
   7726  4428      848.7042   691     1322.0000      846.5765  2934836   35.96%
Elapsed time = 276.21 sec. (125196.81 ticks, tree = 84.84 MB, solutions = 6)
   7728  4429      848.3908   544     1322.0000      846.5765  2953005   35.96%
   7730  4429      847.9482   637     1322.0000      846.5765  2963991   35.96%
   7733  4431      847.3333   617     1322.0000      846.8810  2971192   35.94%
                                                     Cuts: 21                  
   7734  4432      850.9639   677     1322.0000      846.8810  2981704   35.94%
   7736  4434      852.1135   677     1322.0000      846.8810  3002234   35.94%
   7740  4437      853.2440   683     1322.0000      846.8810  3024660   35.94%
   7744  4439      851.5249   725     1322.0000      846.8810  3043827   35.94%
                                                     Cuts: 21                  
   7745  4440      861.2989   661     1322.0000      846.8810  3056582   35.94%
   7752  4442      879.1225   574     1322.0000      846.8810  3095129   35.94%
   7753  4443      876.1067   510     1322.0000      846.8810  3102869   35.94%
Elapsed time = 329.13 sec. (157945.00 ticks, tree = 84.61 MB, solutions = 6)
   7758  4447      851.9643   680     1322.0000      846.8810  3108263   35.94%
                                                     Cuts: 14                  
   7768  4452      870.3333   493     1322.0000      846.8810  3115765   35.94%
*  7769+ 2982                         1307.0000      846.8810  3117504   35.20%
Found incumbent of value 1307.000000 after 337.50 sec. (160518.15 ticks)
   7776  2987      879.0690   633     1307.0000      846.8810  3130532   35.20%
   7783  2988      879.1055   672     1307.0000      846.8810  3146233   35.20%
   7788  2992      853.7597   654     1307.0000      846.8810  3154021   35.20%
                                                     Cuts: 10                  
   7790  2993      860.6089   681     1307.0000      846.8810  3166887   35.20%
   7819  3010      877.7333   673     1307.0000      846.8810  3292961   35.20%
   7933  3073      939.1562   520     1307.0000      846.8810  3612262   35.20%
   8091  3169      854.0145   608     1307.0000      846.8810  3891393   35.20%
                                                     Cuts: 20                  
   8094  3169      866.9267   648     1307.0000      846.8810  3904886   35.20%
Elapsed time = 440.48 sec. (191046.38 ticks, tree = 53.67 MB, solutions = 7)
   8095  3170      898.6045   635     1307.0000      846.8810  3920303   35.20%
   8140  3198      896.2993   485     1307.0000      846.8810  4062652   35.20%
   8173  3216      902.1546   484     1307.0000      846.8810  4152980   35.20%
   9217  3795      906.3814   545     1307.0000      846.8810  5179632   35.20%
                                                  Impl Bds: 2                  
   9228  3803      916.0141   579     1307.0000      846.8810  5188750   35.20%
   9292  3837      935.0800   576     1307.0000      846.8810  5246282   35.20%
   9324  3854      921.4980   594     1307.0000      846.8810  5276101   35.20%
   9452  3924      924.6124   485     1307.0000      846.8810  5333672   35.20%
   9589  4001      938.9531   668     1307.0000      846.8810  5403235   35.20%
   9676  4040      948.6574   496     1307.0000      846.8810  5447169   35.20%
Elapsed time = 586.78 sec. (223815.57 ticks, tree = 44.84 MB, solutions = 7)
   9726  4069      955.4650   635     1307.0000      846.8810  5466322   35.20%
   9790  4111      946.6061   650     1307.0000      846.8810  5497557   35.20%
*  9816  3432      integral     0     1230.0000      846.8810  5503663   31.15%
Found incumbent of value 1230.000000 after 594.38 sec. (226500.73 ticks)
   9822  3437      959.3194   625     1230.0000      846.8810  5508869   31.15%
  11503  4327      868.0695   678     1230.0000      846.8810  6036989   31.15%
  11669  4284      988.8755   483     1230.0000      846.8810  6080293   31.15%
                                                      Cuts: 9                  
  11672  4285      912.0104   628     1230.0000      846.8810  6085255   31.15%
  11736  4319      916.6992   611     1230.0000      846.8810  6147862   31.15%
  11742  4321      872.7962   587     1230.0000      846.8810  6165700   31.15%
  11759  4333      963.8557   632     1230.0000      846.8810  6198585   31.15%
Elapsed time = 645.27 sec. (238424.60 ticks, tree = 124.64 MB, solutions = 8)
  11770  4337      873.1417   673     1230.0000      846.8810  6231053   31.15%
  11791  4345      966.6801   672     1230.0000      846.8810  6273903   31.15%
  11844  4374      972.0676   618     1230.0000      846.8810  6353462   31.15%
  11878  4392      998.9219   557     1230.0000      846.8810  6426029   31.15%
  11908  4406      985.2222   605     1230.0000      846.8810  6477268   31.15%
  11928  4419      931.1149   612     1230.0000      846.8810  6504758   31.15%
  11972  4437      981.4773   495     1230.0000      846.8810  6576534   31.15%
  11983  4442      994.2500   539     1230.0000      846.8810  6599645   31.15%
  12047  4475     1006.1500   499     1230.0000      846.8810  6707418   31.15%
  12096  4505      957.9390   564     1230.0000      846.8810  6773674   31.15%
Elapsed time = 729.49 sec. (256909.05 ticks, tree = 122.50 MB, solutions = 9)
* 12576  4709      integral     0     1229.0000      846.8810  7170917   31.09%
Found incumbent of value 1229.000000 after 729.49 sec. (256909.05 ticks)
  12743  4793      934.5230   692     1229.0000      846.8810  7371547   31.09%
  13035  5025      977.8711   614     1229.0000      846.8810  7659274   31.09%
                                                     Cuts: 26                  
  13038  5028     1095.4110   586     1229.0000      846.8810  7666361   31.09%
  13069  5058      863.5156   714     1229.0000      846.8810  7704220   31.09%
  13104  5092      914.5031   622     1229.0000      846.8810  7745543   31.09%
  13136  5124      922.1439   622     1229.0000      846.8810  7782407   31.09%
  13200  5184      931.9820   610     1229.0000      846.8810  7840461   31.09%
  13264  5246      953.3043   547     1229.0000      846.8810  7889116   31.09%
  13428  5405      890.5000   616     1229.0000      846.8810  7985220   31.09%
Elapsed time = 828.04 sec. (278197.74 ticks, tree = 127.26 MB, solutions = 10)
  13684  5653      899.1321   590     1229.0000      846.8810  8133402   31.09%
  14004  5965      946.3450   673     1229.0000      846.8810  8252329   31.09%
  14611  6547     1068.5253   594     1229.0000      846.8810  8481863   31.09%
  14835  6766     1133.3750   424     1229.0000      846.8810  8541538   31.09%
  15507  7396      892.1944   549     1229.0000      846.8810  8740697   31.09%
  20759 12410      944.0378   670     1229.0000      848.7328 10205274   30.94%
                                                     Cuts: 42                  
  20919 12563      939.4423   628     1229.0000      848.7328 10310621   30.94%
  21047 12691      988.2524   635     1229.0000      848.7328 10365113   30.94%
  21271 12911     1015.3333   543     1229.0000      848.7328 10435004   30.94%
  21719 13349     1056.4583   361     1229.0000      848.7328 10565685   30.94%
Elapsed time = 1029.72 sec. (326181.02 ticks, tree = 925.44 MB, solutions = 10)
Nodefile size = 763.41 MB (637.26 MB after compression)
  22103 13714     1103.0217   442     1229.0000      848.7328 10673624   30.94%
  22840 14420      928.9027   498     1229.0000      848.7328 10912196   30.94%
  23128 14695      960.5072   559     1229.0000      848.7328 10986634   30.94%
  23639 15167      961.1417   600     1229.0000      848.7328 11119071   30.94%
  23863 15375      982.9246   650     1229.0000      848.7328 11190610   30.94%
  30245 21446      904.0000   652     1229.0000      848.7328 13134603   30.94%
  31506 22624     1015.4456   483     1229.0000      851.8288 13429104   30.69%
                                                     Cuts: 28                  
  31566 22684      926.2083   621     1229.0000      851.8288 13503724   30.69%
  31694 22812      946.3418   618     1229.0000      851.8288 13619305   30.69%
  31938 23052      995.1562   675     1229.0000      851.8288 13763445   30.69%
Elapsed time = 1274.44 sec. (370648.16 ticks, tree = 2700.86 MB, solutions = 10)
Nodefile size = 2538.69 MB (2141.75 MB after compression)
  32130 23236     1019.9099   640     1229.0000      851.8288 13876059   30.69%
  32322 23420     1042.0176   655     1229.0000      851.8288 13955178   30.69%
  32546 23643     1052.4271   657     1229.0000      851.8288 14044762   30.69%
  32738 23832     1079.5380   571     1229.0000      851.8288 14109156   30.69%
  34358 25369     1039.9295   608     1229.0000      851.8288 14650186   30.69%
  38365 29146     1053.9615   638     1229.0000      866.6273 15750996   29.49%
                                                      Cuts: 7                  
  38496 29276      922.8333   667     1229.0000      866.6273 15875349   29.49%
  38720 29487      959.8528   702     1229.0000      866.6273 16026172   29.49%
  38976 29736      969.1091   622     1229.0000      866.6273 16192898   29.49%
  39104 29862      970.6716   651     1229.0000      866.6273 16276631   29.49%
Elapsed time = 1441.48 sec. (414039.70 ticks, tree = 3846.34 MB, solutions = 10)
Nodefile size = 3681.91 MB (3136.70 MB after compression)
  39364 30119     1019.6888   535     1229.0000      866.6273 16411649   29.49%
  39695 30449     1077.8250   612     1229.0000      866.6273 16559786   29.49%
  40111 30848     1139.7692   471     1229.0000      866.6273 16696566   29.49%
  43313 33819      966.5460   647     1229.0000      866.6273 17741967   29.49%
  44708 35114      976.6250   623     1229.0000      870.4478 18137766   29.17%
                                                      Cuts: 6                  
  44903 35294      943.9696   646     1229.0000      870.4478 18311629   29.17%
  45095 35478      997.3587   653     1229.0000      870.4478 18408183   29.17%
  45319 35700     1022.0000   632     1229.0000      870.4478 18500214   29.17%
  45511 35884     1043.2500   640     1229.0000      870.4478 18592021   29.17%
  45735 36108     1079.1111   611     1229.0000      870.4478 18667778   29.17%
Elapsed time = 1626.99 sec. (457440.34 ticks, tree = 4891.74 MB, solutions = 10)
Nodefile size = 4726.61 MB (4050.77 MB after compression)
  46247 36594     1126.0000   525     1229.0000      870.4478 18815969   29.17%
  46439 36779     1146.0000   396     1229.0000      870.4478 18869636   29.17%
  49774 39891     1051.4439   576     1229.0000      873.2802 20318856   28.94%
                                                      Cuts: 6                  
  49915 40025      989.3958   613     1229.0000      873.2802 20464962   28.94%
  50107 40214     1011.2500   305     1229.0000      873.2802 20602290   28.94%
  50267 40372     1037.2167   505     1229.0000      873.2802 20712161   28.94%
  50459 40552     1065.0076   554     1229.0000      873.2802 20806902   28.94%
  50651 40744     1080.4377   620     1229.0000      873.2802 20904052   28.94%
  51731 41743      998.8284   629     1229.0000      873.2802 21347282   28.94%
  51912 41917      957.7867   569     1229.0000      873.2802 21438231   28.94%
Elapsed time = 1843.70 sec. (501567.33 ticks, tree = 5742.65 MB, solutions = 10)
Nodefile size = 5571.41 MB (4783.88 MB after compression)
  52830 42758      956.1190   654     1229.0000      873.2802 21749268   28.94%
  56006 45698      951.6667   383     1229.0000      879.8689 22724442   28.41%
                                                     Cuts: 12                  
  56154 45838      944.4583   627     1229.0000      879.8689 22858806   28.41%
  56206 45886      963.6026   614     1229.0000      879.8689 22911203   28.41%
  56462 46136      998.7500   525     1229.0000      879.8689 23080711   28.41%
  56724 46392     1145.3542   623     1229.0000      879.8689 23239009   28.41%
  56916 46580     1174.0000   327     1229.0000      879.8689 23338187   28.41%
  57379 47016     1099.9226   565     1229.0000      879.8689 23533245   28.41%
  57460 47094      919.9931   691     1229.0000      879.8689 23576570   28.41%
* 60441+49833                         1224.0000      879.8689 24874374   28.12%
Found incumbent of value 1224.000000 after 2032.58 sec. (534795.88 ticks)
  60665 49980     1131.4403   455     1224.0000      882.3562 24961498   27.91%
                                                      Cuts: 3                  
Elapsed time = 2132.10 sec. (576903.22 ticks, tree = 8539.65 MB, solutions = 10)
Nodefile size = 8411.24 MB (7207.18 MB after compression)
  60666 49981      981.5002   627     1224.0000      882.3562 24962673   27.91%
  60667 49982      984.1655   632     1224.0000      882.3562 24964090   27.91%
* 60669+49982                         1223.0000      882.3562 24967698   27.85%
Found incumbent of value 1223.000000 after 2167.76 sec. (544452.17 ticks)
* 60670+49983                         1217.0000      882.3562 24968066   27.50%
Found incumbent of value 1217.000000 after 2167.76 sec. (544654.57 ticks)
  60673 49988      973.7292   598     1217.0000      882.3562 24977315   27.50%
* 60674+49987                         1213.0000      882.3562 24977531   27.26%
Found incumbent of value 1213.000000 after 2184.63 sec. (544412.32 ticks)
  60680 49995     1140.6515   438     1213.0000      882.3562 24983315   27.26%
  60696 50011      915.8119   495     1213.0000      882.3562 24998183   27.26%
  60724 49231      904.1051   637     1213.0000      882.3562 25062731   27.26%
  60801 49308      969.4611   591     1213.0000      882.3562 25162098   27.26%
  60897 49404      968.3892   602     1213.0000      882.3562 25294412   27.26%
  61060 49567     1037.1730   559     1213.0000      882.3562 25435190   27.26%
  61342 49847     1001.5000   367     1213.0000      882.3562 25592344   27.26%
Elapsed time = 2349.78 sec. (658169.09 ticks, tree = 7358.20 MB, solutions = 26)
Nodefile size = 7335.75 MB (6304.79 MB after compression)
  61502 50007     1029.4800   561     1213.0000      882.3562 25663194   27.26%
  61758 50263     1077.3542   620     1213.0000      882.3562 25739439   27.26%
  62750 51177     1149.2869   234     1213.0000      882.3562 26064584   27.26%
  64959 53168      931.3339   576     1213.0000      882.3562 26920008   27.26%
  66822 54861      949.5000   576     1213.0000      884.5245 27551972   27.08%
                                                      Cuts: 4                  
  66896 54935      962.5524   535     1213.0000      884.5245 27623653   27.08%
  67216 55243     1081.7684   566     1213.0000      884.5245 27822339   27.08%
  67318 55341     1048.4833   558     1213.0000      884.5245 27878561   27.08%
  67622 55626     1136.8289   525     1213.0000      884.5245 28000318   27.08%
  67910 55887     1187.5455   516     1213.0000      884.5245 28116569   27.08%
Elapsed time = 2546.69 sec. (702056.33 ticks, tree = 8266.26 MB, solutions = 36)
Nodefile size = 8125.79 MB (6987.60 MB after compression)
  68038 55991      892.2855   604     1213.0000      884.5245 28190461   27.08%
  68134 56075      916.1534   607     1213.0000      884.5245 28269079   27.08%
  71856 59485      914.1429   600     1213.0000      886.5278 29878386   26.91%
                                                     Cuts: 11                  
  71920 59547      949.4387   605     1213.0000      886.5278 29943258   26.91%
  72016 59641      981.5909   617     1213.0000      886.5278 30038350   26.91%
  72144 59768     1056.9000   589     1213.0000      886.5278 30123627   26.91%
  72304 59920     1023.0000   280     1213.0000      886.5278 30211225   26.91%
  72688 60275     1070.3750   325     1213.0000      886.5278 30399565   26.91%
  73328 60879     1138.8929   377     1213.0000      886.5278 30659992   26.91%
  74242 61708      948.2179   575     1213.0000      886.5278 31034661   26.91%
Elapsed time = 2747.78 sec. (746957.55 ticks, tree = 9050.21 MB, solutions = 36)
Nodefile size = 8901.45 MB (7661.16 MB after compression)
  77245 64439     1015.7500   495     1213.0000      887.9690 32214314   26.80%
                                                      Cuts: 9                  
  77390 64584      981.9167   559     1213.0000      887.9690 32356553   26.80%
  77518 64704     1012.6250   629     1213.0000      887.9690 32472477   26.80%
  77619 64805     1084.3750   534     1213.0000      887.9690 32542834   26.80%
  77779 64965     1107.1667   465     1213.0000      887.9690 32627287   26.80%
  78195 65347     1157.8133   450     1213.0000      887.9690 32808722   26.80%
  78678 65796      904.5038   638     1213.0000      887.9690 33082716   26.80%
  78774 65882      948.6013   630     1213.0000      887.9690 33126346   26.80%
  80343 67305      938.0214   598     1213.0000      887.9690 33878235   26.80%
  81679 68519      974.7778   597     1213.0000      889.6722 34575836   26.66%
                                                      Cuts: 3                  
Elapsed time = 2963.58 sec. (792869.06 ticks, tree = 10577.35 MB, solutions = 36)
Nodefile size = 10436.41 MB (9010.28 MB after compression)
  81776 68616      953.5396   714     1213.0000      889.6722 34664915   26.66%
  81936 68769      965.8000   507     1213.0000      889.6722 34780764   26.66%
  82128 68955     1011.8667   592     1213.0000      889.6722 34886772   26.66%
  82480 69295     1034.7569   507     1213.0000      889.6722 35024205   26.66%
  82794 69563      952.0000   397     1213.0000      889.6722 35130005   26.66%
  82986 69732      988.3698   508     1213.0000      889.6722 35222736   26.66%
  83114 69849     1028.5122   352     1213.0000      889.6722 35294687   26.66%
  83242 69966     1041.3594   382     1213.0000      889.6722 35377473   26.66%
* 84642+71251                         1207.0000      889.6722 36009081   26.29%
Found incumbent of value 1207.000000 after 3125.74 sec. (814995.51 ticks)
  87076 72644     1047.2353   549     1207.0000      890.7893 37016573   26.20%
                                                     Cuts: 11                  
  87173 72741     1000.2023   681     1207.0000      890.7893 37106288   26.20%
Elapsed time = 3165.48 sec. (835956.79 ticks, tree = 11295.53 MB, solutions = 36)
Nodefile size = 11153.50 MB (9634.66 MB after compression)
  87237 72799     1021.2333   686     1207.0000      890.7893 37159749   26.20%
  87397 72957     1042.2766   630     1207.0000      890.7893 37266868   26.20%
  87557 73115     1057.3125   486     1207.0000      890.7893 37374866   26.20%
  87717 73266     1061.7154   656     1207.0000      890.7893 37455133   26.20%
  88081 73593      982.7000   583     1207.0000      890.7893 37634368   26.20%
  88209 73712     1013.9296   622     1207.0000      890.7893 37700123   26.20%
  88477 73962      987.1538   527     1207.0000      890.7893 37824540   26.20%
  92361 77464     1128.1976   475     1207.0000      892.1195 39484329   26.09%
                                                      Cuts: 6                  
  92455 77550      939.7623   662     1207.0000      892.1195 39591961   26.09%
  92583 77678     1005.2908   599     1207.0000      892.1195 39702064   26.09%
Elapsed time = 3370.76 sec. (880840.29 ticks, tree = 12129.36 MB, solutions = 37)
Nodefile size = 11987.14 MB (10359.45 MB after compression)
  92743 77834     1043.6389   577     1207.0000      892.1195 39804224   26.09%
  92967 78053     1101.7056   604     1207.0000      892.1195 39930902   26.09%
  93349 78398      991.2397   559     1207.0000      892.1195 40111523   26.09%
  93605 78624     1032.3333   602     1207.0000      892.1195 40198704   26.09%
  93695 78696      947.6189   717     1207.0000      892.1195 40237370   26.09%
  93919 78901     1009.3494   692     1207.0000      892.1195 40348079   26.09%
* 94412 79340      integral     0     1129.0000      892.1195 40580419   20.98%
Found incumbent of value 1129.000000 after 3514.75 sec. (906100.81 ticks)
  97299 81967      942.4062   677     1129.0000      892.1195 41896980   20.98%
  97464 56186      919.7319   647     1129.0000      893.5657 41976497   20.85%
                                                      Cuts: 3                  
  97551 56272      997.2282   557     1129.0000      893.5657 42070165   20.85%
Elapsed time = 3564.27 sec. (918636.26 ticks, tree = 8363.48 MB, solutions = 37)
Nodefile size = 8216.08 MB (7089.34 MB after compression)
  97624 56337      962.1477   590     1129.0000      893.5657 42130933   20.85%
  97720 56421      990.8333   307     1129.0000      893.5657 42214665   20.85%
  97816 56502     1011.5000   376     1129.0000      893.5657 42286511   20.85%
  98152 56812     1037.5444   509     1129.0000      893.5657 42488327   20.85%
  98392 57008      946.6000   585     1129.0000      893.5657 42599481   20.85%
  98648 57232      992.6667   294     1129.0000      893.5657 42725630   20.85%
  99736 58171      909.2269   640     1129.0000      893.5657 43366257   20.85%
 101820 59968      951.0410   651     1129.0000      894.9524 44471671   20.73%
                                                      Cuts: 5                  
 101898 60040      956.0938   642     1129.0000      894.9524 44565550   20.73%
 101962 60102      988.4649   662     1129.0000      894.9524 44633351   20.73%
Elapsed time = 3745.35 sec. (960886.02 ticks, tree = 9010.77 MB, solutions = 38)
Nodefile size = 8866.77 MB (7650.35 MB after compression)
 102154 60286      999.9608   602     1129.0000      894.9524 44804400   20.73%
 102346 60469     1048.8786   580     1129.0000      894.9524 44936654   20.73%
 102630 60714      946.7154   583     1129.0000      894.9524 45109610   20.73%
 102758 60817     1007.9375   575     1129.0000      894.9524 45178310   20.73%
 103014 61032     1037.4468   577     1129.0000      894.9524 45347889   20.73%
 103334 61320     1081.5854   610     1129.0000      894.9524 45585239   20.73%
 104692 62494      917.2454   701     1129.0000      894.9524 46381965   20.73%
 105962 63585      945.0916   633     1129.0000      896.2692 47019959   20.61%
                                                      Cuts: 4                  
 106090 63694      979.0556   650     1129.0000      896.2692 47141667   20.61%
 106218 63815     1015.2840   619     1129.0000      896.2692 47255526   20.61%
Elapsed time = 3982.04 sec. (1006201.63 ticks, tree = 9636.50 MB, solutions = 38)
Nodefile size = 9488.86 MB (8191.75 MB after compression)
 106475 64034      960.7500   588     1129.0000      896.2692 47461639   20.61%
 106846 64347     1086.8333   531     1129.0000      896.2692 47695720   20.61%
 107153 64602     1114.6250   362     1129.0000      896.2692 47913795   20.61%
 107529 64926      952.6154   582     1129.0000      896.2692 48146326   20.61%
 107785 65173     1010.5758   537     1129.0000      896.2692 48280164   20.61%
 108530 65803     1000.0500   567     1129.0000      896.2692 48713418   20.61%
 109954 67028     1047.7000   288     1129.0000      897.2360 49520877   20.53%
                                                      Cuts: 4                  
 110041 67109      983.6346   653     1129.0000      897.2360 49625744   20.53%
 110169 67222     1034.0000   344     1129.0000      897.2360 49759848   20.53%
 110304 67355     1008.0000   623     1129.0000      897.2360 49914775   20.53%
Elapsed time = 4221.64 sec. (1049825.17 ticks, tree = 10239.65 MB, solutions = 38)
Nodefile size = 10092.33 MB (8714.32 MB after compression)
 110400 67435     1040.0000   449     1129.0000      897.2360 49998425   20.53%
 110528 67541     1054.8095   549     1129.0000      897.2360 50105943   20.53%
 110752 67724     1102.3810   466     1129.0000      897.2360 50256400   20.53%
 111040 67988      930.6194   660     1129.0000      897.2360 50440092   20.53%
 111264 68186      975.6940   608     1129.0000      897.2360 50594954   20.53%
 111614 68492     1120.9000   478     1129.0000      897.2360 50776729   20.53%
 114012 70548      956.1667   472     1129.0000      899.3864 52093492   20.34%
                                                     Cuts: 15                  
 114076 70606      984.1327   613     1129.0000      899.3864 52174332   20.34%
 114202 70727     1001.3333   434     1129.0000      899.3864 52318105   20.34%
 114362 70876     1036.8889   546     1129.0000      899.3864 52466818   20.34%
Elapsed time = 4410.85 sec. (1094856.01 ticks, tree = 10853.51 MB, solutions = 38)
Nodefile size = 10706.94 MB (9248.39 MB after compression)
 114618 71107     1055.0921   565     1129.0000      899.3864 52628374   20.34%
 114895 71333      946.2840   651     1129.0000      899.3864 52793548   20.34%
 115023 71442      995.7500   423     1129.0000      899.3864 52856376   20.34%
 115215 71625     1050.6000   629     1129.0000      899.3864 52986309   20.34%
 115343 71736     1096.5833   641     1129.0000      899.3864 53046430   20.34%
 115535 71882        cutoff           1129.0000      899.3864 53166280   20.34%
 118449 74378     1092.3147   457     1129.0000      900.2571 54785872   20.26%
                                                     Cuts: 19                  
 118528 74452      947.1186   588     1129.0000      900.2571 54895604   20.26%
 118685 74600     1043.5000   589     1129.0000      900.2571 55017237   20.26%
 118877 74767     1107.9947   591     1129.0000      900.2571 55162434   20.26%
Elapsed time = 4579.62 sec. (1137716.93 ticks, tree = 11531.52 MB, solutions = 38)
Nodefile size = 11380.63 MB (9824.41 MB after compression)
 119156 75001      961.1467   591     1129.0000      900.2571 55353598   20.26%
 119386 75195     1024.2872   637     1129.0000      900.2571 55521657   20.26%
 119549 75339     1000.3295   635     1129.0000      900.2571 55613197   20.26%
 119709 75477     1026.6779   600     1129.0000      900.2571 55721601   20.26%
 119805 75568     1083.2417   587     1129.0000      900.2571 55783988   20.26%
 120189 75889      966.3640   329     1129.0000      900.2571 55971198   20.26%
 122712 78029     1055.7500   389     1129.0000      901.6603 57483808   20.14%
                                                  Impl Bds: 9                  
 122825 78139     1020.9095   516     1129.0000      901.6603 57589669   20.14%
 123081 78379      949.5433   565     1129.0000      901.6603 57751759   20.14%
 123195 78478      980.3333   553     1129.0000      901.6603 57808888   20.14%
Elapsed time = 4817.29 sec. (1182538.26 ticks, tree = 12173.57 MB, solutions = 38)
Nodefile size = 12025.19 MB (10370.28 MB after compression)
 123291 78570      992.5802   673     1129.0000      901.6603 57857899   20.14%
 123483 78730     1018.7846   550     1129.0000      901.6603 57959748   20.14%
 123643 78868     1049.2296   593     1129.0000      901.6603 58049686   20.14%
 123931 79121     1067.8000   547     1129.0000      901.6603 58175034   20.14%
 124636 79731      948.3561   672     1129.0000      901.6603 58575275   20.14%
 124956 79983      989.7083   476     1129.0000      901.6603 58757357   20.14%
 126177 81069      991.7143   519     1129.0000      901.6603 59405435   20.14%
 128220 82830     1000.3500   504     1129.0000      902.9375 60382333   20.02%
                                                  Impl Bds: 2                  
 128269 82875     1014.7483   652     1129.0000      902.9375 60454078   20.02%
 128397 82988     1052.2708   467     1129.0000      902.9375 60600145   20.02%
Elapsed time = 5004.85 sec. (1227579.44 ticks, tree = 13012.53 MB, solutions = 38)
Nodefile size = 12864.68 MB (11078.37 MB after compression)
 128621 83191     1068.8333   565     1129.0000      902.9375 60801097   20.02%
 128695 83257     1070.5750   578     1129.0000      902.9375 60876950   20.02%
 128830 83372      956.8469   590     1129.0000      902.9375 61022335   20.02%
 128983 83509     1090.9250   599     1129.0000      902.9375 61162185   20.02%
 129293 83779      926.6970   627     1129.0000      902.9375 61494952   20.02%
 129509 83961      983.8182   552     1129.0000      902.9375 61698785   20.02%
 130742 85025      960.7303   585     1129.0000      902.9375 62800288   20.02%
 130913 85173      948.0203   614     1129.0000      904.0729 63018400   19.92%
                                                  Impl Bds: 3                  
 131009 85257      997.0683   665     1129.0000      904.0729 63139410   19.92%
 131105 85347     1042.7220   646     1129.0000      904.0729 63231811   19.92%
Elapsed time = 5234.41 sec. (1275028.13 ticks, tree = 13035.02 MB, solutions = 38)
Nodefile size = 12883.95 MB (11091.65 MB after compression)
 131327 85542     1025.7556   600     1129.0000      904.0729 63413548   19.92%
 131487 85684     1051.5833   600     1129.0000      904.0729 63527394   19.92%
 131807 85953     1105.4612   535     1129.0000      904.0729 63698886   19.92%
 132096 86196     1052.2500   426     1129.0000      904.0729 63866983   19.92%
 132288 86376     1122.1250   504     1129.0000      904.0729 63974336   19.92%
 132448 86513     1119.5333   526     1129.0000      904.0729 64054727   19.92%
 132608 86651      957.2500   513     1129.0000      904.0729 64141896   19.92%
 136091 89588      944.8281   582     1129.0000      905.0000 65843513   19.84%
                                                     Cuts: 14                  
 136155 89652      959.4468   566     1129.0000      905.0000 65931626   19.84%
 136338 89825      994.4279   676     1129.0000      905.0000 66106681   19.84%
Elapsed time = 5442.10 sec. (1319530.26 ticks, tree = 13815.33 MB, solutions = 38)
Nodefile size = 13664.31 MB (11744.88 MB after compression)
 136466 89936     1039.5536   601     1129.0000      905.0000 66213574   19.84%
 136626 90083     1062.9750   460     1129.0000      905.0000 66321968   19.84%
 136998 90386     1008.4937   608     1129.0000      905.0000 66517695   19.84%
 137196 90565     1034.3254   583     1129.0000      905.0000 66614157   19.84%
 137382 90717     1099.2308   569     1129.0000      905.0000 66699163   19.84%
 137804 91084     1094.0244   552     1129.0000      905.0000 66950299   19.84%
 137996 91256      958.3309   667     1129.0000      905.0000 67047624   19.84%
 138483 91667     1006.1786   334     1129.0000      905.0000 67326236   19.84%
*140543+93429                         1128.0000      905.0000 68494249   19.77%
Found incumbent of value 1128.000000 after 5584.48 sec. (1352441.01 ticks)
 141018 93507      941.2771   728     1128.0000      906.5000 68804159   19.64%
                                                      Cuts: 5                  
 141146 93629      967.4888   655     1128.0000      906.5000 68933787   19.64%
Elapsed time = 5626.63 sec. (1363898.68 ticks, tree = 14512.25 MB, solutions = 39)
Nodefile size = 14363.08 MB (12339.22 MB after compression)
 141242 93717      981.6944   600     1128.0000      906.5000 69024562   19.64%
 141434 93889     1033.0833   532     1128.0000      906.5000 69176191   19.64%
 141727 94144     1028.3333   495     1128.0000      906.5000 69385292   19.64%
 141855 94246     1063.2963   606     1128.0000      906.5000 69491203   19.64%
 142303 94639     1120.4333   411     1128.0000      906.5000 69753988   19.64%
 142682 94954      992.2917   523     1128.0000      906.5000 70015081   19.64%
 142778 95048      983.5631   579     1128.0000      906.5000 70070190   19.64%
 142938 95202     1006.5208   507     1128.0000      906.5000 70161999   19.64%
 145757 97605      938.0278   593     1128.0000      907.1537 71688928   19.58%
                                                     Cuts: 15                  
 145879 97720      988.1526   641     1128.0000      907.1537 71830408   19.58%
Elapsed time = 5852.44 sec. (1409187.14 ticks, tree = 15254.76 MB, solutions = 39)
Nodefile size = 15104.42 MB (12969.63 MB after compression)
 145972 97805     1018.1875   577     1128.0000      907.1537 71926077   19.58%
 146100 97930     1028.5980   604     1128.0000      907.1537 72042741   19.58%
 146292 98095     1046.9736   594     1128.0000      907.1537 72181931   19.58%
 146484 98251     1074.8333   573     1128.0000      907.1537 72334986   19.58%
 146767 98470     1053.8222   571     1128.0000      907.1537 72503663   19.58%
 146836 98526      960.2637   572     1128.0000      907.1537 72605051   19.58%
 150595 101801     1008.5000   583     1128.0000      908.0954 74642275   19.50%
                                                    Covers: 1                  
 150691 101889     1056.6706   676     1128.0000      908.0954 74731547   19.50%
 150883 102060     1100.0595   587     1128.0000      908.0954 74871869   19.50%
 151107 102246      975.6429   528     1128.0000      908.0954 74997971   19.50%
Elapsed time = 6133.92 sec. (1468055.34 ticks, tree = 16002.29 MB, solutions = 39)
Nodefile size = 15848.59 MB (13599.33 MB after compression)
 151210 102336      996.4365   646     1128.0000      908.0954 75057936   19.50%
 151402 102497     1020.3437   596     1128.0000      908.0954 75156890   19.50%
 151786 102843     1047.2944   596     1128.0000      908.0954 75336374   19.50%
 152362 103334      951.1111   603     1128.0000      908.0954 75619721   19.50%
 152670 103592     1054.0227   449     1128.0000      908.0954 75794192   19.50%
 153496 104323     1101.3333   176     1128.0000      908.0954 76251252   19.50%
 154323 105031     1109.1152   580     1128.0000      908.0954 76722982   19.50%
 155890 106352        cutoff           1128.0000      909.4749 77556426   19.37%
 155950 106407      981.2500   688     1128.0000      909.4749 77626360   19.37%
 156046 106491      993.3333   621     1128.0000      909.4749 77722111   19.37%
Elapsed time = 6324.18 sec. (1510853.03 ticks, tree = 16827.95 MB, solutions = 39)
Nodefile size = 16675.36 MB (14302.38 MB after compression)
 156238 106674     1025.8750   553     1128.0000      909.4749 77873927   19.37%
 156654 107038     1048.8333   491     1128.0000      909.4749 78096814   19.37%
 156849 107201     1005.1667   526     1128.0000      909.4749 78188093   19.37%
 157073 107391     1045.8121   651     1128.0000      909.4749 78289662   19.37%
 157489 107738     1087.8333   442     1128.0000      909.4749 78531232   19.37%
 157969 108149      992.8000   481     1128.0000      909.4749 78833552   19.37%
 158065 108239     1003.5000   414     1128.0000      909.4749 78886589   19.37%
 158321 108467     1030.2143   499     1128.0000      909.4749 79023588   19.37%
 161192 110937     1040.6250   380     1128.0000      910.2083 80601747   19.31%
                                                  Impl Bds: 2                  
 161257 111000     1008.7881   624     1128.0000      910.2083 80681688   19.31%
Elapsed time = 6542.15 sec. (1556736.82 ticks, tree = 17649.32 MB, solutions = 39)
Nodefile size = 17496.39 MB (15001.56 MB after compression)
 161321 111060     1022.3750   531     1128.0000      910.2083 80747211   19.31%
 161417 111152     1034.7586   616     1128.0000      910.2083 80826753   19.31%
 161641 111333     1060.1778   597     1128.0000      910.2083 80957923   19.31%
 161769 111443     1103.7778   616     1128.0000      910.2083 81043316   19.31%
 162313 111912     1116.1667   258     1128.0000      910.2083 81393701   19.31%
 162467 112036      935.1924   666     1128.0000      910.2083 81518832   19.31%
 162531 112091      962.9394   579     1128.0000      910.2083 81576832   19.31%
 162755 112281     1047.6111   425     1128.0000      910.2083 81714178   19.31%
 165708 114765      948.9773   384     1128.0000      911.1364 83472404   19.23%
                                                     Cuts: 11                  
 165775 114828      961.2837   615     1128.0000      911.1364 83565862   19.23%
Elapsed time = 6774.86 sec. (1604093.99 ticks, tree = 18338.44 MB, solutions = 39)
Nodefile size = 18186.21 MB (15592.19 MB after compression)
 165811 114864      942.6810   638     1128.0000      911.1364 83630983   19.23%
 165843 114896      952.0506   646     1128.0000      911.1364 83680863   19.23%
 165907 114955      961.5000   567     1128.0000      911.1364 83778419   19.23%
 165939 114982      964.7073   632     1128.0000      911.1364 83826244   19.23%
 166003 115029      984.3611   629     1128.0000      911.1364 83927161   19.23%
 166067 115085      981.0580   580     1128.0000      911.1364 84000575   19.23%
 166131 115146      996.1333   637     1128.0000      911.1364 84068288   19.23%
 166635 115578     1027.6556   480     1128.0000      911.1364 84570085   19.23%
 168569 117237      926.1963   579     1128.0000      911.2292 86362401   19.22%
                                                      Cuts: 3                  
 168614 117281      947.8298   702     1128.0000      911.2292 86432699   19.22%
Elapsed time = 6996.14 sec. (1652709.76 ticks, tree = 18348.74 MB, solutions = 39)
Nodefile size = 18199.25 MB (15600.07 MB after compression)
 168697 117359      982.6447   582     1128.0000      911.2292 86524547   19.22%
 168891 117537     1049.4259   517     1128.0000      911.2292 86710383   19.22%
 169094 117711     1025.3125   602     1128.0000      911.2292 86842734   19.22%
 169190 117793     1041.7190   555     1128.0000      911.2292 86888192   19.22%
 169510 118070     1118.0444   374     1128.0000      911.2292 87109655   19.22%
 169639 118170     1024.3216   613     1128.0000      911.2292 87193731   19.22%
 170151 118611     1060.1913   525     1128.0000      911.2292 87494804   19.22%
 170564 118946     1065.8333   382     1128.0000      911.2292 87768919   19.22%
 171044 119355     1114.6227   504     1128.0000      911.2292 88021867   19.22%
 171788 120004      944.1625   658     1128.0000      911.2292 88495071   19.22%
Elapsed time = 7183.87 sec. (1696482.23 ticks, tree = 18379.51 MB, solutions = 39)
Nodefile size = 18199.25 MB (15600.07 MB after compression)
 173392 121335      960.9797   567     1128.0000      912.6316 89443133   19.09%
                                                 Impl Bds: 11                  
 173488 121429      991.3855   593     1128.0000      912.6316 89559509   19.09%
 173616 121550     1006.2969   629     1128.0000      912.6316 89678097   19.09%
 173840 121730     1026.6818   613     1128.0000      912.6316 89843531   19.09%
 174292 122129     1049.5000   486     1128.0000      912.6316 90069185   19.09%
 174576 122354      976.6988   654     1128.0000      912.6316 90202924   19.09%
 174704 122467     1008.4744   569     1128.0000      912.6316 90276968   19.09%
 174896 122638     1064.4333   534     1128.0000      912.6316 90360976   19.09%
 175120 122819      945.3257   606     1128.0000      912.6316 90456240   19.09%
 175248 122928      984.5870   634     1128.0000      912.6316 90525452   19.09%
Elapsed time = 7410.42 sec. (1744140.00 ticks, tree = 19097.05 MB, solutions = 39)
Nodefile size = 18934.67 MB (16224.70 MB after compression)
 178778 125915     1024.4286   589     1128.0000      913.3895 92604797   19.03%
                                                      Cuts: 6                  
 178906 126027     1045.5625   417     1128.0000      913.3895 92747280   19.03%
 179011 126127     1069.3500   516     1128.0000      913.3895 92843497   19.03%
 179269 126349     1005.9167   405     1128.0000      913.3895 93017873   19.03%
 179525 126552     1079.3333   441     1128.0000      913.3895 93137277   19.03%
 179860 126835      988.5625   661     1128.0000      913.3895 93345114   19.03%
 179951 126910      963.9877   619     1128.0000      913.3895 93420182   19.03%
 180111 127055      995.0303   512     1128.0000      913.3895 93556062   19.03%
 180399 127312     1049.8318   570     1128.0000      913.3895 93720585   19.03%
 180585 127465      993.6667   508     1128.0000      913.3895 93808866   19.03%
Elapsed time = 7667.03 sec. (1790517.95 ticks, tree = 19926.83 MB, solutions = 39)
Nodefile size = 19763.74 MB (16925.87 MB after compression)
 180681 127549     1014.3056   532     1128.0000      913.3895 93854441   19.03%
 180905 127735      963.5882   589     1128.0000      913.3895 93980627   19.03%
 183847 130204      975.5901   525     1128.0000      914.3291 95673683   18.94%
                                                  ZeroHalf: 2                  
 183938 130291      965.1493   677     1128.0000      914.3291 95767691   18.94%
 184002 130349     1018.9435   622     1128.0000      914.3291 95823521   18.94%
 184130 130473      995.2083   613     1128.0000      914.3291 95924169   18.94%
 184194 130533     1013.4000   593     1128.0000      914.3291 95965664   18.94%
 184258 130584     1015.0000   547     1128.0000      914.3291 95995471   18.94%
 184322 130638     1049.0833   594     1128.0000      914.3291 96036505   18.94%
 184482 130774     1112.9000   493     1128.0000      914.3291 96115317   18.94%
Elapsed time = 7846.94 sec. (1834102.06 ticks, tree = 20690.51 MB, solutions = 39)
Nodefile size = 20536.21 MB (17587.34 MB after compression)
 185154 131345        cutoff           1128.0000      914.3291 96465161   18.94%
 185314 131494     1002.4865   504     1128.0000      914.3291 96558894   18.94%
 185570 131707     1041.6667   308     1128.0000      914.3291 96708785   18.94%
 188781 134462      931.4000   591     1128.0000      914.3291 98454278   18.94%
 189527 135085     1025.1174   621     1128.0000      915.1436 98909976   18.87%
                                                  ZeroHalf: 1                  
 189631 135187     1007.1000   637     1128.0000      915.1436 99012246   18.87%
 189919 135434     1088.8750   520     1128.0000      915.1436 99178450   18.87%
 190252 135708      953.7857   563     1128.0000      915.1436 99334969   18.87%
 190412 135848     1004.2667   630     1128.0000      915.1436 99414816   18.87%
 190572 135987     1058.2083   587     1128.0000      915.1436 99507581   18.87%
Elapsed time = 8068.28 sec. (1877812.34 ticks, tree = 21577.68 MB, solutions = 39)
Nodefile size = 21417.21 MB (18333.61 MB after compression)
 190917 136291      983.0549   475     1128.0000      915.1436 99728690   18.87%
 191109 136433     1092.3472   358     1128.0000      915.1436 99840050   18.87%
 191301 136586      951.5833   458     1128.0000      915.1436 99975038   18.87%
 191493 136755     1005.5530   439     1128.0000      915.1436 1.00e+08   18.87%
 192101 137264      971.9762   493     1128.0000      915.1436 1.01e+08   18.87%
 192475 137583      972.7013   593     1128.0000      915.1436 1.01e+08   18.87%
 194890 139639      991.3077   570     1128.0000      916.2452 1.02e+08   18.77%
                                                  Impl Bds: 2                  
 194981 139726     1003.5000   678     1128.0000      916.2452 1.02e+08   18.77%
 195077 139818     1015.1154   602     1128.0000      916.2452 1.02e+08   18.77%
 195205 139938     1050.9107   621     1128.0000      916.2452 1.02e+08   18.77%
Elapsed time = 8238.47 sec. (1921119.14 ticks, tree = 22400.41 MB, solutions = 39)
Nodefile size = 22244.98 MB (19034.43 MB after compression)
 195333 140050     1071.3509   596     1128.0000      916.2452 1.02e+08   18.77%
 195557 140235     1099.6667   473     1128.0000      916.2452 1.02e+08   18.77%
 195845 140499     1111.8333   410     1128.0000      916.2452 1.03e+08   18.77%
 196421 140991      976.4462   450     1128.0000      916.2452 1.03e+08   18.77%
 196720 141237     1000.4196   628     1128.0000      916.2452 1.03e+08   18.77%
 196944 141426     1040.8333   458     1128.0000      916.2452 1.03e+08   18.77%
 197445 141863     1043.8000   616     1128.0000      916.2452 1.04e+08   18.77%
 200202 144209      952.3211   565     1128.0000      916.8676 1.05e+08   18.72%
                                                  Impl Bds: 3                  
 200359 144348     1060.5833   626     1128.0000      916.8676 1.05e+08   18.72%
 200523 144492      942.6563   630     1128.0000      916.8676 1.05e+08   18.72%
Elapsed time = 8468.61 sec. (1967289.84 ticks, tree = 23234.37 MB, solutions = 39)
Nodefile size = 23078.24 MB (19743.62 MB after compression)
 200619 144581      948.8750   468     1128.0000      916.8676 1.06e+08   18.72%
 200779 144720      970.5000   436     1128.0000      916.8676 1.06e+08   18.72%
 200892 144818     1119.5088   604     1128.0000      916.8676 1.06e+08   18.72%
 201148 145026     1001.8816   431     1128.0000      916.8676 1.06e+08   18.72%
 201564 145382      964.7413   651     1128.0000      916.8676 1.06e+08   18.72%
 201756 145523      997.9697   573     1128.0000      916.8676 1.06e+08   18.72%
 201980 145725     1088.5333   491     1128.0000      916.8676 1.06e+08   18.72%
 202426 146094     1059.4762   577     1128.0000      916.8676 1.07e+08   18.72%
 202714 146340      966.0667   562     1128.0000      916.8676 1.07e+08   18.72%
 205882 149011     1003.3505   412     1128.0000      917.7500 1.08e+08   18.64%
Elapsed time = 8663.40 sec. (2010600.70 ticks, tree = 24106.25 MB, solutions = 39)
Nodefile size = 23950.53 MB (20481.40 MB after compression)
 206018 149138     1020.8685   639     1128.0000      917.7500 1.09e+08   18.64%
 206146 149244     1024.7430   623     1128.0000      917.7500 1.09e+08   18.64%
 206282 149353     1090.6667   597     1128.0000      917.7500 1.09e+08   18.64%
 206442 149483     1070.3396   585     1128.0000      917.7500 1.09e+08   18.64%
 206634 149636        cutoff           1128.0000      917.7500 1.09e+08   18.64%
 206900 149871     1075.9500   577     1128.0000      917.7500 1.09e+08   18.64%
 207124 150063     1050.7333   533     1128.0000      917.7500 1.09e+08   18.64%
 207668 150526     1093.7667   469     1128.0000      917.7500 1.09e+08   18.64%
 208413 151171      985.7115   665     1128.0000      917.7500 1.10e+08   18.64%
 208477 151228      997.7143   634     1128.0000      917.7500 1.10e+08   18.64%
Elapsed time = 8880.84 sec. (2053459.91 ticks, tree = 24116.46 MB, solutions = 39)
Nodefile size = 23950.53 MB (20481.40 MB after compression)
 208605 151337     1019.1950   632     1128.0000      917.7500 1.10e+08   18.64%
 211597 153873     1055.5833   485     1128.0000      918.5000 1.12e+08   18.57%
 211747 154019      983.7908   602     1128.0000      918.5000 1.12e+08   18.57%
 211907 154160     1020.0833   515     1128.0000      918.5000 1.12e+08   18.57%
 212035 154265     1052.6389   570     1128.0000      918.5000 1.12e+08   18.57%
 212387 154547     1102.2068   504     1128.0000      918.5000 1.12e+08   18.57%
 212610 154716     1008.5000   562     1128.0000      918.5000 1.12e+08   18.57%
 212802 154864     1024.0000   611     1128.0000      918.5000 1.12e+08   18.57%
 213026 155064     1062.0443   631     1128.0000      918.5000 1.12e+08   18.57%
 213357 155352     1035.9000   577     1128.0000      918.5000 1.13e+08   18.57%
Elapsed time = 9115.28 sec. (2095064.38 ticks, tree = 24992.76 MB, solutions = 39)
Nodefile size = 24830.97 MB (21233.18 MB after compression)
 213613 155557     1066.9503   572     1128.0000      918.5000 1.13e+08   18.57%
 214349 156186      944.7821   529     1128.0000      918.5000 1.13e+08   18.57%
 214449 156271      992.0855   631     1128.0000      918.5000 1.13e+08   18.57%
 216991 158389     1010.1667   572     1128.0000      919.2940 1.15e+08   18.50%
 217119 158503     1039.8125   560     1128.0000      919.2940 1.15e+08   18.50%
 217264 158641     1016.7078   663     1128.0000      919.2940 1.15e+08   18.50%
 217584 158907     1041.1806   561     1128.0000      919.2940 1.15e+08   18.50%
 217698 159001      943.1897   589     1128.0000      919.2940 1.15e+08   18.50%
 217826 159112      967.0547   609     1128.0000      919.2940 1.15e+08   18.50%
 218018 159275     1029.7976   521     1128.0000      919.2940 1.16e+08   18.50%
Elapsed time = 9296.75 sec. (2141496.61 ticks, tree = 25806.61 MB, solutions = 39)
Nodefile size = 25647.21 MB (21927.01 MB after compression)
 218434 159627     1101.3577   457     1128.0000      919.2940 1.16e+08   18.50%
 218754 159881      993.1474   601     1128.0000      919.2940 1.16e+08   18.50%
 218978 160082     1056.6176   484     1128.0000      919.2940 1.16e+08   18.50%
 219177 160253      995.5382   626     1128.0000      919.2940 1.16e+08   18.50%
 221230 161996      974.1037   609     1128.0000      919.2940 1.17e+08   18.50%
 222525 163094      958.0972   594     1128.0000      919.9375 1.18e+08   18.45%
                                                  Impl Bds: 2                  
 222657 163221     1055.2500   372     1128.0000      919.9375 1.18e+08   18.45%
 222738 163290     1048.0000   520     1128.0000      919.9375 1.18e+08   18.45%
 222880 163411     1000.8387   590     1128.0000      919.9375 1.18e+08   18.45%
 223008 163516     1028.3125   413     1128.0000      919.9375 1.19e+08   18.45%
Elapsed time = 9550.67 sec. (2184630.91 ticks, tree = 26651.27 MB, solutions = 39)
Nodefile size = 26494.21 MB (22647.42 MB after compression)
 223096 163584     1015.3333   574     1128.0000      919.9375 1.19e+08   18.45%
 223164 163647     1026.5000   513     1128.0000      919.9375 1.19e+08   18.45%
 223324 163779     1024.8750   564     1128.0000      919.9375 1.19e+08   18.45%
 223516 163944     1072.0417   542     1128.0000      919.9375 1.19e+08   18.45%
 223756 164149     1040.7431   634     1128.0000      919.9375 1.19e+08   18.45%
 223916 164292     1057.3889   478     1128.0000      919.9375 1.19e+08   18.45%
 224441 164735      951.4500   567     1128.0000      919.9375 1.20e+08   18.45%
 226014 166038      959.8152   585     1128.0000      920.5884 1.21e+08   18.39%
                                                      Cuts: 4                  
 226048 166070     1040.6667   467     1128.0000      920.5884 1.21e+08   18.39%
 226206 166220     1010.5000   421     1128.0000      920.5884 1.21e+08   18.39%
Elapsed time = 9743.82 sec. (2230399.78 ticks, tree = 26752.64 MB, solutions = 39)
Nodefile size = 26597.98 MB (22731.74 MB after compression)
 226334 166335     1016.0000   272     1128.0000      920.5884 1.22e+08   18.39%
 226558 166543     1104.5000   341     1128.0000      920.5884 1.22e+08   18.39%
 226982 166882     1057.4444   438     1128.0000      920.5884 1.22e+08   18.39%
 227259 167103     1012.6667   637     1128.0000      920.5884 1.22e+08   18.39%
 227494 167310      994.4249   615     1128.0000      920.5884 1.22e+08   18.39%
 227707 167492     1056.3333   264     1128.0000      920.5884 1.22e+08   18.39%
 228020 167768     1066.4333   500     1128.0000      920.5884 1.23e+08   18.39%
 228340 168029     1104.8061   478     1128.0000      920.5884 1.23e+08   18.39%
 228832 168434      997.6875   531     1128.0000      920.5884 1.23e+08   18.39%
 230550 169880     1039.2679   641     1128.0000      921.1565 1.24e+08   18.34%
                                                      Cuts: 6                  
Elapsed time = 9927.25 sec. (2271964.68 ticks, tree = 27450.26 MB, solutions = 39)
Nodefile size = 27296.31 MB (23332.54 MB after compression)
 230672 169990     1006.0000   392     1128.0000      921.1565 1.24e+08   18.34%
 230684 170001      994.1705   633     1128.0000      921.1565 1.24e+08   18.34%
 230748 170061     1015.2500   580     1128.0000      921.1565 1.24e+08   18.34%
 230972 170270     1053.5000   529     1128.0000      921.1565 1.25e+08   18.34%
 231324 170557     1076.1082   526     1128.0000      921.1565 1.25e+08   18.34%
 232382 171445     1018.1689   623     1128.0000      921.1565 1.25e+08   18.34%
*232498+171531                         1120.0000      921.1565 1.26e+08   17.75%
Found incumbent of value 1120.000000 after 10139.84 sec. (2306939.98 ticks)
*233731+172556                         1095.0000      921.1565 1.26e+08   15.88%
Found incumbent of value 1095.000000 after 10139.84 sec. (2318820.02 ticks)
 235084 145321      953.2071   614     1095.0000      921.2429 1.27e+08   15.87%
                                                      Cuts: 4                  
 235180 145407      987.2225   637     1095.0000      921.2429 1.27e+08   15.87%
*235226+145447                         1089.0000      921.2429 1.27e+08   15.40%
Found incumbent of value 1089.000000 after 10204.89 sec. (2323725.24 ticks)
 235244 145465      992.3642   604     1089.0000      921.2429 1.27e+08   15.40%
 235372 145581      999.5667   477     1089.0000      921.2429 1.27e+08   15.40%
Elapsed time = 10237.59 sec. (2339070.98 ticks, tree = 23197.76 MB, solutions = 40)
Nodefile size = 23039.78 MB (19647.13 MB after compression)
 235436 145639     1013.6944   462     1089.0000      921.2429 1.27e+08   15.40%
 235564 145723     1036.5833   392     1089.0000      921.2429 1.27e+08   15.40%
 236022 146095      984.5291   630     1089.0000      921.2429 1.28e+08   15.40%
 236342 146369     1058.9167   423     1089.0000      921.2429 1.28e+08   15.40%
 236732 146692      992.8000   517     1089.0000      921.2429 1.28e+08   15.40%
 236892 146815     1024.6017   653     1089.0000      921.2429 1.28e+08   15.40%
 237276 147120     1037.5009   569     1089.0000      921.2429 1.29e+08   15.40%
 237678 147456      933.3413   650     1089.0000      921.2429 1.29e+08   15.40%
 238786 148325      928.5333   698     1089.0000      921.2429 1.30e+08   15.40%
 239278 141259     1003.5000   490     1089.0000      922.2203 1.30e+08   15.31%
                                                      Cuts: 7                  
Elapsed time = 10422.28 sec. (2383933.35 ticks, tree = 22514.34 MB, solutions = 42)
Nodefile size = 22358.03 MB (19055.44 MB after compression)
 239354 141321     1009.7500   408     1089.0000      922.2203 1.30e+08   15.31%
 239500 141431     1049.3519   614     1089.0000      922.2203 1.30e+08   15.31%
 239852 141708     1032.9146   485     1089.0000      922.2203 1.31e+08   15.31%
 240218 141994     1084.2500   339     1089.0000      922.2203 1.31e+08   15.31%
 240398 142123      996.2000   647     1089.0000      922.2203 1.31e+08   15.31%
 240588 142272     1058.4317   572     1089.0000      922.2203 1.31e+08   15.31%
 240822 142458     1000.2314   593     1089.0000      922.2203 1.31e+08   15.31%
 240940 142551      985.7750   643     1089.0000      922.2203 1.32e+08   15.31%
 241100 142679     1004.4917   610     1089.0000      922.2203 1.32e+08   15.31%
 241420 142934     1057.1429   540     1089.0000      922.2203 1.32e+08   15.31%
Elapsed time = 10613.59 sec. (2431114.24 ticks, tree = 22522.53 MB, solutions = 42)
Nodefile size = 22358.03 MB (19055.44 MB after compression)
 241590 143054      932.7792   557     1089.0000      922.2203 1.32e+08   15.31%
 243469 144528     1002.1000   519     1089.0000      922.9111 1.33e+08   15.25%
                                                  Impl Bds: 5                  
 243590 144640     1042.6748   429     1089.0000      922.9111 1.33e+08   15.25%
 243787 144779     1042.0000   416     1089.0000      922.9111 1.33e+08   15.25%
 243953 144895     1005.9107   680     1089.0000      922.9111 1.34e+08   15.25%
 244113 145033     1067.0238   584     1089.0000      922.9111 1.34e+08   15.25%
 244365 145214      934.8546   601     1089.0000      922.9111 1.34e+08   15.25%
 244577 145382     1034.2000   368     1089.0000      922.9111 1.34e+08   15.25%
 245137 145825     1017.2500   342     1089.0000      922.9111 1.34e+08   15.25%
 245317 145950      946.5519   697     1089.0000      922.9111 1.35e+08   15.25%
Elapsed time = 10800.02 sec. (2500264.76 ticks, tree = 23125.97 MB, solutions = 42)
Nodefile size = 22958.17 MB (19565.07 MB after compression)
 246219 146644      960.6667   537     1089.0000      922.9111 1.35e+08   15.25%

Clique cuts applied:  13
Cover cuts applied:  8
Implied bound cuts applied:  205
Zero-half cuts applied:  319
Gomory fractional cuts applied:  11

Root node processing (before b&c):
  Real time             =   18.65 sec. (10763.16 ticks)
Parallel b&c, 32 threads:
  Real time             = 10801.71 sec. (2496422.57 ticks)
  Sync time (average)   =    0.23 sec.
  Wait time (average)   =    0.00 sec.
                          ------------
Total (root+branch&cut) = 10820.36 sec. (2507185.74 ticks)


Solution status: Feasible
Execution time: 10820.8 sec
Gap: 0.15197
