Wed Jul 18 20:25:36 2018

Tried aggregator 2 times.
MIP Presolve eliminated 10580 rows and 121 columns.
Aggregator did 380 substitutions.
Reduced MIP has 11090 rows, 3988 columns, and 42736 nonzeros.
Reduced MIP has 3988 binaries, 0 generals, 0 SOSs, and 0 indicators.
Presolve time = 0.08 sec. (59.60 ticks)
Probing time = 0.02 sec. (2.68 ticks)
Tried aggregator 1 time.
Presolve time = 0.06 sec. (19.60 ticks)
Probing time = 0.02 sec. (2.68 ticks)
Clique table members: 21334.
MIP emphasis: balance optimality and feasibility.
MIP search method: dynamic search.
Parallel mode: deterministic, using up to 32 threads.
Root relaxation solution time = 0.98 sec. (130.91 ticks)

        Nodes                                         Cuts/
   Node  Left     Objective  IInf  Best Integer    Best Bound    ItCnt     Gap

      0     0      607.0000   423                    607.0000     1356         
      0     0      647.8280   461                    Cuts: 55     1957         
      0     0      714.7297   462                    Cuts: 68     2597         
      0     0      726.7143   349                ZeroHalf: 43     3008         
      0     0      729.9664   494                    Cuts: 53     3364         
      0     0      734.6633   500                    Cuts: 39     3640         
      0     0      737.4085   513                ZeroHalf: 42     4058         
      0     0      739.6230   512                    Cuts: 45     4396         
      0     0      741.8960   534                    Cuts: 34     4671         
      0     0      744.9812   567                ZeroHalf: 43     5016         
      0     0      746.5281   540                    Cuts: 34     5237         
      0     0      751.7823   504                    Cuts: 29     5663         
      0     0      752.8455   542                    Cuts: 38     5977         
      0     0      754.1969   571                    Cuts: 38     6232         
      0     0      754.5846   564                    Cuts: 23     6395         
      0     0      755.6432   545                    Cuts: 24     6820         
      0     0      757.5079   538                    Cuts: 30     7340         
      0     0      757.7443   563                    Cuts: 32     7537         
      0     0      758.6738   608                    Cuts: 27     7868         
      0     0      759.0000   482                ZeroHalf: 26    11751         
      0     0      759.0000   475                    Cuts: 55    11937         
      0     0      759.0000   321                 ZeroHalf: 6    12006         
      0     0      759.0000   514                    Cuts: 80    12124         
*     0+    0                         2113.0000      759.0000    12124   64.08%
Found incumbent of value 2113.000000 after 15.52 sec. (10031.55 ticks)
      0     2      759.0000   317     2113.0000      759.0000    12124   64.08%
Elapsed time = 15.73 sec. (10114.14 ticks, tree = 0.01 MB, solutions = 1)
      1     3      764.0189   660     2113.0000      759.0000    18247   64.08%
      3     5      759.7137   466     2113.0000      759.0000    19966   64.08%
      4     6      766.6184   620     2113.0000      759.0000    25272   64.08%
      5     7      765.8000   540     2113.0000      759.0000    31614   64.08%
      6     8      765.2869   488     2113.0000      759.0000    37885   64.08%
      7     9      791.4671   570     2113.0000      759.0000    43664   64.08%
      9    11      779.6008   537     2113.0000      759.0000    52882   64.08%
     11    13      770.2466   602     2113.0000      759.7441    67145   64.04%
                                                  Impl Bds: 7                  
     18    20      763.1428   607     2113.0000      759.7441    98725   64.04%
     27    29      776.4451   556     2113.0000      764.5496   131022   63.82%
                                                  Impl Bds: 7                  
Elapsed time = 38.58 sec. (28864.66 ticks, tree = 0.01 MB, solutions = 1)
     34    36      798.6356   550     2113.0000      764.5496   150027   63.82%
     35    37      820.7684   579     2113.0000      764.5496   156538   63.82%
     43    45      821.6763   574     2113.0000      764.5496   184381   63.82%
     55    57      779.6804   442     2113.0000      765.2933   203706   63.78%
                                                 Impl Bds: 11                  
     67    69      814.6150   521     2113.0000      765.2933   220878   63.78%
    134   136      810.9464   551     2113.0000      765.2933   275865   63.78%
    186   188      820.3440   459     2113.0000      765.2933   323994   63.78%
    264   266      811.6993   427     2113.0000      765.2933   387845   63.78%
    342   344      821.4783   438     2113.0000      765.2933   453044   63.78%
    446   446      853.8555   383     2113.0000      765.2933   527495   63.78%
Elapsed time = 75.66 sec. (46234.91 ticks, tree = 0.01 MB, solutions = 1)
    576   576      954.2500   356     2113.0000      765.2933   614471   63.78%
*  1744  1651      integral     0     1802.0000      765.2933  1034416   57.53%
Found incumbent of value 1802.000000 after 75.66 sec. (47541.70 ticks)
*  2147  1995      integral     0     1679.0000      765.2933  1146251   54.42%
Found incumbent of value 1679.000000 after 75.66 sec. (47541.70 ticks)
*  2231  2066      integral     0     1672.0000      765.2933  1172678   54.23%
Found incumbent of value 1672.000000 after 75.66 sec. (47541.70 ticks)
   3181  2823      817.8095   436     1672.0000      765.2933  1478444   54.23%
                                                     Cuts: 78                  
   3210  2852      845.9000   429     1672.0000      765.2933  1508050   54.23%
   3351  2993      893.3500   498     1672.0000      765.2933  1599031   54.23%
   3404  3046      849.2500   428     1672.0000      765.2933  1632580   54.23%
   3564  3204      875.9615   462     1672.0000      765.2933  1727351   54.23%
   3788  3426      912.5921   387     1672.0000      765.2933  1850397   54.23%
Elapsed time = 95.33 sec. (54874.55 ticks, tree = 0.87 MB, solutions = 1)
*  5106+ 4659                         1567.0000      765.2933  2307224   51.16%
Found incumbent of value 1567.000000 after 100.06 sec. (48961.95 ticks)
   6121  5459      952.9821   448     1567.0000      765.2933  2697473   51.16%
                                                     Cuts: 39                  
   6160  5498      850.1458   508     1567.0000      765.2933  2729992   51.16%
   6224  5554      853.2868   549     1567.0000      765.2933  2775308   51.16%
   6288  5614      862.8140   452     1567.0000      765.2933  2821287   51.16%
   6411  5733      798.9167   444     1567.0000      765.2933  2891351   51.16%
   6541  5857      854.4040   536     1567.0000      765.2933  2963201   51.16%
   6765  6069      892.5696   459     1567.0000      765.2933  3060966   51.16%
   7021  6313      903.6786   381     1567.0000      765.2933  3206764   51.16%
   7282  6568     1031.2414   529     1567.0000      765.2933  3334922   51.16%
   7378  6658     1066.6111   399     1567.0000      765.2933  3372047   51.16%
Elapsed time = 136.88 sec. (66845.80 ticks, tree = 3.78 MB, solutions = 6)
   9947  9012      870.6719   540     1567.0000      765.2933  4434755   51.16%
  10395  9423      759.0000   358     1567.0000      773.6062  4551894   50.63%
  10397  9425      759.0000   359     1567.0000      773.6062  4552125   50.63%
  10398  9426      777.2799   679     1567.0000      773.6062  4558622   50.63%
  10399  9427      779.9936   664     1567.0000      773.6062  4561762   50.63%
  10400  9428      794.8252   588     1567.0000      773.6062  4564954   50.63%
  10403  9429      799.2275   522     1567.0000      773.6062  4566706   50.63%
  10404  9429      820.1215   599     1567.0000      773.6062  4572550   50.63%
  10407  9430      841.7895   477     1567.0000      773.6062  4584217   50.63%
  10408  9431      759.0000   354     1567.0000      773.6062  4590478   50.63%
                                                  ZeroHalf: 9                  
Elapsed time = 167.17 sec. (90192.80 ticks, tree = 34.91 MB, solutions = 8)
  10414  9433      779.9310   526     1567.0000      773.6062  4633945   50.63%
  10418  9434      759.4000   429     1567.0000      773.6062  4648797   50.63%
                                                  ZeroHalf: 5                  
  10427  9436      843.3421   489     1567.0000      773.6062  4673006   50.63%
  10435  9440      849.5556   461     1567.0000      773.6062  4677658   50.63%
  10437  9441      759.4000   422     1567.0000      773.6062  4681475   50.63%
                                                  ZeroHalf: 4                  
  10455  9451      783.3181   680     1567.0000      773.6062  4705668   50.63%
  10472  9459      850.5000   405     1567.0000      773.6062  4718966   50.63%
                                                    Covers: 1                  
* 10492+ 6279                         1565.0000      773.6062  4729282   50.57%
Found incumbent of value 1565.000000 after 190.21 sec. (104398.59 ticks)
* 10493+ 4218                         1561.0000      773.6062  4729626   50.44%
Found incumbent of value 1561.000000 after 190.21 sec. (104318.71 ticks)
  10525  4241      802.7517   615     1561.0000      773.6062  4741443   50.44%
  10529  4241      878.4048   502     1561.0000      773.6062  4750150   50.44%
  10589  4277      856.7669   539     1561.0000      773.6062  4771066   50.44%
Elapsed time = 207.56 sec. (109229.18 ticks, tree = 15.14 MB, solutions = 8)
  11032  4444      884.7173   631     1561.0000      773.6062  4893734   50.44%
  11294  4511        cutoff           1561.0000      773.6062  4948196   50.44%
  11363  4540      810.3670   529     1561.0000      773.6062  4966132   50.44%
                                                     Cuts: 12                  
  11377  4540        cutoff           1561.0000      773.6062  4992798   50.44%
  13103  5337    infeasible           1561.0000      773.6062  5284735   50.44%
                                                     Cuts: 11                  
  13168  5352        cutoff           1561.0000      773.6062  5314350   50.44%
  13520  5540      856.8807   496     1561.0000      773.6062  5420679   50.44%
  14465  5975      786.6419   577     1561.0000      773.6062  5668117   50.44%
  15046  6275      997.2913   459     1561.0000      773.6062  5787186   50.44%
                                                     Cuts: 16                  
  15206  6367     1021.3636   399     1561.0000      773.6062  5831213   50.44%
Elapsed time = 249.21 sec. (128773.81 ticks, tree = 63.07 MB, solutions = 10)
  15383  6463      776.8545   559     1561.0000      773.6062  5878651   50.44%
  15575  6564      792.7951   512     1561.0000      773.6062  5916870   50.44%
  15735  6655      844.8649   411     1561.0000      773.6062  5944821   50.44%
  16939  7296      828.8160   626     1561.0000      773.6062  6116886   50.44%
  17287  7467      819.5543   433     1561.0000      773.6062  6176643   50.44%
                                                  ZeroHalf: 2                  
  17607  7650      880.7956   466     1561.0000      773.6062  6221182   50.44%
  17777  7735    infeasible           1561.0000      773.6062  6256146   50.44%
  18129  7929    infeasible           1561.0000      773.6062  6309361   50.44%
  23959 12896      790.6077   557     1561.0000      773.6062  7019867   50.44%
  24658 13560      958.1753   419     1561.0000      773.6062  7093859   50.44%
                                                 ZeroHalf: 39                  
Elapsed time = 304.66 sec. (146565.51 ticks, tree = 815.11 MB, solutions = 10)
Nodefile size = 663.24 MB (508.54 MB after compression)
  25042 13944     1008.3597   337     1561.0000      773.6062  7164895   50.44%
  25430 14328      986.1946   372     1561.0000      773.6062  7212129   50.44%
  26134 14996     1179.3750   280     1561.0000      773.6062  7278377   50.44%
  26775 15608      937.5497   452     1561.0000      773.6062  7340891   50.44%
  27123 15914      803.6238   604     1561.0000      773.6062  7397446   50.44%
  27187 15976      807.4315   634     1561.0000      773.6062  7410665   50.44%
  27315 16104      846.9957   526     1561.0000      773.6062  7431483   50.44%
  29881 18571      822.7289   440     1561.0000      773.6062  7744305   50.44%
  30151 18807      887.8300   448     1561.0000      773.6062  7779466   50.44%
  30803 19407      924.9099   424     1561.0000      773.6062  7866069   50.44%
                                                  ZeroHalf: 6                  
Elapsed time = 340.61 sec. (158097.84 ticks, tree = 1563.36 MB, solutions = 10)
Nodefile size = 1411.26 MB (1088.68 MB after compression)
  31411 20008     1049.5526   217     1561.0000      773.6062  7974993   50.44%
  31980 20575     1080.8333   224     1561.0000      773.6062  8041726   50.44%
  32470 21032      985.2542   351     1561.0000      773.6062  8094176   50.44%
  33108 21613      982.6748   336     1561.0000      773.6062  8164709   50.44%
  33506 21995      925.7528   435     1561.0000      773.6062  8209679   50.44%
  34042 22494      824.0156   587     1561.0000      773.6062  8276240   50.44%
  35870 24212      788.7360   555     1561.0000      773.6062  8493925   50.44%
  36408 24714      815.1275   440     1561.0000      773.6062  8538656   50.44%
  36456 24747      860.2256   495     1561.0000      779.2197  8548936   50.08%
                                                      Cuts: 4                  
  39497 27616      849.9973   452     1561.0000      779.2197  8918015   50.08%
Elapsed time = 398.88 sec. (172109.90 ticks, tree = 2277.76 MB, solutions = 10)
Nodefile size = 2114.00 MB (1632.22 MB after compression)
  43325 31232      911.6332   375     1561.0000      779.2197  9379033   50.08%
  45271 33071      828.3294   461     1561.0000      786.0609  9624763   49.64%
                                                      Cuts: 5                  
  48657 36233     1145.2194   391     1561.0000      786.0609 10064074   49.64%
  50743 38178     1349.5000   187     1561.0000      789.9353 10301525   49.40%
                                                  ZeroHalf: 2                  
  52023 39414      858.2772   438     1561.0000      789.9353 10477261   49.40%
  56851 43919      990.6736   421     1561.0000      792.2799 11002420   49.25%
  59093 46024      975.3697   368     1561.0000      792.2799 11276337   49.25%
* 63839+50419                         1486.0000      793.8612 11851892   46.58%
                                                      Cuts: 5                  
Found incumbent of value 1486.000000 after 525.09 sec. (208663.48 ticks)
* 63839+50419                         1481.0000      793.8612 11851892   46.40%
Found incumbent of value 1481.000000 after 525.21 sec. (208697.75 ticks)
  63839 50421     1250.7667   288     1481.0000      793.8612 11851892   46.40%
* 63841+50421                         1466.0000      793.8612 11851985   45.85%
Found incumbent of value 1466.000000 after 526.15 sec. (204837.69 ticks)
* 63853+50433                         1464.0000      793.8612 11854151   45.77%
Found incumbent of value 1464.000000 after 526.41 sec. (204888.76 ticks)
* 63854+50434                         1458.0000      793.8612 11854171   45.55%
Found incumbent of value 1458.000000 after 526.41 sec. (204819.05 ticks)
* 63873+49109                         1442.0000      793.8612 11860064   44.95%
Found incumbent of value 1442.000000 after 528.28 sec. (209051.98 ticks)
  64987 50219     1228.2500   222     1442.0000      793.8612 12106454   44.95%
  69124 53619      892.9665   459     1442.0000      797.0173 12636721   44.73%
                                                      Cuts: 3                  
Elapsed time = 555.18 sec. (217389.22 ticks, tree = 5991.86 MB, solutions = 79)
Nodefile size = 5857.32 MB (4522.42 MB after compression)
* 70074+54548                         1433.0000      797.0173 12780411   44.38%
Found incumbent of value 1433.000000 after 572.49 sec. (222784.47 ticks)
  70074 54550      963.5737   301     1433.0000      797.0173 12780411   44.38%
  75729 59503      872.5159   445     1433.0000      798.5859 13490064   44.27%
                                                      Cuts: 5                  
  77809 61456      976.7778   337     1433.0000      798.5859 13790427   44.27%
  80624 64027      844.4647   546     1433.0000      800.6149 14178745   44.13%
  80976 64376      884.5833   408     1433.0000      800.6149 14247771   44.13%
  86870 69825     1251.1667   296     1433.0000      801.0702 15000022   44.10%
  89686 72460      855.2250   422     1433.0000      801.0702 15398526   44.10%
  92312 74879      969.6237   381     1433.0000      803.3448 15721992   43.94%
                                                  Impl Bds: 1                  
  94552 76996      999.5278   274     1433.0000      803.3448 16028335   43.94%
  98577 80680      827.7010   464     1433.0000      804.6303 16570493   43.85%
                                                      Cuts: 9                  
Elapsed time = 704.45 sec. (260984.57 ticks, tree = 9401.07 MB, solutions = 80)
Nodefile size = 9260.93 MB (7138.67 MB after compression)
 100433 82422      979.8514   415     1433.0000      804.6303 16852699   43.85%
 104100 85813     1083.2437   323     1433.0000      805.6574 17406117   43.78%
 106116 87696     1051.5396   370     1433.0000      805.6574 17691717   43.78%
 109265 90589     1206.8077   273     1433.0000      806.8921 18129094   43.69%
 110769 91984     1210.8278   239     1433.0000      806.8921 18334976   43.69%
 115312 96149      929.8746   395     1433.0000      807.7540 18974755   43.63%
 117904 98559      827.1368   393     1433.0000      807.7540 19327732   43.63%
 121316 101705      923.9545   377     1433.0000      809.0519 19769980   43.54%
                                                      Cuts: 4                  
 123460 103679      984.0096   380     1433.0000      809.0519 20073766   43.54%
 127254 107179      992.5544   452     1433.0000      809.9739 20595683   43.48%
Elapsed time = 852.97 sec. (304379.17 ticks, tree = 12876.38 MB, solutions = 80)
Nodefile size = 12733.43 MB (9829.59 MB after compression)
 128351 108215      863.7273   552     1433.0000      809.9739 20816646   43.48%
 131713 111282     1270.6838   342     1433.0000      810.7052 21332978   43.43%
                                                  ZeroHalf: 1                  
 133345 112815     1015.5321   338     1433.0000      810.7052 21544656   43.43%
 137128 116315      895.6767   443     1433.0000      811.5556 22062395   43.37%
                                                  Impl Bds: 2                  
*139273 118288      integral     0     1382.0000      811.5556 22331308   41.28%
Found incumbent of value 1382.000000 after 920.71 sec. (321213.92 ticks)
 140360 119319     1209.2500   277     1382.0000      811.5556 22476215   41.28%
 143552 119213      870.9533   441     1382.0000      812.6875 22907412   41.19%
                                                  Impl Bds: 1                  
 147154 122566      993.3313   420     1382.0000      812.6875 23408447   41.19%
 149461 124649     1281.8000   229     1382.0000      813.3555 23763544   41.15%
                                                  ZeroHalf: 1                  
 151317 126364      988.6014   407     1382.0000      813.3555 24028852   41.15%
Elapsed time = 982.35 sec. (342572.88 ticks, tree = 15136.81 MB, solutions = 81)
Nodefile size = 14987.29 MB (11552.84 MB after compression)
 154872 129570      999.6603   370     1382.0000      814.2788 24524432   41.08%
 157206 131758      919.8415   497     1382.0000      814.2788 24866612   41.08%
 161038 135279      950.7729   384     1382.0000      815.0449 25372221   41.02%
 164494 138455      889.9259   422     1382.0000      815.0449 25814755   41.02%
 167143 140856      953.9310   313     1382.0000      815.8216 26218682   40.97%
*168818+142414                         1376.0000      815.8216 26450860   40.71%
Found incumbent of value 1376.000000 after 1071.38 sec. (366099.51 ticks)
 169986 143479     1301.8333   232     1376.0000      815.8216 26630523   40.71%
*172111+145391                         1372.0000      815.8216 26946214   40.54%
Found incumbent of value 1372.000000 after 1078.06 sec. (369746.65 ticks)
 172316 144659      976.9286   366     1372.0000      816.6458 26975197   40.48%
                                                  Impl Bds: 1                  
 174813 146965      933.1522   415     1372.0000      816.6458 27335936   40.48%
*175515+147597                         1364.0000      816.6458 27449372   40.13%
Found incumbent of value 1364.000000 after 1104.21 sec. (378016.28 ticks)
 176898 147957      913.0506   415     1364.0000      817.3948 27649958   40.07%
                                                 ZeroHalf: 10                  
 178181 149162      914.5938   473     1364.0000      817.3948 27879109   40.07%
Elapsed time = 1129.16 sec. (385796.54 ticks, tree = 18242.24 MB, solutions = 83)
Nodefile size = 18094.57 MB (13911.21 MB after compression)
 181619 152296      902.4730   507     1364.0000      817.3948 28490012   40.07%
 182439 153064     1060.5000   286     1364.0000      817.8182 28664510   40.04%
 186926 157158      962.4986   326     1364.0000      818.7734 29295824   39.97%
                                                  ZeroHalf: 2                  
 189489 159511     1168.9500   267     1364.0000      818.7734 29685303   39.97%
 192822 162556      914.5833   502     1364.0000      819.3889 30149984   39.93%
 194518 164149     1020.4583   444     1364.0000      819.3889 30395866   39.93%
*195364+164931                         1363.0000      819.3889 30517429   39.88%
Found incumbent of value 1363.000000 after 1211.54 sec. (409946.94 ticks)
 198753 167888     1078.1667   302     1363.0000      820.0536 31011143   39.83%
 201536 170464     1058.3228   325     1363.0000      820.0536 31406903   39.83%
 204493 173118     1218.9936   232     1363.0000      820.7120 31784214   39.79%
 207040 175470     1016.6246   369     1363.0000      820.7120 32190656   39.79%
Elapsed time = 1270.11 sec. (428740.19 ticks, tree = 21051.86 MB, solutions = 86)
Nodefile size = 20898.22 MB (16019.52 MB after compression)
 210028 178185     1148.1071   329     1363.0000      821.2898 32644283   39.74%
                                                  Impl Bds: 2                  
 211011 179120      843.4633   574     1363.0000      821.2898 32856828   39.74%
 215236 182933      947.3624   533     1363.0000      821.6856 33532399   39.71%
                                                      Cuts: 9                  
 217156 184700      922.6469   423     1363.0000      821.6856 33837099   39.71%
 220125 187387     1120.0000   196     1363.0000      822.2954 34293603   39.67%
                                                      Cuts: 4                  
*220740+187957                         1362.0000      822.2954 34391969   39.63%
Found incumbent of value 1362.000000 after 1342.95 sec. (448761.18 ticks)
 222077 189160      902.1578   431     1362.0000      822.2954 34610862   39.63%
 224602 191293      906.8788   382     1362.0000      822.8499 34984184   39.59%
 227707 194168     1180.9013   363     1362.0000      822.8499 35386695   39.59%
 230980 197130      961.1596   382     1362.0000      823.6092 35856945   39.53%
 233668 199616     1074.5882   405     1362.0000      823.6092 36247577   39.53%
Elapsed time = 1411.71 sec. (471193.16 ticks, tree = 23796.24 MB, solutions = 87)
Nodefile size = 23638.59 MB (18079.74 MB after compression)
 237137 202801     1217.3000   317     1362.0000      824.0844 36727093   39.49%
                                                  Impl Bds: 2                  
 239243 204751     1070.1667   242     1362.0000      824.0844 37062233   39.49%
 242128 207352      853.0765   412     1362.0000      824.4778 37514886   39.47%
 244564 209614      854.4192   358     1362.0000      824.4778 37870899   39.47%
 248232 212947      904.6704   392     1362.0000      825.0066 38385676   39.43%
                                                  ZeroHalf: 1                  
 251526 215972     1243.1970   287     1362.0000      825.0066 38882112   39.43%
 254271 218453      992.3125   293     1362.0000      825.5699 39261564   39.39%
 256615 220600      872.3697   432     1362.0000      825.5699 39671297   39.39%
 259100 222822      923.7857   517     1362.0000      826.0323 40061134   39.35%
 261522 225061      924.9839   361     1362.0000      826.0323 40430543   39.35%
Elapsed time = 1552.16 sec. (514308.93 ticks, tree = 26463.24 MB, solutions = 87)
Nodefile size = 26306.87 MB (20090.95 MB after compression)
 265180 228381     1211.7500   246     1362.0000      826.4904 40929778   39.32%
                                                  Impl Bds: 3                  
 268667 231581      960.3750   321     1362.0000      826.4904 41407809   39.32%
 271667 234309     1179.4462   289     1362.0000      826.8585 41803794   39.29%
                                                      Cuts: 3                  
 274131 236580     1069.2500   238     1362.0000      826.8585 42165358   39.29%
 278020 240108      850.8098   431     1362.0000      827.6120 42683621   39.24%
                                                  ZeroHalf: 3                  
 279134 241151     1267.7222   283     1362.0000      827.6120 42875147   39.24%
 282077 243800      974.0551   463     1362.0000      827.9000 43320131   39.21%
 284404 245973     1136.2667   304     1362.0000      827.9000 43653189   39.21%
 288225 249415     1081.0000   227     1362.0000      828.2736 44188971   39.19%
                                                      Cuts: 4                  
 288693 249875      990.3696   483     1362.0000      828.2736 44289821   39.19%
Elapsed time = 1703.32 sec. (558372.43 ticks, tree = 30032.46 MB, solutions = 87)
Nodefile size = 29884.87 MB (22801.57 MB after compression)
 292968 253757      857.3498   550     1362.0000      828.4476 45039500   39.17%
 296584 257079      844.1653   381     1362.0000      828.4476 45539444   39.17%
*298116+258486                         1356.0000      828.4476 45763210   38.91%
Found incumbent of value 1356.000000 after 1730.03 sec. (568860.86 ticks)
 300247 259734     1059.0856   306     1356.0000      829.0592 46039512   38.86%
 302421 261727     1129.1250   247     1356.0000      829.0592 46340121   38.86%
 305177 264194      984.6667   152     1356.0000      829.4956 46670919   38.83%
 308115 266890      837.9232   459     1356.0000      829.4956 47076963   38.83%
 311713 270194     1306.6641   278     1356.0000      829.9808 47544309   38.79%
 313857 272158      952.4971   394     1356.0000      829.9808 47851199   38.79%
 318030 275951      929.6159   419     1356.0000      830.3629 48427571   38.76%
*320176+277925                         1352.0000      830.3629 48773669   38.58%
Found incumbent of value 1352.000000 after 1848.64 sec. (598901.99 ticks)
 320570 278291     1058.3000   303     1352.0000      830.3629 48825059   38.58%
Elapsed time = 1850.06 sec. (602054.35 ticks, tree = 33070.87 MB, solutions = 88)
Nodefile size = 32912.83 MB (25079.22 MB after compression)
 323560 280422      981.6744   433     1352.0000      830.8001 49244585   38.55%
*324837+281607                         1351.0000      830.8001 49440674   38.50%
Found incumbent of value 1351.000000 after 1873.57 sec. (608265.61 ticks)
 325288 282025     1011.4975   416     1351.0000      830.8001 49512156   38.50%
 329166 285356      998.9762   365     1351.0000      831.1458 50038854   38.48%
 332337 288259     1075.0396   351     1351.0000      831.1458 50492084   38.48%
 335460 291115     1124.7340   326     1351.0000      831.5254 50912029   38.45%
 337873 293339     1086.5000   348     1351.0000      831.5254 51260769   38.45%
 340540 295758      905.0000   351     1351.0000      831.9773 51605021   38.42%
 343298 298299      852.6818   336     1351.0000      831.9773 52000468   38.42%
 346799 301471     1103.0280   353     1351.0000      832.3519 52491545   38.39%
                                                  ZeroHalf: 1                  
 349628 304085     1002.9780   424     1351.0000      832.3519 52898122   38.39%
Elapsed time = 1997.26 sec. (646605.05 ticks, tree = 36513.43 MB, solutions = 90)
Nodefile size = 36353.55 MB (27682.55 MB after compression)
 352436 306632      990.2212   420     1351.0000      832.6675 53282402   38.37%
 354439 308476      991.3806   308     1351.0000      832.6675 53630626   38.37%
 357488 311200      914.9633   387     1351.0000      832.9591 54160240   38.34%
 359370 312966     1285.5294   158     1351.0000      832.9591 54436550   38.34%
 363763 316949      953.6667   238     1351.0000      833.3407 55034564   38.32%
 367192 320078      946.4792   358     1351.0000      833.3407 55525808   38.32%
 370052 322680      975.1250   320     1351.0000      833.6485 55913747   38.29%
 372330 324801      995.8587   363     1351.0000      833.6485 56216789   38.29%
 376059 328182     1041.5905   359     1351.0000      833.9325 56706458   38.27%
 378557 330472     1016.7355   437     1351.0000      833.9325 57128180   38.27%
Elapsed time = 2144.10 sec. (690094.14 ticks, tree = 39629.37 MB, solutions = 90)
Nodefile size = 39470.97 MB (30036.28 MB after compression)
 381811 333393     1282.8824   248     1351.0000      834.3738 57595394   38.24%
                                                    Covers: 1                  
 384467 335834     1314.9923   291     1351.0000      834.3738 57989659   38.24%
 387861 338896     1203.1667   207     1351.0000      834.8427 58479082   38.21%
                                                      Cuts: 3                  
 389890 340744      940.6667   307     1351.0000      834.8427 58806305   38.21%
 392527 343116      880.2014   465     1351.0000      835.0313 59187278   38.19%
 395247 345610     1050.4692   305     1351.0000      835.0313 59547524   38.19%
 398454 348513      879.9152   436     1351.0000      835.4380 59964182   38.16%
                                                  ZeroHalf: 2                  
 401057 350896      934.9264   380     1351.0000      835.4380 60324984   38.16%
 405047 354586     1032.4048   362     1351.0000      835.8427 60839936   38.13%
 405410 354922     1009.2500   280     1351.0000      835.8427 60914475   38.13%
Elapsed time = 2293.58 sec. (734408.33 ticks, tree = 43169.45 MB, solutions = 90)
Nodefile size = 43019.99 MB (32723.33 MB after compression)
 409281 358431     1015.1667   307     1351.0000      835.9740 61689662   38.12%
 411837 360757     1193.4871   362     1351.0000      835.9740 62041044   38.12%
 415781 364342      872.6903   328     1351.0000      836.4044 62553970   38.09%
 417137 365616      844.4133   450     1351.0000      836.4044 62764355   38.09%
 421986 370029      904.8654   321     1351.0000      836.5585 63432130   38.08%
                                                    Covers: 1                  
 424901 372682     1073.5000   255     1351.0000      836.5585 63860136   38.08%
 427757 375284     1212.6667   176     1351.0000      836.9000 64212548   38.05%
                                                      Cuts: 3                  
 430957 378215      986.8740   430     1351.0000      836.9000 64641085   38.05%
 434278 381224     1235.6852   278     1351.0000      837.2789 65093983   38.03%
                                                  ZeroHalf: 1                  
 436870 383587      924.7702   410     1351.0000      837.2789 65476892   38.03%
Elapsed time = 2441.55 sec. (778307.57 ticks, tree = 46274.55 MB, solutions = 90)
Nodefile size = 46114.25 MB (35059.60 MB after compression)
 439429 385893     1107.2785   176     1351.0000      837.5000 65790109   38.01%
 442256 388502      852.3502   408     1351.0000      837.5000 66187136   38.01%
 445663 391618     1163.3792   314     1351.0000      837.8452 66672913   37.98%
                                                    Covers: 1                  
 449183 394820      876.7877   427     1351.0000      837.8452 67157791   37.98%
 452203 397566     1027.3971   352     1351.0000      838.1875 67553323   37.96%
                                                      Cuts: 3                  
 454186 399390      954.2564   515     1351.0000      838.1875 67847652   37.96%
 457628 402508     1013.2941   417     1351.0000      838.4167 68339786   37.94%
                                                      Cuts: 2                  
 460162 404832     1089.3553   432     1351.0000      838.4167 68687006   37.94%
 464144 408462     1229.5302   242     1351.0000      838.7417 69205582   37.92%
                                                    Covers: 1                  
 467184 411238      885.2416   404     1351.0000      838.7417 69651831   37.92%
Elapsed time = 2595.59 sec. (822903.21 ticks, tree = 49957.30 MB, solutions = 90)
Nodefile size = 49794.85 MB (37844.14 MB after compression)
 470504 414241      898.4042   413     1351.0000      839.0469 70087613   37.89%
 473032 416556      982.0110   444     1351.0000      839.0469 70455428   37.89%
 476886 420070      887.4762   369     1351.0000      839.3628 70965600   37.87%
 479108 422140     1263.5260   312     1351.0000      839.3628 71287084   37.87%
 482379 425028     1049.4247   394     1351.0000      839.5535 71745099   37.86%
 483512 426054      961.9215   549     1351.0000      839.5535 71950384   37.86%
 487494 429650      924.7389   497     1351.0000      839.8178 72523450   37.84%
                                                    Covers: 1                  
 490182 432099     1017.9170   387     1351.0000      839.8178 72930262   37.84%
 493778 435323     1030.8214   174     1351.0000      840.0796 73402811   37.82%
 496956 438233      986.5000   300     1351.0000      840.0796 73830307   37.82%
Elapsed time = 2750.03 sec. (867571.41 ticks, tree = 53542.85 MB, solutions = 90)
Nodefile size = 53381.81 MB (40562.73 MB after compression)
 500491 441409     1256.8833   188     1351.0000      840.4000 74283636   37.79%
 502539 443300      892.0577   384     1351.0000      840.4000 74581383   37.79%
 506797 447112     1190.1515   246     1351.0000      840.5769 75158204   37.78%
 508801 448972     1103.0061   352     1351.0000      840.5769 75446301   37.78%
 511343 451257      932.4929   367     1351.0000      840.8333 75789936   37.76%
 514879 454530     1165.7974   387     1351.0000      840.8333 76211177   37.76%
 518554 457882      922.0171   401     1351.0000      841.1491 76662984   37.74%
 519134 458446     1080.0000   478     1351.0000      841.1491 76795617   37.74%
 523118 462033      869.2419   571     1351.0000      841.2723 77524983   37.73%
 523640 462537      972.7500   252     1351.0000      841.2723 77654181   37.73%
Elapsed time = 2895.30 sec. (911814.26 ticks, tree = 56538.58 MB, solutions = 90)
Nodefile size = 56387.59 MB (42843.54 MB after compression)
 529457 467828    infeasible           1351.0000      841.4459 78380008   37.72%
 532242 470390     1058.6186   320     1351.0000      841.4459 78749676   37.72%
 536054 473830     1144.9420   335     1351.0000      841.8193 79261581   37.69%
 539263 476764     1071.4783   358     1351.0000      841.8193 79687378   37.69%
 542462 479672      934.1250   332     1351.0000      842.0267 80117556   37.67%
 545470 482419     1309.2955   149     1351.0000      842.0267 80544715   37.67%
 548368 485027      879.8404   417     1351.0000      842.3740 80953102   37.65%
 551184 487621     1274.1500   277     1351.0000      842.3740 81316432   37.65%
 554853 490902     1005.0524   338     1351.0000      842.5002 81826726   37.64%
 557620 493424     1136.3414   351     1351.0000      842.5002 82215827   37.64%
Elapsed time = 3052.33 sec. (956140.90 ticks, tree = 60385.85 MB, solutions = 90)
Nodefile size = 60226.39 MB (45747.19 MB after compression)
 559945 495516     1011.9815   298     1351.0000      842.7917 82527810   37.62%
 561673 497107     1223.2038   307     1351.0000      842.7917 82779397   37.62%
 566355 501339      967.0663   350     1351.0000      842.9422 83400486   37.61%
                                                  Impl Bds: 2                  
 569273 504003      937.2917   406     1351.0000      842.9422 83795678   37.61%
 572135 506582     1115.4348   289     1351.0000      843.1136 84148805   37.59%
                                                  Impl Bds: 1                  
 575244 509448     1111.4844   333     1351.0000      843.1136 84557210   37.59%
 578710 512566      901.7665   387     1351.0000      843.2791 85012357   37.58%
                                                  Impl Bds: 2                  
 579933 513704     1051.3837   431     1351.0000      843.2791 85189178   37.58%
*585170+518501                         1344.0000      843.2791 85860901   37.26%
Found incumbent of value 1344.000000 after 3178.34 sec. (992987.52 ticks)
 585329 517223     1000.6810   235     1344.0000      843.5496 85878125   37.24%
 588369 520015     1096.7563   390     1344.0000      843.5496 86262963   37.24%
Elapsed time = 3204.04 sec. (1000765.47 ticks, tree = 63894.16 MB, solutions = 90)
Nodefile size = 63735.26 MB (48402.41 MB after compression)
 591823 523077      948.4769   379     1344.0000      843.7890 86740838   37.22%
 594159 525254     1143.2727   335     1344.0000      843.7890 87054246   37.22%
 598487 529150     1016.1733   359     1344.0000      844.0714 87612905   37.20%
 601335 531767      878.1027   469     1344.0000      844.0714 87999271   37.20%
 605148 535207     1139.0067   320     1344.0000      844.3001 88489505   37.18%
 607220 537077     1111.6750   290     1344.0000      844.3001 88791325   37.18%
 609576 539169      956.7051   336     1344.0000      844.4625 89134961   37.17%
                                                  ZeroHalf: 1                  
 611980 541365     1229.7500   261     1344.0000      844.4625 89447222   37.17%
 616225 545177      963.7807   289     1344.0000      844.6801 90013038   37.15%
 619262 547958      915.8894   410     1344.0000      844.6801 90433693   37.15%
Elapsed time = 3357.05 sec. (1045623.90 ticks, tree = 67624.60 MB, solutions = 91)
Nodefile size = 67464.87 MB (51227.59 MB after compression)
 622536 550893      903.3231   414     1344.0000      844.9255 90874054   37.13%
                                                  Impl Bds: 1                  
 625608 553677      912.5667   346     1344.0000      844.9255 91264254   37.13%
 629290 557011     1030.4984   330     1344.0000      845.1167 91744314   37.12%
                                                  Impl Bds: 2                  
 631341 558899      989.2175   467     1344.0000      845.1167 92061666   37.12%
 635173 562336      947.8095   327     1344.0000      845.2878 92608548   37.11%
                                                      Cuts: 5                  
 637436 564409     1091.5081   450     1344.0000      845.2878 92937983   37.11%
 640406 567053      944.9048   335     1344.0000      845.5556 93337454   37.09%
                                                      Cuts: 3                  
 643507 569887     1029.6810   350     1344.0000      845.5556 93747554   37.09%
 646268 572382      909.9485   378     1344.0000      845.6729 94100813   37.08%
 649116 574979     1201.5000   249     1344.0000      845.6729 94477430   37.08%
Elapsed time = 3503.47 sec. (1089252.81 ticks, tree = 70781.04 MB, solutions = 91)
Nodefile size = 70622.81 MB (53608.26 MB after compression)
 652771 578282      927.6402   396     1344.0000      845.8834 94974628   37.06%
 656643 581799      877.9724   356     1344.0000      845.8834 95476392   37.06%
 659379 584215     1101.4777   383     1344.0000      846.0725 95835835   37.05%
 661162 585853     1157.8524   391     1344.0000      846.0725 96107942   37.05%
 665935 590158     1147.8075   283     1344.0000      846.3000 96692989   37.03%
 669067 593032     1033.2549   358     1344.0000      846.3000 97142489   37.03%
 672188 595832     1256.0530   257     1344.0000      846.5085 97561460   37.02%
 674684 598128      873.3222   400     1344.0000      846.5085 97922384   37.02%
 677089 600284     1118.3333   215     1344.0000      846.6378 98261676   37.01%
 678433 601517     1174.5904   309     1344.0000      846.6378 98490910   37.01%
Elapsed time = 3656.93 sec. (1133499.32 ticks, tree = 74491.74 MB, solutions = 91)
Nodefile size = 74347.08 MB (56424.86 MB after compression)
 681793 604561     1001.5000   304     1344.0000      846.7511 99058322   37.00%
 684320 606871     1075.1479   433     1344.0000      846.7511 99396884   37.00%
 688200 610375      975.1364   492     1344.0000      846.9935 99902763   36.98%
 689256 611354      866.1227   410     1344.0000      846.9935 1.00e+08   36.98%
 694860 616415     1025.7010   354     1344.0000      847.2180 1.01e+08   36.96%
 697933 619219     1296.0000    97     1344.0000      847.2180 1.01e+08   36.96%
 701425 622356      978.2400   393     1344.0000      847.4481 1.02e+08   36.95%
 704779 625425      940.6667   336     1344.0000      847.4481 1.02e+08   36.95%
 707773 628102     1152.0000   275     1344.0000      847.6277 1.02e+08   36.93%
 711133 631167     1304.6429   172     1344.0000      847.6277 1.03e+08   36.93%
Elapsed time = 3803.62 sec. (1177490.71 ticks, tree = 77660.26 MB, solutions = 91)
Nodefile size = 77502.84 MB (58806.46 MB after compression)
 714352 634063     1309.9185   291     1344.0000      847.8383 1.03e+08   36.92%
 716912 636416     1034.5318   392     1344.0000      847.8383 1.04e+08   36.92%
 719771 638936      939.2889   418     1344.0000      848.0094 1.04e+08   36.90%
 723143 641994     1012.3770   367     1344.0000      848.0094 1.05e+08   36.90%
 726450 644973     1229.9189   340     1344.0000      848.2110 1.05e+08   36.89%
                                                      Cuts: 2                  
 729090 647398     1027.8571   299     1344.0000      848.2110 1.05e+08   36.89%
 731728 649755      914.0386   347     1344.0000      848.3750 1.06e+08   36.88%
 734905 652630     1048.9448   373     1344.0000      848.3750 1.06e+08   36.88%
 737886 655324     1002.8000   264     1344.0000      848.5862 1.07e+08   36.86%
                                                  ZeroHalf: 2                  
 740434 657655     1153.5144   358     1344.0000      848.5862 1.07e+08   36.86%
Elapsed time = 3952.44 sec. (1221623.08 ticks, tree = 81293.41 MB, solutions = 91)
Nodefile size = 81140.71 MB (61568.15 MB after compression)
 744113 660968     1294.6218   178     1344.0000      848.7895 1.07e+08   36.85%
 747317 663901      998.7971   330     1344.0000      848.7895 1.08e+08   36.85%
 750796 667033     1004.0000   233     1344.0000      848.9699 1.08e+08   36.83%
 752383 668505      996.8179   455     1344.0000      848.9699 1.08e+08   36.83%
 756868 672587      924.0525   365     1344.0000      849.0667 1.09e+08   36.83%
 759428 674902      943.3983   407     1344.0000      849.0667 1.09e+08   36.83%
 763541 678605      988.5000   300     1344.0000      849.3384 1.10e+08   36.81%
 766277 681135      906.0837   460     1344.0000      849.3384 1.10e+08   36.81%
*768923+683502                         1331.0000      849.3384 1.11e+08   36.19%
Found incumbent of value 1331.000000 after 4083.93 sec. (1257133.80 ticks)
 770082 680270     1105.3000   318     1331.0000      849.5000 1.11e+08   36.18%
 772012 682018     1037.0750   399     1331.0000      849.5000 1.11e+08   36.18%
Elapsed time = 4110.40 sec. (1266163.46 ticks, tree = 84694.98 MB, solutions = 91)
Nodefile size = 84552.56 MB (64156.70 MB after compression)
 774938 684627      997.1333   366     1331.0000      849.6334 1.12e+08   36.17%
 777531 686978      882.5644   381     1331.0000      849.6334 1.12e+08   36.17%
 780873 689950     1113.9758   426     1331.0000      849.7927 1.12e+08   36.15%
 783177 692056      922.2037   389     1331.0000      849.7927 1.13e+08   36.15%
 785960 694499      979.1395   403     1331.0000      849.9412 1.13e+08   36.14%
 788800 697115      903.8750   383     1331.0000      849.9412 1.14e+08   36.14%
 792419 700320     1094.6492   322     1331.0000      850.1250 1.14e+08   36.13%
                                                    Covers: 1                  
 795499 703121     1167.5387   320     1331.0000      850.1250 1.14e+08   36.13%
 798054 705368      916.0000   426     1331.0000      850.2796 1.15e+08   36.12%
 801161 708188      876.5777   443     1331.0000      850.2796 1.15e+08   36.12%
Elapsed time = 4252.69 sec. (1308540.82 ticks, tree = 87503.67 MB, solutions = 92)
Nodefile size = 87348.00 MB (66272.22 MB after compression)
 804155 710860      896.2749   409     1331.0000      850.4876 1.16e+08   36.10%
 807676 714057     1072.4634   325     1331.0000      850.4876 1.16e+08   36.10%
 810730 716773    infeasible           1331.0000      850.6500 1.17e+08   36.09%
 813194 719023      865.2739   376     1331.0000      850.6500 1.17e+08   36.09%
 817263 722646      926.3330   432     1331.0000      850.8389 1.17e+08   36.08%
 819042 724281     1235.3333   256     1331.0000      850.8389 1.18e+08   36.08%
 823506 728241      907.7667   309     1331.0000      850.9778 1.18e+08   36.06%
                                                    Covers: 2                  
 826987 731426      863.9235   336     1331.0000      850.9778 1.19e+08   36.06%
 830016 734072     1106.9220   355     1331.0000      851.1667 1.19e+08   36.05%
                                                    Covers: 2                  
 833035 736798     1225.5016   261     1331.0000      851.1667 1.20e+08   36.05%
Elapsed time = 4407.53 sec. (1353061.93 ticks, tree = 91304.23 MB, solutions = 92)
Nodefile size = 91153.94 MB (69161.99 MB after compression)
 834904 738439     1014.8000   382     1331.0000      851.3199 1.20e+08   36.04%
                                                    Covers: 1                  
 838129 741405     1072.9000   324     1331.0000      851.3199 1.20e+08   36.04%
 840879 743825      947.5809   378     1331.0000      851.4925 1.21e+08   36.03%
                                                    Covers: 1                  
 843663 746382     1262.4092   334     1331.0000      851.4925 1.21e+08   36.03%
 847430 749725    infeasible           1331.0000      851.6366 1.21e+08   36.02%
                                                  ZeroHalf: 2                  
 849184 751331     1115.8478   381     1331.0000      851.6366 1.22e+08   36.02%
 853512 755193     1022.7706   438     1331.0000      851.7611 1.22e+08   36.01%
 856360 757800      954.7124   401     1331.0000      851.7611 1.23e+08   36.01%
 859976 761012     1011.2917   237     1331.0000      851.9485 1.23e+08   35.99%
 863385 764135      920.1080   425     1331.0000      851.9485 1.24e+08   35.99%
Elapsed time = 4562.20 sec. (1397614.13 ticks, tree = 94866.95 MB, solutions = 92)
Nodefile size = 94716.37 MB (71856.40 MB after compression)
 866263 766662     1325.3050   234     1331.0000      852.1000 1.24e+08   35.98%
 869578 769687     1099.1813   365     1331.0000      852.1000 1.24e+08   35.98%
 872365 772162     1002.0000   301     1331.0000      852.2809 1.25e+08   35.97%
                                                  Impl Bds: 1                  
 875533 775043     1120.8500   250     1331.0000      852.2809 1.25e+08   35.97%
 878570 777751     1021.3884   388     1331.0000      852.4286 1.26e+08   35.96%
                                                  ZeroHalf: 1                  
 879882 778945      948.4233   388     1331.0000      852.4286 1.26e+08   35.96%
 882263 781032      857.0642   571     1331.0000      852.5000 1.26e+08   35.95%
 884303 782880     1068.2750   259     1331.0000      852.5000 1.27e+08   35.95%
 887690 785895     1023.8362   307     1331.0000      852.6250 1.27e+08   35.94%
 890199 788212      968.4212   414     1331.0000      852.6250 1.27e+08   35.94%
Elapsed time = 4698.77 sec. (1439845.25 ticks, tree = 97736.59 MB, solutions = 92)
Nodefile size = 97589.01 MB (74010.85 MB after compression)
 894010 791593        cutoff           1331.0000      852.8207 1.28e+08   35.93%
 896730 794074      872.0411   395     1331.0000      852.8207 1.28e+08   35.93%
 900262 797193      939.1092   435     1331.0000      852.9522 1.29e+08   35.92%
                                                  ZeroHalf: 2                  
 902438 799188     1049.1880   378     1331.0000      852.9522 1.29e+08   35.92%
 906722 803006        cutoff           1331.0000      853.1119 1.30e+08   35.90%
 909706 805726      986.0468   405     1331.0000      853.1119 1.30e+08   35.90%
 912593 808260     1110.5667   242     1331.0000      853.2680 1.30e+08   35.89%
 916448 811823     1117.0000   358     1331.0000      853.2680 1.31e+08   35.89%
 919291 814348      927.2187   431     1331.0000      853.4111 1.31e+08   35.88%
                                                    Covers: 1                  
 920735 815702      979.9118   319     1331.0000      853.4111 1.32e+08   35.88%
Elapsed time = 4856.59 sec. (1484262.71 ticks, tree = 101517.60 MB, solutions = 92)
Nodefile size = 101377.49 MB (76827.38 MB after compression)
 924271 818825      917.9705   375     1331.0000      853.5056 1.32e+08   35.87%
 926302 820677     1002.3667   278     1331.0000      853.5056 1.32e+08   35.87%
 929486 823483     1231.1458   204     1331.0000      853.6512 1.33e+08   35.86%
 932184 825941     1093.8120   334     1331.0000      853.6512 1.33e+08   35.86%
 934610 828055      977.1786   391     1331.0000      853.7900 1.34e+08   35.85%
 937394 830592     1006.8083   336     1331.0000      853.7900 1.34e+08   35.85%
*940354+833272                         1322.0000      853.7900 1.34e+08   35.42%
Found incumbent of value 1322.000000 after 4940.10 sec. (1508560.60 ticks)
 941115 828281      995.9603   355     1322.0000      853.9191 1.34e+08   35.41%
 943931 830838     1081.9545   333     1322.0000      853.9191 1.35e+08   35.41%
 947391 833876     1003.1949   395     1322.0000      854.0625 1.35e+08   35.40%
                                                  ZeroHalf: 1                  
 950311 836548     1099.7820   390     1322.0000      854.0625 1.36e+08   35.40%
Elapsed time = 4997.04 sec. (1526639.08 ticks, tree = 103667.45 MB, solutions = 93)
Nodefile size = 103518.33 MB (78394.40 MB after compression)
 954055 839865     1179.0000   239     1322.0000      854.1927 1.36e+08   35.39%
                                                    Covers: 1                  
 957464 842997     1212.7000   295     1322.0000      854.1927 1.37e+08   35.39%
 960559 845716     1248.8500   171     1322.0000      854.3095 1.37e+08   35.38%
 964625 849445     1172.6316   324     1322.0000      854.3095 1.38e+08   35.38%
 967161 851710     1165.2063   250     1322.0000      854.4431 1.38e+08   35.37%
                                                      Cuts: 2                  
 968377 852810      904.7919   471     1322.0000      854.4431 1.38e+08   35.37%
 970852 855029      965.3571   391     1322.0000      854.5252 1.39e+08   35.36%
 972899 856907     1174.2877   305     1322.0000      854.5252 1.39e+08   35.36%
 976743 860339      981.6117   457     1322.0000      854.6704 1.39e+08   35.35%
                                                  ZeroHalf: 3                  
 979522 862858      940.6302   389     1322.0000      854.6704 1.40e+08   35.35%
Elapsed time = 5141.99 sec. (1569534.64 ticks, tree = 106755.04 MB, solutions = 93)
Nodefile size = 106607.99 MB (80686.90 MB after compression)
 982649 865666     1048.4148   361     1322.0000      854.7971 1.40e+08   35.34%
 985465 868227      972.0000   262     1322.0000      854.7971 1.40e+08   35.34%
 989214 871543      890.2864   357     1322.0000      854.9286 1.41e+08   35.33%
                                                  Impl Bds: 2                  
 992036 874136     1268.8002   358     1322.0000      854.9286 1.41e+08   35.33%
 995736 877409      987.1415   432     1322.0000      855.0899 1.42e+08   35.32%
                                                  Impl Bds: 3                  
 998648 880090      937.2350   397     1322.0000      855.0899 1.42e+08   35.32%
 1001990 883064      953.1875   337     1322.0000      855.2480 1.43e+08   35.31%
                                                      Cuts: 3                  
 1004919 885737     1098.9018   350     1322.0000      855.2480 1.43e+08   35.31%
 1006966 887519      962.8822   377     1322.0000      855.3583 1.43e+08   35.30%
                                                  Impl Bds: 1                  
 1009974 890267      878.9242   363     1322.0000      855.3583 1.44e+08   35.30%
Elapsed time = 5288.30 sec. (1613449.34 ticks, tree = 110380.28 MB, solutions = 93)
Nodefile size = 110230.91 MB (83379.03 MB after compression)
 1013613 893525     1049.0500   367     1322.0000      855.5093 1.44e+08   35.29%
 1014541 894363      951.4627   447     1322.0000      855.5093 1.44e+08   35.29%
 1018093 897528     1003.3721   424     1322.0000      855.6003 1.45e+08   35.28%
                                                  Impl Bds: 2                  
 1020045 899325     1032.2729   384     1322.0000      855.6003 1.45e+08   35.28%
 1024375 903197     1093.0000   251     1322.0000      855.7250 1.46e+08   35.27%
                                                  Impl Bds: 1                  
 1026967 905574      966.7083   304     1322.0000      855.7250 1.46e+08   35.27%
 1029980 908199     1291.5000   174     1322.0000      855.8359 1.47e+08   35.26%
 1032444 910473      923.5541   453     1322.0000      855.8359 1.47e+08   35.26%
 1036565 914139      929.4231   373     1322.0000      855.9598 1.47e+08   35.25%
 1040243 917502     1297.7143   222     1322.0000      855.9598 1.48e+08   35.25%
Elapsed time = 5436.61 sec. (1656199.98 ticks, tree = 113401.17 MB, solutions = 93)
Nodefile size = 113250.94 MB (85615.27 MB after compression)
 1043359 920249      904.4500   312     1322.0000      856.0957 1.48e+08   35.24%
 1046452 923090      903.6783   472     1322.0000      856.0957 1.49e+08   35.24%
*1046540+923165                         1315.0000      856.0957 1.49e+08   34.90%
Found incumbent of value 1315.000000 after 5466.76 sec. (1661913.06 ticks)
 1049910 920229      967.4781   384     1315.0000      856.2414 1.49e+08   34.89%
 1052522 922593     1083.9697   380     1315.0000      856.2414 1.50e+08   34.89%
 1054850 924621      994.3088   358     1315.0000      856.3730 1.50e+08   34.88%
 1058045 927533     1117.3830   380     1315.0000      856.3730 1.50e+08   34.88%
 1060983 930113      901.4682   422     1315.0000      856.5000 1.51e+08   34.87%
 1062615 931597      878.8899   386     1315.0000      856.5000 1.51e+08   34.87%
 1066451 935009      927.2500   457     1315.0000      856.6008 1.52e+08   34.86%
 1068911 937231     1017.8182   342     1315.0000      856.6008 1.52e+08   34.86%
Elapsed time = 5582.69 sec. (1699246.76 ticks, tree = 115799.76 MB, solutions = 94)
Nodefile size = 115653.58 MB (87375.43 MB after compression)
 1072605 940503      885.5347   416     1315.0000      856.7500 1.52e+08   34.85%
                                                  Impl Bds: 1                  
 1074916 942581     1232.1595   299     1315.0000      856.7500 1.53e+08   34.85%
 1078845 946108      927.2163   416     1315.0000      856.8482 1.53e+08   34.84%
                                                    Covers: 1                  
 1082045 949000      919.7436   374     1315.0000      856.8482 1.54e+08   34.84%
 1084465 951126     1139.7462   259     1315.0000      856.9955 1.54e+08   34.83%
                                                  Impl Bds: 2                  
 1085892 952433     1021.8889   309     1315.0000      856.9955 1.54e+08   34.83%
 1089204 955376      898.8037   484     1315.0000      857.0761 1.55e+08   34.82%
                                                  Impl Bds: 3                  
*1090124+956243                         1311.0000      857.0761 1.55e+08   34.62%
Found incumbent of value 1311.000000 after 5699.54 sec. (1735816.58 ticks)
 1090124 956245     1073.2416   276     1311.0000      857.0761 1.55e+08   34.62%
 1096667 958129     1197.0667   182     1311.0000      857.1642 1.56e+08   34.62%
                                                  Impl Bds: 4                  
 1098267 959562      910.8958   386     1311.0000      857.1642 1.56e+08   34.62%
Elapsed time = 5728.82 sec. (1743579.34 ticks, tree = 118288.65 MB, solutions = 94)
Nodefile size = 118142.54 MB (89202.71 MB after compression)
 1100332 961387     1014.8208   383     1311.0000      857.2893 1.56e+08   34.61%
 1103724 964457     1306.0380   259     1311.0000      857.2893 1.57e+08   34.61%
*1105987+966505                         1309.0000      857.2893 1.57e+08   34.51%
Found incumbent of value 1309.000000 after 5759.43 sec. (1750543.53 ticks)
 1106421 964656      900.2277   468     1309.0000      857.4395 1.57e+08   34.50%
 1108469 966521     1059.9519   230     1309.0000      857.4395 1.57e+08   34.50%
 1112576 970120      994.7833   266     1309.0000      857.5714 1.58e+08   34.49%
 1115790 973057      889.8194   409     1309.0000      857.5714 1.58e+08   34.49%
 1119001 975846      974.0000   167     1309.0000      857.7074 1.59e+08   34.48%
 1120152 976938     1124.2123   379     1309.0000      857.7074 1.59e+08   34.48%
 1123019 979464     1070.4683   482     1309.0000      857.7543 1.60e+08   34.47%
 1125125 981358      981.1667   282     1309.0000      857.7543 1.60e+08   34.47%
Elapsed time = 5870.80 sec. (1785177.65 ticks, tree = 120852.78 MB, solutions = 96)
Nodefile size = 120708.78 MB (91096.62 MB after compression)
 1128978 984769     1034.8750   305     1309.0000      857.8958 1.60e+08   34.46%
 1130098 985809     1033.5894   460     1309.0000      857.8958 1.61e+08   34.46%
 1135135 990268      908.9580   403     1309.0000      858.0030 1.61e+08   34.45%
 1137471 992396      899.0606   355     1309.0000      858.0030 1.62e+08   34.45%
 1140837 995383      993.8333   278     1309.0000      858.1510 1.62e+08   34.44%
 1143583 997872     1111.4667   292     1309.0000      858.1510 1.62e+08   34.44%
 1147118 1001016     1061.9074   242     1309.0000      858.2500 1.63e+08   34.43%
 1150537 1004123      934.1534   525     1309.0000      858.2500 1.63e+08   34.43%
 1153546 1006822     1245.4545   304     1309.0000      858.3738 1.64e+08   34.43%
 1154346 1007562      962.6479   498     1309.0000      858.3738 1.64e+08   34.43%
Elapsed time = 6013.61 sec. (1828235.51 ticks, tree = 124522.35 MB, solutions = 96)
Nodefile size = 124384.36 MB (93827.37 MB after compression)
 1158696 1011416      916.1052   470     1309.0000      858.4391 1.65e+08   34.42%
 1159696 1012339      957.9167   336     1309.0000      858.4391 1.65e+08   34.42%
 1162740 1015008      900.2848   390     1309.0000      858.5750 1.65e+08   34.41%
                                                  Impl Bds: 1                  
 1165533 1017542     1019.0714   325     1309.0000      858.5750 1.66e+08   34.41%
 1169087 1020684      965.8317   375     1309.0000      858.7111 1.66e+08   34.40%
                                                  Impl Bds: 1                  
 1171935 1023286      926.5985   424     1309.0000      858.7111 1.66e+08   34.40%
 1175425 1026370      900.4956   379     1309.0000      858.8390 1.67e+08   34.39%
                                                  Impl Bds: 3                  
 1178714 1029359      984.7857   294     1309.0000      858.8390 1.67e+08   34.39%
 1181888 1032157     1110.3994   394     1309.0000      858.9694 1.68e+08   34.38%
                                                  Impl Bds: 3                  
 1182487 1032718     1025.5833   345     1309.0000      858.9694 1.68e+08   34.38%
Elapsed time = 6160.97 sec. (1870429.63 ticks, tree = 127403.26 MB, solutions = 96)
Nodefile size = 127267.21 MB (95941.56 MB after compression)
 1186796 1036587     1035.9524   474     1309.0000      859.0347 1.69e+08   34.37%
 1188674 1038282     1243.3611   322     1309.0000      859.0347 1.69e+08   34.37%
 1193318 1042424     1249.9769   271     1309.0000      859.1456 1.69e+08   34.37%
                                                  Impl Bds: 2                  
 1194214 1043244     1134.4444   276     1309.0000      859.1456 1.70e+08   34.37%
 1197984 1046574     1196.2424   344     1309.0000      859.2500 1.70e+08   34.36%
                                                  Impl Bds: 1                  
 1200480 1048853     1104.4031   314     1309.0000      859.2500 1.71e+08   34.36%
 1204437 1052353      987.4703   431     1309.0000      859.3478 1.71e+08   34.35%
                                                  Impl Bds: 2                  
 1206901 1054560      894.2056   420     1309.0000      859.3478 1.71e+08   34.35%
 1209821 1057104     1143.5694   317     1309.0000      859.4348 1.72e+08   34.34%
                                                    Covers: 1                  
 1213369 1060317     1150.1429   371     1309.0000      859.4348 1.72e+08   34.34%
Elapsed time = 6308.52 sec. (1912426.83 ticks, tree = 130075.19 MB, solutions = 96)
Nodefile size = 129925.26 MB (97888.21 MB after compression)
 1215949 1062553      948.7077   368     1309.0000      859.5625 1.73e+08   34.33%
 1216481 1063062      922.1417   533     1309.0000      859.5625 1.73e+08   34.33%
 1220074 1066253      973.9899   460     1309.0000      859.6300 1.74e+08   34.33%
 1222058 1068034      928.7579   450     1309.0000      859.6300 1.74e+08   34.33%
 1226232 1071755      939.7500   433     1309.0000      859.7188 1.74e+08   34.32%
 1228088 1073462     1144.8684   315     1309.0000      859.7188 1.75e+08   34.32%
 1231816 1076757      918.3921   490     1309.0000      859.8722 1.75e+08   34.31%
 1234206 1078908      958.0140   418     1309.0000      859.8722 1.76e+08   34.31%
 1237411 1081734     1001.6308   379     1309.0000      859.9740 1.76e+08   34.30%
 1239363 1083525      920.2836   515     1309.0000      859.9740 1.76e+08   34.30%
Elapsed time = 6449.05 sec. (1955485.35 ticks, tree = 132857.71 MB, solutions = 96)
Nodefile size = 132715.67 MB (99938.74 MB after compression)
 1243498 1087160      882.0313   431     1309.0000      860.1088 1.77e+08   34.29%
 1247251 1090579     1163.6471   254     1309.0000      860.1088 1.77e+08   34.29%
 1249886 1092874      988.0000   231     1309.0000      860.2068 1.78e+08   34.29%
 1252553 1095293     1105.3386   338     1309.0000      860.2068 1.78e+08   34.29%
 1255758 1098148     1233.2436   244     1309.0000      860.3103 1.78e+08   34.28%
 1258228 1100388     1098.4536   337     1309.0000      860.3103 1.79e+08   34.28%
 1261970 1103643     1029.5185   364     1309.0000      860.3970 1.79e+08   34.27%
 1263174 1104728      958.3500   363     1309.0000      860.3970 1.80e+08   34.27%
 1265482 1106746      940.8889   431     1309.0000      860.4653 1.80e+08   34.27%
 1266207 1107432     1157.4167   286     1309.0000      860.4653 1.80e+08   34.27%
Elapsed time = 6591.21 sec. (1998598.65 ticks, tree = 135734.70 MB, solutions = 96)
Nodefile size = 135595.96 MB (102055.45 MB after compression)
 1271800 1112367     1045.5595   355     1309.0000      860.5644 1.81e+08   34.26%
 1274925 1115189     1089.6667   405     1309.0000      860.5644 1.81e+08   34.26%
 1278168 1118078     1261.5667   187     1309.0000      860.6614 1.82e+08   34.25%
 1281236 1120831     1113.1000   353     1309.0000      860.6614 1.82e+08   34.25%
 1284490 1123694      889.8452   381     1309.0000      860.7731 1.83e+08   34.24%
 1287425 1126362      889.0848   451     1309.0000      860.7731 1.83e+08   34.24%
 1290776 1129299      899.5977   417     1309.0000      860.8536 1.83e+08   34.24%
 1292034 1130457      968.9762   579     1309.0000      860.8536 1.84e+08   34.24%
 1294562 1132706      966.8232   466     1309.0000      860.9564 1.84e+08   34.23%
 1296989 1134889     1150.5921   374     1309.0000      860.9564 1.84e+08   34.23%
Elapsed time = 6738.37 sec. (2041424.40 ticks, tree = 138725.33 MB, solutions = 96)
Nodefile size = 138582.71 MB (104246.00 MB after compression)
 1300234 1137753      910.5403   383     1309.0000      861.0385 1.85e+08   34.22%
 1303242 1140476     1153.0067   319     1309.0000      861.0385 1.85e+08   34.22%
 1306305 1143191     1007.9451   327     1309.0000      861.1163 1.86e+08   34.22%
 1308645 1145339      904.1237   415     1309.0000      861.1163 1.86e+08   34.22%
 1312666 1148916     1143.4601   286     1309.0000      861.2160 1.87e+08   34.21%
 1315899 1151840     1019.5865   395     1309.0000      861.2160 1.87e+08   34.21%
 1319132 1154723     1045.0556   336     1309.0000      861.3505 1.87e+08   34.20%
 1320180 1155688     1158.5714   309     1309.0000      861.3505 1.88e+08   34.20%
 1323654 1158772      968.3918   489     1309.0000      861.4231 1.88e+08   34.19%
 1325522 1160452      912.2769   470     1309.0000      861.4231 1.89e+08   34.19%
Elapsed time = 6883.55 sec. (2083687.77 ticks, tree = 141655.54 MB, solutions = 96)
Nodefile size = 141513.76 MB (106395.64 MB after compression)
 1328699 1163276     1163.6907   302     1309.0000      861.5085 1.89e+08   34.19%
 1331956 1166219      904.3571   349     1309.0000      861.5085 1.89e+08   34.19%
 1335344 1169155      964.0813   408     1309.0000      861.6446 1.90e+08   34.18%
 1338736 1172246      889.7313   430     1309.0000      861.6446 1.90e+08   34.18%
 1341944 1175076     1213.9167   258     1309.0000      861.7537 1.91e+08   34.17%
 1345503 1178310     1203.6110   401     1309.0000      861.7537 1.91e+08   34.17%
 1348604 1181025      999.6296   343     1309.0000      861.8750 1.91e+08   34.16%
 1350844 1183026      990.4444   380     1309.0000      861.8750 1.92e+08   34.16%
 1354285 1186050     1306.9804   150     1309.0000      861.9839 1.92e+08   34.15%
 1357485 1188965     1164.8557   293     1309.0000      861.9839 1.93e+08   34.15%
Elapsed time = 7041.58 sec. (2127315.61 ticks, tree = 145293.21 MB, solutions = 96)
Nodefile size = 145146.44 MB (109057.75 MB after compression)
 1360663 1191747     1252.9405   251     1309.0000      862.0962 1.93e+08   34.14%
 1362384 1193313     1246.0333   275     1309.0000      862.0962 1.93e+08   34.14%
 1365831 1196395      988.4444   271     1309.0000      862.1594 1.94e+08   34.14%
 1367236 1197680     1007.4375   280     1309.0000      862.1594 1.94e+08   34.14%
 1370831 1200867      872.3804   346     1309.0000      862.2433 1.95e+08   34.13%
 1373567 1203341      962.3571   302     1309.0000      862.2433 1.95e+08   34.13%
 1377371 1206704      964.0603   387     1309.0000      862.3386 1.95e+08   34.12%
 1380379 1209462     1174.2624   406     1309.0000      862.3386 1.96e+08   34.12%
 1383549 1212241      934.5382   420     1309.0000      862.4529 1.96e+08   34.11%
 1385981 1214482     1034.8254   374     1309.0000      862.4529 1.97e+08   34.11%
Elapsed time = 7186.58 sec. (2170478.72 ticks, tree = 148348.13 MB, solutions = 96)
Nodefile size = 148204.58 MB (111299.93 MB after compression)
 1390063 1218088      938.5938   350     1309.0000      862.5546 1.97e+08   34.11%
 1391854 1219722     1008.7813   381     1309.0000      862.5546 1.97e+08   34.11%
 1394719 1222277      937.2222   459     1309.0000      862.6176 1.98e+08   34.10%
 1396607 1223996      896.9286   347     1309.0000      862.6176 1.98e+08   34.10%
 1401132 1227999      884.4336   336     1309.0000      862.7094 1.99e+08   34.09%
 1403948 1230524     1001.0507   364     1309.0000      862.7094 1.99e+08   34.09%
 1407087 1233332     1121.4204   297     1309.0000      862.8153 2.00e+08   34.09%
 1409336 1235373      919.8750   416     1309.0000      862.8153 2.00e+08   34.09%
 1411911 1237634      952.7120   409     1309.0000      862.8865 2.00e+08   34.08%
 1414751 1240203      944.0069   424     1309.0000      862.8865 2.01e+08   34.08%
Elapsed time = 7334.26 sec. (2212835.27 ticks, tree = 151168.27 MB, solutions = 96)
Nodefile size = 151024.35 MB (113365.56 MB after compression)
 1418335 1243393     1203.8983   351     1309.0000      863.0000 2.01e+08   34.07%
 1422000 1246727     1212.4106   323     1309.0000      863.0000 2.02e+08   34.07%
 1425081 1249437     1043.6190   314     1309.0000      863.1083 2.02e+08   34.06%
                                                  Impl Bds: 1                  
 1428215 1252272     1008.5714   330     1309.0000      863.1083 2.02e+08   34.06%
 1431689 1255368        cutoff           1309.0000      863.2074 2.03e+08   34.06%
                                                      Cuts: 2                  
 1433580 1257094     1041.5000   294     1309.0000      863.2074 2.03e+08   34.06%
 1436470 1259660      998.2273   332     1309.0000      863.2859 2.04e+08   34.05%
 1437091 1260257     1105.0060   210     1309.0000      863.2859 2.04e+08   34.05%
 1442686 1265266     1093.1181   397     1309.0000      863.3706 2.05e+08   34.04%
 1446417 1268636      972.9229   384     1309.0000      863.3706 2.05e+08   34.04%
Elapsed time = 7482.14 sec. (2256051.97 ticks, tree = 154392.20 MB, solutions = 96)
Nodefile size = 154243.95 MB (115728.59 MB after compression)
 1449035 1270937     1008.1127   439     1309.0000      863.5000 2.05e+08   34.03%
 1450731 1272481     1127.7143   311     1309.0000      863.5000 2.06e+08   34.03%
 1453562 1274957      928.5822   368     1309.0000      863.5710 2.06e+08   34.03%
 1456657 1277760     1073.8596   371     1309.0000      863.5710 2.06e+08   34.03%
 1459892 1280641     1264.0073   288     1309.0000      863.6290 2.07e+08   34.02%
 1462484 1283002     1165.7308   246     1309.0000      863.6290 2.07e+08   34.02%
 1466050 1286147     1013.3333   190     1309.0000      863.7534 2.08e+08   34.01%
 1466912 1286960     1151.4583   318     1309.0000      863.7534 2.08e+08   34.01%
 1471138 1290754      984.9388   393     1309.0000      863.8129 2.09e+08   34.01%
 1473933 1293297     1020.7240   371     1309.0000      863.8129 2.09e+08   34.01%
Elapsed time = 7621.72 sec. (2298913.36 ticks, tree = 157158.09 MB, solutions = 96)
Nodefile size = 157013.55 MB (117767.31 MB after compression)
 1477569 1296506      992.8842   404     1309.0000      863.9326 2.09e+08   34.00%
                                                    Covers: 1                  
 1480673 1299337      875.8147   400     1309.0000      863.9326 2.10e+08   34.00%
 1484474 1302727      930.0323   397     1309.0000      864.0203 2.10e+08   33.99%
                                                  Impl Bds: 2                  
 1487258 1305279     1015.4500   277     1309.0000      864.0203 2.11e+08   33.99%
 1490562 1308197      994.4961   292     1309.0000      864.1250 2.11e+08   33.99%
                                                      Cuts: 4                  
 1492892 1310300      924.5885   430     1309.0000      864.1250 2.11e+08   33.99%
 1495433 1312540     1284.8056   233     1309.0000      864.1931 2.12e+08   33.98%
 1496493 1313525     1148.5555   355     1309.0000      864.1931 2.12e+08   33.98%
 1501905 1318364     1021.6609   368     1309.0000      864.2488 2.13e+08   33.98%
 1504385 1320577     1153.1964   244     1309.0000      864.2488 2.13e+08   33.98%
Elapsed time = 7782.06 sec. (2342773.47 ticks, tree = 160857.74 MB, solutions = 96)
Nodefile size = 160716.07 MB (120487.92 MB after compression)
 1506973 1322847     1228.4643   224     1309.0000      864.3721 2.13e+08   33.97%
 1509664 1325317     1137.9697   278     1309.0000      864.3721 2.14e+08   33.97%
 1513683 1328896     1131.6923   327     1309.0000      864.5000 2.14e+08   33.96%
 1514013 1329212      986.1619   463     1309.0000      864.5000 2.14e+08   33.96%
 1517843 1332649      933.0147   453     1309.0000      864.5066 2.15e+08   33.96%
 1520083 1334674     1089.5917   358     1309.0000      864.5066 2.15e+08   33.96%
 1524669 1338789     1206.6000   258     1309.0000      864.6191 2.16e+08   33.95%
 1527069 1340972     1008.9535   366     1309.0000      864.6191 2.16e+08   33.95%
 1529560 1343147      931.8380   471     1309.0000      864.7314 2.17e+08   33.94%
 1533432 1346699     1029.0775   422     1309.0000      864.7314 2.17e+08   33.94%
Elapsed time = 7920.20 sec. (2385311.01 ticks, tree = 163407.95 MB, solutions = 96)
Nodefile size = 163258.36 MB (122342.52 MB after compression)
 1536536 1349453      963.1793   466     1309.0000      864.8333 2.17e+08   33.93%
 1538279 1351038     1239.4167   268     1309.0000      864.8333 2.18e+08   33.93%
 1543119 1355338     1021.0797   391     1309.0000      864.9193 2.18e+08   33.93%
 1546405 1358297      988.1315   388     1309.0000      864.9193 2.19e+08   33.93%
 1549545 1361071      915.6949   460     1309.0000      865.0404 2.19e+08   33.92%
 1551497 1362834     1098.9400   374     1309.0000      865.0404 2.19e+08   33.92%
 1554674 1365651      947.5208   421     1309.0000      865.1045 2.20e+08   33.91%
                                                  ZeroHalf: 1                  
 1556050 1366914      971.8750   478     1309.0000      865.1045 2.20e+08   33.91%
*1558380 1369001      integral     0     1303.0000      865.1045 2.20e+08   33.61%
Found incumbent of value 1303.000000 after 8048.67 sec. (2421574.89 ticks)
 1559426 1362590     1045.1250   354     1303.0000      865.1667 2.21e+08   33.60%
Elapsed time = 8055.22 sec. (2425397.68 ticks, tree = 165596.60 MB, solutions = 97)
Nodefile size = 165460.93 MB (123916.13 MB after compression)
 1560998 1363985     1064.9112   341     1303.0000      865.1667 2.21e+08   33.60%
 1565371 1367926      889.0829   408     1303.0000      865.2577 2.21e+08   33.59%
 1568109 1370422      950.3009   478     1303.0000      865.2577 2.22e+08   33.59%
 1571729 1373630      874.2045   381     1303.0000      865.3737 2.22e+08   33.59%
 1575256 1376801     1187.3222   273     1303.0000      865.3737 2.23e+08   33.59%
 1577957 1379182     1044.9947   383     1303.0000      865.4576 2.23e+08   33.58%
                                                    Covers: 1                  
 1580811 1381760     1042.1693   375     1303.0000      865.4576 2.23e+08   33.58%
 1584794 1385317     1206.4111   265     1303.0000      865.5428 2.24e+08   33.57%
 1585458 1385922     1248.5000   183     1303.0000      865.5428 2.24e+08   33.57%
 1589376 1389407     1042.5616   390     1303.0000      865.5843 2.25e+08   33.57%
Elapsed time = 8197.38 sec. (2467987.66 ticks, tree = 168713.98 MB, solutions = 97)
Nodefile size = 168578.98 MB (126187.58 MB after compression)
 1590956 1390837      952.6786   346     1303.0000      865.5843 2.25e+08   33.57%
 1594171 1393705     1037.7222   243     1303.0000      865.7011 2.25e+08   33.56%
 1597602 1396815     1203.0476   371     1303.0000      865.7011 2.26e+08   33.56%
 1600667 1399496      949.5388   375     1303.0000      865.7813 2.26e+08   33.55%
 1604219 1402736     1009.2381   303     1303.0000      865.7813 2.27e+08   33.55%
 1607303 1405464     1193.2822   378     1303.0000      865.8639 2.27e+08   33.55%
 1609927 1407823     1141.1667   246     1303.0000      865.8639 2.28e+08   33.55%
 1612861 1410399     1216.0000   216     1303.0000      865.9583 2.28e+08   33.54%
 1613770 1411258     1144.9333   307     1303.0000      865.9583 2.28e+08   33.54%
 1619282 1416178     1115.4000   284     1303.0000      865.9874 2.29e+08   33.54%
Elapsed time = 8350.37 sec. (2511214.99 ticks, tree = 172312.78 MB, solutions = 97)
Nodefile size = 172178.88 MB (128816.84 MB after compression)
 1622761 1419359     1121.9919   361     1303.0000      865.9874 2.29e+08   33.54%
 1625863 1422102      933.8735   457     1303.0000      866.0926 2.30e+08   33.53%
 1626518 1422727      970.6875   436     1303.0000      866.0926 2.30e+08   33.53%
 1631061 1426822     1131.8333   336     1303.0000      866.1402 2.31e+08   33.53%
 1633214 1428739      933.5256   340     1303.0000      866.1402 2.31e+08   33.53%
 1636448 1431653      985.3707   476     1303.0000      866.2278 2.31e+08   33.52%
 1639808 1434682      885.9737   432     1303.0000      866.2278 2.32e+08   33.52%
 1641879 1436501      993.2500   308     1303.0000      866.3095 2.32e+08   33.51%
 1644392 1438782     1074.4798   296     1303.0000      866.3095 2.32e+08   33.51%
 1648400 1442350      963.6534   350     1303.0000      866.3851 2.33e+08   33.51%
Elapsed time = 8493.28 sec. (2553635.23 ticks, tree = 175259.97 MB, solutions = 97)
Nodefile size = 175126.76 MB (130966.55 MB after compression)
 1649991 1443814      920.2124   450     1303.0000      866.3851 2.33e+08   33.51%
 1654880 1448216     1015.5690   369     1303.0000      866.4753 2.34e+08   33.50%
 1657792 1450855      978.4464   348     1303.0000      866.4753 2.34e+08   33.50%
 1661188 1453858     1229.3090   289     1303.0000      866.5827 2.35e+08   33.49%
 1664676 1456995     1003.2300   262     1303.0000      866.5827 2.35e+08   33.49%
 1667606 1459559      966.7816   425     1303.0000      866.6639 2.35e+08   33.49%
 1667989 1459925     1016.3500   454     1303.0000      866.6639 2.35e+08   33.49%
 1670960 1462543      974.6268   350     1303.0000      866.7017 2.36e+08   33.48%
*1673819+1465115                         1298.0000      866.7017 2.36e+08   33.23%
Found incumbent of value 1298.000000 after 8626.63 sec. (2590629.65 ticks)
 1674138 1465390     1007.6338   412     1298.0000      866.7017 2.36e+08   33.23%
 1677118 1460979      978.2130   408     1298.0000      866.8009 2.37e+08   33.22%
Elapsed time = 8642.55 sec. (2596725.33 ticks, tree = 177450.20 MB, solutions = 97)
Nodefile size = 177317.46 MB (132526.61 MB after compression)
 1680094 1463666     1052.1044   311     1298.0000      866.8009 2.37e+08   33.22%
 1683555 1466736     1192.7618   311     1298.0000      866.8873 2.38e+08   33.21%
 1686625 1469523     1241.5109   392     1298.0000      866.8873 2.38e+08   33.21%
 1689834 1472362      910.5000   230     1298.0000      866.9749 2.39e+08   33.21%
 1692677 1474932     1081.4312   410     1298.0000      866.9749 2.39e+08   33.21%
 1694553 1476540     1087.0000   316     1298.0000      867.0509 2.39e+08   33.20%
 1696046 1477892     1215.5000   381     1298.0000      867.0509 2.40e+08   33.20%
 1699118 1480599      911.3078   546     1298.0000      867.0938 2.40e+08   33.20%
 1701417 1482673     1078.5152   410     1298.0000      867.0938 2.40e+08   33.20%
 1705286 1486089     1178.9272   294     1298.0000      867.1918 2.41e+08   33.19%
Elapsed time = 8784.60 sec. (2638976.51 ticks, tree = 180262.14 MB, solutions = 98)
Nodefile size = 180129.07 MB (134571.22 MB after compression)
 1707589 1488188     1040.6000   271     1298.0000      867.1918 2.41e+08   33.19%
 1711658 1491817     1209.8333   220     1298.0000      867.2931 2.42e+08   33.18%
 1714870 1494748     1064.1167   286     1298.0000      867.2931 2.42e+08   33.18%
 1718088 1497575      895.3333   375     1298.0000      867.3649 2.43e+08   33.18%
 1720287 1499564     1143.2500   286     1298.0000      867.3649 2.43e+08   33.18%
 1723632 1502535      921.3302   441     1298.0000      867.4408 2.43e+08   33.17%
 1726401 1505059      902.9604   477     1298.0000      867.4408 2.44e+08   33.17%
 1730181 1508379     1169.1667   293     1298.0000      867.5034 2.44e+08   33.17%
                                                    Covers: 1                  
 1730818 1508968     1134.1770   481     1298.0000      867.5034 2.44e+08   33.17%
 1734074 1511883      894.2770   538     1298.0000      867.5034 2.45e+08   33.17%
Elapsed time = 8932.71 sec. (2682415.82 ticks, tree = 183226.04 MB, solutions = 98)
Nodefile size = 183092.45 MB (136732.90 MB after compression)
 1735522 1513183     1052.5833   379     1298.0000      867.5542 2.45e+08   33.16%
 1739729 1516913     1292.6786   239     1298.0000      867.6250 2.46e+08   33.16%
 1742353 1519295      905.5184   369     1298.0000      867.6250 2.46e+08   33.16%
 1746411 1522933      978.6268   306     1298.0000      867.7460 2.47e+08   33.15%
 1749803 1525992     1212.9583   228     1298.0000      867.7460 2.47e+08   33.15%
 1752792 1528634      952.2849   401     1298.0000      867.8333 2.47e+08   33.14%
 1756664 1532159     1144.6915   344     1298.0000      867.8333 2.48e+08   33.14%
 1759492 1534666      893.2926   496     1298.0000      867.9173 2.48e+08   33.13%
 1762500 1537388     1019.8439   372     1298.0000      867.9173 2.49e+08   33.13%
 1766043 1540483      981.1336   322     1298.0000      867.9984 2.49e+08   33.13%
Elapsed time = 9090.08 sec. (2727013.71 ticks, tree = 186922.08 MB, solutions = 98)
Nodefile size = 186789.62 MB (139421.68 MB after compression)
 1768695 1542878     1172.2857   313     1298.0000      867.9984 2.50e+08   33.13%
 1772088 1545906     1012.4667   301     1298.0000      868.0668 2.50e+08   33.12%
 1775142 1548663      875.2385   464     1298.0000      868.0668 2.50e+08   33.12%
 1778258 1551409     1165.7633   364     1298.0000      868.1394 2.51e+08   33.12%
 1778996 1552084     1053.6050   551     1298.0000      868.1394 2.51e+08   33.12%
 1781649 1554408      977.0640   452     1298.0000      868.1726 2.52e+08   33.11%
 1783581 1556168      919.4606   413     1298.0000      868.1726 2.52e+08   33.11%
 1788080 1560124     1096.9767   351     1298.0000      868.2500 2.52e+08   33.11%
 1791086 1562844     1041.5051   293     1298.0000      868.2500 2.53e+08   33.11%
 1794405 1565788     1075.0179   342     1298.0000      868.3393 2.53e+08   33.10%
Elapsed time = 9235.30 sec. (2769237.44 ticks, tree = 189581.06 MB, solutions = 98)
Nodefile size = 189448.93 MB (141352.32 MB after compression)
 1797545 1568588      991.1818   346     1298.0000      868.3393 2.54e+08   33.10%
 1800606 1571311     1098.2118   284     1298.0000      868.4129 2.54e+08   33.10%
 1803583 1574033     1139.9167   273     1298.0000      868.4129 2.54e+08   33.10%
 1805840 1576002      882.8286   375     1298.0000      868.5000 2.55e+08   33.09%
 1808837 1578708     1164.2262   298     1298.0000      868.5000 2.55e+08   33.09%
 1812127 1581589      940.8243   417     1298.0000      868.5509 2.56e+08   33.09%
                                                    Covers: 1                  
 1813525 1582860     1078.8704   424     1298.0000      868.5509 2.56e+08   33.09%
 1816936 1585902      984.0833   385     1298.0000      868.6242 2.56e+08   33.08%
                                                    Covers: 2                  
 1819183 1587954     1019.5614   412     1298.0000      868.6242 2.57e+08   33.08%
 1823144 1591463      902.1316   348     1298.0000      868.7237 2.57e+08   33.07%
                                                      Cuts: 4                  
Elapsed time = 9378.90 sec. (2811984.94 ticks, tree = 192415.76 MB, solutions = 98)
Nodefile size = 192282.71 MB (143411.52 MB after compression)
 1826109 1594160      937.7750   382     1298.0000      868.7237 2.58e+08   33.07%
 1829734 1597346     1087.6667   318     1298.0000      868.8305 2.58e+08   33.06%
 1832527 1599884      977.6771   418     1298.0000      868.8305 2.59e+08   33.06%
 1835400 1602390     1202.7627   346     1298.0000      868.8843 2.59e+08   33.06%
 1839022 1605692      966.0952   422     1298.0000      868.8843 2.59e+08   33.06%
 1841796 1608157     1005.9286   393     1298.0000      868.9596 2.60e+08   33.05%
 1844324 1610428     1149.3305   397     1298.0000      868.9596 2.60e+08   33.05%
 1847624 1613349      998.3408   350     1298.0000      869.0286 2.61e+08   33.05%
 1847995 1613690      980.1679   506     1298.0000      869.0286 2.61e+08   33.05%
 1852038 1617288      984.9416   381     1298.0000      869.0434 2.61e+08   33.05%
Elapsed time = 9532.23 sec. (2856585.91 ticks, tree = 195249.44 MB, solutions = 98)
Nodefile size = 195115.43 MB (145473.98 MB after compression)
 1854971 1619928     1113.1993   362     1298.0000      869.0434 2.62e+08   33.05%
 1858205 1622803     1133.6667   195     1298.0000      869.1667 2.62e+08   33.04%
 1861031 1625355     1217.0833   245     1298.0000      869.1667 2.63e+08   33.04%
 1863036 1627101      946.8463   464     1298.0000      869.2295 2.63e+08   33.03%
 1865340 1629159      934.8889   309     1298.0000      869.2295 2.63e+08   33.03%
 1869544 1632955     1090.8333   260     1298.0000      869.2740 2.64e+08   33.03%
 1873257 1636299     1010.6548   343     1298.0000      869.2740 2.64e+08   33.03%
 1876066 1638791     1152.3810   375     1298.0000      869.3628 2.65e+08   33.02%
                                                  Impl Bds: 1                  
 1879170 1641618     1072.7848   339     1298.0000      869.3628 2.65e+08   33.02%
 1882609 1644653      989.7817   356     1298.0000      869.4375 2.65e+08   33.02%
                                                      Cuts: 2                  
Elapsed time = 9682.34 sec. (2900097.95 ticks, tree = 198931.82 MB, solutions = 98)
Nodefile size = 198798.34 MB (148159.16 MB after compression)
 1885762 1647514     1128.3000   230     1298.0000      869.4375 2.66e+08   33.02%
 1889215 1650588      923.3750   288     1298.0000      869.5080 2.66e+08   33.01%
                                                    Covers: 1                  
 1889720 1651070     1024.7089   531     1298.0000      869.5080 2.66e+08   33.01%
 1893148 1654068     1049.5624   475     1298.0000      869.5414 2.67e+08   33.01%
 1895462 1656172      906.9669   404     1298.0000      869.5414 2.67e+08   33.01%
 1898417 1658808     1171.2381   213     1298.0000      869.6183 2.68e+08   33.00%
 1899461 1659754     1003.9328   331     1298.0000      869.6183 2.68e+08   33.00%
 1903077 1662977     1155.0399   311     1298.0000      869.6630 2.68e+08   33.00%
 1903344 1663223     1204.5462   257     1298.0000      869.6630 2.68e+08   33.00%
 1904113 1663914      900.3667   364     1298.0000      869.6630 2.68e+08   33.00%
Elapsed time = 9861.16 sec. (2976007.89 ticks, tree = 200844.78 MB, solutions = 98)
Nodefile size = 200703.60 MB (149541.27 MB after compression)
 1907355 1666803     1159.1600   345     1298.0000      869.6746 2.69e+08   33.00%
 1907957 1667348     1152.4878   348     1298.0000      869.6746 2.69e+08   33.00%
 1908675 1667994     1072.5781   303     1298.0000      869.6746 2.69e+08   33.00%
 1909202 1668480      936.3501   404     1298.0000      869.6746 2.69e+08   33.00%
 1912338 1671291      962.8841   394     1298.0000      869.7179 2.70e+08   33.00%
 1912567 1671495     1033.5913   291     1298.0000      869.7179 2.70e+08   33.00%
 1913091 1671950      971.1071   334     1298.0000      869.7179 2.70e+08   33.00%
 1914239 1672982      932.4165   361     1298.0000      869.7179 2.70e+08   33.00%
 1915461 1674079     1046.2992   367     1298.0000      869.8108 2.70e+08   32.99%
 1916072 1674638     1152.1852   266     1298.0000      869.8108 2.70e+08   32.99%
Elapsed time = 10035.15 sec. (3070185.55 ticks, tree = 202369.48 MB, solutions = 98)
Nodefile size = 202233.65 MB (150657.38 MB after compression)
 1919613 1677765      963.1683   434     1298.0000      869.8200 2.71e+08   32.99%
                                                  Impl Bds: 1                  
 1920856 1678886      949.6389   223     1298.0000      869.8200 2.71e+08   32.99%
 1921716 1679677     1046.3438   330     1298.0000      869.8200 2.71e+08   32.99%
*1922472+1680321                         1277.0000      869.8200 2.71e+08   31.89%
Found incumbent of value 1277.000000 after 10092.57 sec. (3076233.30 ticks)
 1923075 1639780      933.1711   334     1277.0000      869.8798 2.71e+08   31.88%
 1923831 1640450     1121.2500   244     1277.0000      869.8798 2.71e+08   31.88%
 1926636 1642954     1136.0069   300     1277.0000      869.9444 2.72e+08   31.88%
                                                    Covers: 1                  
*1926728+1643038                         1268.0000      869.9444 2.72e+08   31.39%
Found incumbent of value 1268.000000 after 10198.39 sec. (3152067.79 ticks)
 1928098 1644267      997.0926   359     1268.0000      869.9444 2.72e+08   31.39%
 1929456 1620163      971.3595   332     1268.0000      869.9444 2.72e+08   31.39%
 1931729 1622193     1000.5400   330     1268.0000      869.9444 2.72e+08   31.39%
 1933226 1623463     1145.0308   270     1268.0000      870.0000 2.73e+08   31.39%
Elapsed time = 10275.13 sec. (3206468.11 ticks, tree = 195725.14 MB, solutions = 100)
Nodefile size = 195591.01 MB (145541.56 MB after compression)
 1933601 1623808      931.1413   346     1268.0000      870.0000 2.73e+08   31.39%
 1936749 1626546     1219.9131   221     1268.0000      870.0440 2.73e+08   31.38%
 1937017 1626802     1036.5539   309     1268.0000      870.0440 2.73e+08   31.38%
 1937876 1627559     1121.1583   322     1268.0000      870.0440 2.73e+08   31.38%
 1938440 1628065     1132.6667   236     1268.0000      870.0440 2.73e+08   31.38%
 1939564 1629027      973.4063   320     1268.0000      870.0850 2.73e+08   31.38%
 1943921 1632848     1084.3333   249     1268.0000      870.1262 2.74e+08   31.38%
 1944186 1633089     1009.2560   317     1268.0000      870.1262 2.74e+08   31.38%
 1947145 1635708     1128.0938   312     1268.0000      870.1389 2.75e+08   31.38%
 1947945 1636417      922.9637   400     1268.0000      870.1389 2.75e+08   31.38%
Elapsed time = 10538.60 sec. (3347651.56 ticks, tree = 197402.19 MB, solutions = 100)
Nodefile size = 197256.11 MB (146755.62 MB after compression)
 1949765 1638064     1138.4083   240     1268.0000      870.1389 2.75e+08   31.38%
 1949775 1638074     1115.1111   352     1268.0000      870.1389 2.75e+08   31.38%
 1951226 1639327      961.9762   411     1268.0000      870.2185 2.75e+08   31.37%
 1953895 1641719     1051.1333   292     1268.0000      870.2185 2.76e+08   31.37%
 1955892 1643471     1054.1635   265     1268.0000      870.2927 2.76e+08   31.36%
                                                  Impl Bds: 1                  
 1960152 1647210     1018.1521   412     1268.0000      870.2927 2.77e+08   31.36%
 1962275 1649077     1050.6212   386     1268.0000      870.3821 2.77e+08   31.36%
 1964593 1651122      907.9397   328     1268.0000      870.3821 2.77e+08   31.36%
 1966511 1652807     1093.0000   307     1268.0000      870.4488 2.78e+08   31.35%
                                                  Impl Bds: 2                  
 1966696 1652968     1265.1111   209     1268.0000      870.4488 2.78e+08   31.35%
Elapsed time = 10651.58 sec. (3397076.41 ticks, tree = 199099.98 MB, solutions = 100)
Nodefile size = 198964.48 MB (147996.05 MB after compression)
 1971168 1656953     1091.3349   195     1268.0000      870.4848 2.78e+08   31.35%
                                                      Cuts: 3                  
 1971387 1657147     1234.4444   184     1268.0000      870.4848 2.78e+08   31.35%
 1973688 1659215     1184.1642   295     1268.0000      870.4848 2.78e+08   31.35%
 1976207 1661413     1226.6667   249     1268.0000      870.5130 2.79e+08   31.35%
 1979441 1664260      896.7353   561     1268.0000      870.5625 2.79e+08   31.34%
                                                  Impl Bds: 1                  
 1980236 1664983     1210.7137   352     1268.0000      870.5625 2.79e+08   31.34%
 1981162 1665795     1211.0143   198     1268.0000      870.5625 2.80e+08   31.34%
 1981796 1666368      918.7764   332     1268.0000      870.5625 2.80e+08   31.34%

Cover cuts applied:  50
Implied bound cuts applied:  88
Zero-half cuts applied:  351
Gomory fractional cuts applied:  11

Root node processing (before b&c):
  Real time             =   15.14 sec. (9837.52 ticks)
Parallel b&c, 32 threads:
  Real time             = 10790.57 sec. (3457807.38 ticks)
  Sync time (average)   =    1.36 sec.
  Wait time (average)   =    0.00 sec.
                          ------------
Total (root+branch&cut) = 10805.71 sec. (3467644.91 ticks)


Solution status: Feasible
Execution time: 10806.2 sec
Gap: 0.31337
