Wed Jul 18 17:25:24 2018

Tried aggregator 2 times.
MIP Presolve eliminated 10500 rows and 121 columns.
Aggregator did 380 substitutions.
Reduced MIP has 10604 rows, 3146 columns, and 40092 nonzeros.
Reduced MIP has 3146 binaries, 0 generals, 0 SOSs, and 0 indicators.
Presolve time = 0.08 sec. (55.67 ticks)
Probing time = 0.01 sec. (2.10 ticks)
Tried aggregator 1 time.
Presolve time = 0.02 sec. (17.58 ticks)
Probing time = 0.01 sec. (2.10 ticks)
Clique table members: 14852.
MIP emphasis: balance optimality and feasibility.
MIP search method: dynamic search.
Parallel mode: deterministic, using up to 32 threads.
Root relaxation solution time = 0.87 sec. (66.88 ticks)

        Nodes                                         Cuts/
   Node  Left     Objective  IInf  Best Integer    Best Bound    ItCnt     Gap

      0     0      571.0000   304                    571.0000      721         
      0     0      592.6667   365                    Cuts: 47     1145         
      0     0      677.7475   428                    Cuts: 71     2102         
      0     0      691.2175   401                    Cuts: 35     2876         
      0     0      697.9731   473                    Cuts: 67     3389         
      0     0      702.3398   468                    Cuts: 39     3633         
      0     0      704.2725   484                    Cuts: 27     3828         
      0     0      706.8987   487                    Cuts: 25     4182         
      0     0      707.7428   499                    Cuts: 25     4397         
      0     0      708.2006   505                    Cuts: 30     4552         
      0     0      708.4802   516                    Cuts: 28     4667         
      0     0      708.8998   493                     Cuts: 8     4758         
      0     0      708.9792   489                    Cuts: 25     4915         
      0     0      709.0279   480                    Cuts: 31     4972         
*     0+    0                         2378.0000      709.0279     4972   70.18%
Found incumbent of value 2378.000000 after 7.50 sec. (4199.99 ticks)
      0     2      709.0279   425     2378.0000      709.0279     4972   70.18%
Elapsed time = 7.65 sec. (4254.36 ticks, tree = 0.01 MB, solutions = 1)
      2     4      712.2353   394     2378.0000      709.0279    10614   70.18%
      3     5      713.6581   519     2378.0000      712.2451    11511   70.05%
      5     7      716.4073   545     2378.0000      712.2451    17461   70.05%
     10    12      721.8744   463     2378.0000      713.7366    30131   69.99%
                                                     Cuts: 10                  
     14    16      725.9014   371     2378.0000      713.7366    41468   69.99%
     18    20      726.9389   375     2378.0000      713.7366    49221   69.99%
     20    22      745.0076   392     2378.0000      713.7366    55420   69.99%
     22    24      722.7054   378     2378.0000      716.4310    57588   69.87%
                                                 Impl Bds: 12                  
     24    26      743.5139   375     2378.0000      716.4310    61666   69.87%
     42    44      754.5909   418     2378.0000      716.4310    79213   69.87%
                                                 Impl Bds: 14                  
Elapsed time = 21.84 sec. (13888.88 ticks, tree = 0.01 MB, solutions = 1)
     79    81      755.0911   521     2378.0000      716.4310   106614   69.87%
                                                 Impl Bds: 18                  
    110   112      744.5000   282     2378.0000      716.4310   138175   69.87%
    128   130      777.0155   482     2378.0000      716.4310   157232   69.87%
*  1354  1340      integral     0     1356.0000      716.4310   501775   47.17%
Found incumbent of value 1356.000000 after 33.31 sec. (17283.56 ticks)
   1674  1592     1079.5000   229     1356.0000      716.4310   555879   47.17%
                                                     Cuts: 33                  
   1715  1633      876.6125   399     1356.0000      716.4310   571406   47.17%
   1875  1785      902.5310   270     1356.0000      716.4310   625067   47.17%
*  2076  1964      integral     0     1230.0000      716.4310   686602   41.75%
Found incumbent of value 1230.000000 after 41.80 sec. (20170.87 ticks)
*  3523  3282      integral     0     1077.0000      716.4310  1006764   33.48%
Found incumbent of value 1077.000000 after 41.80 sec. (20521.67 ticks)
   3653  2223      914.5000   231     1077.0000      722.0059  1036032   32.96%
                                                 Impl Bds: 56                  
Elapsed time = 44.08 sec. (21595.67 ticks, tree = 0.33 MB, solutions = 6)
   3713  2281      769.5312   416     1077.0000      722.0059  1068111   32.96%
   3813  2381      972.0667   275     1077.0000      722.0059  1122947   32.96%
   3939  2505      807.0000   301     1077.0000      722.0059  1209189   32.96%
   5567  3950      812.6667   383     1077.0000      722.5667  1721299   32.91%
                                                     Cuts: 44                  
   5576  3959      810.0000   384     1077.0000      722.5667  1730511   32.91%
   5640  4023      815.7500   327     1077.0000      722.5667  1776810   32.91%
   5704  4083      826.8333   282     1077.0000      722.5667  1824785   32.91%
   5768  4143      837.7500   328     1077.0000      722.5667  1864107   32.91%
   5800  4173      855.0000   327     1077.0000      722.5667  1882796   32.91%
   5895  4256      849.6667   349     1077.0000      722.5667  1932586   32.91%
Elapsed time = 79.13 sec. (33376.06 ticks, tree = 0.51 MB, solutions = 10)
*  8548+ 4430                         1076.0000      728.7736  2794647   32.27%
Found incumbent of value 1076.000000 after 83.76 sec. (36327.65 ticks)
   8548  4431      710.0000   487     1076.0000      728.7736  2795351   32.27%
   8550  4432      713.6486   462     1076.0000      728.7736  2797367   32.27%
   8555  4434      734.0929   471     1076.0000      728.7736  2800220   32.27%
   8560  4437      721.0554   331     1076.0000      728.7736  2803698   32.27%
                                                     Cuts: 25                  
   8571  4442      719.1217   420     1076.0000      728.7736  2811110   32.27%
                                                      Cuts: 7                  
   8583  4448      722.6177   484     1076.0000      728.7736  2817835   32.27%
*  8603+ 2991                         1068.0000      728.7736  2822600   31.76%
Found incumbent of value 1068.000000 after 101.26 sec. (48536.10 ticks)
   8618  2998      719.2954   435     1068.0000      728.7736  2825719   31.76%
                                                  Impl Bds: 5                  
   8619  2999      759.2593   431     1068.0000      728.7736  2829354   31.76%
   8893  3156      804.7667   435     1068.0000      728.7736  2937002   31.76%
                                                     Cuts: 12                  
   8940  3182      877.5761   439     1068.0000      728.7736  2965120   31.76%
Elapsed time = 113.43 sec. (52489.35 ticks, tree = 10.42 MB, solutions = 14)
   9129  3293      951.3333   264     1068.0000      728.7736  3052832   31.76%
   9197  3330      834.4000   391     1068.0000      728.7736  3104012   31.76%
   9251  3354      861.4502   516     1068.0000      728.7736  3130501   31.76%
  10352  3906      861.6720   499     1068.0000      728.7736  3343218   31.76%
                                                  ZeroHalf: 6                  
  10489  3982      868.5000   224     1068.0000      728.7736  3375528   31.76%
  11006  4234      858.9058   371     1068.0000      728.7736  3466080   31.76%
  11330  4398     1024.6667   259     1068.0000      728.7736  3518378   31.76%
                                                  ZeroHalf: 9                  
  11938  4658      765.7512   379     1068.0000      728.7736  3586801   31.76%
  12799  5065      864.4500   443     1068.0000      728.7736  3698204   31.76%
  14881  6008      792.0833   300     1068.0000      728.7736  3897155   31.76%
                                                  ZeroHalf: 2                  
Elapsed time = 149.73 sec. (64322.70 ticks, tree = 149.27 MB, solutions = 14)
Nodefile size = 6.18 MB (4.65 MB after compression)
  15421  6393      892.2663   468     1068.0000      728.7736  3968717   31.76%
  16157  7066      984.6875   263     1068.0000      728.7736  4044678   31.76%
  16454  7328      814.1430   333     1068.0000      728.7736  4081398   31.76%
  17355  8162     1004.0625   322     1068.0000      728.7736  4183038   31.76%
  17983  8704      867.5833   373     1068.0000      728.7736  4256759   31.76%
  19181  9804      817.8750   301     1068.0000      738.1842  4396123   30.88%
                                                      Cuts: 5                  
  19438 10044      801.6335   407     1068.0000      738.1842  4430548   30.88%
  20025 10564      841.2627   339     1068.0000      738.1842  4491250   30.88%
  20479 10969      821.5833   252     1068.0000      738.1842  4542452   30.88%
  21220 11611     1020.5606   175     1068.0000      738.1842  4618660   30.88%
Elapsed time = 190.13 sec. (74276.83 ticks, tree = 379.11 MB, solutions = 14)
Nodefile size = 221.25 MB (167.56 MB after compression)
  21413 11787      876.1800   445     1068.0000      738.1842  4646129   30.88%
  22117 12418      970.0000   219     1068.0000      738.1842  4720700   30.88%
  23654 13743      894.0521   347     1068.0000      746.0000  4875307   30.15%
                                                      Cuts: 8                  
  24516 14522      873.0000   214     1068.0000      746.0000  4969712   30.15%
  25508 15427      775.6651   359     1068.0000      746.0000  5069813   30.15%
  26532 16343      766.4189   353     1068.0000      746.0000  5180000   30.15%
  27300 17032      890.1789   331     1068.0000      746.0000  5265613   30.15%
  28923 18511      850.1250   314     1068.0000      746.0000  5421358   30.15%
  30662 20050      829.5000   246     1068.0000      746.0000  5598529   30.15%
  31232 20558      845.5556   285     1068.0000      754.3829  5652595   29.36%
                                                      Cuts: 4                  
Elapsed time = 229.94 sec. (86405.15 ticks, tree = 1693.35 MB, solutions = 14)
Nodefile size = 1542.01 MB (1157.38 MB after compression)
  32160 21386     1004.8333   231     1068.0000      754.3829  5763440   29.36%
  32992 22112      844.5253   383     1068.0000      754.3829  5861027   29.36%
  34304 23286      965.3333   235     1068.0000      754.3829  6006918   29.36%
  35326 24171      826.9167   256     1068.0000      754.3829  6124402   29.36%
  36144 24871      803.0833   365     1068.0000      754.3829  6216702   29.36%
  36939 25574        cutoff           1068.0000      754.3829  6314652   29.36%
  37213 25810      785.3333   346     1068.0000      759.2849  6345097   28.91%
                                                     Cuts: 15                  
  37629 26171      882.5000   231     1068.0000      759.2849  6405621   28.91%
  38109 26590      973.7500   256     1068.0000      759.2849  6458175   28.91%
  39069 27430      789.6250   255     1068.0000      759.2849  6577521   28.91%
Elapsed time = 272.45 sec. (96753.89 ticks, tree = 2349.89 MB, solutions = 14)
Nodefile size = 2190.32 MB (1639.20 MB after compression)
  40445 28630     1061.7500   264     1068.0000      759.2849  6730718   28.91%
  41709 29746      988.8333   188     1068.0000      759.2849  6869257   28.91%
  42279 30243      933.2500   266     1068.0000      762.6973  6935947   28.59%
                                                     Cuts: 12                  
* 42958+30840                         1067.0000      762.6973  7010507   28.52%
Found incumbent of value 1067.000000 after 286.89 sec. (100080.05 ticks)
  43691 31485      812.7503   361     1067.0000      762.6973  7091430   28.52%
  44523 32197      867.0833   314     1067.0000      762.6973  7193516   28.52%
  45867 33409      866.1429   267     1067.0000      762.6973  7335505   28.52%
  47069 34475     1024.9000   238     1067.0000      762.6973  7464384   28.52%
  48524 35774      991.5333   252     1067.0000      762.6973  7612557   28.52%
  48779 35981      826.7738   298     1067.0000      764.7698  7640117   28.33%
                                                    Covers: 1                  
  49675 36799      810.0877   369     1067.0000      764.7698  7739467   28.33%
Elapsed time = 317.81 sec. (109030.23 ticks, tree = 3617.67 MB, solutions = 15)
Nodefile size = 3461.39 MB (2580.13 MB after compression)
  50379 37412     1005.1111   236     1067.0000      764.7698  7809604   28.33%
  51126 38067      880.4722   311     1067.0000      764.7698  7889201   28.33%
  53058 39769     1058.8939   240     1067.0000      764.7698  8095675   28.33%
  53775 40412      954.6593   224     1067.0000      764.7698  8167296   28.33%
  54467 41012      823.9167   285     1067.0000      767.4863  8238303   28.07%
                                                      Cuts: 2                  
  55715 42085      829.0244   348     1067.0000      767.4863  8375518   28.07%
  56259 42588     1008.3956   391     1067.0000      767.4863  8439321   28.07%
  56771 43026      800.2059   357     1067.0000      767.4863  8502953   28.07%
  57699 43831      777.0747   442     1067.0000      767.4863  8610019   28.07%
* 59198+45139                         1066.0000      769.5509  8778324   27.81%
                                                  ZeroHalf: 2                  
Found incumbent of value 1066.000000 after 367.74 sec. (123655.51 ticks)
  59198 45141      952.0769   326     1066.0000      769.5509  8778324   27.81%
Elapsed time = 368.87 sec. (124053.24 ticks, tree = 5560.20 MB, solutions = 16)
Nodefile size = 5432.40 MB (4004.48 MB after compression)
* 59203+45144                         1062.0000      769.5509  8779053   27.54%
Found incumbent of value 1062.000000 after 368.90 sec. (120596.89 ticks)
* 59203+45144                         1057.0000      769.5509  8779053   27.19%
Found incumbent of value 1057.000000 after 368.90 sec. (120655.86 ticks)
* 59229+45170                         1050.0000      769.5509  8782524   26.71%
Found incumbent of value 1050.000000 after 369.05 sec. (120569.71 ticks)
  61675 46371      849.6042   381     1050.0000      769.5509  9087492   26.71%
  66007 50117      873.8333   237     1050.0000      770.9386  9581017   26.58%
* 70324+53870                         1031.0000      770.9386 10059429   25.22%
Found incumbent of value 1031.000000 after 409.87 sec. (133186.00 ticks)
  71155 54582     1037.5000   191     1031.0000      770.9386 10143716   25.22%
* 71871+51089                         1023.0000      773.3636 10242909   24.40%
                                                  ZeroHalf: 1                  
Found incumbent of value 1023.000000 after 422.43 sec. (136736.10 ticks)
  72817 51907      926.0000   251     1023.0000      773.3636 10365231   24.40%
  76569 53130     1007.1786   281     1023.0000      775.5000 10775080   24.19%
                                                  Impl Bds: 2                  
* 78904+55137                         1019.0000      775.5000 11049189   23.90%
Found incumbent of value 1019.000000 after 450.03 sec. (145635.91 ticks)
  79953 56009      784.9073   329     1019.0000      775.5000 11166240   23.90%
  83275 57773      974.6000   249     1019.0000      776.9100 11544931   23.76%
                                                      Cuts: 2                  
  87164 61019      949.9722   306     1019.0000      776.9100 11989647   23.76%
  89016 62559      850.8939   277     1019.0000      778.5767 12207107   23.59%
  92677 65653      846.6667   377     1019.0000      779.9583 12623296   23.46%
                                                  ZeroHalf: 2                  
Elapsed time = 512.81 sec. (163997.80 ticks, tree = 6960.58 MB, solutions = 34)
Nodefile size = 6821.75 MB (5024.09 MB after compression)
  96475 68814      959.6667   332     1019.0000      779.9583 13069974   23.46%
  99314 71220      824.8690   397     1019.0000      781.3194 13361419   23.32%
 101938 73438      858.5833   152     1019.0000      781.3194 13658735   23.32%
 106292 77117      792.7902   339     1019.0000      782.5060 14201011   23.21%
 109278 79652      832.8333   339     1019.0000      783.5771 14655178   23.10%
                                                  ZeroHalf: 2                  
 112816 82627      878.8056   319     1019.0000      783.5771 15032994   23.10%
 116245 85518      903.7500   210     1019.0000      784.2500 15408728   23.04%
                                                      Cuts: 4                  
 119683 88376      967.0794   298     1019.0000      784.2500 15784311   23.04%
 121994 90315      912.0000   193     1019.0000      785.6333 16031826   22.90%
                                                  ZeroHalf: 2                  
 125825 93496      999.0000   194     1019.0000      786.6429 16419230   22.80%
                                                  Impl Bds: 1                  
Elapsed time = 652.53 sec. (202917.61 ticks, tree = 9982.27 MB, solutions = 34)
Nodefile size = 9842.63 MB (7177.45 MB after compression)
 129281 96422      815.0306   357     1019.0000      786.6429 16774568   22.80%
 133272 99764      964.2250   330     1019.0000      787.5820 17196614   22.71%
                                                      Cuts: 9                  
 138220 103883      806.3333   386     1019.0000      787.5820 17728350   22.71%
 140490 105773     1012.1333   100     1019.0000      788.5526 17992117   22.62%
                                                  Impl Bds: 4                  
 144241 108859      920.6667   295     1019.0000      789.2140 18411388   22.55%
                                                  Impl Bds: 2                  
 144790 109309      929.5524   484     1019.0000      789.2140 18511848   22.55%
 148837 112596      857.0667   293     1019.0000      789.8095 19137824   22.49%
 153739 116696      856.3071   354     1019.0000      790.6207 19680776   22.41%
 156651 119076      817.5980   297     1019.0000      790.6207 20007438   22.41%
 160413 122147      808.5000   216     1019.0000      791.5714 20415852   22.32%
Elapsed time = 798.09 sec. (243345.29 ticks, tree = 13192.60 MB, solutions = 34)
Nodefile size = 13046.40 MB (9442.97 MB after compression)
 162653 124011      984.0000   282     1019.0000      791.5714 20672797   22.32%
 166553 127185      860.4783   333     1019.0000      792.2698 21120398   22.25%
 170758 130712      918.0000   232     1019.0000      793.1306 21560925   22.17%
                                                  ZeroHalf: 1                  
 175356 134516     1017.5000   141     1019.0000      793.1306 22052568   22.17%
 177778 136491      821.1667   226     1019.0000      793.9238 22322464   22.09%
                                                   GUBcuts: 1                  
 181522 139622      912.9167   271     1019.0000      793.9238 22734893   22.09%
 183307 141138      990.5556   448     1019.0000      794.7080 22946633   22.01%
                                                  Impl Bds: 3                  
 187422 144533      987.7500   201     1019.0000      795.0000 23542095   21.98%
                                                  Impl Bds: 4                  
 190788 147322      853.0000   329     1019.0000      795.0000 23916273   21.98%
 194962 150794      827.5264   367     1019.0000      795.8172 24364275   21.90%
                                                  Impl Bds: 3                  
Elapsed time = 945.18 sec. (283669.36 ticks, tree = 16184.30 MB, solutions = 34)
Nodefile size = 16030.86 MB (11552.39 MB after compression)
*195850+151525                         1005.0000      795.8172 24460003   20.81%
Found incumbent of value 1005.000000 after 946.31 sec. (283885.77 ticks)
 198335 148228      812.8988   389     1005.0000      796.5000 24712926   20.75%
 202335 151458      998.0000   220     1005.0000      796.5000 25143317   20.75%
 205465 154004      911.3425   361     1005.0000      797.1470 25481522   20.68%
                                                  Impl Bds: 3                  
*206986+155226                         1004.0000      797.1470 25655780   20.60%
Found incumbent of value 1004.000000 after 994.68 sec. (295619.82 ticks)
 210353 157947      904.7636   375     1004.0000      797.1470 26014739   20.60%
 212582 159246      915.1405   291     1004.0000      797.9125 26241533   20.53%
                                                 Impl Bds: 14                  
 217017 162819      962.0000   222     1004.0000      798.5556 26718382   20.46%
                                                      Cuts: 3                  
 219097 164469      991.0333   293     1004.0000      798.5556 26973346   20.46%
 223066 167697      938.7188   399     1004.0000      799.0625 27420103   20.41%
 227594 171338      934.0000   179     1004.0000      799.6981 27902372   20.35%
                                                  Impl Bds: 2                  
*229790+173116                         1001.0000      799.6981 28218511   20.11%
Found incumbent of value 1001.000000 after 1091.48 sec. (321076.02 ticks)
 231129 174209      883.8750   344     1001.0000      799.6981 28418294   20.11%
Elapsed time = 1095.09 sec. (324924.35 ticks, tree = 19174.15 MB, solutions = 36)
Nodefile size = 19027.17 MB (13627.11 MB after compression)
 233651 174266      935.0484   382     1001.0000      800.1000 28738448   20.07%
*235749+175953                         1000.0000      800.1000 28972396   19.99%
Found incumbent of value 1000.000000 after 1109.17 sec. (329036.43 ticks)
*236116+176234                          995.0000      800.1000 29015820   19.59%
Found incumbent of value 995.000000 after 1110.20 sec. (330079.99 ticks)
 238748 173810      824.7222   346      995.0000      800.7500 29291818   19.52%
 241180 175710      943.8333   227      995.0000      800.7500 29583722   19.52%
 244606 178393      857.6054   356      995.0000      801.3519 29983686   19.46%
 249349 182181      850.1875   261      995.0000      802.0639 30479327   19.39%
 254341 186178      877.0000   334      995.0000      802.0639 31030420   19.39%
 256620 188000      967.8333   243      995.0000      802.8333 31275575   19.31%
*257871+188998                          993.0000      802.8333 31404842   19.15%
Found incumbent of value 993.000000 after 1207.13 sec. (354468.80 ticks)
 259605 190393      838.7002   345      993.0000      802.8333 31588533   19.15%
 262470 190944      958.8962   340      993.0000      803.1667 31905295   19.12%
 266580 194141      883.9630   309      993.0000      803.8545 32359056   19.05%
Elapsed time = 1242.52 sec. (366161.76 ticks, tree = 21717.64 MB, solutions = 40)
Nodefile size = 21572.43 MB (15366.23 MB after compression)
 270900 197580      985.3188   180      993.0000      803.8545 32847357   19.05%
 274162 200091      938.5000   190      993.0000      804.3333 33192174   19.00%
                                                  ZeroHalf: 2                  
 278275 203288      912.6458   349      993.0000      804.3333 33641927   19.00%
 279555 204165      902.8889   221      993.0000      804.8333 33839621   18.95%
                                                  Impl Bds: 1                  
 282785 206650      973.0667   305      993.0000      805.1667 34320780   18.92%
                                                  Impl Bds: 4                  
 286134 209288      918.0833   186      993.0000      805.1667 34682224   18.92%
 289807 212168      906.8810   258      993.0000      805.8333 35081981   18.85%
                                                  Impl Bds: 3                  
 294745 215931      885.9833   327      993.0000      806.1495 35641890   18.82%
                                                  Impl Bds: 3                  
 297721 218233      973.4386   287      993.0000      806.1495 35993874   18.82%
 300606 220413      880.4041   360      993.0000      806.7722 36319454   18.75%
                                                      Cuts: 5                  
Elapsed time = 1387.95 sec. (406158.95 ticks, tree = 24472.81 MB, solutions = 40)
Nodefile size = 24322.45 MB (17299.61 MB after compression)
 305120 223937      890.0000   192      993.0000      807.2500 36818741   18.71%
                                                      Cuts: 3                  
*307567+225867                          987.0000      807.2500 37097715   18.21%
Found incumbent of value 987.000000 after 1417.25 sec. (412298.74 ticks)
 309632 227495      978.5000   262      987.0000      807.2500 37324502   18.21%
 312827 224055      931.8264   233      987.0000      807.8623 37666699   18.15%
                                                  ZeroHalf: 1                  
 316802 227074      824.2974   335      987.0000      807.8623 38121814   18.15%
 318564 228339        cutoff            987.0000      808.3889 38370852   18.10%
                                                  Impl Bds: 1                  
 320954 230120      850.6000   207      987.0000      808.6667 38759499   18.07%
 324470 232842      854.5595   262      987.0000      808.6667 39155805   18.07%
 328538 235843      884.8333   178      987.0000      809.1138 39621538   18.02%
 331548 238096      833.9063   288      987.0000      809.6007 39962742   17.97%
 335462 241137      918.9167   197      987.0000      809.6007 40397058   17.97%
Elapsed time = 1535.97 sec. (446854.48 ticks, tree = 26549.43 MB, solutions = 41)
Nodefile size = 26393.48 MB (18723.77 MB after compression)
 338459 243334      911.6670   342      987.0000      810.0000 40738876   17.93%
 342570 246504      937.0980   327      987.0000      810.0000 41209465   17.93%
 346214 249213      972.5606   296      987.0000      810.5138 41608575   17.88%
 349802 251932      847.3229   327      987.0000      811.0000 41989938   17.83%
 353034 254362      888.1181   346      987.0000      811.0000 42386373   17.83%
 355829 256407      867.3333   292      987.0000      811.4179 42694483   17.79%
*357263+257516                          977.0000      811.4179 42848012   16.95%
Found incumbent of value 977.000000 after 1633.07 sec. (471078.03 ticks)
 360233 247282      874.6667   217      977.0000      811.7857 43165551   16.91%
                                                  Impl Bds: 2                  
 363313 249609      850.1667   200      977.0000      811.7857 43536703   16.91%
 365382 251110      886.8881   460      977.0000      812.1500 43801942   16.87%
                                                    Covers: 1                  
 367614 252827      884.1333   435      977.0000      812.1500 44114673   16.87%
Elapsed time = 1683.05 sec. (487904.95 ticks, tree = 28176.93 MB, solutions = 42)
Nodefile size = 28034.03 MB (19823.39 MB after compression)
 372333 256366      904.8000   308      977.0000      812.2909 44728272   16.86%
 376701 259619      905.8000   243      977.0000      812.8571 45210190   16.80%
 379889 261983      956.2917   207      977.0000      812.8571 45587065   16.80%
 381903 263507      895.3333   304      977.0000      813.1667 45816661   16.77%
 386259 266764      970.1667   247      977.0000      813.5769 46299542   16.73%
 390995 270360      937.6200   272      977.0000      813.5769 46810502   16.73%
 393358 272075      931.1680   335      977.0000      814.0538 47078293   16.68%
                                                  Impl Bds: 2                  
 396846 274665        cutoff            977.0000      814.0538 47476781   16.68%
 399388 276542      940.8333   268      977.0000      814.5000 47756385   16.63%
                                                  Impl Bds: 2                  
*402942+279188                          976.0000      814.5000 48127597   16.55%
Found incumbent of value 976.000000 after 1819.76 sec. (524171.16 ticks)
 403316 278058      838.1000   306      976.0000      814.9079 48164424   16.51%
Elapsed time = 1827.61 sec. (527282.02 ticks, tree = 31189.95 MB, solutions = 42)
Nodefile size = 31049.32 MB (21921.35 MB after compression)
 407879 281508      915.7871   390      976.0000      814.9079 48665211   16.51%
 411107 283764      817.0213   358      976.0000      815.3333 49024642   16.46%
 414738 286423      854.9444   303      976.0000      815.3333 49434541   16.46%
 417850 288607      879.1667   188      976.0000      815.6698 49771772   16.43%
 421133 290898      907.6667   281      976.0000      816.1079 50146255   16.38%
 424461 293347      845.0714   295      976.0000      816.1079 50521559   16.38%
 425958 294384      960.7143   410      976.0000      816.3750 50701268   16.36%
 430659 297880      922.1000   224      976.0000      816.6667 51352392   16.33%
 434760 301032      915.5536   264      976.0000      816.6667 51770542   16.33%
 437761 303199      946.7727   289      976.0000      817.1250 52088605   16.28%
                                                  ZeroHalf: 1                  
Elapsed time = 1973.03 sec. (566679.68 ticks, tree = 33868.70 MB, solutions = 43)
Nodefile size = 33727.90 MB (23769.63 MB after compression)
 440825 305458        cutoff            976.0000      817.1250 52446773   16.28%
 445021 308496      917.7222   292      976.0000      817.4379 52912129   16.25%
 448278 310894      898.4167   233      976.0000      817.8333 53247944   16.21%
 452877 314227      854.7857   266      976.0000      817.8333 53774387   16.21%
 454556 315402      928.4848   233      976.0000      818.2000 53992241   16.17%
 456946 317112      911.5000   251      976.0000      818.2000 54374165   16.17%
 460680 319810      960.5263   279      976.0000      818.4375 54828097   16.14%
 464428 322519      864.1833   307      976.0000      818.7500 55245097   16.11%
 467570 324799      863.0556   325      976.0000      818.7500 55622152   16.11%
 470940 327225      915.5333   258      976.0000      819.0000 55984672   16.09%
                                                  Impl Bds: 1                  
Elapsed time = 2117.86 sec. (605695.29 ticks, tree = 36355.28 MB, solutions = 43)
Nodefile size = 36210.65 MB (25447.39 MB after compression)
 474097 329443        cutoff            976.0000      819.3333 56327925   16.05%
                                                  Impl Bds: 1                  
 475131 330232      823.8000   287      976.0000      819.3333 56515977   16.05%
 480627 334269      874.1404   309      976.0000      819.5000 57256850   16.03%
 483454 336283      821.0000   170      976.0000      819.9417 57587683   15.99%
 487619 339394      858.1786   317      976.0000      819.9417 58051288   15.99%
 489745 340853      957.8000   176      976.0000      820.2000 58291492   15.96%
                                                  Impl Bds: 1                  
 494665 344512      942.0076   305      976.0000      820.2000 58823065   15.96%
 496895 346066      875.1429   241      976.0000      820.5556 59076158   15.93%
 499599 348033      929.1667   249      976.0000      820.5556 59390544   15.93%
 501901 349691      960.9874   387      976.0000      820.8056 59701532   15.90%
Elapsed time = 2256.25 sec. (644656.48 ticks, tree = 38757.67 MB, solutions = 43)
Nodefile size = 38621.40 MB (27079.90 MB after compression)
*503729+351079                          971.0000      820.8056 59897876   15.47%
Found incumbent of value 971.000000 after 2258.80 sec. (644933.53 ticks)
 506334 345220      948.5677   314      971.0000      821.0273 60205190   15.45%
                                                  ZeroHalf: 3                  
 509885 347780      856.6667   325      971.0000      821.0273 60581034   15.45%
 513603 350380      889.7500   189      971.0000      821.2727 60999408   15.42%
*515404+351619                          968.0000      821.2727 61210621   15.16%
Found incumbent of value 968.000000 after 2304.24 sec. (657063.86 ticks)
 516960 347712      911.3889   226      968.0000      821.6071 61389513   15.12%
 519056 349223      937.0000   231      968.0000      821.6071 61709572   15.12%
 522599 351652        cutoff            968.0000      821.7814 62229272   15.11%
 525970 353969      914.6364   298      968.0000      822.0807 62603524   15.07%
                                                  Impl Bds: 2                  
 530475 357207      947.1827   318      968.0000      822.0807 63098209   15.07%
 533136 359006      937.0000   270      968.0000      822.4091 63397548   15.04%
                                                  Impl Bds: 4                  
 537879 362408      938.7786   292      968.0000      822.4091 63915709   15.04%
Elapsed time = 2395.52 sec. (684480.08 ticks, tree = 39422.25 MB, solutions = 45)
Nodefile size = 39265.27 MB (27429.69 MB after compression)
 540636 364228      874.3967   361      968.0000      822.7500 64246389   15.01%
 543095 365893      863.8929   203      968.0000      823.0000 64527165   14.98%
*543869+366447                          962.0000      823.0000 64667639   14.45%
Found incumbent of value 962.000000 after 2440.21 sec. (692549.99 ticks)
 544033 366559      942.1556   238      962.0000      823.0000 64692706   14.45%
 549224 358705      853.1667   190      962.0000      823.1272 65413201   14.44%
                                                  Impl Bds: 1                  
 552276 360774      948.2917   302      962.0000      823.4844 65745485   14.40%
                                                      Cuts: 3                  
 556978 364075      917.0833   242      962.0000      823.4844 66266786   14.40%
 559270 365597      898.6545   369      962.0000      823.7250 66514666   14.37%
                                                  ZeroHalf: 1                  
 562653 367852      925.9896   225      962.0000      823.7250 66911354   14.37%
 565349 369638      895.5185   318      962.0000      824.0476 67214394   14.34%
 569292 372266      863.4000   230      962.0000      824.3958 67661931   14.30%
Elapsed time = 2540.82 sec. (724027.75 ticks, tree = 40763.46 MB, solutions = 46)
Nodefile size = 40628.27 MB (28248.68 MB after compression)
 570232 372903      938.1667   377      962.0000      824.3958 67828480   14.30%
 574535 375798      893.4762   317      962.0000      824.5000 68449993   14.29%
 579359 379064      890.6667   244      962.0000      824.8611 68978486   14.26%
 583107 381590      858.1429   171      962.0000      824.8611 69421924   14.26%
 586151 383621        cutoff            962.0000      825.1157 69763318   14.23%
 589791 386132      856.1355   385      962.0000      825.4020 70148517   14.20%
                                                  ZeroHalf: 1                  
 593119 388394      914.8103   311      962.0000      825.4020 70587839   14.20%
 595213 389747      954.1667   262      962.0000      825.6506 70827814   14.17%
 599818 392799      927.7059   324      962.0000      825.9488 71334405   14.14%
                                                  Impl Bds: 2                  
 601258 393745        cutoff            962.0000      825.9488 71590272   14.14%
Elapsed time = 2692.49 sec. (765536.58 ticks, tree = 42893.39 MB, solutions = 46)
Nodefile size = 42758.75 MB (29655.44 MB after compression)
 605099 396244      851.7162   365      962.0000      826.1136 72151067   14.13%
                                                      Cuts: 3                  
 609454 399218        cutoff            962.0000      826.4286 72633581   14.09%
 612366 401166      912.0625   291      962.0000      826.4286 72986528   14.09%
 615500 403225      886.0833   315      962.0000      826.6406 73341796   14.07%
 619264 405880      864.7600   355      962.0000      826.6406 73744986   14.07%
 621861 407603        cutoff            962.0000      826.9167 74073599   14.04%
 624069 409059      905.2500   319      962.0000      827.0000 74490598   14.03%
                                                  Impl Bds: 1                  
 626995 411030      868.1349   419      962.0000      827.0000 74829680   14.03%
 630907 413635      942.8978   336      962.0000      827.3333 75285079   14.00%
                                                      Cuts: 7                  
 633789 415541      896.0000   208      962.0000      827.5333 75603037   13.98%
                                                  Impl Bds: 1                  
Elapsed time = 2837.90 sec. (805332.22 ticks, tree = 45088.52 MB, solutions = 46)
Nodefile size = 44955.55 MB (31107.68 MB after compression)
 638205 418637      931.2000   316      962.0000      827.5333 76054775   13.98%
 641243 420612      942.6667   223      962.0000      827.8333 76386717   13.95%
                                                      Cuts: 6                  
 644586 422855      859.2500   296      962.0000      827.8333 76758956   13.95%
 645561 423423      899.9167   402      962.0000      828.0301 76888469   13.93%
 649948 426421      933.3913   404      962.0000      828.0741 77577947   13.92%
 652415 428060      869.0333   349      962.0000      828.0741 77881278   13.92%
 656707 431008      866.8095   240      962.0000      828.4833 78353331   13.88%
 660877 433817        cutoff            962.0000      828.7098 78804006   13.86%
 663981 435873      840.3333   256      962.0000      828.7098 79167409   13.86%
 666608 437559      948.9286   268      962.0000      828.9583 79455789   13.83%
Elapsed time = 2986.40 sec. (845460.86 ticks, tree = 47288.42 MB, solutions = 46)
Nodefile size = 47152.84 MB (32549.00 MB after compression)
 670642 440327      912.2917   300      962.0000      828.9583 79890713   13.83%
 672181 441292        cutoff            962.0000      829.1667 80126381   13.81%
                                                  ZeroHalf: 1                  
 674694 442918      941.0000   271      962.0000      829.2661 80569755   13.80%
 677874 445059      903.2500   269      962.0000      829.2661 80915115   13.80%
 681703 447589      865.5000   284      962.0000      829.5778 81354102   13.77%
 684684 449517      899.9833   193      962.0000      829.7667 81707024   13.75%
 688397 452047        cutoff            962.0000      829.7667 82098027   13.75%
 692000 454412        cutoff            962.0000      830.0000 82544343   13.72%
 694529 456074      877.6330   348      962.0000      830.0000 82963826   13.72%
 697133 457823      912.5000   231      962.0000      830.1667 83281411   13.70%
Elapsed time = 3121.76 sec. (884611.56 ticks, tree = 49048.31 MB, solutions = 46)
Nodefile size = 48907.74 MB (33693.99 MB after compression)
 702081 461155      946.7778   236      962.0000      830.4545 83808943   13.67%
 705114 463164      924.1667   246      962.0000      830.4545 84177730   13.67%
 706375 463981      895.6667   411      962.0000      830.6667 84327332   13.65%
 711452 467396      904.1818   366      962.0000      830.8295 84860115   13.64%
                                                      Cuts: 4                  
 713023 468433      942.0303   320      962.0000      830.8295 85128841   13.64%
 717336 471338      909.5000   242      962.0000      831.0000 85726343   13.62%
                                                      Cuts: 3                  
 721447 474115      913.5000   211      962.0000      831.2696 86168581   13.59%
                                                  Impl Bds: 3                  
 724231 475971      889.6667   251      962.0000      831.2696 86508401   13.59%
 727617 478168      842.2335   366      962.0000      831.4579 86904685   13.57%
 731914 481117      833.6944   280      962.0000      831.4579 87362653   13.57%
Elapsed time = 3268.53 sec. (924441.88 ticks, tree = 51270.62 MB, solutions = 46)
Nodefile size = 51119.08 MB (35142.18 MB after compression)
 733580 482168        cutoff            962.0000      831.6923 87613813   13.55%
 737204 484470      948.2143   253      962.0000      831.8333 88201616   13.53%
 742074 487648      872.9129   379      962.0000      832.0833 88722982   13.50%
 745068 489558        cutoff            962.0000      832.0833 89071252   13.50%
 747589 491212      844.1905   260      962.0000      832.2365 89349862   13.49%
                                                  ZeroHalf: 1                  
 751991 494151    infeasible            962.0000      832.4429 89828284   13.47%
 755639 496598      894.7500   326      962.0000      832.4429 90240105   13.47%
 758068 498148      846.3333   272      962.0000      832.6371 90565241   13.45%
 759242 498911      911.3750   326      962.0000      832.6371 90778691   13.45%
 761383 500301      882.3421   304      962.0000      832.7407 91135148   13.44%
Elapsed time = 3414.46 sec. (966602.40 ticks, tree = 53424.54 MB, solutions = 46)
Nodefile size = 53289.67 MB (36559.98 MB after compression)
 767331 504301      924.4821   301      962.0000      832.9286 91765136   13.42%
                                                    Covers: 2                  
 770403 506298      882.0474   343      962.0000      832.9286 92137023   13.42%
 773862 508598      913.9867   358      962.0000      833.1667 92533432   13.39%
                                                  Impl Bds: 1                  
 777859 511223        cutoff            962.0000      833.3571 92960779   13.37%
                                                      Cuts: 6                  
 780975 513249      848.1921   427      962.0000      833.3571 93324645   13.37%
 782867 514450      864.6327   333      962.0000      833.5333 93580162   13.35%
                                                  Impl Bds: 3                  
 785877 516446      869.4444   307      962.0000      833.5333 94096197   13.35%
 789049 518487        cutoff            962.0000      833.6491 94474710   13.34%
                                                  Impl Bds: 3                  
 792987 521034      958.1667   181      962.0000      833.8929 94921243   13.32%
 797278 523935        cutoff            962.0000      833.8929 95377264   13.32%
Elapsed time = 3564.10 sec. (1005916.67 ticks, tree = 55455.35 MB, solutions = 46)
Nodefile size = 55303.18 MB (37870.90 MB after compression)
 799046 525050      884.8333   266      962.0000      834.1167 95569726   13.29%
                                                  Impl Bds: 1                  
 802388 527186        cutoff            962.0000      834.2667 95966350   13.28%
                                                      Cuts: 2                  
 805743 529477      928.1667   326      962.0000      834.2667 96331026   13.28%
 809013 531623      879.6494   442      962.0000      834.4169 96705845   13.26%
 811775 533450      915.3158   271      962.0000      834.4169 97196481   13.26%
 814741 535376      856.3333   256      962.0000      834.5627 97549722   13.25%
 818264 537653      890.3333   276      962.0000      834.7778 97931971   13.22%
 822211 540119      932.5385   293      962.0000      834.7778 98406567   13.22%
 825135 542118      931.0812   329      962.0000      834.9750 98711647   13.20%
 829068 544723        cutoff            962.0000      835.1300 99131510   13.19%
Elapsed time = 3716.13 sec. (1046078.89 ticks, tree = 58190.14 MB, solutions = 46)
Nodefile size = 58058.32 MB (39664.05 MB after compression)
 830607 545695      913.5714   291      962.0000      835.1300 99412908   13.19%
 833926 547827      908.0917   340      962.0000      835.2500 99919615   13.18%
 836986 549809      931.7333   270      962.0000      835.4027 1.00e+08   13.16%
                                                  Impl Bds: 1                  
 840706 552267      840.3000   369      962.0000      835.4027 1.01e+08   13.16%
 844036 554449      918.2333   293      962.0000      835.5833 1.01e+08   13.14%
                                                  Impl Bds: 3                  
 847741 556782      927.9500   238      962.0000      835.5833 1.02e+08   13.14%
 849639 558035      904.5389   347      962.0000      835.7500 1.02e+08   13.12%
                                                  Impl Bds: 1                  
 852564 559966      973.0000   361      962.0000      835.8667 1.02e+08   13.11%
 855476 561840      925.5362   317      962.0000      835.8667 1.03e+08   13.11%
 858992 564154      893.2626   286      962.0000      836.0246 1.03e+08   13.10%
Elapsed time = 3858.09 sec. (1085165.11 ticks, tree = 59712.91 MB, solutions = 46)
Nodefile size = 59574.31 MB (40648.09 MB after compression)
 863479 567099        cutoff            962.0000      836.2167 1.03e+08   13.08%
 866487 569025      882.8750   237      962.0000      836.2167 1.04e+08   13.08%
 869746 571136      949.5511   309      962.0000      836.3845 1.04e+08   13.06%
 874462 574272      934.0000   230      962.0000      836.3845 1.05e+08   13.06%
 875630 574994      938.5486   400      962.0000      836.5250 1.05e+08   13.04%
                                                  Impl Bds: 1                  
 878401 576738      895.8056   339      962.0000      836.6667 1.05e+08   13.03%
                                                  Impl Bds: 2                  
 882849 579743      950.5000   222      962.0000      836.6667 1.06e+08   13.03%
 886694 582251        cutoff            962.0000      836.8316 1.06e+08   13.01%
                                                      Cuts: 2                  
 889668 584121      922.3556   311      962.0000      837.0000 1.07e+08   12.99%
                                                  Impl Bds: 4                  
 891932 585632      856.0079   315      962.0000      837.0000 1.07e+08   12.99%
Elapsed time = 4006.98 sec. (1125445.21 ticks, tree = 62045.20 MB, solutions = 46)
Nodefile size = 61909.61 MB (42166.17 MB after compression)
 895487 587945      909.7167   308      962.0000      837.1000 1.07e+08   12.98%
                                                  Impl Bds: 3                  
 899080 590277      953.8632   328      962.0000      837.2917 1.08e+08   12.96%
                                                      Cuts: 5                  
 903496 593190      927.5764   363      962.0000      837.2917 1.08e+08   12.96%
 906366 595077      892.1857   339      962.0000      837.5000 1.09e+08   12.94%
 907641 595882      945.6667   258      962.0000      837.5000 1.09e+08   12.94%
 911741 598498      901.9038   346      962.0000      837.5370 1.09e+08   12.94%
                                                  Impl Bds: 1                  
 915127 600685      900.2917   273      962.0000      837.7467 1.10e+08   12.92%
                                                      Cuts: 2                  
 919760 603760      895.6190   311      962.0000      837.7467 1.10e+08   12.92%
 921712 605015      913.6667   225      962.0000      837.9167 1.10e+08   12.90%
                                                      Cuts: 6                  
 925123 607156      947.0556   254      962.0000      838.0333 1.11e+08   12.89%
Elapsed time = 4153.17 sec. (1165969.86 ticks, tree = 64229.74 MB, solutions = 46)
Nodefile size = 64097.04 MB (43587.78 MB after compression)
 927976 609115      949.9167   217      962.0000      838.0333 1.11e+08   12.89%
 930948 611054      911.4052   326      962.0000      838.1429 1.12e+08   12.87%
 934257 613141      882.3333   268      962.0000      838.3000 1.12e+08   12.86%
 938345 615876      935.9500   253      962.0000      838.3000 1.13e+08   12.86%
 940943 617559      915.3730   384      962.0000      838.4397 1.13e+08   12.84%
 945344 620398      952.1786   208      962.0000      838.4397 1.13e+08   12.84%
 947007 621503      911.0500   173      962.0000      838.6013 1.13e+08   12.83%
 952049 624812      938.1111   288      962.0000      838.7698 1.14e+08   12.81%
 952626 625198      892.4779   491      962.0000      838.7698 1.14e+08   12.81%
 956451 627578        cutoff            962.0000      838.8333 1.15e+08   12.80%
                                                  Impl Bds: 1                  
Elapsed time = 4295.65 sec. (1206203.10 ticks, tree = 65821.83 MB, solutions = 46)
Nodefile size = 65687.66 MB (44622.04 MB after compression)
 960133 629845      901.3562   351      962.0000      839.0000 1.15e+08   12.79%
 965061 633141      866.1324   228      962.0000      839.0000 1.16e+08   12.79%
 967270 634625      948.5556   325      962.0000      839.1667 1.16e+08   12.77%
 969990 636374      959.8333   244      962.0000      839.1667 1.16e+08   12.77%
 973262 638537      941.6667   399      962.0000      839.3333 1.17e+08   12.75%
                                                      Cuts: 2                  
 977034 641066      906.3889   212      962.0000      839.4636 1.17e+08   12.74%
                                                  ZeroHalf: 1                  
 979850 642804      889.7500   228      962.0000      839.4636 1.17e+08   12.74%
 982412 644449      899.0179   372      962.0000      839.6042 1.18e+08   12.72%
 985508 646541      906.3333   320      962.0000      839.6042 1.18e+08   12.72%
 988310 648336      952.6122   313      962.0000      839.6667 1.19e+08   12.72%
Elapsed time = 4437.41 sec. (1244913.53 ticks, tree = 67614.50 MB, solutions = 46)
Nodefile size = 67478.41 MB (45784.86 MB after compression)
 992158 650856      903.6623   294      962.0000      839.8333 1.19e+08   12.70%
 997084 654100      913.2667   274      962.0000      839.8333 1.20e+08   12.70%
 999370 655561      941.3333   219      962.0000      840.0000 1.20e+08   12.68%
                                                  Impl Bds: 1                  
 1002601 657577      927.6870   247      962.0000      840.0000 1.20e+08   12.68%
 1005251 659323      848.7133   300      962.0000      840.1250 1.21e+08   12.67%
                                                  Impl Bds: 1                  
 1008566 661478      893.8889   280      962.0000      840.2500 1.21e+08   12.66%
 1011446 663349      933.0778   217      962.0000      840.2500 1.21e+08   12.66%
 1014618 665347      930.2632   268      962.0000      840.3750 1.22e+08   12.64%
                                                  Impl Bds: 1                  
 1019563 668603      863.5000   262      962.0000      840.5513 1.22e+08   12.62%
 1021403 669745      893.6575   335      962.0000      840.5513 1.22e+08   12.62%
Elapsed time = 4590.97 sec. (1284696.14 ticks, tree = 69965.82 MB, solutions = 46)
Nodefile size = 69834.85 MB (47314.72 MB after compression)
 1024137 671481      902.9326   333      962.0000      840.6429 1.23e+08   12.62%
 1027899 673894      927.3750   269      962.0000      840.7557 1.23e+08   12.60%
 1032840 677232      955.0032   313      962.0000      840.7557 1.24e+08   12.60%
 1035400 678901      853.0714   302      962.0000      840.9286 1.24e+08   12.59%
 1038467 680829      959.1099   327      962.0000      840.9286 1.24e+08   12.59%
 1041188 682650      885.8333   251      962.0000      841.0204 1.25e+08   12.58%
 1044657 684959      862.2056   414      962.0000      841.1429 1.25e+08   12.56%
 1047188 686500      841.2500   314      962.0000      841.1429 1.26e+08   12.56%
 1051503 689340      876.4375   337      962.0000      841.2750 1.26e+08   12.55%
 1055563 692005      871.1569   269      962.0000      841.4167 1.26e+08   12.53%
Elapsed time = 4734.38 sec. (1324728.55 ticks, tree = 72079.51 MB, solutions = 46)
Nodefile size = 71947.40 MB (48686.52 MB after compression)
 1059339 694347      950.7500   197      962.0000      841.4167 1.27e+08   12.53%
 1061027 695408      867.0833   356      962.0000      841.5275 1.27e+08   12.52%
 1064623 697836      885.4740   464      962.0000      841.5275 1.28e+08   12.52%
 1067375 699565      959.9167   172      962.0000      841.6000 1.28e+08   12.52%
 1071640 702297      922.3788   341      962.0000      841.7667 1.29e+08   12.50%
 1075825 705078      872.1667   342      962.0000      841.7667 1.29e+08   12.50%
 1078206 706597      919.6000   238      962.0000      841.9250 1.29e+08   12.48%
 1081304 708503      879.2000   226      962.0000      842.0182 1.30e+08   12.47%
 1082991 709609      958.9732   278      962.0000      842.0182 1.30e+08   12.47%
 1086976 712137      883.7619   296      962.0000      842.1053 1.30e+08   12.46%
                                                    Covers: 1                  
Elapsed time = 4877.30 sec. (1364000.50 ticks, tree = 73634.47 MB, solutions = 46)
Nodefile size = 73498.34 MB (49687.73 MB after compression)
 1090018 713972      904.7500   224      962.0000      842.2609 1.31e+08   12.45%
 1094402 716876      922.3500   350      962.0000      842.2609 1.31e+08   12.45%
 1097381 718772      903.1094   281      962.0000      842.4086 1.32e+08   12.43%
 1101403 721346      848.4167   302      962.0000      842.4086 1.32e+08   12.43%
 1103997 723069      959.5833   211      962.0000      842.5060 1.32e+08   12.42%
 1108496 726100        cutoff            962.0000      842.6667 1.33e+08   12.40%
 1108825 726270      886.3357   426      962.0000      842.6667 1.33e+08   12.40%
 1113260 728981      930.4405   307      962.0000      842.7308 1.34e+08   12.40%
 1116848 731203      913.9643   235      962.0000      842.9167 1.34e+08   12.38%
                                                  Impl Bds: 1                  
 1120982 733876        cutoff            962.0000      842.9167 1.34e+08   12.38%
Elapsed time = 5030.21 sec. (1404828.78 ticks, tree = 75758.82 MB, solutions = 46)
Nodefile size = 75614.96 MB (51060.76 MB after compression)
 1124093 735857      855.8500   231      962.0000      843.0344 1.35e+08   12.37%
                                                      Cuts: 4                  
 1127416 737918      898.3333   251      962.0000      843.0344 1.35e+08   12.37%
 1128571 738650      949.5618   370      962.0000      843.1795 1.35e+08   12.35%
 1132486 741229        cutoff            962.0000      843.2500 1.36e+08   12.34%
 1135524 743168      925.8667   266      962.0000      843.2500 1.36e+08   12.34%
 1139034 745365      932.4167   241      962.0000      843.3810 1.37e+08   12.33%
 1144008 748618      915.2924   340      962.0000      843.5216 1.37e+08   12.32%
 1147912 751074      940.0603   310      962.0000      843.5216 1.38e+08   12.32%
 1150724 752916      934.3333   247      962.0000      843.6618 1.38e+08   12.30%
 1155178 755861      893.1905   239      962.0000      843.6618 1.38e+08   12.30%
Elapsed time = 5177.76 sec. (1444536.93 ticks, tree = 77828.89 MB, solutions = 46)
Nodefile size = 77684.23 MB (52400.82 MB after compression)
 1156131 756488        cutoff            962.0000      843.7963 1.38e+08   12.29%
 1159108 758344      933.5349   392      962.0000      843.8462 1.39e+08   12.28%
 1161721 759989      890.0000   239      962.0000      843.8462 1.39e+08   12.28%
 1165556 762366      892.5204   312      962.0000      844.0000 1.40e+08   12.27%
 1169679 765054      912.6250   225      962.0000      844.1250 1.40e+08   12.25%
 1172943 767063      871.7917   229      962.0000      844.1250 1.41e+08   12.25%
 1174823 768259      905.1538   326      962.0000      844.2500 1.41e+08   12.24%
                                                    Covers: 1                  
 1178988 771084      913.6042   287      962.0000      844.2500 1.41e+08   12.24%
 1180684 772159      852.6250   424      962.0000      844.3000 1.42e+08   12.23%
 1184189 774362      872.3190   337      962.0000      844.4589 1.42e+08   12.22%
                                                  Impl Bds: 1                  
Elapsed time = 5323.05 sec. (1484807.57 ticks, tree = 79645.94 MB, solutions = 46)
Nodefile size = 79515.20 MB (53584.89 MB after compression)
 1187997 776834      866.0000   241      962.0000      844.4589 1.42e+08   12.22%
 1191574 779181      917.2222   331      962.0000      844.5833 1.43e+08   12.21%
                                                  Impl Bds: 6                  
 1194858 781121      844.6905   227      962.0000      844.5833 1.43e+08   12.21%
 1197303 782641        cutoff            962.0000      844.6905 1.44e+08   12.19%
 1200106 784454      912.1229   347      962.0000      844.7833 1.44e+08   12.18%
 1203943 787004      922.7500   247      962.0000      844.7833 1.44e+08   12.18%
 1207337 789125      916.6184   351      962.0000      844.9286 1.45e+08   12.17%
                                                  Impl Bds: 1                  
 1210114 790770      865.9141   275      962.0000      844.9286 1.45e+08   12.17%
 1214000 793282      910.6580   308      962.0000      845.0000 1.45e+08   12.16%
                                                    Covers: 1                  
 1217657 795633        cutoff            962.0000      845.1667 1.46e+08   12.14%
                                                  Impl Bds: 2                  
Elapsed time = 5468.40 sec. (1523638.19 ticks, tree = 81858.98 MB, solutions = 46)
Nodefile size = 81728.44 MB (55017.64 MB after compression)
 1219891 797019      958.4251   371      962.0000      845.1667 1.46e+08   12.14%
 1222430 798574      897.8571   223      962.0000      845.2500 1.47e+08   12.14%
 1226294 801051      934.8514   337      962.0000      845.3333 1.47e+08   12.13%
 1230710 803955      874.1667   302      962.0000      845.3333 1.47e+08   12.13%
 1233507 805797      919.5399   417      962.0000      845.5000 1.48e+08   12.11%
 1235382 806926      855.0973   354      962.0000      845.5000 1.48e+08   12.11%
 1237868 808450      920.1844   378      962.0000      845.5000 1.48e+08   12.11%
 1242242 811144      926.3406   257      962.0000      845.6599 1.49e+08   12.09%
 1246210 813663      876.5906   320      962.0000      845.6599 1.49e+08   12.09%
 1249235 815572      909.8824   276      962.0000      845.7851 1.50e+08   12.08%
                                                  Impl Bds: 1                  
Elapsed time = 5614.90 sec. (1562553.26 ticks, tree = 83590.80 MB, solutions = 46)
Nodefile size = 83457.43 MB (56136.06 MB after compression)
 1252587 817577      901.6667   194      962.0000      845.7851 1.50e+08   12.08%
 1254392 818786      905.8086   349      962.0000      845.8958 1.50e+08   12.07%
                                                      Cuts: 7                  
 1258170 821242      871.2857   337      962.0000      846.0000 1.51e+08   12.06%
                                                  Impl Bds: 8                  
 1261013 822950      869.1203   373      962.0000      846.0000 1.51e+08   12.06%
 1264429 825115      899.5000   184      962.0000      846.0909 1.52e+08   12.05%
 1267609 827046      851.5635   351      962.0000      846.2000 1.52e+08   12.04%
 1270713 828951      916.0125   283      962.0000      846.2000 1.52e+08   12.04%
 1273113 830508      930.9583   246      962.0000      846.2857 1.53e+08   12.03%
 1275701 832207      942.2000   380      962.0000      846.2857 1.53e+08   12.03%
 1279046 834301      953.8667   284      962.0000      846.3480 1.54e+08   12.02%
Elapsed time = 5753.28 sec. (1601824.01 ticks, tree = 84871.03 MB, solutions = 46)
Nodefile size = 84733.63 MB (56960.28 MB after compression)
 1282255 836287      960.8208   369      962.0000      846.4896 1.54e+08   12.01%
 1286664 839075      873.9474   390      962.0000      846.4896 1.54e+08   12.01%
 1288921 840492      868.0882   356      962.0000      846.5833 1.55e+08   12.00%
 1292424 842671      879.7778   240      962.0000      846.6975 1.55e+08   11.99%
*1295683+844711                          960.0000      846.6975 1.55e+08   11.80%
Found incumbent of value 960.000000 after 5829.10 sec. (1620478.47 ticks)
 1297111 845677      929.2652   309      960.0000      846.6975 1.56e+08   11.80%
 1299617 842714        cutoff            960.0000      846.8297 1.56e+08   11.79%
 1302171 844274      945.5942   333      960.0000      846.8297 1.56e+08   11.79%
 1304581 845720      866.3136   314      960.0000      846.8833 1.57e+08   11.78%
 1307777 847717      870.8750   319      960.0000      847.0000 1.57e+08   11.77%
 1312215 850530      889.6653   330      960.0000      847.0000 1.57e+08   11.77%
Elapsed time = 5900.40 sec. (1641210.05 ticks, tree = 86343.26 MB, solutions = 47)
Nodefile size = 86198.69 MB (57871.76 MB after compression)
 1314789 852190        cutoff            960.0000      847.1167 1.58e+08   11.76%
                                                    Covers: 1                  
 1318260 854285      871.4231   287      960.0000      847.1167 1.58e+08   11.76%
 1320157 855402      943.0000   267      960.0000      847.2325 1.58e+08   11.75%
 1323142 857265      857.5833   286      960.0000      847.3000 1.59e+08   11.74%
 1326757 859585      959.0000   183      960.0000      847.3000 1.59e+08   11.74%
 1329988 861572      944.4286   346      960.0000      847.4219 1.60e+08   11.73%
 1333569 863779      881.0278   300      960.0000      847.5000 1.60e+08   11.72%
 1337441 866300      923.1667   242      960.0000      847.5000 1.60e+08   11.72%
 1339945 867840      889.1667   384      960.0000      847.6119 1.61e+08   11.71%
                                                    Covers: 1                  
 1343442 870001      914.0504   324      960.0000      847.6498 1.61e+08   11.70%
Elapsed time = 6048.79 sec. (1681413.96 ticks, tree = 88416.42 MB, solutions = 47)
Nodefile size = 88285.31 MB (59227.79 MB after compression)
 1345727 871339      912.2854   319      960.0000      847.6498 1.62e+08   11.70%
 1348393 872935      911.2855   438      960.0000      847.7821 1.62e+08   11.69%
 1354613 876946      886.8125   286      960.0000      847.8750 1.63e+08   11.68%
 1356261 877890      921.3462   286      960.0000      847.8750 1.63e+08   11.68%
 1359881 880164      938.2651   377      960.0000      848.0000 1.63e+08   11.67%
 1363078 882092      897.0812   365      960.0000      848.0824 1.64e+08   11.66%
 1366487 884164        cutoff            960.0000      848.0824 1.64e+08   11.66%
 1369425 885939      904.3333   204      960.0000      848.1667 1.64e+08   11.65%
 1373527 888579      925.7542   302      960.0000      848.1667 1.65e+08   11.65%
 1375600 889937      952.2500   346      960.0000      848.2821 1.65e+08   11.64%
Elapsed time = 6201.02 sec. (1722084.85 ticks, tree = 90317.91 MB, solutions = 47)
Nodefile size = 90187.55 MB (60458.52 MB after compression)
 1378145 891385      935.9167   305      960.0000      848.3384 1.66e+08   11.63%
 1381221 893201      872.9421   366      960.0000      848.3384 1.66e+08   11.63%
 1385430 895909      926.5000   303      960.0000      848.4599 1.66e+08   11.62%
 1389491 898439      935.6944   280      960.0000      848.5455 1.67e+08   11.61%
                                                    Covers: 1                  
 1392883 900520      920.0000   230      960.0000      848.5455 1.67e+08   11.61%
 1395227 901942      930.0167   180      960.0000      848.6667 1.67e+08   11.60%
 1398642 904064      935.3125   366      960.0000      848.6667 1.68e+08   11.60%
 1400878 905407      899.9500   314      960.0000      848.7347 1.68e+08   11.59%
 1404513 907577      909.3977   332      960.0000      848.8056 1.69e+08   11.58%
 1407233 909180      887.0333   326      960.0000      848.8056 1.69e+08   11.58%
Elapsed time = 6341.47 sec. (1761857.30 ticks, tree = 91711.31 MB, solutions = 47)
Nodefile size = 91572.11 MB (61351.42 MB after compression)
 1411027 911507      938.4000   250      960.0000      848.9167 1.69e+08   11.57%
                                                  Impl Bds: 3                  
 1415557 914379      954.5833    99      960.0000      849.0000 1.70e+08   11.56%
                                                      Cuts: 5                  
 1417459 915559      901.1667   340      960.0000      849.0000 1.70e+08   11.56%
 1421217 917825        cutoff            960.0000      849.0833 1.71e+08   11.55%
 1425035 920121        cutoff            960.0000      849.1844 1.71e+08   11.54%
 1429315 922858      942.1536   412      960.0000      849.1844 1.72e+08   11.54%
 1432095 924541      903.5847   363      960.0000      849.3000 1.72e+08   11.53%
 1435330 926443      926.1144   406      960.0000      849.3000 1.72e+08   11.53%
 1436048 926904        cutoff            960.0000      849.4000 1.72e+08   11.52%
 1440625 929751      877.1667   325      960.0000      849.4444 1.73e+08   11.52%
Elapsed time = 6495.86 sec. (1803097.87 ticks, tree = 93610.10 MB, solutions = 47)
Nodefile size = 93478.44 MB (62583.12 MB after compression)
 1443560 931499      902.0000   253      960.0000      849.4444 1.73e+08   11.52%
 1447729 934194      929.5278   347      960.0000      849.5417 1.74e+08   11.51%
 1451552 936578      912.1667   269      960.0000      849.6667 1.74e+08   11.49%
 1453496 937699      958.2024   307      960.0000      849.6667 1.75e+08   11.49%
 1456405 939448        cutoff            960.0000      849.6937 1.75e+08   11.49%
                                                  Impl Bds: 1                  
 1459946 941626      954.5000   269      960.0000      849.8214 1.75e+08   11.48%
                                                  Impl Bds: 4                  
 1464831 944669      900.0317   305      960.0000      849.8214 1.76e+08   11.48%
 1467229 946107      912.7419   255      960.0000      849.9286 1.76e+08   11.47%
                                                      Cuts: 2                  
 1471367 948639      921.8986   359      960.0000      849.9286 1.77e+08   11.47%
 1472665 949405      878.6429   387      960.0000      850.0000 1.77e+08   11.46%
Elapsed time = 6649.45 sec. (1842872.22 ticks, tree = 95707.93 MB, solutions = 47)
Nodefile size = 95577.38 MB (63934.78 MB after compression)
 1476221 951671        cutoff            960.0000      850.0481 1.77e+08   11.45%
                                                      Cuts: 2                  
 1478417 952933        cutoff            960.0000      850.0481 1.78e+08   11.45%
 1482153 955187      914.3182   266      960.0000      850.1667 1.78e+08   11.44%
 1484809 956795      885.6667   283      960.0000      850.1667 1.78e+08   11.44%
 1488661 959171      874.9809   359      960.0000      850.2500 1.79e+08   11.43%
 1492963 961933      874.2292   261      960.0000      850.3500 1.79e+08   11.42%
 1494084 962562      892.0000   257      960.0000      850.3500 1.79e+08   11.42%
 1496762 964139      850.4923   339      960.0000      850.4093 1.80e+08   11.42%
 1501013 966674      862.8216   360      960.0000      850.5000 1.80e+08   11.41%
 1505237 969390      862.3333   377      960.0000      850.5000 1.81e+08   11.41%
Elapsed time = 6794.92 sec. (1883537.22 ticks, tree = 97175.06 MB, solutions = 47)
Nodefile size = 97030.63 MB (64872.44 MB after compression)
 1508278 971270      889.9394   256      960.0000      850.6111 1.81e+08   11.39%
 1511542 973202      949.3750   238      960.0000      850.6111 1.81e+08   11.39%
 1513603 974380      864.4500   417      960.0000      850.7222 1.82e+08   11.38%
                                                  Impl Bds: 2                  
 1516233 975916      891.1898   416      960.0000      850.7552 1.82e+08   11.38%
                                                    Covers: 1                  
 1519867 978229      882.3099   328      960.0000      850.7552 1.83e+08   11.38%
 1523877 980724      891.6306   317      960.0000      850.8910 1.83e+08   11.37%
 1526981 982615      930.5227   300      960.0000      850.8910 1.83e+08   11.37%
 1530031 984397      881.7500   342      960.0000      851.0000 1.84e+08   11.35%
 1533005 986170      958.4400   431      960.0000      851.0236 1.84e+08   11.35%
 1535309 987717      936.2143   295      960.0000      851.0236 1.84e+08   11.35%
Elapsed time = 6942.18 sec. (1923846.21 ticks, tree = 99141.22 MB, solutions = 47)
Nodefile size = 99010.09 MB (66152.60 MB after compression)
 1539411 990093      864.3333   141      960.0000      851.1000 1.85e+08   11.34%
 1542875 992173      937.1167   293      960.0000      851.2000 1.85e+08   11.33%
 1546155 994069      867.6970   200      960.0000      851.2000 1.86e+08   11.33%
 1549021 995897      932.1000   185      960.0000      851.3026 1.86e+08   11.32%
 1553419 998719      912.0500   279      960.0000      851.4111 1.86e+08   11.31%
 1555588 999980      957.8800   365      960.0000      851.4111 1.87e+08   11.31%
 1558812 1001974      921.7500   241      960.0000      851.4860 1.87e+08   11.30%
 1562164 1003879      953.0000   224      960.0000      851.5373 1.88e+08   11.30%
 1566708 1006725      929.7866   269      960.0000      851.5373 1.88e+08   11.30%
 1569166 1008218      858.0000   263      960.0000      851.6444 1.88e+08   11.29%
Elapsed time = 7091.22 sec. (1963561.01 ticks, tree = 101145.19 MB, solutions = 47)
Nodefile size = 101013.96 MB (67447.42 MB after compression)
 1571533 1009620      902.1923   365      960.0000      851.6444 1.89e+08   11.29%
 1574240 1011128        cutoff            960.0000      851.7000 1.89e+08   11.28%
 1577468 1013034      955.2727   266      960.0000      851.8000 1.90e+08   11.27%
 1580516 1014804        cutoff            960.0000      851.8000 1.90e+08   11.27%
 1582982 1016284      911.3750   350      960.0000      851.8857 1.90e+08   11.26%
 1587959 1019453      957.6000   190      960.0000      851.8857 1.91e+08   11.26%
 1590229 1020715      879.1083   322      960.0000      852.0000 1.91e+08   11.25%
 1592192 1021894    infeasible            960.0000      852.0116 1.91e+08   11.25%
 1595356 1023764        cutoff            960.0000      852.0116 1.92e+08   11.25%
 1598707 1025698        cutoff            960.0000      852.1250 1.92e+08   11.24%
Elapsed time = 7235.21 sec. (2001971.42 ticks, tree = 102617.67 MB, solutions = 47)
Nodefile size = 102482.81 MB (68393.33 MB after compression)
 1601854 1027537      874.5000   227      960.0000      852.2024 1.92e+08   11.23%
 1605542 1029911      943.6667   274      960.0000      852.2024 1.93e+08   11.23%
 1609256 1032208        cutoff            960.0000      852.3000 1.93e+08   11.22%
 1611934 1033783      875.1618   343      960.0000      852.3000 1.94e+08   11.22%
 1614139 1035083      922.8500   336      960.0000      852.3655 1.94e+08   11.21%
 1617122 1036784      877.5000   309      960.0000      852.4623 1.94e+08   11.20%
 1620898 1039046      871.6667   248      960.0000      852.4623 1.95e+08   11.20%
 1623259 1040468      938.8466   286      960.0000      852.5106 1.95e+08   11.20%
 1628261 1043609      898.8333   135      960.0000      852.5106 1.96e+08   11.20%
 1629834 1044550      869.4167   330      960.0000      852.6429 1.96e+08   11.18%
Elapsed time = 7386.08 sec. (2041462.39 ticks, tree = 104607.68 MB, solutions = 47)
Nodefile size = 104476.66 MB (69679.45 MB after compression)
 1632814 1046239      890.0833   276      960.0000      852.7079 1.96e+08   11.18%
                                                    Covers: 1                  
 1636019 1048115      862.7206   360      960.0000      852.7079 1.97e+08   11.18%
 1639068 1049950      945.9135   318      960.0000      852.7895 1.97e+08   11.17%
 1643540 1052838      873.6619   309      960.0000      852.7895 1.97e+08   11.17%
 1645625 1054025      895.5431   365      960.0000      852.8889 1.98e+08   11.16%
 1647971 1055413      939.7952   377      960.0000      852.9444 1.98e+08   11.15%
 1651267 1057383      941.1485   225      960.0000      852.9444 1.98e+08   11.15%
 1654373 1059180      931.2947   373      960.0000      853.0000 1.99e+08   11.15%
 1657777 1061183      877.1333   232      960.0000      853.0000 1.99e+08   11.15%
 1661283 1063465      903.1217   357      960.0000      853.0833 2.00e+08   11.14%
Elapsed time = 7528.12 sec. (2080006.49 ticks, tree = 106125.49 MB, solutions = 47)
Nodefile size = 105986.13 MB (70655.47 MB after compression)
 1664682 1065584    infeasible            960.0000      853.1667 2.00e+08   11.13%
 1666689 1066743      899.5000   181      960.0000      853.1667 2.00e+08   11.13%
 1669570 1068398      893.4624   339      960.0000      853.2333 2.01e+08   11.12%
 1672965 1070351        cutoff            960.0000      853.3333 2.01e+08   11.11%
 1676165 1072200      899.3333   273      960.0000      853.3333 2.01e+08   11.11%
 1678374 1073502      956.6729   399      960.0000      853.4167 2.02e+08   11.10%
 1683190 1076425      902.1111   381      960.0000      853.4167 2.02e+08   11.10%
 1685989 1078028      919.1441   318      960.0000      853.5000 2.03e+08   11.09%
 1688762 1079681      897.1333   249      960.0000      853.5833 2.03e+08   11.09%
 1690592 1080763      882.0000   259      960.0000      853.5833 2.03e+08   11.09%
Elapsed time = 7674.21 sec. (2119201.94 ticks, tree = 107794.97 MB, solutions = 47)
Nodefile size = 107664.83 MB (71736.93 MB after compression)
 1694358 1083042      945.5000   286      960.0000      853.6292 2.04e+08   11.08%
 1699339 1086104      916.1319   299      960.0000      853.7243 2.04e+08   11.07%
 1702827 1088121      872.8333   390      960.0000      853.7243 2.05e+08   11.07%
 1706069 1090005      933.1333   282      960.0000      853.8125 2.05e+08   11.06%
 1709157 1091834      865.2667   230      960.0000      853.8815 2.05e+08   11.05%
 1710437 1092614      866.2917   257      960.0000      853.8815 2.06e+08   11.05%
 1714343 1095102      938.5000   157      960.0000      853.9500 2.06e+08   11.05%
                                                    Covers: 1                  
 1718794 1097694      871.4545   323      960.0000      854.0000 2.07e+08   11.04%
                                                    Covers: 2                  
 1722433 1099834      959.0000   246      960.0000      854.0000 2.07e+08   11.04%
 1724764 1101256      933.1667   346      960.0000      854.0909 2.07e+08   11.03%
Elapsed time = 7829.51 sec. (2160490.18 ticks, tree = 109555.90 MB, solutions = 47)
Nodefile size = 109422.17 MB (72867.50 MB after compression)
 1730080 1104558      952.5000   228      960.0000      854.0909 2.08e+08   11.03%
 1730959 1105046      897.9333   314      960.0000      854.1667 2.08e+08   11.02%
 1734066 1106805      889.5000   187      960.0000      854.2361 2.09e+08   11.02%
 1736682 1108330      953.9525   338      960.0000      854.2361 2.09e+08   11.02%
 1740008 1110264      873.4889   421      960.0000      854.3333 2.09e+08   11.01%
 1743713 1112444      956.5357   336      960.0000      854.4000 2.10e+08   11.00%
 1748161 1115266        cutoff            960.0000      854.4000 2.10e+08   11.00%
 1751482 1117322      903.0000   198      960.0000      854.5000 2.10e+08   10.99%
 1753625 1118495      874.4821   392      960.0000      854.5000 2.11e+08   10.99%
 1756057 1119950        cutoff            960.0000      854.5333 2.11e+08   10.99%
Elapsed time = 7972.68 sec. (2200243.36 ticks, tree = 111170.56 MB, solutions = 47)
Nodefile size = 111035.37 MB (73912.56 MB after compression)
 1759391 1121885      904.5357   320      960.0000      854.6134 2.12e+08   10.98%
 1762213 1123500      903.7083   299      960.0000      854.6134 2.12e+08   10.98%
 1765791 1125680      933.1905   265      960.0000      854.6879 2.12e+08   10.97%
 1770635 1128695      921.4643   302      960.0000      854.7718 2.13e+08   10.96%
 1772939 1129973        cutoff            960.0000      854.7718 2.13e+08   10.96%
 1775376 1131346      907.1177   377      960.0000      854.8333 2.13e+08   10.95%
 1779323 1133584      876.4821   297      960.0000      854.9109 2.14e+08   10.95%
 1783451 1136304      862.0833   251      960.0000      854.9109 2.14e+08   10.95%
 1786839 1138315      924.8659   463      960.0000      855.0000 2.15e+08   10.94%
 1788317 1139131      906.5833   217      960.0000      855.0000 2.15e+08   10.94%
Elapsed time = 8128.54 sec. (2240420.48 ticks, tree = 113156.95 MB, solutions = 47)
Nodefile size = 113027.03 MB (75194.72 MB after compression)
 1791731 1141121      893.7000   212      960.0000      855.0078 2.15e+08   10.94%
 1795011 1143098      937.9667   238      960.0000      855.1524 2.16e+08   10.92%
 1798386 1145007      876.4429   300      960.0000      855.1524 2.16e+08   10.92%
 1801362 1146780      917.1667   206      960.0000      855.2037 2.17e+08   10.92%
 1805577 1149379      888.2500   222      960.0000      855.2037 2.17e+08   10.92%
 1806937 1150172        cutoff            960.0000      855.2917 2.17e+08   10.91%
 1810345 1152162        cutoff            960.0000      855.3333 2.18e+08   10.90%
                                                    Covers: 1                  
 1812723 1153503      947.3059   278      960.0000      855.3333 2.18e+08   10.90%
 1816175 1155532      899.2187   285      960.0000      855.4136 2.18e+08   10.89%
 1817707 1156417      910.9546   500      960.0000      855.4136 2.19e+08   10.89%
Elapsed time = 8263.40 sec. (2280402.39 ticks, tree = 114539.79 MB, solutions = 47)
Nodefile size = 114401.34 MB (76079.75 MB after compression)
 1823392 1159745      863.1429   250      960.0000      855.5000 2.19e+08   10.89%
 1826583 1161680        cutoff            960.0000      855.5556 2.19e+08   10.88%
 1827170 1162040      899.8095   358      960.0000      855.5556 2.20e+08   10.88%
 1830162 1163819      923.5519   519      960.0000      855.5909 2.20e+08   10.88%
 1835025 1166635      885.6349   307      960.0000      855.6667 2.21e+08   10.87%
 1838380 1168598      900.3333   266      960.0000      855.6667 2.21e+08   10.87%
 1842332 1170953      897.5000   161      960.0000      855.7500 2.21e+08   10.86%
 1846986 1173878        cutoff            960.0000      855.8333 2.22e+08   10.85%
                                                  Impl Bds: 2                  
 1848625 1174795      868.2097   337      960.0000      855.8333 2.22e+08   10.85%
 1851041 1176222      881.7857   312      960.0000      855.8806 2.23e+08   10.85%
Elapsed time = 8417.94 sec. (2321645.12 ticks, tree = 116466.12 MB, solutions = 47)
Nodefile size = 116334.13 MB (77324.61 MB after compression)
 1855083 1178599      924.3333   279      960.0000      855.9800 2.23e+08   10.84%
                                                  ZeroHalf: 1                  
 1858507 1180600        cutoff            960.0000      855.9800 2.23e+08   10.84%
 1860996 1181988      932.6078   363      960.0000      856.0000 2.24e+08   10.83%
 1866123 1185115      949.5660   335      960.0000      856.0000 2.24e+08   10.83%
 1867590 1185986      875.3661   391      960.0000      856.1000 2.25e+08   10.82%
 1870187 1187449      917.3333   298      960.0000      856.1472 2.25e+08   10.82%
 1873235 1189147      937.0667   249      960.0000      856.1472 2.25e+08   10.82%
 1876503 1191046      870.0000   293      960.0000      856.2277 2.26e+08   10.81%
 1880054 1193063      929.6778   245      960.0000      856.2940 2.26e+08   10.80%
                                                  Impl Bds: 1                  
 1884716 1195963      917.1667   277      960.0000      856.2940 2.27e+08   10.80%
Elapsed time = 8571.89 sec. (2361840.26 ticks, tree = 118256.85 MB, solutions = 47)
Nodefile size = 118114.63 MB (78470.58 MB after compression)
 1887573 1197707      879.9339   362      960.0000      856.3805 2.27e+08   10.79%
                                                  Impl Bds: 1                  
 1889560 1198859      931.5952   262      960.0000      856.3805 2.27e+08   10.79%
 1891905 1200210      956.0833   223      960.0000      856.4338 2.28e+08   10.79%
 1895799 1202438      882.0556   289      960.0000      856.5000 2.28e+08   10.78%
 1899275 1204345      956.6333   313      960.0000      856.5000 2.28e+08   10.78%
 1902393 1206227      857.1832   324      960.0000      856.5556 2.29e+08   10.78%
 1907194 1209226      885.4928   339      960.0000      856.5556 2.29e+08   10.78%
 1908802 1210129      921.5833   392      960.0000      856.6667 2.29e+08   10.76%
 1911339 1211563      914.4722   322      960.0000      856.6987 2.30e+08   10.76%
 1914234 1213241      865.0111   290      960.0000      856.6987 2.30e+08   10.76%
Elapsed time = 8713.38 sec. (2401015.60 ticks, tree = 119808.05 MB, solutions = 47)
Nodefile size = 119669.79 MB (79469.34 MB after compression)
 1917247 1214882      911.4517   332      960.0000      856.7759 2.31e+08   10.75%
 1920727 1216913      906.1190   356      960.0000      856.8488 2.31e+08   10.74%
 1925314 1219761      898.2500   220      960.0000      856.8488 2.31e+08   10.74%
 1928037 1221394      955.9333   329      960.0000      856.9365 2.32e+08   10.74%
 1930511 1222933      897.0000   185      960.0000      856.9365 2.32e+08   10.74%
 1933780 1224760      916.5000   285      960.0000      857.0000 2.33e+08   10.73%
 1937154 1226659        cutoff            960.0000      857.0247 2.33e+08   10.73%
 1939838 1228226      941.5500   328      960.0000      857.0247 2.33e+08   10.73%
 1941973 1229462      943.0000   376      960.0000      857.1111 2.34e+08   10.72%
 1946029 1231945      900.2903   322      960.0000      857.1667 2.34e+08   10.71%
Elapsed time = 8862.80 sec. (2440345.97 ticks, tree = 121399.71 MB, solutions = 47)
Nodefile size = 121269.44 MB (80499.95 MB after compression)
 1948541 1233339        cutoff            960.0000      857.1667 2.34e+08   10.71%
 1952078 1235424      927.0949   376      960.0000      857.2500 2.35e+08   10.70%
 1955731 1237536      871.8889   177      960.0000      857.2500 2.35e+08   10.70%
 1958232 1239116      955.3125   278      960.0000      857.3222 2.35e+08   10.70%
 1963126 1241994      934.1667   186      960.0000      857.3833 2.36e+08   10.69%
 1964227 1242613        cutoff            960.0000      857.3833 2.36e+08   10.69%
 1967399 1244420      860.8409   196      960.0000      857.4239 2.37e+08   10.69%
 1971078 1246510      909.3875   217      960.0000      857.5000 2.37e+08   10.68%
 1974214 1248260      921.7593   303      960.0000      857.5000 2.37e+08   10.68%
 1977611 1250273      934.0500   258      960.0000      857.5658 2.38e+08   10.67%
Elapsed time = 9013.77 sec. (2480002.70 ticks, tree = 123141.12 MB, solutions = 47)
Nodefile size = 123005.75 MB (81613.27 MB after compression)
 1982738 1253503      942.8333   165      960.0000      857.5658 2.38e+08   10.67%
 1984228 1254346      931.8000   335      960.0000      857.6667 2.38e+08   10.66%
                                                    Covers: 1                  
 1986666 1255649      898.5370   451      960.0000      857.6694 2.39e+08   10.66%
 1990149 1257606      920.5000   247      960.0000      857.6694 2.39e+08   10.66%
 1992791 1259034      944.4111   346      960.0000      857.7576 2.40e+08   10.65%
 1996735 1261264      914.8333   298      960.0000      857.8333 2.40e+08   10.64%
 2000245 1263287      933.0000   300      960.0000      857.8333 2.40e+08   10.64%
 2002130 1264355      949.5157   525      960.0000      857.9063 2.41e+08   10.63%
 2006671 1267175      879.6250   277      960.0000      857.9625 2.41e+08   10.63%
 2010010 1269167      886.7968   381      960.0000      857.9625 2.42e+08   10.63%
Elapsed time = 9159.60 sec. (2520642.01 ticks, tree = 124585.94 MB, solutions = 47)
Nodefile size = 124446.63 MB (82535.27 MB after compression)
 2012903 1270677      898.2868   353      960.0000      858.0000 2.42e+08   10.62%
 2016421 1272713      946.8913   173      960.0000      858.0000 2.42e+08   10.62%
 2019522 1274617      907.5625   276      960.0000      858.0833 2.43e+08   10.62%
 2024079 1277521      915.0625   338      960.0000      858.1607 2.43e+08   10.61%
 2025361 1278184      949.2941   320      960.0000      858.1607 2.43e+08   10.61%
 2029072 1280253      894.5227   298      960.0000      858.1701 2.44e+08   10.61%
 2032774 1282323      867.9167   277      960.0000      858.2500 2.44e+08   10.60%
 2036838 1284717      922.9833   199      960.0000      858.2500 2.45e+08   10.60%
 2039128 1285947      858.4133   251      960.0000      858.3333 2.45e+08   10.59%
                                                    Covers: 1                  
 2043209 1288402      871.4277   350      960.0000      858.3333 2.45e+08   10.59%
Elapsed time = 9310.45 sec. (2560799.89 ticks, tree = 126476.96 MB, solutions = 47)
Nodefile size = 126330.37 MB (83744.68 MB after compression)
 2044057 1288892      933.3333   379      960.0000      858.4000 2.46e+08   10.58%
                                                    Covers: 3                  
 2047199 1290686      899.5185   417      960.0000      858.4383 2.46e+08   10.58%
 2051062 1292949      958.7500   217      960.0000      858.4383 2.47e+08   10.58%
 2053829 1294421      896.5301   314      960.0000      858.5000 2.47e+08   10.57%
 2057245 1296325      936.2990   334      960.0000      858.5556 2.47e+08   10.57%
                                                  ZeroHalf: 1                  
 2062274 1299454      890.1391   378      960.0000      858.5556 2.48e+08   10.57%
 2064769 1301002      958.0000   101      960.0000      858.6458 2.48e+08   10.56%
 2067654 1302562      913.1212   302      960.0000      858.6458 2.49e+08   10.56%
 2069917 1303823      897.6073   340      960.0000      858.6707 2.49e+08   10.56%
 2073299 1305744      939.0333   306      960.0000      858.7500 2.49e+08   10.55%
Elapsed time = 9459.20 sec. (2600560.85 ticks, tree = 128267.89 MB, solutions = 47)
Nodefile size = 128137.57 MB (84904.83 MB after compression)
 2076467 1307555      918.3500   348      960.0000      858.7500 2.50e+08   10.55%
 2079768 1309628      937.5833   263      960.0000      858.8182 2.50e+08   10.54%
 2085075 1312892      899.4653   313      960.0000      858.8182 2.50e+08   10.54%
 2085616 1313203      946.3333   369      960.0000      858.8889 2.51e+08   10.53%
 2088991 1315162      882.6667   259      960.0000      858.9375 2.51e+08   10.53%
 2092582 1317408      905.7500   284      960.0000      858.9375 2.51e+08   10.53%
 2095847 1319264      890.7611   373      960.0000      859.0000 2.52e+08   10.52%
 2098833 1320909      936.5651   338      960.0000      859.0000 2.52e+08   10.52%
 2102608 1323216      936.2963   289      960.0000      859.0333 2.53e+08   10.52%
 2106374 1325532      931.3016   294      960.0000      859.1111 2.53e+08   10.51%
Elapsed time = 9606.85 sec. (2639460.53 ticks, tree = 130394.30 MB, solutions = 47)
Nodefile size = 130264.51 MB (86272.19 MB after compression)
 2108614 1326815      884.7222   318      960.0000      859.1111 2.53e+08   10.51%
 2111290 1328328      932.6897   316      960.0000      859.1667 2.54e+08   10.50%
                                                    Covers: 1                  
 2114882 1330381      921.5667   190      960.0000      859.2143 2.54e+08   10.50%
                                                  ZeroHalf: 1                  
 2118672 1332507      957.3333   223      960.0000      859.2143 2.54e+08   10.50%
 2121612 1334244      913.6042   298      960.0000      859.2664 2.55e+08   10.49%
 2125178 1336579      911.8542   311      960.0000      859.2664 2.55e+08   10.49%
 2127100 1337644      937.1077   270      960.0000      859.3188 2.56e+08   10.49%
 2130975 1339856        cutoff            960.0000      859.3750 2.56e+08   10.48%
 2134111 1341614      922.4167   320      960.0000      859.3750 2.56e+08   10.48%
 2137419 1343701      944.7667   264      960.0000      859.4519 2.57e+08   10.47%
Elapsed time = 9757.65 sec. (2679560.22 ticks, tree = 131637.16 MB, solutions = 47)
Nodefile size = 131501.35 MB (87061.81 MB after compression)
 2142219 1346498      955.0000   224      960.0000      859.5000 2.57e+08   10.47%
 2143291 1347068      920.1667   285      960.0000      859.5000 2.57e+08   10.47%
 2143932 1347451      859.9673   342      960.0000      859.5000 2.57e+08   10.47%
 2145928 1348530      904.2781   286      960.0000      859.5263 2.58e+08   10.47%
 2150155 1350962      922.9833   265      960.0000      859.5833 2.58e+08   10.46%
 2150512 1351168      940.2800   186      960.0000      859.5833 2.58e+08   10.46%
 2155048 1353797      957.5049   284      960.0000      859.6190 2.59e+08   10.46%
 2156310 1354516      932.4844   305      960.0000      859.6190 2.59e+08   10.46%
 2158711 1355887      904.0000   238      960.0000      859.6667 2.59e+08   10.45%
 2159596 1356381      871.6153   337      960.0000      859.6667 2.59e+08   10.45%
Elapsed time = 9882.34 sec. (2724966.95 ticks, tree = 132730.45 MB, solutions = 47)
Nodefile size = 132592.15 MB (87756.95 MB after compression)
 2162778 1358249      946.7667   301      960.0000      859.7174 2.60e+08   10.45%
 2163906 1358835      899.0332   293      960.0000      859.7174 2.60e+08   10.45%
 2166889 1360556      895.4762   223      960.0000      859.7773 2.60e+08   10.44%
 2167578 1360956      946.1329   346      960.0000      859.7773 2.60e+08   10.44%
 2172352 1363759      923.1250   354      960.0000      859.8194 2.61e+08   10.44%
 2174584 1364988      903.9192   255      960.0000      859.8750 2.61e+08   10.43%
 2178656 1367260      947.2500   158      960.0000      859.9091 2.62e+08   10.43%
 2179911 1367988      911.1667   210      960.0000      859.9091 2.62e+08   10.43%
 2183687 1370306      944.6667   226      960.0000      859.9792 2.62e+08   10.42%
 2188609 1373090      937.9427   380      960.0000      860.0000 2.63e+08   10.42%
Elapsed time = 10069.47 sec. (2803447.22 ticks, tree = 134525.71 MB, solutions = 47)
Nodefile size = 134395.94 MB (88911.67 MB after compression)
 2189065 1373340      870.1250   263      960.0000      860.0000 2.63e+08   10.42%
 2191504 1374730      908.2771   301      960.0000      860.0556 2.63e+08   10.41%
 2195623 1377101      941.4259   307      960.0000      860.0833 2.64e+08   10.41%
 2197019 1377860      930.1000   274      960.0000      860.0833 2.64e+08   10.41%
 2199521 1379291      958.0000   244      960.0000      860.1250 2.64e+08   10.40%
 2202200 1380932      944.6471   319      960.0000      860.1250 2.64e+08   10.40%
 2205567 1382959      916.8750   265      960.0000      860.1667 2.65e+08   10.40%
 2207572 1384088      884.6875   138      960.0000      860.2500 2.65e+08   10.39%
 2209248 1384983      899.7000   239      960.0000      860.2500 2.65e+08   10.39%
 2212758 1387010      860.7380   254      960.0000      860.2784 2.65e+08   10.39%
Elapsed time = 10222.67 sec. (2861727.19 ticks, tree = 135664.77 MB, solutions = 47)
Nodefile size = 135532.01 MB (89640.63 MB after compression)
 2213423 1387377      876.4075   272      960.0000      860.2784 2.66e+08   10.39%
 2216695 1389090      913.8302   290      960.0000      860.3333 2.66e+08   10.38%
 2218158 1389935      954.5000   195      960.0000      860.3333 2.66e+08   10.38%
 2220213 1391179      945.7179   196      960.0000      860.3793 2.66e+08   10.38%
 2223891 1393430      901.8333   235      960.0000      860.4002 2.67e+08   10.37%
 2228307 1395962      907.1667   301      960.0000      860.4722 2.67e+08   10.37%
*2230491+1397088                          957.0000      860.4722 2.68e+08   10.09%
Found incumbent of value 957.000000 after 10320.67 sec. (2898549.35 ticks)
 2231419 1390151      910.8333   283      957.0000      860.5000 2.68e+08   10.08%
 2231780 1390344      926.6000   225      957.0000      860.5000 2.68e+08   10.08%
 2232536 1390835      928.3400   265      957.0000      860.5000 2.68e+08   10.08%
 2235696 1392710      937.5357   263      957.0000      860.5313 2.68e+08   10.08%
Elapsed time = 10395.33 sec. (2940031.88 ticks, tree = 136059.84 MB, solutions = 49)
Nodefile size = 135929.95 MB (89825.19 MB after compression)
 2238535 1394317      880.4250   187      957.0000      860.5417 2.69e+08   10.08%
 2242382 1396470      879.5978   353      957.0000      860.6149 2.69e+08   10.07%
 2244387 1397508      898.4479   343      957.0000      860.6149 2.69e+08   10.07%
 2246718 1398700      866.3056   254      957.0000      860.6667 2.69e+08   10.07%
 2247552 1399179      919.7176   340      957.0000      860.6667 2.70e+08   10.07%
 2250930 1401178      944.7500   212      957.0000      860.7292 2.70e+08   10.06%
 2251893 1401781      888.0000   234      957.0000      860.7292 2.70e+08   10.06%
 2253989 1403007      927.5000   238      957.0000      860.7500 2.70e+08   10.06%
 2257415 1404903      905.0556   301      957.0000      860.7879 2.71e+08   10.05%
 2257818 1405111        cutoff            957.0000      860.7879 2.71e+08   10.05%
Elapsed time = 10583.45 sec. (3042054.06 ticks, tree = 136922.07 MB, solutions = 49)
Nodefile size = 136790.57 MB (90371.83 MB after compression)
 2258177 1405325      908.5000   181      957.0000      860.7879 2.71e+08   10.05%
 2259746 1406191      947.1742   168      957.0000      860.7879 2.71e+08   10.05%
 2261232 1406983      937.3333   184      957.0000      860.8333 2.71e+08   10.05%
 2262128 1407470      887.8667   275      957.0000      860.8333 2.71e+08   10.05%
 2264993 1409045      915.2667   276      957.0000      860.8382 2.72e+08   10.05%
 2268845 1411249      922.5833   184      957.0000      860.9167 2.72e+08   10.04%
 2269269 1411528      884.5000   278      957.0000      860.9167 2.72e+08   10.04%
 2269443 1411641      929.6667   190      957.0000      860.9167 2.72e+08   10.04%
 2273217 1413999      932.0833   226      957.0000      860.9783 2.72e+08   10.03%
 2275021 1414874      909.6667   192      957.0000      861.0000 2.73e+08   10.03%
Elapsed time = 10781.82 sec. (3154167.03 ticks, tree = 137727.85 MB, solutions = 49)
Nodefile size = 137596.73 MB (90886.42 MB after compression)
 2275718 1415200      928.5714   316      957.0000      861.0000 2.73e+08   10.03%

GUB cover cuts applied:  3
Cover cuts applied:  35
Implied bound cuts applied:  217
Zero-half cuts applied:  216
Gomory fractional cuts applied:  8

Root node processing (before b&c):
  Real time             =    7.27 sec. (4032.73 ticks)
Parallel b&c, 32 threads:
  Real time             = 10798.81 sec. (3160902.58 ticks)
  Sync time (average)   =    1.80 sec.
  Wait time (average)   =    0.00 sec.
                          ------------
Total (root+branch&cut) = 10806.08 sec. (3164935.31 ticks)


Solution status: Feasible
Execution time: 10806.4 sec
Gap: 0.10031
