Thu Jul 19 08:26:44 2018

Tried aggregator 2 times.
MIP Presolve eliminated 10580 rows and 121 columns.
Aggregator did 380 substitutions.
Reduced MIP has 11090 rows, 3988 columns, and 42736 nonzeros.
Reduced MIP has 3988 binaries, 0 generals, 0 SOSs, and 0 indicators.
Presolve time = 0.09 sec. (59.60 ticks)
Probing time = 0.01 sec. (2.68 ticks)
Tried aggregator 1 time.
Presolve time = 0.03 sec. (19.60 ticks)
Probing time = 0.01 sec. (2.68 ticks)
Clique table members: 21334.
MIP emphasis: balance optimality and feasibility.
MIP search method: dynamic search.
Parallel mode: deterministic, using up to 32 threads.
Root relaxation solution time = 0.96 sec. (87.54 ticks)

        Nodes                                         Cuts/
   Node  Left     Objective  IInf  Best Integer    Best Bound    ItCnt     Gap

      0     0      571.0000   412                    571.0000      844         
      0     0      575.2996   525                    Cuts: 29     1393         
      0     0      601.5047   514                    Cuts: 39     2076         
      0     0      634.1967   620                    Cuts: 36     4059         
      0     0      653.3615   583                    Cuts: 39     4697         
      0     0      673.5216   605                ZeroHalf: 48     5510         
      0     0      684.9717   690                    Cuts: 36     9906         
      0     0      692.2162   687                ZeroHalf: 33    12163         
      0     0      700.0000   667                ZeroHalf: 23    12883         
      0     0      701.3750   637                ZeroHalf: 35    13318         
*     0+    0                         1473.0000      701.3750    16964   52.38%
Found incumbent of value 1473.000000 after 12.48 sec. (7696.93 ticks)
      0     0      702.0833   691     1473.0000  ZeroHalf: 34    16964   52.34%
      0     0      702.0867   654     1473.0000  ZeroHalf: 22    17548   52.34%
      0     0      702.6481   618     1473.0000      Cuts: 29    17940   52.30%
      0     0      704.0806   605     1473.0000  ZeroHalf: 50    18399   52.20%
      0     0      704.3611   514     1473.0000  ZeroHalf: 31    18572   52.18%
      0     0      706.1503   616     1473.0000      Cuts: 26    19129   52.06%
      0     0      706.6176   633     1473.0000      Cuts: 19    19605   52.03%
      0     0      707.1097   627     1473.0000  ZeroHalf: 21    19811   52.00%
      0     0      707.8318   604     1473.0000      Cuts: 23    20214   51.95%
      0     0      708.1512   647     1473.0000  ZeroHalf: 19    20573   51.92%
      0     0      708.2083   649     1473.0000      Cuts: 16    20738   51.92%
      0     0      708.2110   644     1473.0000  ZeroHalf: 17    20842   51.92%
      0     2      708.2110   644     1473.0000      708.2110    20842   51.92%
Elapsed time = 19.76 sec. (12843.10 ticks, tree = 0.01 MB, solutions = 1)
      2     4      708.5497   641     1473.0000      708.2110    21663   51.92%
      4     6      713.9579   587     1473.0000      708.6059    22095   51.89%
      9    11      716.4806   549     1473.0000      708.9856    24617   51.87%
                                                      Cuts: 8                  
     12    14      730.6917   529     1473.0000      708.9856    25939   51.87%
     14    16      717.0959   672     1473.0000      708.9856    31919   51.87%
     19    21      719.5379   579     1473.0000      708.9856    34714   51.87%
                                                 ZeroHalf: 13                  
     28    30      724.4617   475     1473.0000      708.9856    40047   51.87%
     38    40      755.7916   529     1473.0000      708.9856    45852   51.87%
                                                  Impl Bds: 1                  
     46    48      764.6989   473     1473.0000      708.9856    51531   51.87%
*    82+   82                         1454.0000      708.9856    68670   51.24%
                                                     Cuts: 20                  
Found incumbent of value 1454.000000 after 27.33 sec. (17790.86 ticks)
*    87+   87                         1437.0000      708.9856    70147   50.66%
Found incumbent of value 1437.000000 after 27.43 sec. (17787.25 ticks)
    172   174      767.4646   434     1437.0000      708.9856   100195   50.66%
Elapsed time = 29.62 sec. (18559.42 ticks, tree = 0.01 MB, solutions = 1)
    432   434      851.3122   391     1437.0000      708.9856   182629   50.66%
                                                     Cuts: 11                  
    664   666      815.3800   348     1437.0000      708.9856   264473   50.66%
   1243  1237    infeasible           1437.0000      708.9856   375145   50.66%
                                                      Cuts: 6                  
   2901  2715      787.6056   510     1437.0000      708.9856   607521   50.66%
                                                     Cuts: 26                  
   3180  2980      753.9886   433     1437.0000      708.9856   659852   50.66%
   3484  3264      963.1804   472     1437.0000      708.9856   716046   50.66%
   5083  4722      811.6848   518     1437.0000      717.1144   949970   50.10%
                                                     Cuts: 28                  
   5435  5065      856.0216   421     1437.0000      717.1144  1014041   50.10%
   6011  5621     1034.2034   346     1437.0000      717.1144  1096726   50.10%
   6875  6406     1212.4826   320     1437.0000      717.1144  1200035   50.10%
Elapsed time = 64.87 sec. (31388.04 ticks, tree = 127.93 MB, solutions = 3)
   8283  7666      894.1002   513     1437.0000      717.1144  1417850   50.10%
   9031  8378      708.3883   627     1437.0000      722.1830  1538256   49.74%
   9032  8379      719.3936   426     1437.0000      722.1830  1540832   49.74%
   9033  8380      732.3481   583     1437.0000      722.1830  1545117   49.74%
   9035  8381      740.2927   509     1437.0000      722.1830  1552011   49.74%
   9039  8383      756.9595   545     1437.0000      722.1830  1555516   49.74%
*  9040+ 5590                         1434.0000      722.1830  1556868   49.64%
Found incumbent of value 1434.000000 after 115.23 sec. (52049.12 ticks)
   9041  5593      765.2206   561     1434.0000      722.1830  1563970   49.64%
   9046  5595      718.9338   575     1434.0000      722.1830  1576346   49.64%
   9050  5598      829.0802   399     1434.0000      722.1830  1580377   49.64%
   9056  5602      769.9851   517     1434.0000      722.1830  1584800   49.64%
                                                  ZeroHalf: 6                  
Elapsed time = 124.22 sec. (58985.71 ticks, tree = 84.87 MB, solutions = 4)
   9058  5604      773.9091   537     1434.0000      722.1830  1592145   49.64%
*  9066+ 3749                         1422.0000      722.1830  1599336   49.21%
Found incumbent of value 1422.000000 after 127.55 sec. (58691.71 ticks)
   9078  3755      776.9375   409     1422.0000      722.1830  1616566   49.21%
                                                 ZeroHalf: 14                  
*  9091+ 2526                         1415.0000      722.1830  1628100   48.96%
Found incumbent of value 1415.000000 after 130.48 sec. (61703.80 ticks)
   9099  2535      792.4240   550     1415.0000      722.1830  1636965   48.96%
*  9117+ 1723                         1408.0000      722.1830  1647996   48.71%
Found incumbent of value 1408.000000 after 135.95 sec. (62768.83 ticks)
*  9122+ 1181                         1404.0000      722.1830  1653703   48.56%
Found incumbent of value 1404.000000 after 135.95 sec. (62730.59 ticks)
   9155  1199      792.4240   476     1404.0000      722.1830  1684150   48.56%
   9561  1428      804.4902   404     1404.0000      722.1830  2005665   48.56%
                                                     Cuts: 12                  
   9574  1438      888.9021   433     1404.0000      722.1830  2016669   48.56%
   9589  1447      804.4538   482     1404.0000      722.1830  2034723   48.56%
   9735  1529     1068.1667   311     1404.0000      722.1830  2129451   48.56%
   9955  1662      823.5313   436     1404.0000      722.1830  2276908   48.56%
  10035  1715      899.0926   481     1404.0000      722.1830  2311537   48.56%
Elapsed time = 169.27 sec. (73650.59 ticks, tree = 11.28 MB, solutions = 10)
  10163  1787      897.1111   376     1404.0000      722.1830  2341760   48.56%
  10259  1839      898.3333   356     1404.0000      722.1830  2359450   48.56%
  10451  1948      906.4712   387     1404.0000      722.1830  2397204   48.56%
  11053  2262      747.5982   629     1404.0000      722.1830  2508031   48.56%
  11203  2344      793.9022   518     1404.0000      722.1830  2530325   48.56%
  11694  2634      840.4505   438     1404.0000      722.1830  2590647   48.56%
  12654  3568      899.1250   373     1404.0000      722.1830  2691398   48.56%
  13065  3967      980.7632   365     1404.0000      722.1830  2738576   48.56%
  13673  4545     1075.7500   243     1404.0000      722.1830  2818873   48.56%
  14756  5579     1181.2222   212     1404.0000      722.1830  2955861   48.56%
Elapsed time = 201.12 sec. (84506.36 ticks, tree = 31.54 MB, solutions = 10)
  16234  6998     1172.3333   154     1404.0000      722.1830  3132694   48.56%
  16525  7285     1102.2083   315     1404.0000      722.1830  3174044   48.56%
  16891  7639      895.0756   431     1404.0000      722.1830  3216250   48.56%
  17307  8035     1009.5867   399     1404.0000      722.1830  3257397   48.56%
  17787  8491      941.6915   438     1404.0000      722.1830  3306369   48.56%
  18427  9098      968.8053   412     1404.0000      722.1830  3372162   48.56%
  18770  9429      863.5793   600     1404.0000      722.1830  3415947   48.56%
  21710 12234     1154.2188   227     1404.0000      722.1830  3743730   48.56%
                                                     Cuts: 20                  
  21933 12457      825.7778   420     1404.0000      722.1830  3785521   48.56%
  22285 12799      845.6163   332     1404.0000      722.1830  3834957   48.56%
Elapsed time = 260.46 sec. (97407.28 ticks, tree = 743.53 MB, solutions = 10)
Nodefile size = 589.26 MB (452.31 MB after compression)
  22552 13064      818.2346   448     1404.0000      722.1830  3871847   48.56%
  22840 13341      891.2999   464     1404.0000      722.1830  3907748   48.56%
  23288 13781      991.5329   386     1404.0000      722.1830  3956898   48.56%
  24280 14735     1089.1125   330     1404.0000      722.1830  4048423   48.56%
  24696 15143     1163.2144   331     1404.0000      722.1830  4085753   48.56%
  26644 16996     1215.1700   412     1404.0000      722.1830  4277179   48.56%
  27061 17410     1246.6000   415     1404.0000      722.1830  4307652   48.56%
                                                     Cuts: 14                  
  27937 18264      840.3074   411     1404.0000      722.1830  4403433   48.56%
  28385 18695      922.3191   368     1404.0000      722.1830  4451008   48.56%
  29761 20035     1096.3333   358     1404.0000      722.1830  4590831   48.56%
Elapsed time = 294.43 sec. (108150.62 ticks, tree = 1418.79 MB, solutions = 10)
Nodefile size = 1255.30 MB (968.91 MB after compression)
  30935 21184      813.4803   612     1404.0000      722.1830  4710665   48.56%
  31159 21395      846.2697   506     1404.0000      722.1830  4732660   48.56%
  35176 25188      798.9379   514     1404.0000      722.1830  5191381   48.56%
  35233 25234      868.9273   399     1404.0000      731.7060  5200546   47.88%
                                                      Cuts: 8                  
  35297 25295      883.1118   466     1404.0000      731.7060  5211937   47.88%
  35809 25796      994.7821   429     1404.0000      731.7060  5289854   47.88%
  36545 26520     1075.9537   371     1404.0000      731.7060  5374333   47.88%
* 37239+27191                         1401.0000      731.7060  5446351   47.77%
Found incumbent of value 1401.000000 after 331.76 sec. (116087.81 ticks)
  37697 27629     1191.3210   350     1401.0000      731.7060  5499658   47.77%
* 38332+28233                         1389.0000      731.7060  5569126   47.32%
Found incumbent of value 1389.000000 after 332.91 sec. (118527.35 ticks)
  38816 28674     1298.5975   384     1389.0000      731.7060  5628335   47.32%
  39714 29529      774.5614   411     1389.0000      731.7060  5737997   47.32%
Elapsed time = 335.58 sec. (121387.26 ticks, tree = 2452.45 MB, solutions = 10)
Nodefile size = 2279.29 MB (1769.55 MB after compression)
  40600 30331      892.3285   450     1389.0000      732.9911  5830467   47.23%
                                                  ZeroHalf: 2                  
* 40908+30637                         1385.0000      732.9911  5885977   47.08%
Found incumbent of value 1385.000000 after 345.83 sec. (122767.90 ticks)
  41464 31181     1157.0010   286     1385.0000      732.9911  5954255   47.08%
  42301 31993      950.1826   320     1385.0000      732.9911  6049465   47.08%
  43261 32926     1116.5000   309     1385.0000      732.9911  6143133   47.08%
  44047 33668     1004.9966   345     1385.0000      732.9911  6234731   47.08%
  44925 34520      968.1650   366     1385.0000      732.9911  6328690   47.08%
  46314 35860      849.0150   438     1385.0000      732.9911  6484212   47.08%
  47351 36827      960.3627   378     1385.0000      747.3434  6595235   46.04%
  47697 37146      952.6721   406     1385.0000      747.3434  6654898   46.04%
  48241 37663     1068.4062   341     1385.0000      747.3434  6737869   46.04%
Elapsed time = 386.88 sec. (134719.88 ticks, tree = 3960.10 MB, solutions = 12)
Nodefile size = 3802.84 MB (2958.68 MB after compression)
  48887 38282     1232.1078   466     1385.0000      747.3434  6825023   46.04%
  49719 39078     1354.5210   356     1385.0000      747.3434  6936825   46.04%
  50231 39560      814.2286   466     1385.0000      747.3434  7010246   46.04%
  50455 39784      845.9405   436     1385.0000      747.3434  7040962   46.04%
  52431 41621      871.7642   415     1385.0000      762.5891  7254293   44.94%
  52943 42118     1001.8446   441     1385.0000      762.5891  7353350   44.94%
  54239 43380     1232.3333   248     1385.0000      762.5891  7484379   44.94%
  55038 44126      824.6490   403     1385.0000      762.5891  7579453   44.94%
  55582 44619      976.5556   346     1385.0000      762.5891  7650059   44.94%
  58848 47744     1038.2149   347     1385.0000      765.5050  8014844   44.73%
Elapsed time = 433.02 sec. (149256.34 ticks, tree = 5396.58 MB, solutions = 13)
Nodefile size = 5242.73 MB (4079.07 MB after compression)
  59617 48492     1030.0000   308     1385.0000      765.5050  8120790   44.73%
* 64258+52845                         1383.0000      765.5050  8672762   44.65%
Found incumbent of value 1383.000000 after 471.26 sec. (159410.19 ticks)
  64258 52847      838.9167   386     1383.0000      765.5050  8672762   44.65%
* 64259+52846                         1381.0000      765.5050  8672865   44.57%
Found incumbent of value 1381.000000 after 471.60 sec. (155929.03 ticks)
* 64261+52848                         1376.0000      765.5050  8673064   44.37%
Found incumbent of value 1376.000000 after 471.60 sec. (155967.79 ticks)
* 64265+52852                         1354.0000      765.5050  8674070   43.46%
Found incumbent of value 1354.000000 after 471.66 sec. (155916.63 ticks)
* 64265+52852                         1348.0000      765.5050  8674070   43.21%
Found incumbent of value 1348.000000 after 471.66 sec. (155922.78 ticks)
* 64265+52852                         1345.0000      765.5050  8674070   43.09%
Found incumbent of value 1345.000000 after 471.66 sec. (155976.02 ticks)
* 64275+52862                         1340.0000      765.5050  8676033   42.87%
Found incumbent of value 1340.000000 after 471.94 sec. (155981.14 ticks)
* 64303+51235                         1330.0000      765.5050  8690047   42.44%
Found incumbent of value 1330.000000 after 475.35 sec. (159629.69 ticks)
  65424 52358     1160.1984   367     1330.0000      765.5050  8930719   42.44%
  70015 55952      889.5062   419     1330.0000      771.3337  9441726   42.00%
  72248 58062     1004.9000   211     1330.0000      771.3337  9724410   42.00%
  76149 61681     1119.3914   322     1330.0000      774.3752 10255269   41.78%
  78517 63907     1198.6250   247     1330.0000      774.3752 10575642   41.78%
  81291 66495      965.6477   309     1330.0000      777.5765 10907139   41.54%
  82965 68086     1179.4722   226     1330.0000      777.5765 11114109   41.54%
  85773 70694      847.8828   382     1330.0000      779.0281 11477470   41.43%
Elapsed time = 581.61 sec. (191933.74 ticks, tree = 8182.39 MB, solutions = 45)
Nodefile size = 8042.50 MB (6227.31 MB after compression)
  88399 73155      987.8904   395     1330.0000      779.0281 11804220   41.43%
  91297 75856      866.2262   361     1330.0000      783.0324 12169584   41.13%
                                                  ZeroHalf: 1                  
  94855 79214      838.1462   573     1330.0000      783.0324 12602328   41.13%
  97687 81823      844.0141   476     1330.0000      785.8750 12957250   40.91%
                                                  ZeroHalf: 2                  
 100658 84626     1200.7174   299     1330.0000      785.8750 13349144   40.91%
*102861+86664                         1318.0000      785.8750 13648921   40.37%
Found incumbent of value 1318.000000 after 658.22 sec. (211288.25 ticks)
 102994 85763      918.9167   293     1318.0000      787.6730 13661632   40.24%
 105340 87961     1244.4286   208     1318.0000      787.6730 14005623   40.24%
 108821 91190      892.4108   365     1318.0000      790.1653 14443758   40.05%
 111023 93295      818.3048   502     1318.0000      790.1653 14725712   40.05%
 114800 96772     1015.0263   281     1318.0000      793.2817 15223656   39.81%
                                                  Impl Bds: 1                  
Elapsed time = 720.15 sec. (232260.18 ticks, tree = 11519.70 MB, solutions = 46)
Nodefile size = 11374.43 MB (8772.80 MB after compression)
 116231 98111     1150.8333   247     1318.0000      793.2817 15436787   39.81%
 119758 101325      919.4512   446     1318.0000      794.8868 15921193   39.69%
                                                      Cuts: 8                  
 122092 103518     1221.5000   263     1318.0000      794.8868 16265087   39.69%
 125674 106860      821.6175   449     1318.0000      796.8963 16709120   39.54%
                                                  ZeroHalf: 3                  
 128714 109718     1022.6186   308     1318.0000      796.8963 17105352   39.54%
 131513 112286     1132.6603   262     1318.0000      797.9522 17413837   39.46%
 134699 115289      986.8054   325     1318.0000      797.9522 17837624   39.46%
 137656 118016     1304.5842   234     1318.0000      799.5977 18187249   39.33%
                                                  ZeroHalf: 1                  
*137952+118293                         1304.0000      799.5977 18243185   38.68%
Found incumbent of value 1304.000000 after 836.85 sec. (263408.80 ticks)
 140688 120859     1082.0625   326     1304.0000      799.5977 18582017   38.68%
 143280 121477      863.5293   350     1304.0000      801.3596 18905353   38.55%
Elapsed time = 861.04 sec. (273037.05 ticks, tree = 14738.41 MB, solutions = 46)
Nodefile size = 14591.70 MB (11234.27 MB after compression)
 146288 124331     1060.4654   332     1304.0000      801.3596 19295062   38.55%
 148896 126696     1050.2917   369     1304.0000      802.7651 19625672   38.44%
                                                      Cuts: 8                  
 150478 128167      905.5231   419     1304.0000      802.7651 19867013   38.44%
 153276 130751     1226.9085   335     1304.0000      803.6196 20211629   38.37%
                                                  ZeroHalf: 5                  
 156155 133437      908.5654   387     1304.0000      803.6196 20595435   38.37%
 159289 136290     1103.3529   398     1304.0000      804.3825 21004760   38.31%
                                                  ZeroHalf: 3                  
 162041 138824      956.3358   373     1304.0000      804.3825 21364278   38.31%
 164688 141251      986.1633   392     1304.0000      805.9486 21723466   38.19%
 166352 142797      893.9878   563     1304.0000      805.9486 21965042   38.19%
 170946 147071      863.6380   480     1304.0000      806.7917 22541319   38.13%
Elapsed time = 1003.83 sec. (313705.92 ticks, tree = 18080.76 MB, solutions = 47)
Nodefile size = 17932.67 MB (13802.95 MB after compression)
 173762 149699      897.4880   459     1304.0000      806.7917 22905911   38.13%
 176623 152348     1024.6970   348     1304.0000      807.8603 23303222   38.05%
                                                      Cuts: 2                  
 178956 154531     1188.1265   315     1304.0000      807.8603 23627892   38.05%
 182095 157425     1293.7143   216     1304.0000      808.5077 24004216   38.00%
                                                      Cuts: 4                  
 185359 160475     1136.0192   346     1304.0000      808.5077 24419682   38.00%
 188275 163190        cutoff           1304.0000      809.6165 24786853   37.91%
                                                  Impl Bds: 1                  
 190515 165252     1294.9471   275     1304.0000      809.6165 25076465   37.91%
 194602 169050     1196.3333   221     1304.0000      810.4064 25571627   37.85%
                                                      Cuts: 6                  
 196835 171142      897.1794   407     1304.0000      810.4064 25856409   37.85%
 198882 173027      891.2197   388     1304.0000      810.9375 26126204   37.81%
                                                  Impl Bds: 2                  
Elapsed time = 1132.10 sec. (353642.99 ticks, tree = 21538.06 MB, solutions = 47)
Nodefile size = 21391.56 MB (16463.65 MB after compression)
 201666 175608     1286.8333   229     1304.0000      810.9375 26507703   37.81%
*203380+177201                         1289.0000      810.9375 26707790   37.09%
Found incumbent of value 1289.000000 after 1151.64 sec. (358532.37 ticks)
 204990 175302     1211.8512   397     1289.0000      811.8287 26906956   37.02%
                                                  Impl Bds: 2                  
 207765 177924      995.4007   334     1289.0000      811.8287 27318442   37.02%
 210370 180299      901.8000   352     1289.0000      812.3235 27704790   36.98%
                                                 Impl Bds: 13                  
 212682 182457     1191.3833   363     1289.0000      812.3235 28014336   36.98%
 215798 185306      932.9488   406     1289.0000      812.9653 28387957   36.93%
                                                  ZeroHalf: 1                  
 219044 188351     1105.1100   315     1289.0000      812.9653 28848682   36.93%
 221619 190716        cutoff           1289.0000      813.5035 29175045   36.89%
 224979 193842      853.0609   594     1289.0000      813.5035 29579950   36.89%
 227986 196605      929.6765   433     1289.0000      814.2682 29960865   36.83%
Elapsed time = 1266.84 sec. (393887.24 ticks, tree = 24370.66 MB, solutions = 48)
Nodefile size = 24222.17 MB (18593.20 MB after compression)
 229044 197605     1012.7292   269     1289.0000      814.2682 30191645   36.83%
 232822 201086      966.0769   364     1289.0000      814.2809 30752773   36.83%
 235591 203638     1097.8657   357     1289.0000      814.2809 31106149   36.83%
 239005 206805     1140.3125   318     1289.0000      815.6532 31558810   36.72%
 241213 208828      864.3813   377     1289.0000      815.6532 31863006   36.72%
 243363 210793      918.7500   353     1289.0000      816.2413 32140874   36.68%
 245798 213061     1245.9484   283     1289.0000      816.2413 32456143   36.68%
 248864 215844      918.6365   355     1289.0000      816.7660 32858563   36.64%
 251864 218645     1017.1250   318     1289.0000      816.7660 33280466   36.64%
 255027 221546     1133.0500   267     1289.0000      817.4980 33647004   36.58%
Elapsed time = 1401.13 sec. (433316.99 ticks, tree = 27294.88 MB, solutions = 48)
Nodefile size = 27145.98 MB (20807.44 MB after compression)
 258721 224992     1254.1667   200     1289.0000      817.4980 34120584   36.58%
 261264 227324     1249.3333   181     1289.0000      818.1667 34443966   36.53%
 264048 229942      884.4000   315     1289.0000      818.1667 34816225   36.53%
 266048 231767     1001.2188   316     1289.0000      818.4650 35057874   36.50%
 269088 234603     1236.8778   288     1289.0000      818.4650 35451169   36.50%
 271883 237180     1050.5000   254     1289.0000      819.1105 35830082   36.45%
 274876 239986      859.6000   397     1289.0000      819.1105 36199041   36.45%
 278042 242879      905.3389   419     1289.0000      819.4854 36617347   36.42%
                                                  Impl Bds: 3                  
 280526 245152      851.2082   472     1289.0000      819.4854 36962419   36.42%
 283883 248238     1232.2222   180     1289.0000      819.8611 37402978   36.40%
                                                      Cuts: 3                  
Elapsed time = 1536.30 sec. (474080.96 ticks, tree = 30852.55 MB, solutions = 48)
Nodefile size = 30701.62 MB (23517.66 MB after compression)
 286379 250525      848.3808   400     1289.0000      819.8611 37722708   36.40%
 289306 253180      941.3330   386     1289.0000      820.6283 38108570   36.34%
                                                      Cuts: 3                  
 293050 256646     1162.4211   324     1289.0000      820.6283 38623227   36.34%
*294522+257978                         1285.0000      820.6283 38825489   36.14%
Found incumbent of value 1285.000000 after 1583.95 sec. (486942.46 ticks)
 295108 257008     1034.1875   341     1285.0000      821.0972 38897872   36.10%
 297731 259440     1014.6327   418     1285.0000      821.0972 39243739   36.10%
 301022 262447      983.3333   219     1285.0000      821.6379 39678027   36.06%
                                                      Cuts: 5                  
 302134 263497      928.6667   287     1285.0000      821.6379 39893770   36.06%
 304969 266081      859.9909   476     1285.0000      821.9172 40354658   36.04%
                                                  Impl Bds: 3                  
 305536 266619     1034.2987   176     1285.0000      821.9172 40435156   36.04%
 310943 271590      865.3593   445     1285.0000      822.1908 41119987   36.02%
                                                      Cuts: 5                  
Elapsed time = 1670.59 sec. (514054.05 ticks, tree = 33477.91 MB, solutions = 49)
Nodefile size = 33325.45 MB (25510.02 MB after compression)
 312907 273396     1173.9375   206     1285.0000      822.1908 41393259   36.02%
 316119 276311      871.2729   429     1285.0000      822.5238 41833794   35.99%
                                                  Impl Bds: 5                  
 319319 279239      856.2185   437     1285.0000      822.5238 42261961   35.99%
 321939 281642      964.0682   427     1285.0000      823.0532 42617078   35.95%
                                                      Cuts: 2                  
 324743 284241     1227.5606   280     1285.0000      823.0532 43007197   35.95%
 327134 286425     1100.3333   235     1285.0000      823.3875 43333871   35.92%
                                                      Cuts: 2                  
 330541 289545     1054.5500   296     1285.0000      823.3875 43766918   35.92%
 333524 292301      945.3382   333     1285.0000      823.9061 44133083   35.88%
                                                  Impl Bds: 3                  
 335969 294563     1231.3001   250     1285.0000      823.9061 44470840   35.88%
 338723 297052      899.0924   367     1285.0000      824.3785 44840389   35.85%
Elapsed time = 1804.36 sec. (554378.76 ticks, tree = 36959.97 MB, solutions = 49)
Nodefile size = 36808.97 MB (28168.78 MB after compression)
 341718 299837     1041.7108   358     1285.0000      824.3785 45251926   35.85%
 344507 302357     1025.3500   297     1285.0000      824.7500 45640156   35.82%
                                                  ZeroHalf: 2                  
 346698 304394      876.5000   367     1285.0000      824.7500 45955761   35.82%
 348903 306391     1105.9930   306     1285.0000      825.0833 46245678   35.79%
                                                  Impl Bds: 3                  
 349175 306646      871.7812   423     1285.0000      825.0833 46314678   35.79%
 354212 311300     1020.3704   350     1285.0000      825.3252 47046824   35.77%
 357198 314050     1047.5294   353     1285.0000      825.3252 47432587   35.77%
 360176 316773      938.0000   290     1285.0000      825.8421 47812208   35.73%
                                                  ZeroHalf: 2                  
 363998 320335      988.3108   439     1285.0000      825.8421 48313900   35.73%
 366494 322630      864.2256   366     1285.0000      826.0000 48620688   35.72%
Elapsed time = 1937.79 sec. (594715.37 ticks, tree = 39848.55 MB, solutions = 49)
Nodefile size = 39698.81 MB (30369.04 MB after compression)
 370142 326016      900.7166   385     1285.0000      826.0000 49074417   35.72%
 372832 328498      980.5000   275     1285.0000      826.4592 49397692   35.68%
 376284 331715     1120.1120   334     1285.0000      826.4592 49856325   35.68%
 378780 333986      913.8125   344     1285.0000      826.6444 50177458   35.67%
 381111 336142     1001.7752   399     1285.0000      826.6444 50491960   35.67%
 383462 338313      880.8689   439     1285.0000      826.9638 50806911   35.64%
 387110 341661     1154.3333   178     1285.0000      826.9638 51306244   35.64%
 389455 343803     1176.9444   257     1285.0000      827.1974 51593427   35.63%
 391983 346139     1078.4903   337     1285.0000      827.1974 51951553   35.63%
 394753 348669     1163.7295   279     1285.0000      827.5534 52310141   35.60%
Elapsed time = 2077.59 sec. (635631.50 ticks, tree = 43337.65 MB, solutions = 49)
Nodefile size = 43187.27 MB (33049.19 MB after compression)
 398386 352051      904.2929   411     1285.0000      827.5534 52774143   35.60%
 401165 354597     1140.9583   236     1285.0000      827.8269 53119150   35.58%
                                                      Cuts: 5                  
 404891 358048     1004.2711   406     1285.0000      827.8269 53584978   35.58%
 407483 360381      911.3333   303     1285.0000      828.1492 53903468   35.55%
                                                      Cuts: 7                  
 410856 363503     1062.0833   296     1285.0000      828.1492 54353644   35.55%
 413615 366049     1068.5556   305     1285.0000      828.3750 54702717   35.54%
 417304 369455     1057.8333   304     1285.0000      828.3750 55166065   35.54%
 420098 371999     1105.5000   225     1285.0000      828.6763 55505764   35.51%
 421143 372987      871.6667   347     1285.0000      828.6763 55678838   35.51%
 424533 376045      910.5247   449     1285.0000      828.8889 56260239   35.50%
Elapsed time = 2216.13 sec. (677006.92 ticks, tree = 46487.82 MB, solutions = 49)
Nodefile size = 46335.12 MB (35452.05 MB after compression)
 426003 377424      981.6519   380     1285.0000      828.8889 56460997   35.50%
 429818 380917     1220.6570   353     1285.0000      829.0913 56966234   35.48%
 432572 383422     1048.9035   227     1285.0000      829.0913 57364809   35.48%
 435205 385817     1028.6458   346     1285.0000      829.4994 57707663   35.45%
                                                  ZeroHalf: 1                  
 438917 389249      980.3069   357     1285.0000      829.4994 58154659   35.45%
 441150 391288      926.3009   383     1285.0000      829.7615 58457230   35.43%
 444250 394143     1218.2667   162     1285.0000      829.7615 58871344   35.43%
 446576 396252      856.8033   387     1285.0000      829.9955 59176472   35.41%
 449475 398923      926.0888   484     1285.0000      829.9955 59559001   35.41%
 452939 402085     1074.6667   282     1285.0000      830.2722 59983610   35.39%
Elapsed time = 2351.54 sec. (716960.42 ticks, tree = 49987.46 MB, solutions = 49)
Nodefile size = 49836.15 MB (38122.41 MB after compression)
 456509 405408     1281.4375   323     1285.0000      830.2722 60449455   35.39%
 459102 407740      847.8293   394     1285.0000      830.4881 60783358   35.37%
 462322 410693      958.7874   412     1285.0000      830.4881 61218043   35.37%
 465279 413379      983.3333   371     1285.0000      830.7381 61594787   35.35%
 467748 415637     1175.6667   333     1285.0000      830.7381 61925829   35.35%
 469540 417254     1027.2939   375     1285.0000      831.0308 62156917   35.33%
 472740 420220      845.4931   469     1285.0000      831.0308 62560589   35.33%
 475902 423076      988.0542   427     1285.0000      831.3333 62968317   35.30%
                                                      Cuts: 2                  
 478590 425531     1144.4643   309     1285.0000      831.3333 63337344   35.30%
 481730 428375     1210.5958   218     1285.0000      831.6344 63767807   35.28%
Elapsed time = 2489.67 sec. (758326.39 ticks, tree = 53514.80 MB, solutions = 49)
Nodefile size = 53363.57 MB (40808.99 MB after compression)
 484650 431064      850.7067   359     1285.0000      831.6344 64167373   35.28%
 487669 433810      978.5000   283     1285.0000      831.8917 64567743   35.26%
 490993 436865      973.0000   381     1285.0000      831.8917 65006721   35.26%
 493680 439305     1244.8182   339     1285.0000      832.1461 65375036   35.24%
 496560 441947      843.6488   544     1285.0000      832.1461 65742145   35.24%
 499338 444462      856.2391   451     1285.0000      832.3071 66087902   35.23%
                                                  Impl Bds: 2                  
 500036 445118      924.9074   413     1285.0000      832.3071 66219246   35.23%
 505033 449703     1045.7222   289     1285.0000      832.4470 66958576   35.22%
 506804 451313      861.9293   542     1285.0000      832.4470 67212382   35.22%
 510691 454859      961.3676   392     1285.0000      832.6474 67728138   35.20%
                                                  Impl Bds: 3                  
Elapsed time = 2628.60 sec. (799241.53 ticks, tree = 56517.71 MB, solutions = 49)
Nodefile size = 56364.49 MB (43093.46 MB after compression)
 513059 456995      837.7262   427     1285.0000      832.6474 68081331   35.20%
 516015 459675      865.8139   425     1285.0000      832.8717 68492135   35.19%
                                                      Cuts: 2                  
 518926 462331      885.5617   367     1285.0000      832.8717 68867307   35.19%
 521698 464840     1061.5625   389     1285.0000      833.0807 69239476   35.17%
                                                      Cuts: 2                  
 523992 466912     1151.8000   226     1285.0000      833.0807 69518209   35.17%
 526562 469230     1108.5000   227     1285.0000      833.3426 69870750   35.15%
                                                      Cuts: 6                  
 529707 472119      981.2917   321     1285.0000      833.3426 70272585   35.15%
 532527 474668      880.3750   324     1285.0000      833.5733 70645257   35.13%
                                                  Impl Bds: 4                  
 535670 477555     1093.1333   152     1285.0000      833.5733 71045760   35.13%
 538696 480262      990.4169   377     1285.0000      833.9167 71443336   35.10%
                                                      Cuts: 9                  
Elapsed time = 2764.63 sec. (839240.06 ticks, tree = 59965.79 MB, solutions = 49)
Nodefile size = 59814.15 MB (45729.91 MB after compression)
 541576 482918     1087.6125   338     1285.0000      833.9167 71839016   35.10%
 544580 485649      982.5069   402     1285.0000      834.0798 72246545   35.09%
                                                  Impl Bds: 2                  
 548028 488807      906.1333   361     1285.0000      834.0798 72732276   35.09%
 550581 491133     1068.0075   323     1285.0000      834.3111 73049123   35.07%
 552882 493256     1145.7769   341     1285.0000      834.3111 73383820   35.07%
 554762 494940     1222.2325   389     1285.0000      834.4851 73632319   35.06%
 557877 497810     1128.7222   264     1285.0000      834.4851 74045149   35.06%
 561069 500715      926.6875   433     1285.0000      834.7419 74438841   35.04%
                                                    Covers: 1                  
 564013 503414     1148.6765   225     1285.0000      834.7419 74859913   35.04%
 567035 506147      978.2738   330     1285.0000      834.9784 75237356   35.02%
                                                    Covers: 1                  
Elapsed time = 2903.54 sec. (880103.39 ticks, tree = 63402.53 MB, solutions = 49)
Nodefile size = 63251.64 MB (48350.15 MB after compression)
 569803 508732     1100.7300   381     1285.0000      834.9784 75608785   35.02%
 573150 511740     1121.0000   180     1285.0000      835.1467 76039714   35.01%
                                                    Covers: 1                  
 576446 514787     1234.7984   270     1285.0000      835.1467 76462185   35.01%
 579369 517420      916.5000   321     1285.0000      835.3889 76843427   34.99%
 582229 520064     1245.8333   210     1285.0000      835.3889 77218336   34.99%
 585289 522815      925.9706   360     1285.0000      835.5897 77639241   34.97%
 587369 524718     1149.3531   343     1285.0000      835.5897 77917762   34.97%
 589527 526664     1133.6750   285     1285.0000      835.7926 78212920   34.96%
 591959 528890     1025.4341   396     1285.0000      835.7926 78538344   34.96%
 595765 532352      895.5119   406     1285.0000      835.9904 79014609   34.94%
Elapsed time = 3043.13 sec. (921402.76 ticks, tree = 66867.72 MB, solutions = 49)
Nodefile size = 66717.10 MB (50998.91 MB after compression)
 597973 534405      932.7574   414     1285.0000      835.9904 79350887   34.94%
 601489 537621     1014.2500   243     1285.0000      836.1356 79863077   34.93%
                                                  Impl Bds: 2                  
 604012 539926     1073.3000   324     1285.0000      836.1356 80198139   34.93%
 607118 542735     1016.0833   263     1285.0000      836.3928 80624705   34.91%
                                                      Cuts: 2                  
 609906 545307     1167.0000   184     1285.0000      836.3928 80981937   34.91%
 613021 548149      857.1126   349     1285.0000      836.5193 81395399   34.90%
 615918 550798     1036.5857   332     1285.0000      836.5193 81800320   34.90%
 618385 553016      854.3600   377     1285.0000      836.7000 82115782   34.89%
 620835 555259      866.9710   385     1285.0000      836.7000 82443772   34.89%
 624521 558597     1079.0417   324     1285.0000      836.9490 82919880   34.87%
Elapsed time = 3179.62 sec. (961402.87 ticks, tree = 69806.35 MB, solutions = 49)
Nodefile size = 69657.16 MB (53239.06 MB after compression)
 627918 561722      884.1217   398     1285.0000      836.9490 83391655   34.87%
 629549 563199     1211.4510   193     1285.0000      837.1667 83593146   34.85%
                                                    Covers: 1                  
 632717 566101     1117.8929   193     1285.0000      837.1667 84014227   34.85%
 635858 568942      927.7040   451     1285.0000      837.3667 84406624   34.84%
                                                  Impl Bds: 2                  
 638418 571317      891.0196   406     1285.0000      837.3667 84737108   34.84%
 642157 574732     1041.3274   409     1285.0000      837.5211 85205304   34.82%
                                                  Impl Bds: 3                  
 645812 578081      874.1048   361     1285.0000      837.5211 85683343   34.82%
 648436 580455     1174.8182   223     1285.0000      837.7500 86009764   34.81%
 650907 582717     1091.0000   255     1285.0000      837.7500 86358861   34.81%
 652927 584549     1212.4167   243     1285.0000      837.8831 86635810   34.80%
Elapsed time = 3318.66 sec. (1002483.43 ticks, tree = 73245.14 MB, solutions = 49)
Nodefile size = 73095.20 MB (55867.07 MB after compression)
 654803 586277     1134.0000   216     1285.0000      837.8831 86925836   34.80%
 658792 589892      901.4110   451     1285.0000      838.0051 87449296   34.79%
 660197 591198     1201.0456   337     1285.0000      838.0051 87650396   34.79%
 663242 593932      945.5278   402     1285.0000      838.1793 88052200   34.77%
 665437 595956      863.2573   641     1285.0000      838.1793 88341456   34.77%
 669415 599516      864.8220   495     1285.0000      838.3038 88852137   34.76%
 672391 602274     1251.9199   251     1285.0000      838.3038 89262580   34.76%
 675535 605092      952.2451   385     1285.0000      838.5078 89657796   34.75%
 678255 607595      916.1737   532     1285.0000      838.5078 90003733   34.75%
 682130 611130     1174.2778   305     1285.0000      838.6995 90503176   34.73%
Elapsed time = 3456.30 sec. (1043619.17 ticks, tree = 76350.34 MB, solutions = 49)
Nodefile size = 76201.12 MB (58236.56 MB after compression)
 684730 613493     1181.6667   249     1285.0000      838.6995 90836590   34.73%
 687243 615740     1119.1203   255     1285.0000      838.8775 91159404   34.72%
 690722 618928     1013.4537   335     1285.0000      838.8775 91635894   34.72%
 693243 621209     1081.3333   307     1285.0000      839.0612 91970310   34.70%
 695643 623383      890.1010   353     1285.0000      839.0612 92309412   34.70%
 699232 626655      987.7789   352     1285.0000      839.2584 92776324   34.69%
 702715 629847      859.8537   470     1285.0000      839.2584 93245327   34.69%
 705413 632286      853.7545   358     1285.0000      839.4548 93580496   34.67%
 706951 633689      969.5000   472     1285.0000      839.4548 93837524   34.67%
 709765 636268     1015.3667   498     1285.0000      839.5294 94280385   34.67%
Elapsed time = 3591.92 sec. (1084794.35 ticks, tree = 79193.27 MB, solutions = 49)
Nodefile size = 79044.26 MB (60398.54 MB after compression)
 711589 637954      972.1030   446     1285.0000      839.5294 94511853   34.67%
 716496 642432     1098.8889   247     1285.0000      839.6507 95136325   34.66%
 719777 645388     1026.1754   399     1285.0000      839.6507 95557492   34.66%
 721357 646829      982.2988   399     1285.0000      839.9036 95743890   34.64%
 725203 650369      970.4825   336     1285.0000      839.9036 96213594   34.64%
 727747 652685     1106.1667   237     1285.0000      840.0815 96539342   34.62%
 731395 656013     1211.0333   223     1285.0000      840.0815 97016159   34.62%
 734112 658476      951.0312   418     1285.0000      840.2002 97353148   34.61%
 737305 661419      962.9469   467     1285.0000      840.2002 97800703   34.61%
 740145 663982     1017.9167   225     1285.0000      840.3934 98165226   34.60%
Elapsed time = 3732.73 sec. (1124771.62 ticks, tree = 82877.93 MB, solutions = 49)
Nodefile size = 82731.73 MB (63214.88 MB after compression)
 742923 666524      858.1207   568     1285.0000      840.3934 98553343   34.60%
 745160 668550      984.3194   335     1285.0000      840.5686 98842841   34.59%
 748789 671887      944.1978   359     1285.0000      840.5686 99326082   34.59%
 751414 674259      873.1338   425     1285.0000      840.7021 99650899   34.58%
 754167 676804      945.4227   370     1285.0000      840.7021 1.00e+08   34.58%
 757722 680019      942.7500   285     1285.0000      840.8678 1.00e+08   34.56%
 761069 683085      860.6767   405     1285.0000      840.8678 1.01e+08   34.56%
 763372 685174     1099.4528   304     1285.0000      841.0429 1.01e+08   34.55%
 765872 687483     1265.6000   154     1285.0000      841.0429 1.01e+08   34.55%
 769799 691055      987.4895   398     1285.0000      841.1779 1.02e+08   34.54%
Elapsed time = 3876.43 sec. (1166271.43 ticks, tree = 86458.71 MB, solutions = 49)
Nodefile size = 86314.12 MB (65954.07 MB after compression)
 773498 694433      904.3224   386     1285.0000      841.1779 1.02e+08   34.54%
 776019 696737     1050.2500   337     1285.0000      841.3634 1.03e+08   34.52%
 778007 698559     1132.4000   283     1285.0000      841.3634 1.03e+08   34.52%
 780511 700835      882.4036   393     1285.0000      841.4495 1.03e+08   34.52%
 783103 703191     1056.7500   326     1285.0000      841.4495 1.04e+08   34.52%
 786659 706456     1174.3000   364     1285.0000      841.6250 1.04e+08   34.50%
 787912 707607      924.4185   404     1285.0000      841.6250 1.04e+08   34.50%
 792054 711356      962.5476   335     1285.0000      841.7314 1.05e+08   34.50%
 794740 713780     1036.5877   359     1285.0000      841.7314 1.05e+08   34.50%
 798135 716837      893.2261   444     1285.0000      841.9259 1.06e+08   34.48%
Elapsed time = 4010.79 sec. (1206478.87 ticks, tree = 89356.07 MB, solutions = 49)
Nodefile size = 89210.22 MB (68158.16 MB after compression)
 799767 718349      972.3045   346     1285.0000      841.9259 1.06e+08   34.48%
 803443 721650      882.4677   467     1285.0000      842.0781 1.07e+08   34.47%
 806099 724084     1052.6944   375     1285.0000      842.0781 1.07e+08   34.47%
 809737 727376     1280.2778   284     1285.0000      842.2500 1.07e+08   34.46%
 812969 730340     1245.0000   121     1285.0000      842.2500 1.08e+08   34.46%
 816208 733279      996.7936   345     1285.0000      842.3718 1.08e+08   34.45%
 818476 735359      939.5385   294     1285.0000      842.3718 1.08e+08   34.45%
 821035 737705      909.6818   341     1285.0000      842.5639 1.09e+08   34.43%
 823957 740383     1147.8333   205     1285.0000      842.5639 1.09e+08   34.43%
 827444 743549      889.1515   383     1285.0000      842.6853 1.10e+08   34.42%
Elapsed time = 4153.21 sec. (1248713.35 ticks, tree = 92908.86 MB, solutions = 49)
Nodefile size = 92765.33 MB (70875.27 MB after compression)
 830292 746168     1226.5604   348     1285.0000      842.6853 1.10e+08   34.42%
 833688 749222      954.6907   368     1285.0000      842.8332 1.10e+08   34.41%
 836966 752250     1099.7599   351     1285.0000      842.8332 1.11e+08   34.41%
 840133 755119      858.4491   403     1285.0000      842.9931 1.11e+08   34.40%
 842911 757664     1049.1833   271     1285.0000      842.9931 1.12e+08   34.40%
 845289 759769      860.2500   289     1285.0000      843.1309 1.12e+08   34.39%
 848306 762540     1169.9657   338     1285.0000      843.1309 1.12e+08   34.39%
 851376 765325     1165.0000   256     1285.0000      843.3066 1.13e+08   34.37%
 854460 768173      950.4167   365     1285.0000      843.3066 1.13e+08   34.37%
 857991 771386     1050.0019   369     1285.0000      843.4573 1.13e+08   34.36%
Elapsed time = 4299.26 sec. (1290593.95 ticks, tree = 96605.24 MB, solutions = 49)
Nodefile size = 96462.87 MB (73708.95 MB after compression)
 860263 773456     1201.4194   314     1285.0000      843.4573 1.14e+08   34.36%
 862880 775828      920.0625   261     1285.0000      843.5884 1.14e+08   34.35%
                                                    Covers: 1                  
 865939 778665     1243.0000   180     1285.0000      843.5884 1.15e+08   34.35%
 869091 781497      900.0000   431     1285.0000      843.7188 1.15e+08   34.34%
                                                  ZeroHalf: 1                  
 872936 785011      907.7695   387     1285.0000      843.7188 1.15e+08   34.34%
 875116 787022     1066.8455   336     1285.0000      843.9102 1.16e+08   34.33%
 879052 790599      963.5167   326     1285.0000      843.9102 1.16e+08   34.33%
 881951 793249      875.1600   339     1285.0000      844.0303 1.17e+08   34.32%
                                                  ZeroHalf: 2                  
 884901 795985      920.7062   451     1285.0000      844.0303 1.17e+08   34.32%
 887536 798341      945.0204   555     1285.0000      844.1339 1.17e+08   34.31%
Elapsed time = 4436.93 sec. (1332021.19 ticks, tree = 99765.96 MB, solutions = 49)
Nodefile size = 99622.67 MB (76116.17 MB after compression)
 890187 800804      932.9085   373     1285.0000      844.1339 1.18e+08   34.31%
 893208 803549      879.5370   445     1285.0000      844.2409 1.18e+08   34.30%
 895416 805573      856.4503   424     1285.0000      844.2409 1.18e+08   34.30%
 898365 808246     1063.9762   378     1285.0000      844.3587 1.19e+08   34.29%
                                                  Impl Bds: 1                  
 902541 812068     1058.2153   341     1285.0000      844.3587 1.19e+08   34.29%
 904691 814002      865.7167   370     1285.0000      844.5028 1.20e+08   34.28%
                                                      Cuts: 6                  
 908179 817188      877.4363   469     1285.0000      844.5028 1.20e+08   34.28%
 910834 819596     1071.1667   213     1285.0000      844.6667 1.20e+08   34.27%
                                                  ZeroHalf: 2                  
 913972 822475     1006.5899   356     1285.0000      844.6667 1.21e+08   34.27%
 915685 824001     1122.9820   325     1285.0000      844.7572 1.21e+08   34.26%
                                                    Covers: 2                  
Elapsed time = 4571.61 sec. (1372068.88 ticks, tree = 103165.00 MB, solutions = 49)
Nodefile size = 103025.39 MB (78720.23 MB after compression)
 916584 824854      953.3333   382     1285.0000      844.7572 1.21e+08   34.26%
 921475 829239     1075.8375   341     1285.0000      844.9033 1.22e+08   34.25%
 925237 832692     1136.0833   224     1285.0000      844.9033 1.22e+08   34.25%
 927761 834981     1081.8060   345     1285.0000      845.0456 1.23e+08   34.24%
 929188 836247     1021.5278   339     1285.0000      845.0456 1.23e+08   34.24%
 933039 839754     1104.4882   412     1285.0000      845.1144 1.23e+08   34.23%
 934103 840770      888.0648   455     1285.0000      845.1144 1.23e+08   34.23%
 939183 845375      927.7000   337     1285.0000      845.2202 1.24e+08   34.22%
 941720 847705     1060.5741   319     1285.0000      845.2202 1.24e+08   34.22%
 945869 851477     1250.4236   176     1285.0000      845.3962 1.25e+08   34.21%
                                                  ZeroHalf: 1                  
Elapsed time = 4717.66 sec. (1413755.02 ticks, tree = 106690.72 MB, solutions = 49)
Nodefile size = 106549.57 MB (81401.50 MB after compression)
 949069 854413     1107.2500   337     1285.0000      845.3962 1.25e+08   34.21%
 951455 856563     1172.6500   247     1285.0000      845.5559 1.26e+08   34.20%
 953982 858890     1110.4000   250     1285.0000      845.5559 1.26e+08   34.20%
 957221 861846      874.8895   411     1285.0000      845.6545 1.26e+08   34.19%
 960611 864922      916.5000   295     1285.0000      845.6545 1.27e+08   34.19%
 962828 866932     1235.3333   225     1285.0000      845.7699 1.27e+08   34.18%
 966540 870343     1170.0000   297     1285.0000      845.7699 1.28e+08   34.18%
 968882 872440      886.4082   484     1285.0000      845.8889 1.28e+08   34.17%
 970514 873934      915.5438   347     1285.0000      845.8889 1.28e+08   34.17%
 973906 877021     1024.7500   240     1285.0000      845.9940 1.29e+08   34.16%
Elapsed time = 4854.56 sec. (1454330.67 ticks, tree = 109576.21 MB, solutions = 49)
Nodefile size = 109433.87 MB (83596.47 MB after compression)
 977149 879980      988.2440   365     1285.0000      845.9940 1.29e+08   34.16%
 979860 882406     1177.6818   274     1285.0000      846.1136 1.29e+08   34.15%
 982403 884760     1136.0000   206     1285.0000      846.1136 1.30e+08   34.15%
 986022 888061      931.5045   339     1285.0000      846.2657 1.30e+08   34.14%
 988619 890446      955.0666   421     1285.0000      846.2657 1.31e+08   34.14%
 990820 892406      863.6857   435     1285.0000      846.3889 1.31e+08   34.13%
 994240 895569      868.0042   434     1285.0000      846.3889 1.31e+08   34.13%
 997193 898192      975.5238   311     1285.0000      846.5318 1.32e+08   34.12%
 1000447 901209     1258.6667   221     1285.0000      846.5318 1.32e+08   34.12%
 1003303 903781     1019.0000   323     1285.0000      846.6467 1.32e+08   34.11%
Elapsed time = 4987.84 sec. (1494360.84 ticks, tree = 112841.85 MB, solutions = 49)
Nodefile size = 112702.87 MB (86031.44 MB after compression)
 1006262 906491     1275.9167   309     1285.0000      846.6467 1.33e+08   34.11%
 1009336 909266     1029.2500   359     1285.0000      846.7511 1.33e+08   34.10%
 1011973 911689     1108.2778   284     1285.0000      846.7511 1.34e+08   34.10%
 1013925 913405      877.8750   416     1285.0000      846.8700 1.34e+08   34.10%
 1017293 916490     1015.9000   311     1285.0000      846.8700 1.34e+08   34.10%
 1020582 919454     1058.3824   324     1285.0000      847.0149 1.35e+08   34.08%
 1023385 922017      976.4269   392     1285.0000      847.0149 1.35e+08   34.08%
 1025147 923597      906.4792   335     1285.0000      847.1129 1.35e+08   34.08%
                                                  ZeroHalf: 2                  
 1028719 926883      926.8516   323     1285.0000      847.1129 1.36e+08   34.08%
 1031715 929586      887.2037   355     1285.0000      847.2506 1.36e+08   34.07%
Elapsed time = 5122.70 sec. (1534250.44 ticks, tree = 115685.82 MB, solutions = 49)
Nodefile size = 115548.13 MB (88147.29 MB after compression)
 1033864 931567      921.3854   406     1285.0000      847.2506 1.37e+08   34.07%
 1037778 935123     1118.5000   229     1285.0000      847.3201 1.37e+08   34.06%
 1038561 935852      970.1136   481     1285.0000      847.3201 1.37e+08   34.06%
 1041968 938936      966.4384   460     1285.0000      847.4413 1.38e+08   34.05%
                                                    Covers: 1                  
 1044996 941715     1114.2342   302     1285.0000      847.4413 1.38e+08   34.05%
 1048558 944969      966.5084   333     1285.0000      847.5521 1.39e+08   34.04%
 1050391 946667     1201.7222   168     1285.0000      847.5521 1.39e+08   34.04%
 1054139 950040     1146.5625   275     1285.0000      847.6560 1.39e+08   34.03%
 1057371 953008     1115.6250   260     1285.0000      847.6560 1.40e+08   34.03%
 1060614 955891      985.6319   399     1285.0000      847.7938 1.40e+08   34.02%
Elapsed time = 5262.96 sec. (1574451.47 ticks, tree = 118652.02 MB, solutions = 49)
Nodefile size = 118514.91 MB (90353.86 MB after compression)
 1063878 958883      957.6594   357     1285.0000      847.7938 1.40e+08   34.02%
 1065680 960466      975.2814   338     1285.0000      847.9014 1.41e+08   34.02%
 1068860 963372     1229.1068   280     1285.0000      847.9014 1.41e+08   34.02%
 1073001 967137      883.3444   340     1285.0000      848.0000 1.42e+08   34.01%
 1076068 969943     1159.9861   296     1285.0000      848.0000 1.42e+08   34.01%
 1078128 971776     1138.6778   367     1285.0000      848.2222 1.42e+08   33.99%
 1081328 974741     1065.5000   247     1285.0000      848.2222 1.43e+08   33.99%
 1084619 977707      943.0641   385     1285.0000      848.3375 1.43e+08   33.98%
 1088700 981470      998.5327   373     1285.0000      848.3375 1.44e+08   33.98%
 1091244 983762      947.7000   316     1285.0000      848.4545 1.44e+08   33.97%
Elapsed time = 5405.75 sec. (1616083.49 ticks, tree = 122343.21 MB, solutions = 49)
Nodefile size = 122205.51 MB (93108.79 MB after compression)
 1093296 985672     1158.2622   464     1285.0000      848.4545 1.44e+08   33.97%
 1097082 989120      976.6667   269     1285.0000      848.5113 1.45e+08   33.97%
 1099891 991673     1018.6667   338     1285.0000      848.5113 1.45e+08   33.97%
 1102759 994293      875.1609   481     1285.0000      848.6676 1.45e+08   33.96%
 1105310 996597      928.3000   392     1285.0000      848.6676 1.46e+08   33.96%
*1106985 998097      integral     0     1271.0000      848.6676 1.46e+08   33.23%
Found incumbent of value 1271.000000 after 5480.62 sec. (1636148.13 ticks)
 1107918 987311     1036.5000   371     1271.0000      848.7734 1.46e+08   33.22%
*1109943+989177                         1262.0000      848.7734 1.46e+08   32.74%
Found incumbent of value 1262.000000 after 5501.37 sec. (1640503.07 ticks)
 1110222 989410      972.1700   376     1262.0000      848.7734 1.46e+08   32.74%
*1112004+991020                         1254.0000      848.7734 1.47e+08   32.31%
Found incumbent of value 1254.000000 after 5508.73 sec. (1644223.76 ticks)
 1112420 953666      997.2042   355     1254.0000      848.8611 1.47e+08   32.31%
*1113859+954977                         1239.0000      848.8611 1.47e+08   31.49%
Found incumbent of value 1239.000000 after 5524.10 sec. (1648406.33 ticks)
 1115619 956581     1111.9268   337     1239.0000      848.8611 1.47e+08   31.49%
Elapsed time = 5532.98 sec. (1651604.50 ticks, tree = 118562.41 MB, solutions = 52)
Nodefile size = 118413.21 MB (90110.42 MB after compression)
 1118429 913907      919.1301   400     1239.0000      848.9792 1.48e+08   31.48%
 1119170 914602      979.0714   366     1239.0000      848.9792 1.48e+08   31.48%
 1122523 917551      902.5429   468     1239.0000      849.0325 1.48e+08   31.47%
 1125339 920094      868.1016   437     1239.0000      849.0325 1.49e+08   31.47%
 1128729 923057      957.0240   359     1239.0000      849.1667 1.49e+08   31.46%
 1132116 926077     1229.4375   267     1239.0000      849.1667 1.50e+08   31.46%
 1134071 927727      958.0658   350     1239.0000      849.3194 1.50e+08   31.45%
*1135988+929456                         1226.0000      849.3194 1.50e+08   30.72%
Found incumbent of value 1226.000000 after 5637.92 sec. (1680411.00 ticks)
 1137022 930386     1014.9886   346     1226.0000      849.3194 1.50e+08   30.72%
 1139167 890236      934.3750   339     1226.0000      849.4218 1.51e+08   30.72%
 1142207 892960     1030.9472   337     1226.0000      849.4218 1.51e+08   30.72%
Elapsed time = 5667.07 sec. (1691603.79 ticks, tree = 110153.69 MB, solutions = 53)
Nodefile size = 110006.30 MB (83552.97 MB after compression)
 1144445 894871     1191.5833   181     1226.0000      849.5506 1.51e+08   30.71%
 1146912 897075      909.8005   383     1226.0000      849.5506 1.52e+08   30.71%
 1148709 898611     1198.5897   263     1226.0000      849.6636 1.52e+08   30.70%
*1149448+899270                         1225.0000      849.6636 1.52e+08   30.64%
Found incumbent of value 1225.000000 after 5710.18 sec. (1703584.52 ticks)
 1151578 901178      952.0862   527     1225.0000      849.6636 1.53e+08   30.64%
 1154424 900132      891.7457   398     1225.0000      849.7667 1.53e+08   30.63%
 1157304 902723     1151.2896   253     1225.0000      849.7667 1.53e+08   30.63%
 1160226 905226      915.6667   324     1225.0000      849.9216 1.54e+08   30.62%
 1161180 906082     1194.7381   293     1225.0000      849.9216 1.54e+08   30.62%
 1164197 908740      962.3500   427     1225.0000      849.9670 1.55e+08   30.61%
 1166867 911143      978.4060   434     1225.0000      849.9670 1.55e+08   30.61%
Elapsed time = 5797.37 sec. (1731495.02 ticks, tree = 112169.88 MB, solutions = 55)
Nodefile size = 112023.08 MB (85032.34 MB after compression)
 1169651 913517      963.7998   407     1225.0000      850.0804 1.55e+08   30.61%
                                                  Impl Bds: 1                  
 1172004 915597      889.1463   383     1225.0000      850.0804 1.56e+08   30.61%
 1174535 917733      887.8753   441     1225.0000      850.1818 1.56e+08   30.60%
                                                  ZeroHalf: 1                  
 1177885 920712      869.9375   397     1225.0000      850.1818 1.57e+08   30.60%
 1180231 922695     1104.7333   291     1225.0000      850.3139 1.57e+08   30.59%
                                                      Cuts: 2                  
 1182607 924851      960.9020   397     1225.0000      850.3139 1.57e+08   30.59%
 1184636 926590      956.9917   361     1225.0000      850.4051 1.57e+08   30.58%
 1187356 928995     1167.5833   301     1225.0000      850.4051 1.58e+08   30.58%
 1190147 931408      890.9497   374     1225.0000      850.5368 1.58e+08   30.57%
 1193228 934168      967.2250   317     1225.0000      850.5368 1.59e+08   30.57%
Elapsed time = 5940.24 sec. (1771877.80 ticks, tree = 115192.47 MB, solutions = 55)
Nodefile size = 115043.00 MB (87272.48 MB after compression)
 1196025 936612     1192.3333   212     1225.0000      850.6481 1.59e+08   30.56%
 1199481 939667      955.2500   268     1225.0000      850.6481 1.60e+08   30.56%
 1201864 941717      968.5198   392     1225.0000      850.7832 1.60e+08   30.55%
                                                    Covers: 1                  
 1202775 942545     1116.3333   260     1225.0000      850.7832 1.60e+08   30.55%
 1205707 945089      966.4474   417     1225.0000      850.8217 1.61e+08   30.55%
 1207056 946277      913.5604   426     1225.0000      850.8217 1.61e+08   30.55%
 1210900 949631     1096.2396   326     1225.0000      850.9545 1.61e+08   30.53%
 1213889 952290     1012.8947   296     1225.0000      850.9545 1.62e+08   30.53%
 1216156 954238      979.7026   307     1225.0000      851.0765 1.62e+08   30.52%
                                                  Impl Bds: 1                  
 1218556 956379     1020.0000   310     1225.0000      851.0765 1.63e+08   30.52%
Elapsed time = 6075.14 sec. (1811649.83 ticks, tree = 117764.38 MB, solutions = 55)
Nodefile size = 117620.90 MB (89177.22 MB after compression)
 1220352 957917     1085.2917   275     1225.0000      851.1842 1.63e+08   30.52%
 1222312 959684      993.5895   344     1225.0000      851.1842 1.63e+08   30.52%
 1227827 964551     1115.9437   293     1225.0000      851.2621 1.64e+08   30.51%
 1230564 966982      912.2675   400     1225.0000      851.2621 1.64e+08   30.51%
 1232953 969083      985.0256   345     1225.0000      851.4003 1.65e+08   30.50%
 1236657 972387      941.6902   399     1225.0000      851.4003 1.65e+08   30.50%
 1238334 973798     1026.8000   350     1225.0000      851.5701 1.65e+08   30.48%
 1241630 976703        cutoff           1225.0000      851.5701 1.66e+08   30.48%
 1244104 978865      859.8367   425     1225.0000      851.6979 1.66e+08   30.47%
 1246900 981332     1097.0870   304     1225.0000      851.6979 1.67e+08   30.47%
Elapsed time = 6218.29 sec. (1854049.01 ticks, tree = 121002.62 MB, solutions = 55)
Nodefile size = 120855.16 MB (91566.33 MB after compression)
 1249376 983487        cutoff           1225.0000      851.8110 1.67e+08   30.46%
 1249649 983734      928.9116   489     1225.0000      851.8110 1.67e+08   30.46%
 1250728 984687      906.1700   520     1225.0000      851.8110 1.67e+08   30.46%
 1254815 988325      927.3703   396     1225.0000      851.8629 1.68e+08   30.46%
 1258365 991341      971.4374   415     1225.0000      851.9946 1.68e+08   30.45%
 1261469 994150      997.4839   340     1225.0000      851.9946 1.69e+08   30.45%
 1263966 996256     1025.4667   341     1225.0000      852.1091 1.69e+08   30.44%
 1266494 998518     1107.3025   320     1225.0000      852.1091 1.69e+08   30.44%
 1269802 1001324     1008.3317   371     1225.0000      852.2325 1.70e+08   30.43%
                                                    Covers: 1                  
 1272921 1004127     1037.7831   338     1225.0000      852.2325 1.70e+08   30.43%
Elapsed time = 6354.01 sec. (1895743.31 ticks, tree = 123660.24 MB, solutions = 55)
Nodefile size = 123513.40 MB (93512.36 MB after compression)
 1275462 1006292      978.3929   343     1225.0000      852.3368 1.71e+08   30.42%
 1275865 1006661      984.0826   502     1225.0000      852.3368 1.71e+08   30.42%
 1279075 1009483     1022.4000   227     1225.0000      852.3667 1.72e+08   30.42%
 1280570 1010787      967.1169   448     1225.0000      852.3667 1.72e+08   30.42%
 1284558 1014304     1010.6199   323     1225.0000      852.5000 1.72e+08   30.41%
 1287881 1017242     1157.7283   388     1225.0000      852.5000 1.73e+08   30.41%
 1289679 1018759      938.3268   436     1225.0000      852.6250 1.73e+08   30.40%
 1291919 1020726     1019.9500   287     1225.0000      852.6250 1.73e+08   30.40%
 1294684 1023041      989.6667   228     1225.0000      852.7234 1.74e+08   30.39%
                                                      Cuts: 3                  
 1297052 1025141      939.3229   315     1225.0000      852.7234 1.74e+08   30.39%
Elapsed time = 6486.91 sec. (1936289.52 ticks, tree = 126165.26 MB, solutions = 55)
Nodefile size = 126021.85 MB (95348.90 MB after compression)
 1299275 1027068     1175.8713   250     1225.0000      852.8250 1.74e+08   30.38%
                                                  Impl Bds: 2                  
 1302481 1029950      855.0765   349     1225.0000      852.8250 1.75e+08   30.38%
 1305113 1032168     1217.5000   185     1225.0000      852.9195 1.75e+08   30.37%
 1305587 1032612     1103.4643   299     1225.0000      852.9195 1.75e+08   30.37%
*1307626+1034434                         1223.0000      852.9195 1.76e+08   30.26%
Found incumbent of value 1223.000000 after 6548.65 sec. (1952379.51 ticks)
 1309473 1029659     1209.6667   282     1223.0000      852.9762 1.76e+08   30.26%
 1311079 1031054      918.4314   361     1223.0000      852.9762 1.76e+08   30.26%
 1315592 1034999     1011.4671   503     1223.0000      853.1279 1.77e+08   30.24%
 1320181 1039051      895.1461   478     1223.0000      853.1279 1.78e+08   30.24%
 1321160 1039866      925.7989   456     1223.0000      853.2177 1.78e+08   30.24%
                                                  Impl Bds: 1                  
 1324842 1043150     1075.7429   386     1223.0000      853.2177 1.78e+08   30.24%
Elapsed time = 6626.71 sec. (1983095.58 ticks, tree = 127876.52 MB, solutions = 56)
Nodefile size = 127724.15 MB (96558.41 MB after compression)
 1326896 1044904     1175.6667   284     1223.0000      853.3261 1.79e+08   30.23%
                                                  Impl Bds: 1                  
 1329281 1047033     1004.2500   316     1223.0000      853.3261 1.79e+08   30.23%
 1331253 1048726      974.3959   477     1223.0000      853.4306 1.79e+08   30.22%
 1332373 1049729     1124.6074   338     1223.0000      853.4306 1.79e+08   30.22%
 1335416 1052387     1051.7500   303     1223.0000      853.5081 1.80e+08   30.21%
 1335599 1052549     1041.3021   467     1223.0000      853.5081 1.80e+08   30.21%
 1339372 1055887     1136.4583   244     1223.0000      853.5324 1.81e+08   30.21%
 1342319 1058507     1031.1418   359     1223.0000      853.5324 1.81e+08   30.21%
 1344707 1060576     1005.1250   340     1223.0000      853.6762 1.81e+08   30.20%
 1347296 1062832     1041.4167   317     1223.0000      853.6762 1.82e+08   30.20%
Elapsed time = 6757.48 sec. (2022396.80 ticks, tree = 130206.82 MB, solutions = 56)
Nodefile size = 130062.22 MB (98269.40 MB after compression)
 1349923 1065092     1011.2500   278     1223.0000      853.7639 1.82e+08   30.19%
 1352780 1067638      944.7101   351     1223.0000      853.7639 1.83e+08   30.19%
 1355397 1069868      942.3217   397     1223.0000      853.8535 1.83e+08   30.18%
 1357189 1071453     1046.0000   258     1223.0000      853.8535 1.83e+08   30.18%
 1359180 1073196     1063.7825   512     1223.0000      853.8535 1.84e+08   30.18%
 1361840 1075529     1203.1000   298     1223.0000      853.9508 1.84e+08   30.18%
 1365162 1078465     1138.4667   207     1223.0000      853.9508 1.84e+08   30.18%
 1366979 1080007     1130.6842   282     1223.0000      854.0372 1.85e+08   30.17%
 1370709 1083317     1086.2647   211     1223.0000      854.0372 1.85e+08   30.17%
 1371456 1083914      918.5507   442     1223.0000      854.1451 1.85e+08   30.16%
Elapsed time = 6893.28 sec. (2061762.47 ticks, tree = 133306.52 MB, solutions = 56)
Nodefile size = 133173.46 MB (100550.65 MB after compression)
 1373760 1085936      915.3513   460     1223.0000      854.1451 1.86e+08   30.16%
 1376168 1088033     1100.4167   263     1223.0000      854.2084 1.86e+08   30.15%
 1378144 1089777     1047.1339   372     1223.0000      854.2084 1.86e+08   30.15%
 1381298 1092525     1022.1189   411     1223.0000      854.3056 1.87e+08   30.15%
 1384114 1094998     1096.1349   358     1223.0000      854.3056 1.87e+08   30.15%
 1386932 1097451      895.5595   372     1223.0000      854.4209 1.88e+08   30.14%
 1389172 1099416      978.0804   355     1223.0000      854.4209 1.88e+08   30.14%
 1391298 1101259     1032.8230   357     1223.0000      854.5156 1.88e+08   30.13%
                                                  Impl Bds: 1                  
 1392754 1102561     1020.2564   343     1223.0000      854.5156 1.89e+08   30.13%
 1397241 1106516      997.2297   367     1223.0000      854.5625 1.89e+08   30.13%
                                                      Cuts: 2                  
Elapsed time = 7027.07 sec. (2102555.35 ticks, tree = 135853.02 MB, solutions = 56)
Nodefile size = 135719.50 MB (102410.38 MB after compression)
 1397721 1106956     1149.8611   370     1223.0000      854.5625 1.89e+08   30.13%
 1401885 1110560      932.1410   372     1223.0000      854.6227 1.90e+08   30.12%
                                                  Impl Bds: 6                  
 1406319 1114407     1216.6250   321     1223.0000      854.7727 1.91e+08   30.11%
                                                  Impl Bds: 1                  
 1408783 1116615      928.7720   412     1223.0000      854.7727 1.91e+08   30.11%
 1412189 1119547     1027.6154   341     1223.0000      854.8750 1.92e+08   30.10%
 1414557 1121655      989.5768   424     1223.0000      854.8750 1.92e+08   30.10%
 1417403 1124090     1084.6667   287     1223.0000      854.9575 1.92e+08   30.09%
 1419556 1126009     1095.1667   268     1223.0000      854.9575 1.93e+08   30.09%
 1421775 1127912      988.1811   378     1223.0000      855.0115 1.93e+08   30.09%
 1424527 1130389      923.9391   384     1223.0000      855.0115 1.93e+08   30.09%
Elapsed time = 7167.59 sec. (2144598.77 ticks, tree = 138261.99 MB, solutions = 56)
Nodefile size = 138117.86 MB (104162.52 MB after compression)
 1427844 1133234      916.1631   351     1223.0000      855.1291 1.94e+08   30.08%
                                                      Cuts: 2                  
 1430532 1135641      860.7500   262     1223.0000      855.1291 1.94e+08   30.08%
 1433575 1138273     1084.9500   240     1223.0000      855.2123 1.95e+08   30.07%
 1434000 1138683     1052.8526   482     1223.0000      855.2123 1.95e+08   30.07%
 1437967 1142140      961.4167   291     1223.0000      855.2500 1.95e+08   30.07%
 1440277 1144212     1113.5833   304     1223.0000      855.2500 1.96e+08   30.07%
 1443376 1146862      991.7264   385     1223.0000      855.3452 1.96e+08   30.06%
 1446503 1149615      980.1860   359     1223.0000      855.3452 1.97e+08   30.06%
 1449156 1151910        cutoff           1223.0000      855.4464 1.97e+08   30.05%
 1451085 1153602      889.4958   384     1223.0000      855.4464 1.97e+08   30.05%
Elapsed time = 7306.30 sec. (2185408.28 ticks, tree = 140957.07 MB, solutions = 56)
Nodefile size = 140814.70 MB (106131.79 MB after compression)
 1453475 1155700     1031.9500   321     1223.0000      855.5250 1.98e+08   30.05%
 1456188 1158111      959.8080   469     1223.0000      855.5250 1.98e+08   30.05%
 1459183 1160693     1040.4373   378     1223.0000      855.6250 1.99e+08   30.04%
 1461551 1162820     1104.5521   316     1223.0000      855.6250 1.99e+08   30.04%
 1464385 1165271      960.6129   338     1223.0000      855.7143 1.99e+08   30.03%
                                                  Impl Bds: 1                  
 1466883 1167484     1085.6667   249     1223.0000      855.7143 2.00e+08   30.03%
 1469471 1169744      967.5298   426     1223.0000      855.7715 2.00e+08   30.03%
                                                  Impl Bds: 3                  
 1471576 1171577      947.6667   357     1223.0000      855.7715 2.00e+08   30.03%
 1474782 1174354      865.6223   383     1223.0000      855.9000 2.01e+08   30.02%
                                                      Cuts: 3                  
 1478025 1177240      915.6163   414     1223.0000      855.9000 2.01e+08   30.02%
Elapsed time = 7447.06 sec. (2226481.61 ticks, tree = 143498.32 MB, solutions = 56)
Nodefile size = 143354.21 MB (107985.82 MB after compression)
 1480575 1179419     1128.9000   331     1223.0000      856.0000 2.02e+08   30.01%
                                                      Cuts: 4                  
 1482836 1181428      943.1667   279     1223.0000      856.0000 2.02e+08   30.01%
 1484976 1183269     1105.0814   325     1223.0000      856.0654 2.02e+08   30.00%
 1485885 1184076      943.4375   317     1223.0000      856.0654 2.03e+08   30.00%
 1488880 1186696     1215.5000   311     1223.0000      856.1298 2.03e+08   30.00%
                                                  Impl Bds: 5                  
 1491626 1189178      999.7429   308     1223.0000      856.1298 2.04e+08   30.00%
 1494312 1191519     1107.5128   324     1223.0000      856.2143 2.04e+08   29.99%
                                                  Impl Bds: 3                  
 1497376 1194244     1021.7958   328     1223.0000      856.2143 2.04e+08   29.99%
 1500315 1196737     1007.8333   292     1223.0000      856.3391 2.05e+08   29.98%
 1503038 1199199     1134.3333   276     1223.0000      856.3391 2.05e+08   29.98%
Elapsed time = 7581.60 sec. (2267244.06 ticks, tree = 146035.35 MB, solutions = 56)
Nodefile size = 145891.31 MB (109839.27 MB after compression)
 1505404 1201188     1022.6628   394     1223.0000      856.4000 2.06e+08   29.98%
 1507203 1202823      937.1734   450     1223.0000      856.4000 2.06e+08   29.98%
 1511344 1206437     1070.5000   247     1223.0000      856.5069 2.06e+08   29.97%
                                                  ZeroHalf: 1                  
 1513552 1208421      952.8600   383     1223.0000      856.5069 2.07e+08   29.97%
 1515799 1210353     1000.6941   360     1223.0000      856.5750 2.07e+08   29.96%
 1518827 1213057      911.7930   352     1223.0000      856.5750 2.07e+08   29.96%
 1521548 1215391      875.5545   415     1223.0000      856.6748 2.08e+08   29.95%
 1522785 1216517     1121.0333   277     1223.0000      856.6748 2.08e+08   29.95%
 1525739 1219087      935.9625   374     1223.0000      856.7222 2.09e+08   29.95%
 1527470 1220633     1033.7500   278     1223.0000      856.7222 2.09e+08   29.95%
Elapsed time = 7712.81 sec. (2308699.34 ticks, tree = 148493.15 MB, solutions = 56)
Nodefile size = 148353.02 MB (111640.51 MB after compression)
 1531424 1224092      970.1483   332     1223.0000      856.8202 2.10e+08   29.94%
                                                  Impl Bds: 2                  
 1534542 1226874     1124.7708   265     1223.0000      856.8202 2.10e+08   29.94%
 1537054 1228994     1080.6000   304     1223.0000      856.9033 2.10e+08   29.93%
                                                  Impl Bds: 4                  
 1539481 1231161      868.5432   391     1223.0000      856.9033 2.11e+08   29.93%
 1541555 1232911     1093.9890   353     1223.0000      856.9656 2.11e+08   29.93%
 1544847 1235816      891.6562   408     1223.0000      856.9656 2.11e+08   29.93%
 1547230 1237879      865.1908   406     1223.0000      857.0510 2.12e+08   29.92%
 1549214 1239632     1137.0000   282     1223.0000      857.0510 2.12e+08   29.92%
 1553116 1243016      929.5210   415     1223.0000      857.1389 2.13e+08   29.92%
                                                  Impl Bds: 2                  
 1556188 1245772     1078.8095   183     1223.0000      857.1389 2.13e+08   29.92%
Elapsed time = 7862.08 sec. (2350804.24 ticks, tree = 151668.12 MB, solutions = 56)
Nodefile size = 151523.18 MB (113952.54 MB after compression)
 1558850 1248032     1208.0142   346     1223.0000      857.2308 2.13e+08   29.91%
                                                  Impl Bds: 6                  
 1560524 1249539     1034.6667   354     1223.0000      857.2308 2.14e+08   29.91%
 1563123 1251800      939.2222   340     1223.0000      857.2614 2.14e+08   29.91%
 1564129 1252745      978.1319   405     1223.0000      857.2614 2.14e+08   29.91%
 1568793 1256786      919.0000   254     1223.0000      857.3571 2.15e+08   29.90%
 1571330 1259041     1123.3636   341     1223.0000      857.3571 2.15e+08   29.90%
*1572773 1260301      integral     0     1221.0000      857.3571 2.16e+08   29.78%
Found incumbent of value 1221.000000 after 7943.55 sec. (2375379.90 ticks)
 1573121 1254012      997.2500   312     1221.0000      857.4354 2.16e+08   29.78%
                                                  Impl Bds: 2                  
*1573122+1254011                         1219.0000      857.4354 2.16e+08   29.66%
Found incumbent of value 1219.000000 after 7951.63 sec. (2377821.98 ticks)
 1576136 1256706      964.8690   394     1219.0000      857.4354 2.16e+08   29.66%
 1579147 1252633      886.8556   307     1219.0000      857.5166 2.17e+08   29.65%
                                                  Impl Bds: 3                  
Elapsed time = 7981.68 sec. (2387705.48 ticks, tree = 152506.01 MB, solutions = 58)
Nodefile size = 152372.51 MB (114495.12 MB after compression)
 1582603 1255683     1066.9214   346     1219.0000      857.5166 2.17e+08   29.65%
 1585150 1257875      940.2304   337     1219.0000      857.6318 2.17e+08   29.64%
                                                  Impl Bds: 6                  
 1586846 1259393      930.4638   386     1219.0000      857.6318 2.18e+08   29.64%
 1589328 1261511      936.0698   434     1219.0000      857.6842 2.18e+08   29.64%
                                                  Impl Bds: 6                  
 1592304 1264136      963.4494   388     1219.0000      857.6842 2.19e+08   29.64%
 1595275 1266754     1021.7764   383     1219.0000      857.7500 2.19e+08   29.63%
                                                  Impl Bds: 1                  
 1597609 1268793     1067.7896   278     1219.0000      857.7500 2.19e+08   29.63%
 1600445 1271242      940.9400   337     1219.0000      857.8333 2.20e+08   29.63%
                                                  Impl Bds: 2                  
*1602905+1273399                         1217.0000      857.8333 2.20e+08   29.51%
Found incumbent of value 1217.000000 after 8105.91 sec. (2421844.01 ticks)
*1602905+1273399                         1208.0000      857.8333 2.20e+08   28.99%
Found incumbent of value 1208.000000 after 8105.91 sec. (2421885.42 ticks)
 1603573 1273995     1098.0331   409     1208.0000      857.8333 2.20e+08   28.99%
 1605653 1238817     1044.8333   259     1208.0000      857.9354 2.20e+08   28.98%
Elapsed time = 8120.00 sec. (2428955.73 ticks, tree = 150512.22 MB, solutions = 59)
Nodefile size = 150379.30 MB (112843.14 MB after compression)
 1609056 1241803      895.3977   314     1208.0000      857.9354 2.21e+08   28.98%
 1611304 1243711     1136.5000   239     1208.0000      858.0215 2.21e+08   28.97%
 1611682 1244064      887.2098   453     1208.0000      858.0215 2.21e+08   28.97%
 1614718 1246699     1110.2283   479     1208.0000      858.0385 2.22e+08   28.97%
 1616682 1248426      907.8292   446     1208.0000      858.0385 2.22e+08   28.97%
 1620339 1251561      928.4570   398     1208.0000      858.1632 2.23e+08   28.96%
 1622700 1253620      891.7308   403     1208.0000      858.1632 2.23e+08   28.96%
 1625601 1256077      908.1347   391     1208.0000      858.2411 2.24e+08   28.95%
 1628143 1258337      989.5900   331     1208.0000      858.2411 2.24e+08   28.95%
 1631321 1261078      920.7500   255     1208.0000      858.3125 2.25e+08   28.95%
Elapsed time = 8259.27 sec. (2470008.99 ticks, tree = 153084.44 MB, solutions = 61)
Nodefile size = 152950.97 MB (114708.37 MB after compression)
 1633286 1262797      922.3849   363     1208.0000      858.3125 2.25e+08   28.95%
*1634272+1263654                         1206.0000      858.3125 2.25e+08   28.83%
Found incumbent of value 1206.000000 after 8280.29 sec. (2473398.07 ticks)
 1635316 1257457     1143.0833   285     1206.0000      858.4048 2.25e+08   28.82%
 1638036 1259849      938.9167   372     1206.0000      858.4048 2.26e+08   28.82%
 1640726 1262142     1194.0000   200     1206.0000      858.5000 2.26e+08   28.81%
 1641880 1263182      995.7204   435     1206.0000      858.5000 2.26e+08   28.81%
 1644889 1265780      993.6954   397     1206.0000      858.5340 2.27e+08   28.81%
 1646853 1267497      983.7062   439     1206.0000      858.5340 2.27e+08   28.81%
 1650004 1270235     1006.1188   296     1206.0000      858.6111 2.28e+08   28.81%
 1652905 1272795      952.6022   347     1206.0000      858.6111 2.28e+08   28.81%
 1655816 1275286     1133.8889   301     1206.0000      858.6944 2.28e+08   28.80%
Elapsed time = 8398.19 sec. (2510309.29 ticks, tree = 154525.49 MB, solutions = 62)
Nodefile size = 154391.66 MB (115707.71 MB after compression)
 1657511 1276753      958.0181   431     1206.0000      858.6944 2.29e+08   28.80%
 1659783 1278682      878.6250   311     1206.0000      858.7609 2.29e+08   28.79%
 1662620 1281184      932.7500   332     1206.0000      858.7609 2.29e+08   28.79%
 1665389 1283561     1061.8307   329     1206.0000      858.8406 2.30e+08   28.79%
 1665675 1283827     1120.7500   309     1206.0000      858.8406 2.30e+08   28.79%
 1669236 1286938      931.7339   419     1206.0000      858.8750 2.31e+08   28.78%
 1670132 1287726     1162.0833   250     1206.0000      858.8750 2.31e+08   28.78%
 1674637 1291609     1102.8149   341     1206.0000      858.9669 2.32e+08   28.78%
                                                  Impl Bds: 5                  
 1677514 1294123      937.4286   338     1206.0000      858.9669 2.32e+08   28.78%
 1679519 1295798     1056.7500   251     1206.0000      859.0556 2.32e+08   28.77%
                                                  Impl Bds: 3                  
Elapsed time = 8532.49 sec. (2551271.31 ticks, tree = 156797.74 MB, solutions = 62)
Nodefile size = 156665.77 MB (117357.77 MB after compression)
 1681793 1297778     1053.2119   380     1206.0000      859.0556 2.33e+08   28.77%
 1683694 1299418      957.6545   434     1206.0000      859.1250 2.33e+08   28.76%
 1686482 1301858      891.0606   403     1206.0000      859.1250 2.33e+08   28.76%
 1689475 1304410      918.3417   379     1206.0000      859.2143 2.34e+08   28.76%
                                                      Cuts: 2                  
 1692931 1307470     1154.1667   244     1206.0000      859.2143 2.34e+08   28.76%
 1695487 1309665      946.3233   363     1206.0000      859.2984 2.35e+08   28.75%
 1695791 1309943     1010.9375   445     1206.0000      859.2984 2.35e+08   28.75%
 1699193 1312880     1193.3624   329     1206.0000      859.3225 2.36e+08   28.75%
 1702164 1315487     1172.5833   357     1206.0000      859.3225 2.36e+08   28.75%
 1704926 1317834     1015.4056   376     1206.0000      859.4521 2.36e+08   28.74%
                                                  Impl Bds: 1                  
Elapsed time = 8673.75 sec. (2593651.91 ticks, tree = 159254.54 MB, solutions = 62)
Nodefile size = 159119.39 MB (119130.78 MB after compression)
 1707678 1320264      917.5139   365     1206.0000      859.4521 2.37e+08   28.74%
 1710020 1322231      947.4110   420     1206.0000      859.5093 2.37e+08   28.73%
                                                  Impl Bds: 6                  
 1712208 1324128      946.0466   343     1206.0000      859.5093 2.38e+08   28.73%
 1713987 1325633     1053.2486   308     1206.0000      859.5833 2.38e+08   28.72%
 1716726 1328018      900.0227   349     1206.0000      859.5833 2.38e+08   28.72%
 1719437 1330314     1143.6508   292     1206.0000      859.6659 2.39e+08   28.72%
                                                    Covers: 2                  
 1722070 1332645      876.5987   459     1206.0000      859.6659 2.39e+08   28.72%
 1724449 1334647     1081.0833   247     1206.0000      859.7424 2.39e+08   28.71%
 1727265 1337156      974.0359   401     1206.0000      859.7424 2.40e+08   28.71%
 1730142 1339600     1050.8750   327     1206.0000      859.8317 2.40e+08   28.70%
Elapsed time = 8814.15 sec. (2634426.02 ticks, tree = 162178.15 MB, solutions = 62)
Nodefile size = 162044.91 MB (121259.84 MB after compression)
 1730491 1339921      968.6045   484     1206.0000      859.8317 2.40e+08   28.70%
 1733805 1342756      996.2000   328     1206.0000      859.8571 2.41e+08   28.70%
 1736215 1344860     1016.1574   353     1206.0000      859.8571 2.41e+08   28.70%
 1739653 1347813     1186.8333   185     1206.0000      859.9751 2.42e+08   28.69%
 1741459 1349364      989.1949   361     1206.0000      859.9751 2.42e+08   28.69%
 1743735 1351249     1014.4583   330     1206.0000      860.0326 2.43e+08   28.69%
 1745906 1353143     1180.4646   352     1206.0000      860.0326 2.43e+08   28.69%
 1749138 1355893      919.7000   338     1206.0000      860.1229 2.43e+08   28.68%
 1750837 1357383      931.1795   367     1206.0000      860.1229 2.44e+08   28.68%
 1754651 1360662     1202.6667   185     1206.0000      860.1944 2.44e+08   28.67%
Elapsed time = 8950.02 sec. (2675332.61 ticks, tree = 164555.28 MB, solutions = 62)
Nodefile size = 164421.67 MB (122977.10 MB after compression)
 1757499 1363169     1087.4155   423     1206.0000      860.1944 2.45e+08   28.67%
 1760397 1365658     1044.2725   402     1206.0000      860.2940 2.45e+08   28.67%
 1762701 1367666      930.2733   389     1206.0000      860.2940 2.45e+08   28.67%
 1766060 1370464     1074.8889   376     1206.0000      860.3775 2.46e+08   28.66%
 1766836 1371154      931.3971   541     1206.0000      860.3775 2.46e+08   28.66%
 1769924 1373808      901.2634   358     1206.0000      860.4107 2.47e+08   28.66%
 1771364 1375084     1124.5000   214     1206.0000      860.4107 2.47e+08   28.66%
 1774135 1377474      903.5000   283     1206.0000      860.4799 2.47e+08   28.65%
 1777017 1379979     1177.9286   220     1206.0000      860.4799 2.48e+08   28.65%
 1779483 1382104      906.2916   431     1206.0000      860.5500 2.48e+08   28.64%
Elapsed time = 9091.24 sec. (2717075.27 ticks, tree = 166964.53 MB, solutions = 62)
Nodefile size = 166831.78 MB (124723.11 MB after compression)
 1783271 1385449      963.4821   359     1206.0000      860.5500 2.49e+08   28.64%
 1785365 1387229      963.7660   373     1206.0000      860.6500 2.49e+08   28.64%
 1788021 1389563      872.4328   394     1206.0000      860.6500 2.49e+08   28.64%
 1791191 1392251     1120.2500   268     1206.0000      860.7312 2.50e+08   28.63%
 1793901 1394662     1120.1111   275     1206.0000      860.7312 2.50e+08   28.63%
 1796857 1397173     1049.7667   292     1206.0000      860.8092 2.51e+08   28.62%
 1799281 1399297      984.3519   386     1206.0000      860.8092 2.51e+08   28.62%
 1801411 1401110     1188.1136   257     1206.0000      860.8763 2.51e+08   28.62%
 1801699 1401380      933.4670   512     1206.0000      860.8763 2.51e+08   28.62%
 1805681 1404821     1012.5482   364     1206.0000      860.9110 2.52e+08   28.61%
Elapsed time = 9237.40 sec. (2760316.69 ticks, tree = 169470.08 MB, solutions = 62)
Nodefile size = 169336.02 MB (126537.54 MB after compression)
 1808374 1407188      985.4990   401     1206.0000      860.9110 2.53e+08   28.61%
 1811265 1409651     1020.3750   294     1206.0000      861.0064 2.53e+08   28.61%
 1813697 1411783     1183.3638   402     1206.0000      861.0064 2.54e+08   28.61%
 1816684 1414348        cutoff           1206.0000      861.0837 2.54e+08   28.60%
                                                  Impl Bds: 3                  
 1819340 1416695      996.0152   398     1206.0000      861.0837 2.54e+08   28.60%
 1822019 1418972     1014.8021   331     1206.0000      861.1653 2.55e+08   28.59%
                                                  Impl Bds: 3                  
 1824421 1421091      919.0806   454     1206.0000      861.1653 2.55e+08   28.59%
 1826812 1423152     1183.6667   186     1206.0000      861.2083 2.55e+08   28.59%
                                                    Covers: 1                  
 1829244 1425288      920.4141   319     1206.0000      861.2083 2.56e+08   28.59%
 1832698 1428219     1033.0226   314     1206.0000      861.2841 2.56e+08   28.58%
                                                  Impl Bds: 1                  
Elapsed time = 9377.33 sec. (2801706.67 ticks, tree = 172597.94 MB, solutions = 62)
Nodefile size = 172466.09 MB (128806.59 MB after compression)
 1834421 1429753      893.8702   465     1206.0000      861.2841 2.57e+08   28.58%
 1838444 1433216      924.9541   353     1206.0000      861.3500 2.57e+08   28.58%
                                                  Impl Bds: 1                  
 1838702 1433455      949.1393   467     1206.0000      861.3500 2.57e+08   28.58%
 1842052 1436328     1051.2812   465     1206.0000      861.3528 2.58e+08   28.58%
                                                  Impl Bds: 1                  
 1843492 1437594      939.1000   359     1206.0000      861.3528 2.58e+08   28.58%
 1846279 1439993      941.2885   301     1206.0000      861.4643 2.59e+08   28.57%
                                                  Impl Bds: 3                  
 1848865 1442305      931.7318   399     1206.0000      861.4643 2.59e+08   28.57%
 1851999 1444985      990.5625   336     1206.0000      861.5270 2.59e+08   28.56%
                                                  Impl Bds: 2                  
 1855167 1447744     1161.9700   284     1206.0000      861.5270 2.60e+08   28.56%
 1857676 1449864      924.8833   380     1206.0000      861.5962 2.60e+08   28.56%
                                                    Covers: 3                  
Elapsed time = 9513.47 sec. (2843296.61 ticks, tree = 175043.55 MB, solutions = 62)
Nodefile size = 174910.78 MB (130577.19 MB after compression)
 1860844 1452626      872.5030   371     1206.0000      861.5962 2.61e+08   28.56%
 1863450 1454827      915.1957   376     1206.0000      861.6857 2.61e+08   28.55%
 1866202 1457235     1007.7526   348     1206.0000      861.6857 2.62e+08   28.55%
 1869148 1459758      922.9718   369     1206.0000      861.7604 2.62e+08   28.54%
 1871676 1461989     1026.8438   310     1206.0000      861.7604 2.62e+08   28.54%
 1874265 1464186      993.4375   312     1206.0000      861.8279 2.63e+08   28.54%
 1875405 1465191      905.3364   441     1206.0000      861.8279 2.63e+08   28.54%
 1877576 1467056      966.2841   438     1206.0000      861.8861 2.63e+08   28.53%
 1879656 1468878     1049.4167   264     1206.0000      861.8861 2.64e+08   28.53%
 1883259 1471965     1072.2431   407     1206.0000      861.9674 2.64e+08   28.53%
Elapsed time = 9654.89 sec. (2884888.30 ticks, tree = 177616.75 MB, solutions = 62)
Nodefile size = 177483.38 MB (132443.54 MB after compression)
 1885659 1474057      928.3182   359     1206.0000      861.9674 2.65e+08   28.53%
 1888956 1476893      995.0349   454     1206.0000      862.0167 2.65e+08   28.52%
 1891159 1478811     1057.0000   241     1206.0000      862.0167 2.65e+08   28.52%
 1894556 1481735      920.4599   398     1206.0000      862.1071 2.66e+08   28.52%
                                                  Impl Bds: 3                  
 1897290 1484145      930.4236   376     1206.0000      862.1071 2.66e+08   28.52%
 1899560 1486041     1000.6667   294     1206.0000      862.1705 2.67e+08   28.51%
                                                  Impl Bds: 2                  
 1900754 1487086     1016.5417   361     1206.0000      862.1705 2.67e+08   28.51%
 1903494 1489470      944.1580   445     1206.0000      862.2010 2.68e+08   28.51%
 1903809 1489755     1156.7804   442     1206.0000      862.2010 2.68e+08   28.51%
 1905247 1491000     1106.6000   337     1206.0000      862.2010 2.68e+08   28.51%
Elapsed time = 9800.69 sec. (2939759.08 ticks, tree = 179496.78 MB, solutions = 62)
Nodefile size = 179351.08 MB (133793.67 MB after compression)
 1908262 1493635     1156.5000   252     1206.0000      862.2478 2.68e+08   28.50%
 1908803 1494093     1097.9574   391     1206.0000      862.2478 2.68e+08   28.50%
 1909607 1494809      913.2847   405     1206.0000      862.2478 2.68e+08   28.50%
 1909686 1494873      887.7500   355     1206.0000      862.2478 2.68e+08   28.50%
 1912565 1497379      880.7361   367     1206.0000      862.2501 2.69e+08   28.50%
 1916009 1500382      885.7291   446     1206.0000      862.3333 2.69e+08   28.50%
 1916047 1500420     1054.3030   331     1206.0000      862.3333 2.69e+08   28.50%
 1917748 1501904      933.2593   339     1206.0000      862.3333 2.70e+08   28.50%
 1920064 1503889     1117.7243   322     1206.0000      862.3895 2.70e+08   28.49%
 1920265 1504068     1073.5970   379     1206.0000      862.3895 2.70e+08   28.49%
Elapsed time = 10043.62 sec. (3060935.80 ticks, tree = 181371.25 MB, solutions = 62)
Nodefile size = 181228.72 MB (135158.33 MB after compression)
 1920449 1504229      933.3427   391     1206.0000      862.3895 2.70e+08   28.49%
 1922108 1505679      969.0364   385     1206.0000      862.3895 2.70e+08   28.49%
 1923684 1506970     1137.5096   331     1206.0000      862.4122 2.71e+08   28.49%
                                                  Impl Bds: 1                  
 1923887 1507160      932.7164   371     1206.0000      862.4122 2.71e+08   28.49%
 1924513 1507685      987.5500   328     1206.0000      862.4122 2.71e+08   28.49%
 1926918 1509742      951.5000   296     1206.0000      862.4615 2.71e+08   28.49%
                                                  Impl Bds: 1                  
 1927231 1510017     1152.4238   382     1206.0000      862.4615 2.71e+08   28.49%
 1929398 1511844      874.9351   529     1206.0000      862.5000 2.72e+08   28.48%
 1932867 1514874      965.8514   350     1206.0000      862.5227 2.72e+08   28.48%
 1933413 1515330     1028.5011   402     1206.0000      862.5227 2.72e+08   28.48%
Elapsed time = 10249.88 sec. (3200350.03 ticks, tree = 182500.49 MB, solutions = 62)
Nodefile size = 182358.55 MB (135976.50 MB after compression)
 1935061 1516787     1020.9939   354     1206.0000      862.5227 2.73e+08   28.48%
 1936683 1518184      981.5833   228     1206.0000      862.5888 2.73e+08   28.48%
 1936694 1518189     1068.9333   292     1206.0000      862.5888 2.73e+08   28.48%
 1937148 1518575     1008.8271   399     1206.0000      862.5888 2.73e+08   28.48%
 1938879 1520087      889.3622   425     1206.0000      862.5888 2.73e+08   28.48%
 1940154 1521201     1185.0000   225     1206.0000      862.6323 2.73e+08   28.47%
 1940991 1521915      921.1680   367     1206.0000      862.6323 2.73e+08   28.47%
 1941767 1522592     1012.4652   351     1206.0000      862.6323 2.74e+08   28.47%
 1944485 1524879      949.5013   361     1206.0000      862.6724 2.74e+08   28.47%
                                                  Impl Bds: 2                  
 1944978 1525332     1144.7989   357     1206.0000      862.6724 2.74e+08   28.47%
Elapsed time = 10413.71 sec. (3299067.94 ticks, tree = 183895.92 MB, solutions = 62)
Nodefile size = 183742.78 MB (136982.21 MB after compression)
 1947454 1527498     1010.1987   286     1206.0000      862.7083 2.74e+08   28.47%
                                                  Impl Bds: 2                  
 1951192 1530739     1006.0833   260     1206.0000      862.7083 2.75e+08   28.47%
 1952385 1531798     1078.5296   311     1206.0000      862.7083 2.75e+08   28.47%
 1952513 1531913     1148.0000   316     1206.0000      862.7083 2.75e+08   28.47%
 1955097 1534173     1099.1308   327     1206.0000      862.7879 2.76e+08   28.46%
 1955489 1534527     1187.2647   157     1206.0000      862.7879 2.76e+08   28.46%
 1956388 1535299      913.8818   412     1206.0000      862.7879 2.76e+08   28.46%
 1958548 1537161     1145.0417   292     1206.0000      862.8515 2.76e+08   28.45%
 1958830 1537399     1127.6389   303     1206.0000      862.8515 2.76e+08   28.45%
 1961519 1539711      915.6667   379     1206.0000      862.9199 2.77e+08   28.45%
Elapsed time = 10679.83 sec. (3458925.20 ticks, tree = 185244.34 MB, solutions = 62)
Nodefile size = 185112.27 MB (137968.97 MB after compression)
 1962033 1540164      931.2153   470     1206.0000      862.9199 2.77e+08   28.45%
*1962424+1540497                         1200.0000      862.9199 2.77e+08   28.09%
Found incumbent of value 1200.000000 after 10701.17 sec. (3466194.77 ticks)
 1965642 1519965     1007.3333   228     1200.0000      862.9318 2.77e+08   28.09%
 1965891 1520188     1167.3258   340     1200.0000      862.9318 2.77e+08   28.09%
 1968684 1522565     1070.0083   264     1200.0000      863.0000 2.78e+08   28.08%
 1968764 1522643     1087.0303   274     1200.0000      863.0000 2.78e+08   28.08%

GUB cover cuts applied:  3
Cover cuts applied:  33
Implied bound cuts applied:  221
Zero-half cuts applied:  254
Gomory fractional cuts applied:  2

Root node processing (before b&c):
  Real time             =   19.24 sec. (12566.40 ticks)
Parallel b&c, 32 threads:
  Real time             = 10796.85 sec. (3517329.47 ticks)
  Sync time (average)   =    1.45 sec.
  Wait time (average)   =    0.00 sec.
                          ------------
Total (root+branch&cut) = 10816.09 sec. (3529895.87 ticks)


Solution status: Feasible
Execution time: 10816.5 sec
Gap: 0.28082
