Thu Jul 19 05:26:31 2018

Tried aggregator 2 times.
MIP Presolve eliminated 10580 rows and 121 columns.
Aggregator did 380 substitutions.
Reduced MIP has 11090 rows, 3988 columns, and 42736 nonzeros.
Reduced MIP has 3988 binaries, 0 generals, 0 SOSs, and 0 indicators.
Presolve time = 0.08 sec. (59.60 ticks)
Probing time = 0.01 sec. (2.68 ticks)
Tried aggregator 1 time.
Presolve time = 0.03 sec. (19.60 ticks)
Probing time = 0.01 sec. (2.68 ticks)
Clique table members: 21334.
MIP emphasis: balance optimality and feasibility.
MIP search method: dynamic search.
Parallel mode: deterministic, using up to 32 threads.
Root relaxation solution time = 0.90 sec. (156.54 ticks)

        Nodes                                         Cuts/
   Node  Left     Objective  IInf  Best Integer    Best Bound    ItCnt     Gap

      0     0      692.0000   282                    692.0000     1333         
      0     0      694.5000   248                    Cuts: 66     1737         
      0     0      715.2162   452                   Cuts: 101     3803         
      0     0      752.5406   528                ZeroHalf: 46     5128         
      0     0      764.3462   539                ZeroHalf: 54     5629         
      0     0      767.9382   574                    Cuts: 47     6063         
      0     0      769.0075   582                ZeroHalf: 34     6361         
      0     0      771.0568   569                    Cuts: 32     6719         
      0     0      773.8778   468                    Cuts: 35     7062         
      0     0      774.7121   484                    Cuts: 36     7516         
      0     0      775.0596   481                    Cuts: 26     7647         
      0     0      775.4643   472                    Cuts: 27     7843         
      0     0      776.3369   605                    Cuts: 19     8165         
      0     0      776.7348   584                    Cuts: 24     8437         
      0     0      776.8539   614                ZeroHalf: 24     8566         
      0     0      777.0646   611                    Cuts: 19     8718         
      0     0      778.1448   598                    Cuts: 16     9099         
      0     0      778.6000   339                    Cuts: 31     9291         
      0     0      778.6000   426                    Cuts: 38     9366         
      0     0      778.6000   350                 ZeroHalf: 3     9398         
      0     0      778.6000   385                    Cuts: 56     9497         
*     0+    0                         2323.0000      778.6000     9497   66.48%
Found incumbent of value 2323.000000 after 11.87 sec. (6892.35 ticks)
      0     2      778.6000   346     2323.0000      778.6000     9497   66.48%
Elapsed time = 12.83 sec. (7385.64 ticks, tree = 0.01 MB, solutions = 1)
      1     3      786.1779   574     2323.0000      778.6000    11865   66.48%
      2     4      779.0000   452     2323.0000      778.6000    14909   66.48%
      4     6      795.8938   538     2323.0000      779.0000    16318   66.47%
      6     8      781.8780   649     2323.0000      779.0000    22957   66.47%
     11    13      804.1623   556     2323.0000      779.1408    25374   66.46%
                                                     Cuts: 15                  
     15    17      830.4183   520     2323.0000      779.1408    28777   66.46%
     22    24      868.8660   449     2323.0000      779.1408    33962   66.46%
     23    25      786.9760   584     2323.0000      781.9350    34252   66.34%
                                                  Impl Bds: 6                  
     24    26      847.4539   478     2323.0000      781.9350    36184   66.34%
     65    67      911.1812   561     2323.0000      781.9350    73138   66.34%
                                                     Cuts: 17                  
Elapsed time = 22.82 sec. (14964.67 ticks, tree = 0.01 MB, solutions = 1)
    306   292      857.8406   462     2323.0000      781.9350   202128   66.34%
                                                     Cuts: 12                  
    323   309      935.8932   438     2323.0000      781.9350   225242   66.34%
    329   315      859.0119   442     2323.0000      781.9350   233989   66.34%
    389   375      894.7661   522     2323.0000      781.9350   329514   66.34%
    593   567      938.2462   545     2323.0000      781.9350   491324   66.34%
                                                     Cuts: 11                  
    625   599      944.2014   492     2323.0000      781.9350   513344   66.34%
   1210  1162      973.6250   455     2323.0000      781.9350   867764   66.34%
*  1885+ 1750                         1875.0000      781.9350  1102967   58.30%
Found incumbent of value 1875.000000 after 45.31 sec. (23051.53 ticks)
   1971  1810      863.1361   519     1875.0000      781.9789  1130001   58.29%
                                                     Cuts: 50                  
   2078  1909     1187.7222   292     1875.0000      781.9789  1212695   58.29%
   2192  2021      976.6708   592     1875.0000      781.9789  1299666   58.29%
Elapsed time = 55.13 sec. (27604.04 ticks, tree = 0.60 MB, solutions = 2)
   2384  2207      969.7658   391     1875.0000      781.9789  1410292   58.29%
   3153  2930     1115.0235   405     1875.0000      781.9789  1747511   58.29%
*  3881  3559      integral     0     1782.0000      781.9789  2010237   56.12%
Found incumbent of value 1782.000000 after 61.31 sec. (29838.14 ticks)
   4037  3689      830.3634   577     1782.0000      781.9789  2068477   56.12%
                                                     Cuts: 30                  
   4070  3722      930.2116   592     1782.0000      781.9789  2099697   56.12%
   4102  3752      945.2836   615     1782.0000      781.9789  2126906   56.12%
   4390  4036      980.9674   424     1782.0000      781.9789  2282310   56.12%
*  4531+ 4171                         1676.0000      781.9789  2365630   53.34%
Found incumbent of value 1676.000000 after 79.52 sec. (30400.08 ticks)
   4598  4234     1041.0763   497     1676.0000      781.9789  2399286   53.34%
   6329  5805      862.0000   525     1676.0000      781.9789  3059779   53.34%
   6671  6023      778.6000   389     1676.0000      789.8387  3184828   52.87%
Elapsed time = 102.23 sec. (51639.52 ticks, tree = 32.89 MB, solutions = 4)
   6672  6023      779.0000   505     1676.0000      789.8387  3186426   52.87%
   6674  6025      798.3997   596     1676.0000      789.8387  3188276   52.87%
   6675  6025      812.5862   668     1676.0000      789.8387  3195621   52.87%
   6680  6027      839.7402   619     1676.0000      789.8387  3207961   52.87%
   6681  6027      817.3051   663     1676.0000      789.8387  3214254   52.87%
   6685  6030      819.0756   683     1676.0000      789.8387  3240149   52.87%
   6687  6032      860.2538   539     1676.0000      789.8387  3250306   52.87%
   6688  6033      779.4000   436     1676.0000      789.8387  3254785   52.87%
                                                  ZeroHalf: 4                  
*  6693+ 4030                         1668.0000      789.8387  3271706   52.65%
Found incumbent of value 1668.000000 after 129.66 sec. (74623.94 ticks)
   6693  4032      884.7865   593     1668.0000      789.8387  3271706   52.65%
   6697  4034      904.8531   595     1668.0000      789.8387  3283034   52.65%
Elapsed time = 133.70 sec. (77194.81 ticks, tree = 21.88 MB, solutions = 4)
   6704  4039      814.5909   572     1668.0000      789.8387  3301703   52.65%
                                                  ZeroHalf: 5                  
   6705  4039      922.5572   595     1668.0000      789.8387  3307875   52.65%
   6713  4041      933.3933   496     1668.0000      789.8387  3335658   52.65%
   6718  4044      948.9685   508     1668.0000      789.8387  3339072   52.65%
   6728  4049      965.3484   484     1668.0000      789.8387  3351091   52.65%
   6741  4057      945.1920   574     1668.0000      789.8387  3372854   52.65%
   6767  4072      959.0311   520     1668.0000      789.8387  3404401   52.65%
   6830  4112      885.9480   634     1668.0000      789.8387  3460264   52.65%
   6882  4141      887.7364   550     1668.0000      789.8387  3493449   52.65%
   6960  4186      898.2601   540     1668.0000      789.8387  3545015   52.65%
Elapsed time = 164.51 sec. (92414.06 ticks, tree = 21.28 MB, solutions = 5)
   7012  4214      972.8609   647     1668.0000      789.8387  3583445   52.65%
   7454  4458      901.8582   529     1668.0000      789.8387  3801357   52.65%
   7551  4516      927.7420   649     1668.0000      789.8387  3847324   52.65%
   8095  4847      895.9915   459     1668.0000      789.8387  3978467   52.65%
   8415  5020      975.4276   474     1668.0000      789.8387  4053831   52.65%
   9313  5523    infeasible           1668.0000      789.8387  4231840   52.65%
   9759  5779     1042.2217   485     1668.0000      789.8387  4310194   52.65%
                                                  Impl Bds: 2                  
   9893  5854     1112.0000   375     1668.0000      789.8387  4361836   52.65%
   9969  5896     1078.2863   416     1668.0000      789.8387  4403095   52.65%
   9979  5903     1087.5949   525     1668.0000      789.8387  4414189   52.65%
Elapsed time = 196.44 sec. (106061.61 ticks, tree = 79.69 MB, solutions = 5)
  10386  6112      960.5728   477     1668.0000      789.8387  4686187   52.65%
  10591  6206     1182.8454   465     1668.0000      789.8387  4784102   52.65%
  10655  6241     1192.9550   497     1668.0000      789.8387  4818482   52.65%
  10751  6297     1210.9060   495     1668.0000      789.8387  4853340   52.65%
  11083  6464     1027.2491   450     1668.0000      789.8387  4928374   52.65%
  11499  6671     1052.4091   375     1668.0000      789.8387  5011386   52.65%
  11959  6877      932.9715   561     1668.0000      789.8387  5096547   52.65%
  12183  6990      980.2624   454     1668.0000      789.8387  5144841   52.65%
  12631  7228      974.7700   475     1668.0000      789.8387  5224323   52.65%
  14496  8074      850.5789   471     1668.0000      789.8387  5570512   52.65%
                                                     Cuts: 21                  
Elapsed time = 233.89 sec. (117900.50 ticks, tree = 244.23 MB, solutions = 5)
Nodefile size = 94.11 MB (70.54 MB after compression)
  14656  8158      855.9727   513     1668.0000      789.8387  5620571   52.65%
  14816  8234      886.5009   464     1668.0000      789.8387  5658227   52.65%
  15002  8336     1040.4740   483     1668.0000      789.8387  5694030   52.65%
  15162  8426     1075.6500   395     1668.0000      789.8387  5726687   52.65%
  15512  8628      957.4926   486     1668.0000      789.8387  5769885   52.65%
  15928  8913     1040.3802   357     1668.0000      789.8387  5813246   52.65%
  16472  9418     1171.8754   273     1668.0000      789.8387  5875800   52.65%
  17000  9907      924.0093   441     1668.0000      789.8387  5934646   52.65%
  17384 10273     1053.8031   410     1668.0000      789.8387  5988664   52.65%
  17886 10748     1237.8333   383     1668.0000      789.8387  6063811   52.65%
Elapsed time = 278.92 sec. (128082.92 ticks, tree = 254.75 MB, solutions = 5)
Nodefile size = 94.11 MB (70.54 MB after compression)
  17914 10776      980.7603   467     1668.0000      789.8387  6066754   52.65%
  18618 11456     1168.6073   295     1668.0000      789.8387  6174151   52.65%
  20435 13171      879.3980   460     1668.0000      789.8387  6426830   52.65%
                                                     Cuts: 10                  
  20787 13520     1002.0566   459     1668.0000      789.8387  6501593   52.65%
  21366 14079      826.8143   526     1668.0000      789.8387  6589889   52.65%
  21686 14387      932.3668   401     1668.0000      789.8387  6627938   52.65%
  22198 14865     1066.4594   403     1668.0000      789.8387  6682207   52.65%
  23350 15970     1231.6122   319     1668.0000      789.8387  6791822   52.65%
  25073 17572     1058.2064   434     1668.0000      789.8387  7050687   52.65%
  25581 18059      962.4849   468     1668.0000      789.8387  7123015   52.65%
Elapsed time = 319.61 sec. (139239.40 ticks, tree = 846.17 MB, solutions = 5)
Nodefile size = 672.78 MB (520.52 MB after compression)
  25805 18263     1011.6595   434     1668.0000      789.8387  7160938   52.65%
  26177 18622     1094.0352   372     1668.0000      789.8387  7212579   52.65%
  26465 18895     1186.8571   383     1668.0000      789.8387  7244896   52.65%
* 28286 20595      integral     0     1645.0000      789.8387  7510911   51.99%
Found incumbent of value 1645.000000 after 329.36 sec. (142476.57 ticks)
  29744 21944     1092.8750   325     1645.0000      789.8387  7720346   51.99%
  30420 22469     1410.9458   282     1645.0000      817.3194  7807588   50.31%
  31380 23390      876.2817   534     1645.0000      817.3194  7940851   50.31%
  31796 23779      963.0415   390     1645.0000      817.3194  7993610   50.31%
  32340 24287     1120.0519   407     1645.0000      817.3194  8058908   50.31%
  35892 27607      870.1448   554     1645.0000      817.3194  8546394   50.31%
Elapsed time = 370.04 sec. (153943.96 ticks, tree = 2036.31 MB, solutions = 5)
Nodefile size = 1862.16 MB (1453.00 MB after compression)
* 37839+29424                         1634.0000      817.3194  8790895   49.98%
Found incumbent of value 1634.000000 after 374.32 sec. (152800.83 ticks)
  38644 30121     1335.7700   237     1634.0000      834.5738  8917548   48.92%
* 39969+31376                         1581.0000      834.5738  9135556   47.21%
Found incumbent of value 1581.000000 after 402.19 sec. (158968.95 ticks)
  40244 31640     1017.3319   406     1581.0000      834.5738  9166169   47.21%
  43012 34205      972.3382   525     1581.0000      834.5738  9549168   47.21%
  44526 35230     1175.1500   400     1581.0000      842.7094  9795256   46.70%
  47232 37793      927.7613   522     1581.0000      842.7094 10150249   46.70%
  51487 41767      896.3347   446     1581.0000      842.7094 10701027   46.70%
  52421 42658     1126.9114   319     1581.0000      846.0479 10859930   46.49%
                                                  ZeroHalf: 3                  
  54013 44148     1003.8995   396     1581.0000      846.0479 11084876   46.49%
* 57617 47465      integral     0     1524.0000      846.0479 11554346   44.49%
Found incumbent of value 1524.000000 after 488.33 sec. (186807.73 ticks)
* 57881+46529                         1519.0000      850.1578 11600642   44.03%
                                                     Cuts: 12                  
Found incumbent of value 1519.000000 after 505.85 sec. (193837.11 ticks)
* 57881+46529                         1507.0000      850.1578 11600642   43.59%
Found incumbent of value 1507.000000 after 505.99 sec. (193886.94 ticks)
  57881 46531      950.2324   366     1507.0000      850.1578 11600642   43.59%
Elapsed time = 576.29 sec. (235820.88 ticks, tree = 6012.83 MB, solutions = 10)
Nodefile size = 5884.79 MB (4609.33 MB after compression)
* 57882+46530                         1481.0000      850.1578 11600661   42.60%
Found incumbent of value 1481.000000 after 576.29 sec. (202793.79 ticks)
  58798 45952     1202.8066   387     1481.0000      850.1578 11869109   42.60%
  61032 48026     1384.9425   146     1481.0000      850.1578 12205471   42.60%
* 62753 49595      integral     0     1449.0000      850.1578 12483374   41.33%
Found incumbent of value 1449.000000 after 605.27 sec. (243486.99 ticks)
  64041 49092     1025.6136   314     1449.0000      854.9001 12716260   41.00%
  66345 51217     1084.3069   404     1449.0000      854.9001 13104694   41.00%
  69669 54267     1213.3333   258     1449.0000      858.5684 13649685   40.75%
                                                  ZeroHalf: 3                  
  71300 55786     1071.1799   401     1449.0000      858.5684 13913884   40.75%
  74257 58506     1130.7500   258     1449.0000      858.5684 14431668   40.75%
  75864 60006     1152.7083   341     1449.0000      861.0779 14699090   40.57%
                                                  ZeroHalf: 4                  
  78648 62601      865.7377   650     1449.0000      861.0779 15106442   40.57%
Elapsed time = 700.01 sec. (271308.75 ticks, tree = 6657.41 MB, solutions = 48)
Nodefile size = 6505.62 MB (5117.40 MB after compression)
  81778 65468     1012.4730   450     1449.0000      864.5265 15626869   40.34%
                                                    Covers: 1                  
  82322 65998     1169.9176   402     1449.0000      864.5265 15738977   40.34%
  84402 67920     1191.5833   190     1449.0000      864.5265 16079068   40.34%
  87664 70934     1179.7409   365     1449.0000      866.8270 16622941   40.18%
                                                     Cuts: 13                  
  90110 73183     1179.8941   446     1449.0000      866.8270 17008218   40.18%
  92934 75778      982.1047   511     1449.0000      868.1696 17496060   40.08%
                                                  ZeroHalf: 1                  
  94918 77627     1094.9399   356     1449.0000      868.1696 17822942   40.08%
  97231 79757     1186.3333   167     1449.0000      868.1696 18224330   40.08%
  99033 81414     1053.5477   442     1449.0000      870.2378 18540068   39.94%
* 99408+81762                         1437.0000      870.2378 18601010   39.44%
Found incumbent of value 1437.000000 after 830.63 sec. (306205.24 ticks)
*101327+83502                         1397.0000      870.2378 18875392   37.71%
Found incumbent of value 1397.000000 after 839.88 sec. (307743.61 ticks)
 101689 83831     1354.1263   314     1397.0000      870.2378 18945344   37.71%
Elapsed time = 841.14 sec. (311781.22 ticks, tree = 9421.51 MB, solutions = 48)
Nodefile size = 9267.41 MB (7298.24 MB after compression)
 102357 84461     1258.2222   189     1397.0000      870.2378 19064131   37.71%
*105540+82602                         1392.0000      871.6866 19607653   37.38%
                                                  ZeroHalf: 7                  
Found incumbent of value 1392.000000 after 865.97 sec. (318967.71 ticks)
 105551 82615     1138.8614   398     1392.0000      871.6866 19609443   37.38%
 106767 83713     1018.1432   504     1392.0000      871.6866 19824314   37.38%
 109184 85269     1149.4580   372     1392.0000      873.1222 20248254   37.28%
                                                  ZeroHalf: 2                  
 110764 86723      970.8104   456     1392.0000      873.1222 20523942   37.28%
 112332 88194     1310.5439   214     1392.0000      873.1222 20816047   37.28%
 115909 91464      989.6195   407     1392.0000      874.8210 21453368   37.15%
                                                  ZeroHalf: 4                  
 118044 93401      907.6516   519     1392.0000      874.8210 21793860   37.15%
 120481 95593     1180.3304   411     1392.0000      876.3147 22228650   37.05%
                                                  Impl Bds: 2                  
 122977 97928     1198.0595   307     1392.0000      876.3147 22716189   37.05%
Elapsed time = 976.68 sec. (352532.08 ticks, tree = 11324.15 MB, solutions = 51)
Nodefile size = 11169.05 MB (8794.58 MB after compression)
 125778 100458     1015.4504   383     1392.0000      876.3147 23218602   37.05%
 127027 101630     1331.2262   214     1392.0000      877.4480 23430707   36.96%
 128927 103317     1176.5013   377     1392.0000      877.4480 23783224   36.96%
 131303 105452      977.9005   483     1392.0000      878.7655 24212171   36.87%
                                                  ZeroHalf: 1                  
 133287 107285     1202.1667   269     1392.0000      878.7655 24534174   36.87%
 135975 109757     1319.0000   189     1392.0000      878.7655 25022274   36.87%
 137557 111157     1069.3816   399     1392.0000      880.1767 25303239   36.77%
 139381 112847     1179.5269   409     1392.0000      880.1767 25665423   36.77%
 143235 116337     1138.7076   369     1392.0000      881.3096 26296926   36.69%
 145690 118633     1167.4185   356     1392.0000      881.3096 26695623   36.69%
Elapsed time = 1114.99 sec. (393453.00 ticks, tree = 14057.04 MB, solutions = 51)
Nodefile size = 13903.13 MB (10932.96 MB after compression)
 148374 121075     1211.8740   346     1392.0000      881.3096 27135421   36.69%
 149411 122019      990.9768   430     1392.0000      882.4389 27324774   36.61%
                                                    Covers: 1                  
 151107 123560     1004.2480   494     1392.0000      882.4389 27619983   36.61%
 153774 125975     1005.3537   416     1392.0000      883.5440 28070755   36.53%
                                                     Cuts: 10                  
 155906 127925     1091.3570   444     1392.0000      883.5440 28449138   36.53%
 158718 130494     1000.5634   478     1392.0000      883.5440 28920656   36.53%
 160242 131897     1037.6004   369     1392.0000      884.7631 29189834   36.44%
                                                      Cuts: 7                  
 162377 133844     1360.6538   306     1392.0000      884.7631 29561981   36.44%
 165315 136494     1098.1715   442     1392.0000      885.7121 30056658   36.37%
 167861 138831     1310.4561   269     1392.0000      885.7121 30492409   36.37%
Elapsed time = 1246.95 sec. (434793.02 ticks, tree = 16724.97 MB, solutions = 51)
Nodefile size = 16568.37 MB (12979.79 MB after compression)
 169251 140122     1261.1656   322     1392.0000      885.7121 30738330   36.37%
 171561 142219     1253.9125   307     1392.0000      886.3803 31199073   36.32%
                                                  ZeroHalf: 1                  
 173002 143527     1039.3960   471     1392.0000      886.3803 31541291   36.32%
 175719 145973     1191.8485   315     1392.0000      887.3707 32058168   36.25%
 177310 147440      977.7377   472     1392.0000      887.3707 32317153   36.25%
 179872 149788     1256.6000   227     1392.0000      887.3707 32782096   36.25%
 181927 151641     1131.9600   340     1392.0000      888.4217 33106160   36.18%
 184203 153757     1205.5000   305     1392.0000      888.4217 33534769   36.18%
 187105 156377     1044.2115   354     1392.0000      888.4217 34009855   36.18%
 188614 157789     1100.7262   346     1392.0000      889.3550 34249061   36.11%
                                                  ZeroHalf: 1                  
Elapsed time = 1371.65 sec. (473920.77 ticks, tree = 19008.63 MB, solutions = 51)
Nodefile size = 18854.84 MB (14734.11 MB after compression)
 189223 158329     1129.7500   283     1392.0000      889.3550 34356432   36.11%
 193674 162349     1075.2106   439     1392.0000      890.2195 35121209   36.05%
 195682 164197     1141.3989   329     1392.0000      890.2195 35504839   36.05%
 199279 167450     1133.8333   302     1392.0000      890.2195 36112214   36.05%
 199816 167935      996.7950   470     1392.0000      891.2570 36218293   35.97%
 201758 169701     1263.3571   328     1392.0000      891.2570 36582334   35.97%
 203905 171618     1188.3333   319     1392.0000      892.1429 36951259   35.91%
 205676 173252      938.9684   372     1392.0000      892.1429 37268605   35.91%
 207756 175133      910.7742   601     1392.0000      892.1429 37630559   35.91%
 210102 177274      958.2874   558     1392.0000      892.9731 38046928   35.85%
Elapsed time = 1507.13 sec. (516067.55 ticks, tree = 21718.48 MB, solutions = 51)
Nodefile size = 21570.45 MB (16826.08 MB after compression)
 210262 177426      980.1763   567     1392.0000      892.9731 38087869   35.85%
 214852 181576     1132.8757   409     1392.0000      893.1589 39075005   35.84%
 216042 182700      955.0121   467     1392.0000      893.1589 39280023   35.84%
 220488 186710     1035.9071   389     1392.0000      894.3851 40010718   35.75%
 223687 189667     1040.0000   190     1392.0000      894.3851 40516282   35.75%
 226298 191999     1013.7000   405     1392.0000      894.3851 40961441   35.75%
 227453 193051     1027.5070   375     1392.0000      895.0616 41166327   35.70%
 230365 195714      977.6250   341     1392.0000      895.0616 41642121   35.70%
 233314 198370     1231.4507   246     1392.0000      896.0383 42119792   35.63%
 235693 200523     1068.0755   407     1392.0000      896.0383 42541834   35.63%
Elapsed time = 1654.68 sec. (558552.29 ticks, tree = 24042.71 MB, solutions = 51)
Nodefile size = 23886.28 MB (18600.43 MB after compression)
 238836 203327     1055.3002   389     1392.0000      896.0383 43062292   35.63%
 239453 203897      990.5294   366     1392.0000      896.6340 43195804   35.59%
                                                  Impl Bds: 3                  
 241106 205380     1084.9640   442     1392.0000      896.6340 43495511   35.59%
 243695 207690      992.7232   459     1392.0000      897.2481 43952824   35.54%
                                                  ZeroHalf: 2                  
 245747 209585     1015.5000   268     1392.0000      897.2481 44313812   35.54%
 248812 212341     1073.1356   381     1392.0000      897.2481 44884730   35.54%
 250301 213711      942.1600   524     1392.0000      897.9102 45153301   35.49%
 252610 215766     1042.1912   485     1392.0000      897.9102 45533612   35.49%
 255355 218226      936.5972   370     1392.0000      898.6316 46007854   35.44%
 257297 219986     1112.0234   311     1392.0000      898.6316 46413242   35.44%
Elapsed time = 1786.68 sec. (599978.83 ticks, tree = 26692.86 MB, solutions = 51)
Nodefile size = 26539.36 MB (20638.81 MB after compression)
 260610 222961      992.1678   423     1392.0000      898.6316 47004598   35.44%
 261953 224192     1146.3095   202     1392.0000      899.0830 47263979   35.41%
 263926 225934     1149.0400   378     1392.0000      899.0830 47602302   35.41%
 267177 228858     1286.9394   250     1392.0000      899.6466 48144687   35.37%
                                                      Cuts: 4                  
 268769 230320      995.3904   397     1392.0000      899.6466 48491194   35.37%
 270787 232144     1173.1429   305     1392.0000      899.6466 48897999   35.37%
 272841 234009      976.9428   490     1392.0000      900.0335 49317937   35.34%
 274922 235888     1297.9697   335     1392.0000      900.0335 49678673   35.34%
 278073 238736     1122.7536   366     1392.0000      900.8434 50210675   35.28%
 280217 240695     1060.6515   360     1392.0000      900.8434 50604587   35.28%
Elapsed time = 1914.27 sec. (639720.83 ticks, tree = 28580.31 MB, solutions = 51)
Nodefile size = 28423.75 MB (22070.35 MB after compression)
 281401 241743     1116.5023   440     1392.0000      900.8434 50801971   35.28%
 284563 244605      959.5346   458     1392.0000      901.5193 51370968   35.24%
                                                  ZeroHalf: 2                  
 286151 246039     1186.8151   364     1392.0000      901.5193 51653338   35.24%
 288635 248261     1016.5968   392     1392.0000      901.5193 52057929   35.24%
 290059 249561      977.6819   490     1392.0000      902.0581 52313410   35.20%
                                                    Covers: 1                  
 292281 251585     1030.1806   412     1392.0000      902.0581 52676733   35.20%
 294907 253912     1104.1354   374     1392.0000      902.5205 53158732   35.16%
 297485 256254      968.3430   478     1392.0000      902.5205 53593122   35.16%
 300901 259326      931.7768   501     1392.0000      902.5205 54168258   35.16%
 301738 260096     1166.7725   281     1392.0000      903.1579 54331601   35.12%
Elapsed time = 2041.19 sec. (678732.21 ticks, tree = 31371.28 MB, solutions = 51)
Nodefile size = 31218.92 MB (24222.88 MB after compression)
 304093 262235     1135.4133   451     1392.0000      903.1579 54732093   35.12%
 306240 264166     1117.1653   368     1392.0000      903.1579 55090601   35.12%
 307253 265070     1051.7200   408     1392.0000      903.6915 55283734   35.08%
                                                    Covers: 1                  
 310037 267582     1164.9333   286     1392.0000      903.6915 55757458   35.08%
 313303 270525      957.3737   400     1392.0000      904.0663 56257863   35.05%
                                                      Cuts: 8                  
 314871 271988      952.8663   482     1392.0000      904.0663 56515574   35.05%
 318391 275215     1365.6548   107     1392.0000      904.0663 57076198   35.05%
 320309 276932     1135.2727   308     1392.0000      904.6151 57410271   35.01%
                                                      Cuts: 5                  
 322532 278949     1019.2631   367     1392.0000      904.6151 57803212   35.01%
 324376 280596     1163.8611   308     1392.0000      904.6151 58131676   35.01%
Elapsed time = 2164.55 sec. (717490.07 ticks, tree = 33260.36 MB, solutions = 51)
Nodefile size = 33110.28 MB (25667.12 MB after compression)
 326448 282459     1254.3763   206     1392.0000      905.1135 58514823   34.98%
 328015 283863      982.1489   462     1392.0000      905.1135 58794395   34.98%
 330784 286378      971.6034   454     1392.0000      905.4479 59219274   34.95%
 332889 288307     1053.7457   354     1392.0000      905.4479 59577334   34.95%
 335944 291048      982.2763   501     1392.0000      905.4479 60095569   34.95%
 337365 292330      995.2848   546     1392.0000      906.0971 60330362   34.91%
 338741 293561      957.2276   401     1392.0000      906.0971 60586131   34.91%
 342682 297104     1026.8646   393     1392.0000      906.4226 61356250   34.88%
 344775 299002     1170.1667   341     1392.0000      906.4226 61691721   34.88%
 347156 301156     1329.9516   215     1392.0000      906.4226 62088001   34.88%
Elapsed time = 2290.78 sec. (756822.16 ticks, tree = 35110.61 MB, solutions = 51)
Nodefile size = 34942.65 MB (27058.56 MB after compression)
 350104 303823     1333.6218   189     1392.0000      907.1152 62566103   34.83%
                                                  ZeroHalf: 1                  
 351960 305503      964.7226   469     1392.0000      907.1152 62886186   34.83%
 354744 307998     1148.0000   362     1392.0000      907.5301 63372471   34.80%
 356660 309755     1042.9566   494     1392.0000      907.5301 63674306   34.80%
 359791 312575     1005.4220   402     1392.0000      907.5301 64193446   34.80%
 362261 314835     1029.2687   424     1392.0000      907.9914 64578298   34.77%
 364860 317167     1312.4114   291     1392.0000      907.9914 64992705   34.77%
 367419 319462     1081.7667   296     1392.0000      907.9914 65420502   34.77%
 368430 320409     1239.3542   319     1392.0000      908.4553 65599502   34.74%
 369811 321656     1281.9167   238     1392.0000      908.4553 65839839   34.74%
Elapsed time = 2427.92 sec. (796689.16 ticks, tree = 38112.79 MB, solutions = 51)
Nodefile size = 37954.49 MB (29381.52 MB after compression)
 372428 323999     1232.6667   215     1392.0000      908.8046 66298850   34.71%
 374540 325939     1092.3895   403     1392.0000      908.8046 66655384   34.71%
 377205 328348     1083.3328   349     1392.0000      908.8046 67097993   34.71%
 379962 330855     1001.6334   404     1392.0000      909.3023 67550940   34.68%
 382340 332996     1084.8750   335     1392.0000      909.3023 67933991   34.68%
 385336 335698      942.3454   426     1392.0000      909.3023 68409650   34.68%
 386471 336740     1315.6495   251     1392.0000      909.7698 68583136   34.64%
 388391 338453      999.7646   484     1392.0000      909.7698 68920904   34.64%
 391451 341183     1189.0833   299     1392.0000      910.2028 69422594   34.61%
 394386 343875     1193.6250   289     1392.0000      910.2028 69900159   34.61%
Elapsed time = 2567.34 sec. (836505.14 ticks, tree = 41005.95 MB, solutions = 51)
Nodefile size = 40845.52 MB (31605.97 MB after compression)
 397080 346334     1306.7971   234     1392.0000      910.2028 70317757   34.61%
 398433 347535     1149.0000   229     1392.0000      910.6166 70548817   34.58%
 400361 349291     1071.8519   316     1392.0000      910.6166 70921693   34.58%
 403555 352174      968.7584   461     1392.0000      910.6166 71518938   34.58%
 405011 353507     1047.9530   418     1392.0000      910.9542 71779065   34.56%
 406771 355092     1176.1667   292     1392.0000      910.9542 72060770   34.56%
 409902 357923     1035.7401   442     1392.0000      911.4132 72560659   34.52%
 412302 360090     1149.5882   331     1392.0000      911.4132 72944824   34.52%
 415302 362789     1038.3675   366     1392.0000      911.4132 73461223   34.52%
 415958 363395     1075.3856   348     1392.0000      911.7880 73594706   34.50%
                                                  Impl Bds: 1                  
Elapsed time = 2699.63 sec. (877228.30 ticks, tree = 43441.60 MB, solutions = 51)
Nodefile size = 43290.45 MB (33475.77 MB after compression)
*416139+363546                         1384.0000      911.7880 73621654   34.12%
Found incumbent of value 1384.000000 after 2700.20 sec. (873251.10 ticks)
 421212 368142     1071.3431   310     1384.0000      911.7880 74405652   34.12%
 422399 368099     1099.8738   332     1384.0000      912.0755 74586163   34.10%
 424673 370142      916.6897   545     1384.0000      912.0755 74958514   34.10%
 426777 372057     1092.8958   194     1384.0000      912.0755 75286712   34.10%
 429123 374192     1060.8924   395     1384.0000      912.5530 75668520   34.06%
                                                      Cuts: 2                  
 431421 376248     1014.2286   445     1384.0000      912.5530 76064854   34.06%
 433986 378550    infeasible           1384.0000      912.9076 76474737   34.04%
 435874 380286     1007.8750   468     1384.0000      912.9076 76779392   34.04%
 437058 381349     1045.5805   463     1384.0000      912.9076 76977517   34.04%
 441841 385636     1009.1863   294     1384.0000      913.2425 77792719   34.01%
Elapsed time = 2835.74 sec. (917219.61 ticks, tree = 46262.27 MB, solutions = 52)
Nodefile size = 46110.44 MB (35643.71 MB after compression)
 443945 387561     1275.3333   273     1384.0000      913.2425 78108368   34.01%
 446967 390237      994.8241   406     1384.0000      913.6779 78606149   33.98%
 449012 392099     1079.5090   316     1384.0000      913.6779 78971172   33.98%
 451482 394310     1332.8857   271     1384.0000      913.6779 79374484   33.98%
*452349+395092                         1353.0000      914.0259 79530177   32.44%
Found incumbent of value 1353.000000 after 2895.27 sec. (935426.96 ticks)
 452772 395494     1081.7500   209     1353.0000      914.0259 79608898   32.44%
 455008 397502     1119.4091   378     1353.0000      914.0259 79965775   32.44%
 457977 383724     1040.4663   417     1353.0000      914.4127 80438178   32.42%
 458860 384545     1227.6000   269     1353.0000      914.4127 80644121   32.42%
 459673 385291     1071.5701   397     1353.0000      914.4127 80811683   32.42%
 463695 388883     1151.6718   304     1353.0000      914.6227 81647896   32.40%
Elapsed time = 2965.84 sec. (958484.93 ticks, tree = 46408.96 MB, solutions = 53)
Nodefile size = 46256.91 MB (35734.81 MB after compression)
 465558 390526     1055.3000   317     1353.0000      914.6227 81979385   32.40%
 468714 393299     1225.0236   366     1353.0000      914.9855 82517938   32.37%
                                                  ZeroHalf: 1                  
 469386 393907     1019.4411   472     1353.0000      914.9855 82636650   32.37%
 471978 396266     1106.4431   352     1353.0000      914.9855 83089318   32.37%
 475833 399658     1301.6250   231     1353.0000      915.3918 83711971   32.34%
                                                    Covers: 1                  
 478021 401609     1200.3333   194     1353.0000      915.3918 84084020   32.34%
 480834 404061      950.3146   456     1353.0000      915.7649 84547200   32.32%
 483577 406546     1007.0886   521     1353.0000      915.7649 85005206   32.32%
 486672 409311     1304.2619   268     1353.0000      915.7649 85511613   32.32%
 487772 410261     1083.0000   218     1353.0000      916.1495 85703903   32.29%
Elapsed time = 3101.18 sec. (998845.22 ticks, tree = 49325.53 MB, solutions = 53)
Nodefile size = 49177.40 MB (37975.07 MB after compression)
 490047 412297      962.8947   408     1353.0000      916.1495 86098203   32.29%
 492127 414142      969.8065   460     1353.0000      916.1495 86473944   32.29%
 493154 415079     1247.5024   280     1353.0000      916.4743 86661723   32.26%
 493177 415102     1170.5000   242     1353.0000      916.4743 86665393   32.26%
 498135 419438     1012.4115   464     1353.0000      916.6516 87534586   32.25%
 500685 421763     1120.0956   357     1353.0000      916.6516 87976191   32.25%
 503986 424709     1005.2898   397     1353.0000      916.6516 88536796   32.25%
 505104 425700     1014.5750   425     1353.0000      917.1746 88725978   32.21%
 506724 427121     1343.5417   237     1353.0000      917.1746 89008111   32.21%
 509826 429827     1233.2500   186     1353.0000      917.4750 89537445   32.19%
Elapsed time = 3234.92 sec. (1039103.82 ticks, tree = 51981.84 MB, solutions = 53)
Nodefile size = 51836.37 MB (40016.12 MB after compression)
 512491 432242     1210.4667   152     1353.0000      917.4750 89969064   32.19%
 513871 433478     1034.5369   596     1353.0000      917.4750 90223456   32.19%
 516667 435988     1082.4726   376     1353.0000      917.8212 90712299   32.16%
 519227 438229     1011.4078   486     1353.0000      917.8212 91154627   32.16%
 522056 440728     1042.3611   346     1353.0000      918.2089 91655588   32.14%
*523232+441791                         1336.0000      918.2089 91903689   31.27%
Found incumbent of value 1336.000000 after 3316.96 sec. (1060687.90 ticks)
 523376 441927     1035.0076   435     1336.0000      918.2089 91946622   31.27%
 525731 444026     1178.6010   415     1336.0000      918.2089 92416063   31.27%
 528087 430753     1087.5510   436     1336.0000      918.4159 92810181   31.26%
 529700 432191      982.1200   349     1336.0000      918.4159 93119339   31.26%
 532466 434586     1112.1297   359     1336.0000      918.8093 93588124   31.23%
                                                    Covers: 2                  
Elapsed time = 3367.60 sec. (1079669.40 ticks, tree = 52442.31 MB, solutions = 54)
Nodefile size = 52295.19 MB (40338.70 MB after compression)
 534514 436414     1078.6425   349     1336.0000      918.8093 93943260   31.23%
 537506 439100     1060.6349   376     1336.0000      918.8093 94438547   31.23%
 539011 440389     1072.8214   437     1336.0000      919.1715 94716984   31.20%
 541791 442881     1137.6667   277     1336.0000      919.1715 95198207   31.20%
 544045 444889     1089.7127   378     1336.0000      919.1715 95579625   31.20%
 545767 446381     1128.3214   375     1336.0000      919.4827 95889410   31.18%
 548336 448697     1269.3333   324     1336.0000      919.4827 96299282   31.18%
 550506 450569     1260.3214   262     1336.0000      919.8358 96679415   31.15%
 551843 451762     1013.0505   445     1336.0000      919.8358 96934884   31.15%
 555256 454811     1088.2770   407     1336.0000      919.8358 97549930   31.15%
Elapsed time = 3496.07 sec. (1118828.99 ticks, tree = 54560.45 MB, solutions = 54)
Nodefile size = 54415.00 MB (41968.23 MB after compression)
 556536 455903     1117.1040   470     1336.0000      920.0254 97818704   31.14%
 558085 457288     1095.7326   354     1336.0000      920.0254 98111381   31.14%
 560225 459147      931.7194   455     1336.0000      920.3368 98510861   31.11%
 562573 461249     1072.4892   487     1336.0000      920.3368 98921864   31.11%
 565156 463551     1104.2161   374     1336.0000      920.3368 99367641   31.11%
 567134 465272     1107.4354   284     1336.0000      920.6287 99705139   31.09%
 569586 467476     1224.7208   224     1336.0000      920.6287 1.00e+08   31.09%
 572473 470013      948.9662   552     1336.0000      920.6287 1.01e+08   31.09%
 573372 470828     1190.4000   268     1336.0000      920.9711 1.01e+08   31.07%
 575804 472962     1218.5000   266     1336.0000      920.9711 1.01e+08   31.07%
Elapsed time = 3624.82 sec. (1157709.87 ticks, tree = 56814.57 MB, solutions = 54)
Nodefile size = 56657.61 MB (43678.01 MB after compression)
 578678 475435     1062.6443   406     1336.0000      921.3427 1.02e+08   31.04%
 579956 476592     1105.0455   453     1336.0000      921.3427 1.02e+08   31.04%
 582666 479022     1053.6937   469     1336.0000      921.3427 1.03e+08   31.04%
 584512 480621     1268.7606   296     1336.0000      921.5525 1.03e+08   31.02%
                                                  ZeroHalf: 1                  
 586185 482071     1060.0607   347     1336.0000      921.5525 1.03e+08   31.02%
 588904 484465     1188.3922   319     1336.0000      921.8631 1.04e+08   31.00%
 591027 486319     1103.3354   312     1336.0000      921.8631 1.04e+08   31.00%
 594299 489191     1109.4559   353     1336.0000      922.0927 1.05e+08   30.98%
 596763 491395     1126.3989   366     1336.0000      922.0927 1.05e+08   30.98%
 599821 494116      953.0670   462     1336.0000      922.0927 1.06e+08   30.98%
Elapsed time = 3761.12 sec. (1199818.55 ticks, tree = 58809.57 MB, solutions = 54)
Nodefile size = 58636.93 MB (45186.44 MB after compression)
 600814 494966     1260.9942   377     1336.0000      922.3711 1.06e+08   30.96%
 603278 497168     1013.7906   437     1336.0000      922.3711 1.06e+08   30.96%
 606296 499802      996.1582   406     1336.0000      922.6738 1.07e+08   30.94%
 608949 502196     1093.4113   496     1336.0000      922.6738 1.07e+08   30.94%
 611823 504767     1153.3333   149     1336.0000      922.6738 1.08e+08   30.94%
 612975 505785     1099.5000   292     1336.0000      922.9647 1.08e+08   30.92%
 614650 507264     1077.3550   437     1336.0000      922.9647 1.08e+08   30.92%
 617797 510062     1151.5417   381     1336.0000      922.9647 1.09e+08   30.92%
 618388 510575     1106.3333   197     1336.0000      923.2463 1.09e+08   30.89%
 620330 512303     1033.3570   407     1336.0000      923.2463 1.09e+08   30.89%
Elapsed time = 3893.21 sec. (1239936.33 ticks, tree = 61575.28 MB, solutions = 54)
Nodefile size = 61422.60 MB (47323.39 MB after compression)
 623786 515374     1194.0932   287     1336.0000      923.4578 1.10e+08   30.88%
 625687 517081     1218.8145   351     1336.0000      923.4578 1.10e+08   30.88%
 628648 519694     1075.7803   346     1336.0000      923.4578 1.11e+08   30.88%
 629436 520402     1173.7844   329     1336.0000      923.7384 1.11e+08   30.86%
 631404 522118     1021.2407   473     1336.0000      923.7384 1.11e+08   30.86%
 634512 524845     1004.1250   335     1336.0000      923.9794 1.12e+08   30.84%
 637047 527143      999.5000   296     1336.0000      923.9794 1.12e+08   30.84%
 639744 529534      950.2857   385     1336.0000      923.9794 1.13e+08   30.84%
 641746 531243      977.2905   474     1336.0000      924.2588 1.13e+08   30.82%
 643636 532923     1046.3674   445     1336.0000      924.2588 1.13e+08   30.82%
Elapsed time = 4030.73 sec. (1280707.66 ticks, tree = 64267.57 MB, solutions = 54)
Nodefile size = 64114.09 MB (49398.65 MB after compression)
 647095 535939     1046.5145   415     1336.0000      924.5852 1.14e+08   30.79%
 649485 538096     1051.5000   346     1336.0000      924.5852 1.14e+08   30.79%
 652403 540665     1256.5054   359     1336.0000      924.5852 1.15e+08   30.79%
 653655 541773     1165.7143   267     1336.0000      924.8045 1.15e+08   30.78%
 655779 543662     1012.9079   424     1336.0000      924.8045 1.15e+08   30.78%
 658705 546195     1119.1538   381     1336.0000      925.0881 1.16e+08   30.76%
                                                    Covers: 3                  
 659655 547038     1203.5167   359     1336.0000      925.0881 1.16e+08   30.76%
 660919 548170     1095.5500   449     1336.0000      925.0881 1.16e+08   30.76%
 663167 550144     1314.2800   288     1336.0000      925.2518 1.17e+08   30.74%
 665269 552008     1084.4865   390     1336.0000      925.2518 1.17e+08   30.74%
Elapsed time = 4165.74 sec. (1322906.70 ticks, tree = 66445.75 MB, solutions = 54)
Nodefile size = 66293.76 MB (51066.48 MB after compression)
 668939 555209      952.0594   484     1336.0000      925.6218 1.18e+08   30.72%
                                                    Covers: 1                  
 670381 556502     1020.7865   332     1336.0000      925.6218 1.18e+08   30.72%
 673024 558817     1199.7386   354     1336.0000      925.6218 1.19e+08   30.72%
 675410 560902     1332.2246   297     1336.0000      925.8203 1.19e+08   30.70%
                                                  ZeroHalf: 1                  
 677890 563107     1092.6000   325     1336.0000      925.8203 1.19e+08   30.70%
 680859 565625     1042.2335   365     1336.0000      926.0604 1.20e+08   30.68%
                                                    Covers: 1                  
 683125 567648      942.7127   405     1336.0000      926.0604 1.20e+08   30.68%
 685534 569789      988.6554   422     1336.0000      926.0604 1.21e+08   30.68%
 687269 571280      978.0444   368     1336.0000      926.3355 1.21e+08   30.66%
                                                      Cuts: 5                  
 688371 572247     1220.2700   310     1336.0000      926.3355 1.21e+08   30.66%
Elapsed time = 4309.28 sec. (1364436.33 ticks, tree = 69204.73 MB, solutions = 54)
Nodefile size = 69056.87 MB (53188.80 MB after compression)
 691411 574864     1231.9922   281     1336.0000      926.5625 1.22e+08   30.65%
 693587 576820     1230.3036   283     1336.0000      926.5625 1.22e+08   30.65%
 695507 578536     1056.8750   284     1336.0000      926.5625 1.23e+08   30.65%
 698004 580701     1046.9186   382     1336.0000      926.8869 1.23e+08   30.62%
                                                    Covers: 1                  
 700780 583191     1100.8519   369     1336.0000      926.8869 1.23e+08   30.62%
 703666 585736     1040.9276   466     1336.0000      926.8869 1.24e+08   30.62%
 705126 586980      939.1538   425     1336.0000      927.1493 1.24e+08   30.60%
                                                  ZeroHalf: 1                  
 708366 589862      986.4137   355     1336.0000      927.1493 1.25e+08   30.60%
 710483 591685     1218.5000   221     1336.0000      927.3847 1.25e+08   30.58%
 712553 593507     1198.0200   400     1336.0000      927.3847 1.25e+08   30.58%
Elapsed time = 4447.78 sec. (1404027.71 ticks, tree = 72000.31 MB, solutions = 54)
Nodefile size = 71854.84 MB (55332.18 MB after compression)
 715598 596195     1266.2830   246     1336.0000      927.3847 1.26e+08   30.58%
 716604 597014     1161.0069   362     1336.0000      927.6238 1.26e+08   30.57%
 718726 598892     1182.1324   338     1336.0000      927.6238 1.26e+08   30.57%
 720189 600185      972.4190   613     1336.0000      927.6238 1.27e+08   30.57%
 721031 600867     1023.0030   596     1336.0000      927.8482 1.27e+08   30.55%
 721223 601053     1054.5283   543     1336.0000      927.8482 1.27e+08   30.55%
 725245 604643     1163.1713   384     1336.0000      927.9272 1.28e+08   30.54%
 727697 606817     1234.2061   257     1336.0000      927.9272 1.28e+08   30.54%
 730965 609638     1270.3333   182     1336.0000      928.1778 1.29e+08   30.53%
 733249 611691     1041.1778   410     1336.0000      928.1778 1.29e+08   30.53%
Elapsed time = 4574.97 sec. (1446119.39 ticks, tree = 73910.04 MB, solutions = 54)
Nodefile size = 73761.77 MB (56772.12 MB after compression)
 736510 614573      970.5332   582     1336.0000      928.1778 1.30e+08   30.53%
 737644 615551     1153.6905   370     1336.0000      928.3985 1.30e+08   30.51%
 739468 617170     1224.5356   315     1336.0000      928.3985 1.30e+08   30.51%
 742889 620142     1007.1674   434     1336.0000      928.5938 1.31e+08   30.49%
 745213 622216     1268.6294   241     1336.0000      928.5938 1.31e+08   30.49%
 748425 625062     1271.6286   270     1336.0000      928.5938 1.32e+08   30.49%
 749354 625827     1145.0904   432     1336.0000      928.8665 1.32e+08   30.47%
 751687 627874     1213.9583   178     1336.0000      928.8665 1.32e+08   30.47%
 754669 630505     1021.1758   432     1336.0000      928.8665 1.33e+08   30.47%
 755887 631579     1031.1182   392     1336.0000      929.0827 1.33e+08   30.46%
Elapsed time = 4706.81 sec. (1486646.85 ticks, tree = 76673.48 MB, solutions = 54)
Nodefile size = 76531.59 MB (58851.60 MB after compression)
 758223 633652     1046.8220   380     1336.0000      929.0827 1.34e+08   30.46%
 760967 636020     1215.1545   359     1336.0000      929.3398 1.34e+08   30.44%
                                                      Cuts: 3                  
 762663 637542     1056.4700   369     1336.0000      929.3398 1.34e+08   30.44%
 765271 639853     1031.3427   398     1336.0000      929.3398 1.35e+08   30.44%
 766286 640722     1154.5000   382     1336.0000      929.4526 1.35e+08   30.43%
 768036 642287     1011.3684   456     1336.0000      929.4526 1.35e+08   30.43%
 770872 644706     1062.9537   508     1336.0000      929.6531 1.36e+08   30.42%
                                                  Impl Bds: 1                  
 772480 646157     1264.5702   278     1336.0000      929.6531 1.36e+08   30.42%
 776803 649953     1161.8889   234     1336.0000      929.8264 1.37e+08   30.40%
                                                  Impl Bds: 1                  
 779213 652107     1178.1625   339     1336.0000      929.8264 1.37e+08   30.40%
Elapsed time = 4851.00 sec. (1528862.79 ticks, tree = 78762.17 MB, solutions = 54)
Nodefile size = 78616.01 MB (60410.03 MB after compression)
 782245 654803     1186.6308   286     1336.0000      929.8264 1.38e+08   30.40%
 783325 655732     1146.4798   366     1336.0000      930.1132 1.38e+08   30.38%
 784957 657190      957.9154   405     1336.0000      930.1132 1.38e+08   30.38%
 786525 658578     1032.0821   516     1336.0000      930.1132 1.39e+08   30.38%
 790040 661611     1225.4657   344     1336.0000      930.2704 1.39e+08   30.37%
 792781 664058     1082.3924   364     1336.0000      930.2704 1.40e+08   30.37%
 794869 665835      997.6015   413     1336.0000      930.4418 1.40e+08   30.36%
 795225 666178     1135.3750   350     1336.0000      930.4418 1.40e+08   30.36%
 797314 668034      968.5252   577     1336.0000      930.4418 1.41e+08   30.36%
 798787 669315     1051.9833   417     1336.0000      930.4920 1.41e+08   30.35%
Elapsed time = 4970.79 sec. (1569503.64 ticks, tree = 80849.08 MB, solutions = 54)
Nodefile size = 80709.54 MB (61982.66 MB after compression)
 799897 670278     1057.9665   408     1336.0000      930.4920 1.41e+08   30.35%
 804755 674531     1002.4246   446     1336.0000      930.7656 1.42e+08   30.33%
                                                  Impl Bds: 2                  
 807350 676843     1057.0668   396     1336.0000      930.7656 1.43e+08   30.33%
 810225 679364     1105.3926   350     1336.0000      930.7656 1.43e+08   30.33%
 811816 680770     1243.7500   195     1336.0000      930.9962 1.43e+08   30.31%
                                                      Cuts: 8                  
 814096 682764     1210.5585   361     1336.0000      930.9962 1.44e+08   30.31%
 816366 684709     1135.2083   331     1336.0000      931.2010 1.44e+08   30.30%
 818414 686563     1079.7382   471     1336.0000      931.2010 1.45e+08   30.30%
 820654 688537      996.8896   514     1336.0000      931.2010 1.45e+08   30.30%
 822366 690028     1088.0000   299     1336.0000      931.4308 1.45e+08   30.28%
                                                    Covers: 1                  
Elapsed time = 5108.57 sec. (1609603.52 ticks, tree = 83507.68 MB, solutions = 54)
Nodefile size = 83366.35 MB (63976.01 MB after compression)
 824904 692296     1248.9167   270     1336.0000      931.4308 1.46e+08   30.28%
 827369 694451     1155.2440   397     1336.0000      931.6124 1.46e+08   30.27%
 830414 697183     1293.8571   319     1336.0000      931.6124 1.47e+08   30.27%
 832509 699033      943.6110   407     1336.0000      931.6124 1.47e+08   30.27%
 834769 700957     1239.9815   350     1336.0000      931.8335 1.47e+08   30.25%
                                                      Cuts: 3                  
 836432 702425     1001.5556   424     1336.0000      931.8335 1.48e+08   30.25%
 839419 705054      960.8068   440     1336.0000      931.8335 1.48e+08   30.25%
 840417 705907     1022.0009   470     1336.0000      932.0387 1.48e+08   30.24%
 841416 706805      947.3079   416     1336.0000      932.0387 1.49e+08   30.24%
 844202 709224     1043.6771   417     1336.0000      932.1596 1.49e+08   30.23%
Elapsed time = 5234.16 sec. (1650510.81 ticks, tree = 85658.21 MB, solutions = 54)
Nodefile size = 85520.11 MB (65587.11 MB after compression)
 845239 710158      993.3190   441     1336.0000      932.1596 1.50e+08   30.23%
 849243 713674     1162.4545   340     1336.0000      932.3704 1.50e+08   30.21%
 850995 715244     1135.1997   377     1336.0000      932.3704 1.50e+08   30.21%
 854406 718291     1092.0682   330     1336.0000      932.3704 1.51e+08   30.21%
 855825 719461     1066.8077   474     1336.0000      932.5333 1.51e+08   30.20%
 858461 721827     1039.3611   401     1336.0000      932.5333 1.52e+08   30.20%
 860949 724029     1220.2639   241     1336.0000      932.5333 1.52e+08   30.20%
 863371 726171     1244.5333   143     1336.0000      932.7381 1.53e+08   30.18%
 865825 728345     1039.7965   376     1336.0000      932.7381 1.53e+08   30.18%
 868421 730603     1030.6508   448     1336.0000      932.9299 1.53e+08   30.17%
Elapsed time = 5367.89 sec. (1691735.28 ticks, tree = 88511.64 MB, solutions = 54)
Nodefile size = 88375.37 MB (67728.81 MB after compression)
 870437 732425     1214.5000   354     1336.0000      932.9299 1.54e+08   30.17%
 873217 734916     1161.5395   240     1336.0000      932.9299 1.54e+08   30.17%
 875030 736493     1217.3810   324     1336.0000      933.0954 1.55e+08   30.16%
 876045 737374     1133.3333   292     1336.0000      933.0954 1.55e+08   30.16%
 878991 739976     1061.5819   511     1336.0000      933.2905 1.55e+08   30.14%
 880632 741452     1124.8456   386     1336.0000      933.2905 1.56e+08   30.14%
 882568 743169     1246.0641   270     1336.0000      933.2905 1.56e+08   30.14%
 884602 744940     1281.4805   384     1336.0000      933.4307 1.56e+08   30.13%
                                                    Covers: 2                  
 887066 747099     1017.2485   403     1336.0000      933.4307 1.57e+08   30.13%
 890080 749703     1254.7901   287     1336.0000      933.6565 1.57e+08   30.12%
Elapsed time = 5500.15 sec. (1732437.78 ticks, tree = 90622.04 MB, solutions = 54)
Nodefile size = 90485.82 MB (69304.37 MB after compression)
 892854 752155     1026.5553   458     1336.0000      933.6565 1.58e+08   30.12%
 895849 754817      968.5000   332     1336.0000      933.6565 1.58e+08   30.12%
 896756 755589      964.1172   481     1336.0000      933.8717 1.59e+08   30.10%
                                                  ZeroHalf: 1                  
 898580 757231     1227.6429   340     1336.0000      933.8717 1.59e+08   30.10%
 902640 760829     1105.3293   334     1336.0000      933.8717 1.59e+08   30.10%
 904006 762019     1083.7044   373     1336.0000      934.0957 1.60e+08   30.08%
 906470 764226     1046.6720   374     1336.0000      934.0957 1.60e+08   30.08%
 909408 766791     1073.9056   420     1336.0000      934.2740 1.61e+08   30.07%
 909842 767200     1078.1531   400     1336.0000      934.2740 1.61e+08   30.07%
 912800 769800     1065.9125   335     1336.0000      934.2740 1.61e+08   30.07%
Elapsed time = 5634.93 sec. (1773184.95 ticks, tree = 92892.04 MB, solutions = 54)
Nodefile size = 92756.56 MB (71008.90 MB after compression)
 913524 770446     1128.5000   283     1336.0000      934.3542 1.62e+08   30.06%
 915876 772521     1076.5602   433     1336.0000      934.3542 1.62e+08   30.06%
 919398 775618     1050.2583   385     1336.0000      934.5494 1.63e+08   30.05%
 921126 777156     1106.3860   418     1336.0000      934.5494 1.63e+08   30.05%
 923571 779276     1147.9322   368     1336.0000      934.5494 1.63e+08   30.05%
 925406 780918     1205.0049   333     1336.0000      934.7164 1.64e+08   30.04%
 927889 783121     1050.2556   427     1336.0000      934.7164 1.64e+08   30.04%
 930261 785201     1169.5264   319     1336.0000      934.9448 1.65e+08   30.02%
 931602 786412     1213.0833   164     1336.0000      934.9448 1.65e+08   30.02%
 934817 789262     1164.1551   341     1336.0000      934.9448 1.65e+08   30.02%
Elapsed time = 5762.68 sec. (1812775.29 ticks, tree = 94958.48 MB, solutions = 54)
Nodefile size = 94797.62 MB (72531.83 MB after compression)
 936942 791139     1197.4216   345     1336.0000      935.0909 1.66e+08   30.01%
                                                  ZeroHalf: 1                  
 939173 793125     1081.5958   354     1336.0000      935.0909 1.66e+08   30.01%
 941807 795479     1123.7420   364     1336.0000      935.0909 1.66e+08   30.01%
 944244 797577     1083.4333   324     1336.0000      935.2701 1.67e+08   29.99%
 946389 799450     1102.1036   421     1336.0000      935.2701 1.67e+08   29.99%
 948679 801433     1040.4341   436     1336.0000      935.4317 1.68e+08   29.98%
 950983 803479     1095.3623   341     1336.0000      935.4317 1.68e+08   29.98%
 953893 806074     1209.0175   310     1336.0000      935.4317 1.69e+08   29.98%
 955234 807255     1179.5833   399     1336.0000      935.6458 1.69e+08   29.97%
 955636 807620     1150.6500   324     1336.0000      935.6458 1.69e+08   29.97%
Elapsed time = 5897.45 sec. (1853290.68 ticks, tree = 97824.14 MB, solutions = 54)
Nodefile size = 97689.63 MB (74692.61 MB after compression)
 958635 810216     1077.9104   453     1336.0000      935.6837 1.70e+08   29.96%
 959115 810657     1174.9547   340     1336.0000      935.6837 1.70e+08   29.96%
 962123 813337      947.9038   376     1336.0000      935.6837 1.70e+08   29.96%
 965607 816394      964.2181   482     1336.0000      935.9501 1.71e+08   29.94%
 968427 818898     1051.2120   453     1336.0000      935.9501 1.71e+08   29.94%
 971132 821251     1056.9625   379     1336.0000      936.1856 1.72e+08   29.93%
 972772 822725      990.9605   333     1336.0000      936.1856 1.72e+08   29.93%
 976444 825992      972.8871   624     1336.0000      936.1856 1.73e+08   29.93%
 977686 827090     1104.1384   404     1336.0000      936.3175 1.73e+08   29.92%
 979132 828336     1214.2000   242     1336.0000      936.3175 1.73e+08   29.92%
Elapsed time = 6033.92 sec. (1896042.80 ticks, tree = 100017.28 MB, solutions = 54)
Nodefile size = 99874.29 MB (76311.75 MB after compression)
 982146 831023     1100.9905   302     1336.0000      936.4240 1.74e+08   29.91%
 984098 832729     1122.6371   419     1336.0000      936.4240 1.74e+08   29.91%
 986082 834490     1048.6417   363     1336.0000      936.4240 1.74e+08   29.91%
 988280 836424     1040.5579   572     1336.0000      936.6349 1.75e+08   29.89%
 990136 838054     1189.5784   277     1336.0000      936.6349 1.75e+08   29.89%
 992415 840104     1100.2754   510     1336.0000      936.6349 1.76e+08   29.89%
 994633 842014     1087.4811   453     1336.0000      936.7881 1.76e+08   29.88%
 997320 844428     1163.7586   364     1336.0000      936.7881 1.77e+08   29.88%
 999252 846101     1100.8956   367     1336.0000      936.9405 1.77e+08   29.87%
 1001108 847764     1060.2913   457     1336.0000      936.9405 1.77e+08   29.87%
Elapsed time = 6155.77 sec. (1935737.01 ticks, tree = 102128.44 MB, solutions = 54)
Nodefile size = 101986.16 MB (77884.83 MB after compression)
 1003444 849809     1029.6216   434     1336.0000      936.9405 1.78e+08   29.87%
 1006614 852588     1045.5745   383     1336.0000      937.1466 1.78e+08   29.85%
 1008323 854094     1041.6175   377     1336.0000      937.1466 1.78e+08   29.85%
 1009944 855516     1242.4167   291     1336.0000      937.1466 1.79e+08   29.85%
 1011756 857104     1169.2727   252     1336.0000      937.2896 1.79e+08   29.84%
 1013836 858915     1039.7395   455     1336.0000      937.2896 1.79e+08   29.84%
 1017049 861723      994.2299   361     1336.0000      937.4768 1.80e+08   29.83%
 1017524 862162     1117.9322   411     1336.0000      937.4768 1.80e+08   29.83%
 1017844 862447     1140.0000   381     1336.0000      937.4768 1.80e+08   29.83%
 1021469 865654     1158.0000   279     1336.0000      937.5334 1.81e+08   29.83%
Elapsed time = 6283.16 sec. (1975759.75 ticks, tree = 104185.18 MB, solutions = 54)
Nodefile size = 104046.41 MB (79408.43 MB after compression)
 1023407 867357     1275.3000   271     1336.0000      937.5334 1.81e+08   29.83%
 1026912 870447     1112.4753   387     1336.0000      937.6894 1.82e+08   29.81%
                                                  ZeroHalf: 1                  
 1030143 873347      996.4429   384     1336.0000      937.6894 1.82e+08   29.81%
 1032871 875774      992.4472   447     1336.0000      937.6894 1.83e+08   29.81%
 1033908 876701     1141.4000   369     1336.0000      937.9243 1.83e+08   29.80%
 1034936 877592     1221.3163   332     1336.0000      937.9243 1.83e+08   29.80%
 1039798 881847     1032.2048   517     1336.0000      938.0584 1.84e+08   29.79%
 1041462 883340     1286.0827   330     1336.0000      938.0584 1.84e+08   29.79%
 1043734 885368     1194.1667   234     1336.0000      938.0584 1.85e+08   29.79%
 1046492 887809     1103.2267   416     1336.0000      938.2157 1.85e+08   29.77%
Elapsed time = 6421.20 sec. (2017186.50 ticks, tree = 107045.20 MB, solutions = 54)
Nodefile size = 106906.64 MB (81532.32 MB after compression)
 1047835 889002     1003.7366   571     1336.0000      938.2157 1.85e+08   29.77%
 1052024 892734      975.7967   388     1336.0000      938.2157 1.86e+08   29.77%
 1053330 893895     1004.3958   428     1336.0000      938.3753 1.86e+08   29.76%
 1055250 895609     1102.1250   378     1336.0000      938.3753 1.87e+08   29.76%
 1058052 898061      968.9041   442     1336.0000      938.5451 1.87e+08   29.75%
 1061036 900719     1133.2917   338     1336.0000      938.5451 1.88e+08   29.75%
 1063169 902578     1084.0238   421     1336.0000      938.5451 1.88e+08   29.75%
 1064859 904073     1308.1078   244     1336.0000      938.7293 1.88e+08   29.74%
 1066674 905697      991.4099   460     1336.0000      938.7293 1.89e+08   29.74%
 1068289 907093      981.5743   557     1336.0000      938.7293 1.89e+08   29.74%
Elapsed time = 6545.99 sec. (2057584.95 ticks, tree = 109242.45 MB, solutions = 54)
Nodefile size = 109094.29 MB (83153.33 MB after compression)
 1069650 908309     1109.7222   395     1336.0000      938.8473 1.89e+08   29.73%
 1072690 910983      964.8272   467     1336.0000      938.8473 1.90e+08   29.73%
 1075520 913488      970.0371   497     1336.0000      938.9667 1.90e+08   29.72%
 1076110 914032     1202.0952   332     1336.0000      938.9667 1.90e+08   29.72%
 1078305 915981      983.3123   531     1336.0000      938.9667 1.91e+08   29.72%
 1079673 917198     1171.0000   306     1336.0000      939.0363 1.91e+08   29.71%
 1082457 919657     1266.7826   310     1336.0000      939.0363 1.92e+08   29.71%
 1085875 922671     1039.9291   428     1336.0000      939.2318 1.92e+08   29.70%
 1088243 924763      974.7822   395     1336.0000      939.2318 1.93e+08   29.70%
 1090905 927090     1194.7431   320     1336.0000      939.2318 1.93e+08   29.70%
Elapsed time = 6680.82 sec. (2097680.21 ticks, tree = 111135.96 MB, solutions = 54)
Nodefile size = 110978.28 MB (84543.51 MB after compression)
 1091870 927954     1068.4667   340     1336.0000      939.4369 1.93e+08   29.68%
 1094142 929949      999.0000   362     1336.0000      939.4369 1.94e+08   29.68%
 1097140 932581     1226.7222   282     1336.0000      939.5649 1.94e+08   29.67%
                                                  ZeroHalf: 2                  
 1099348 934583     1130.8500   316     1336.0000      939.5649 1.95e+08   29.67%
 1102821 937640     1057.9420   413     1336.0000      939.5649 1.95e+08   29.67%
 1104364 939017      948.6417   455     1336.0000      939.7027 1.95e+08   29.66%
 1106594 940989     1123.9762   374     1336.0000      939.7027 1.96e+08   29.66%
 1110019 944016     1297.4797   254     1336.0000      939.7027 1.96e+08   29.66%
 1111300 945142     1174.7500   237     1336.0000      939.8611 1.97e+08   29.65%
 1113875 947421      975.7297   436     1336.0000      939.8611 1.97e+08   29.65%
Elapsed time = 6815.62 sec. (2137507.78 ticks, tree = 113955.67 MB, solutions = 54)
Nodefile size = 113807.43 MB (86642.13 MB after compression)
 1116111 949369     1256.9760   326     1336.0000      940.0466 1.97e+08   29.64%
 1118832 951792     1038.3949   463     1336.0000      940.0466 1.98e+08   29.64%
 1121920 954524     1104.1218   339     1336.0000      940.0466 1.98e+08   29.64%
 1122884 955359      971.8375   531     1336.0000      940.1875 1.99e+08   29.63%
 1123012 955487     1002.7848   468     1336.0000      940.1875 1.99e+08   29.63%
 1124090 956444     1116.8583   382     1336.0000      940.1875 1.99e+08   29.63%
 1126475 958538     1153.9147   531     1336.0000      940.2439 1.99e+08   29.62%
 1127851 959763     1293.4981   339     1336.0000      940.2439 2.00e+08   29.62%
 1132591 963899     1250.3542   285     1336.0000      940.3781 2.01e+08   29.61%
 1134895 965937     1248.0167   331     1336.0000      940.3781 2.01e+08   29.61%
Elapsed time = 6949.78 sec. (2178808.46 ticks, tree = 116007.21 MB, solutions = 54)
Nodefile size = 115858.79 MB (88155.80 MB after compression)
 1138011 968666     1118.2819   358     1336.0000      940.5803 2.01e+08   29.60%
 1139771 970261     1239.3333   189     1336.0000      940.5803 2.02e+08   29.60%
 1142581 972732     1163.4091   332     1336.0000      940.5803 2.02e+08   29.60%
 1144719 974598     1077.9750   298     1336.0000      940.7162 2.03e+08   29.59%
                                                    Covers: 2                  
 1146767 976400     1026.9849   447     1336.0000      940.7162 2.03e+08   29.59%
 1148641 978055     1191.1506   335     1336.0000      940.7162 2.03e+08   29.59%
 1150670 979826     1046.4062   356     1336.0000      940.8889 2.04e+08   29.57%
                                                      Cuts: 2                  
 1153308 982173     1060.3808   326     1336.0000      940.8889 2.04e+08   29.57%
 1155506 984057     1005.9747   436     1336.0000      940.9866 2.05e+08   29.57%
                                                    Covers: 1                  
 1155901 984424     1060.8151   515     1336.0000      940.9866 2.05e+08   29.57%
Elapsed time = 7084.03 sec. (2220535.48 ticks, tree = 118744.66 MB, solutions = 54)
Nodefile size = 118609.58 MB (90190.82 MB after compression)
 1156916 985332     1007.4815   412     1336.0000      940.9866 2.05e+08   29.57%
 1159027 987151      985.2854   511     1336.0000      940.9866 2.06e+08   29.57%
 1160440 988430     1000.9527   408     1336.0000      940.9866 2.06e+08   29.57%
 1165088 992503     1270.2500   280     1336.0000      941.1263 2.07e+08   29.56%
 1167456 994592     1175.1000   225     1336.0000      941.1263 2.07e+08   29.56%
 1170642 997398      994.1828   293     1336.0000      941.1263 2.08e+08   29.56%
 1171603 998243     1225.8267   241     1336.0000      941.3197 2.08e+08   29.54%
 1173721 1000093     1073.4735   424     1336.0000      941.3197 2.08e+08   29.54%
 1175783 1001914     1250.3333   236     1336.0000      941.3197 2.08e+08   29.54%
 1177599 1003511     1145.8133   277     1336.0000      941.4418 2.09e+08   29.53%
Elapsed time = 7212.74 sec. (2260883.49 ticks, tree = 120725.43 MB, solutions = 54)
Nodefile size = 120586.06 MB (91647.38 MB after compression)
 1179840 1005478     1080.4400   410     1336.0000      941.4418 2.09e+08   29.53%
 1182803 1008119     1258.5000   183     1336.0000      941.5910 2.10e+08   29.52%
 1185228 1010288     1333.1429   197     1336.0000      941.5910 2.10e+08   29.52%
 1187882 1012645     1143.1569   348     1336.0000      941.5910 2.10e+08   29.52%
 1189446 1014006     1150.8834   412     1336.0000      941.7115 2.11e+08   29.51%
 1191206 1015558     1048.4583   316     1336.0000      941.7115 2.11e+08   29.51%
 1193701 1017805     1057.4818   363     1336.0000      941.7115 2.11e+08   29.51%
 1196359 1020154     1129.5952   193     1336.0000      941.8540 2.12e+08   29.50%
 1199195 1022668     1065.7904   351     1336.0000      941.8540 2.12e+08   29.50%
 1202274 1025380     1057.0417   343     1336.0000      941.9971 2.13e+08   29.49%
Elapsed time = 7343.95 sec. (2302394.62 ticks, tree = 123743.36 MB, solutions = 54)
Nodefile size = 123608.97 MB (93888.49 MB after compression)
 1202834 1025910     1139.7500   394     1336.0000      941.9971 2.13e+08   29.49%
 1206397 1029022      978.3447   511     1336.0000      941.9971 2.14e+08   29.49%
 1207148 1029705     1232.0000   194     1336.0000      942.0228 2.14e+08   29.49%
 1209135 1031448      981.8884   462     1336.0000      942.0228 2.14e+08   29.49%
 1211825 1033832     1324.6667   196     1336.0000      942.1854 2.15e+08   29.48%
 1213553 1035359     1262.2500   227     1336.0000      942.1854 2.15e+08   29.48%
 1216808 1038277     1021.3750   378     1336.0000      942.1854 2.16e+08   29.48%
 1218862 1040087     1182.5000   242     1336.0000      942.3157 2.16e+08   29.47%
 1220602 1041631     1157.2429   223     1336.0000      942.3157 2.16e+08   29.47%
 1224380 1044986     1007.3331   461     1336.0000      942.3157 2.17e+08   29.47%
Elapsed time = 7467.38 sec. (2341262.44 ticks, tree = 125114.22 MB, solutions = 54)
Nodefile size = 124960.58 MB (94886.73 MB after compression)
 1226174 1046533     1119.2500   275     1336.0000      942.4525 2.17e+08   29.46%
 1228474 1048578     1027.0402   492     1336.0000      942.4525 2.17e+08   29.46%
 1231390 1051139     1058.7068   355     1336.0000      942.6144 2.18e+08   29.45%
 1232822 1052453     1046.8135   518     1336.0000      942.6144 2.18e+08   29.45%
 1237041 1056192     1000.3018   421     1336.0000      942.6144 2.19e+08   29.45%
 1237732 1056788     1143.5031   415     1336.0000      942.7018 2.19e+08   29.44%
 1239684 1058497     1306.8750   264     1336.0000      942.7018 2.19e+08   29.44%
 1242362 1060845     1104.3648   417     1336.0000      942.8415 2.20e+08   29.43%
 1244955 1063158     1174.8374   360     1336.0000      942.8415 2.20e+08   29.43%
 1247673 1065542     1001.5152   305     1336.0000      942.8415 2.21e+08   29.43%
Elapsed time = 7606.90 sec. (2382634.72 ticks, tree = 127448.58 MB, solutions = 54)
Nodefile size = 127291.39 MB (96599.94 MB after compression)
 1249091 1066805     1029.9216   486     1336.0000      942.9890 2.21e+08   29.42%
                                                      Cuts: 2                  
 1251651 1069062     1064.6172   368     1336.0000      942.9890 2.22e+08   29.42%
 1254606 1071650      999.0745   447     1336.0000      943.1250 2.22e+08   29.41%
                                                    Covers: 2                  
 1254795 1071829     1074.4029   542     1336.0000      943.1250 2.22e+08   29.41%
 1256860 1073658     1023.6667   544     1336.0000      943.1250 2.23e+08   29.41%
 1258944 1075456     1142.4132   387     1336.0000      943.1840 2.23e+08   29.40%
                                                    Covers: 1                  
 1259608 1076065     1117.4500   324     1336.0000      943.1840 2.23e+08   29.40%
 1266384 1082096     1287.9740   226     1336.0000      943.3250 2.24e+08   29.39%
 1269438 1084781     1027.6056   451     1336.0000      943.3250 2.25e+08   29.39%
 1271947 1086996     1118.3900   284     1336.0000      943.4955 2.25e+08   29.38%
Elapsed time = 7753.94 sec. (2436571.83 ticks, tree = 130390.46 MB, solutions = 54)
Nodefile size = 130256.99 MB (98796.89 MB after compression)
 1273757 1088615        cutoff           1336.0000      943.4955 2.25e+08   29.38%
 1276647 1091152     1159.0449   386     1336.0000      943.4955 2.26e+08   29.38%
 1277608 1092008     1081.2153   404     1336.0000      943.6425 2.26e+08   29.37%
 1280044 1094159     1033.3526   364     1336.0000      943.6425 2.27e+08   29.37%
 1282088 1095971     1241.6638   292     1336.0000      943.6425 2.27e+08   29.37%
 1285105 1098606     1307.4316   219     1336.0000      943.7806 2.27e+08   29.36%
 1286691 1100006     1141.4286   336     1336.0000      943.7806 2.28e+08   29.36%
 1289435 1102381     1131.0788   243     1336.0000      943.9315 2.28e+08   29.35%
 1289940 1102872     1087.9628   479     1336.0000      943.9315 2.28e+08   29.35%
 1293029 1105561     1047.7583   512     1336.0000      943.9315 2.29e+08   29.35%
Elapsed time = 7886.70 sec. (2477186.09 ticks, tree = 132404.37 MB, solutions = 54)
Nodefile size = 132271.66 MB (100282.79 MB after compression)
 1294317 1106710     1242.8095   288     1336.0000      943.9603 2.29e+08   29.34%
 1296269 1108411     1134.6677   367     1336.0000      943.9603 2.30e+08   29.34%
 1299776 1111490     1138.5000   274     1336.0000      944.1072 2.30e+08   29.33%
 1302349 1113770     1034.8521   429     1336.0000      944.1072 2.31e+08   29.33%
 1305514 1116551     1003.2560   507     1336.0000      944.1072 2.31e+08   29.33%
 1306528 1117453     1127.0809   332     1336.0000      944.2286 2.31e+08   29.32%
 1307719 1118496     1268.3667   255     1336.0000      944.2286 2.32e+08   29.32%
 1311420 1121764     1041.0000   286     1336.0000      944.2286 2.32e+08   29.32%
 1313087 1123254     1081.3571   326     1336.0000      944.3306 2.32e+08   29.32%
 1315129 1125060     1045.7152   407     1336.0000      944.3306 2.33e+08   29.32%
Elapsed time = 8015.65 sec. (2516020.24 ticks, tree = 134487.30 MB, solutions = 54)
Nodefile size = 134341.12 MB (101804.03 MB after compression)
 1318179 1127741     1028.1796   360     1336.0000      944.4803 2.33e+08   29.31%
                                                     Fract: 1                  
 1321123 1130374     1033.3250   384     1336.0000      944.4803 2.34e+08   29.31%
 1324815 1133612     1022.5058   415     1336.0000      944.4803 2.34e+08   29.31%
 1325907 1134577     1321.6111   202     1336.0000      944.6497 2.35e+08   29.29%
 1328072 1136503     1175.5000   313     1336.0000      944.6497 2.35e+08   29.29%
 1331375 1139437     1305.0000    86     1336.0000      944.6497 2.35e+08   29.29%
 1331671 1139717     1214.5521   338     1336.0000      944.7545 2.36e+08   29.28%
 1332041 1140063     1192.0143   426     1336.0000      944.7545 2.36e+08   29.28%
 1335543 1143128     1267.4500   396     1336.0000      944.8116 2.36e+08   29.28%
 1337025 1144437     1083.3670   359     1336.0000      944.8116 2.37e+08   29.28%
Elapsed time = 8139.11 sec. (2556728.14 ticks, tree = 136770.09 MB, solutions = 54)
Nodefile size = 136631.19 MB (103486.74 MB after compression)
 1339355 1146488     1073.1968   437     1336.0000      944.8116 2.37e+08   29.28%
 1342277 1149076     1046.4583   482     1336.0000      944.9509 2.38e+08   29.27%
 1343958 1150535     1073.6136   393     1336.0000      944.9509 2.38e+08   29.27%
 1347159 1153356      982.9461   549     1336.0000      945.0573 2.38e+08   29.26%
 1349111 1155111     1104.0092   321     1336.0000      945.0573 2.39e+08   29.26%
 1352572 1158159     1124.7552   276     1336.0000      945.0573 2.39e+08   29.26%
 1354086 1159476     1023.4500   265     1336.0000      945.2057 2.40e+08   29.25%
                                                  ZeroHalf: 2                  
 1356934 1162001     1232.9545   296     1336.0000      945.2057 2.40e+08   29.25%
 1360160 1164845     1177.6667   205     1336.0000      945.2057 2.41e+08   29.25%
 1361339 1165882     1218.0556   218     1336.0000      945.3452 2.41e+08   29.24%
Elapsed time = 8279.39 sec. (2596223.91 ticks, tree = 139672.65 MB, solutions = 54)
Nodefile size = 139536.88 MB (105620.86 MB after compression)
 1363490 1167767     1196.0605   322     1336.0000      945.3452 2.41e+08   29.24%
 1365638 1169628      961.6944   396     1336.0000      945.3452 2.41e+08   29.24%
 1366069 1170010     1061.6216   488     1336.0000      945.4519 2.42e+08   29.23%
 1366197 1170130     1106.5833   405     1336.0000      945.4519 2.42e+08   29.23%
 1370440 1173931     1321.1250   286     1336.0000      945.4851 2.43e+08   29.23%
 1371816 1175128      991.5000   374     1336.0000      945.4851 2.43e+08   29.23%
 1375412 1178293     1013.2244   451     1336.0000      945.6187 2.44e+08   29.22%
 1377831 1180457     1076.9639   397     1336.0000      945.6187 2.44e+08   29.22%
 1381316 1183531     1076.2005   358     1336.0000      945.6187 2.44e+08   29.22%
 1382546 1184597     1073.7500   388     1336.0000      945.7353 2.45e+08   29.21%
Elapsed time = 8414.27 sec. (2637907.70 ticks, tree = 141627.48 MB, solutions = 54)
Nodefile size = 141490.65 MB (107051.79 MB after compression)
 1384786 1186587     1130.6667   230     1336.0000      945.7353 2.45e+08   29.21%
 1388107 1189472      955.5961   485     1336.0000      945.8851 2.46e+08   29.20%
 1391139 1192201     1207.5705   353     1336.0000      945.8851 2.46e+08   29.20%
 1393671 1194424     1240.5218   366     1336.0000      945.8851 2.46e+08   29.20%
 1395236 1195822     1206.5333   211     1336.0000      946.0000 2.47e+08   29.19%
 1398195 1198429     1245.8958   278     1336.0000      946.0000 2.47e+08   29.19%
 1401441 1201292     1052.9900   424     1336.0000      946.1262 2.48e+08   29.18%
 1403706 1203302     1038.8834   380     1336.0000      946.1262 2.48e+08   29.18%
 1406077 1205387     1179.7500   334     1336.0000      946.1262 2.49e+08   29.18%
 1408006 1207105     1130.2679   350     1336.0000      946.2266 2.49e+08   29.17%
Elapsed time = 8553.62 sec. (2680647.96 ticks, tree = 144604.17 MB, solutions = 54)
Nodefile size = 144467.21 MB (109235.05 MB after compression)
 1410335 1209171     1001.0906   428     1336.0000      946.2266 2.49e+08   29.17%
 1413605 1212038     1161.4333   299     1336.0000      946.3429 2.50e+08   29.17%
 1414427 1212785     1274.4000   317     1336.0000      946.3429 2.50e+08   29.17%
 1417826 1215791     1015.2404   399     1336.0000      946.3429 2.51e+08   29.17%
 1418734 1216609     1080.5385   321     1336.0000      946.4264 2.51e+08   29.16%
 1421179 1218771      977.5206   473     1336.0000      946.4264 2.51e+08   29.16%
 1423796 1221082     1132.5092   357     1336.0000      946.5450 2.52e+08   29.15%
 1426036 1223075     1193.3030   238     1336.0000      946.5450 2.52e+08   29.15%
 1429175 1225853     1048.8318   355     1336.0000      946.5450 2.53e+08   29.15%
 1430595 1227104     1206.1533   324     1336.0000      946.6589 2.53e+08   29.14%
Elapsed time = 8680.44 sec. (2721607.38 ticks, tree = 146759.17 MB, solutions = 54)
Nodefile size = 146625.20 MB (110815.10 MB after compression)
 1433187 1229406     1202.2083   224     1336.0000      946.6589 2.53e+08   29.14%
 1435839 1231747     1097.4868   380     1336.0000      946.6589 2.54e+08   29.14%
 1437918 1233598     1075.8547   431     1336.0000      946.7835 2.54e+08   29.13%
 1440318 1235702     1104.3374   412     1336.0000      946.7835 2.54e+08   29.13%
 1443905 1238841     1101.3125   351     1336.0000      946.9323 2.55e+08   29.12%
 1444953 1239795     1173.8846   287     1336.0000      946.9323 2.55e+08   29.12%
 1447825 1242327     1092.9129   353     1336.0000      946.9323 2.56e+08   29.12%
 1449310 1243630     1254.7500   290     1336.0000      947.0289 2.56e+08   29.11%
 1451614 1245640     1030.8627   341     1336.0000      947.0289 2.56e+08   29.11%
 1454843 1248477     1157.5516   360     1336.0000      947.1196 2.57e+08   29.11%
Elapsed time = 8815.69 sec. (2762699.17 ticks, tree = 149238.51 MB, solutions = 54)
Nodefile size = 149105.88 MB (112633.98 MB after compression)
 1457072 1250477     1217.7833   208     1336.0000      947.1196 2.57e+08   29.11%
 1459444 1252551     1241.7590   216     1336.0000      947.1196 2.58e+08   29.11%
 1461167 1254058     1080.2812   434     1336.0000      947.2500 2.58e+08   29.10%
 1462991 1255640     1137.5930   297     1336.0000      947.2500 2.58e+08   29.10%
 1466478 1258682     1027.9196   401     1336.0000      947.2500 2.59e+08   29.10%
 1467855 1259907     1043.8976   374     1336.0000      947.3684 2.59e+08   29.09%
 1469999 1261819     1158.9583   376     1336.0000      947.3684 2.60e+08   29.09%
 1473276 1264696     1127.2459   386     1336.0000      947.4817 2.60e+08   29.08%
                                                  ZeroHalf: 1                  
 1473532 1264937     1236.0104   398     1336.0000      947.4817 2.60e+08   29.08%
 1473660 1265065     1288.3655   358     1336.0000      947.4817 2.60e+08   29.08%
Elapsed time = 8944.25 sec. (2803483.88 ticks, tree = 151343.70 MB, solutions = 54)
Nodefile size = 151209.79 MB (114180.77 MB after compression)
 1477485 1268461     1133.9969   434     1336.0000      947.5273 2.61e+08   29.08%
 1479789 1270524     1115.4112   417     1336.0000      947.5273 2.62e+08   29.08%
 1483767 1273988      979.7595   572     1336.0000      947.6441 2.62e+08   29.07%
 1485143 1275239     1045.1350   459     1336.0000      947.6441 2.62e+08   29.07%
 1487775 1277541     1033.2758   474     1336.0000      947.6441 2.63e+08   29.07%
 1489255 1278849      961.6124   351     1336.0000      947.7500 2.63e+08   29.06%
 1490436 1279908     1201.0366   332     1336.0000      947.7500 2.63e+08   29.06%
 1495327 1284209     1091.5648   351     1336.0000      947.8542 2.64e+08   29.05%
 1497663 1286307     1071.9687   375     1336.0000      947.8542 2.64e+08   29.05%
 1499871 1288251     1154.6577   314     1336.0000      947.8542 2.65e+08   29.05%
Elapsed time = 9083.78 sec. (2844870.37 ticks, tree = 153431.80 MB, solutions = 54)
Nodefile size = 153283.36 MB (115698.29 MB after compression)
 1502720 1290759     1203.3468   324     1336.0000      947.9862 2.65e+08   29.04%
 1504928 1292691     1095.2155   388     1336.0000      947.9862 2.66e+08   29.04%
 1507168 1294715     1031.2039   425     1336.0000      947.9862 2.66e+08   29.04%
 1509941 1297137     1028.6009   346     1336.0000      948.1180 2.66e+08   29.03%
 1511589 1298595     1109.4167   356     1336.0000      948.1180 2.67e+08   29.03%
 1515347 1301917     1266.0000   211     1336.0000      948.1180 2.67e+08   29.03%
 1516031 1302519     1159.0072   367     1336.0000      948.2441 2.67e+08   29.02%
 1516241 1302705     1197.9000   313     1336.0000      948.2441 2.67e+08   29.02%
 1519470 1305492     1029.5995   503     1336.0000      948.2679 2.68e+08   29.02%
 1521250 1307121     1125.1329   355     1336.0000      948.2679 2.69e+08   29.02%
Elapsed time = 9213.32 sec. (2884600.54 ticks, tree = 155752.78 MB, solutions = 54)
Nodefile size = 155612.56 MB (117404.82 MB after compression)
 1523764 1309330     1205.6338   307     1336.0000      948.2679 2.69e+08   29.02%
 1526754 1311976     1135.3125   297     1336.0000      948.4167 2.69e+08   29.01%
                                                    Covers: 2                  
 1529155 1314088      980.2361   519     1336.0000      948.4167 2.70e+08   29.01%
 1532637 1317157     1095.3452   389     1336.0000      948.5392 2.70e+08   29.00%
 1534717 1319010     1078.1997   309     1336.0000      948.5392 2.71e+08   29.00%
 1537003 1321037     1063.9487   315     1336.0000      948.5392 2.71e+08   29.00%
 1538477 1322355     1093.1667   279     1336.0000      948.6370 2.71e+08   28.99%
 1540557 1324198     1183.4340   295     1336.0000      948.6370 2.72e+08   28.99%
 1544196 1327394     1067.1375   310     1336.0000      948.7253 2.72e+08   28.99%
 1546557 1329539     1072.6646   412     1336.0000      948.7253 2.73e+08   28.99%
Elapsed time = 9359.09 sec. (2926679.21 ticks, tree = 158614.71 MB, solutions = 54)
Nodefile size = 158472.93 MB (119508.37 MB after compression)
 1550298 1332840     1224.7955   326     1336.0000      948.7253 2.73e+08   28.99%
 1551091 1333518      989.8163   445     1336.0000      948.8345 2.73e+08   28.98%
 1551671 1334045     1253.8167   348     1336.0000      948.8345 2.74e+08   28.98%
 1555206 1337135     1091.8889   485     1336.0000      948.8495 2.74e+08   28.98%
 1556390 1338236     1101.5714   229     1336.0000      948.8495 2.75e+08   28.98%
 1561549 1342751     1117.8333   317     1336.0000      949.0100 2.75e+08   28.97%
 1564530 1345410     1105.8889   350     1336.0000      949.0100 2.76e+08   28.97%
 1567781 1348291     1183.9615   234     1336.0000      949.0100 2.76e+08   28.97%
 1568925 1349302      986.4937   382     1336.0000      949.1360 2.77e+08   28.96%
 1571441 1351525     1062.2378   392     1336.0000      949.1360 2.77e+08   28.96%
Elapsed time = 9497.13 sec. (2969123.11 ticks, tree = 160917.26 MB, solutions = 54)
Nodefile size = 160773.12 MB (121192.68 MB after compression)
 1573695 1353512     1133.5833   286     1336.0000      949.1360 2.77e+08   28.96%
 1574809 1354491     1276.5312   245     1336.0000      949.2375 2.78e+08   28.95%
 1575984 1355513      973.3235   381     1336.0000      949.2375 2.78e+08   28.95%
 1579684 1358695     1110.1111   344     1336.0000      949.3481 2.78e+08   28.94%
 1582852 1361558     1196.0000   241     1336.0000      949.3481 2.79e+08   28.94%
 1585927 1364274     1048.6533   441     1336.0000      949.3481 2.79e+08   28.94%
 1587020 1365240     1010.3365   514     1336.0000      949.4749 2.80e+08   28.93%
 1587185 1365399     1078.3154   400     1336.0000      949.4749 2.80e+08   28.93%
 1590623 1368434     1072.1684   410     1336.0000      949.4749 2.81e+08   28.93%
 1591097 1368864     1252.9178   506     1336.0000      949.4749 2.81e+08   28.93%
Elapsed time = 9621.58 sec. (3009441.72 ticks, tree = 162996.43 MB, solutions = 54)
Nodefile size = 162863.43 MB (122718.96 MB after compression)
 1593529 1370996     1011.6287   432     1336.0000      949.4749 2.81e+08   28.93%
 1597280 1374312     1113.3702   389     1336.0000      949.6268 2.82e+08   28.92%
 1599826 1376581     1057.3750   367     1336.0000      949.6268 2.82e+08   28.92%
 1602354 1378821     1074.4527   393     1336.0000      949.6268 2.82e+08   28.92%
 1603420 1379783     1147.5256   368     1336.0000      949.7057 2.83e+08   28.91%
 1606689 1382686      984.8726   448     1336.0000      949.7057 2.83e+08   28.91%
 1609475 1385127     1044.5234   392     1336.0000      949.8364 2.84e+08   28.90%
 1612881 1388178      983.3782   528     1336.0000      949.8364 2.84e+08   28.90%
 1615547 1390576     1057.2778   370     1336.0000      949.8364 2.85e+08   28.90%
 1616488 1391410     1124.7136   322     1336.0000      949.9231 2.85e+08   28.90%
Elapsed time = 9761.03 sec. (3050317.19 ticks, tree = 165949.62 MB, solutions = 54)
Nodefile size = 165817.32 MB (124886.25 MB after compression)
 1618063 1392815     1327.9167   353     1336.0000      949.9231 2.85e+08   28.90%
 1618441 1393130     1036.4524   339     1336.0000      949.9231 2.85e+08   28.90%
 1619099 1393734     1123.3125   310     1336.0000      949.9231 2.85e+08   28.90%
 1621477 1395814     1182.0357   358     1336.0000      949.9974 2.85e+08   28.89%
 1621567 1395898     1052.3032   395     1336.0000      949.9974 2.86e+08   28.89%
 1625877 1399701     1056.9708   375     1336.0000      950.0194 2.86e+08   28.89%
 1626688 1400428     1037.6586   440     1336.0000      950.0194 2.86e+08   28.89%
 1630316 1403602     1082.2083   457     1336.0000      950.0762 2.87e+08   28.89%
 1630476 1403745     1126.1250   323     1336.0000      950.0762 2.87e+08   28.89%
 1630500 1403767     1281.2333   286     1336.0000      950.0762 2.87e+08   28.89%
Elapsed time = 9961.00 sec. (3164802.39 ticks, tree = 167544.33 MB, solutions = 54)
Nodefile size = 167412.43 MB (126059.04 MB after compression)
 1631250 1404434     1158.3015   361     1336.0000      950.0762 2.87e+08   28.89%
 1633512 1406433     1205.5000   222     1336.0000      950.1484 2.88e+08   28.88%
 1633838 1406716     1255.5220   350     1336.0000      950.1484 2.88e+08   28.88%
 1634525 1407312      971.6538   413     1336.0000      950.1484 2.88e+08   28.88%
 1637104 1409560     1117.1950   363     1336.0000      950.1897 2.88e+08   28.88%
 1637149 1409604     1037.3750   340     1336.0000      950.1897 2.88e+08   28.88%
 1640940 1412957     1166.3402   359     1336.0000      950.2347 2.89e+08   28.87%
 1641814 1413729     1000.5152   296     1336.0000      950.2347 2.89e+08   28.87%
 1645265 1416754     1184.5000   259     1336.0000      950.2995 2.90e+08   28.87%
 1645285 1416774     1306.6000   201     1336.0000      950.2995 2.90e+08   28.87%
Elapsed time = 10186.25 sec. (3288676.72 ticks, tree = 168936.11 MB, solutions = 54)
Nodefile size = 168804.03 MB (127072.90 MB after compression)
 1645293 1416782     1061.4135   398     1336.0000      950.2995 2.90e+08   28.87%
 1646410 1417775     1198.3735   437     1336.0000      950.2995 2.90e+08   28.87%
 1647624 1418882     1115.5379   396     1336.0000      950.2995 2.90e+08   28.87%
 1648918 1420020     1164.2838   389     1336.0000      950.2995 2.90e+08   28.87%
 1649279 1420354     1271.3574   352     1336.0000      950.2995 2.90e+08   28.87%
 1653284 1423881      976.1635   314     1336.0000      950.4061 2.91e+08   28.86%
 1653916 1424448     1167.6667   199     1336.0000      950.4061 2.91e+08   28.86%
 1654798 1425222     1164.9304   415     1336.0000      950.4061 2.91e+08   28.86%
 1657776 1427841      982.7946   371     1336.0000      950.5030 2.92e+08   28.85%
 1659340 1429212     1114.3750   250     1336.0000      950.5030 2.92e+08   28.85%
Elapsed time = 10389.25 sec. (3410619.63 ticks, tree = 170352.76 MB, solutions = 54)
Nodefile size = 170196.07 MB (128094.26 MB after compression)
 1661337 1430952     1066.7222   263     1336.0000      950.5899 2.92e+08   28.85%
 1661346 1430959     1092.8333   276     1336.0000      950.5899 2.92e+08   28.85%
 1661966 1431519     1206.3676   332     1336.0000      950.5899 2.92e+08   28.85%
 1662509 1431983     1036.7305   487     1336.0000      950.5899 2.93e+08   28.85%
 1664546 1433754     1071.3200   369     1336.0000      950.5991 2.93e+08   28.85%
 1665773 1434872     1076.2452   316     1336.0000      950.5991 2.93e+08   28.85%
 1665864 1434952      977.8512   455     1336.0000      950.5991 2.93e+08   28.85%
 1667933 1436757     1144.9748   402     1336.0000      950.5991 2.94e+08   28.85%
 1670160 1438702     1223.5290   381     1336.0000      950.5991 2.94e+08   28.85%
 1672374 1440654     1033.0667   345     1336.0000      950.7151 2.94e+08   28.84%
Elapsed time = 10601.44 sec. (3534118.90 ticks, tree = 171702.07 MB, solutions = 54)
Nodefile size = 171569.69 MB (129097.96 MB after compression)
 1672486 1440762     1036.3750   281     1336.0000      950.7151 2.94e+08   28.84%
 1673201 1441377     1073.5614   378     1336.0000      950.7151 2.94e+08   28.84%
 1675738 1443652     1265.7692   232     1336.0000      950.7438 2.95e+08   28.84%
 1676271 1444133     1096.8125   334     1336.0000      950.7438 2.95e+08   28.84%
 1676799 1444587     1123.6042   271     1336.0000      950.7438 2.95e+08   28.84%
 1680501 1447846     1076.8561   430     1336.0000      950.8382 2.96e+08   28.83%
 1682424 1449551      975.7518   411     1336.0000      950.8382 2.96e+08   28.83%
 1685236 1452024     1290.9816   460     1336.0000      950.9619 2.96e+08   28.82%
 1685509 1452260     1038.6140   473     1336.0000      950.9619 2.96e+08   28.82%
 1687182 1453716     1186.5000   300     1336.0000      950.9619 2.97e+08   28.82%
Elapsed time = 10754.38 sec. (3616654.93 ticks, tree = 173144.22 MB, solutions = 54)
Nodefile size = 173014.14 MB (130157.15 MB after compression)
 1689221 1455555     1158.0984   373     1336.0000      951.0152 2.97e+08   28.82%
 1689417 1455706     1167.1282   140     1336.0000      951.0152 2.97e+08   28.82%

Cover cuts applied:  47
Implied bound cuts applied:  24
Zero-half cuts applied:  281
Gomory fractional cuts applied:  10

Root node processing (before b&c):
  Real time             =   12.37 sec. (7109.01 ticks)
Parallel b&c, 32 threads:
  Real time             = 10793.31 sec. (3630850.80 ticks)
  Sync time (average)   =    1.19 sec.
  Wait time (average)   =    0.00 sec.
                          ------------
Total (root+branch&cut) = 10805.68 sec. (3637959.81 ticks)


Solution status: Feasible
Execution time: 10806.1 sec
Gap: 0.28815
