Thu Jul 19 14:27:33 2018

Tried aggregator 2 times.
MIP Presolve eliminated 18040 rows and 145 columns.
Aggregator did 576 substitutions.
Reduced MIP has 14977 rows, 3172 columns, and 54056 nonzeros.
Reduced MIP has 3172 binaries, 0 generals, 0 SOSs, and 0 indicators.
Presolve time = 0.13 sec. (79.12 ticks)
Probing time = 0.01 sec. (1.98 ticks)
Tried aggregator 1 time.
Presolve time = 0.03 sec. (22.53 ticks)
Probing time = 0.01 sec. (1.98 ticks)
Clique table members: 10724.
MIP emphasis: balance optimality and feasibility.
MIP search method: dynamic search.
Parallel mode: deterministic, using up to 32 threads.
Root relaxation solution time = 0.50 sec. (118.63 ticks)

        Nodes                                         Cuts/
   Node  Left     Objective  IInf  Best Integer    Best Bound    ItCnt     Gap

      0     0      703.0000   312                    703.0000     1296         
      0     0      777.1250   566                    Cuts: 53     4472         
      0     0      803.1491   556                    Cuts: 57     6034         
      0     0      824.2907   534                    Cuts: 42     8441         
*     0+    0                         2887.0000      824.2907    12135   71.45%
Found incumbent of value 2887.000000 after 10.59 sec. (6404.40 ticks)
      0     0      839.5046   633     2887.0000      Cuts: 45    12135   70.92%
      0     0      843.4344   651     2887.0000      Cuts: 34    17479   70.79%
      0     0      845.2258   617     2887.0000      Cuts: 16    18911   70.72%
      0     0      847.3645   666     2887.0000      Cuts: 37    24454   70.65%
      0     0      848.3033   581     2887.0000      Cuts: 23    30387   70.62%
      0     0      849.2143   590     2887.0000      Cuts: 20    30904   70.58%
      0     0      849.2229   552     2887.0000      Cuts: 31    31241   70.58%
      0     0      849.2229   571     2887.0000      Cuts: 14    31396   70.58%
      0     0      849.2229   531     2887.0000       Cuts: 3    31414   70.58%
      0     0      849.2229   559     2887.0000      Cuts: 25    31593   70.58%
      0     2      849.2229   502     2887.0000      849.2229    31593   70.58%
Elapsed time = 44.86 sec. (29471.20 ticks, tree = 0.01 MB, solutions = 1)
      1     3      850.5658   573     2887.0000      849.2229    39661   70.58%
      2     4      850.5000   558     2887.0000      849.2229    46279   70.58%
      3     5      853.2590   591     2887.0000      850.5000    48800   70.54%
      4     6      853.7553   603     2887.0000      850.5000    52559   70.54%
      7     9      861.5800   513     2887.0000      850.5000    62678   70.54%
      9    11      856.9280   590     2887.0000      850.5000    66920   70.54%
     11    13      856.7373   531     2887.0000      853.2590    70937   70.44%
                                                 Impl Bds: 10                  
     13    15      868.1563   608     2887.0000      853.2590    77936   70.44%
     14    16      878.9524   522     2887.0000      853.2590    81654   70.44%
     21    23      903.5000   423     2887.0000      853.2590   105809   70.44%
Elapsed time = 70.09 sec. (45653.10 ticks, tree = 0.01 MB, solutions = 1)
     25    27      863.6922   534     2887.0000      854.0000   112504   70.42%
                                                 Impl Bds: 13                  
     43    45      947.4564   497     2887.0000      854.0000   124119   70.42%
     66    68      875.1713   521     2887.0000      854.0000   161878   70.42%
                                                  Impl Bds: 3                  
     76    78      935.5401   495     2887.0000      854.0000   182637   70.42%
    164   166      942.2670   489     2887.0000      854.0000   280460   70.42%
    235   237      986.4804   482     2887.0000      854.0000   341755   70.42%
    468   470      883.9314   555     2887.0000      854.0000   540039   70.42%
                                                      Cuts: 9                  
    489   491      905.1250   550     2887.0000      854.0000   579133   70.42%
    492   494      880.5741   546     2887.0000      854.0000   584868   70.42%
    495   497      884.1412   554     2887.0000      854.0000   593310   70.42%
Elapsed time = 118.47 sec. (65465.13 ticks, tree = 0.05 MB, solutions = 1)
    622   624     1115.2500   357     2887.0000      854.0000   887051   70.42%
*   968   960      integral     0     1521.0000      854.0000  1163659   43.85%
Found incumbent of value 1521.000000 after 124.04 sec. (66669.05 ticks)
    970   962     1044.9648   496     1521.0000      854.0000  1173341   43.85%
                                                 Impl Bds: 16                  
    972   964      919.8023   676     1521.0000      854.0000  1184304   43.85%
   1036  1028      926.4375   557     1521.0000      854.0000  1280608   43.85%
   1132  1124      941.4507   492     1521.0000      854.0000  1351728   43.85%
   1148  1140      896.3810   453     1521.0000      854.0000  1371606   43.85%
*  1730  1705      integral     0     1419.0000      854.0000  1677186   39.82%
Found incumbent of value 1419.000000 after 161.62 sec. (74959.39 ticks)
   1814  1789      886.2981   584     1419.0000      854.0000  1723235   39.82%
   2761  2657      968.9167   610     1419.0000      854.0000  2053681   39.82%
Elapsed time = 161.62 sec. (77506.40 ticks, tree = 0.43 MB, solutions = 2)
   2877  2539      965.5000   615     1419.0000      854.0000  2099241   39.82%
                                                     Cuts: 22                  
   2879  2541      903.2537   622     1419.0000      854.0000  2106953   39.82%
   2911  2573      909.6622   574     1419.0000      854.0000  2157937   39.82%
   2943  2605      913.2625   604     1419.0000      854.0000  2206167   39.82%
*  3231  2874      integral     0     1363.0000      854.0000  2401394   37.34%
Found incumbent of value 1363.000000 after 222.83 sec. (91404.74 ticks)
   3246  2887      942.4246   571     1363.0000      854.0000  2410942   37.34%
   3329  2964      926.1481   621     1363.0000      854.0000  2485460   37.34%
   3813  3393      973.8148   570     1363.0000      854.0000  2801695   37.34%
   4035  3232      963.5893   602     1363.0000      866.5400  2912219   36.42%
                                                     Cuts: 29                  
   4076  3273      915.4432   592     1363.0000      866.5400  2953715   36.42%
Elapsed time = 259.61 sec. (103779.62 ticks, tree = 1.74 MB, solutions = 4)
   4099  3296      948.6525   598     1363.0000      866.5400  2995710   36.42%
   4163  3360      927.5079   538     1363.0000      866.5400  3079165   36.42%
   4291  3484      950.8571   623     1363.0000      866.5400  3213989   36.42%
   4347  3540      910.3579   572     1363.0000      866.5400  3261455   36.42%
   4663  3856      985.2500   501     1363.0000      866.5400  3478554   36.42%
*  6377  5430      integral     0     1356.0000      866.5400  4268253   36.10%
Found incumbent of value 1356.000000 after 326.28 sec. (120775.55 ticks)
*  6509  5541      integral     0     1343.0000      866.5400  4316707   35.48%
Found incumbent of value 1343.000000 after 326.28 sec. (120775.55 ticks)
   6725  5573      984.5972   534     1343.0000      869.6717  4410337   35.24%
                                                     Cuts: 21                  
   6727  5575      886.2151   594     1343.0000      869.6717  4418653   35.24%
   6730  5578      995.9479   591     1343.0000      869.6717  4436288   35.24%
Elapsed time = 346.79 sec. (127130.93 ticks, tree = 19.10 MB, solutions = 6)
   6762  5608     1004.6080   641     1343.0000      869.6717  4551719   35.24%
   6907  5746      933.1043   549     1343.0000      869.6717  4756384   35.24%
   7018  5857     1044.5370   616     1343.0000      869.6717  4847370   35.24%
   7146  5985     1070.6453   523     1343.0000      869.6717  4932815   35.24%
   7434  6270     1082.4231   445     1343.0000      869.6717  5084047   35.24%
   7476  6312     1158.6901   631     1343.0000      869.6717  5105541   35.24%
   7508  6344     1161.5625   572     1343.0000      869.6717  5120956   35.24%
   7540  6376     1165.7968   544     1343.0000      869.6717  5136038   35.24%
   7636  6470     1165.7968   526     1343.0000      869.6717  5173005   35.24%
   7700  6532     1165.7968   542     1343.0000      869.6717  5197681   35.24%
Elapsed time = 442.29 sec. (148711.58 ticks, tree = 19.30 MB, solutions = 6)
   7828  6656     1166.0780   487     1343.0000      869.6717  5261937   35.24%
   7924  6748     1167.3522   484     1343.0000      869.6717  5311054   35.24%
   8052  6849     1168.5000   451     1343.0000      869.6717  5387360   35.24%
   8212  7007     1229.9560   284     1343.0000      869.6717  5470103   35.24%
  10130  8789      899.2636   637     1343.0000      869.6717  6370794   35.24%
  10163  8822      946.2367   619     1343.0000      869.6717  6403908   35.24%
* 11890+ 6950                         1314.0000      878.4265  7151849   33.15%
Found incumbent of value 1314.000000 after 482.16 sec. (164205.08 ticks)
  11890  6951      851.9469   546     1314.0000      878.4265  7153147   33.15%
  11892  6953      855.3284   693     1314.0000      878.4265  7158123   33.15%
  11893  6953      865.8901   701     1314.0000      878.4265  7168684   33.15%
  11896  6955      864.9093   656     1314.0000      878.4265  7177533   33.15%
Elapsed time = 519.66 sec. (188664.05 ticks, tree = 62.45 MB, solutions = 9)
  11899  6956      862.4240   702     1314.0000      878.4265  7194796   33.15%
  11901  6958      873.6517   596     1314.0000      878.4265  7198408   33.15%
                                                     Cuts: 14                  
  11905  6960      870.3885   566     1314.0000      878.4265  7212721   33.15%
  11909  6964      876.8263   546     1314.0000      878.4265  7223197   33.15%
  11913  6965      885.6726   578     1314.0000      878.4265  7237422   33.15%
  11916  6966      858.4987   557     1314.0000      878.4265  7240469   33.15%
                                                     Cuts: 18                  
  11929  6974      885.0124   514     1314.0000      878.4265  7250096   33.15%
  11932  6976      861.7259   524     1314.0000      878.4265  7255431   33.15%
                                                  Impl Bds: 3                  
  11935  6977      933.5625   524     1314.0000      878.4265  7268065   33.15%
* 11941+ 4669                         1305.0000      878.4265  7278884   32.69%
Found incumbent of value 1305.000000 after 540.41 sec. (199998.28 ticks)
  11960  4682      881.7222   534     1305.0000      878.4265  7317943   32.69%
                                                      Cuts: 2                  
Elapsed time = 543.55 sec. (202740.05 ticks, tree = 41.62 MB, solutions = 9)
  11984  4697      959.4921   427     1305.0000      878.4265  7333923   32.69%
  12077  4747      969.6875   389     1305.0000      878.4265  7376930   32.69%
  12147  4789      859.7188   533     1305.0000      878.4265  7410971   32.69%
  12209  4823      860.2061   499     1305.0000      878.4265  7436415   32.69%
  12399  4941      860.8751   532     1305.0000      878.4265  7519062   32.69%
                                                     Cuts: 12                  
  12442  4961      980.1744   402     1305.0000      878.4265  7546368   32.69%
  12520  5003      991.1034   404     1305.0000      878.4265  7597623   32.69%
  12559  5028      864.9090   532     1305.0000      878.4265  7627811   32.69%
  12569  5032      975.0500   601     1305.0000      878.4265  7643572   32.69%
  12954  5253      991.6148   522     1305.0000      878.4265  7832347   32.69%
Elapsed time = 605.09 sec. (220417.89 ticks, tree = 41.87 MB, solutions = 10)
  12963  5254     1018.6615   469     1305.0000      878.4265  7847618   32.69%
  13020  5286      978.5000   438     1305.0000      878.4265  7925773   32.69%
  13354  5467     1046.7819   424     1305.0000      878.4265  8136868   32.69%
  13791  5715      913.4594   505     1305.0000      878.4265  8310376   32.69%
  13855  5756      899.4909   474     1305.0000      878.4265  8338352   32.69%
  13919  5793      901.2000   437     1305.0000      878.4265  8366156   32.69%
  14047  5863      946.6395   493     1305.0000      878.4265  8418386   32.69%
  14174  5931      919.2395   475     1305.0000      878.4265  8474608   32.69%
  14366  6050      950.4685   478     1305.0000      878.4265  8549225   32.69%
  16551  7092     1028.6595   424     1305.0000      878.4265  9281902   32.69%
                                                      Cuts: 5                  
Elapsed time = 678.25 sec. (239396.01 ticks, tree = 29.20 MB, solutions = 10)
  16628  7127      894.0170   665     1305.0000      878.4265  9320384   32.69%
  16692  7156      906.4524   663     1305.0000      878.4265  9359622   32.69%
  16991  7291      872.5000   676     1305.0000      878.4265  9500581   32.69%
  17498  7526     1174.2431   327     1305.0000      878.4265  9680450   32.69%
                                                     Cuts: 11                  
  17726  7636      901.8647   533     1305.0000      878.4265  9810721   32.69%
  18076  7827     1014.7745   444     1305.0000      878.4265  9999379   32.69%
  18560  8073     1025.9028   459     1305.0000      878.4265 10218772   32.69%
  18944  8279     1057.7229   406     1305.0000      878.4265 10382488   32.69%
  19904  8814     1149.8000   120     1305.0000      878.4265 10734548   32.69%
  21799  9739      886.1774   606     1305.0000      878.4265 11433080   32.69%
Elapsed time = 827.68 sec. (285036.86 ticks, tree = 10.71 MB, solutions = 10)
  22508 10198      883.0616   546     1305.0000      878.4265 11684374   32.69%
                                                      Cuts: 8                  
  22615 10295      953.1714   538     1305.0000      878.4265 11736006   32.69%
  23607 11262     1078.3000   360     1305.0000      878.4265 11997712   32.69%
  25015 12616     1249.3052   433     1305.0000      878.4265 12404632   32.69%
  28868 16256     1257.7500   421     1305.0000      878.4265 13543374   32.69%
                                                     Cuts: 39                  
  28902 16287      907.3712   708     1305.0000      878.4265 13582266   32.69%
  28960 16343     1001.5940   630     1305.0000      878.4265 13657594   32.69%
  28992 16375     1007.5278   650     1305.0000      878.4265 13710649   32.69%
  29056 16439     1012.0833   679     1305.0000      878.4265 13771762   32.69%
  29245 16626      978.8206   659     1305.0000      878.4265 13942029   32.69%
Elapsed time = 1077.89 sec. (341424.02 ticks, tree = 534.54 MB, solutions = 10)
Nodefile size = 394.17 MB (297.97 MB after compression)
  29430 16800     1072.5000   516     1305.0000      878.4265 14097972   32.69%
  31508 18726     1060.0000   320     1305.0000      878.4265 15202537   32.69%
                                                     Cuts: 19                  
  31542 18760      908.7213   660     1305.0000      878.4265 15267713   32.69%
  31545 18763      965.9550   582     1305.0000      878.4265 15277992   32.69%
  31609 18827      983.4067   514     1305.0000      878.4265 15525184   32.69%
  31738 18956      993.0145   575     1305.0000      878.4265 15741073   32.69%
  31898 19116     1018.2250   576     1305.0000      878.4265 15891575   32.69%
  31994 19209     1036.2742   634     1305.0000      878.4265 15981665   32.69%
  33763 20895      979.3631   661     1305.0000      878.4265 16867005   32.69%
* 34117 21169      integral     0     1268.0000      878.4265 17019815   30.72%
Elapsed time = 1231.07 sec. (382471.33 ticks, tree = 595.24 MB, solutions = 10)
Nodefile size = 441.14 MB (330.81 MB after compression)
Found incumbent of value 1268.000000 after 1231.07 sec. (382471.33 ticks)
  34195 20334      918.8324   625     1268.0000      878.4265 17062515   30.72%
                                                      Cuts: 4                  
  34419 20550      964.8712   608     1268.0000      878.4265 17266453   30.72%
  34643 20765     1008.2242   629     1268.0000      878.4265 17384890   30.72%
  34926 21040     1011.6383   600     1268.0000      878.4265 17513781   30.72%
  35086 21200     1017.6552   660     1268.0000      878.4265 17578407   30.72%
* 35096+21208                         1264.0000      878.4265 17584312   30.50%
Found incumbent of value 1264.000000 after 1376.79 sec. (388023.32 ticks)
  35278 21386     1021.7083   356     1264.0000      878.4265 17644841   30.50%
  35342 21442     1031.1250   386     1264.0000      878.4265 17671083   30.50%
  36993 22961     1010.7849   602     1264.0000      878.4265 18379886   30.50%
  39359 25025     1058.5714   630     1264.0000      878.4265 19223675   30.50%
                                                      Cuts: 6                  
  39466 25124      934.1667   591     1264.0000      878.4265 19319679   30.50%
Elapsed time = 1463.01 sec. (426732.96 ticks, tree = 1465.83 MB, solutions = 11)
Nodefile size = 1319.03 MB (1013.89 MB after compression)
  39530 25188      948.0316   632     1264.0000      878.4265 19369194   30.50%
  39728 25386     1077.8190   627     1264.0000      878.4265 19502914   30.50%
  39902 25560      996.0417   671     1264.0000      878.4265 19591992   30.50%
  40158 25796     1069.1655   566     1264.0000      878.4265 19699324   30.50%
  40562 26173     1159.8750   454     1264.0000      878.4265 19858288   30.50%
  40818 26418     1185.5139   500     1264.0000      878.4265 19969591   30.50%
  41822 27348      972.3500   633     1264.0000      878.4265 20324310   30.50%
  44571 29837      944.0214   667     1264.0000      890.1359 21396120   29.58%
                                                     Cuts: 15                  
  44667 29933      950.0455   701     1264.0000      890.1359 21475468   29.58%
  44827 30093     1012.3947   673     1264.0000      890.1359 21569724   29.58%
Elapsed time = 1651.93 sec. (470652.07 ticks, tree = 2220.32 MB, solutions = 12)
Nodefile size = 2067.51 MB (1632.01 MB after compression)
  45211 30464     1078.1429   341     1264.0000      890.1359 21739587   29.58%
  45899 31121     1250.3580   390     1264.0000      890.1359 21908300   29.58%
* 46589 31744      integral     0     1237.0000      890.1359 22121645   28.04%
Found incumbent of value 1237.000000 after 1718.35 sec. (478339.20 ticks)
  46733 31880     1012.1930   404     1237.0000      890.1359 22180356   28.04%
  47074 32180      985.4231   534     1237.0000      890.1359 22342173   28.04%
  47234 32330     1038.7333   578     1237.0000      890.1359 22404141   28.04%
  50402 35235      925.1759   594     1237.0000      890.1359 23573509   28.04%
  50621 33517      955.9027   616     1237.0000      894.1172 23718518   27.72%
                                                     Cuts: 11                  
  50803 33699      999.6169   649     1237.0000      894.1172 23817787   27.72%
  50963 33859     1010.3509   445     1237.0000      894.1172 23890967   27.72%
Elapsed time = 1853.82 sec. (509110.35 ticks, tree = 2962.03 MB, solutions = 12)
Nodefile size = 2806.81 MB (2271.44 MB after compression)
  51379 34255     1026.4671   352     1237.0000      894.1172 24026252   27.72%
  51832 34676     1184.6667   427     1237.0000      894.1172 24172165   27.72%
  52487 35248      984.7273   550     1237.0000      894.1172 24459224   27.72%
  52647 35397     1019.0934   567     1237.0000      894.1172 24575365   27.72%
  53095 35814     1053.4545   390     1237.0000      894.1172 24739116   27.72%
* 55505 37994      integral     0     1235.0000      894.1172 25563146   27.60%
Found incumbent of value 1235.000000 after 1946.15 sec. (529440.00 ticks)
  56789 39110     1025.2857   451     1235.0000      894.1172 25985920   27.60%
* 56972+39140                         1231.0000      897.3097 26026597   27.11%
                                                 Impl Bds: 11                  
Found incumbent of value 1231.000000 after 1958.08 sec. (537018.44 ticks)
  57020 39189      916.5893   646     1231.0000      897.3097 26076878   27.11%
  57212 39374      933.2727   570     1231.0000      897.3097 26214447   27.11%
  57372 39511      970.2313   680     1231.0000      897.3097 26303622   27.11%
Elapsed time = 2040.05 sec. (546775.18 ticks, tree = 3930.93 MB, solutions = 15)
Nodefile size = 3772.56 MB (3094.58 MB after compression)
  57612 39742      986.8255   662     1231.0000      897.3097 26441222   27.11%
  57708 39836     1037.0000   459     1231.0000      897.3097 26494255   27.11%
  57836 39950     1077.9167   507     1231.0000      897.3097 26551841   27.11%
  58903 40936      987.1000   627     1231.0000      897.3097 27072052   27.11%
  59255 41269     1057.1111   422     1231.0000      897.3097 27186068   27.11%
  62316 43548     1091.5101   460     1231.0000      901.7292 28337602   26.75%
                                                     Cuts: 13                  
  62420 43649      976.0185   570     1231.0000      901.7292 28439154   26.75%
  62558 43784     1006.1528   673     1231.0000      901.7292 28539405   26.75%
  62782 44000     1071.6632   654     1231.0000      901.7292 28672208   26.75%
  63120 44332      983.5000   492     1231.0000      901.7292 28811003   26.75%
Elapsed time = 2209.12 sec. (590417.17 ticks, tree = 4708.37 MB, solutions = 16)
Nodefile size = 4549.44 MB (3763.09 MB after compression)
  63536 44691     1028.2222   405     1231.0000      901.7292 28946979   26.75%
  63774 44920      927.8453   650     1231.0000      901.7292 29017690   26.75%
  64026 45153      995.6250   487     1231.0000      901.7292 29089912   26.75%
  64346 45434     1105.1500   547     1231.0000      901.7292 29243212   26.75%
  65274 46285     1185.0000   136     1231.0000      903.2207 29695365   26.63%
                                                  Impl Bds: 3                  
* 65276+46285                         1227.0000      903.2207 29695714   26.39%
Found incumbent of value 1227.000000 after 2252.89 sec. (608810.21 ticks)
* 65276+46285                         1218.0000      903.2207 29695714   25.84%
Found incumbent of value 1218.000000 after 2252.89 sec. (608875.09 ticks)
* 65276+46285                         1214.0000      903.2207 29695714   25.60%
Found incumbent of value 1214.000000 after 2252.89 sec. (609002.49 ticks)
* 65281+46289                         1213.0000      903.2207 29699882   25.54%
Found incumbent of value 1213.000000 after 2254.82 sec. (609173.17 ticks)
* 65291+46299                         1209.0000      903.2207 29707635   25.29%
Found incumbent of value 1209.000000 after 2255.09 sec. (609038.14 ticks)
* 65300+46306                         1208.0000      903.2207 29711669   25.23%
Found incumbent of value 1208.000000 after 2255.09 sec. (609010.30 ticks)
  65345 43184      927.1673   673     1208.0000      903.2207 29802165   25.23%
  65434 43273      939.6688   622     1208.0000      903.2207 29926948   25.23%
  65589 43428     1034.5000   359     1208.0000      903.2207 30104034   25.23%
  65984 43823     1084.9917   493     1208.0000      903.2207 30355864   25.23%
  66429 44228     1156.4000   358     1208.0000      903.2207 30520696   25.23%
Elapsed time = 2390.41 sec. (635153.30 ticks, tree = 4747.03 MB, solutions = 20)
Nodefile size = 4721.97 MB (3927.96 MB after compression)
  66736 44507     1064.5072   609     1208.0000      903.2207 30670253   25.23%
  66922 44667     1044.2500   593     1208.0000      903.2207 30754677   25.23%
  67150 44875     1030.0093   625     1208.0000      903.2207 30872891   25.23%
  70232 47640      932.9775   661     1208.0000      905.4855 32038686   25.04%
                                                      Cuts: 5                  
  70392 47796      975.7500   613     1208.0000      905.4855 32156308   25.04%
  70573 47958     1048.1786   489     1208.0000      905.4855 32246490   25.04%
  70989 48353     1076.5125   372     1208.0000      905.4855 32414584   25.04%
  71391 48721     1143.4118   418     1208.0000      905.4855 32530139   25.04%
  72058 49313     1072.0727   594     1208.0000      905.4855 32778948   25.04%
  72415 49623      949.1111   594     1208.0000      905.4855 32945845   25.04%
Elapsed time = 2581.74 sec. (677961.30 ticks, tree = 5451.29 MB, solutions = 69)
Nodefile size = 5304.04 MB (4431.47 MB after compression)
  72607 49797      981.9000   489     1208.0000      905.4855 33047158   25.04%
  72986 50135      984.5500   537     1208.0000      905.4855 33253513   25.04%
  76270 53054      972.0100   682     1208.0000      907.7594 34505695   24.85%
                                                     Cuts: 10                  
  76430 53214     1004.0762   457     1208.0000      907.7594 34641379   24.85%
  76519 53300     1096.5000   451     1208.0000      907.7594 34706731   24.85%
  76679 53458     1141.1667   348     1208.0000      907.7594 34810563   24.85%
  77051 53805     1076.9951   596     1208.0000      907.7594 34937953   24.85%
  77281 53994     1097.9079   523     1208.0000      907.7594 35020902   24.85%
  77639 54322     1005.9060   671     1208.0000      907.7594 35210146   24.85%
  77863 54532     1041.8750   485     1208.0000      907.7594 35302769   24.85%
Elapsed time = 2778.24 sec. (721408.63 ticks, tree = 6340.38 MB, solutions = 69)
Nodefile size = 6194.06 MB (5200.61 MB after compression)
  78920 55465     1130.5833   324     1208.0000      907.7594 35765952   24.85%
  81511 57759     1084.5000   458     1208.0000      907.7594 36856287   24.85%
  81584 57823      972.0000   583     1208.0000      909.5727 36916443   24.70%
                                                  Impl Bds: 3                  
  81785 58020      978.5000   573     1208.0000      909.5727 37080096   24.70%
  82005 58232     1082.9370   517     1208.0000      909.5727 37184332   24.70%
  82379 58573      950.3875   517     1208.0000      909.5727 37328511   24.70%
  82636 58800      970.0694   557     1208.0000      909.5727 37408817   24.70%
  82732 58886     1017.7344   608     1208.0000      909.5727 37447900   24.70%
  83372 59472     1168.8778   284     1208.0000      909.5727 37723666   24.70%
  83788 59833     1011.1667   403     1208.0000      909.5727 37908923   24.70%
Elapsed time = 2939.57 sec. (763280.59 ticks, tree = 7129.86 MB, solutions = 69)
Nodefile size = 6978.52 MB (5879.78 MB after compression)
  85087 60984     1017.0000   482     1208.0000      909.5727 38529906   24.70%
  87097 62764      967.1250   584     1208.0000      912.0534 39345971   24.50%
                                                      Cuts: 3                  
  87221 62883     1025.4375   571     1208.0000      912.0534 39438373   24.50%
  87381 63034     1077.7000   512     1208.0000      912.0534 39533502   24.50%
  87573 63216     1104.7778   448     1208.0000      912.0534 39628022   24.50%
  88277 63852     1171.8056   336     1208.0000      912.0534 39906000   24.50%
  88661 64178      955.2821   532     1208.0000      912.0534 40061762   24.50%
  88797 64286      965.2639   556     1208.0000      912.0534 40143021   24.50%
* 88848 64326      integral     0     1192.0000      912.0534 40169215   23.49%
Found incumbent of value 1192.000000 after 3122.19 sec. (797084.95 ticks)
  89085 64544     1105.8333   338     1192.0000      912.0534 40312180   23.49%
Elapsed time = 3122.94 sec. (800983.56 ticks, tree = 7894.74 MB, solutions = 69)
Nodefile size = 7747.93 MB (6541.31 MB after compression)
  89405 64853      938.2523   684     1192.0000      912.0534 40453015   23.49%
  92690 64320     1062.4167   319     1192.0000      913.5091 41773032   23.36%
                                                  Impl Bds: 1                  
  92746 64376     1024.4762   612     1192.0000      913.5091 41933144   23.36%
  92810 64437     1038.7778   641     1192.0000      913.5091 42104042   23.36%
  92906 64527     1066.8333   578     1192.0000      913.5091 42302530   23.36%
  93134 64745     1087.7302   589     1192.0000      913.5091 42541807   23.36%
  93551 65119     1103.1667   452     1192.0000      913.5091 42854359   23.36%
  93735 65271      993.3750   599     1192.0000      913.5091 43053885   23.36%
  93973 65481     1039.0417   588     1192.0000      913.5091 43344954   23.36%
  95206 66545      984.3750   460     1192.0000      914.5938 44145300   23.27%
                                                  ZeroHalf: 1                  
Elapsed time = 3386.43 sec. (854069.29 ticks, tree = 8380.32 MB, solutions = 70)
Nodefile size = 8236.82 MB (6967.44 MB after compression)
  95418 66750      979.5794   550     1192.0000      914.5938 44338676   23.27%
  95578 66896     1012.4231   560     1192.0000      914.5938 44434661   23.27%
  95802 67102     1055.7500   541     1192.0000      914.5938 44542590   23.27%
  96122 67386     1109.6000   430     1192.0000      914.5938 44689902   23.27%
  96343 67573     1088.2895   469     1192.0000      914.5938 44794186   23.27%
  96535 67739     1156.1736   437     1192.0000      914.5938 44898017   23.27%
  96759 67947     1161.1806   561     1192.0000      914.5938 45012980   23.27%
  97047 68193      940.5278   539     1192.0000      914.5938 45120915   23.27%
 100527 71251      986.3667   600     1192.0000      915.9714 46604187   23.16%
                                                     Cuts: 12                  
 100672 71393     1051.1667   392     1192.0000      915.9714 46730951   23.16%
Elapsed time = 3593.20 sec. (897019.23 ticks, tree = 9198.26 MB, solutions = 70)
Nodefile size = 9053.37 MB (7671.12 MB after compression)
*100715+71432                         1183.0000      915.9714 46763903   22.57%
Found incumbent of value 1183.000000 after 3598.66 sec. (894137.83 ticks)
 100862 71579     1088.2333   547     1183.0000      915.9714 46849382   22.57%
 101278 71957     1177.6481   534     1183.0000      915.9714 47021423   22.57%
 101644 72273      963.6667   540     1183.0000      915.9714 47171538   22.57%
 101772 72385     1011.0474   629     1183.0000      915.9714 47238574   22.57%
 102097 72690     1091.8723   613     1183.0000      915.9714 47382798   22.57%
 102481 73039      941.5179   698     1183.0000      915.9714 47531427   22.57%
 102833 73347     1018.0000   521     1183.0000      915.9714 47691771   22.57%
 102993 73494     1130.6095   633     1183.0000      915.9714 47790615   22.57%
 106594 74107      961.5945   546     1183.0000      917.1410 49268179   22.47%
                                                      Cuts: 7                  
 106704 74210      991.1909   682     1183.0000      917.1410 49363540   22.47%
Elapsed time = 3797.08 sec. (940557.35 ticks, tree = 9755.38 MB, solutions = 70)
Nodefile size = 9608.96 MB (8154.95 MB after compression)
 106800 74303     1033.5819   571     1183.0000      917.1410 49425111   22.47%
 107120 74605     1133.0699   581     1183.0000      917.1410 49569570   22.47%
 107841 75214     1118.8333   427     1183.0000      917.1410 49884041   22.47%
 108257 75592      957.8214   540     1183.0000      917.1410 50079781   22.47%
 108545 75845     1068.8333   563     1183.0000      917.1410 50211488   22.47%
 108929 76170      943.4912   644     1183.0000      917.1410 50410556   22.47%
 109275 76478     1049.5500   512     1183.0000      917.1410 50605693   22.47%
 110274 77372      935.0417   612     1183.0000      917.1410 50984426   22.47%
 112445 79283     1101.3333   301     1183.0000      918.7298 51896039   22.34%
                                                  Impl Bds: 1                  
 112578 79415      975.5000   582     1183.0000      918.7298 52005223   22.34%
Elapsed time = 3985.72 sec. (982715.75 ticks, tree = 10663.23 MB, solutions = 71)
Nodefile size = 10517.45 MB (8936.17 MB after compression)
 112738 79569      990.8137   566     1183.0000      918.7298 52102321   22.34%
 112930 79741     1016.5545   594     1183.0000      918.7298 52195247   22.34%
 113090 79887     1023.9074   549     1183.0000      918.7298 52289176   22.34%
 113840 80567     1158.8333   307     1183.0000      918.7298 52561250   22.34%
 114256 80917      984.8333   398     1183.0000      918.7298 52747024   22.34%
 114398 81053      984.7500   495     1183.0000      918.7298 52805502   22.34%
 114622 81245     1027.8125   437     1183.0000      918.7298 52902257   22.34%
 114942 81508     1099.4000   586     1183.0000      918.7298 53064411   22.34%
 118328 84480     1003.2500   599     1183.0000      919.7903 54524598   22.25%
                                                  Impl Bds: 1                  
 118372 84519      959.9286   629     1183.0000      919.7903 54650218   22.25%
Elapsed time = 4170.73 sec. (1024842.54 ticks, tree = 11574.10 MB, solutions = 71)
Nodefile size = 11429.13 MB (9722.54 MB after compression)
 118532 84661     1025.0000   592     1183.0000      919.7903 54810441   22.25%
 118797 84907     1125.0897   466     1183.0000      919.7903 55000939   22.25%
 119036 85128     1082.7179   430     1183.0000      919.7903 55115603   22.25%
 119366 85408     1141.8000   386     1183.0000      919.7903 55280632   22.25%
 119686 85688      988.2500   411     1183.0000      919.7903 55423854   22.25%
 120084 86042      988.5000   459     1183.0000      919.7903 55582199   22.25%
 120276 86217     1089.4709   478     1183.0000      919.7903 55663251   22.25%
 120980 86824     1026.7167   577     1183.0000      919.7903 55973641   22.25%
*121216 87035      integral     0     1182.0000      919.7903 56089605   22.18%
Found incumbent of value 1182.000000 after 4332.78 sec. (1058528.93 ticks)
 123418 88679      940.1765   613     1182.0000      921.1144 57096539   22.07%
                                                  Impl Bds: 2                  
Elapsed time = 4365.30 sec. (1064105.86 ticks, tree = 12313.73 MB, solutions = 71)
Nodefile size = 12167.57 MB (10352.36 MB after compression)
 123484 88744     1015.4975   630     1182.0000      921.1144 57171951   22.07%
 123642 88893     1008.7140   614     1182.0000      921.1144 57383329   22.07%
 123706 88957      983.8148   588     1182.0000      921.1144 57473332   22.07%
 123907 89142     1100.2304   576     1182.0000      921.1144 57673159   22.07%
 123972 89199     1096.4592   579     1182.0000      921.1144 57738530   22.07%
 124131 89345     1137.5000   579     1182.0000      921.1144 57911367   22.07%
 124227 89434     1145.6042   590     1182.0000      921.1144 57998685   22.07%
 126745 91639      958.0695   668     1182.0000      921.5667 59574878   22.03%
                                                  Impl Bds: 4                  
 126861 91753      958.0270   669     1182.0000      921.5667 59685514   22.03%
 127110 91993     1037.3333   455     1182.0000      921.5667 59858302   22.03%
Elapsed time = 4590.85 sec. (1114520.06 ticks, tree = 12334.45 MB, solutions = 72)
Nodefile size = 12186.81 MB (10364.58 MB after compression)
 127302 92175     1152.7083   566     1182.0000      921.5667 59925505   22.03%
 127910 92700      955.8667   642     1182.0000      921.5667 60196344   22.03%
 128006 92787      982.1667   586     1182.0000      921.5667 60240006   22.03%
 128230 92989     1034.4500   592     1182.0000      921.5667 60350027   22.03%
*128413+93148                         1149.0000      921.5667 60436329   19.79%
Found incumbent of value 1149.000000 after 4687.03 sec. (1108721.63 ticks)
 128550 93269     1130.3176   489     1149.0000      921.5667 60497689   19.79%
 128774 93478      979.3980   572     1149.0000      921.5667 60574138   19.79%
 133027 82946      967.4883   609     1149.0000      923.1688 62296772   19.65%
                                                      Cuts: 7                  
 133158 83066     1015.5952   632     1149.0000      923.1688 62405920   19.65%
 133318 83203     1081.2778   575     1149.0000      923.1688 62499373   19.65%
 133734 83571      973.6944   529     1149.0000      923.1688 62722692   19.65%
Elapsed time = 4833.31 sec. (1162171.16 ticks, tree = 11117.21 MB, solutions = 72)
Nodefile size = 10966.62 MB (9324.04 MB after compression)
 133927 83745     1070.8773   644     1149.0000      923.1688 62814897   19.65%
 134087 83872     1086.3571   603     1149.0000      923.1688 62883602   19.65%
 134343 84110     1127.1250   542     1149.0000      923.1688 63002693   19.65%
 135239 84843      933.8600   667     1149.0000      923.1688 63492433   19.65%
 135399 84977      962.1611   576     1149.0000      923.1688 63582259   19.65%
 138176 87328     1121.9000   452     1149.0000      923.1688 64975800   19.65%
 138264 87405      933.9722   547     1149.0000      924.3333 65042960   19.55%
                                                  Impl Bds: 3                  
 138527 87644     1005.2407   671     1149.0000      924.3333 65221285   19.55%
 139061 88100     1085.3516   619     1149.0000      924.3333 65479721   19.55%
 139130 88159      950.8382   669     1149.0000      924.3333 65514234   19.55%
Elapsed time = 5044.20 sec. (1209854.55 ticks, tree = 11900.78 MB, solutions = 74)
Nodefile size = 11749.40 MB (9989.44 MB after compression)
 139418 88383      975.4920   635     1149.0000      924.3333 65651179   19.55%
 139523 88482     1040.1034   571     1149.0000      924.3333 65707957   19.55%
 139907 88803      951.0096   482     1149.0000      924.3333 65931630   19.55%
 140105 88966      950.3081   546     1149.0000      924.3333 66044089   19.55%
 140291 89129     1055.0909   449     1149.0000      924.3333 66165808   19.55%
 143386 91779      996.4777   625     1149.0000      925.4000 67676510   19.46%
                                                      Cuts: 9                  
 143546 91926     1049.5405   599     1149.0000      925.4000 67813441   19.46%
 143803 92153     1047.1944   625     1149.0000      925.4000 67998048   19.46%
 143991 92314     1020.7518   653     1149.0000      925.4000 68130425   19.46%
 144151 92448     1039.9833   641     1149.0000      925.4000 68232054   19.46%
Elapsed time = 5245.78 sec. (1253970.57 ticks, tree = 12682.80 MB, solutions = 74)
Nodefile size = 12532.92 MB (10656.35 MB after compression)
 144347 92632      967.4921   546     1149.0000      925.4000 68349700   19.46%
 144507 92752     1018.1136   518     1149.0000      925.4000 68437183   19.46%
 144763 92963     1068.0952   377     1149.0000      925.4000 68598654   19.46%
 145293 93429     1064.6327   608     1149.0000      925.4000 68849287   19.46%
 145501 93593      997.7500   460     1149.0000      925.4000 68973034   19.46%
 147579 95390      954.7500   639     1149.0000      925.4000 69916118   19.46%
 148747 96370      987.5500   623     1149.0000      926.5802 70459518   19.36%
                                                      Cuts: 4                  
 148901 96517     1036.6250   613     1149.0000      926.5802 70584896   19.36%
 149029 96631     1089.5625   622     1149.0000      926.5802 70663651   19.36%
 149381 96929     1086.0164   569     1149.0000      926.5802 70835656   19.36%
Elapsed time = 5424.28 sec. (1294780.92 ticks, tree = 13497.46 MB, solutions = 74)
Nodefile size = 13345.01 MB (11347.84 MB after compression)
 149546 97051     1018.0417   637     1149.0000      926.5802 70944994   19.36%
 149770 97246     1064.6905   523     1149.0000      926.5802 71077635   19.36%
 150346 97733      974.2927   561     1149.0000      926.5802 71349244   19.36%
 150442 97814     1003.9158   605     1149.0000      926.5802 71392464   19.36%
 150826 98138     1115.4167   495     1149.0000      926.5802 71628532   19.36%
 151370 98609     1066.2778   497     1149.0000      926.5802 71924902   19.36%
*152662+99691                         1146.0000      926.5802 72595792   19.15%
Found incumbent of value 1146.000000 after 5542.10 sec. (1307941.55 ticks)
 153902 99101     1106.8873   384     1146.0000      927.5973 73086184   19.06%
 154059 99254     1000.8181   641     1146.0000      927.5973 73211705   19.06%
 154342 99500      991.5833   554     1146.0000      927.5973 73346673   19.06%
 154804 99872      968.5000   464     1146.0000      927.5973 73577941   19.06%
Elapsed time = 5647.48 sec. (1337706.61 ticks, tree = 14041.36 MB, solutions = 74)
Nodefile size = 13887.74 MB (11806.69 MB after compression)
 154982 100029      972.6837   633     1146.0000      927.5973 73702844   19.06%
 155110 100132     1045.1037   652     1146.0000      927.5973 73778623   19.06%
 155334 100340     1078.7000   576     1146.0000      927.5973 73894501   19.06%
 155526 100498     1131.5000   476     1146.0000      927.5973 73992697   19.06%
 156002 100893     1074.8333   560     1146.0000      927.5973 74224874   19.06%
 156226 101078     1130.6518   485     1146.0000      927.5973 74333162   19.06%
 158287 102831      964.8400   587     1146.0000      927.5973 75357386   19.06%
 159344 103692      992.0754   665     1146.0000      928.7778 75888457   18.95%
 159408 103752      995.2381   378     1146.0000      928.7778 76084177   18.95%
 159500 103839     1079.7547   606     1146.0000      928.7778 76224909   18.95%
Elapsed time = 5837.75 sec. (1381910.11 ticks, tree = 14855.27 MB, solutions = 75)
Nodefile size = 14706.98 MB (12498.83 MB after compression)
 159632 103961     1040.1296   476     1146.0000      928.7778 76367340   18.95%
 159728 104046     1069.0909   564     1146.0000      928.7778 76475404   18.95%
 159962 104227     1032.8125   634     1146.0000      928.7778 76707702   18.95%
 160314 104532     1096.4028   563     1146.0000      928.7778 76968599   18.95%
 160474 104661     1114.3674   468     1146.0000      928.7778 77123787   18.95%
 161002 105121      988.8125   565     1146.0000      928.7778 77500986   18.95%
 162391 106250     1061.5000   374     1146.0000      929.7017 78512094   18.87%
 162487 106346     1077.2500   538     1146.0000      929.7017 78622013   18.87%
 162669 106522     1017.1078   563     1146.0000      929.7017 78758592   18.87%
 162988 106783     1087.2644   531     1146.0000      929.7017 78894854   18.87%
Elapsed time = 6018.06 sec. (1426812.70 ticks, tree = 14968.11 MB, solutions = 75)
Nodefile size = 14813.63 MB (12584.17 MB after compression)
 163145 106921     1113.7778   607     1146.0000      929.7017 78969370   18.87%
 163369 107103     1001.0000   356     1146.0000      929.7017 79052219   18.87%
 164271 107846     1118.7917   385     1146.0000      929.7017 79445056   18.87%
 164623 108144     1036.8889   327     1146.0000      929.7017 79598334   18.87%
 164955 108421     1004.2500   476     1146.0000      929.7017 79772547   18.87%
 165265 108675     1116.2857   513     1146.0000      929.7017 79954978   18.87%
 165489 108854      959.5917   580     1146.0000      929.7017 80093843   18.87%
 167766 110739     1071.8740   483     1146.0000      930.5467 81288930   18.80%
                                                  Impl Bds: 1                  
 167908 110876     1048.5000   603     1146.0000      930.5467 81429863   18.80%
 168068 111017     1081.1667   468     1146.0000      930.5467 81529977   18.80%
Elapsed time = 6218.60 sec. (1467563.36 ticks, tree = 15764.48 MB, solutions = 75)
Nodefile size = 15613.54 MB (13255.34 MB after compression)
 168431 111328     1062.5833   493     1146.0000      930.5467 81707522   18.80%
 168684 111549     1120.9722   604     1146.0000      930.5467 81792099   18.80%
 169103 111905      972.9402   559     1146.0000      930.5467 81995263   18.80%
 169423 112185     1023.3080   579     1146.0000      930.5467 82177161   18.80%
 169548 112292      992.5556   608     1146.0000      930.5467 82229906   18.80%
 169740 112453     1047.2667   565     1146.0000      930.5467 82322749   18.80%
 169900 112580     1072.3333   393     1146.0000      930.5467 82407178   18.80%
 170292 112924     1084.5887   634     1146.0000      930.5467 82631805   18.80%
 173166 115344     1015.8333   578     1146.0000      931.4928 84183755   18.72%
                                                     Cuts: 13                  
 173307 115473     1058.8200   658     1146.0000      931.4928 84342248   18.72%
Elapsed time = 6436.69 sec. (1512286.45 ticks, tree = 16590.85 MB, solutions = 75)
Nodefile size = 16438.58 MB (13953.98 MB after compression)
 173531 115668     1077.9706   640     1146.0000      931.4928 84490856   18.72%
 173851 115934      980.1000   566     1146.0000      931.4928 84641734   18.72%
 174011 116064     1042.1375   637     1146.0000      931.4928 84717843   18.72%
 174267 116282     1106.9773   656     1146.0000      931.4928 84849797   18.72%
 174587 116560      996.9167   602     1146.0000      931.4928 84993934   18.72%
 174811 116762     1070.3889   669     1146.0000      931.4928 85099596   18.72%
 175035 116953     1143.9722   630     1146.0000      931.4928 85220607   18.72%
 176027 117782      955.3674   460     1146.0000      931.4928 85657012   18.72%
 176432 118123     1073.6852   625     1146.0000      931.4928 85848073   18.72%
 178603 119943      974.2553   571     1146.0000      932.3333 86980349   18.64%
                                                      Cuts: 8                  
Elapsed time = 6617.03 sec. (1555167.72 ticks, tree = 17402.06 MB, solutions = 75)
Nodefile size = 17248.98 MB (14640.29 MB after compression)
 178836 120159     1061.1795   630     1146.0000      932.3333 87147941   18.64%
 179046 120332     1042.0667   307     1146.0000      932.3333 87297549   18.64%
 179281 120542     1070.0000   318     1146.0000      932.3333 87433815   18.64%
 179473 120697     1095.3333   280     1146.0000      932.3333 87530032   18.64%
 179700 120898     1007.4442   663     1146.0000      932.3333 87644869   18.64%
 180020 121158     1013.3333   288     1146.0000      932.3333 87824528   18.64%
 180657 121715     1054.4196   603     1146.0000      932.3333 88152542   18.64%
 181105 122081      999.2667   610     1146.0000      932.3333 88376461   18.64%
 181748 122634     1040.5000   481     1146.0000      932.3333 88711116   18.64%
 182808 123519      976.7083   533     1146.0000      932.3333 89320266   18.64%
Elapsed time = 6807.51 sec. (1596585.85 ticks, tree = 17438.46 MB, solutions = 75)
Nodefile size = 17248.98 MB (14640.29 MB after compression)
*183795 124326      integral     0     1144.0000      932.3333 89765077   18.50%
Found incumbent of value 1144.000000 after 6807.51 sec. (1596585.85 ticks)
 183949 123374      953.9102   613     1144.0000      933.1757 89862528   18.43%
                                                  Impl Bds: 1                  
 184071 123482     1052.9677   646     1144.0000      933.1757 89974598   18.43%
 184237 123637     1072.2500   553     1144.0000      933.1757 90083649   18.43%
 184372 123756      966.3488   619     1144.0000      933.1757 90144500   18.43%
 184564 123911     1000.0357   485     1144.0000      933.1757 90238966   18.43%
 185056 124329     1077.0234   650     1144.0000      933.1757 90545174   18.43%
 185312 124561     1135.3333   466     1144.0000      933.1757 90672371   18.43%
 186080 125211     1087.7619   339     1144.0000      933.1757 91022752   18.43%
 186272 125357      983.2833   591     1144.0000      933.1757 91142423   18.43%
Elapsed time = 6996.27 sec. (1634562.85 ticks, tree = 18065.34 MB, solutions = 75)
Nodefile size = 17900.71 MB (15198.70 MB after compression)
 186560 125602     1075.9722   521     1144.0000      933.1757 91312243   18.43%
 189207 127833      964.9594   712     1144.0000      933.1757 92604602   18.43%
 189348 127954      983.3235   623     1144.0000      933.9583 92720309   18.36%
                                                  Impl Bds: 2                  
 189496 128077     1085.0729   562     1144.0000      933.9583 92829600   18.36%
 189726 128284     1090.3333   495     1144.0000      933.9583 92972735   18.36%
 190136 128635     1077.1333   257     1144.0000      933.9583 93192413   18.36%
 190508 128949      988.2500   446     1144.0000      933.9583 93385265   18.36%
 190700 129118     1042.2750   461     1144.0000      933.9583 93489089   18.36%
 191165 129521     1099.5839   430     1144.0000      933.9583 93695422   18.36%
 191741 129988      994.6472   479     1144.0000      933.9583 93962287   18.36%
Elapsed time = 7193.80 sec. (1677339.39 ticks, tree = 18883.99 MB, solutions = 76)
Nodefile size = 18719.74 MB (15896.76 MB after compression)
 192315 130466     1067.8750   465     1144.0000      933.9583 94282593   18.36%
 192795 130883     1125.4872   341     1144.0000      933.9583 94505049   18.36%
 193869 131778     1032.3333   534     1144.0000      933.9583 95032456   18.36%
 195136 132835      981.0938   545     1144.0000      934.8333 95674427   18.28%
                                                      Cuts: 4                  
 195229 132918     1047.0000   303     1144.0000      934.8333 95782830   18.28%
 195275 132958     1054.8261   623     1144.0000      934.8333 95828821   18.28%
 195339 133012     1103.1000   511     1144.0000      934.8333 95910844   18.28%
 195435 133094        cutoff           1144.0000      934.8333 96002835   18.28%
 195656 133285      973.2500   555     1144.0000      934.8333 96262426   18.28%
 195784 133398      985.5439   614     1144.0000      934.8333 96358153   18.28%
Elapsed time = 7405.58 sec. (1725232.53 ticks, tree = 19757.74 MB, solutions = 76)
Nodefile size = 19604.22 MB (16645.43 MB after compression)
 195912 133507     1027.6667   450     1144.0000      934.8333 96462479   18.28%
 196008 133592     1085.3333   459     1144.0000      934.8333 96538209   18.28%
 198181 135393     1063.1730   572     1144.0000      935.2500 98258768   18.25%
                                                  Impl Bds: 2                  
 198274 135476     1018.4826   603     1144.0000      935.2500 98384853   18.25%
 198466 135635     1063.9667   556     1144.0000      935.2500 98557417   18.25%
 198658 135794      960.1627   649     1144.0000      935.2500 98714311   18.25%
 198914 136011     1050.7500   343     1144.0000      935.2500 98875745   18.25%
 199133 136201     1037.4167   587     1144.0000      935.2500 99005655   18.25%
 199293 136330     1134.0833   561     1144.0000      935.2500 99082199   18.25%
 199709 136692     1051.2598   386     1144.0000      935.2500 99300387   18.25%
Elapsed time = 7586.09 sec. (1768420.36 ticks, tree = 19772.55 MB, solutions = 76)
Nodefile size = 19610.42 MB (16649.03 MB after compression)
 200176 137065     1076.3750   551     1144.0000      935.2500 99559656   18.25%
 200464 137315     1129.9248   522     1144.0000      935.2500 99724935   18.25%
 201064 137821     1028.6389   593     1144.0000      935.2500 1.00e+08   18.25%
 203590 139946      962.8571   610     1144.0000      936.1022 1.01e+08   18.17%
                                                      Cuts: 2                  
 203724 140068     1054.8542   634     1144.0000      936.1022 1.01e+08   18.17%
 203827 140163      979.5000   646     1144.0000      936.1022 1.01e+08   18.17%
 204083 140377     1087.5357   572     1144.0000      936.1022 1.02e+08   18.17%
 204401 140632      995.3621   625     1144.0000      936.1022 1.02e+08   18.17%
 204563 140781      999.8571   628     1144.0000      936.1022 1.02e+08   18.17%
 204819 140993     1054.1867   471     1144.0000      936.1022 1.02e+08   18.17%
Elapsed time = 7803.81 sec. (1813012.11 ticks, tree = 20524.33 MB, solutions = 76)
Nodefile size = 20364.85 MB (17278.34 MB after compression)
 205427 141511      950.5375   657     1144.0000      936.1022 1.02e+08   18.17%
 205587 141643     1050.2656   672     1144.0000      936.1022 1.03e+08   18.17%
 205971 141969      971.4189   589     1144.0000      936.1022 1.03e+08   18.17%
 209056 144551     1024.6538   632     1144.0000      936.8000 1.04e+08   18.11%
                                                  Impl Bds: 2                  
 209190 144677      989.3958   620     1144.0000      936.8000 1.04e+08   18.11%
 209477 144924      975.8082   600     1144.0000      936.8000 1.04e+08   18.11%
 209637 145052     1027.8122   585     1144.0000      936.8000 1.05e+08   18.11%
 209893 145264     1067.7990   451     1144.0000      936.8000 1.05e+08   18.11%
 209982 145344     1014.0184   697     1144.0000      936.8000 1.05e+08   18.11%
 210238 145564     1026.5000   488     1144.0000      936.8000 1.05e+08   18.11%
Elapsed time = 8035.44 sec. (1859828.96 ticks, tree = 21355.27 MB, solutions = 76)
Nodefile size = 21195.16 MB (17989.24 MB after compression)
 210494 145764     1039.0712   689     1144.0000      936.8000 1.05e+08   18.11%
 211646 146727     1092.5776   280     1144.0000      936.8000 1.06e+08   18.11%
 211886 146923      988.0943   680     1144.0000      936.8000 1.06e+08   18.11%
 212238 147195     1098.6883   623     1144.0000      936.8000 1.06e+08   18.11%
 212819 147719      970.2273   693     1144.0000      936.8000 1.06e+08   18.11%
 215055 149578      976.0981   647     1144.0000      937.4296 1.07e+08   18.06%
                                                      Cuts: 4                  
 215183 149681     1004.0833   552     1144.0000      937.4296 1.07e+08   18.06%
 215535 150000     1092.1455   501     1144.0000      937.4296 1.08e+08   18.06%
 215887 150285      961.3243   629     1144.0000      937.4296 1.08e+08   18.06%
 215983 150370      999.7778   653     1144.0000      937.4296 1.08e+08   18.06%
Elapsed time = 8214.49 sec. (1903083.62 ticks, tree = 22243.38 MB, solutions = 76)
Nodefile size = 22085.62 MB (18746.52 MB after compression)
 216303 150643     1050.9821   460     1144.0000      937.4296 1.08e+08   18.06%
 216718 150995     1105.0059   564     1144.0000      937.4296 1.08e+08   18.06%
 217102 151310      995.5833   373     1144.0000      937.4296 1.08e+08   18.06%
 217742 151852     1051.5833   326     1144.0000      937.4296 1.09e+08   18.06%
 218085 152150     1081.4000   614     1144.0000      937.4296 1.09e+08   18.06%
 220371 154028      957.1739   598     1144.0000      937.4296 1.10e+08   18.06%
 220929 154480      984.3167   488     1144.0000      938.1667 1.10e+08   17.99%
                                                  Impl Bds: 3                  
 221107 154639     1064.2500   503     1144.0000      938.1667 1.10e+08   17.99%
 221246 154763     1058.9053   566     1144.0000      938.1667 1.10e+08   17.99%
 221630 155077     1102.0041   596     1144.0000      938.1667 1.11e+08   17.99%
Elapsed time = 8412.46 sec. (1944833.48 ticks, tree = 23137.43 MB, solutions = 76)
Nodefile size = 22980.79 MB (19505.59 MB after compression)
 221885 155294     1131.6551   489     1144.0000      938.1667 1.11e+08   17.99%
 222045 155427      947.0047   490     1144.0000      938.1667 1.11e+08   17.99%
 222365 155691      980.4688   463     1144.0000      938.1667 1.11e+08   17.99%
 222982 156213      992.3580   649     1144.0000      938.1667 1.11e+08   17.99%
 223174 156384     1032.1111   572     1144.0000      938.1667 1.11e+08   17.99%
 223366 156546        cutoff           1144.0000      938.1667 1.12e+08   17.99%
 224720 157686      974.4167   643     1144.0000      938.1667 1.12e+08   17.99%
 227099 159685     1004.6253   635     1144.0000      938.9138 1.13e+08   17.93%
 227245 159816     1026.0000   417     1144.0000      938.9138 1.13e+08   17.93%
 227391 159948     1054.8337   645     1144.0000      938.9138 1.13e+08   17.93%
Elapsed time = 8633.28 sec. (1987075.04 ticks, tree = 24066.82 MB, solutions = 76)
Nodefile size = 23910.22 MB (20298.05 MB after compression)
 227615 160145     1032.8889   568     1144.0000      938.9138 1.14e+08   17.93%
 227839 160323     1063.8333   552     1144.0000      938.9138 1.14e+08   17.93%
 228205 160623     1111.7083   588     1144.0000      938.9138 1.14e+08   17.93%
 228566 160904     1092.0488   591     1144.0000      938.9138 1.14e+08   17.93%
 228886 161158      944.2404   660     1144.0000      938.9138 1.14e+08   17.93%
 229206 161443     1107.2667   557     1144.0000      938.9138 1.14e+08   17.93%
 230038 162124     1093.3025   449     1144.0000      938.9138 1.15e+08   17.93%
 230592 162597     1134.1750   632     1144.0000      938.9138 1.15e+08   17.93%
 232791 164423      979.2500   374     1144.0000      939.5000 1.16e+08   17.88%
 232951 164564     1051.3333   291     1144.0000      939.5000 1.16e+08   17.88%
Elapsed time = 8821.57 sec. (2030351.21 ticks, tree = 24934.12 MB, solutions = 76)
Nodefile size = 24778.66 MB (21040.89 MB after compression)
 233196 164778     1036.6276   622     1144.0000      939.5000 1.16e+08   17.88%
 233350 164903     1027.2899   586     1144.0000      939.5000 1.17e+08   17.88%
 233597 165115     1041.9500   547     1144.0000      939.5000 1.17e+08   17.88%
 233821 165303     1117.0000   571     1144.0000      939.5000 1.17e+08   17.88%
 234269 165673     1120.7738   468     1144.0000      939.5000 1.17e+08   17.88%
 234557 165919      996.3333   536     1144.0000      939.5000 1.17e+08   17.88%
 234941 166231     1086.9762   491     1144.0000      939.5000 1.17e+08   17.88%
 235229 166465     1036.5625   576     1144.0000      939.5000 1.18e+08   17.88%
 235677 166842      961.9654   629     1144.0000      939.5000 1.18e+08   17.88%
 238296 168996      988.7888   599     1144.0000      940.1691 1.19e+08   17.82%
Elapsed time = 9022.99 sec. (2073593.92 ticks, tree = 25753.68 MB, solutions = 76)
Nodefile size = 25597.75 MB (21746.54 MB after compression)
 238424 169115      992.9286   574     1144.0000      940.1691 1.19e+08   17.82%
 238515 169200     1080.5000   467     1144.0000      940.1691 1.19e+08   17.82%
 238675 169357     1129.6667   266     1144.0000      940.1691 1.19e+08   17.82%
 239091 169681      991.7371   554     1144.0000      940.1691 1.20e+08   17.82%
 239315 169878     1035.4896   530     1144.0000      940.1691 1.20e+08   17.82%
 240307 170722     1006.1450   607     1144.0000      940.1691 1.20e+08   17.82%
 240463 170854     1006.1833   628     1144.0000      940.1691 1.20e+08   17.82%
 240559 170936     1093.2000   620     1144.0000      940.1691 1.20e+08   17.82%
 240815 171150      984.0000   433     1144.0000      940.1691 1.20e+08   17.82%
 241199 171465     1081.2286   561     1144.0000      940.1691 1.21e+08   17.82%
Elapsed time = 9207.59 sec. (2117570.76 ticks, tree = 25765.20 MB, solutions = 76)
Nodefile size = 25597.75 MB (21746.54 MB after compression)
 244192 173954      993.1667   487     1144.0000      940.7500 1.22e+08   17.77%
 244414 174157     1125.5772   531     1144.0000      940.7500 1.22e+08   17.77%
 244574 174307      965.0689   590     1144.0000      940.7500 1.22e+08   17.77%
 244862 174544     1022.3000   376     1144.0000      940.7500 1.23e+08   17.77%
 245367 174942      984.8101   555     1144.0000      940.7500 1.23e+08   17.77%
 245830 175311      974.2997   626     1144.0000      940.7500 1.23e+08   17.77%
 245990 175437     1022.7692   503     1144.0000      940.7500 1.23e+08   17.77%
 246342 175726     1088.6333   405     1144.0000      940.7500 1.23e+08   17.77%
 246731 176059     1022.6814   495     1144.0000      940.7500 1.24e+08   17.77%
 247197 176439     1054.2549   379     1144.0000      940.7500 1.24e+08   17.77%
Elapsed time = 9433.63 sec. (2161004.71 ticks, tree = 26667.65 MB, solutions = 76)
Nodefile size = 26497.58 MB (22514.83 MB after compression)
 247867 177013      991.2960   636     1144.0000      940.7500 1.24e+08   17.77%
 250026 178793     1018.3333   373     1144.0000      941.3833 1.25e+08   17.71%
 250135 178898     1003.4417   646     1144.0000      941.3833 1.25e+08   17.71%
 250231 178984     1024.9017   623     1144.0000      941.3833 1.25e+08   17.71%
 250327 179072     1056.4297   667     1144.0000      941.3833 1.25e+08   17.71%
 250519 179225     1098.0000   537     1144.0000      941.3833 1.26e+08   17.71%
 250718 179395     1061.4583   431     1144.0000      941.3833 1.26e+08   17.71%
 250782 179445     1078.8679   532     1144.0000      941.3833 1.26e+08   17.71%
 250878 179537     1095.6500   610     1144.0000      941.3833 1.26e+08   17.71%
 250942 179595     1097.5000   601     1144.0000      941.3833 1.26e+08   17.71%
Elapsed time = 9654.61 sec. (2210546.95 ticks, tree = 27528.72 MB, solutions = 76)
Nodefile size = 27373.18 MB (23260.47 MB after compression)
 251796 180312     1102.0000   408     1144.0000      941.3833 1.27e+08   17.71%
 253201 181478      985.1667   566     1144.0000      941.7081 1.28e+08   17.68%
 253310 181577     1014.5833   558     1144.0000      941.7081 1.28e+08   17.68%
 253470 181706     1051.5000   387     1144.0000      941.7081 1.28e+08   17.68%
 253630 181840     1096.6240   559     1144.0000      941.7081 1.28e+08   17.68%
 253886 182043     1046.2150   526     1144.0000      941.7081 1.28e+08   17.68%
 254078 182207     1094.5179   461     1144.0000      941.7081 1.28e+08   17.68%
 254654 182692     1083.0196   483     1144.0000      941.7081 1.29e+08   17.68%
 254974 182955      954.0000   473     1144.0000      941.7081 1.29e+08   17.68%
 255166 183125      997.5625   529     1144.0000      941.7081 1.29e+08   17.68%
Elapsed time = 9868.76 sec. (2251190.25 ticks, tree = 27540.13 MB, solutions = 76)
Nodefile size = 27378.42 MB (23263.28 MB after compression)
 255390 183300     1071.6562   514     1144.0000      941.7081 1.29e+08   17.68%
 256065 183869      981.2488   644     1144.0000      941.7081 1.30e+08   17.68%
*258174+185574                         1115.0000      941.7081 1.31e+08   15.54%
Found incumbent of value 1115.000000 after 9892.81 sec. (2251358.97 ticks)
 258761 159409     1052.1563   570     1115.0000      942.2500 1.31e+08   15.49%
 258826 159466     1018.5000   574     1115.0000      942.2500 1.31e+08   15.49%
 259236 159806      990.7077   650     1115.0000      942.2500 1.31e+08   15.49%
 259428 159946     1077.0000   472     1115.0000      942.2500 1.31e+08   15.49%
 259527 160028      977.5000   428     1115.0000      942.2500 1.31e+08   15.49%
*259864+160283                         1087.0000      942.2500 1.31e+08   13.32%
Found incumbent of value 1087.000000 after 10053.83 sec. (2271770.94 ticks)
 260036 160423     1027.5861   591     1087.0000      942.2500 1.32e+08   13.32%
 260231 160554     1029.1298   655     1087.0000      942.2500 1.32e+08   13.32%
 260487 160751     1069.5000   445     1087.0000      942.2500 1.32e+08   13.32%
Elapsed time = 10081.32 sec. (2299412.68 ticks, tree = 24142.38 MB, solutions = 76)
Nodefile size = 23981.26 MB (20361.54 MB after compression)
 260571 160810     1049.9792   416     1087.0000      942.2500 1.32e+08   13.32%
 261051 161183      978.3455   640     1087.0000      942.2500 1.32e+08   13.32%
 263515 128280      979.6835   622     1087.0000      942.7500 1.34e+08   13.27%
                                                  ZeroHalf: 1                  
 263703 128440     1015.0324   598     1087.0000      942.7500 1.34e+08   13.27%
 263939 128605      998.8333   477     1087.0000      942.7500 1.34e+08   13.27%
 264180 128780     1036.3125   577     1087.0000      942.7500 1.34e+08   13.27%
 264414 128968     1078.0833   350     1087.0000      942.7500 1.34e+08   13.27%
 264706 129151      999.0000   445     1087.0000      942.7500 1.34e+08   13.27%
 264951 129341     1072.8750   568     1087.0000      942.7500 1.35e+08   13.27%
 265143 129476      962.1429   679     1087.0000      942.7500 1.35e+08   13.27%
Elapsed time = 10269.28 sec. (2344849.20 ticks, tree = 19237.53 MB, solutions = 77)
Nodefile size = 19076.01 MB (16173.17 MB after compression)
 265367 129646      972.2226   671     1087.0000      942.7500 1.35e+08   13.27%
 265950 130081      998.0438   667     1087.0000      942.7500 1.35e+08   13.27%
 266174 130250     1040.9389   561     1087.0000      942.7500 1.35e+08   13.27%
 267971 131516      982.6667   551     1087.0000      943.5000 1.37e+08   13.20%
                                                  Impl Bds: 2                  
 268135 131637     1020.5098   450     1087.0000      943.5000 1.37e+08   13.20%
 268293 131748      971.3569   652     1087.0000      943.5000 1.37e+08   13.20%
 268453 131870     1039.0000   462     1087.0000      943.5000 1.37e+08   13.20%
 268744 132075      987.1429   489     1087.0000      943.5000 1.37e+08   13.20%
 269064 132307        cutoff           1087.0000      943.5000 1.37e+08   13.20%
 269224 132426      984.9778   493     1087.0000      943.5000 1.37e+08   13.20%
Elapsed time = 10476.40 sec. (2388704.18 ticks, tree = 19806.17 MB, solutions = 80)
Nodefile size = 19645.25 MB (16648.14 MB after compression)
 269812 132825     1044.3333   547     1087.0000      943.5000 1.38e+08   13.20%
 269878 132880      964.3333   628     1087.0000      943.5000 1.38e+08   13.20%
 270134 133065     1022.6667   316     1087.0000      943.5000 1.38e+08   13.20%
 272287 134538      960.6809   520     1087.0000      944.1250 1.39e+08   13.14%
                                                  Impl Bds: 3                  
 272447 134672      981.9310   546     1087.0000      944.1250 1.40e+08   13.14%
 272630 134803     1085.0000   300     1087.0000      944.1250 1.40e+08   13.14%
 272866 134978      995.4474   577     1087.0000      944.1250 1.40e+08   13.14%
 273026 135098     1008.4114   664     1087.0000      944.1250 1.40e+08   13.14%
 273506 135433     1050.8042   380     1087.0000      944.1250 1.40e+08   13.14%
 273846 135690     1007.3333   491     1087.0000      944.1250 1.40e+08   13.14%
Elapsed time = 10726.40 sec. (2438792.03 ticks, tree = 20347.02 MB, solutions = 80)
Nodefile size = 20185.27 MB (17103.06 MB after compression)
 274230 135958      972.4103   505     1087.0000      944.1250 1.41e+08   13.14%
 274864 136427     1041.1667   440     1087.0000      944.1250 1.41e+08   13.14%
 275327 136778     1075.8333   362     1087.0000      944.1250 1.41e+08   13.14%
 275631 136990     1023.8925   553     1087.0000      944.1250 1.41e+08   13.14%
*276660+137709                         1085.0000      944.1250 1.42e+08   12.98%
Found incumbent of value 1085.000000 after 10773.01 sec. (2454654.94 ticks)
 277097 135794      973.2222   460     1085.0000      944.9432 1.42e+08   12.91%
                                                      Cuts: 6                  
*277119+135813                         1084.0000      944.9432 1.42e+08   12.83%
Found incumbent of value 1084.000000 after 10788.45 sec. (2459406.24 ticks)
 277222 135907      985.8926   583     1084.0000      944.9432 1.42e+08   12.83%

GUB cover cuts applied:  2
Clique cuts applied:  14
Cover cuts applied:  4
Implied bound cuts applied:  212
Zero-half cuts applied:  167
Gomory fractional cuts applied:  23

Root node processing (before b&c):
  Real time             =   44.40 sec. (29214.52 ticks)
Parallel b&c, 32 threads:
  Real time             = 10770.97 sec. (2437811.82 ticks)
  Sync time (average)   =    0.27 sec.
  Wait time (average)   =    0.00 sec.
                          ------------
Total (root+branch&cut) = 10815.37 sec. (2467026.34 ticks)


Solution status: Feasible
Execution time: 10815.8 sec
Gap: 0.12828
