Fri Jul 20 08:29:52 2018

Tried aggregator 2 times.
MIP Presolve eliminated 18136 rows and 145 columns.
Aggregator did 552 substitutions.
Reduced MIP has 16784 rows, 4446 columns, and 62316 nonzeros.
Reduced MIP has 4446 binaries, 0 generals, 0 SOSs, and 0 indicators.
Presolve time = 0.13 sec. (90.77 ticks)
Probing time = 0.01 sec. (2.86 ticks)
Tried aggregator 1 time.
Presolve time = 0.04 sec. (27.22 ticks)
Probing time = 0.01 sec. (2.86 ticks)
Clique table members: 20292.
MIP emphasis: balance optimality and feasibility.
MIP search method: dynamic search.
Parallel mode: deterministic, using up to 32 threads.
Root relaxation solution time = 1.94 sec. (280.63 ticks)

        Nodes                                         Cuts/
   Node  Left     Objective  IInf  Best Integer    Best Bound    ItCnt     Gap

      0     0      551.0000   427                    551.0000     1598         
      0     0      610.4583   445                    Cuts: 33     2105         
      0     0      694.2602   505                    Cuts: 77     2970         
      0     0      704.3155   531                    Cuts: 54     7092         
      0     0      710.0906   550                    Cuts: 62     8886         
      0     0      715.9414   584                    Cuts: 28    10667         
*     0+    0                         2810.0000      715.9414    13078   74.52%
Found incumbent of value 2810.000000 after 13.25 sec. (7367.20 ticks)
      0     0      718.2640   607     2810.0000      Cuts: 33    13078   74.44%
      0     0      719.5834   586     2810.0000      Cuts: 54    13697   74.39%
      0     0      719.8734   581     2810.0000      Cuts: 26    13876   74.38%
      0     0      720.1098   580     2810.0000  ZeroHalf: 12    13983   74.37%
      0     0      720.7454   564     2810.0000      Cuts: 17    14207   74.35%
      0     0      723.8425   542     2810.0000      Cuts: 34    14646   74.24%
      0     0      725.2141   595     2810.0000      Cuts: 39    14903   74.19%
      0     0      727.4355   595     2810.0000      Cuts: 35    15222   74.11%
      0     0      727.8124   575     2810.0000      Cuts: 34    15405   74.10%
      0     0      728.4103   609     2810.0000      Cuts: 21    15607   74.08%
      0     0      728.6143   587     2810.0000      Cuts: 22    15731   74.07%
      0     0      729.3406   600     2810.0000  ZeroHalf: 10    15908   74.04%
      0     0      729.5446   594     2810.0000      Cuts: 27    16058   74.04%
      0     0      729.6972   599     2810.0000   ZeroHalf: 7    16224   74.03%
      0     0      729.8648   596     2810.0000      Cuts: 16    16348   74.03%
      0     0      731.0538   602     2810.0000  ZeroHalf: 13    16647   73.98%
      0     0      733.7757   609     2810.0000      Cuts: 24    17041   73.89%
      0     0      733.9150   586     2810.0000      Cuts: 14    17160   73.88%
      0     0      734.1059   621     2810.0000      Cuts: 32    17285   73.88%
      0     0      734.3333   418     2810.0000      Cuts: 20    17553   73.87%
      0     0      734.5982   622     2810.0000      Cuts: 41    17900   73.86%
      0     0      734.6601   618     2810.0000      Cuts: 19    18046   73.86%
      0     0      734.6924   615     2810.0000      Cuts: 27    18128   73.85%
      0     2      734.6924   615     2810.0000      734.6924    18128   73.85%
Elapsed time = 30.78 sec. (15998.30 ticks, tree = 0.01 MB, solutions = 1)
      2     4      735.8886   639     2810.0000      734.6924    24326   73.85%
      3     5      756.2725   559     2810.0000      735.8886    25819   73.81%
      4     6      740.0443   596     2810.0000      735.8886    32294   73.81%
      7     9      744.1942   553     2810.0000      735.8886    38112   73.81%
      8    10      738.3228   734     2810.0000      735.8886    43860   73.81%
      9    11      740.7207   738     2810.0000      735.8886    55996   73.81%
     10    12      740.7397   568     2810.0000      738.3228    57683   73.73%
                                                  Impl Bds: 6                  
     13    15      741.8811   699     2810.0000      738.3228    71369   73.73%
     16    18      748.4094   627     2810.0000      738.3228    84583   73.73%
     19    21      748.0377   687     2810.0000      738.3228    98515   73.73%
Elapsed time = 80.26 sec. (48623.23 ticks, tree = 0.01 MB, solutions = 1)
     22    24      763.4061   666     2810.0000      738.3228   118973   73.73%
                                                  Impl Bds: 6                  
     27    29      762.3347   642     2810.0000      738.3228   143050   73.73%
     34    36      834.7037   768     2810.0000      738.3228   167558   73.73%
     47    49      814.9376   591     2810.0000      738.3228   188396   73.73%
                                                  Impl Bds: 2                  
     58    60      753.2060   566     2810.0000      738.3228   205779   73.73%
                                                  Impl Bds: 7                  
     59    61      744.1942   647     2810.0000      738.3228   211632   73.73%
     65    67      882.9318   612     2810.0000      738.3228   235606   73.73%
     76    78      827.5105   705     2810.0000      738.3228   281755   73.73%
     90    92      883.6250   568     2810.0000      738.3228   344703   73.73%
    102   104      889.6156   617     2810.0000      738.3228   378735   73.73%
Elapsed time = 150.91 sec. (74273.44 ticks, tree = 0.01 MB, solutions = 1)
    645   637      759.5417   561     2810.0000      738.3228   784494   73.73%
    654   646      884.1786   535     2810.0000      738.3228   794913   73.73%
                                                     Cuts: 19                  
    671   663      767.4956   737     2810.0000      738.3228   825796   73.73%
*  3191  2992      integral     0     1851.0000      738.3228  1335027   60.11%
Found incumbent of value 1851.000000 after 195.29 sec. (99729.51 ticks)
*  3279  3072      integral     0     1843.0000      738.3228  1350029   59.94%
Found incumbent of value 1843.000000 after 195.29 sec. (99729.51 ticks)
   3528  3280      760.0807   654     1843.0000      738.3228  1405613   59.94%
                                                 Impl Bds: 48                  
   3560  3312      760.5196   712     1843.0000      738.3228  1425331   59.94%
   3566  3318      788.0487   702     1843.0000      738.3228  1434835   59.94%
   3593  3345      923.0000   459     1843.0000      738.3228  1463601   59.94%
   3598  3350      777.9311   696     1843.0000      738.3228  1472787   59.94%
Elapsed time = 240.55 sec. (108983.89 ticks, tree = 84.57 MB, solutions = 2)
   3624  3376      785.0898   617     1843.0000      738.3228  1517359   59.94%
   3630  3382      798.4790   630     1843.0000      738.3228  1536701   59.94%
   3656  3406      779.1309   696     1843.0000      738.3228  1575209   59.94%
   4774  4472      790.4773   683     1843.0000      738.3228  2237799   59.94%
   4874  4566      767.3987   713     1843.0000      740.2944  2252610   59.83%
                                                  Impl Bds: 9                  
   4881  4573      954.3850   550     1843.0000      740.2944  2261822   59.83%
   4906  4598      786.0701   647     1843.0000      740.2944  2287360   59.83%
   4945  4634      960.7929   598     1843.0000      740.2944  2317693   59.83%
   5002  4691      779.3961   590     1843.0000      740.2944  2345054   59.83%
   5034  4723      789.5527   584     1843.0000      740.2944  2365085   59.83%
Elapsed time = 320.37 sec. (130798.10 ticks, tree = 116.15 MB, solutions = 3)
   5066  4755      811.5344   617     1843.0000      740.2944  2379128   59.83%
   5130  4815      809.6194   680     1843.0000      740.2944  2413651   59.83%
   5162  4847      821.2457   626     1843.0000      740.2944  2437800   59.83%
   5226  4911      832.8400   663     1843.0000      740.2944  2465854   59.83%
   5322  5000      857.0550   595     1843.0000      740.2944  2502287   59.83%
   6754  6338      794.3588   668     1843.0000      740.2944  2806693   59.83%
* 14366 13597      integral     0     1827.0000      740.2944  3909368   59.48%
Found incumbent of value 1827.000000 after 355.41 sec. (142602.50 ticks)
* 14774+ 9297                         1819.0000      740.2944  3977429   59.30%
Found incumbent of value 1819.000000 after 422.55 sec. (160387.76 ticks)
* 14774+ 6197                         1803.0000      740.2944  3977429   58.94%
Found incumbent of value 1803.000000 after 422.60 sec. (160420.55 ticks)
  14774  6198      736.5000   361     1803.0000      740.2944  3977429   58.94%
  14775  6199      738.0389   660     1803.0000      740.2944  3977970   58.94%
  14776  6199      740.3143   730     1803.0000      740.2944  3986437   58.94%
Elapsed time = 432.14 sec. (168301.77 ticks, tree = 56.70 MB, solutions = 6)
  14777  6200      751.5531   729     1803.0000      740.2944  3996077   58.94%
  14778  6200      761.5940   585     1803.0000      740.2944  4000547   58.94%
  14779  6201      754.7918   799     1803.0000      740.2944  4017131   58.94%
  14780  6202      755.5541   796     1803.0000      740.2944  4021547   58.94%
  14781  6202      742.1188   773     1803.0000      740.3143  4030272   58.94%
                                                  Impl Bds: 3                  
  14782  6202      758.1839   710     1803.0000      740.3143  4041487   58.94%
  14783  6203      765.9660   728     1803.0000      740.3143  4052792   58.94%
  14787  6207      774.7470   779     1803.0000      740.3143  4069534   58.94%
  14790  6208      792.5403   670     1803.0000      740.3143  4084970   58.94%
  14791  6208      759.9330   582     1803.0000      742.1354  4086499   58.84%
                                                     Cuts: 31                  
Elapsed time = 495.62 sec. (212306.48 ticks, tree = 56.65 MB, solutions = 6)
  14793  6208      803.9042   757     1803.0000      742.1354  4101260   58.84%
  14797  6210      786.7337   779     1803.0000      742.1354  4118756   58.84%
  14801  6213      789.7508   688     1803.0000      742.1354  4135202   58.84%
  14807  6217      806.7207   732     1803.0000      742.1354  4148629   58.84%
                                                 ZeroHalf: 18                  
  14821  6226      813.5741   749     1803.0000      742.1354  4176071   58.84%
  14824  6227      791.7914   756     1803.0000      742.1354  4193207   58.84%
                                                      Cuts: 8                  
  14858  6248      854.5577   650     1803.0000      742.1354  4305925   58.84%
  14889  6265      855.0729   574     1803.0000      742.1354  4372556   58.84%
  15199  6445      815.7736   692     1803.0000      742.1354  4528948   58.84%
                                                 ZeroHalf: 10                  
* 15217+ 4449                         1783.0000      742.1354  4536351   58.38%
Found incumbent of value 1783.000000 after 595.63 sec. (241665.11 ticks)
  15240  4461      881.1750   610     1783.0000      742.1354  4567785   58.38%
Elapsed time = 597.00 sec. (252087.56 ticks, tree = 51.45 MB, solutions = 6)
  17180  5566      905.3075   666     1783.0000      742.1354  5006314   58.38%
                                                 ZeroHalf: 18                  
  17212  5584      826.1243   697     1783.0000      742.1354  5022980   58.38%
  17234  5596      877.5254   666     1783.0000      742.1354  5051436   58.38%
  17266  5608      821.8361   772     1783.0000      742.1354  5112889   58.38%
  17526  5765      843.3337   683     1783.0000      742.1354  5572777   58.38%
  17556  5785     1054.5000   441     1783.0000      742.1354  5607419   58.38%
  17570  5792     1066.8956   640     1783.0000      742.1354  5625120   58.38%
  17580  5798      863.7656   743     1783.0000      742.1354  5644716   58.38%
  17612  5815      862.7778   683     1783.0000      742.1354  5685913   58.38%
  17644  5833      862.7778   688     1783.0000      742.1354  5708968   58.38%
Elapsed time = 708.82 sec. (275084.06 ticks, tree = 77.76 MB, solutions = 8)
  17708  5871      863.7590   686     1783.0000      742.1354  5756181   58.38%
  17740  5888      874.3476   667     1783.0000      742.1354  5777464   58.38%
  17804  5927      882.0000   576     1783.0000      742.1354  5814438   58.38%
  17805  5927      871.1497   677     1783.0000      742.1354  5820503   58.38%
  17837  5949      844.5991   682     1783.0000      742.1354  5846111   58.38%
  19118  6650      776.3014   761     1783.0000      742.1354  6235949   58.38%
  19250  6710      779.1993   733     1783.0000      742.1354  6265694   58.38%
  19282  6723      783.7500   511     1783.0000      742.1354  6283719   58.38%
  19301  6734      865.0385   663     1783.0000      742.1354  6313933   58.38%
  19365  6769      845.9060   632     1783.0000      742.1354  6343111   58.38%
Elapsed time = 815.43 sec. (308286.60 ticks, tree = 213.32 MB, solutions = 8)
Nodefile size = 46.38 MB (35.89 MB after compression)
  19442  6811      813.4270   740     1783.0000      742.1354  6367224   58.38%
  19474  6832      852.5706   626     1783.0000      742.1354  6380772   58.38%
  19538  6860      819.7749   677     1783.0000      742.1354  6401487   58.38%
* 24045+ 9207                         1704.0000      742.1354  6957008   56.45%
Found incumbent of value 1704.000000 after 868.72 sec. (302596.18 ticks)
  24446  9471      842.3269   751     1704.0000      742.1354  7020419   56.45%
* 25824 10772      integral     0     1563.0000      742.1354  7192421   52.52%
Found incumbent of value 1563.000000 after 868.72 sec. (319920.59 ticks)
  33254 16715      904.8804   551     1563.0000      743.2071  7997241   52.45%
                                                      Cuts: 8                  
  33323 16776      860.8320   752     1563.0000      743.2071  8053946   52.45%
  33354 16807      803.9122   747     1563.0000      743.2071  8072463   52.45%
  33375 16827      874.0000   467     1563.0000      743.2071  8083313   52.45%
  33483 16932      878.1375   713     1563.0000      743.2071  8142004   52.45%
Elapsed time = 961.92 sec. (337200.34 ticks, tree = 1997.32 MB, solutions = 8)
Nodefile size = 1828.65 MB (1446.16 MB after compression)
  33595 17044      935.8571   689     1563.0000      743.2071  8198465   52.45%
  38395 21669      848.0000   681     1563.0000      753.9428  8898207   51.76%
                                                     Cuts: 15                  
  38434 21708      816.3030   750     1563.0000      753.9428  8944800   51.76%
  38491 21765      859.2652   665     1563.0000      753.9428  9003142   51.76%
  38555 21829      866.6892   723     1563.0000      753.9428  9057021   51.76%
  46336 29358      872.2500   619     1563.0000      758.3714 10028983   51.48%
                                                  ZeroHalf: 9                  
  46368 29390      894.0214   717     1563.0000      758.3714 10060811   51.48%
  46432 29454      917.5456   648     1563.0000      758.3714 10114039   51.48%
  46496 29518      939.5532   670     1563.0000      758.3714 10162945   51.48%
  53888 36682      951.0500   640     1563.0000      763.0928 11154400   51.18%
                                                     Cuts: 14                  
Elapsed time = 1191.23 sec. (389366.15 ticks, tree = 5940.85 MB, solutions = 11)
Nodefile size = 5772.41 MB (4582.92 MB after compression)
  54010 36804      847.5083   739     1563.0000      763.0928 11253577   51.18%
  54138 36930      881.9197   767     1563.0000      763.0928 11339813   51.18%
  54172 36960      885.9643   723     1563.0000      763.0928 11374795   51.18%
  60357 42890      808.1685   771     1563.0000      768.5287 12217286   50.83%
                                                      Cuts: 8                  
  60421 42954      812.1645   710     1563.0000      768.5287 12276350   50.83%
  60517 43050      833.3973   731     1563.0000      768.5287 12346655   50.83%
* 62723 45183      integral     0     1523.0000      768.5287 12740877   49.54%
Found incumbent of value 1523.000000 after 1351.38 sec. (417979.04 ticks)
  63163 45601      807.7322   827     1523.0000      768.5287 12823948   49.54%
* 66767+47628                         1522.0000      782.6027 13200761   48.58%
                                                      Cuts: 5                  
Found incumbent of value 1522.000000 after 1381.36 sec. (429934.62 ticks)
* 66767+47628                         1516.0000      782.6027 13200761   48.38%
Found incumbent of value 1516.000000 after 1381.66 sec. (430001.65 ticks)
* 66767+47628                         1502.0000      782.6027 13200761   47.90%
Found incumbent of value 1502.000000 after 1381.93 sec. (430066.44 ticks)
* 66767+47628                         1485.0000      782.6027 13200761   47.30%
Found incumbent of value 1485.000000 after 1382.15 sec. (430120.63 ticks)
  66767 47630     1228.0000   303     1485.0000      782.6027 13200761   47.30%
* 66768+47629                         1484.0000      782.6027 13202499   47.26%
Found incumbent of value 1484.000000 after 1386.48 sec. (425939.03 ticks)
* 66768+47629                         1478.0000      782.6027 13202499   47.05%
Found incumbent of value 1478.000000 after 1386.50 sec. (425950.63 ticks)
* 66768+47629                         1469.0000      782.6027 13202499   46.73%
Found incumbent of value 1469.000000 after 1386.92 sec. (426184.99 ticks)
* 66768+47629                         1449.0000      782.6027 13202499   45.99%
Found incumbent of value 1449.000000 after 1386.95 sec. (426210.34 ticks)
* 66768+47629                         1445.0000      782.6027 13202499   45.84%
Found incumbent of value 1445.000000 after 1386.98 sec. (426244.11 ticks)
* 66771+47630                         1433.0000      782.6027 13202908   45.39%
Found incumbent of value 1433.000000 after 1387.45 sec. (424776.13 ticks)
* 66771+47630                         1426.0000      782.6027 13202908   45.12%
Found incumbent of value 1426.000000 after 1387.45 sec. (425207.80 ticks)
* 66799+41351                         1392.0000      782.6027 13237671   43.78%
Found incumbent of value 1392.000000 after 1398.61 sec. (434431.74 ticks)
  66808 41362      804.8000   798     1392.0000      782.6027 13245400   43.78%
Elapsed time = 1407.43 sec. (436471.12 ticks, tree = 6830.11 MB, solutions = 50)
Nodefile size = 6817.95 MB (5412.57 MB after compression)
  66872 41426      817.3978   785     1392.0000      782.6027 13294926   43.78%
  66968 41522      839.5956   745     1392.0000      782.6027 13353169   43.78%
  67073 41627      855.5720   676     1392.0000      782.6027 13404360   43.78%
  73182 44993      889.4257   669     1392.0000      804.1318 14267569   42.23%
                                                      Cuts: 3                  
  73246 45055      905.3190   644     1392.0000      804.1318 14306005   42.23%
  73342 45149      932.9286   631     1392.0000      804.1318 14357804   42.23%
  73374 45181      948.4771   669     1392.0000      804.1318 14375388   42.23%
  80730 52113      858.8849   645     1392.0000      807.3039 15381010   42.00%
                                                      Cuts: 8                  
  80828 52207      878.2348   766     1392.0000      807.3039 15471554   42.00%
  80892 52270      920.5479   736     1392.0000      807.3039 15529013   42.00%
Elapsed time = 1623.39 sec. (487459.99 ticks, tree = 8699.97 MB, solutions = 130)
Nodefile size = 8557.19 MB (6774.72 MB after compression)
* 81804+53133                         1388.0000      807.3039 15764099   41.84%
Found incumbent of value 1388.000000 after 1632.95 sec. (475302.01 ticks)
  85208 56055     1232.8333   305     1388.0000      807.3052 16317921   41.84%
                                                  ZeroHalf: 4                  
  85252 56099      855.3559   743     1388.0000      807.3052 16361693   41.84%
  85310 56157      886.8907   767     1388.0000      807.3052 16427946   41.84%
  85399 56244      872.6338   666     1388.0000      807.3052 16483699   41.84%
  91622 62102     1376.8551   342     1388.0000      807.3052 17415386   41.84%
                                                  Impl Bds: 4                  
  91685 62162      900.6955   622     1388.0000      807.3052 17471318   41.84%
  91717 62193      927.5191   722     1388.0000      807.3052 17502291   41.84%
  91802 62274      899.4016   768     1388.0000      807.3052 17572018   41.84%
  97286 67470     1325.1932   377     1388.0000      812.3913 18423504   41.47%
  97327 67510      860.7141   687     1388.0000      812.3913 18467408   41.47%
Elapsed time = 1855.36 sec. (536542.03 ticks, tree = 11614.15 MB, solutions = 131)
Nodefile size = 11468.38 MB (9091.25 MB after compression)
  97423 67604      859.1330   666     1388.0000      812.3913 18538898   41.47%
  97519 67697      882.1647   644     1388.0000      812.3913 18601601   41.47%
 102542 72419      843.6146   621     1388.0000      813.6644 19441516   41.38%
                                                      Cuts: 7                  
 102606 72483      855.1729   731     1388.0000      813.6644 19504375   41.38%
 102729 72604      869.3459   749     1388.0000      813.6644 19572372   41.38%
 102892 72765      943.7512   694     1388.0000      813.6644 19644812   41.38%
 109103 78589      974.3340   572     1388.0000      816.2841 20492240   41.19%
                                                     Cuts: 10                  
 109246 78732      908.0878   676     1388.0000      816.2841 20555448   41.19%
 109342 78828      955.8250   724     1388.0000      816.2841 20579840   41.19%
*110383 79815      integral     0     1374.0000      816.2841 20777990   40.59%
Elapsed time = 2056.36 sec. (579780.22 ticks, tree = 13829.05 MB, solutions = 132)
Nodefile size = 13606.44 MB (10800.86 MB after compression)
Found incumbent of value 1374.000000 after 2056.36 sec. (579780.22 ticks)
 114835 84016     1146.3750   336     1374.0000      816.2841 21395363   40.59%
 116921 84506     1347.4667   475     1374.0000      817.0124 21665721   40.54%
                                                  Impl Bds: 3                  
 117004 84589      955.7798   657     1374.0000      817.0124 21741826   40.54%
 117131 84711      930.6760   672     1374.0000      817.0124 21825091   40.54%
 120494 87852      848.2449   634     1374.0000      817.0124 22418465   40.54%
 122224 89476      871.8167   606     1374.0000      818.9805 22678749   40.39%
                                                  Impl Bds: 4                  
 122288 89538      881.6818   580     1374.0000      818.9805 22732575   40.39%
 122416 89661      932.9470   633     1374.0000      818.9805 22827609   40.39%
 126542 93513      843.7500   631     1374.0000      818.9805 23566116   40.39%
 127735 94605      879.0241   598     1374.0000      819.0882 23750399   40.39%
                                                      Cuts: 4                  
Elapsed time = 2259.72 sec. (628468.69 ticks, tree = 16878.69 MB, solutions = 132)
Nodefile size = 16726.16 MB (13255.08 MB after compression)
 127805 94670     1012.8784   710     1374.0000      819.0882 23794802   40.39%
 127965 94823     1090.6250   564     1374.0000      819.0882 23869547   40.39%
 131496 98116      856.0098   594     1374.0000      819.0882 24463175   40.39%
 133599 100074      884.8529   665     1374.0000      821.5778 24718762   40.21%
                                                  Impl Bds: 2                  
 133695 100160      916.7021   679     1374.0000      821.5778 24778453   40.21%
 133745 100209      900.5153   672     1374.0000      821.5778 24818364   40.21%
 139062 105190     1079.5000   537     1374.0000      822.2034 25745194   40.16%
                                                      Cuts: 7                  
 139126 105254     1129.0000   564     1374.0000      822.2034 25792315   40.16%
 139270 105391      949.0833   527     1374.0000      822.2034 25886799   40.16%
 140979 106985     1092.3333   380     1374.0000      822.2034 26234848   40.16%
Elapsed time = 2477.75 sec. (675960.33 ticks, tree = 18983.79 MB, solutions = 132)
Nodefile size = 18815.56 MB (14918.12 MB after compression)
 144869 110631      880.1301   689     1374.0000      823.9500 26765015   40.03%
                                                  Impl Bds: 4                  
 144910 110672      942.7077   662     1374.0000      823.9500 26794462   40.03%
 144974 110734      982.2633   672     1374.0000      823.9500 26837752   40.03%
*145211+110964                         1333.0000      823.9500 26907850   38.19%
Found incumbent of value 1333.000000 after 2563.31 sec. (677279.42 ticks)
 151136 106647     1206.2500   322     1333.0000      824.3369 27834755   38.16%
                                                      Cuts: 4                  
 151210 106718      933.6667   557     1333.0000      824.3369 27904245   38.16%
 152511 107928      897.5259   745     1333.0000      824.3369 28290958   38.16%
 156553 111674      869.1559   813     1333.0000      825.1066 28920480   38.10%
 156585 111704      875.6174   766     1333.0000      825.1066 28960671   38.10%
 156649 111765      879.2335   808     1333.0000      825.1066 29016589   38.10%
 156712 111828      975.9966   745     1333.0000      825.1066 29074597   38.10%
Elapsed time = 2727.46 sec. (730053.56 ticks, tree = 20236.17 MB, solutions = 133)
Nodefile size = 20080.93 MB (15855.90 MB after compression)
*158889+113875                         1319.0000      825.1066 29503593   37.44%
Found incumbent of value 1319.000000 after 2727.46 sec. (716767.57 ticks)
 161239 112201      990.3804   753     1319.0000      825.1066 29878802   37.44%
 161272 112231      938.0372   749     1319.0000      825.1066 29928937   37.44%
 161336 112291      959.9912   745     1319.0000      825.1066 30010966   37.44%
 165749 116360      993.1637   687     1319.0000      825.1066 30883776   37.44%
 165781 116392     1056.9118   650     1319.0000      825.1066 30918287   37.44%
 171164 121376     1027.1818   607     1319.0000      826.4028 31922925   37.35%
 171228 121440     1077.1667   624     1319.0000      826.4028 31967538   37.35%
 171292 121500     1117.4537   651     1319.0000      826.4028 32004822   37.35%
 171356 121564     1110.5156   608     1319.0000      826.4028 32050278   37.35%
 177762 127503      864.9061   653     1319.0000      828.1956 33100495   37.21%
                                                    Covers: 1                  
Elapsed time = 2994.05 sec. (792890.05 ticks, tree = 23371.71 MB, solutions = 134)
Nodefile size = 23213.72 MB (18250.29 MB after compression)
 177890 127625      898.6200   607     1319.0000      828.1956 33201042   37.21%
 178067 127802     1016.4167   557     1319.0000      828.1956 33299139   37.21%
*179038+128700                         1318.0000      828.1956 33471111   37.16%
Found incumbent of value 1318.000000 after 3057.29 sec. (799162.90 ticks)
*179038+128700                         1308.0000      828.1956 33471111   36.68%
Found incumbent of value 1308.000000 after 3057.29 sec. (799371.24 ticks)
 183476 129488     1087.7500   322     1308.0000      829.2793 34218114   36.60%
 183574 129583      884.5383   758     1308.0000      829.2793 34290672   36.60%
 183670 129679      943.2724   743     1308.0000      829.2793 34362105   36.60%
 185837 131670      886.9482   465     1308.0000      829.2793 34787417   36.60%
 188987 134572      855.8061   769     1308.0000      829.7282 35310588   36.57%
                                                  Impl Bds: 1                  
 189083 134664      884.5133   682     1308.0000      829.7282 35365861   36.57%
 189243 134814     1029.3409   452     1308.0000      829.7282 35431690   36.57%
*189586+135136                         1298.0000      829.7282 35519649   36.08%
Found incumbent of value 1298.000000 after 3224.72 sec. (836192.03 ticks)
 194624 136174     1159.2083   370     1298.0000      830.3717 36318355   36.03%
                                                  Impl Bds: 6                  
Elapsed time = 3240.42 sec. (845534.83 ticks, tree = 25093.02 MB, solutions = 136)
Nodefile size = 24932.79 MB (19533.00 MB after compression)
 194730 136275      884.7573   556     1298.0000      830.3717 36386481   36.03%
 194890 136432      946.2817   551     1298.0000      830.3717 36446931   36.03%
 198016 139306      874.0769   701     1298.0000      830.3717 37004565   36.03%
 200912 141941      904.0594   669     1298.0000      831.7500 37400742   35.92%
                                                     Cuts: 14                  
 201022 142039      892.7008   752     1298.0000      831.7500 37479812   35.92%
 201086 142101      929.3750   711     1298.0000      831.7500 37529744   35.92%
 203277 144122      866.2456   763     1298.0000      831.7500 38094996   35.92%
 205213 145917      884.2218   754     1298.0000      832.0030 38489363   35.90%
                                                      Cuts: 8                  
 205218 145920      867.3750   726     1298.0000      832.0030 38512534   35.90%
 205246 145948      882.7577   696     1298.0000      832.0030 38552070   35.90%
Elapsed time = 3470.59 sec. (897539.61 ticks, tree = 26378.20 MB, solutions = 137)
Nodefile size = 26219.95 MB (20507.98 MB after compression)
 205547 146237      943.7954   727     1298.0000      832.0030 38764698   35.90%
*206337+146987                         1297.0000      832.0030 38898372   35.85%
Found incumbent of value 1297.000000 after 3477.42 sec. (889402.55 ticks)
 210409 150372      862.1064   750     1297.0000      833.0695 39612918   35.77%
                                                  Impl Bds: 1                  
 210441 150404      871.7951   760     1297.0000      833.0695 39651525   35.77%
 210505 150468      892.7608   708     1297.0000      833.0695 39712405   35.77%
 215986 155472      958.5000   361     1297.0000      833.0962 40677079   35.77%
                                                  ZeroHalf: 1                  
 216052 155538      938.2982   701     1297.0000      833.0962 40744053   35.77%
 216116 155602      965.3693   720     1297.0000      833.0962 40802738   35.77%
 216212 155692      984.3585   667     1297.0000      833.0962 40868676   35.77%
 220589 159711      895.8317   445     1297.0000      833.7163 41698530   35.72%
                                                  Impl Bds: 1                  
 220655 159777     1035.3333   559     1297.0000      833.7163 41755095   35.72%
Elapsed time = 3691.47 sec. (947901.63 ticks, tree = 29139.13 MB, solutions = 138)
Nodefile size = 28979.25 MB (22633.25 MB after compression)
 220719 159841     1056.3333   488     1297.0000      833.7163 41797647   35.72%
 220847 159965     1151.5000   455     1297.0000      833.7163 41871177   35.72%
 225899 164604      924.1250   585     1297.0000      834.4610 42797729   35.66%
                                                      Cuts: 6                  
 225955 164658      876.0164   718     1297.0000      834.4610 42849509   35.66%
 225999 164702      890.5975   694     1297.0000      834.4610 42913326   35.66%
*228679+167149                         1295.0000      834.4610 43539890   35.56%
Found incumbent of value 1295.000000 after 3822.28 sec. (966895.33 ticks)
 230327 167951      889.7176   639     1295.0000      835.6644 43806993   35.47%
                                                      Cuts: 8                  
 230359 167981      902.0357   639     1295.0000      835.6644 43936270   35.47%
 230415 168037      977.5833   699     1295.0000      835.6644 44071501   35.47%
 232795 170212      925.8333   527     1295.0000      836.0730 44827104   35.44%
 232827 170244      961.4490   637     1295.0000      836.0730 44877427   35.44%
Elapsed time = 3955.18 sec. (1004305.41 ticks, tree = 31187.42 MB, solutions = 139)
Nodefile size = 31027.75 MB (24200.31 MB after compression)
 232937 170354      893.3885   650     1295.0000      836.0730 44999228   35.44%
 233045 170460     1136.2500   542     1295.0000      836.0730 45097739   35.44%
 236990 174110      882.9261   666     1295.0000      836.3333 45924110   35.42%
                                                    Covers: 1                  
 237030 174150      883.4840   730     1295.0000      836.3333 46043667   35.42%
 241040 177820      876.7259   795     1295.0000      836.3333 46898827   35.42%
 241145 177911      952.2403   733     1295.0000      836.8889 46948764   35.38%
 241192 177956      926.0123   757     1295.0000      836.8889 46986056   35.38%
 241337 178088     1059.2669   741     1295.0000      836.8889 47052317   35.38%
 245370 181772      927.0035   712     1295.0000      836.8889 47789152   35.38%
 247374 183620     1043.7708   468     1295.0000      837.5000 48136490   35.33%
                                                  ZeroHalf: 1                  
Elapsed time = 4194.05 sec. (1063945.20 ticks, tree = 33861.89 MB, solutions = 139)
Nodefile size = 33701.29 MB (26262.69 MB after compression)
 247470 183716     1062.2500   441     1295.0000      837.5000 48229475   35.33%
 247628 183869      980.9411   581     1295.0000      837.5000 48352652   35.33%
 251507 187444     1212.8000   206     1295.0000      837.5000 49048973   35.33%
 253444 189221      899.5617   797     1295.0000      837.7238 49342177   35.31%
 253508 189283      940.6300   758     1295.0000      837.7238 49392590   35.31%
 253636 189409      996.4116   673     1295.0000      837.7238 49463501   35.31%
 255639 191260      848.7999   766     1295.0000      837.7238 49870863   35.31%
 258600 193926      862.8472   753     1295.0000      838.6462 50392505   35.24%
 258630 193956      889.0000   676     1295.0000      838.6462 50415362   35.24%
 258758 194077      933.5476   702     1295.0000      838.6462 50485620   35.24%
Elapsed time = 4424.44 sec. (1110808.41 ticks, tree = 35921.90 MB, solutions = 139)
Nodefile size = 35764.04 MB (27867.57 MB after compression)
 259196 194486      924.9474   619     1295.0000      838.6462 50658641   35.24%
 263320 198231      970.7587   691     1295.0000      838.7912 51592284   35.23%
                                                  Impl Bds: 3                  
 263380 198289      998.5603   536     1295.0000      838.7912 51652245   35.23%
 263476 198381     1004.1667   510     1295.0000      838.7912 51727591   35.23%
 263572 198477     1033.3333   333     1295.0000      838.7912 51777264   35.23%
*268914+203339                         1293.0000      838.7912 52724277   35.13%
Found incumbent of value 1293.000000 after 4511.60 sec. (1126488.93 ticks)
 269170 202809      879.1665   611     1293.0000      839.2762 52760140   35.09%
                                                  Impl Bds: 3                  
 269278 202909      905.1681   674     1293.0000      839.2762 52852540   35.09%
 269406 203034      941.8333   596     1293.0000      839.2762 52933278   35.09%
 271287 204743      891.0254   707     1293.0000      839.2762 53320288   35.09%
 274900 207999      880.7067   633     1293.0000      839.5987 53889533   35.07%
                                                  Impl Bds: 5                  
Elapsed time = 4631.04 sec. (1157941.83 ticks, tree = 38092.07 MB, solutions = 140)
Nodefile size = 37932.43 MB (29516.28 MB after compression)
 274978 208077      940.2434   724     1293.0000      839.5987 53947142   35.07%
 275074 208173      967.8465   704     1293.0000      839.5987 54008771   35.07%
 275635 208700     1106.6000   394     1293.0000      839.5987 54196615   35.07%
*280654+213271                         1291.0000      839.5987 55072517   34.97%
Found incumbent of value 1291.000000 after 4699.26 sec. (1167425.33 ticks)
 280866 212750      891.0807   683     1291.0000      840.4830 55114974   34.90%
                                                      Cuts: 6                  
 280990 212870     1042.5000   567     1291.0000      840.4830 55207178   34.90%
 281080 212958      983.8491   705     1291.0000      840.4830 55254099   34.90%
*281087+212963                         1283.0000      840.4830 55257677   34.49%
Found incumbent of value 1283.000000 after 4755.74 sec. (1172664.07 ticks)
 281240 213106     1021.2781   707     1283.0000      840.4830 55327962   34.49%
 283725 215360      854.6170   574     1283.0000      840.4830 55856463   34.49%
 285368 213352      866.4354   732     1283.0000      840.8765 56149212   34.46%
                                                  Impl Bds: 1                  
 285464 213443      900.5462   675     1283.0000      840.8765 56247193   34.46%
Elapsed time = 4836.04 sec. (1201473.15 ticks, tree = 39179.64 MB, solutions = 142)
Nodefile size = 39019.76 MB (30333.96 MB after compression)
 285560 213535      929.0802   673     1283.0000      840.8765 56324752   34.46%
 285633 213602     1051.8060   620     1283.0000      840.8765 56370330   34.46%
 290727 218284     1108.8333   338     1283.0000      840.8765 57364412   34.46%
 290768 218325      884.6761   772     1283.0000      840.8765 57408204   34.46%
 290832 218389      936.3659   705     1283.0000      840.8765 57448672   34.46%
*292246+219682                         1282.0000      840.8765 57812549   34.41%
Found incumbent of value 1282.000000 after 4967.91 sec. (1217237.42 ticks)
 295662 222760      877.2333   611     1282.0000      840.8765 58390045   34.41%
 296301 222776      909.1922   711     1282.0000      842.2854 58513602   34.30%
 296397 222872      941.3447   661     1282.0000      842.2854 58623305   34.30%
 301499 227521      898.2127   682     1282.0000      842.3793 59672567   34.29%
 301512 227534     1082.7143   634     1282.0000      842.3793 59692207   34.29%
Elapsed time = 5091.49 sec. (1261904.56 ticks, tree = 42033.50 MB, solutions = 144)
Nodefile size = 41872.84 MB (32535.84 MB after compression)
 301614 227635      994.5781   719     1282.0000      842.3793 59795589   34.29%
 301742 227753     1029.6786   613     1282.0000      842.3793 59888094   34.29%
 302155 228139      857.5984   758     1282.0000      842.3793 60021443   34.29%
 306830 232421      879.4169   763     1282.0000      843.2121 60839688   34.23%
 306955 232538      939.3594   648     1282.0000      843.2121 60898597   34.23%
 307067 232644     1217.0965   597     1282.0000      843.2121 60950170   34.23%
 309934 235259      966.0750   592     1282.0000      843.2121 61453792   34.23%
 313997 238929      980.1707   567     1282.0000      843.3342 62079217   34.22%
                                                      Cuts: 6                  
 314116 239040      911.0951   674     1282.0000      843.3342 62189368   34.22%
 314148 239068      923.6714   706     1282.0000      843.3342 62225384   34.22%
Elapsed time = 5307.56 sec. (1309731.51 ticks, tree = 44332.13 MB, solutions = 144)
Nodefile size = 44167.73 MB (34287.36 MB after compression)
 317046 241744     1012.3107   625     1282.0000      843.3342 62869112   34.22%
 319415 243882      927.6607   695     1282.0000      844.1753 63266308   34.15%
                                                      Cuts: 6                  
 319516 243982      913.2014   591     1282.0000      844.1753 63352982   34.15%
 319534 243998     1035.5000   539     1282.0000      844.1753 63372467   34.15%
 319630 244093     1088.2500   545     1282.0000      844.1753 63444049   34.15%
*320421+244805                         1246.0000      844.1753 63685506   32.25%
Found incumbent of value 1246.000000 after 5427.01 sec. (1317341.07 ticks)
*321077+245420                         1218.0000      844.1753 63815718   30.69%
Found incumbent of value 1218.000000 after 5427.01 sec. (1322031.40 ticks)
 324676 248657      881.9000   686     1218.0000      844.1753 64452844   30.69%
 324880 200998     1191.1111   543     1218.0000      844.6139 64500168   30.66%
                                                  Impl Bds: 1                  
 325014 201129      940.2267   630     1218.0000      844.6139 64587604   30.66%
 325134 201237     1057.0571   505     1218.0000      844.6139 64648301   30.66%
 325815 201834      929.0403   724     1218.0000      844.6139 64835906   30.66%
Elapsed time = 5523.02 sec. (1355034.39 ticks, tree = 37036.34 MB, solutions = 146)
Nodefile size = 36843.88 MB (28419.25 MB after compression)
 330557 206020      913.6986   670     1218.0000      844.6139 65670110   30.66%
 330607 206062      877.0379   757     1218.0000      845.0830 65692398   30.62%
 330715 206166      975.7083   711     1218.0000      845.0830 65794590   30.62%
 330811 206260     1008.0741   736     1218.0000      845.0830 65857492   30.62%
*331955+207276                         1211.0000      845.0830 66184079   30.22%
Found incumbent of value 1211.000000 after 5612.98 sec. (1364524.79 ticks)
 333060 208237      873.7684   725     1211.0000      845.0830 66480437   30.22%
 334557 204412      867.9236   728     1211.0000      845.1418 66791880   30.21%
 334621 204469      910.3252   721     1211.0000      845.1418 66836779   30.21%
 334717 204555      959.2192   698     1211.0000      845.1418 66913539   30.21%
 334845 204671     1043.0357   599     1211.0000      845.1418 66997088   30.21%
 336208 205891      880.8833   682     1211.0000      845.1418 67431281   30.21%
Elapsed time = 5709.63 sec. (1400762.15 ticks, tree = 37767.85 MB, solutions = 148)
Nodefile size = 37578.39 MB (28947.53 MB after compression)
 338475 207901      914.8333   638     1211.0000      846.3268 68033326   30.11%
 338507 207930      894.5127   714     1211.0000      846.3268 68085916   30.11%
 338539 207960      927.5993   706     1211.0000      846.3268 68138666   30.11%
 338571 207988      915.8636   624     1211.0000      846.3268 68178623   30.11%
 343427 212299     1019.3833   582     1211.0000      846.4250 69309695   30.11%
 343494 212362      909.7851   697     1211.0000      846.4250 69378915   30.11%
 343590 212458      944.7678   702     1211.0000      846.4250 69445784   30.11%
 346464 214994      879.6486   607     1211.0000      846.4250 70232049   30.11%
 346914 215392      993.2500   471     1211.0000      846.6245 70315469   30.09%
 347037 215512      948.7363   723     1211.0000      846.6245 70429267   30.09%
Elapsed time = 5941.60 sec. (1451770.35 ticks, tree = 39447.59 MB, solutions = 148)
Nodefile size = 39284.66 MB (30248.73 MB after compression)
 347165 215633      974.8710   684     1211.0000      846.6245 70500430   30.09%
 347325 215788     1030.0800   667     1211.0000      846.6245 70574584   30.09%
 350947 219002     1137.4000   491     1211.0000      847.2759 71408664   30.04%
 350987 219042      998.9325   710     1211.0000      847.2759 71447602   30.04%
 351046 219100      919.9945   642     1211.0000      847.2759 71494444   30.04%
 351225 219269     1022.1667   711     1211.0000      847.2759 71602662   30.04%
 353244 221061      942.7820   623     1211.0000      847.2759 72126551   30.04%
 356040 223560      979.6232   704     1211.0000      847.4079 72688486   30.02%
                                                  Impl Bds: 4                  
 356072 223592     1011.3516   649     1211.0000      847.4079 72719968   30.02%
 356379 223873      897.6455   640     1211.0000      847.4079 72886074   30.02%
Elapsed time = 6164.53 sec. (1499942.69 ticks, tree = 41143.67 MB, solutions = 148)
Nodefile size = 40924.12 MB (31505.55 MB after compression)
 360994 227883      952.3462   600     1211.0000      848.0846 73861558   29.97%
                                                      Cuts: 2                  
 361058 227942     1002.8333   583     1211.0000      848.0846 73936307   29.97%
 361176 228052      982.4583   638     1211.0000      848.0846 74038734   29.97%
 362600 229335      913.4806   424     1211.0000      848.0846 74416872   29.97%
*363132+229792                         1202.0000      848.0846 74546852   29.44%
Found incumbent of value 1202.000000 after 6254.58 sec. (1507153.72 ticks)
 365605 224661      969.6569   276     1202.0000      848.5000 75003288   29.41%
 365657 224709      905.9387   743     1202.0000      848.5000 75055941   29.41%
 365721 224766      930.5813   729     1202.0000      848.5000 75126387   29.41%
 370540 229055      922.2500   445     1202.0000      848.8750 76266424   29.38%
 370624 229131      954.8768   698     1202.0000      848.8750 76340226   29.38%
 370656 229163      977.7387   698     1202.0000      848.8750 76371080   29.38%
Elapsed time = 6404.43 sec. (1558135.97 ticks, tree = 42249.88 MB, solutions = 149)
Nodefile size = 42086.49 MB (32360.82 MB after compression)
 372862 231137      924.8095   467     1202.0000      848.8750 76884929   29.38%
 375577 233510      918.5746   471     1202.0000      849.3739 77461406   29.34%
 375649 233582      898.0833   542     1202.0000      849.3739 77518958   29.34%
 375696 233629      944.0483   733     1202.0000      849.3739 77556842   29.34%
 375760 233691      966.1826   700     1202.0000      849.3739 77602014   29.34%
 376849 234674      924.0278   621     1202.0000      849.3739 77920853   29.34%
 380770 238143      990.1164   656     1202.0000      849.7854 78722304   29.30%
 380865 238231      953.9298   657     1202.0000      849.7854 78819638   29.30%
 380912 238278     1090.1000   582     1202.0000      849.7854 78854605   29.30%
 381108 238465     1085.6713   674     1202.0000      849.7854 78961314   29.30%
Elapsed time = 6623.24 sec. (1602046.29 ticks, tree = 44081.77 MB, solutions = 149)
Nodefile size = 43917.37 MB (33765.12 MB after compression)
 385274 242117      881.2079   483     1202.0000      850.2333 79883994   29.27%
 385331 242174      986.7883   724     1202.0000      850.2333 79960568   29.27%
 385363 242206      958.7077   560     1202.0000      850.2333 80000117   29.27%
 385395 242238      971.9286   596     1202.0000      850.2333 80033344   29.27%
 387855 244406      855.2500   567     1202.0000      850.2333 81009939   29.27%
 389511 245840      987.9864   664     1202.0000      850.5898 81320890   29.24%
 389575 245903      989.3846   544     1202.0000      850.5898 81388761   29.24%
 389605 245933      938.3538   665     1202.0000      850.5898 81417116   29.24%
 389639 245965     1004.0556   653     1202.0000      850.5898 81458866   29.24%
 390040 246335      944.3813   728     1202.0000      850.5898 81664334   29.24%
Elapsed time = 6817.48 sec. (1651260.85 ticks, tree = 45560.07 MB, solutions = 149)
Nodefile size = 45385.00 MB (34853.33 MB after compression)
 394020 249802      918.0548   744     1202.0000      851.1423 82532862   29.19%
                                                  ZeroHalf: 1                  
 394052 249833      923.6111   661     1202.0000      851.1423 82573847   29.19%
 394180 249959      957.1207   645     1202.0000      851.1423 82678666   29.19%
 394264 250039     1093.1746   601     1202.0000      851.1423 82729730   29.19%
 398654 253901      860.4403   783     1202.0000      851.1423 83681953   29.19%
 399318 254480      923.6686   722     1202.0000      851.2880 83879680   29.18%
 399390 254540      906.2899   689     1202.0000      851.2880 83936818   29.18%
 399498 254646     1015.7368   659     1202.0000      851.2880 84028378   29.18%
 399614 254756      926.7333   501     1202.0000      851.2880 84106272   29.18%
 403239 257970      924.2500   567     1202.0000      851.5228 84936801   29.16%
                                                  Impl Bds: 3                  
Elapsed time = 7025.24 sec. (1696543.14 ticks, tree = 47670.14 MB, solutions = 149)
Nodefile size = 47506.09 MB (36467.68 MB after compression)
 403277 258006      901.8654   710     1202.0000      851.5228 84985359   29.16%
 403341 258066      929.1190   737     1202.0000      851.5228 85057376   29.16%
 403405 258127      920.7739   756     1202.0000      851.5228 85113860   29.16%
 407630 261821     1012.7500   296     1202.0000      851.5228 86115302   29.16%
                                                      Cuts: 4                  
 407679 261866      975.7010   614     1202.0000      851.5228 86156588   29.16%
 407743 261923      986.3810   581     1202.0000      851.5228 86195434   29.16%
 407775 261951     1002.2083   623     1202.0000      851.5228 86218452   29.16%
 413481 266975     1093.4375   572     1202.0000      852.2333 87462143   29.10%
                                                  Impl Bds: 4                  
 413522 267015      975.1875   549     1202.0000      852.2333 87508341   29.10%
 413586 267077      979.7500   512     1202.0000      852.2333 87573694   29.10%
Elapsed time = 7272.28 sec. (1748290.67 ticks, tree = 49489.54 MB, solutions = 149)
Nodefile size = 49323.93 MB (37867.48 MB after compression)
 413686 267171      923.4366   738     1202.0000      852.2333 87636271   29.10%
*418442+271358                         1201.0000      852.2333 88634934   29.04%
Found incumbent of value 1201.000000 after 7310.09 sec. (1748332.85 ticks)
 419635 271513      880.5542   751     1201.0000      852.7018 88818507   29.00%
                                                     Fract: 1                  
 419699 271561      896.7367   767     1201.0000      852.7018 88867389   29.00%
 419827 271679      952.3029   649     1201.0000      852.7018 88964950   29.00%
 419923 271767      998.7500   568     1201.0000      852.7018 89016605   29.00%
 424662 275917      999.6667   517     1201.0000      853.2178 90029294   28.96%
 424785 276034     1013.6118   671     1201.0000      853.2178 90126260   28.96%
 424965 276209     1108.3500   526     1201.0000      853.2178 90214601   28.96%
 425495 276673     1103.0952   427     1201.0000      853.2178 90358898   28.96%
 426620 277648      866.0331   726     1201.0000      853.2178 90582614   28.96%
Elapsed time = 7508.33 sec. (1802270.84 ticks, tree = 51297.36 MB, solutions = 150)
Nodefile size = 51123.46 MB (39237.09 MB after compression)
 430182 280719      880.6245   767     1201.0000      853.8875 91305004   28.90%
 430279 280814      950.6603   725     1201.0000      853.8875 91383398   28.90%
 430375 280904      988.4832   646     1201.0000      853.8875 91457424   28.90%
 430482 281001     1004.5278   688     1201.0000      853.8875 91527165   28.90%
 435418 285276     1061.6667   510     1201.0000      853.8875 92631735   28.90%
 435531 285378      929.1667   634     1201.0000      853.8875 92728686   28.90%
 435595 285439      962.5717   670     1201.0000      853.8875 92781278   28.90%
 435691 285521      964.6500   649     1201.0000      853.8875 92841087   28.90%
 440321 289629     1115.1319   327     1201.0000      854.2720 93914778   28.87%
 440370 289678     1006.0000   409     1201.0000      854.2720 93958261   28.87%
Elapsed time = 7764.92 sec. (1848393.98 ticks, tree = 54030.27 MB, solutions = 150)
Nodefile size = 53866.14 MB (41330.40 MB after compression)
 440434 289738     1032.9000   625     1201.0000      854.2720 94000195   28.87%
 440498 289802     1076.9318   651     1201.0000      854.2720 94041395   28.87%
 445802 294473      917.5667   362     1201.0000      854.7654 95156632   28.83%
 445869 294540      961.6505   721     1201.0000      854.7654 95203841   28.83%
 445908 294579      926.0357   697     1201.0000      854.7654 95257162   28.83%
 446061 294724     1096.0000   580     1201.0000      854.7654 95352704   28.83%
 447591 296057     1026.3333   555     1201.0000      854.7654 95869653   28.83%
 449799 297950      978.0000   643     1201.0000      855.0833 96383244   28.80%
 449831 297982      999.2506   619     1201.0000      855.0833 96420308   28.80%
 449863 298012     1009.7500   572     1201.0000      855.0833 96461068   28.80%
Elapsed time = 7993.28 sec. (1902096.72 ticks, tree = 55218.40 MB, solutions = 150)
Nodefile size = 55056.31 MB (42232.96 MB after compression)
 449927 298074     1015.4017   685     1201.0000      855.0833 96514798   28.80%
 454597 302145      955.2748   447     1201.0000      855.0833 97656640   28.80%
 454599 302147     1057.6667   666     1201.0000      855.0833 97677201   28.80%
 454695 302236     1065.9091   527     1201.0000      855.0833 97758539   28.80%
 454759 302288     1095.0605   668     1201.0000      855.0833 97813325   28.80%
 460288 307187      923.6429   691     1201.0000      855.2469 98988318   28.79%
 460384 307273      969.7111   707     1201.0000      855.2469 99056353   28.79%
 460484 307365      961.3333   513     1201.0000      855.2469 99132335   28.79%
 460808 307623     1053.4593   681     1201.0000      855.2469 99284093   28.79%
 464437 310773     1099.8333   267     1201.0000      855.6421 1.00e+08   28.76%
Elapsed time = 8242.33 sec. (1958572.82 ticks, tree = 57771.01 MB, solutions = 150)
Nodefile size = 57610.12 MB (44175.99 MB after compression)
 464529 310855     1050.4167   567     1201.0000      855.6421 1.00e+08   28.76%
 464625 310943     1162.2143   466     1201.0000      855.6421 1.00e+08   28.76%
 464785 311088     1194.7143   470     1201.0000      855.6421 1.00e+08   28.76%
 470738 316291      995.7500   493     1201.0000      855.9911 1.02e+08   28.73%
 470848 316390      990.5732   657     1201.0000      855.9911 1.02e+08   28.73%
 470944 316478     1003.7727   635     1201.0000      855.9911 1.02e+08   28.73%
 471200 316727     1058.5000   471     1201.0000      855.9911 1.02e+08   28.73%
 471514 316999     1144.6250   387     1201.0000      855.9911 1.02e+08   28.73%
 476108 321023      943.4690   691     1201.0000      856.7500 1.03e+08   28.66%
 476172 321083      975.1576   664     1201.0000      856.7500 1.03e+08   28.66%
Elapsed time = 8482.77 sec. (2005309.54 ticks, tree = 59832.18 MB, solutions = 150)
Nodefile size = 59672.77 MB (45753.67 MB after compression)
 476268 321169     1034.6250   674     1201.0000      856.7500 1.03e+08   28.66%
 476428 321315     1148.0000   437     1201.0000      856.7500 1.03e+08   28.66%
 480999 325267      946.2857   351     1201.0000      856.9762 1.04e+08   28.64%
 481076 325338      971.2260   674     1201.0000      856.9762 1.04e+08   28.64%
 481204 325452     1012.7727   577     1201.0000      856.9762 1.04e+08   28.64%
 481428 325661     1043.0667   459     1201.0000      856.9762 1.04e+08   28.64%
 483261 327287      884.5114   743     1201.0000      856.9762 1.05e+08   28.64%
 486507 330128      948.8846   610     1201.0000      857.4902 1.05e+08   28.60%
 486606 330217      990.2500   567     1201.0000      857.4902 1.05e+08   28.60%
 486670 330272     1060.4792   616     1201.0000      857.4902 1.05e+08   28.60%
Elapsed time = 8699.86 sec. (2055839.85 ticks, tree = 61656.91 MB, solutions = 150)
Nodefile size = 61495.22 MB (47148.83 MB after compression)
 492734 335632      942.1080   498     1201.0000      857.4902 1.07e+08   28.60%
 493021 335836      987.0625   665     1201.0000      857.7500 1.07e+08   28.58%
 493117 335922     1016.7667   615     1201.0000      857.7500 1.07e+08   28.58%
 493130 335932      984.6000   548     1201.0000      857.7500 1.07e+08   28.58%
 493321 336107     1013.2222   383     1201.0000      857.7500 1.07e+08   28.58%
 499480 341529     1048.6667   530     1201.0000      858.1008 1.08e+08   28.55%
 499514 341556      909.2872   564     1201.0000      858.1008 1.08e+08   28.55%
 499559 341599     1005.7321   664     1201.0000      858.1008 1.08e+08   28.55%
 499674 341711      961.3711   606     1201.0000      858.1008 1.08e+08   28.55%
 502681 344372     1023.2692   408     1201.0000      858.1008 1.09e+08   28.55%
Elapsed time = 8910.63 sec. (2101098.19 ticks, tree = 63990.99 MB, solutions = 150)
Nodefile size = 63785.73 MB (48891.20 MB after compression)
 504225 345683      928.5000   594     1201.0000      858.2083 1.09e+08   28.54%
 504257 345715      947.9057   628     1201.0000      858.2083 1.09e+08   28.54%
 504385 345835     1010.7778   614     1201.0000      858.2083 1.10e+08   28.54%
 504438 345873     1068.2551   703     1201.0000      858.2083 1.10e+08   28.54%
 509194 350057      868.3503   732     1201.0000      858.2083 1.11e+08   28.54%
 509472 350298      930.9001   784     1201.0000      858.2083 1.11e+08   28.54%
                                                  Impl Bds: 3                  
 509515 350339      919.9312   771     1201.0000      858.2083 1.11e+08   28.54%
 509547 350367      929.0285   776     1201.0000      858.2083 1.11e+08   28.54%
 509611 350412      941.1368   728     1201.0000      858.2083 1.11e+08   28.54%
 515408 355524      870.2879   701     1201.0000      858.2083 1.12e+08   28.54%
Elapsed time = 9116.58 sec. (2146950.20 ticks, tree = 65703.07 MB, solutions = 150)
Nodefile size = 65543.11 MB (50228.74 MB after compression)
 515681 355736      912.7376   755     1201.0000      859.0835 1.12e+08   28.47%
                                                  Impl Bds: 3                  
 515745 355796      960.3472   724     1201.0000      859.0835 1.12e+08   28.47%
 515809 355856     1003.4440   707     1201.0000      859.0835 1.12e+08   28.47%
 516702 356651     1101.7857   565     1201.0000      859.0835 1.13e+08   28.47%
 520601 360092      955.0714   698     1201.0000      859.2391 1.13e+08   28.46%
                                                  Impl Bds: 1                  
 520815 360292      975.9167   533     1201.0000      859.2391 1.13e+08   28.46%
 521068 360499     1091.8289   488     1201.0000      859.2391 1.14e+08   28.46%
 521164 360585     1103.5980   610     1201.0000      859.2391 1.14e+08   28.46%
 525099 363999      886.9444   634     1201.0000      859.5406 1.15e+08   28.43%
 525139 364039     1019.2500   456     1201.0000      859.5406 1.15e+08   28.43%
Elapsed time = 9391.53 sec. (2198595.20 ticks, tree = 68464.17 MB, solutions = 150)
Nodefile size = 68305.51 MB (52357.34 MB after compression)
 525203 364101     1065.8583   526     1201.0000      859.5406 1.15e+08   28.43%
 525262 364160      938.1379   651     1201.0000      859.5406 1.15e+08   28.43%
 529573 367924      956.9793   684     1201.0000      859.7500 1.16e+08   28.41%
 529690 368040     1014.2333   465     1201.0000      859.7500 1.16e+08   28.41%
 529754 368102      976.7805   638     1201.0000      859.7500 1.16e+08   28.41%
 529818 368159      982.5714   582     1201.0000      859.7500 1.16e+08   28.41%
 529914 368244     1014.1455   616     1201.0000      859.7500 1.16e+08   28.41%
 534729 372450      946.6514   659     1201.0000      860.0074 1.17e+08   28.39%
 534889 372584     1021.1700   680     1201.0000      860.0074 1.17e+08   28.39%
 534949 372642     1106.3511   632     1201.0000      860.0074 1.17e+08   28.39%
Elapsed time = 9610.71 sec. (2246813.18 ticks, tree = 70160.05 MB, solutions = 150)
Nodefile size = 69999.57 MB (53664.43 MB after compression)
 535523 373160      918.0556   764     1201.0000      860.0074 1.17e+08   28.39%
 539928 376977      876.5000   702     1201.0000      860.1145 1.18e+08   28.38%
                                                  ZeroHalf: 1                  
 540120 377161      963.0000   471     1201.0000      860.1145 1.19e+08   28.38%
 540305 377344     1034.8750   436     1201.0000      860.1145 1.19e+08   28.38%
 542624 379399      903.5238   520     1201.0000      860.1145 1.19e+08   28.38%
 545325 381750      949.5167   729     1201.0000      860.6236 1.20e+08   28.34%
                                                  Impl Bds: 2                  
 545365 381787      947.6154   696     1201.0000      860.6236 1.20e+08   28.34%
 545429 381844      971.6250   567     1201.0000      860.6236 1.20e+08   28.34%
 545461 381869      978.6515   655     1201.0000      860.6236 1.20e+08   28.34%
 550439 386227     1126.2857   624     1201.0000      860.8789 1.21e+08   28.32%
                                                  Impl Bds: 5                  
Elapsed time = 9848.50 sec. (2303882.63 ticks, tree = 72909.28 MB, solutions = 150)
Nodefile size = 72752.28 MB (55772.05 MB after compression)
 550489 386275      977.0932   641     1201.0000      860.8789 1.21e+08   28.32%
 550553 386335     1007.7500   644     1201.0000      860.8789 1.21e+08   28.32%
 551838 387465      899.8302   440     1201.0000      860.8789 1.21e+08   28.32%
*553990+389346                         1200.0000      860.8789 1.22e+08   28.26%
Found incumbent of value 1200.000000 after 9926.77 sec. (2330921.05 ticks)
 554676 389317      903.8230   682     1200.0000      860.9839 1.22e+08   28.25%
                                                      Cuts: 8                  
 554710 389349      964.2030   415     1200.0000      860.9839 1.22e+08   28.25%
 554880 389504     1042.8241   630     1200.0000      860.9839 1.22e+08   28.25%
 556936 391289      983.9130   636     1200.0000      860.9839 1.23e+08   28.25%
                                                  Impl Bds: 5                  
 557009 391360     1004.9683   682     1200.0000      860.9839 1.23e+08   28.25%
 557041 391391     1007.4870   667     1200.0000      860.9839 1.23e+08   28.25%
 557073 391419     1058.7564   586     1200.0000      860.9839 1.23e+08   28.25%
Elapsed time = 10209.89 sec. (2476448.69 ticks, tree = 73566.51 MB, solutions = 151)
Nodefile size = 73409.49 MB (56267.92 MB after compression)
 559528 393582      890.0938   612     1200.0000      860.9839 1.24e+08   28.25%
 561353 395177      900.4444   631     1200.0000      861.6250 1.24e+08   28.20%
                                                  Impl Bds: 8                  
 561389 395207     1040.4667   608     1200.0000      861.6250 1.24e+08   28.20%
 561549 395365     1076.4583   617     1200.0000      861.6250 1.24e+08   28.20%
 561569 395383      990.1667   580     1200.0000      861.6250 1.24e+08   28.20%
 563664 397217      903.1315   531     1200.0000      861.6250 1.25e+08   28.20%
 564978 398355      913.8946   510     1200.0000      861.7936 1.25e+08   28.18%
 565093 398465      918.3333   531     1200.0000      861.7936 1.25e+08   28.18%
 569466 402241     1099.1944   345     1200.0000      861.9694 1.26e+08   28.17%
                                                  Impl Bds: 4                  
 570205 402914     1128.3140   305     1200.0000      861.9694 1.26e+08   28.17%
Elapsed time = 10605.94 sec. (2665177.95 ticks, tree = 75785.11 MB, solutions = 151)
Nodefile size = 75608.53 MB (57935.16 MB after compression)
 570218 402927      935.0000   227     1200.0000      861.9694 1.26e+08   28.17%
 571020 403619     1103.9735   350     1200.0000      861.9694 1.26e+08   28.17%
 573671 405922      968.7167   636     1200.0000      862.1075 1.27e+08   28.16%
 573735 405974      962.9538   656     1200.0000      862.1075 1.27e+08   28.16%
 573779 406012      999.5000   437     1200.0000      862.1075 1.27e+08   28.16%
 577268 409089      904.7669   704     1200.0000      862.1871 1.28e+08   28.15%
                                                  ZeroHalf: 1                  
 577332 409149      942.6570   639     1200.0000      862.1871 1.28e+08   28.15%
 577725 409491     1132.5333   298     1200.0000      862.1871 1.28e+08   28.15%
 578241 409911      977.1266   630     1200.0000      862.1871 1.28e+08   28.15%

Cover cuts applied:  16
Implied bound cuts applied:  160
Zero-half cuts applied:  302
Gomory fractional cuts applied:  12

Root node processing (before b&c):
  Real time             =   30.21 sec. (15656.51 ticks)
Parallel b&c, 32 threads:
  Real time             = 10793.18 sec. (2749597.75 ticks)
  Sync time (average)   =    0.46 sec.
  Wait time (average)   =    0.00 sec.
                          ------------
Total (root+branch&cut) = 10823.38 sec. (2765254.26 ticks)


Solution status: Feasible
Execution time: 10823.9 sec
Gap: 0.28127
