Thu Jul 19 23:28:33 2018

Tried aggregator 2 times.
MIP Presolve eliminated 18040 rows and 145 columns.
Aggregator did 576 substitutions.
Reduced MIP has 14977 rows, 3172 columns, and 54056 nonzeros.
Reduced MIP has 3172 binaries, 0 generals, 0 SOSs, and 0 indicators.
Presolve time = 0.11 sec. (79.12 ticks)
Probing time = 0.00 sec. (1.98 ticks)
Tried aggregator 1 time.
Presolve time = 0.03 sec. (22.53 ticks)
Probing time = 0.01 sec. (1.98 ticks)
Clique table members: 10724.
MIP emphasis: balance optimality and feasibility.
MIP search method: dynamic search.
Parallel mode: deterministic, using up to 32 threads.
Root relaxation solution time = 0.64 sec. (323.16 ticks)

        Nodes                                         Cuts/
   Node  Left     Objective  IInf  Best Integer    Best Bound    ItCnt     Gap

      0     0      628.0000   461                    628.0000     2113         
      0     0      682.6250   451                    Cuts: 81     5220         
      0     0      707.9427   608                    Cuts: 95     8925         
*     0+    0                         2458.0000      707.9427    14045   71.20%
Found incumbent of value 2458.000000 after 12.69 sec. (7883.92 ticks)
      0     0      718.1168   568     2458.0000      Cuts: 32    14045   70.78%
      0     0      726.3609   687     2458.0000      Cuts: 56    18254   70.45%
      0     0      727.3037   649     2458.0000      Cuts: 38    19315   70.41%
      0     0      728.0314   596     2458.0000      Cuts: 29    20331   70.38%
      0     0      728.0974   660     2458.0000      Cuts: 21    21197   70.38%
      0     0      728.1095   703     2458.0000      Cuts: 28    21793   70.38%
      0     0      728.2762   616     2458.0000   ZeroHalf: 7    22059   70.37%
      0     0      728.3030   553     2458.0000      Cuts: 41    23109   70.37%
      0     0      728.3030   614     2458.0000      Cuts: 70    23410   70.37%
      0     2      728.3030   531     2458.0000      728.3030    23410   70.37%
Elapsed time = 36.26 sec. (21845.48 ticks, tree = 0.01 MB, solutions = 1)
      1     3      732.9465   616     2458.0000      728.3030    34082   70.37%
      2     4      733.6422   614     2458.0000      728.3030    42587   70.37%
      3     5      735.9868   575     2458.0000      732.9465    49220   70.18%
      4     6      741.2222   670     2458.0000      732.9465    57184   70.18%
      5     7      740.0985   669     2458.0000      732.9465    66257   70.18%
      8    10      742.7263   641     2458.0000      732.9465    72397   70.18%
     10    12      745.7520   576     2458.0000      732.9465    75287   70.18%
     11    13      737.0333   512     2458.0000      734.3622    77050   70.12%
                                                  Impl Bds: 4                  
     15    17      746.8106   531     2458.0000      734.3622    85783   70.12%
     24    26      742.3714   513     2458.0000      734.3947    99322   70.12%
                                                  Impl Bds: 8                  
Elapsed time = 69.65 sec. (44986.74 ticks, tree = 0.01 MB, solutions = 1)
     45    47      748.1162   549     2458.0000      734.3947   109989   70.12%
                                                      Cuts: 9                  
     75    77      742.9611   499     2458.0000      734.3947   141854   70.12%
                                                 Impl Bds: 12                  
    164   166      910.1208   451     2458.0000      734.3947   244118   70.12%
    248   250      789.7721   426     2458.0000      734.3947   307417   70.12%
    376   378      795.5000   403     2458.0000      734.3947   382819   70.12%
    584   586      786.7497   461     2458.0000      734.3947   497708   70.12%
   1172  1174      899.2500   274     2458.0000      734.3947   736919   70.12%
                                                     Cuts: 14                  
   1267  1269      829.0417   347     2458.0000      734.3947   772398   70.12%
   1459  1457      892.7292   339     2458.0000      734.3947   838427   70.12%
*  2590+ 2569                         1504.0000      734.3947  1143006   51.17%
Found incumbent of value 1504.000000 after 114.88 sec. (55654.92 ticks)
*  2905  2857      integral     0     1458.0000      734.3947  1201305   49.63%
Elapsed time = 114.88 sec. (57704.48 ticks, tree = 3.33 MB, solutions = 3)
Found incumbent of value 1458.000000 after 114.88 sec. (57704.48 ticks)
*  3213+ 3140                         1429.0000      734.3947  1262679   48.61%
Found incumbent of value 1429.000000 after 114.88 sec. (55274.22 ticks)
*  3289  3187      integral     0     1317.0000      734.3947  1277272   44.24%
Found incumbent of value 1317.000000 after 114.88 sec. (57704.48 ticks)
   3839  2750      750.3011   609     1317.0000      734.3947  1407892   44.24%
                                                     Cuts: 30                  
   3903  2810      786.3485   478     1317.0000      734.3947  1445428   44.24%
   3967  2869      832.0519   479     1317.0000      734.3947  1469874   44.24%
   4127  3024      832.0294   413     1317.0000      734.3947  1532129   44.24%
   4290  3184      814.3435   460     1317.0000      734.3947  1588567   44.24%
   4858  3726      965.2500   305     1317.0000      736.2274  1782663   44.10%
                                                     Cuts: 21                  
   4928  3796      995.0000   329     1317.0000      736.2274  1815072   44.10%
   5061  3929      806.9375   394     1317.0000      736.2274  1867405   44.10%
   5158  4026     1004.6852   400     1317.0000      736.2274  1906887   44.10%
Elapsed time = 157.03 sec. (69966.10 ticks, tree = 6.84 MB, solutions = 13)
   5317  4175      852.7083   392     1317.0000      736.2274  1973345   44.10%
   5469  4323      943.3333   374     1317.0000      736.2274  2032813   44.10%
*  5575  4422      integral     0     1315.0000      736.2274  2071386   44.01%
Found incumbent of value 1315.000000 after 170.96 sec. (72024.06 ticks)
   5637  4480      961.7059   386     1315.0000      736.2274  2092964   44.01%
   5829  4655      943.6667   274     1315.0000      736.2274  2163607   44.01%
   6109  4931     1064.2778   399     1315.0000      736.2274  2261561   44.01%
   6301  5115     1088.5000   346     1315.0000      736.2274  2321034   44.01%
   6493  5299     1128.0000   273     1315.0000      736.2274  2376178   44.01%
   6608  5406      756.4144   548     1315.0000      736.2274  2410707   44.01%
*  7504  6211      integral     0     1292.0000      736.2274  2693921   43.02%
Elapsed time = 182.33 sec. (78256.57 ticks, tree = 11.14 MB, solutions = 13)
Found incumbent of value 1292.000000 after 182.33 sec. (78256.57 ticks)
   7860  6270      731.1210   549     1292.0000      741.6818  2832112   42.59%
   7861  6271      733.4635   540     1292.0000      741.6818  2833396   42.59%
   7862  6272      737.2483   650     1292.0000      741.6818  2843345   42.59%
   7863  6273      736.5231   673     1292.0000      741.6818  2851058   42.59%
   7864  6274      742.4689   618     1292.0000      741.6818  2858733   42.59%
   7866  6275      735.5643   603     1292.0000      741.6818  2870857   42.59%
   7868  6276      759.1136   540     1292.0000      741.6818  2875406   42.59%
   7869  6277      766.8037   655     1292.0000      741.6818  2885411   42.59%
   7870  6278      736.3896   600     1292.0000      741.6818  2895445   42.59%
                                                  Impl Bds: 5                  
   7871  6279      754.4559   617     1292.0000      741.6818  2908557   42.59%
Elapsed time = 254.77 sec. (120918.73 ticks, tree = 127.84 MB, solutions = 15)
   7873  6281      770.7609   588     1292.0000      741.6818  2933193   42.59%
   7877  6284      778.7500   528     1292.0000      741.6818  2974272   42.59%
   7880  6286      780.0972   623     1292.0000      741.6818  3004019   42.59%
   7882  6286      754.9800   647     1292.0000      741.6818  3013007   42.59%
                                                     Cuts: 19                  
   7883  6286      758.0253   647     1292.0000      741.6818  3023062   42.59%
   7884  6286      782.0833   589     1292.0000      741.6818  3038331   42.59%
   7890  6289      787.6094   631     1292.0000      741.6818  3098039   42.59%
   7892  6290      821.7500   491     1292.0000      741.6818  3119322   42.59%
   7899  6293      824.7500   538     1292.0000      741.6818  3187054   42.59%
   7907  6296      757.5000   480     1292.0000      741.6818  3204558   42.59%
                                                      Cuts: 8                  
Elapsed time = 331.35 sec. (164592.43 ticks, tree = 127.27 MB, solutions = 15)
   7923  6304      821.2500   505     1292.0000      741.6818  3236773   42.59%
   7932  6311      782.2592   513     1292.0000      741.6818  3259310   42.59%
   7976  6337      772.9250   541     1292.0000      741.6818  3339303   42.59%
   8022  6368      772.1414   504     1292.0000      741.6818  3384910   42.59%
   8045  6382      778.5714   469     1292.0000      741.6818  3401249   42.59%
   8091  6406      778.5714   486     1292.0000      741.6818  3440730   42.59%
   8114  6421      785.9321   509     1292.0000      741.6818  3454883   42.59%
   8160  6448      780.0000   482     1292.0000      741.6818  3489049   42.59%
   8183  6461      816.7804   547     1292.0000      741.6818  3513128   42.59%
   8229  6490      783.2656   487     1292.0000      741.6818  3546000   42.59%
Elapsed time = 375.34 sec. (177800.18 ticks, tree = 124.66 MB, solutions = 15)
   8275  6513      789.0703   483     1292.0000      741.6818  3574796   42.59%
   8298  6529      785.0500   428     1292.0000      741.6818  3600198   42.59%
   8344  6555      793.9318   456     1292.0000      741.6818  3631659   42.59%
   8615  6709      931.3274   454     1292.0000      741.6818  3821156   42.59%
   8760  6786      794.1875   465     1292.0000      741.6818  3881813   42.59%
                                                     Cuts: 18                  
   8824  6827      800.9583   435     1292.0000      741.6818  3929500   42.59%
   8892  6867      819.5018   530     1292.0000      741.6818  3966010   42.59%
   8956  6905      859.3056   473     1292.0000      741.6818  3999105   42.59%
   9020  6946      859.3056   453     1292.0000      741.6818  4031687   42.59%
   9084  6986      873.4184   481     1292.0000      741.6818  4056717   42.59%
Elapsed time = 403.05 sec. (191203.66 ticks, tree = 123.87 MB, solutions = 15)
   9180  7042      878.7222   420     1292.0000      741.6818  4094694   42.59%
   9394  7170      857.9433   466     1292.0000      741.6818  4178540   42.59%
   9640  7312      907.2500   262     1292.0000      741.6818  4273518   42.59%
                                                     Cuts: 11                  
   9769  7388      857.4444   337     1292.0000      741.6818  4330547   42.59%
   9897  7464      898.2500   335     1292.0000      741.6818  4371492   42.59%
  10025  7535      935.5451   430     1292.0000      741.6818  4423083   42.59%
  10251  7661     1024.0381   460     1292.0000      741.6818  4502075   42.59%
  10411  7754     1130.2917   412     1292.0000      741.6818  4559864   42.59%
  10507  7814     1071.0625   419     1292.0000      741.6818  4590172   42.59%
  10635  7887     1099.3287   425     1292.0000      741.6818  4627831   42.59%
Elapsed time = 437.20 sec. (202198.79 ticks, tree = 116.33 MB, solutions = 15)
  10891  8031     1117.7500   365     1292.0000      741.6818  4703190   42.59%
  11083  8121     1195.6667   394     1292.0000      741.6818  4760589   42.59%
  12292  8750     1164.1667   404     1292.0000      741.6818  5078388   42.59%
                                                  Impl Bds: 2                  
  12363  8789      901.2500   389     1292.0000      741.6818  5107708   42.59%
  12433  8819    infeasible           1292.0000      741.6818  5136459   42.59%
  12529  8872      777.2152   416     1292.0000      741.6818  5174950   42.59%
  12593  8900      783.7031   367     1292.0000      741.6818  5196871   42.59%
  12657  8928      824.6449   436     1292.0000      741.6818  5216897   42.59%
  12785  8998      846.5412   380     1292.0000      741.6818  5256502   42.59%
  13070  9128      814.7347   427     1292.0000      741.6818  5346494   42.59%
Elapsed time = 484.36 sec. (216024.78 ticks, tree = 184.12 MB, solutions = 15)
  13831  9471     1037.7500   317     1292.0000      741.6818  5604258   42.59%
                                                     Cuts: 23                  
  14219  9693      819.0764   465     1292.0000      741.6818  5778636   42.59%
  14859 10054      854.7679   368     1292.0000      741.6818  5991131   42.59%
  15248 10273      860.3750   350     1292.0000      741.6818  6104508   42.59%
  16464 10977      967.9279   388     1292.0000      741.6818  6436347   42.59%
  18543 12036      736.7483   643     1292.0000      741.6818  6986179   42.59%
                                                  Impl Bds: 6                  
  18863 12216      803.9839   390     1292.0000      741.6818  7068715   42.59%
  19535 12569      889.6944   411     1292.0000      741.6818  7214699   42.59%
  20110 12885     1119.3481   457     1292.0000      741.6818  7312276   42.59%
  20526 13092     1154.9605   448     1292.0000      741.6818  7398290   42.59%
Elapsed time = 613.75 sec. (258826.24 ticks, tree = 391.00 MB, solutions = 15)
Nodefile size = 215.27 MB (112.71 MB after compression)
  22390 14048     1176.3571   328     1292.0000      741.6818  7766925   42.59%
                                                      Cuts: 4                  
  23024 14658     1017.0167   405     1292.0000      741.6818  7935210   42.59%
  23798 15408      815.3146   425     1292.0000      741.6818  8141444   42.59%
  24597 16167     1095.8795   485     1292.0000      741.6818  8350692   42.59%
  25474 16972      845.5833   420     1292.0000      741.6818  8613870   42.59%
  26114 17585      962.3000   401     1292.0000      741.6818  8809272   42.59%
  27449 18866      847.3303   461     1292.0000      741.6818  9172399   42.59%
                                                  Impl Bds: 4                  
  27984 19378      809.1111   430     1292.0000      741.6818  9367237   42.59%
  28298 19692     1031.5833   362     1292.0000      741.6818  9486373   42.59%
  29000 20367     1028.3889   356     1292.0000      741.6818  9694911   42.59%
Elapsed time = 755.47 sec. (298009.48 ticks, tree = 1181.10 MB, solutions = 15)
Nodefile size = 1026.19 MB (517.36 MB after compression)
  30187 21513      986.3417   352     1292.0000      741.6818 10045134   42.59%
  31893 23116     1174.4688   323     1292.0000      748.8721 10520886   42.04%
                                                  Impl Bds: 7                  
  32456 23646      893.8021   376     1292.0000      748.8721 10707033   42.04%
  32909 24075      925.1200   403     1292.0000      748.8721 10836077   42.04%
  33918 25065     1163.0417   370     1292.0000      748.8721 11089141   42.04%
* 34066 25201      integral     0     1287.0000      748.8721 11123277   41.81%
Found incumbent of value 1287.000000 after 824.89 sec. (318075.31 ticks)
  34718 25827     1214.7381   367     1287.0000      748.8721 11277543   41.81%
* 36433+27434                         1282.0000      748.8721 11769081   41.59%
Found incumbent of value 1282.000000 after 838.23 sec. (323439.54 ticks)
  36474 27458     1036.3265   355     1282.0000      765.3702 11777725   40.30%
  36995 27968      940.8333   378     1282.0000      765.3702 11944700   40.30%
  37837 28786     1088.9261   352     1282.0000      765.3702 12149302   40.30%
Elapsed time = 876.44 sec. (334491.51 ticks, tree = 1870.14 MB, solutions = 15)
Nodefile size = 1718.65 MB (887.88 MB after compression)
  38631 29532      905.4366   483     1282.0000      765.3702 12355801   40.30%
  38842 29735      854.2292   458     1282.0000      765.3702 12414852   40.30%
* 39711+30563                         1278.0000      765.3702 12633683   40.11%
Found incumbent of value 1278.000000 after 905.94 sec. (342154.13 ticks)
  41353 32083     1010.8833   376     1278.0000      784.7281 13061140   38.60%
  42051 32753     1061.4405   385     1278.0000      784.7281 13254134   38.60%
  42806 33463      922.8333   333     1278.0000      784.7281 13467061   38.60%
  43529 34163      959.4773   389     1278.0000      784.7281 13651121   38.60%
  44323 34912      892.7222   400     1278.0000      784.7281 13865331   38.60%
  45873 36349      793.0000   434     1278.0000      786.9932 14300868   38.42%
  46417 36864      895.1389   386     1278.0000      786.9932 14507832   38.42%
  47057 37498      989.2000   291     1278.0000      786.9932 14685823   38.42%
Elapsed time = 1006.18 sec. (374526.27 ticks, tree = 2440.02 MB, solutions = 18)
Nodefile size = 2291.27 MB (1201.10 MB after compression)
* 47526 37924      integral     0     1276.0000      786.9932 14804653   38.32%
Found incumbent of value 1276.000000 after 1015.54 sec. (374526.27 ticks)
  48145 38509     1212.4000   158     1276.0000      786.9932 14989978   38.32%
  49207 39476     1092.0667   436     1276.0000      786.9932 15327118   38.32%
  50589 40786      874.7917   396     1276.0000      789.7500 15720938   38.11%
  51143 41307      946.9333   399     1276.0000      789.7500 15898131   38.11%
  52261 42378     1130.0952   422     1276.0000      789.7500 16188671   38.11%
* 52876 42945      integral     0     1244.0000      789.7500 16368998   36.52%
Found incumbent of value 1244.000000 after 1082.51 sec. (394096.47 ticks)
  53191 43251      880.3571   425     1244.0000      789.7500 16459254   36.52%
  54987 43591     1103.0833   345     1244.0000      791.3000 16913356   36.39%
  55055 43659      872.8889   377     1244.0000      791.3000 16983873   36.39%
Elapsed time = 1126.04 sec. (405981.62 ticks, tree = 2905.83 MB, solutions = 20)
Nodefile size = 2760.27 MB (1457.22 MB after compression)
  56071 44627     1094.1759   389     1244.0000      791.3000 17308987   36.39%
  56620 45138      867.8382   634     1244.0000      791.3000 17487788   36.39%
  56748 45265      909.3210   541     1244.0000      791.3000 17525639   36.39%
* 57248+45728                         1242.0000      791.3000 17673188   36.29%
Found incumbent of value 1242.000000 after 1160.89 sec. (408346.95 ticks)
* 59455+47647                         1225.0000      794.2222 18314138   35.17%
                                                  ZeroHalf: 1                  
Found incumbent of value 1225.000000 after 1186.44 sec. (421391.87 ticks)
* 59455+47647                         1204.0000      794.2222 18314138   34.03%
Found incumbent of value 1204.000000 after 1186.83 sec. (421524.47 ticks)
* 59455+47647                         1188.0000      794.2222 18314138   33.15%
Found incumbent of value 1188.000000 after 1186.84 sec. (421531.53 ticks)
  59455 47649      891.7292   368     1188.0000      794.2222 18314138   33.15%
* 59456+47648                         1185.0000      794.2222 18314457   32.98%
Found incumbent of value 1185.000000 after 1188.34 sec. (419636.55 ticks)
* 59456+47648                         1177.0000      794.2222 18314457   32.52%
Found incumbent of value 1177.000000 after 1188.34 sec. (419667.02 ticks)
  59456 47650      926.3000   400     1177.0000      794.2222 18314457   32.52%
  59463 47657      846.5980   431     1177.0000      794.2222 18317676   32.52%
* 59465+47657                         1172.0000      794.2222 18318364   32.23%
Found incumbent of value 1172.000000 after 1373.07 sec. (452147.18 ticks)
  59475 47666     1158.5250   392     1172.0000      794.2222 18322273   32.23%
  59481 47672      950.6667   235     1172.0000      794.2222 18324733   32.23%
  59483 47674     1053.0000   274     1172.0000      794.2222 18325157   32.23%
  59484 47672        cutoff           1172.0000      794.2222 18325677   32.23%
Elapsed time = 1540.11 sec. (634910.21 ticks, tree = 3695.51 MB, solutions = 23)
Nodefile size = 3567.33 MB (1892.16 MB after compression)
  59490 40296      822.8750   571     1172.0000      794.2222 18335625   32.23%
  59522 40328      827.3750   555     1172.0000      794.2222 18367362   32.23%
  59569 40375      849.0638   618     1172.0000      794.2222 18418043   32.23%
  59601 40407      860.7421   649     1172.0000      794.2222 18452842   32.23%
  64310 44798      819.2500   445     1172.0000      796.7273 20139366   32.02%
                                                  ZeroHalf: 1                  
  64342 44828      852.5000   583     1172.0000      796.7273 20161438   32.02%
  64438 44924      880.6667   623     1172.0000      796.7273 20215110   32.02%
  70057 50038      887.6667   424     1172.0000      799.6667 22074581   31.77%
                                                  Impl Bds: 2                  
  70121 50093      936.0000   484     1172.0000      799.6667 22100412   31.77%
  70166 50138      883.2179   587     1172.0000      799.6667 22120347   31.77%
Elapsed time = 1745.31 sec. (683830.73 ticks, tree = 2474.74 MB, solutions = 102)
Nodefile size = 2423.55 MB (1281.94 MB after compression)
  70230 50202      902.5000   374     1172.0000      799.6667 22147982   31.77%
  79207 58444      862.4722   503     1172.0000      799.6667 23606501   31.77%
  79476 58690      870.0000   540     1172.0000      800.8772 23641598   31.67%
                                                 Impl Bds: 15                  
  79627 58829      909.3125   609     1172.0000      800.8772 23711577   31.67%
  80148 59325     1016.9167   491     1172.0000      800.8772 23865933   31.67%
  80909 60030     1034.0000   331     1172.0000      800.8772 24048723   31.67%
  83422 62340      904.1000   600     1172.0000      800.8772 24607011   31.67%
  86030 64727      838.5476   597     1172.0000      803.2059 25118424   31.47%
                                                     Cuts: 12                  
  86286 64977      888.7333   499     1172.0000      803.2059 25211605   31.47%
  87054 65705      982.9095   363     1172.0000      803.2059 25329987   31.47%
Elapsed time = 1922.31 sec. (725675.73 ticks, tree = 4360.92 MB, solutions = 102)
Nodefile size = 4217.82 MB (2622.62 MB after compression)
* 89500 67962      integral     0     1164.0000      803.2059 25718482   31.00%
Found incumbent of value 1164.000000 after 1941.52 sec. (725675.73 ticks)
  89975 68370      904.1739   613     1164.0000      803.2059 25816312   31.00%
  94087 70958      864.1317   489     1164.0000      806.7143 26425799   30.69%
                                                      Cuts: 7                  
  94508 71355      939.2784   503     1164.0000      806.7143 26535809   30.69%
  95575 72342      934.0000   493     1164.0000      806.7143 26704977   30.69%
* 96528 73215      integral     0     1133.0000      806.7143 26858310   28.80%
Found incumbent of value 1133.000000 after 2032.81 sec. (741963.90 ticks)
  96545 73228     1012.3333   380     1133.0000      806.7143 26859632   28.80%
 102584 78716      841.5134   542     1133.0000      806.7143 27914545   28.80%
 102705 71070      849.5671   511     1133.0000      807.8750 27950771   28.70%
                                                  Impl Bds: 5                  
 102848 71207      872.1337   610     1133.0000      807.8750 28019703   28.70%
Elapsed time = 2085.24 sec. (759137.33 ticks, tree = 6078.38 MB, solutions = 104)
Nodefile size = 5934.44 MB (4011.08 MB after compression)
 103168 71502      914.5833   381     1133.0000      807.8750 28096206   28.70%
 110259 77904      866.2143   568     1133.0000      807.8750 29338629   28.70%
 111019 78580      881.5000   518     1133.0000      810.0000 29447443   28.51%
                                                     Cuts: 11                  
 111508 79027      954.4412   555     1133.0000      810.0000 29608978   28.51%
 111796 79289      997.2273   558     1133.0000      810.0000 29666937   28.51%
 112824 80219      945.4167   362     1133.0000      810.9593 29826465   28.42%
*113135 80477      integral     0     1126.0000      810.9593 29889233   27.98%
Found incumbent of value 1126.000000 after 2203.15 sec. (785781.10 ticks)
 113182 80520      874.7891   562     1126.0000      810.9593 29909381   27.98%
 113535 80849      930.3197   581     1126.0000      810.9593 30014455   27.98%
 118427 85300      821.5000   467     1126.0000      810.9593 30874883   27.98%
Elapsed time = 2233.10 sec. (799265.81 ticks, tree = 7568.55 MB, solutions = 104)
Nodefile size = 7395.19 MB (5123.32 MB after compression)
 120118 84928     1113.8355   314     1126.0000      813.7500 31165924   27.73%
 120931 85701     1055.5000   379     1126.0000      813.7500 31328973   27.73%
 123635 88114      937.8603   579     1126.0000      813.7500 31779672   27.73%
 124209 88655      880.3750   527     1126.0000      813.7500 31894293   27.73%
 128914 92852      841.0000   357     1126.0000      815.9583 32707413   27.53%
                                                      Cuts: 5                  
 129114 93045      961.1111   498     1126.0000      815.9583 32783106   27.53%
 129488 93385      985.9167   546     1126.0000      815.9583 32859944   27.53%
 135181 98503      890.1568   602     1126.0000      815.9583 33864538   27.53%
 136555 99720      868.6895   411     1126.0000      817.0625 34075181   27.44%
                                                     Cuts: 12                  
 137881 100945     1114.2125   306     1126.0000      817.0625 34332060   27.44%
Elapsed time = 2445.91 sec. (843742.77 ticks, tree = 11185.32 MB, solutions = 105)
Nodefile size = 11029.67 MB (7896.67 MB after compression)
 138496 101481      911.1000   555     1126.0000      817.0625 34454844   27.44%
 140694 103479      856.1667   465     1126.0000      817.0625 34901999   27.44%
 143327 105834      845.6667   375     1126.0000      819.0833 35349591   27.26%
 143477 105981      933.7500   528     1126.0000      819.0833 35439574   27.26%
 143605 106105      958.7917   596     1126.0000      819.0833 35519961   27.26%
 146621 108825      904.2500   474     1126.0000      819.0833 36324385   27.26%
 147515 109618      907.8175   457     1126.0000      819.8000 36561747   27.19%
                                                    Covers: 1                  
 147648 109739      902.6923   648     1126.0000      819.8000 36633891   27.19%
 147904 109988     1034.0000   443     1126.0000      819.8000 36728912   27.19%
 153451 114973      835.2201   599     1126.0000      819.8000 37696454   27.19%
Elapsed time = 2627.09 sec. (888801.52 ticks, tree = 12391.21 MB, solutions = 105)
Nodefile size = 12195.04 MB (8779.14 MB after compression)
*154466+115866                         1125.0000      820.5833 37859900   27.06%
Found incumbent of value 1125.000000 after 2641.32 sec. (891461.70 ticks)
 154598 115994      894.9464   497     1125.0000      820.5833 37904817   27.06%
 156898 118075      992.9286   422     1125.0000      820.5833 38282333   27.06%
 157801 118900      951.2500   559     1125.0000      820.5833 38429775   27.06%
 160834 121648      915.8043   449     1125.0000      820.5833 38956942   27.06%
 163391 123745     1111.6667   321     1125.0000      822.5190 39348084   26.89%
                                                  Impl Bds: 1                  
 163596 123941      930.2143   487     1125.0000      822.5190 39414354   26.89%
 164524 124791      892.2681   533     1125.0000      822.5190 39573164   26.89%
 165471 125629     1000.5000   547     1125.0000      822.5190 39760727   26.89%
*168748+128582                         1124.0000      822.5190 40381409   26.82%
Found incumbent of value 1124.000000 after 2785.53 sec. (918701.40 ticks)
 169753 129096     1006.1667   419     1124.0000      823.5400 40533792   26.73%
                                                  Impl Bds: 2                  
 169954 129293      901.7917   610     1124.0000      823.5400 40603480   26.73%
Elapsed time = 2828.90 sec. (930827.78 ticks, tree = 15818.29 MB, solutions = 106)
Nodefile size = 15665.68 MB (11410.04 MB after compression)
 170210 129541      978.6667   536     1124.0000      823.5400 40663569   26.73%
 173647 132640      927.5000   587     1124.0000      823.5400 41228576   26.73%
 178065 136608      951.2500   557     1124.0000      824.0735 41925865   26.68%
                                                      Cuts: 6                  
 178353 136877     1023.3333   459     1124.0000      824.0735 42014357   26.68%
 179021 137477      873.8333   560     1124.0000      824.0735 42131602   26.68%
 182983 141014      928.0556   402     1124.0000      824.0735 42795552   26.68%
 185410 143163     1067.2222   373     1124.0000      825.8632 43229787   26.52%
 185953 143677      895.8000   480     1124.0000      825.8632 43349879   26.52%
 186988 144604      987.8125   528     1124.0000      825.8632 43556702   26.52%
 191119 148313     1098.9833   300     1124.0000      825.8632 44286250   26.52%
Elapsed time = 3012.90 sec. (973314.07 ticks, tree = 18333.42 MB, solutions = 107)
Nodefile size = 18148.41 MB (13274.36 MB after compression)
 192766 149769      957.1429   576     1124.0000      826.6429 44569831   26.46%
                                                  Impl Bds: 3                  
 193854 150781      904.2222   377     1124.0000      826.6429 44788203   26.46%
 194318 151191      995.7667   522     1124.0000      826.6429 44869510   26.46%
 200005 156240     1024.1667   313     1124.0000      827.6667 45873314   26.36%
                                                  Impl Bds: 1                  
 200210 156427      937.1429   536     1124.0000      827.6667 45939530   26.36%
 200894 157052      892.6538   606     1124.0000      827.6667 46083926   26.36%
 206103 161758      935.6250   463     1124.0000      827.6667 47007046   26.36%
 206399 162031     1118.0714   435     1124.0000      828.6101 47055165   26.28%
                                                  Impl Bds: 2                  
 206906 162497      949.4167   498     1124.0000      828.6101 47176208   26.28%
 207354 162891     1052.4375   436     1124.0000      828.6101 47262706   26.28%
Elapsed time = 3219.65 sec. (1019816.23 ticks, tree = 21654.46 MB, solutions = 107)
Nodefile size = 21498.40 MB (15806.11 MB after compression)
 212151 167180      870.0619   616     1124.0000      828.6101 48091241   26.28%
 213846 168680      951.3167   326     1124.0000      829.3333 48362515   26.22%
                                                  Impl Bds: 6                  
 214015 168846      921.8133   613     1124.0000      829.3333 48421119   26.22%
 214175 169005      989.6250   508     1124.0000      829.3333 48469566   26.22%
 216972 171535     1003.0500   307     1124.0000      829.3333 48938150   26.22%
 221350 175444     1068.5556   292     1124.0000      829.7738 49717936   26.18%
                                                  Impl Bds: 1                  
 221535 175622      955.0000   588     1124.0000      829.7738 49792519   26.18%
 222062 176101     1081.6035   532     1124.0000      829.7738 49917489   26.18%
 224771 178513      921.9000   365     1124.0000      829.7738 50415400   26.18%
 228127 181520      959.1418   464     1124.0000      830.7874 50951308   26.09%
                                                      Cuts: 9                  
Elapsed time = 3395.16 sec. (1061318.44 ticks, tree = 25114.71 MB, solutions = 107)
Nodefile size = 24960.34 MB (18421.70 MB after compression)
 228417 181798      950.9375   561     1124.0000      830.7874 51034986   26.09%
 229219 182522      908.7333   382     1124.0000      830.7874 51192593   26.09%
 230772 183928      849.7436   524     1124.0000      830.7874 51438506   26.09%
 236290 188841      956.6429   372     1124.0000      831.4737 52311978   26.03%
                                                  Impl Bds: 2                  
 236408 188944      874.0000   574     1124.0000      831.4737 52397134   26.03%
 236568 189096      892.0513   540     1124.0000      831.4737 52468616   26.03%
 238425 190782      890.7857   603     1124.0000      831.4737 53023421   26.03%
 239143 191420      913.4583   461     1124.0000      831.4737 53321574   26.03%
 239380 191644      950.5417   508     1124.0000      831.4737 53431928   26.03%
 239585 191841      971.6333   560     1124.0000      831.4737 53495699   26.03%
Elapsed time = 3586.58 sec. (1103325.88 ticks, tree = 26455.69 MB, solutions = 107)
Nodefile size = 26299.46 MB (19424.34 MB after compression)
 245813 197391      913.0208   466     1124.0000      832.1500 54487612   25.97%
 246068 197634      917.3257   575     1124.0000      832.1500 54571487   25.97%
 246420 197972      945.2556   525     1124.0000      832.1500 54642476   25.97%
 250442 201581      918.3810   418     1124.0000      832.1500 55350060   25.97%
 252600 203502     1000.0000   352     1124.0000      833.5000 55692116   25.85%
                                                  ZeroHalf: 1                  
 253036 203910      947.0833   354     1124.0000      833.5000 55797625   25.85%
 254808 205515     1001.2727   522     1124.0000      833.5000 56081621   25.85%
 256344 206890     1092.8769   397     1124.0000      833.5000 56357035   25.85%
 260300 210375      875.9375   330     1124.0000      834.2500 56989659   25.78%
                                                  ZeroHalf: 1                  
 260979 211006      854.5122   425     1124.0000      834.2500 57118002   25.78%
Elapsed time = 3771.58 sec. (1145862.20 ticks, tree = 29836.17 MB, solutions = 107)
Nodefile size = 29678.17 MB (21966.28 MB after compression)
 262234 212119      892.2344   516     1124.0000      834.2500 57355218   25.78%
 267056 216470     1098.1667   453     1124.0000      834.2500 58140623   25.78%
 268147 217437        cutoff           1124.0000      834.7995 58343142   25.73%
                                                  ZeroHalf: 1                  
 268525 217796      911.5000   387     1124.0000      834.7995 58461849   25.73%
 268877 218111     1076.2222   480     1124.0000      834.7995 58535553   25.73%
 273709 222432      924.8000   455     1124.0000      834.7995 59390390   25.73%
 275147 223699      937.2679   499     1124.0000      835.3438 59648538   25.68%
                                                  Impl Bds: 1                  
 275486 223994      916.8636   605     1124.0000      835.3438 59753535   25.68%
 276190 224649     1015.0833   386     1124.0000      835.3438 59878036   25.68%
 279214 227364     1027.3333   336     1124.0000      835.3438 60403858   25.68%
Elapsed time = 3953.37 sec. (1187249.93 ticks, tree = 32222.59 MB, solutions = 107)
Nodefile size = 32053.66 MB (23760.34 MB after compression)
 281096 229052      900.6000   547     1124.0000      836.0300 60742912   25.62%
 281499 229431     1031.5000   507     1124.0000      836.0300 60844523   25.62%
 282243 230092      935.8229   569     1124.0000      836.0300 60991509   25.62%
 286772 234158     1105.2667   395     1124.0000      836.0300 61750797   25.62%
 288106 235358      908.1405   577     1124.0000      836.5625 61992555   25.57%
                                                  Impl Bds: 2                  
 288298 235534      931.2083   534     1124.0000      836.5625 62052407   25.57%
 289905 236998      917.1900   585     1124.0000      836.5625 62360030   25.57%
 294385 241006      897.8684   594     1124.0000      837.1667 63120502   25.52%
                                                  Impl Bds: 8                  
 295924 242423      949.5119   375     1124.0000      837.1667 63421880   25.52%
 297149 243523     1028.7500   278     1124.0000      837.1667 63607033   25.52%
Elapsed time = 4153.05 sec. (1231266.20 ticks, tree = 35313.38 MB, solutions = 107)
Nodefile size = 35142.37 MB (26102.11 MB after compression)
 301566 247466     1008.5556   380     1124.0000      837.1667 64320829   25.52%
 302219 248048      910.6346   536     1124.0000      837.6667 64448622   25.47%
                                                  Impl Bds: 2                  
 302443 248259      975.8750   521     1124.0000      837.6667 64500637   25.47%
 303083 248847     1029.4000   415     1124.0000      837.6667 64618390   25.47%
 309062 254205      911.5000   470     1124.0000      837.6667 65567951   25.47%
 309886 254939      915.8125   450     1124.0000      838.0833 65706191   25.44%
 310142 255187     1000.6667   404     1124.0000      838.0833 65772707   25.44%
 310658 255653     1037.0238   576     1124.0000      838.0833 65871858   25.44%
 314624 259191     1118.7917   355     1124.0000      838.0833 66568685   25.44%
 316331 260729     1010.0000   394     1124.0000      838.6731 66872030   25.38%
                                                  Impl Bds: 2                  
Elapsed time = 4334.47 sec. (1271084.41 ticks, tree = 38738.84 MB, solutions = 107)
Nodefile size = 38579.11 MB (28691.95 MB after compression)
 317179 261484      917.8333   377     1124.0000      838.6731 67010689   25.38%
 319163 263263      848.1977   558     1124.0000      838.6731 67354344   25.38%
 323866 267469     1031.7587   466     1124.0000      838.6731 68090859   25.38%
 324165 267736      873.1044   601     1124.0000      839.4097 68158213   25.32%
                                                      Cuts: 9                  
 324229 267798      873.4000   504     1124.0000      839.4097 68181234   25.32%
 324293 267857      898.8438   625     1124.0000      839.4097 68197022   25.32%
 331495 274338      890.8501   455     1124.0000      839.4097 69376027   25.32%
 331909 274712      925.8333   536     1124.0000      839.6250 69455838   25.30%
 332189 274959      968.1991   512     1124.0000      839.6250 69530102   25.30%
 333016 275711     1078.7500   341     1124.0000      839.6250 69708867   25.30%
Elapsed time = 4498.80 sec. (1311780.21 ticks, tree = 41316.43 MB, solutions = 107)
Nodefile size = 41152.97 MB (30628.37 MB after compression)
 337974 280110      941.1250   353     1124.0000      839.6250 70531919   25.30%
 338642 280727      963.5986   602     1124.0000      840.4615 70656404   25.23%
                                                  Impl Bds: 1                  
 338994 281051     1030.3095   531     1124.0000      840.4615 70737707   25.23%
 340809 282666      944.2500   502     1124.0000      840.4615 71069923   25.23%
 344610 286058      895.0732   439     1124.0000      841.0000 71728695   25.18%
                                                      Cuts: 8                  
 344817 286262     1007.3333   531     1124.0000      841.0000 71824171   25.18%
 345586 286979      874.6250   473     1124.0000      841.0000 72019334   25.18%
 349792 290715      851.2152   539     1124.0000      841.0000 72812278   25.18%
 350139 291022      910.2158   545     1124.0000      841.3333 72885356   25.15%
                                                  Impl Bds: 2                  
 351469 292221     1101.6905   440     1124.0000      841.3333 73134164   25.15%
Elapsed time = 4705.61 sec. (1357326.97 ticks, tree = 43997.50 MB, solutions = 107)
Nodefile size = 43834.30 MB (32652.02 MB after compression)
 352891 293481      908.9365   481     1124.0000      841.3333 73375135   25.15%
 357918 297980     1100.2750   331     1124.0000      841.8333 74174895   25.10%
                                                  Impl Bds: 2                  
 358581 298593     1019.2308   430     1124.0000      841.8333 74301067   25.10%
 360347 300173      981.4667   372     1124.0000      841.8333 74585957   25.10%
 365205 304523      930.3750   356     1124.0000      841.8333 75372295   25.10%
 365849 305087      903.9482   441     1124.0000      842.2500 75463282   25.07%
 366744 305902      940.0000   561     1124.0000      842.2500 75624131   25.07%
 367032 306159     1022.0000   454     1124.0000      842.2500 75690861   25.07%
 368245 307254      860.8169   392     1124.0000      842.2500 75908982   25.07%
 371837 310432      933.5417   463     1124.0000      842.5000 76568733   25.04%
Elapsed time = 4878.99 sec. (1398476.30 ticks, tree = 47456.99 MB, solutions = 107)
Nodefile size = 47298.20 MB (35258.91 MB after compression)
 372124 310701     1079.5000   471     1124.0000      842.5000 76670481   25.04%
 372477 311031     1085.3942   636     1124.0000      842.5000 76753095   25.04%
 376133 314326      887.5298   448     1124.0000      842.7361 77625145   25.02%
                                                  Impl Bds: 1                  
 376265 314449      926.2903   551     1124.0000      842.7361 77684955   25.02%
 376617 314770      992.5628   428     1124.0000      842.7361 77788970   25.02%
 377291 315379      891.9468   535     1124.0000      842.7361 77923247   25.02%
 382963 320427      918.7619   566     1124.0000      843.2500 78895639   24.98%
                                                  Impl Bds: 1                  
 383147 320603      915.5000   475     1124.0000      843.2500 78939406   24.98%
 387361 324358     1022.4952   303     1124.0000      843.2500 79656594   24.98%
 389763 326530     1043.0667   323     1124.0000      843.6923 80017005   24.94%
                                                      Cuts: 5                  
Elapsed time = 5069.05 sec. (1441306.21 ticks, tree = 49813.79 MB, solutions = 107)
Nodefile size = 49656.51 MB (37040.83 MB after compression)
 390150 326868      988.5179   559     1124.0000      843.6923 80123245   24.94%
 390348 327052     1054.4652   473     1124.0000      843.6923 80166672   24.94%
 395691 331833      899.1667   352     1124.0000      843.6923 81080903   24.94%
 396132 332240      933.1167   643     1124.0000      843.8472 81171842   24.92%
                                                  Impl Bds: 1                  
 396292 332394     1011.5833   551     1124.0000      843.8472 81224331   24.92%
 396708 332773     1109.7667   545     1124.0000      843.8472 81316414   24.92%
 403319 338660     1065.7333   389     1124.0000      844.1991 82411444   24.89%
                                                  Impl Bds: 1                  
 403882 339173      901.3667   501     1124.0000      844.1991 82531500   24.89%
 405002 340155      880.1316   546     1124.0000      844.1991 82735970   24.89%
 410636 345167      967.8333   274     1124.0000      844.1991 83677564   24.89%
Elapsed time = 5256.10 sec. (1483619.98 ticks, tree = 52015.30 MB, solutions = 107)
Nodefile size = 51828.83 MB (38678.93 MB after compression)
 410777 345302      916.0500   513     1124.0000      844.8056 83711600   24.84%
 411366 345838      927.8277   490     1124.0000      844.8056 83837017   24.84%
 414278 348428     1119.7500   245     1124.0000      844.8056 84309489   24.84%
 417737 351510      891.9812   426     1124.0000      845.3448 84878627   24.79%
 418075 351800      951.7000   460     1124.0000      845.3448 84967851   24.79%
 419080 352696      885.1023   571     1124.0000      845.3448 85174929   24.79%
 423813 356948     1085.2027   385     1124.0000      845.3448 85943857   24.79%
 424164 357275      944.9213   597     1124.0000      845.6667 86027813   24.76%
 424383 357476      930.9815   531     1124.0000      845.6667 86091651   24.76%
 424772 357833        cutoff           1124.0000      845.6667 86163772   24.76%
Elapsed time = 5449.17 sec. (1526630.48 ticks, tree = 55263.53 MB, solutions = 107)
Nodefile size = 55101.38 MB (41149.28 MB after compression)
 431597 363894      997.3956   376     1124.0000      846.0000 87244983   24.73%
                                                  Impl Bds: 2                  
 432150 364421     1077.2000   475     1124.0000      846.0000 87390212   24.73%
 434390 366420     1087.3333   349     1124.0000      846.0000 87739699   24.73%
 438078 369692      923.4000   399     1124.0000      846.0000 88313701   24.73%
 438903 370447      951.6773   473     1124.0000      846.4545 88453364   24.69%
                                                  Impl Bds: 2                  
 439212 370726      936.0870   638     1124.0000      846.4545 88516011   24.69%
 440172 371582     1119.6667   437     1124.0000      846.4545 88665407   24.69%
 444490 375417      935.9565   475     1124.0000      846.4545 89369432   24.69%
 446730 377440      980.0000   463     1124.0000      846.8130 89742294   24.66%
                                                  Impl Bds: 3                  
 447114 377803     1078.1667   532     1124.0000      846.8130 89812522   24.66%
Elapsed time = 5650.41 sec. (1568300.45 ticks, tree = 58815.95 MB, solutions = 107)
Nodefile size = 58654.24 MB (43825.34 MB after compression)
 448543 379079     1005.0204   511     1124.0000      846.8130 90050067   24.66%
 453193 383216      883.3750   377     1124.0000      847.0000 90827790   24.64%
                                                  Impl Bds: 1                  
 453469 383477      943.7500   496     1124.0000      847.0000 90921745   24.64%
 454469 384403      898.3148   524     1124.0000      847.0000 91114436   24.64%
 458832 388320      859.0000   373     1124.0000      847.0000 91846781   24.64%
 460158 389510      929.9000   475     1124.0000      847.3500 92082412   24.61%
                                                  Impl Bds: 2                  
 460414 389734     1052.7500   458     1124.0000      847.3500 92137182   24.61%
 460792 390069     1003.4722   535     1124.0000      847.3500 92212480   24.61%
 466498 395109     1008.5000   244     1124.0000      847.6563 93210109   24.59%
                                                      Cuts: 6                  
 467511 396011      888.2978   510     1124.0000      847.6563 93443074   24.59%
Elapsed time = 5838.79 sec. (1611610.63 ticks, tree = 61979.18 MB, solutions = 107)
Nodefile size = 61816.82 MB (46222.54 MB after compression)
 468290 396715      907.6972   589     1124.0000      847.6563 93561962   24.59%
 469523 397830      937.0000   308     1124.0000      847.6563 93771340   24.59%
 473062 400960      955.7917   553     1124.0000      848.1042 94369839   24.55%
                                                    Covers: 1                  
 473341 401233      958.2562   520     1124.0000      848.1042 94457958   24.55%
 473669 401547      964.8125   559     1124.0000      848.1042 94533015   24.55%
 478391 405727     1021.4444   396     1124.0000      848.2877 95462293   24.53%
 478545 405869      923.7778   631     1124.0000      848.2877 95545413   24.53%
 478801 406105      967.8750   573     1124.0000      848.2877 95629339   24.53%
 482355 409248      909.6250   357     1124.0000      848.2877 96263937   24.53%
 484622 411295      978.3000   549     1124.0000      848.4979 96647716   24.51%
Elapsed time = 6025.29 sec. (1651883.70 ticks, tree = 64341.75 MB, solutions = 107)
Nodefile size = 64183.66 MB (48008.92 MB after compression)
 485517 412087      988.6667   466     1124.0000      848.4979 96792482   24.51%
 486160 412640     1085.7222   475     1124.0000      848.4979 96906804   24.51%
 491949 417797      910.5208   378     1124.0000      849.0000 97821865   24.47%
 492619 418406      955.0000   420     1124.0000      849.0000 97955896   24.47%
 493320 419028      950.4091   547     1124.0000      849.0000 98089758   24.47%
 498193 423363      883.0000   413     1124.0000      849.0000 98903095   24.47%
 498262 423431      874.1971   462     1124.0000      849.1667 98937415   24.45%
 498614 423768      950.6413   448     1124.0000      849.1667 99002562   24.45%
 500182 425176      923.8708   458     1124.0000      849.1667 99254378   24.45%
 504815 429318     1083.5000   378     1124.0000      849.4343 1.00e+08   24.43%
Elapsed time = 6202.29 sec. (1694878.13 ticks, tree = 67595.45 MB, solutions = 107)
Nodefile size = 67440.15 MB (50474.41 MB after compression)
 505808 430200     1081.3636   468     1124.0000      849.4343 1.00e+08   24.43%
 506480 430806      936.6905   464     1124.0000      849.4343 1.00e+08   24.43%
*509114 433159      integral     0     1086.0000      849.4343 1.01e+08   21.78%
Found incumbent of value 1086.000000 after 6257.22 sec. (1702629.12 ticks)
 510496 434386      957.3250   586     1086.0000      849.4343 1.01e+08   21.78%
 512516 371807      880.0774   521     1086.0000      849.6667 1.01e+08   21.76%
                                                  Impl Bds: 2                  
 512904 372156      972.8750   512     1086.0000      849.6667 1.01e+08   21.76%
 515528 374444     1016.6538   345     1086.0000      849.6667 1.02e+08   21.76%
 519738 378041      932.8611   414     1086.0000      850.0833 1.03e+08   21.72%
                                                      Cuts: 7                  
 520877 379038     1011.6667   389     1086.0000      850.0833 1.03e+08   21.72%
 522015 380022      909.7500   392     1086.0000      850.0833 1.03e+08   21.72%
Elapsed time = 6381.20 sec. (1732644.57 ticks, tree = 59619.19 MB, solutions = 108)
Nodefile size = 59454.11 MB (44278.19 MB after compression)
 524839 382494      956.6667   413     1086.0000      850.0833 1.03e+08   21.72%
 527128 384433      935.2500   318     1086.0000      850.3889 1.04e+08   21.70%
 527894 385117      887.9012   497     1086.0000      850.3889 1.04e+08   21.70%
 528150 385343      937.5833   295     1086.0000      850.3889 1.04e+08   21.70%
 532874 389393     1063.3333   222     1086.0000      850.6667 1.05e+08   21.67%
                                                  Impl Bds: 1                  
 533103 389604      917.5645   524     1086.0000      850.6667 1.05e+08   21.67%
 533263 389749      957.3214   563     1086.0000      850.6667 1.05e+08   21.67%
 539641 395221      979.5528   503     1086.0000      850.7750 1.06e+08   21.66%
                                                    Covers: 1                  
 540069 395598     1052.5000   441     1086.0000      850.7750 1.06e+08   21.66%
 540916 396352     1040.4000   357     1086.0000      850.7750 1.06e+08   21.66%
Elapsed time = 6565.86 sec. (1776978.50 ticks, tree = 62677.12 MB, solutions = 108)
Nodefile size = 62517.33 MB (46566.96 MB after compression)
 546491 401122      955.8095   363     1086.0000      851.3333 1.07e+08   21.61%
 546622 401239      932.0098   518     1086.0000      851.3333 1.07e+08   21.61%
 547534 402041     1020.5833   316     1086.0000      851.3333 1.08e+08   21.61%
 549979 404169      919.2917   542     1086.0000      851.4091 1.08e+08   21.60%
 550181 404347      980.4375   600     1086.0000      851.4091 1.08e+08   21.60%
 550510 404640     1072.1667   331     1086.0000      851.4091 1.08e+08   21.60%
 555215 408669      932.1667   530     1086.0000      851.7381 1.09e+08   21.57%
 556207 409518      928.5000   285     1086.0000      851.7381 1.09e+08   21.57%
 556780 410036      934.2818   584     1086.0000      851.7381 1.10e+08   21.57%
 558443 411477     1037.1444   324     1086.0000      851.7381 1.10e+08   21.57%
Elapsed time = 6775.56 sec. (1823157.28 ticks, tree = 64548.06 MB, solutions = 108)
Nodefile size = 64385.18 MB (47965.78 MB after compression)
 562108 414629      962.7021   578     1086.0000      852.0714 1.10e+08   21.54%
                                                    Covers: 1                  
 562524 414994     1044.5292   556     1086.0000      852.0714 1.11e+08   21.54%
 562830 415245      918.5694   502     1086.0000      852.0714 1.11e+08   21.54%
 568393 420026     1000.7333   313     1086.0000      852.2778 1.12e+08   21.52%
 568865 420449      965.1923   521     1086.0000      852.2778 1.12e+08   21.52%
 569384 420897      916.4399   528     1086.0000      852.2778 1.12e+08   21.52%
 574009 424888     1071.8268   367     1086.0000      852.2778 1.13e+08   21.52%
 574167 424995      906.1429   541     1086.0000      852.6146 1.13e+08   21.49%
 574885 425632     1075.8000   400     1086.0000      852.6146 1.13e+08   21.49%
 576151 426747      967.1080   370     1086.0000      852.6146 1.13e+08   21.49%
Elapsed time = 6967.35 sec. (1863964.69 ticks, tree = 67442.40 MB, solutions = 108)
Nodefile size = 67281.87 MB (50141.35 MB after compression)
 581131 430991      927.7917   391     1086.0000      852.8910 1.14e+08   21.46%
 581363 431203      950.0000   437     1086.0000      852.8910 1.14e+08   21.46%
 581683 431480     1003.5333   482     1086.0000      852.8910 1.14e+08   21.46%
 588040 436859      901.5000   367     1086.0000      853.0000 1.15e+08   21.45%
 588514 437270      930.8657   567     1086.0000      853.0000 1.15e+08   21.45%
 589122 437813     1037.4400   394     1086.0000      853.0000 1.15e+08   21.45%
 592768 440900        cutoff           1086.0000      853.0000 1.16e+08   21.45%
 593700 441699      955.6250   528     1086.0000      853.4854 1.16e+08   21.41%
 593892 441864     1003.8333   442     1086.0000      853.4854 1.16e+08   21.41%
 595677 443413      925.0000   390     1086.0000      853.4854 1.17e+08   21.41%
Elapsed time = 7161.93 sec. (1908384.80 ticks, tree = 70335.69 MB, solutions = 108)
Nodefile size = 70173.03 MB (52308.85 MB after compression)
 600181 447225      934.9200   459     1086.0000      853.7500 1.17e+08   21.39%
 600496 447516      935.4167   369     1086.0000      853.7500 1.17e+08   21.39%
 600912 447867     1026.0000   296     1086.0000      853.7500 1.18e+08   21.39%
 605257 451595      903.0000   312     1086.0000      853.7500 1.18e+08   21.39%
 607457 453423      878.4375   656     1086.0000      854.0000 1.19e+08   21.36%
 607617 453571      928.5625   611     1086.0000      854.0000 1.19e+08   21.36%
 609121 454878      974.9583   458     1086.0000      854.0000 1.19e+08   21.36%
 612502 457698      927.4110   542     1086.0000      854.1667 1.20e+08   21.35%
 612838 458013      920.1464   610     1086.0000      854.1667 1.20e+08   21.35%
 613510 458587     1058.7500   432     1086.0000      854.1667 1.20e+08   21.35%
Elapsed time = 7361.10 sec. (1950747.68 ticks, tree = 73255.53 MB, solutions = 108)
Nodefile size = 73099.52 MB (54500.24 MB after compression)
 619418 463581      876.6970   616     1086.0000      854.5276 1.21e+08   21.31%
 619642 463786      952.3125   582     1086.0000      854.5276 1.21e+08   21.31%
 619935 464056     1050.7500   560     1086.0000      854.5276 1.21e+08   21.31%
 625618 468888      911.7143   311     1086.0000      854.6013 1.22e+08   21.31%
                                                     Fract: 1                  
 625873 469114      951.2870   561     1086.0000      854.6013 1.22e+08   21.31%
 626417 469589     1020.1667   531     1086.0000      854.6013 1.22e+08   21.31%
 632139 474506      861.8000   371     1086.0000      854.6013 1.23e+08   21.31%
 632344 474639      908.8125   398     1086.0000      855.0000 1.23e+08   21.27%
                                                    Covers: 1                  
 632719 474969      988.0333   301     1086.0000      855.0000 1.23e+08   21.27%
 633488 475614     1027.9167   415     1086.0000      855.0000 1.23e+08   21.27%
Elapsed time = 7563.84 sec. (1994968.67 ticks, tree = 76252.10 MB, solutions = 108)
Nodefile size = 76099.46 MB (56751.42 MB after compression)
 637655 479113      878.0000   509     1086.0000      855.3333 1.24e+08   21.24%
                                                    Covers: 3                  
 638039 479462      993.4167   381     1086.0000      855.3333 1.24e+08   21.24%
 639498 480710     1061.0000   352     1086.0000      855.3333 1.25e+08   21.24%
 643713 484349      962.3611   375     1086.0000      855.3333 1.25e+08   21.24%
 645153 485505     1032.3934   490     1086.0000      855.5000 1.26e+08   21.22%
 646405 486589      923.2649   483     1086.0000      855.5000 1.26e+08   21.22%
 647307 487345      895.1901   583     1086.0000      855.5000 1.26e+08   21.22%
 651161 490627     1051.9500   334     1086.0000      855.8125 1.27e+08   21.20%
 651380 490825      919.5313   636     1086.0000      855.8125 1.27e+08   21.20%
 651604 491025      940.1250   622     1086.0000      855.8125 1.27e+08   21.20%
Elapsed time = 7753.07 sec. (2036784.31 ticks, tree = 79107.28 MB, solutions = 108)
Nodefile size = 78957.87 MB (58891.41 MB after compression)
 656795 495500      926.0480   543     1086.0000      855.8125 1.28e+08   21.20%
 657640 496199      935.3578   527     1086.0000      855.9318 1.28e+08   21.18%
                                                  ZeroHalf: 1                  
 659395 497727      977.3167   278     1086.0000      855.9318 1.28e+08   21.18%
 659577 497870      944.2273   547     1086.0000      855.9318 1.28e+08   21.18%
 663448 501160      939.9583   387     1086.0000      856.2892 1.29e+08   21.15%
 664563 502117      915.4583   596     1086.0000      856.2892 1.29e+08   21.15%
 664979 502473      987.8333   529     1086.0000      856.2892 1.29e+08   21.15%
 669301 506155      908.5611   436     1086.0000      856.2892 1.30e+08   21.15%
 669715 506457      937.0608   483     1086.0000      856.4500 1.30e+08   21.14%
                                                  ZeroHalf: 2                  
 670739 507360     1049.1944   352     1086.0000      856.4500 1.30e+08   21.14%
Elapsed time = 7939.16 sec. (2077827.06 ticks, tree = 81905.50 MB, solutions = 108)
Nodefile size = 81754.94 MB (60994.56 MB after compression)
 672212 508619      904.0000   383     1086.0000      856.4500 1.30e+08   21.14%
 676451 512203      912.3750   309     1086.0000      856.6821 1.31e+08   21.12%
 676895 512606      938.0000   472     1086.0000      856.6821 1.31e+08   21.12%
 677150 512817        cutoff           1086.0000      856.6821 1.31e+08   21.12%
 680846 515994      942.8333   311     1086.0000      856.6821 1.32e+08   21.12%
 682311 517230      983.2969   502     1086.0000      856.8519 1.32e+08   21.10%
 682994 517815      902.5543   468     1086.0000      856.8519 1.32e+08   21.10%
 684370 519003      883.5000   393     1086.0000      856.8519 1.33e+08   21.10%
 688382 522402      956.4167   398     1086.0000      857.0536 1.33e+08   21.08%
 689822 523676      977.8333   283     1086.0000      857.0536 1.34e+08   21.08%
Elapsed time = 8126.58 sec. (2120005.47 ticks, tree = 84770.99 MB, solutions = 108)
Nodefile size = 84620.59 MB (63153.22 MB after compression)
 690623 524368      914.0417   362     1086.0000      857.0536 1.34e+08   21.08%
 694996 528104     1065.8333   371     1086.0000      857.0536 1.35e+08   21.08%
 695570 528536     1069.4359   514     1086.0000      857.3049 1.35e+08   21.06%
 696379 529254      968.2435   673     1086.0000      857.3049 1.35e+08   21.06%
 697051 529816     1028.3167   396     1086.0000      857.3049 1.35e+08   21.06%
 702473 534445      946.5000   250     1086.0000      857.5000 1.36e+08   21.04%
                                                      Cuts: 2                  
 702896 534823     1021.8810   462     1086.0000      857.5000 1.36e+08   21.04%
 703574 535415      929.0833   582     1086.0000      857.5000 1.36e+08   21.04%
 708299 539421      976.8462   438     1086.0000      857.6778 1.37e+08   21.02%
                                                  Impl Bds: 3                  
 708466 539572     1056.2780   486     1086.0000      857.6778 1.37e+08   21.02%
Elapsed time = 8324.92 sec. (2164654.04 ticks, tree = 87786.00 MB, solutions = 108)
Nodefile size = 87645.28 MB (65397.25 MB after compression)
 708594 539685     1073.1984   463     1086.0000      857.6778 1.37e+08   21.02%
 710621 541416      874.3333   590     1086.0000      857.6778 1.38e+08   21.02%
 710949 541683      971.3147   506     1086.0000      857.8271 1.38e+08   21.01%
 711154 541867      981.5000   475     1086.0000      857.8271 1.38e+08   21.01%
 714206 544440      923.3929   438     1086.0000      857.8271 1.39e+08   21.01%
 716143 546040      906.8333   459     1086.0000      857.9444 1.39e+08   21.00%
                                                      Cuts: 3                  
 716810 546624     1083.6667   316     1086.0000      857.9444 1.39e+08   21.00%
 718795 548344        cutoff           1086.0000      857.9444 1.39e+08   21.00%
 722198 551204      905.6905   376     1086.0000      858.2361 1.40e+08   20.97%
                                                  Impl Bds: 1                  
 723276 552155      870.3500   352     1086.0000      858.2361 1.40e+08   20.97%
Elapsed time = 8510.23 sec. (2205905.45 ticks, tree = 89489.75 MB, solutions = 108)
Nodefile size = 89342.04 MB (66650.88 MB after compression)
 723916 552694      880.9306   486     1086.0000      858.2361 1.40e+08   20.97%
 729141 557185      900.2500   392     1086.0000      858.2361 1.41e+08   20.97%
 730067 557976     1048.4091   451     1086.0000      858.4583 1.41e+08   20.95%
                                                  Impl Bds: 3                  
 731102 558845      906.5943   626     1086.0000      858.4583 1.41e+08   20.95%
 731774 559426     1016.8258   473     1086.0000      858.4583 1.42e+08   20.95%
 737489 564324     1042.1250   352     1086.0000      858.6250 1.42e+08   20.94%
                                                      Cuts: 5                  
 737854 564649     1049.1667   482     1086.0000      858.6250 1.43e+08   20.94%
 738430 565117      989.9000   442     1086.0000      858.6250 1.43e+08   20.94%
 742708 568807        cutoff           1086.0000      858.6250 1.43e+08   20.94%
 743143 569159      933.5784   409     1086.0000      858.8125 1.44e+08   20.92%
                                                  Impl Bds: 1                  
Elapsed time = 8694.68 sec. (2247464.81 ticks, tree = 92623.59 MB, solutions = 108)
Nodefile size = 92479.85 MB (68947.79 MB after compression)
 743541 569501     1009.0833   391     1086.0000      858.8125 1.44e+08   20.92%
 743925 569845     1079.1250   394     1086.0000      858.8125 1.44e+08   20.92%
 748519 573773      923.1879   650     1086.0000      858.8125 1.45e+08   20.92%
 749526 574614      908.9918   635     1086.0000      859.0000 1.45e+08   20.90%
                                                  Impl Bds: 2                  
 750308 575291      924.2500   554     1086.0000      859.0000 1.45e+08   20.90%
 753428 577977      890.8623   515     1086.0000      859.0000 1.46e+08   20.90%
 755691 579889     1024.1667   366     1086.0000      859.2308 1.46e+08   20.88%
                                                  Impl Bds: 1                  
 756404 580501      997.3571   550     1086.0000      859.2308 1.46e+08   20.88%
 757876 581785      989.5000   278     1086.0000      859.2308 1.46e+08   20.88%
 762764 585958      871.1871   449     1086.0000      859.4643 1.47e+08   20.86%
                                                  Impl Bds: 4                  
Elapsed time = 8879.24 sec. (2290861.80 ticks, tree = 95668.41 MB, solutions = 108)
Nodefile size = 95526.10 MB (71196.80 MB after compression)
 763365 586489        cutoff           1086.0000      859.4643 1.47e+08   20.86%
 765317 588169      993.1944   392     1086.0000      859.4643 1.47e+08   20.86%
 767599 590136      912.8750   575     1086.0000      859.4643 1.48e+08   20.86%
 768942 591268      891.3750   511     1086.0000      859.6667 1.48e+08   20.84%
                                                  Impl Bds: 2                  
 769134 591443      921.3571   461     1086.0000      859.6667 1.48e+08   20.84%
 769422 591684      961.7083   518     1086.0000      859.6667 1.48e+08   20.84%
 775200 596609     1020.4242   359     1086.0000      859.7710 1.49e+08   20.83%
                                                  Impl Bds: 1                  
 775399 596773      986.1212   546     1086.0000      859.7710 1.49e+08   20.83%
 775495 596861      998.1429   585     1086.0000      859.7710 1.49e+08   20.83%
 776644 597855      924.7500   535     1086.0000      859.7710 1.50e+08   20.83%
Elapsed time = 9064.58 sec. (2332718.88 ticks, tree = 97567.42 MB, solutions = 108)
Nodefile size = 97426.75 MB (72593.81 MB after compression)
 777925 598941      985.1538   519     1086.0000      859.9167 1.50e+08   20.82%
 778149 599137     1085.0000   380     1086.0000      859.9167 1.50e+08   20.82%
 781661 602180      926.7000   596     1086.0000      859.9167 1.51e+08   20.82%
 784512 604573      883.5000   358     1086.0000      860.0944 1.51e+08   20.80%
                                                  Impl Bds: 2                  
 785230 605179      966.7500   588     1086.0000      860.0944 1.52e+08   20.80%
 786004 605852     1061.5000   226     1086.0000      860.0944 1.52e+08   20.80%
 790310 609485      952.1667   357     1086.0000      860.2696 1.52e+08   20.79%
                                                  Impl Bds: 1                  
 791110 610233      930.6667   398     1086.0000      860.2696 1.53e+08   20.79%
 791356 610414      974.1111   626     1086.0000      860.2696 1.53e+08   20.79%
 794330 613003      899.3656   449     1086.0000      860.2696 1.53e+08   20.79%
Elapsed time = 9247.06 sec. (2375069.47 ticks, tree = 99484.34 MB, solutions = 108)
Nodefile size = 99316.21 MB (73981.51 MB after compression)
 797976 616125     1035.7000   436     1086.0000      860.5000 1.54e+08   20.76%
 798149 616270      961.7222   549     1086.0000      860.5000 1.54e+08   20.76%
 801201 618861      939.5714   533     1086.0000      860.5000 1.54e+08   20.76%
 803893 621161     1020.5000   300     1086.0000      860.6250 1.55e+08   20.75%
                                                  Impl Bds: 1                  
 805095 622198      947.5000   381     1086.0000      860.6250 1.55e+08   20.75%
 806006 622985      900.4375   566     1086.0000      860.6250 1.55e+08   20.75%
 809415 625921      890.3363   536     1086.0000      860.6250 1.56e+08   20.75%
 810207 626570      919.0796   499     1086.0000      860.8333 1.56e+08   20.73%
                                                  Impl Bds: 1                  
 810747 627059     1012.8462   578     1086.0000      860.8333 1.56e+08   20.73%
 812874 628893     1032.7000   419     1086.0000      860.8333 1.56e+08   20.73%
Elapsed time = 9446.53 sec. (2417191.22 ticks, tree = 102548.78 MB, solutions = 108)
Nodefile size = 102361.12 MB (76205.86 MB after compression)
 816987 632427      995.8333   380     1086.0000      861.0000 1.57e+08   20.72%
 817858 633202     1055.4437   494     1086.0000      861.0000 1.57e+08   20.72%
 818965 634154     1009.2500   568     1086.0000      861.0000 1.57e+08   20.72%
 823536 638052      924.7258   347     1086.0000      861.1688 1.58e+08   20.70%
 824547 638928     1018.8125   368     1086.0000      861.1688 1.58e+08   20.70%
 825298 639562      932.3333   453     1086.0000      861.1688 1.59e+08   20.70%
 828521 642264        cutoff           1086.0000      861.1688 1.59e+08   20.70%
 829101 642764      914.8889   538     1086.0000      861.3000 1.59e+08   20.69%
 830349 643839      930.9545   430     1086.0000      861.3000 1.60e+08   20.69%
 832397 645613      956.0375   382     1086.0000      861.3000 1.60e+08   20.69%
Elapsed time = 9634.02 sec. (2459871.15 ticks, tree = 105372.35 MB, solutions = 108)
Nodefile size = 105215.70 MB (78306.39 MB after compression)
 836135 648785      931.8333   310     1086.0000      861.5000 1.60e+08   20.67%
 836437 649066      946.1667   484     1086.0000      861.5000 1.61e+08   20.67%
 837153 649672      911.3214   609     1086.0000      861.5000 1.61e+08   20.67%
 841356 653277      883.7941   580     1086.0000      861.5000 1.62e+08   20.67%
 841426 653324      918.3636   658     1086.0000      861.6406 1.62e+08   20.66%
                                                  Impl Bds: 3                  
 841554 653442      928.4540   641     1086.0000      861.6406 1.62e+08   20.66%
 846420 657620      908.0000   340     1086.0000      861.6406 1.63e+08   20.66%
 846645 657832      985.3000   559     1086.0000      861.6406 1.63e+08   20.66%
 846879 658049      886.5833   393     1086.0000      861.6406 1.63e+08   20.66%
*847668+658721                         1075.0000      861.6406 1.63e+08   19.85%
Found incumbent of value 1075.000000 after 9829.68 sec. (2493699.16 ticks)
 852195 636286      998.3000   447     1075.0000      861.9792 1.64e+08   19.82%
Elapsed time = 9853.77 sec. (2512390.35 ticks, tree = 104302.78 MB, solutions = 108)
Nodefile size = 104161.94 MB (77370.90 MB after compression)
 853091 637041     1034.6667   267     1075.0000      861.9792 1.64e+08   19.82%
 853336 637250      967.1667   308     1075.0000      861.9792 1.64e+08   19.82%
*854137+637923                         1070.0000      861.9792 1.64e+08   19.44%
Found incumbent of value 1070.000000 after 9917.22 sec. (2513187.42 ticks)
*854658+638333                         1060.0000      861.9792 1.64e+08   18.68%
Found incumbent of value 1060.000000 after 9917.22 sec. (2517655.98 ticks)
 855096 638716      878.7953   418     1060.0000      861.9792 1.64e+08   18.68%
 857134 590086      967.1667   308     1060.0000      862.0750 1.64e+08   18.67%
                                                  Impl Bds: 1                  
 857340 590268     1001.6667   615     1060.0000      862.0750 1.65e+08   18.67%
 857352 590275      945.6667   476     1060.0000      862.0750 1.65e+08   18.67%
 859472 592016      982.5833   441     1060.0000      862.1667 1.65e+08   18.66%
 859663 592179      942.8704   502     1060.0000      862.1667 1.65e+08   18.66%
 863537 595358     1009.0000   274     1060.0000      862.2222 1.66e+08   18.66%
 863718 595520      876.1071   454     1060.0000      862.2222 1.66e+08   18.66%
Elapsed time = 10115.34 sec. (2624985.96 ticks, tree = 97157.22 MB, solutions = 113)
Nodefile size = 97019.83 MB (71851.20 MB after compression)
 868945 599826      960.2857   561     1060.0000      862.4773 1.67e+08   18.63%
                                                    Covers: 1                  
 869123 599979      863.5000   353     1060.0000      862.4773 1.67e+08   18.63%
 873687 603769     1043.9167   405     1060.0000      862.5939 1.68e+08   18.62%
 873750 603824      990.6667   400     1060.0000      862.5939 1.68e+08   18.62%
 875508 605284      925.6667   382     1060.0000      862.5939 1.68e+08   18.62%
 877741 607116      915.0000   257     1060.0000      862.6957 1.69e+08   18.61%
 877920 607279      930.6250   503     1060.0000      862.6957 1.69e+08   18.61%
 878619 607839      925.2000   493     1060.0000      862.6957 1.69e+08   18.61%
 879008 608172      980.9167   326     1060.0000      862.6957 1.69e+08   18.61%
 882496 611062     1002.2500   536     1060.0000      862.8333 1.70e+08   18.60%
Elapsed time = 10339.23 sec. (2702477.82 ticks, tree = 99951.61 MB, solutions = 113)
Nodefile size = 99813.01 MB (73865.56 MB after compression)
 882533 611091      978.7000   234     1060.0000      862.8333 1.70e+08   18.60%
*883089+611559                         1054.0000      862.8333 1.70e+08   18.14%
Found incumbent of value 1054.000000 after 10367.13 sec. (2705879.56 ticks)
 883947 612263      908.1000   336     1054.0000      862.8333 1.70e+08   18.14%
 887100 593122      900.6667   507     1054.0000      862.9856 1.71e+08   18.12%
 887388 593366      962.2839   556     1054.0000      862.9856 1.71e+08   18.12%
*887585+593519                         1051.0000      862.9856 1.71e+08   17.89%
Found incumbent of value 1051.000000 after 10406.26 sec. (2724723.86 ticks)
*888140+593966                         1043.0000      862.9856 1.71e+08   17.26%
Found incumbent of value 1043.000000 after 10413.73 sec. (2729577.34 ticks)
 888444 594230     1043.2333   382     1043.0000      862.9856 1.71e+08   17.26%
 889007 594683     1039.9167   279     1043.0000      862.9856 1.71e+08   17.26%
 889947 595462     1015.8667   429     1043.0000      862.9856 1.71e+08   17.26%
*890686+596071                         1039.0000      862.9856 1.71e+08   16.94%
Found incumbent of value 1039.000000 after 10431.66 sec. (2729522.22 ticks)
 891661 541460      991.6000   388     1039.0000      863.1111 1.71e+08   16.93%
*892319+541998                         1034.0000      863.1111 1.72e+08   16.53%
Found incumbent of value 1034.000000 after 10476.99 sec. (2747840.91 ticks)
 892471 542118      914.9600   374     1034.0000      863.1111 1.72e+08   16.53%
 893533 542962      963.0000   305     1034.0000      863.1111 1.72e+08   16.53%
Elapsed time = 10492.18 sec. (2762477.00 ticks, tree = 88324.39 MB, solutions = 122)
Nodefile size = 88173.15 MB (64969.81 MB after compression)
*896307+545158                         1030.0000      863.1111 1.72e+08   16.20%
Found incumbent of value 1030.000000 after 10492.18 sec. (2754152.37 ticks)
 896645 512203      920.8333   495     1030.0000      863.2917 1.72e+08   16.19%
 896671 512224      959.2500   361     1030.0000      863.2917 1.72e+08   16.19%
 897757 513084     1011.5476   592     1030.0000      863.2917 1.73e+08   16.19%
 898305 513522      912.2344   398     1030.0000      863.2917 1.73e+08   16.19%
 901675 516121      901.7292   623     1030.0000      863.4265 1.73e+08   16.17%
 903175 517289      935.0815   486     1030.0000      863.5588 1.74e+08   16.16%
 903367 517450      985.3389   526     1030.0000      863.5588 1.74e+08   16.16%
 903789 517779      889.4067   444     1030.0000      863.5588 1.74e+08   16.16%
 906869 520133      891.5000   539     1030.0000      863.7130 1.75e+08   16.14%
 907315 520489      935.1667   356     1030.0000      863.7130 1.75e+08   16.14%
Elapsed time = 10709.64 sec. (2824693.55 ticks, tree = 84634.06 MB, solutions = 134)
Nodefile size = 84493.46 MB (62117.39 MB after compression)
 907691 520775      925.7410   527     1030.0000      863.7130 1.75e+08   16.14%
 908547 521457      869.8667   351     1030.0000      863.7130 1.76e+08   16.14%
 911310 523596     1016.5667   303     1030.0000      863.8333 1.76e+08   16.13%

Clique cuts applied:  15
Cover cuts applied:  16
Implied bound cuts applied:  214
Zero-half cuts applied:  171
Gomory fractional cuts applied:  11

Root node processing (before b&c):
  Real time             =   35.84 sec. (21588.77 ticks)
Parallel b&c, 32 threads:
  Real time             = 10782.50 sec. (2850060.36 ticks)
  Sync time (average)   =    0.60 sec.
  Wait time (average)   =    0.00 sec.
                          ------------
Total (root+branch&cut) = 10818.34 sec. (2871649.13 ticks)


Solution status: Feasible
Execution time: 10818.7 sec
Gap: 0.16131
