Fri Jul 20 14:30:47 2018

Tried aggregator 2 times.
MIP Presolve eliminated 18136 rows and 145 columns.
Aggregator did 552 substitutions.
Reduced MIP has 16784 rows, 4446 columns, and 62316 nonzeros.
Reduced MIP has 4446 binaries, 0 generals, 0 SOSs, and 0 indicators.
Presolve time = 0.13 sec. (90.77 ticks)
Probing time = 0.01 sec. (2.86 ticks)
Tried aggregator 1 time.
Presolve time = 0.04 sec. (27.22 ticks)
Probing time = 0.01 sec. (2.86 ticks)
Clique table members: 20292.
MIP emphasis: balance optimality and feasibility.
MIP search method: dynamic search.
Parallel mode: deterministic, using up to 32 threads.
Root relaxation solution time = 1.94 sec. (427.13 ticks)

        Nodes                                         Cuts/
   Node  Left     Objective  IInf  Best Integer    Best Bound    ItCnt     Gap

      0     0      628.0000   537                    628.0000     2090         
      0     0      639.1250   545                    Cuts: 34     2589         
      0     0      661.9681   628                    Cuts: 64     8762         
*     0+    0                         2875.0000      661.9681    13279   76.98%
Found incumbent of value 2875.000000 after 14.12 sec. (8007.25 ticks)
      0     0      685.9938   756     2875.0000  ZeroHalf: 36    13279   76.14%
      0     0      698.6675   822     2875.0000      Cuts: 50    21164   75.70%
      0     0      719.0285   757     2875.0000      Cuts: 39    27391   74.99%
      0     0      721.3269   719     2875.0000  ZeroHalf: 41    30971   74.91%
      0     0      725.2739   717     2875.0000      Cuts: 34    37039   74.77%
      0     0      727.6536   758     2875.0000      Cuts: 33    40653   74.69%
      0     0      727.7041   687     2875.0000      Cuts: 35    41228   74.69%
      0     0      728.0279   668     2875.0000      Cuts: 36    42107   74.68%
      0     0      728.3784   671     2875.0000      Cuts: 31    42598   74.67%
      0     0      728.6753   673     2875.0000      Cuts: 23    42970   74.65%
      0     0      729.0771   649     2875.0000      Cuts: 30    43197   74.64%
      0     0      729.2325   654     2875.0000      Cuts: 15    43321   74.64%
      0     0      729.3140   635     2875.0000      Cuts: 14    43442   74.63%
      0     0      729.3140   650     2875.0000      Cuts: 19    43506   74.63%
      0     0      729.3189   624     2875.0000  ZeroHalf: 10    43628   74.63%
      0     0      729.3362   622     2875.0000      Cuts: 10    43722   74.63%
      0     2      729.3362   622     2875.0000      729.3362    43722   74.63%
Elapsed time = 51.66 sec. (33221.98 ticks, tree = 0.01 MB, solutions = 1)
      1     3      732.3299   689     2875.0000      729.3362    51017   74.63%
      2     4      731.3318   661     2875.0000      729.3362    58887   74.63%
      3     5      732.2665   666     2875.0000      731.3438    62136   74.56%
      4     6      737.4323   649     2875.0000      731.3438    74699   74.56%
      8    10      742.9330   598     2875.0000      731.3438    89648   74.56%
      9    11      736.9029   567     2875.0000      732.2772    91149   74.53%
                                                     Cuts: 15                  
     10    12      742.1914   465     2875.0000      732.2772    97439   74.53%
     12    14      744.6051   673     2875.0000      732.2772   111054   74.53%
     14    16      745.5938   629     2875.0000      732.2772   116821   74.53%
     23    25      750.9942   598     2875.0000      732.2772   125263   74.53%
                                                  Impl Bds: 6                  
Elapsed time = 94.02 sec. (63951.02 ticks, tree = 0.01 MB, solutions = 1)
     27    29      751.5250   566     2875.0000      732.2772   127468   74.53%
     29    31      746.5139   427     2875.0000      732.2772   134089   74.53%
                                                  Impl Bds: 5                  
     43    45      740.2296   407     2875.0000      732.2772   161140   74.53%
     68    70      764.5390   534     2875.0000      732.2772   202300   74.53%
                                                     Cuts: 21                  
    168   170      767.5651   480     2875.0000      732.2772   289348   74.53%
    233   235      791.8242   591     2875.0000      732.2772   323834   74.53%
   1883  1852      763.6221   513     2875.0000      732.2772   683525   74.53%
                                                 Impl Bds: 15                  
   2063  2030     1036.1667   280     2875.0000      732.2772   715622   74.53%
   2160  2127     1250.6667   303     2875.0000      732.2772   735595   74.53%
   2369  2332      863.2473   408     2875.0000      732.2772   772091   74.53%
Elapsed time = 144.03 sec. (79391.81 ticks, tree = 11.34 MB, solutions = 1)
*  2700+ 2659                         1696.0000      732.2772   824495   56.82%
Found incumbent of value 1696.000000 after 149.45 sec. (75529.69 ticks)
*  2994+ 2933                         1687.0000      732.2772   865893   56.59%
Found incumbent of value 1687.000000 after 149.45 sec. (75699.52 ticks)
*  2994+ 2933                         1668.0000      732.2772   865893   56.10%
Found incumbent of value 1668.000000 after 149.45 sec. (75761.82 ticks)
*  3869  3698      integral     0     1618.0000      732.2772   990389   54.74%
Found incumbent of value 1618.000000 after 149.45 sec. (79391.81 ticks)
   4032  3835      735.3809   673     1618.0000      732.2772  1020010   54.74%
*  4049  3848      integral     0     1474.0000      732.2772  1022120   50.32%
Found incumbent of value 1474.000000 after 149.45 sec. (82385.27 ticks)
*  4055+ 3852                         1435.0000      732.2772  1022584   48.97%
Found incumbent of value 1435.000000 after 149.45 sec. (79226.56 ticks)
*  4065  3860      integral     0     1421.0000      732.2772  1024180   48.47%
Found incumbent of value 1421.000000 after 149.45 sec. (82385.27 ticks)
   4113  3896      736.6052   680     1421.0000      732.2772  1039462   48.47%
   4116  3535      739.8802   575     1421.0000      735.4051  1042443   48.25%
                                                     Cuts: 62                  
   4147  3566      743.9525   680     1421.0000      735.4051  1055166   48.25%
   4275  3694      764.0583   559     1421.0000      735.4051  1088746   48.25%
   4659  4072      862.4667   448     1421.0000      735.4051  1169289   48.25%
   5043  4442      929.9091   424     1421.0000      735.4051  1244631   48.25%
Elapsed time = 172.33 sec. (91250.20 ticks, tree = 68.91 MB, solutions = 3)
   8738  7916      731.0969   604     1421.0000      736.6052  1731746   48.16%
   8739  7916      734.1513   564     1421.0000      736.6052  1732904   48.16%
   8740  7916      743.6832   643     1421.0000      736.6052  1742932   48.16%
   8742  7917      742.6602   695     1421.0000      736.6052  1751589   48.16%
   8745  7918      747.8750   625     1421.0000      736.6052  1764200   48.16%
                                                     Cuts: 16                  
   8748  7920      785.6397   708     1421.0000      736.6052  1789831   48.16%
   8752  7921      792.7083   694     1421.0000      736.6052  1810246   48.16%
   8754  7922      755.4204   559     1421.0000      736.6052  1814821   48.16%
                                                     Cuts: 21                  
   8756  7923      768.6410   731     1421.0000      736.6052  1826853   48.16%
   8757  7923      799.7435   751     1421.0000      736.6052  1837916   48.16%
Elapsed time = 291.55 sec. (146397.10 ticks, tree = 127.25 MB, solutions = 10)
   8759  7923      778.4110   620     1421.0000      736.6052  1846333   48.16%
   8760  7923      819.7408   751     1421.0000      736.6052  1857062   48.16%
   8762  7925      822.7483   652     1421.0000      736.6052  1866757   48.16%
   8764  7927      832.5000   644     1421.0000      736.6052  1889235   48.16%
   8766  7927      737.0000   397     1421.0000      736.7701  1897120   48.15%
   8767  7927      778.6471   703     1421.0000      736.7701  1908265   48.15%
   8773  7930      791.6263   631     1421.0000      736.7701  1942022   48.15%
*  8774+ 5297                         1402.0000      736.7701  1952317   47.45%
Found incumbent of value 1402.000000 after 335.41 sec. (170096.60 ticks)
   8777  5300      835.0906   710     1402.0000      736.7701  1980909   47.45%
   8781  5301      795.1324   636     1402.0000      736.7701  2000035   47.45%
   8791  5306      737.0000   343     1402.0000      736.8772  2041342   47.44%
                                                     Cuts: 21                  
Elapsed time = 351.24 sec. (177986.06 ticks, tree = 84.57 MB, solutions = 10)
   8807  5315      804.7086   684     1402.0000      736.8772  2054933   47.44%
   8857  5345      817.1667   544     1402.0000      736.8772  2108139   47.44%
   8932  5389      811.3462   604     1402.0000      736.8772  2165549   47.44%
   8991  5423      768.7833   378     1402.0000      736.8772  2205131   47.44%
   9056  5460      824.4503   552     1402.0000      736.8772  2246345   47.44%
   9116  5497      760.8535   449     1402.0000      736.8772  2283320   47.44%
   9182  5535      842.9680   503     1402.0000      736.8772  2325174   47.44%
   9216  5555      771.0332   485     1402.0000      736.8772  2343906   47.44%
   9241  5568      770.9746   417     1402.0000      736.8772  2360286   47.44%
   9316  5614      777.3202   380     1402.0000      736.8772  2410724   47.44%
Elapsed time = 414.63 sec. (189532.97 ticks, tree = 81.07 MB, solutions = 11)
   9341  5628      792.6038   375     1402.0000      736.8772  2429828   47.44%
   9416  5673      795.4000   393     1402.0000      736.8772  2473448   47.44%
   9491  5718      786.4397   375     1402.0000      736.8772  2522620   47.44%
   9891  5933      792.6712   450     1402.0000      736.8772  2741404   47.44%
                                                      Cuts: 8                  
   9894  5933      876.0950   397     1402.0000      736.8772  2743097   47.44%
   9916  5941      771.0332   483     1402.0000      736.8772  2756204   47.44%
*  9918+ 4353                         1390.0000      736.8772  2758176   46.99%
Found incumbent of value 1390.000000 after 489.85 sec. (217037.24 ticks)
   9918  4355      775.5660   507     1390.0000      736.8772  2758176   46.99%
  11108  5037      781.4168   465     1390.0000      736.8772  3153748   46.99%
                                                 ZeroHalf: 15                  
  11125  5047     1092.6875   442     1390.0000      736.8772  3162955   46.99%
  11172  5074      786.1383   458     1390.0000      736.8772  3183699   46.99%
Elapsed time = 505.99 sec. (220260.49 ticks, tree = 53.20 MB, solutions = 11)
  11176  5076      820.6269   454     1390.0000      736.8772  3189878   46.99%
  11208  5096      802.4286   457     1390.0000      736.8772  3200015   46.99%
  11240  5116      813.3494   449     1390.0000      736.8772  3215561   46.99%
  11304  5149      814.3873   462     1390.0000      736.8772  3246299   46.99%
  11368  5191      823.2500   406     1390.0000      736.8772  3268023   46.99%
  11432  5231      838.5235   402     1390.0000      736.8772  3290835   46.99%
  11464  5250      833.8766   419     1390.0000      736.8772  3304301   46.99%
  11496  5268      840.0222   375     1390.0000      736.8772  3316947   46.99%
  12157  5611      759.1751   538     1390.0000      736.8772  3475806   46.99%
  12187  5624      834.9071   450     1390.0000      736.8772  3489453   46.99%
Elapsed time = 557.40 sec. (233460.62 ticks, tree = 50.11 MB, solutions = 12)
  12315  5680      848.0000   261     1390.0000      736.8772  3550380   46.99%
  12446  5754      822.3826   403     1390.0000      736.8772  3606186   46.99%
  12667  5879      903.8046   430     1390.0000      736.8772  3700262   46.99%
  12827  5970      914.9034   398     1390.0000      736.8772  3761920   46.99%
  13118  6126      856.8163   433     1390.0000      736.8772  3880208   46.99%
  13310  6234      867.1250   356     1390.0000      736.8772  3949826   46.99%
  13502  6332      966.0711   427     1390.0000      736.8772  4022108   46.99%
  13790  6499      909.3621   450     1390.0000      736.8772  4120157   46.99%
  13971  6607      967.5509   423     1390.0000      736.8772  4188639   46.99%
  14163  6717      949.6250   438     1390.0000      736.8772  4254444   46.99%
Elapsed time = 620.83 sec. (244861.72 ticks, tree = 36.38 MB, solutions = 12)
  14419  6855      992.6497   451     1390.0000      736.8772  4341368   46.99%
  14689  7004      897.7083   280     1390.0000      736.8772  4431803   46.99%
  14945  7152      951.7500   288     1390.0000      736.8772  4510295   46.99%
  15233  7302      956.7500   301     1390.0000      736.8772  4600010   46.99%
  15390  7385     1032.0586   404     1390.0000      736.8772  4658031   46.99%
  15774  7585     1089.8463   375     1390.0000      736.8772  4785003   46.99%
  16560  7970      753.7775   472     1390.0000      736.8772  5059191   46.99%
  17686  8710      831.7273   367     1390.0000      737.0000  5474994   46.98%
                                                      Cuts: 3                  
  17764  8788      792.8078   496     1390.0000      737.0000  5519584   46.98%
  17932  8953      813.5732   423     1390.0000      737.0000  5607856   46.98%
Elapsed time = 694.89 sec. (259169.31 ticks, tree = 21.40 MB, solutions = 12)
  18348  9365      867.8658   349     1390.0000      737.0000  5771710   46.98%
  18700  9706      887.0846   427     1390.0000      737.0000  5902043   46.98%
  19148 10140      960.2083   291     1390.0000      737.0000  6060307   46.98%
  19884 10846     1022.8300   358     1390.0000      737.0000  6350578   46.98%
  20620 11555     1084.2511   374     1390.0000      737.0000  6626963   46.98%
  21324 12246     1107.8024   312     1390.0000      737.0000  6882586   46.98%
  23849 14638      797.3992   414     1390.0000      737.0000  7757764   46.98%
                                                     Cuts: 35                  
  24489 15270      999.2582   392     1390.0000      737.0000  7982241   46.98%
  25075 15835      941.1842   383     1390.0000      737.0000  8159571   46.98%
  26355 17056     1153.6667   373     1390.0000      737.0000  8552589   46.98%
Elapsed time = 923.85 sec. (299012.20 ticks, tree = 57.79 MB, solutions = 12)
  27344 17983      964.1854   450     1390.0000      737.0000  8957379   46.98%
  28307 18896      916.7616   382     1390.0000      737.0000  9338572   46.98%
  29808 20337      778.0394   487     1390.0000      737.0000  9931030   46.98%
  31924 22358      830.7630   389     1390.0000      740.6803 10697750   46.71%
                                                  ZeroHalf: 6                  
  32276 22701      904.8924   402     1390.0000      740.6803 10844168   46.71%
  32802 23223     1005.3157   369     1390.0000      740.6803 11036832   46.71%
  33122 23529     1025.6667   268     1390.0000      740.6803 11142097   46.71%
  34562 24873     1167.5833   306     1390.0000      740.6803 11592544   46.71%
  35522 25797     1233.3800   326     1390.0000      740.6803 11969955   46.71%
  38975 29048      987.5000   274     1390.0000      744.1200 13172505   46.47%
                                                      Cuts: 5                  
Elapsed time = 1097.21 sec. (338430.89 ticks, tree = 132.46 MB, solutions = 12)
Nodefile size = 3.56 MB (1.39 MB after compression)
  38997 29068      783.0282   600     1390.0000      744.1200 13208434   46.47%
  39495 29549      826.7281   401     1390.0000      744.1200 13492315   46.47%
  40135 30163      990.8351   382     1390.0000      744.1200 13730070   46.47%
  40945 30942      877.0937   521     1390.0000      744.1200 14053500   46.47%
  41023 31015      882.8934   676     1390.0000      744.1200 14090878   46.47%
* 43863+33721                         1381.0000      744.1200 15113644   46.12%
Found incumbent of value 1381.000000 after 1213.01 sec. (360153.31 ticks)
  44242 34062      890.7292   688     1381.0000      747.0805 15240440   45.90%
                                                     Cuts: 11                  
  44274 34093      938.1515   700     1381.0000      747.0805 15266854   45.90%
  44306 34123      941.2776   642     1381.0000      747.0805 15300116   45.90%
  44370 34187      960.7143   586     1381.0000      747.0805 15344783   45.90%
  44594 34411      990.1667   548     1381.0000      747.0805 15463632   45.90%
Elapsed time = 1329.70 sec. (388049.00 ticks, tree = 155.38 MB, solutions = 12)
Nodefile size = 26.18 MB (10.72 MB after compression)
  45666 35448      928.0000   246     1381.0000      747.0805 15937850   45.90%
  46989 36679      847.1083   465     1381.0000      747.0805 16522960   45.90%
  49472 39005      904.0485   760     1381.0000      756.4590 17420907   45.22%
                                                  Impl Bds: 3                  
  49504 39034      919.8593   687     1381.0000      756.4590 17472807   45.22%
  49536 39062      927.4836   663     1381.0000      756.4590 17533904   45.22%
  49569 39095      883.4437   637     1381.0000      756.4590 17622976   45.22%
  49601 39127      889.3833   718     1381.0000      756.4590 17708164   45.22%
  49704 39230      893.0484   643     1381.0000      756.4590 17903704   45.22%
  50717 40163      841.9225   647     1381.0000      761.2986 18592913   44.87%
                                                  Impl Bds: 5                  
  50751 40197      944.1742   634     1381.0000      761.2986 18724852   44.87%
Elapsed time = 1514.32 sec. (446910.78 ticks, tree = 253.63 MB, solutions = 13)
Nodefile size = 124.69 MB (34.85 MB after compression)
  50784 40230      930.2660   665     1381.0000      761.2986 18869230   44.87%
  50832 40278      922.4259   610     1381.0000      761.2986 19007408   44.87%
  50864 40310      930.8306   633     1381.0000      761.2986 19088179   44.87%
  55086 44298      864.2913   716     1381.0000      761.2986 20715527   44.87%
  55121 44333      853.4375   614     1381.0000      761.2986 20812491   44.87%
  55153 44365      866.9722   786     1381.0000      761.2986 20853816   44.87%
  55185 44397      874.1368   676     1381.0000      761.2986 20916572   44.87%
  55305 44517      900.7302   691     1381.0000      761.2986 21039268   44.87%
  57229 46332      891.3824   663     1381.0000      761.2986 22036794   44.87%
  58074 47120      832.2500   355     1381.0000      761.2986 22421157   44.87%
Elapsed time = 1790.27 sec. (518577.04 ticks, tree = 272.51 MB, solutions = 13)
Nodefile size = 142.98 MB (40.34 MB after compression)
  59374 48350      837.7414   627     1381.0000      761.2986 23019419   44.87%
  59411 48386      901.7377   642     1381.0000      761.2986 23130797   44.87%
  59443 48416      924.8957   648     1381.0000      761.2986 23204660   44.87%
  59507 48478      928.8333   470     1381.0000      761.2986 23298108   44.87%
  59539 48508      951.7339   721     1381.0000      761.2986 23345808   44.87%
  59600 48563     1041.4839   633     1381.0000      761.2986 23438314   44.87%
* 63917+52640                         1360.0000      765.2614 25311578   43.73%
                                                  Impl Bds: 1                  
Found incumbent of value 1360.000000 after 1941.12 sec. (555209.05 ticks)
* 63917+52640                         1338.0000      765.2614 25311578   42.81%
Found incumbent of value 1338.000000 after 1941.22 sec. (555268.07 ticks)
* 63917+52640                         1325.0000      765.2614 25311578   42.24%
Found incumbent of value 1325.000000 after 1941.24 sec. (555283.72 ticks)
* 63917+52640                         1323.0000      765.2614 25311578   42.16%
Found incumbent of value 1323.000000 after 1941.28 sec. (555308.74 ticks)
* 63917+52640                         1306.0000      765.2614 25311578   41.40%
Found incumbent of value 1306.000000 after 1941.68 sec. (555515.00 ticks)
  63925 52650     1054.9622   652     1306.0000      765.2614 25326770   41.40%
  63960 50136      784.2051   647     1306.0000      765.2614 25389123   41.40%
  63992 50168      807.8702   699     1306.0000      765.2614 25442209   41.40%
  64024 50200      849.7292   554     1306.0000      765.2614 25466587   41.40%
Elapsed time = 2106.77 sec. (594563.77 ticks, tree = 296.44 MB, solutions = 30)
Nodefile size = 197.24 MB (59.35 MB after compression)
  70128 55920      918.7131   480     1306.0000      768.3520 28225750   41.17%
                                                     Cuts: 10                  
  70230 56016     1034.1098   561     1306.0000      768.3520 28287344   41.17%
  70614 56375     1146.3333   374     1306.0000      768.3520 28495784   41.17%
  70677 56433      831.2711   607     1306.0000      768.3520 28542245   41.17%
  70709 56463      851.3000   573     1306.0000      768.3520 28562129   41.17%
  70805 56553      866.9000   340     1306.0000      768.3520 28613578   41.17%
  74785 60246      909.4123   695     1306.0000      768.3520 30497006   41.17%
* 75472+60881                         1304.0000      768.3520 30840549   41.08%
Found incumbent of value 1304.000000 after 2277.47 sec. (617398.21 ticks)
  75994 61192      940.1591   659     1304.0000      770.2951 31024217   40.93%
                                                  ZeroHalf: 3                  
  76026 61224      951.0617   745     1304.0000      770.2951 31112140   40.93%
  76058 61256      959.5625   649     1304.0000      770.2951 31198331   40.93%
Elapsed time = 2401.62 sec. (647456.50 ticks, tree = 343.42 MB, solutions = 55)
Nodefile size = 215.07 MB (66.32 MB after compression)
  76077 61275      794.1027   554     1304.0000      770.2951 31243643   40.93%
  76188 61386      871.9318   610     1304.0000      770.2951 31605279   40.93%
  76884 62024      988.4481   673     1304.0000      770.2951 32444092   40.93%
  76929 62069      875.6267   720     1304.0000      770.2951 32555489   40.93%
  76994 62134      912.6642   729     1304.0000      770.2951 32703824   40.93%
  77066 62206      984.4713   618     1304.0000      770.2951 32795938   40.93%
  77162 62302      989.6768   660     1304.0000      770.2951 32887084   40.93%
  78487 63570      858.3346   742     1304.0000      770.2951 33463001   40.93%
  82312 67118      823.3833   618     1304.0000      771.7847 35189158   40.81%
                                                  ZeroHalf: 1                  
  82344 67148      822.7976   593     1304.0000      771.7847 35232637   40.81%
Elapsed time = 2643.37 sec. (712921.40 ticks, tree = 405.78 MB, solutions = 56)
Nodefile size = 277.53 MB (82.66 MB after compression)
  82408 67211      838.5672   633     1304.0000      771.7847 35295593   40.81%
  82472 67272      883.1306   666     1304.0000      771.7847 35363432   40.81%
  82504 67304      895.5994   710     1304.0000      771.7847 35408340   40.81%
  82568 67368      910.0461   751     1304.0000      771.7847 35502101   40.81%
  82600 67400      907.5833   632     1304.0000      771.7847 35537811   40.81%
  86444 70982      906.1067   669     1304.0000      771.7847 37233803   40.81%
  88711 73063      921.3915   746     1304.0000      772.8007 38166512   40.74%
  88750 73102      879.9711   768     1304.0000      772.8007 38238367   40.74%
  88782 73134      884.5766   725     1304.0000      772.8007 38304620   40.74%
  88846 73198      897.9672   676     1304.0000      772.8007 38377021   40.74%
Elapsed time = 2913.86 sec. (763765.54 ticks, tree = 430.73 MB, solutions = 56)
Nodefile size = 302.15 MB (90.74 MB after compression)
  88878 73229      887.7041   681     1304.0000      772.8007 38403116   40.74%
  88910 73259      897.0000   599     1304.0000      772.8007 38438637   40.74%
  88942 73291      904.9322   631     1304.0000      772.8007 38478810   40.74%
  95436 79329      906.5417   586     1304.0000      772.8007 41207992   40.74%
  95468 79356      894.3459   571     1304.0000      772.8007 41322740   40.74%
  95510 79395      929.5668   659     1304.0000      772.8007 41409866   40.74%
  95561 79445      870.4457   711     1304.0000      772.8007 41475563   40.74%
  95593 79476      875.0304   669     1304.0000      772.8007 41518249   40.74%
  95638 79517      945.3315   638     1304.0000      772.8007 41580525   40.74%
  95660 79537      915.2000   516     1304.0000      772.8007 41598144   40.74%
Elapsed time = 3115.34 sec. (817054.83 ticks, tree = 456.69 MB, solutions = 56)
Nodefile size = 328.36 MB (99.30 MB after compression)
 100460 83987      921.5745   692     1304.0000      774.3644 43844286   40.62%
 100492 84019      940.0828   694     1304.0000      774.3644 43911053   40.62%
 100547 84074      870.8195   655     1304.0000      774.3644 44020780   40.62%
 100588 84115      940.5000   681     1304.0000      774.3644 44117092   40.62%
 100620 84147      949.5347   668     1304.0000      774.3644 44177750   40.62%
 100652 84179      958.9480   635     1304.0000      774.3644 44222373   40.62%
*103032+86410                         1300.0000      774.3644 45476677   40.43%
Found incumbent of value 1300.000000 after 3294.97 sec. (833326.85 ticks)
 105786 88770      912.6309   652     1300.0000      775.2355 46658524   40.37%
 105818 88798      923.0488   701     1300.0000      775.2355 46784695   40.37%
 105844 88819      951.9167   666     1300.0000      775.2355 46872939   40.37%
 105868 88843      855.5861   601     1300.0000      775.2355 46960160   40.37%
Elapsed time = 3391.93 sec. (880152.99 ticks, tree = 495.63 MB, solutions = 57)
Nodefile size = 367.51 MB (111.60 MB after compression)
 105900 88873      856.0159   621     1300.0000      775.2355 47079848   40.37%
 105932 88903      861.8905   635     1300.0000      775.2355 47199449   40.37%
 105964 88935      877.6667   506     1300.0000      775.2355 47314929   40.37%
*106160+89120                         1298.0000      775.2355 47737054   40.27%
Found incumbent of value 1298.000000 after 3459.74 sec. (867831.00 ticks)
 106731 89481      979.0000   569     1298.0000      775.2355 48244694   40.27%
 106752 89502      897.5556   701     1298.0000      775.2355 48352962   40.27%
 106784 89534      912.3214   596     1298.0000      775.2355 48442671   40.27%
 106845 89595      913.0556   668     1298.0000      775.2355 48639009   40.27%
 106880 89630      951.1613   741     1298.0000      775.2355 48715206   40.27%
 106913 89663     1007.2262   703     1298.0000      775.2355 48765049   40.27%
 106945 89695     1016.3780   711     1298.0000      775.2355 48802489   40.27%
Elapsed time = 3635.62 sec. (932069.28 ticks, tree = 553.02 MB, solutions = 58)
Nodefile size = 424.09 MB (122.77 MB after compression)
 111244 93691      851.6302   732     1298.0000      778.7500 50953743   40.00%
 111276 93723      894.1429   647     1298.0000      778.7500 51005296   40.00%
 111308 93755      899.0738   698     1298.0000      778.7500 51062883   40.00%
 111340 93787      908.2518   666     1298.0000      778.7500 51113268   40.00%
 111364 93810      938.9308   696     1298.0000      778.7500 51148370   40.00%
 111396 93842      946.8066   658     1298.0000      778.7500 51201496   40.00%
 118327 100253      895.9812   512     1298.0000      779.8571 54207163   39.92%
                                                  Impl Bds: 6                  
 118359 100283      903.5000   505     1298.0000      779.8571 54281358   39.92%
 118398 100319      860.8218   725     1298.0000      779.8571 54338260   39.92%
 118430 100347      865.0000   579     1298.0000      779.8571 54403610   39.92%
Elapsed time = 3950.57 sec. (997800.32 ticks, tree = 598.13 MB, solutions = 58)
Nodefile size = 470.11 MB (137.35 MB after compression)
 118462 100379      885.0233   631     1298.0000      779.8571 54456396   39.92%
 118494 100411      888.8140   767     1298.0000      779.8571 54494119   39.92%
 123431 105018      806.4359   646     1298.0000      779.8571 56770307   39.92%
 124335 105844      805.9738   707     1298.0000      780.5424 57169037   39.87%
                                                      Cuts: 4                  
 124372 105879      947.3602   655     1298.0000      780.5424 57257525   39.87%
 124472 105977      936.7708   664     1298.0000      780.5424 57394811   39.87%
 124508 106013      875.5962   706     1298.0000      780.5424 57454598   39.87%
 124509 106014      896.6368   709     1298.0000      780.5424 57464518   39.87%
 124541 106046      904.9353   672     1298.0000      780.5424 57504433   39.87%
 124632 106137      972.6998   569     1298.0000      780.5424 57582749   39.87%
Elapsed time = 4167.75 sec. (1056083.36 ticks, tree = 621.32 MB, solutions = 58)
Nodefile size = 492.83 MB (144.90 MB after compression)
 129755 110909     1131.2174   562     1298.0000      781.8538 60038020   39.76%
                                                  Impl Bds: 2                  
 129761 110915      977.0000   413     1298.0000      781.8538 60066475   39.76%
 129793 110947      983.2000   479     1298.0000      781.8538 60143221   39.76%
 129825 110977      985.0000   479     1298.0000      781.8538 60241411   39.76%
 129857 111008      985.0625   533     1298.0000      781.8538 60346747   39.76%
 129889 111039     1003.3636   591     1298.0000      781.8538 60446344   39.76%
 129921 111071     1008.0755   619     1298.0000      781.8538 60553602   39.76%
 130144 111284      893.4112   663     1298.0000      781.8538 61129770   39.76%
 130593 111679      916.1786   593     1298.0000      782.4934 61746999   39.72%
                                                  ZeroHalf: 1                  
 130603 111689      832.1361   742     1298.0000      782.4934 61798964   39.72%
Elapsed time = 4410.94 sec. (1108715.89 ticks, tree = 682.73 MB, solutions = 58)
Nodefile size = 554.63 MB (159.93 MB after compression)
 130635 111721      887.1429   609     1298.0000      782.4934 61914927   39.72%
 130667 111753      902.7000   603     1298.0000      782.4934 62018909   39.72%
 130699 111785      904.1561   667     1298.0000      782.4934 62103501   39.72%
 130731 111817      915.7163   679     1298.0000      782.4934 62208046   39.72%
 130763 111849      919.3455   616     1298.0000      782.4934 62280497   39.72%
 133278 114180      825.9752   600     1298.0000      782.4934 63712161   39.72%
 135454 116156      940.9613   750     1298.0000      782.5621 64699665   39.71%
 135486 116186      950.1196   722     1298.0000      782.5621 64781778   39.71%
 135521 116221      943.2257   685     1298.0000      782.5621 64840517   39.71%
 135553 116253      952.2893   699     1298.0000      782.5621 64882383   39.71%
Elapsed time = 4707.90 sec. (1167566.96 ticks, tree = 701.26 MB, solutions = 58)
Nodefile size = 573.14 MB (165.81 MB after compression)
 135742 116440     1000.6544   670     1298.0000      782.5621 65104561   39.71%
 135774 116472     1009.2667   633     1298.0000      782.5621 65140025   39.71%
 135870 116562     1017.1190   595     1298.0000      782.5621 65202224   39.71%
 142220 122443      858.9318   497     1298.0000      783.2215 68054610   39.66%
                                                  ZeroHalf: 3                  
 142252 122473      873.7521   629     1298.0000      783.2215 68124179   39.66%
 142284 122505      872.5000   642     1298.0000      783.2215 68170558   39.66%
 142297 122518      912.0224   711     1298.0000      783.2215 68187075   39.66%
 142329 122550      919.3417   724     1298.0000      783.2215 68219538   39.66%
 142361 122582      929.6868   713     1298.0000      783.2215 68255693   39.66%
 142425 122646      958.9226   677     1298.0000      783.2215 68330674   39.66%
Elapsed time = 4943.81 sec. (1222546.44 ticks, tree = 727.43 MB, solutions = 58)
Nodefile size = 599.12 MB (174.37 MB after compression)
 143375 123551      867.4668   726     1298.0000      783.2215 68846244   39.66%
 148071 127862      880.9250   701     1298.0000      784.4693 71145378   39.56%
                                                  Impl Bds: 2                  
 148103 127894      888.8900   623     1298.0000      784.4693 71227140   39.56%
 148135 127926      891.0221   671     1298.0000      784.4693 71288862   39.56%
 148167 127958      906.9231   668     1298.0000      784.4693 71327074   39.56%
 148231 128022      920.9516   645     1298.0000      784.4693 71462698   39.56%
 148524 128308      972.2109   658     1298.0000      784.4693 71745457   39.56%
 154217 133542     1032.2820   725     1298.0000      784.9510 74388692   39.53%
                                                     Cuts: 13                  
 154249 133574     1052.6059   672     1298.0000      784.9510 74444632   39.53%
 154281 133606     1057.7400   697     1298.0000      784.9510 74505345   39.53%
Elapsed time = 5226.34 sec. (1285541.38 ticks, tree = 773.36 MB, solutions = 58)
Nodefile size = 644.82 MB (189.60 MB after compression)
 154341 133666      873.0451   659     1298.0000      784.9510 74617146   39.53%
 154409 133734     1105.2917   583     1298.0000      784.9510 74711347   39.53%
 154535 133856     1009.7792   650     1298.0000      784.9510 74825082   39.53%
 154567 133888     1017.4851   493     1298.0000      784.9510 74848452   39.53%
 156494 135693      913.7976   636     1298.0000      784.9510 75641245   39.53%
 160535 139377      818.0185   475     1298.0000      786.6322 77716207   39.40%
                                                      Cuts: 8                  
 160536 139378      843.4474   579     1298.0000      786.6322 77723389   39.40%
 160568 139410      862.4458   557     1298.0000      786.6322 77829354   39.40%
 160597 139439      842.9444   676     1298.0000      786.6322 77911455   39.40%
 160602 139444      913.0841   727     1298.0000      786.6322 77934548   39.40%
Elapsed time = 5464.56 sec. (1336567.25 ticks, tree = 797.84 MB, solutions = 58)
Nodefile size = 669.76 MB (198.08 MB after compression)
 160634 139476      918.2580   728     1298.0000      786.6322 78070423   39.40%
 160635 139477      897.6108   673     1298.0000      786.6322 78083114   39.40%
 160699 139541      911.5685   665     1298.0000      786.6322 78308695   39.40%
 160741 139583      890.5000   514     1298.0000      786.6322 78481108   39.40%
 161692 140456     1030.1551   690     1298.0000      786.6322 79514965   39.40%
                                                  Impl Bds: 6                  
 161707 140471      910.1667   588     1298.0000      786.6322 79557588   39.40%
 161744 140508      879.4679   732     1298.0000      786.6322 79679951   39.40%
 161776 140540      890.0938   661     1298.0000      786.6322 79782531   39.40%
 161835 140599      942.2587   649     1298.0000      786.6322 79906266   39.40%
 161867 140631      955.5909   616     1298.0000      786.6322 79979317   39.40%
Elapsed time = 5714.38 sec. (1395727.78 ticks, tree = 864.45 MB, solutions = 58)
Nodefile size = 735.90 MB (211.58 MB after compression)
 161930 140694      980.0169   635     1298.0000      786.6322 80094561   39.40%
 162101 140865     1080.5067   584     1298.0000      786.6322 80268349   39.40%
 163570 142256      946.0929   709     1298.0000      786.6322 80978015   39.40%
 166894 145293      965.4444   621     1298.0000      787.3337 82537886   39.34%
                                                  ZeroHalf: 1                  
 166933 145332      845.8561   615     1298.0000      787.3337 82602334   39.34%
 166994 145393      921.6944   565     1298.0000      787.3337 82675844   39.34%
 167054 145453      998.6775   719     1298.0000      787.3337 82753065   39.34%
 167086 145485     1005.5294   632     1298.0000      787.3337 82791615   39.34%
 167118 145517     1029.8128   719     1298.0000      787.3337 82816593   39.34%
 174565 152355     1008.0000   548     1298.0000      787.4785 86192436   39.33%
Elapsed time = 5980.09 sec. (1457929.13 ticks, tree = 913.74 MB, solutions = 58)
Nodefile size = 784.99 MB (227.84 MB after compression)
 174597 152387     1015.9444   593     1298.0000      787.4785 86273267   39.33%
 174661 152451     1040.1667   597     1298.0000      787.4785 86384006   39.33%
 174719 152509      929.1389   609     1298.0000      787.4785 86462647   39.33%
 174751 152541      933.4286   593     1298.0000      787.4785 86501610   39.33%
 174783 152573      943.1667   577     1298.0000      787.4785 86545552   39.33%
 174815 152605      952.8905   688     1298.0000      787.4785 86574358   39.33%
 176632 154286      861.5632   727     1298.0000      787.4785 87507512   39.33%
 178183 155726      832.4976   657     1298.0000      787.4785 88332955   39.33%
 180764 158069      871.6784   673     1298.0000      788.9953 89534620   39.21%
 180796 158099      839.1250   586     1298.0000      788.9953 89574383   39.21%
Elapsed time = 6194.47 sec. (1505891.00 ticks, tree = 938.15 MB, solutions = 58)
Nodefile size = 808.87 MB (235.88 MB after compression)
 180860 158163      854.1667   565     1298.0000      788.9953 89644005   39.21%
 180895 158198      893.5249   629     1298.0000      788.9953 89690843   39.21%
 180959 158260      917.4474   656     1298.0000      788.9953 89746691   39.21%
 181023 158322      909.2500   612     1298.0000      788.9953 89807239   39.21%
 181055 158352      930.1667   634     1298.0000      788.9953 89838881   39.21%
 181182 158479      967.2262   699     1298.0000      788.9953 89910340   39.21%
 192281 168754      856.2811   498     1298.0000      789.1712 92291604   39.20%
 192350 168823      930.8636   503     1298.0000      789.1712 92385820   39.20%
 192414 168883      932.3824   363     1298.0000      789.1712 92439546   39.20%
 192470 168934     1007.7562   606     1298.0000      789.1712 92478171   39.20%
Elapsed time = 6517.57 sec. (1565797.40 ticks, tree = 2709.23 MB, solutions = 58)
Nodefile size = 2579.67 MB (1500.33 MB after compression)
 192534 168998     1014.7887   661     1298.0000      789.1712 92528801   39.20%
 192630 169094     1022.6208   651     1298.0000      789.1712 92613406   39.20%
 192694 169154     1054.6405   665     1298.0000      789.1712 92668679   39.20%
 196053 172278     1006.4333   519     1298.0000      789.1712 94194956   39.20%
 197091 173246      882.8409   596     1298.0000      789.8477 94733318   39.15%
                                                    Covers: 1                  
 197208 173363     1006.6204   636     1298.0000      789.8477 94832969   39.15%
 197346 173501     1033.7083   627     1298.0000      789.8477 94909099   39.15%
 197496 173651     1046.3333   539     1298.0000      789.8477 94985260   39.15%
 197656 173804     1064.5000   627     1298.0000      789.8477 95041252   39.15%
 197848 173991     1081.9500   548     1298.0000      789.8477 95090926   39.15%
Elapsed time = 6695.57 sec. (1612764.68 ticks, tree = 2737.76 MB, solutions = 58)
Nodefile size = 2602.53 MB (1510.01 MB after compression)
 198136 174259     1109.5349   641     1298.0000      789.8477 95144507   39.15%
 199064 175091     1190.6667   244     1298.0000      789.8477 95297512   39.15%
 201080 176956      927.7838   378     1298.0000      789.8477 95607857   39.15%
*213278+188220                         1297.0000      789.8477 97478111   39.10%
Found incumbent of value 1297.000000 after 6732.74 sec. (1621133.67 ticks)
 214247 189109     1182.3500   369     1297.0000      791.8244 97627998   38.95%
                                                      Cuts: 4                  
 215214 190023     1205.7933   492     1297.0000      791.8244 97798761   38.95%
 216204 190925     1057.8333   339     1297.0000      791.8244 97965508   38.95%
 217420 192076      867.3842   416     1297.0000      791.8244 98141858   38.95%
 218961 193494      965.1667   625     1297.0000      791.8244 98399508   38.95%
 219089 193609     1013.2123   597     1297.0000      791.8244 98425362   38.95%
 219185 193696     1029.9093   657     1297.0000      791.8244 98444752   38.95%
Elapsed time = 6912.41 sec. (1658469.16 ticks, tree = 5912.07 MB, solutions = 58)
Nodefile size = 5748.07 MB (3834.90 MB after compression)
 229248 203050      808.2609   674     1297.0000      791.8244 1.00e+08   38.95%
 234053 207475     1112.4314   364     1297.0000      791.8244 1.01e+08   38.95%
 234388 207764      842.7093   484     1297.0000      794.0417 1.01e+08   38.78%
                                                      Cuts: 8                  
 234791 208157     1039.2784   560     1297.0000      794.0417 1.01e+08   38.78%
 235111 208466     1097.0000   519     1297.0000      794.0417 1.01e+08   38.78%
 235848 209153     1175.5147   345     1297.0000      794.0417 1.01e+08   38.78%
 238856 211906      838.1533   438     1297.0000      794.0417 1.02e+08   38.78%
 240675 213605      945.5917   580     1297.0000      794.0417 1.02e+08   38.78%
 240835 213747      998.6366   570     1297.0000      794.0417 1.02e+08   38.78%
 247617 220032     1052.8333   272     1297.0000      794.0417 1.03e+08   38.78%
Elapsed time = 7131.19 sec. (1706147.98 ticks, tree = 9704.03 MB, solutions = 59)
Nodefile size = 9456.49 MB (6564.74 MB after compression)
 250614 222820     1246.0985   359     1297.0000      794.0417 1.03e+08   38.78%
 252658 224705      898.4954   493     1297.0000      796.4274 1.04e+08   38.59%
 252996 225040     1043.9091   583     1297.0000      796.4274 1.04e+08   38.59%
 253220 225250     1051.4375   496     1297.0000      796.4274 1.04e+08   38.59%
 253924 225908     1122.2222   493     1297.0000      796.4274 1.04e+08   38.59%
 255268 227154     1194.4571   457     1297.0000      796.4274 1.04e+08   38.59%
 257380 229095     1232.2667   391     1297.0000      796.4274 1.05e+08   38.59%
 260036 231576      888.3412   442     1297.0000      796.4274 1.05e+08   38.59%
 267198 238204     1193.7222   269     1297.0000      796.4274 1.06e+08   38.59%
 268745 239614     1079.9111   406     1297.0000      796.4274 1.06e+08   38.59%
Elapsed time = 7321.64 sec. (1750376.01 ticks, tree = 13056.99 MB, solutions = 59)
Nodefile size = 12833.03 MB (9053.81 MB after compression)
 270890 241594     1085.5076   483     1297.0000      798.0316 1.07e+08   38.47%
 271562 242248     1137.6970   358     1297.0000      798.0316 1.07e+08   38.47%
 273394 243936      977.5172   551     1297.0000      798.0316 1.07e+08   38.47%
 273554 244087     1068.7500   487     1297.0000      798.0316 1.07e+08   38.47%
 275090 245492     1043.7812   375     1297.0000      798.0316 1.07e+08   38.47%
 277938 248154     1249.5167   311     1297.0000      798.0316 1.08e+08   38.47%
 282513 252387      990.0000   272     1297.0000      798.0316 1.08e+08   38.47%
 284376 254113     1227.5208   210     1297.0000      798.0316 1.09e+08   38.47%
 287533 257009     1033.6250   254     1297.0000      799.5530 1.09e+08   38.35%
 287876 257336     1088.1272   538     1297.0000      799.5530 1.09e+08   38.35%
Elapsed time = 7605.59 sec. (1799430.95 ticks, tree = 19420.03 MB, solutions = 59)
Nodefile size = 19278.10 MB (13787.74 MB after compression)
 288068 257528     1134.8245   485     1297.0000      799.5530 1.09e+08   38.35%
 288143 257601     1089.3462   603     1297.0000      799.5530 1.09e+08   38.35%
 288783 258191     1167.0000   504     1297.0000      799.5530 1.10e+08   38.35%
 290351 259630     1113.1500   252     1297.0000      799.5530 1.10e+08   38.35%
 291311 260494      861.3939   428     1297.0000      799.5530 1.10e+08   38.35%
 299362 267938      832.2959   729     1297.0000      799.5530 1.11e+08   38.35%
 299889 268417      843.5625   581     1297.0000      800.4303 1.11e+08   38.29%
                                                  Impl Bds: 5                  
 300017 268545      861.7091   725     1297.0000      800.4303 1.11e+08   38.29%
 300209 268732      903.9023   638     1297.0000      800.4303 1.11e+08   38.29%
 302577 270949      987.5231   400     1297.0000      800.4303 1.12e+08   38.29%
Elapsed time = 7788.67 sec. (1844700.31 ticks, tree = 21721.79 MB, solutions = 59)
Nodefile size = 21565.40 MB (15462.12 MB after compression)
 304689 272928     1136.6667   294     1297.0000      800.4303 1.12e+08   38.29%
 308016 276019     1091.5354   416     1297.0000      800.4303 1.13e+08   38.29%
 311329 279060     1197.7500   270     1297.0000      800.4303 1.13e+08   38.29%
 317025 284319     1010.0333   339     1297.0000      801.7468 1.14e+08   38.18%
                                                      Cuts: 8                  
 317479 284753      991.7975   486     1297.0000      801.7468 1.14e+08   38.18%
 317671 284937     1021.2714   555     1297.0000      801.7468 1.14e+08   38.18%
 317799 285060     1064.3932   594     1297.0000      801.7468 1.14e+08   38.18%
 318471 285696     1176.3250   358     1297.0000      801.7468 1.14e+08   38.18%
 324156 290937      875.4062   642     1297.0000      801.7468 1.15e+08   38.18%
 324249 291024      919.5436   614     1297.0000      801.7468 1.15e+08   38.18%
Elapsed time = 7975.39 sec. (1891350.53 ticks, tree = 24990.69 MB, solutions = 59)
Nodefile size = 24750.16 MB (17799.45 MB after compression)
 333540 299629      959.6667   601     1297.0000      802.6198 1.16e+08   38.12%
                                                  Impl Bds: 4                  
 333764 299849     1006.0095   568     1297.0000      802.6198 1.17e+08   38.12%
 334052 300108     1074.3013   653     1297.0000      802.6198 1.17e+08   38.12%
 334340 300386     1094.7167   520     1297.0000      802.6198 1.17e+08   38.12%
 335943 301858     1282.5333   179     1297.0000      802.6198 1.17e+08   38.12%
 338086 303817      952.3556   507     1297.0000      802.6198 1.17e+08   38.12%
 339915 305503     1039.4228   430     1297.0000      802.6198 1.17e+08   38.12%
 348441 313329      840.2810   351     1297.0000      803.5556 1.19e+08   38.05%
                                                  Impl Bds: 5                  
 350434 315191      939.6250   584     1297.0000      803.5556 1.19e+08   38.05%
 350562 315312     1000.1875   491     1297.0000      803.5556 1.19e+08   38.05%
Elapsed time = 8253.02 sec. (1942545.14 ticks, tree = 30727.66 MB, solutions = 59)
Nodefile size = 30570.69 MB (22047.60 MB after compression)
 351970 316625      952.4118   351     1297.0000      803.5556 1.19e+08   38.05%
 354562 319041      947.0751   398     1297.0000      803.5556 1.20e+08   38.05%
 359817 323896     1079.0392   393     1297.0000      803.5556 1.21e+08   38.05%
 362764 326623     1239.9167   289     1297.0000      803.5556 1.21e+08   38.05%
 364055 327798      947.0000   346     1297.0000      805.0933 1.21e+08   37.93%
 364380 328109      997.2593   681     1297.0000      805.0933 1.21e+08   37.93%
 364476 328199     1056.8958   634     1297.0000      805.0933 1.21e+08   37.93%
 364604 328319     1079.3333   570     1297.0000      805.0933 1.21e+08   37.93%
 364732 328439     1106.2353   668     1297.0000      805.0933 1.21e+08   37.93%
 376586 339383      945.9888   366     1297.0000      805.0933 1.23e+08   37.93%
Elapsed time = 8439.62 sec. (1988396.14 ticks, tree = 33695.93 MB, solutions = 59)
Nodefile size = 33476.80 MB (24190.83 MB after compression)
 378321 340975     1156.5316   474     1297.0000      805.2778 1.23e+08   37.91%
 378720 341358     1081.1004   605     1297.0000      805.2778 1.23e+08   37.91%
 378970 341601     1060.6667   591     1297.0000      805.2778 1.24e+08   37.91%
 379290 341906     1204.8000   438     1297.0000      805.2778 1.24e+08   37.91%
 379738 342324     1278.0750   303     1297.0000      805.2778 1.24e+08   37.91%
 389025 350940     1131.1759   202     1297.0000      805.2778 1.25e+08   37.91%
 390891 352603     1102.5000   314     1297.0000      806.2480 1.25e+08   37.84%
 391018 352724      925.8125   576     1297.0000      806.2480 1.25e+08   37.84%
 391231 352931      954.6933   657     1297.0000      806.2480 1.26e+08   37.84%
 391359 353049      989.0591   635     1297.0000      806.2480 1.26e+08   37.84%
Elapsed time = 8710.23 sec. (2040469.36 ticks, tree = 38609.54 MB, solutions = 59)
Nodefile size = 38460.98 MB (27858.88 MB after compression)
 391647 353331     1034.6190   564     1297.0000      806.2480 1.26e+08   37.84%
 402481 363320     1117.6429   331     1297.0000      806.2480 1.27e+08   37.84%
 405332 365950     1035.7333   384     1297.0000      807.0747 1.28e+08   37.77%
                                                      Cuts: 3                  
 406063 366650      993.4167   460     1297.0000      807.0747 1.28e+08   37.77%
 406223 366799     1095.9167   420     1297.0000      807.0747 1.28e+08   37.77%
 406415 366968     1177.4444   545     1297.0000      807.0747 1.28e+08   37.77%
 407727 368171     1027.6667   222     1297.0000      807.0747 1.28e+08   37.77%
 415000 374880      821.0892   631     1297.0000      807.0747 1.29e+08   37.77%
 417790 377431      963.3500   330     1297.0000      808.2148 1.30e+08   37.69%
                                                  Impl Bds: 3                  
 418370 377964     1170.8904   499     1297.0000      808.2148 1.30e+08   37.69%
Elapsed time = 8943.18 sec. (2090045.16 ticks, tree = 43605.39 MB, solutions = 59)
Nodefile size = 43455.22 MB (31528.72 MB after compression)
 420178 379637     1093.1944   394     1297.0000      808.2148 1.30e+08   37.69%
 421293 380657      928.7619   587     1297.0000      808.2148 1.30e+08   37.69%
 421453 380806     1037.9000   626     1297.0000      808.2148 1.30e+08   37.69%
 431081 389679     1249.5784   266     1297.0000      808.2148 1.32e+08   37.69%
 431232 389812     1054.2500   321     1297.0000      808.8450 1.32e+08   37.64%
                                                  Impl Bds: 9                  
 431630 390198     1033.2917   504     1297.0000      808.8450 1.32e+08   37.64%
 432398 390910      903.6633   470     1297.0000      808.8450 1.32e+08   37.64%
 433102 391542     1103.6111   437     1297.0000      808.8450 1.32e+08   37.64%
 434451 392804     1022.1954   501     1297.0000      808.8450 1.32e+08   37.64%
 440252 398153      852.6983   477     1297.0000      808.8450 1.33e+08   37.64%
Elapsed time = 9122.55 sec. (2136080.75 ticks, tree = 46146.79 MB, solutions = 59)
Nodefile size = 45942.56 MB (33358.63 MB after compression)
 441376 399182     1140.8333   299     1297.0000      809.5169 1.33e+08   37.59%
 441587 399382     1053.2500   402     1297.0000      809.5169 1.34e+08   37.59%
 441707 399497      972.4222   566     1297.0000      809.5169 1.34e+08   37.59%
 441739 399527      948.1304   575     1297.0000      809.5169 1.34e+08   37.59%
 444244 401835      971.6900   691     1297.0000      809.5169 1.35e+08   37.59%
 446428 403833      893.7589   597     1297.0000      809.5169 1.35e+08   37.59%
 446516 403919      962.6190   489     1297.0000      809.5169 1.35e+08   37.59%
 446650 404053     1013.5269   707     1297.0000      809.5169 1.35e+08   37.59%
 446848 404251     1194.7000   360     1297.0000      809.5169 1.35e+08   37.59%
 447130 404529     1103.9333   429     1297.0000      809.5169 1.36e+08   37.59%
Elapsed time = 9357.24 sec. (2189900.10 ticks, tree = 48000.32 MB, solutions = 59)
Nodefile size = 47848.43 MB (34758.64 MB after compression)
 456137 412828     1119.1111   369     1297.0000      809.7303 1.37e+08   37.57%
 458537 415054     1161.0000   301     1297.0000      809.7303 1.37e+08   37.57%
 459830 416241     1005.4744   528     1297.0000      809.7303 1.37e+08   37.57%
 460566 416939     1126.4881   384     1297.0000      809.7303 1.38e+08   37.57%
 461807 418079     1026.8750   640     1297.0000      809.7303 1.38e+08   37.57%
 467789 423644     1243.4432   450     1297.0000      809.7303 1.39e+08   37.57%
 469829 425522     1257.1558   219     1297.0000      810.7977 1.39e+08   37.49%
                                                  Impl Bds: 8                  
 470795 426427      912.1751   392     1297.0000      810.7977 1.39e+08   37.49%
 471496 427085     1146.8050   690     1297.0000      810.7977 1.39e+08   37.49%
 473224 428639      863.6628   487     1297.0000      810.7977 1.40e+08   37.49%
Elapsed time = 9605.66 sec. (2237929.18 ticks, tree = 52387.51 MB, solutions = 59)
Nodefile size = 52217.79 MB (37990.03 MB after compression)
 480689 435522     1169.4235   317     1297.0000      810.7977 1.41e+08   37.49%
 481248 436035     1128.4697   208     1297.0000      810.7977 1.41e+08   37.49%
 481280 436067     1279.8000   199     1297.0000      811.4375 1.41e+08   37.44%
                                                  Impl Bds: 4                  
 481470 436248      991.0000   500     1297.0000      811.4375 1.41e+08   37.44%
 481502 436278     1015.8000   578     1297.0000      811.4375 1.41e+08   37.44%
 481566 436338     1022.1250   626     1297.0000      811.4375 1.41e+08   37.44%
 481630 436399     1040.0000   478     1297.0000      811.4375 1.41e+08   37.44%
 493342 447232     1069.8333   420     1297.0000      811.4375 1.43e+08   37.44%
 493554 447408     1117.6912   427     1297.0000      811.4375 1.43e+08   37.44%
                                                  Impl Bds: 2                  
 493893 447745      912.3272   668     1297.0000      811.4375 1.43e+08   37.44%
Elapsed time = 9832.25 sec. (2283165.37 ticks, tree = 56773.87 MB, solutions = 59)
Nodefile size = 56623.44 MB (41234.53 MB after compression)
 494021 447865      946.9333   578     1297.0000      811.4375 1.43e+08   37.44%
 494117 447960      948.5217   652     1297.0000      811.4375 1.43e+08   37.44%
 494335 448168      947.7273   394     1297.0000      811.4375 1.43e+08   37.44%
 494350 448183     1016.2255   392     1297.0000      811.4375 1.43e+08   37.44%
 499696 453087      926.9360   518     1297.0000      812.3728 1.44e+08   37.37%
                                                  Impl Bds: 1                  
 499824 453215      983.6111   478     1297.0000      812.3728 1.44e+08   37.37%
 499896 453281     1061.6667   478     1297.0000      812.3728 1.44e+08   37.37%
 500055 453428      994.0000   244     1297.0000      812.3728 1.44e+08   37.37%
 504214 457263     1030.9773   421     1297.0000      812.3728 1.45e+08   37.37%
 506284 459168      890.8529   596     1297.0000      812.7237 1.45e+08   37.34%
                                                  Impl Bds: 3                  
Elapsed time = 10197.76 sec. (2504709.23 ticks, tree = 59143.15 MB, solutions = 59)
Nodefile size = 58994.55 MB (42987.28 MB after compression)
 506480 459340      963.9048   548     1297.0000      812.7237 1.45e+08   37.34%
 506564 459424      997.7874   487     1297.0000      812.7237 1.45e+08   37.34%
 508901 461607     1199.7695   356     1297.0000      812.7237 1.45e+08   37.34%
 508905 461611     1045.8416   350     1297.0000      812.7237 1.45e+08   37.34%
 511209 463733     1160.6111   293     1297.0000      812.8543 1.46e+08   37.33%
 512902 465307      946.2212   373     1297.0000      812.8543 1.46e+08   37.33%
 513215 465591      915.4991   358     1297.0000      812.8543 1.46e+08   37.33%
 516486 468621     1089.7500   525     1297.0000      812.8543 1.47e+08   37.33%
 516774 468895     1122.9167   553     1297.0000      812.8543 1.47e+08   37.33%
 516966 469070     1137.5625   610     1297.0000      812.8543 1.47e+08   37.33%
Elapsed time = 10605.19 sec. (2713875.98 ticks, tree = 61015.15 MB, solutions = 59)
Nodefile size = 60860.46 MB (44361.32 MB after compression)
 518566 470547      847.8087   438     1297.0000      812.8543 1.47e+08   37.33%
 519910 471783     1112.2759   432     1297.0000      812.8543 1.47e+08   37.33%
*522558+474226                         1290.0000      812.8543 1.48e+08   36.99%
Found incumbent of value 1290.000000 after 10659.22 sec. (2711375.70 ticks)
 525664 477082      853.6289   654     1290.0000      812.8543 1.48e+08   36.99%
 526926 476579     1125.0000   254     1290.0000      813.5781 1.48e+08   36.93%
 527172 476819      985.6429   628     1290.0000      813.5781 1.48e+08   36.93%
 527364 477001     1021.4574   551     1290.0000      813.5781 1.48e+08   36.93%
 527524 477156     1050.0952   622     1290.0000      813.5781 1.49e+08   36.93%
*528280+477857                         1289.0000      813.5781 1.49e+08   36.88%
Found incumbent of value 1289.000000 after 10783.35 sec. (2729534.46 ticks)
*530289+479718                         1287.0000      813.5781 1.49e+08   36.78%
Found incumbent of value 1287.000000 after 10783.35 sec. (2730464.80 ticks)
*532486+481737                         1283.0000      813.5781 1.49e+08   36.59%
Found incumbent of value 1283.000000 after 10783.35 sec. (2734109.77 ticks)
 536651 485597      937.0746   524     1283.0000      813.5781 1.50e+08   36.59%
 538430 487194      936.2933   633     1283.0000      813.5781 1.50e+08   36.59%

Cover cuts applied:  4
Implied bound cuts applied:  142
Zero-half cuts applied:  232
Gomory fractional cuts applied:  8

Root node processing (before b&c):
  Real time             =   51.08 sec. (32880.17 ticks)
Parallel b&c, 32 threads:
  Real time             = 10776.71 sec. (2724819.19 ticks)
  Sync time (average)   =    0.29 sec.
  Wait time (average)   =    0.00 sec.
                          ------------
Total (root+branch&cut) = 10827.79 sec. (2757699.36 ticks)


Solution status: Feasible
Execution time: 10828.3 sec
Gap: 0.36556
