Fri Jul 20 11:30:19 2018

Tried aggregator 2 times.
MIP Presolve eliminated 18136 rows and 145 columns.
Aggregator did 552 substitutions.
Reduced MIP has 16784 rows, 4446 columns, and 62316 nonzeros.
Reduced MIP has 4446 binaries, 0 generals, 0 SOSs, and 0 indicators.
Presolve time = 0.13 sec. (90.77 ticks)
Probing time = 0.02 sec. (2.86 ticks)
Tried aggregator 1 time.
Presolve time = 0.09 sec. (27.22 ticks)
Probing time = 0.02 sec. (2.86 ticks)
Clique table members: 20292.
MIP emphasis: balance optimality and feasibility.
MIP search method: dynamic search.
Parallel mode: deterministic, using up to 32 threads.
Root relaxation solution time = 1.85 sec. (221.78 ticks)

        Nodes                                         Cuts/
   Node  Left     Objective  IInf  Best Integer    Best Bound    ItCnt     Gap

      0     0      680.0000   424                    680.0000     1614         
      0     0      688.0000   495                    Cuts: 52     2121         
      0     0      733.5000   603                   Cuts: 114     5316         
      0     0      759.8333   643                    Cuts: 48     6147         
      0     0      771.7903   607                    Cuts: 41     6923         
      0     0      779.0833   687                    Cuts: 38    11045         
*     0+    0                         2807.0000      779.0833    16751   72.24%
Found incumbent of value 2807.000000 after 17.95 sec. (10671.93 ticks)
      0     0      787.2156   754     2807.0000      Cuts: 42    16751   71.96%
      0     0      792.5000   469     2807.0000      Cuts: 41    22035   71.77%
      0     0      792.5000   447     2807.0000      Cuts: 83    23767   71.77%
      0     0      792.5000   584     2807.0000     Cuts: 109    25704   71.77%
      0     0      792.5000   416     2807.0000  ZeroHalf: 10    25831   71.77%
*     0+    0                         1651.0000      792.5000    26725   52.00%
Found incumbent of value 1651.000000 after 30.25 sec. (19590.00 ticks)
      0     0      792.5000   511     1651.0000      Cuts: 64    26725   52.00%
      0     2      792.5000   511     1651.0000      792.5000    26725   52.00%
Elapsed time = 39.81 sec. (26226.87 ticks, tree = 0.01 MB, solutions = 2)
      1     3      797.8817   522     1651.0000      792.5000    31033   52.00%
      2     4      793.5568   575     1651.0000      792.5000    33508   52.00%
      3     5      798.9897   529     1651.0000      793.6429    36580   51.93%
      5     7      805.6782   531     1651.0000      793.6429    42377   51.93%
      6     8      805.4423   699     1651.0000      793.6429    48589   51.93%
     11    13      804.7307   540     1651.0000      799.1058    54057   51.60%
                                                  Impl Bds: 6                  
     13    15      835.1923   496     1651.0000      799.1058    56305   51.60%
     15    17      831.4161   593     1651.0000      799.1058    63511   51.60%
     25    27      805.8333   493     1651.0000      804.7307    75449   51.26%
                                                  Impl Bds: 9                  
     26    28      825.8937   665     1651.0000      804.7307    79703   51.26%
Elapsed time = 63.50 sec. (44054.54 ticks, tree = 0.60 MB, solutions = 2)
     44    46      809.0556   419     1651.0000      804.7307   104034   51.26%
                                                  Impl Bds: 9                  
     48    50      849.1321   553     1651.0000      804.7307   110209   51.26%
     60    62      887.9883   648     1651.0000      804.7307   126366   51.26%
     68    70      891.6404   616     1651.0000      804.7307   135298   51.26%
     86    88      874.4948   506     1651.0000      804.7307   148143   51.26%
                                                     Cuts: 15                  
     94    96      905.1365   651     1651.0000      804.7307   158451   51.26%
    105   107      866.5500   564     1651.0000      804.7307   181068   51.26%
    119   121      906.5833   706     1651.0000      804.7307   207302   51.26%
    143   145      862.0588   530     1651.0000      804.7307   272002   51.26%
    193   195      881.3506   624     1651.0000      804.7307   369299   51.26%
Elapsed time = 104.48 sec. (60880.84 ticks, tree = 0.01 MB, solutions = 2)
*  1071+ 1033                         1633.0000      804.7307   572433   50.72%
Found incumbent of value 1633.000000 after 104.48 sec. (55205.13 ticks)
   1090  1041      899.9397   679     1633.0000      804.7307   586846   50.72%
                                                     Cuts: 18                  
   1091  1042      863.8363   557     1633.0000      804.7307   594000   50.72%
   1096  1047      847.9701   592     1633.0000      804.7307   615893   50.72%
*  1118+ 1065                         1610.0000      804.7307   715412   50.02%
Found incumbent of value 1610.000000 after 159.03 sec. (80093.31 ticks)
   1118  1067      862.7167   638     1610.0000      804.7307   715412   50.02%
   1370  1299      909.4268   625     1610.0000      804.7307  1006441   50.02%
                                                 Impl Bds: 12                  
   1407  1336      897.7833   482     1610.0000      804.7307  1048369   50.02%
   1440  1369      863.8837   580     1610.0000      804.7307  1078625   50.02%
   1463  1392      888.9679   674     1610.0000      804.7307  1105323   50.02%
   1591  1518      912.0000   340     1610.0000      804.7307  1185534   50.02%
   1719  1638      932.5417   393     1610.0000      804.7307  1257597   50.02%
Elapsed time = 210.79 sec. (91935.97 ticks, tree = 8.74 MB, solutions = 5)
   1876  1793     1009.9352   600     1610.0000      804.7307  1324352   50.02%
   3448  3271      890.3779   513     1610.0000      804.7307  1628634   50.02%
   4451  4135      872.0630   600     1610.0000      804.7307  1855949   50.02%
*  4481  4159      integral     0     1603.0000      804.7307  1861808   49.80%
Found incumbent of value 1603.000000 after 219.25 sec. (97828.27 ticks)
   4609  4284      855.3498   665     1603.0000      804.7307  1889179   49.80%
                                                     Cuts: 51                  
   4644  4319      831.1601   533     1603.0000      804.7307  1910706   49.80%
   4810  4479      903.6637   555     1603.0000      804.7307  1987623   49.80%
   4880  4549      909.9167   482     1603.0000      804.7307  2012712   49.80%
   4937  4606      937.5080   592     1603.0000      804.7307  2031953   49.80%
   4944  4613      938.0508   653     1603.0000      804.7307  2036409   49.80%
Elapsed time = 292.73 sec. (110969.70 ticks, tree = 153.67 MB, solutions = 7)
Nodefile size = 2.98 MB (2.21 MB after compression)
   5136  4803      924.7037   623     1603.0000      804.7307  2091499   49.80%
   5225  4890      973.0172   596     1603.0000      804.7307  2114520   49.80%
   5296  4961      940.1250   415     1603.0000      804.7307  2135039   49.80%
*  6808  6380      integral     0     1598.0000      804.7307  2443821   49.64%
Found incumbent of value 1598.000000 after 310.17 sec. (116424.46 ticks)
   7060  6610     1373.8214   433     1598.0000      804.7307  2513810   49.64%
  10469  9833      885.5690   575     1598.0000      804.7307  3263194   49.64%
  10841 10174      796.5166   603     1598.0000      812.0581  3349392   49.18%
  10842 10175      798.1235   782     1598.0000      812.0581  3357385   49.18%
  10843 10176      802.0547   683     1598.0000      812.0581  3366237   49.18%
  10844 10177      799.7541   727     1598.0000      812.0581  3373978   49.18%
Elapsed time = 399.57 sec. (165031.09 ticks, tree = 127.58 MB, solutions = 8)
  10845 10177      806.3233   682     1598.0000      812.0581  3381401   49.18%
  10847 10177      813.4915   663     1598.0000      812.0581  3391122   49.18%
  10849 10177      815.6427   603     1598.0000      812.0581  3393481   49.18%
  10850 10178      800.6096   705     1598.0000      812.0581  3406066   49.18%
                                                     Cuts: 25                  
  10855 10180      832.7784   789     1598.0000      812.0581  3439630   49.18%
  10859 10183      838.3768   584     1598.0000      812.0581  3445416   49.18%
  10864 10186      857.4401   568     1598.0000      812.0581  3450626   49.18%
  10866 10188      866.2986   511     1598.0000      812.0581  3451954   49.18%
  10867 10188      901.6500   628     1598.0000      812.0581  3461584   49.18%
  10876 10191      835.9294   753     1598.0000      812.0581  3466868   49.18%
                                                     Cuts: 10                  
Elapsed time = 447.77 sec. (198746.66 ticks, tree = 127.35 MB, solutions = 8)
  10879 10192      853.9431   583     1598.0000      812.0581  3468940   49.18%
  10885 10195      857.3656   615     1598.0000      812.0581  3480388   49.18%
  10893 10201      805.5280   674     1598.0000      812.0581  3484662   49.18%
                                                 ZeroHalf: 31                  
  10906 10206      927.8613   654     1598.0000      812.0581  3503724   49.18%
  10914 10210      828.2849   793     1598.0000      812.0581  3524715   49.18%
  10919 10213      928.6205   604     1598.0000      812.0581  3540530   49.18%
  10927 10219      978.4265   607     1598.0000      812.0581  3574625   49.18%
  10972 10243     1071.4242   574     1598.0000      812.0581  3627033   49.18%
  10973 10243      844.3268   688     1598.0000      812.0581  3640353   49.18%
  11130 10336      962.0499   705     1598.0000      812.0581  3770220   49.18%
                                                  ZeroHalf: 5                  
Elapsed time = 495.51 sec. (219291.65 ticks, tree = 126.98 MB, solutions = 8)
  11135 10338      920.1898   557     1598.0000      812.0581  3782839   49.18%
  11167 10357      953.8567   536     1598.0000      812.0581  3840592   49.18%
  11220 10388      891.3218   612     1598.0000      812.0581  3881312   49.18%
  11998 10830      832.8246   662     1598.0000      812.0581  4180607   49.18%
                                                  ZeroHalf: 2                  
  12037 10850      923.9864   624     1598.0000      812.0581  4202911   49.18%
  12074 10870     1034.2029   564     1598.0000      812.0581  4248874   49.18%
  12077 10871     1024.3602   696     1598.0000      812.0581  4258293   49.18%
  12139 10911     1031.9167   598     1598.0000      812.0581  4294539   49.18%
  12171 10928     1036.8683   543     1598.0000      812.0581  4309088   49.18%
  12326 11012     1073.8750   629     1598.0000      812.0581  4385953   49.18%
Elapsed time = 590.40 sec. (245139.55 ticks, tree = 150.81 MB, solutions = 8)
  14358 12107     1116.8171   497     1598.0000      812.0581  4823853   49.18%
  14381 12119     1090.3750   443     1598.0000      812.0581  4832973   49.18%
  14385 12121     1085.4700   637     1598.0000      812.0581  4839619   49.18%
  14413 12135     1078.3000   546     1598.0000      812.0581  4866976   49.18%
  14449 12154     1046.9991   565     1598.0000      812.0581  4918079   49.18%
  14507 12177      975.0147   670     1598.0000      812.0581  5002574   49.18%
  14539 12198     1028.2500   610     1598.0000      812.0581  5054218   49.18%
  15161 12511     1317.9583   448     1598.0000      812.0581  5513240   49.18%
  15170 12516      849.9973   703     1598.0000      812.0581  5519593   49.18%
  15201 12530     1100.7229   664     1598.0000      812.0581  5541698   49.18%
Elapsed time = 695.66 sec. (266912.67 ticks, tree = 247.75 MB, solutions = 8)
  15202 12530      853.0904   673     1598.0000      812.0581  5548070   49.18%
  15261 12555      896.9072   478     1598.0000      812.0581  5586725   49.18%
  15389 12616      911.9601   499     1598.0000      812.0581  5658422   49.18%
  15537 12700      892.6344   700     1598.0000      812.0581  5731801   49.18%
  15633 12754      892.5464   593     1598.0000      812.0581  5760355   49.18%
  15717 12803     1224.5568   563     1598.0000      812.0581  5786070   49.18%
  15813 12857     1248.5333   489     1598.0000      812.0581  5820194   49.18%
  15973 12959     1231.2429   578     1598.0000      812.0581  5857577   49.18%
  16005 12977     1254.7487   596     1598.0000      812.0581  5870586   49.18%
  19688 14940      831.8476   656     1598.0000      812.0581  6786141   49.18%
Elapsed time = 786.64 sec. (291286.24 ticks, tree = 231.75 MB, solutions = 8)
  19813 15007     1377.4000   238     1598.0000      812.0581  6838740   49.18%
  19899 15049      861.9779   751     1598.0000      812.0581  6897664   49.18%
  20005 15099     1399.0000   157     1598.0000      812.0581  6960005   49.18%
  20155 15169      904.0111   755     1598.0000      812.0581  7026984   49.18%
  20251 15215      952.3306   735     1598.0000      812.0581  7078753   49.18%
  20539 15382     1045.6937   681     1598.0000      812.0581  7190088   49.18%
  20731 15480     1074.0751   664     1598.0000      812.0581  7249900   49.18%
  27753 19241      941.5635   548     1598.0000      812.0581  8572834   49.18%
                                                     Cuts: 24                  
  27787 19261     1078.4889   681     1598.0000      812.0581  8600870   49.18%
  27882 19319      827.4439   689     1598.0000      812.0581  8664805   49.18%
Elapsed time = 1019.17 sec. (337297.75 ticks, tree = 1928.21 MB, solutions = 8)
Nodefile size = 1725.72 MB (1403.20 MB after compression)
  28010 19382      876.0750   693     1598.0000      812.0581  8727836   49.18%
  28074 19421      877.9979   650     1598.0000      812.0581  8760964   49.18%
* 33321+22068                         1589.0000      812.0581  9862812   48.90%
Found incumbent of value 1589.000000 after 1086.90 sec. (348118.09 ticks)
  36159 24550     1029.3827   466     1589.0000      812.0581 10358979   48.90%
  36675 25009     1101.6304   531     1589.0000      812.0581 10442457   48.90%
                                                      Cuts: 7                  
  36836 25162      969.0126   714     1589.0000      812.0581 10541699   48.90%
  36932 25250     1070.4131   622     1589.0000      812.0581 10600580   48.90%
  36996 25314      974.6372   590     1589.0000      812.0581 10633871   48.90%
  39805 28021     1348.5646   408     1589.0000      812.0581 11233027   48.90%
  42760 30796     1037.0114   692     1589.0000      812.0581 11766995   48.90%
                                                     Cuts: 12                  
  42856 30888     1068.4588   684     1589.0000      812.0581 11861589   48.90%
Elapsed time = 1402.67 sec. (487839.13 ticks, tree = 4732.98 MB, solutions = 9)
Nodefile size = 4563.88 MB (3745.27 MB after compression)
  42907 30937     1128.6148   671     1589.0000      812.0581 11907445   48.90%
  43099 31129     1145.1429   547     1589.0000      812.0581 12025202   48.90%
  43301 31329     1087.7083   464     1589.0000      812.0581 12130523   48.90%
  46573 34477      930.8511   588     1589.0000      812.0581 12828148   48.90%
  48722 36514      952.6864   773     1589.0000      812.0581 13313759   48.90%
                                                     Cuts: 12                  
  48844 36636     1123.1805   694     1589.0000      812.0581 13402950   48.90%
  48978 36767     1014.1528   708     1589.0000      812.0581 13497544   48.90%
  49074 36863     1024.1136   643     1589.0000      812.0581 13565179   48.90%
  53144 40730      966.8056   436     1589.0000      833.6069 14623512   47.54%
                                                      Cuts: 2                  
  53205 40787    infeasible           1589.0000      833.6069 14694714   47.54%
Elapsed time = 1629.14 sec. (540149.83 ticks, tree = 6702.26 MB, solutions = 9)
Nodefile size = 6534.16 MB (5410.93 MB after compression)
  53269 40847      887.5873   526     1589.0000      833.6069 14763795   47.54%
  53530 41108     1092.3027   642     1589.0000      833.6069 14931952   47.54%
  53715 41293     1120.3421   593     1589.0000      833.6069 15041380   47.54%
  55910 43379      857.6226   752     1589.0000      833.6069 15519901   47.54%
  58596 45904     1010.4578   692     1589.0000      835.7917 16033261   47.40%
                                                  ZeroHalf: 6                  
  58724 46028     1034.1786   632     1589.0000      835.7917 16115506   47.40%
  58852 46156     1092.2625   528     1589.0000      835.7917 16201290   47.40%
  58980 46280     1103.6667   461     1589.0000      835.7917 16264534   47.40%
  59054 46354      997.2992   684     1589.0000      835.7917 16302356   47.40%
  59506 46799     1304.9500   503     1589.0000      835.7917 16443072   47.40%
Elapsed time = 1908.20 sec. (657286.53 ticks, tree = 7765.87 MB, solutions = 9)
Nodefile size = 7562.66 MB (6279.39 MB after compression)
* 65534+52496                         1536.0000      837.0880 17641277   45.50%
                                                  ZeroHalf: 4                  
Found incumbent of value 1536.000000 after 1934.88 sec. (664084.33 ticks)
* 65534+52496                         1529.0000      837.0880 17641277   45.25%
Found incumbent of value 1529.000000 after 1934.97 sec. (664135.89 ticks)
* 65534+52496                         1501.0000      837.0880 17641277   44.23%
Found incumbent of value 1501.000000 after 1978.04 sec. (685900.13 ticks)
  65534 52498     1163.6667   534     1501.0000      837.0880 17641277   44.23%
  65536 52500     1326.9722   293     1501.0000      837.0880 17642874   44.23%
  65538 52502     1051.0979   667     1501.0000      837.0880 17648174   44.23%
  65542 52506      932.5625   549     1501.0000      837.0880 17651935   44.23%
* 65554+52516                         1499.0000      837.0880 17659208   44.16%
Found incumbent of value 1499.000000 after 2055.21 sec. (657995.95 ticks)
* 65555+52517                         1497.0000      837.0880 17659459   44.08%
Found incumbent of value 1497.000000 after 2055.21 sec. (657802.41 ticks)
* 65555+52517                         1494.0000      837.0880 17659459   43.97%
Found incumbent of value 1494.000000 after 2055.21 sec. (657887.37 ticks)
* 65555+52517                         1492.0000      837.0880 17659459   43.89%
Found incumbent of value 1492.000000 after 2055.21 sec. (657895.66 ticks)
  65567 49620      888.8858   706     1492.0000      837.0880 17673330   43.89%
  65599 49652      914.9183   682     1492.0000      837.0880 17743128   43.89%
  65871 49924      936.8004   637     1492.0000      837.0880 17921919   43.89%
  65935 49988      989.7281   642     1492.0000      837.0880 17968339   43.89%
  70964 54748      974.4023   688     1492.0000      861.2135 19183932   42.28%
                                                     Cuts: 17                  
  71028 54809      981.8262   681     1492.0000      861.2135 19262653   42.28%
Elapsed time = 2213.30 sec. (755025.91 ticks, tree = 9314.12 MB, solutions = 118)
Nodefile size = 9175.84 MB (7620.88 MB after compression)
  71124 54904     1008.0375   641     1492.0000      861.2135 19369357   42.28%
  71252 55027     1021.9688   644     1492.0000      861.2135 19464866   42.28%
  71433 55208     1108.9200   572     1492.0000      861.2135 19580814   42.28%
  73670 57317      990.8333   517     1492.0000      861.2135 20146897   42.28%
  76620 60093      933.5200   657     1492.0000      862.4498 20719783   42.20%
                                                     Cuts: 11                  
  76718 60183     1062.2857   688     1492.0000      862.4498 20829246   42.20%
  76812 60275      975.1250   649     1492.0000      862.4498 20923018   42.20%
  76993 60450     1002.0167   392     1492.0000      862.4498 21057450   42.20%
  77121 60574     1115.0833   386     1492.0000      862.4498 21125519   42.20%
  81675 64850      944.2657   704     1492.0000      862.4498 22096771   42.20%
Elapsed time = 2433.55 sec. (796841.05 ticks, tree = 10349.42 MB, solutions = 118)
Nodefile size = 10158.29 MB (8425.25 MB after compression)
  82372 65495      962.3643   741     1492.0000      862.8333 22273419   42.17%
  82436 65556      997.4199   736     1492.0000      862.8333 22337117   42.17%
  82564 65684     1036.3750   573     1492.0000      862.8333 22445801   42.17%
  82696 65816     1015.6852   658     1492.0000      862.8333 22524670   42.17%
  82760 65880     1051.4833   663     1492.0000      862.8333 22573737   42.17%
  88280 71080     1044.1050   547     1492.0000      867.3013 23872877   41.87%
                                                      Cuts: 2                  
  88377 71177      981.8333   593     1492.0000      867.3013 23955877   41.87%
  88458 71252      986.2667   705     1492.0000      867.3013 24023419   41.87%
  88586 71378     1006.9798   621     1492.0000      867.3013 24127535   41.87%
  88682 71472     1016.6220   687     1492.0000      867.3013 24186550   41.87%
Elapsed time = 2678.49 sec. (845821.76 ticks, tree = 12364.73 MB, solutions = 118)
Nodefile size = 12221.31 MB (10129.32 MB after compression)
  94116 76560      911.3532   472     1492.0000      868.3398 25303044   41.80%
                                                  Impl Bds: 3                  
  94324 76768      968.7640   704     1492.0000      868.3398 25423182   41.80%
  94507 76950     1029.0093   585     1492.0000      868.3398 25491964   41.80%
  94699 77139     1074.0500   590     1492.0000      868.3398 25544970   41.80%
  94923 77359     1106.3482   598     1492.0000      868.3398 25601206   41.80%
  97023 79339     1015.0714   558     1492.0000      868.3398 25970437   41.80%
 102453 84423     1075.1491   377     1492.0000      869.5493 27048190   41.72%
                                                      Cuts: 5                  
 102654 84620     1149.5000   398     1492.0000      869.5493 27182655   41.72%
 102782 84748     1183.7285   627     1492.0000      869.5493 27245096   41.72%
 102950 84916     1139.4963   606     1492.0000      869.5493 27316077   41.72%
Elapsed time = 2912.07 sec. (890788.15 ticks, tree = 14926.71 MB, solutions = 118)
Nodefile size = 14776.73 MB (12257.71 MB after compression)
 103194 85160     1070.5333   673     1492.0000      869.5493 27394967   41.72%
 108364 90041     1022.2556   409     1492.0000      869.5493 28556324   41.72%
 108467 90140     1007.0617   704     1492.0000      871.2174 28608105   41.61%
                                                  ZeroHalf: 3                  
 108626 90299     1103.1667   467     1492.0000      871.2174 28707282   41.61%
 108819 90486     1155.0667   567     1492.0000      871.2174 28790320   41.61%
 109135 90794      974.6094   637     1492.0000      871.2174 28876136   41.61%
 109263 90914      996.5500   485     1492.0000      871.2174 28922541   41.61%
 111940 93436     1169.9873   402     1492.0000      871.2174 29552969   41.61%
 115240 96535     1224.4286   266     1492.0000      874.6787 30153524   41.38%
                                                  ZeroHalf: 4                  
 115360 96655      966.6925   666     1492.0000      874.6787 30261402   41.38%
Elapsed time = 3142.42 sec. (935446.89 ticks, tree = 17272.05 MB, solutions = 118)
Nodefile size = 17124.01 MB (14217.99 MB after compression)
 115510 96804     1083.0833   616     1492.0000      874.6787 30354530   41.38%
 115638 96930     1114.5000   618     1492.0000      874.6787 30432889   41.38%
 115773 97062     1086.7321   572     1492.0000      874.6787 30503887   41.38%
 121169 102137      882.3289   545     1492.0000      874.6787 31553400   41.38%
 121623 102551      963.3608   644     1492.0000      874.6787 31675964   41.38%
                                                  Impl Bds: 4                  
 121702 102630      893.0189   594     1492.0000      874.6787 31744529   41.38%
 121811 102739     1069.5667   419     1492.0000      874.6787 31831062   41.38%
 122003 102931     1104.7790   587     1492.0000      874.6787 31946057   41.38%
 122214 103142     1035.7000   284     1492.0000      874.6787 32068281   41.38%
 126551 107193     1020.8836   584     1492.0000      875.2746 33042708   41.34%
                                                 Impl Bds: 10                  
Elapsed time = 3339.53 sec. (980868.65 ticks, tree = 19359.05 MB, solutions = 118)
Nodefile size = 19207.43 MB (15949.65 MB after compression)
 126632 107274     1050.5685   692     1492.0000      875.2746 33111538   41.34%
 126825 107467     1167.3462   595     1492.0000      875.2746 33233015   41.34%
 126969 107611     1047.8333   637     1492.0000      875.2746 33308316   41.34%
 127065 107703     1097.5000   492     1492.0000      875.2746 33349899   41.34%
 131921 112218     1059.8056   425     1492.0000      875.4933 34546552   41.32%
                                                    Covers: 1                  
 131973 112266      943.3808   780     1492.0000      875.4933 34593522   41.32%
 132069 112360      975.8130   740     1492.0000      875.4933 34661346   41.32%
 132197 112486     1006.9974   674     1492.0000      875.4933 34748371   41.32%
 132325 112614     1066.7812   710     1492.0000      875.4933 34816721   41.32%
 132485 112772     1122.9741   688     1492.0000      875.4933 34888684   41.32%
Elapsed time = 3567.72 sec. (1027273.32 ticks, tree = 20354.35 MB, solutions = 118)
Nodefile size = 20196.37 MB (16783.26 MB after compression)
 137278 117246      969.8734   533     1492.0000      877.5785 35932602   41.18%
                                                      Cuts: 3                  
 137392 117357      942.0000   481     1492.0000      877.5785 36018256   41.18%
 137456 117421      954.4113   524     1492.0000      877.5785 36058388   41.18%
 137585 117548     1009.6111   628     1492.0000      877.5785 36132222   41.18%
 137713 117672     1031.6029   605     1492.0000      877.5785 36205091   41.18%
*138035+117990                         1482.0000      877.5785 36295924   40.78%
Found incumbent of value 1482.000000 after 3692.79 sec. (1031006.63 ticks)
 142734 122384     1048.9697   478     1482.0000      877.5785 37220296   40.78%
 144799 123736     1250.8333   310     1482.0000      878.6839 37601889   40.71%
                                                  ZeroHalf: 1                  
 144964 123899      970.8182   589     1482.0000      878.6839 37736924   40.71%
 145085 124020     1010.6594   606     1482.0000      878.6839 37813735   40.71%
 145181 124112     1031.2533   637     1482.0000      878.6839 37870085   40.71%
Elapsed time = 3802.66 sec. (1070751.92 ticks, tree = 22617.47 MB, solutions = 119)
Nodefile size = 22461.40 MB (18675.86 MB after compression)
 145309 124238     1050.0592   637     1482.0000      878.6839 37932601   40.71%
 150778 129373     1271.7167   270     1482.0000      878.6839 39064106   40.71%
 151339 129892     1305.0000   211     1482.0000      879.8485 39148076   40.63%
                                                  Impl Bds: 2                  
 151423 129976      996.9405   722     1482.0000      879.8485 39235973   40.63%
 151514 130067      984.3333   588     1482.0000      879.8485 39311903   40.63%
 151610 130163     1010.2232   584     1482.0000      879.8485 39365699   40.63%
 151962 130504     1102.0000   330     1482.0000      879.8485 39504367   40.63%
 158445 136609     1199.0863   432     1482.0000      881.1598 40780340   40.54%
                                                  Impl Bds: 7                  
 158521 136685      991.6667   530     1482.0000      881.1598 40847531   40.54%
 158617 136781     1019.2547   657     1482.0000      881.1598 40944601   40.54%
Elapsed time = 4008.88 sec. (1119306.95 ticks, tree = 25164.07 MB, solutions = 119)
Nodefile size = 25009.01 MB (20761.43 MB after compression)
 158745 136909     1034.1684   657     1482.0000      881.1598 41035107   40.54%
 158809 136973     1058.7305   671     1482.0000      881.1598 41079658   40.54%
*160027+138159                         1432.0000      881.1598 41337989   38.47%
Found incumbent of value 1432.000000 after 4067.43 sec. (1111489.05 ticks)
 163978 134024      891.4667   402     1432.0000      882.0203 42171129   38.41%
                                                  Impl Bds: 2                  
 164086 134132     1077.4951   683     1432.0000      882.0203 42256506   38.41%
 164214 134260     1105.5639   627     1432.0000      882.0203 42338376   38.41%
 164348 134394     1021.2632   634     1432.0000      882.0203 42405234   38.41%
 164476 134518     1037.8333   499     1432.0000      882.0203 42465393   38.41%
 166298 136240     1060.4000   559     1432.0000      882.0203 42853854   38.41%
 170794 140423     1153.3333   376     1432.0000      882.5527 43809508   38.37%
                                                  Impl Bds: 6                  
 170905 140532     1171.2188   605     1432.0000      882.5527 43872145   38.37%
Elapsed time = 4251.39 sec. (1164883.83 ticks, tree = 25901.56 MB, solutions = 120)
Nodefile size = 25747.79 MB (21338.31 MB after compression)
 171055 140680     1016.2188   662     1432.0000      882.5527 43977319   38.37%
 171233 140858     1035.6667   506     1432.0000      882.5527 44058479   38.37%
 171311 140936     1043.5000   497     1432.0000      882.5527 44087762   38.37%
 174759 144166     1110.5658   598     1432.0000      882.5527 44908432   38.37%
 176771 146024      976.2130   641     1432.0000      884.0445 45336935   38.27%
                                                  ZeroHalf: 1                  
 176898 146149     1053.6773   625     1432.0000      884.0445 45459927   38.27%
 177026 146275     1073.0000   476     1432.0000      884.0445 45538093   38.27%
 177151 146400     1147.8966   657     1432.0000      884.0445 45608219   38.27%
 177279 146528     1194.1667   586     1432.0000      884.0445 45669485   38.27%
 182482 151382     1189.6167   282     1432.0000      884.6820 46765796   38.22%
                                                  Impl Bds: 5                  
Elapsed time = 4451.40 sec. (1209642.61 ticks, tree = 28092.00 MB, solutions = 120)
Nodefile size = 27937.01 MB (23130.39 MB after compression)
 182628 151522     1008.9583   616     1432.0000      884.6820 46892586   38.22%
 182719 151609     1060.8957   693     1432.0000      884.6820 46963182   38.22%
 182847 151728     1093.0000   378     1432.0000      884.6820 47030250   38.22%
 182911 151790     1107.5532   553     1432.0000      884.6820 47069963   38.22%
 187791 156365      986.9167   528     1432.0000      884.9375 48248944   38.20%
                                                      Cuts: 7                  
 187896 156470      989.7986   658     1432.0000      884.9375 48342374   38.20%
 188021 156593     1010.6338   644     1432.0000      884.9375 48458359   38.20%
 188085 156654     1016.2238   637     1432.0000      884.9375 48525687   38.20%
 189519 158023     1043.4299   645     1432.0000      884.9375 49085485   38.20%
 190725 159136      918.7372   660     1432.0000      884.9375 49531646   38.20%
Elapsed time = 4700.03 sec. (1262515.62 ticks, tree = 29077.32 MB, solutions = 120)
Nodefile size = 28922.54 MB (23940.15 MB after compression)
 191145 159519     1047.1961   652     1432.0000      886.0713 49704620   38.12%
                                                  Impl Bds: 8                  
 191210 159583      991.3152   680     1432.0000      886.0713 49785363   38.12%
 191338 159700     1029.6667   619     1432.0000      886.0713 49892736   38.12%
 191466 159820     1060.7596   716     1432.0000      886.0713 49982997   38.12%
 191906 160241     1084.0000   548     1432.0000      886.0713 50185068   38.12%
*193326+161577                         1431.0000      886.0713 50513982   38.08%
Found incumbent of value 1431.000000 after 4806.07 sec. (1281214.76 ticks)
 196099 163919     1113.8932   377     1431.0000      886.2788 51115879   38.07%
                                                      Cuts: 4                  
 196174 163994     1076.1000   598     1431.0000      886.2788 51186761   38.07%
 196302 164122     1092.8750   631     1431.0000      886.2788 51280555   38.07%
 196366 164186     1106.2841   603     1431.0000      886.2788 51312364   38.07%
 196430 164250     1112.8106   614     1431.0000      886.2788 51349834   38.07%
Elapsed time = 4923.87 sec. (1308852.18 ticks, tree = 29988.38 MB, solutions = 120)
Nodefile size = 29831.56 MB (24677.65 MB after compression)
 197074 164876     1111.2500   642     1431.0000      886.2788 51585145   38.07%
 201006 168505      979.0132   620     1431.0000      887.3089 52611224   37.99%
                                                  Impl Bds: 3                  
 201102 168599      996.3358   667     1431.0000      887.3089 52701363   37.99%
 201230 168727     1001.6744   656     1431.0000      887.3089 52783755   37.99%
 201326 168823     1007.2734   674     1431.0000      887.3089 52839644   37.99%
 201550 169038     1029.3895   668     1431.0000      887.3089 52931181   37.99%
 201838 169326     1065.3222   641     1431.0000      887.3089 53013706   37.99%
 206933 174034     1077.2056   582     1431.0000      888.6776 54234389   37.90%
 207060 174161      996.0847   713     1431.0000      888.6776 54360717   37.90%
 207252 174349     1029.6531   581     1431.0000      888.6776 54511458   37.90%
Elapsed time = 5147.60 sec. (1354982.10 ticks, tree = 32004.63 MB, solutions = 121)
Nodefile size = 31844.48 MB (26324.64 MB after compression)
 207405 174502     1085.7034   661     1431.0000      888.6776 54596702   37.90%
 207565 174658     1104.6333   570     1431.0000      888.6776 54680167   37.90%
*208315+175386                         1430.0000      888.6776 54858453   37.85%
Found incumbent of value 1430.000000 after 5185.92 sec. (1347811.44 ticks)
 211439 178043      976.3916   672     1430.0000      888.8531 55621666   37.84%
                                                  ZeroHalf: 1                  
 211557 178161      993.6250   501     1430.0000      888.8531 55740702   37.84%
 211620 178224     1109.7778   656     1430.0000      888.8531 55794868   37.84%
 211652 178256     1124.0225   682     1430.0000      888.8531 55820846   37.84%
 211748 178348     1132.0602   726     1430.0000      888.8531 55877906   37.84%
 211844 178444     1187.9265   712     1430.0000      888.8531 55943514   37.84%
 217037 183271      988.6295   678     1430.0000      888.8556 57230429   37.84%
 217125 183355     1081.8088   571     1430.0000      888.8556 57314035   37.84%
Elapsed time = 5369.48 sec. (1400775.87 ticks, tree = 33837.26 MB, solutions = 122)
Nodefile size = 33677.16 MB (27835.61 MB after compression)
 217293 183517     1031.3409   614     1430.0000      888.8556 57449787   37.84%
 217421 183643     1062.9865   546     1430.0000      888.8556 57540527   37.84%
 217581 183799     1109.0000   626     1430.0000      888.8556 57648332   37.84%
 219791 185873      899.8913   776     1430.0000      888.8556 58210945   37.84%
 221968 187903      993.0823   732     1430.0000      890.2500 58717002   37.74%
 222098 188033     1007.0000   512     1430.0000      890.2500 58833535   37.74%
 222194 188129     1013.4187   527     1430.0000      890.2500 58934521   37.74%
 222290 188222     1027.8833   477     1430.0000      890.2500 59006092   37.74%
 222386 188313     1054.2597   711     1430.0000      890.2500 59086219   37.74%
 226770 192397      935.5667   410     1430.0000      890.2500 60154177   37.74%
Elapsed time = 5563.86 sec. (1443554.56 ticks, tree = 34771.61 MB, solutions = 122)
Nodefile size = 34609.48 MB (28602.08 MB after compression)
 226959 192569      996.3162   618     1430.0000      890.7785 60234075   37.71%
 227096 192706      991.8562   681     1430.0000      890.7785 60301249   37.71%
 227288 192894     1084.2188   610     1430.0000      890.7785 60373971   37.71%
 227448 193054     1172.0833   557     1430.0000      890.7785 60425239   37.71%
 227640 193229     1235.1000   542     1430.0000      890.7785 60476372   37.71%
 228477 194040      984.2507   734     1430.0000      890.7785 60664203   37.71%
 233574 198751     1060.4391   455     1430.0000      891.4828 61809928   37.66%
 233687 198860     1021.4691   622     1430.0000      891.4828 61925298   37.66%
 233751 198924     1037.4024   596     1430.0000      891.4828 61995814   37.66%
 233902 199075     1074.6799   722     1430.0000      891.4828 62100519   37.66%
Elapsed time = 5787.07 sec. (1485927.05 ticks, tree = 36935.63 MB, solutions = 122)
Nodefile size = 36776.74 MB (30370.77 MB after compression)
 233998 199171     1086.6622   660     1430.0000      891.4828 62152987   37.66%
 234158 199326     1151.5250   648     1430.0000      891.4828 62238877   37.66%
*236268+201304                         1421.0000      891.4828 62764522   37.26%
Found incumbent of value 1421.000000 after 5821.50 sec. (1483974.57 ticks)
 239322 201945     1074.9543   672     1421.0000      892.0967 63392215   37.22%
 239437 202056     1096.2203   631     1421.0000      892.0967 63469659   37.22%
 239648 202267     1073.0833   527     1421.0000      892.0967 63564386   37.22%
 239848 202463     1085.2500   592     1421.0000      892.0967 63629030   37.22%
 240302 202913     1096.1196   659     1421.0000      892.0967 63713491   37.22%
 240398 203006     1114.5625   684     1421.0000      892.0967 63732523   37.22%
 245302 207525     1106.3600   454     1421.0000      893.0605 64907778   37.15%
                                                    Covers: 1                  
 245390 207613      965.4211   701     1421.0000      893.0605 65001286   37.15%
Elapsed time = 6003.11 sec. (1534081.09 ticks, tree = 38691.99 MB, solutions = 123)
Nodefile size = 38534.80 MB (31813.64 MB after compression)
 245486 207706      993.4782   632     1421.0000      893.0605 65094788   37.15%
 245614 207834     1044.1250   616     1421.0000      893.0605 65207096   37.15%
 247410 209526      939.6852   627     1421.0000      893.0605 65721894   37.15%
 250724 212581      975.8208   467     1421.0000      893.0605 66444097   37.15%
                                                  ZeroHalf: 1                  
 250833 212690     1030.0000   567     1421.0000      893.0605 66535621   37.15%
 251025 212878     1074.3000   430     1421.0000      893.0605 66659166   37.15%
 251110 212959     1092.1167   504     1421.0000      893.0605 66704160   37.15%
 251334 213176     1188.8512   529     1421.0000      893.0605 66796833   37.15%
 254938 216567     1024.4758   542     1421.0000      893.0605 67624759   37.15%
 257319 218770     1028.3333   391     1421.0000      893.1325 68116915   37.15%
Elapsed time = 6228.49 sec. (1581830.56 ticks, tree = 40943.60 MB, solutions = 123)
Nodefile size = 40783.89 MB (33650.85 MB after compression)
 257415 218866     1061.6863   639     1421.0000      893.1325 68204865   37.15%
 257590 219041     1088.4213   526     1421.0000      893.1325 68368876   37.15%
 257718 219169     1120.2212   577     1421.0000      893.1325 68477174   37.15%
 259238 220608     1030.0395   730     1421.0000      893.1325 68978841   37.15%
*259827+221139                         1398.0000      893.1325 69220482   36.11%
Found incumbent of value 1398.000000 after 6341.13 sec. (1582160.28 ticks)
 260890 214369     1067.5000   471     1398.0000      893.7000 69614786   36.07%
 260963 214439     1013.3279   562     1398.0000      893.7000 69691604   36.07%
 261091 214565     1040.4130   618     1398.0000      893.7000 69801065   36.07%
 261187 214661     1068.3492   615     1398.0000      893.7000 69880132   36.07%
 261347 214808     1113.5778   537     1398.0000      893.7000 69978596   36.07%
 263160 216503      952.1626   716     1398.0000      893.7000 70508172   36.07%
Elapsed time = 6469.16 sec. (1633881.12 ticks, tree = 39476.81 MB, solutions = 124)
Nodefile size = 39311.74 MB (32425.91 MB after compression)
 265299 218430     1002.3727   648     1398.0000      894.6459 71143980   36.01%
 265463 218594     1113.3333   580     1398.0000      894.6459 71259784   36.01%
 265581 218710     1174.4722   631     1398.0000      894.6459 71352654   36.01%
 265677 218802     1223.6000   577     1398.0000      894.6459 71421416   36.01%
 265837 218958     1290.5000   550     1398.0000      894.6459 71523043   36.01%
 269712 222564     1103.7502   532     1398.0000      894.6459 72365539   36.01%
 271127 223856     1003.8316   488     1398.0000      895.1274 72727763   35.97%
 271224 223953     1032.6614   647     1398.0000      895.1274 72802660   35.97%
 271320 224045     1041.9815   571     1398.0000      895.1274 72868127   35.97%
 271577 224287     1120.1706   604     1398.0000      895.1274 72982319   35.97%
Elapsed time = 6688.27 sec. (1677658.90 ticks, tree = 41352.53 MB, solutions = 124)
Nodefile size = 41191.21 MB (33960.06 MB after compression)
 272170 224852     1187.8418   536     1398.0000      895.1274 73170798   35.97%
 276834 229148      999.7146   746     1398.0000      895.8320 74297155   35.92%
                                                  ZeroHalf: 1                  
 276962 229276     1030.1670   685     1398.0000      895.8320 74380855   35.92%
 277086 229398     1065.0417   517     1398.0000      895.8320 74452144   35.92%
 277214 229524     1086.2500   582     1398.0000      895.8320 74505011   35.92%
 277310 229620     1112.7083   560     1398.0000      895.8320 74545605   35.92%
 277566 229854     1147.4220   600     1398.0000      895.8320 74618792   35.92%
 282967 234843     1154.0000   294     1398.0000      896.1916 75938421   35.89%
                                                  Impl Bds: 2                  
 283099 234971      997.0366   686     1398.0000      896.1916 76071346   35.89%
 283174 235044     1131.5707   662     1398.0000      896.1916 76132376   35.89%
Elapsed time = 6937.00 sec. (1728041.75 ticks, tree = 43563.22 MB, solutions = 124)
Nodefile size = 43404.70 MB (35764.30 MB after compression)
 283264 235134     1127.0523   643     1398.0000      896.1916 76206800   35.89%
 283328 235196     1141.5922   559     1398.0000      896.1916 76261832   35.89%
 283424 235290     1162.7735   597     1398.0000      896.1916 76334747   35.89%
 287959 239471     1065.6842   663     1398.0000      896.2058 77442527   35.89%
                                                  Impl Bds: 4                  
 288056 239568      994.6500   688     1398.0000      896.2058 77532401   35.89%
 288152 239664     1075.4773   608     1398.0000      896.2058 77621575   35.89%
 288248 239760     1108.9342   583     1398.0000      896.2058 77689895   35.89%
 288632 240133     1155.4044   494     1398.0000      896.2058 77854757   35.89%
 289638 241079     1119.2929   499     1398.0000      896.2058 78080191   35.89%
*292490 243691      integral     0     1379.0000      896.2058 78829812   35.01%
Elapsed time = 7114.35 sec. (1769198.73 ticks, tree = 44524.05 MB, solutions = 124)
Nodefile size = 44330.62 MB (36519.38 MB after compression)
Found incumbent of value 1379.000000 after 7114.35 sec. (1769198.73 ticks)
 293740 236522     1000.8199   582     1379.0000      897.5036 79065207   34.92%
 293809 236591     1092.1146   578     1379.0000      897.5036 79132594   34.92%
 293905 236687     1132.6167   553     1379.0000      897.5036 79196972   34.92%
 294065 236847     1231.2059   595     1379.0000      897.5036 79293700   34.92%
 294379 237154     1185.5833   454     1379.0000      897.5036 79411029   34.92%
 294731 237484     1314.1039   404     1379.0000      897.5036 79507273   34.92%
 300203 242532     1090.6492   520     1379.0000      897.9931 80785560   34.88%
                                                      Cuts: 5                  
 300278 242605     1013.4274   716     1379.0000      897.9931 80848818   34.88%
 300470 242795     1046.0500   656     1379.0000      897.9931 80967518   34.88%
 300534 242858     1065.6026   640     1379.0000      897.9931 81003179   34.88%
Elapsed time = 7341.39 sec. (1813205.51 ticks, tree = 45132.45 MB, solutions = 125)
Nodefile size = 44971.01 MB (37030.10 MB after compression)
 300630 242951     1109.6548   679     1379.0000      897.9931 81059366   34.88%
 303331 245428     1075.5278   376     1379.0000      897.9931 81771389   34.88%
*304493+246499                         1373.0000      897.9931 82032621   34.60%
Found incumbent of value 1373.000000 after 7376.53 sec. (1813373.48 ticks)
*304493+246499                         1372.0000      897.9931 82032621   34.55%
Found incumbent of value 1372.000000 after 7376.53 sec. (1813395.97 ticks)
 306215 244834     1000.6716   621     1372.0000      898.2775 82412982   34.53%
                                                  Impl Bds: 1                  
 306306 244925     1059.3089   686     1372.0000      898.2775 82507849   34.53%
 306400 245019      971.9667   484     1372.0000      898.2775 82579023   34.53%
 306503 245118     1081.7500   478     1372.0000      898.2775 82657546   34.53%
 306599 245214     1108.8333   556     1372.0000      898.2775 82714597   34.53%
 311025 249261      955.4545   676     1372.0000      898.2775 83873496   34.53%
 311698 249877     1059.1598   484     1372.0000      898.4165 84060950   34.52%
                                                      Cuts: 7                  
 311733 249910     1081.2190   676     1372.0000      898.4165 84104713   34.52%
Elapsed time = 7549.11 sec. (1858146.28 ticks, tree = 46615.89 MB, solutions = 127)
Nodefile size = 46453.33 MB (38230.61 MB after compression)
 311765 249942     1084.3246   639     1372.0000      898.4165 84146988   34.52%
 311797 249973     1097.8456   741     1372.0000      898.4165 84183557   34.52%
 311829 250005     1100.7586   467     1372.0000      898.4165 84211960   34.52%
 317503 255272     1113.2490   619     1372.0000      899.2389 85699099   34.46%
                                                      Cuts: 5                  
 317639 255407     1150.5000   512     1372.0000      899.2389 85824014   34.46%
 317703 255467     1136.2000   475     1372.0000      899.2389 85872484   34.46%
 317799 255562     1146.0227   663     1372.0000      899.2389 85927386   34.46%
 317831 255594     1146.0472   661     1372.0000      899.2389 85945979   34.46%
 322065 259484      987.8448   656     1372.0000      899.7167 87180061   34.42%
 322169 259588     1167.8926   416     1372.0000      899.7167 87286625   34.42%
Elapsed time = 7820.97 sec. (1912092.04 ticks, tree = 48545.70 MB, solutions = 127)
Nodefile size = 48385.31 MB (39798.23 MB after compression)
 322246 259665     1031.7045   648     1372.0000      899.7167 87370144   34.42%
 322346 259757     1008.0000   622     1372.0000      899.7167 87465172   34.42%
 322410 259816     1034.3554   595     1372.0000      899.7167 87520442   34.42%
 323216 260582      986.8883   617     1372.0000      899.7167 87884557   34.42%
*323351+260707                         1354.0000      899.7167 87923171   33.55%
Found incumbent of value 1354.000000 after 7906.01 sec. (1920060.30 ticks)
 324366 261629      996.6818   602     1354.0000      899.7167 88252930   33.55%
 326514 253594     1054.4143   606     1354.0000      900.3750 88841073   33.50%
 326619 253697     1028.9875   672     1354.0000      900.3750 88947830   33.50%
 326706 253783     1141.0000   402     1354.0000      900.3750 89003723   33.50%
 326805 253878     1091.6122   677     1354.0000      900.3750 89080437   33.50%
 326965 254036     1111.7083   586     1354.0000      900.3750 89179225   33.50%
Elapsed time = 8021.09 sec. (1957983.67 ticks, tree = 46930.97 MB, solutions = 127)
Nodefile size = 46768.34 MB (38448.50 MB after compression)
 327333 254381     1128.1667   581     1354.0000      900.3750 89337980   33.50%
 331393 258096      970.5455   573     1354.0000      900.3987 90467501   33.50%
 331489 258188      991.0857   592     1354.0000      900.3987 90572579   33.50%
 331649 258337     1038.4744   493     1354.0000      900.3987 90726013   33.50%
 331787 258471     1058.3750   446     1354.0000      900.3987 90824273   33.50%
 331886 258570     1124.5000   407     1354.0000      900.3987 90890371   33.50%
 333298 259868     1019.4500   600     1354.0000      900.3987 91337346   33.50%
 335767 262130      995.1247   524     1354.0000      901.1667 91943944   33.44%
 335880 262243      969.0545   594     1354.0000      901.1667 92056487   33.44%
 335997 262360     1028.8628   685     1354.0000      901.1667 92163979   33.44%
Elapsed time = 8265.30 sec. (2005607.20 ticks, tree = 48652.78 MB, solutions = 128)
Nodefile size = 48490.40 MB (39856.62 MB after compression)
 336061 262419     1042.6334   721     1354.0000      901.1667 92217669   33.44%
 336131 262487     1080.9616   692     1354.0000      901.1667 92266402   33.44%
 336259 262614     1085.1000   479     1354.0000      901.1667 92327715   33.44%
 341121 267078     1162.4067   429     1354.0000      901.4259 93638897   33.42%
                                                    Covers: 2                  
 341158 267115     1082.1982   672     1354.0000      901.4259 93682322   33.42%
 341254 267211     1107.5694   565     1354.0000      901.4259 93780337   33.42%
 341457 267412     1046.8333   642     1354.0000      901.4259 93907998   33.42%
 341585 267536     1063.0392   673     1354.0000      901.4259 93963151   33.42%
 341809 267756     1078.6704   632     1354.0000      901.4259 94021807   33.42%
 345448 271059      980.8457   568     1354.0000      901.4259 95041860   33.42%
Elapsed time = 8456.87 sec. (2064233.79 ticks, tree = 49670.82 MB, solutions = 128)
Nodefile size = 49482.34 MB (40663.08 MB after compression)
 346153 271690      966.9568   737     1354.0000      902.0283 95230532   33.38%
 346244 271781     1034.9262   707     1354.0000      902.0283 95327777   33.38%
 346340 271877     1032.4872   724     1354.0000      902.0283 95407692   33.38%
 346404 271941     1048.2868   707     1354.0000      902.0283 95445262   33.38%
 346468 272005     1073.3667   484     1354.0000      902.0283 95499566   33.38%
*351462 276573      integral     0     1306.0000      902.0283 96826137   30.93%
Found incumbent of value 1306.000000 after 8591.23 sec. (2088969.54 ticks)
*351835+244747                         1303.0000      902.2571 96916606   30.76%
Found incumbent of value 1303.000000 after 8602.51 sec. (2094982.12 ticks)
 351835 244749      975.6408   465     1303.0000      902.2571 96916606   30.76%
 351930 244843     1124.3302   666     1303.0000      902.2571 97017061   30.76%
 352004 244913     1004.4253   600     1303.0000      902.2571 97081051   30.76%
 352186 245085     1154.8838   604     1303.0000      902.2571 97212680   30.76%
Elapsed time = 8689.81 sec. (2107948.15 ticks, tree = 45347.44 MB, solutions = 129)
Nodefile size = 45185.83 MB (37093.66 MB after compression)
 352358 245251     1069.0313   652     1303.0000      902.2571 97291819   30.76%
 352550 245441     1092.7167   611     1303.0000      902.2571 97369207   30.76%
 354780 247451     1075.6295   634     1303.0000      902.2571 98010317   30.76%
 357129 247346     1083.4386   674     1303.0000      902.4694 98672114   30.74%
 357276 247491     1057.0549   578     1303.0000      902.4694 98813109   30.74%
 357414 247625     1091.0634   696     1303.0000      902.4694 98910752   30.74%
 357568 247760     1182.8310   533     1303.0000      902.4694 98984985   30.74%
 357734 247915     1153.3480   644     1303.0000      902.4694 99044858   30.74%
 360714 250605      976.9084   746     1303.0000      902.4694 1.00e+08   30.74%
 361120 250985     1107.3333   612     1303.0000      903.3505 1.00e+08   30.67%
                                                  ZeroHalf: 2                  
Elapsed time = 8890.68 sec. (2154421.22 ticks, tree = 46618.35 MB, solutions = 130)
Nodefile size = 46455.80 MB (38134.19 MB after compression)
 361201 251064      982.3055   705     1303.0000      903.3505 1.00e+08   30.67%
 361292 251149     1093.5392   690     1303.0000      903.3505 1.00e+08   30.67%
 361388 251242     1114.2569   638     1303.0000      903.3505 1.01e+08   30.67%
 361602 251445     1095.0990   690     1303.0000      903.3505 1.01e+08   30.67%
 361754 251585        cutoff           1303.0000      903.3505 1.01e+08   30.67%
 365580 255029        cutoff           1303.0000      903.3733 1.02e+08   30.67%
 365640 255089     1030.5432   582     1303.0000      903.3733 1.02e+08   30.67%
 365823 255266     1029.8625   601     1303.0000      903.3733 1.02e+08   30.67%
 365983 255415     1098.7701   637     1303.0000      903.3733 1.02e+08   30.67%
 366162 255585     1147.9000   438     1303.0000      903.3733 1.02e+08   30.67%
Elapsed time = 9100.68 sec. (2197014.64 ticks, tree = 47421.89 MB, solutions = 130)
Nodefile size = 47257.50 MB (38781.09 MB after compression)
 366335 255743      947.4330   533     1303.0000      903.3733 1.02e+08   30.67%
 369152 258313     1010.4444   503     1303.0000      903.3733 1.03e+08   30.67%
 369854 258945     1069.3030   538     1303.0000      903.8333 1.03e+08   30.63%
 369930 259019      993.0487   718     1303.0000      903.8333 1.03e+08   30.63%
 369994 259078     1008.3824   714     1303.0000      903.8333 1.04e+08   30.63%
 370122 259204     1038.4167   583     1303.0000      903.8333 1.04e+08   30.63%
 370393 259444     1057.4063   572     1303.0000      903.8333 1.04e+08   30.63%
 370675 259712     1147.3500   532     1303.0000      903.8333 1.04e+08   30.63%
 374153 262807      992.5500   583     1303.0000      904.3862 1.05e+08   30.59%
 374227 262879      981.8033   690     1303.0000      904.3862 1.05e+08   30.59%
Elapsed time = 9322.29 sec. (2242451.79 ticks, tree = 48978.95 MB, solutions = 130)
Nodefile size = 48818.95 MB (40062.63 MB after compression)
 374301 262949     1065.4722   531     1303.0000      904.3862 1.05e+08   30.59%
 374323 262970     1039.0350   750     1303.0000      904.3862 1.05e+08   30.59%
 374365 263010     1071.0000   568     1303.0000      904.3862 1.05e+08   30.59%
 374483 263122     1032.7900   665     1303.0000      904.3862 1.05e+08   30.59%
 376170 264661     1037.7645   499     1303.0000      904.5464 1.06e+08   30.58%
 376288 264779     1024.1548   671     1303.0000      904.5464 1.07e+08   30.58%
 376396 264885     1092.1750   654     1303.0000      904.5464 1.07e+08   30.58%
 376515 265002     1025.2195   690     1303.0000      904.5464 1.07e+08   30.58%
 376643 265130     1062.5000   391     1303.0000      904.5464 1.07e+08   30.58%
 376814 265297     1084.5905   678     1303.0000      904.5464 1.07e+08   30.58%
Elapsed time = 9515.68 sec. (2290319.81 ticks, tree = 49043.82 MB, solutions = 130)
Nodefile size = 48878.43 MB (40106.43 MB after compression)
 380368 268492      950.6585   471     1303.0000      904.5487 1.08e+08   30.58%
 380491 268607      987.8059   696     1303.0000      904.5487 1.08e+08   30.58%
 380611 268723     1020.0000   384     1303.0000      904.5487 1.08e+08   30.58%
 380718 268829     1042.0376   687     1303.0000      904.5487 1.08e+08   30.58%
 380910 269007     1101.2172   597     1303.0000      904.5487 1.08e+08   30.58%
 381166 269251     1151.0000   526     1303.0000      904.5487 1.09e+08   30.58%
*382270+270250                         1252.0000      904.5487 1.09e+08   27.75%
Found incumbent of value 1252.000000 after 9670.44 sec. (2315980.78 ticks)
*383109 271003      integral     0     1251.0000      904.5487 1.09e+08   27.69%
Found incumbent of value 1251.000000 after 9670.45 sec. (2318364.76 ticks)
*386003+229776                         1247.0000      905.5221 1.10e+08   27.38%
                                                  Impl Bds: 2                  
Found incumbent of value 1247.000000 after 9683.56 sec. (2323147.88 ticks)
 386003 229778     1119.4500   430     1247.0000      905.5221 1.10e+08   27.38%
 386146 229919     1079.0700   592     1247.0000      905.5221 1.10e+08   27.38%
 386285 230052     1085.1990   664     1247.0000      905.5221 1.10e+08   27.38%
Elapsed time = 9746.48 sec. (2331890.91 ticks, tree = 42325.86 MB, solutions = 134)
Nodefile size = 42163.67 MB (34537.20 MB after compression)
 386343 230108     1061.4755   648     1247.0000      905.5221 1.10e+08   27.38%
 386471 230221     1118.5647   669     1247.0000      905.5221 1.10e+08   27.38%
 386535 230276     1135.1111   691     1247.0000      905.5221 1.10e+08   27.38%
*389976+233283                         1241.0000      905.5221 1.11e+08   27.03%
Found incumbent of value 1241.000000 after 9817.10 sec. (2334798.32 ticks)
 390647 224934      957.5507   599     1241.0000      905.9057 1.12e+08   27.00%
                                                  Impl Bds: 5                  
 390744 225023     1035.5165   638     1241.0000      905.9057 1.12e+08   27.00%
 390850 225107     1055.4465   712     1241.0000      905.9057 1.12e+08   27.00%
 390978 225231     1084.5822   772     1241.0000      905.9057 1.12e+08   27.00%
*391022+225273                         1238.0000      905.9057 1.12e+08   26.83%
Found incumbent of value 1238.000000 after 9920.90 sec. (2351026.41 ticks)
 391074 225323     1112.6610   701     1238.0000      905.9057 1.12e+08   26.83%
 391216 225452     1104.5269   433     1238.0000      905.9057 1.12e+08   26.83%
*392296+226409                         1230.0000      905.9057 1.12e+08   26.35%
Found incumbent of value 1230.000000 after 9967.29 sec. (2364076.91 ticks)
*392493+226590                         1223.0000      905.9057 1.12e+08   25.93%
Found incumbent of value 1223.000000 after 9967.29 sec. (2414361.90 ticks)
 392493 226592     1207.5882   287     1223.0000      905.9057 1.12e+08   25.93%
Elapsed time = 9967.29 sec. (2425349.54 ticks, tree = 41432.23 MB, solutions = 137)
Nodefile size = 41253.01 MB (33771.15 MB after compression)
 394326 211529     1036.2457   673     1223.0000      906.2790 1.13e+08   25.90%
                                                      Cuts: 3                  
 394422 211615     1053.4545   673     1223.0000      906.2790 1.13e+08   25.90%
 394518 211703     1074.8462   674     1223.0000      906.2790 1.13e+08   25.90%
 394678 211857     1101.0784   662     1223.0000      906.2790 1.13e+08   25.90%
 394807 211980     1078.0000   691     1223.0000      906.2790 1.13e+08   25.90%
 395023 212164      928.4375   386     1223.0000      906.2790 1.14e+08   25.90%
*395090+212206                         1219.0000      906.2790 1.14e+08   25.65%
Found incumbent of value 1219.000000 after 10152.59 sec. (2440713.67 ticks)
 395090 212208      933.7028   480     1219.0000      906.2790 1.14e+08   25.65%
*396582+213527                         1218.0000      906.2790 1.14e+08   25.59%
Found incumbent of value 1218.000000 after 10152.59 sec. (2470936.86 ticks)
 396589 213536      935.2545   431     1218.0000      906.2790 1.14e+08   25.59%
 397189 209236     1037.3180   699     1218.0000      906.2790 1.14e+08   25.59%
                                                  Impl Bds: 2                  
 397285 209330     1067.0261   689     1218.0000      906.2790 1.15e+08   25.59%
Elapsed time = 10195.15 sec. (2518645.38 ticks, tree = 38420.83 MB, solutions = 144)
Nodefile size = 38259.63 MB (31282.35 MB after compression)
 397413 209448     1118.4498   664     1218.0000      906.2790 1.15e+08   25.59%
 397541 209565     1152.7327   642     1218.0000      906.2790 1.15e+08   25.59%
 397701 209709     1173.8726   575     1218.0000      906.2790 1.15e+08   25.59%
 398109 210052     1131.2154   486     1218.0000      906.2790 1.15e+08   25.59%
*398632+210501                         1200.0000      906.2790 1.15e+08   24.48%
Found incumbent of value 1200.000000 after 10281.24 sec. (2542536.61 ticks)
 398632 210503     1038.8975   431     1200.0000      906.2790 1.15e+08   24.48%
 400692 195407     1057.0833   596     1200.0000      907.1285 1.16e+08   24.41%
                                                      Cuts: 6                  
 400738 195451     1045.3729   710     1200.0000      907.1285 1.16e+08   24.41%
 403538 197871     1036.5245   693     1200.0000      907.3715 1.17e+08   24.39%
                                                    Covers: 1                  
 403607 197940     1063.3056   392     1200.0000      907.3715 1.17e+08   24.39%
*405007+199188                         1198.0000      907.3715 1.18e+08   24.26%
Found incumbent of value 1198.000000 after 10800.01 sec. (2753597.36 ticks)

Cover cuts applied:  14
Implied bound cuts applied:  120
Zero-half cuts applied:  253
Gomory fractional cuts applied:  17

Root node processing (before b&c):
  Real time             =   38.98 sec. (25884.84 ticks)
Parallel b&c, 32 threads:
  Real time             = 10786.55 sec. (2836018.35 ticks)
  Sync time (average)   =    0.34 sec.
  Wait time (average)   =    0.00 sec.
                          ------------
Total (root+branch&cut) = 10825.54 sec. (2861903.19 ticks)


Solution status: Feasible
Execution time: 10826.3 sec
Gap: 0.24241
