Sat Jul 21 02:32:37 2018

Tried aggregator 2 times.
MIP Presolve eliminated 18232 rows and 145 columns.
Aggregator did 552 substitutions.
Reduced MIP has 17462 rows, 5648 columns, and 66064 nonzeros.
Reduced MIP has 5648 binaries, 0 generals, 0 SOSs, and 0 indicators.
Presolve time = 0.14 sec. (96.83 ticks)
Probing time = 0.01 sec. (3.54 ticks)
Tried aggregator 1 time.
Presolve time = 0.04 sec. (30.25 ticks)
Probing time = 0.01 sec. (3.54 ticks)
Clique table members: 28000.
MIP emphasis: balance optimality and feasibility.
MIP search method: dynamic search.
Parallel mode: deterministic, using up to 32 threads.
Root relaxation solution time = 2.95 sec. (1115.06 ticks)

        Nodes                                         Cuts/
   Node  Left     Objective  IInf  Best Integer    Best Bound    ItCnt     Gap

      0     0      680.0000   547                    680.0000     3169         
      0     0      697.5000   412                    Cuts: 51     4089         
*     0+    0                         2675.0000      697.5000    13017   73.93%
Found incumbent of value 2675.000000 after 14.12 sec. (8401.95 ticks)
      0     0      734.3372   702     2675.0000      Cuts: 53    13017   72.55%
      0     0      747.7713   724     2675.0000      Cuts: 46    16757   72.05%
      0     0      756.4046   761     2675.0000  ZeroHalf: 42    20956   71.72%
      0     0      760.6086   808     2675.0000  ZeroHalf: 54    25679   71.57%
      0     0      773.5870   784     2675.0000  ZeroHalf: 44    35202   71.08%
      0     0      780.8608   847     2675.0000  ZeroHalf: 57    40360   70.81%
      0     0      782.7144   704     2675.0000  ZeroHalf: 49    48950   70.74%
      0     0      786.0833   808     2675.0000      Cuts: 47    54712   70.61%
      0     0      791.1667   596     2675.0000  ZeroHalf: 34    57844   70.42%
      0     0      792.0628   659     2675.0000      Cuts: 72    61191   70.39%
*     0+    0                         1932.0000      792.0628    62237   59.00%
Found incumbent of value 1932.000000 after 69.82 sec. (44338.37 ticks)
      0     0      793.9281   715     1932.0000  ZeroHalf: 42    62237   58.91%
      0     0      794.6398   725     1932.0000      Cuts: 44    62805   58.87%
      0     0      795.1368   744     1932.0000  ZeroHalf: 33    63044   58.84%
      0     0      795.3069   686     1932.0000  ZeroHalf: 35    63214   58.84%
      0     0      796.0881   543     1932.0000  ZeroHalf: 37    63769   58.79%
      0     0      796.1410   551     1932.0000      Cuts: 32    63901   58.79%
      0     0      796.4130   555     1932.0000      Cuts: 42    64368   58.78%
      0     0      796.6568   669     1932.0000      Cuts: 46    64713   58.77%
      0     0      798.9462   638     1932.0000  ZeroHalf: 27    65614   58.65%
      0     0      799.1634   654     1932.0000      Cuts: 52    66253   58.64%
      0     0      799.4783   610     1932.0000      Cuts: 37    66610   58.62%
      0     0      799.4783   653     1932.0000      Cuts: 44    66893   58.62%
Heuristic still looking.
      0     2      799.4783   582     1932.0000      799.4783    66893   58.62%
Elapsed time = 93.09 sec. (59896.66 ticks, tree = 0.01 MB, solutions = 2)
      1     3      808.5292   639     1932.0000      799.4783    70438   58.62%
      3     5      800.0000   605     1932.0000      799.5674    77250   58.61%
      6     8      811.5915   529     1932.0000      799.5674    80128   58.61%
     13    15      819.8349   543     1932.0000      800.0000    86543   58.59%
                                                  Impl Bds: 3                  
*    14+   14                         1912.0000      800.0000    86699   58.16%
Found incumbent of value 1912.000000 after 106.89 sec. (68340.71 ticks)
     17    19      824.0440   577     1912.0000      800.0000    88548   58.16%
     24    26      851.2259   562     1912.0000      800.0000    90360   58.16%
                                                  Impl Bds: 4                  
     29    31      824.0882   570     1912.0000      800.0000    91633   58.16%
     33    35      853.1006   527     1912.0000      800.0000    92632   58.16%
     44    46      845.5045   505     1912.0000      800.0000    96236   58.16%
     45    47      845.5045   514     1912.0000      800.0000    99779   58.16%
Elapsed time = 112.14 sec. (74328.92 ticks, tree = 0.01 MB, solutions = 3)
*    70+   70                         1911.0000      800.0000   118392   58.14%
                                                     Cuts: 43                  
Found incumbent of value 1911.000000 after 114.08 sec. (74877.67 ticks)
     97    99      884.0493   549     1911.0000      800.0000   131643   58.14%
    235   237      944.4179   485     1911.0000      800.0000   171623   58.14%
    442   444     1005.1053   541     1911.0000      800.0000   238608   58.14%
                                                  Impl Bds: 1                  
    634   636     1072.0202   481     1911.0000      800.0000   302096   58.14%
   1067  1045     1087.6071   440     1911.0000      800.0000   409026   58.14%
                                                     Cuts: 33                  
   1336  1302      829.0949   620     1911.0000      800.0000   470108   58.14%
   1445  1400     1440.0143   443     1911.0000      800.0000   498631   58.14%
   1647  1583      811.0287   774     1911.0000      800.0000   542690   58.14%
   2532  2333      817.3005   790     1911.0000      800.0000   695913   58.14%
                                                     Cuts: 35                  
   2538  2337      870.2239   546     1911.0000      800.0000   697948   58.14%
Elapsed time = 148.96 sec. (86434.17 ticks, tree = 24.69 MB, solutions = 4)
   2563  2362     1597.4431   257     1911.0000      800.0000   710295   58.14%
   2564  2363      830.2814   812     1911.0000      800.0000   719784   58.14%
   2688  2471    infeasible           1911.0000      800.0000   813668   58.14%
   3628  3326    infeasible           1911.0000      800.0000  1120926   58.14%
   3968  3617      822.4268   850     1911.0000      800.0000  1206559   58.14%
                                                     Cuts: 18                  
   3973  3622      981.5569   489     1911.0000      800.0000  1225632   58.14%
   6200  5660      846.1925   735     1911.0000      800.0000  1989819   58.14%
                                                     Cuts: 24                  
   6205  5665      980.3099   628     1911.0000      800.0000  1997621   58.14%
   6222  5682      936.9343   665     1911.0000      800.0000  2022145   58.14%
   6269  5729      992.5664   498     1911.0000      800.0000  2082385   58.14%
Elapsed time = 333.79 sec. (164823.82 ticks, tree = 208.48 MB, solutions = 4)
Nodefile size = 52.25 MB (37.31 MB after compression)
   6333  5793      999.1183   504     1911.0000      800.0000  2111049   58.14%
   6365  5823     1085.8514   614     1911.0000      800.0000  2129997   58.14%
*  7902  7297      integral     0     1725.0000      800.0000  2514880   53.62%
Found incumbent of value 1725.000000 after 343.27 sec. (170701.02 ticks)
  10134  8947      800.6667   609     1725.0000      800.6667  2984794   53.58%
  10135  8948      830.3500   901     1725.0000      800.6667  2994790   53.58%
  10136  8949      801.0000   706     1725.0000      800.6667  3004749   53.58%
  10137  8950      801.0000   693     1725.0000      801.0000  3005500   53.57%
  10138  8951      853.5365   923     1725.0000      801.0000  3019615   53.57%
  10140  8952      856.7476   876     1725.0000      801.0000  3032274   53.57%
  10142  8952      861.1013   890     1725.0000      801.0000  3034402   53.57%
Elapsed time = 467.06 sec. (241597.59 ticks, tree = 127.75 MB, solutions = 5)
  10143  8953      802.1667   701     1725.0000      801.0135  3038836   53.56%
                                                  ZeroHalf: 6                  
  10147  8956      914.3361   927     1725.0000      801.0135  3058371   53.56%
  10150  8958      923.1212   833     1725.0000      801.0135  3069735   53.56%
  10152  8960      802.1667   693     1725.0000      802.1667  3070727   53.50%
  10154  8962      919.1493   853     1725.0000      802.1667  3079371   53.50%
  10161  8964      906.7454   828     1725.0000      802.1667  3093342   53.50%
  10166  8967      806.5000   696     1725.0000      802.1667  3105455   53.50%
                                                     Cuts: 13                  
  10175  8971      992.0858   781     1725.0000      802.1667  3131654   53.50%
  10180  8975      999.4763   782     1725.0000      802.1667  3144444   53.50%
  10185  8978      806.5000   692     1725.0000      802.1667  3147513   53.50%
                                                  ZeroHalf: 6                  
Elapsed time = 517.71 sec. (275221.64 ticks, tree = 127.71 MB, solutions = 5)
  10199  8987      921.9580   836     1725.0000      802.1667  3156086   53.50%
  10204  8990     1013.7296   758     1725.0000      802.1667  3172168   53.50%
  10235  9004      807.5000   654     1725.0000      802.1667  3212852   53.50%
  10310  9047      909.6462   722     1725.0000      802.1667  3266687   53.50%
  10593  9167      837.1497   825     1725.0000      802.1667  3456303   53.50%
                                                  ZeroHalf: 8                  
  10625  9182      809.2680   693     1725.0000      802.1667  3487326   53.50%
  12199 10035      879.6880   879     1725.0000      802.1667  4074120   53.50%
                                                  ZeroHalf: 5                  
  12231 10054      810.9546   797     1725.0000      802.1667  4114649   53.50%
  12261 10066      954.6288   806     1725.0000      802.1667  4158284   53.50%
  12325 10088      852.3617   960     1725.0000      802.1667  4209287   53.50%
Elapsed time = 686.13 sec. (322436.43 ticks, tree = 145.79 MB, solutions = 5)
  13402 10628     1272.2740   471     1725.0000      802.1667  4622805   53.50%
  13417 10634      956.4689   784     1725.0000      802.1667  4627899   53.50%
  13449 10654      965.9815   775     1725.0000      802.1667  4666785   53.50%
  13545 10671      976.1844   702     1725.0000      802.1667  4704681   53.50%
  13577 10683      978.4495   695     1725.0000      802.1667  4717643   53.50%
  14112 10940      970.9221   797     1725.0000      802.1667  4940408   53.50%
  15953 11877      922.8137   865     1725.0000      802.1667  5427587   53.50%
  16642 12206      843.0643   922     1725.0000      802.1667  5566373   53.50%
  16667 12221      925.2299   929     1725.0000      802.1667  5589969   53.50%
  16696 12237      981.6293   806     1725.0000      802.1667  5626230   53.50%
Elapsed time = 814.07 sec. (352656.18 ticks, tree = 422.50 MB, solutions = 5)
Nodefile size = 179.88 MB (144.12 MB after compression)
  16706 12245      864.4894   836     1725.0000      802.1667  5650095   53.50%
  16728 12254      930.3813   874     1725.0000      802.1667  5669143   53.50%
  16760 12273      945.7789   784     1725.0000      802.1667  5700010   53.50%
  16824 12307      957.7832   567     1725.0000      802.1667  5749549   53.50%
  16856 12321      965.3964   658     1725.0000      802.1667  5772355   53.50%
  16952 12375      970.9275   695     1725.0000      802.1667  5833447   53.50%
  17002 12402     1033.4820   707     1725.0000      802.1667  5856039   53.50%
  17066 12437     1091.8438   667     1725.0000      802.1667  5914452   53.50%
  19205 13506      868.7520   898     1725.0000      802.1667  6646341   53.50%
  19212 13511     1098.4333   533     1725.0000      802.1667  6662712   53.50%
Elapsed time = 963.49 sec. (380336.54 ticks, tree = 582.86 MB, solutions = 5)
Nodefile size = 345.58 MB (278.86 MB after compression)
  19244 13526     1139.3630   644     1725.0000      802.1667  6707298   53.50%
  19276 13543     1127.8899   708     1725.0000      802.1667  6761110   53.50%
  19308 13560     1123.9843   712     1725.0000      802.1667  6800753   53.50%
  19358 13587      987.9743   752     1725.0000      802.1667  6854158   53.50%
  19390 13608      977.6126   747     1725.0000      802.1667  6884907   53.50%
  19422 13628      981.3494   726     1725.0000      802.1667  6913092   53.50%
  19454 13645     1016.3686   692     1725.0000      802.1667  6938046   53.50%
  19518 13676      994.1974   721     1725.0000      802.1667  6981547   53.50%
  19550 13695     1001.9444   676     1725.0000      802.1667  7003049   53.50%
  19614 13731      999.3471   693     1725.0000      802.1667  7045074   53.50%
Elapsed time = 1074.96 sec. (399343.41 ticks, tree = 582.84 MB, solutions = 5)
Nodefile size = 345.58 MB (278.86 MB after compression)
  19623 13734      972.8886   718     1725.0000      802.1667  7048834   53.50%
  23587 15819      828.7630   971     1725.0000      802.1667  8044450   53.50%
  26979 17582     1286.9240   610     1725.0000      802.1667  8796777   53.50%
                                                     Cuts: 49                  
  26983 17584      889.7910   917     1725.0000      802.1667  8820797   53.50%
  27013 17598      923.1828   702     1725.0000      802.1667  8975350   53.50%
  27072 17630     1058.2187   805     1725.0000      802.1667  9071978   53.50%
  27079 17633      915.9967   840     1725.0000      802.1667  9081178   53.50%
  27111 17650      933.7257   797     1725.0000      802.1667  9126319   53.50%
  27143 17671      951.5128   803     1725.0000      802.1667  9152050   53.50%
  27175 17685      963.9192   820     1725.0000      802.1667  9192352   53.50%
Elapsed time = 1271.87 sec. (441596.15 ticks, tree = 2030.64 MB, solutions = 5)
Nodefile size = 1841.83 MB (1489.65 MB after compression)
  29860 19165      844.7810   918     1725.0000      802.1667 10050737   53.50%
  31271 20413      829.9186   911     1725.0000      811.6858 10386864   52.95%
                                                     Cuts: 28                  
  31335 20477      842.6741   897     1725.0000      811.6858 10460270   52.95%
  31367 20509      860.6902   964     1725.0000      811.6858 10500809   52.95%
  31399 20541      865.9753   809     1725.0000      811.6858 10540325   52.95%
  31431 20573      876.0715   962     1725.0000      811.6858 10579830   52.95%
  31559 20698      894.5339   908     1725.0000      811.6858 10716083   52.95%
  31623 20759      908.4810   820     1725.0000      811.6858 10769850   52.95%
  31719 20855      924.0779   896     1725.0000      811.6858 10851790   52.95%
  34133 23209      901.5627   820     1725.0000      811.6858 11558190   52.95%
Elapsed time = 1470.74 sec. (488644.86 ticks, tree = 2726.91 MB, solutions = 5)
Nodefile size = 2538.71 MB (2042.46 MB after compression)
  36032 24993      986.0926   856     1725.0000      819.6483 12202643   52.48%
                                                      Cuts: 5                  
  36098 25057     1013.7512   687     1725.0000      819.6483 12319498   52.48%
  36146 25103      965.7081   673     1725.0000      819.6483 12420524   52.48%
  36210 25167      976.3529   672     1725.0000      819.6483 12558624   52.48%
  36326 25283     1049.8264   690     1725.0000      819.6483 12779073   52.48%
  36402 25359     1006.8287   593     1725.0000      819.6483 12911016   52.48%
  36467 25424     1161.2888   652     1725.0000      819.6483 13009480   52.48%
  38386 27274     1232.9667   646     1725.0000      819.6483 13901042   52.48%
                                                     Cuts: 20                  
  38423 27311      870.9574   825     1725.0000      819.6483 13976047   52.48%
  38460 27344      893.7771   939     1725.0000      819.6483 14035671   52.48%
Elapsed time = 1703.76 sec. (537145.99 ticks, tree = 3762.65 MB, solutions = 5)
Nodefile size = 3596.85 MB (2911.87 MB after compression)
  38551 27435      912.9095   803     1725.0000      819.6483 14152591   52.48%
  38615 27499      934.3986   792     1725.0000      819.6483 14222465   52.48%
  38716 27600      940.6288   876     1725.0000      819.6483 14325880   52.48%
  38812 27696      978.0558   811     1725.0000      819.6483 14394965   52.48%
  38972 27856      996.2836   768     1725.0000      819.6483 14488313   52.48%
  39132 28016     1023.2102   772     1725.0000      819.6483 14562431   52.48%
  41085 29906      889.3566   786     1725.0000      819.6483 15011382   52.48%
* 43346+32019                         1722.0000      819.6483 15810351   52.40%
Found incumbent of value 1722.000000 after 1881.23 sec. (547726.28 ticks)
  44514 33116     1044.6357   649     1722.0000      826.4251 16051033   52.01%
                                                     Cuts: 17                  
  44570 33172      929.9575   772     1722.0000      826.4251 16160448   52.01%
  44655 33257      911.5629   873     1722.0000      826.4251 16287971   52.01%
Elapsed time = 1979.61 sec. (586568.72 ticks, tree = 4961.18 MB, solutions = 5)
Nodefile size = 4795.21 MB (3885.06 MB after compression)
  44751 33353      939.1065   869     1722.0000      826.4251 16401487   52.01%
  44847 33449      962.4277   813     1722.0000      826.4251 16507368   52.01%
  44975 33577      948.3736   792     1722.0000      826.4251 16649816   52.01%
  45039 33641     1005.0000   619     1722.0000      826.4251 16706657   52.01%
  45126 33728     1039.0556   673     1722.0000      826.4251 16788464   52.01%
  45190 33792     1122.7249   698     1722.0000      826.4251 16845630   52.01%
  48822 37272      915.2978   832     1722.0000      826.4251 17985247   52.01%
  48877 37323     1084.6348   722     1722.0000      826.4251 18048231   52.01%
                                                      Cuts: 9                  
  48894 37340      889.6704   813     1722.0000      826.4251 18077202   52.01%
  48990 37436      934.7324   715     1722.0000      826.4251 18209250   52.01%
Elapsed time = 2196.21 sec. (633745.84 ticks, tree = 5816.15 MB, solutions = 6)
Nodefile size = 5649.03 MB (4600.70 MB after compression)
  49054 37500      951.2527   738     1722.0000      826.4251 18298310   52.01%
  49121 37567     1037.1859   796     1722.0000      826.4251 18381228   52.01%
  49249 37695     1048.0881   680     1722.0000      826.4251 18524594   52.01%
  49345 37791     1063.0833   607     1722.0000      826.4251 18618836   52.01%
  49505 37951     1099.6946   578     1722.0000      826.4251 18739294   52.01%
  52109 40448      914.1167   817     1722.0000      826.4251 19513136   52.01%
  54275 42488     1008.2500   680     1722.0000      841.3651 20167969   51.14%
                                                      Cuts: 7                  
  54371 42584      958.2587   741     1722.0000      841.3651 20316280   51.14%
  54435 42648      965.9174   731     1722.0000      841.3651 20404705   51.14%
  54544 42755      992.2474   823     1722.0000      841.3651 20545804   51.14%
Elapsed time = 2447.02 sec. (684920.39 ticks, tree = 6883.81 MB, solutions = 6)
Nodefile size = 6714.52 MB (5494.16 MB after compression)
  54640 42851     1013.5077   794     1722.0000      841.3651 20662346   51.14%
  54704 42915     1039.9965   646     1722.0000      841.3651 20725299   51.14%
  54800 43011     1062.1928   777     1722.0000      841.3651 20820009   51.14%
  54960 43171     1073.3200   668     1722.0000      841.3651 20959744   51.14%
  56314 44478      901.4408   789     1722.0000      841.3651 21471804   51.14%
  59604 47552      954.4085   806     1722.0000      847.7263 22362529   50.77%
                                                      Cuts: 7                  
  59678 47624      946.8055   856     1722.0000      847.7263 22463335   50.77%
  59742 47686      938.6836   779     1722.0000      847.7263 22548016   50.77%
  59806 47750      956.4994   764     1722.0000      847.7263 22618384   50.77%
  59821 47765     1002.2096   819     1722.0000      847.7263 22635937   50.77%
Elapsed time = 2680.72 sec. (735038.10 ticks, tree = 7935.59 MB, solutions = 6)
Nodefile size = 7767.11 MB (6384.33 MB after compression)
  59934 47878      979.6152   730     1722.0000      847.7263 22750491   50.77%
  59998 47942     1022.5472   714     1722.0000      847.7263 22807452   50.77%
  60126 48070     1051.7440   646     1722.0000      847.7263 22900794   50.77%
  60254 48198     1084.4167   664     1722.0000      847.7263 22990513   50.77%
  62952 50755      923.0592   915     1722.0000      847.7263 23890867   50.77%
* 64551+52281                         1685.0000      865.2228 24509694   48.65%
Found incumbent of value 1685.000000 after 2784.61 sec. (766497.71 ticks)
* 64551+52281                         1645.0000      865.2228 24509694   47.40%
Found incumbent of value 1645.000000 after 2784.73 sec. (766550.72 ticks)
* 64551+52281                         1590.0000      865.2228 24509694   45.58%
Found incumbent of value 1590.000000 after 2786.09 sec. (767121.60 ticks)
  64551 52283      924.3545   866     1590.0000      865.2228 24509694   45.58%
* 64599+48251                         1567.0000      865.2228 24590278   44.78%
Found incumbent of value 1567.000000 after 2813.62 sec. (771312.49 ticks)
  64599 48253      876.5524   952     1567.0000      865.2228 24590278   44.78%
  64632 48286      957.9493   918     1567.0000      865.2228 24666227   44.78%
  64644 48298      904.1496   870     1567.0000      865.2228 24686542   44.78%
  64703 48357      916.1764   720     1567.0000      865.2228 24807569   44.78%
Elapsed time = 2961.61 sec. (795456.49 ticks, tree = 8112.94 MB, solutions = 51)
Nodefile size = 8092.67 MB (6677.31 MB after compression)
  65053 48707     1067.7049   774     1567.0000      865.2228 25251428   44.78%
  65117 48771     1088.7558   804     1567.0000      865.2228 25325410   44.78%
  65245 48899     1101.1152   713     1567.0000      865.2228 25421865   44.78%
  67045 50654      899.9036   710     1567.0000      865.2228 25997015   44.78%
  69141 51275      938.3210   787     1567.0000      873.3375 26892096   44.27%
                                                  ZeroHalf: 5                  
  69173 51307      947.3723   675     1567.0000      873.3375 27078003   44.27%
  69174 51308      974.8369   821     1567.0000      873.3375 27091944   44.27%
  69206 51340      985.1808   783     1567.0000      873.3375 27251246   44.27%
  69238 51372     1000.3355   790     1567.0000      873.3375 27345163   44.27%
  69302 51436     1016.6332   814     1567.0000      873.3375 27471746   44.27%
Elapsed time = 3194.22 sec. (847813.68 ticks, tree = 8631.21 MB, solutions = 60)
Nodefile size = 8493.39 MB (7016.52 MB after compression)
  69366 51498     1031.4002   741     1567.0000      873.3375 27564002   44.27%
  69494 51626     1058.6807   704     1567.0000      873.3375 27691714   44.27%
  70213 52345     1255.1154   647     1567.0000      873.3375 28164771   44.27%
  72839 54779      909.8722   951     1567.0000      873.4099 29213312   44.26%
                                                  ZeroHalf: 2                  
  72944 54884      989.2916   705     1567.0000      873.4099 29357238   44.26%
  73041 54981     1153.1434   704     1567.0000      873.4099 29489934   44.26%
  73111 55051     1105.1341   711     1567.0000      873.4099 29568805   44.26%
  73207 55147     1121.8148   705     1567.0000      873.4099 29669132   44.26%
  73383 55319     1047.3643   827     1567.0000      873.4099 29823678   44.26%
  73494 55430     1090.4593   721     1567.0000      873.4099 29901309   44.26%
Elapsed time = 3443.30 sec. (893443.18 ticks, tree = 9258.97 MB, solutions = 61)
Nodefile size = 9115.18 MB (7528.18 MB after compression)
  73622 55558     1133.2312   768     1567.0000      873.4099 29985345   44.26%
  73782 55716     1182.5500   634     1567.0000      873.4099 30055400   44.26%
  74006 55930     1220.9274   694     1567.0000      873.4099 30140362   44.26%
* 75126+56957                         1564.0000      873.4099 30586761   44.16%
Found incumbent of value 1564.000000 after 3496.99 sec. (887884.53 ticks)
  77025 58721      915.3586   934     1564.0000      873.4099 31433449   44.16%
  77457 58937      954.4236   924     1564.0000      873.4099 31564566   44.16%
  77528 59008     1019.0900   732     1564.0000      873.4099 31676400   44.16%
  77592 59072     1038.4041   741     1564.0000      873.4099 31768840   44.16%
  77688 59168     1083.6097   686     1564.0000      873.4099 31877021   44.16%
  77784 59264     1098.0268   707     1564.0000      873.4099 31987604   44.16%
  77880 59360     1119.0997   639     1564.0000      873.4099 32080463   44.16%
Elapsed time = 3679.93 sec. (941596.73 ticks, tree = 10066.44 MB, solutions = 62)
Nodefile size = 9921.61 MB (8191.77 MB after compression)
  78072 59550     1128.7500   503     1564.0000      873.4099 32247514   44.16%
  78200 59677     1166.7456   596     1564.0000      873.4099 32343238   44.16%
  78424 59897     1190.6242   518     1564.0000      873.4099 32456714   44.16%
  78664 60133     1446.4318   577     1564.0000      873.4099 32538099   44.16%
  79883 61276      932.5727   839     1564.0000      873.4099 32993167   44.16%
* 82372+63562                         1558.0000      873.4099 33959764   43.94%
Found incumbent of value 1558.000000 after 3757.15 sec. (947681.16 ticks)
  82502 63320     1241.6154   605     1558.0000      876.1402 34051359   43.77%
                                                  ZeroHalf: 4                  
  82539 63357      994.3203   766     1558.0000      876.1402 34107017   43.77%
  82603 63421     1022.4592   699     1558.0000      876.1402 34193114   43.77%
  82701 63518     1055.2954   704     1558.0000      876.1402 34320730   43.77%
  82792 63605     1082.1412   764     1558.0000      876.1402 34432501   43.77%
Elapsed time = 3907.79 sec. (984951.49 ticks, tree = 10915.82 MB, solutions = 62)
Nodefile size = 10770.93 MB (8916.07 MB after compression)
  82829 63642     1103.6938   654     1558.0000      876.1402 34486663   43.77%
  82925 63732     1161.7965   641     1558.0000      876.1402 34574576   43.77%
  83053 63858     1159.1848   682     1558.0000      876.1402 34701827   43.77%
  83181 63976     1174.5000   587     1558.0000      876.1402 34791300   43.77%
  83373 64165     1204.6667   503     1558.0000      876.1402 34926380   43.77%
  83743 64522     1320.6729   678     1558.0000      876.1402 35121526   43.77%
  88091 68567      925.5261   818     1558.0000      878.4906 36599191   43.61%
                                                      Cuts: 3                  
  88200 68676     1112.0980   667     1558.0000      878.4906 36748436   43.61%
  88259 68735     1017.8091   792     1558.0000      878.4906 36828024   43.61%
  88387 68863     1144.5726   840     1558.0000      878.4906 36967587   43.61%
Elapsed time = 4115.58 sec. (1034283.04 ticks, tree = 11955.79 MB, solutions = 63)
Nodefile size = 11807.29 MB (9792.92 MB after compression)
  88483 68959     1062.3948   771     1558.0000      878.4906 37068584   43.61%
  88579 69055     1087.2378   760     1558.0000      878.4906 37149264   43.61%
  88704 69180     1090.0977   639     1558.0000      878.4906 37256027   43.61%
  88803 69279     1129.7846   636     1558.0000      878.4906 37336573   43.61%
  88995 69470     1246.6964   510     1558.0000      878.4906 37457918   43.61%
  89091 69562     1248.0000   371     1558.0000      878.4906 37505516   43.61%
  90579 70935     1045.3977   905     1558.0000      878.4906 38009553   43.61%
  92994 73190      983.0682   813     1558.0000      881.2435 39173563   43.44%
                                                  ZeroHalf: 1                  
  93058 73246     1023.7338   764     1558.0000      881.2435 39246745   43.44%
  93122 73310     1011.5048   715     1558.0000      881.2435 39315019   43.44%
Elapsed time = 4329.58 sec. (1080812.47 ticks, tree = 12875.08 MB, solutions = 63)
Nodefile size = 12727.46 MB (10575.58 MB after compression)
  93218 73406     1022.5785   664     1558.0000      881.2435 39419877   43.44%
  93378 73564     1035.7917   570     1558.0000      881.2435 39569802   43.44%
  93442 73628     1065.3086   701     1558.0000      881.2435 39622001   43.44%
  93570 73755     1115.4715   697     1558.0000      881.2435 39710768   43.44%
  93730 73911     1158.2500   563     1558.0000      881.2435 39786825   43.44%
  93826 74007     1175.3261   643     1558.0000      881.2435 39836021   43.44%
  93954 74131     1198.7973   628     1558.0000      881.2435 39885698   43.44%
  95203 75288     1054.4193   743     1558.0000      881.2435 40404117   43.44%
  98203 78085      930.8084   838     1558.0000      884.1971 41624936   43.25%
  98269 78151      950.4109   867     1558.0000      884.1971 41733717   43.25%
Elapsed time = 4551.72 sec. (1123263.33 ticks, tree = 13863.18 MB, solutions = 63)
Nodefile size = 13714.31 MB (11416.10 MB after compression)
  98330 78212      964.9190   760     1558.0000      884.1971 41830000   43.25%
  98421 78303      983.3918   837     1558.0000      884.1971 41973337   43.25%
  98490 78372     1023.0753   801     1558.0000      884.1971 42077421   43.25%
  98586 78465     1041.7118   787     1558.0000      884.1971 42199242   43.25%
  98746 78625     1071.3865   754     1558.0000      884.1971 42378959   43.25%
  98874 78753     1104.7056   649     1558.0000      884.1971 42484602   43.25%
  99098 78973     1135.5857   525     1558.0000      884.1971 42640705   43.25%
  99197 79072     1166.2173   633     1558.0000      884.1971 42693956   43.25%
  99389 79264     1203.6667   563     1558.0000      884.1971 42772228   43.25%
 102452 82121      940.8614   861     1558.0000      884.1971 43780463   43.25%
Elapsed time = 4775.24 sec. (1167141.02 ticks, tree = 13896.98 MB, solutions = 63)
Nodefile size = 13714.31 MB (11416.10 MB after compression)
 103233 82833     1368.6774   714     1558.0000      884.9852 44194059   43.20%
                                                  ZeroHalf: 4                  
 103325 82925      965.2364   817     1558.0000      884.9852 44313161   43.20%
 103389 82989      986.6361   807     1558.0000      884.9852 44389838   43.20%
 103421 83021     1043.3401   697     1558.0000      884.9852 44435862   43.20%
 103485 83085     1008.8146   765     1558.0000      884.9852 44502468   43.20%
 103559 83159      998.0375   786     1558.0000      884.9852 44574689   43.20%
 103645 83245     1068.7531   718     1558.0000      884.9852 44657861   43.20%
 103719 83319     1066.2084   782     1558.0000      884.9852 44715938   43.20%
 103847 83447     1039.6405   669     1558.0000      884.9852 44822316   43.20%
 104007 83607     1100.3876   674     1558.0000      884.9852 44913778   43.20%
Elapsed time = 5012.68 sec. (1213685.13 ticks, tree = 14831.53 MB, solutions = 63)
Nodefile size = 14679.11 MB (12244.29 MB after compression)
 104135 83733     1122.9590   644     1558.0000      884.9852 44969865   43.20%
 106893 86308      944.1151   887     1558.0000      884.9852 46072692   43.20%
 109802 89010      951.8269   790     1558.0000      887.7233 47036599   43.02%
 109901 89108      973.6730   798     1558.0000      887.7233 47158036   43.02%
 109962 89167      985.0552   712     1558.0000      887.7233 47228641   43.02%
 110058 89257      997.9000   715     1558.0000      887.7233 47331800   43.02%
 110186 89383     1021.0833   611     1558.0000      887.7233 47441199   43.02%
 110346 89541     1061.1667   579     1558.0000      887.7233 47592382   43.02%
 110506 89696     1173.0833   595     1558.0000      887.7233 47727326   43.02%
 110607 89797     1064.2070   783     1558.0000      887.7233 47800377   43.02%
Elapsed time = 5226.31 sec. (1259420.76 ticks, tree = 16098.46 MB, solutions = 63)
Nodefile size = 15943.11 MB (13309.29 MB after compression)
 110703 89891     1096.4926   746     1558.0000      887.7233 47868210   43.02%
 110799 89985     1111.4183   684     1558.0000      887.7233 47919629   43.02%
 112453 91527     1145.9232   755     1558.0000      887.7233 48758598   43.02%
 114209 93166      976.1558   829     1558.0000      890.8526 49463484   42.82%
 114310 93267     1208.4406   648     1558.0000      890.8526 49576920   42.82%
 114457 93414      988.0293   848     1558.0000      890.8526 49756602   42.82%
 114505 93462     1056.2128   765     1558.0000      890.8526 49810569   42.82%
 114670 93627     1028.3200   740     1558.0000      890.8526 49966299   42.82%
 114798 93755     1053.5046   757     1558.0000      890.8526 50056769   42.82%
 114926 93883     1083.5767   769     1558.0000      890.8526 50143584   42.82%
Elapsed time = 5468.33 sec. (1305347.15 ticks, tree = 16947.38 MB, solutions = 63)
Nodefile size = 16790.39 MB (14033.64 MB after compression)
 114990 93941     1099.4455   751     1558.0000      890.8526 50183328   42.82%
 115182 94129     1155.3589   709     1558.0000      890.8526 50303038   42.82%
 115289 94232     1173.2232   688     1558.0000      890.8526 50359542   42.82%
 115449 94390     1218.2449   730     1558.0000      890.8526 50428476   42.82%
*116218+95101                         1553.0000      890.8526 50727004   42.64%
Found incumbent of value 1553.000000 after 5563.76 sec. (1301784.96 ticks)
 116464 95324      965.7787   804     1553.0000      890.8526 50921271   42.64%
 119079 97364      999.7766   833     1553.0000      891.1162 52074832   42.62%
                                                      Cuts: 2                  
 119166 97451     1104.1960   715     1553.0000      891.1162 52177924   42.62%
 119282 97567     1178.4000   651     1553.0000      891.1162 52291648   42.62%
 119378 97663     1170.0833   635     1553.0000      891.1162 52374268   42.62%
 119442 97727     1183.6294   698     1553.0000      891.1162 52435332   42.62%
Elapsed time = 5704.70 sec. (1349861.28 ticks, tree = 17798.90 MB, solutions = 63)
Nodefile size = 17646.02 MB (14769.62 MB after compression)
 119634 97917     1256.6186   580     1553.0000      891.1162 52566731   42.62%
 119911 98188     1191.1893   649     1553.0000      891.1162 52694938   42.62%
 120711 98941     1441.9147   348     1553.0000      891.1162 52906877   42.62%
 120766 98994      970.1642   824     1553.0000      891.1162 52926406   42.62%
 120926 99145      992.0887   690     1553.0000      891.1162 52978649   42.62%
 121086 99286     1038.7859   678     1553.0000      891.1162 53050862   42.62%
 121150 99347     1067.6633   657     1553.0000      891.1162 53078646   42.62%
 126392 104247     1511.1667   259     1553.0000      893.7959 55008017   42.45%
                                                  ZeroHalf: 1                  
 126464 104315      939.9019   814     1553.0000      893.7959 55113516   42.45%
 126533 104384     1068.1508   727     1553.0000      893.7959 55226742   42.45%
Elapsed time = 5913.54 sec. (1396873.98 ticks, tree = 19220.84 MB, solutions = 64)
Nodefile size = 19067.42 MB (15970.10 MB after compression)
 126648 104499      986.8385   738     1553.0000      893.7959 55430247   42.45%
 126680 104531      963.3289   788     1553.0000      893.7959 55481712   42.45%
 127008 104859     1041.5637   682     1553.0000      893.7959 55783484   42.45%
 127168 105017     1102.1890   737     1553.0000      893.7959 55876911   42.45%
 127360 105203     1186.6583   686     1553.0000      893.7959 55965136   42.45%
 127520 105361     1326.9444   565     1553.0000      893.7959 56044850   42.45%
 127744 105581     1374.0208   526     1553.0000      893.7959 56121050   42.45%
 129925 107615     1016.7948   738     1553.0000      893.7959 57009994   42.45%
 131073 108659     1021.9559   731     1553.0000      894.6119 57549315   42.39%
                                                  Impl Bds: 1                  
 131117 108703     1023.9749   739     1553.0000      894.6119 57606192   42.39%
Elapsed time = 6147.87 sec. (1444489.94 ticks, tree = 19575.74 MB, solutions = 64)
Nodefile size = 19421.97 MB (16252.65 MB after compression)
 131218 108804     1048.4704   689     1553.0000      894.6119 57745470   42.39%
 131252 108838     1012.8449   783     1553.0000      894.6119 57798985   42.39%
 131316 108902     1014.9915   747     1553.0000      894.6119 57872562   42.39%
 131444 109030     1071.5865   697     1553.0000      894.6119 57986085   42.39%
 131540 109126     1106.3750   710     1553.0000      894.6119 58080492   42.39%
 131604 109190     1104.6135   694     1553.0000      894.6119 58138083   42.39%
 131796 109381     1224.9824   733     1553.0000      894.6119 58274673   42.39%
 131893 109476     1154.1581   697     1553.0000      894.6119 58339429   42.39%
 133509 111004      928.1241   760     1553.0000      894.6119 59032688   42.39%
*135868+113191                         1550.0000      894.6119 59932142   42.28%
Found incumbent of value 1550.000000 after 6353.61 sec. (1453651.63 ticks)
 136864 113897      910.5956   734     1550.0000      895.4115 60258710   42.23%
                                                      Cuts: 5                  
Elapsed time = 6363.65 sec. (1493862.44 ticks, tree = 20658.83 MB, solutions = 64)
Nodefile size = 20505.47 MB (17176.10 MB after compression)
 136865 113898      959.5368   680     1550.0000      895.4115 60268905   42.23%
 137013 114046      975.2284   812     1550.0000      895.4115 60501142   42.23%
 137077 114110      991.4200   827     1550.0000      895.4115 60582836   42.23%
 137173 114206     1012.8201   763     1550.0000      895.4115 60699865   42.23%
 137237 114268     1021.8465   743     1550.0000      895.4115 60756636   42.23%
 137365 114393     1065.7353   614     1550.0000      895.4115 60860711   42.23%
 137461 114489     1087.5417   635     1550.0000      895.4115 60929332   42.23%
 137621 114645     1140.9286   609     1550.0000      895.4115 61027498   42.23%
 137717 114741     1172.1103   674     1550.0000      895.4115 61082698   42.23%
 137813 114835     1184.7500   495     1550.0000      895.4115 61128501   42.23%
Elapsed time = 6589.46 sec. (1540014.70 ticks, tree = 20664.71 MB, solutions = 65)
Nodefile size = 20505.47 MB (17176.10 MB after compression)
 141183 117974      963.4087   772     1550.0000      895.4115 62600622   42.23%
 142174 118881      977.4075   727     1550.0000      897.1390 63032759   42.12%
                                                  ZeroHalf: 2                  
 142241 118948     1032.4550   696     1550.0000      897.1390 63147964   42.12%
 142305 119012      990.6501   781     1550.0000      897.1390 63250794   42.12%
 142337 119044     1029.4640   793     1550.0000      897.1390 63311853   42.12%
 142401 119108     1043.1026   665     1550.0000      897.1390 63402034   42.12%
 142465 119172     1032.4599   753     1550.0000      897.1390 63485032   42.12%
 142529 119236     1057.0574   661     1550.0000      897.1390 63563703   42.12%
 142593 119298     1071.7639   655     1550.0000      897.1390 63634963   42.12%
 142753 119456     1096.9808   678     1550.0000      897.1390 63782678   42.12%
Elapsed time = 6842.52 sec. (1587526.46 ticks, tree = 21692.67 MB, solutions = 65)
Nodefile size = 21534.57 MB (18045.95 MB after compression)
 142945 119646     1166.5458   629     1550.0000      897.1390 63938053   42.12%
*143333+120019                         1542.0000      897.1390 64161529   41.82%
Found incumbent of value 1542.000000 after 6866.57 sec. (1578348.86 ticks)
 144053 120696     1055.8014   802     1542.0000      897.1390 64567640   41.82%
 146314 122033     1229.8387   636     1542.0000      897.4651 65561410   41.80%
                                                  ZeroHalf: 1                  
 146332 122051     1057.2890   823     1542.0000      897.4651 65595719   41.80%
 146396 122115     1038.1675   773     1542.0000      897.4651 65689801   41.80%
 146460 122179     1103.7177   745     1542.0000      897.4651 65811661   41.80%
 146492 122211     1044.1755   805     1542.0000      897.4651 65884421   41.80%
 146524 122242     1060.8232   781     1542.0000      897.4651 65935959   41.80%
 146556 122272     1067.2707   726     1542.0000      897.4651 65995995   41.80%
 146620 122336     1062.8661   729     1542.0000      897.4651 66120450   41.80%
Elapsed time = 7138.88 sec. (1645031.86 ticks, tree = 22351.43 MB, solutions = 66)
Nodefile size = 22198.02 MB (18607.07 MB after compression)
 146812 122524     1115.7434   683     1542.0000      897.4651 66344775   41.80%
 148259 123897      956.7064   785     1542.0000      897.4651 67202029   41.80%
 149921 125406      998.1141   830     1542.0000      898.6680 68257062   41.72%
                                                      Cuts: 9                  
 149951 125436      978.6100   806     1542.0000      898.6680 68320234   41.72%
 150040 125525      994.3603   771     1542.0000      898.6680 68452378   41.72%
 150131 125616     1093.3328   710     1542.0000      898.6680 68562725   41.72%
 150200 125685     1049.6786   674     1542.0000      898.6680 68653313   41.72%
 150355 125831     1142.5285   768     1542.0000      898.6680 68805535   41.72%
 150456 125932     1108.8824   697     1542.0000      898.6680 68904555   41.72%
 150529 126005     1160.0000   582     1542.0000      898.6680 68964042   41.72%
Elapsed time = 7329.23 sec. (1690810.94 ticks, tree = 22440.36 MB, solutions = 66)
Nodefile size = 22282.81 MB (18668.90 MB after compression)
 150616 126090     1147.5833   552     1542.0000      898.6680 69032484   41.72%
 150840 126310     1202.5111   593     1542.0000      898.6680 69158197   41.72%
 151064 126530     1228.1487   518     1542.0000      898.6680 69248506   41.72%
 152521 127847     1077.6824   720     1542.0000      898.6680 69923157   41.72%
 155018 130192     1274.9146   586     1542.0000      899.8279 70974966   41.65%
                                                      Cuts: 7                  
 155053 130227      961.5811   828     1542.0000      899.8279 71034734   41.65%
 155181 130355      985.6598   807     1542.0000      899.8279 71187811   41.65%
 155245 130419     1005.7452   765     1542.0000      899.8279 71264116   41.65%
 155373 130547     1059.0032   806     1542.0000      899.8279 71383403   41.65%
 155469 130643     1091.2617   822     1542.0000      899.8279 71464934   41.65%
Elapsed time = 7588.13 sec. (1739959.42 ticks, tree = 23431.86 MB, solutions = 66)
Nodefile size = 23277.10 MB (19497.44 MB after compression)
 155597 130767     1146.8829   746     1542.0000      899.8279 71567709   41.65%
 155725 130894     1186.0218   722     1542.0000      899.8279 71657394   41.65%
 155917 131083     1215.6424   627     1542.0000      899.8279 71742898   41.65%
 156077 131231     1298.2619   578     1542.0000      899.8279 71800588   41.65%
 158500 133497      946.5545   769     1542.0000      899.8279 72876768   41.65%
 160778 135589      951.0769   751     1542.0000      900.3246 73859202   41.61%
                                                     Cuts: 14                  
 160842 135653      971.5831   836     1542.0000      900.3246 73970985   41.61%
 160931 135742     1072.2206   696     1542.0000      900.3246 74103550   41.61%
 161027 135838     1088.0066   708     1542.0000      900.3246 74237956   41.61%
 161123 135932     1130.7227   693     1542.0000      900.3246 74376555   41.61%
Elapsed time = 7834.45 sec. (1793934.15 ticks, tree = 24552.03 MB, solutions = 66)
Nodefile size = 24395.49 MB (20435.60 MB after compression)
 161347 136152     1174.0767   560     1542.0000      900.3246 74614168   41.61%
 161568 136371     1354.0950   643     1542.0000      900.3246 74805695   41.61%
 161765 136565     1317.0181   556     1542.0000      900.3246 74925189   41.61%
 161925 136719     1376.2500   472     1542.0000      900.3246 75013547   41.61%
 162149 136920     1438.0851   544     1542.0000      900.3246 75105044   41.61%
 162542 137284     1049.1667   564     1542.0000      900.3246 75285658   41.61%
 162638 137366     1093.7500   580     1542.0000      900.3246 75334085   41.61%
 163202 137896     1003.9060   731     1542.0000      900.3246 75696467   41.61%
 165788 140287     1005.0472   753     1542.0000      902.4076 76653595   41.48%
 165884 140383     1030.1751   723     1542.0000      902.4076 76781065   41.48%
Elapsed time = 8022.05 sec. (1835015.47 ticks, tree = 25536.73 MB, solutions = 66)
Nodefile size = 25383.42 MB (21273.56 MB after compression)
 165948 140447     1157.6032   787     1542.0000      902.4076 76855241   41.48%
 166044 140543     1065.9622   801     1542.0000      902.4076 76952155   41.48%
 166140 140639     1080.1579   767     1542.0000      902.4076 77043159   41.48%
 166236 140735     1128.6725   664     1542.0000      902.4076 77128901   41.48%
 166419 140910     1173.0500   743     1542.0000      902.4076 77256189   41.48%
 166487 140978     1177.6689   745     1542.0000      902.4076 77303237   41.48%
 166647 141138     1236.0536   623     1542.0000      902.4076 77399554   41.48%
 166844 141331     1301.5019   656     1542.0000      902.4076 77476257   41.48%
 166940 141427     1346.7386   682     1542.0000      902.4076 77516116   41.48%
 167554 142006     1026.1660   583     1542.0000      902.4076 77722860   41.48%
Elapsed time = 8236.78 sec. (1878463.52 ticks, tree = 25547.25 MB, solutions = 66)
Nodefile size = 25383.42 MB (21273.56 MB after compression)
 168732 143085      912.5938   918     1542.0000      902.4076 78332531   41.48%
 171240 145397      992.7499   844     1542.0000      903.2946 79420042   41.42%
                                                  Impl Bds: 4                  
 171328 145485     1051.6846   825     1542.0000      903.2946 79542540   41.42%
 171392 145549     1080.4120   805     1542.0000      903.2946 79619880   41.42%
 171488 145645     1103.0680   814     1542.0000      903.2946 79732188   41.42%
 171615 145772     1112.2538   738     1542.0000      903.2946 79865540   41.42%
 171679 145836     1123.4314   698     1542.0000      903.2946 79927663   41.42%
 171807 145964     1155.8141   716     1542.0000      903.2946 80023468   41.42%
 171903 146060     1192.6089   709     1542.0000      903.2946 80080624   41.42%
 172031 146187     1254.6667   568     1542.0000      903.2946 80154751   41.42%
Elapsed time = 8483.72 sec. (1922783.73 ticks, tree = 26606.55 MB, solutions = 66)
Nodefile size = 26444.56 MB (22161.06 MB after compression)
 172223 146379     1335.3750   632     1542.0000      903.2946 80250656   41.42%
 172397 146549     1280.3377   645     1542.0000      903.2946 80312863   41.42%
 172653 146792     1348.1264   536     1542.0000      903.2946 80379701   41.42%
 172877 147011     1395.7817   467     1542.0000      903.2946 80450613   41.42%
 177719 151480     1469.4167   253     1542.0000      904.3317 82427419   41.35%
                                                  ZeroHalf: 5                  
 177778 151539      980.1491   825     1542.0000      904.3317 82514325   41.35%
 177842 151603      983.8728   761     1542.0000      904.3317 82623350   41.35%
 177938 151699     1037.2651   742     1542.0000      904.3317 82761325   41.35%
 178002 151763     1025.0688   805     1542.0000      904.3317 82845203   41.35%
 178130 151889     1055.1209   708     1542.0000      904.3317 82993614   41.35%
Elapsed time = 8705.00 sec. (1970689.94 ticks, tree = 27876.33 MB, solutions = 66)
Nodefile size = 27718.60 MB (23224.35 MB after compression)
 178194 151951     1071.3710   696     1542.0000      904.3317 83068794   41.35%
 178258 152014     1096.5536   676     1542.0000      904.3317 83135972   41.35%
 178386 152139     1111.5803   686     1542.0000      904.3317 83247966   41.35%
 178546 152299     1169.2536   707     1542.0000      904.3317 83358440   41.35%
 178674 152423     1149.9911   701     1542.0000      904.3317 83451443   41.35%
 178802 152551     1280.2778   629     1542.0000      904.3317 83525347   41.35%
 179764 153454     1137.8525   754     1542.0000      904.3317 83837638   41.35%
 182985 156417      989.9926   781     1542.0000      905.0049 85298404   41.31%
 183049 156481     1047.4436   728     1542.0000      905.0049 85386617   41.31%
 183113 156545     1081.9552   764     1542.0000      905.0049 85475513   41.31%
Elapsed time = 8948.76 sec. (2017737.01 ticks, tree = 28910.81 MB, solutions = 66)
Nodefile size = 28752.73 MB (24094.34 MB after compression)
 183245 156677     1083.5710   785     1542.0000      905.0049 85649529   41.31%
 183373 156805     1118.6500   744     1542.0000      905.0049 85780568   41.31%
 183533 156961     1168.2000   652     1542.0000      905.0049 85919079   41.31%
 183661 157083     1187.6657   690     1542.0000      905.0049 86011604   41.31%
 183821 157239     1202.7083   565     1542.0000      905.0049 86120511   41.31%
 183981 157387     1245.5833   600     1542.0000      905.0049 86209063   41.31%
 184485 157869     1194.6637   657     1542.0000      905.0049 86497916   41.31%
 184645 158010     1226.0625   663     1542.0000      905.0049 86579310   41.31%
 188485 161559      943.8049   908     1542.0000      906.1644 88158615   41.23%
                                                  Impl Bds: 4                  
 188553 161623      984.1381   807     1542.0000      906.1644 88290020   41.23%
Elapsed time = 9186.07 sec. (2072705.17 ticks, tree = 29991.64 MB, solutions = 66)
Nodefile size = 29833.13 MB (24993.84 MB after compression)
 188624 161694      986.8805   841     1542.0000      906.1644 88433058   41.23%
 188688 161756     1014.2826   690     1542.0000      906.1644 88606886   41.23%
 188720 161788     1013.4824   728     1542.0000      906.1644 88681308   41.23%
 188784 161852     1021.7335   742     1542.0000      906.1644 88850064   41.23%
 188835 161903     1004.4061   825     1542.0000      906.1644 88985331   41.23%
 191631 164517     1114.5185   604     1542.0000      906.2343 90920792   41.23%
                                                     Cuts: 10                  
 191695 164578     1145.8631   656     1542.0000      906.2343 91034095   41.23%
 191731 164614     1015.6826   740     1542.0000      906.2343 91097920   41.23%
 191833 164716     1097.0321   734     1542.0000      906.2343 91237272   41.23%
 191929 164810     1234.5342   662     1542.0000      906.2343 91353079   41.23%
Elapsed time = 9496.47 sec. (2141230.91 ticks, tree = 30016.14 MB, solutions = 66)
Nodefile size = 29857.14 MB (25007.44 MB after compression)
 192089 164967     1344.7634   711     1542.0000      906.2343 91524112   41.23%
 192219 165094     1118.9212   671     1542.0000      906.2343 91627040   41.23%
 192386 165257     1205.9605   808     1542.0000      906.2343 91736145   41.23%
 192546 165417     1246.2772   717     1542.0000      906.2343 91810787   41.23%
 192667 165537     1214.0466   597     1542.0000      906.2343 91850973   41.23%
 193282 166121     1430.5849   577     1542.0000      906.2343 92032708   41.23%
 193826 166624     1035.9013   518     1542.0000      906.2343 92194715   41.23%
 193922 166712     1073.1157   636     1542.0000      906.2343 92236348   41.23%
 197389 169899     1142.1801   493     1542.0000      907.6472 93846650   41.14%
                                                      Cuts: 6                  
 197456 169962     1002.2902   819     1542.0000      907.6472 93935120   41.14%
Elapsed time = 9743.47 sec. (2185195.04 ticks, tree = 31138.47 MB, solutions = 66)
Nodefile size = 30980.80 MB (25939.70 MB after compression)
 197520 170025     1045.6720   808     1542.0000      907.6472 94002838   41.14%
 197648 170149     1105.9010   636     1542.0000      907.6472 94118876   41.14%
 197906 170399     1120.5778   631     1542.0000      907.6472 94297318   41.14%
 198098 170591     1144.3187   667     1542.0000      907.6472 94389556   41.14%
 198503 170979     1226.5079   807     1542.0000      907.6472 94565372   41.14%
 198631 171093     1294.5602   724     1542.0000      907.6472 94609444   41.14%
 198823 171274     1340.5985   734     1542.0000      907.6472 94694011   41.14%
 199015 171440     1366.3021   710     1542.0000      907.6472 94794633   41.14%
 199176 171584     1197.7941   703     1542.0000      907.6472 94900758   41.14%
 199368 171760     1257.1724   634     1542.0000      907.6472 95032079   41.14%
Elapsed time = 9919.03 sec. (2228687.48 ticks, tree = 31149.44 MB, solutions = 66)
Nodefile size = 30980.80 MB (25939.70 MB after compression)
 199463 171845      940.0833   936     1542.0000      907.6472 95101568   41.14%
*202141+174354                         1520.0000      907.6472 96482446   40.29%
Found incumbent of value 1520.000000 after 9959.93 sec. (2219046.49 ticks)
 202528 170449     1142.1852   680     1520.0000      908.3177 96649450   40.24%
                                                  Impl Bds: 1                  
 202586 170507      947.2049   851     1520.0000      908.3177 96712843   40.24%
 202714 170635      973.7938   882     1520.0000      908.3177 96856593   40.24%
 202810 170728     1004.6468   791     1520.0000      908.3177 96936744   40.24%
 202906 170820     1038.8244   831     1520.0000      908.3177 97023537   40.24%
 203034 170944     1059.9667   854     1520.0000      908.3177 97131101   40.24%
 203194 171102     1099.0459   721     1520.0000      908.3177 97231363   40.24%
 203294 171197     1251.1451   615     1520.0000      908.3177 97288200   40.24%
 206007 173727     1052.6582   504     1520.0000      908.3177 98454192   40.24%
Elapsed time = 10264.23 sec. (2319375.15 ticks, tree = 31303.23 MB, solutions = 68)
Nodefile size = 31126.88 MB (26061.82 MB after compression)
 207077 174701     1003.8200   515     1520.0000      908.3177 98969503   40.24%
 207247 174859     1138.0000   446     1520.0000      908.5666 99076924   40.23%
 207281 174893      992.4298   683     1520.0000      908.5666 99115530   40.23%
 207377 174989     1030.3391   686     1520.0000      908.5666 99215411   40.23%
 207473 175085     1046.4459   671     1520.0000      908.5666 99295503   40.23%
 207525 175137     1419.4000   425     1520.0000      908.5666 99325038   40.23%
 207558 175170     1061.0967   787     1520.0000      908.5666 99344689   40.23%
 209883 177342     1048.6806   783     1520.0000      908.5666 1.01e+08   40.23%
 211363 178717      967.0909   696     1520.0000      909.3176 1.01e+08   40.18%
                                                  Impl Bds: 3                  
 211427 178777     1001.5316   787     1520.0000      909.3176 1.01e+08   40.18%
Elapsed time = 10721.89 sec. (2548895.40 ticks, tree = 33014.82 MB, solutions = 68)
Nodefile size = 32855.79 MB (27513.50 MB after compression)
 211551 178899     1145.9197   588     1520.0000      909.3176 1.01e+08   40.18%
 211651 178995     1065.2505   792     1520.0000      909.3176 1.01e+08   40.18%
 211777 179113     1090.7067   722     1520.0000      909.3176 1.02e+08   40.18%
 211797 179131     1256.7152   413     1520.0000      909.3176 1.02e+08   40.18%
 212154 179480     1036.9167   636     1520.0000      909.3176 1.02e+08   40.18%
 212322 179633     1082.9542   662     1520.0000      909.3176 1.02e+08   40.18%
 212442 179753     1147.9583   590     1520.0000      909.3176 1.02e+08   40.18%
 212626 179916     1162.2587   705     1520.0000      909.3176 1.02e+08   40.18%

Cover cuts applied:  22
Implied bound cuts applied:  76
Zero-half cuts applied:  425
Gomory fractional cuts applied:  4

Root node processing (before b&c):
  Real time             =   92.38 sec. (59468.16 ticks)
Parallel b&c, 32 threads:
  Real time             = 10727.25 sec. (2526807.16 ticks)
  Sync time (average)   =    0.22 sec.
  Wait time (average)   =    0.00 sec.
                          ------------
Total (root+branch&cut) = 10819.63 sec. (2586275.32 ticks)


Solution status: Feasible
Execution time: 10820.2 sec
Gap: 0.40176
