Fri Jul 20 05:29:24 2018

Tried aggregator 2 times.
MIP Presolve eliminated 18136 rows and 145 columns.
Aggregator did 552 substitutions.
Reduced MIP has 16784 rows, 4446 columns, and 62316 nonzeros.
Reduced MIP has 4446 binaries, 0 generals, 0 SOSs, and 0 indicators.
Presolve time = 0.19 sec. (90.77 ticks)
Probing time = 0.01 sec. (2.86 ticks)
Tried aggregator 1 time.
Presolve time = 0.04 sec. (27.22 ticks)
Probing time = 0.01 sec. (2.86 ticks)
Clique table members: 20292.
MIP emphasis: balance optimality and feasibility.
MIP search method: dynamic search.
Parallel mode: deterministic, using up to 32 threads.
Root relaxation solution time = 1.57 sec. (197.65 ticks)

        Nodes                                         Cuts/
   Node  Left     Objective  IInf  Best Integer    Best Bound    ItCnt     Gap

      0     0      703.0000   416                    703.0000     1358         
      0     0      705.6000   403                    Cuts: 18     1784         
      0     0      759.9062   576                    Cuts: 73     4192         
      0     0      794.7858   641                    Cuts: 46     5211         
      0     0      805.9257   602                    Cuts: 47     6474         
      0     0      820.9637   627                    Cuts: 37     7374         
      0     0      834.1007   629                    Cuts: 38     8066         
      0     0      838.0827   620                    Cuts: 37     8649         
      0     0      841.7378   623                    Cuts: 41     9144         
      0     0      842.9960   669                    Cuts: 31     9604         
      0     0      844.2783   648                    Cuts: 29     9915         
      0     0      844.6146   633                    Cuts: 24    10074         
      0     0      844.6146   640                    Cuts: 33    10112         
      0     0      844.6581   621                    Cuts: 10    10261         
      0     0      844.7227   444                    Cuts: 18    10376         
      0     0      844.7227   482                    Cuts: 59    10465         
*     0+    0                         2845.0000      844.7227    10465   70.31%
Found incumbent of value 2845.000000 after 20.36 sec. (10688.46 ticks)
      0     2      844.7227   482     2845.0000      844.7227    10465   70.31%
Elapsed time = 20.58 sec. (10776.73 ticks, tree = 0.01 MB, solutions = 1)
      1     3      851.3788   564     2845.0000      844.7227    12517   70.31%
      2     4      845.4545   607     2845.0000      844.7227    16459   70.31%
      3     5      851.5217   633     2845.0000      845.5555    22262   70.28%
      6     8      848.4704   572     2845.0000      845.5555    34188   70.28%
     11    13      850.3114   645     2845.0000      848.4742    62626   70.18%
                                                  Impl Bds: 4                  
     18    20      852.4679   575     2845.0000      848.4742    91413   70.18%
     26    28      850.4791   606     2845.0000      850.3114   106322   70.11%
                                                     Cuts: 10                  
     33    35      889.7114   557     2845.0000      850.3114   119240   70.11%
     34    36      876.0196   579     2845.0000      850.3114   121097   70.11%
     49    51      851.7847   510     2845.0000      850.3114   147432   70.11%
                                                  Impl Bds: 9                  
Elapsed time = 67.46 sec. (39598.83 ticks, tree = 0.01 MB, solutions = 1)
     64    66      901.0592   623     2845.0000      850.3114   163313   70.11%
    110   112      883.5427   648     2845.0000      850.3114   207308   70.11%
    130   132      878.3557   591     2845.0000      850.3114   230298   70.11%
    131   133      927.9092   526     2845.0000      850.3114   237293   70.11%
    170   172      984.2000   485     2845.0000      850.3114   315758   70.11%
    441   443      882.3893   615     2845.0000      850.3114   505134   70.11%
                                                      Cuts: 8                  
    471   473      892.0076   602     2845.0000      850.3114   601971   70.11%
    501   503      896.5784   663     2845.0000      850.3114   636804   70.11%
*  2237+ 2085                         1968.0000      850.3114  1078571   56.79%
Found incumbent of value 1968.000000 after 124.28 sec. (55638.25 ticks)
   2296  2142      975.3672   534     1968.0000      850.3114  1095203   56.79%
                                                 Impl Bds: 57                  
   2312  2158      903.9886   700     1968.0000      850.3114  1110615   56.79%
Elapsed time = 133.45 sec. (64314.08 ticks, tree = 10.58 MB, solutions = 2)
   2341  2187      908.6558   739     1968.0000      850.3114  1124137   56.79%
   2405  2251      934.0339   707     1968.0000      850.3114  1158407   56.79%
   2440  2286      941.9123   676     1968.0000      850.3114  1178619   56.79%
   2469  2315      939.9947   618     1968.0000      850.3114  1192680   56.79%
*  3210  3040      integral     0     1898.0000      850.3114  1396160   55.20%
Found incumbent of value 1898.000000 after 167.93 sec. (73935.85 ticks)
*  4404  4169      integral     0     1762.0000      850.3114  1601137   51.74%
Found incumbent of value 1762.000000 after 167.93 sec. (73935.85 ticks)
   5681  5164     1220.0000   417     1762.0000      854.6094  1825150   51.50%
                                                     Cuts: 51                  
   5709  5192      928.8769   626     1762.0000      854.6094  1839523   51.50%
   5715  5198      866.7500   525     1762.0000      854.6094  1849252   51.50%
   5772  5255      930.0259   662     1762.0000      854.6094  1877318   51.50%
Elapsed time = 238.61 sec. (92527.12 ticks, tree = 191.89 MB, solutions = 4)
Nodefile size = 38.25 MB (28.99 MB after compression)
*  6270  5737      integral     0     1698.0000      854.6094  2071527   49.67%
Found incumbent of value 1698.000000 after 238.61 sec. (92527.12 ticks)
  10856  9790      844.7435   714     1698.0000      858.2717  2936715   49.45%
  10857  9790      846.6538   437     1698.0000      858.2717  2938400   49.45%
  10858  9790      851.2612   766     1698.0000      858.2717  2947366   49.45%
  10859  9790      850.5881   696     1698.0000      858.2717  2955447   49.45%
  10860  9790      858.9633   686     1698.0000      858.2717  2965607   49.45%
  10862  9792      857.0770   713     1698.0000      858.2717  2980349   49.45%
  10865  9794      879.0231   544     1698.0000      858.2717  2988611   49.45%
  10866  9795      853.3438   527     1698.0000      858.2717  2992207   49.45%
                                                     Cuts: 14                  
  10867  9796      885.9326   685     1698.0000      858.2717  3005159   49.45%
Elapsed time = 340.64 sec. (142355.16 ticks, tree = 127.26 MB, solutions = 5)
  10868  9796      869.6250   634     1698.0000      858.2717  3019686   49.45%
  10872  9798      888.6961   698     1698.0000      858.2717  3067426   49.45%
  10875  9801      888.1272   561     1698.0000      858.2717  3083157   49.45%
  10876  9802      855.6137   589     1698.0000      858.2717  3091085   49.45%
                                                      Cuts: 5                  
  10878  9803      870.4167   700     1698.0000      858.2717  3111102   49.45%
  10882  9806      892.9167   645     1698.0000      858.2717  3142585   49.45%
  10885  9808      897.0463   619     1698.0000      858.2717  3173483   49.45%
  10886  9809      897.0463   652     1698.0000      858.2717  3184456   49.45%
  10889  9810      916.7586   607     1698.0000      858.2717  3198368   49.45%
  10890  9811      857.7551   607     1698.0000      858.2717  3199414   49.45%
                                                     Cuts: 12                  
Elapsed time = 389.63 sec. (170485.05 ticks, tree = 126.96 MB, solutions = 5)
  10902  9818      961.4638   553     1698.0000      858.2717  3223583   49.45%
  10907  9820      894.1825   474     1698.0000      858.2717  3234297   49.45%
  10915  9824      901.1688   488     1698.0000      858.2717  3245763   49.45%
  10919  9826      931.2778   578     1698.0000      858.2717  3255016   49.45%
                                                     Cuts: 15                  
* 10941+ 6585                         1685.0000      858.2717  3323132   49.06%
Found incumbent of value 1685.000000 after 401.97 sec. (175187.52 ticks)
  10943  6587      906.9173   541     1685.0000      858.2717  3331069   49.06%
  10967  6599      945.6667   403     1685.0000      858.2717  3388752   49.06%
  10998  6617      984.1818   594     1685.0000      858.2717  3442075   49.06%
  11046  6650      974.3702   539     1685.0000      858.2717  3499680   49.06%
  11094  6678      982.8880   533     1685.0000      858.2717  3549028   49.06%
  11124  6695      950.1914   553     1685.0000      858.2717  3584837   49.06%
Elapsed time = 442.63 sec. (183928.42 ticks, tree = 83.45 MB, solutions = 5)
  11163  6717      897.4235   594     1685.0000      858.2717  3619021   49.06%
  11178  6726     1027.5125   509     1685.0000      858.2717  3636643   49.06%
  11226  6751      991.8530   542     1685.0000      858.2717  3695363   49.06%
  11274  6775     1055.7500   436     1685.0000      858.2717  3759451   49.06%
  11511  6909      896.5631   425     1685.0000      858.2717  3969295   49.06%
                                                      Cuts: 7                  
  11535  6923      901.3214   683     1685.0000      858.2717  3986619   49.06%
  11536  6924      933.5142   617     1685.0000      858.2717  3996246   49.06%
  11568  6943      938.7659   601     1685.0000      858.2717  4029253   49.06%
  11600  6959      947.1454   718     1685.0000      858.2717  4058378   49.06%
  12341  7378     1041.8333   332     1685.0000      858.2717  4295882   49.06%
Elapsed time = 511.27 sec. (204706.38 ticks, tree = 84.83 MB, solutions = 6)
  12789  7634     1082.8333   311     1685.0000      858.2717  4401521   49.06%
  12800  7642     1051.3718   612     1685.0000      858.2717  4409628   49.06%
  12832  7665     1046.1667   475     1685.0000      858.2717  4432999   49.06%
  12917  7713     1073.9058   535     1685.0000      858.2717  4469834   49.06%
  12981  7742     1085.5500   546     1685.0000      858.2717  4485332   49.06%
  13029  7770      995.8000   568     1685.0000      858.2717  4502858   49.06%
  13093  7807      994.7428   628     1685.0000      858.2717  4528335   49.06%
  15980  9427     1548.5556   297     1685.0000      858.2717  5037028   49.06%
  17702 10309      891.6051   718     1685.0000      858.2717  5293654   49.06%
  17901 10404      895.7762   685     1685.0000      858.2717  5332747   49.06%
                                                      Cuts: 7                  
Elapsed time = 595.51 sec. (222386.54 ticks, tree = 421.16 MB, solutions = 6)
Nodefile size = 217.06 MB (170.57 MB after compression)
  17920 10410      919.8158   621     1685.0000      858.2717  5343142   49.06%
  17933 10412      907.4325   674     1685.0000      858.2717  5356548   49.06%
  17952 10418      909.6008   719     1685.0000      858.2717  5378878   49.06%
  18000 10447      882.5930   709     1685.0000      858.2717  5464599   49.06%
  18029 10466      913.8000   521     1685.0000      858.2717  5495566   49.06%
  18048 10480      922.8900   650     1685.0000      858.2717  5524503   49.06%
  18138 10530      917.8268   702     1685.0000      858.2717  5620585   49.06%
  18170 10548      922.1516   682     1685.0000      858.2717  5645139   49.06%
  18510 10724     1354.1886   528     1685.0000      858.2717  5902604   49.06%
  18968 10962      912.1345   710     1685.0000      858.2717  6136888   49.06%
Elapsed time = 677.07 sec. (242025.42 ticks, tree = 419.28 MB, solutions = 6)
Nodefile size = 217.06 MB (170.57 MB after compression)
  19248 11086      948.1784   538     1685.0000      858.2717  6200518   49.06%
                                                      Cuts: 8                  
  19270 11098      929.7750   507     1685.0000      858.2717  6214056   49.06%
  19334 11135      941.4239   432     1685.0000      858.2717  6252315   49.06%
  19338 11138      975.1667   600     1685.0000      858.2717  6256376   49.06%
  19370 11154      988.6667   447     1685.0000      858.2717  6275106   49.06%
  19376 11158     1012.2004   643     1685.0000      858.2717  6283780   49.06%
  19530 11241     1009.4140   544     1685.0000      858.2717  6347366   49.06%
  19536 11244     1024.0000   402     1685.0000      858.2717  6357169   49.06%
  19632 11296     1027.2619   521     1685.0000      858.2717  6391370   49.06%
  19754 11365     1083.4247   629     1685.0000      858.2717  6433866   49.06%
Elapsed time = 778.49 sec. (260288.46 ticks, tree = 450.51 MB, solutions = 6)
Nodefile size = 251.32 MB (195.97 MB after compression)
  20042 11523     1155.9877   481     1685.0000      858.2717  6502758   49.06%
  21834 12550     1280.2500   232     1685.0000      858.2717  6803763   49.06%
* 23993+13360                         1519.0000      858.2717  7129688   43.50%
Found incumbent of value 1519.000000 after 807.94 sec. (254744.05 ticks)
  29487 16819      926.3913   427     1519.0000      863.3624  7915952   43.16%
                                                     Cuts: 37                  
  29808 17140      898.4345   716     1519.0000      863.3624  8040208   43.16%
  29968 17300      909.6352   663     1519.0000      863.3624  8080228   43.16%
  30032 17364      936.3917   528     1519.0000      863.3624  8100010   43.16%
  36134 23249      944.0927   495     1519.0000      863.3624  9130704   43.16%
* 36183+23296                         1501.0000      863.3624  9137881   42.48%
Found incumbent of value 1501.000000 after 924.30 sec. (288551.72 ticks)
  38017 24734      947.7654   484     1501.0000      865.2500  9369585   42.36%
                                                      Cuts: 9                  
  38154 24869      957.5516   717     1501.0000      865.2500  9445004   42.36%
  38218 24930      966.0556   697     1501.0000      865.2500  9472482   42.36%
Elapsed time = 1015.31 sec. (307923.36 ticks, tree = 3518.75 MB, solutions = 7)
Nodefile size = 3350.26 MB (2662.43 MB after compression)
  38314 25024      992.0181   688     1501.0000      865.2500  9508344   42.36%
  43989 30467     1447.5625   429     1501.0000      865.2500 10387558   42.36%
  45009 31429      928.9025   577     1501.0000      881.6098 10543066   41.27%
                                                     Cuts: 13                  
  45147 31567      953.0222   618     1501.0000      881.6098 10614504   41.27%
  45307 31720     1007.0588   578     1501.0000      881.6098 10674901   41.27%
  51823 37940     1218.1361   558     1501.0000      885.6438 11766934   41.00%
                                                  Impl Bds: 6                  
  51860 37971      970.2455   780     1501.0000      885.6438 11809813   41.00%
  51924 38033      995.6826   783     1501.0000      885.6438 11850751   41.00%
  52084 38181     1004.6260   670     1501.0000      885.6438 11933164   41.00%
  57456 43298      928.1069   508     1501.0000      890.9492 12825404   40.64%
                                                      Cuts: 6                  
Elapsed time = 1232.76 sec. (361130.99 ticks, tree = 7202.56 MB, solutions = 9)
Nodefile size = 7034.34 MB (5646.42 MB after compression)
  57518 43360      982.6667   629     1501.0000      890.9492 12864934   40.64%
  57678 43520     1012.5667   638     1501.0000      890.9492 12955318   40.64%
  64519 50022      952.3315   595     1501.0000      890.9492 14121835   40.64%
* 64562+50056                         1452.0000      890.9492 14126391   38.64%
                                                      Cuts: 4                  
Found incumbent of value 1452.000000 after 1341.78 sec. (385478.80 ticks)
* 64562+50056                         1428.0000      890.9492 14126391   37.61%
Found incumbent of value 1428.000000 after 1342.08 sec. (385578.32 ticks)
* 64562+50056                         1424.0000      890.9492 14126391   37.43%
Found incumbent of value 1424.000000 after 1342.14 sec. (385606.94 ticks)
* 64562+50056                         1416.0000      890.9492 14126391   37.08%
Found incumbent of value 1416.000000 after 1342.15 sec. (385611.88 ticks)
* 64562+50056                         1413.0000      890.9492 14126391   36.95%
Found incumbent of value 1413.000000 after 1342.82 sec. (385881.99 ticks)
  64562 50058      955.4484   528     1413.0000      890.9492 14126391   36.95%
* 64563+50057                         1394.0000      890.9492 14126510   36.09%
Found incumbent of value 1394.000000 after 1387.87 sec. (379485.95 ticks)
* 64563+50057                         1353.0000      890.9492 14126510   34.15%
Found incumbent of value 1353.000000 after 1387.87 sec. (379610.39 ticks)
  64565 50061     1187.0000   235     1353.0000      890.9492 14126720   34.15%
  64571 50067      976.6705   511     1353.0000      890.9492 14130250   34.15%
  64594 38273      933.7510   709     1353.0000      890.9492 14159184   34.15%
  64658 38337      956.1200   741     1353.0000      890.9492 14370764   34.15%
  64690 38369      986.1064   698     1353.0000      890.9492 14404723   34.15%
* 68054 41535      integral     0     1323.0000      890.9492 15164908   32.66%
Elapsed time = 1578.04 sec. (500661.79 ticks, tree = 6243.93 MB, solutions = 103)
Nodefile size = 6172.91 MB (4922.17 MB after compression)
Found incumbent of value 1323.000000 after 1578.04 sec. (500661.79 ticks)
  69152 39156      960.6514   748     1323.0000      900.9061 15369155   31.90%
                                                      Cuts: 2                  
  69288 39288      941.3783   698     1323.0000      900.9061 15465747   31.90%
  69352 39352      959.9167   546     1323.0000      900.9061 15506784   31.90%
  69416 39414      984.6667   283     1323.0000      900.9061 15553438   31.90%
  73845 43466     1067.8433   636     1323.0000      902.2854 16589501   31.80%
                                                      Cuts: 8                  
  73913 43534      956.3065   661     1323.0000      902.2854 16647993   31.80%
  74036 43651      966.1364   626     1323.0000      902.2854 16740110   31.80%
  74101 43714     1081.0000   496     1323.0000      902.2854 16776242   31.80%
* 76759+46179                         1311.0000      902.2854 17434948   31.18%
Found incumbent of value 1311.000000 after 1797.73 sec. (526500.62 ticks)
  79255 46873     1119.1429   491     1311.0000      903.7646 17956863   31.06%
                                                  Impl Bds: 1                  
  79405 47010     1026.7421   588     1311.0000      903.7646 18050197   31.06%
Elapsed time = 1847.66 sec. (593665.14 ticks, tree = 7605.30 MB, solutions = 105)
Nodefile size = 7460.65 MB (5942.69 MB after compression)
  79539 47124     1065.5641   627     1311.0000      903.7646 18118154   31.06%
  79635 47218     1095.9097   621     1311.0000      903.7646 18164040   31.06%
  82873 50168     1229.6284   434     1311.0000      906.2919 19030114   30.87%
                                                  Impl Bds: 3                  
  82974 50267     1058.4660   730     1311.0000      906.2919 19108629   30.87%
  83090 50380     1056.7348   647     1311.0000      906.2919 19171509   30.87%
  83344 50616     1052.5521   547     1311.0000      906.2919 19281963   30.87%
  83474 50741     1127.2917   486     1311.0000      906.2919 19331112   30.87%
* 85248+52331                         1308.0000      906.2919 19708924   30.71%
Found incumbent of value 1308.000000 after 1983.33 sec. (612972.41 ticks)
  88150 54598     1020.5944   556     1308.0000      907.7122 20341788   30.60%
                                                  Impl Bds: 5                  
  88246 54686     1007.5536   597     1308.0000      907.7122 20391403   30.60%
  91584 57743      919.6883   653     1308.0000      907.7122 21254824   30.60%
Elapsed time = 2087.31 sec. (647632.42 ticks, tree = 9071.52 MB, solutions = 106)
Nodefile size = 8898.28 MB (7093.57 MB after compression)
  94036 59968      937.5907   687     1308.0000      908.1779 21786691   30.57%
                                                      Cuts: 5                  
  94169 60098      948.9506   770     1308.0000      908.1779 21876579   30.57%
  94246 60175     1042.6932   648     1308.0000      908.1779 21924188   30.57%
  94329 60258     1033.8499   747     1308.0000      908.1779 21969731   30.57%
  98313 63876     1095.5201   497     1308.0000      908.1779 22984193   30.57%
  98507 64051     1060.9211   650     1308.0000      909.7233 23044961   30.45%
                                                      Cuts: 9                  
  98603 64127     1038.2500   485     1308.0000      909.7233 23127013   30.45%
  98699 64223     1064.0000   466     1308.0000      909.7233 23192805   30.45%
  98827 64351     1111.2900   687     1308.0000      909.7233 23269879   30.45%
 101964 67214     1001.5667   407     1308.0000      910.6993 24224828   30.37%
                                                  Impl Bds: 2                  
Elapsed time = 2294.36 sec. (691961.57 ticks, tree = 11471.48 MB, solutions = 106)
Nodefile size = 11321.83 MB (9027.41 MB after compression)
 102038 67288     1045.8556   537     1308.0000      910.6993 24310467   30.37%
 102134 67384     1095.3700   552     1308.0000      910.6993 24401099   30.37%
 102301 67550     1041.4160   630     1308.0000      910.6993 24535772   30.37%
*103234+68408                         1298.0000      910.6993 24890594   29.84%
Found incumbent of value 1298.000000 after 2387.74 sec. (707358.93 ticks)
 103582 68714      920.2194   580     1298.0000      910.6993 24984859   29.84%
 105570 68927     1001.8646   657     1298.0000      911.8598 25511115   29.75%
                                                      Cuts: 6                  
 105698 69050     1009.0000   271     1298.0000      911.8598 25598612   29.75%
 105882 69223     1114.4167   499     1298.0000      911.8598 25671139   29.75%
 106106 69442     1187.6841   605     1298.0000      911.8598 25745643   29.75%
*107559+70752                         1282.0000      911.8598 26120913   28.87%
Found incumbent of value 1282.000000 after 2480.51 sec. (725098.55 ticks)
 109860 72837      946.6886   770     1282.0000      911.8598 26675510   28.87%
 109940 69476      987.0395   789     1282.0000      911.8598 26723464   28.87%
                                                  ZeroHalf: 2                  
Elapsed time = 2511.44 sec. (742474.59 ticks, tree = 11886.43 MB, solutions = 107)
Nodefile size = 11738.49 MB (9364.11 MB after compression)
 110004 69540     1007.0932   710     1282.0000      911.8598 26783709   28.87%
 110178 69709     1032.7321   629     1282.0000      911.8598 26904480   28.87%
 110252 69781     1055.0750   614     1282.0000      911.8598 26952997   28.87%
 114247 73375     1240.2702   260     1282.0000      914.9908 28082470   28.63%
                                                      Cuts: 6                  
 114333 73458      964.0048   677     1282.0000      914.9908 28162426   28.63%
 114461 73583      984.7171   792     1282.0000      914.9908 28249882   28.63%
 114557 73670      993.9490   653     1282.0000      914.9908 28314420   28.63%
 115078 74158     1034.8667   638     1282.0000      914.9908 28534660   28.63%
 118250 76946      966.2322   638     1282.0000      915.8145 29432038   28.56%
                                                      Cuts: 2                  
 118325 77021      985.8382   612     1282.0000      915.8145 29499206   28.56%
Elapsed time = 2737.10 sec. (793473.30 ticks, tree = 13350.31 MB, solutions = 108)
Nodefile size = 13199.35 MB (10532.19 MB after compression)
 118450 77135     1004.9190   664     1282.0000      915.8145 29585709   28.56%
 118578 77251     1078.3387   615     1282.0000      915.8145 29674718   28.56%
 119025 77657     1095.2467   544     1282.0000      915.8145 29894135   28.56%
 119980 78520      935.5392   635     1282.0000      916.2766 30179878   28.53%
 120100 78629     1163.6000   545     1282.0000      916.2766 30232612   28.53%
 120236 78745     1003.5000   391     1282.0000      916.2766 30302681   28.53%
 120452 78951     1160.6190   511     1282.0000      916.2766 30405166   28.53%
 121852 80209      977.4173   666     1282.0000      916.2766 30876733   28.53%
 124773 82846     1024.6389   606     1282.0000      916.5455 31674630   28.51%
                                                  Impl Bds: 4                  
 124837 82906     1034.3436   709     1282.0000      916.5455 31732958   28.51%
Elapsed time = 2913.91 sec. (837113.28 ticks, tree = 14505.85 MB, solutions = 108)
Nodefile size = 14352.89 MB (11450.79 MB after compression)
 124933 82995     1064.6013   719     1282.0000      916.5455 31802297   28.51%
 125125 83177     1092.7564   656     1282.0000      916.5455 31920989   28.51%
 125659 83659     1059.7500   645     1282.0000      916.5455 32161880   28.51%
 128198 85944     1026.0000   489     1282.0000      918.3125 32904590   28.37%
                                                      Cuts: 7                  
 128294 86036     1052.5859   615     1282.0000      918.3125 32989074   28.37%
 128403 86145     1026.4881   658     1282.0000      918.3125 33081869   28.37%
 128531 86273     1012.7246   729     1282.0000      918.3125 33156608   28.37%
 132163 89529      975.4962   675     1282.0000      918.3125 34151689   28.37%
 133094 90359      984.7184   656     1282.0000      919.5297 34383742   28.27%
                                                  ZeroHalf: 3                  
 133175 90440      991.7249   592     1282.0000      919.5297 34461301   28.27%
Elapsed time = 3141.56 sec. (885054.08 ticks, tree = 15995.93 MB, solutions = 108)
Nodefile size = 15840.41 MB (12617.33 MB after compression)
 133301 90557     1050.8750   460     1282.0000      919.5297 34551813   28.27%
 133527 90774     1107.1560   516     1282.0000      919.5297 34675370   28.27%
 133620 90865     1171.0000   405     1282.0000      919.5297 34715831   28.27%
 138449 95160      968.5205   504     1282.0000      920.0220 35953998   28.24%
                                                  Impl Bds: 1                  
 138525 95232      958.3742   634     1282.0000      920.0220 36023615   28.24%
 138774 95466     1058.0417   671     1282.0000      920.0220 36178485   28.24%
 138902 95592     1077.9500   453     1282.0000      920.0220 36236452   28.24%
 139030 95711     1091.6018   642     1282.0000      920.0220 36281997   28.24%
 142828 99082     1189.1667   226     1282.0000      921.4867 37420272   28.12%
                                                  Impl Bds: 2                  
 142893 99147     1002.7500   619     1282.0000      921.4867 37496120   28.12%
Elapsed time = 3364.19 sec. (930993.91 ticks, tree = 17725.77 MB, solutions = 108)
Nodefile size = 17571.38 MB (13968.41 MB after compression)
 142925 99179      995.0000   532     1282.0000      921.4867 37532856   28.12%
 143076 99330     1100.5000   350     1282.0000      921.4867 37680245   28.12%
 143140 99391     1101.8333   386     1282.0000      921.4867 37738015   28.12%
 143364 99590     1124.4631   523     1282.0000      921.4867 37913155   28.12%
 145276 101277     1027.4017   453     1282.0000      921.4867 38811517   28.12%
                                                    Covers: 2                  
 145365 101363     1023.2493   690     1282.0000      921.4867 38902245   28.12%
 145453 101450      978.0238   566     1282.0000      921.4867 38977808   28.12%
 145547 101542     1046.1034   528     1282.0000      921.4867 39046034   28.12%
 145675 101666     1086.2629   656     1282.0000      921.4867 39140223   28.12%
 150226 105722      993.6883   570     1282.0000      923.2167 40313431   27.99%
Elapsed time = 3559.56 sec. (977421.76 ticks, tree = 18675.88 MB, solutions = 108)
Nodefile size = 18520.94 MB (14707.47 MB after compression)
 150348 105833      996.5924   693     1282.0000      923.2167 40401579   27.99%
 150421 105904     1034.6097   637     1282.0000      923.2167 40450896   27.99%
 150581 106061     1058.2876   626     1282.0000      923.2167 40545054   27.99%
 150679 106155     1077.9922   615     1282.0000      923.2167 40600932   27.99%
 154968 110025     1023.4643   622     1282.0000      923.4960 41814125   27.96%
 155062 110112      999.4691   711     1282.0000      923.4960 41868682   27.96%
 155158 110201     1042.0355   708     1282.0000      923.4960 41945406   27.96%
 155286 110325     1103.5000   344     1282.0000      923.4960 42011900   27.96%
 155382 110417     1121.4286   646     1282.0000      923.4960 42057729   27.96%
 157985 112742      954.2117   686     1282.0000      923.4960 42720972   27.96%
Elapsed time = 3785.11 sec. (1026463.70 ticks, tree = 19556.55 MB, solutions = 108)
Nodefile size = 19374.20 MB (15379.73 MB after compression)
 160800 115282      966.2600   722     1282.0000      924.4755 43445428   27.89%
                                                  Impl Bds: 4                  
 160879 115355     1017.5699   632     1282.0000      924.4755 43518114   27.89%
 161002 115474     1043.6667   581     1282.0000      924.4755 43605607   27.89%
 161098 115570     1055.5625   602     1282.0000      924.4755 43661409   27.89%
 161162 115633     1076.4832   647     1282.0000      924.4755 43696209   27.89%
 161258 115726     1090.3208   604     1282.0000      924.4755 43742286   27.89%
 166718 120631     1008.5311   458     1282.0000      925.6045 45129166   27.80%
                                                 Impl Bds: 12                  
 166755 120668      984.3389   719     1282.0000      925.6045 45228874   27.80%
 166832 120745      971.1120   590     1282.0000      925.6045 45340808   27.80%
 166960 120871     1013.3846   602     1282.0000      925.6045 45451193   27.80%
Elapsed time = 4021.04 sec. (1073260.33 ticks, tree = 21643.64 MB, solutions = 108)
Nodefile size = 21485.39 MB (17025.18 MB after compression)
 167447 121305     1153.2500   327     1282.0000      925.6045 45740894   27.80%
 170309 123841      945.2680   653     1282.0000      926.3110 46712055   27.74%
                                                  Impl Bds: 2                  
 170389 123920     1050.8103   607     1282.0000      926.3110 46795347   27.74%
 170405 123934      958.2362   677     1282.0000      926.3110 46818738   27.74%
 170682 124193     1093.0921   632     1282.0000      926.3110 47001805   27.74%
 170906 124398     1125.2000   404     1282.0000      926.3110 47108952   27.74%
 171322 124776     1153.1667   186     1282.0000      926.3110 47268947   27.74%
 175479 128527     1174.5556   401     1282.0000      927.3937 48273311   27.66%
                                                      Cuts: 5                  
 175550 128598      961.7727   626     1282.0000      927.3937 48348014   27.66%
 175646 128694      978.1340   622     1282.0000      927.3937 48425597   27.66%
Elapsed time = 4216.82 sec. (1118871.60 ticks, tree = 23122.15 MB, solutions = 108)
Nodefile size = 22965.66 MB (18180.57 MB after compression)
 175947 128984     1191.5446   596     1282.0000      927.3937 48566827   27.66%
 176932 129856      950.4743   636     1282.0000      927.3937 48797009   27.66%
 181259 133717      970.3271   407     1282.0000      928.3025 49915585   27.59%
                                                  Impl Bds: 1                  
 181326 133784     1020.7623   643     1282.0000      928.3025 49983008   27.59%
 181422 133880     1046.9032   660     1282.0000      928.3025 50053774   27.59%
 181518 133976     1044.6458   673     1282.0000      928.3025 50121902   27.59%
 181614 134072     1060.5714   617     1282.0000      928.3025 50183873   27.59%
 182465 134834     1142.3000   645     1282.0000      928.3025 50533581   27.59%
 186386 138330      972.1287   705     1282.0000      928.5000 51589258   27.57%
                                                  Impl Bds: 2                  
 186514 138457      999.5000   603     1282.0000      928.5000 51651962   27.57%
Elapsed time = 4452.86 sec. (1165575.25 ticks, tree = 25069.92 MB, solutions = 108)
Nodefile size = 24912.67 MB (19692.15 MB after compression)
 186610 138547     1045.4455   662     1282.0000      928.5000 51703611   27.57%
 186770 138697     1108.4205   691     1282.0000      928.5000 51775885   27.57%
 186930 138857     1125.0387   694     1282.0000      928.5000 51832951   27.57%
 193090 144382     1088.4444   578     1282.0000      929.3132 53348507   27.51%
 193306 144592     1165.8509   533     1282.0000      929.3132 53453355   27.51%
 193470 144737     1072.0833   593     1282.0000      929.3132 53543974   27.51%
 193566 144821     1090.7917   418     1282.0000      929.3132 53595452   27.51%
 193803 145033     1080.3163   535     1282.0000      929.3132 53699976   27.51%
 196179 147169     1036.1672   715     1282.0000      929.3132 54336547   27.51%
 198337 149088      999.6621   733     1282.0000      930.6974 54885659   27.40%
Elapsed time = 4672.64 sec. (1213067.14 ticks, tree = 27223.61 MB, solutions = 108)
Nodefile size = 27065.80 MB (21371.49 MB after compression)
 198433 149182     1002.0833   606     1282.0000      930.6974 54962801   27.40%
 198518 149265     1067.7432   793     1282.0000      930.6974 55021103   27.40%
 198774 149521     1074.3111   677     1282.0000      930.6974 55149461   27.40%
 198944 149684     1214.1667   499     1282.0000      930.6974 55221348   27.40%
 202016 152416      963.2663   727     1282.0000      930.6974 56023865   27.40%
 204314 154494      963.0080   700     1282.0000      931.1300 56632962   27.37%
                                                    Covers: 1                  
 204357 154536      987.1005   747     1282.0000      931.1300 56682822   27.37%
 204476 154649     1120.3750   498     1282.0000      931.1300 56815084   27.37%
 204575 154744     1060.5718   645     1282.0000      931.1300 56904994   27.37%
 204767 154930     1081.7917   489     1282.0000      931.1300 57047994   27.37%
Elapsed time = 4891.31 sec. (1258486.32 ticks, tree = 28301.82 MB, solutions = 108)
Nodefile size = 28145.31 MB (22212.92 MB after compression)
 206233 156235      996.4324   540     1282.0000      931.1300 57712861   27.37%
 206937 156842     1031.6111   511     1282.0000      931.5298 58075515   27.34%
 207032 156932      999.0227   631     1282.0000      931.5298 58160532   27.34%
 207129 157027     1068.3333   600     1282.0000      931.5298 58238879   27.34%
 207384 157275     1099.2071   649     1282.0000      931.5298 58370740   27.34%
 207640 157514     1157.1000   482     1282.0000      931.5298 58470609   27.34%
 212159 161546      953.4833   685     1282.0000      931.5298 59682798   27.34%
 212552 161896     1026.6410   598     1282.0000      932.3750 59820567   27.27%
                                                      Cuts: 3                  
 212616 161956     1057.3003   734     1282.0000      932.3750 59878182   27.27%
 212744 162080     1095.4500   549     1282.0000      932.3750 59955764   27.27%
Elapsed time = 5105.41 sec. (1305810.95 ticks, tree = 29404.83 MB, solutions = 108)
Nodefile size = 29243.79 MB (23069.34 MB after compression)
 212840 162168     1114.6696   667     1282.0000      932.3750 60002803   27.27%
 213032 162356     1139.5000   418     1282.0000      932.3750 60079625   27.27%
 218589 167298     1026.4000   354     1282.0000      932.5185 61384940   27.26%
                                                  Impl Bds: 2                  
 218595 167304      971.5000   599     1282.0000      932.5185 61396810   27.26%
 218691 167397      999.0250   389     1282.0000      932.5185 61468427   27.26%
 218915 167619     1107.8745   594     1282.0000      932.5185 61572986   27.26%
 219075 167765     1149.6250   400     1282.0000      932.5185 61636113   27.26%
 219971 168573     1203.4762   444     1282.0000      932.5185 61933326   27.26%
 224543 172653     1022.3935   675     1282.0000      933.0652 63195650   27.22%
                                                  Impl Bds: 5                  
 224643 172747     1070.5067   431     1282.0000      933.0652 63282585   27.22%
Elapsed time = 5324.68 sec. (1352021.58 ticks, tree = 31564.62 MB, solutions = 108)
Nodefile size = 31405.00 MB (24736.54 MB after compression)
 224732 172827     1131.0823   679     1282.0000      933.0652 63351034   27.22%
 224860 172945     1151.7268   636     1282.0000      933.0652 63421235   27.22%
 224956 173035     1191.2255   585     1282.0000      933.0652 63460573   27.22%
 225180 173239     1245.1953   480     1282.0000      933.0652 63543535   27.22%
 230352 177866      988.1500   423     1282.0000      933.7997 64891959   27.16%
                                                      Cuts: 3                  
 230462 177970     1046.2100   734     1282.0000      933.7997 65007854   27.16%
 230558 178062     1071.7925   657     1282.0000      933.7997 65100340   27.16%
 230654 178154     1113.7830   680     1282.0000      933.7997 65169586   27.16%
 230878 178370     1167.0505   551     1282.0000      933.7997 65306867   27.16%
 232288 179613      997.6708   624     1282.0000      933.7997 65757713   27.16%
Elapsed time = 5531.65 sec. (1398485.87 ticks, tree = 32649.29 MB, solutions = 108)
Nodefile size = 32455.35 MB (25568.63 MB after compression)
 235072 182106     1004.2473   597     1282.0000      934.3962 66560994   27.11%
                                                  Impl Bds: 4                  
 235110 182144     1001.4035   635     1282.0000      934.3962 66607795   27.11%
 235296 182324     1036.3686   637     1282.0000      934.3962 66749030   27.11%
 235366 182388     1041.5596   675     1282.0000      934.3962 66793952   27.11%
 235552 182558     1097.4587   635     1282.0000      934.3962 66888000   27.11%
 236853 183712     1014.3056   743     1282.0000      934.3962 67285686   27.11%
 239825 186374     1059.7714   645     1282.0000      934.7533 68128381   27.09%
                                                  Impl Bds: 3                  
 239952 186498     1097.6250   631     1282.0000      934.7533 68234131   27.09%
 240080 186617     1112.9054   721     1282.0000      934.7533 68314668   27.09%
 240334 186848     1077.7000   581     1282.0000      934.7533 68447859   27.09%
Elapsed time = 5756.75 sec. (1445862.13 ticks, tree = 34315.60 MB, solutions = 108)
Nodefile size = 34152.97 MB (26909.66 MB after compression)
 240462 186967     1060.1739   574     1282.0000      934.7533 68513373   27.09%
 242961 189195      979.5909   749     1282.0000      934.7533 69260147   27.09%
 244578 190631      998.9036   578     1282.0000      935.3897 69724880   27.04%
                                                      Cuts: 4                  
 244642 190695     1014.0278   626     1282.0000      935.3897 69786170   27.04%
 244802 190841     1098.8651   637     1282.0000      935.3897 69897499   27.04%
 244990 191014     1221.7679   605     1282.0000      935.3897 69975419   27.04%
 245214 191232     1278.2535   700     1282.0000      935.3897 70047892   27.04%
 250566 196015     1007.5230   721     1282.0000      935.8990 71428535   27.00%
                                                  Impl Bds: 2                  
 250662 196109     1026.8514   690     1282.0000      935.8990 71508082   27.00%
 250790 196233     1041.5793   726     1282.0000      935.8990 71588095   27.00%
Elapsed time = 5969.88 sec. (1495671.57 ticks, tree = 36256.73 MB, solutions = 108)
Nodefile size = 36094.57 MB (28448.71 MB after compression)
 250918 196351     1072.5609   691     1282.0000      935.8990 71659338   27.00%
 251142 196561     1106.2500   527     1282.0000      935.8990 71763302   27.00%
 255225 200213     1154.1591   557     1282.0000      936.5222 72971583   26.95%
                                                  Impl Bds: 6                  
 255327 200312     1056.4759   695     1282.0000      936.5222 73051386   26.95%
 255435 200416     1034.2708   712     1282.0000      936.5222 73124138   26.95%
 255691 200662     1061.2500   594     1282.0000      936.5222 73249418   26.95%
 255883 200839     1101.7500   604     1282.0000      936.5222 73331045   26.95%
 257335 202142     1133.5833   477     1282.0000      936.5222 73813955   26.95%
 260513 204965     1012.8103   623     1282.0000      936.9115 74722963   26.92%
                                                  Impl Bds: 4                  
 260680 205126     1040.8095   606     1282.0000      936.9115 74857413   26.92%
Elapsed time = 6219.84 sec. (1543586.81 ticks, tree = 38046.71 MB, solutions = 108)
Nodefile size = 37884.76 MB (29869.67 MB after compression)
 260808 205249     1069.4259   650     1282.0000      936.9115 74941051   26.92%
 261032 205469     1116.0556   587     1282.0000      936.9115 75048079   26.92%
 261313 205713     1208.0470   580     1282.0000      936.9115 75139125   26.92%
 262086 206398      961.4861   502     1282.0000      936.9115 75331580   26.92%
 266849 210680     1061.9500   336     1282.0000      937.4239 76530028   26.88%
                                                 Impl Bds: 13                  
 266924 210755     1023.2187   678     1282.0000      937.4239 76614828   26.88%
 266988 210819     1036.6038   702     1282.0000      937.4239 76684094   26.88%
 267116 210944     1047.2599   578     1282.0000      937.4239 76787079   26.88%
 267519 211332     1091.2874   693     1282.0000      937.4239 77080102   26.88%
 270914 214380     1072.4043   608     1282.0000      937.4239 78052597   26.88%
                                                  Impl Bds: 1                  
Elapsed time = 6447.74 sec. (1594791.84 ticks, tree = 39933.86 MB, solutions = 108)
Nodefile size = 39774.07 MB (31359.61 MB after compression)
 271010 214471     1106.4167   477     1282.0000      937.4239 78124996   26.88%
 271106 214563     1118.1053   496     1282.0000      937.4239 78197882   26.88%
 271202 214653     1156.2323   590     1282.0000      937.4239 78252543   26.88%
 271330 214769     1198.8750   344     1282.0000      937.4239 78317433   26.88%
 271566 214986     1195.5000   513     1282.0000      937.4239 78393550   26.88%
 277387 220218     1116.0434   685     1282.0000      938.0450 79850961   26.83%
 277477 220302     1007.1271   489     1282.0000      938.0450 79938234   26.83%
 277611 220427     1176.5684   643     1282.0000      938.0450 80026297   26.83%
 277899 220700     1268.1251   577     1282.0000      938.0450 80156264   26.83%
 278154 220923     1204.9722   562     1282.0000      938.0450 80243488   26.83%
Elapsed time = 6666.58 sec. (1638333.21 ticks, tree = 41120.80 MB, solutions = 108)
Nodefile size = 40955.02 MB (32289.64 MB after compression)
 278437 221168     1206.3500   592     1282.0000      938.0450 80345131   26.83%
 283573 225746     1252.8874   316     1282.0000      938.7242 81579304   26.78%
                                                  Impl Bds: 1                  
 283658 225828      989.7500   550     1282.0000      938.7242 81640252   26.78%
 283690 225857     1021.5833   661     1282.0000      938.7242 81672116   26.78%
 283754 225915     1034.1456   706     1282.0000      938.7242 81747016   26.78%
 285085 227096     1054.1500   540     1282.0000      938.7242 82486364   26.78%
 286461 228321     1070.1667   544     1282.0000      939.1765 83113595   26.74%
                                                      Cuts: 7                  
 286597 228457     1037.4500   547     1282.0000      939.1765 83238622   26.74%
 286725 228583     1071.0444   520     1282.0000      939.1765 83329696   26.74%
 286821 228669     1108.9815   481     1282.0000      939.1765 83390741   26.74%
Elapsed time = 6889.07 sec. (1692719.30 ticks, tree = 42328.29 MB, solutions = 108)
Nodefile size = 42165.10 MB (33236.51 MB after compression)
 287251 229067     1176.3537   516     1282.0000      939.1765 83603366   26.74%
*287260+229074                         1275.0000      939.1765 83609429   26.34%
Found incumbent of value 1275.000000 after 6925.18 sec. (1679523.09 ticks)
 288062 229781     1100.9792   485     1275.0000      939.1765 83871919   26.34%
 291733 230882     1005.1225   722     1275.0000      939.5962 84821832   26.31%
 291805 230952     1038.8640   590     1275.0000      939.5962 84886274   26.31%
 291869 231016     1043.9583   508     1275.0000      939.5962 84940910   26.31%
 291933 231080     1081.4255   655     1275.0000      939.5962 84997275   26.31%
 292093 231234     1118.3922   541     1275.0000      939.5962 85108367   26.31%
 292373 231489     1163.5000   525     1275.0000      939.5962 85239964   26.31%
 297073 235696     1086.6250   550     1275.0000      939.6341 86480135   26.30%
                                                  Impl Bds: 4                  
 297158 235778      997.5632   553     1275.0000      939.6341 86550463   26.30%
Elapsed time = 7136.19 sec. (1739431.47 ticks, tree = 43814.44 MB, solutions = 109)
Nodefile size = 43652.41 MB (34384.63 MB after compression)
 297286 235902     1017.5961   602     1275.0000      939.6341 86636074   26.30%
 297382 235994     1071.7374   634     1275.0000      939.6341 86695844   26.30%
 297574 236174     1086.1667   497     1275.0000      939.6341 86805988   26.30%
 298543 237024     1002.1856   718     1275.0000      939.6341 87140032   26.30%
 302574 240635     1010.5472   664     1275.0000      940.3424 88248394   26.25%
                                                     Cuts: 10                  
 302619 240678     1003.1402   812     1275.0000      940.3424 88293548   26.25%
 302702 240754     1054.0792   659     1275.0000      940.3424 88379105   26.25%
 302798 240846     1091.8090   648     1275.0000      940.3424 88451215   26.25%
 302958 240998     1153.1539   598     1275.0000      940.3424 88534242   26.25%
 303150 241190     1184.8079   563     1275.0000      940.3424 88628100   26.25%
Elapsed time = 7325.15 sec. (1784150.52 ticks, tree = 44808.15 MB, solutions = 109)
Nodefile size = 44645.23 MB (35171.60 MB after compression)
 304545 242427      952.4714   599     1275.0000      940.3424 89074460   26.25%
 308308 245770      963.4350   595     1275.0000      940.6863 90086195   26.22%
                                                  Impl Bds: 6                  
 308436 245890      995.3952   696     1275.0000      940.6863 90189561   26.22%
 308532 245984     1014.2530   672     1275.0000      940.6863 90243771   26.22%
 308820 246254     1073.9936   522     1275.0000      940.6863 90369916   26.22%
 309012 246425     1155.6700   516     1275.0000      940.6863 90434823   26.22%
 309340 246724     1025.8857   731     1275.0000      940.6863 90537161   26.22%
 313326 250254     1085.5208   550     1275.0000      941.0609 91723806   26.19%
                                                 Impl Bds: 11                  
 313427 250355     1051.1667   496     1275.0000      941.0609 91797189   26.19%
 313555 250483     1088.5989   631     1275.0000      941.0609 91878018   26.19%
Elapsed time = 7552.31 sec. (1830030.88 ticks, tree = 46735.04 MB, solutions = 109)
Nodefile size = 46571.80 MB (36692.59 MB after compression)
 313791 250709     1162.5042   661     1275.0000      941.0609 91983333   26.19%
 313887 250794     1190.5000   482     1275.0000      941.0609 92024465   26.19%
 314143 251012     1244.8564   597     1275.0000      941.0609 92133050   26.19%
 317752 254209      958.5444   652     1275.0000      941.0609 93244496   26.19%
 318722 255072      968.7540   621     1275.0000      941.4908 93494578   26.16%
                                                      Cuts: 2                  
 318786 255134      994.8864   665     1275.0000      941.4908 93534602   26.16%
 318914 255262     1064.9956   671     1275.0000      941.4908 93633145   26.16%
 319074 255418     1082.9300   614     1275.0000      941.4908 93717901   26.16%
 319234 255567     1131.3473   628     1275.0000      941.4908 93800211   26.16%
 319452 255753     1119.1491   551     1275.0000      941.4908 93888302   26.16%
Elapsed time = 7732.48 sec. (1876332.62 ticks, tree = 47716.55 MB, solutions = 109)
Nodefile size = 47550.07 MB (37471.79 MB after compression)
 323544 259409     1005.2416   737     1275.0000      941.6190 95137064   26.15%
                                                    Covers: 2                  
 323624 259487     1055.5372   689     1275.0000      941.6190 95194469   26.15%
 323736 259593     1028.7791   745     1275.0000      941.6190 95260174   26.15%
 323800 259655     1035.2356   709     1275.0000      941.6190 95302408   26.15%
 323896 259751     1047.0961   746     1275.0000      941.6190 95364737   26.15%
 324024 259870     1086.1902   713     1275.0000      941.6190 95430996   26.15%
 329794 264998      998.6373   448     1275.0000      942.1591 96864707   26.11%
                                                  Impl Bds: 2                  
 329836 265038      982.7927   709     1275.0000      942.1591 96907472   26.11%
 329964 265159      998.2417   662     1275.0000      942.1591 97006923   26.11%
 330028 265222     1010.9047   681     1275.0000      942.1591 97057688   26.11%
Elapsed time = 7991.11 sec. (1921491.96 ticks, tree = 49722.80 MB, solutions = 109)
Nodefile size = 49559.29 MB (39055.09 MB after compression)
 330188 265374     1091.0679   570     1275.0000      942.1591 97151218   26.11%
 335442 270039      992.7213   621     1275.0000      942.1591 98587481   26.11%
 335873 270430     1064.2586   681     1275.0000      942.4435 98723277   26.08%
                                                      Cuts: 3                  
 335969 270522     1071.9667   592     1275.0000      942.4435 98789622   26.08%
 336129 270676     1114.7167   689     1275.0000      942.4435 98878706   26.08%
 336225 270764     1150.7325   670     1275.0000      942.4435 98948054   26.08%
 336469 270975     1105.7083   565     1275.0000      942.4435 99046524   26.08%
 339540 273733     1127.1903   595     1275.0000      942.4435 99908831   26.08%
*340143+274272                         1273.0000      942.4435 1.00e+08   25.97%
Found incumbent of value 1273.000000 after 8148.59 sec. (1946965.12 ticks)
 341495 274486     1132.6237   559     1273.0000      942.7817 1.00e+08   25.94%
 341500 274491     1035.7695   753     1273.0000      942.7817 1.00e+08   25.94%
Elapsed time = 8192.71 sec. (1972507.49 ticks, tree = 51636.78 MB, solutions = 109)
Nodefile size = 51476.20 MB (40561.31 MB after compression)
 341820 274792     1091.7955   465     1273.0000      942.7817 1.01e+08   25.94%
 341933 274900     1123.0000   615     1273.0000      942.7817 1.01e+08   25.94%
 342125 275081     1152.9256   619     1273.0000      942.7817 1.01e+08   25.94%
 347109 279516     1006.5824   667     1273.0000      943.0866 1.02e+08   25.92%
 347333 279731     1038.8323   662     1273.0000      943.0866 1.02e+08   25.92%
 347429 279821     1091.3444   633     1273.0000      943.0866 1.02e+08   25.92%
 347621 279991     1156.2000   452     1273.0000      943.0866 1.02e+08   25.92%
 348357 280646     1091.9081   448     1273.0000      943.0866 1.03e+08   25.92%
 349249 281452      981.7346   698     1273.0000      943.0866 1.03e+08   25.92%
 350753 282789     1003.9252   563     1273.0000      943.0866 1.03e+08   25.92%
Elapsed time = 8426.28 sec. (2021063.25 ticks, tree = 52676.88 MB, solutions = 110)
Nodefile size = 52490.39 MB (41355.04 MB after compression)
 353433 285193     1030.6755   515     1273.0000      943.9974 1.04e+08   25.84%
 353564 285324     1045.4680   654     1273.0000      943.9974 1.04e+08   25.84%
 353692 285448     1112.6250   629     1273.0000      943.9974 1.04e+08   25.84%
 353852 285603     1128.3833   647     1273.0000      943.9974 1.04e+08   25.84%
 354150 285888     1150.6221   633     1273.0000      943.9974 1.04e+08   25.84%
 354438 286135     1198.6389   304     1273.0000      943.9974 1.05e+08   25.84%
 354866 286532     1073.1667   438     1273.0000      943.9974 1.05e+08   25.84%
 359190 290388     1058.8803   542     1273.0000      944.2500 1.06e+08   25.82%
                                                  Impl Bds: 3                  
 359334 290521     1002.5833   456     1273.0000      944.2500 1.06e+08   25.82%
 359462 290644     1022.3611   563     1273.0000      944.2500 1.06e+08   25.82%
Elapsed time = 8632.85 sec. (2063115.25 ticks, tree = 54847.81 MB, solutions = 110)
Nodefile size = 54683.18 MB (43078.46 MB after compression)
 359636 290799      972.8730   722     1273.0000      944.2500 1.06e+08   25.82%
 359828 290980     1013.4882   697     1273.0000      944.2500 1.06e+08   25.82%
 360052 291190     1051.6389   471     1273.0000      944.2500 1.06e+08   25.82%
 364991 295558     1159.2979   480     1273.0000      944.5833 1.07e+08   25.80%
                                                  Impl Bds: 7                  
 365106 295669     1127.0575   622     1273.0000      944.5833 1.08e+08   25.80%
 365289 295849      982.4178   592     1273.0000      944.5833 1.08e+08   25.80%
 365385 295941     1003.2317   575     1273.0000      944.5833 1.08e+08   25.80%
 365464 296016     1186.8756   672     1273.0000      944.5833 1.08e+08   25.80%
 365720 296245     1208.6867   546     1273.0000      944.5833 1.08e+08   25.80%
 371680 301559     1056.1111   468     1273.0000      944.9946 1.09e+08   25.77%
                                                  Impl Bds: 4                  
Elapsed time = 8851.11 sec. (2110970.03 ticks, tree = 57081.81 MB, solutions = 110)
Nodefile size = 56919.96 MB (44837.46 MB after compression)
 371794 301669     1046.0853   611     1273.0000      944.9946 1.09e+08   25.77%
 371917 301788     1156.1176   587     1273.0000      944.9946 1.10e+08   25.77%
 372141 301993     1179.3011   548     1273.0000      944.9946 1.10e+08   25.77%
 372673 302487     1027.1026   713     1273.0000      944.9946 1.10e+08   25.77%
 372801 302596     1052.8180   621     1273.0000      944.9946 1.10e+08   25.77%
 378281 307476     1016.4370   651     1273.0000      944.9946 1.11e+08   25.77%
 378434 307597     1022.5145   665     1273.0000      945.4000 1.11e+08   25.73%
                                                  Impl Bds: 1                  
 378475 307637     1073.8750   678     1273.0000      945.4000 1.11e+08   25.73%
 378658 307820     1092.0833   640     1273.0000      945.4000 1.11e+08   25.73%
 378786 307944     1120.3929   531     1273.0000      945.4000 1.12e+08   25.73%
Elapsed time = 9083.25 sec. (2153778.12 ticks, tree = 58289.15 MB, solutions = 110)
Nodefile size = 58125.73 MB (45787.02 MB after compression)
 378890 308030     1145.4744   647     1273.0000      945.4000 1.12e+08   25.73%
 379018 308147     1164.6117   593     1273.0000      945.4000 1.12e+08   25.73%
 379694 308763     1055.2605   412     1273.0000      945.4000 1.12e+08   25.73%
 383547 312189     1010.6804   645     1273.0000      945.5603 1.13e+08   25.72%
 383675 312305     1052.5625   610     1273.0000      945.5603 1.13e+08   25.72%
 383771 312398     1067.4956   624     1273.0000      945.5603 1.13e+08   25.72%
 383922 312536     1128.2097   699     1273.0000      945.5603 1.13e+08   25.72%
 384210 312818     1198.9401   558     1273.0000      945.5603 1.13e+08   25.72%
 387183 315465     1162.7639   391     1273.0000      945.5603 1.14e+08   25.72%
 390544 318451     1210.9583   302     1273.0000      946.1095 1.15e+08   25.68%
                                                  Impl Bds: 6                  
Elapsed time = 9256.29 sec. (2197812.82 ticks, tree = 60455.58 MB, solutions = 110)
Nodefile size = 60294.40 MB (47498.20 MB after compression)
 390662 318565      986.6591   745     1273.0000      946.1095 1.15e+08   25.68%
 390790 318693     1006.3665   654     1273.0000      946.1095 1.15e+08   25.68%
 391014 318911     1037.2587   661     1273.0000      946.1095 1.15e+08   25.68%
 391110 318986     1045.6054   628     1273.0000      946.1095 1.15e+08   25.68%
 396361 323683      974.7057   610     1273.0000      946.1095 1.17e+08   25.68%
 397198 324419      987.8716   554     1273.0000      946.3980 1.17e+08   25.66%
                                                  Impl Bds: 4                  
 397298 324514     1111.6937   650     1273.0000      946.3980 1.17e+08   25.66%
 397398 324613      998.4049   679     1273.0000      946.3980 1.17e+08   25.66%
 397494 324693     1038.2822   637     1273.0000      946.3980 1.17e+08   25.66%
 397590 324780     1064.0852   647     1273.0000      946.3980 1.17e+08   25.66%
Elapsed time = 9478.68 sec. (2246707.62 ticks, tree = 61647.37 MB, solutions = 110)
Nodefile size = 61483.40 MB (48431.65 MB after compression)
 397718 324901     1079.8382   637     1273.0000      946.3980 1.17e+08   25.66%
 401362 328128     1146.1964   300     1273.0000      946.7500 1.18e+08   25.63%
 401492 328250     1026.0064   674     1273.0000      946.7500 1.18e+08   25.63%
 401620 328374     1070.1282   601     1273.0000      946.7500 1.18e+08   25.63%
 401716 328458     1103.0833   568     1273.0000      946.7500 1.18e+08   25.63%
 401908 328642     1124.6950   575     1273.0000      946.7500 1.19e+08   25.63%
 402612 329261        cutoff           1273.0000      946.7500 1.19e+08   25.63%
 407625 333698      989.9167   611     1273.0000      946.7500 1.20e+08   25.63%
 407705 333760     1187.5441   681     1273.0000      947.0184 1.20e+08   25.61%
                                                  Impl Bds: 4                  
 407809 333864      998.0871   599     1273.0000      947.0184 1.20e+08   25.61%
Elapsed time = 9710.91 sec. (2291835.40 ticks, tree = 63508.71 MB, solutions = 110)
Nodefile size = 63346.81 MB (49901.19 MB after compression)
 408004 334035     1110.3840   662     1273.0000      947.0184 1.20e+08   25.61%
 408228 334241     1159.1282   599     1273.0000      947.0184 1.20e+08   25.61%
 408761 334734     1120.3017   590     1273.0000      947.0184 1.21e+08   25.61%
 408953 334883     1174.3323   536     1273.0000      947.0184 1.21e+08   25.61%
 412829 338342      970.7319   662     1273.0000      947.4048 1.22e+08   25.58%
                                                  Impl Bds: 7                  
 412906 338416     1146.8889   523     1273.0000      947.4048 1.22e+08   25.58%
 412957 338462      987.6667   662     1273.0000      947.4048 1.22e+08   25.58%
 413015 338518     1090.3291   525     1273.0000      947.4048 1.22e+08   25.58%
 413085 338582     1086.0737   723     1273.0000      947.4048 1.22e+08   25.58%
 413328 338802     1015.8406   526     1273.0000      947.4048 1.22e+08   25.58%
Elapsed time = 9917.90 sec. (2335816.96 ticks, tree = 64422.91 MB, solutions = 110)
Nodefile size = 64258.89 MB (50617.77 MB after compression)
 413424 338895     1036.6957   656     1273.0000      947.4048 1.22e+08   25.58%
 415820 341010     1083.5833   513     1273.0000      947.6285 1.23e+08   25.56%
                                                  Impl Bds: 4                  
 415832 341022      971.9599   386     1273.0000      947.6285 1.23e+08   25.56%
 415981 341162     1013.4375   422     1273.0000      947.6285 1.24e+08   25.56%
 416047 341226     1053.4615   654     1273.0000      947.6285 1.24e+08   25.56%
*418561+343487                         1271.0000      947.6285 1.24e+08   25.44%
Found incumbent of value 1271.000000 after 10086.85 sec. (2364660.97 ticks)
 419447 343117     1010.5078   718     1271.0000      947.6731 1.25e+08   25.44%
                                                  Impl Bds: 1                  
 419579 343239     1013.9356   637     1271.0000      947.6731 1.25e+08   25.44%
 419694 343351     1127.8229   615     1271.0000      947.6731 1.25e+08   25.44%
 423745 346977      965.4943   691     1271.0000      947.8695 1.26e+08   25.42%
                                                      Cuts: 4                  
 423796 347024     1204.3000   519     1271.0000      947.8695 1.26e+08   25.42%
Elapsed time = 10446.47 sec. (2579965.81 ticks, tree = 65737.58 MB, solutions = 111)
Nodefile size = 65577.03 MB (51661.95 MB after compression)
 423876 347104      998.7500   578     1271.0000      947.8695 1.26e+08   25.42%
 427141 349987     1052.4286   512     1271.0000      948.0343 1.27e+08   25.41%
 427155 350000     1039.1250   421     1271.0000      948.0343 1.27e+08   25.41%
 427563 350390     1158.3844   510     1271.0000      948.0343 1.28e+08   25.41%
 430720 353118     1002.3597   717     1271.0000      948.1389 1.29e+08   25.40%
                                                  Impl Bds: 1                  
 430782 353178     1021.6232   679     1271.0000      948.1389 1.29e+08   25.40%
 430850 353244     1038.7675   738     1271.0000      948.1389 1.29e+08   25.40%
 431005 353388     1072.5488   709     1271.0000      948.1389 1.29e+08   25.40%
 431156 353523     1099.9310   674     1271.0000      948.1389 1.29e+08   25.40%
 432131 354388     1125.1719   415     1271.0000      948.1389 1.29e+08   25.40%
Elapsed time = 10800.02 sec. (2739472.56 ticks, tree = 67012.00 MB, solutions = 111)
Nodefile size = 66818.31 MB (52647.37 MB after compression)

GUB cover cuts applied:  3
Cover cuts applied:  27
Implied bound cuts applied:  255
Zero-half cuts applied:  205
Gomory fractional cuts applied:  7

Root node processing (before b&c):
  Real time             =   19.71 sec. (10435.04 ticks)
Parallel b&c, 32 threads:
  Real time             = 10805.19 sec. (2738762.78 ticks)
  Sync time (average)   =    0.36 sec.
  Wait time (average)   =    0.00 sec.
                          ------------
Total (root+branch&cut) = 10824.90 sec. (2749197.81 ticks)


Solution status: Feasible
Execution time: 10825.7 sec
Gap: 0.25402
