Fri Jul 20 20:31:46 2018

Tried aggregator 2 times.
MIP Presolve eliminated 18232 rows and 145 columns.
Aggregator did 552 substitutions.
Reduced MIP has 17462 rows, 5648 columns, and 66064 nonzeros.
Reduced MIP has 5648 binaries, 0 generals, 0 SOSs, and 0 indicators.
Presolve time = 0.14 sec. (96.83 ticks)
Probing time = 0.03 sec. (3.54 ticks)
Tried aggregator 1 time.
Presolve time = 0.06 sec. (30.25 ticks)
Probing time = 0.01 sec. (3.54 ticks)
Clique table members: 28000.
MIP emphasis: balance optimality and feasibility.
MIP search method: dynamic search.
Parallel mode: deterministic, using up to 32 threads.
Root relaxation solution time = 1.71 sec. (246.97 ticks)

        Nodes                                         Cuts/
   Node  Left     Objective  IInf  Best Integer    Best Bound    ItCnt     Gap

      0     0      703.0000   512                    703.0000     1528         
      0     0      712.0267   572                    Cuts: 32     4256         
      0     0      763.0876   723                    Cuts: 63     6175         
      0     0      794.5386   697                ZeroHalf: 60     9080         
      0     0      805.0034   662                ZeroHalf: 49     9723         
      0     0      811.9051   637                    Cuts: 41    10681         
*     0+    0                         2725.0000      811.9051    11630   70.21%
Found incumbent of value 2725.000000 after 11.68 sec. (6001.51 ticks)
      0     0      821.1849   682     2725.0000      Cuts: 46    11630   69.86%
      0     0      825.3359   753     2725.0000  ZeroHalf: 34    12258   69.71%
      0     0      833.4869   759     2725.0000  ZeroHalf: 36    12873   69.41%
      0     0      837.6731   788     2725.0000      Cuts: 30    13636   69.26%
      0     0      840.7800   766     2725.0000      Cuts: 33    14387   69.15%
      0     0      842.6524   794     2725.0000  ZeroHalf: 31    14957   69.08%
      0     0      844.2299   862     2725.0000      Cuts: 37    16633   69.02%
      0     0      844.2899   828     2725.0000      Cuts: 23    16921   69.02%
      0     0      845.0443   784     2725.0000  ZeroHalf: 11    17267   68.99%
      0     0      845.2490   774     2725.0000  ZeroHalf: 10    17569   68.98%
      0     0      845.4977   782     2725.0000  ZeroHalf: 20    17821   68.97%
      0     0      845.6382   752     2725.0000  ZeroHalf: 11    18060   68.97%
      0     0      845.7592   768     2725.0000  ZeroHalf: 14    18222   68.96%
      0     0      845.9273   785     2725.0000  ZeroHalf: 15    18363   68.96%
      0     0      846.0035   766     2725.0000      Cuts: 14    18497   68.95%
      0     2      846.0035   755     2725.0000      846.0035    18497   68.95%
Elapsed time = 33.85 sec. (16902.01 ticks, tree = 0.01 MB, solutions = 1)
      1     3      854.9054   700     2725.0000      846.0035    22970   68.95%
      2     4      846.1420   742     2725.0000      846.0035    24527   68.95%
      3     5      848.0918   842     2725.0000      846.1506    31522   68.95%
      6     8      854.9685   807     2725.0000      846.1506    48412   68.95%
     11    13      854.5411   835     2725.0000      848.0927    65941   68.88%
                                                  Impl Bds: 3                  
     18    20      851.4437   887     2725.0000      848.0927   106953   68.88%
     25    27      852.2316   915     2725.0000      851.5124   126771   68.75%
                                                  Impl Bds: 8                  
     32    34      916.6726   747     2725.0000      851.5124   149434   68.75%
     35    37      933.1819   678     2725.0000      851.5124   157723   68.75%
     42    44      860.9448   878     2725.0000      852.2406   174665   68.73%
                                                      Cuts: 5                  
Elapsed time = 100.41 sec. (71912.87 ticks, tree = 0.01 MB, solutions = 1)
     60    62      857.7348   786     2725.0000      852.2406   222898   68.73%
     75    77      884.6233   585     2725.0000      854.5470   269721   68.64%
                                                 Impl Bds: 10                  
     76    78      896.5195   737     2725.0000      854.5470   282343   68.64%
    104   106      964.4263   694     2725.0000      854.5470   313992   68.64%
    140   142      897.0040   842     2725.0000      854.5470   355531   68.64%
    204   206      887.4770   532     2725.0000      854.5470   413395   68.64%
    300   302      894.0411   661     2725.0000      854.5470   515848   68.64%
    492   494      930.6965   576     2725.0000      854.5470   692458   68.64%
    559   561     1003.4939   520     2725.0000      854.5470   750714   68.64%
*  1715+ 1647                         1998.0000      854.5470  1485052   57.23%
Found incumbent of value 1998.000000 after 179.44 sec. (84354.71 ticks)
   1774  1696     1054.7639   504     1998.0000      854.5470  1496820   57.23%
                                                     Cuts: 18                  
Elapsed time = 181.09 sec. (88648.44 ticks, tree = 0.65 MB, solutions = 1)
   1832  1750     1018.5000   467     1998.0000      854.5470  1515844   57.23%
   1937  1854     1153.9431   563     1998.0000      854.5470  1554253   57.23%
   2014  1922      898.1176   868     1998.0000      854.5470  1579436   57.23%
   2110  2016      921.4446   817     1998.0000      854.5470  1610107   57.23%
   2238  2136      930.7260   828     1998.0000      854.5470  1649182   57.23%
   3478  3236      974.9922   609     1998.0000      854.5470  1946109   57.23%
   3844  3550      916.6444   640     1998.0000      854.5470  2063336   57.23%
   3852  3558      930.8935   657     1998.0000      854.5470  2076816   57.23%
   5370  4934      960.6797   873     1998.0000      856.9676  2525412   57.11%
                                                     Cuts: 68                  
   5402  4966      966.5854   832     1998.0000      856.9676  2554340   57.11%
Elapsed time = 302.21 sec. (120566.89 ticks, tree = 160.88 MB, solutions = 2)
Nodefile size = 16.60 MB (11.15 MB after compression)
   5477  5035      952.9568   639     1998.0000      856.9676  2630207   57.11%
   5509  5065      962.0720   636     1998.0000      856.9676  2668817   57.11%
   5561  5115      993.7208   790     1998.0000      856.9676  2739482   57.11%
   6093  5616        cutoff           1998.0000      856.9676  3257374   57.11%
   8132  7539      846.5135   603     1998.0000      856.9676  3856332   57.11%
   8135  7540      850.3935   956     1998.0000      856.9676  3867548   57.11%
   8136  7541      852.0540  1009     1998.0000      856.9676  3877061   57.11%
   8137  7541      879.0481   811     1998.0000      856.9676  3890847   57.11%
                                                 ZeroHalf: 11                  
   8142  7544      859.1468   614     1998.0000      856.9676  3916652   57.11%
   8143  7545      858.3557   979     1998.0000      856.9676  3927946   57.11%
Elapsed time = 470.26 sec. (225275.22 ticks, tree = 127.69 MB, solutions = 2)
   8148  7546      913.9520   836     1998.0000      856.9676  3973267   57.11%
   8151  7549      875.7600   796     1998.0000      856.9676  3990851   57.11%
                                                  Impl Bds: 3                  
   8156  7551      885.0342   823     1998.0000      856.9676  4014292   57.11%
   8160  7553      887.3296   716     1998.0000      856.9676  4037466   57.11%
   8164  7556      899.2918   849     1998.0000      856.9676  4068584   57.11%
   8169  7559      914.5162   720     1998.0000      856.9676  4093949   57.11%
                                                      Cuts: 8                  
   8170  7560      932.2425   832     1998.0000      856.9676  4101691   57.11%
   8176  7562      912.3717   784     1998.0000      856.9676  4137013   57.11%
   8184  7567      913.5680   788     1998.0000      856.9676  4202427   57.11%
   8187  7570      955.0182   842     1998.0000      856.9676  4224021   57.11%
Elapsed time = 548.39 sec. (269303.91 ticks, tree = 127.35 MB, solutions = 2)
   8193  7573      955.0566   758     1998.0000      856.9676  4254247   57.11%
   8197  7575      851.0796   783     1998.0000      856.9676  4280838   57.11%
                                                 ZeroHalf: 18                  
*  8220+ 5085                         1990.0000      856.9676  4389203   56.94%
Found incumbent of value 1990.000000 after 556.33 sec. (272545.65 ticks)
*  8224+ 3422                         1899.0000      856.9676  4420336   54.87%
Found incumbent of value 1899.000000 after 559.71 sec. (271691.90 ticks)
   8225  3424      851.2641   780     1899.0000      856.9676  4420529   54.87%
   8228  3425      940.8843   816     1899.0000      856.9676  4431941   54.87%
   8256  3443      946.0929   689     1899.0000      856.9676  4558894   54.87%
   8262  3448      953.3746   849     1899.0000      856.9676  4605438   54.87%
   8290  3464      919.8857   804     1899.0000      856.9676  4672667   54.87%
   8310  3475      903.0381   903     1899.0000      856.9676  4741368   54.87%
   8338  3490      859.7784   883     1899.0000      856.9676  4823129   54.87%
   8394  3525      871.6862   784     1899.0000      856.9676  4945629   54.87%
Elapsed time = 635.34 sec. (293632.17 ticks, tree = 55.28 MB, solutions = 2)
   8642  3667     1026.1202   778     1899.0000      856.9676  5376523   54.87%
   8978  3863     1054.7108   533     1899.0000      856.9676  5849737   54.87%
                                                     Cuts: 15                  
   9000  3879      874.3893   523     1899.0000      856.9676  5868550   54.87%
   9041  3908     1005.7478   612     1899.0000      856.9676  5920329   54.87%
   9146  3963     1078.1654   598     1899.0000      856.9676  6017124   54.87%
   9370  4090      987.8660   649     1899.0000      856.9676  6254196   54.87%
   9577  4199     1146.2650   597     1899.0000      856.9676  6440729   54.87%
   9713  4280     1000.9777   530     1899.0000      856.9676  6556445   54.87%
  10328  4625      892.1585   696     1899.0000      856.9676  6998604   54.87%
  10333  4629      909.5883   534     1899.0000      856.9676  7003188   54.87%
Elapsed time = 779.40 sec. (335028.23 ticks, tree = 42.33 MB, solutions = 4)
  10335  4629     1020.9187   716     1899.0000      856.9676  7013324   54.87%
  10361  4640      934.7863   834     1899.0000      856.9676  7035891   54.87%
  10390  4659      975.8455   745     1899.0000      856.9676  7104542   54.87%
  10454  4692      944.3383   653     1899.0000      856.9676  7160929   54.87%
  10518  4730      939.1358   727     1899.0000      856.9676  7229552   54.87%
  10561  4755     1059.1918   616     1899.0000      856.9676  7275531   54.87%
  10625  4789     1041.1556   647     1899.0000      856.9676  7320445   54.87%
  10647  4806      960.5570   652     1899.0000      856.9676  7336679   54.87%
  10708  4841      991.3163   698     1899.0000      856.9676  7387614   54.87%
  10750  4866     1055.5828   625     1899.0000      856.9676  7419800   54.87%
Elapsed time = 864.52 sec. (351866.00 ticks, tree = 39.54 MB, solutions = 4)
  10804  4899      994.4735   589     1899.0000      856.9676  7451677   54.87%
  10836  4917      972.9989   670     1899.0000      856.9676  7467109   54.87%
  10910  4949     1135.0922   481     1899.0000      856.9676  7507165   54.87%
  10968  4987      968.2816   639     1899.0000      856.9676  7540951   54.87%
  11000  5004      964.8812   643     1899.0000      856.9676  7574247   54.87%
  11121  5062      985.2184   636     1899.0000      856.9676  7661494   54.87%
  11941  5526      990.8443   646     1899.0000      856.9676  8101213   54.87%
                                                      Cuts: 7                  
  11966  5541      915.9669   603     1899.0000      856.9676  8134705   54.87%
  12010  5566     1014.6297   718     1899.0000      856.9676  8236603   54.87%
  12030  5573      942.6680   690     1899.0000      856.9676  8288502   54.87%
Elapsed time = 925.03 sec. (370520.78 ticks, tree = 79.91 MB, solutions = 4)
  12126  5624      909.8666   710     1899.0000      856.9676  8423506   54.87%
  12222  5680      958.4686   697     1899.0000      856.9676  8552373   54.87%
  12286  5712      944.6815   666     1899.0000      856.9676  8609267   54.87%
  12382  5762      958.7313   619     1899.0000      856.9676  8708311   54.87%
  12478  5815      978.6324   491     1899.0000      856.9676  8797933   54.87%
  12606  5882      991.1497   585     1899.0000      856.9676  8925774   54.87%
  12702  5937     1086.8958   501     1899.0000      856.9676  8999203   54.87%
  12862  6026     1066.0665   491     1899.0000      856.9676  9119591   54.87%
  13022  6120     1043.2500   361     1899.0000      856.9676  9256218   54.87%
  13266  6255      916.0073   692     1899.0000      856.9676  9456390   54.87%
Elapsed time = 1049.60 sec. (391196.84 ticks, tree = 68.88 MB, solutions = 4)
  13522  6397      926.0142   617     1899.0000      856.9676  9675080   54.87%
  13842  6564      968.2183   562     1899.0000      856.9676  9946699   54.87%
  14290  6812     1068.5735   512     1899.0000      856.9676 10308564   54.87%
  17614  9317      943.8136   746     1899.0000      856.9676 12563863   54.87%
  18030  9681      942.9710   679     1899.0000      856.9676 12831275   54.87%
                                                      Cuts: 8                  
  18127  9772      936.7394   702     1899.0000      856.9676 12905978   54.87%
  18351  9992      984.1658   549     1899.0000      856.9676 13060167   54.87%
  18575 10210      992.6118   628     1899.0000      856.9676 13191725   54.87%
  18895 10516     1022.4452   582     1899.0000      856.9676 13397447   54.87%
  18994 10613      915.6064   667     1899.0000      856.9676 13479146   54.87%
Elapsed time = 1239.64 sec. (432847.33 ticks, tree = 59.76 MB, solutions = 4)
  19250 10869      961.4078   517     1899.0000      856.9676 13625969   54.87%
  19602 11215     1015.2405   484     1899.0000      856.9676 13817889   54.87%
  20018 11631     1151.7500   293     1899.0000      856.9676 14047696   54.87%
  20402 12003     1212.7492   375     1899.0000      856.9676 14228878   54.87%
  21204 12745      999.0017   748     1899.0000      856.9676 14655720   54.87%
  21396 12935     1042.3837   688     1899.0000      856.9676 14784850   54.87%
  21716 13251     1057.6667   460     1899.0000      856.9676 14937139   54.87%
  21908 13435     1135.6875   543     1899.0000      856.9676 15028599   54.87%
  22356 13860     1180.2778   527     1899.0000      856.9676 15232093   54.87%
  22996 14467     1337.6190   525     1899.0000      856.9676 15585836   54.87%
Elapsed time = 1395.06 sec. (474262.09 ticks, tree = 69.14 MB, solutions = 4)
  23764 15187     1565.8714   438     1899.0000      856.9676 15999868   54.87%
  26222 17487      928.3885   838     1899.0000      856.9676 17372337   54.87%
  26693 17931      956.7162   805     1899.0000      856.9676 17572034   54.87%
                                                     Cuts: 33                  
  26789 18025      962.4531   783     1899.0000      856.9676 17628685   54.87%
  26853 18083      988.1968   647     1899.0000      856.9676 17671803   54.87%
  26885 18113      991.3608   736     1899.0000      856.9676 17691424   54.87%
  26949 18175     1010.3956   830     1899.0000      856.9676 17730035   54.87%
  27013 18235     1041.2043   708     1899.0000      856.9676 17788962   54.87%
  27073 18288      983.5197   765     1899.0000      856.9676 17827605   54.87%
  27109 18324     1069.8900   809     1899.0000      856.9676 17852133   54.87%
Elapsed time = 1539.42 sec. (526234.94 ticks, tree = 576.90 MB, solutions = 4)
Nodefile size = 439.83 MB (231.50 MB after compression)
  27141 18352     1068.4692   788     1899.0000      856.9676 17869815   54.87%
  27205 18411     1081.2995   700     1899.0000      856.9676 17897813   54.87%
  27269 18471     1093.1489   746     1899.0000      856.9676 17944253   54.87%
  29983 21038      960.0275   841     1899.0000      856.9676 19034420   54.87%
  30808 21805     1131.3179   682     1899.0000      856.9676 19366502   54.87%
                                                      Cuts: 6                  
  30898 21895     1033.8783   764     1899.0000      856.9676 19455904   54.87%
  31026 22023     1099.1085   636     1899.0000      856.9676 19561619   54.87%
  31474 22471     1202.9444   489     1899.0000      856.9676 19829700   54.87%
  31826 22821     1233.3410   492     1899.0000      856.9676 19988894   54.87%
  32562 23535     1353.1670   457     1899.0000      856.9676 20210757   54.87%
Elapsed time = 1840.56 sec. (573089.99 ticks, tree = 1121.44 MB, solutions = 4)
Nodefile size = 978.63 MB (377.17 MB after compression)
  33174 24106     1309.3664   582     1899.0000      856.9676 20373193   54.87%
  33814 24693     1403.0933   621     1899.0000      856.9676 20669113   54.87%
  34555 25362      982.8396   693     1899.0000      856.9676 21141443   54.87%
  34683 25483     1009.0666   669     1899.0000      856.9676 21228263   54.87%
  35099 25877     1136.7500   407     1899.0000      856.9676 21487354   54.87%
  35643 26397     1254.6786   415     1899.0000      856.9676 21761253   54.87%
  36525 27252     1378.3056   426     1899.0000      856.9676 22048769   54.87%
  38221 28839      889.4749   709     1899.0000      856.9676 22883076   54.87%
  40177 30660      919.9277   867     1899.0000      856.9676 23765826   54.87%
  41592 31947      919.3127   924     1899.0000      875.8018 24457615   53.88%
                                                 ZeroHalf: 22                  
Elapsed time = 2017.94 sec. (617614.32 ticks, tree = 1437.67 MB, solutions = 4)
Nodefile size = 1294.72 MB (515.99 MB after compression)
  41624 31979      929.5668   915     1899.0000      875.8018 24480376   53.88%
  41688 32043      942.2377   920     1899.0000      875.8018 24511743   53.88%
  41848 32199      992.4113   678     1899.0000      875.8018 24583983   53.88%
  42296 32637     1169.7964   498     1899.0000      875.8018 24730324   53.88%
  43252 33561      973.0612   829     1899.0000      875.8018 24947541   53.88%
  43444 33738     1001.8929   713     1899.0000      875.8018 24995307   53.88%
  43508 33791     1028.8678   728     1899.0000      875.8018 25027720   53.88%
  43540 33821     1040.6979   811     1899.0000      875.8018 25043800   53.88%
  43636 33908     1055.8509   757     1899.0000      875.8018 25075250   53.88%
* 44017+34273                         1886.0000      875.8018 25194853   53.56%
Found incumbent of value 1886.000000 after 2252.49 sec. (626822.71 ticks)
  52253 41979      922.9809   872     1886.0000      875.8018 27311392   53.56%
Elapsed time = 2252.50 sec. (670404.38 ticks, tree = 1480.18 MB, solutions = 4)
Nodefile size = 1294.72 MB (515.99 MB after compression)
  57890 47224      976.1467   579     1886.0000      882.0783 28488227   53.23%
                                                  ZeroHalf: 9                  
  58009 47337     1007.8497   785     1886.0000      882.0783 28580305   53.23%
  58108 47430      970.3820   833     1886.0000      882.0783 28649783   53.23%
  58172 47494     1003.4009   799     1886.0000      882.0783 28687554   53.23%
  58236 47554     1003.6766   728     1886.0000      882.0783 28725191   53.23%
  58364 47682     1081.7821   626     1886.0000      882.0783 28785398   53.23%
  58460 47778     1105.1040   579     1886.0000      882.0783 28827915   53.23%
  58556 47868     1123.8373   588     1886.0000      882.0783 28860192   53.23%
  63298 52263      955.2176   796     1886.0000      882.0783 30088933   53.23%
* 65516+54375                         1876.0000      882.0783 30560462   52.98%
Found incumbent of value 1876.000000 after 2469.33 sec. (709840.50 ticks)
  66267 55058      971.3052   830     1876.0000      882.0783 30756831   52.98%
Elapsed time = 2469.33 sec. (721979.42 ticks, tree = 4122.20 MB, solutions = 5)
Nodefile size = 3900.38 MB (2438.57 MB after compression)
* 66297+55086                         1847.0000      882.0783 30763623   52.24%
Found incumbent of value 1847.000000 after 2469.33 sec. (698581.94 ticks)
  67874 56356      976.8613   828     1847.0000      886.0042 31112796   52.03%
* 67877+56357                         1842.0000      886.0042 31115633   51.90%
Found incumbent of value 1842.000000 after 2509.41 sec. (723652.87 ticks)
* 67883+56363                         1832.0000      886.0042 31123737   51.64%
Found incumbent of value 1832.000000 after 2509.41 sec. (724578.40 ticks)
  67907 56219      890.3274   926     1832.0000      886.0042 31150848   51.64%
  67935 56247      913.6137   808     1832.0000      886.0042 31261827   51.64%
  67971 56283      922.7992   863     1832.0000      886.0042 31327625   51.64%
  67972 56284      955.0325   842     1832.0000      886.0042 31338026   51.64%
  68036 56348      983.1619   806     1832.0000      886.0042 31473367   51.64%
  68068 56380      996.4403   824     1832.0000      886.0042 31534635   51.64%
  68146 56458      990.4896   793     1832.0000      886.0042 31677713   51.64%
  72468 60522     1101.5435   767     1832.0000      891.5469 33522079   51.33%
                                                  ZeroHalf: 2                  
  72501 60555      936.8170   915     1832.0000      891.5469 33607964   51.33%
Elapsed time = 2780.16 sec. (783332.74 ticks, tree = 5793.55 MB, solutions = 23)
Nodefile size = 5739.32 MB (3835.77 MB after compression)
  72565 60619      966.9435   883     1832.0000      891.5469 33757998   51.33%
  72568 60622     1024.1660   681     1832.0000      891.5469 33773735   51.33%
  72696 60750     1055.6757   698     1832.0000      891.5469 33933390   51.33%
  72760 60814     1062.4126   792     1832.0000      891.5469 33996525   51.33%
  72920 60974     1076.2016   629     1832.0000      891.5469 34153936   51.33%
  73070 61124     1139.2583   693     1832.0000      891.5469 34267254   51.33%
  73132 61186     1212.7500   379     1832.0000      891.5469 34309409   51.33%
  79139 66777      951.4800   875     1832.0000      891.5469 35918182   51.33%
  79229 66861     1204.0217   695     1832.0000      891.5469 36028931   51.33%
  79354 66986      999.5905   817     1832.0000      891.5469 36164575   51.33%
Elapsed time = 3028.91 sec. (883066.98 ticks, tree = 7014.93 MB, solutions = 23)
Nodefile size = 6878.16 MB (4732.15 MB after compression)
  79418 67050     1024.7268   807     1832.0000      891.5469 36215841   51.33%
  79482 67114     1029.7679   802     1832.0000      891.5469 36268973   51.33%
  79578 67210     1039.3554   812     1832.0000      891.5469 36329330   51.33%
  79674 67306     1074.0522   702     1832.0000      891.5469 36376201   51.33%
  79738 67370     1082.4119   675     1832.0000      891.5469 36408069   51.33%
  80976 68563     1156.7892   620     1832.0000      891.5469 36688672   51.33%
  89280 76261      935.5221   873     1832.0000      897.0884 38666888   51.03%
  89312 76293      953.0127   877     1832.0000      897.0884 38710362   51.03%
  89440 76421      965.4896   704     1832.0000      897.0884 38824648   51.03%
  89536 76517      991.2845   725     1832.0000      897.0884 38885672   51.03%
Elapsed time = 3270.97 sec. (933353.97 ticks, tree = 8879.93 MB, solutions = 23)
Nodefile size = 8736.81 MB (6187.75 MB after compression)
  89632 76609     1055.5464   707     1832.0000      897.0884 38955272   51.03%
  89728 76705     1053.2923   690     1832.0000      897.0884 39009794   51.03%
  89856 76833     1058.9906   679     1832.0000      897.0884 39071466   51.03%
  89984 76954     1082.7361   633     1832.0000      897.0884 39117856   51.03%
  99362 85628     1085.3889   623     1832.0000      900.1828 41356874   50.86%
                                                  Impl Bds: 4                  
  99458 85724     1152.6667   615     1832.0000      900.1828 41486611   50.86%
  99512 85778      992.4185   887     1832.0000      900.1828 41564601   50.86%
  99608 85873     1040.7459   766     1832.0000      900.1828 41657325   50.86%
  99672 85937     1065.8845   772     1832.0000      900.1828 41707860   50.86%
  99704 85969     1079.9346   764     1832.0000      900.1828 41732559   50.86%
Elapsed time = 3547.25 sec. (985974.23 ticks, tree = 10755.52 MB, solutions = 23)
Nodefile size = 10610.68 MB (7644.55 MB after compression)
  99800 86065     1089.6704   642     1832.0000      900.1828 41793835   50.86%
 104063 90090      933.5894   890     1832.0000      900.1828 42833098   50.86%
 108577 94262      973.2195   654     1832.0000      900.1828 43909948   50.86%
                                                     Cuts: 13                  
 108667 94350     1002.5005   736     1832.0000      900.1828 43993465   50.86%
 108731 94412     1022.9506   784     1832.0000      900.1828 44046346   50.86%
 108795 94476     1076.0331   740     1832.0000      900.1828 44100748   50.86%
 108859 94540     1112.1667   701     1832.0000      900.1828 44143044   50.86%
 108923 94604     1104.5363   624     1832.0000      900.1828 44194214   50.86%
 109051 94732     1121.7188   591     1832.0000      900.1828 44267861   50.86%
 112087 97573     1030.2714   671     1832.0000      900.1828 45114937   50.86%
Elapsed time = 3758.12 sec. (1032950.72 ticks, tree = 12518.75 MB, solutions = 23)
Nodefile size = 12343.22 MB (9002.52 MB after compression)
 117522 102617     1089.4900   602     1832.0000      905.0243 46335688   50.60%
                                                      Cuts: 9                  
 117599 102694     1038.3632   744     1832.0000      905.0243 46419678   50.60%
 117695 102790     1075.8913   732     1832.0000      905.0243 46487380   50.60%
 117791 102882     1128.4392   695     1832.0000      905.0243 46549438   50.60%
 117921 103008     1053.2321   561     1832.0000      905.0243 46609104   50.60%
 118079 103165     1221.9804   733     1832.0000      905.0243 46691076   50.60%
 118271 103348     1338.6417   555     1832.0000      905.0243 46771369   50.60%
 120008 104982     1308.8333   528     1832.0000      905.0243 47246033   50.60%
 125128 109684      997.5553   759     1832.0000      905.0243 48519119   50.60%
 126101 110576     1020.6061   782     1832.0000      906.3573 48692029   50.53%
                                                      Cuts: 6                  
Elapsed time = 3982.98 sec. (1081288.82 ticks, tree = 15819.92 MB, solutions = 23)
Nodefile size = 15671.35 MB (11596.47 MB after compression)
 126190 110665     1011.2148   852     1832.0000      906.3573 48801230   50.53%
 126284 110759     1052.7753   780     1832.0000      906.3573 48907993   50.53%
 126348 110823     1065.7366   753     1832.0000      906.3573 48973744   50.53%
 126444 110919     1089.5861   759     1832.0000      906.3573 49046770   50.53%
 126540 111015     1102.8905   735     1832.0000      906.3573 49116555   50.53%
 126668 111143     1136.7857   616     1832.0000      906.3573 49189111   50.53%
 134251 118229     1266.8333   290     1832.0000      906.4724 50965009   50.52%
                                                     Cuts: 11                  
 134345 118323     1004.5800   703     1832.0000      906.4724 51068461   50.52%
 134407 118385     1067.1052   801     1832.0000      906.4724 51134643   50.52%
 134473 118451     1025.3074   749     1832.0000      906.4724 51206871   50.52%
Elapsed time = 4232.19 sec. (1129045.56 ticks, tree = 17384.69 MB, solutions = 23)
Nodefile size = 17235.70 MB (12810.67 MB after compression)
 134505 118483     1052.5552   671     1832.0000      906.4724 51245555   50.52%
 134601 118577     1054.0833   589     1832.0000      906.4724 51328434   50.52%
 134697 118671     1118.4068   654     1832.0000      906.4724 51402548   50.52%
 140664 124207     1042.5894   503     1832.0000      906.4724 52956849   50.52%
 140714 124249      964.5638   769     1832.0000      906.4724 52974203   50.52%
                                                  ZeroHalf: 2                  
 140746 124281      985.0617   800     1832.0000      906.4724 53011798   50.52%
 140847 124382     1023.7964   744     1832.0000      906.4724 53111925   50.52%
 140938 124473     1021.3452   775     1832.0000      906.4724 53171894   50.52%
 141034 124567     1077.1000   702     1832.0000      906.4724 53231767   50.52%
 141162 124695     1103.8434   670     1832.0000      906.4724 53310373   50.52%
Elapsed time = 4459.59 sec. (1174974.13 ticks, tree = 18626.20 MB, solutions = 23)
Nodefile size = 18475.19 MB (13781.92 MB after compression)
 141290 124821     1146.1278   679     1832.0000      906.4724 53364700   50.52%
 143390 126798      976.9691   822     1832.0000      906.4724 53920588   50.52%
 147807 130904      949.4849   834     1832.0000      906.4724 55113745   50.52%
 147974 131055     1015.2046   630     1832.0000      910.3346 55190037   50.31%
                                                      Cuts: 4                  
 147977 131058      973.4982   799     1832.0000      910.3346 55198652   50.31%
 148041 131120     1005.9907   733     1832.0000      910.3346 55287634   50.31%
 148105 131184     1003.3350   762     1832.0000      910.3346 55371650   50.31%
 148233 131308     1018.5614   714     1832.0000      910.3346 55498568   50.31%
 148297 131372     1043.8716   673     1832.0000      910.3346 55555406   50.31%
 151471 134351      930.2514   907     1832.0000      910.3346 56454156   50.31%
Elapsed time = 4660.46 sec. (1224954.03 ticks, tree = 20053.78 MB, solutions = 23)
Nodefile size = 19876.09 MB (14881.58 MB after compression)
 155566 138146      964.1824   752     1832.0000      911.6900 57339321   50.24%
                                                      Cuts: 8                  
 155651 138231     1015.8536   685     1832.0000      911.6900 57457462   50.24%
 155715 138295     1020.8386   633     1832.0000      911.6900 57534580   50.24%
 155811 138389     1045.2439   607     1832.0000      911.6900 57628857   50.24%
 156011 138587     1111.1828   652     1832.0000      911.6900 57765371   50.24%
 156203 138779     1169.2335   580     1832.0000      911.6900 57851358   50.24%
 157931 140395     1083.3553   803     1832.0000      911.6900 58284271   50.24%
 163240 145304     1061.6037   701     1832.0000      912.1887 59522524   50.21%
                                                  Impl Bds: 2                  
 163350 145414     1057.0233   746     1832.0000      912.1887 59616955   50.21%
 163446 145508     1107.2032   795     1832.0000      912.1887 59679245   50.21%
Elapsed time = 4932.52 sec. (1275780.07 ticks, tree = 22980.87 MB, solutions = 23)
Nodefile size = 22829.06 MB (17193.48 MB after compression)
 163574 145631     1150.8948   763     1832.0000      912.1887 59739061   50.21%
 163702 145753     1182.9488   658     1832.0000      912.1887 59799075   50.21%
 163830 145877     1270.6667   627     1832.0000      912.1887 59863771   50.21%
 164105 146151     1033.1250   839     1832.0000      912.1887 59968617   50.21%
 171976 153469     1011.4733   665     1832.0000      914.7600 61809856   50.07%
                                                  ZeroHalf: 1                  
 172091 153584      986.8307   846     1832.0000      914.7600 61908384   50.07%
 172155 153648      989.9058   861     1832.0000      914.7600 61957381   50.07%
 172251 153742      997.0607   860     1832.0000      914.7600 62027381   50.07%
 172315 153806     1036.5550   807     1832.0000      914.7600 62065386   50.07%
 172443 153934     1071.6539   790     1832.0000      914.7600 62128154   50.07%
Elapsed time = 5178.21 sec. (1330053.29 ticks, tree = 24680.31 MB, solutions = 23)
Nodefile size = 24524.36 MB (18514.03 MB after compression)
 179805 160769     1050.7493   765     1832.0000      916.5873 64040150   49.97%
                                                      Cuts: 2                  
 179878 160842      992.9364   767     1832.0000      916.5873 64108228   49.97%
 179952 160916     1125.5521   688     1832.0000      916.5873 64182169   49.97%
 179984 160948     1161.8612   781     1832.0000      916.5873 64216416   49.97%
 180134 161098     1023.4464   828     1832.0000      916.5873 64324237   49.97%
 180198 161160     1049.8638   723     1832.0000      916.5873 64365095   49.97%
 181665 162549     1016.0856   709     1832.0000      916.5873 64740163   49.97%
 183976 164684      931.6680   681     1832.0000      916.5873 65508122   49.97%
 186727 167209      986.8392   846     1832.0000      917.4051 66198693   49.92%
                                                      Cuts: 3                  
 186783 167265      961.5917   750     1832.0000      917.4051 66274672   49.92%
Elapsed time = 5448.11 sec. (1382620.03 ticks, tree = 26775.94 MB, solutions = 23)
Nodefile size = 26622.42 MB (20127.29 MB after compression)
 186847 167329      977.5772   580     1832.0000      917.4051 66334188   49.92%
 186943 167421     1002.2089   581     1832.0000      917.4051 66420339   49.92%
 186951 167429     1059.0535   712     1832.0000      917.4051 66436401   49.92%
 187015 167493     1061.0499   726     1832.0000      917.4051 66496830   49.92%
 190425 170705     1674.4333   184     1832.0000      917.4051 67431177   49.92%
 193832 173861      969.5735   799     1832.0000      918.2486 68264364   49.88%
                                                    Covers: 1                  
 193864 173893      972.2191   893     1832.0000      918.2486 68314838   49.88%
 193894 173923     1052.6806   739     1832.0000      918.2486 68355578   49.88%
 193990 174019     1060.1765   789     1832.0000      918.2486 68475297   49.88%
 194054 174083     1088.6158   700     1832.0000      918.2486 68536783   49.88%
Elapsed time = 5679.88 sec. (1437056.88 ticks, tree = 28161.82 MB, solutions = 23)
Nodefile size = 28005.70 MB (21206.14 MB after compression)
 194305 174334     1089.2311   744     1832.0000      918.2486 68726420   49.88%
*200052 179610      integral     0     1819.0000      918.2486 70071420   49.52%
Found incumbent of value 1819.000000 after 5690.60 sec. (1442193.14 ticks)
 200090 179464     1099.5762   644     1819.0000      919.1892 70118867   49.47%
 200156 179526     1045.0237   712     1819.0000      919.1892 70183029   49.47%
 200222 179589     1023.9006   733     1819.0000      919.1892 70247756   49.47%
 200318 179682     1046.1538   715     1819.0000      919.1892 70330836   49.47%
 200446 179803     1083.9097   683     1819.0000      919.1892 70422136   49.47%
 200594 179951     1159.4685   608     1819.0000      919.1892 70527689   49.47%
 200754 180109     1204.2237   651     1819.0000      919.1892 70605910   49.47%
*201107+180442                         1816.0000      919.1892 70747741   49.38%
Found incumbent of value 1816.000000 after 5862.19 sec. (1443036.89 ticks)
 207416 186323      956.4914   676     1816.0000      919.1892 72097322   49.38%
Elapsed time = 5862.20 sec. (1476461.36 ticks, tree = 29399.37 MB, solutions = 24)
Nodefile size = 29170.97 MB (22111.06 MB after compression)
 207993 186733      983.6794   662     1816.0000      919.2517 72238959   49.38%
                                                      Cuts: 2                  
 208076 186816      996.1139   816     1816.0000      919.2517 72340054   49.38%
 208120 186860     1047.4217   766     1816.0000      919.2517 72396215   49.38%
 208204 186944     1015.1522   889     1816.0000      919.2517 72481007   49.38%
 208268 187008     1069.3159   842     1816.0000      919.2517 72545041   49.38%
 208332 187072     1076.3219   827     1816.0000      919.2517 72593972   49.38%
 208603 187339     1181.7333   658     1816.0000      919.2517 72749200   49.38%
 215197 193463     1086.8833   535     1816.0000      920.8192 74316599   49.29%
                                                  ZeroHalf: 1                  
 215266 193532     1014.9078   837     1816.0000      920.8192 74418398   49.29%
 215298 193564     1056.2360   818     1816.0000      920.8192 74468120   49.29%
Elapsed time = 6154.58 sec. (1529071.65 ticks, tree = 32207.13 MB, solutions = 27)
Nodefile size = 32052.43 MB (24340.80 MB after compression)
 215330 193596     1024.9967   762     1816.0000      920.8192 74515438   49.29%
 215394 193660     1026.3091   780     1816.0000      920.8192 74612273   49.29%
 217214 195346      994.0960   703     1816.0000      920.8192 75632500   49.29%
 218661 196685     1042.3662   814     1816.0000      921.2422 76196831   49.27%
                                                  Impl Bds: 1                  
 218693 196717     1046.6682   803     1816.0000      921.2422 76270275   49.27%
 218818 196842     1099.5208   651     1816.0000      921.2422 76491532   49.27%
 218850 196874     1158.9560   722     1816.0000      921.2422 76540005   49.27%
 218946 196970     1166.0500   620     1816.0000      921.2422 76651806   49.27%
 219018 197042     1095.3447   783     1816.0000      921.2422 76720301   49.27%
 219146 197170     1136.2587   750     1816.0000      921.2422 76844105   49.27%
Elapsed time = 6369.88 sec. (1581657.93 ticks, tree = 32233.73 MB, solutions = 27)
Nodefile size = 32076.79 MB (24352.89 MB after compression)
 223409 201099      948.4609   891     1816.0000      921.8375 78096627   49.24%
                                                  Impl Bds: 3                  
 223473 201163      963.7551   820     1816.0000      921.8375 78194147   49.24%
 223556 201242     1026.0083   780     1816.0000      921.8375 78288028   49.24%
 223600 201286     1036.7494   787     1816.0000      921.8375 78334422   49.24%
 223664 201344     1061.6956   819     1816.0000      921.8375 78390735   49.24%
 223696 201376     1067.2528   798     1816.0000      921.8375 78424068   49.24%
 223760 201434     1095.2615   783     1816.0000      921.8375 78488590   49.24%
*228474+205834                         1809.0000      921.8375 79762992   49.04%
Found incumbent of value 1809.000000 after 6548.20 sec. (1596168.57 ticks)
 229527 206827      982.0746   869     1809.0000      921.8375 79950386   49.04%
 230639 207546     1080.4030   731     1809.0000      922.9230 80239653   48.98%
                                                      Cuts: 5                  
 230703 207610     1108.1848   741     1809.0000      922.9230 80291062   48.98%
Elapsed time = 6597.81 sec. (1628018.37 ticks, tree = 34497.67 MB, solutions = 28)
Nodefile size = 34343.73 MB (26130.11 MB after compression)
 230776 207683     1069.9978   662     1809.0000      922.9230 80359153   48.98%
 230872 207779     1100.9035   641     1809.0000      922.9230 80413271   48.98%
 230968 207875     1131.3318   597     1809.0000      922.9230 80473388   48.98%
 231064 207965     1148.5119   620     1809.0000      922.9230 80523570   48.98%
 231192 208091     1208.7250   544     1809.0000      922.9230 80591165   48.98%
 234566 211214      967.4838   880     1809.0000      922.9230 81499856   48.98%
*236724+213212                         1772.0000      922.9230 81951910   47.92%
Found incumbent of value 1772.000000 after 6723.37 sec. (1633564.16 ticks)
 238577 212116      985.5296   851     1772.0000      924.0275 82424808   47.85%
 238641 212180     1016.7772   729     1772.0000      924.0275 82504453   47.85%
 238703 212242     1020.2122   810     1772.0000      924.0275 82574322   47.85%
 238769 212306     1069.4081   749     1772.0000      924.0275 82642631   47.85%
Elapsed time = 6831.30 sec. (1673421.93 ticks, tree = 35527.57 MB, solutions = 28)
Nodefile size = 35368.74 MB (26926.30 MB after compression)
 238814 212349     1034.6617   731     1772.0000      924.0275 82692788   47.85%
 238942 212477     1090.7396   710     1772.0000      924.0275 82811277   47.85%
 244506 217617      950.7385   764     1772.0000      924.0275 84192418   47.85%
 244507 217618      971.3622   717     1772.0000      924.7986 84197070   47.81%
                                                    Covers: 1                  
 244571 217682      991.2008   830     1772.0000      924.7986 84258124   47.81%
 244699 217810     1040.6727   774     1772.0000      924.7986 84371283   47.81%
 244827 217937     1100.0402   702     1772.0000      924.7986 84466738   47.81%
 244976 218080     1214.7576   573     1772.0000      924.7986 84565309   47.81%
 245097 218193     1109.1429   572     1772.0000      924.7986 84637895   47.81%
*246102+219157                         1754.0000      924.7986 84930193   47.27%
Found incumbent of value 1754.000000 after 7051.72 sec. (1717260.13 ticks)
 247004 219979      985.1431   712     1754.0000      924.7986 85204468   47.27%
Elapsed time = 7051.72 sec. (1725391.53 ticks, tree = 36735.53 MB, solutions = 29)
Nodefile size = 36518.17 MB (27806.64 MB after compression)
 252592 223240     1012.4408   537     1754.0000      925.6797 86397826   47.22%
                                                  ZeroHalf: 1                  
 252658 223306      997.8640   764     1754.0000      925.6797 86451683   47.22%
 252694 223342     1007.8209   782     1754.0000      925.6797 86480085   47.22%
 252822 223468     1023.0000   717     1754.0000      925.6797 86552192   47.22%
 252918 223564     1094.0662   749     1754.0000      925.6797 86605283   47.22%
 253014 223658     1120.9660   696     1754.0000      925.6797 86650973   47.22%
 253138 223772     1072.0743   768     1754.0000      925.6797 86705246   47.22%
*253822+224413                         1753.0000      925.6797 86951728   47.19%
Found incumbent of value 1753.000000 after 7224.83 sec. (1733237.99 ticks)
 259818 229951      947.2616   865     1753.0000      925.6797 88344395   47.19%
 260986 230918     1025.5709   809     1753.0000      925.7119 88591133   47.19%
 261082 231014     1033.9000   667     1753.0000      925.7119 88700330   47.19%
Elapsed time = 7288.66 sec. (1769992.43 ticks, tree = 39497.78 MB, solutions = 30)
Nodefile size = 39342.88 MB (29984.99 MB after compression)
 261156 231087     1011.0812   759     1753.0000      925.7119 88777719   47.19%
 261252 231179     1044.0340   730     1753.0000      925.7119 88846248   47.19%
 261316 231243     1070.5959   709     1753.0000      925.7119 88893559   47.19%
 261476 231403     1107.1000   690     1753.0000      925.7119 88977661   47.19%
 261610 231537     1187.2895   664     1753.0000      925.7119 89046353   47.19%
 267241 236797     1010.8217   688     1753.0000      925.7119 90344184   47.19%
 269132 238532     1018.7638   691     1753.0000      927.3184 90749718   47.10%
 269196 238592     1061.6152   712     1753.0000      927.3184 90818660   47.10%
 269292 238688     1088.7129   662     1753.0000      927.3184 90913774   47.10%
 269394 238790     1048.4218   765     1753.0000      927.3184 90994636   47.10%
Elapsed time = 7514.97 sec. (1816316.11 ticks, tree = 41094.92 MB, solutions = 32)
Nodefile size = 40936.37 MB (31215.96 MB after compression)
 269524 238920     1109.6624   720     1753.0000      927.3184 91083442   47.10%
 269652 239046     1203.1753   654     1753.0000      927.3184 91146430   47.10%
 269779 239171     1148.3443   694     1753.0000      927.3184 91206545   47.10%
*271508+240779                         1746.0000      927.3184 91566540   46.89%
Found incumbent of value 1746.000000 after 7567.83 sec. (1814527.15 ticks)
 277625 245564     1218.8042   403     1746.0000      927.8158 92956391   46.86%
 277742 245681     1041.8448   770     1746.0000      927.8158 93050363   46.86%
 277870 245809     1089.6875   782     1746.0000      927.8158 93133012   46.86%
 277966 245905     1113.6386   751     1746.0000      927.8158 93177081   46.86%
 278062 246001     1167.4037   743     1746.0000      927.8158 93216317   46.86%
 278222 246151     1222.1019   638     1746.0000      927.8158 93282565   46.86%
 283551 251110     1014.0804   817     1746.0000      927.8158 94670164   46.86%
Elapsed time = 7737.94 sec. (1866202.32 ticks, tree = 42610.36 MB, solutions = 33)
Nodefile size = 42441.72 MB (32379.25 MB after compression)
 285052 252490     1302.5556   569     1746.0000      928.5811 95054752   46.82%
 285131 252569     1024.8918   767     1746.0000      928.5811 95137124   46.82%
 285179 252617     1004.7540   769     1746.0000      928.5811 95186169   46.82%
 285243 252681     1018.3259   787     1746.0000      928.5811 95237887   46.82%
 285307 252745     1032.0989   741     1746.0000      928.5811 95286150   46.82%
 285435 252873     1068.1583   771     1746.0000      928.5811 95366409   46.82%
 287876 255154      986.8748   833     1746.0000      928.5811 95992251   46.82%
 292231 259168      968.2764   712     1746.0000      929.6380 97149358   46.76%
                                                    Covers: 1                  
 292298 259235     1024.7537   750     1746.0000      929.6380 97217641   46.76%
 292330 259267     1007.1198   797     1746.0000      929.6380 97261935   46.76%
Elapsed time = 8047.16 sec. (1924821.91 ticks, tree = 45408.64 MB, solutions = 33)
Nodefile size = 45252.41 MB (34558.97 MB after compression)
 292394 259329     1026.1287   714     1746.0000      929.6380 97334408   46.76%
 296300 262962      986.5594   763     1746.0000      929.8560 99055658   46.74%
 296332 262994     1005.6187   772     1746.0000      929.8560 99094222   46.74%
 296396 263058     1008.5874   815     1746.0000      929.8560 99187484   46.74%
 296492 263154     1033.3605   823     1746.0000      929.8560 99292590   46.74%
 296588 263248     1033.6583   797     1746.0000      929.8560 99379796   46.74%
 296684 263342     1047.9629   768     1746.0000      929.8560 99441329   46.74%
 302345 268563     1348.1425   392     1746.0000      930.1766 1.01e+08   46.73%
                                                  ZeroHalf: 1                  
 302411 268629     1091.5453   750     1746.0000      930.1766 1.01e+08   46.73%
 302464 268682      991.7846   796     1746.0000      930.1766 1.01e+08   46.73%
Elapsed time = 8291.05 sec. (1980784.21 ticks, tree = 46606.89 MB, solutions = 33)
Nodefile size = 46447.84 MB (35472.98 MB after compression)
 302528 268744     1052.5097   871     1746.0000      930.1766 1.01e+08   46.73%
 302624 268840     1080.9269   824     1746.0000      930.1766 1.01e+08   46.73%
 302720 268936     1106.8756   824     1746.0000      930.1766 1.01e+08   46.73%
 308355 274135     1014.1328   832     1746.0000      930.1766 1.03e+08   46.73%
 310093 275721      990.6791   689     1746.0000      931.4807 1.03e+08   46.65%
 310219 275847     1004.7435   779     1746.0000      931.4807 1.03e+08   46.65%
 310286 275914     1006.4251   729     1746.0000      931.4807 1.03e+08   46.65%
 310350 275978     1033.3474   757     1746.0000      931.4807 1.03e+08   46.65%
 310445 276073     1105.3890   688     1746.0000      931.4807 1.03e+08   46.65%
 310478 276106     1071.6920   731     1746.0000      931.4807 1.03e+08   46.65%
Elapsed time = 8537.16 sec. (2033159.69 ticks, tree = 48099.53 MB, solutions = 33)
Nodefile size = 47937.95 MB (36628.76 MB after compression)
 316470 281682     1187.1130   714     1746.0000      931.7941 1.05e+08   46.63%
                                                      Cuts: 3                  
 316509 281719     1033.4606   762     1746.0000      931.7941 1.05e+08   46.63%
 316599 281808     1022.1339   704     1746.0000      931.7941 1.05e+08   46.63%
 316663 281872     1066.5000   692     1746.0000      931.7941 1.05e+08   46.63%
 316759 281968     1093.7514   842     1746.0000      931.7941 1.05e+08   46.63%
 316823 282031     1124.8758   759     1746.0000      931.7941 1.05e+08   46.63%
 317225 282421     1485.5000   597     1746.0000      931.7941 1.06e+08   46.63%
 322582 287367     1508.6937   630     1746.0000      931.7941 1.07e+08   46.63%
                                                  ZeroHalf: 2                  
 322677 287462     1026.5416   803     1746.0000      931.7941 1.07e+08   46.63%
 322741 287526     1050.5003   783     1746.0000      931.7941 1.07e+08   46.63%
Elapsed time = 8789.33 sec. (2086389.08 ticks, tree = 50544.69 MB, solutions = 33)
Nodefile size = 50385.62 MB (38531.94 MB after compression)
 322805 287590     1038.4391   764     1746.0000      931.7941 1.07e+08   46.63%
 322869 287653     1063.2585   782     1746.0000      931.7941 1.07e+08   46.63%
 328761 293136      993.2423   688     1746.0000      931.7941 1.09e+08   46.63%
 329984 294249     1024.3712   681     1746.0000      933.1128 1.09e+08   46.56%
                                                  Impl Bds: 4                  
 330101 294366     1093.1182   805     1746.0000      933.1128 1.09e+08   46.56%
 330197 294462     1122.1339   745     1746.0000      933.1128 1.09e+08   46.56%
 330293 294558     1137.4032   788     1746.0000      933.1128 1.09e+08   46.56%
 330389 294654     1154.4676   721     1746.0000      933.1128 1.09e+08   46.56%
 330549 294814     1180.4353   715     1746.0000      933.1128 1.09e+08   46.56%
*331671+295842                         1706.0000      933.1128 1.10e+08   45.30%
Found incumbent of value 1706.000000 after 9028.93 sec. (2106857.20 ticks)
 337040 293553     1139.1784   695     1706.0000      933.6894 1.11e+08   45.27%
Elapsed time = 9051.98 sec. (2142921.04 ticks, tree = 52001.42 MB, solutions = 33)
Nodefile size = 51843.20 MB (39670.05 MB after compression)
 337110 293623     1006.1126   833     1706.0000      933.6894 1.11e+08   45.27%
 337183 293694     1057.6341   657     1706.0000      933.6894 1.11e+08   45.27%
 337279 293786     1110.8998   810     1706.0000      933.6894 1.11e+08   45.27%
 337407 293912     1138.4974   741     1706.0000      933.6894 1.12e+08   45.27%
 337558 294063     1098.1103   797     1706.0000      933.6894 1.12e+08   45.27%
 337622 294127     1108.5304   816     1706.0000      933.6894 1.12e+08   45.27%
 343142 299220     1008.4349   614     1706.0000      933.9118 1.13e+08   45.26%
 343164 299242     1440.2000   355     1706.0000      933.9118 1.13e+08   45.26%
 343311 299387     1099.2893   807     1706.0000      933.9118 1.13e+08   45.26%
 343375 299449     1116.4246   803     1706.0000      933.9118 1.13e+08   45.26%
Elapsed time = 9320.00 sec. (2194597.39 ticks, tree = 53193.55 MB, solutions = 34)
Nodefile size = 53031.44 MB (40601.91 MB after compression)
 343439 299509     1152.7482   718     1706.0000      933.9118 1.13e+08   45.26%
 343535 299605     1169.4355   702     1706.0000      933.9118 1.14e+08   45.26%
 343743 299813     1149.2153   696     1706.0000      933.9118 1.14e+08   45.26%
 348472 304165     1080.7414   710     1706.0000      933.9118 1.15e+08   45.26%
 348579 304272     1084.0272   762     1706.0000      933.9118 1.15e+08   45.26%
 348643 304336     1067.7950   788     1706.0000      933.9118 1.15e+08   45.26%
 348803 304496     1091.0775   735     1706.0000      933.9118 1.15e+08   45.26%
 348963 304652     1118.3110   599     1706.0000      933.9118 1.15e+08   45.26%
 349091 304780     1172.9820   635     1706.0000      933.9118 1.15e+08   45.26%
 349268 304952     1385.9348   519     1706.0000      933.9118 1.15e+08   45.26%
Elapsed time = 9532.76 sec. (2286362.77 ticks, tree = 54224.71 MB, solutions = 34)
Nodefile size = 54060.47 MB (41405.88 MB after compression)
 355262 310507     1013.8421   861     1706.0000      934.3604 1.17e+08   45.23%
 355358 310603     1062.2465   800     1706.0000      934.3604 1.17e+08   45.23%
 355467 310712     1085.2000   637     1706.0000      934.3604 1.17e+08   45.23%
 355531 310776     1099.9572   699     1706.0000      934.3604 1.17e+08   45.23%
 355659 310903     1149.6458   638     1706.0000      934.3604 1.17e+08   45.23%
 357650 312759     1133.4208   729     1706.0000      934.3604 1.18e+08   45.23%
 362333 317087     1146.6833   728     1706.0000      935.2782 1.19e+08   45.18%
 362397 317151     1226.4766   762     1706.0000      935.2782 1.19e+08   45.18%
 362473 317227     1033.9916   787     1706.0000      935.2782 1.19e+08   45.18%
 362537 317291     1045.9447   784     1706.0000      935.2782 1.19e+08   45.18%
Elapsed time = 9777.98 sec. (2336826.03 ticks, tree = 56929.72 MB, solutions = 34)
Nodefile size = 56768.02 MB (43518.48 MB after compression)
 362633 317385     1067.1956   764     1706.0000      935.2782 1.19e+08   45.18%
 362729 317479     1093.4502   768     1706.0000      935.2782 1.19e+08   45.18%
 362793 317541     1150.5311   787     1706.0000      935.2782 1.19e+08   45.18%
 369265 323547     1048.6568   857     1706.0000      935.2782 1.21e+08   45.18%
 369329 323605     1068.2565   664     1706.0000      935.2782 1.21e+08   45.18%
 369423 323697     1088.7549   672     1706.0000      935.2782 1.21e+08   45.18%
 369542 323807     1108.2841   439     1706.0000      935.2782 1.21e+08   45.18%
*372073+326186                         1703.0000      935.2782 1.22e+08   45.08%
Found incumbent of value 1703.000000 after 10001.61 sec. (2360241.96 ticks)
 372211 326320     1107.1229   462     1703.0000      935.2782 1.22e+08   45.08%
 374300 327490     1033.7317   567     1703.0000      936.5755 1.23e+08   45.00%
 374560 327744     1371.3971   533     1703.0000      936.5755 1.23e+08   45.00%
Elapsed time = 10175.86 sec. (2490768.44 ticks, tree = 59126.38 MB, solutions = 36)
Nodefile size = 58965.81 MB (45235.13 MB after compression)
 375743 328841     1149.2187   564     1703.0000      936.5755 1.23e+08   45.00%
 376699 329722     1055.5326   785     1703.0000      936.5755 1.24e+08   45.00%
                                                  Impl Bds: 4                  
 376763 329786     1110.2333   713     1703.0000      936.5755 1.24e+08   45.00%
*376868+329889                         1700.0000      936.5755 1.24e+08   44.91%
Found incumbent of value 1700.000000 after 10257.13 sec. (2505061.90 ticks)
 376891 329914     1129.3513   704     1700.0000      936.5755 1.24e+08   44.91%
 376952 329975     1062.4152   581     1700.0000      936.5755 1.24e+08   44.91%
 377398 330419     1441.2701   485     1700.0000      936.5755 1.24e+08   44.91%
 379354 332246     1432.0623   506     1700.0000      936.5755 1.25e+08   44.91%
 381363 333384     1000.0287   639     1700.0000      937.1366 1.25e+08   44.87%
 381911 333917     1542.1389   585     1700.0000      937.1366 1.26e+08   44.87%
 387285 338908      998.3033   783     1700.0000      937.3588 1.27e+08   44.86%
Elapsed time = 10655.39 sec. (2716215.50 ticks, tree = 61123.85 MB, solutions = 38)
Nodefile size = 60964.02 MB (46776.64 MB after compression)
 387361 338984     1046.5929   470     1700.0000      937.3588 1.27e+08   44.86%
 387448 339071     1107.9541   505     1700.0000      937.3588 1.27e+08   44.86%
 387950 339565     1272.5446   490     1700.0000      937.3588 1.27e+08   44.86%
 390910 342280     1301.2500   595     1700.0000      937.7377 1.28e+08   44.84%
                                                      Cuts: 2                  

GUB cover cuts applied:  3
Cover cuts applied:  16
Implied bound cuts applied:  56
Zero-half cuts applied:  341
Gomory fractional cuts applied:  4

Root node processing (before b&c):
  Real time             =   32.46 sec. (16473.38 ticks)
Parallel b&c, 32 threads:
  Real time             = 10789.84 sec. (2767444.62 ticks)
  Sync time (average)   =    0.26 sec.
  Wait time (average)   =    0.00 sec.
                          ------------
Total (root+branch&cut) = 10822.30 sec. (2783918.00 ticks)


Solution status: Feasible
Execution time: 10823.1 sec
Gap: 0.44839
