Fri Jul 20 17:31:19 2018

Tried aggregator 2 times.
MIP Presolve eliminated 18232 rows and 145 columns.
Aggregator did 552 substitutions.
Reduced MIP has 17462 rows, 5648 columns, and 66064 nonzeros.
Reduced MIP has 5648 binaries, 0 generals, 0 SOSs, and 0 indicators.
Presolve time = 0.14 sec. (96.83 ticks)
Probing time = 0.03 sec. (3.54 ticks)
Tried aggregator 1 time.
Presolve time = 0.08 sec. (30.25 ticks)
Probing time = 0.01 sec. (3.54 ticks)
Clique table members: 28000.
MIP emphasis: balance optimality and feasibility.
MIP search method: dynamic search.
Parallel mode: deterministic, using up to 32 threads.
Root relaxation solution time = 1.59 sec. (320.41 ticks)

        Nodes                                         Cuts/
   Node  Left     Objective  IInf  Best Integer    Best Bound    ItCnt     Gap

      0     0      616.0000   493                    616.0000     1381         
      0     0      627.6667   460                ZeroHalf: 31     1931         
      0     0      677.4518   651                    Cuts: 78     3616         
      0     0      721.8581   648                    Cuts: 56     5405         
      0     0      733.3776   629                    Cuts: 44     6313         
      0     0      736.3601   636                ZeroHalf: 34     7053         
      0     0      739.2408   666                    Cuts: 36     7390         
      0     0      740.7400   643                    Cuts: 27     7606         
      0     0      743.2049   647                ZeroHalf: 27     7962         
      0     0      744.5841   512                    Cuts: 52     8289         
      0     0      746.3375   490                    Cuts: 19     8713         
      0     0      747.7485   647                    Cuts: 26     9150         
      0     0      748.3438   674                    Cuts: 28     9434         
      0     0      748.4779   673                ZeroHalf: 14     9522         
      0     0      748.9950   656                ZeroHalf: 19     9746         
      0     0      749.0000   410                ZeroHalf: 22     9867         
      0     0      749.0000   415                ZeroHalf: 95    10053         
*     0+    0                         2641.0000      749.0000    10193   71.64%
Found incumbent of value 2641.000000 after 13.86 sec. (6795.53 ticks)
      0     0      749.0000   436     2641.0000  ZeroHalf: 45    10193   71.64%
      0     2      749.0000   436     2641.0000      749.0000    10193   71.64%
Elapsed time = 24.21 sec. (12644.62 ticks, tree = 0.01 MB, solutions = 1)
      1     3      755.9627   652     2641.0000      749.0000    14551   71.64%
      3     5      751.5734   480     2641.0000      749.0977    15566   71.64%
      4     6      776.0594   504     2641.0000      749.0977    18101   71.64%
      5     7      771.3333   732     2641.0000      749.0977    28139   71.64%
      8    10      771.8626   537     2641.0000      749.0977    31729   71.64%
     10    12      763.8789   578     2641.0000      751.5819    36568   71.54%
                                                  ZeroHalf: 9                  
     13    15      776.4319   629     2641.0000      751.5819    49766   71.54%
     17    19      778.1215   702     2641.0000      751.5819    60644   71.54%
     20    22      784.4893   594     2641.0000      751.5819    73023   71.54%
     22    24      758.2261   724     2641.0000      755.5630    78522   71.39%
                                                 Impl Bds: 13                  
Elapsed time = 57.31 sec. (39210.49 ticks, tree = 0.01 MB, solutions = 1)
     24    26      776.9714   700     2641.0000      755.5630    86406   71.39%
     25    27      783.4134   679     2641.0000      755.5630    96628   71.39%
     28    30      795.5029   550     2641.0000      755.5630   104424   71.39%
     35    37      838.1062   650     2641.0000      755.5630   137714   71.39%
     39    41      840.7266   621     2641.0000      755.5630   145253   71.39%
     41    43      793.8911   869     2641.0000      758.2677   156027   71.29%
                                                 Impl Bds: 13                  
*    52+   52                         2561.0000      758.2677   189596   70.39%
Found incumbent of value 2561.000000 after 81.59 sec. (55770.58 ticks)
     56    58      844.5542   649     2561.0000      758.2677   203415   70.39%
     59    61      869.4831   546     2561.0000      758.2677   219325   70.39%
     67    69      860.5799   572     2561.0000      758.2677   239742   70.39%
     77    79      882.8448   534     2561.0000      758.2677   257112   70.39%
Elapsed time = 93.35 sec. (64969.50 ticks, tree = 0.01 MB, solutions = 1)
     84    86      790.4391   607     2561.0000      758.2677   280693   70.39%
                                                 Impl Bds: 19                  
    105   107      846.7962   493     2561.0000      758.2677   351687   70.39%
*   106+  106                         2530.0000      758.2677   355407   70.03%
Found incumbent of value 2530.000000 after 105.79 sec. (66120.95 ticks)
    122   124      837.7278   504     2530.0000      758.2677   389196   70.03%
    154   156      835.7463   547     2530.0000      758.2677   444286   70.03%
    161   163      882.9172   723     2530.0000      758.2677   472765   70.03%
    225   227      875.8265   565     2530.0000      758.2677   603269   70.03%
    289   291      891.8500   462     2530.0000      758.2677   727180   70.03%
    321   323      893.8648   475     2530.0000      758.2677   782619   70.03%
    353   355      893.8648   462     2530.0000      758.2677   846263   70.03%
    417   419      946.2281   565     2530.0000      758.2677   947292   70.03%
Elapsed time = 158.49 sec. (79877.64 ticks, tree = 0.05 MB, solutions = 3)
    662   662      936.4326   381     2530.0000      758.2677  1281472   70.03%
*  1687+ 1601                         1787.0000      758.2677  1911714   57.57%
Found incumbent of value 1787.000000 after 169.84 sec. (79525.06 ticks)
*  1728  1636      integral     0     1779.0000      758.2677  1935362   57.38%
Found incumbent of value 1779.000000 after 169.85 sec. (83225.21 ticks)
   1771  1667      912.4388   706     1779.0000      758.2677  1956740   57.38%
   1797  1643      898.1932   532     1779.0000      758.2677  1975768   57.38%
                                                     Cuts: 24                  
   1806  1652      940.6786   512     1779.0000      758.2677  1992668   57.38%
   1827  1673      914.0502   828     1779.0000      758.2677  2022048   57.38%
   1838  1684      938.1786   484     1779.0000      758.2677  2036869   57.38%
   1891  1734      919.9051   666     1779.0000      758.2677  2079028   57.38%
   1907  1748      902.1723   477     1779.0000      758.2677  2101211   57.38%
   1909  1750      926.9485   455     1779.0000      758.2677  2101799   57.38%
Elapsed time = 236.51 sec. (101167.64 ticks, tree = 0.80 MB, solutions = 3)
   2342  2153      833.1084   655     1779.0000      758.2677  2469832   57.38%
   3020  2764      928.9652   756     1779.0000      758.2677  2734525   57.38%
   3094  2819      780.3973   777     1779.0000      758.2677  2774327   57.38%
   3200  2890      818.5952   823     1779.0000      763.8789  2821888   57.06%
                                                     Cuts: 42                  
   3209  2899      864.7261   401     1779.0000      763.8789  2847823   57.06%
*  3670+ 3347                         1778.0000      763.8789  3373904   57.04%
Found incumbent of value 1778.000000 after 388.43 sec. (111899.36 ticks)
*  4283  3912      integral     0     1679.0000      763.8789  3813537   54.50%
Found incumbent of value 1679.000000 after 388.43 sec. (140940.80 ticks)
   5842  5143      871.0532   489     1679.0000      763.8789  4649111   54.50%
                                                     Cuts: 33                  
   5843  5144      812.1848   745     1679.0000      763.8789  4662353   54.50%
   5875  5176      816.1808   569     1679.0000      763.8789  4711800   54.50%
   5907  5208      819.1529   543     1679.0000      763.8789  4745848   54.50%
Elapsed time = 430.93 sec. (150651.51 ticks, tree = 45.71 MB, solutions = 8)
   5939  5240      825.7071   597     1679.0000      763.8789  4787532   54.50%
   5971  5272      828.3086   551     1679.0000      763.8789  4818928   54.50%
   6067  5368      832.3484   492     1679.0000      763.8789  4906372   54.50%
   6131  5430      852.9727   507     1679.0000      763.8789  4965133   54.50%
   6195  5494      859.1916   460     1679.0000      763.8789  5016572   54.50%
   6227  5526      856.7435   498     1679.0000      763.8789  5047802   54.50%
   6259  5558      860.3550   457     1679.0000      763.8789  5076435   54.50%
   6323  5622      868.0622   473     1679.0000      763.8789  5142443   54.50%
   6387  5686      892.5505   495     1679.0000      763.8789  5192530   54.50%
   6515  5808      910.0228   472     1679.0000      763.8789  5296860   54.50%
Elapsed time = 520.74 sec. (163831.83 ticks, tree = 46.69 MB, solutions = 8)
   6579  5872      897.6250   419     1679.0000      763.8789  5353953   54.50%
   6643  5934      917.7557   433     1679.0000      763.8789  5403421   54.50%
   6739  6028      965.9139   427     1679.0000      763.8789  5475356   54.50%
   6899  6182     1006.4935   406     1679.0000      763.8789  5592421   54.50%
   7091  6360     1014.6306   377     1679.0000      763.8789  5721462   54.50%
   7251  6518     1120.1136   324     1679.0000      763.8789  5831957   54.50%
   7511  6755     1051.9345   609     1679.0000      763.8789  5964501   54.50%
   7671  6907     1065.3591   549     1679.0000      763.8789  6047343   54.50%
   7831  7059     1084.3761   546     1679.0000      763.8789  6138580   54.50%
   7991  7211     1092.9816   539     1679.0000      763.8789  6221270   54.50%
Elapsed time = 571.32 sec. (175749.85 ticks, tree = 45.09 MB, solutions = 8)
   8979  8122      864.6258   506     1679.0000      763.8789  6804901   54.50%
* 10823+ 6585                         1678.0000      774.1887  7998690   53.86%
Found incumbent of value 1678.000000 after 597.71 sec. (185930.99 ticks)
* 10823+ 4389                         1677.0000      774.1887  8001253   53.83%
Found incumbent of value 1677.000000 after 623.80 sec. (204725.84 ticks)
  10823  4390      749.0000   459     1677.0000      774.1887  8001253   53.83%
  10825  4392      759.1368   682     1677.0000      774.1887  8014579   53.83%
  10826  4393      751.1219   556     1677.0000      774.1887  8015616   53.83%
  10827  4394      762.8077   650     1677.0000      774.1887  8024201   53.83%
  10828  4394      762.8077   702     1677.0000      774.1887  8034165   53.83%
  10831  4396      764.7336   684     1677.0000      774.1887  8055445   53.83%
  10833  4397      754.1429   646     1677.0000      774.1887  8069007   53.83%
                                                  Impl Bds: 6                  
  10834  4398      772.9433   848     1677.0000      774.1887  8077682   53.83%
  10837  4400      775.9668   855     1677.0000      774.1887  8104841   53.83%
Elapsed time = 670.25 sec. (240803.06 ticks, tree = 56.90 MB, solutions = 12)
  10840  4403      781.3315   728     1677.0000      774.1887  8119714   53.83%
  10844  4405      754.5113   658     1677.0000      774.1887  8126025   53.83%
                                                     Cuts: 12                  
  10846  4407      773.1482   766     1677.0000      774.1887  8140766   53.83%
  10851  4411      863.0991   778     1677.0000      774.1887  8163310   53.83%
  10855  4414      865.1112   799     1677.0000      774.1887  8179550   53.83%
  10860  4416      758.2607   787     1677.0000      774.1887  8207476   53.83%
  10879  4425      781.5641   750     1677.0000      774.1887  8243825   53.83%
  10891  4435      759.5783   708     1677.0000      774.1887  8270665   53.83%
                                                 ZeroHalf: 13                  
  10893  4436      796.5634   713     1677.0000      774.1887  8290483   53.83%
* 10917+ 2995                         1672.0000      774.1887  8414258   53.70%
Found incumbent of value 1672.000000 after 768.70 sec. (273962.22 ticks)
  10920  2999      796.0847   771     1672.0000      774.1887  8451147   53.70%
Elapsed time = 793.44 sec. (284345.14 ticks, tree = 37.37 MB, solutions = 12)
  10949  3018      761.4733   841     1672.0000      774.1887  8587542   53.70%
  10974  3032      940.0814   711     1672.0000      774.1887  8688567   53.70%
  11207  3169      796.1379   722     1672.0000      774.1887  9469587   53.70%
  11209  3170      789.7009   652     1672.0000      774.1887  9487592   53.70%
  11241  3191      788.0479   814     1672.0000      774.1887  9577549   53.70%
  11253  3198      881.7866   677     1672.0000      774.1887  9623449   53.70%
  11272  3210      790.8740   605     1672.0000      774.1887  9679591   53.70%
  11731  3461      860.4919   514     1672.0000      774.1887 10591381   53.70%
                                                  ZeroHalf: 4                  
  11743  3466      915.7435   631     1672.0000      774.1887 10604014   53.70%
  11874  3544      928.9413   687     1672.0000      774.1887 10695140   53.70%
Elapsed time = 977.97 sec. (342452.30 ticks, tree = 33.05 MB, solutions = 14)
  11938  3582      930.0217   577     1672.0000      774.1887 10743395   53.70%
  12034  3636      938.1483   737     1672.0000      774.1887 10790466   53.70%
  12130  3689      942.0153   739     1672.0000      774.1887 10842742   53.70%
  12226  3746      970.9323   708     1672.0000      774.1887 10885498   53.70%
  14576  5089      963.3534   739     1672.0000      774.1887 11680711   53.70%
  14640  5127      997.4004   734     1672.0000      774.1887 11764762   53.70%
  14672  5146      996.1184   657     1672.0000      774.1887 11808311   53.70%
  14768  5197     1009.8454   684     1672.0000      774.1887 11920858   53.70%
  14896  5280     1055.7473   700     1672.0000      774.1887 12108861   53.70%
  16490  6158     1294.0205   708     1672.0000      774.1887 13189684   53.70%
Elapsed time = 1232.47 sec. (397244.79 ticks, tree = 174.30 MB, solutions = 14)
Nodefile size = 5.82 MB (4.53 MB after compression)
  17491  6647     1023.0896   695     1672.0000      774.1887 13510901   53.70%
  17600  6693     1286.9582   685     1672.0000      774.1887 13597539   53.70%
  17675  6745      842.2100   762     1672.0000      774.1887 13644654   53.70%
  17835  6896      866.2586   787     1672.0000      774.1887 13735987   53.70%
  17995  7045      861.9629   756     1672.0000      774.1887 13815408   53.70%
  18209  7255      922.8427   775     1672.0000      774.1887 13926916   53.70%
  18305  7351      907.5263   708     1672.0000      774.1887 13966220   53.70%
  18369  7415      922.5425   693     1672.0000      774.1887 14000432   53.70%
  18433  7479      935.5560   769     1672.0000      774.1887 14022438   53.70%
  18529  7567      949.5255   670     1672.0000      774.1887 14063152   53.70%
Elapsed time = 1488.57 sec. (446997.93 ticks, tree = 267.03 MB, solutions = 14)
Nodefile size = 111.39 MB (83.80 MB after compression)
  22375 11263      844.9132   788     1672.0000      774.1887 15189994   53.70%
  24051 12866      866.4441   764     1672.0000      774.1887 15510699   53.70%
                                                     Cuts: 19                  
  24144 12951      793.1179   807     1672.0000      774.1887 15563052   53.70%
  24272 13079      831.9880   864     1672.0000      774.1887 15614857   53.70%
  24432 13239      850.1690   597     1672.0000      774.1887 15675789   53.70%
  25040 13845      961.3333   458     1672.0000      774.1887 15819043   53.70%
  25822 14617      808.4445   756     1672.0000      774.1887 15943869   53.70%
  26014 14794      849.3061   809     1672.0000      774.1887 15984725   53.70%
  26654 15418      961.9247   475     1672.0000      774.1887 16122059   53.70%
  28734 17366     1313.1176   345     1672.0000      774.1887 16562687   53.70%
Elapsed time = 1729.37 sec. (497733.12 ticks, tree = 1156.94 MB, solutions = 14)
Nodefile size = 962.36 MB (751.93 MB after compression)
  32358 20835      846.0269   755     1672.0000      774.1887 17235062   53.70%
* 38704+26871                         1662.0000      774.1887 18297349   53.42%
Found incumbent of value 1662.000000 after 1745.09 sec. (495804.66 ticks)
  39282 27421      882.5062   759     1662.0000      774.1887 18398486   53.42%
  40684 28743      889.4524   716     1662.0000      778.3415 18581939   53.17%
                                                     Cuts: 53                  
  40780 28837      944.9470   751     1662.0000      778.3415 18631846   53.17%
  40876 28933      964.2251   690     1662.0000      778.3415 18673981   53.17%
  41068 29125     1018.6631   632     1662.0000      778.3415 18746315   53.17%
  41260 29314     1070.0885   551     1662.0000      778.3415 18797874   53.17%
  41356 29409     1096.8241   583     1662.0000      778.3415 18823438   53.17%
  41668 29711     1219.9564   612     1662.0000      778.3415 18904022   53.17%
  52586 40045     1238.8615   607     1662.0000      781.8747 20659780   52.96%
                                                     Cuts: 23                  
Elapsed time = 1955.42 sec. (548775.48 ticks, tree = 6687.17 MB, solutions = 17)
Nodefile size = 6519.18 MB (5118.46 MB after compression)
  52649 40104      976.3920   735     1662.0000      781.8747 20707900   52.96%
  52799 40254      939.4686   825     1662.0000      781.8747 20803034   52.96%
  52895 40346      958.7137   756     1662.0000      781.8747 20849749   52.96%
  52991 40440     1008.0488   734     1662.0000      781.8747 20889765   52.96%
  55932 43250      826.0657   546     1662.0000      781.8747 21460472   52.96%
* 61662+48683                         1641.0000      790.5218 22397469   51.83%
Found incumbent of value 1641.000000 after 2118.31 sec. (583096.20 ticks)
  61662 48685      826.1408   634     1641.0000      790.5218 22397469   51.83%
* 61664+48685                         1639.0000      790.5218 22400842   51.77%
Found incumbent of value 1639.000000 after 2121.48 sec. (578300.78 ticks)
* 61664+48685                         1633.0000      790.5218 22400842   51.59%
Found incumbent of value 1633.000000 after 2121.58 sec. (578380.71 ticks)
* 61666+48687                         1613.0000      790.5218 22409287   50.99%
Found incumbent of value 1613.000000 after 2122.63 sec. (578604.72 ticks)
* 61668+48689                         1589.0000      790.5218 22411303   50.25%
Found incumbent of value 1589.000000 after 2122.63 sec. (576043.41 ticks)
* 61695+47565                         1574.0000      790.5218 22445972   49.78%
Found incumbent of value 1574.000000 after 2128.45 sec. (583898.10 ticks)
  61708 47580      849.4896   799     1574.0000      790.5218 22468642   49.78%
  61747 47619      868.6804   749     1574.0000      790.5218 22518883   49.78%
  61875 47747      889.6903   685     1574.0000      790.5218 22592127   49.78%
  62348 48220      999.5898   524     1574.0000      790.5218 22770755   49.78%
Elapsed time = 2206.90 sec. (600627.52 ticks, tree = 8218.81 MB, solutions = 29)
Nodefile size = 8195.90 MB (6437.15 MB after compression)
  62508 48380     1050.6348   582     1574.0000      790.5218 22815124   49.78%
  68299 53900      825.6551   855     1574.0000      790.5218 23712414   49.78%
  72074 56902      843.3414   828     1574.0000      798.8523 24281063   49.25%
                                                  ZeroHalf: 1                  
  72170 56988      862.9394   831     1574.0000      798.8523 24333028   49.25%
  72334 57148      923.8479   814     1574.0000      798.8523 24412127   49.25%
  72430 57244      966.1229   760     1574.0000      798.8523 24457346   49.25%
* 73053+57857                         1568.0000      798.8523 24576416   49.05%
Found incumbent of value 1568.000000 after 2365.33 sec. (613192.14 ticks)
  76669 61299     1324.6371   386     1568.0000      798.8523 25176159   49.05%
  80826 64966      971.0964   552     1568.0000      799.9353 25913675   48.98%
                                                  Impl Bds: 3                  
  81013 65147      975.8633   774     1568.0000      799.9353 25988144   48.98%
  81109 65241     1042.1982   730     1568.0000      799.9353 26023524   48.98%
Elapsed time = 2449.03 sec. (648642.36 ticks, tree = 11566.20 MB, solutions = 55)
Nodefile size = 11422.46 MB (8975.40 MB after compression)
  81205 65331     1013.2196   675     1568.0000      799.9353 26052134   48.98%
  81301 65427     1030.9749   604     1568.0000      799.9353 26084089   48.98%
* 88005+71773                         1562.0000      799.9353 27205452   48.79%
Found incumbent of value 1562.000000 after 2486.85 sec. (651506.33 ticks)
  90515 73901     1195.8030   303     1562.0000      801.9319 27576795   48.66%
                                                      Cuts: 3                  
  90577 73963      887.4823   815     1562.0000      801.9319 27617181   48.66%
  90641 74026      909.2362   831     1562.0000      801.9319 27658199   48.66%
  90737 74116      948.3760   780     1562.0000      801.9319 27701722   48.66%
  96646 79686     1016.6688   473     1562.0000      801.9319 28824361   48.66%
  98167 81114     1096.3338   434     1562.0000      806.3357 29060932   48.38%
                                                  ZeroHalf: 3                  
  98265 81212      953.3478   745     1562.0000      806.3357 29151654   48.38%
  98393 81338     1009.1250   502     1562.0000      806.3357 29220244   48.38%
Elapsed time = 2692.76 sec. (697574.84 ticks, tree = 14792.69 MB, solutions = 56)
Nodefile size = 14646.94 MB (11500.61 MB after compression)
  98489 81434     1064.5261   596     1562.0000      806.3357 29268732   48.38%
 100877 83687      924.6837   731     1562.0000      806.3357 29769739   48.38%
 105230 87765      893.6226   719     1562.0000      806.7133 30466365   48.35%
 105351 87884      854.4899   816     1562.0000      806.7133 30559137   48.35%
 105436 87969      882.8698   589     1562.0000      806.7133 30612316   48.35%
 105532 88063      891.4078   688     1562.0000      806.7133 30664169   48.35%
 105809 88336      928.4420   692     1562.0000      806.7133 30763415   48.35%
 113323 95414      902.8339   641     1562.0000      809.9065 32056407   48.15%
 113387 95478      917.5555   726     1562.0000      809.9065 32103661   48.15%
 113515 95606      939.4806   614     1562.0000      809.9065 32168610   48.15%
Elapsed time = 2934.98 sec. (748991.49 ticks, tree = 17699.33 MB, solutions = 56)
Nodefile size = 17546.18 MB (13792.78 MB after compression)
 113643 95734      944.5547   680     1562.0000      809.9065 32216366   48.15%
 118397 100204      859.6459   745     1562.0000      809.9065 33042677   48.15%
 120577 102236      886.8007   781     1562.0000      811.6291 33448562   48.04%
 120641 102291      908.4212   729     1562.0000      811.6291 33488526   48.04%
 120769 102410      927.5166   711     1562.0000      811.6291 33547285   48.04%
 124843 106292     1304.3750   320     1562.0000      811.6291 34269383   48.04%
 128363 109579      862.2534   711     1562.0000      813.3960 34928986   47.93%
                                                  ZeroHalf: 4                  
 128405 109621      871.8566   782     1562.0000      813.3960 34978290   47.93%
 128533 109749      936.3149   672     1562.0000      813.3960 35071949   47.93%
 128624 109839     1052.2516   677     1562.0000      813.3960 35129269   47.93%
Elapsed time = 3160.89 sec. (798929.48 ticks, tree = 20588.00 MB, solutions = 56)
Nodefile size = 20435.07 MB (16056.14 MB after compression)
 135509 116339      856.0544   604     1562.0000      813.3960 36294179   47.93%
                                                  ZeroHalf: 1                  
 135583 116409      954.8927   765     1562.0000      813.3960 36352705   47.93%
 135615 116439      966.3281   814     1562.0000      813.3960 36378740   47.93%
 135743 116567      992.1527   698     1562.0000      813.3960 36442266   47.93%
 140395 120905      880.5628   812     1562.0000      813.3960 37359542   47.93%
 140689 121182      925.5884   815     1562.0000      814.0640 37437729   47.88%
 140768 121261      971.3752   712     1562.0000      814.0640 37492746   47.88%
 140881 121374      946.2593   798     1562.0000      814.0640 37561368   47.88%
 140977 121470      965.8313   702     1562.0000      814.0640 37606069   47.88%
 148395 128444      957.6020   510     1562.0000      816.8518 38856005   47.70%
                                                  ZeroHalf: 1                  
Elapsed time = 3386.31 sec. (849292.76 ticks, tree = 24489.74 MB, solutions = 56)
Nodefile size = 24335.40 MB (19117.47 MB after compression)
 148464 128513      906.7232   844     1562.0000      816.8518 38903530   47.70%
 148624 128673      935.3802   833     1562.0000      816.8518 38988194   47.70%
 148784 128831      976.8917   755     1562.0000      816.8518 39055813   47.70%
 152715 132538     1168.1592   748     1562.0000      816.8518 39742222   47.70%
 155226 134838     1152.6831   722     1562.0000      817.4739 40172103   47.66%
 155300 134912      864.0990   806     1562.0000      817.4739 40213288   47.66%
 155460 135071      906.1520   706     1562.0000      817.4739 40284057   47.66%
 155620 135231      977.8490   727     1562.0000      817.4739 40336475   47.66%
*155838+135441                         1559.0000      817.4739 40405779   47.56%
Found incumbent of value 1559.000000 after 3579.01 sec. (871125.46 ticks)
 162483 141651      874.4176   855     1559.0000      817.4739 41526830   47.56%
 162717 141725      915.3499   676     1559.0000      819.3624 41586200   47.44%
                                                  Impl Bds: 3                  
Elapsed time = 3615.60 sec. (896325.22 ticks, tree = 27226.87 MB, solutions = 57)
Nodefile size = 27072.00 MB (21256.51 MB after compression)
 162749 141755      930.9265   704     1559.0000      819.3624 41613898   47.44%
 162813 141817      955.6924   786     1559.0000      819.3624 41655695   47.44%
 162909 141913      996.5379   702     1559.0000      819.3624 41712547   47.44%
 165398 144236     1012.2888   760     1559.0000      819.3624 42236222   47.44%
 169206 147799     1025.7507   705     1559.0000      820.3649 42912459   47.38%
                                                     Cuts: 11                  
 169302 147890     1100.6266   779     1559.0000      820.3649 42986090   47.38%
 169366 147950     1153.6469   734     1559.0000      820.3649 43028788   47.38%
 169462 148042     1185.9757   716     1559.0000      820.3649 43082094   47.38%
 174939 153154     1206.3854   713     1559.0000      821.1528 44155341   47.33%
                                                  ZeroHalf: 2                  
 175085 153300      953.3799   714     1559.0000      821.1528 44280312   47.33%
Elapsed time = 3851.16 sec. (945665.98 ticks, tree = 29608.11 MB, solutions = 57)
Nodefile size = 29449.07 MB (23087.48 MB after compression)
 175197 153412      900.6135   631     1559.0000      821.1528 44351121   47.33%
 175329 153544     1026.2817   691     1559.0000      821.1528 44432594   47.33%
 180333 158264      928.0439   766     1559.0000      821.1528 45330406   47.33%
 181457 159281      848.9777   790     1559.0000      821.3940 45522422   47.31%
 181521 159345      898.8384   650     1559.0000      821.3940 45565842   47.31%
 181611 159426      936.2553   792     1559.0000      821.3940 45613793   47.31%
 181745 159556     1006.1912   704     1559.0000      821.3940 45680108   47.31%
 187793 165222      881.0799   642     1559.0000      821.3940 46765399   47.31%
 188007 165428      971.1467   670     1559.0000      822.8499 46837726   47.22%
                                                      Cuts: 3                  
 188071 165492      990.7987   723     1559.0000      822.8499 46863169   47.22%
Elapsed time = 4067.81 sec. (991346.81 ticks, tree = 32143.53 MB, solutions = 57)
Nodefile size = 31983.34 MB (25061.54 MB after compression)
 188231 165652     1014.1271   710     1559.0000      822.8499 46927699   47.22%
 188359 165774     1053.1133   719     1559.0000      822.8499 46972037   47.22%
 194814 171788     1491.4250   433     1559.0000      823.0888 48181135   47.20%
 194924 171894      931.6836   723     1559.0000      823.0888 48253499   47.20%
 195052 172018      985.5501   747     1559.0000      823.0888 48314147   47.20%
 195212 172171     1102.2731   697     1559.0000      823.0888 48381272   47.20%
 200321 176978      888.8657   867     1559.0000      823.0888 49330039   47.20%
 200531 177166      912.1860   773     1559.0000      824.7033 49377893   47.10%
                                                  ZeroHalf: 2                  
 200595 177228      924.0166   764     1559.0000      824.7033 49420603   47.10%
 200691 177324      956.4619   799     1559.0000      824.7033 49472002   47.10%
Elapsed time = 4275.94 sec. (1045865.95 ticks, tree = 34603.16 MB, solutions = 57)
Nodefile size = 34441.94 MB (26947.43 MB after compression)
 207243 183466      912.0316   546     1559.0000      824.7033 50684575   47.10%
 207402 183609      951.5277   526     1559.0000      824.7033 50740402   47.10%
                                                  ZeroHalf: 1                  
 207505 183712     1001.1765   696     1559.0000      824.7033 50781936   47.10%
 207569 183776     1048.6626   769     1559.0000      824.7033 50802322   47.10%
 207697 183904     1093.8544   724     1559.0000      824.7033 50843103   47.10%
 214647 190448     1105.6058   542     1559.0000      824.7033 52041476   47.10%
 215363 191102     1169.6351   425     1559.0000      826.0565 52152592   47.01%
                                                  ZeroHalf: 1                  
 215467 191206      921.4274   707     1559.0000      826.0565 52213048   47.01%
 215531 191270      948.1484   760     1559.0000      826.0565 52249819   47.01%
 221608 196960      873.3381   789     1559.0000      826.0565 53419214   47.01%
Elapsed time = 4515.94 sec. (1092045.84 ticks, tree = 37566.28 MB, solutions = 57)
Nodefile size = 37348.48 MB (29180.53 MB after compression)
 222152 197456      884.5928   793     1559.0000      826.7595 53537338   46.97%
 222216 197520      908.7189   783     1559.0000      826.7595 53595266   46.97%
 222312 197616      951.7183   822     1559.0000      826.7595 53679787   46.97%
 222408 197712      980.2775   731     1559.0000      826.7595 53764148   46.97%
 227287 202232      988.1079   729     1559.0000      827.4303 54720648   46.93%
 227407 202348     1210.7844   722     1559.0000      827.4303 54803260   46.93%
 227487 202428     1206.5247   702     1559.0000      827.4303 54853518   46.93%
 227551 202490     1241.8255   684     1559.0000      827.4303 54892596   46.93%
 233849 208363      867.6464   528     1559.0000      827.9393 56048369   46.89%
 233952 208466      917.4940   813     1559.0000      827.9393 56123771   46.89%
Elapsed time = 4777.00 sec. (1140115.93 ticks, tree = 41118.14 MB, solutions = 57)
Nodefile size = 40956.34 MB (31977.54 MB after compression)
 234048 208562      941.9531   786     1559.0000      827.9393 56175315   46.89%
 234144 208658      973.1678   763     1559.0000      827.9393 56218438   46.89%
 236188 210571      978.3424   752     1559.0000      827.9393 56696247   46.89%
 240090 214174      886.5568   796     1559.0000      827.9393 57401226   46.89%
                                                  ZeroHalf: 2                  
 240154 214234      908.5513   810     1559.0000      827.9393 57448407   46.89%
 240250 214330      932.5057   776     1559.0000      827.9393 57519401   46.89%
 241780 215791      915.9354   726     1559.0000      827.9393 57891700   46.89%
 246156 219897      886.6112   737     1559.0000      829.1112 58652211   46.82%
 246287 220028      958.8831   750     1559.0000      829.1112 58725553   46.82%
 246383 220124      971.4888   716     1559.0000      829.1112 58765727   46.82%
Elapsed time = 5000.48 sec. (1187832.23 ticks, tree = 43520.25 MB, solutions = 57)
Nodefile size = 43358.67 MB (33833.25 MB after compression)
 246511 220251     1017.1567   774     1559.0000      829.1112 58810572   46.82%
 252970 226276     1483.0667   237     1559.0000      829.8527 60002938   46.77%
                                                  ZeroHalf: 1                  
 253085 226385      911.8352   807     1559.0000      829.8527 60072875   46.77%
 253204 226502      957.0723   735     1559.0000      829.8527 60128952   46.77%
 253364 226662     1020.1232   684     1559.0000      829.8527 60199296   46.77%
 254739 227959      896.1251   771     1559.0000      829.8527 60471561   46.77%
 259928 232830      906.1968   781     1559.0000      830.3009 61395719   46.74%
 260024 232922      968.3959   712     1559.0000      830.3009 61441994   46.74%
 260120 233018     1012.3805   702     1559.0000      830.3009 61482758   46.74%
 260359 233252     1020.7041   699     1559.0000      830.3009 61560700   46.74%
Elapsed time = 5220.89 sec. (1234206.81 ticks, tree = 46230.88 MB, solutions = 57)
Nodefile size = 46061.70 MB (35915.97 MB after compression)
 265700 238199     1466.6567   306     1559.0000      831.0371 62566029   46.69%
 265777 238276      926.5322   765     1559.0000      831.0371 62625095   46.69%
 265932 238430     1002.8217   754     1559.0000      831.0371 62718557   46.69%
 266028 238526     1016.4573   726     1559.0000      831.0371 62759633   46.69%
 271568 243669      903.6549   582     1559.0000      831.0371 63863542   46.69%
 271678 243773      885.7165   675     1559.0000      831.0371 63943028   46.69%
 271808 243891      962.1646   779     1559.0000      831.0371 64013314   46.69%
 271936 244019     1027.9012   788     1559.0000      831.0371 64075420   46.69%
 276556 248322      942.1623   503     1559.0000      831.7982 65012308   46.65%
 276764 248530     1164.4291   622     1559.0000      831.7982 65100735   46.65%
Elapsed time = 5460.66 sec. (1283373.56 ticks, tree = 49474.62 MB, solutions = 57)
Nodefile size = 49311.17 MB (38418.54 MB after compression)
 276899 248665      992.0417   599     1559.0000      831.7982 65146588   46.65%
 277059 248820     1088.1963   699     1559.0000      831.7982 65186049   46.65%
 282934 254321      944.6354   477     1559.0000      831.7982 66236643   46.65%
 284056 255344      993.2706   626     1559.0000      832.7552 66441757   46.58%
 284236 255521      901.3620   724     1559.0000      832.7552 66506768   46.58%
 284428 255702      940.0892   696     1559.0000      832.7552 66564867   46.58%
 284556 255826      980.2485   608     1559.0000      832.7552 66602786   46.58%
 286763 257897      924.6253   661     1559.0000      832.7552 67063899   46.58%
 291107 261929      933.3542   726     1559.0000      833.3382 67796592   46.55%
                                                  ZeroHalf: 2                  
 291203 262025      952.3509   706     1559.0000      833.3382 67843647   46.55%
Elapsed time = 5651.24 sec. (1329371.87 ticks, tree = 52322.51 MB, solutions = 57)
Nodefile size = 52157.03 MB (40602.57 MB after compression)
 291331 262151      998.5126   737     1559.0000      833.3382 67903720   46.55%
 298332 268647     1008.8576   578     1559.0000      833.5452 69175955   46.53%
 298506 268819      967.9346   708     1559.0000      833.5452 69270593   46.53%
 298666 268976     1020.2259   734     1559.0000      833.5452 69333144   46.53%
*300699+270890                         1556.0000      833.5452 69708581   46.43%
Found incumbent of value 1556.000000 after 5818.95 sec. (1344744.79 ticks)
 303207 273237      920.2217   694     1556.0000      833.5452 70098413   46.43%
 305198 274863      914.4738   498     1556.0000      834.0315 70447386   46.40%
 305298 274958      967.7873   633     1556.0000      834.0315 70525058   46.40%
 305394 275052     1003.2119   717     1556.0000      834.0315 70575421   46.40%
 305490 275144     1018.9499   751     1556.0000      834.0315 70628265   46.40%
 311625 280876     1333.7556   376     1556.0000      834.5223 71781358   46.37%
Elapsed time = 5939.47 sec. (1384152.65 ticks, tree = 56288.79 MB, solutions = 58)
Nodefile size = 56124.94 MB (43661.21 MB after compression)
 311699 280950      884.1408   803     1556.0000      834.5223 71836696   46.37%
 311859 281110      923.4476   697     1556.0000      834.5223 71925574   46.37%
 311987 281234      953.9167   592     1556.0000      834.5223 71990971   46.37%
 318477 287283      960.3399   553     1556.0000      834.8952 73121094   46.34%
 318620 287422     1161.7747   666     1556.0000      834.8952 73212954   46.34%
 318762 287558     1149.8889   601     1556.0000      834.8952 73288301   46.34%
 318954 287748     1186.7116   646     1556.0000      834.8952 73365397   46.34%
 324714 293139      894.2506   557     1556.0000      835.6213 74443884   46.30%
                                                    Covers: 3                  
 324913 293322      888.4375   793     1556.0000      835.6213 74565682   46.30%
 325009 293416      931.6109   803     1556.0000      835.6213 74625228   46.30%
Elapsed time = 6199.10 sec. (1433540.72 ticks, tree = 58858.37 MB, solutions = 58)
Nodefile size = 58693.87 MB (45648.94 MB after compression)
 325169 293571      977.7262   736     1556.0000      835.6213 74694982   46.30%
 329353 297440      938.1762   675     1556.0000      836.1138 75511324   46.27%
 329456 297543     1017.2032   732     1556.0000      836.1138 75577250   46.27%
 329612 297697     1041.6569   765     1556.0000      836.1138 75672079   46.27%
 335639 303300      943.2700   523     1556.0000      836.3575 76804435   46.25%
 335783 303444      930.0159   816     1556.0000      836.3575 76889011   46.25%
 335847 303506      955.2332   806     1556.0000      836.3575 76924982   46.25%
 335943 303600     1018.8611   726     1556.0000      836.3575 76963860   46.25%
*340024+307404                         1539.0000      836.3575 77675193   45.66%
Found incumbent of value 1539.000000 after 6410.00 sec. (1471766.33 ticks)
 343064 306908     1521.6000   148     1539.0000      836.9584 78204367   45.62%
 343257 307096      924.9897   661     1539.0000      836.9584 78303707   45.62%
Elapsed time = 6471.60 sec. (1491636.87 ticks, tree = 61745.46 MB, solutions = 59)
Nodefile size = 61580.77 MB (47883.22 MB after compression)
 343335 307174     1020.0000   649     1539.0000      836.9584 78340567   45.62%
 347970 311506      854.1143   640     1539.0000      836.9584 79229029   45.62%
 349537 312941      878.8687   666     1539.0000      836.9584 79483558   45.62%
                                                  ZeroHalf: 2                  
 349647 313050      947.3730   739     1539.0000      836.9584 79552627   45.62%
 349807 313210      992.9012   663     1539.0000      836.9584 79633260   45.62%
 349907 313306     1008.7500   551     1539.0000      836.9584 79680456   45.62%
 356628 319578      937.9855   582     1539.0000      837.7219 80834775   45.57%
 356806 319752     1036.4937   757     1539.0000      837.7219 80917622   45.57%
 356998 319938     1104.1667   631     1539.0000      837.7219 80987237   45.57%
 362527 325071     1281.7500   363     1539.0000      838.2743 82171252   45.53%
Elapsed time = 6719.40 sec. (1545079.30 ticks, tree = 64815.74 MB, solutions = 59)
Nodefile size = 64651.40 MB (50223.14 MB after compression)
 362589 325133      910.4009   846     1539.0000      838.2743 82213639   45.53%
 362717 325259      958.3226   812     1539.0000      838.2743 82273111   45.53%
 362813 325353     1041.5737   764     1539.0000      838.2743 82310719   45.53%
 368311 330451     1465.6111   337     1539.0000      838.6584 83340043   45.51%
                                                  ZeroHalf: 2                  
 368389 330529      909.0391   770     1539.0000      838.6584 83401361   45.51%
 368496 330631      905.2640   700     1539.0000      838.6584 83460744   45.51%
 368549 330682      970.1967   754     1539.0000      838.6584 83497570   45.51%
 373403 335203     1181.7623   441     1539.0000      838.6584 84472521   45.51%
 373879 335650     1294.5653   388     1539.0000      838.8151 84576061   45.50%
 374013 335781      900.0789   711     1539.0000      838.8151 84637710   45.50%
Elapsed time = 6944.06 sec. (1589776.16 ticks, tree = 67031.67 MB, solutions = 59)
Nodefile size = 66868.69 MB (51923.52 MB after compression)
 374141 335904      945.5637   793     1539.0000      838.8151 84685099   45.50%
 374237 335994      974.8323   720     1539.0000      838.8151 84721755   45.50%
 377689 339211      907.9857   865     1539.0000      838.8151 85359365   45.50%
 380842 342122      997.9876   633     1539.0000      839.2671 85949562   45.47%
 380877 342157     1055.1627   670     1539.0000      839.2671 85975902   45.47%
 381005 342284     1105.6931   707     1539.0000      839.2671 86035154   45.47%
 381197 342474     1137.7014   636     1539.0000      839.2671 86106313   45.47%
 387725 348545     1164.2365   320     1539.0000      839.2671 87294661   45.47%
 387811 348631      935.7016   771     1539.0000      839.2671 87342502   45.47%
 387875 348695      975.4278   774     1539.0000      839.2671 87383626   45.47%
Elapsed time = 7176.54 sec. (1638658.38 ticks, tree = 69738.81 MB, solutions = 59)
Nodefile size = 69573.60 MB (54003.85 MB after compression)
 394080 354495      909.6103   577     1539.0000      839.2671 88556111   45.47%
 394833 355179      973.0308   542     1539.0000      840.3343 88665632   45.40%
 394911 355257     1114.0278   628     1539.0000      840.3343 88716722   45.40%
 395071 355412     1168.2088   711     1539.0000      840.3343 88798959   45.40%
 399195 359265     1268.0644   388     1539.0000      840.3343 89621154   45.40%
 400730 360674      916.2337   669     1539.0000      840.7405 89902168   45.37%
 401007 360949     1314.7570   639     1539.0000      840.7405 89986644   45.37%
 401167 361099     1392.0000   469     1539.0000      840.7405 90025974   45.37%
 401455 361370     1510.9545   468     1539.0000      840.7405 90088364   45.37%
 407789 367262     1024.3320   531     1539.0000      841.0879 91265132   45.35%
                                                  ZeroHalf: 2                  
Elapsed time = 7400.37 sec. (1685786.95 ticks, tree = 73663.91 MB, solutions = 59)
Nodefile size = 73500.00 MB (57020.30 MB after compression)
 407927 367382      980.8627   696     1539.0000      841.0879 91327484   45.35%
 408023 367474      947.8696   727     1539.0000      841.0879 91360695   45.35%
 408119 367570      990.3748   767     1539.0000      841.0879 91394154   45.35%
 414673 373627     1084.1895   440     1539.0000      841.3982 92602386   45.33%
                                                  Impl Bds: 2                  
 414787 373737      936.8131   801     1539.0000      841.3982 92685981   45.33%
 414826 373776      933.9716   829     1539.0000      841.3982 92712492   45.33%
 414922 373872      970.3187   802     1539.0000      841.3982 92764648   45.33%
 420821 379309     1009.5307   752     1539.0000      841.7144 93917921   45.31%
                                                      Cuts: 4                  
 420903 379388      954.8995   540     1539.0000      841.7144 93994770   45.31%
 420967 379449      975.4318   592     1539.0000      841.7144 94054958   45.31%
Elapsed time = 7661.56 sec. (1738599.40 ticks, tree = 76190.80 MB, solutions = 59)
Nodefile size = 76026.67 MB (58966.09 MB after compression)
 421016 379498      908.4176   758     1539.0000      841.7144 94106027   45.31%
 424548 382773     1425.1382   646     1539.0000      841.8880 95066712   45.30%
                                                  ZeroHalf: 2                  
 424594 382819     1002.3935   554     1539.0000      841.8880 95124514   45.30%
 424631 382856      947.6246   776     1539.0000      841.8880 95166552   45.30%
 430165 388052     1459.0667   356     1539.0000      842.0779 96287862   45.28%
 430284 388168      980.7653   729     1539.0000      842.0779 96345321   45.28%
 430380 388256      995.3263   665     1539.0000      842.0779 96390195   45.28%
 430444 388320     1009.4831   566     1539.0000      842.0779 96418466   45.28%
 432420 390181      898.8347   833     1539.0000      842.0779 96885786   45.28%
 434244 391866      965.3937   681     1539.0000      842.0779 97287367   45.28%
Elapsed time = 7861.94 sec. (1790599.54 ticks, tree = 77454.15 MB, solutions = 59)
Nodefile size = 77226.44 MB (59871.51 MB after compression)
 435865 393338     1148.3262   717     1539.0000      842.5222 97634651   45.26%
                                                      Cuts: 2                  
 435912 393383      955.1743   801     1539.0000      842.5222 97677905   45.26%
 435976 393447      970.5650   763     1539.0000      842.5222 97732334   45.26%
 436047 393518      982.4464   720     1539.0000      842.5222 97791329   45.26%
 440378 397525     1110.6667   357     1539.0000      842.9169 98687050   45.23%
                                                  Impl Bds: 3                  
 440416 397563      915.2297   781     1539.0000      842.9169 98724603   45.23%
 440479 397626      930.7226   851     1539.0000      842.9169 98765625   45.23%
 440575 397722      956.5819   826     1539.0000      842.9169 98823219   45.23%
 443134 400087      955.4369   750     1539.0000      842.9169 99472719   45.23%
 445570 402345     1011.8990   744     1539.0000      843.2466 99897954   45.21%
                                                  Impl Bds: 2                  
Elapsed time = 8075.36 sec. (1834119.29 ticks, tree = 80384.40 MB, solutions = 59)
Nodefile size = 80220.11 MB (62186.34 MB after compression)
 445666 402441     1044.2616   695     1539.0000      843.2466 99962837   45.21%
 445767 402542     1045.9286   678     1539.0000      843.2466 1.00e+08   45.21%
 445858 402633     1099.0340   689     1539.0000      843.2466 1.00e+08   45.21%
 451774 408162     1123.7270   649     1539.0000      843.5382 1.01e+08   45.19%
                                                  Impl Bds: 1                  
 451902 408288     1156.7551   717     1539.0000      843.5382 1.01e+08   45.19%
 452030 408413     1178.2637   603     1539.0000      843.5382 1.01e+08   45.19%
 452323 408696     1158.1667   645     1539.0000      843.5382 1.01e+08   45.19%
 454428 410665      881.4380   769     1539.0000      843.5382 1.02e+08   45.19%
 459179 415080      912.1571   624     1539.0000      843.9331 1.03e+08   45.16%
                                                  Impl Bds: 2                  
 459283 415182      978.0040   595     1539.0000      843.9331 1.03e+08   45.16%
Elapsed time = 8292.46 sec. (1878724.97 ticks, tree = 83058.98 MB, solutions = 59)
Nodefile size = 82894.07 MB (64247.27 MB after compression)
 459418 415317     1001.4961   687     1539.0000      843.9331 1.03e+08   45.16%
 463642 419251      881.9689   813     1539.0000      843.9331 1.04e+08   45.16%
 465778 421203     1000.3862   492     1539.0000      844.5203 1.04e+08   45.13%
 465884 421306      951.1242   716     1539.0000      844.5203 1.04e+08   45.13%
 465980 421400      980.8782   758     1539.0000      844.5203 1.04e+08   45.13%
 466076 421492     1030.7377   789     1539.0000      844.5203 1.04e+08   45.13%
 471385 426441      932.6452   525     1539.0000      844.9286 1.05e+08   45.10%
                                                  ZeroHalf: 1                  
 471444 426500     1097.2545   690     1539.0000      844.9286 1.05e+08   45.10%
 471540 426596     1126.5096   731     1539.0000      844.9286 1.05e+08   45.10%
 471636 426689     1147.8577   700     1539.0000      844.9286 1.05e+08   45.10%
Elapsed time = 8529.66 sec. (1925409.04 ticks, tree = 85452.45 MB, solutions = 59)
Nodefile size = 85287.97 MB (66081.71 MB after compression)
 477327 432002      873.0970   461     1539.0000      844.9286 1.06e+08   45.10%
 477696 432344      880.6481   752     1539.0000      845.1363 1.06e+08   45.09%
                                                  ZeroHalf: 1                  
 477783 432429     1068.4549   711     1539.0000      845.1363 1.07e+08   45.09%
 477911 432546     1077.4960   681     1539.0000      845.1363 1.07e+08   45.09%
 477984 432619      978.8136   716     1539.0000      845.1363 1.07e+08   45.09%
 483923 438176     1295.8929   378     1539.0000      845.4584 1.08e+08   45.06%
                                                  Impl Bds: 1                  
 484094 438339     1117.9609   663     1539.0000      845.4584 1.08e+08   45.06%
 484254 438497     1173.3512   619     1539.0000      845.4584 1.08e+08   45.06%
 484382 438610     1260.7381   455     1539.0000      845.4584 1.08e+08   45.06%
 489229 443091      849.9380   538     1539.0000      845.4584 1.09e+08   45.06%
Elapsed time = 8728.11 sec. (1969731.61 ticks, tree = 87920.99 MB, solutions = 59)
Nodefile size = 87751.74 MB (67966.95 MB after compression)
 489318 443172     1083.3747   731     1539.0000      845.7266 1.09e+08   45.05%
                                                  Impl Bds: 2                  
 489441 443295      971.3342   865     1539.0000      845.7266 1.09e+08   45.05%
 489569 443423      995.4483   758     1539.0000      845.7266 1.09e+08   45.05%
 489697 443551     1072.3280   680     1539.0000      845.7266 1.09e+08   45.05%
 496084 449498      936.1371   545     1539.0000      845.9535 1.10e+08   45.03%
 496263 449668      985.1612   623     1539.0000      845.9535 1.10e+08   45.03%
 496455 449850     1040.1626   620     1539.0000      845.9535 1.10e+08   45.03%
 496583 449974     1092.4589   657     1539.0000      845.9535 1.10e+08   45.03%
 499005 452248      934.9998   721     1539.0000      845.9535 1.11e+08   45.03%
 503145 456043      938.7827   630     1539.0000      846.4773 1.12e+08   45.00%
                                                  Impl Bds: 2                  
Elapsed time = 8951.01 sec. (2013959.68 ticks, tree = 91671.42 MB, solutions = 59)
Nodefile size = 91506.40 MB (70850.60 MB after compression)
 503270 456164     1378.4336   379     1539.0000      846.4773 1.12e+08   45.00%
 503529 456417     1013.2368   720     1539.0000      846.4773 1.12e+08   45.00%
 509568 462034     1023.8385   727     1539.0000      846.8236 1.13e+08   44.98%
                                                  Impl Bds: 1                  
 509664 462124     1044.5000   605     1539.0000      846.8236 1.13e+08   44.98%
 509760 462220     1083.5000   608     1539.0000      846.8236 1.13e+08   44.98%
 509916 462371     1006.7270   702     1539.0000      846.8236 1.13e+08   44.98%
 516438 468442     1240.5000   523     1539.0000      847.1660 1.14e+08   44.95%
                                                  Impl Bds: 3                  
 516553 468553      932.2287   784     1539.0000      847.1660 1.14e+08   44.95%
 516613 468611      952.4270   623     1539.0000      847.1660 1.14e+08   44.95%
 516841 468835     1035.3713   625     1539.0000      847.1660 1.14e+08   44.95%
Elapsed time = 9213.04 sec. (2066902.99 ticks, tree = 94277.51 MB, solutions = 59)
Nodefile size = 94112.04 MB (72857.24 MB after compression)
 520931 472609      868.8534   581     1539.0000      847.2925 1.15e+08   44.95%
 520935 472613      875.5520   832     1539.0000      847.2925 1.15e+08   44.95%
 520999 472677      894.1010   800     1539.0000      847.2925 1.16e+08   44.95%
 521095 472771      920.1507   714     1539.0000      847.2925 1.16e+08   44.95%
 521191 472865      951.1755   676     1539.0000      847.2925 1.16e+08   44.95%
 525021 476441      873.1470   610     1539.0000      847.2925 1.16e+08   44.95%
 527360 478586     1015.4432   631     1539.0000      847.4153 1.17e+08   44.94%
 527488 478714     1076.1528   616     1539.0000      847.4153 1.17e+08   44.94%
 527617 478843      988.6327   697     1539.0000      847.4153 1.17e+08   44.94%
 528462 479634     1493.7311   457     1539.0000      847.4153 1.17e+08   44.94%
Elapsed time = 9406.43 sec. (2108730.79 ticks, tree = 95633.49 MB, solutions = 59)
Nodefile size = 95463.51 MB (73884.52 MB after compression)
 533346 484168     1001.1095   475     1539.0000      847.6470 1.18e+08   44.92%
 533493 484313      984.4001   755     1539.0000      847.6470 1.18e+08   44.92%
 533621 484435     1038.6989   729     1539.0000      847.6470 1.18e+08   44.92%
 533749 484559     1083.9071   675     1539.0000      847.6470 1.18e+08   44.92%
 540155 490488     1454.0833   250     1539.0000      848.0140 1.19e+08   44.90%
 540268 490593      954.3996   703     1539.0000      848.0140 1.19e+08   44.90%
 540396 490711      989.6775   752     1539.0000      848.0140 1.20e+08   44.90%
 540492 490803     1042.1128   744     1539.0000      848.0140 1.20e+08   44.90%
 546824 496702      949.2333   549     1539.0000      848.4726 1.21e+08   44.87%
 546966 496842     1015.3028   703     1539.0000      848.4726 1.21e+08   44.87%
Elapsed time = 9657.34 sec. (2157599.77 ticks, tree = 99444.46 MB, solutions = 59)
Nodefile size = 99277.23 MB (76803.61 MB after compression)
 547129 497002     1158.2083   579     1539.0000      848.4726 1.21e+08   44.87%
 547289 497157     1197.8922   679     1539.0000      848.4726 1.21e+08   44.87%
 550925 500556      896.7379   699     1539.0000      848.4726 1.22e+08   44.87%
 552973 502449      929.6704   591     1539.0000      848.7933 1.22e+08   44.85%
                                                  Impl Bds: 2                  
 553178 502650      949.5812   740     1539.0000      848.7933 1.22e+08   44.85%
 553338 502810      986.8611   713     1539.0000      848.7933 1.22e+08   44.85%
 554383 503768      951.4799   725     1539.0000      848.7933 1.22e+08   44.85%
 558112 507203     1337.9383   279     1539.0000      849.0347 1.23e+08   44.83%
                                                  Impl Bds: 1                  
 558224 507315      977.6078   646     1539.0000      849.0347 1.23e+08   44.83%
 558352 507443     1010.8721   701     1539.0000      849.0347 1.23e+08   44.83%
Elapsed time = 9851.01 sec. (2200769.12 ticks, tree = 101631.78 MB, solutions = 59)
Nodefile size = 101466.01 MB (78488.64 MB after compression)
 558492 507583     1041.4626   694     1539.0000      849.0347 1.23e+08   44.83%
 560066 509076      901.8108   838     1539.0000      849.0347 1.24e+08   44.83%
 561038 509961     1280.0905   259     1539.0000      849.0347 1.24e+08   44.83%
 562440 511248      934.6997   802     1539.0000      849.2514 1.24e+08   44.82%
 562504 511312      958.5578   796     1539.0000      849.2514 1.24e+08   44.82%
 562600 511405      989.5356   741     1539.0000      849.2514 1.24e+08   44.82%
 562784 511577     1107.8000   367     1539.0000      849.2514 1.24e+08   44.82%
 563757 512505     1097.7484   573     1539.0000      849.2514 1.24e+08   44.82%
*565025+513667                         1506.0000      849.2514 1.25e+08   43.61%
Found incumbent of value 1506.000000 after 10030.79 sec. (2240351.38 ticks)
 565045 513689     1338.5283   322     1506.0000      849.2514 1.25e+08   43.61%
 566920 494870      912.5578   746     1506.0000      849.3390 1.25e+08   43.60%
                                                  Impl Bds: 2                  
Elapsed time = 10064.63 sec. (2300249.20 ticks, tree = 99083.53 MB, solutions = 60)
Nodefile size = 98920.55 MB (76476.91 MB after compression)
 566996 494946     1024.3412   475     1506.0000      849.3390 1.25e+08   43.60%
*569211+497012                         1505.0000      849.3390 1.26e+08   43.57%
Found incumbent of value 1505.000000 after 10158.52 sec. (2300976.03 ticks)
 569455 497221      893.4358   547     1505.0000      849.3390 1.26e+08   43.57%
*569459+497201                         1426.0000      849.3390 1.26e+08   40.44%
Found incumbent of value 1426.000000 after 10158.52 sec. (2302184.55 ticks)
 571571 424597     1071.7757   779     1426.0000      849.4881 1.26e+08   40.43%
                                                  Impl Bds: 6                  
 571667 424691     1103.3300   691     1426.0000      849.4881 1.26e+08   40.43%
 571795 424819     1167.1859   773     1426.0000      849.4881 1.26e+08   40.43%
 571808 424832      916.3401   474     1426.0000      849.4881 1.26e+08   40.43%
 571816 424840     1039.0399   515     1426.0000      849.4881 1.26e+08   40.43%
*571849+424869                         1423.0000      849.4881 1.26e+08   40.30%
Found incumbent of value 1423.000000 after 10296.31 sec. (2360348.18 ticks)
*572130+425143                         1420.0000      849.4881 1.26e+08   40.18%
Found incumbent of value 1420.000000 after 10296.31 sec. (2356684.61 ticks)
*572360+425357                         1415.0000      849.4881 1.26e+08   39.97%
Found incumbent of value 1415.000000 after 10296.31 sec. (2358640.05 ticks)
*572360+425357                         1411.0000      849.4881 1.26e+08   39.80%
Found incumbent of value 1411.000000 after 10296.31 sec. (2360663.52 ticks)
 572865 425821     1019.2680   437     1411.0000      849.4881 1.26e+08   39.80%
 573129 426073     1222.0464   431     1411.0000      849.4881 1.26e+08   39.80%
 573570 426467      919.8935   463     1411.0000      849.4881 1.26e+08   39.80%
Elapsed time = 10296.31 sec. (2422790.50 ticks, tree = 84755.23 MB, solutions = 65)
Nodefile size = 84569.16 MB (65238.56 MB after compression)
 575710 414268     1033.0650   437     1411.0000      849.7970 1.27e+08   39.77%
                                                  Impl Bds: 4                  
 576005 414555     1015.3039   454     1411.0000      849.7970 1.27e+08   39.77%
*579531+417767                         1396.0000      849.7970 1.28e+08   39.13%
Found incumbent of value 1396.000000 after 10403.64 sec. (2439543.95 ticks)
 580200 403907      995.0534   741     1396.0000      850.1396 1.28e+08   39.10%
                                                  Impl Bds: 2                  
 580296 403999      993.5697   768     1396.0000      850.1396 1.28e+08   39.10%
 580345 404048      986.4291   483     1396.0000      850.1396 1.28e+08   39.10%
 581911 405470      990.6990   452     1396.0000      850.1396 1.28e+08   39.10%
 583745 407158     1043.2226   411     1396.0000      850.2386 1.29e+08   39.09%
 583885 407296     1085.6250   431     1396.0000      850.2386 1.29e+08   39.09%
 584154 407547     1121.0472   473     1396.0000      850.2386 1.29e+08   39.09%
 586047 409280     1167.1705   512     1396.0000      850.2386 1.29e+08   39.09%
Elapsed time = 10639.88 sec. (2575920.01 ticks, tree = 81189.48 MB, solutions = 69)
Nodefile size = 81007.49 MB (62418.28 MB after compression)
*586290+409483                         1392.0000      850.2386 1.29e+08   38.92%
Found incumbent of value 1392.000000 after 10639.88 sec. (2541810.96 ticks)
 587376 406768     1268.7495   331     1392.0000      850.2386 1.30e+08   38.92%
 587761 407140     1094.0417   359     1392.0000      850.2386 1.30e+08   38.92%
 587907 407272      922.0162   554     1392.0000      850.2386 1.30e+08   38.92%
 588005 407359     1195.7667   315     1392.0000      850.2386 1.30e+08   38.92%
 588626 407918     1287.8667   315     1392.0000      850.2386 1.30e+08   38.92%

Cover cuts applied:  9
Implied bound cuts applied:  94
Zero-half cuts applied:  365
Gomory fractional cuts applied:  3

Root node processing (before b&c):
  Real time             =   23.20 sec. (12216.27 ticks)
Parallel b&c, 32 threads:
  Real time             = 10799.03 sec. (2641191.33 ticks)
  Sync time (average)   =    0.40 sec.
  Wait time (average)   =    0.00 sec.
                          ------------
Total (root+branch&cut) = 10822.22 sec. (2653407.61 ticks)


Solution status: Feasible
Execution time: 10823.1 sec
Gap: 0.38894
