Fri Jul 20 23:32:12 2018

Tried aggregator 2 times.
MIP Presolve eliminated 18232 rows and 145 columns.
Aggregator did 552 substitutions.
Reduced MIP has 17462 rows, 5648 columns, and 66064 nonzeros.
Reduced MIP has 5648 binaries, 0 generals, 0 SOSs, and 0 indicators.
Presolve time = 0.14 sec. (96.83 ticks)
Probing time = 0.01 sec. (3.54 ticks)
Tried aggregator 1 time.
Presolve time = 0.05 sec. (30.25 ticks)
Probing time = 0.01 sec. (3.54 ticks)
Clique table members: 28000.
MIP emphasis: balance optimality and feasibility.
MIP search method: dynamic search.
Parallel mode: deterministic, using up to 32 threads.
Root relaxation solution time = 1.70 sec. (337.37 ticks)

        Nodes                                         Cuts/
   Node  Left     Objective  IInf  Best Integer    Best Bound    ItCnt     Gap

      0     0      551.0000   534                    551.0000     1751         
      0     0      567.1257   463                    Cuts: 63     2607         
      0     0      616.3136   625                    Cuts: 64     3524         
      0     0      679.3201   652                ZeroHalf: 54     4527         
      0     0      692.0442   682                ZeroHalf: 40     4949         
      0     0      703.9766   720                    Cuts: 56     5758         
      0     0      708.8103   653                ZeroHalf: 45     6151         
      0     0      717.8209   702                    Cuts: 37     6544         
      0     0      720.6258   711                ZeroHalf: 34     6888         
      0     0      722.1196   719                    Cuts: 21     7165         
      0     0      722.4471   717                ZeroHalf: 10     7284         
      0     0      722.6204   724                ZeroHalf: 12     7419         
      0     0      722.9405   722                 ZeroHalf: 6     7506         
      0     0      723.2332   726                ZeroHalf: 24     7659         
      0     0      723.9592   713                    Cuts: 15     8041         
      0     0      724.4057   717                ZeroHalf: 12     8174         
      0     0      724.6069   680                ZeroHalf: 12     8367         
      0     0      724.7749   711                ZeroHalf: 14     8472         
      0     0      724.8761   724                ZeroHalf: 13     8584         
      0     0      725.0495   713                 ZeroHalf: 2     8709         
      0     0      725.4297   722                ZeroHalf: 16     8836         
      0     0      725.6560   732                ZeroHalf: 17     9023         
      0     0      726.4730   723                    Cuts: 15     9262         
*     0+    0                         2693.0000      726.4730     9506   73.02%
Found incumbent of value 2693.000000 after 14.37 sec. (5965.51 ticks)
      0     0      727.4842   712     2693.0000  ZeroHalf: 22     9506   72.99%
      0     0      727.8856   708     2693.0000      Cuts: 18     9692   72.97%
      0     0      728.3325   737     2693.0000  ZeroHalf: 23     9864   72.95%
      0     0      728.5405   724     2693.0000  ZeroHalf: 13    10015   72.95%
      0     0      728.6374   732     2693.0000  ZeroHalf: 10    10150   72.94%
      0     2      728.6374   732     2693.0000      728.6374    10150   72.94%
Elapsed time = 25.18 sec. (11752.21 ticks, tree = 0.01 MB, solutions = 1)
      1     3      741.6248   703     2693.0000      728.6374    12796   72.94%
      2     4      729.2302   707     2693.0000      728.6374    13554   72.94%
      5     7      748.1311   727     2693.0000      729.2340    18398   72.92%
      9    11      732.9991   665     2693.0000      730.5569    21513   72.87%
                                                  Impl Bds: 2                  
     14    16      744.4226   636     2693.0000      730.5569    25547   72.87%
     18    20      756.7400   696     2693.0000      730.5569    28304   72.87%
     19    21      737.2759   613     2693.0000      733.0429    28646   72.78%
                                                  Impl Bds: 3                  
     26    28      757.3792   680     2693.0000      733.0429    31670   72.78%
     36    38      780.7053   773     2693.0000      733.0429    38788   72.78%
     40    42      775.9249   859     2693.0000      734.2587    54270   72.73%
                                                     Cuts: 25                  
Elapsed time = 46.39 sec. (24711.50 ticks, tree = 0.01 MB, solutions = 1)
     44    46      771.0402   847     2693.0000      734.2587    80677   72.73%
     57    59      790.7407   794     2693.0000      734.2587   148602   72.73%
     60    62      831.8149   805     2693.0000      734.2587   159357   72.73%
     63    65      819.7792   817     2693.0000      734.2587   170570   72.73%
     74    76      800.0930   668     2693.0000      734.2587   193505   72.73%
                                                  Impl Bds: 6                  
     84    86      811.7838   745     2693.0000      734.2587   204186   72.73%
    638   626      877.8458   627     2693.0000      734.2587   647508   72.73%
                                                     Cuts: 17                  
    647   633      962.7057   705     2693.0000      734.2587   654308   72.73%
    667   653      785.1683   875     2693.0000      734.2587   668094   72.73%
    731   713      813.9944   806     2693.0000      734.2587   711191   72.73%
Elapsed time = 120.23 sec. (52539.68 ticks, tree = 1.51 MB, solutions = 1)
    827   807      791.7721   880     2693.0000      734.2587   772943   72.73%
   1891  1734      819.0485   882     2693.0000      734.2587  1211035   72.73%
                                                     Cuts: 13                  
   1955  1794      815.1593   819     2693.0000      734.2587  1278989   72.73%
*  3166  2922      integral     0     1833.0000      734.2587  2008208   59.94%
Found incumbent of value 1833.000000 after 204.04 sec. (75712.76 ticks)
   4109  3614      778.6178   612     1833.0000      744.4226  2448785   59.39%
                                                     Cuts: 32                  
   4125  3628      808.1603   828     1833.0000      744.4226  2495688   59.39%
   4139  3642      801.0966   887     1833.0000      744.4226  2568714   59.39%
   4164  3665      885.9720   565     1833.0000      744.4226  2652365   59.39%
   4196  3695      897.0529   798     1833.0000      744.4226  2694478   59.39%
   4292  3791      917.2692   481     1833.0000      744.4226  2792917   59.39%
Elapsed time = 293.26 sec. (95210.01 ticks, tree = 18.14 MB, solutions = 2)
   7418  6677      730.2513   840     1833.0000      744.4226  4396151   59.39%
   7419  6677      731.5700   830     1833.0000      744.4226  4396919   59.39%
   7420  6678      732.8946  1005     1833.0000      744.4226  4412381   59.39%
   7421  6678      743.3806   945     1833.0000      744.4226  4425282   59.39%
   7422  6679      739.9197   880     1833.0000      744.4226  4437247   59.39%
   7423  6679      754.8410   892     1833.0000      744.4226  4447408   59.39%
   7424  6680      753.6653   974     1833.0000      744.4226  4455394   59.39%
   7425  6680      746.1133   736     1833.0000      744.4226  4458907   59.39%
   7426  6681      764.6227   926     1833.0000      744.4226  4467317   59.39%
   7428  6682      773.5114   857     1833.0000      744.4226  4487505   59.39%
Elapsed time = 393.55 sec. (158460.31 ticks, tree = 127.67 MB, solutions = 2)
   7429  6683      762.7068   767     1833.0000      744.4226  4498496   59.39%
   7432  6684      777.0780   704     1833.0000      744.4226  4513475   59.39%
   7433  6685      766.5534   735     1833.0000      744.4226  4524874   59.39%
   7435  6686      751.3488   714     1833.0000      744.4226  4537576   59.39%
                                                    Covers: 1                  
   7436  6687      768.4962   869     1833.0000      744.4226  4546754   59.39%
   7440  6687      773.2830   848     1833.0000      744.4226  4569157   59.39%
   7441  6688      772.3441   719     1833.0000      744.4226  4571883   59.39%
   7444  6689      778.1233   835     1833.0000      744.4226  4595390   59.39%
   7448  6692      797.6953   931     1833.0000      744.4226  4619600   59.39%
   7449  6693      754.5205   666     1833.0000      744.4226  4626670   59.39%
                                                     Cuts: 18                  
Elapsed time = 444.93 sec. (189181.44 ticks, tree = 127.50 MB, solutions = 2)
   7458  6493      786.1670   676     1833.0000      744.4226  4678906   59.39%
   7465  6499      842.1709   556     1833.0000      744.4226  4716122   59.39%
   7468  6501      855.4349   547     1833.0000      744.4226  4725420   59.39%
   7469  6502      835.3065   705     1833.0000      744.4226  4736929   59.39%
   7471  6504      774.6272   860     1833.0000      744.4226  4747037   59.39%
                                                  ZeroHalf: 5                  
   7491  6514      806.6191   854     1833.0000      744.4226  4808766   59.39%
   7511  6527      775.9315   823     1833.0000      744.4226  4869995   59.39%
   7551  6551      818.3962   625     1833.0000      744.4226  4966797   59.39%
   7590  6573      831.2079   833     1833.0000      744.4226  5052681   59.39%
   8034  6836      782.2105   804     1833.0000      744.4226  5331738   59.39%
                                                 ZeroHalf: 11                  
Elapsed time = 556.27 sec. (223654.01 ticks, tree = 121.78 MB, solutions = 2)
   8058  6850      818.5788   668     1833.0000      744.4226  5408026   59.39%
   8061  6853      791.8729   809     1833.0000      744.4226  5422689   59.39%
   8066  6855      779.4857   791     1833.0000      744.4226  5435918   59.39%
   8110  6878      860.5518   793     1833.0000      744.4226  5562297   59.39%
   8114  6881      939.7511   725     1833.0000      744.4226  5594008   59.39%
   8166  6917      989.6998   713     1833.0000      744.4226  5711571   59.39%
   8276  6972      845.6673   780     1833.0000      744.4226  5895931   59.39%
   8435  7071      877.6968   731     1833.0000      744.4226  6048489   59.39%
   8481  7091      994.3878   575     1833.0000      744.4226  6116118   59.39%
   8507  7104      876.0322   888     1833.0000      744.4226  6149843   59.39%
Elapsed time = 664.58 sec. (251705.74 ticks, tree = 118.94 MB, solutions = 2)
   8539  7122      850.5716   719     1833.0000      744.4226  6196278   59.39%
   8635  7171      869.9520   735     1833.0000      744.4226  6277710   59.39%
   8699  7206      892.4802   655     1833.0000      744.4226  6324978   59.39%
   8731  7224      887.2647   681     1833.0000      744.4226  6347745   59.39%
   8827  7287      888.2130   624     1833.0000      744.4226  6409496   59.39%
   8930  7350      982.7315   648     1833.0000      744.4226  6467539   59.39%
   8955  7364      921.1728   542     1833.0000      744.4226  6486093   59.39%
  10433  8180     1058.0656   525     1833.0000      744.4226  6907913   59.39%
  10442  8186     1133.5000   541     1833.0000      744.4226  6916566   59.39%
  10473  8203      982.6673   721     1833.0000      744.4226  6944822   59.39%
Elapsed time = 765.89 sec. (271936.17 ticks, tree = 188.80 MB, solutions = 2)
  10541  8245      981.5677   697     1833.0000      744.4226  6987692   59.39%
  10701  8342     1004.9802   683     1833.0000      744.4226  7051099   59.39%
  10733  8361     1015.6345   651     1833.0000      744.4226  7062924   59.39%
  10797  8397     1019.0711   693     1833.0000      744.4226  7087027   59.39%
  10829  8412     1056.8250   674     1833.0000      744.4226  7099148   59.39%
  10862  8430      868.8111   693     1833.0000      744.4226  7114043   59.39%
  10957  8487     1030.4624   719     1833.0000      744.4226  7141899   59.39%
  10990  8507      916.6855   729     1833.0000      744.4226  7156652   59.39%
  11053  8538     1037.8628   698     1833.0000      744.4226  7169431   59.39%
  11118  8574      951.5937   716     1833.0000      744.4226  7189337   59.39%
Elapsed time = 825.20 sec. (292955.85 ticks, tree = 186.68 MB, solutions = 2)
  11182  8608      960.7882   601     1833.0000      744.4226  7207290   59.39%
  11214  8627      955.5918   716     1833.0000      744.4226  7215272   59.39%
  11342  8698      967.6092   667     1833.0000      744.4226  7247248   59.39%
  15573 11103     1360.9015   604     1833.0000      744.4226  8274005   59.39%
  17446 12094     1545.6222   428     1833.0000      744.4226  8701162   59.39%
                                                  ZeroHalf: 2                  
  17489 12117      826.6881   908     1833.0000      744.4226  8728643   59.39%
  17521 12132      805.1664   872     1833.0000      744.4226  8746674   59.39%
  17553 12153      815.4971   891     1833.0000      744.4226  8759649   59.39%
  17585 12173      813.8504   788     1833.0000      744.4226  8771128   59.39%
  17681 12214      828.9914   807     1833.0000      744.4226  8807898   59.39%
Elapsed time = 958.39 sec. (314932.96 ticks, tree = 732.18 MB, solutions = 2)
Nodefile size = 523.19 MB (422.65 MB after compression)
  17841 12297      835.4708   814     1833.0000      744.4226  8867271   59.39%
  18257 12510      879.6673   674     1833.0000      744.4226  8997413   59.39%
  18449 12609      927.6425   743     1833.0000      744.4226  9063370   59.39%
  19313 13059     1059.6569   572     1833.0000      744.4226  9318385   59.39%
  20017 13482     1146.0509   481     1833.0000      744.4226  9483266   59.39%
* 25248+17554                         1829.0000      744.4226 10571497   59.30%
Found incumbent of value 1829.000000 after 1093.26 sec. (325710.14 ticks)
  26667 18907      852.8451   796     1829.0000      744.4226 10881039   59.30%
  27436 19638      791.2386   683     1829.0000      744.4226 11077622   59.30%
                                                     Cuts: 10                  
  27718 19911      903.0580   777     1829.0000      744.4226 11210563   59.30%
  27846 20039      913.4435   727     1829.0000      744.4226 11245697   59.30%
  27974 20167      925.7231   755     1829.0000      744.4226 11274314   59.30%
Elapsed time = 1169.48 sec. (363058.26 ticks, tree = 2698.97 MB, solutions = 3)
Nodefile size = 2526.87 MB (2048.06 MB after compression)
  28070 20263      934.7146   692     1829.0000      744.4226 11298346   59.30%
  28134 20327      984.1378   730     1829.0000      744.4226 11315175   59.30%
  35356 27362      961.4928   538     1829.0000      744.4226 12698287   59.30%
  36234 28240     1035.0183   501     1829.0000      771.1532 12836610   57.84%
                                                     Cuts: 31                  
  36516 28522      974.0343   730     1829.0000      771.1532 12945078   57.84%
  36676 28678      998.3108   661     1829.0000      771.1532 12992280   57.84%
  36932 28934     1118.0833   620     1829.0000      771.1532 13053058   57.84%
  37636 29634     1191.4750   337     1829.0000      771.1532 13194775   57.84%
  38243 30235     1286.7549   494     1829.0000      771.1532 13321966   57.84%
  45163 37133      843.6399   576     1829.0000      789.8114 14299793   56.82%
                                                     Cuts: 11                  
Elapsed time = 1400.53 sec. (431155.96 ticks, tree = 6315.92 MB, solutions = 3)
Nodefile size = 6147.21 MB (4928.89 MB after compression)
  46210 38180     1072.0331   506     1829.0000      789.8114 14477406   56.82%
  47646 39608     1227.7877   453     1829.0000      789.8114 14676854   56.82%
  50430 42390     1508.1949   530     1829.0000      789.8114 15053227   56.82%
  51672 43632      839.8435   880     1829.0000      789.8114 15274442   56.82%
  56332 48275      830.1416   796     1829.0000      789.8114 15987368   56.82%
  56530 48473      833.8707   797     1829.0000      795.5716 16018012   56.50%
                                                  ZeroHalf: 4                  
  56626 48569      869.4820   692     1829.0000      795.5716 16053181   56.50%
  56722 48665      885.4166   706     1829.0000      795.5716 16084437   56.50%
  56786 48729      902.2766   672     1829.0000      795.5716 16100044   56.50%
* 65205+57082                         1827.0000      797.8838 17456725   56.33%
                                                  ZeroHalf: 2                  
Found incumbent of value 1827.000000 after 1661.51 sec. (487309.20 ticks)
* 65205+57082                         1824.0000      797.8838 17456725   56.26%
Found incumbent of value 1824.000000 after 1661.57 sec. (487338.51 ticks)
  65205 57084      930.7138   632     1824.0000      797.8838 17456725   56.26%
Elapsed time = 1662.00 sec. (487485.53 ticks, tree = 11732.93 MB, solutions = 5)
Nodefile size = 11604.58 MB (9211.89 MB after compression)
* 65206+57083                         1823.0000      797.8838 17456767   56.23%
Found incumbent of value 1823.000000 after 1662.00 sec. (480003.73 ticks)
* 65206+57083                         1794.0000      797.8838 17456767   55.52%
Found incumbent of value 1794.000000 after 1662.00 sec. (480045.80 ticks)
* 65212+57089                         1793.0000      797.8838 17458129   55.50%
Found incumbent of value 1793.000000 after 1662.00 sec. (480159.69 ticks)
* 65215+57092                         1740.0000      797.8838 17459106   54.14%
Found incumbent of value 1740.000000 after 1662.00 sec. (480087.63 ticks)
* 65221+57098                         1706.0000      797.8838 17460436   53.23%
Found incumbent of value 1706.000000 after 1662.28 sec. (479999.00 ticks)
  65239 56451      882.0935   853     1706.0000      797.8838 17484324   53.23%
  65303 56515      908.8304   804     1706.0000      797.8838 17555618   53.23%
  65399 56611      932.8659   718     1706.0000      797.8838 17608099   53.23%
  73610 64682      831.9457   784     1706.0000      797.8838 18908707   53.23%
  73757 64817     1325.3380   439     1706.0000      801.3378 18944201   53.03%
                                                  ZeroHalf: 4                  
  73847 64905     1009.9885   663     1706.0000      801.3378 19011011   53.03%
  73972 65025      901.8122   815     1706.0000      801.3378 19088020   53.03%
  74100 65146      920.8868   792     1706.0000      801.3378 19153226   53.03%
  80396 71262     1258.7803   431     1706.0000      803.1887 20106944   52.92%
                                                  ZeroHalf: 6                  
  80510 71376      902.5440   776     1706.0000      803.1887 20158273   52.92%
Elapsed time = 1911.09 sec. (539236.46 ticks, tree = 13149.86 MB, solutions = 57)
Nodefile size = 13008.64 MB (10373.97 MB after compression)
  80638 71504      932.1864   743     1706.0000      803.1887 20209322   52.92%
  80798 71664      979.8600   724     1706.0000      803.1887 20257543   52.92%
  80982 71848     1030.6230   737     1706.0000      803.1887 20301408   52.92%
  88439 79084     1370.8854   376     1706.0000      804.9004 21463436   52.82%
  88575 79219      906.1471   765     1706.0000      804.9004 21530864   52.82%
  88703 79333      925.9545   733     1706.0000      804.9004 21588329   52.82%
  88799 79423      985.1748   660     1706.0000      804.9004 21629768   52.82%
  95370 85752     1581.3812   330     1706.0000      804.9004 22686213   52.82%
  95500 85871      972.9326   744     1706.0000      804.9004 22771615   52.82%
  95583 85950      939.4908   751     1706.0000      804.9004 22825319   52.82%
Elapsed time = 2140.60 sec. (585783.22 ticks, tree = 16045.56 MB, solutions = 57)
Nodefile size = 15902.75 MB (12670.76 MB after compression)
  95660 86025     1033.2828   716     1706.0000      804.9004 22860613   52.82%
 102186 92296      871.8250   725     1706.0000      804.9004 23904501   52.82%
 102426 92521      899.7732   738     1706.0000      806.6386 23971090   52.72%
 102533 92623      982.8641   671     1706.0000      806.6386 24031319   52.72%
 102629 92711     1009.9324   631     1706.0000      806.6386 24083010   52.72%
 102732 92812      902.4965   741     1706.0000      806.6386 24145258   52.72%
 107996 97834     1381.5230   389     1706.0000      807.9371 25072165   52.64%
                                                      Cuts: 4                  
 108061 97896      850.2410   808     1706.0000      807.9371 25126521   52.64%
 108189 98024      862.8393   745     1706.0000      807.9371 25204574   52.64%
 108317 98152      904.1340   769     1706.0000      807.9371 25272210   52.64%
Elapsed time = 2350.23 sec. (630288.70 ticks, tree = 18472.99 MB, solutions = 57)
Nodefile size = 18324.49 MB (14584.54 MB after compression)
 112444 102113      860.1290   726     1706.0000      807.9371 25970825   52.64%
 114825 104360      897.1890   821     1706.0000      807.9371 26324732   52.64%
                                                  ZeroHalf: 1                  
 114889 104420      923.2201   779     1706.0000      807.9371 26375464   52.64%
 114985 104512      945.4699   711     1706.0000      807.9371 26441581   52.64%
 115113 104636      978.3727   654     1706.0000      807.9371 26519506   52.64%
*116815+106293                         1700.0000      807.9371 26801457   52.47%
Found incumbent of value 1700.000000 after 2467.23 sec. (639425.38 ticks)
 120450 109628      990.8054   675     1700.0000      807.9371 27441759   52.47%
 120532 109706      883.2455   764     1700.0000      807.9371 27501207   52.47%
 120719 109889     1131.5824   617     1700.0000      807.9371 27618874   52.47%
 120879 110049     1220.1429   609     1700.0000      807.9371 27700199   52.47%
 127112 115994      849.3690   550     1700.0000      807.9371 28727300   52.47%
Elapsed time = 2579.18 sec. (677158.15 ticks, tree = 22145.34 MB, solutions = 58)
Nodefile size = 21993.60 MB (17481.60 MB after compression)
 127254 116136      920.2778   837     1700.0000      807.9371 28812789   52.47%
 127332 116210      865.1607   755     1700.0000      807.9371 28859592   52.47%
 133738 122317      868.3090   657     1700.0000      807.9371 30033961   52.47%
 133910 122476      867.7023   679     1700.0000      815.3757 30077847   52.04%
 133974 122540      904.6971   604     1700.0000      815.3757 30114717   52.04%
 134157 122723      963.4057   769     1700.0000      815.3757 30197081   52.04%
 134221 122787      979.8687   744     1700.0000      815.3757 30223389   52.04%
 134454 123015     1198.4062   636     1700.0000      815.3757 30293392   52.04%
 140325 128581      905.7733   755     1700.0000      816.4962 31263685   51.97%
                                                      Cuts: 2                  
 140485 128737      962.9821   680     1700.0000      816.4962 31324985   51.97%
Elapsed time = 2807.73 sec. (728676.74 ticks, tree = 24696.12 MB, solutions = 58)
Nodefile size = 24543.59 MB (19488.77 MB after compression)
 140709 128961     1043.7928   607     1700.0000      816.4962 31391085   51.97%
 143041 131199      869.6364   707     1700.0000      816.4962 31817753   51.97%
 146065 134068      908.7599   725     1700.0000      817.6324 32324985   51.90%
 146129 134126      945.5616   660     1700.0000      817.6324 32351784   51.90%
 146737 134729     1191.6937   511     1700.0000      817.6324 32502407   51.90%
 147115 135101      876.3481   741     1700.0000      817.6324 32577058   51.90%
*149355+137207                         1699.0000      817.6324 32937954   51.88%
Found incumbent of value 1699.000000 after 2941.03 sec. (754785.48 ticks)
 152362 140007     1500.2143   209     1699.0000      820.1873 33465201   51.73%
                                                  ZeroHalf: 1                  
 152463 140104      912.1259   791     1699.0000      820.1873 33534808   51.73%
 152591 140225      961.6713   815     1699.0000      820.1873 33606641   51.73%
 152655 140289      986.1500   629     1699.0000      820.1873 33649515   51.73%
Elapsed time = 3031.07 sec. (779282.76 ticks, tree = 27052.95 MB, solutions = 58)
Nodefile size = 26898.59 MB (21326.27 MB after compression)
 158997 146274      875.4554   849     1699.0000      820.7933 34709863   51.69%
                                                      Cuts: 4                  
 159117 146392      888.3101   832     1699.0000      820.7933 34814272   51.69%
 164645 151678      989.8615   733     1699.0000      821.0292 35898539   51.68%
                                                  ZeroHalf: 3                  
 164732 151761      902.8874   637     1699.0000      821.0292 35979604   51.68%
 164893 151919      980.1785   788     1699.0000      821.0292 36065701   51.68%
 165029 152052     1118.2760   713     1699.0000      821.0292 36123585   51.68%
 170534 157258     1188.1078   674     1699.0000      823.0872 37040748   51.55%
 170689 157410      931.4800   690     1699.0000      823.0872 37123746   51.55%
 170822 157543     1293.3907   575     1699.0000      823.0872 37184661   51.55%
 171160 157877     1312.0093   643     1699.0000      823.0872 37287814   51.55%
Elapsed time = 3316.63 sec. (840455.64 ticks, tree = 30625.81 MB, solutions = 59)
Nodefile size = 30449.20 MB (24105.94 MB after compression)
 176920 163340      888.7573   610     1699.0000      823.6025 38248748   51.52%
 177031 163448      908.8802   699     1699.0000      823.6025 38326214   51.52%
 177127 163542      926.0497   701     1699.0000      823.6025 38379283   51.52%
 177255 163664      958.4134   676     1699.0000      823.6025 38448353   51.52%
 183894 169963     1581.0000   258     1699.0000      825.4807 39498116   51.41%
 184064 170129     1078.0343   696     1699.0000      825.4807 39563292   51.41%
 184160 170225     1150.1071   697     1699.0000      825.4807 39592120   51.41%
 184352 170412     1267.8728   637     1699.0000      825.4807 39655768   51.41%
 190517 176254      879.1379   888     1699.0000      825.4807 40687949   51.41%
 190564 176297      881.6469   682     1699.0000      826.2996 40714508   51.37%
Elapsed time = 3543.87 sec. (886122.06 ticks, tree = 34528.23 MB, solutions = 59)
Nodefile size = 34372.96 MB (27125.25 MB after compression)
 190709 176442      925.5938   828     1699.0000      826.2996 40790529   51.37%
 190818 176551     1015.5878   635     1699.0000      826.2996 40834922   51.37%
 190901 176634      990.4077   796     1699.0000      826.2996 40866233   51.37%
 198332 183706      964.6939   480     1699.0000      827.4162 41968858   51.30%
                                                  ZeroHalf: 1                  
 198483 183849      913.5212   726     1699.0000      827.4162 42038441   51.30%
 198579 183945      953.2318   696     1699.0000      827.4162 42081853   51.30%
 199459 184795      954.6265   548     1699.0000      827.4162 42349811   51.30%
 202826 187972      897.5855   833     1699.0000      828.8591 43089837   51.21%
 202926 188072      925.5033   709     1699.0000      828.8591 43150965   51.21%
 203028 188172      959.8162   753     1699.0000      828.8591 43201211   51.21%
Elapsed time = 3770.56 sec. (932027.60 ticks, tree = 36188.88 MB, solutions = 59)
Nodefile size = 36031.88 MB (28393.33 MB after compression)
 203146 188283     1005.7250   782     1699.0000      828.8591 43251148   51.21%
*203470+188598                         1695.0000      828.8591 43342572   51.10%
Found incumbent of value 1695.000000 after 3784.53 sec. (921944.19 ticks)
 209670 194380      955.3395   707     1695.0000      829.0384 44340280   51.09%
 209761 194468      855.1177   704     1695.0000      829.0384 44393615   51.09%
 209857 194562      880.9535   781     1695.0000      829.0384 44440750   51.09%
 209953 194658      914.1290   780     1695.0000      829.0384 44483260   51.09%
*210762+195441                         1676.0000      829.0384 44669127   50.53%
Found incumbent of value 1676.000000 after 3876.76 sec. (945622.75 ticks)
 215875 198015      952.6414   462     1676.0000      829.6419 45540183   50.50%
 215985 198119      923.0904   832     1676.0000      829.6419 45622878   50.50%
 216084 198216      938.7661   670     1676.0000      829.6419 45682639   50.50%
 217542 199612      958.9541   799     1676.0000      829.6419 46073522   50.50%
 219829 201750      878.6756   726     1676.0000      830.7102 46486002   50.43%
                                                      Cuts: 2                  
Elapsed time = 4006.81 sec. (984623.20 ticks, tree = 39047.34 MB, solutions = 61)
Nodefile size = 38891.20 MB (30591.02 MB after compression)
 219893 201814      898.2742   644     1676.0000      830.7102 46548952   50.43%
 219989 201910      913.7119   615     1676.0000      830.7102 46614082   50.43%
 220270 202189     1010.1806   645     1676.0000      830.7102 46730065   50.43%
 225770 207399      952.7520   762     1676.0000      831.2217 47680726   50.40%
 225873 207502      930.9009   782     1676.0000      831.2217 47746602   50.40%
 226001 207630      952.8800   746     1676.0000      831.2217 47817189   50.40%
 226136 207761     1017.5453   739     1676.0000      831.2217 47880436   50.40%
 231911 213223     1203.2000   365     1676.0000      831.7741 48822936   50.37%
 232073 213385      932.6388   755     1676.0000      831.7741 48916207   50.37%
 232086 213398     1159.2552   650     1676.0000      831.7741 48931471   50.37%
Elapsed time = 4219.82 sec. (1029034.68 ticks, tree = 41431.64 MB, solutions = 61)
Nodefile size = 41271.44 MB (32425.96 MB after compression)
 232214 213526     1249.4873   627     1676.0000      831.7741 48993157   50.37%
 238408 219399     1393.1990   414     1676.0000      831.9216 50050646   50.36%
                                                  ZeroHalf: 1                  
 238586 219567     1192.6541   573     1676.0000      831.9216 50126558   50.36%
 238660 219641      979.7115   782     1676.0000      831.9216 50165412   50.36%
 238884 219864     1054.8796   668     1676.0000      831.9216 50231267   50.36%
 240584 221490      882.0532   753     1676.0000      831.9216 50551682   50.36%
 242908 223659      906.5644   659     1676.0000      833.5268 51004789   50.27%
 243036 223786      946.9583   564     1676.0000      833.5268 51060069   50.27%
 243087 223837     1040.7951   751     1676.0000      833.5268 51079868   50.27%
 243215 223959     1108.1133   756     1676.0000      833.5268 51125139   50.27%
Elapsed time = 4398.91 sec. (1072841.76 ticks, tree = 43586.79 MB, solutions = 61)
Nodefile size = 43423.38 MB (34085.18 MB after compression)
 249073 229471     1583.7000   118     1676.0000      833.9454 52211418   50.24%
 249187 229585      910.0465   670     1676.0000      833.9454 52287655   50.24%
 249219 229617      936.7309   725     1676.0000      833.9454 52325522   50.24%
 249237 229635      954.0470   789     1676.0000      833.9454 52342703   50.24%
 249269 229666      975.6763   701     1676.0000      833.9454 52370679   50.24%
 252991 233153      899.8774   791     1676.0000      834.4976 53412627   50.21%
 253024 233186      927.7032   751     1676.0000      834.4976 53458094   50.21%
 253120 233282      959.0543   738     1676.0000      834.4976 53583982   50.21%
 256929 236877     1202.4569   339     1676.0000      834.4976 54380288   50.21%
 257065 237009      963.5754   604     1676.0000      834.4976 54468642   50.21%
Elapsed time = 4632.37 sec. (1120154.67 ticks, tree = 45601.71 MB, solutions = 61)
Nodefile size = 45444.40 MB (35621.36 MB after compression)
 257203 237147     1137.8796   677     1676.0000      834.4976 54547055   50.21%
 257361 237301     1267.8923   632     1676.0000      834.4976 54621659   50.21%
 259230 239072     1251.9343   342     1676.0000      834.4976 54947462   50.21%
 261393 241102      906.2231   706     1676.0000      834.7208 55427140   50.20%
 261493 241202      957.5079   718     1676.0000      834.7208 55510073   50.20%
 261557 241266      987.4394   694     1676.0000      834.7208 55555162   50.20%
 261643 241347     1000.0413   712     1676.0000      834.7208 55607348   50.20%
 267555 246957     1291.8088   343     1676.0000      835.8812 56622390   50.13%
 267722 247124      962.2675   623     1676.0000      835.8812 56724236   50.13%
 267850 247245      959.5370   627     1676.0000      835.8812 56808072   50.13%
Elapsed time = 4853.23 sec. (1167228.75 ticks, tree = 47697.40 MB, solutions = 61)
Nodefile size = 47535.39 MB (37227.48 MB after compression)
 270544 249780      933.3259   764     1676.0000      835.8812 57367915   50.13%
 272820 251898      975.0377   608     1676.0000      836.7952 57758979   50.07%
                                                  ZeroHalf: 2                  
 272896 251974      933.9767   744     1676.0000      836.7952 57798165   50.07%
 272960 252038      959.7783   704     1676.0000      836.7952 57827523   50.07%
 273184 252258     1032.3931   564     1676.0000      836.7952 57911616   50.07%
 274934 253915     1154.2792   453     1676.0000      836.7952 58224878   50.07%
 278560 257318      883.2739   743     1676.0000      836.8839 58962067   50.07%
 278688 257446      933.0420   796     1676.0000      836.8839 59039033   50.07%
 278784 257542      998.0616   743     1676.0000      836.8839 59089409   50.07%
 283155 261681      944.3033   716     1676.0000      836.8839 59866930   50.07%
Elapsed time = 5053.43 sec. (1220784.34 ticks, tree = 49880.67 MB, solutions = 61)
Nodefile size = 49677.56 MB (38888.15 MB after compression)
 285055 263452      960.3921   731     1676.0000      837.8932 60205391   50.01%
 285284 263671      926.9080   694     1676.0000      837.8932 60303259   50.01%
 285412 263796      969.5799   699     1676.0000      837.8932 60351366   50.01%
 285572 263945     1066.7374   722     1676.0000      837.8932 60400252   50.01%
*289576+267767                         1658.0000      837.8932 61122582   49.46%
Found incumbent of value 1658.000000 after 5146.76 sec. (1229909.60 ticks)
 291795 265507     1391.3529   451     1658.0000      838.2579 61475120   49.44%
 291870 265582      933.6952   855     1658.0000      838.2579 61535078   49.44%
 291966 265678      933.7882   851     1658.0000      838.2579 61581968   49.44%
 295418 268964      884.6167   666     1658.0000      838.2579 62221959   49.44%
 297947 271328      966.6803   672     1658.0000      838.9216 62658010   49.40%
 298054 271435      967.6761   798     1658.0000      838.9216 62736854   49.40%
Elapsed time = 5306.12 sec. (1270330.22 ticks, tree = 52781.44 MB, solutions = 62)
Nodefile size = 52619.68 MB (41137.61 MB after compression)
 298137 271518      948.6735   680     1658.0000      838.9216 62783738   49.40%
 298297 271673     1001.1710   736     1658.0000      838.9216 62854735   49.40%
 304510 277544     1313.6502   542     1658.0000      840.1778 63914469   49.33%
 304605 277637      908.3083   705     1658.0000      840.1778 63973976   49.33%
 304733 277757      950.4659   647     1658.0000      840.1778 64028884   49.33%
 304861 277885      978.2706   673     1658.0000      840.1778 64098162   49.33%
 309899 282631     1532.5000   261     1658.0000      840.6838 64999339   49.30%
 310043 282774      992.6840   692     1658.0000      840.6838 65083369   49.30%
 310108 282837      905.2187   600     1658.0000      840.6838 65118086   49.30%
 310250 282973     1096.8333   465     1658.0000      840.6838 65173814   49.30%
Elapsed time = 5508.02 sec. (1315947.81 ticks, tree = 55139.26 MB, solutions = 62)
Nodefile size = 54978.11 MB (42937.20 MB after compression)
 316447 288806      881.0193   529     1658.0000      841.4428 66283633   49.25%
 316587 288945      969.2751   774     1658.0000      841.4428 66355787   49.25%
 316632 288990      984.8833   721     1658.0000      841.4428 66381013   49.25%
 316760 289113     1045.6340   706     1658.0000      841.4428 66443704   49.25%
 322664 294659     1087.3750   442     1658.0000      841.9441 67469459   49.22%
 322761 294754      911.3903   845     1658.0000      841.9441 67522473   49.22%
 322793 294784      925.2919   860     1658.0000      841.9441 67539476   49.22%
 329177 300808      881.0842   543     1658.0000      841.9441 68714060   49.22%
 329262 300893      936.6718   650     1658.0000      841.9441 68796234   49.22%
 329294 300925      939.6575   798     1658.0000      841.9441 68827568   49.22%
Elapsed time = 5788.76 sec. (1371177.29 ticks, tree = 58918.33 MB, solutions = 62)
Nodefile size = 58756.18 MB (45850.25 MB after compression)
 329326 300957      965.6204   732     1658.0000      841.9441 68882108   49.22%
 331843 303333      910.1556   776     1658.0000      841.9441 69810481   49.22%
 331875 303365      922.6422   779     1658.0000      841.9441 69860823   49.22%
 331907 303397      962.1845   796     1658.0000      841.9441 69906962   49.22%
 331939 303429      956.8361   762     1658.0000      841.9441 69946256   49.22%
 334414 305768      919.8042   744     1658.0000      841.9441 70566112   49.22%
 336181 307429      890.9777   697     1658.0000      843.0136 70906894   49.15%
 336277 307525      943.2576   822     1658.0000      843.0136 70959926   49.15%
 336406 307654     1040.0277   731     1658.0000      843.0136 71034478   49.15%
 336470 307718     1061.8725   631     1658.0000      843.0136 71070704   49.15%
Elapsed time = 5977.04 sec. (1420685.17 ticks, tree = 59778.79 MB, solutions = 62)
Nodefile size = 59617.84 MB (46509.34 MB after compression)
*337085+308313                         1657.0000      843.0136 71223179   49.12%
Found incumbent of value 1657.000000 after 5991.33 sec. (1405978.10 ticks)
*339574+310683                         1656.0000      843.0136 71620299   49.09%
Found incumbent of value 1656.000000 after 5991.33 sec. (1407631.30 ticks)
 342299 312590      924.5644   659     1656.0000      843.0700 72145958   49.09%
 342378 312667      970.3356   709     1656.0000      843.0700 72195716   49.09%
 342427 312712      977.2625   721     1656.0000      843.0700 72231373   49.09%
 347667 317660      877.4599   702     1656.0000      843.0700 73226646   49.09%
 348840 318744      894.9538   666     1656.0000      843.9704 73419701   49.04%
 348936 318836      924.8440   619     1656.0000      843.9704 73470183   49.04%
 349032 318927      935.7977   574     1656.0000      843.9704 73514223   49.04%
 349160 319055      970.2263   622     1656.0000      843.9704 73570875   49.04%
*355116+324667                         1652.0000      843.9704 74637893   48.91%
Found incumbent of value 1652.000000 after 6177.14 sec. (1453435.73 ticks)
 355367 323698     1228.2413   407     1652.0000      844.4957 74676453   48.88%
 355521 323848     1231.3492   635     1652.0000      844.4957 74757224   48.88%
Elapsed time = 6237.27 sec. (1467982.11 ticks, tree = 63180.33 MB, solutions = 64)
Nodefile size = 63018.82 MB (49118.41 MB after compression)
 355649 323976     1259.5703   644     1652.0000      844.4957 74804422   48.88%
 355841 324168     1341.3333   556     1652.0000      844.4957 74854302   48.88%
 361233 329217        cutoff           1652.0000      845.1845 75829417   48.84%
 361350 329329      962.0721   772     1652.0000      845.1845 75909218   48.84%
 361414 329387      962.4324   759     1652.0000      845.1845 75950711   48.84%
 361542 329511     1009.7500   654     1652.0000      845.1845 76022947   48.84%
 366425 334138     1335.7222   383     1652.0000      845.1845 76916525   48.84%
 366548 334261      953.8892   794     1652.0000      845.1845 77005559   48.84%
 366663 334376      977.2684   657     1652.0000      845.1845 77069938   48.84%
 366830 334543     1147.3750   477     1652.0000      845.1845 77144308   48.84%
Elapsed time = 6449.51 sec. (1512427.71 ticks, tree = 65356.70 MB, solutions = 65)
Nodefile size = 65191.50 MB (50786.94 MB after compression)
 366935 334648     1150.6047   753     1652.0000      845.1845 77187271   48.84%
*368877+336444                         1646.0000      845.1845 77558326   48.65%
Found incumbent of value 1646.000000 after 6457.43 sec. (1507302.93 ticks)
 372618 337650      989.8098   668     1646.0000      845.9427 78184248   48.61%
 372765 337797      957.8545   673     1646.0000      845.9427 78268968   48.61%
 372893 337925     1002.7750   605     1646.0000      845.9427 78329330   48.61%
 375350 340235      950.3128   765     1646.0000      845.9427 78862921   48.61%
 378834 343485      890.2249   769     1646.0000      846.1788 79495593   48.59%
 378930 343579      899.0322   790     1646.0000      846.1788 79567124   48.59%
 379003 343652     1030.7887   763     1646.0000      846.1788 79619592   48.59%
 379131 343780     1071.4831   674     1646.0000      846.1788 79683624   48.59%
 379389 344038     1548.2353   470     1646.0000      846.1788 79762296   48.59%
Elapsed time = 6732.59 sec. (1621901.59 ticks, tree = 67315.07 MB, solutions = 66)
Nodefile size = 67151.70 MB (52280.95 MB after compression)
 383981 348334     1025.6386   656     1646.0000      847.0791 80669727   48.54%
 384105 348458     1117.2167   655     1646.0000      847.0791 80728424   48.54%
 384201 348552     1088.6250   570     1646.0000      847.0791 80768102   48.54%
 384329 348670     1154.1667   537     1646.0000      847.0791 80824946   48.54%
 389219 353271      934.3453   793     1646.0000      847.0791 81699863   48.54%
*390526+354487                         1619.0000      847.3416 81926853   47.66%
Found incumbent of value 1619.000000 after 6868.12 sec. (1651136.66 ticks)
 390526 354489     1144.6636   435     1619.0000      847.3416 81926853   47.66%
 393614 357441     1360.7197   303     1619.0000      847.3416 82659286   47.66%
 396055 346321      921.6441   750     1619.0000      847.5761 83136578   47.65%
 396082 346348      944.9928   682     1619.0000      847.5761 83159261   47.65%
 396178 346444      973.5647   741     1619.0000      847.5761 83231238   47.65%
Elapsed time = 6995.23 sec. (1679628.71 ticks, tree = 67970.89 MB, solutions = 67)
Nodefile size = 67811.03 MB (52716.13 MB after compression)
 396279 346543      998.0308   830     1619.0000      847.5761 83302995   47.65%
 401324 351288      881.9025   815     1619.0000      847.8368 84293937   47.63%
                                                  Impl Bds: 1                  
 401332 351294      949.1442   766     1619.0000      847.8368 84317567   47.63%
 401428 351380      978.2793   745     1619.0000      847.8368 84426714   47.63%
 405401 355093     1004.1389   703     1619.0000      848.2187 85387545   47.61%
                                                      Cuts: 3                  
 405511 355203     1119.5990   678     1619.0000      848.2187 85461145   47.61%
 405689 355373     1143.6095   650     1619.0000      848.2187 85556718   47.61%
 405862 355546     1213.6979   645     1619.0000      848.2187 85645198   47.61%
 409757 359170     1225.0305   611     1619.0000      848.5895 86471877   47.59%
 409833 359246     1005.4140   732     1619.0000      848.5895 86532146   47.59%
Elapsed time = 7228.13 sec. (1733207.60 ticks, tree = 70660.49 MB, solutions = 67)
Nodefile size = 70497.62 MB (54788.43 MB after compression)
 409897 359309     1046.0512   765     1619.0000      848.5895 86571619   47.59%
 410025 359432     1145.9060   665     1619.0000      848.5895 86634274   47.59%
 411526 360865     1027.6487   674     1619.0000      848.5895 86999620   47.59%
 415121 364221      899.2398   738     1619.0000      848.9077 87760241   47.57%
                                                  Impl Bds: 1                  
 415186 364286      955.1939   604     1619.0000      848.9077 87828781   47.57%
 415211 364311     1060.8068   727     1619.0000      848.9077 87857389   47.57%
 415339 364439     1084.6938   719     1619.0000      848.9077 87955978   47.57%
 418744 367608      898.7122   628     1619.0000      848.9077 88798610   47.57%
 419172 367990     1031.7309   652     1619.0000      848.9077 88956618   47.57%
                                                      Cuts: 8                  
 419267 368085     1135.1714   583     1619.0000      848.9077 89068720   47.57%
Elapsed time = 7453.32 sec. (1781135.17 ticks, tree = 71874.23 MB, solutions = 67)
Nodefile size = 71711.60 MB (55718.28 MB after compression)
 419439 368257     1182.0000   645     1619.0000      848.9077 89182926   47.57%
 419567 368385     1202.1818   643     1619.0000      848.9077 89243100   47.57%
 423844 372396     1112.2546   472     1619.0000      849.8701 90069320   47.51%
 423961 372513     1215.0814   686     1619.0000      849.8701 90128217   47.51%
 424089 372640     1250.7500   526     1619.0000      849.8701 90177103   47.51%
 424281 372830     1328.8594   679     1619.0000      849.8701 90246097   47.51%
 430252 378383      953.6488   535     1619.0000      850.3150 91378758   47.48%
 430349 378478      957.1758   799     1619.0000      850.3150 91436500   47.48%
 430454 378580     1082.6895   696     1619.0000      850.3150 91489475   47.48%
 430646 378770     1135.0054   637     1619.0000      850.3150 91555818   47.48%
Elapsed time = 7659.91 sec. (1828503.25 ticks, tree = 74044.51 MB, solutions = 67)
Nodefile size = 73878.75 MB (57357.28 MB after compression)
 436277 384030     1393.2195   334     1619.0000      850.3150 92666015   47.48%
 436385 384130     1180.1055   721     1619.0000      850.3150 92751279   47.48%
 436527 384272      962.7326   562     1619.0000      850.3150 92835040   47.48%
 436705 384450     1329.2623   618     1619.0000      850.3150 92915063   47.48%
 440368 387872      890.0660   638     1619.0000      850.3150 93735071   47.48%
 440517 388007      936.0540   718     1619.0000      851.0812 93783038   47.43%
                                                      Cuts: 3                  
 440563 388051      931.3400   699     1619.0000      851.0812 93818420   47.43%
 440742 388220      939.8186   731     1619.0000      851.0812 93948797   47.43%
 440774 388250      948.5122   711     1619.0000      851.0812 93973844   47.43%
 445176 392332      994.6632   425     1619.0000      851.0833 94908021   47.43%
                                                      Cuts: 2                  
Elapsed time = 7871.12 sec. (1876089.77 ticks, tree = 76949.71 MB, solutions = 67)
Nodefile size = 76786.28 MB (59600.12 MB after compression)
 445243 392399      971.9123   682     1619.0000      851.0833 94982309   47.43%
 445371 392527     1001.0635   727     1619.0000      851.0833 95060980   47.43%
 445531 392687     1084.4833   619     1619.0000      851.0833 95144671   47.43%
*448899+395866                         1618.0000      851.0833 95787302   47.40%
Found incumbent of value 1618.000000 after 7951.98 sec. (1882766.03 ticks)
 451017 397830      912.2136   496     1618.0000      851.0833 96176025   47.40%
 451083 397326      893.7883   787     1618.0000      851.3782 96208644   47.38%
                                                      Cuts: 5                  
 451167 397410      935.0077   828     1618.0000      851.3782 96256729   47.38%
 451263 397502      962.9431   794     1618.0000      851.3782 96306915   47.38%
 451359 397598     1004.4454   747     1618.0000      851.3782 96358221   47.38%
 455832 401765     1541.3923   365     1618.0000      851.7085 97388820   47.36%
                                                  ZeroHalf: 2                  
 455879 401812     1217.7540   709     1618.0000      851.7085 97436280   47.36%
Elapsed time = 8100.18 sec. (1919251.17 ticks, tree = 78920.73 MB, solutions = 68)
Nodefile size = 78755.45 MB (61116.01 MB after compression)
 455950 401883      938.4588   714     1618.0000      851.7085 97499641   47.36%
 455982 401914      932.9109   706     1618.0000      851.7085 97532850   47.36%
 456479 402400     1158.2333   619     1618.0000      851.7085 97826724   47.36%
*456861+402750                         1604.0000      851.7085 97922960   46.90%
Found incumbent of value 1604.000000 after 8158.32 sec. (1922005.60 ticks)
 458035 403850      865.5821   742     1604.0000      851.7085 98256645   46.90%
 459034 396497      880.5331   675     1604.0000      851.7085 98570326   46.90%
 459104 396567      913.0146   772     1604.0000      851.7085 98647347   46.90%
 459136 396599      918.2526   687     1604.0000      851.7085 98675210   46.90%
 459200 396663      932.1616   797     1604.0000      851.7085 98733870   46.90%
 464840 401929     1044.3916   478     1604.0000      852.2724 99854015   46.87%
 464927 402013      957.2962   736     1604.0000      852.2724 99917559   46.87%
Elapsed time = 8297.06 sec. (1968424.41 ticks, tree = 78416.05 MB, solutions = 69)
Nodefile size = 78251.96 MB (60672.56 MB after compression)
 464993 402079     1088.4294   647     1604.0000      852.2724 99970515   46.87%
 465153 402239     1159.4869   751     1604.0000      852.2724 1.00e+08   46.87%
 468272 405161     1165.5000   569     1604.0000      852.2724 1.01e+08   46.87%
 469556 406354      905.6910   772     1604.0000      852.8062 1.01e+08   46.83%
 469652 406446      940.6551   788     1604.0000      852.8062 1.01e+08   46.83%
 469792 406580     1049.8494   714     1604.0000      852.8062 1.01e+08   46.83%
 472168 408806      932.6145   664     1604.0000      852.8062 1.02e+08   46.83%
 474764 411212     1131.9939   415     1604.0000      853.2678 1.02e+08   46.80%
 474903 411347      946.2365   717     1604.0000      853.2678 1.02e+08   46.80%
 474999 411439      959.2953   743     1604.0000      853.2678 1.02e+08   46.80%
Elapsed time = 8499.64 sec. (2013370.17 ticks, tree = 80354.55 MB, solutions = 69)
Nodefile size = 80189.88 MB (62166.15 MB after compression)
 475127 411563      987.4833   699     1604.0000      853.2678 1.02e+08   46.80%
 481012 417033     1529.3333   316     1604.0000      853.7045 1.03e+08   46.78%
 481170 417189      964.9580   591     1604.0000      853.7045 1.04e+08   46.78%
 481272 417286     1042.8763   764     1604.0000      853.7045 1.04e+08   46.78%
 481368 417376     1125.3846   612     1604.0000      853.7045 1.04e+08   46.78%
 483523 419398      929.7648   774     1604.0000      853.7045 1.04e+08   46.78%
 486101 421810      905.0344   773     1604.0000      853.8177 1.05e+08   46.77%
                                                  Impl Bds: 1                  
 486133 421842      928.5139   767     1604.0000      853.8177 1.05e+08   46.77%
 486229 421938      991.7383   682     1604.0000      853.8177 1.05e+08   46.77%
 488677 424199      886.8907   774     1604.0000      853.8177 1.05e+08   46.77%
Elapsed time = 8715.70 sec. (2062029.74 ticks, tree = 82574.02 MB, solutions = 69)
Nodefile size = 82397.90 MB (63857.60 MB after compression)
 490619 426015      944.3524   789     1604.0000      854.3081 1.06e+08   46.74%
 490688 426084      966.6731   754     1604.0000      854.3081 1.06e+08   46.74%
 490752 426148      971.1266   652     1604.0000      854.3081 1.06e+08   46.74%
 490816 426212      982.1989   600     1604.0000      854.3081 1.06e+08   46.74%
 494904 430042     1192.9306   370     1604.0000      854.3081 1.07e+08   46.74%
 495004 430142     1073.1598   636     1604.0000      854.3081 1.07e+08   46.74%
 495132 430267     1113.3192   669     1604.0000      854.3081 1.07e+08   46.74%
 495317 430450     1048.6111   682     1604.0000      854.3081 1.07e+08   46.74%
 496927 431959     1263.1633   442     1604.0000      854.3081 1.08e+08   46.74%
 500505 435269     1144.5000   570     1604.0000      854.6174 1.08e+08   46.72%
                                                  Impl Bds: 3                  
Elapsed time = 8960.71 sec. (2125001.37 ticks, tree = 85359.76 MB, solutions = 69)
Nodefile size = 85193.93 MB (66018.13 MB after compression)
 500600 435364      989.8733   688     1604.0000      854.6174 1.08e+08   46.72%
 500628 435392     1161.6094   671     1604.0000      854.6174 1.08e+08   46.72%
 500756 435514     1205.8353   696     1604.0000      854.6174 1.08e+08   46.72%
 504111 438657      882.0234   794     1604.0000      854.6174 1.09e+08   46.72%
 506791 441151      890.4614   822     1604.0000      855.4043 1.10e+08   46.67%
 506887 441247      925.0581   809     1604.0000      855.4043 1.10e+08   46.67%
 506983 441343      954.3251   800     1604.0000      855.4043 1.10e+08   46.67%
 507111 441471      992.3740   783     1604.0000      855.4043 1.10e+08   46.67%
 513302 447247     1002.9190   819     1604.0000      855.4043 1.11e+08   46.67%
                                                  ZeroHalf: 1                  
 513398 447336     1042.5464   595     1604.0000      855.4043 1.11e+08   46.67%
Elapsed time = 9173.21 sec. (2176889.29 ticks, tree = 87870.95 MB, solutions = 69)
Nodefile size = 87706.95 MB (67951.04 MB after compression)
 513526 447462     1101.9155   756     1604.0000      855.4043 1.11e+08   46.67%
 513654 447588     1167.4674   728     1604.0000      855.4043 1.11e+08   46.67%
 518472 452068     1248.1142   687     1604.0000      855.8912 1.12e+08   46.64%
 518584 452180      933.3336   756     1604.0000      855.8912 1.12e+08   46.64%
 518616 452212      950.8609   680     1604.0000      855.8912 1.12e+08   46.64%
 518744 452339      993.9773   686     1604.0000      855.8912 1.12e+08   46.64%
 524225 457428      959.4689   747     1604.0000      856.1645 1.14e+08   46.62%
 524322 457517     1018.6273   619     1604.0000      856.1645 1.14e+08   46.62%
 524499 457684     1118.0341   721     1604.0000      856.1645 1.14e+08   46.62%
 524659 457840     1186.7500   681     1604.0000      856.1645 1.14e+08   46.62%
Elapsed time = 9405.71 sec. (2223987.94 ticks, tree = 89993.92 MB, solutions = 69)
Nodefile size = 89826.27 MB (69584.37 MB after compression)
 530966 463768      902.2035   496     1604.0000      856.1645 1.15e+08   46.62%
 531222 463999     1037.1429   685     1604.0000      856.7941 1.15e+08   46.58%
 531350 464114     1111.6037   730     1604.0000      856.7941 1.15e+08   46.58%
 531446 464201     1092.2719   749     1604.0000      856.7941 1.15e+08   46.58%
 531542 464292     1107.3256   693     1604.0000      856.7941 1.15e+08   46.58%
 537530 469855     1189.9899   374     1604.0000      857.0440 1.16e+08   46.57%
 537676 470001     1025.1204   738     1604.0000      857.0440 1.16e+08   46.57%
 537751 470072     1052.1414   712     1604.0000      857.0440 1.16e+08   46.57%
 537879 470196     1123.7130   750     1604.0000      857.0440 1.16e+08   46.57%
 542160 474200      904.2576   568     1604.0000      857.0440 1.17e+08   46.57%
Elapsed time = 9609.50 sec. (2268692.06 ticks, tree = 92627.12 MB, solutions = 69)
Nodefile size = 92426.13 MB (71585.90 MB after compression)
 542517 474522      954.9816   760     1604.0000      857.3414 1.17e+08   46.55%
 542581 474580      975.4676   786     1604.0000      857.3414 1.17e+08   46.55%
 542709 474704     1018.5000   777     1604.0000      857.3414 1.17e+08   46.55%
 542805 474796     1049.5814   792     1604.0000      857.3414 1.17e+08   46.55%
 545948 477755      951.8373   744     1604.0000      857.3414 1.18e+08   46.55%
 548634 480229      923.9713   621     1604.0000      857.3414 1.19e+08   46.55%
 549070 480619      952.3743   739     1604.0000      857.7835 1.19e+08   46.52%
 549134 480683      965.7949   748     1604.0000      857.7835 1.19e+08   46.52%
 549294 480843     1008.6336   636     1604.0000      857.7835 1.19e+08   46.52%
 549420 480969     1243.5600   712     1604.0000      857.7835 1.19e+08   46.52%
Elapsed time = 9798.66 sec. (2312431.75 ticks, tree = 94837.98 MB, solutions = 69)
Nodefile size = 94672.40 MB (73303.14 MB after compression)
 554808 486005     1438.4832   333     1604.0000      857.9414 1.20e+08   46.51%
 554841 486038      963.6193   825     1604.0000      857.9414 1.20e+08   46.51%
 554937 486132      938.1398   770     1604.0000      857.9414 1.20e+08   46.51%
 555042 486233     1043.8444   488     1604.0000      857.9414 1.20e+08   46.51%
*557201+488266                         1600.0000      857.9414 1.21e+08   46.38%
Found incumbent of value 1600.000000 after 9960.37 sec. (2323232.05 ticks)
 559031 487271     1005.8877   739     1600.0000      857.9414 1.21e+08   46.38%
 559162 487402     1033.4859   647     1600.0000      857.9414 1.21e+08   46.38%
 559307 487547     1151.3188   641     1600.0000      857.9414 1.21e+08   46.38%
 559333 487573      965.4708   388     1600.0000      857.9414 1.21e+08   46.38%
 559759 487993     1223.3441   387     1600.0000      857.9414 1.21e+08   46.38%
 562768 490782     1448.5833   563     1600.0000      857.9414 1.22e+08   46.38%
Elapsed time = 10161.35 sec. (2497271.01 ticks, tree = 96985.58 MB, solutions = 70)
Nodefile size = 96819.49 MB (74951.12 MB after compression)
 562816 490828      941.0161   808     1600.0000      857.9414 1.22e+08   46.38%
 562880 490890      971.6249   775     1600.0000      857.9414 1.22e+08   46.38%
 563442 491439     1067.6960   437     1600.0000      857.9414 1.22e+08   46.38%
 566553 494320     1055.1211   760     1600.0000      858.6713 1.23e+08   46.33%
 566564 494330     1059.0394   718     1600.0000      858.6713 1.23e+08   46.33%
 569242 496826      880.2704   463     1600.0000      858.7829 1.24e+08   46.33%
 569282 496866     1105.2850   634     1600.0000      858.7829 1.24e+08   46.33%
*570770+498297                         1596.0000      858.7829 1.24e+08   46.19%
Found incumbent of value 1596.000000 after 10788.51 sec. (2739936.24 ticks)

GUB cover cuts applied:  2
Cover cuts applied:  13
Implied bound cuts applied:  20
Zero-half cuts applied:  291
Gomory fractional cuts applied:  3

Root node processing (before b&c):
  Real time             =   24.43 sec. (11323.82 ticks)
Parallel b&c, 32 threads:
  Real time             = 10796.57 sec. (2880177.62 ticks)
  Sync time (average)   =    0.42 sec.
  Wait time (average)   =    0.00 sec.
                          ------------
Total (root+branch&cut) = 10821.00 sec. (2891501.44 ticks)


Solution status: Feasible
Execution time: 10821.6 sec
Gap: 0.46192
