Sat Jul 21 05:32:59 2018

Tried aggregator 2 times.
MIP Presolve eliminated 18232 rows and 145 columns.
Aggregator did 552 substitutions.
Reduced MIP has 17462 rows, 5648 columns, and 66064 nonzeros.
Reduced MIP has 5648 binaries, 0 generals, 0 SOSs, and 0 indicators.
Presolve time = 0.16 sec. (96.83 ticks)
Probing time = 0.01 sec. (3.54 ticks)
Tried aggregator 1 time.
Presolve time = 0.04 sec. (30.25 ticks)
Probing time = 0.01 sec. (3.54 ticks)
Clique table members: 28000.
MIP emphasis: balance optimality and feasibility.
MIP search method: dynamic search.
Parallel mode: deterministic, using up to 32 threads.
Root relaxation solution time = 1.68 sec. (447.79 ticks)

        Nodes                                         Cuts/
   Node  Left     Objective  IInf  Best Integer    Best Bound    ItCnt     Gap

      0     0      628.0000   654                    628.0000     1891         
      0     0      642.6347   719                    Cuts: 43     4590         
      0     0      661.2470   770                    Cuts: 41     8612         
*     0+    0                         2777.0000      661.2470    19081   76.19%
Found incumbent of value 2777.000000 after 22.72 sec. (12723.62 ticks)
      0     0      680.7134   738     2777.0000  ZeroHalf: 39    19081   75.49%
      0     0      685.9562   756     2777.0000  ZeroHalf: 38    26595   75.30%
      0     0      696.2890   815     2777.0000      Cuts: 56    33843   74.93%
      0     0      705.3920   782     2777.0000  ZeroHalf: 30    41788   74.60%
      0     0      711.8832   704     2777.0000      Cuts: 37    43997   74.37%
      0     0      717.2113   723     2777.0000      Cuts: 41    44959   74.17%
      0     0      722.9719   693     2777.0000      Cuts: 35    46132   73.97%
      0     0      725.1488   720     2777.0000  ZeroHalf: 26    46918   73.89%
      0     0      725.9487   720     2777.0000  ZeroHalf: 21    47201   73.86%
      0     0      725.9662   715     2777.0000      Cuts: 16    47283   73.86%
      0     0      725.9977   723     2777.0000       Cuts: 9    47353   73.86%
      0     2      725.9977   713     2777.0000      725.9977    47353   73.86%
Elapsed time = 70.06 sec. (41936.70 ticks, tree = 0.01 MB, solutions = 1)
      1     3      733.5226   682     2777.0000      725.9977    49917   73.86%
      2     4      726.8884   811     2777.0000      725.9977    56768   73.86%
      3     5      735.1366   665     2777.0000      726.9323    57691   73.82%
      4     6      728.3769   786     2777.0000      726.9323    70202   73.82%
      6     8      734.2029   694     2777.0000      726.9323    80340   73.82%
      7     9      735.2530   741     2777.0000      726.9323    87026   73.82%
      8    10      744.1202   902     2777.0000      726.9323    99874   73.82%
      9    11      738.7435   643     2777.0000      728.5613   105162   73.76%
                                                  Impl Bds: 6                  
     12    14      745.2035   915     2777.0000      728.5613   120050   73.76%
     13    15      744.9565   800     2777.0000      728.5613   122371   73.76%
Elapsed time = 113.35 sec. (73426.16 ticks, tree = 0.01 MB, solutions = 1)
     14    16      748.7468   890     2777.0000      728.5613   133711   73.76%
     17    19      750.3066   789     2777.0000      728.5613   149044   73.76%
                                                     Cuts: 14                  
     20    22      761.1906   939     2777.0000      728.5613   163771   73.76%
     24    26      779.5387   871     2777.0000      728.5613   202867   73.76%
     31    33      780.3556   707     2777.0000      728.5613   237930   73.76%
     35    37      751.7078   651     2777.0000      728.5613   244110   73.76%
                                                      Cuts: 6                  
     43    45      825.0670   764     2777.0000      728.5613   256572   73.76%
     52    54      751.6480   618     2777.0000      728.5613   266425   73.76%
                                                      Cuts: 6                  
     55    57      767.5765   870     2777.0000      728.5613   279978   73.76%
     80    82      770.7664   925     2777.0000      728.5613   430745   73.76%
Elapsed time = 187.05 sec. (103179.85 ticks, tree = 0.01 MB, solutions = 1)
    126   128      866.6474   675     2777.0000      728.5613   508179   73.76%
    937   921      809.0401   756     2777.0000      728.5613   800423   73.76%
*  1317+ 1277                         1962.0000      728.5613   841256   62.87%
Found incumbent of value 1962.000000 after 187.05 sec. (103428.35 ticks)
   1374  1324      773.0007   810     1962.0000      728.5613   857447   62.87%
   1409  1352      772.4473   710     1962.0000      728.5613   861584   62.87%
                                                     Cuts: 21                  
   1415  1358      798.9938   735     1962.0000      728.5613   870242   62.87%
   1447  1390      816.0620   637     1962.0000      728.5613   924802   62.87%
   1495  1438      790.0992   799     1962.0000      728.5613  1000579   62.87%
   2462  2345      739.4705   834     1962.0000      733.5533  1611681   62.61%
                                                 Impl Bds: 29                  
   2494  2377      770.2143   881     1962.0000      733.5533  1653337   62.61%
   2558  2437      754.5389   776     1962.0000      733.5533  1685003   62.61%
Elapsed time = 280.60 sec. (141701.05 ticks, tree = 17.00 MB, solutions = 2)
   2686  2555      742.9869   863     1962.0000      733.5533  1753829   62.61%
   4652  4356      775.9807   662     1962.0000      733.5533  2233912   62.61%
                                                     Cuts: 26                  
   4702  4403      859.3975   668     1962.0000      733.5533  2250445   62.61%
   4734  4433      889.0000   664     1962.0000      733.5533  2260431   62.61%
*  4764+ 4459                         1828.0000      733.5533  2267910   59.87%
Found incumbent of value 1828.000000 after 307.26 sec. (147437.14 ticks)
   4798  4495      889.7572   686     1828.0000      733.5533  2278942   59.87%
   4862  4557      961.2720   710     1828.0000      733.5533  2301508   59.87%
   4990  4676      870.4347   636     1828.0000      733.5533  2327083   59.87%
   5054  4734      901.2759   660     1828.0000      733.5533  2340580   59.87%
   5278  4948      930.4646   523     1828.0000      733.5533  2382766   59.87%
   5662  5303      990.2961   455     1828.0000      733.5533  2476878   59.87%
Elapsed time = 354.39 sec. (165224.21 ticks, tree = 128.85 MB, solutions = 2)
   6110  5708      777.7787   516     1828.0000      733.5533  2565836   59.87%
   6334  5921      811.7393   546     1828.0000      733.5533  2608347   59.87%
   6686  6241      962.3737   570     1828.0000      733.5533  2675444   59.87%
   7070  6612     1035.9106   524     1828.0000      733.5533  2738529   59.87%
  11287 10588     1213.7947   686     1828.0000      733.5533  3594268   59.87%
  12045 11043      731.8227   773     1828.0000      741.0525  3798132   59.46%
  12046 11044      731.8993   726     1828.0000      741.0525  3803826   59.46%
  12047 11044      732.9656   752     1828.0000      741.0525  3816477   59.46%
  12049 11045      737.7509   776     1828.0000      741.0525  3835479   59.46%
  12050 11046      746.9335   749     1828.0000      741.0525  3847406   59.46%
Elapsed time = 495.60 sec. (219424.43 ticks, tree = 127.30 MB, solutions = 7)
  12051 11046      743.5597   747     1828.0000      741.0525  3848555   59.46%
  12052 11046      737.5558   758     1828.0000      741.0525  3856203   59.46%
                                                  ZeroHalf: 7                  
  12057 11050      734.1742   660     1828.0000      741.0525  3873077   59.46%
  12063 11053      735.0539   691     1828.0000      741.0525  3893794   59.46%
                                                 ZeroHalf: 13                  
  12072 11057      739.8335   744     1828.0000      741.0525  3912056   59.46%
  12089 11063      806.4329   574     1828.0000      741.0525  3924488   59.46%
                                                 ZeroHalf: 11                  
  12106 11073      740.5690   729     1828.0000      741.0525  3933129   59.46%
  12107 11074      758.1982   874     1828.0000      741.0525  3940103   59.46%
  12159 11101      778.6522   597     1828.0000      741.0525  3973397   59.46%
  12263 11171      757.2565   686     1828.0000      741.0525  4001999   59.46%
Elapsed time = 552.11 sec. (246172.21 ticks, tree = 126.28 MB, solutions = 7)
  12616 11390      884.7625   633     1828.0000      741.0525  4109786   59.46%
  12773 11485     1006.6824   598     1828.0000      741.0525  4163993   59.46%
  13038 11643      833.0135   581     1828.0000      741.0525  4241968   59.46%
                                                  ZeroHalf: 5                  
  13066 11657      769.3367   780     1828.0000      741.0525  4265578   59.46%
  13130 11685      785.7924   603     1828.0000      741.0525  4290286   59.46%
  13155 11701      954.9411   457     1828.0000      741.0525  4297405   59.46%
  13717 12018      780.9426   717     1828.0000      741.0525  4468198   59.46%
  13813 12079      803.7828   641     1828.0000      741.0525  4490162   59.46%
  14037 12198      861.8298   565     1828.0000      741.0525  4541912   59.46%
  14325 12364      864.4838   550     1828.0000      741.0525  4600947   59.46%
Elapsed time = 618.48 sec. (260679.91 ticks, tree = 130.53 MB, solutions = 7)
  14549 12503      902.6204   545     1828.0000      741.0525  4653800   59.46%
  14805 12650      898.2052   575     1828.0000      741.0525  4712637   59.46%
  16238 13418      904.5829   563     1828.0000      741.0525  4955892   59.46%
  16301 13449      963.2227   507     1828.0000      741.0525  4975915   59.46%
  16589 13605      973.7739   477     1828.0000      741.0525  5035965   59.46%
  16753 13696      917.6269   479     1828.0000      741.0525  5065009   59.46%
  17258 13963     1092.0625   389     1828.0000      741.0525  5150684   59.46%
  17546 14125     1103.6691   449     1828.0000      741.0525  5197464   59.46%
  17777 14252     1022.6989   517     1828.0000      741.0525  5236285   59.46%
  18191 14447      775.0314   832     1828.0000      741.0525  5317559   59.46%
Elapsed time = 669.92 sec. (273473.18 ticks, tree = 308.15 MB, solutions = 7)
Nodefile size = 42.27 MB (32.43 MB after compression)
  19769 15231     1074.6136   563     1828.0000      741.0525  5625117   59.46%
  19865 15281     1197.4726   615     1828.0000      741.0525  5662188   59.46%
  19993 15347     1098.5275   552     1828.0000      741.0525  5707483   59.46%
  20025 15367     1149.1526   608     1828.0000      741.0525  5719268   59.46%
  20121 15425     1109.6294   570     1828.0000      741.0525  5752201   59.46%
  20185 15459     1243.5227   561     1828.0000      741.0525  5774258   59.46%
  20249 15489     1135.6589   587     1828.0000      741.0525  5794541   59.46%
  20345 15534     1152.1250   554     1828.0000      741.0525  5823794   59.46%
  20473 15600     1163.5833   531     1828.0000      741.0525  5857441   59.46%
  20569 15662     1211.3397   651     1828.0000      741.0525  5893611   59.46%
Elapsed time = 750.38 sec. (287546.45 ticks, tree = 534.14 MB, solutions = 7)
Nodefile size = 282.61 MB (221.65 MB after compression)
  20729 15739     1195.6337   529     1828.0000      741.0525  5934051   59.46%
  21842 16305     1207.3571   496     1828.0000      741.0525  6184576   59.46%
  21849 16305    infeasible           1828.0000      741.0525  6193006   59.46%
  21913 16336    infeasible           1828.0000      741.0525  6217384   59.46%
  21977 16358     1686.0000   358     1828.0000      741.0525  6236720   59.46%
  22105 16409      785.8586   629     1828.0000      741.0525  6267365   59.46%
  22393 16577      798.1126   579     1828.0000      741.0525  6321175   59.46%
  22681 16730      822.3006   508     1828.0000      741.0525  6373358   59.46%
  22905 16846      903.0769   504     1828.0000      741.0525  6409607   59.46%
  24153 17489     1137.8958   362     1828.0000      741.0525  6618124   59.46%
Elapsed time = 840.56 sec. (305050.59 ticks, tree = 699.38 MB, solutions = 7)
Nodefile size = 449.19 MB (354.99 MB after compression)
  29372 20239        cutoff           1828.0000      741.0525  7552698   59.46%
  29923 20537      843.9086   777     1828.0000      741.0525  7651110   59.46%
  30200 20672     1411.2121   151     1828.0000      741.0525  7685819   59.46%
                                                     Cuts: 27                  
  30502 20836      870.1767   722     1828.0000      741.0525  7800330   59.46%
  31174 21210     1079.2153   448     1828.0000      741.0525  7932568   59.46%
  33826 22529     1114.7433   490     1828.0000      741.0525  8380036   59.46%
  34322 22787      781.5249   847     1828.0000      741.0525  8476542   59.46%
  35404 23335      836.0076   769     1828.0000      749.6688  8651071   58.99%
                                                     Cuts: 17                  
  35500 23395      857.8964   702     1828.0000      749.6688  8681365   58.99%
  35980 23650     1043.3462   530     1828.0000      749.6688  8779486   58.99%
Elapsed time = 999.70 sec. (352484.15 ticks, tree = 3294.72 MB, solutions = 7)
Nodefile size = 3113.01 MB (2445.34 MB after compression)
* 37042+24187                         1827.0000      749.6688  8933886   58.97%
Found incumbent of value 1827.000000 after 1027.48 sec. (341182.48 ticks)
  42775 29506      966.5661   507     1827.0000      753.1818  9804650   58.77%
                                                  ZeroHalf: 2                  
  43056 29779      868.3345   622     1827.0000      753.1818  9889544   58.77%
  44208 30918     1183.0000   265     1827.0000      753.1818 10084255   58.77%
  45841 32495     1692.9934   249     1827.0000      753.1818 10268955   58.77%
  49010 35474     1650.6667   256     1827.0000      764.5893 10770758   58.15%
                                                     Cuts: 12                  
  49172 35632      986.5545   516     1827.0000      764.5893 10811820   58.15%
  50452 36889     1400.0965   388     1827.0000      764.5893 11024559   58.15%
  53730 40001     1000.5839   565     1827.0000      764.5893 11547743   58.15%
  55365 41526     1024.1985   576     1827.0000      765.6069 11795188   58.09%
                                                      Cuts: 5                  
  56785 42916     1296.7603   403     1827.0000      765.6069 12028850   58.09%
Elapsed time = 1252.74 sec. (396871.58 ticks, tree = 7251.99 MB, solutions = 8)
Nodefile size = 7071.31 MB (5567.98 MB after compression)
  58855 44869     1284.1853   458     1827.0000      765.6069 12287272   58.09%
  60201 46126     1229.5000   265     1827.0000      765.6069 12560425   58.09%
  61173 47038      919.7576   571     1827.0000      769.9502 12714706   57.86%
                                                      Cuts: 8                  
  62293 48126     1247.5267   441     1827.0000      769.9502 12875522   57.86%
  63245 49037     1030.1755   442     1827.0000      769.9502 13022105   57.86%
  66506 52121      795.4650   710     1827.0000      769.9502 13505712   57.86%
* 67031+52573                         1821.0000      771.1181 13590546   57.65%
                                                  ZeroHalf: 2                  
Found incumbent of value 1821.000000 after 1382.24 sec. (427300.49 ticks)
* 67031+52573                         1813.0000      771.1181 13590546   57.47%
Found incumbent of value 1813.000000 after 1382.29 sec. (427334.61 ticks)
  67031 52575      872.6787   520     1813.0000      771.1181 13590546   57.47%
* 67032+52574                         1783.0000      771.1181 13593059   56.75%
Found incumbent of value 1783.000000 after 1384.30 sec. (422953.07 ticks)
* 67048+52590                         1745.0000      771.1181 13599404   55.81%
Found incumbent of value 1745.000000 after 1393.28 sec. (421222.17 ticks)
* 67048+52590                         1709.0000      771.1181 13599404   54.88%
Found incumbent of value 1709.000000 after 1393.28 sec. (421257.34 ticks)
* 67048+52590                         1708.0000      771.1181 13599404   54.85%
Found incumbent of value 1708.000000 after 1393.28 sec. (421298.75 ticks)
* 67048+52590                         1706.0000      771.1181 13599404   54.80%
Found incumbent of value 1706.000000 after 1393.28 sec. (424112.92 ticks)
  67049 52593      861.0295   667     1706.0000      771.1181 13600001   54.80%
  67052 52596      861.7301   560     1706.0000      771.1181 13605704   54.80%
  67206 50652      866.9914   723     1706.0000      771.1181 13707261   54.80%
Elapsed time = 1441.06 sec. (447458.30 ticks, tree = 9081.13 MB, solutions = 31)
Nodefile size = 9063.97 MB (7114.83 MB after compression)
  67238 50684      891.2975   739     1706.0000      771.1181 13730994   54.80%
  72122 55392      851.9445   829     1706.0000      771.1181 14653912   54.80%
  72443 55695      949.6140   822     1706.0000      774.1335 14705905   54.62%
  72473 55723      928.0937   693     1706.0000      774.1335 14734104   54.62%
  72505 55753      949.1160   710     1706.0000      774.1335 14764198   54.62%
* 72902+56134                         1705.0000      774.1335 14978322   54.60%
Found incumbent of value 1705.000000 after 1564.00 sec. (457386.05 ticks)
  75618 58666      871.6616   658     1705.0000      774.7953 15657257   54.56%
  75665 58713      983.6864   637     1705.0000      774.7953 15723949   54.56%
  75761 58809     1013.5841   618     1705.0000      774.7953 15797476   54.56%
* 78728 61632      integral     0     1632.0000      774.7953 16400144   52.52%
Found incumbent of value 1632.000000 after 1635.71 sec. (490135.53 ticks)
  80579 59845      949.8150   706     1632.0000      775.6836 16714090   52.47%
Elapsed time = 1658.44 sec. (496244.48 ticks, tree = 10698.25 MB, solutions = 65)
Nodefile size = 10559.83 MB (8267.45 MB after compression)
  80648 59914     1304.7587   665     1632.0000      775.6836 16764596   52.47%
  80812 60078     1035.5070   692     1632.0000      775.6836 16849438   52.47%
* 82946+62108                         1629.0000      775.6836 17279133   52.38%
Found incumbent of value 1629.000000 after 1716.51 sec. (498872.87 ticks)
  84836 63694     1343.2000   315     1629.0000      776.3113 17613532   52.34%
  84855 63713      905.7992   671     1629.0000      776.3113 17633481   52.34%
  84983 63837      931.3039   677     1629.0000      776.3113 17684984   52.34%
  90615 69161      916.4004   435     1629.0000      776.3113 18730692   52.34%
  90646 69192      958.9093   739     1629.0000      777.9521 18748033   52.24%
                                                  ZeroHalf: 3                  
  90742 69288      977.9496   767     1629.0000      777.9521 18790514   52.24%
  91132 69678     1061.6983   599     1629.0000      777.9521 18894681   52.24%
  96802 75054      852.7167   635     1629.0000      779.5424 19945067   52.15%
                                                  ZeroHalf: 1                  
Elapsed time = 1888.71 sec. (542747.96 ticks, tree = 13731.54 MB, solutions = 66)
Nodefile size = 13588.47 MB (10633.51 MB after compression)
  96848 75100      811.8119   739     1629.0000      779.5424 19973997   52.15%
  96912 75164      826.4549   701     1629.0000      779.5424 20003973   52.15%
 102066 80019     1486.9821   316     1629.0000      780.6022 20970432   52.08%
 102144 80097      886.3757   672     1629.0000      780.6022 21003451   52.08%
 102240 80190      896.8513   561     1629.0000      780.6022 21031523   52.08%
 108189 85824     1215.8889   297     1629.0000      782.6120 22162901   51.96%
 108388 86019     1054.0438   649     1629.0000      782.6120 22231905   51.96%
 108484 86115     1095.2214   635     1629.0000      782.6120 22263114   51.96%
*110888+88398                         1627.0000      782.6120 22722090   51.90%
Found incumbent of value 1627.000000 after 2124.41 sec. (581349.40 ticks)
 112008 89460      878.4805   701     1627.0000      782.6120 22932921   51.90%
 113716 90931      897.5744   755     1627.0000      783.3376 23231549   51.85%
                                                  ZeroHalf: 2                  
Elapsed time = 2161.75 sec. (594089.30 ticks, tree = 16935.45 MB, solutions = 66)
Nodefile size = 16789.44 MB (13118.40 MB after compression)
 113844 91057      917.6945   631     1627.0000      783.3376 23290060   51.85%
 113980 91191      918.6110   723     1627.0000      783.3376 23344894   51.85%
 119821 96686     1175.1111   396     1627.0000      784.5644 24419227   51.78%
                                                  ZeroHalf: 3                  
 119889 96754      906.4281   782     1627.0000      784.5644 24459633   51.78%
 119992 96857      914.8876   759     1627.0000      784.5644 24507968   51.78%
 121789 98577      821.5323   727     1627.0000      784.5644 24861875   51.78%
 125053 101618      864.4168   731     1627.0000      785.1255 25468811   51.74%
 125085 101650      877.5740   852     1627.0000      785.1255 25492950   51.74%
 125181 101742      897.0843   772     1627.0000      785.1255 25530349   51.74%
*126410 102930      integral     0     1597.0000      785.1255 25793325   50.84%
Elapsed time = 2363.01 sec. (642088.82 ticks, tree = 19151.00 MB, solutions = 67)
Nodefile size = 18973.52 MB (14826.49 MB after compression)
Found incumbent of value 1597.000000 after 2363.01 sec. (642088.82 ticks)
 129766 103183      912.8243   743     1597.0000      785.7593 26433012   50.80%
 130054 103471      974.6541   553     1597.0000      785.7593 26525092   50.80%
 131345 104713      841.0352   699     1597.0000      785.7593 26747377   50.80%
 133064 106312     1366.5000   312     1597.0000      785.7593 27082571   50.80%
 136176 109204     1563.9781   249     1597.0000      787.4990 27640926   50.69%
                                                  ZeroHalf: 1                  
 136251 109279      886.6932   663     1597.0000      787.4990 27683154   50.69%
 136923 109948     1041.7500   376     1597.0000      787.4990 27867351   50.69%
 139862 112701      846.7502   695     1597.0000      787.4990 28493381   50.69%
 140972 113737      860.1698   790     1597.0000      787.8542 28719329   50.67%
 141004 113765      896.8995   757     1597.0000      787.8542 28734974   50.67%
Elapsed time = 2592.63 sec. (688894.93 ticks, tree = 21593.21 MB, solutions = 68)
Nodefile size = 21442.50 MB (16749.81 MB after compression)
 141484 114236      992.1742   532     1597.0000      787.8542 28864304   50.67%
 146622 119046      932.3607   497     1597.0000      788.8840 29883951   50.60%
                                                      Cuts: 3                  
 146692 119114      937.0342   652     1597.0000      788.8840 29918589   50.60%
 146788 119207      984.8890   634     1597.0000      788.8840 29962816   50.60%
 152349 124440      866.6057   598     1597.0000      789.5986 31105285   50.56%
                                                  ZeroHalf: 3                  
 152611 124702     1063.5590   647     1597.0000      789.5986 31178859   50.56%
 152931 125016     1143.7500   549     1597.0000      789.5986 31250088   50.56%
 157133 128922      879.5432   599     1597.0000      789.5986 32070453   50.56%
 157682 129440     1031.9331   495     1597.0000      790.2381 32198457   50.52%
                                                    Covers: 1                  
 158941 130650     1397.6078   381     1597.0000      790.2381 32509770   50.52%
Elapsed time = 2827.07 sec. (735463.59 ticks, tree = 24827.93 MB, solutions = 68)
Nodefile size = 24678.69 MB (19279.33 MB after compression)
 159665 131344     1334.4461   358     1597.0000      790.2381 32645457   50.52%
 160157 131792      872.6955   785     1597.0000      790.2381 32747365   50.52%
*161868+133379                         1594.0000      790.2381 33150579   50.42%
Found incumbent of value 1594.000000 after 2854.90 sec. (739911.74 ticks)
 163200 134215      877.0540   574     1594.0000      791.5612 33413165   50.34%
                                                  Impl Bds: 2                  
 163233 134248      868.3304   810     1594.0000      791.5612 33445218   50.34%
 163265 134280      887.2643   842     1594.0000      791.5612 33469344   50.34%
 163297 134312      901.6712   822     1594.0000      791.5612 33494999   50.34%
 168285 139001      909.3171   821     1594.0000      791.5612 34611925   50.34%
                                                  Impl Bds: 2                  
 168341 139057      934.4537   765     1594.0000      791.5612 34646571   50.34%
 168469 139185      952.1499   659     1594.0000      791.5612 34712925   50.34%
 172343 142827     1011.0100   526     1594.0000      791.5612 35535820   50.34%
Elapsed time = 3007.26 sec. (782147.68 ticks, tree = 25983.54 MB, solutions = 69)
Nodefile size = 25798.64 MB (20107.30 MB after compression)
 172851 143289      995.5453   737     1594.0000      791.5612 35663405   50.34%
 172933 143367      880.2770   693     1594.0000      791.5612 35710413   50.34%
 172997 143431      915.4079   581     1594.0000      791.5612 35737970   50.34%
 175142 145460     1042.6111   491     1594.0000      791.5612 36268255   50.34%
 177949 148101      902.8527   596     1594.0000      792.6626 36865871   50.27%
 178013 148165      938.1798   862     1594.0000      792.6626 36896677   50.27%
 178141 148293     1018.6690   694     1594.0000      792.6626 36942592   50.27%
 183710 153516      930.6540   494     1594.0000      793.1819 38029080   50.24%
 183752 153558      857.3863   669     1594.0000      793.1819 38059483   50.24%
 183880 153684      889.8824   616     1594.0000      793.1819 38112497   50.24%
Elapsed time = 3232.25 sec. (829367.78 ticks, tree = 28954.44 MB, solutions = 69)
Nodefile size = 28803.18 MB (22403.90 MB after compression)
 187322 156938      896.7399   523     1594.0000      793.1819 38843552   50.24%
 187853 157415      903.3280   722     1594.0000      793.8977 38944404   50.19%
                                                      Cuts: 2                  
 187922 157480      990.0063   627     1594.0000      793.8977 38983717   50.19%
 188050 157607     1026.9375   529     1594.0000      793.8977 39043403   50.19%
 188082 157637     1060.1660   629     1594.0000      793.8977 39069073   50.19%
 192037 161342      884.0537   768     1594.0000      794.9001 40123619   50.13%
 192090 161395     1084.3993   610     1594.0000      794.9001 40168811   50.13%
 192197 161502      925.0519   733     1594.0000      794.9001 40241539   50.13%
 192324 161629     1003.8111   727     1594.0000      794.9001 40305090   50.13%
 197427 166421      833.7562   833     1594.0000      795.2672 41347644   50.11%
Elapsed time = 3438.88 sec. (876255.57 ticks, tree = 30914.90 MB, solutions = 69)
Nodefile size = 30762.89 MB (23880.60 MB after compression)
 197491 166483      855.2828   867     1594.0000      795.2672 41381496   50.11%
 197675 166662     1062.7256   759     1594.0000      795.2672 41455298   50.11%
 201952 170668      901.5502   547     1594.0000      795.8854 42391338   50.07%
                                                  Impl Bds: 4                  
 202054 170770     1316.3333   593     1594.0000      795.8854 42468000   50.07%
 202213 170929     1146.9104   687     1594.0000      795.8854 42541167   50.07%
 202341 171053     1190.4889   716     1594.0000      795.8854 42585746   50.07%
 207166 175551      853.3448   820     1594.0000      796.5261 43632931   50.03%
                                                  Impl Bds: 2                  
 207230 175615      875.3789   804     1594.0000      796.5261 43675855   50.03%
 207282 175664      917.8801   861     1594.0000      796.5261 43707738   50.03%
 212359 180419     1536.5500   402     1594.0000      796.5261 44784202   50.03%
Elapsed time = 3661.45 sec. (921186.39 ticks, tree = 32818.12 MB, solutions = 69)
Nodefile size = 32632.15 MB (25281.22 MB after compression)
 212605 180646      909.1820   437     1594.0000      796.8893 44819272   50.01%
 212717 180757      973.3867   773     1594.0000      796.8893 44872601   50.01%
 212813 180849     1025.6511   691     1594.0000      796.8893 44920797   50.01%
 212921 180956     1052.3083   626     1594.0000      796.8893 44974733   50.01%
 217791 185513     1189.9579   473     1594.0000      797.3692 45920254   49.98%
 218180 185900     1518.7727   431     1594.0000      797.3692 46056166   49.98%
 219503 187165      941.3375   424     1594.0000      797.3692 46340928   49.98%
 220584 188171      917.6026   768     1594.0000      797.3692 46575658   49.98%
 224012 191356      974.0254   447     1594.0000      798.5044 47210682   49.91%
 224183 191527      911.4048   724     1594.0000      798.5044 47277433   49.91%
Elapsed time = 3890.16 sec. (964917.24 ticks, tree = 36069.92 MB, solutions = 69)
Nodefile size = 35913.25 MB (27791.52 MB after compression)
 224983 192309     1189.9334   407     1594.0000      798.5044 47464145   49.91%
 229577 196625     1122.6667   358     1594.0000      798.5044 48337924   49.91%
 230686 197663      906.6902   495     1594.0000      799.1700 48536584   49.86%
                                                  ZeroHalf: 2                  
 232105 199036     1280.0000   218     1594.0000      799.1700 48837484   49.86%
 233165 200041     1145.9304   415     1594.0000      799.1700 49070453   49.86%
 234655 201433      978.5379   632     1594.0000      799.1700 49353984   49.86%
 236463 203085     1062.8496   435     1594.0000      799.7047 49703954   49.83%
 237454 204046     1120.7500   401     1594.0000      799.7047 49960875   49.83%
 238618 205148      857.7190   904     1594.0000      799.7047 50158014   49.83%
 238650 205174      872.1435   927     1594.0000      799.7047 50169993   49.83%
Elapsed time = 4082.08 sec. (1010151.91 ticks, tree = 38514.85 MB, solutions = 69)
Nodefile size = 38343.26 MB (29646.21 MB after compression)
 241337 207667      887.4658   889     1594.0000      800.1503 50763385   49.80%
 241401 207731      904.6217   870     1594.0000      800.1503 50789160   49.80%
 241497 207827      922.8938   874     1594.0000      800.1503 50823020   49.80%
 247321 213284     1253.0000   321     1594.0000      800.4301 52054353   49.78%
                                                      Cuts: 3                  
 247378 213340      894.7582   795     1594.0000      800.4301 52089288   49.78%
 247410 213370      913.8367   769     1594.0000      800.4301 52105377   49.78%
 253320 218904      912.4973   511     1594.0000      800.4301 53333701   49.78%
 253366 218946      859.6765   796     1594.0000      801.1533 53358424   49.74%
 253430 219010      877.7081   741     1594.0000      801.1533 53394495   49.74%
 253494 219074      901.4499   801     1594.0000      801.1533 53429625   49.74%
Elapsed time = 4346.82 sec. (1061331.09 ticks, tree = 41783.77 MB, solutions = 69)
Nodefile size = 41629.19 MB (32139.98 MB after compression)
 258283 223506     1022.1468   465     1594.0000      801.6283 54470269   49.71%
 258417 223640      958.8047   583     1594.0000      801.6283 54531169   49.71%
 258513 223736      982.5348   631     1594.0000      801.6283 54572027   49.71%
 260414 225532     1427.5559   381     1594.0000      801.6283 54962311   49.71%
 264185 229040     1069.4222   568     1594.0000      802.0919 55785861   49.68%
 264377 229230     1098.0786   574     1594.0000      802.0919 55842678   49.68%
 265398 230199      912.8574   824     1594.0000      802.0919 56081861   49.68%
 265430 230231      915.7527   745     1594.0000      802.0919 56097539   49.68%
*269271+233833                         1580.0000      802.0919 56866358   49.23%
Found incumbent of value 1580.000000 after 4528.73 sec. (1099959.51 ticks)
 270488 232065      948.3001   776     1580.0000      803.1131 57093115   49.17%
 270552 232127      976.2524   759     1580.0000      803.1131 57125010   49.17%
Elapsed time = 4580.46 sec. (1118178.59 ticks, tree = 44508.43 MB, solutions = 69)
Nodefile size = 44350.06 MB (34202.22 MB after compression)
 270648 232223      998.8383   726     1580.0000      803.1131 57157711   49.17%
 270712 232287     1044.2411   709     1580.0000      803.1131 57180357   49.17%
 276009 237260      945.0542   527     1580.0000      803.1298 58258406   49.17%
 276268 237517     1160.0008   596     1580.0000      803.1298 58326871   49.17%
 276396 237638     1175.8904   603     1580.0000      803.1298 58357637   49.17%
 281827 242730     1485.3048   270     1580.0000      803.1298 59436070   49.17%
 282390 243246      872.8727   488     1580.0000      803.8481 59538251   49.12%
 283542 244370     1318.6895   374     1580.0000      803.8481 59801951   49.12%
 284982 245699     1001.8699   467     1580.0000      803.8481 60117844   49.12%
 286655 247280      962.1258   618     1580.0000      803.8481 60454939   49.12%
Elapsed time = 4793.94 sec. (1160122.41 ticks, tree = 46872.60 MB, solutions = 70)
Nodefile size = 46691.63 MB (35979.57 MB after compression)
 288714 249196     1342.7798   272     1580.0000      804.7116 60886970   49.07%
 288916 249382      932.2822   547     1580.0000      804.7116 60967318   49.07%
 289588 250033     1039.0473   569     1580.0000      804.7116 61163067   49.07%
 289791 250230      892.0576   647     1580.0000      804.7116 61223909   49.07%
 293564 253727      904.8232   645     1580.0000      804.9662 62061830   49.05%
 293664 253822     1028.1756   577     1580.0000      804.9662 62106453   49.05%
 293796 253949     1071.4792   612     1580.0000      804.9662 62149985   49.05%
 293988 254139     1126.9309   639     1580.0000      804.9662 62211543   49.05%
 299718 259513      858.6602   577     1580.0000      805.5465 63316061   49.02%
 300279 260044     1010.7775   433     1580.0000      805.5465 63486527   49.02%
Elapsed time = 5014.36 sec. (1205890.70 ticks, tree = 49581.95 MB, solutions = 70)
Nodefile size = 49419.83 MB (38041.92 MB after compression)
 301277 260995     1527.5000   332     1580.0000      805.5465 63722765   49.02%
 301984 261679     1118.4258   514     1580.0000      805.5465 63854366   49.02%
 305631 265080     1488.0347   361     1580.0000      806.6919 64617417   48.94%
 306514 265943     1212.6000   622     1580.0000      806.6919 64815763   48.94%
 306642 266060     1259.3866   662     1580.0000      806.6919 64845856   48.94%
 309768 268979      934.3872   742     1580.0000      806.6919 65523597   48.94%
 310511 269656      874.5526   765     1580.0000      806.9206 65691226   48.93%
 310607 269748      925.7052   663     1580.0000      806.9206 65738154   48.93%
 310772 269913     1008.1809   737     1580.0000      806.9206 65798235   48.93%
 310932 270073     1054.2250   667     1580.0000      806.9206 65844213   48.93%
Elapsed time = 5194.71 sec. (1250776.93 ticks, tree = 51689.45 MB, solutions = 70)
Nodefile size = 51528.59 MB (39654.74 MB after compression)
 315874 274674     1119.3333   452     1580.0000      807.4422 66849961   48.90%
 316130 274928     1288.1284   496     1580.0000      807.4422 66940881   48.90%
 316589 275374     1026.4850   531     1580.0000      807.4422 67068353   48.90%
 318393 277062     1515.4444   329     1580.0000      807.4422 67482287   48.90%
 321657 280111      965.1158   516     1580.0000      807.9168 68124786   48.87%
 321744 280198      979.0704   768     1580.0000      807.9168 68170523   48.87%
 321872 280326     1004.0767   691     1580.0000      807.9168 68217296   48.87%
 322218 280659     1068.3429   577     1580.0000      807.9168 68342889   48.87%
 327536 285629      893.3611   573     1580.0000      808.5156 69409373   48.83%
 327715 285808      926.6905   747     1580.0000      808.5156 69491756   48.83%
Elapsed time = 5451.76 sec. (1296052.23 ticks, tree = 55015.90 MB, solutions = 70)
Nodefile size = 54854.18 MB (42189.52 MB after compression)
 327843 285936      969.8366   714     1580.0000      808.5156 69539044   48.83%
 328400 286487     1376.5058   392     1580.0000      808.5156 69673450   48.83%
 333336 291118     1045.2500   478     1580.0000      809.0229 70670852   48.80%
 333504 291286     1275.9417   685     1580.0000      809.0229 70719146   48.80%
 333664 291446     1486.3701   534     1580.0000      809.0229 70754547   48.80%
 337020 294593     1043.7838   473     1580.0000      809.0229 71444039   48.80%
 338851 296283     1306.6579   284     1580.0000      809.7693 71786324   48.75%
                                                    Covers: 1                  
 339080 296506      963.0056   703     1580.0000      809.7693 71878122   48.75%
 339188 296612     1049.7108   575     1580.0000      809.7693 71923312   48.75%
 340197 297574      984.5287   656     1580.0000      809.7693 72227293   48.75%
Elapsed time = 5647.40 sec. (1348173.60 ticks, tree = 57208.06 MB, solutions = 70)
Nodefile size = 57050.10 MB (43852.30 MB after compression)
 343231 300395      969.1884   724     1580.0000      809.8528 73059581   48.74%
 343295 300459      965.6835   752     1580.0000      809.8528 73119761   48.74%
 343547 300708     1040.5871   643     1580.0000      809.8528 73232523   48.74%
 349179 305973     1247.0000   479     1580.0000      810.1212 74268280   48.73%
 349287 306080      930.6796   791     1580.0000      810.1212 74325002   48.73%
 349383 306174      982.2960   722     1580.0000      810.1212 74367168   48.73%
 355151 311558     1114.1608   424     1580.0000      810.5256 75564723   48.70%
 355368 311775      950.7332   655     1580.0000      810.5256 75654999   48.70%
 355547 311954     1153.8140   629     1580.0000      810.5256 75712245   48.70%
 355675 312076     1181.8857   574     1580.0000      810.5256 75750007   48.70%
Elapsed time = 5885.81 sec. (1398482.69 ticks, tree = 59595.49 MB, solutions = 70)
Nodefile size = 59432.25 MB (45652.80 MB after compression)
 360596 316664      842.2903   509     1580.0000      811.2413 76736614   48.66%
 360722 316788      914.0644   704     1580.0000      811.2413 76802986   48.66%
 360817 316877      956.6466   759     1580.0000      811.2413 76843981   48.66%
 360882 316937      973.9474   744     1580.0000      811.2413 76868021   48.66%
 366166 321877      925.3388   737     1580.0000      812.0344 78011974   48.61%
 366262 321973      948.6263   613     1580.0000      812.0344 78063490   48.61%
 366390 322097      965.9860   643     1580.0000      812.0344 78122770   48.61%
 366518 322224     1018.6632   641     1580.0000      812.0344 78169132   48.61%
 371203 326619     1072.4814   656     1580.0000      812.2243 79094462   48.59%
 371299 326711     1120.9550   641     1580.0000      812.2243 79129583   48.59%
Elapsed time = 6120.72 sec. (1445018.40 ticks, tree = 62709.85 MB, solutions = 70)
Nodefile size = 62548.24 MB (48010.98 MB after compression)
 373187 328491      917.6814   549     1580.0000      812.2243 79506412   48.59%
 373379 328676      983.5041   629     1580.0000      812.2243 79549028   48.59%
 377167 332193      879.5575   848     1580.0000      812.9393 80388959   48.55%
 377231 332257      885.3981   876     1580.0000      812.9393 80418379   48.55%
 377295 332321      894.7775   869     1580.0000      812.9393 80454120   48.55%
 380285 335157     1528.7000   224     1580.0000      812.9393 81080627   48.55%
 382558 337265      888.3058   683     1580.0000      813.3688 81517948   48.52%
 382630 337337      939.8753   807     1580.0000      813.3688 81551687   48.52%
 382726 337433      973.0175   798     1580.0000      813.3688 81587000   48.52%
 388781 343097     1219.4421   360     1580.0000      813.7930 82812835   48.49%
Elapsed time = 6335.68 sec. (1493804.12 ticks, tree = 66160.35 MB, solutions = 70)
Nodefile size = 66001.88 MB (50637.93 MB after compression)
 388938 343250      922.2160   792     1580.0000      813.7930 82891200   48.49%
 389002 343314      967.9752   792     1580.0000      813.7930 82922736   48.49%
 392203 346334      904.6157   666     1580.0000      813.7930 83640722   48.49%
 394432 348414      915.2582   663     1580.0000      814.3323 84111103   48.46%
 394560 348540      942.7812   537     1580.0000      814.3323 84165068   48.46%
 394781 348761     1056.8626   754     1580.0000      814.3323 84230570   48.46%
 397786 351562     1145.0164   492     1580.0000      814.3323 84857415   48.46%
 400325 353934      903.2618   710     1580.0000      814.9000 85412356   48.42%
                                                  Impl Bds: 1                  
 400421 354028      925.6437   676     1580.0000      814.9000 85449419   48.42%
 400613 354206      965.7305   603     1580.0000      814.9000 85505939   48.42%
Elapsed time = 6576.89 sec. (1543842.89 ticks, tree = 68411.91 MB, solutions = 70)
Nodefile size = 68252.19 MB (52346.27 MB after compression)
 400825 354408      944.8108   759     1580.0000      814.9000 85588720   48.42%
 405311 358559      889.8389   779     1580.0000      814.9572 86576738   48.42%
                                                  ZeroHalf: 1                  
 405375 358623      915.9956   720     1580.0000      814.9572 86628986   48.42%
 405453 358698      928.9413   679     1580.0000      814.9572 86687002   48.42%
 410799 363689      907.3195   736     1580.0000      815.5801 87861606   48.38%
                                                  Impl Bds: 4                  
 410863 363753      926.3139   797     1580.0000      815.5801 87899348   48.38%
 410927 363817      942.2362   785     1580.0000      815.5801 87938673   48.38%
 416734 369261     1238.4696   438     1580.0000      816.1146 89123112   48.35%
                                                  Impl Bds: 6                  
 416824 369348     1095.5655   745     1580.0000      816.1146 89173963   48.35%
 416888 369412     1128.4736   683     1580.0000      816.1146 89210266   48.35%
Elapsed time = 6833.04 sec. (1602528.58 ticks, tree = 71612.60 MB, solutions = 70)
Nodefile size = 71451.29 MB (54765.60 MB after compression)
 421095 373377     1085.3750   402     1580.0000      816.1146 90197238   48.35%
 422196 374386      959.4859   845     1580.0000      816.5454 90428548   48.32%
                                                    Covers: 1                  
 422292 374482      990.4014   766     1580.0000      816.5454 90476737   48.32%
 422390 374580     1037.8825   833     1580.0000      816.5454 90521245   48.32%
 426392 378303     1053.1118   498     1580.0000      816.5454 91343056   48.32%
 426642 378526     1096.1931   487     1580.0000      817.0209 91399260   48.29%
 426718 378602      917.5396   719     1580.0000      817.0209 91448055   48.29%
 426846 378730      956.6054   777     1580.0000      817.0209 91513754   48.29%
 426949 378833     1007.1146   774     1580.0000      817.0209 91562210   48.29%
 432498 384025     1471.8952   264     1580.0000      817.3003 92672342   48.27%
Elapsed time = 7035.97 sec. (1646667.99 ticks, tree = 74689.03 MB, solutions = 70)
Nodefile size = 74528.95 MB (57107.56 MB after compression)
 432510 384037      976.1618   750     1580.0000      817.3003 92701468   48.27%
 432664 384191     1034.7739   700     1580.0000      817.3003 92795310   48.27%
 432760 384281     1058.8393   663     1580.0000      817.3003 92834348   48.27%
 438137 389291      921.0835   492     1580.0000      817.6220 93965174   48.25%
                                                  Impl Bds: 1                  
 438314 389464     1046.2772   419     1580.0000      817.6220 94028447   48.25%
 444414 395185      888.7566   520     1580.0000      818.0073 95313372   48.23%
                                                  Impl Bds: 1                  
 444585 395356     1178.0208   549     1580.0000      818.0073 95404820   48.23%
 444681 395452     1205.7500   366     1580.0000      818.0073 95454230   48.23%
 444745 395516     1211.5000   355     1580.0000      818.0073 95480295   48.23%
 449049 399541      896.4036   578     1580.0000      818.0073 96447378   48.23%
Elapsed time = 7288.88 sec. (1703039.58 ticks, tree = 76984.80 MB, solutions = 70)
Nodefile size = 76822.79 MB (58822.75 MB after compression)
 449165 399645     1270.7812   553     1580.0000      818.5194 96483831   48.19%
                                                    Covers: 1                  
 449293 399769     1316.6000   544     1580.0000      818.5194 96550276   48.19%
 449485 399949     1338.7500   489     1580.0000      818.5194 96616695   48.19%
 455000 405094      849.1608   839     1580.0000      818.5194 97723755   48.19%
 455180 405257      871.1242   921     1580.0000      818.8915 97781809   48.17%
                                                  ZeroHalf: 1                  
 455244 405321      904.4068   847     1580.0000      818.8915 97805682   48.17%
 455410 405483     1040.7527   757     1580.0000      818.8915 97867871   48.17%
 461303 411034      866.4225   590     1580.0000      818.8915 99066110   48.17%
 461601 411296      967.7424   536     1580.0000      818.8915 99132141   48.17%
 461688 411381      915.4079   677     1580.0000      818.8915 99170510   48.17%
Elapsed time = 7515.18 sec. (1748410.09 ticks, tree = 79727.20 MB, solutions = 70)
Nodefile size = 79566.71 MB (60889.61 MB after compression)
 461816 411507      976.4824   656     1580.0000      818.8915 99214274   48.17%
 466400 415805      866.0987   529     1580.0000      818.8915 1.00e+08   48.17%
 467819 417106     1029.1200   433     1580.0000      820.0587 1.00e+08   48.10%
 468808 418076     1268.4989   464     1580.0000      820.0587 1.01e+08   48.10%
 469214 418445      893.5000   614     1580.0000      820.0587 1.01e+08   48.10%
 469502 418710      972.7750   529     1580.0000      820.0587 1.01e+08   48.10%
 472840 421819      947.8512   482     1580.0000      820.6052 1.01e+08   48.06%
 473185 422160     1082.9333   451     1580.0000      820.6052 1.02e+08   48.06%
 473671 422628     1244.4558   442     1580.0000      820.6052 1.02e+08   48.06%
 479140 427715      992.0901   684     1580.0000      820.8190 1.03e+08   48.05%
                                                    Covers: 1                  
Elapsed time = 7756.81 sec. (1815482.83 ticks, tree = 83164.69 MB, solutions = 70)
Nodefile size = 83002.25 MB (63482.09 MB after compression)
 479300 427875     1032.3399   643     1580.0000      820.8190 1.03e+08   48.05%
 479588 428157     1152.8333   515     1580.0000      820.8190 1.03e+08   48.05%
 484901 433146     1003.4853   414     1580.0000      820.8190 1.04e+08   48.05%
 485892 434041     1086.4345   474     1580.0000      821.3012 1.04e+08   48.02%
 487396 435457      836.6166   523     1580.0000      821.3012 1.04e+08   48.02%
 488740 436749     1395.2000   349     1580.0000      821.3012 1.05e+08   48.02%
 488953 436944      871.1689   768     1580.0000      821.3012 1.05e+08   48.02%
 492372 440086     1020.8500   427     1580.0000      821.9528 1.05e+08   47.98%
                                                  Impl Bds: 3                  
 492489 440203      912.4836   592     1580.0000      821.9528 1.05e+08   47.98%
 492585 440296      950.7120   657     1580.0000      821.9528 1.06e+08   47.98%
Elapsed time = 7967.46 sec. (1860480.25 ticks, tree = 85748.53 MB, solutions = 70)
Nodefile size = 85587.90 MB (65429.00 MB after compression)
 492649 440354      993.2534   664     1580.0000      821.9528 1.06e+08   47.98%
 498205 445530      928.6936   536     1580.0000      822.2694 1.07e+08   47.96%
 498331 445651      935.2956   649     1580.0000      822.2694 1.07e+08   47.96%
 498988 446288     1180.2799   362     1580.0000      822.2694 1.07e+08   47.96%
 503026 450045      898.2602   639     1580.0000      822.2694 1.08e+08   47.96%
 504868 451751      901.0392   510     1580.0000      822.7341 1.08e+08   47.93%
 505077 451958      942.8775   592     1580.0000      822.7341 1.08e+08   47.93%
 505589 452454     1170.0044   418     1580.0000      822.7341 1.08e+08   47.93%
 507381 454135     1069.7485   528     1580.0000      822.7341 1.09e+08   47.93%
 509315 455938      897.6485   693     1580.0000      822.7341 1.09e+08   47.93%
Elapsed time = 8168.06 sec. (1904578.92 ticks, tree = 88229.77 MB, solutions = 70)
Nodefile size = 88022.27 MB (67283.23 MB after compression)
 511110 457578      904.8909   703     1580.0000      823.1071 1.09e+08   47.90%
 511206 457674      921.6549   719     1580.0000      823.1071 1.09e+08   47.90%
 511302 457770      956.7265   634     1580.0000      823.1071 1.09e+08   47.90%
 516827 462923      982.2224   763     1580.0000      823.3064 1.11e+08   47.89%
 516923 463018     1072.2361   593     1580.0000      823.3064 1.11e+08   47.89%
*516956+463047                         1571.0000      823.3064 1.11e+08   47.59%
Found incumbent of value 1571.000000 after 8308.90 sec. (1924341.65 ticks)
 517115 463206     1151.2086   602     1571.0000      823.3064 1.11e+08   47.59%
 517339 463430     1252.8619   609     1571.0000      823.3064 1.11e+08   47.59%
 522449 464621     1273.7778   561     1571.0000      823.7558 1.12e+08   47.56%
 522517 464689      977.8125   693     1571.0000      823.7558 1.12e+08   47.56%
 522677 464849     1010.9688   663     1571.0000      823.7558 1.12e+08   47.56%
Elapsed time = 8419.10 sec. (1954889.10 ticks, tree = 90888.87 MB, solutions = 71)
Nodefile size = 90724.42 MB (69314.84 MB after compression)
 525991 467943     1102.9688   543     1571.0000      823.7558 1.13e+08   47.56%
 528131 469922     1124.8682   574     1571.0000      823.9708 1.13e+08   47.55%
 528579 470354     1286.8571   449     1571.0000      823.9708 1.13e+08   47.55%
 529208 470957      950.7951   619     1571.0000      823.9708 1.13e+08   47.55%
 533288 474781      905.2112   499     1571.0000      823.9708 1.14e+08   47.55%
 534862 476233     1077.1652   559     1571.0000      824.6324 1.14e+08   47.51%
 535037 476408      896.5545   685     1571.0000      824.6324 1.14e+08   47.51%
 535805 477140     1140.1452   469     1571.0000      824.6324 1.15e+08   47.51%
 538144 479302      947.8810   606     1571.0000      824.6324 1.15e+08   47.51%
 541178 482142      967.9332   474     1571.0000      825.0779 1.16e+08   47.48%
Elapsed time = 8625.23 sec. (1999473.28 ticks, tree = 94557.75 MB, solutions = 71)
Nodefile size = 94395.83 MB (72086.28 MB after compression)
 542440 483354     1367.8402   423     1571.0000      825.0779 1.16e+08   47.48%
 543336 484168      866.9430   692     1571.0000      825.0779 1.16e+08   47.48%
 543400 484219      900.3118   645     1571.0000      825.0779 1.16e+08   47.48%
 547289 487831      894.4667   508     1571.0000      825.4865 1.17e+08   47.45%
 547399 487941      994.1094   667     1571.0000      825.4865 1.17e+08   47.45%
 547591 488121     1032.9932   620     1571.0000      825.4865 1.17e+08   47.45%
 552225 492442     1524.3638   394     1571.0000      825.7912 1.18e+08   47.44%
 552265 492480      946.5813   746     1571.0000      825.7912 1.18e+08   47.44%
 552333 492548     1029.8530   585     1571.0000      825.7912 1.18e+08   47.44%
 552461 492676     1086.1364   632     1571.0000      825.7912 1.18e+08   47.44%
Elapsed time = 8850.16 sec. (2045977.98 ticks, tree = 95879.37 MB, solutions = 71)
Nodefile size = 95717.07 MB (73075.86 MB after compression)
 556825 496733     1008.6907   450     1571.0000      825.9497 1.19e+08   47.43%
 556997 496902     1111.9323   590     1571.0000      825.9497 1.19e+08   47.43%
 557061 496966     1122.2500   587     1571.0000      825.9497 1.20e+08   47.43%
 557285 497188     1228.0701   565     1571.0000      825.9497 1.20e+08   47.43%
 562556 502075     1373.5000   275     1571.0000      826.4463 1.21e+08   47.39%
 562661 502180      906.2625   832     1571.0000      826.4463 1.21e+08   47.39%
 562757 502276      938.9996   827     1571.0000      826.4463 1.21e+08   47.39%
 564501 503897      924.1885   724     1571.0000      826.4463 1.21e+08   47.39%
 568003 507139     1031.5882   531     1571.0000      826.7861 1.22e+08   47.37%
 568087 507221      965.8773   691     1571.0000      826.7861 1.22e+08   47.37%
Elapsed time = 9067.16 sec. (2093504.32 ticks, tree = 98943.00 MB, solutions = 71)
Nodefile size = 98781.27 MB (75390.54 MB after compression)
 568215 507349     1011.1667   623     1571.0000      826.7861 1.22e+08   47.37%
 570058 509101      908.9711   716     1571.0000      826.7861 1.22e+08   47.37%
 573137 511956      958.4375   674     1571.0000      827.2818 1.23e+08   47.34%
 573177 511996      907.9804   659     1571.0000      827.2818 1.23e+08   47.34%
 573273 512087      980.3180   718     1571.0000      827.2818 1.23e+08   47.34%
 578943 517392     1126.9125   375     1571.0000      827.6591 1.24e+08   47.32%
 579043 517488      933.4038   628     1571.0000      827.6591 1.24e+08   47.32%
 579299 517737     1034.6264   547     1571.0000      827.6591 1.25e+08   47.32%
 580547 518936     1538.5000   257     1571.0000      827.6591 1.25e+08   47.32%
 581806 520088     1095.5208   464     1571.0000      827.6591 1.25e+08   47.32%
Elapsed time = 9294.85 sec. (2140098.58 ticks, tree = 101120.94 MB, solutions = 71)
Nodefile size = 100923.61 MB (77022.44 MB after compression)
 584350 522403     1063.9598   725     1571.0000      828.0348 1.26e+08   47.29%
 584478 522531     1099.9982   709     1571.0000      828.0348 1.26e+08   47.29%
 584606 522656     1161.7156   710     1571.0000      828.0348 1.26e+08   47.29%
 589077 526834     1336.3390   439     1571.0000      828.0348 1.27e+08   47.29%
 590295 527949      848.3267   516     1571.0000      828.2049 1.27e+08   47.28%
 590528 528182     1349.6348   581     1571.0000      828.2049 1.27e+08   47.28%
 590660 528312     1085.4271   590     1571.0000      828.2049 1.27e+08   47.28%
 590756 528401     1167.1301   569     1571.0000      828.2049 1.27e+08   47.28%
 593468 530935      891.5383   665     1571.0000      828.2049 1.28e+08   47.28%
 596411 533674      921.3690   727     1571.0000      828.6889 1.28e+08   47.25%
Elapsed time = 9512.41 sec. (2184477.02 ticks, tree = 104484.40 MB, solutions = 71)
Nodefile size = 104321.18 MB (79593.66 MB after compression)
 596475 533738      935.7935   702     1571.0000      828.6889 1.28e+08   47.25%
 596539 533802      958.6633   714     1571.0000      828.6889 1.28e+08   47.25%
*601777 538672      integral     0     1545.0000      828.6889 1.30e+08   46.36%
Found incumbent of value 1545.000000 after 9564.60 sec. (2194051.68 ticks)
 601841 516615     1071.8698   400     1545.0000      829.0912 1.30e+08   46.34%
 601924 516696      892.3770   739     1545.0000      829.0912 1.30e+08   46.34%
 601988 516758      917.2205   710     1545.0000      829.0912 1.30e+08   46.34%
 602052 516819      933.5000   686     1545.0000      829.0912 1.30e+08   46.34%
 607787 522141      984.5756   539     1545.0000      829.3310 1.31e+08   46.32%
 607920 522271     1051.0205   656     1545.0000      829.3310 1.31e+08   46.32%
 608030 522380     1026.4919   619     1545.0000      829.3310 1.31e+08   46.32%
Elapsed time = 9712.36 sec. (2226375.66 ticks, tree = 102243.88 MB, solutions = 72)
Nodefile size = 102082.25 MB (77798.69 MB after compression)
 608190 522540     1050.2964   734     1545.0000      829.3310 1.31e+08   46.32%
 612024 526086      971.5051   470     1545.0000      829.7383 1.32e+08   46.30%
 612171 526233     1105.8882   632     1545.0000      829.7383 1.32e+08   46.30%
 612331 526384     1134.0394   606     1545.0000      829.7383 1.32e+08   46.30%
 612459 526510     1177.9605   586     1545.0000      829.7383 1.32e+08   46.30%
 617612 531300      907.5484   630     1545.0000      830.0722 1.33e+08   46.27%
 617641 531329     1182.2983   453     1545.0000      830.0722 1.33e+08   46.27%
 617680 531368      919.5417   862     1545.0000      830.0722 1.33e+08   46.27%
*617691+531377                         1541.0000      830.0722 1.33e+08   46.13%
Found incumbent of value 1541.000000 after 10103.30 sec. (2250877.50 ticks)
*620159+533682                         1500.0000      830.0722 1.34e+08   44.66%
Found incumbent of value 1500.000000 after 10103.30 sec. (2257832.89 ticks)
*621229+534663                         1492.0000      830.0722 1.34e+08   44.37%
Found incumbent of value 1492.000000 after 10103.30 sec. (2265886.29 ticks)
 621266 477901      908.8803   534     1492.0000      830.4259 1.34e+08   44.34%
 621331 477964      869.1560   600     1492.0000      830.4259 1.34e+08   44.34%
Elapsed time = 10139.87 sec. (2455921.15 ticks, tree = 93511.07 MB, solutions = 73)
Nodefile size = 93349.30 MB (70948.26 MB after compression)
 621597 478222     1019.5871   434     1492.0000      830.4259 1.34e+08   44.34%
*622393+478966                         1486.0000      830.4259 1.34e+08   44.12%
Found incumbent of value 1486.000000 after 10267.12 sec. (2494809.73 ticks)
 622393 478968      876.1953   492     1486.0000      830.4259 1.34e+08   44.12%
 623876 480331     1458.8500   455     1486.0000      830.4259 1.35e+08   44.12%
 626078 476027     1034.5846   347     1486.0000      830.6018 1.35e+08   44.10%
 626121 476068      917.1669   527     1486.0000      830.6018 1.35e+08   44.10%
*626141+476085                         1485.0000      830.6018 1.35e+08   44.07%
Found incumbent of value 1485.000000 after 10319.16 sec. (2553414.75 ticks)
 626573 476502      935.3326   447     1485.0000      830.6018 1.35e+08   44.07%
*627861+477693                         1483.0000      830.6018 1.36e+08   43.99%
Found incumbent of value 1483.000000 after 10413.25 sec. (2544703.28 ticks)
 628700 478471      867.4144   514     1483.0000      830.6018 1.36e+08   43.99%
*628732+478498                         1480.0000      830.6018 1.36e+08   43.88%
Found incumbent of value 1480.000000 after 10413.26 sec. (2549896.31 ticks)
 630192 473612     1042.3070   504     1480.0000      830.9701 1.36e+08   43.85%
*630816+474207                         1479.0000      830.9701 1.36e+08   43.82%
Found incumbent of value 1479.000000 after 10570.40 sec. (2620893.69 ticks)
 630991 474367     1218.9002   501     1479.0000      830.9701 1.36e+08   43.82%
*632503+475755                         1478.0000      830.9701 1.37e+08   43.78%
Found incumbent of value 1478.000000 after 10570.41 sec. (2663313.44 ticks)
 632756 475974      953.8477   599     1478.0000      830.9701 1.37e+08   43.78%
Elapsed time = 10570.41 sec. (2711635.56 ticks, tree = 92747.24 MB, solutions = 86)
Nodefile size = 92569.81 MB (70300.19 MB after compression)
 633929 474914      986.1280   432     1478.0000      831.1379 1.37e+08   43.77%
 634005 474990      969.9312   542     1478.0000      831.1379 1.37e+08   43.77%
 634259 475240     1002.3276   562     1478.0000      831.1379 1.37e+08   43.77%
*635871+476722                         1477.0000      831.1379 1.38e+08   43.73%
Found incumbent of value 1477.000000 after 10686.82 sec. (2726119.47 ticks)
 637634 477212      906.5615   716     1477.0000      831.4898 1.38e+08   43.70%
 637841 477419     1073.4212   610     1477.0000      831.4898 1.38e+08   43.70%
*637988+477562                         1451.0000      831.4898 1.38e+08   42.70%
Found incumbent of value 1451.000000 after 10758.20 sec. (2793288.78 ticks)
 637988 477564     1364.3646   439     1451.0000      831.4898 1.38e+08   42.70%
*638326+477894                         1448.0000      831.4898 1.38e+08   42.58%
Found incumbent of value 1448.000000 after 10800.01 sec. (2792721.92 ticks)
 638738 478257      893.7061   627     1448.0000      831.4898 1.38e+08   42.58%

Cover cuts applied:  11
Implied bound cuts applied:  41
Zero-half cuts applied:  279
Gomory fractional cuts applied:  4

Root node processing (before b&c):
  Real time             =   69.06 sec. (41508.22 ticks)
Parallel b&c, 32 threads:
  Real time             = 10757.80 sec. (2787146.64 ticks)
  Sync time (average)   =    0.48 sec.
  Wait time (average)   =    0.00 sec.
                          ------------
Total (root+branch&cut) = 10826.87 sec. (2828654.86 ticks)


Solution status: Feasible
Execution time: 10827.7 sec
Gap: 0.42551
